06:17:47 biwa003 Birgitta Wåhlander INSERTING data into tables `log_login` fields ( username, ip, browser ) values ( biwa003, 185.27.165.66, Mozilla/5.0 (iPad; CPU OS 10_3_3 like Mac OS X) AppleWebKit/603.1.30 (KHTML, like Gecko) CriOS/71.0.3578.89 Mobile/14G60 Safari/602.1 ) => {inserted_id = 2805}
06:17:47 biwa003 Birgitta Wåhlander DELETE data from tables `temp_session` on conditions username LIKE biwa003
06:17:47 biwa003 Birgitta Wåhlander UPDATING data to tables `time2vie_cirruscommon`.`login` fields ( login, last_time ) values (1, 2019-08-07 06:17:47) on conditions username = biwa003
06:17:48 biwa003 Birgitta Wåhlander UPDATING data to tables `time2vie_cirruscommon`.`secondary_login` fields ( last_login_time ) values (2019-08-07 06:17:47) on conditions username = biwa003 AND company_id = 20
06:17:48 biwa003 Birgitta Wåhlander UPDATING data to tables `time2vie_cirruscommon`.`ws_sessions` fields ( user_id ) values (biwa003) on conditions session_id = d2e359779f59d3e04df766af17b3dc35
06:52:20 mibr004 Mikaela Braun INSERTING data into tables `log_login` fields ( username, ip, browser ) values ( mibr004, 83.185.95.16, Mozilla/5.0 (iPhone; CPU iPhone OS 12_3_1 like Mac OS X) AppleWebKit/605.1.15 (KHTML, like Gecko) Version/12.1.1 Mobile/15E148 Safari/604.1 ) => {inserted_id = 2806}
06:52:20 mibr004 Mikaela Braun DELETE data from tables `temp_session` on conditions username LIKE mibr004
06:52:20 mibr004 Mikaela Braun UPDATING data to tables `time2vie_cirruscommon`.`login` fields ( login, last_time ) values (1, 2019-08-07 06:52:20) on conditions username = mibr004
06:52:20 mibr004 Mikaela Braun UPDATING data to tables `time2vie_cirruscommon`.`secondary_login` fields ( last_login_time ) values (2019-08-07 06:52:20) on conditions username = mibr004 AND company_id = 20
06:52:20 mibr004 Mikaela Braun UPDATING data to tables `time2vie_cirruscommon`.`ws_sessions` fields ( user_id ) values (mibr004) on conditions session_id = 89bc408f772c150d9032fd1dee00ca94
07:42:23 lawa002 Lars Wåhlander UPDATING data to tables `time2vie_cirruscommon`.`secondary_login` fields ( error ) values (0) on conditions username = lawa002 AND company_id = 20
07:42:23 lawa002 Lars Wåhlander INSERTING data into tables `log_login` fields ( username, ip, browser ) values ( lawa002, 94.103.194.75, Time2View/1 CFNetwork/978.0.7 Darwin/18.6.0 ) => {inserted_id = 2807}
07:42:23 lawa002 Lars Wåhlander DELETE data from tables `temp_session` on conditions username LIKE lawa002
07:42:23 lawa002 Lars Wåhlander UPDATING data to tables `time2vie_cirruscommon`.`login` fields ( login, last_time ) values (1, 2019-08-07 07:42:23) on conditions username = lawa002
07:42:23 lawa002 Lars Wåhlander UPDATING data to tables `time2vie_cirruscommon`.`secondary_login` fields ( last_login_time ) values (2019-08-07 07:42:23) on conditions username = lawa002 AND company_id = 20
07:52:30 anka019 Anna Kawalya Westerberg INSERTING data into tables `log_login` fields ( username, ip, browser ) values ( anka019, 217.212.216.90, Mozilla/5.0 (iPhone; CPU iPhone OS 12_3_2 like Mac OS X) AppleWebKit/605.1.15 (KHTML, like Gecko) Version/12.1.1 Mobile/15E148 Safari/604.1 ) => {inserted_id = 2808}
07:52:30 anka019 Anna Kawalya Westerberg DELETE data from tables `temp_session` on conditions username LIKE anka019
07:52:30 anka019 Anna Kawalya Westerberg UPDATING data to tables `time2vie_cirruscommon`.`login` fields ( login, last_time ) values (1, 2019-08-07 07:52:30) on conditions username = anka019
07:52:30 anka019 Anna Kawalya Westerberg UPDATING data to tables `time2vie_cirruscommon`.`secondary_login` fields ( last_login_time ) values (2019-08-07 07:52:30) on conditions username = anka019 AND company_id = 20
07:52:31 anka019 Anna Kawalya Westerberg UPDATING data to tables `time2vie_cirruscommon`.`ws_sessions` fields ( user_id ) values (anka019) on conditions session_id = f8a92db98530f3dd4ccd47411c47a482
09:18:31 anka020 Annika Karlsson UPDATING data to tables `time2vie_cirruscommon`.`secondary_login` fields ( error ) values (0) on conditions username = anka020 AND company_id = 20
09:18:31 anka020 Annika Karlsson INSERTING data into tables `log_login` fields ( username, ip, browser ) values ( anka020, 91.233.50.32, okhttp/3.9.1 ) => {inserted_id = 2809}
09:18:31 anka020 Annika Karlsson DELETE data from tables `temp_session` on conditions username LIKE anka020
09:18:31 anka020 Annika Karlsson UPDATING data to tables `time2vie_cirruscommon`.`login` fields ( login, last_time ) values (1, 2019-08-07 09:18:31) on conditions username = anka020
09:18:31 anka020 Annika Karlsson UPDATING data to tables `time2vie_cirruscommon`.`secondary_login` fields ( last_login_time ) values (2019-08-07 09:18:31) on conditions username = anka020 AND company_id = 20
09:44:51 anka020 Annika Karlsson UPDATING data to tables `timetable` fields ( customer, employee, date, time_from, time_to, fkkn, type, status, comment ) values (tibe002, , 2019-08-23, 8.30, 16.30, 1, 0, 0, kan detta pass) on conditions id = 2426 #Mobile-App: Log-id=2809
09:46:29 anka020 Annika Karlsson UPDATING data to tables `timetable` fields ( customer, employee, date, time_from, time_to, fkkn, type, status, comment ) values (tibe002, , 2019-08-26, 8.30, 16.30, 1, 0, 0, kan detta passet) on conditions id = 2427 #Mobile-App: Log-id=2809
10:19:57 anka019 Anna Kawalya Westerberg UPDATING data to tables `time2vie_cirruscommon`.`secondary_login` fields ( error ) values (0) on conditions username = anka019 AND company_id = 20
10:19:57 anka019 Anna Kawalya Westerberg INSERTING data into tables `log_login` fields ( username, ip, browser ) values ( anka019, 94.234.40.116, Time2View/1 CFNetwork/978.0.7 Darwin/18.6.0 ) => {inserted_id = 2810}
10:19:57 anka019 Anna Kawalya Westerberg DELETE data from tables `temp_session` on conditions username LIKE anka019
10:19:57 anka019 Anna Kawalya Westerberg UPDATING data to tables `time2vie_cirruscommon`.`login` fields ( login, last_time ) values (1, 2019-08-07 10:19:57) on conditions username = anka019
10:19:57 anka019 Anna Kawalya Westerberg UPDATING data to tables `time2vie_cirruscommon`.`secondary_login` fields ( last_login_time ) values (2019-08-07 10:19:57) on conditions username = anka019 AND company_id = 20
11:09:23 cagu001 Carina Gustafsson UPDATING data to tables `time2vie_cirruscommon`.`secondary_login` fields ( error ) values (0) on conditions username = cagu001 AND company_id = 20
11:09:23 cagu001 Carina Gustafsson INSERTING data into tables `log_login` fields ( username, ip, browser ) values ( cagu001, 176.10.245.4, okhttp/3.9.1 ) => {inserted_id = 2811}
11:09:23 cagu001 Carina Gustafsson DELETE data from tables `temp_session` on conditions username LIKE cagu001
11:09:23 cagu001 Carina Gustafsson UPDATING data to tables `time2vie_cirruscommon`.`login` fields ( login, last_time ) values (1, 2019-08-07 11:09:23) on conditions username = cagu001
11:09:23 cagu001 Carina Gustafsson UPDATING data to tables `time2vie_cirruscommon`.`secondary_login` fields ( last_login_time ) values (2019-08-07 11:09:23) on conditions username = cagu001 AND company_id = 20
11:52:05 cagu001 Carina Gustafsson UPDATING data to tables `time2vie_cirruscommon`.`secondary_login` fields ( error ) values (0) on conditions username = cagu001 AND company_id = 20
11:52:05 cagu001 Carina Gustafsson INSERTING data into tables `log_login` fields ( username, ip, browser ) values ( cagu001, 176.10.245.4, okhttp/3.9.1 ) => {inserted_id = 2812}
11:52:05 cagu001 Carina Gustafsson DELETE data from tables `temp_session` on conditions username LIKE cagu001
11:52:05 cagu001 Carina Gustafsson UPDATING data to tables `time2vie_cirruscommon`.`login` fields ( login, last_time ) values (1, 2019-08-07 11:52:05) on conditions username = cagu001
11:52:05 cagu001 Carina Gustafsson UPDATING data to tables `time2vie_cirruscommon`.`secondary_login` fields ( last_login_time ) values (2019-08-07 11:52:05) on conditions username = cagu001 AND company_id = 20
12:03:33 elbe006 Elin Berntsson UPDATING data to tables `time2vie_cirruscommon`.`secondary_login` fields ( error ) values (0) on conditions username = elbe006 AND company_id = 20
12:03:33 elbe006 Elin Berntsson INSERTING data into tables `log_login` fields ( username, ip, browser ) values ( elbe006, 94.191.140.207, okhttp/3.9.1 ) => {inserted_id = 2813}
12:03:33 elbe006 Elin Berntsson DELETE data from tables `temp_session` on conditions username LIKE elbe006
12:03:33 elbe006 Elin Berntsson UPDATING data to tables `time2vie_cirruscommon`.`login` fields ( login, last_time ) values (1, 2019-08-07 12:03:33) on conditions username = elbe006
12:03:33 elbe006 Elin Berntsson UPDATING data to tables `time2vie_cirruscommon`.`secondary_login` fields ( last_login_time ) values (2019-08-07 12:03:33) on conditions username = elbe006 AND company_id = 20
12:15:53 anka020 Annika Karlsson UPDATING data to tables `time2vie_cirruscommon`.`secondary_login` fields ( error ) values (0) on conditions username = anka020 AND company_id = 20
12:15:53 anka020 Annika Karlsson INSERTING data into tables `log_login` fields ( username, ip, browser ) values ( anka020, 91.233.50.32, okhttp/3.9.1 ) => {inserted_id = 2814}
12:15:53 anka020 Annika Karlsson DELETE data from tables `temp_session` on conditions username LIKE anka020
12:15:53 anka020 Annika Karlsson UPDATING data to tables `time2vie_cirruscommon`.`login` fields ( login, last_time ) values (1, 2019-08-07 12:15:53) on conditions username = anka020
12:15:53 anka020 Annika Karlsson UPDATING data to tables `time2vie_cirruscommon`.`secondary_login` fields ( last_login_time ) values (2019-08-07 12:15:53) on conditions username = anka020 AND company_id = 20
12:51:45 hebe001 Helen Bengtsson INSERTING data into tables `log_login` fields ( username, ip, browser ) values ( hebe001, 217.73.108.78, Mozilla/5.0 (Windows NT 6.1; Win64; x64) AppleWebKit/537.36 (KHTML, like Gecko) Chrome/75.0.3770.142 Safari/537.36 ) => {inserted_id = 2815}
12:51:45 hebe001 Helen Bengtsson DELETE data from tables `temp_session` on conditions username LIKE hebe001
12:51:45 hebe001 Helen Bengtsson UPDATING data to tables `time2vie_cirruscommon`.`login` fields ( login, last_time ) values (1, 2019-08-07 12:51:45) on conditions username = hebe001
12:51:45 hebe001 Helen Bengtsson UPDATING data to tables `time2vie_cirruscommon`.`secondary_login` fields ( last_login_time ) values (2019-08-07 12:51:45) on conditions username = hebe001 AND company_id = 20
12:51:45 hebe001 Helen Bengtsson UPDATING data to tables `time2vie_cirruscommon`.`ws_sessions` fields ( user_id ) values (hebe001) on conditions session_id = bc7fccc02a9f776bf394ed56baf53bcf
12:52:33 hebe001 Helen Bengtsson UPDATING data to tables `timetable` fields ( customer, employee, date, time_from, time_to, fkkn, type, status, comment ) values (tibe002, hebe001, 2019-08-09, 8.30, 16.30, 1, 0, 1, ) on conditions id = 2160
14:04:18 hejo003 Helen Jörnås UPDATING data to tables `time2vie_cirruscommon`.`secondary_login` fields ( error ) values (0) on conditions username = hejo003 AND company_id = 20
14:04:18 hejo003 Helen Jörnås INSERTING data into tables `log_login` fields ( username, ip, browser ) values ( hejo003, 90.224.82.244, okhttp/3.9.1 ) => {inserted_id = 2816}
14:04:18 hejo003 Helen Jörnås DELETE data from tables `temp_session` on conditions username LIKE hejo003
14:04:18 hejo003 Helen Jörnås UPDATING data to tables `time2vie_cirruscommon`.`login` fields ( login, last_time ) values (1, 2019-08-07 14:04:18) on conditions username = hejo003
14:04:18 hejo003 Helen Jörnås UPDATING data to tables `time2vie_cirruscommon`.`secondary_login` fields ( last_login_time ) values (2019-08-07 14:04:18) on conditions username = hejo003 AND company_id = 20
14:14:05 anka020 Annika Karlsson UPDATING data to tables `time2vie_cirruscommon`.`secondary_login` fields ( error ) values (0) on conditions username = anka020 AND company_id = 20
14:14:05 anka020 Annika Karlsson INSERTING data into tables `log_login` fields ( username, ip, browser ) values ( anka020, 91.233.50.12, okhttp/3.9.1 ) => {inserted_id = 2817}
14:14:05 anka020 Annika Karlsson DELETE data from tables `temp_session` on conditions username LIKE anka020
14:14:05 anka020 Annika Karlsson UPDATING data to tables `time2vie_cirruscommon`.`login` fields ( login, last_time ) values (1, 2019-08-07 14:14:05) on conditions username = anka020
14:14:06 anka020 Annika Karlsson UPDATING data to tables `time2vie_cirruscommon`.`secondary_login` fields ( last_login_time ) values (2019-08-07 14:14:05) on conditions username = anka020 AND company_id = 20
14:58:10 anka020 Annika Karlsson UPDATING data to tables `time2vie_cirruscommon`.`secondary_login` fields ( error ) values (0) on conditions username = anka020 AND company_id = 20
14:58:10 anka020 Annika Karlsson INSERTING data into tables `log_login` fields ( username, ip, browser ) values ( anka020, 95.199.144.131, okhttp/3.9.1 ) => {inserted_id = 2818}
14:58:10 anka020 Annika Karlsson DELETE data from tables `temp_session` on conditions username LIKE anka020
14:58:10 anka020 Annika Karlsson UPDATING data to tables `time2vie_cirruscommon`.`login` fields ( login, last_time ) values (1, 2019-08-07 14:58:10) on conditions username = anka020
14:58:10 anka020 Annika Karlsson UPDATING data to tables `time2vie_cirruscommon`.`secondary_login` fields ( last_login_time ) values (2019-08-07 14:58:10) on conditions username = anka020 AND company_id = 20
14:58:21 hejo003 Helen Jörnås UPDATING data to tables `time2vie_cirruscommon`.`secondary_login` fields ( error ) values (0) on conditions username = hejo003 AND company_id = 20
14:58:21 hejo003 Helen Jörnås INSERTING data into tables `log_login` fields ( username, ip, browser ) values ( hejo003, 90.224.82.244, okhttp/3.9.1 ) => {inserted_id = 2819}
14:58:21 hejo003 Helen Jörnås DELETE data from tables `temp_session` on conditions username LIKE hejo003
14:58:21 hejo003 Helen Jörnås UPDATING data to tables `time2vie_cirruscommon`.`login` fields ( login, last_time ) values (1, 2019-08-07 14:58:21) on conditions username = hejo003
14:58:21 hejo003 Helen Jörnås UPDATING data to tables `time2vie_cirruscommon`.`secondary_login` fields ( last_login_time ) values (2019-08-07 14:58:21) on conditions username = hejo003 AND company_id = 20
17:04:09 anka019 Anna Kawalya Westerberg INSERTING data into tables `log_login` fields ( username, ip, browser ) values ( anka019, 217.212.216.90, Mozilla/5.0 (iPhone; CPU iPhone OS 12_3_2 like Mac OS X) AppleWebKit/605.1.15 (KHTML, like Gecko) Version/12.1.1 Mobile/15E148 Safari/604.1 ) => {inserted_id = 2820}
17:04:09 anka019 Anna Kawalya Westerberg DELETE data from tables `temp_session` on conditions username LIKE anka019
17:04:10 anka019 Anna Kawalya Westerberg UPDATING data to tables `time2vie_cirruscommon`.`login` fields ( login, last_time ) values (1, 2019-08-07 17:04:09) on conditions username = anka019
17:04:10 anka019 Anna Kawalya Westerberg UPDATING data to tables `time2vie_cirruscommon`.`secondary_login` fields ( last_login_time ) values (2019-08-07 17:04:09) on conditions username = anka019 AND company_id = 20
17:04:10 anka019 Anna Kawalya Westerberg UPDATING data to tables `time2vie_cirruscommon`.`ws_sessions` fields ( user_id ) values (anka019) on conditions session_id = 8bb695a59322de00712a71dc669f9bb3
18:33:33 anka020 Annika Karlsson UPDATING data to tables `time2vie_cirruscommon`.`secondary_login` fields ( error ) values (0) on conditions username = anka020 AND company_id = 20
18:33:33 anka020 Annika Karlsson INSERTING data into tables `log_login` fields ( username, ip, browser ) values ( anka020, 185.27.164.39, okhttp/3.9.1 ) => {inserted_id = 2821}
18:33:33 anka020 Annika Karlsson DELETE data from tables `temp_session` on conditions username LIKE anka020
18:33:33 anka020 Annika Karlsson UPDATING data to tables `time2vie_cirruscommon`.`login` fields ( login, last_time ) values (1, 2019-08-07 18:33:33) on conditions username = anka020
18:33:33 anka020 Annika Karlsson UPDATING data to tables `time2vie_cirruscommon`.`secondary_login` fields ( last_login_time ) values (2019-08-07 18:33:33) on conditions username = anka020 AND company_id = 20
18:37:09 mibr004 Mikaela Braun INSERTING data into tables `log_login` fields ( username, ip, browser ) values ( mibr004, 83.185.95.16, Mozilla/5.0 (iPhone; CPU iPhone OS 12_3_1 like Mac OS X) AppleWebKit/605.1.15 (KHTML, like Gecko) Version/12.1.1 Mobile/15E148 Safari/604.1 ) => {inserted_id = 2822}
18:37:09 mibr004 Mikaela Braun DELETE data from tables `temp_session` on conditions username LIKE mibr004
18:37:09 mibr004 Mikaela Braun UPDATING data to tables `time2vie_cirruscommon`.`login` fields ( login, last_time ) values (1, 2019-08-07 18:37:09) on conditions username = mibr004
18:37:09 mibr004 Mikaela Braun UPDATING data to tables `time2vie_cirruscommon`.`secondary_login` fields ( last_login_time ) values (2019-08-07 18:37:09) on conditions username = mibr004 AND company_id = 20
18:37:10 mibr004 Mikaela Braun UPDATING data to tables `time2vie_cirruscommon`.`ws_sessions` fields ( user_id ) values (mibr004) on conditions session_id = 6d38f656d7b1686db3d9429327cab290
18:57:15 biwa003 Birgitta Wåhlander INSERTING data into tables `log_login` fields ( username, ip, browser ) values ( biwa003, 185.27.165.66, Mozilla/5.0 (iPad; CPU OS 10_3_3 like Mac OS X) AppleWebKit/603.1.30 (KHTML, like Gecko) CriOS/71.0.3578.89 Mobile/14G60 Safari/602.1 ) => {inserted_id = 2823}
18:57:15 biwa003 Birgitta Wåhlander DELETE data from tables `temp_session` on conditions username LIKE biwa003
18:57:15 biwa003 Birgitta Wåhlander UPDATING data to tables `time2vie_cirruscommon`.`login` fields ( login, last_time ) values (1, 2019-08-07 18:57:15) on conditions username = biwa003
18:57:15 biwa003 Birgitta Wåhlander UPDATING data to tables `time2vie_cirruscommon`.`secondary_login` fields ( last_login_time ) values (2019-08-07 18:57:15) on conditions username = biwa003 AND company_id = 20
18:57:15 biwa003 Birgitta Wåhlander UPDATING data to tables `time2vie_cirruscommon`.`ws_sessions` fields ( user_id ) values (biwa003) on conditions session_id = b269432fcb0bbbc97a7b228689d872ee
19:07:03 elbe006 Elin Berntsson UPDATING data to tables `time2vie_cirruscommon`.`secondary_login` fields ( error ) values (0) on conditions username = elbe006 AND company_id = 20
19:07:03 elbe006 Elin Berntsson INSERTING data into tables `log_login` fields ( username, ip, browser ) values ( elbe006, 158.174.54.90, okhttp/3.9.1 ) => {inserted_id = 2824}
19:07:03 elbe006 Elin Berntsson DELETE data from tables `temp_session` on conditions username LIKE elbe006
19:07:03 elbe006 Elin Berntsson UPDATING data to tables `time2vie_cirruscommon`.`login` fields ( login, last_time ) values (1, 2019-08-07 19:07:03) on conditions username = elbe006
19:07:03 elbe006 Elin Berntsson UPDATING data to tables `time2vie_cirruscommon`.`secondary_login` fields ( last_login_time ) values (2019-08-07 19:07:03) on conditions username = elbe006 AND company_id = 20
20:55:33 hejo003 Helen Jörnås UPDATING data to tables `time2vie_cirruscommon`.`secondary_login` fields ( error ) values (0) on conditions username = hejo003 AND company_id = 20
20:55:33 hejo003 Helen Jörnås INSERTING data into tables `log_login` fields ( username, ip, browser ) values ( hejo003, 90.224.82.244, okhttp/3.9.1 ) => {inserted_id = 2825}
20:55:33 hejo003 Helen Jörnås DELETE data from tables `temp_session` on conditions username LIKE hejo003
20:55:33 hejo003 Helen Jörnås UPDATING data to tables `time2vie_cirruscommon`.`login` fields ( login, last_time ) values (1, 2019-08-07 20:55:33) on conditions username = hejo003
20:55:33 hejo003 Helen Jörnås UPDATING data to tables `time2vie_cirruscommon`.`secondary_login` fields ( last_login_time ) values (2019-08-07 20:55:33) on conditions username = hejo003 AND company_id = 20
21:43:28 hejo003 Helen Jörnås UPDATING data to tables `time2vie_cirruscommon`.`secondary_login` fields ( error ) values (0) on conditions username = hejo003 AND company_id = 20
21:43:28 hejo003 Helen Jörnås INSERTING data into tables `log_login` fields ( username, ip, browser ) values ( hejo003, 90.224.82.244, okhttp/3.9.1 ) => {inserted_id = 2826}
21:43:28 hejo003 Helen Jörnås DELETE data from tables `temp_session` on conditions username LIKE hejo003
21:43:28 hejo003 Helen Jörnås UPDATING data to tables `time2vie_cirruscommon`.`login` fields ( login, last_time ) values (1, 2019-08-07 21:43:28) on conditions username = hejo003
21:43:28 hejo003 Helen Jörnås UPDATING data to tables `time2vie_cirruscommon`.`secondary_login` fields ( last_login_time ) values (2019-08-07 21:43:28) on conditions username = hejo003 AND company_id = 20
22:27:19 hejo003 Helen Jörnås UPDATING data to tables `time2vie_cirruscommon`.`secondary_login` fields ( error ) values (0) on conditions username = hejo003 AND company_id = 20
22:27:19 hejo003 Helen Jörnås INSERTING data into tables `log_login` fields ( username, ip, browser ) values ( hejo003, 90.224.82.244, okhttp/3.9.1 ) => {inserted_id = 2827}
22:27:19 hejo003 Helen Jörnås DELETE data from tables `temp_session` on conditions username LIKE hejo003
22:27:19 hejo003 Helen Jörnås UPDATING data to tables `time2vie_cirruscommon`.`login` fields ( login, last_time ) values (1, 2019-08-07 22:27:19) on conditions username = hejo003
22:27:20 hejo003 Helen Jörnås UPDATING data to tables `time2vie_cirruscommon`.`secondary_login` fields ( last_login_time ) values (2019-08-07 22:27:19) on conditions username = hejo003 AND company_id = 20
22:29:59 hejo003 Helen Jörnås UPDATING data to tables `time2vie_cirruscommon`.`secondary_login` fields ( error ) values (0) on conditions username = hejo003 AND company_id = 20 #Mobile-App: Log-id=2827
22:29:59 hejo003 Helen Jörnås INSERTING data into tables `log_login` fields ( username, ip, browser ) values ( hejo003, 90.224.82.244, okhttp/3.9.1 ) => {inserted_id = 2828} #Mobile-App: Log-id=2827
22:29:59 hejo003 Helen Jörnås DELETE data from tables `temp_session` on conditions username LIKE hejo003 #Mobile-App: Log-id=2828
22:29:59 hejo003 Helen Jörnås UPDATING data to tables `time2vie_cirruscommon`.`login` fields ( login, last_time ) values (1, 2019-08-07 22:29:59) on conditions username = hejo003 #Mobile-App: Log-id=2828
22:30:00 hejo003 Helen Jörnås UPDATING data to tables `time2vie_cirruscommon`.`secondary_login` fields ( last_login_time ) values (2019-08-07 22:29:59) on conditions username = hejo003 AND company_id = 20 #Mobile-App: Log-id=2828
00:06:07 elbe006 Elin Berntsson UPDATING data to tables `time2vie_cirruscommon`.`secondary_login` fields ( error ) values (0) on conditions username = elbe006 AND company_id = 20
00:06:07 elbe006 Elin Berntsson INSERTING data into tables `log_login` fields ( username, ip, browser ) values ( elbe006, 158.174.54.90, okhttp/3.9.1 ) => {inserted_id = 2829}
00:06:07 elbe006 Elin Berntsson DELETE data from tables `temp_session` on conditions username LIKE elbe006
00:06:07 elbe006 Elin Berntsson UPDATING data to tables `time2vie_cirruscommon`.`login` fields ( login, last_time ) values (1, 2019-08-08 00:06:07) on conditions username = elbe006
00:06:07 elbe006 Elin Berntsson UPDATING data to tables `time2vie_cirruscommon`.`secondary_login` fields ( last_login_time ) values (2019-08-08 00:06:07) on conditions username = elbe006 AND company_id = 20
