09:14:47 hejo003 Helen Jörnås UPDATING data to tables `time2vie_cirruscommon`.`secondary_login` fields ( error ) values (0) on conditions username = hejo003 AND company_id = 20
09:14:47 hejo003 Helen Jörnås INSERTING data into tables `log_login` fields ( username, ip, browser ) values ( hejo003, 90.224.82.244, okhttp/3.9.1 ) => {inserted_id = 3033}
09:14:47 hejo003 Helen Jörnås DELETE data from tables `temp_session` on conditions username LIKE hejo003
09:14:47 hejo003 Helen Jörnås UPDATING data to tables `time2vie_cirruscommon`.`login` fields ( login, last_time ) values (1, 2019-08-17 09:14:47) on conditions username = hejo003
09:14:47 hejo003 Helen Jörnås UPDATING data to tables `time2vie_cirruscommon`.`secondary_login` fields ( last_login_time ) values (2019-08-17 09:14:47) on conditions username = hejo003 AND company_id = 20
09:56:38 anka020 Annika Karlsson UPDATING data to tables `time2vie_cirruscommon`.`secondary_login` fields ( error ) values (0) on conditions username = anka020 AND company_id = 20
09:56:38 anka020 Annika Karlsson INSERTING data into tables `log_login` fields ( username, ip, browser ) values ( anka020, 185.27.164.39, okhttp/3.9.1 ) => {inserted_id = 3034}
09:56:38 anka020 Annika Karlsson DELETE data from tables `temp_session` on conditions username LIKE anka020
09:56:38 anka020 Annika Karlsson UPDATING data to tables `time2vie_cirruscommon`.`login` fields ( login, last_time ) values (1, 2019-08-17 09:56:38) on conditions username = anka020
09:56:38 anka020 Annika Karlsson UPDATING data to tables `time2vie_cirruscommon`.`secondary_login` fields ( last_login_time ) values (2019-08-17 09:56:38) on conditions username = anka020 AND company_id = 20
09:58:00 hebe001 Helen Bengtsson UPDATING data to tables `time2vie_cirruscommon`.`secondary_login` fields ( error ) values (0) on conditions username = hebe001 AND company_id = 20
09:58:00 hebe001 Helen Bengtsson INSERTING data into tables `log_login` fields ( username, ip, browser ) values ( hebe001, 185.27.164.39, CirrusM/3 CFNetwork/978.0.7 Darwin/18.6.0 ) => {inserted_id = 3035}
09:58:00 hebe001 Helen Bengtsson DELETE data from tables `temp_session` on conditions username LIKE hebe001
09:58:00 hebe001 Helen Bengtsson UPDATING data to tables `time2vie_cirruscommon`.`login` fields ( login, last_time ) values (1, 2019-08-17 09:58:00) on conditions username = hebe001
09:58:00 hebe001 Helen Bengtsson UPDATING data to tables `time2vie_cirruscommon`.`secondary_login` fields ( last_login_time ) values (2019-08-17 09:58:00) on conditions username = hebe001 AND company_id = 20
09:58:01 hebe001 Helen Bengtsson UPDATING data to tables `time2vie_cirruscommon`.`push_notify_tokens` fields ( user_id, updated_date, error ) values (hebe001, 2019-08-17 09:58:01, 0) on conditions fcm_token = e53q4p5Yx5s:APA91bHcdbJZIM9UO8hoC-zHfG6_FIaO281wtFQuWlwmwt0st6WFQVtviZvPZgs2vp6i06IBGiWyr9fjFKL1-vg0EanRm-nMQiS_cFfWIvXx76E-_YzEK4dcDd2m6uawHuhEcWrFDsjr AND device_id = FB5E44E2-9C31-454F-B79A-0F8638BC6875 #Mobile-App: Log-id=3035
11:14:40 anka020 Annika Karlsson UPDATING data to tables `time2vie_cirruscommon`.`secondary_login` fields ( error ) values (0) on conditions username = anka020 AND company_id = 20
11:14:40 anka020 Annika Karlsson INSERTING data into tables `log_login` fields ( username, ip, browser ) values ( anka020, 46.230.215.224, okhttp/3.9.1 ) => {inserted_id = 3036}
11:14:40 anka020 Annika Karlsson DELETE data from tables `temp_session` on conditions username LIKE anka020
11:14:40 anka020 Annika Karlsson UPDATING data to tables `time2vie_cirruscommon`.`login` fields ( login, last_time ) values (1, 2019-08-17 11:14:40) on conditions username = anka020
11:14:40 anka020 Annika Karlsson UPDATING data to tables `time2vie_cirruscommon`.`secondary_login` fields ( last_login_time ) values (2019-08-17 11:14:40) on conditions username = anka020 AND company_id = 20
11:15:03 anka020 Annika Karlsson UPDATING data to tables `timetable` fields ( customer, employee, date, time_from, time_to, fkkn, type, status, comment ) values (tibe002, , 2019-08-30, 16.15, 24, 1, 0, 0, Kan detta pass//Annika) on conditions id = 2431 #Mobile-App: Log-id=3036
11:15:26 anka020 Annika Karlsson UPDATING data to tables `timetable` fields ( customer, employee, date, time_from, time_to, fkkn, type, status, comment ) values (tibe002, , 2019-08-26, 8.30, 16.30, 1, 0, 0, kan detta passet//Annika) on conditions id = 2427 #Mobile-App: Log-id=3036
11:15:45 anka020 Annika Karlsson UPDATING data to tables `timetable` fields ( customer, employee, date, time_from, time_to, fkkn, type, status, comment ) values (tibe002, , 2019-09-06, 8.30, 16.30, 1, 0, 0, Kan detta pass//Annika) on conditions id = 2975 #Mobile-App: Log-id=3036
11:46:52 biwa003 Birgitta Wåhlander INSERTING data into tables `log_login` fields ( username, ip, browser ) values ( biwa003, 94.103.194.75, Mozilla/5.0 (iPad; CPU OS 10_3_3 like Mac OS X) AppleWebKit/603.1.30 (KHTML, like Gecko) CriOS/71.0.3578.89 Mobile/14G60 Safari/602.1 ) => {inserted_id = 3037}
11:46:52 biwa003 Birgitta Wåhlander DELETE data from tables `temp_session` on conditions username LIKE biwa003
11:46:52 biwa003 Birgitta Wåhlander UPDATING data to tables `time2vie_cirruscommon`.`login` fields ( login, last_time ) values (1, 2019-08-17 11:46:52) on conditions username = biwa003
11:46:53 biwa003 Birgitta Wåhlander UPDATING data to tables `time2vie_cirruscommon`.`secondary_login` fields ( last_login_time ) values (2019-08-17 11:46:52) on conditions username = biwa003 AND company_id = 20
11:46:53 biwa003 Birgitta Wåhlander UPDATING data to tables `time2vie_cirruscommon`.`ws_sessions` fields ( user_id ) values (biwa003) on conditions session_id = 6f6b4c59d4d65aed32ddd2d4d196166d
11:48:17 biwa003 Birgitta Wåhlander UPDATING data to tables `time2vie_cirruscommon`.`ws_sessions` fields ( user_id ) values (biwa003) on conditions session_id = 6f6b4c59d4d65aed32ddd2d4d196166d
11:50:59 biwa003 Birgitta Wåhlander INSERTING data into tables `log_login` fields ( username, ip, browser ) values ( biwa003, 94.103.194.75, Mozilla/5.0 (Windows NT 10.0; Win64; x64) AppleWebKit/537.36 (KHTML, like Gecko) Chrome/76.0.3809.100 Safari/537.36 ) => {inserted_id = 3038}
11:50:59 biwa003 Birgitta Wåhlander DELETE data from tables `temp_session` on conditions username LIKE biwa003
11:50:59 biwa003 Birgitta Wåhlander UPDATING data to tables `time2vie_cirruscommon`.`login` fields ( login, last_time ) values (1, 2019-08-17 11:50:59) on conditions username = biwa003
11:50:59 biwa003 Birgitta Wåhlander UPDATING data to tables `time2vie_cirruscommon`.`secondary_login` fields ( last_login_time ) values (2019-08-17 11:50:59) on conditions username = biwa003 AND company_id = 20
11:51:00 biwa003 Birgitta Wåhlander UPDATING data to tables `time2vie_cirruscommon`.`ws_sessions` fields ( user_id ) values (biwa003) on conditions session_id = d7d00a6768d1beab5a1ba9744b0785a2
11:55:07 biwa003 Birgitta Wåhlander UPDATING data to tables `timetable` fields ( customer, employee, date, time_from, time_to, fkkn, type, status, comment ) values (chwa001, lawa002, 2019-08-27, 7.00, 18.15, 1, 0, 1, ) on conditions id = 876
11:55:59 biwa003 Birgitta Wåhlander INSERTING data into tables `timetable` fields ( employee, customer, fkkn, type, date, time_from, time_to, status, created_status, alloc_emp, comment ) values ( anka019, chwa001, 1, 0, 2019-08-27, 18, 24, 1, , biwa003,  ) => {inserted_id = 4621}
11:56:46 biwa003 Birgitta Wåhlander INSERTING data into tables `timetable` fields ( employee, customer, fkkn, type, date, time_from, time_to, status, created_status, alloc_emp, comment ) values ( anka019, chwa001, 1, 0, 2019-08-28, 0.00, 7, 1, , biwa003,  ) => {inserted_id = 4622}
11:58:08 biwa003 Birgitta Wåhlander INSERTING data into tables `timetable` fields ( employee, customer, fkkn, type, date, time_from, time_to, status, created_status, alloc_emp, comment ) values ( gaan001, chwa001, 1, 0, 2019-08-31, 8, 18.15, 1, , biwa003,  ) => {inserted_id = 4623}
11:58:54 biwa003 Birgitta Wåhlander UPDATING data to tables `timetable` fields ( customer, employee, date, time_from, time_to, fkkn, type, status, comment ) values (chwa001, anka019, 2019-09-01, 8.00, 18.15, 1, 0, 1, ) on conditions id = 2380
11:59:58 biwa003 Birgitta Wåhlander UPDATING data to tables `timetable` fields ( customer, employee, date, time_from, time_to, fkkn, type, status, comment ) values (chwa001, anka019, 2019-09-03, 7.00, 18.15, 1, 0, 1, ) on conditions id = 901
12:00:05 biwa003 Birgitta Wåhlander DELETE data from tables `timetable` on conditions id = 900
12:00:57 biwa003 Birgitta Wåhlander UPDATING data to tables `timetable` fields ( customer, employee, date, time_from, time_to, fkkn, type, status, comment ) values (chwa001, anka019, 2019-09-05, 18.15, 24, 1, 0, 1, ) on conditions id = 909
12:01:15 biwa003 Birgitta Wåhlander UPDATING data to tables `timetable` fields ( customer, employee, date, time_from, time_to, fkkn, type, status, comment ) values (chwa001, anka019, 2019-09-06, 0.00, 7.15, 1, 0, 1, ) on conditions id = 910
12:02:02 biwa003 Birgitta Wåhlander UPDATING data to tables `timetable` fields ( customer, employee, date, time_from, time_to, fkkn, type, status, comment ) values (chwa001, biwa003, 2019-09-05, 10.30, 18.15, 1, 0, 1, ) on conditions id = 908
12:02:13 biwa003 Birgitta Wåhlander UPDATING data to tables `timetable` fields ( customer, employee, date, time_from, time_to, fkkn, type, status, comment ) values (chwa001, mato007, 2019-09-05, 7.00, 15.30, 1, 0, 1, ) on conditions id = 907
12:02:25 biwa003 Birgitta Wåhlander UPDATING data to tables `timetable` fields ( customer, employee, date, time_from, time_to, fkkn, type, status, comment ) values (chwa001, gaan001, 2019-09-05, 10.30, 18.15, 1, 0, 1, ) on conditions id = 908
12:04:53 biwa003 Birgitta Wåhlander UPDATING data to tables `timetable` fields ( customer, employee, date, time_from, time_to, fkkn, type, status, comment ) values (chwa001, gaan001, 2019-09-12, 10.30, 18.15, 1, 0, 1, ) on conditions id = 4092
12:05:21 biwa003 Birgitta Wåhlander UPDATING data to tables `timetable` fields ( customer, employee, date, time_from, time_to, fkkn, type, status, comment ) values (chwa001, mato007, 2019-09-12, 18.00, 24, 1, 0, 1, ) on conditions id = 4093
12:05:37 biwa003 Birgitta Wåhlander UPDATING data to tables `timetable` fields ( customer, employee, date, time_from, time_to, fkkn, type, status, comment ) values (chwa001, mato007, 2019-09-13, 0.00, 7.15, 1, 0, 1, ) on conditions id = 4094
12:05:57 biwa003 Birgitta Wåhlander UPDATING data to tables `timetable` fields ( customer, employee, date, time_from, time_to, fkkn, type, status, comment ) values (chwa001, anka019, 2019-09-13, 18.00, 24, 1, 0, 1, ) on conditions id = 4097
12:06:05 biwa003 Birgitta Wåhlander UPDATING data to tables `timetable` fields ( customer, employee, date, time_from, time_to, fkkn, type, status, comment ) values (chwa001, anka019, 2019-09-14, 0.00, 8.15, 1, 0, 1, ) on conditions id = 4098
12:06:33 biwa003 Birgitta Wåhlander UPDATING data to tables `timetable` fields ( customer, employee, date, time_from, time_to, fkkn, type, status, comment ) values (chwa001, anka019, 2019-09-15, 8.00, 18.15, 1, 0, 1, ) on conditions id = 4102
12:07:13 biwa003 Birgitta Wåhlander UPDATING data to tables `timetable` fields ( customer, employee, date, time_from, time_to, fkkn, type, status, comment ) values (chwa001, anka019, 2019-09-17, 18.00, 24, 1, 0, 1, ) on conditions id = 4111
12:07:21 biwa003 Birgitta Wåhlander UPDATING data to tables `timetable` fields ( customer, employee, date, time_from, time_to, fkkn, type, status, comment ) values (chwa001, anka019, 2019-09-18, 0.00, 8.15, 1, 0, 1, ) on conditions id = 4112
12:07:46 biwa003 Birgitta Wåhlander UPDATING data to tables `timetable` fields ( customer, employee, date, time_from, time_to, fkkn, type, status, comment ) values (chwa001, lawa002, 2019-09-17, 7.00, 18.15, 1, 0, 1, ) on conditions id = 4109
12:07:58 biwa003 Birgitta Wåhlander DELETE data from tables `timetable` on conditions id = 4110
12:09:42 biwa003 Birgitta Wåhlander UPDATING data to tables `timetable` fields ( customer, employee, date, time_from, time_to, fkkn, type, status, comment ) values (chwa001, gaan001, 2019-09-26, 10.30, 18.30, 1, 0, 1, ) on conditions id = 4143
12:10:08 biwa003 Birgitta Wåhlander UPDATING data to tables `timetable` fields ( customer, employee, date, time_from, time_to, fkkn, type, status, comment ) values (chwa001, anka019, 2019-09-28, 7.00, 15.00, 1, 0, 1, ) on conditions id = 4150
12:10:26 biwa003 Birgitta Wåhlander UPDATING data to tables `timetable` fields ( customer, employee, date, time_from, time_to, fkkn, type, status, comment ) values (chwa001, anka019, 2019-09-29, 8.00, 15.00, 1, 0, 1, ) on conditions id = 4154
12:10:48 biwa003 Birgitta Wåhlander UPDATING data to tables `time2vie_cirruscommon`.`ws_sessions` fields ( user_id ) values (biwa003) on conditions session_id = d7d00a6768d1beab5a1ba9744b0785a2
12:14:44 biwa003 Birgitta Wåhlander UPDATING data to tables `time2vie_cirruscommon`.`ws_sessions` fields ( user_id ) values (biwa003) on conditions session_id = d7d00a6768d1beab5a1ba9744b0785a2
12:16:58 biwa003 Birgitta Wåhlander UPDATING data to tables `time2vie_cirruscommon`.`ws_sessions` fields ( user_id ) values (biwa003) on conditions session_id = d7d00a6768d1beab5a1ba9744b0785a2
13:03:50 elbe006 Elin Berntsson UPDATING data to tables `time2vie_cirruscommon`.`secondary_login` fields ( error ) values (0) on conditions username = elbe006 AND company_id = 20
13:03:50 elbe006 Elin Berntsson INSERTING data into tables `log_login` fields ( username, ip, browser ) values ( elbe006, 158.174.54.90, okhttp/3.9.1 ) => {inserted_id = 3039}
13:03:50 elbe006 Elin Berntsson DELETE data from tables `temp_session` on conditions username LIKE elbe006
13:03:50 elbe006 Elin Berntsson UPDATING data to tables `time2vie_cirruscommon`.`login` fields ( login, last_time ) values (1, 2019-08-17 13:03:50) on conditions username = elbe006
13:03:50 elbe006 Elin Berntsson UPDATING data to tables `time2vie_cirruscommon`.`secondary_login` fields ( last_login_time ) values (2019-08-17 13:03:50) on conditions username = elbe006 AND company_id = 20
13:07:08 mato007 Mattias Torbiörnson UPDATING data to tables `time2vie_cirruscommon`.`secondary_login` fields ( error ) values (0) on conditions username = mato007 AND company_id = 20
13:07:08 mato007 Mattias Torbiörnson INSERTING data into tables `log_login` fields ( username, ip, browser ) values ( mato007, 217.73.111.160, CirrusM/3 CFNetwork/978.0.7 Darwin/18.7.0 ) => {inserted_id = 3040}
13:07:08 mato007 Mattias Torbiörnson DELETE data from tables `temp_session` on conditions username LIKE mato007
13:07:08 mato007 Mattias Torbiörnson UPDATING data to tables `time2vie_cirruscommon`.`login` fields ( login, last_time ) values (1, 2019-08-17 13:07:08) on conditions username = mato007
13:07:08 mato007 Mattias Torbiörnson UPDATING data to tables `time2vie_cirruscommon`.`secondary_login` fields ( last_login_time ) values (2019-08-17 13:07:08) on conditions username = mato007 AND company_id = 20
13:07:09 mato007 Mattias Torbiörnson UPDATING data to tables `time2vie_cirruscommon`.`push_notify_tokens` fields ( user_id, updated_date, error ) values (mato007, 2019-08-17 13:07:09, 0) on conditions fcm_token = (null) AND device_id = 0E77902D-FC69-4F3F-9F41-A3BD80129544 #Mobile-App: Log-id=3040
15:17:35 hejo003 Helen Jörnås UPDATING data to tables `time2vie_cirruscommon`.`secondary_login` fields ( error ) values (0) on conditions username = hejo003 AND company_id = 20
15:17:35 hejo003 Helen Jörnås INSERTING data into tables `log_login` fields ( username, ip, browser ) values ( hejo003, 90.224.82.244, okhttp/3.9.1 ) => {inserted_id = 3041}
15:17:35 hejo003 Helen Jörnås DELETE data from tables `temp_session` on conditions username LIKE hejo003
15:17:35 hejo003 Helen Jörnås UPDATING data to tables `time2vie_cirruscommon`.`login` fields ( login, last_time ) values (1, 2019-08-17 15:17:35) on conditions username = hejo003
15:17:35 hejo003 Helen Jörnås UPDATING data to tables `time2vie_cirruscommon`.`secondary_login` fields ( last_login_time ) values (2019-08-17 15:17:35) on conditions username = hejo003 AND company_id = 20
15:41:05 hebe001 Helen Bengtsson INSERTING data into tables `log_login` fields ( username, ip, browser ) values ( hebe001, 193.234.72.96, Mozilla/5.0 (Windows NT 6.1; Win64; x64) AppleWebKit/537.36 (KHTML, like Gecko) Chrome/75.0.3770.142 Safari/537.36 ) => {inserted_id = 3042}
15:41:05 hebe001 Helen Bengtsson DELETE data from tables `temp_session` on conditions username LIKE hebe001
15:41:05 hebe001 Helen Bengtsson UPDATING data to tables `time2vie_cirruscommon`.`login` fields ( login, last_time ) values (1, 2019-08-17 15:41:05) on conditions username = hebe001
15:41:05 hebe001 Helen Bengtsson UPDATING data to tables `time2vie_cirruscommon`.`secondary_login` fields ( last_login_time ) values (2019-08-17 15:41:05) on conditions username = hebe001 AND company_id = 20
15:41:06 hebe001 Helen Bengtsson UPDATING data to tables `time2vie_cirruscommon`.`ws_sessions` fields ( user_id ) values (hebe001) on conditions session_id = b69b97de55c2e3dad57c5bab59400e24
15:42:03 hebe001 Helen Bengtsson UPDATING data to tables `timetable` fields ( customer, employee, date, time_from, time_to, fkkn, type, status, comment ) values (tibe002, , 2019-08-20, 8.30, 16.15, 1, 0, 0, kan ta detta) on conditions id = 2422
15:42:18 hebe001 Helen Bengtsson UPDATING data to tables `timetable` fields ( customer, employee, date, time_from, time_to, fkkn, type, status, comment ) values (tibe002, anka020, 2019-08-20, 8.30, 16.15, 1, 0, 1, kan ta detta) on conditions id = 2422
15:42:57 hebe001 Helen Bengtsson UPDATING data to tables `timetable` fields ( customer, employee, date, time_from, time_to, fkkn, type, status, comment ) values (tibe002, anka020, 2019-08-23, 8.30, 16.30, 1, 0, 1, kan detta pass) on conditions id = 2426
15:44:20 hebe001 Helen Bengtsson UPDATING data to tables `timetable` fields ( status ) values (2) on conditions id = 2456
15:44:20 hebe001 Helen Bengtsson INSERTING data into tables `timetable` fields ( customer, date, time_from, time_to, type, fkkn, comment, alloc_emp, relation_id, status ) values ( tibe002, 2019-09-04, 16.15, 24.00, 0, 1, , hebe001, 2456, 0 ) => {inserted_id = 4624}
15:44:20 hebe001 Helen Bengtsson INSERTING data into tables `leave` fields ( group_id, employee, date, time_from, time_to, type, comment, appr_emp, status, no_pay ) values ( 338, masv008, 2019-09-04, 16.15, 24, 1, , hebe001, 1, 1 ) => {inserted_id = 659}
15:44:30 hebe001 Helen Bengtsson UPDATING data to tables `timetable` fields ( status ) values (2) on conditions id = 2457
15:44:30 hebe001 Helen Bengtsson INSERTING data into tables `timetable` fields ( customer, date, time_from, time_to, type, fkkn, comment, alloc_emp, relation_id, status ) values ( tibe002, 2019-09-05, 0.00, 6.30, 3, 1, , hebe001, 2457, 0 ) => {inserted_id = 4625}
15:44:30 hebe001 Helen Bengtsson INSERTING data into tables `leave` fields ( group_id, employee, date, time_from, time_to, type, comment, appr_emp, status, no_pay ) values ( 339, masv008, 2019-09-05, 0, 6.3, 1, , hebe001, 1, 1 ) => {inserted_id = 660}
15:44:41 hebe001 Helen Bengtsson UPDATING data to tables `timetable` fields ( status ) values (2) on conditions id = 2458
15:44:41 hebe001 Helen Bengtsson INSERTING data into tables `timetable` fields ( customer, date, time_from, time_to, type, fkkn, comment, alloc_emp, relation_id, status ) values ( tibe002, 2019-09-05, 6.30, 9.00, 0, 1, , hebe001, 2458, 0 ) => {inserted_id = 4626}
15:44:41 hebe001 Helen Bengtsson INSERTING data into tables `leave` fields ( group_id, employee, date, time_from, time_to, type, comment, appr_emp, status, no_pay ) values ( 340, masv008, 2019-09-05, 6.3, 9, 1, , hebe001, 1, 1 ) => {inserted_id = 661}
17:01:54 hejo003 Helen Jörnås UPDATING data to tables `time2vie_cirruscommon`.`secondary_login` fields ( error ) values (0) on conditions username = hejo003 AND company_id = 20
17:01:54 hejo003 Helen Jörnås INSERTING data into tables `log_login` fields ( username, ip, browser ) values ( hejo003, 90.224.82.244, okhttp/3.9.1 ) => {inserted_id = 3043}
17:01:54 hejo003 Helen Jörnås DELETE data from tables `temp_session` on conditions username LIKE hejo003
17:01:54 hejo003 Helen Jörnås UPDATING data to tables `time2vie_cirruscommon`.`login` fields ( login, last_time ) values (1, 2019-08-17 17:01:54) on conditions username = hejo003
17:01:54 hejo003 Helen Jörnås UPDATING data to tables `time2vie_cirruscommon`.`secondary_login` fields ( last_login_time ) values (2019-08-17 17:01:54) on conditions username = hejo003 AND company_id = 20
17:10:17 biwa003 Birgitta Wåhlander UPDATING data to tables `time2vie_cirruscommon`.`ws_sessions` fields ( user_id ) values (biwa003) on conditions session_id = 6f6b4c59d4d65aed32ddd2d4d196166d
17:56:42 anka020 Annika Karlsson UPDATING data to tables `time2vie_cirruscommon`.`secondary_login` fields ( error ) values (0) on conditions username = anka020 AND company_id = 20
17:56:42 anka020 Annika Karlsson INSERTING data into tables `log_login` fields ( username, ip, browser ) values ( anka020, 46.230.215.224, okhttp/3.9.1 ) => {inserted_id = 3044}
17:56:42 anka020 Annika Karlsson DELETE data from tables `temp_session` on conditions username LIKE anka020
17:56:42 anka020 Annika Karlsson UPDATING data to tables `time2vie_cirruscommon`.`login` fields ( login, last_time ) values (1, 2019-08-17 17:56:42) on conditions username = anka020
17:56:42 anka020 Annika Karlsson UPDATING data to tables `time2vie_cirruscommon`.`secondary_login` fields ( last_login_time ) values (2019-08-17 17:56:42) on conditions username = anka020 AND company_id = 20
18:27:10 anka019 Anna Kawalya Westerberg INSERTING data into tables `log_login` fields ( username, ip, browser ) values ( anka019, 94.103.194.75, Mozilla/5.0 (iPhone; CPU iPhone OS 12_3_2 like Mac OS X) AppleWebKit/605.1.15 (KHTML, like Gecko) Version/12.1.1 Mobile/15E148 Safari/604.1 ) => {inserted_id = 3045}
18:27:10 anka019 Anna Kawalya Westerberg DELETE data from tables `temp_session` on conditions username LIKE anka019
18:27:10 anka019 Anna Kawalya Westerberg UPDATING data to tables `time2vie_cirruscommon`.`login` fields ( login, last_time ) values (1, 2019-08-17 18:27:10) on conditions username = anka019
18:27:10 anka019 Anna Kawalya Westerberg UPDATING data to tables `time2vie_cirruscommon`.`secondary_login` fields ( last_login_time ) values (2019-08-17 18:27:10) on conditions username = anka019 AND company_id = 20
18:27:10 anka019 Anna Kawalya Westerberg UPDATING data to tables `time2vie_cirruscommon`.`ws_sessions` fields ( user_id ) values (anka019) on conditions session_id = 7a3cda250b6fe70be8b7d77893851caf
20:57:47 biwa003 Birgitta Wåhlander INSERTING data into tables `log_login` fields ( username, ip, browser ) values ( biwa003, 185.27.165.66, Mozilla/5.0 (iPad; CPU OS 10_3_3 like Mac OS X) AppleWebKit/603.1.30 (KHTML, like Gecko) CriOS/71.0.3578.89 Mobile/14G60 Safari/602.1 ) => {inserted_id = 3046}
20:57:47 biwa003 Birgitta Wåhlander DELETE data from tables `temp_session` on conditions username LIKE biwa003
20:57:47 biwa003 Birgitta Wåhlander UPDATING data to tables `time2vie_cirruscommon`.`login` fields ( login, last_time ) values (1, 2019-08-17 20:57:47) on conditions username = biwa003
20:57:47 biwa003 Birgitta Wåhlander UPDATING data to tables `time2vie_cirruscommon`.`secondary_login` fields ( last_login_time ) values (2019-08-17 20:57:47) on conditions username = biwa003 AND company_id = 20
20:57:48 biwa003 Birgitta Wåhlander UPDATING data to tables `time2vie_cirruscommon`.`ws_sessions` fields ( user_id ) values (biwa003) on conditions session_id = ea52dd480a19b22cb79f52c973266cb8
21:00:38 biwa003 Birgitta Wåhlander UPDATING data to tables `time2vie_cirruscommon`.`ws_sessions` fields ( user_id ) values (biwa003) on conditions session_id = ea52dd480a19b22cb79f52c973266cb8
21:30:12 hejo003 Helen Jörnås UPDATING data to tables `time2vie_cirruscommon`.`secondary_login` fields ( error ) values (0) on conditions username = hejo003 AND company_id = 20
21:30:12 hejo003 Helen Jörnås INSERTING data into tables `log_login` fields ( username, ip, browser ) values ( hejo003, 90.224.82.244, okhttp/3.9.1 ) => {inserted_id = 3047}
21:30:12 hejo003 Helen Jörnås DELETE data from tables `temp_session` on conditions username LIKE hejo003
21:30:12 hejo003 Helen Jörnås UPDATING data to tables `time2vie_cirruscommon`.`login` fields ( login, last_time ) values (1, 2019-08-17 21:30:12) on conditions username = hejo003
21:30:12 hejo003 Helen Jörnås UPDATING data to tables `time2vie_cirruscommon`.`secondary_login` fields ( last_login_time ) values (2019-08-17 21:30:12) on conditions username = hejo003 AND company_id = 20
21:54:14 hejo003 Helen Jörnås UPDATING data to tables `time2vie_cirruscommon`.`secondary_login` fields ( error ) values (0) on conditions username = hejo003 AND company_id = 20 #Mobile-App: Log-id=3047
21:54:14 hejo003 Helen Jörnås INSERTING data into tables `log_login` fields ( username, ip, browser ) values ( hejo003, 90.224.82.244, okhttp/3.9.1 ) => {inserted_id = 3048} #Mobile-App: Log-id=3047
21:54:14 hejo003 Helen Jörnås DELETE data from tables `temp_session` on conditions username LIKE hejo003 #Mobile-App: Log-id=3048
21:54:14 hejo003 Helen Jörnås UPDATING data to tables `time2vie_cirruscommon`.`login` fields ( login, last_time ) values (1, 2019-08-17 21:54:14) on conditions username = hejo003 #Mobile-App: Log-id=3048
21:54:14 hejo003 Helen Jörnås UPDATING data to tables `time2vie_cirruscommon`.`secondary_login` fields ( last_login_time ) values (2019-08-17 21:54:14) on conditions username = hejo003 AND company_id = 20 #Mobile-App: Log-id=3048
21:58:40 anka019 Anna Kawalya Westerberg INSERTING data into tables `log_login` fields ( username, ip, browser ) values ( anka019, 94.103.194.75, Mozilla/5.0 (iPhone; CPU iPhone OS 12_3_2 like Mac OS X) AppleWebKit/605.1.15 (KHTML, like Gecko) Version/12.1.1 Mobile/15E148 Safari/604.1 ) => {inserted_id = 3049}
21:58:40 anka019 Anna Kawalya Westerberg DELETE data from tables `temp_session` on conditions username LIKE anka019
21:58:40 anka019 Anna Kawalya Westerberg UPDATING data to tables `time2vie_cirruscommon`.`login` fields ( login, last_time ) values (1, 2019-08-17 21:58:40) on conditions username = anka019
21:58:40 anka019 Anna Kawalya Westerberg UPDATING data to tables `time2vie_cirruscommon`.`secondary_login` fields ( last_login_time ) values (2019-08-17 21:58:40) on conditions username = anka019 AND company_id = 20
21:58:40 anka019 Anna Kawalya Westerberg UPDATING data to tables `time2vie_cirruscommon`.`ws_sessions` fields ( user_id ) values (anka019) on conditions session_id = 0ab035ba61331063808ae25aa30768fc
