05:48:22 anka019 Anna Kawalya Westerberg INSERTING data into tables `log_login` fields ( username, ip, browser ) values ( anka019, 78.71.186.230, Mozilla/5.0 (iPhone; CPU iPhone OS 12_1_4 like Mac OS X) AppleWebKit/605.1.15 (KHTML, like Gecko) Version/12.0 Mobile/15E148 Safari/604.1 ) => {inserted_id = 1613}
05:48:22 anka019 Anna Kawalya Westerberg DELETE data from tables `temp_session` on conditions username LIKE anka019
05:48:22 anka019 Anna Kawalya Westerberg UPDATING data to tables `time2vie_cirruscommon`.`login` fields ( login, last_time ) values (1, 2019-06-17 05:48:22) on conditions username = anka019
05:48:23 anka019 Anna Kawalya Westerberg UPDATING data to tables `time2vie_cirruscommon`.`secondary_login` fields ( last_login_time ) values (2019-06-17 05:48:22) on conditions username = anka019 AND company_id = 20
05:48:23 anka019 Anna Kawalya Westerberg UPDATING data to tables `time2vie_cirruscommon`.`ws_sessions` fields ( user_id ) values (anka019) on conditions session_id = 4dccf37ac5439c1c8a39992eb481df9b
06:29:58 hejo003 Helen Jörnås UPDATING data to tables `time2vie_cirruscommon`.`secondary_login` fields ( error ) values (0) on conditions username = hejo003 AND company_id = 20
06:29:58 hejo003 Helen Jörnås INSERTING data into tables `log_login` fields ( username, ip, browser ) values ( hejo003, 185.27.164.39, okhttp/3.9.1 ) => {inserted_id = 1614}
06:29:58 hejo003 Helen Jörnås DELETE data from tables `temp_session` on conditions username LIKE hejo003
06:29:58 hejo003 Helen Jörnås UPDATING data to tables `time2vie_cirruscommon`.`login` fields ( login, last_time ) values (1, 2019-06-17 06:29:58) on conditions username = hejo003
06:29:58 hejo003 Helen Jörnås UPDATING data to tables `time2vie_cirruscommon`.`secondary_login` fields ( last_login_time ) values (2019-06-17 06:29:58) on conditions username = hejo003 AND company_id = 20
08:32:58 biwa003 Birgitta Wåhlander INSERTING data into tables `log_login` fields ( username, ip, browser ) values ( biwa003, 193.234.72.157, Mozilla/5.0 (Windows NT 10.0; Win64; x64) AppleWebKit/537.36 (KHTML, like Gecko) Chrome/74.0.3729.169 Safari/537.36 ) => {inserted_id = 1615}
08:32:58 biwa003 Birgitta Wåhlander DELETE data from tables `temp_session` on conditions username LIKE biwa003
08:32:58 biwa003 Birgitta Wåhlander UPDATING data to tables `time2vie_cirruscommon`.`login` fields ( login, last_time ) values (1, 2019-06-17 08:32:58) on conditions username = biwa003
08:32:58 biwa003 Birgitta Wåhlander UPDATING data to tables `time2vie_cirruscommon`.`secondary_login` fields ( last_login_time ) values (2019-06-17 08:32:58) on conditions username = biwa003 AND company_id = 20
08:32:59 biwa003 Birgitta Wåhlander UPDATING data to tables `time2vie_cirruscommon`.`ws_sessions` fields ( user_id ) values (biwa003) on conditions session_id = f60c3efc97beca23968e788f18133ac5
08:34:07 biwa003 Birgitta Wåhlander UPDATING data to tables `time2vie_cirruscommon`.`ws_sessions` fields ( user_id ) values (biwa003) on conditions session_id = f60c3efc97beca23968e788f18133ac5
08:38:18 biwa003 Birgitta Wåhlander UPDATING data to tables `time2vie_cirruscommon`.`ws_sessions` fields ( user_id ) values (biwa003) on conditions session_id = f60c3efc97beca23968e788f18133ac5
08:41:52 biwa003 Birgitta Wåhlander UPDATING data to tables `timetable` fields ( status ) values (2) on conditions id = 692
08:41:52 biwa003 Birgitta Wåhlander INSERTING data into tables `timetable` fields ( customer, date, time_from, time_to, type, fkkn, comment, alloc_emp, relation_id, status ) values ( chwa001, 2019-07-08, 18.15, 24.00, 0, 1, , biwa003, 692, 0 ) => {inserted_id = 2248}
08:41:52 biwa003 Birgitta Wåhlander INSERTING data into tables `leave` fields ( group_id, employee, date, time_from, time_to, type, comment, appr_emp, status, no_pay ) values ( 250, mato007, 2019-07-08, 18.15, 24, 4, , biwa003, 1, 0 ) => {inserted_id = 466}
08:42:12 biwa003 Birgitta Wåhlander UPDATING data to tables `timetable` fields ( status ) values (2) on conditions id = 693
08:42:12 biwa003 Birgitta Wåhlander INSERTING data into tables `timetable` fields ( customer, date, time_from, time_to, type, fkkn, comment, alloc_emp, relation_id, status ) values ( chwa001, 2019-07-09, 0.00, 7.15, 0, 1, , biwa003, 693, 0 ) => {inserted_id = 2249}
08:42:12 biwa003 Birgitta Wåhlander INSERTING data into tables `leave` fields ( group_id, employee, date, time_from, time_to, type, comment, appr_emp, status, no_pay ) values ( 251, mato007, 2019-07-09, 0, 7.15, 4, , biwa003, 1, 0 ) => {inserted_id = 467}
08:48:49 biwa003 Birgitta Wåhlander UPDATING data to tables `time2vie_cirruscommon`.`ws_sessions` fields ( user_id ) values (biwa003) on conditions session_id = f60c3efc97beca23968e788f18133ac5
08:53:01 biwa003 Birgitta Wåhlander UPDATING data to tables `time2vie_cirruscommon`.`ws_sessions` fields ( user_id ) values (biwa003) on conditions session_id = f60c3efc97beca23968e788f18133ac5
08:55:10 biwa003 Birgitta Wåhlander UPDATING data to tables `time2vie_cirruscommon`.`ws_sessions` fields ( user_id ) values (biwa003) on conditions session_id = f60c3efc97beca23968e788f18133ac5
08:56:53 biwa003 Birgitta Wåhlander UPDATING data to tables `time2vie_cirruscommon`.`ws_sessions` fields ( user_id ) values (biwa003) on conditions session_id = f60c3efc97beca23968e788f18133ac5
09:11:53 mato007 Mattias Torbiörnson UPDATING data to tables `time2vie_cirruscommon`.`secondary_login` fields ( error ) values (0) on conditions username = mato007 AND company_id = 20
09:11:53 mato007 Mattias Torbiörnson INSERTING data into tables `log_login` fields ( username, ip, browser ) values ( mato007, 217.73.111.160, CirrusM/3 CFNetwork/978.0.7 Darwin/18.6.0 ) => {inserted_id = 1616}
09:11:53 mato007 Mattias Torbiörnson DELETE data from tables `temp_session` on conditions username LIKE mato007
09:11:53 mato007 Mattias Torbiörnson UPDATING data to tables `time2vie_cirruscommon`.`login` fields ( login, last_time ) values (1, 2019-06-17 09:11:53) on conditions username = mato007
09:11:53 mato007 Mattias Torbiörnson UPDATING data to tables `time2vie_cirruscommon`.`secondary_login` fields ( last_login_time ) values (2019-06-17 09:11:53) on conditions username = mato007 AND company_id = 20
09:11:53 mato007 Mattias Torbiörnson UPDATING data to tables `time2vie_cirruscommon`.`push_notify_tokens` fields ( user_id, updated_date, error ) values (mato007, 2019-06-17 09:11:53, 0) on conditions fcm_token = (null) AND device_id = 0E77902D-FC69-4F3F-9F41-A3BD80129544 #Mobile-App: Log-id=1616
09:24:14 biwa003 Birgitta Wåhlander UPDATING data to tables `time2vie_cirruscommon`.`ws_sessions` fields ( user_id ) values (biwa003) on conditions session_id = f60c3efc97beca23968e788f18133ac5
09:28:06 biwa003 Birgitta Wåhlander UPDATING data to tables `timetable` fields ( customer, employee, date, time_from, time_to, fkkn, type, status, comment ) values (chwa001, anka019, 2019-07-21, 18.00, 24, 1, 0, 1, ) on conditions id = 1985
09:29:20 biwa003 Birgitta Wåhlander UPDATING data to tables `timetable` fields ( status, employee, alloc_emp ) values (1, anka019, biwa003) on conditions id = 1986
09:29:49 biwa003 Birgitta Wåhlander UPDATING data to tables `timetable` fields ( status, employee, alloc_emp ) values (1, biwa003, biwa003) on conditions id = 742
09:30:11 biwa003 Birgitta Wåhlander UPDATING data to tables `timetable` fields ( status, employee, alloc_emp ) values (1, anka019, biwa003) on conditions id = 1987
09:30:54 biwa003 Birgitta Wåhlander UPDATING data to tables `timetable` fields ( status, employee, alloc_emp ) values (1, anka019, biwa003) on conditions id = 1988
09:31:19 biwa003 Birgitta Wåhlander UPDATING data to tables `timetable` fields ( status, employee, alloc_emp ) values (1, lawa002, biwa003) on conditions id = 742
09:31:42 biwa003 Birgitta Wåhlander UPDATING data to tables `timetable` fields ( status, employee, alloc_emp ) values (1, lawa002, biwa003) on conditions id = 746
09:49:28 anka019 Anna Kawalya Westerberg INSERTING data into tables `log_login` fields ( username, ip, browser ) values ( anka019, 94.103.194.75, Mozilla/5.0 (iPhone; CPU iPhone OS 12_1_4 like Mac OS X) AppleWebKit/605.1.15 (KHTML, like Gecko) Version/12.0 Mobile/15E148 Safari/604.1 ) => {inserted_id = 1617}
09:49:28 anka019 Anna Kawalya Westerberg DELETE data from tables `temp_session` on conditions username LIKE anka019
09:49:28 anka019 Anna Kawalya Westerberg UPDATING data to tables `time2vie_cirruscommon`.`login` fields ( login, last_time ) values (1, 2019-06-17 09:49:28) on conditions username = anka019
09:49:28 anka019 Anna Kawalya Westerberg UPDATING data to tables `time2vie_cirruscommon`.`secondary_login` fields ( last_login_time ) values (2019-06-17 09:49:28) on conditions username = anka019 AND company_id = 20
09:49:28 anka019 Anna Kawalya Westerberg UPDATING data to tables `time2vie_cirruscommon`.`ws_sessions` fields ( user_id ) values (anka019) on conditions session_id = 7ebf70927af8b80b5fdc36ff69b12a32
09:49:29 anka019 Anna Kawalya Westerberg INSERTING data into tables `log_login` fields ( username, ip, browser ) values ( anka019, 94.103.194.75, Mozilla/5.0 (iPhone; CPU iPhone OS 12_1_4 like Mac OS X) AppleWebKit/605.1.15 (KHTML, like Gecko) Version/12.0 Mobile/15E148 Safari/604.1 ) => {inserted_id = 1618}
09:49:29 anka019 Anna Kawalya Westerberg DELETE data from tables `temp_session` on conditions username LIKE anka019
09:49:29 anka019 Anna Kawalya Westerberg UPDATING data to tables `time2vie_cirruscommon`.`login` fields ( login, last_time ) values (1, 2019-06-17 09:49:29) on conditions username = anka019
09:49:29 anka019 Anna Kawalya Westerberg UPDATING data to tables `time2vie_cirruscommon`.`secondary_login` fields ( last_login_time ) values (2019-06-17 09:49:29) on conditions username = anka019 AND company_id = 20
09:49:29 anka019 Anna Kawalya Westerberg UPDATING data to tables `time2vie_cirruscommon`.`ws_sessions` fields ( user_id ) values (anka019) on conditions session_id = 7ebf70927af8b80b5fdc36ff69b12a32
09:51:52 cagu001 Carina Gustafsson UPDATING data to tables `time2vie_cirruscommon`.`secondary_login` fields ( error ) values (0) on conditions username = cagu001 AND company_id = 20
09:51:52 cagu001 Carina Gustafsson INSERTING data into tables `log_login` fields ( username, ip, browser ) values ( cagu001, 193.234.72.157, okhttp/3.9.1 ) => {inserted_id = 1619}
09:51:52 cagu001 Carina Gustafsson DELETE data from tables `temp_session` on conditions username LIKE cagu001
09:51:52 cagu001 Carina Gustafsson UPDATING data to tables `time2vie_cirruscommon`.`login` fields ( login, last_time ) values (1, 2019-06-17 09:51:52) on conditions username = cagu001
09:51:52 cagu001 Carina Gustafsson UPDATING data to tables `time2vie_cirruscommon`.`secondary_login` fields ( last_login_time ) values (2019-06-17 09:51:52) on conditions username = cagu001 AND company_id = 20
09:54:02 vigu002 Victoria Gunnarsson UPDATING data to tables `time2vie_cirruscommon`.`secondary_login` fields ( error ) values (0) on conditions username = vigu002 AND company_id = 20
09:54:02 vigu002 Victoria Gunnarsson INSERTING data into tables `log_login` fields ( username, ip, browser ) values ( vigu002, 217.214.147.154, CirrusM/3 CFNetwork/978.0.7 Darwin/18.6.0 ) => {inserted_id = 1620}
09:54:02 vigu002 Victoria Gunnarsson DELETE data from tables `temp_session` on conditions username LIKE vigu002
09:54:02 vigu002 Victoria Gunnarsson UPDATING data to tables `time2vie_cirruscommon`.`login` fields ( login, last_time ) values (1, 2019-06-17 09:54:02) on conditions username = vigu002
09:54:02 vigu002 Victoria Gunnarsson UPDATING data to tables `time2vie_cirruscommon`.`secondary_login` fields ( last_login_time ) values (2019-06-17 09:54:02) on conditions username = vigu002 AND company_id = 20
09:54:02 vigu002 Victoria Gunnarsson UPDATING data to tables `time2vie_cirruscommon`.`push_notify_tokens` fields ( user_id, updated_date, error ) values (vigu002, 2019-06-17 09:54:02, 0) on conditions fcm_token = eNBwEiWThVE:APA91bEio9bXckzbj67NS8oxRTxQqyYs-vQOpklX1wCE1ELngNiIVN13EJ2ws_dMSzy5I4NjhZAQR_fx4j-Xg2KSuIIYY1nfrfP8P-5ClnmqFZiHQALSM75wTvl85mwUf0Sp8F8SnJOU AND device_id = 6C00932F-F54D-4038-9388-9528AFC81632 #Mobile-App: Log-id=1620
09:55:37 anka019 Anna Kawalya Westerberg INSERTING data into tables `log_login` fields ( username, ip, browser ) values ( anka019, 94.103.194.75, Mozilla/5.0 (iPhone; CPU iPhone OS 12_1_4 like Mac OS X) AppleWebKit/605.1.15 (KHTML, like Gecko) Version/12.0 Mobile/15E148 Safari/604.1 ) => {inserted_id = 1621}
09:55:37 anka019 Anna Kawalya Westerberg DELETE data from tables `temp_session` on conditions username LIKE anka019
09:55:37 anka019 Anna Kawalya Westerberg UPDATING data to tables `time2vie_cirruscommon`.`login` fields ( login, last_time ) values (1, 2019-06-17 09:55:37) on conditions username = anka019
09:55:37 anka019 Anna Kawalya Westerberg UPDATING data to tables `time2vie_cirruscommon`.`secondary_login` fields ( last_login_time ) values (2019-06-17 09:55:37) on conditions username = anka019 AND company_id = 20
09:55:37 anka019 Anna Kawalya Westerberg UPDATING data to tables `time2vie_cirruscommon`.`ws_sessions` fields ( user_id ) values (anka019) on conditions session_id = e44fb33f0f0329e2dc7e2ea278413ac7
10:17:59 cagu001 Carina Gustafsson INSERTING data into tables `log_login` fields ( username, ip, browser ) values ( cagu001, 193.234.72.157, Mozilla/5.0 (Windows NT 10.0; Win64; x64) AppleWebKit/537.36 (KHTML, like Gecko) Chrome/74.0.3729.169 Safari/537.36 ) => {inserted_id = 1622}
10:17:59 cagu001 Carina Gustafsson DELETE data from tables `temp_session` on conditions username LIKE cagu001
10:17:59 cagu001 Carina Gustafsson UPDATING data to tables `time2vie_cirruscommon`.`login` fields ( login, last_time ) values (1, 2019-06-17 10:17:59) on conditions username = cagu001
10:17:59 cagu001 Carina Gustafsson UPDATING data to tables `time2vie_cirruscommon`.`secondary_login` fields ( last_login_time ) values (2019-06-17 10:17:59) on conditions username = cagu001 AND company_id = 20
10:18:00 cagu001 Carina Gustafsson UPDATING data to tables `time2vie_cirruscommon`.`ws_sessions` fields ( user_id ) values (cagu001) on conditions session_id = a7740e40048aba0bf8bfc083afd8d3e9
10:33:40 elbe006 Elin Berntsson UPDATING data to tables `time2vie_cirruscommon`.`secondary_login` fields ( error ) values (0) on conditions username = elbe006 AND company_id = 20
10:33:40 elbe006 Elin Berntsson INSERTING data into tables `log_login` fields ( username, ip, browser ) values ( elbe006, 158.174.54.90, okhttp/3.9.1 ) => {inserted_id = 1623}
10:33:40 elbe006 Elin Berntsson DELETE data from tables `temp_session` on conditions username LIKE elbe006
10:33:40 elbe006 Elin Berntsson UPDATING data to tables `time2vie_cirruscommon`.`login` fields ( login, last_time ) values (1, 2019-06-17 10:33:40) on conditions username = elbe006
10:33:40 elbe006 Elin Berntsson UPDATING data to tables `time2vie_cirruscommon`.`secondary_login` fields ( last_login_time ) values (2019-06-17 10:33:40) on conditions username = elbe006 AND company_id = 20
11:26:14 cagu001 Carina Gustafsson UPDATING data to tables `timetable` fields ( customer, employee, date, time_from, time_to, fkkn, type, status, comment ) values (mygu001, cagu001, 2019-06-17, 6.00, 9.30, 1, 0, 1, ) on conditions id = 2239
11:26:32 cagu001 Carina Gustafsson UPDATING data to tables `timetable` fields ( customer, employee, date, time_from, time_to, fkkn, type, status, comment ) values (mygu001, lisz001, 2019-06-17, 9.15, 18.00, 1, 0, 1, ) on conditions id = 1500
11:28:11 cagu001 Carina Gustafsson UPDATING data to tables `timetable` fields ( customer, employee, date, time_from, time_to, fkkn, type, status, comment ) values (mygu001, lisz001, 2019-06-13, 0.30, 6.00, 1, 3, 1, ) on conditions id = 1485
11:28:53 cagu001 Carina Gustafsson INSERTING data into tables `timetable` fields ( employee, customer, fkkn, type, date, time_from, time_to, status, created_status, alloc_emp, comment ) values ( lisz001, mygu001, 1, 0, 2019-06-13, 0.00, 0.30, 1, , cagu001,  ) => {inserted_id = 2250}
11:28:53 cagu001 Carina Gustafsson INSERTING data into tables `memory_slots` fields ( customer, time_from, time_to, type ) values ( mygu001, 0.00, 0.30, 0 ) => {inserted_id = 83}
11:32:15 cagu001 Carina Gustafsson UPDATING data to tables `timetable` fields ( status ) values (2) on conditions (status IN ( 0,1 )) AND employee = saan012 AND (date BETWEEN 2019-07-23 AND 2019-07-25)
11:32:15 cagu001 Carina Gustafsson INSERTING data into tables `timetable` fields ( customer, date, time_from, time_to, type, fkkn, status, alloc_emp, relation_id, employee ) values ( mygu001, 2019-07-23, 11.00, 24.00, 0, 1, 0, cagu001, 1628,  ), ( mygu001, 2019-07-24, 0.00, 6.00, 3, 1, 0, cagu001, 1629,  ), ( mygu001, 2019-07-24, 6.00, 8.30, 0, 1, 0, cagu001, 1630,  ) => {inserted_id = 2251}
11:32:15 cagu001 Carina Gustafsson INSERTING data into tables `leave` fields ( group_id, employee, date, time_from, time_to, type, comment, appr_emp, status, no_pay ) values ( 252, saan012, 2019-07-23, 00.00, 24.00, 9, , cagu001, 1, 0 ), ( 252, saan012, 2019-07-24, 00.00, 24.00, 9, , cagu001, 1, 0 ), ( 252, saan012, 2019-07-25, 00.00, 24.00, 9, , cagu001, 1, 0 ) => {inserted_id = 468}
11:33:36 cagu001 Carina Gustafsson UPDATING data to tables `timetable` fields ( status, employee, alloc_emp ) values (1, saan012, cagu001) on conditions id = 1665
11:33:36 cagu001 Carina Gustafsson UPDATING data to tables `timetable` fields ( status, employee, alloc_emp ) values (1, saan012, cagu001) on conditions id = 1666
11:33:36 cagu001 Carina Gustafsson UPDATING data to tables `timetable` fields ( status, employee, alloc_emp ) values (1, saan012, cagu001) on conditions id = 1667
11:40:10 cagu001 Carina Gustafsson UPDATING data to tables `timetable` fields ( status ) values (2) on conditions (status IN ( 0,1 )) AND employee = saan012 AND (date BETWEEN 2019-08-03 AND 2019-08-13)
11:40:10 cagu001 Carina Gustafsson INSERTING data into tables `timetable` fields ( customer, date, time_from, time_to, type, fkkn, status, alloc_emp, relation_id, employee ) values ( mygu001, 2019-08-03, 8.00, 24.00, 0, 1, 0, cagu001, 1665,  ), ( mygu001, 2019-08-04, 0.00, 6.00, 3, 1, 0, cagu001, 1666,  ), ( mygu001, 2019-08-04, 6.00, 9.00, 0, 1, 0, cagu001, 1667,  ), ( mygu001, 2019-08-05, 7.30, 18.00, 0, 1, 0, cagu001, 1671,  ), ( mygu001, 2019-08-06, 14.30, 17.00, 10, 1, 0, cagu001, 1678,  ), ( mygu001, 2019-08-08, 7.30, 18.00, 0, 1, 0, cagu001, 1685,  ), ( mygu001, 2019-08-11, 8.00, 24.00, 0, 1, 0, cagu001, 1695,  ), ( mygu001, 2019-08-12, 0.00, 6.00, 3, 1, 0, cagu001, 1696,  ), ( mygu001, 2019-08-12, 6.00, 8.30, 0, 1, 0, cagu001, 1697,  ) => {inserted_id = 2254}
11:40:10 cagu001 Carina Gustafsson INSERTING data into tables `leave` fields ( group_id, employee, date, time_from, time_to, type, comment, appr_emp, status, no_pay ) values ( 253, saan012, 2019-08-03, 00.00, 24.00, 9, , cagu001, 1, 0 ), ( 253, saan012, 2019-08-04, 00.00, 24.00, 9, , cagu001, 1, 0 ), ( 253, saan012, 2019-08-05, 00.00, 24.00, 9, , cagu001, 1, 0 ), ( 253, saan012, 2019-08-06, 00.00, 24.00, 9, , cagu001, 1, 0 ), ( 253, saan012, 2019-08-07, 00.00, 24.00, 9, , cagu001, 1, 0 ), ( 253, saan012, 2019-08-08, 00.00, 24.00, 9, , cagu001, 1, 0 ), ( 253, saan012, 2019-08-09, 00.00, 24.00, 9, , cagu001, 1, 0 ), ( 253, saan012, 2019-08-10, 00.00, 24.00, 9, , cagu001, 1, 0 ), ( 253, saan012, 2019-08-11, 00.00, 24.00, 9, , cagu001, 1, 0 ), ( 253, saan012, 2019-08-12, 00.00, 24.00, 9, , cagu001, 1, 0 ), ( 253, saan012, 2019-08-13, 00.00, 24.00, 9, , cagu001, 1, 0 ) => {inserted_id = 471}
11:40:48 cagu001 Carina Gustafsson DELETE data from tables `timetable` on conditions id = 2258
11:43:00 cagu001 Carina Gustafsson UPDATING data to tables `time2vie_cirruscommon`.`login` fields ( role, mobile ) values (3, 727287540) on conditions username = mani008
11:43:00 cagu001 Carina Gustafsson UPDATING data to tables `employee` fields ( code, century, social_security, first_name, last_name, gender, address, city, post, phone, mobile, email, date, color, status, date_inactive, max_hours, monthly_salary, start_day, remaining_sem_leave, sem_leave_todate, leave_in_advance, care_of, office_personal, substitute, salary_type, sem_leave_days, vab_leave_days, fp_leave_days, nopay_leave_days, other_leave_days, ice, employee_contract_start_month, employee_contract_period_date, employee_contract_period_length, candg_follow, inconvenient_on ) values (1-7, 19, 9608095346, Maja, Nilsson, 2, Torstorp 51, GRIMETON, 432 98, , 727287540, maja.nilsson96@outlook.com, 2019-04-01, #ea9999, 1, 2019-05-07, 17.00, 0, 10.00, 0, , 0, , 0, 0, 1, 1, 1, 1, 1, 1, , 04, 1, 04, 0, 1) on conditions username = mani008
11:43:00 cagu001 Carina Gustafsson DELETE data from tables `team` on conditions employee = mani008
11:43:00 cagu001 Carina Gustafsson INSERTING data into tables `team` fields ( customer, employee, role ) values ( mygu001, mani008, 3 ) => {inserted_id = 0}
11:44:12 cagu001 Carina Gustafsson UPDATING data to tables `time2vie_cirruscommon`.`login` fields ( role, mobile ) values (3, 739795200) on conditions username = saan012
11:44:12 cagu001 Carina Gustafsson UPDATING data to tables `employee` fields ( code, century, social_security, first_name, last_name, gender, address, city, post, phone, mobile, email, date, color, status, date_inactive, max_hours, monthly_salary, start_day, remaining_sem_leave, sem_leave_todate, leave_in_advance, care_of, office_personal, substitute, salary_type, sem_leave_days, vab_leave_days, fp_leave_days, nopay_leave_days, other_leave_days, ice, employee_contract_start_month, employee_contract_period_date, employee_contract_period_length, candg_follow, inconvenient_on ) values (1-4, 19, 9707098167, Sara, Andersson, 2, Richard Berghs väg 4, VARBERG, 432 53, , 739795200, happyandersoon@hotmail.com, 2019-04-01, #ffff00, 1, 2019-08-13, 17.00, 0, 10.00, 0, , 0, , 0, 0, 1, 1, 1, 1, 1, 1, , 04, 1, 04, 0, 1) on conditions username = saan012
11:44:13 cagu001 Carina Gustafsson DELETE data from tables `team` on conditions employee = saan012
11:44:13 cagu001 Carina Gustafsson INSERTING data into tables `team` fields ( customer, employee, role ) values ( mygu001, saan012, 3 ) => {inserted_id = 0}
11:44:19 cagu001 Carina Gustafsson UPDATING data to tables `time2vie_cirruscommon`.`ws_sessions` fields ( user_id ) values (cagu001) on conditions session_id = a7740e40048aba0bf8bfc083afd8d3e9
11:45:00 cagu001 Carina Gustafsson UPDATING data to tables `timetable` fields ( customer, employee, date, time_from, time_to, fkkn, type, status, comment ) values (mygu001, , 2019-08-15, 14.30, 24, 1, 0, 0, ) on conditions id = 1710
11:45:28 cagu001 Carina Gustafsson UPDATING data to tables `timetable` fields ( customer, employee, date, time_from, time_to, fkkn, type, status, comment ) values (mygu001, , 2019-08-16, 6.00, 8.30, 1, 0, 0, ) on conditions id = 1712
11:45:35 cagu001 Carina Gustafsson UPDATING data to tables `timetable` fields ( customer, employee, date, time_from, time_to, fkkn, type, status, comment ) values (mygu001, , 2019-08-16, 0.00, 6.00, 1, 3, 0, ) on conditions id = 1711
11:45:43 cagu001 Carina Gustafsson UPDATING data to tables `timetable` fields ( customer, employee, date, time_from, time_to, fkkn, type, status, comment ) values (mygu001, , 2019-08-20, 14.30, 24, 1, 0, 0, ) on conditions id = 1727
11:45:54 cagu001 Carina Gustafsson UPDATING data to tables `timetable` fields ( customer, employee, date, time_from, time_to, fkkn, type, status, comment ) values (mygu001, , 2019-08-21, 0.00, 6.00, 1, 3, 0, ) on conditions id = 1728
11:46:00 cagu001 Carina Gustafsson UPDATING data to tables `timetable` fields ( customer, employee, date, time_from, time_to, fkkn, type, status, comment ) values (mygu001, , 2019-08-21, 6.00, 8.30, 1, 0, 0, ) on conditions id = 1729
11:46:08 cagu001 Carina Gustafsson UPDATING data to tables `timetable` fields ( customer, employee, date, time_from, time_to, fkkn, type, status, comment ) values (mygu001, , 2019-08-23, 7.30, 24, 1, 0, 0, ) on conditions id = 1737
11:46:15 cagu001 Carina Gustafsson UPDATING data to tables `timetable` fields ( customer, employee, date, time_from, time_to, fkkn, type, status, comment ) values (mygu001, , 2019-08-24, 0.00, 6.00, 1, 3, 0, ) on conditions id = 1738
11:46:22 cagu001 Carina Gustafsson UPDATING data to tables `timetable` fields ( customer, employee, date, time_from, time_to, fkkn, type, status, comment ) values (mygu001, , 2019-08-24, 6.00, 9.00, 1, 0, 0, ) on conditions id = 1739
11:46:32 cagu001 Carina Gustafsson UPDATING data to tables `timetable` fields ( customer, employee, date, time_from, time_to, fkkn, type, status, comment ) values (mygu001, , 2019-08-26, 7.30, 18.00, 1, 0, 0, ) on conditions id = 1746
11:46:39 cagu001 Carina Gustafsson UPDATING data to tables `timetable` fields ( customer, employee, date, time_from, time_to, fkkn, type, status, comment ) values (mygu001, , 2019-08-27, 14.30, 24, 1, 0, 0, ) on conditions id = 1751
11:46:47 cagu001 Carina Gustafsson UPDATING data to tables `timetable` fields ( customer, employee, date, time_from, time_to, fkkn, type, status, comment ) values (mygu001, , 2019-08-28, 0.00, 6.00, 1, 3, 0, ) on conditions id = 1752
11:46:54 cagu001 Carina Gustafsson UPDATING data to tables `timetable` fields ( customer, employee, date, time_from, time_to, fkkn, type, status, comment ) values (mygu001, , 2019-08-28, 6.00, 8.30, 1, 0, 0, ) on conditions id = 1753
11:47:07 cagu001 Carina Gustafsson UPDATING data to tables `timetable` fields ( customer, employee, date, time_from, time_to, fkkn, type, status, comment ) values (mygu001, , 2019-09-02, 7.30, 18.00, 1, 0, 0, ) on conditions id = 1770
11:47:14 cagu001 Carina Gustafsson UPDATING data to tables `timetable` fields ( customer, employee, date, time_from, time_to, fkkn, type, status, comment ) values (mygu001, , 2019-09-05, 7.30, 18.00, 1, 0, 0, ) on conditions id = 1784
11:47:22 cagu001 Carina Gustafsson UPDATING data to tables `timetable` fields ( customer, employee, date, time_from, time_to, fkkn, type, status, comment ) values (mygu001, , 2019-09-08, 8.00, 24, 1, 0, 0, ) on conditions id = 1794
11:47:42 cagu001 Carina Gustafsson DELETE data from tables `timetable` on conditions id = 1777
11:47:58 cagu001 Carina Gustafsson UPDATING data to tables `timetable` fields ( customer, employee, date, time_from, time_to, fkkn, type, status, comment ) values (mygu001, , 2019-09-09, 0.00, 6.00, 1, 3, 0, ) on conditions id = 1795
11:48:05 cagu001 Carina Gustafsson UPDATING data to tables `timetable` fields ( customer, employee, date, time_from, time_to, fkkn, type, status, comment ) values (mygu001, , 2019-09-09, 6.00, 8.30, 1, 0, 0, ) on conditions id = 1796
11:48:13 cagu001 Carina Gustafsson UPDATING data to tables `timetable` fields ( customer, employee, date, time_from, time_to, fkkn, type, status, comment ) values (mygu001, , 2019-09-12, 14.30, 24, 1, 0, 0, ) on conditions id = 1809
11:48:21 cagu001 Carina Gustafsson UPDATING data to tables `timetable` fields ( customer, employee, date, time_from, time_to, fkkn, type, status, comment ) values (mygu001, , 2019-09-13, 0.00, 6.00, 1, 3, 0, ) on conditions id = 1810
11:48:28 cagu001 Carina Gustafsson UPDATING data to tables `timetable` fields ( customer, employee, date, time_from, time_to, fkkn, type, status, comment ) values (mygu001, , 2019-09-13, 6.00, 8.30, 1, 0, 0, ) on conditions id = 1811
11:48:38 cagu001 Carina Gustafsson UPDATING data to tables `timetable` fields ( customer, employee, date, time_from, time_to, fkkn, type, status, comment ) values (mygu001, , 2019-09-17, 14.30, 24, 1, 0, 0, ) on conditions id = 1826
11:48:46 cagu001 Carina Gustafsson UPDATING data to tables `timetable` fields ( customer, employee, date, time_from, time_to, fkkn, type, status, comment ) values (mygu001, , 2019-09-18, 0.00, 6.00, 1, 3, 0, ) on conditions id = 1827
11:48:55 cagu001 Carina Gustafsson UPDATING data to tables `timetable` fields ( customer, employee, date, time_from, time_to, fkkn, type, status, comment ) values (mygu001, , 2019-09-18, 6.00, 8.30, 1, 0, 0, ) on conditions id = 1828
11:49:05 cagu001 Carina Gustafsson UPDATING data to tables `timetable` fields ( customer, employee, date, time_from, time_to, fkkn, type, status, comment ) values (mygu001, , 2019-09-20, 7.30, 24, 1, 0, 0, ) on conditions id = 1836
11:49:14 cagu001 Carina Gustafsson UPDATING data to tables `timetable` fields ( customer, employee, date, time_from, time_to, fkkn, type, status, comment ) values (mygu001, , 2019-09-21, 0.00, 6.00, 1, 3, 0, ) on conditions id = 1837
11:49:21 cagu001 Carina Gustafsson UPDATING data to tables `timetable` fields ( customer, employee, date, time_from, time_to, fkkn, type, status, comment ) values (mygu001, , 2019-09-21, 6.00, 9.00, 1, 0, 0, ) on conditions id = 1838
11:51:25 cagu001 Carina Gustafsson UPDATING data to tables `time2vie_cirruscommon`.`ws_sessions` fields ( user_id ) values (cagu001) on conditions session_id = a7740e40048aba0bf8bfc083afd8d3e9
11:54:50 cagu001 Carina Gustafsson UPDATING data to tables `timetable` fields ( customer, employee, date, time_from, time_to, fkkn, type, status, comment ) values (mygu001, cagu001, 2019-07-20, 8.00, 24, 1, 0, 1, ) on conditions id = 1617
11:55:01 cagu001 Carina Gustafsson UPDATING data to tables `timetable` fields ( customer, employee, date, time_from, time_to, fkkn, type, status, comment ) values (mygu001, cagu001, 2019-07-21, 0.00, 6.00, 1, 3, 1, ) on conditions id = 1618
11:55:35 cagu001 Carina Gustafsson UPDATING data to tables `timetable` fields ( customer, employee, date, time_from, time_to, fkkn, type, status, comment ) values (mygu001, cagu001, 2019-07-21, 6.00, 9.00, 1, 0, 1, ) on conditions id = 1619
12:05:20 elbe006 Elin Berntsson UPDATING data to tables `time2vie_cirruscommon`.`secondary_login` fields ( error ) values (0) on conditions username = elbe006 AND company_id = 20
12:05:20 elbe006 Elin Berntsson INSERTING data into tables `log_login` fields ( username, ip, browser ) values ( elbe006, 158.174.54.90, okhttp/3.9.1 ) => {inserted_id = 1624}
12:05:20 elbe006 Elin Berntsson DELETE data from tables `temp_session` on conditions username LIKE elbe006
12:05:20 elbe006 Elin Berntsson UPDATING data to tables `time2vie_cirruscommon`.`login` fields ( login, last_time ) values (1, 2019-06-17 12:05:20) on conditions username = elbe006
12:05:20 elbe006 Elin Berntsson UPDATING data to tables `time2vie_cirruscommon`.`secondary_login` fields ( last_login_time ) values (2019-06-17 12:05:20) on conditions username = elbe006 AND company_id = 20
12:32:35 lawa002 Lars Wåhlander UPDATING data to tables `time2vie_cirruscommon`.`secondary_login` fields ( error ) values (0) on conditions username = lawa002 AND company_id = 20
12:32:35 lawa002 Lars Wåhlander INSERTING data into tables `log_login` fields ( username, ip, browser ) values ( lawa002, 83.185.88.235, CirrusM/3 CFNetwork/978.0.7 Darwin/18.6.0 ) => {inserted_id = 1625}
12:32:35 lawa002 Lars Wåhlander DELETE data from tables `temp_session` on conditions username LIKE lawa002
12:32:35 lawa002 Lars Wåhlander UPDATING data to tables `time2vie_cirruscommon`.`login` fields ( login, last_time ) values (1, 2019-06-17 12:32:35) on conditions username = lawa002
12:32:35 lawa002 Lars Wåhlander UPDATING data to tables `time2vie_cirruscommon`.`secondary_login` fields ( last_login_time ) values (2019-06-17 12:32:35) on conditions username = lawa002 AND company_id = 20
12:32:36 lawa002 Lars Wåhlander UPDATING data to tables `time2vie_cirruscommon`.`push_notify_tokens` fields ( user_id, updated_date, error ) values (lawa002, 2019-06-17 12:32:36, 0) on conditions fcm_token = cMciIkjQto0:APA91bE0mFZ9syRxH0H9Tas6txAz8lAcS2UctPGAxnIgY9LtE7s84sR9AjeT4hfrg-T41cA5N9Vo80yzXQc6B3Sr8cQB2jG1MDlaqJfkkBpynoROrUKZYwhJ8o1nJ4O2lBKe197NqBpq AND device_id = A683A1BD-8A9A-4458-A762-1F517F9312EA #Mobile-App: Log-id=1625
12:38:53 hejo003 Helen Jörnås UPDATING data to tables `time2vie_cirruscommon`.`secondary_login` fields ( error ) values (0) on conditions username = hejo003 AND company_id = 20
12:38:53 hejo003 Helen Jörnås INSERTING data into tables `log_login` fields ( username, ip, browser ) values ( hejo003, 90.224.82.244, okhttp/3.9.1 ) => {inserted_id = 1626}
12:38:53 hejo003 Helen Jörnås DELETE data from tables `temp_session` on conditions username LIKE hejo003
12:38:53 hejo003 Helen Jörnås UPDATING data to tables `time2vie_cirruscommon`.`login` fields ( login, last_time ) values (1, 2019-06-17 12:38:53) on conditions username = hejo003
12:38:53 hejo003 Helen Jörnås UPDATING data to tables `time2vie_cirruscommon`.`secondary_login` fields ( last_login_time ) values (2019-06-17 12:38:53) on conditions username = hejo003 AND company_id = 20
12:46:18 lisz001 Linnéa Szendera UPDATING data to tables `time2vie_cirruscommon`.`secondary_login` fields ( error ) values (0) on conditions username = lisz001 AND company_id = 20
12:46:18 lisz001 Linnéa Szendera INSERTING data into tables `log_login` fields ( username, ip, browser ) values ( lisz001, 94.234.46.17, okhttp/3.9.1 ) => {inserted_id = 1627}
12:46:18 lisz001 Linnéa Szendera DELETE data from tables `temp_session` on conditions username LIKE lisz001
12:46:18 lisz001 Linnéa Szendera UPDATING data to tables `time2vie_cirruscommon`.`login` fields ( login, last_time ) values (1, 2019-06-17 12:46:18) on conditions username = lisz001
12:46:18 lisz001 Linnéa Szendera UPDATING data to tables `time2vie_cirruscommon`.`secondary_login` fields ( last_login_time ) values (2019-06-17 12:46:18) on conditions username = lisz001 AND company_id = 20
13:12:54 biwa003 Birgitta Wåhlander UPDATING data to tables `timetable` fields ( status, employee, alloc_emp ) values (1, anka019, biwa003) on conditions id = 1993
13:14:46 biwa003 Birgitta Wåhlander UPDATING data to tables `timetable` fields ( customer, employee, date, time_from, time_to, fkkn, type, status, comment ) values (chwa001, anka019, 2019-07-30, 7.15, 18.15, 1, 0, 1, ) on conditions id = 773
13:15:18 biwa003 Birgitta Wåhlander UPDATING data to tables `timetable` fields ( status, employee, alloc_emp ) values (1, anka019, biwa003) on conditions id = 1994
13:15:32 biwa003 Birgitta Wåhlander UPDATING data to tables `timetable` fields ( status, employee, alloc_emp ) values (1, lawa002, biwa003) on conditions id = 773
13:28:40 elbe006 Elin Berntsson UPDATING data to tables `time2vie_cirruscommon`.`secondary_login` fields ( error ) values (0) on conditions username = elbe006 AND company_id = 20
13:28:40 elbe006 Elin Berntsson INSERTING data into tables `log_login` fields ( username, ip, browser ) values ( elbe006, 158.174.54.90, okhttp/3.9.1 ) => {inserted_id = 1628}
13:28:40 elbe006 Elin Berntsson DELETE data from tables `temp_session` on conditions username LIKE elbe006
13:28:41 elbe006 Elin Berntsson UPDATING data to tables `time2vie_cirruscommon`.`login` fields ( login, last_time ) values (1, 2019-06-17 13:28:40) on conditions username = elbe006
13:28:41 elbe006 Elin Berntsson UPDATING data to tables `time2vie_cirruscommon`.`secondary_login` fields ( last_login_time ) values (2019-06-17 13:28:40) on conditions username = elbe006 AND company_id = 20
14:18:29 cagu001 Carina Gustafsson UPDATING data to tables `timetable` fields ( customer, employee, date, time_from, time_to, fkkn, type, status, comment ) values (mygu001, loli005, 2019-06-24, 7.30, 18.00, 1, 0, 1, ) on conditions id = 1881
14:18:48 cagu001 Carina Gustafsson UPDATING data to tables `timetable` fields ( customer, employee, date, time_from, time_to, fkkn, type, status, comment ) values (mygu001, , 2019-06-30, 8.00, 24, 1, 0, 0, ) on conditions id = 1545
14:19:16 cagu001 Carina Gustafsson UPDATING data to tables `timetable` fields ( customer, employee, date, time_from, time_to, fkkn, type, status, comment ) values (mygu001, loli005, 2019-06-28, 7.30, 17.00, 1, 0, 1, ) on conditions id = 1868
14:20:21 cagu001 Carina Gustafsson UPDATING data to tables `timetable` fields ( customer, employee, date, time_from, time_to, fkkn, type, status, comment ) values (mygu001, loli005, 2019-06-28, 7.30, 17.15, 1, 0, 1, ) on conditions id = 1868
14:21:30 cagu001 Carina Gustafsson UPDATING data to tables `timetable` fields ( customer, employee, date, time_from, time_to, fkkn, type, status, comment ) values (mygu001, , 2019-07-01, 0.00, 6.00, 1, 3, 0, ) on conditions id = 1546
14:21:43 cagu001 Carina Gustafsson UPDATING data to tables `timetable` fields ( customer, employee, date, time_from, time_to, fkkn, type, status, comment ) values (mygu001, , 2019-07-01, 6.00, 8.30, 1, 0, 0, ) on conditions id = 1547
14:22:05 lisz001 Linnéa Szendera UPDATING data to tables `time2vie_cirruscommon`.`secondary_login` fields ( error ) values (0) on conditions username = lisz001 AND company_id = 20
14:22:05 lisz001 Linnéa Szendera INSERTING data into tables `log_login` fields ( username, ip, browser ) values ( lisz001, 94.234.46.17, okhttp/3.9.1 ) => {inserted_id = 1629}
14:22:05 lisz001 Linnéa Szendera DELETE data from tables `temp_session` on conditions username LIKE lisz001
14:22:05 lisz001 Linnéa Szendera UPDATING data to tables `time2vie_cirruscommon`.`login` fields ( login, last_time ) values (1, 2019-06-17 14:22:05) on conditions username = lisz001
14:22:05 lisz001 Linnéa Szendera UPDATING data to tables `time2vie_cirruscommon`.`secondary_login` fields ( last_login_time ) values (2019-06-17 14:22:05) on conditions username = lisz001 AND company_id = 20
14:22:22 cagu001 Carina Gustafsson UPDATING data to tables `timetable` fields ( customer, employee, date, time_from, time_to, fkkn, type, status, comment ) values (mygu001, loli005, 2019-07-01, 7.30, 18.00, 1, 0, 1, ) on conditions id = 1871
14:22:36 cagu001 Carina Gustafsson UPDATING data to tables `timetable` fields ( customer, employee, date, time_from, time_to, fkkn, type, status, comment ) values (mygu001, loli005, 2019-07-02, 7.30, 18.00, 1, 0, 1, ) on conditions id = 1552
14:23:15 cagu001 Carina Gustafsson UPDATING data to tables `time2vie_cirruscommon`.`ws_sessions` fields ( user_id ) values (cagu001) on conditions session_id = a7740e40048aba0bf8bfc083afd8d3e9
14:57:09 gaan001 Gabriel Andersson UPDATING data to tables `time2vie_cirruscommon`.`secondary_login` fields ( error ) values (0) on conditions username = gaan001 AND company_id = 20
14:57:09 gaan001 Gabriel Andersson INSERTING data into tables `log_login` fields ( username, ip, browser ) values ( gaan001, 94.103.194.75, CirrusM/3 CFNetwork/978.0.7 Darwin/18.6.0 ) => {inserted_id = 1630}
14:57:09 gaan001 Gabriel Andersson DELETE data from tables `temp_session` on conditions username LIKE gaan001
14:57:09 gaan001 Gabriel Andersson UPDATING data to tables `time2vie_cirruscommon`.`login` fields ( login, last_time ) values (1, 2019-06-17 14:57:09) on conditions username = gaan001
14:57:09 gaan001 Gabriel Andersson UPDATING data to tables `time2vie_cirruscommon`.`secondary_login` fields ( last_login_time ) values (2019-06-17 14:57:09) on conditions username = gaan001 AND company_id = 20
14:57:09 gaan001 Gabriel Andersson UPDATING data to tables `time2vie_cirruscommon`.`push_notify_tokens` fields ( user_id, updated_date, error ) values (gaan001, 2019-06-17 14:57:09, 0) on conditions fcm_token = e51KWK9giv8:APA91bGHMno1HPtH6vgtvvNaxonNc-Bkvswgm2aT4OLq90CDlFw9H2dIl7Li18JiNkP-7pUOuc6Xu8RcoS51Ilqi8H-pAIQ3wxAPozVZ-o4Xh8AcIjJdCzDdKjcmheiVAB_gYeBo2P0d AND device_id = 2639B8CA-61CF-4C5F-AF35-FA532A697892 #Mobile-App: Log-id=1630
15:05:24 lisz001 Linnéa Szendera UPDATING data to tables `time2vie_cirruscommon`.`secondary_login` fields ( error ) values (0) on conditions username = lisz001 AND company_id = 20
15:05:24 lisz001 Linnéa Szendera INSERTING data into tables `log_login` fields ( username, ip, browser ) values ( lisz001, 94.234.46.17, okhttp/3.9.1 ) => {inserted_id = 1631}
15:05:24 lisz001 Linnéa Szendera DELETE data from tables `temp_session` on conditions username LIKE lisz001
15:05:24 lisz001 Linnéa Szendera UPDATING data to tables `time2vie_cirruscommon`.`login` fields ( login, last_time ) values (1, 2019-06-17 15:05:24) on conditions username = lisz001
15:05:24 lisz001 Linnéa Szendera UPDATING data to tables `time2vie_cirruscommon`.`secondary_login` fields ( last_login_time ) values (2019-06-17 15:05:24) on conditions username = lisz001 AND company_id = 20
15:15:30 biwa003 Birgitta Wåhlander INSERTING data into tables `log_login` fields ( username, ip, browser ) values ( biwa003, 193.234.72.157, Mozilla/5.0 (Windows NT 10.0; Win64; x64) AppleWebKit/537.36 (KHTML, like Gecko) Chrome/74.0.3729.169 Safari/537.36 ) => {inserted_id = 1632}
15:15:30 biwa003 Birgitta Wåhlander DELETE data from tables `temp_session` on conditions username LIKE biwa003
15:15:30 biwa003 Birgitta Wåhlander UPDATING data to tables `time2vie_cirruscommon`.`login` fields ( login, last_time ) values (1, 2019-06-17 15:15:30) on conditions username = biwa003
15:15:30 biwa003 Birgitta Wåhlander UPDATING data to tables `time2vie_cirruscommon`.`secondary_login` fields ( last_login_time ) values (2019-06-17 15:15:30) on conditions username = biwa003 AND company_id = 20
15:15:30 biwa003 Birgitta Wåhlander UPDATING data to tables `time2vie_cirruscommon`.`ws_sessions` fields ( user_id ) values (biwa003) on conditions session_id = f60c3efc97beca23968e788f18133ac5
15:34:35 anka019 Anna Kawalya Westerberg INSERTING data into tables `log_login` fields ( username, ip, browser ) values ( anka019, 94.234.44.67, Mozilla/5.0 (iPhone; CPU iPhone OS 12_1_4 like Mac OS X) AppleWebKit/605.1.15 (KHTML, like Gecko) Version/12.0 Mobile/15E148 Safari/604.1 ) => {inserted_id = 1633}
15:34:35 anka019 Anna Kawalya Westerberg DELETE data from tables `temp_session` on conditions username LIKE anka019
15:34:35 anka019 Anna Kawalya Westerberg UPDATING data to tables `time2vie_cirruscommon`.`login` fields ( login, last_time ) values (1, 2019-06-17 15:34:35) on conditions username = anka019
15:34:35 anka019 Anna Kawalya Westerberg UPDATING data to tables `time2vie_cirruscommon`.`secondary_login` fields ( last_login_time ) values (2019-06-17 15:34:35) on conditions username = anka019 AND company_id = 20
15:34:36 anka019 Anna Kawalya Westerberg UPDATING data to tables `time2vie_cirruscommon`.`ws_sessions` fields ( user_id ) values (anka019) on conditions session_id = 681c55cd2b304751d393c5fb8a455d89
15:35:35 biwa003 Birgitta Wåhlander UPDATING data to tables `sick_form_defaults` fields ( uppdrag, fullmakt, check_values, reference_number ) values (, 0||0, 0||0||0||0, 1 : 05-11) on conditions customer = mygu001
15:35:35 biwa003 Birgitta Wåhlander INSERTING data into tables `history_sick_report` fields ( employee, customer, file ) values ( saan012, mygu001, Sick_mygu001_377647657.pdf ) => {inserted_id = 2}
15:48:29 biwa003 Birgitta Wåhlander INSERTING data into tables `sick_form_defaults` fields ( customer, uppdrag, fullmakt, check_values, reference_number ) values ( tibe002, , 0||0, 0||0||0||0, 6 :  ) => {inserted_id = 2}
15:48:31 biwa003 Birgitta Wåhlander INSERTING data into tables `history_sick_report` fields ( employee, customer, file ) values ( masv008, tibe002, Sick_tibe002_660267362.pdf ) => {inserted_id = 3}
15:52:19 biwa003 Birgitta Wåhlander UPDATING data to tables `sick_form_defaults` fields ( uppdrag, fullmakt, check_values, reference_number ) values (, 0||0, 0||0||0||0, 1 : 05-20) on conditions customer = mygu001
15:52:20 biwa003 Birgitta Wåhlander INSERTING data into tables `history_sick_report` fields ( employee, customer, file ) values ( lisz001, mygu001, Sick_mygu001_1000108415.pdf ) => {inserted_id = 4}
16:38:54 cagu001 Carina Gustafsson DELETE data from tables `temp_session` on conditions username LIKE cagu001
16:38:54 cagu001 Carina Gustafsson UPDATING data to tables `time2vie_cirruscommon`.`login` fields ( login, last_time ) values (0, 2019-06-17 16:38:54) on conditions username = cagu001
16:38:54 cagu001 Carina Gustafsson UPDATING data to tables `time2vie_cirruscommon`.`secondary_login` fields ( last_login_time ) values (2019-06-17 16:38:54) on conditions username = cagu001 AND company_id = 20
16:38:54   UPDATING data to tables `log_login` fields ( logout_time ) values (2019-06-17:14:38:54) on conditions id = 1622 AND username = cagu001
16:55:00 anka019 Anna Kawalya Westerberg INSERTING data into tables `log_login` fields ( username, ip, browser ) values ( anka019, 78.71.186.230, Mozilla/5.0 (iPhone; CPU iPhone OS 12_1_4 like Mac OS X) AppleWebKit/605.1.15 (KHTML, like Gecko) Version/12.0 Mobile/15E148 Safari/604.1 ) => {inserted_id = 1634}
16:55:00 anka019 Anna Kawalya Westerberg DELETE data from tables `temp_session` on conditions username LIKE anka019
16:55:00 anka019 Anna Kawalya Westerberg UPDATING data to tables `time2vie_cirruscommon`.`login` fields ( login, last_time ) values (1, 2019-06-17 16:55:00) on conditions username = anka019
16:55:00 anka019 Anna Kawalya Westerberg UPDATING data to tables `time2vie_cirruscommon`.`secondary_login` fields ( last_login_time ) values (2019-06-17 16:55:00) on conditions username = anka019 AND company_id = 20
16:55:01 anka019 Anna Kawalya Westerberg UPDATING data to tables `time2vie_cirruscommon`.`ws_sessions` fields ( user_id ) values (anka019) on conditions session_id = e3c6a1586e4b98b430df213058424f87
16:57:37 kaha003 Kalina Hajnold INSERTING data into tables `log_login` fields ( username, ip, browser ) values ( kaha003, 77.53.58.49, Mozilla/5.0 (iPhone; CPU iPhone OS 12_3_1 like Mac OS X) AppleWebKit/605.1.15 (KHTML, like Gecko) Version/12.1.1 Mobile/15E148 Safari/604.1 ) => {inserted_id = 1635}
16:57:37 kaha003 Kalina Hajnold DELETE data from tables `temp_session` on conditions username LIKE kaha003
16:57:37 kaha003 Kalina Hajnold UPDATING data to tables `time2vie_cirruscommon`.`login` fields ( login, last_time ) values (1, 2019-06-17 16:57:37) on conditions username = kaha003
16:57:37 kaha003 Kalina Hajnold UPDATING data to tables `time2vie_cirruscommon`.`secondary_login` fields ( last_login_time ) values (2019-06-17 16:57:37) on conditions username = kaha003 AND company_id = 20
16:57:38 kaha003 Kalina Hajnold INSERTING data into tables `log_login` fields ( username, ip, browser ) values ( kaha003, 77.53.58.49, Mozilla/5.0 (iPhone; CPU iPhone OS 12_3_1 like Mac OS X) AppleWebKit/605.1.15 (KHTML, like Gecko) Version/12.1.1 Mobile/15E148 Safari/604.1 ) => {inserted_id = 1636}
16:57:38 kaha003 Kalina Hajnold DELETE data from tables `temp_session` on conditions username LIKE kaha003
16:57:38 kaha003 Kalina Hajnold UPDATING data to tables `time2vie_cirruscommon`.`login` fields ( login, last_time ) values (1, 2019-06-17 16:57:38) on conditions username = kaha003
16:57:38 kaha003 Kalina Hajnold UPDATING data to tables `time2vie_cirruscommon`.`secondary_login` fields ( last_login_time ) values (2019-06-17 16:57:38) on conditions username = kaha003 AND company_id = 20
16:57:39 kaha003 Kalina Hajnold UPDATING data to tables `time2vie_cirruscommon`.`ws_sessions` fields ( user_id ) values (kaha003) on conditions session_id = 8c69e5ac2546c709e71fa5694282cdf9
17:04:33 frem001 Frida Emilsson UPDATING data to tables `time2vie_cirruscommon`.`secondary_login` fields ( error ) values (0) on conditions username = frem001 AND company_id = 20
17:04:33 frem001 Frida Emilsson INSERTING data into tables `log_login` fields ( username, ip, browser ) values ( frem001, 94.103.196.8, CirrusM/3 CFNetwork/978.0.7 Darwin/18.6.0 ) => {inserted_id = 1637}
17:04:33 frem001 Frida Emilsson DELETE data from tables `temp_session` on conditions username LIKE frem001
17:04:33 frem001 Frida Emilsson UPDATING data to tables `time2vie_cirruscommon`.`login` fields ( login, last_time ) values (1, 2019-06-17 17:04:33) on conditions username = frem001
17:04:33 frem001 Frida Emilsson UPDATING data to tables `time2vie_cirruscommon`.`secondary_login` fields ( last_login_time ) values (2019-06-17 17:04:33) on conditions username = frem001 AND company_id = 20
17:04:34 frem001 Frida Emilsson UPDATING data to tables `time2vie_cirruscommon`.`push_notify_tokens` fields ( user_id, updated_date, error ) values (frem001, 2019-06-17 17:04:34, 0) on conditions fcm_token = dCljNNoCqwo:APA91bGgskybNbzrnyyEzVP3RsolU22zyq7Sxvqv5jXJttelq2jad7BHU8Cx46pB_4KA7ad-bUQ3PFnLVw7Qnvgl6RDECBZ8pZSBqgNGGYxVh98OUrD1O4xTWUusxl21fz1YxLoeZlpA AND device_id = 72F0A152-3F3F-4AE7-B811-5FCCCCF3CAD7 #Mobile-App: Log-id=1637
17:04:51 anka019 Anna Kawalya Westerberg INSERTING data into tables `log_login` fields ( username, ip, browser ) values ( anka019, 78.71.186.230, Mozilla/5.0 (iPhone; CPU iPhone OS 12_1_4 like Mac OS X) AppleWebKit/605.1.15 (KHTML, like Gecko) Version/12.0 Mobile/15E148 Safari/604.1 ) => {inserted_id = 1638}
17:04:51 anka019 Anna Kawalya Westerberg DELETE data from tables `temp_session` on conditions username LIKE anka019
17:04:51 anka019 Anna Kawalya Westerberg UPDATING data to tables `time2vie_cirruscommon`.`login` fields ( login, last_time ) values (1, 2019-06-17 17:04:51) on conditions username = anka019
17:04:51 anka019 Anna Kawalya Westerberg UPDATING data to tables `time2vie_cirruscommon`.`secondary_login` fields ( last_login_time ) values (2019-06-17 17:04:51) on conditions username = anka019 AND company_id = 20
17:04:51 anka019 Anna Kawalya Westerberg UPDATING data to tables `time2vie_cirruscommon`.`ws_sessions` fields ( user_id ) values (anka019) on conditions session_id = f350a33c448f8d276fa46fa67366710b
17:14:32 gaan001 Gabriel Andersson UPDATING data to tables `time2vie_cirruscommon`.`secondary_login` fields ( error ) values (0) on conditions username = gaan001 AND company_id = 20
17:14:32 gaan001 Gabriel Andersson INSERTING data into tables `log_login` fields ( username, ip, browser ) values ( gaan001, 94.103.194.75, CirrusM/3 CFNetwork/978.0.7 Darwin/18.6.0 ) => {inserted_id = 1639}
17:14:32 gaan001 Gabriel Andersson DELETE data from tables `temp_session` on conditions username LIKE gaan001
17:14:32 gaan001 Gabriel Andersson UPDATING data to tables `time2vie_cirruscommon`.`login` fields ( login, last_time ) values (1, 2019-06-17 17:14:32) on conditions username = gaan001
17:14:32 gaan001 Gabriel Andersson UPDATING data to tables `time2vie_cirruscommon`.`secondary_login` fields ( last_login_time ) values (2019-06-17 17:14:32) on conditions username = gaan001 AND company_id = 20
17:14:32 gaan001 Gabriel Andersson UPDATING data to tables `time2vie_cirruscommon`.`push_notify_tokens` fields ( user_id, updated_date, error ) values (gaan001, 2019-06-17 17:14:32, 0) on conditions fcm_token = e51KWK9giv8:APA91bGHMno1HPtH6vgtvvNaxonNc-Bkvswgm2aT4OLq90CDlFw9H2dIl7Li18JiNkP-7pUOuc6Xu8RcoS51Ilqi8H-pAIQ3wxAPozVZ-o4Xh8AcIjJdCzDdKjcmheiVAB_gYeBo2P0d AND device_id = 2639B8CA-61CF-4C5F-AF35-FA532A697892 #Mobile-App: Log-id=1639
18:02:19 mygu002 My Gustafsson INSERTING data into tables `log_login` fields ( username, ip, browser ) values ( mygu002, 83.209.27.1, Mozilla/5.0 (Windows NT 10.0; Win64; x64) AppleWebKit/537.36 (KHTML, like Gecko) Chrome/74.0.3729.169 Safari/537.36 ) => {inserted_id = 1640}
18:02:19 mygu002 My Gustafsson DELETE data from tables `temp_session` on conditions username LIKE mygu002
18:02:20 mygu002 My Gustafsson UPDATING data to tables `time2vie_cirruscommon`.`login` fields ( login, last_time ) values (1, 2019-06-17 18:02:19) on conditions username = mygu002
18:02:20 mygu002 My Gustafsson UPDATING data to tables `time2vie_cirruscommon`.`secondary_login` fields ( last_login_time ) values (2019-06-17 18:02:19) on conditions username = mygu002 AND company_id = 20
18:02:20 mygu002 My Gustafsson UPDATING data to tables `time2vie_cirruscommon`.`ws_sessions` fields ( user_id ) values (mygu002) on conditions session_id = 1a76786e5ce4f5bd5df6c510cdf14661
18:06:22 mato007 Mattias Torbiörnson UPDATING data to tables `time2vie_cirruscommon`.`secondary_login` fields ( error ) values (0) on conditions username = mato007 AND company_id = 20
18:06:22 mato007 Mattias Torbiörnson INSERTING data into tables `log_login` fields ( username, ip, browser ) values ( mato007, 94.234.42.125, CirrusM/3 CFNetwork/978.0.7 Darwin/18.6.0 ) => {inserted_id = 1641}
18:06:22 mato007 Mattias Torbiörnson DELETE data from tables `temp_session` on conditions username LIKE mato007
18:06:22 mato007 Mattias Torbiörnson UPDATING data to tables `time2vie_cirruscommon`.`login` fields ( login, last_time ) values (1, 2019-06-17 18:06:22) on conditions username = mato007
18:06:22 mato007 Mattias Torbiörnson UPDATING data to tables `time2vie_cirruscommon`.`secondary_login` fields ( last_login_time ) values (2019-06-17 18:06:22) on conditions username = mato007 AND company_id = 20
18:06:22 mato007 Mattias Torbiörnson UPDATING data to tables `time2vie_cirruscommon`.`push_notify_tokens` fields ( user_id, updated_date, error ) values (mato007, 2019-06-17 18:06:22, 0) on conditions fcm_token = (null) AND device_id = 0E77902D-FC69-4F3F-9F41-A3BD80129544 #Mobile-App: Log-id=1641
18:19:21 kape007  UPDATING data to tables `time2vie_cirruscommon`.`secondary_login` fields ( error ) values (1) on conditions username = kape007 AND company_id = 20
18:22:30 kape007 Karin Pearson UPDATING data to tables `time2vie_cirruscommon`.`secondary_login` fields ( error ) values (0) on conditions username = kape007 AND company_id = 20
18:22:30 kape007 Karin Pearson INSERTING data into tables `log_login` fields ( username, ip, browser ) values ( kape007, 94.103.195.215, Mozilla/5.0 (Linux; Android 5.1.1; SAMSUNG SM-J320FN Build/LMY47V) AppleWebKit/537.36 (KHTML, like Gecko) SamsungBrowser/3.5 Chrome/38.0.2125.102 Mobile Safari/537.36 ) => {inserted_id = 1642}
18:22:30 kape007 Karin Pearson DELETE data from tables `temp_session` on conditions username LIKE kape007
18:22:30 kape007 Karin Pearson UPDATING data to tables `time2vie_cirruscommon`.`login` fields ( login, last_time ) values (1, 2019-06-17 18:22:30) on conditions username = kape007
18:22:30 kape007 Karin Pearson UPDATING data to tables `time2vie_cirruscommon`.`secondary_login` fields ( last_login_time ) values (2019-06-17 18:22:30) on conditions username = kape007 AND company_id = 20
18:23:10 kape007 Karin Pearson UPDATING data to tables `time2vie_cirruscommon`.`ws_sessions` fields ( user_id ) values (kape007) on conditions session_id = c3a8a6341a75968bc06095d69b4e7fb9
18:24:50 kape007 Karin Pearson UPDATING data to tables `time2vie_cirruscommon`.`ws_sessions` fields ( user_id ) values (kape007) on conditions session_id = c3a8a6341a75968bc06095d69b4e7fb9
18:26:03 kape007 Karin Pearson UPDATING data to tables `time2vie_cirruscommon`.`ws_sessions` fields ( user_id ) values (kape007) on conditions session_id = c3a8a6341a75968bc06095d69b4e7fb9
18:26:29 kape007 Karin Pearson UPDATING data to tables `time2vie_cirruscommon`.`ws_sessions` fields ( user_id ) values (kape007) on conditions session_id = c3a8a6341a75968bc06095d69b4e7fb9
18:56:41 mygu002 My Gustafsson DELETE data from tables `temp_session` on conditions username LIKE mygu002
18:56:41 mygu002 My Gustafsson UPDATING data to tables `time2vie_cirruscommon`.`login` fields ( login, last_time ) values (0, 2019-06-17 18:56:41) on conditions username = mygu002
18:56:41 mygu002 My Gustafsson UPDATING data to tables `time2vie_cirruscommon`.`secondary_login` fields ( last_login_time ) values (2019-06-17 18:56:41) on conditions username = mygu002 AND company_id = 20
18:56:41   UPDATING data to tables `log_login` fields ( logout_time ) values (2019-06-17:16:56:41) on conditions id = 1640 AND username = mygu002
19:29:42 lisz001 Linnéa Szendera UPDATING data to tables `time2vie_cirruscommon`.`secondary_login` fields ( error ) values (0) on conditions username = lisz001 AND company_id = 20
19:29:42 lisz001 Linnéa Szendera INSERTING data into tables `log_login` fields ( username, ip, browser ) values ( lisz001, 217.215.236.61, okhttp/3.9.1 ) => {inserted_id = 1643}
19:29:42 lisz001 Linnéa Szendera DELETE data from tables `temp_session` on conditions username LIKE lisz001
19:29:42 lisz001 Linnéa Szendera UPDATING data to tables `time2vie_cirruscommon`.`login` fields ( login, last_time ) values (1, 2019-06-17 19:29:42) on conditions username = lisz001
19:29:42 lisz001 Linnéa Szendera UPDATING data to tables `time2vie_cirruscommon`.`secondary_login` fields ( last_login_time ) values (2019-06-17 19:29:42) on conditions username = lisz001 AND company_id = 20
19:49:03 biwa003 Birgitta Wåhlander INSERTING data into tables `log_login` fields ( username, ip, browser ) values ( biwa003, 185.27.165.66, Mozilla/5.0 (Windows NT 6.1; Win64; x64) AppleWebKit/537.36 (KHTML, like Gecko) Chrome/74.0.3729.169 Safari/537.36 ) => {inserted_id = 1644}
19:49:03 biwa003 Birgitta Wåhlander DELETE data from tables `temp_session` on conditions username LIKE biwa003
19:49:03 biwa003 Birgitta Wåhlander UPDATING data to tables `time2vie_cirruscommon`.`login` fields ( login, last_time ) values (1, 2019-06-17 19:49:03) on conditions username = biwa003
19:49:04 biwa003 Birgitta Wåhlander UPDATING data to tables `time2vie_cirruscommon`.`secondary_login` fields ( last_login_time ) values (2019-06-17 19:49:03) on conditions username = biwa003 AND company_id = 20
19:49:04 biwa003 Birgitta Wåhlander UPDATING data to tables `time2vie_cirruscommon`.`ws_sessions` fields ( user_id ) values (biwa003) on conditions session_id = 4a76419b9af8a370323460d64b27d782
19:49:50 biwa003 Birgitta Wåhlander UPDATING data to tables `timetable` fields ( status ) values (2) on conditions id = 545
19:49:50 biwa003 Birgitta Wåhlander INSERTING data into tables `timetable` fields ( customer, date, time_from, time_to, type, fkkn, comment, alloc_emp, relation_id, employee, status ) values ( chwa001, 2019-06-18, 7.00, 15.30, 0, 1, , biwa003, 545, lawa002, 1 ) => {inserted_id = 2263}
19:49:50 biwa003 Birgitta Wåhlander INSERTING data into tables `leave` fields ( group_id, employee, date, time_from, time_to, type, comment, appr_emp, status, no_pay ) values ( 254, thgu002, 2019-06-18, 7, 15.3, 1, , biwa003, 1, 0 ) => {inserted_id = 482}
19:51:48 biwa003 Birgitta Wåhlander UPDATING data to tables `time2vie_cirruscommon`.`ws_sessions` fields ( user_id ) values (biwa003) on conditions session_id = 4a76419b9af8a370323460d64b27d782
20:19:17 cagu001 Carina Gustafsson UPDATING data to tables `time2vie_cirruscommon`.`secondary_login` fields ( error ) values (0) on conditions username = cagu001 AND company_id = 20
20:19:17 cagu001 Carina Gustafsson INSERTING data into tables `log_login` fields ( username, ip, browser ) values ( cagu001, 176.10.245.4, okhttp/3.9.1 ) => {inserted_id = 1645}
20:19:17 cagu001 Carina Gustafsson DELETE data from tables `temp_session` on conditions username LIKE cagu001
20:19:17 cagu001 Carina Gustafsson UPDATING data to tables `time2vie_cirruscommon`.`login` fields ( login, last_time ) values (1, 2019-06-17 20:19:17) on conditions username = cagu001
20:19:17 cagu001 Carina Gustafsson UPDATING data to tables `time2vie_cirruscommon`.`secondary_login` fields ( last_login_time ) values (2019-06-17 20:19:17) on conditions username = cagu001 AND company_id = 20
20:28:09 hejo003 Helen Jörnås UPDATING data to tables `time2vie_cirruscommon`.`secondary_login` fields ( error ) values (0) on conditions username = hejo003 AND company_id = 20
20:28:09 hejo003 Helen Jörnås INSERTING data into tables `log_login` fields ( username, ip, browser ) values ( hejo003, 185.27.164.39, okhttp/3.9.1 ) => {inserted_id = 1646}
20:28:09 hejo003 Helen Jörnås DELETE data from tables `temp_session` on conditions username LIKE hejo003
20:28:10 hejo003 Helen Jörnås UPDATING data to tables `time2vie_cirruscommon`.`login` fields ( login, last_time ) values (1, 2019-06-17 20:28:09) on conditions username = hejo003
20:28:10 hejo003 Helen Jörnås UPDATING data to tables `time2vie_cirruscommon`.`secondary_login` fields ( last_login_time ) values (2019-06-17 20:28:09) on conditions username = hejo003 AND company_id = 20
23:14:51 emja001 Emilia Jacobsson INSERTING data into tables `log_login` fields ( username, ip, browser ) values ( emja001, 83.185.85.82, Mozilla/5.0 (iPhone; CPU iPhone OS 12_2 like Mac OS X) AppleWebKit/605.1.15 (KHTML, like Gecko) Version/12.1 Mobile/15E148 Safari/604.1 ) => {inserted_id = 1647}
23:14:51 emja001 Emilia Jacobsson DELETE data from tables `temp_session` on conditions username LIKE emja001
23:14:51 emja001 Emilia Jacobsson UPDATING data to tables `time2vie_cirruscommon`.`login` fields ( login, last_time ) values (1, 2019-06-17 23:14:51) on conditions username = emja001
23:14:51 emja001 Emilia Jacobsson UPDATING data to tables `time2vie_cirruscommon`.`secondary_login` fields ( last_login_time ) values (2019-06-17 23:14:51) on conditions username = emja001 AND company_id = 20
23:14:52 emja001 Emilia Jacobsson UPDATING data to tables `time2vie_cirruscommon`.`ws_sessions` fields ( user_id ) values (emja001) on conditions session_id = 2d4e6d34aff654fdf1e78e59456832b7
