07:06:50 anka019 Anna Kawalya Westerberg INSERTING data into tables `log_login` fields ( username, ip, browser ) values ( anka019, 94.103.194.75, Mozilla/5.0 (iPhone; CPU iPhone OS 12_3_2 like Mac OS X) AppleWebKit/605.1.15 (KHTML, like Gecko) Version/12.1.1 Mobile/15E148 Safari/604.1 ) => {inserted_id = 4879}
07:06:50 anka019 Anna Kawalya Westerberg DELETE data from tables `temp_session` on conditions username LIKE anka019
07:06:50 anka019 Anna Kawalya Westerberg UPDATING data to tables `time2vie_cirruscommon`.`login` fields ( login, last_time ) values (1, 2019-10-28 07:06:50) on conditions username = anka019
07:06:50 anka019 Anna Kawalya Westerberg UPDATING data to tables `time2vie_cirruscommon`.`secondary_login` fields ( last_login_time ) values (2019-10-28 07:06:50) on conditions username = anka019 AND company_id = 20
07:06:51 anka019 Anna Kawalya Westerberg UPDATING data to tables `time2vie_cirruscommon`.`ws_sessions` fields ( user_id ) values (anka019) on conditions session_id = 772d03cec7296fef0495144ea6b29ab4
08:22:43 peka002 Petronella Karlsson UPDATING data to tables `time2vie_cirruscommon`.`secondary_login` fields ( error ) values (0) on conditions username = peka002 AND company_id = 20
08:22:43 peka002 Petronella Karlsson INSERTING data into tables `log_login` fields ( username, ip, browser ) values ( peka002, 94.234.52.231, Time2View/1 CFNetwork/1107.1 Darwin/19.0.0 ) => {inserted_id = 4880}
08:22:43 peka002 Petronella Karlsson DELETE data from tables `temp_session` on conditions username LIKE peka002
08:22:43 peka002 Petronella Karlsson UPDATING data to tables `time2vie_cirruscommon`.`login` fields ( login, last_time ) values (1, 2019-10-28 08:22:43) on conditions username = peka002
08:22:43 peka002 Petronella Karlsson UPDATING data to tables `time2vie_cirruscommon`.`secondary_login` fields ( last_login_time ) values (2019-10-28 08:22:43) on conditions username = peka002 AND company_id = 20
08:35:28 gaan001 Gabriel Andersson UPDATING data to tables `time2vie_cirruscommon`.`secondary_login` fields ( error ) values (0) on conditions username = gaan001 AND company_id = 20
08:35:28 gaan001 Gabriel Andersson INSERTING data into tables `log_login` fields ( username, ip, browser ) values ( gaan001, 217.73.108.115, CirrusM/3 CFNetwork/1107.1 Darwin/19.0.0 ) => {inserted_id = 4881}
08:35:28 gaan001 Gabriel Andersson DELETE data from tables `temp_session` on conditions username LIKE gaan001
08:35:28 gaan001 Gabriel Andersson UPDATING data to tables `time2vie_cirruscommon`.`login` fields ( login, last_time ) values (1, 2019-10-28 08:35:28) on conditions username = gaan001
08:35:28 gaan001 Gabriel Andersson UPDATING data to tables `time2vie_cirruscommon`.`secondary_login` fields ( last_login_time ) values (2019-10-28 08:35:28) on conditions username = gaan001 AND company_id = 20
08:35:28 gaan001 Gabriel Andersson UPDATING data to tables `time2vie_cirruscommon`.`push_notify_tokens` fields ( user_id, updated_date, error ) values (gaan001, 2019-10-28 08:35:28, 0) on conditions fcm_token = e51KWK9giv8:APA91bGHMno1HPtH6vgtvvNaxonNc-Bkvswgm2aT4OLq90CDlFw9H2dIl7Li18JiNkP-7pUOuc6Xu8RcoS51Ilqi8H-pAIQ3wxAPozVZ-o4Xh8AcIjJdCzDdKjcmheiVAB_gYeBo2P0d AND device_id = 2639B8CA-61CF-4C5F-AF35-FA532A697892 #Mobile-App: Log-id=4881
09:01:18 cagu001 Carina Gustafsson INSERTING data into tables `log_login` fields ( username, ip, browser ) values ( cagu001, 193.234.72.157, Mozilla/5.0 (Windows NT 10.0; Win64; x64) AppleWebKit/537.36 (KHTML, like Gecko) Chrome/77.0.3865.120 Safari/537.36 ) => {inserted_id = 4882}
09:01:18 cagu001 Carina Gustafsson DELETE data from tables `temp_session` on conditions username LIKE cagu001
09:01:18 cagu001 Carina Gustafsson UPDATING data to tables `time2vie_cirruscommon`.`login` fields ( login, last_time ) values (1, 2019-10-28 09:01:18) on conditions username = cagu001
09:01:18 cagu001 Carina Gustafsson UPDATING data to tables `time2vie_cirruscommon`.`secondary_login` fields ( last_login_time ) values (2019-10-28 09:01:18) on conditions username = cagu001 AND company_id = 20
09:01:19 cagu001 Carina Gustafsson UPDATING data to tables `time2vie_cirruscommon`.`ws_sessions` fields ( user_id ) values (cagu001) on conditions session_id = 3079b62178e76bd6ed62dde58b246d3e
09:04:55 peka002 Petronella Karlsson UPDATING data to tables `time2vie_cirruscommon`.`secondary_login` fields ( error ) values (0) on conditions username = peka002 AND company_id = 20
09:04:55 peka002 Petronella Karlsson INSERTING data into tables `log_login` fields ( username, ip, browser ) values ( peka002, 94.234.52.231, Time2View/1 CFNetwork/1107.1 Darwin/19.0.0 ) => {inserted_id = 4883}
09:04:55 peka002 Petronella Karlsson DELETE data from tables `temp_session` on conditions username LIKE peka002
09:04:55 peka002 Petronella Karlsson UPDATING data to tables `time2vie_cirruscommon`.`login` fields ( login, last_time ) values (1, 2019-10-28 09:04:55) on conditions username = peka002
09:04:55 peka002 Petronella Karlsson UPDATING data to tables `time2vie_cirruscommon`.`secondary_login` fields ( last_login_time ) values (2019-10-28 09:04:55) on conditions username = peka002 AND company_id = 20
09:06:46 cagu001 Carina Gustafsson UPDATING data to tables `time2vie_cirruscommon`.`secondary_login` fields ( error ) values (0) on conditions username = cagu001 AND company_id = 20
09:06:46 cagu001 Carina Gustafsson INSERTING data into tables `log_login` fields ( username, ip, browser ) values ( cagu001, 193.234.72.157, okhttp/3.9.1 ) => {inserted_id = 4884}
09:06:46 cagu001 Carina Gustafsson DELETE data from tables `temp_session` on conditions username LIKE cagu001
09:06:46 cagu001 Carina Gustafsson UPDATING data to tables `time2vie_cirruscommon`.`login` fields ( login, last_time ) values (1, 2019-10-28 09:06:46) on conditions username = cagu001
09:06:46 cagu001 Carina Gustafsson UPDATING data to tables `time2vie_cirruscommon`.`secondary_login` fields ( last_login_time ) values (2019-10-28 09:06:46) on conditions username = cagu001 AND company_id = 20
10:52:42 mowa002 Monica Walfridsson INSERTING data into tables `log_login` fields ( username, ip, browser ) values ( mowa002, 193.234.72.157, Mozilla/5.0 (Windows NT 10.0; Win64; x64) AppleWebKit/537.36 (KHTML, like Gecko) Chrome/77.0.3865.120 Safari/537.36 ) => {inserted_id = 4885}
10:52:42 mowa002 Monica Walfridsson DELETE data from tables `temp_session` on conditions username LIKE mowa002
10:52:42 mowa002 Monica Walfridsson UPDATING data to tables `time2vie_cirruscommon`.`login` fields ( login, last_time ) values (1, 2019-10-28 10:52:42) on conditions username = mowa002
10:52:42 mowa002 Monica Walfridsson UPDATING data to tables `time2vie_cirruscommon`.`secondary_login` fields ( last_login_time ) values (2019-10-28 10:52:42) on conditions username = mowa002 AND company_id = 20
10:52:42 mowa002 Monica Walfridsson UPDATING data to tables `time2vie_cirruscommon`.`ws_sessions` fields ( user_id ) values (mowa002) on conditions session_id = 92a185aaae6bd73bdb7220f25c6c3cb3
10:57:23 mowa002 Monica Walfridsson UPDATING data to tables `time2vie_cirruscommon`.`ws_sessions` fields ( user_id ) values (mowa002) on conditions session_id = 92a185aaae6bd73bdb7220f25c6c3cb3
10:57:56 mowa002 Monica Walfridsson DELETE data from tables `temp_session` on conditions username LIKE mowa002
10:57:56 mowa002 Monica Walfridsson UPDATING data to tables `time2vie_cirruscommon`.`login` fields ( login, last_time ) values (0, 2019-10-28 10:57:56) on conditions username = mowa002
10:57:56 mowa002 Monica Walfridsson UPDATING data to tables `time2vie_cirruscommon`.`secondary_login` fields ( last_login_time ) values (2019-10-28 10:57:56) on conditions username = mowa002 AND company_id = 20
10:57:56   UPDATING data to tables `log_login` fields ( logout_time ) values (2019-10-28:09:57:56) on conditions id = 4885 AND username = mowa002
10:58:20 biwa003 Birgitta Wåhlander INSERTING data into tables `log_login` fields ( username, ip, browser ) values ( biwa003, 193.234.72.157, Mozilla/5.0 (Windows NT 10.0; Win64; x64) AppleWebKit/537.36 (KHTML, like Gecko) Chrome/77.0.3865.120 Safari/537.36 ) => {inserted_id = 4886}
10:58:20 biwa003 Birgitta Wåhlander DELETE data from tables `temp_session` on conditions username LIKE biwa003
10:58:20 biwa003 Birgitta Wåhlander UPDATING data to tables `time2vie_cirruscommon`.`login` fields ( login, last_time ) values (1, 2019-10-28 10:58:20) on conditions username = biwa003
10:58:20 biwa003 Birgitta Wåhlander UPDATING data to tables `time2vie_cirruscommon`.`secondary_login` fields ( last_login_time ) values (2019-10-28 10:58:20) on conditions username = biwa003 AND company_id = 20
10:58:20 biwa003 Birgitta Wåhlander UPDATING data to tables `time2vie_cirruscommon`.`ws_sessions` fields ( user_id ) values (biwa003) on conditions session_id = 7f7996f7b04dfb4dc850b9c90f6c367b
10:59:56 biwa003 Birgitta Wåhlander UPDATING data to tables `time2vie_cirruscommon`.`ws_sessions` fields ( user_id ) values (biwa003) on conditions session_id = 7f7996f7b04dfb4dc850b9c90f6c367b
11:00:31 biwa003 Birgitta Wåhlander UPDATING data to tables `timetable` fields ( customer, employee, date, time_from, time_to, fkkn, type, status, comment ) values (chwa001, gaan001, 2019-10-07, 10.30, 18.30, 1, 7, 1, ) on conditions id = 4187
11:00:56 biwa003 Birgitta Wåhlander UPDATING data to tables `timetable` fields ( customer, employee, date, time_from, time_to, fkkn, type, status, comment ) values (chwa001, gaan001, 2019-10-07, 10.30, 18.30, 1, 0, 1, ) on conditions id = 4187
11:09:10 biwa003 Birgitta Wåhlander INSERTING data into tables `fkkn_form_defaults` fields ( customer, employee, bargaining_new, company_cp_name, company_cp_phone, provider_of_pa_flag, agreement_types_new, agreement_type2_company, agreement_type2_orgNo ) values ( stde001, , 1, , , 2, 1, ,  ) => {inserted_id = 5}
11:09:10 biwa003 Birgitta Wåhlander INSERTING data into tables `history_samsida_work_report` fields ( month, year, fkkn, customer, employee, file_name ) values ( 10, 2019, 1, stde001, , Samsida_733045659.pdf ) => {inserted_id = 42}
11:11:08 biwa003 Birgitta Wåhlander UPDATING data to tables `fkkn_form_defaults` fields ( bargaining_new, company_cp_name, company_cp_phone, provider_of_pa_flag, agreement_types_new, agreement_type2_company, agreement_type2_orgNo ) values (1, , , 2, 1, , ) on conditions customer = stde001 AND (employee =  OR employee IS NULL)
11:12:55 biwa003 Birgitta Wåhlander UPDATING data to tables `time2vie_cirruscommon`.`ws_sessions` fields ( user_id ) values (biwa003) on conditions session_id = 7f7996f7b04dfb4dc850b9c90f6c367b
11:13:30 biwa003 Birgitta Wåhlander UPDATING data to tables `fkkn_form_defaults` fields ( bargaining_new, company_cp_name, company_cp_phone, provider_of_pa_flag, agreement_types_new, agreement_type2_company, agreement_type2_orgNo ) values (2, Carina Gustafsson och Birgitta Wåhlander, 034037009, 2, 1, , ) on conditions customer = chwa001 AND (employee =  OR employee IS NULL)
11:13:30 biwa003 Birgitta Wåhlander INSERTING data into tables `history_samsida_work_report` fields ( month, year, fkkn, customer, employee, file_name ) values ( 9, 2019, 1, chwa001, , Samsida_589740344.pdf ) => {inserted_id = 43}
11:17:23 biwa003 Birgitta Wåhlander UPDATING data to tables `time2vie_cirruscommon`.`ws_sessions` fields ( user_id ) values (biwa003) on conditions session_id = 7f7996f7b04dfb4dc850b9c90f6c367b
11:19:48 cagu001 Carina Gustafsson UPDATING data to tables `time2vie_cirruscommon`.`ws_sessions` fields ( user_id ) values (cagu001) on conditions session_id = 3079b62178e76bd6ed62dde58b246d3e
11:20:39 biwa003 Birgitta Wåhlander UPDATING data to tables `fkkn_form_defaults` fields ( bargaining_new, company_cp_name, company_cp_phone, provider_of_pa_flag, agreement_types_new, agreement_type2_company, agreement_type2_orgNo ) values (2, Carina Gustafsson och Birgitta Wåhlander, 034037009, 2, 1, , ) on conditions customer = chwa001 AND (employee =  OR employee IS NULL)
11:20:52 biwa003 Birgitta Wåhlander UPDATING data to tables `fkkn_form_defaults` fields ( bargaining_new, company_cp_name, company_cp_phone, provider_of_pa_flag, agreement_types_new, agreement_type2_company, agreement_type2_orgNo ) values (2, Carina Gustafsson och Birgitta Wåhlander, 034037009, 2, 1, , ) on conditions customer = chwa001 AND (employee =  OR employee IS NULL)
11:20:53 biwa003 Birgitta Wåhlander INSERTING data into tables `history_samsida_work_report` fields ( month, year, fkkn, customer, employee, file_name ) values ( 10, 2019, 1, chwa001, , Samsida_1995922820.pdf ) => {inserted_id = 44}
11:21:12 cagu001 Carina Gustafsson UPDATING data to tables `fkkn_form_defaults` fields ( bargaining_new, company_cp_name, company_cp_phone, provider_of_pa_flag, agreement_types_new, agreement_type2_company, agreement_type2_orgNo ) values (2, Carina Gustafsson o Birgitta Wåhlander, 034037009, 2, 1, , ) on conditions customer = mygu001 AND (employee =  OR employee IS NULL)
11:21:12 cagu001 Carina Gustafsson INSERTING data into tables `history_samsida_work_report` fields ( month, year, fkkn, customer, employee, file_name ) values ( 10, 2019, 1, mygu001, , Samsida_648670099.pdf ) => {inserted_id = 45}
11:21:43 biwa003 Birgitta Wåhlander UPDATING data to tables `time2vie_cirruscommon`.`ws_sessions` fields ( user_id ) values (biwa003) on conditions session_id = 7f7996f7b04dfb4dc850b9c90f6c367b
11:29:26 biwa003 Birgitta Wåhlander INSERTING data into tables `log_login` fields ( username, ip, browser ) values ( biwa003, 193.234.72.157, Mozilla/5.0 (Windows NT 10.0; Win64; x64) AppleWebKit/537.36 (KHTML, like Gecko) Chrome/77.0.3865.120 Safari/537.36 ) => {inserted_id = 4887}
11:29:26 biwa003 Birgitta Wåhlander DELETE data from tables `temp_session` on conditions username LIKE biwa003
11:29:26 biwa003 Birgitta Wåhlander UPDATING data to tables `time2vie_cirruscommon`.`login` fields ( login, last_time ) values (1, 2019-10-28 11:29:26) on conditions username = biwa003
11:29:26 biwa003 Birgitta Wåhlander UPDATING data to tables `time2vie_cirruscommon`.`secondary_login` fields ( last_login_time ) values (2019-10-28 11:29:26) on conditions username = biwa003 AND company_id = 20
11:29:27 biwa003 Birgitta Wåhlander UPDATING data to tables `time2vie_cirruscommon`.`ws_sessions` fields ( user_id ) values (biwa003) on conditions session_id = 7f7996f7b04dfb4dc850b9c90f6c367b
11:30:24 cagu001 Carina Gustafsson UPDATING data to tables `fkkn_form_defaults` fields ( bargaining_new, company_cp_name, company_cp_phone, provider_of_pa_flag, agreement_types_new, agreement_type2_company, agreement_type2_orgNo ) values (2, Carina Gustafsson o Birgitta Wåhlander, 034037009, 2, 1, , ) on conditions customer = stde001 AND (employee =  OR employee IS NULL)
11:31:05 cagu001 Carina Gustafsson UPDATING data to tables `fkkn_form_defaults` fields ( bargaining_new, company_cp_name, company_cp_phone, provider_of_pa_flag, agreement_types_new, agreement_type2_company, agreement_type2_orgNo ) values (2, Carina Gustafsson o Birgitta Wåhlander, 034037009, 2, 1, , ) on conditions customer = mygu001 AND (employee =  OR employee IS NULL)
11:31:18 biwa003 Birgitta Wåhlander UPDATING data to tables `fkkn_form_defaults` fields ( bargaining_new, company_cp_name, company_cp_phone, provider_of_pa_flag, agreement_types_new, agreement_type2_company, agreement_type2_orgNo ) values (2, Carina Gustafsson o Birgitta Wåhlander, 034037009, 2, 1, , ) on conditions customer = stde001 AND (employee =  OR employee IS NULL)
11:31:18 biwa003 Birgitta Wåhlander INSERTING data into tables `history_samsida_work_report` fields ( month, year, fkkn, customer, employee, file_name ) values ( 10, 2019, 1, stde001, , Samsida_1866498845.pdf ) => {inserted_id = 46}
11:32:32 cagu001 Carina Gustafsson UPDATING data to tables `time2vie_cirruscommon`.`ws_sessions` fields ( user_id ) values (cagu001) on conditions session_id = 3079b62178e76bd6ed62dde58b246d3e
11:35:05 biwa003 Birgitta Wåhlander UPDATING data to tables `time2vie_cirruscommon`.`ws_sessions` fields ( user_id ) values (biwa003) on conditions session_id = 7f7996f7b04dfb4dc850b9c90f6c367b
11:39:38 biwa003 Birgitta Wåhlander INSERTING data into tables `log_login` fields ( username, ip, browser ) values ( biwa003, 193.234.72.157, Mozilla/5.0 (Windows NT 10.0; Win64; x64) AppleWebKit/537.36 (KHTML, like Gecko) Chrome/77.0.3865.120 Safari/537.36 ) => {inserted_id = 4888}
11:39:38 biwa003 Birgitta Wåhlander DELETE data from tables `temp_session` on conditions username LIKE biwa003
11:39:38 biwa003 Birgitta Wåhlander UPDATING data to tables `time2vie_cirruscommon`.`login` fields ( login, last_time ) values (1, 2019-10-28 11:39:38) on conditions username = biwa003
11:39:38 biwa003 Birgitta Wåhlander UPDATING data to tables `time2vie_cirruscommon`.`secondary_login` fields ( last_login_time ) values (2019-10-28 11:39:38) on conditions username = biwa003 AND company_id = 20
11:39:38 biwa003 Birgitta Wåhlander UPDATING data to tables `time2vie_cirruscommon`.`ws_sessions` fields ( user_id ) values (biwa003) on conditions session_id = 7f7996f7b04dfb4dc850b9c90f6c367b
11:42:58 biwa003 Birgitta Wåhlander UPDATING data to tables `fkkn_form_defaults` fields ( bargaining_new, company_cp_name, company_cp_phone, provider_of_pa_flag, agreement_types_new, agreement_type2_company, agreement_type2_orgNo ) values (2, Carina Gustafsson och Birgitta Wåhlander, 034037009, 2, 1, , ) on conditions customer = chwa001 AND (employee =  OR employee IS NULL)
11:43:37 biwa003 Birgitta Wåhlander UPDATING data to tables `fkkn_form_defaults` fields ( bargaining_new, company_cp_name, company_cp_phone, provider_of_pa_flag, agreement_types_new, agreement_type2_company, agreement_type2_orgNo ) values (2, Carina Gustafsson och Birgitta Wåhlander, 034037009, 2, 1, , ) on conditions customer = chwa001 AND (employee =  OR employee IS NULL)
11:44:14 biwa003 Birgitta Wåhlander UPDATING data to tables `time2vie_cirruscommon`.`ws_sessions` fields ( user_id ) values (biwa003) on conditions session_id = 7f7996f7b04dfb4dc850b9c90f6c367b
11:44:59 biwa003 Birgitta Wåhlander UPDATING data to tables `timetable` fields ( customer, employee, date, time_from, time_to, fkkn, type, status, comment ) values (chwa001, biwa003, 2019-10-13, 8.15, 14.15, 1, 0, 1, ) on conditions id = 5146
12:13:01 thca002 Therese Calic UPDATING data to tables `time2vie_cirruscommon`.`secondary_login` fields ( error ) values (0) on conditions username = thca002 AND company_id = 20
12:13:01 thca002 Therese Calic INSERTING data into tables `log_login` fields ( username, ip, browser ) values ( thca002, 217.214.148.137, Time2View/1 CFNetwork/978.0.7 Darwin/18.6.0 ) => {inserted_id = 4889}
12:13:01 thca002 Therese Calic DELETE data from tables `temp_session` on conditions username LIKE thca002
12:13:01 thca002 Therese Calic UPDATING data to tables `time2vie_cirruscommon`.`login` fields ( login, last_time ) values (1, 2019-10-28 12:13:01) on conditions username = thca002
12:13:01 thca002 Therese Calic UPDATING data to tables `time2vie_cirruscommon`.`secondary_login` fields ( last_login_time ) values (2019-10-28 12:13:01) on conditions username = thca002 AND company_id = 20
12:15:51 biwa003 Birgitta Wåhlander UPDATING data to tables `time2vie_cirruscommon`.`ws_sessions` fields ( user_id ) values (biwa003) on conditions session_id = 7f7996f7b04dfb4dc850b9c90f6c367b
12:58:26 lawa002 Lars Wåhlander UPDATING data to tables `time2vie_cirruscommon`.`secondary_login` fields ( error ) values (0) on conditions username = lawa002 AND company_id = 20
12:58:26 lawa002 Lars Wåhlander INSERTING data into tables `log_login` fields ( username, ip, browser ) values ( lawa002, 94.103.194.75, Time2View/1 CFNetwork/1107.1 Darwin/19.0.0 ) => {inserted_id = 4890}
12:58:26 lawa002 Lars Wåhlander DELETE data from tables `temp_session` on conditions username LIKE lawa002
12:58:26 lawa002 Lars Wåhlander UPDATING data to tables `time2vie_cirruscommon`.`login` fields ( login, last_time ) values (1, 2019-10-28 12:58:26) on conditions username = lawa002
12:58:26 lawa002 Lars Wåhlander UPDATING data to tables `time2vie_cirruscommon`.`secondary_login` fields ( last_login_time ) values (2019-10-28 12:58:26) on conditions username = lawa002 AND company_id = 20
13:11:20 anka019 Anna Kawalya Westerberg INSERTING data into tables `log_login` fields ( username, ip, browser ) values ( anka019, 94.103.194.75, Mozilla/5.0 (iPhone; CPU iPhone OS 12_3_2 like Mac OS X) AppleWebKit/605.1.15 (KHTML, like Gecko) Version/12.1.1 Mobile/15E148 Safari/604.1 ) => {inserted_id = 4891}
13:11:20 anka019 Anna Kawalya Westerberg DELETE data from tables `temp_session` on conditions username LIKE anka019
13:11:20 anka019 Anna Kawalya Westerberg UPDATING data to tables `time2vie_cirruscommon`.`login` fields ( login, last_time ) values (1, 2019-10-28 13:11:20) on conditions username = anka019
13:11:20 anka019 Anna Kawalya Westerberg UPDATING data to tables `time2vie_cirruscommon`.`secondary_login` fields ( last_login_time ) values (2019-10-28 13:11:20) on conditions username = anka019 AND company_id = 20
13:11:21 anka019 Anna Kawalya Westerberg UPDATING data to tables `time2vie_cirruscommon`.`ws_sessions` fields ( user_id ) values (anka019) on conditions session_id = a2724e6b2a2cdef57a08cf238d37fdb6
13:25:20 elbe006 Elin Berntsson UPDATING data to tables `time2vie_cirruscommon`.`secondary_login` fields ( error ) values (0) on conditions username = elbe006 AND company_id = 20
13:25:20 elbe006 Elin Berntsson INSERTING data into tables `log_login` fields ( username, ip, browser ) values ( elbe006, 94.191.158.102, okhttp/3.9.1 ) => {inserted_id = 4892}
13:25:20 elbe006 Elin Berntsson DELETE data from tables `temp_session` on conditions username LIKE elbe006
13:25:20 elbe006 Elin Berntsson UPDATING data to tables `time2vie_cirruscommon`.`login` fields ( login, last_time ) values (1, 2019-10-28 13:25:20) on conditions username = elbe006
13:25:20 elbe006 Elin Berntsson UPDATING data to tables `time2vie_cirruscommon`.`secondary_login` fields ( last_login_time ) values (2019-10-28 13:25:20) on conditions username = elbe006 AND company_id = 20
14:10:45 gaan001 Gabriel Andersson UPDATING data to tables `time2vie_cirruscommon`.`secondary_login` fields ( error ) values (0) on conditions username = gaan001 AND company_id = 20
14:10:45 gaan001 Gabriel Andersson INSERTING data into tables `log_login` fields ( username, ip, browser ) values ( gaan001, 217.73.108.115, CirrusM/3 CFNetwork/1107.1 Darwin/19.0.0 ) => {inserted_id = 4893}
14:10:45 gaan001 Gabriel Andersson DELETE data from tables `temp_session` on conditions username LIKE gaan001
14:10:45 gaan001 Gabriel Andersson UPDATING data to tables `time2vie_cirruscommon`.`login` fields ( login, last_time ) values (1, 2019-10-28 14:10:45) on conditions username = gaan001
14:10:45 gaan001 Gabriel Andersson UPDATING data to tables `time2vie_cirruscommon`.`secondary_login` fields ( last_login_time ) values (2019-10-28 14:10:45) on conditions username = gaan001 AND company_id = 20
14:10:45 gaan001 Gabriel Andersson UPDATING data to tables `time2vie_cirruscommon`.`push_notify_tokens` fields ( user_id, updated_date, error ) values (gaan001, 2019-10-28 14:10:45, 0) on conditions fcm_token = e51KWK9giv8:APA91bGHMno1HPtH6vgtvvNaxonNc-Bkvswgm2aT4OLq90CDlFw9H2dIl7Li18JiNkP-7pUOuc6Xu8RcoS51Ilqi8H-pAIQ3wxAPozVZ-o4Xh8AcIjJdCzDdKjcmheiVAB_gYeBo2P0d AND device_id = 2639B8CA-61CF-4C5F-AF35-FA532A697892 #Mobile-App: Log-id=4893
14:24:33 cagu001 Carina Gustafsson UPDATING data to tables `time2vie_cirruscommon`.`ws_sessions` fields ( user_id ) values (cagu001) on conditions session_id = 3079b62178e76bd6ed62dde58b246d3e
14:54:27 biwa003 Birgitta Wåhlander UPDATING data to tables `time2vie_cirruscommon`.`ws_sessions` fields ( user_id ) values (biwa003) on conditions session_id = 7f7996f7b04dfb4dc850b9c90f6c367b
15:20:57 cagu001 Carina Gustafsson DELETE data from tables `temp_session` on conditions username LIKE cagu001
15:20:57 cagu001 Carina Gustafsson UPDATING data to tables `time2vie_cirruscommon`.`login` fields ( login, last_time ) values (0, 2019-10-28 15:20:57) on conditions username = cagu001
15:20:57 cagu001 Carina Gustafsson UPDATING data to tables `time2vie_cirruscommon`.`secondary_login` fields ( last_login_time ) values (2019-10-28 15:20:57) on conditions username = cagu001 AND company_id = 20
15:20:57   UPDATING data to tables `log_login` fields ( logout_time ) values (2019-10-28:14:20:57) on conditions id = 4882 AND username = cagu001
15:33:23 asgr002 Åsa Grimberg UPDATING data to tables `time2vie_cirruscommon`.`secondary_login` fields ( error ) values (0) on conditions username = asgr002 AND company_id = 20
15:33:23 asgr002 Åsa Grimberg INSERTING data into tables `log_login` fields ( username, ip, browser ) values ( asgr002, 94.234.41.202, Time2View/1 CFNetwork/1107.1 Darwin/19.0.0 ) => {inserted_id = 4894}
15:33:23 asgr002 Åsa Grimberg DELETE data from tables `temp_session` on conditions username LIKE asgr002
15:33:23 asgr002 Åsa Grimberg UPDATING data to tables `time2vie_cirruscommon`.`login` fields ( login, last_time ) values (1, 2019-10-28 15:33:23) on conditions username = asgr002
15:33:23 asgr002 Åsa Grimberg UPDATING data to tables `time2vie_cirruscommon`.`secondary_login` fields ( last_login_time ) values (2019-10-28 15:33:23) on conditions username = asgr002 AND company_id = 20
15:33:36 thca002 Therese Calic UPDATING data to tables `time2vie_cirruscommon`.`secondary_login` fields ( error ) values (0) on conditions username = thca002 AND company_id = 20
15:33:36 thca002 Therese Calic INSERTING data into tables `log_login` fields ( username, ip, browser ) values ( thca002, 217.214.148.137, Time2View/1 CFNetwork/978.0.7 Darwin/18.6.0 ) => {inserted_id = 4895}
15:33:36 thca002 Therese Calic DELETE data from tables `temp_session` on conditions username LIKE thca002
15:33:36 thca002 Therese Calic UPDATING data to tables `time2vie_cirruscommon`.`login` fields ( login, last_time ) values (1, 2019-10-28 15:33:36) on conditions username = thca002
15:33:36 thca002 Therese Calic UPDATING data to tables `time2vie_cirruscommon`.`secondary_login` fields ( last_login_time ) values (2019-10-28 15:33:36) on conditions username = thca002 AND company_id = 20
15:41:21 thca002 Therese Calic INSERTING data into tables `log_login` fields ( username, ip, browser ) values ( thca002, 217.214.148.137, Mozilla/5.0 (iPhone; CPU iPhone OS 12_3_1 like Mac OS X) AppleWebKit/605.1.15 (KHTML, like Gecko) Version/12.1.1 Mobile/15E148 Safari/604.1 ) => {inserted_id = 4896}
15:41:21 thca002 Therese Calic DELETE data from tables `temp_session` on conditions username LIKE thca002
15:41:21 thca002 Therese Calic UPDATING data to tables `time2vie_cirruscommon`.`login` fields ( login, last_time ) values (1, 2019-10-28 15:41:21) on conditions username = thca002
15:41:21 thca002 Therese Calic UPDATING data to tables `time2vie_cirruscommon`.`secondary_login` fields ( last_login_time ) values (2019-10-28 15:41:21) on conditions username = thca002 AND company_id = 20
15:41:21 thca002 Therese Calic UPDATING data to tables `time2vie_cirruscommon`.`ws_sessions` fields ( user_id ) values (thca002) on conditions session_id = cdac75ffdb762ab4f709830a080f1f9d
15:42:03 thca002 Therese Calic INSERTING data into tables `log_login` fields ( username, ip, browser ) values ( thca002, 217.214.148.137, Mozilla/5.0 (iPhone; CPU iPhone OS 12_3_1 like Mac OS X) AppleWebKit/605.1.15 (KHTML, like Gecko) Version/12.1.1 Mobile/15E148 Safari/604.1 ) => {inserted_id = 4897}
15:42:03 thca002 Therese Calic DELETE data from tables `temp_session` on conditions username LIKE thca002
15:42:03 thca002 Therese Calic UPDATING data to tables `time2vie_cirruscommon`.`login` fields ( login, last_time ) values (1, 2019-10-28 15:42:03) on conditions username = thca002
15:42:03 thca002 Therese Calic UPDATING data to tables `time2vie_cirruscommon`.`secondary_login` fields ( last_login_time ) values (2019-10-28 15:42:03) on conditions username = thca002 AND company_id = 20
15:42:03 thca002 Therese Calic UPDATING data to tables `time2vie_cirruscommon`.`ws_sessions` fields ( user_id ) values (thca002) on conditions session_id = cdac75ffdb762ab4f709830a080f1f9d
16:28:19 thca002 Therese Calic UPDATING data to tables `time2vie_cirruscommon`.`ws_sessions` fields ( user_id ) values (thca002) on conditions session_id = cdac75ffdb762ab4f709830a080f1f9d
16:28:46 thca002 Therese Calic UPDATING data to tables `time2vie_cirruscommon`.`ws_sessions` fields ( user_id ) values (thca002) on conditions session_id = cdac75ffdb762ab4f709830a080f1f9d
16:31:40 asgr002 Åsa Grimberg UPDATING data to tables `time2vie_cirruscommon`.`secondary_login` fields ( error ) values (0) on conditions username = asgr002 AND company_id = 20
16:31:40 asgr002 Åsa Grimberg INSERTING data into tables `log_login` fields ( username, ip, browser ) values ( asgr002, 94.234.41.202, Time2View/1 CFNetwork/1107.1 Darwin/19.0.0 ) => {inserted_id = 4898}
16:31:40 asgr002 Åsa Grimberg DELETE data from tables `temp_session` on conditions username LIKE asgr002
16:31:40 asgr002 Åsa Grimberg UPDATING data to tables `time2vie_cirruscommon`.`login` fields ( login, last_time ) values (1, 2019-10-28 16:31:40) on conditions username = asgr002
16:31:40 asgr002 Åsa Grimberg UPDATING data to tables `time2vie_cirruscommon`.`secondary_login` fields ( last_login_time ) values (2019-10-28 16:31:40) on conditions username = asgr002 AND company_id = 20
16:32:34 asgr002 Åsa Grimberg INSERTING data into tables `log_login` fields ( username, ip, browser ) values ( asgr002, 94.234.41.202, Mozilla/5.0 (iPhone; CPU iPhone OS 13_1 like Mac OS X) AppleWebKit/605.1.15 (KHTML, like Gecko) CriOS/77.0.3865.103 Mobile/15E148 Safari/605.1 ) => {inserted_id = 4899}
16:32:34 asgr002 Åsa Grimberg DELETE data from tables `temp_session` on conditions username LIKE asgr002
16:32:34 asgr002 Åsa Grimberg UPDATING data to tables `time2vie_cirruscommon`.`login` fields ( login, last_time ) values (1, 2019-10-28 16:32:34) on conditions username = asgr002
16:32:34 asgr002 Åsa Grimberg UPDATING data to tables `time2vie_cirruscommon`.`secondary_login` fields ( last_login_time ) values (2019-10-28 16:32:34) on conditions username = asgr002 AND company_id = 20
16:32:34 asgr002 Åsa Grimberg UPDATING data to tables `time2vie_cirruscommon`.`ws_sessions` fields ( user_id ) values (asgr002) on conditions session_id = bf711fd465d052866e6f8774acdf2655
16:32:52 asgr002 Åsa Grimberg UPDATING data to tables `time2vie_cirruscommon`.`ws_sessions` fields ( user_id ) values (asgr002) on conditions session_id = bf711fd465d052866e6f8774acdf2655
16:33:12 asgr002 Åsa Grimberg UPDATING data to tables `time2vie_cirruscommon`.`ws_sessions` fields ( user_id ) values (asgr002) on conditions session_id = bf711fd465d052866e6f8774acdf2655
16:34:24 thca002 Therese Calic UPDATING data to tables `time2vie_cirruscommon`.`ws_sessions` fields ( user_id ) values (thca002) on conditions session_id = cdac75ffdb762ab4f709830a080f1f9d
16:34:35 thca002 Therese Calic UPDATING data to tables `time2vie_cirruscommon`.`ws_sessions` fields ( user_id ) values (thca002) on conditions session_id = cdac75ffdb762ab4f709830a080f1f9d
16:34:45 asgr002 Åsa Grimberg UPDATING data to tables `time2vie_cirruscommon`.`ws_sessions` fields ( user_id ) values (asgr002) on conditions session_id = bf711fd465d052866e6f8774acdf2655
16:35:28 asgr002 Åsa Grimberg UPDATING data to tables `time2vie_cirruscommon`.`ws_sessions` fields ( user_id ) values (asgr002) on conditions session_id = bf711fd465d052866e6f8774acdf2655
16:36:30 asgr002 Åsa Grimberg UPDATING data to tables `time2vie_cirruscommon`.`ws_sessions` fields ( user_id ) values (asgr002) on conditions session_id = bf711fd465d052866e6f8774acdf2655
16:36:40 asgr002 Åsa Grimberg UPDATING data to tables `time2vie_cirruscommon`.`ws_sessions` fields ( user_id ) values (asgr002) on conditions session_id = bf711fd465d052866e6f8774acdf2655
16:38:35 asgr002 Åsa Grimberg UPDATING data to tables `time2vie_cirruscommon`.`ws_sessions` fields ( user_id ) values (asgr002) on conditions session_id = bf711fd465d052866e6f8774acdf2655
16:39:43 thca002 Therese Calic UPDATING data to tables `time2vie_cirruscommon`.`secondary_login` fields ( error ) values (0) on conditions username = thca002 AND company_id = 20
16:39:43 thca002 Therese Calic INSERTING data into tables `log_login` fields ( username, ip, browser ) values ( thca002, 217.214.148.137, Time2View/1 CFNetwork/978.0.7 Darwin/18.6.0 ) => {inserted_id = 4900}
16:39:43 thca002 Therese Calic DELETE data from tables `temp_session` on conditions username LIKE thca002
16:39:43 thca002 Therese Calic UPDATING data to tables `time2vie_cirruscommon`.`login` fields ( login, last_time ) values (1, 2019-10-28 16:39:43) on conditions username = thca002
16:39:43 thca002 Therese Calic UPDATING data to tables `time2vie_cirruscommon`.`secondary_login` fields ( last_login_time ) values (2019-10-28 16:39:43) on conditions username = thca002 AND company_id = 20
16:39:48 asgr002 Åsa Grimberg UPDATING data to tables `time2vie_cirruscommon`.`secondary_login` fields ( error ) values (0) on conditions username = asgr002 AND company_id = 20
16:39:48 asgr002 Åsa Grimberg INSERTING data into tables `log_login` fields ( username, ip, browser ) values ( asgr002, 94.234.41.202, Time2View/1 CFNetwork/1107.1 Darwin/19.0.0 ) => {inserted_id = 4901}
16:39:48 asgr002 Åsa Grimberg DELETE data from tables `temp_session` on conditions username LIKE asgr002
16:39:48 asgr002 Åsa Grimberg UPDATING data to tables `time2vie_cirruscommon`.`login` fields ( login, last_time ) values (1, 2019-10-28 16:39:48) on conditions username = asgr002
16:39:48 asgr002 Åsa Grimberg UPDATING data to tables `time2vie_cirruscommon`.`secondary_login` fields ( last_login_time ) values (2019-10-28 16:39:48) on conditions username = asgr002 AND company_id = 20
17:49:19 cagu001 Carina Gustafsson UPDATING data to tables `time2vie_cirruscommon`.`secondary_login` fields ( error ) values (0) on conditions username = cagu001 AND company_id = 20
17:49:19 cagu001 Carina Gustafsson INSERTING data into tables `log_login` fields ( username, ip, browser ) values ( cagu001, 176.10.245.4, okhttp/3.9.1 ) => {inserted_id = 4902}
17:49:19 cagu001 Carina Gustafsson DELETE data from tables `temp_session` on conditions username LIKE cagu001
17:49:19 cagu001 Carina Gustafsson UPDATING data to tables `time2vie_cirruscommon`.`login` fields ( login, last_time ) values (1, 2019-10-28 17:49:19) on conditions username = cagu001
17:49:19 cagu001 Carina Gustafsson UPDATING data to tables `time2vie_cirruscommon`.`secondary_login` fields ( last_login_time ) values (2019-10-28 17:49:19) on conditions username = cagu001 AND company_id = 20
18:08:50 mowa002 Monica Walfridsson INSERTING data into tables `log_login` fields ( username, ip, browser ) values ( mowa002, 81.170.178.25, Mozilla/5.0 (Windows NT 10.0; Win64; x64) AppleWebKit/537.36 (KHTML, like Gecko) Chrome/70.0.3538.102 Safari/537.36 Edge/18.18362 ) => {inserted_id = 4903}
18:08:50 mowa002 Monica Walfridsson DELETE data from tables `temp_session` on conditions username LIKE mowa002
18:08:50 mowa002 Monica Walfridsson UPDATING data to tables `time2vie_cirruscommon`.`login` fields ( login, last_time ) values (1, 2019-10-28 18:08:50) on conditions username = mowa002
18:08:50 mowa002 Monica Walfridsson UPDATING data to tables `time2vie_cirruscommon`.`secondary_login` fields ( last_login_time ) values (2019-10-28 18:08:50) on conditions username = mowa002 AND company_id = 20
18:08:52 mowa002 Monica Walfridsson UPDATING data to tables `time2vie_cirruscommon`.`ws_sessions` fields ( user_id ) values (mowa002) on conditions session_id = 095f36993743d7429a079f2c2cc7fd97
18:09:59 mowa002 Monica Walfridsson UPDATING data to tables `time2vie_cirruscommon`.`ws_sessions` fields ( user_id ) values (mowa002) on conditions session_id = 095f36993743d7429a079f2c2cc7fd97
18:10:51 mowa002 Monica Walfridsson INSERTING data into tables `timetable` fields ( employee, customer, fkkn, type, date, time_from, time_to, status, created_status, alloc_emp, comment ) values ( mowa002, stde001, 1, 0, 2019-10-15, 13, 17, 1, , mowa002,  ) => {inserted_id = 8434}
18:10:51 mowa002 Monica Walfridsson INSERTING data into tables `memory_slots` fields ( customer, time_from, time_to, type ) values ( stde001, 13, 17, 0 ) => {inserted_id = 181}
18:12:39 mowa002 Monica Walfridsson INSERTING data into tables `timetable` fields ( employee, customer, fkkn, type, date, time_from, time_to, status, created_status, alloc_emp, comment ) values ( towa001, stde001, 1, 0, 2019-10-29, 13, 17, 1, , mowa002,  ) => {inserted_id = 8435}
18:14:35 mowa002 Monica Walfridsson INSERTING data into tables `timetable` fields ( employee, customer, fkkn, type, date, time_from, time_to, status, created_status, alloc_emp, comment ) values ( mowa002, stde001, 1, 0, 2019-10-31, 13, 17, 1, , mowa002,  ) => {inserted_id = 8436}
18:18:08 mowa002 Monica Walfridsson UPDATING data to tables `time2vie_cirruscommon`.`ws_sessions` fields ( user_id ) values (mowa002) on conditions session_id = 095f36993743d7429a079f2c2cc7fd97
18:23:29 mowa002 Monica Walfridsson UPDATING data to tables `time2vie_cirruscommon`.`ws_sessions` fields ( user_id ) values (mowa002) on conditions session_id = 095f36993743d7429a079f2c2cc7fd97
18:28:56 mowa002 Monica Walfridsson UPDATING data to tables `time2vie_cirruscommon`.`ws_sessions` fields ( user_id ) values (mowa002) on conditions session_id = 095f36993743d7429a079f2c2cc7fd97
18:35:04 mowa002 Monica Walfridsson UPDATING data to tables `time2vie_cirruscommon`.`ws_sessions` fields ( user_id ) values (mowa002) on conditions session_id = 095f36993743d7429a079f2c2cc7fd97
18:40:01 mowa002 Monica Walfridsson UPDATING data to tables `timetable` fields ( status, employee, alloc_emp ) values (1, mowa002, mowa002) on conditions id = 8435
18:47:25 mowa002 Monica Walfridsson UPDATING data to tables `time2vie_cirruscommon`.`ws_sessions` fields ( user_id ) values (mowa002) on conditions session_id = 095f36993743d7429a079f2c2cc7fd97
18:54:47 mowa002 Monica Walfridsson UPDATING data to tables `time2vie_cirruscommon`.`ws_sessions` fields ( user_id ) values (mowa002) on conditions session_id = 095f36993743d7429a079f2c2cc7fd97
18:57:04 mowa002 Monica Walfridsson UPDATING data to tables `time2vie_cirruscommon`.`ws_sessions` fields ( user_id ) values (mowa002) on conditions session_id = 095f36993743d7429a079f2c2cc7fd97
19:00:02 mowa002 Monica Walfridsson DELETE data from tables `timetable` on conditions id = 4871
19:01:15 peka002 Petronella Karlsson UPDATING data to tables `time2vie_cirruscommon`.`secondary_login` fields ( error ) values (0) on conditions username = peka002 AND company_id = 20
19:01:15 peka002 Petronella Karlsson INSERTING data into tables `log_login` fields ( username, ip, browser ) values ( peka002, 81.235.250.129, Time2View/1 CFNetwork/1107.1 Darwin/19.0.0 ) => {inserted_id = 4904}
19:01:15 peka002 Petronella Karlsson DELETE data from tables `temp_session` on conditions username LIKE peka002
19:01:15 peka002 Petronella Karlsson UPDATING data to tables `time2vie_cirruscommon`.`login` fields ( login, last_time ) values (1, 2019-10-28 19:01:15) on conditions username = peka002
19:01:15 peka002 Petronella Karlsson UPDATING data to tables `time2vie_cirruscommon`.`secondary_login` fields ( last_login_time ) values (2019-10-28 19:01:15) on conditions username = peka002 AND company_id = 20
19:01:54 mowa002 Monica Walfridsson UPDATING data to tables `time2vie_cirruscommon`.`ws_sessions` fields ( user_id ) values (mowa002) on conditions session_id = 095f36993743d7429a079f2c2cc7fd97
19:11:54 mowa002 Monica Walfridsson UPDATING data to tables `time2vie_cirruscommon`.`ws_sessions` fields ( user_id ) values (mowa002) on conditions session_id = 095f36993743d7429a079f2c2cc7fd97
19:18:25 biwa003 Birgitta Wåhlander UPDATING data to tables `time2vie_cirruscommon`.`secondary_login` fields ( error ) values (0) on conditions username = biwa003 AND company_id = 20
19:18:25 biwa003 Birgitta Wåhlander INSERTING data into tables `log_login` fields ( username, ip, browser ) values ( biwa003, 185.27.165.66, Time2View/1 CFNetwork/1107.1 Darwin/19.0.0 ) => {inserted_id = 4905}
19:18:25 biwa003 Birgitta Wåhlander DELETE data from tables `temp_session` on conditions username LIKE biwa003
19:18:25 biwa003 Birgitta Wåhlander UPDATING data to tables `time2vie_cirruscommon`.`login` fields ( login, last_time ) values (1, 2019-10-28 19:18:25) on conditions username = biwa003
19:18:25 biwa003 Birgitta Wåhlander UPDATING data to tables `time2vie_cirruscommon`.`secondary_login` fields ( last_login_time ) values (2019-10-28 19:18:25) on conditions username = biwa003 AND company_id = 20
19:19:10 mowa002 Monica Walfridsson DELETE data from tables `temp_session` on conditions username LIKE mowa002
19:19:10 mowa002 Monica Walfridsson UPDATING data to tables `time2vie_cirruscommon`.`login` fields ( login, last_time ) values (0, 2019-10-28 19:19:10) on conditions username = mowa002
19:19:11 mowa002 Monica Walfridsson UPDATING data to tables `time2vie_cirruscommon`.`secondary_login` fields ( last_login_time ) values (2019-10-28 19:19:10) on conditions username = mowa002 AND company_id = 20
19:19:11   UPDATING data to tables `log_login` fields ( logout_time ) values (2019-10-28:18:19:11) on conditions id = 4903 AND username = mowa002
19:31:59 biwa003 Birgitta Wåhlander UPDATING data to tables `time2vie_cirruscommon`.`secondary_login` fields ( error ) values (0) on conditions username = biwa003 AND company_id = 20
19:31:59 biwa003 Birgitta Wåhlander INSERTING data into tables `log_login` fields ( username, ip, browser ) values ( biwa003, 185.27.165.66, Time2View/1 CFNetwork/1107.1 Darwin/19.0.0 ) => {inserted_id = 4906}
19:31:59 biwa003 Birgitta Wåhlander DELETE data from tables `temp_session` on conditions username LIKE biwa003
19:31:59 biwa003 Birgitta Wåhlander UPDATING data to tables `time2vie_cirruscommon`.`login` fields ( login, last_time ) values (1, 2019-10-28 19:31:59) on conditions username = biwa003
19:31:59 biwa003 Birgitta Wåhlander UPDATING data to tables `time2vie_cirruscommon`.`secondary_login` fields ( last_login_time ) values (2019-10-28 19:31:59) on conditions username = biwa003 AND company_id = 20
19:34:16 biwa003 Birgitta Wåhlander UPDATING data to tables `time2vie_cirruscommon`.`secondary_login` fields ( error ) values (0) on conditions username = biwa003 AND company_id = 20
19:34:16 biwa003 Birgitta Wåhlander INSERTING data into tables `log_login` fields ( username, ip, browser ) values ( biwa003, 185.27.165.66, Time2View/1 CFNetwork/1107.1 Darwin/19.0.0 ) => {inserted_id = 4907}
19:34:16 biwa003 Birgitta Wåhlander DELETE data from tables `temp_session` on conditions username LIKE biwa003
19:34:16 biwa003 Birgitta Wåhlander UPDATING data to tables `time2vie_cirruscommon`.`login` fields ( login, last_time ) values (1, 2019-10-28 19:34:16) on conditions username = biwa003
19:34:16 biwa003 Birgitta Wåhlander UPDATING data to tables `time2vie_cirruscommon`.`secondary_login` fields ( last_login_time ) values (2019-10-28 19:34:16) on conditions username = biwa003 AND company_id = 20
19:34:42 biwa003 Birgitta Wåhlander UPDATING data to tables `time2vie_cirruscommon`.`secondary_login` fields ( error ) values (0) on conditions username = biwa003 AND company_id = 20
19:34:42 biwa003 Birgitta Wåhlander INSERTING data into tables `log_login` fields ( username, ip, browser ) values ( biwa003, 185.27.165.66, Time2View/1 CFNetwork/1107.1 Darwin/19.0.0 ) => {inserted_id = 4908}
19:34:42 biwa003 Birgitta Wåhlander DELETE data from tables `temp_session` on conditions username LIKE biwa003
19:34:42 biwa003 Birgitta Wåhlander UPDATING data to tables `time2vie_cirruscommon`.`login` fields ( login, last_time ) values (1, 2019-10-28 19:34:42) on conditions username = biwa003
19:34:42 biwa003 Birgitta Wåhlander UPDATING data to tables `time2vie_cirruscommon`.`secondary_login` fields ( last_login_time ) values (2019-10-28 19:34:42) on conditions username = biwa003 AND company_id = 20
19:35:06 biwa003 Birgitta Wåhlander UPDATING data to tables `time2vie_cirruscommon`.`secondary_login` fields ( error ) values (0) on conditions username = biwa003 AND company_id = 20
19:35:06 biwa003 Birgitta Wåhlander INSERTING data into tables `log_login` fields ( username, ip, browser ) values ( biwa003, 185.27.165.66, Time2View/1 CFNetwork/1107.1 Darwin/19.0.0 ) => {inserted_id = 4909}
19:35:06 biwa003 Birgitta Wåhlander DELETE data from tables `temp_session` on conditions username LIKE biwa003
19:35:06 biwa003 Birgitta Wåhlander UPDATING data to tables `time2vie_cirruscommon`.`login` fields ( login, last_time ) values (1, 2019-10-28 19:35:06) on conditions username = biwa003
19:35:06 biwa003 Birgitta Wåhlander UPDATING data to tables `time2vie_cirruscommon`.`secondary_login` fields ( last_login_time ) values (2019-10-28 19:35:06) on conditions username = biwa003 AND company_id = 20
19:35:58 biwa003 Birgitta Wåhlander UPDATING data to tables `time2vie_cirruscommon`.`secondary_login` fields ( error ) values (0) on conditions username = biwa003 AND company_id = 20
19:35:58 biwa003 Birgitta Wåhlander INSERTING data into tables `log_login` fields ( username, ip, browser ) values ( biwa003, 185.27.165.66, Time2View/1 CFNetwork/1107.1 Darwin/19.0.0 ) => {inserted_id = 4910}
19:35:58 biwa003 Birgitta Wåhlander DELETE data from tables `temp_session` on conditions username LIKE biwa003
19:35:58 biwa003 Birgitta Wåhlander UPDATING data to tables `time2vie_cirruscommon`.`login` fields ( login, last_time ) values (1, 2019-10-28 19:35:58) on conditions username = biwa003
19:35:58 biwa003 Birgitta Wåhlander UPDATING data to tables `time2vie_cirruscommon`.`secondary_login` fields ( last_login_time ) values (2019-10-28 19:35:58) on conditions username = biwa003 AND company_id = 20
19:37:11 biwa003 Birgitta Wåhlander UPDATING data to tables `time2vie_cirruscommon`.`secondary_login` fields ( error ) values (0) on conditions username = biwa003 AND company_id = 20
19:37:11 biwa003 Birgitta Wåhlander INSERTING data into tables `log_login` fields ( username, ip, browser ) values ( biwa003, 185.27.165.66, Time2View/1 CFNetwork/1107.1 Darwin/19.0.0 ) => {inserted_id = 4911}
19:37:11 biwa003 Birgitta Wåhlander DELETE data from tables `temp_session` on conditions username LIKE biwa003
19:37:11 biwa003 Birgitta Wåhlander UPDATING data to tables `time2vie_cirruscommon`.`login` fields ( login, last_time ) values (1, 2019-10-28 19:37:11) on conditions username = biwa003
19:37:11 biwa003 Birgitta Wåhlander UPDATING data to tables `time2vie_cirruscommon`.`secondary_login` fields ( last_login_time ) values (2019-10-28 19:37:11) on conditions username = biwa003 AND company_id = 20
19:44:02 hejo003 Helen Jörnås UPDATING data to tables `time2vie_cirruscommon`.`secondary_login` fields ( error ) values (0) on conditions username = hejo003 AND company_id = 20
19:44:02 hejo003 Helen Jörnås INSERTING data into tables `log_login` fields ( username, ip, browser ) values ( hejo003, 90.224.82.244, okhttp/3.9.1 ) => {inserted_id = 4912}
19:44:02 hejo003 Helen Jörnås DELETE data from tables `temp_session` on conditions username LIKE hejo003
19:44:02 hejo003 Helen Jörnås UPDATING data to tables `time2vie_cirruscommon`.`login` fields ( login, last_time ) values (1, 2019-10-28 19:44:02) on conditions username = hejo003
19:44:02 hejo003 Helen Jörnås UPDATING data to tables `time2vie_cirruscommon`.`secondary_login` fields ( last_login_time ) values (2019-10-28 19:44:02) on conditions username = hejo003 AND company_id = 20
20:02:21 kaha003 Kalina Hajnold INSERTING data into tables `log_login` fields ( username, ip, browser ) values ( kaha003, 77.53.58.49, Mozilla/5.0 (Macintosh; Intel Mac OS X 10_14_6) AppleWebKit/537.36 (KHTML, like Gecko) Chrome/77.0.3865.120 Safari/537.36 ) => {inserted_id = 4913}
20:02:21 kaha003 Kalina Hajnold DELETE data from tables `temp_session` on conditions username LIKE kaha003
20:02:21 kaha003 Kalina Hajnold UPDATING data to tables `time2vie_cirruscommon`.`login` fields ( login, last_time ) values (1, 2019-10-28 20:02:21) on conditions username = kaha003
20:02:21 kaha003 Kalina Hajnold UPDATING data to tables `time2vie_cirruscommon`.`secondary_login` fields ( last_login_time ) values (2019-10-28 20:02:21) on conditions username = kaha003 AND company_id = 20
20:02:21 kaha003 Kalina Hajnold UPDATING data to tables `time2vie_cirruscommon`.`ws_sessions` fields ( user_id ) values (kaha003) on conditions session_id = 8d54402dee8282d23b9f9a70c69d1ece
20:08:58 peka002 Petronella Karlsson UPDATING data to tables `time2vie_cirruscommon`.`secondary_login` fields ( error ) values (0) on conditions username = peka002 AND company_id = 20
20:08:58 peka002 Petronella Karlsson INSERTING data into tables `log_login` fields ( username, ip, browser ) values ( peka002, 81.235.250.129, Time2View/1 CFNetwork/1107.1 Darwin/19.0.0 ) => {inserted_id = 4914}
20:08:58 peka002 Petronella Karlsson DELETE data from tables `temp_session` on conditions username LIKE peka002
20:08:58 peka002 Petronella Karlsson UPDATING data to tables `time2vie_cirruscommon`.`login` fields ( login, last_time ) values (1, 2019-10-28 20:08:58) on conditions username = peka002
20:08:58 peka002 Petronella Karlsson UPDATING data to tables `time2vie_cirruscommon`.`secondary_login` fields ( last_login_time ) values (2019-10-28 20:08:58) on conditions username = peka002 AND company_id = 20
20:25:30 biwa003 Birgitta Wåhlander UPDATING data to tables `time2vie_cirruscommon`.`secondary_login` fields ( error ) values (0) on conditions username = biwa003 AND company_id = 20
20:25:30 biwa003 Birgitta Wåhlander INSERTING data into tables `log_login` fields ( username, ip, browser ) values ( biwa003, 185.27.165.66, Time2View/1 CFNetwork/1107.1 Darwin/19.0.0 ) => {inserted_id = 4915}
20:25:30 biwa003 Birgitta Wåhlander DELETE data from tables `temp_session` on conditions username LIKE biwa003
20:25:30 biwa003 Birgitta Wåhlander UPDATING data to tables `time2vie_cirruscommon`.`login` fields ( login, last_time ) values (1, 2019-10-28 20:25:30) on conditions username = biwa003
20:25:30 biwa003 Birgitta Wåhlander UPDATING data to tables `time2vie_cirruscommon`.`secondary_login` fields ( last_login_time ) values (2019-10-28 20:25:30) on conditions username = biwa003 AND company_id = 20
20:50:57 gaan001 Gabriel Andersson UPDATING data to tables `time2vie_cirruscommon`.`secondary_login` fields ( error ) values (0) on conditions username = gaan001 AND company_id = 20
20:50:57 gaan001 Gabriel Andersson INSERTING data into tables `log_login` fields ( username, ip, browser ) values ( gaan001, 94.191.135.184, CirrusM/3 CFNetwork/1107.1 Darwin/19.0.0 ) => {inserted_id = 4916}
20:50:57 gaan001 Gabriel Andersson DELETE data from tables `temp_session` on conditions username LIKE gaan001
20:50:57 gaan001 Gabriel Andersson UPDATING data to tables `time2vie_cirruscommon`.`login` fields ( login, last_time ) values (1, 2019-10-28 20:50:57) on conditions username = gaan001
20:50:57 gaan001 Gabriel Andersson UPDATING data to tables `time2vie_cirruscommon`.`secondary_login` fields ( last_login_time ) values (2019-10-28 20:50:57) on conditions username = gaan001 AND company_id = 20
20:50:57 gaan001 Gabriel Andersson UPDATING data to tables `time2vie_cirruscommon`.`push_notify_tokens` fields ( user_id, updated_date, error ) values (gaan001, 2019-10-28 20:50:57, 0) on conditions fcm_token = e51KWK9giv8:APA91bGHMno1HPtH6vgtvvNaxonNc-Bkvswgm2aT4OLq90CDlFw9H2dIl7Li18JiNkP-7pUOuc6Xu8RcoS51Ilqi8H-pAIQ3wxAPozVZ-o4Xh8AcIjJdCzDdKjcmheiVAB_gYeBo2P0d AND device_id = 2639B8CA-61CF-4C5F-AF35-FA532A697892 #Mobile-App: Log-id=4916
21:32:31 asgr002 Åsa Grimberg UPDATING data to tables `time2vie_cirruscommon`.`secondary_login` fields ( error ) values (0) on conditions username = asgr002 AND company_id = 20
21:32:31 asgr002 Åsa Grimberg INSERTING data into tables `log_login` fields ( username, ip, browser ) values ( asgr002, 78.70.128.102, Time2View/1 CFNetwork/1107.1 Darwin/19.0.0 ) => {inserted_id = 4917}
21:32:31 asgr002 Åsa Grimberg DELETE data from tables `temp_session` on conditions username LIKE asgr002
21:32:31 asgr002 Åsa Grimberg UPDATING data to tables `time2vie_cirruscommon`.`login` fields ( login, last_time ) values (1, 2019-10-28 21:32:31) on conditions username = asgr002
21:32:31 asgr002 Åsa Grimberg UPDATING data to tables `time2vie_cirruscommon`.`secondary_login` fields ( last_login_time ) values (2019-10-28 21:32:31) on conditions username = asgr002 AND company_id = 20
21:44:15 anwa006 Andréas Wallin UPDATING data to tables `time2vie_cirruscommon`.`secondary_login` fields ( error ) values (0) on conditions username = anwa006 AND company_id = 20
21:44:15 anwa006 Andréas Wallin INSERTING data into tables `log_login` fields ( username, ip, browser ) values ( anwa006, 82.196.108.141, okhttp/3.9.1 ) => {inserted_id = 4918}
21:44:15 anwa006 Andréas Wallin DELETE data from tables `temp_session` on conditions username LIKE anwa006
21:44:15 anwa006 Andréas Wallin UPDATING data to tables `time2vie_cirruscommon`.`login` fields ( login, last_time ) values (1, 2019-10-28 21:44:15) on conditions username = anwa006
21:44:15 anwa006 Andréas Wallin UPDATING data to tables `time2vie_cirruscommon`.`secondary_login` fields ( last_login_time ) values (2019-10-28 21:44:15) on conditions username = anwa006 AND company_id = 20
22:12:14 hejo003 Helen Jörnås UPDATING data to tables `time2vie_cirruscommon`.`secondary_login` fields ( error ) values (0) on conditions username = hejo003 AND company_id = 20
22:12:14 hejo003 Helen Jörnås INSERTING data into tables `log_login` fields ( username, ip, browser ) values ( hejo003, 90.224.82.244, okhttp/3.9.1 ) => {inserted_id = 4919}
22:12:14 hejo003 Helen Jörnås DELETE data from tables `temp_session` on conditions username LIKE hejo003
22:12:14 hejo003 Helen Jörnås UPDATING data to tables `time2vie_cirruscommon`.`login` fields ( login, last_time ) values (1, 2019-10-28 22:12:14) on conditions username = hejo003
22:12:14 hejo003 Helen Jörnås UPDATING data to tables `time2vie_cirruscommon`.`secondary_login` fields ( last_login_time ) values (2019-10-28 22:12:14) on conditions username = hejo003 AND company_id = 20
00:43:41 peka002 Petronella Karlsson UPDATING data to tables `time2vie_cirruscommon`.`secondary_login` fields ( error ) values (0) on conditions username = peka002 AND company_id = 20
00:43:41 peka002 Petronella Karlsson INSERTING data into tables `log_login` fields ( username, ip, browser ) values ( peka002, 94.234.53.0, Time2View/1 CFNetwork/1107.1 Darwin/19.0.0 ) => {inserted_id = 4920}
00:43:41 peka002 Petronella Karlsson DELETE data from tables `temp_session` on conditions username LIKE peka002
00:43:41 peka002 Petronella Karlsson UPDATING data to tables `time2vie_cirruscommon`.`login` fields ( login, last_time ) values (1, 2019-10-29 00:43:41) on conditions username = peka002
00:43:41 peka002 Petronella Karlsson UPDATING data to tables `time2vie_cirruscommon`.`secondary_login` fields ( last_login_time ) values (2019-10-29 00:43:41) on conditions username = peka002 AND company_id = 20
