08:35:01 cagu001 Carina Gustafsson INSERTING data into tables `log_login` fields ( username, ip, browser ) values ( cagu001, 193.234.72.157, Mozilla/5.0 (Windows NT 10.0; Win64; x64) AppleWebKit/537.36 (KHTML, like Gecko) Chrome/73.0.3683.86 Safari/537.36 ) => {inserted_id = 18}
08:35:01 cagu001 Carina Gustafsson DELETE data from tables `temp_session` on conditions username LIKE cagu001
08:35:01 cagu001 Carina Gustafsson UPDATING data to tables `time2vie_cirruscommon`.`login` fields ( login, last_time ) values (1, 2019-04-04 08:35:01) on conditions username = cagu001
08:35:01 cagu001 Carina Gustafsson UPDATING data to tables `time2vie_cirruscommon`.`secondary_login` fields ( last_login_time ) values (2019-04-04 08:35:01) on conditions username = cagu001 AND company_id = 20
08:35:02 cagu001 Carina Gustafsson UPDATING data to tables `time2vie_cirruscommon`.`ws_sessions` fields ( user_id ) values (cagu001) on conditions session_id = 11d5d5fb2f604416f21567fd3eb745c5
08:39:27 cagu001 Carina Gustafsson UPDATING data to tables `time2vie_cirruscommon`.`login` fields ( password, mobile, role, error, date ) values (5adb0f2fd4a7553a2874c0d67985a6f2, 709397997, 1, 0, 2019-04-04) on conditions username = biwa003
08:39:27 cagu001 Carina Gustafsson UPDATING data to tables `time2vie_cirruscommon`.`secondary_login` fields ( password, error, last_pw_update_date ) values (5adb0f2fd4a7553a2874c0d67985a6f2, 0, 2019-04-04 06:39:27) on conditions username = biwa003 AND company_id = 20
08:39:27 cagu001 Carina Gustafsson UPDATING data to tables `employee` fields ( code, century, social_security, first_name, last_name, gender, address, city, post, phone, mobile, email, date, color, status, date_inactive, max_hours, monthly_salary, start_day, remaining_sem_leave, sem_leave_todate, leave_in_advance, care_of, office_personal, substitute, salary_type, sem_leave_days, vab_leave_days, fp_leave_days, nopay_leave_days, other_leave_days, ice, employee_contract_start_month, employee_contract_period_date, employee_contract_period_length, candg_follow, inconvenient_on ) values (2, 19, 6010074620, Birgitta, Wåhlander, 2, Lilla Drottninggatan 5, VARBERG, 432 45, , 709397997, ploggatan18@gmail.com, 2019-03-28, #ea9999, 1, , , 0, 10.00, 0, , 0, , 0, 0, 2, 0, 0, 0, 0, 0, , 04, 1, 04, 0, 0) on conditions username = biwa003
08:39:27 cagu001 Carina Gustafsson DELETE data from tables `team` on conditions employee = biwa003
08:42:07 cagu001 Carina Gustafsson UPDATING data to tables `time2vie_cirruscommon`.`login` fields ( password, mobile, role, error, date ) values (490479b8d71f63354ba98e0a75135415, 709397997, 1, 0, 2019-04-04) on conditions username = biwa003
08:42:07 cagu001 Carina Gustafsson UPDATING data to tables `time2vie_cirruscommon`.`secondary_login` fields ( password, error, last_pw_update_date ) values (490479b8d71f63354ba98e0a75135415, 0, 2019-04-04 06:42:07) on conditions username = biwa003 AND company_id = 20
08:42:07 cagu001 Carina Gustafsson UPDATING data to tables `employee` fields ( code, century, social_security, first_name, last_name, gender, address, city, post, phone, mobile, email, date, color, status, date_inactive, max_hours, monthly_salary, start_day, remaining_sem_leave, sem_leave_todate, leave_in_advance, care_of, office_personal, substitute, salary_type, sem_leave_days, vab_leave_days, fp_leave_days, nopay_leave_days, other_leave_days, ice, employee_contract_start_month, employee_contract_period_date, employee_contract_period_length, candg_follow, inconvenient_on ) values (2, 19, 6010074620, Birgitta, Wåhlander, 2, Lilla Drottninggatan 5, VARBERG, 432 45, , 709397997, ploggatan18@gmail.com, 2019-03-28, #ea9999, 1, , , 0, 10.00, 0, , 0, , 0, 0, 2, 0, 0, 0, 0, 0, , 04, 1, 04, 0, 0) on conditions username = biwa003
08:42:07 cagu001 Carina Gustafsson DELETE data from tables `team` on conditions employee = biwa003
08:44:43 gine001 gine001 INSERTING data into tables `log_login` fields ( username, ip, browser ) values ( gine001, 90.227.122.3, Mozilla/5.0 (Windows NT 10.0; Win64; x64; rv:60.0) Gecko/20100101 Firefox/60.0 ) => {inserted_id = 19}
08:44:43 gine001 gine001 DELETE data from tables `temp_session` on conditions username LIKE gine001
08:44:43 gine001 gine001 UPDATING data to tables `time2vie_cirruscommon`.`login` fields ( login, last_time ) values (1, 2019-04-04 08:44:43) on conditions username = gine001
08:44:43 gine001 gine001 UPDATING data to tables `time2vie_cirruscommon`.`secondary_login` fields ( last_login_time ) values (2019-04-04 08:44:43) on conditions username = gine001 AND company_id = 20
08:44:44 gine001 gine001 UPDATING data to tables `time2vie_cirruscommon`.`ws_sessions` fields ( user_id ) values (gine001) on conditions session_id = a630df09c086284b8ab85900366f154c
08:46:07 gine001 gine001 UPDATING data to tables `time2vie_cirruscommon`.`login` fields ( password, mobile, role, error, date ) values (6518a05f1d9efb40be9fb87e78a7b5d8, 709397997, 1, 0, 2019-04-04) on conditions username = biwa003
08:46:07 gine001 gine001 UPDATING data to tables `time2vie_cirruscommon`.`secondary_login` fields ( password, error, last_pw_update_date ) values (6518a05f1d9efb40be9fb87e78a7b5d8, 0, 2019-04-04 06:46:07) on conditions username = biwa003 AND company_id = 20
08:46:07 gine001 gine001 UPDATING data to tables `employee` fields ( code, century, social_security, first_name, last_name, gender, address, city, post, phone, mobile, email, date, color, status, date_inactive, max_hours, monthly_salary, start_day, remaining_sem_leave, sem_leave_todate, leave_in_advance, care_of, office_personal, substitute, salary_type, sem_leave_days, vab_leave_days, fp_leave_days, nopay_leave_days, other_leave_days, ice, employee_contract_start_month, employee_contract_period_date, employee_contract_period_length, candg_follow, inconvenient_on ) values (2, 19, 6010074620, Birgitta, Wåhlander, 2, Lilla Drottninggatan 5, VARBERG, 432 45, , 709397997, ploggatan18@gmail.com, 2019-03-28, #ea9999, 1, , , 0, 10.00, 0, , 0, , 0, 0, 2, 0, 0, 0, 0, 0, , 04, 1, 04, 0, 0) on conditions username = biwa003
08:46:07 gine001 gine001 DELETE data from tables `team` on conditions employee = biwa003
08:47:09 biwa003 Birgitta Wåhlander INSERTING data into tables `log_login` fields ( username, ip, browser ) values ( biwa003, 90.227.122.3, Mozilla/5.0 (Windows NT 10.0; WOW64; Trident/7.0; rv:11.0) like Gecko ) => {inserted_id = 20}
08:47:36 biwa003 Birgitta Wåhlander UPDATING data to tables `time2vie_cirruscommon`.`secondary_login` fields ( password, last_pw_update_date, error ) values (0f81458d9b25395e7422d85d666193bc, 2019-04-04 06:47:36, 0) on conditions username = biwa003 AND company_id = 20
08:47:36 biwa003 Birgitta Wåhlander INSERTING data into tables `log_password` fields ( username, passwords ) values ( biwa003, 6518a05f1d9efb40be9fb87e78a7b5d8 ) => {inserted_id = 0}
08:47:36 biwa003 Birgitta Wåhlander DELETE data from tables `temp_session` on conditions username LIKE biwa003
08:47:36 biwa003 Birgitta Wåhlander UPDATING data to tables `time2vie_cirruscommon`.`login` fields ( login, last_time ) values (1, 2019-04-04 08:47:36) on conditions username = biwa003
08:47:36 biwa003 Birgitta Wåhlander UPDATING data to tables `time2vie_cirruscommon`.`secondary_login` fields ( last_login_time ) values (2019-04-04 08:47:36) on conditions username = biwa003 AND company_id = 20
08:47:37 biwa003 Birgitta Wåhlander UPDATING data to tables `time2vie_cirruscommon`.`ws_sessions` fields ( user_id ) values (biwa003) on conditions session_id = 48bb27f0053ccc4e456589003f410fb7
08:48:46 biwa003 Birgitta Wåhlander DELETE data from tables `temp_session` on conditions username LIKE biwa003
08:48:46 biwa003 Birgitta Wåhlander UPDATING data to tables `time2vie_cirruscommon`.`login` fields ( login, last_time ) values (0, 2019-04-04 08:48:46) on conditions username = biwa003
08:48:47 biwa003 Birgitta Wåhlander UPDATING data to tables `time2vie_cirruscommon`.`secondary_login` fields ( last_login_time ) values (2019-04-04 08:48:46) on conditions username = biwa003 AND company_id = 20
08:48:47   UPDATING data to tables `log_login` fields ( logout_time ) values (2019-04-04:06:48:47) on conditions id = 20 AND username = biwa003
08:49:19 biwa003 Birgitta Wåhlander INSERTING data into tables `log_login` fields ( username, ip, browser ) values ( biwa003, 193.234.72.157, Mozilla/5.0 (Windows NT 10.0; Win64; x64) AppleWebKit/537.36 (KHTML, like Gecko) Chrome/73.0.3683.86 Safari/537.36 ) => {inserted_id = 21}
08:49:19 biwa003 Birgitta Wåhlander DELETE data from tables `temp_session` on conditions username LIKE biwa003
08:49:20 biwa003 Birgitta Wåhlander UPDATING data to tables `time2vie_cirruscommon`.`login` fields ( login, last_time ) values (1, 2019-04-04 08:49:19) on conditions username = biwa003
08:49:20 biwa003 Birgitta Wåhlander UPDATING data to tables `time2vie_cirruscommon`.`secondary_login` fields ( last_login_time ) values (2019-04-04 08:49:19) on conditions username = biwa003 AND company_id = 20
08:49:20 biwa003 Birgitta Wåhlander UPDATING data to tables `time2vie_cirruscommon`.`ws_sessions` fields ( user_id ) values (biwa003) on conditions session_id = d17a623f7eae7e45b68c909559f2a776
08:57:43 biwa003 Birgitta Wåhlander INSERTING data into tables `time2vie_cirruscommon`.`login` fields ( username, mobile, role, login, date, company_ids, social_security ) values ( chwa001, 7336644, 4, 0, 2019-04-04, 20,, 8901194657 ) => {inserted_id = 0}
08:57:43 biwa003 Birgitta Wåhlander INSERTING data into tables `time2vie_cirruscommon`.`secondary_login` fields ( username, company_id, last_login_time, last_pw_update_date, error, password ) values ( chwa001, 20, 0000-00-00 00:00:00, 2019-04-04, 0, e23ed3da13abc3b3da2b711d207c7208 ) => {inserted_id = 8410}
08:57:43 biwa003 Birgitta Wåhlander INSERTING data into tables `customer` fields ( username, century, code, social_security, first_name, last_name, address, city, post, phone, mobile, email, date, status, date_inactive, fkkn, gender, employee_contract_start_month, employee_contract_period_date, employee_contract_period_length, kn_name, kn_address, kn_postno, kn_reference_no, kn_box, kn_city ) values ( chwa001, 19, 2, 8901194657, Christoffer, Wåhlander, Ploggatan 18, Varberg, 432 37, , 7336644, , 2019-04-04, 1, , 1, 1, , , , Stina Förster Carlsson, , , , ,  ) => {inserted_id = 0}
08:58:30 gine001 gine001 UPDATING data to tables `time2vie_cirruscommon`.`ws_sessions` fields ( user_id ) values (gine001) on conditions session_id = a630df09c086284b8ab85900366f154c
08:59:30 biwa003 Birgitta Wåhlander UPDATING data to tables `time2vie_cirruscommon`.`login` fields ( mobile, social_security ) values (7336644, 8901194657) on conditions username = chwa001
08:59:30 biwa003 Birgitta Wåhlander UPDATING data to tables `customer` fields ( code, century, social_security, first_name, last_name, address, city, post, phone, mobile, email, date, status, date_inactive, fkkn, gender, employee_contract_start_month, employee_contract_period_date, employee_contract_period_length, kn_name, kn_address, kn_postno, kn_reference_no, kn_box, kn_city ) values (2, 19, 8901194657, Christoffer, Wåhlander, Ploggatan 18, Varberg, 432 37, , 7336644, , 2019-04-04, 1, , 1, 1, , , , Stina Förster Carlsson, , 0, , , ) on conditions username = chwa001
08:59:31 biwa003 Birgitta Wåhlander INSERTING data into tables `customer_guardian` fields ( customer, first_name, last_name, ssn, mobile, email, address, first_name2, last_name2, ssn2, mobile2, email2, address2, first_name3, last_name3, ssn3, mobile3, email3, address3 ) values ( chwa001, Lars, Wåhlander, 195805184610, +46730 60 14 51, ploggatan18@gmail.com, Lilla Drottnigg 5
432 45 Varberg, , , , , , , , , , , ,  ) => {inserted_id = 0}
09:01:31 biwa003 Birgitta Wåhlander INSERTING data into tables `customer_contract` fields ( hour, date_from, date_to, fkkn, customer ) values ( 5303, 2018-12-01, 2019-05-31, 1, chwa001 ) => {inserted_id = 2}
09:02:17 biwa003 Birgitta Wåhlander UPDATING data to tables `customer_contract` fields ( hour, date_from, date_to, fkkn ) values (5303.00, 2018-12-01, 2019-05-31, 1) on conditions id = 2
09:02:17 biwa003 Birgitta Wåhlander INSERTING data into tables `customer_contract_billing` fields ( contract_id, first_name, last_name, mobile, email, city, oncall, oncall2, awake, something ) values ( 2, , , , , , , , 1,  ) => {inserted_id = 0}
09:02:17 biwa003 Birgitta Wåhlander INSERTING data into tables `customer_contract_decision` fields ( contract_id, first_name, last_name, mobile, email, city, comments_time, comments_other, documents ) values ( 2, , , , , , juni-nov 5325 tim, ,  ) => {inserted_id = 0}
09:03:16 biwa003 Birgitta Wåhlander UPDATING data to tables `customer_contract` fields ( hour, date_from, date_to, fkkn ) values (5303.00, 2018-12-01, 2019-05-31, 1) on conditions id = 2
09:03:16 biwa003 Birgitta Wåhlander UPDATING data to tables `customer_contract_billing` fields ( first_name, last_name, mobile, email, city, oncall, oncall2, awake, something ) values (, , , , , , , 1, ) on conditions contract_id = 2
09:03:16 biwa003 Birgitta Wåhlander UPDATING data to tables `customer_contract_decision` fields ( first_name, last_name, mobile, email, city, comments_time, comments_other, documents ) values (, , , , , juni-nov 5325 tim, beslut daterat 2015-06-01, ) on conditions contract_id = 2
09:03:42 biwa003 Birgitta Wåhlander UPDATING data to tables `customer_contract` fields ( hour, date_from, date_to, fkkn ) values (5303.00, 2018-12-01, 2019-05-31, 1) on conditions id = 2
09:03:42 biwa003 Birgitta Wåhlander UPDATING data to tables `customer_contract_billing` fields ( first_name, last_name, mobile, email, city, oncall, oncall2, awake, something ) values (, , , , , , , 1, ) on conditions contract_id = 2
09:03:42 biwa003 Birgitta Wåhlander UPDATING data to tables `customer_contract_decision` fields ( first_name, last_name, mobile, email, city, comments_time, comments_other, documents ) values (, , , , , juni-nov 5325 tim, beslut daterat 2015-06-01, ) on conditions contract_id = 2
09:04:28 biwa003 Birgitta Wåhlander UPDATING data to tables `time2vie_cirruscommon`.`login` fields ( mobile, social_security ) values (733664430, 8807244606) on conditions username = mygu001
09:04:28 biwa003 Birgitta Wåhlander UPDATING data to tables `customer` fields ( code, century, social_security, first_name, last_name, address, city, post, phone, mobile, email, date, status, date_inactive, fkkn, gender, employee_contract_start_month, employee_contract_period_date, employee_contract_period_length, kn_name, kn_address, kn_postno, kn_reference_no, kn_box, kn_city ) values (1, 19, 8807244606, My, Gustafsson, Skånegatan 408, VARBERG, 432 39, , 733664430, mysan16@hotmail.com, 2019-02-18, 1, , 1, 2, , , , , , 0, , , ) on conditions username = mygu001
09:05:45 biwa003 Birgitta Wåhlander UPDATING data to tables `time2vie_cirruscommon`.`login` fields ( mobile, social_security ) values (733664443, 8901194657) on conditions username = chwa001
09:05:45 biwa003 Birgitta Wåhlander UPDATING data to tables `customer` fields ( code, century, social_security, first_name, last_name, address, city, post, phone, mobile, email, date, status, date_inactive, fkkn, gender, employee_contract_start_month, employee_contract_period_date, employee_contract_period_length, kn_name, kn_address, kn_postno, kn_reference_no, kn_box, kn_city ) values (2, 19, 8901194657, Christoffer, Wåhlander, Ploggatan 18, Varberg, 432 37, , 733664443, , 2019-04-04, 1, , 1, 1, , , , Stina Förster Carlsson, , 0, , , ) on conditions username = chwa001
09:05:45 biwa003 Birgitta Wåhlander UPDATING data to tables `customer_guardian` fields ( first_name, last_name, ssn, mobile, email, address, first_name2, last_name2, ssn2, mobile2, email2, address2, first_name3, last_name3, ssn3, mobile3, email3, address3 ) values (Lars, Wåhlander, 195805184610, +46730 60 14 51, ploggatan18@gmail.com, Lilla Drottnigg 5
432 45 Varberg, , , , , , , , , , , , ) on conditions customer = chwa001
09:06:24 biwa003 Birgitta Wåhlander UPDATING data to tables `time2vie_cirruscommon`.`login` fields ( mobile, social_security ) values (733664443, 8901194657) on conditions username = chwa001
09:06:24 biwa003 Birgitta Wåhlander UPDATING data to tables `customer` fields ( code, century, social_security, first_name, last_name, address, city, post, phone, mobile, email, date, status, date_inactive, fkkn, gender, employee_contract_start_month, employee_contract_period_date, employee_contract_period_length, kn_name, kn_address, kn_postno, kn_reference_no, kn_box, kn_city ) values (2, 19, 8901194657, Christoffer, Wåhlander, Ploggatan 18, VARBERG, 432 37, , 733664443, , 2019-04-04, 1, , 1, 1, , , , Stina Förster Carlsson, , 0, , , ) on conditions username = chwa001
09:06:24 biwa003 Birgitta Wåhlander UPDATING data to tables `customer_guardian` fields ( first_name, last_name, ssn, mobile, email, address, first_name2, last_name2, ssn2, mobile2, email2, address2, first_name3, last_name3, ssn3, mobile3, email3, address3 ) values (Lars, Wåhlander, 195805184610, +46730 60 14 51, ploggatan18@gmail.com, Lilla Drottnigg 5
432 45 Varberg, , , , , , , , , , , , ) on conditions customer = chwa001
09:08:59 biwa003 Birgitta Wåhlander INSERTING data into tables `time2vie_cirruscommon`.`login` fields ( username, mobile, role, login, date, company_ids, social_security ) values ( tibe002, 733664, 4, 0, 2019-04-04, 20,, 8605314627 ) => {inserted_id = 0}
09:08:59 biwa003 Birgitta Wåhlander INSERTING data into tables `time2vie_cirruscommon`.`secondary_login` fields ( username, company_id, last_login_time, last_pw_update_date, error, password ) values ( tibe002, 20, 0000-00-00 00:00:00, 2019-04-04, 0, e23ed3da13abc3b3da2b711d207c7208 ) => {inserted_id = 8411}
09:08:59 biwa003 Birgitta Wåhlander INSERTING data into tables `customer` fields ( username, century, code, social_security, first_name, last_name, address, city, post, phone, mobile, email, date, status, date_inactive, fkkn, gender, employee_contract_start_month, employee_contract_period_date, employee_contract_period_length, kn_name, kn_address, kn_postno, kn_reference_no, kn_box, kn_city ) values ( tibe002, 19, 6, 8605314627, Tina, Bengtsson, Skånegatan 357, VARBERG, 432 39, , 733664, , 2019-04-01, 1, , 1, 2, , , , , , , , ,  ) => {inserted_id = 0}
09:11:05 biwa003 Birgitta Wåhlander INSERTING data into tables `customer_contract` fields ( hour, date_from, date_to, fkkn, customer ) values ( 3804, 2019-01-01, 2019-06-30, 1, tibe002 ) => {inserted_id = 3}
09:11:05 biwa003 Birgitta Wåhlander INSERTING data into tables `customer_contract_decision` fields ( contract_id, first_name, last_name, mobile, email, city, comments_time, comments_other, documents ) values ( 3, , , , , , juli-dec 3867 tim, beslutet gäller fr o m 2014-01,  ) => {inserted_id = 0}
09:11:14 biwa003 Birgitta Wåhlander UPDATING data to tables `customer_contract` fields ( hour, date_from, date_to, fkkn ) values (3804.00, 2019-01-01, 2019-06-30, 1) on conditions id = 3
09:11:14 biwa003 Birgitta Wåhlander INSERTING data into tables `customer_contract_billing` fields ( contract_id, first_name, last_name, mobile, email, city, oncall, oncall2, awake, something ) values ( 3, , , , , , 1, , ,  ) => {inserted_id = 0}
09:11:14 biwa003 Birgitta Wåhlander UPDATING data to tables `customer_contract_decision` fields ( first_name, last_name, mobile, email, city, comments_time, comments_other, documents ) values (, , , , , juli-dec 3867 tim, beslutet gäller fr o m 2014-01, ) on conditions contract_id = 3
09:11:48 biwa003 Birgitta Wåhlander UPDATING data to tables `time2vie_cirruscommon`.`login` fields ( mobile, social_security ) values (733664443, 8901194657) on conditions username = chwa001
09:11:48 biwa003 Birgitta Wåhlander UPDATING data to tables `customer` fields ( code, century, social_security, first_name, last_name, address, city, post, phone, mobile, email, date, status, date_inactive, fkkn, gender, employee_contract_start_month, employee_contract_period_date, employee_contract_period_length, kn_name, kn_address, kn_postno, kn_reference_no, kn_box, kn_city ) values (2, 19, 8901194657, Christoffer, Wåhlander, Ploggatan 18, VARBERG, 432 37, , 733664443, , 2019-04-01, 1, , 1, 1, , , , Stina Förster Carlsson, , 0, , , ) on conditions username = chwa001
09:11:48 biwa003 Birgitta Wåhlander UPDATING data to tables `customer_guardian` fields ( first_name, last_name, ssn, mobile, email, address, first_name2, last_name2, ssn2, mobile2, email2, address2, first_name3, last_name3, ssn3, mobile3, email3, address3 ) values (Lars, Wåhlander, 195805184610, +46730 60 14 51, ploggatan18@gmail.com, Lilla Drottnigg 5
432 45 Varberg, , , , , , , , , , , , ) on conditions customer = chwa001
09:14:54 biwa003 Birgitta Wåhlander INSERTING data into tables `time2vie_cirruscommon`.`login` fields ( username, mobile, role, login, date, company_ids, social_security ) values ( vafa001, , 4, 0, 2019-04-04, 20,, 7696120109 ) => {inserted_id = 0}
09:14:54 biwa003 Birgitta Wåhlander INSERTING data into tables `time2vie_cirruscommon`.`secondary_login` fields ( username, company_id, last_login_time, last_pw_update_date, error, password ) values ( vafa001, 20, 0000-00-00 00:00:00, 2019-04-04, 0, e23ed3da13abc3b3da2b711d207c7208 ) => {inserted_id = 8412}
09:14:54 biwa003 Birgitta Wåhlander INSERTING data into tables `customer` fields ( username, century, code, social_security, first_name, last_name, address, city, post, phone, mobile, email, date, status, date_inactive, fkkn, gender, employee_contract_start_month, employee_contract_period_date, employee_contract_period_length, kn_name, kn_address, kn_postno, kn_reference_no, kn_box, kn_city ) values ( vafa001, 19, 7, 7696120109, Varbergs, Familjeassistans, Svärdfiskg 3, VARBERG, 432 40, 34037009, , , 2019-04-01, 1, , 1, 2, , , , , , , , ,  ) => {inserted_id = 0}
09:19:51 biwa003 Birgitta Wåhlander UPDATING data to tables `time2vie_cirruscommon`.`login` fields ( role, mobile ) values (1, 709397997) on conditions username = biwa003
09:19:51 biwa003 Birgitta Wåhlander UPDATING data to tables `employee` fields ( code, century, social_security, first_name, last_name, gender, address, city, post, phone, mobile, email, date, color, status, date_inactive, max_hours, monthly_salary, start_day, remaining_sem_leave, sem_leave_todate, leave_in_advance, care_of, office_personal, substitute, salary_type, sem_leave_days, vab_leave_days, fp_leave_days, nopay_leave_days, other_leave_days, ice, employee_contract_start_month, employee_contract_period_date, employee_contract_period_length, candg_follow, inconvenient_on ) values (2, 19, 6010074620, Birgitta, Wåhlander, 2, Lilla Drottninggatan 5, VARBERG, 432 45, , 709397997, ploggatan18@gmail.com, 2019-03-28, #ea9999, 1, , , 0, 10.00, 0, , 0, , 0, 0, 2, 0, 0, 0, 0, 0, , 04, 1, 04, 0, 0) on conditions username = biwa003
09:19:51 biwa003 Birgitta Wåhlander DELETE data from tables `team` on conditions employee = biwa003
09:19:51 biwa003 Birgitta Wåhlander INSERTING data into tables `team` fields ( customer, employee, role ) values ( chwa001, biwa003, 3 ), ( vafa001, biwa003, 3 ) => {inserted_id = 0}
09:20:34 biwa003 Birgitta Wåhlander UPDATING data to tables `time2vie_cirruscommon`.`login` fields ( role, mobile ) values (1, 703905572) on conditions username = cagu001
09:20:34 biwa003 Birgitta Wåhlander UPDATING data to tables `employee` fields ( code, century, social_security, first_name, last_name, gender, address, city, post, phone, mobile, email, date, color, status, date_inactive, max_hours, monthly_salary, start_day, remaining_sem_leave, sem_leave_todate, leave_in_advance, care_of, office_personal, substitute, salary_type, sem_leave_days, vab_leave_days, fp_leave_days, nopay_leave_days, other_leave_days, ice, employee_contract_start_month, employee_contract_period_date, employee_contract_period_length, candg_follow, inconvenient_on ) values (1, 19, 6112294605, Carina, Gustafsson, 2, Pixsjö 19, TVÅÅKER, 43277, , 703905572, varbergsfamiljeassistans@gmail.com, 2019-01-24, #6d9eeb, 1, , , 0, 10.00, 0, , 0, , 1, 0, 4, 1, 1, 1, 1, 1, , , , , 0, 1) on conditions username = cagu001
09:20:34 biwa003 Birgitta Wåhlander DELETE data from tables `team` on conditions employee = cagu001
09:20:34 biwa003 Birgitta Wåhlander INSERTING data into tables `team` fields ( customer, employee, role ) values ( mygu001, cagu001, 3 ), ( vafa001, cagu001, 3 ) => {inserted_id = 0}
09:26:19 biwa003 Birgitta Wåhlander INSERTING data into tables `inconvenient_timing_customer` fields ( root_id, group_id, name, customer, effect_from, effect_to, time_from, time_to, days, amount, nature, sal_call_training, sal_complementary_oncall, sal_more_oncall, sal_dismissal_oncall ) values ( 0, 4, Jour Vardag, mygu001, 2019-04-01, , 0.00, 24, 1,, 40:00, 1, 40:00, , ,  ) => {inserted_id = 1}
09:26:19 biwa003 Birgitta Wåhlander INSERTING data into tables `inconvenient_timing_customer` fields ( root_id, group_id, name, customer, effect_from, effect_to, time_from, time_to, days, amount, nature, sal_call_training, sal_complementary_oncall, sal_more_oncall, sal_dismissal_oncall ) values ( 1, 4, Jour Vardag, mygu001, 2019-04-01, , 0, 24, 2,3,, 40:00, 1, 40:00, , ,  ) => {inserted_id = 2}
09:26:19 biwa003 Birgitta Wåhlander INSERTING data into tables `inconvenient_timing_customer` fields ( root_id, group_id, name, customer, effect_from, effect_to, time_from, time_to, days, amount, nature, sal_call_training, sal_complementary_oncall, sal_more_oncall, sal_dismissal_oncall ) values ( 1, 4, Jour Vardag, mygu001, 2019-04-01, , 0, 6, 4,, 40:00, 1, 40:00, , ,  ) => {inserted_id = 3}
09:27:26 biwa003 Birgitta Wåhlander DELETE data from tables `inconvenient_timing_customer` on conditions root_id = 1
09:27:26 biwa003 Birgitta Wåhlander DELETE data from tables `inconvenient_timing_customer` on conditions id = 1
09:27:26 biwa003 Birgitta Wåhlander INSERTING data into tables `inconvenient_timing_customer` fields ( root_id, group_id, name, customer, effect_from, effect_to, time_from, time_to, days, amount, nature, sal_call_training, sal_complementary_oncall, sal_more_oncall, sal_dismissal_oncall ) values ( 0, 4, Jour Vardag, mygu001, 2019-04-01, , 0.00, 6.00, 2,3,4,5,, 40.00, 0, 40.00, , ,  ) => {inserted_id = 4}
09:28:34 biwa003 Birgitta Wåhlander INSERTING data into tables `inconvenient_timing_customer` fields ( root_id, group_id, name, customer, effect_from, effect_to, time_from, time_to, days, amount, nature, sal_call_training, sal_complementary_oncall, sal_more_oncall, sal_dismissal_oncall ) values ( 0, 5, Jour Helg, mygu001, 2019-04-01, , 0.00, 6, 1,6,7,, 80:00, 0, 80:00, , ,  ) => {inserted_id = 5}
09:33:34 gine001 gine001 UPDATING data to tables `time2vie_cirruscommon`.`ws_sessions` fields ( user_id ) values (gine001) on conditions session_id = a630df09c086284b8ab85900366f154c
10:04:11 gine001 gine001 UPDATING data to tables `time2vie_cirruscommon`.`ws_sessions` fields ( user_id ) values (gine001) on conditions session_id = a630df09c086284b8ab85900366f154c
10:13:43 biwa003 Birgitta Wåhlander UPDATING data to tables `inconvenient_timing` fields ( effect_to ) values (2019-04-03) on conditions (id = 64 OR root_id = 64) AND effect_to IS NULL
10:13:43 biwa003 Birgitta Wåhlander INSERTING data into tables `inconvenient_timing` fields ( root_id, group_id, name, type, effect_from, effect_to, time_from, time_to, days, amount, nature, sal_call_training, sal_complementary_oncall, sal_more_oncall, sal_dismissal_oncall, sort_order ) values ( 0, 2, OB Helg, 0, 2019-04-04, , 6.00, 24, 7,, 56.00, 1, 0.00, 0.00, 0, 0.00, 5 ) => {inserted_id = 66}
10:13:43 biwa003 Birgitta Wåhlander INSERTING data into tables `inconvenient_timing` fields ( root_id, group_id, name, type, effect_from, effect_to, time_from, time_to, days, amount, nature, sal_call_training, sal_complementary_oncall, sal_more_oncall, sal_dismissal_oncall, sort_order ) values ( 66, 2, OB Helg, 0, 2019-04-04, , 0, 24, ,, 56.00, 1, 0.00, 0.00, 0, 0.00, 5 ) => {inserted_id = 67}
10:13:43 biwa003 Birgitta Wåhlander INSERTING data into tables `inconvenient_timing` fields ( root_id, group_id, name, type, effect_from, effect_to, time_from, time_to, days, amount, nature, sal_call_training, sal_complementary_oncall, sal_more_oncall, sal_dismissal_oncall, sort_order ) values ( 66, 2, OB Helg, 0, 2019-04-04, , 0, 7.00, 1,, 56.00, 1, 0.00, 0.00, 0, 0.00, 5 ) => {inserted_id = 68}
10:14:35 biwa003 Birgitta Wåhlander DELETE data from tables `inconvenient_timing` on conditions root_id = 66
10:14:35 biwa003 Birgitta Wåhlander DELETE data from tables `inconvenient_timing` on conditions id = 66
10:14:35 biwa003 Birgitta Wåhlander INSERTING data into tables `inconvenient_timing` fields ( root_id, group_id, name, type, effect_from, effect_to, time_from, time_to, days, amount, nature, sal_call_training, sal_complementary_oncall, sal_more_oncall, sal_dismissal_oncall, sort_order ) values ( 0, 2, OB Helg, 0, 2019-04-01, , 6.00, 24, 7,, 56.00, 1, 0.00, 0.00, 0, 0.00, 5 ) => {inserted_id = 69}
10:14:35 biwa003 Birgitta Wåhlander INSERTING data into tables `inconvenient_timing` fields ( root_id, group_id, name, type, effect_from, effect_to, time_from, time_to, days, amount, nature, sal_call_training, sal_complementary_oncall, sal_more_oncall, sal_dismissal_oncall, sort_order ) values ( 69, 2, OB Helg, 0, 2019-04-01, , 0, 24, ,, 56.00, 1, 0.00, 0.00, 0, 0.00, 5 ) => {inserted_id = 70}
10:14:35 biwa003 Birgitta Wåhlander INSERTING data into tables `inconvenient_timing` fields ( root_id, group_id, name, type, effect_from, effect_to, time_from, time_to, days, amount, nature, sal_call_training, sal_complementary_oncall, sal_more_oncall, sal_dismissal_oncall, sort_order ) values ( 69, 2, OB Helg, 0, 2019-04-01, , 0, 7.00, 1,, 56.00, 1, 0.00, 0.00, 0, 0.00, 5 ) => {inserted_id = 71}
10:17:12 biwa003 Birgitta Wåhlander INSERTING data into tables `inconvenient_timing` fields ( root_id, group_id, name, type, effect_from, effect_to, time_from, time_to, days, amount, nature, sal_call_training, sal_complementary_oncall, sal_more_oncall, sal_dismissal_oncall, sort_order ) values ( 0, 6, OB Helg Natt, 0, 2019-04-01, , 22, 24, 5,, 65:00, 1, 0, 0, 0, 0, 6 ) => {inserted_id = 72}
10:17:12 biwa003 Birgitta Wåhlander INSERTING data into tables `inconvenient_timing` fields ( root_id, group_id, name, type, effect_from, effect_to, time_from, time_to, days, amount, nature, sal_call_training, sal_complementary_oncall, sal_more_oncall, sal_dismissal_oncall, sort_order ) values ( 72, 6, OB Helg Natt, 0, 2019-04-01, , 0, 24, ,, 65:00, 1, 0, 0, 0, 0, 6 ) => {inserted_id = 73}
10:17:12 biwa003 Birgitta Wåhlander INSERTING data into tables `inconvenient_timing` fields ( root_id, group_id, name, type, effect_from, effect_to, time_from, time_to, days, amount, nature, sal_call_training, sal_complementary_oncall, sal_more_oncall, sal_dismissal_oncall, sort_order ) values ( 72, 6, OB Helg Natt, 0, 2019-04-01, , 0, 6, 6,, 65:00, 1, 0, 0, 0, 0, 6 ) => {inserted_id = 74}
10:19:11 biwa003  UPDATING data to tables `time2vie_cirruscommon`.`secondary_login` fields ( error ) values (1) on conditions username = biwa003 AND company_id = 20
10:19:23 biwa003 Birgitta Wåhlander UPDATING data to tables `time2vie_cirruscommon`.`secondary_login` fields ( error ) values (0) on conditions username = biwa003 AND company_id = 20
10:19:23 biwa003 Birgitta Wåhlander INSERTING data into tables `log_login` fields ( username, ip, browser ) values ( biwa003, 193.234.72.157, Mozilla/5.0 (Windows NT 10.0; Win64; x64) AppleWebKit/537.36 (KHTML, like Gecko) Chrome/73.0.3683.86 Safari/537.36 ) => {inserted_id = 22}
10:19:23 biwa003 Birgitta Wåhlander DELETE data from tables `temp_session` on conditions username LIKE biwa003
10:19:23 biwa003 Birgitta Wåhlander UPDATING data to tables `time2vie_cirruscommon`.`login` fields ( login, last_time ) values (1, 2019-04-04 10:19:23) on conditions username = biwa003
10:19:23 biwa003 Birgitta Wåhlander UPDATING data to tables `time2vie_cirruscommon`.`secondary_login` fields ( last_login_time ) values (2019-04-04 10:19:23) on conditions username = biwa003 AND company_id = 20
10:19:23 biwa003 Birgitta Wåhlander UPDATING data to tables `time2vie_cirruscommon`.`ws_sessions` fields ( user_id ) values (biwa003) on conditions session_id = 5f5f249ff3d0cff7d144edee9c015b25
10:20:24 biwa003 Birgitta Wåhlander UPDATING data to tables `inconvenient_timing` fields ( effect_to ) values (2019-03-31) on conditions (id = 72 OR root_id = 72) AND effect_to IS NULL
10:20:24 biwa003 Birgitta Wåhlander INSERTING data into tables `inconvenient_timing` fields ( root_id, group_id, name, type, effect_from, effect_to, time_from, time_to, days, amount, nature, sal_call_training, sal_complementary_oncall, sal_more_oncall, sal_dismissal_oncall, sort_order ) values ( 0, 6, OB Helg Natt, 0, 2019-04-01, , 22.00, 24, 6,, 65.00, 1, 0.00, 0.00, 0, 0.00, 6 ) => {inserted_id = 75}
10:20:24 biwa003 Birgitta Wåhlander INSERTING data into tables `inconvenient_timing` fields ( root_id, group_id, name, type, effect_from, effect_to, time_from, time_to, days, amount, nature, sal_call_training, sal_complementary_oncall, sal_more_oncall, sal_dismissal_oncall, sort_order ) values ( 75, 6, OB Helg Natt, 0, 2019-04-01, , 0, 24, ,, 65.00, 1, 0.00, 0.00, 0, 0.00, 6 ) => {inserted_id = 76}
10:20:24 biwa003 Birgitta Wåhlander INSERTING data into tables `inconvenient_timing` fields ( root_id, group_id, name, type, effect_from, effect_to, time_from, time_to, days, amount, nature, sal_call_training, sal_complementary_oncall, sal_more_oncall, sal_dismissal_oncall, sort_order ) values ( 75, 6, OB Helg Natt, 0, 2019-04-01, , 0, 6.00, 7,, 65.00, 1, 0.00, 0.00, 0, 0.00, 6 ) => {inserted_id = 77}
10:21:37 biwa003 Birgitta Wåhlander DELETE data from tables `inconvenient_timing` on conditions root_id = 72
10:21:37 biwa003 Birgitta Wåhlander DELETE data from tables `inconvenient_timing` on conditions id = 72
10:21:37 biwa003 Birgitta Wåhlander INSERTING data into tables `inconvenient_timing` fields ( root_id, group_id, name, type, effect_from, effect_to, time_from, time_to, days, amount, nature, sal_call_training, sal_complementary_oncall, sal_more_oncall, sal_dismissal_oncall, sort_order ) values ( 0, 6, OB Helg Natt, 0, 2019-04-01, 2019-12-31, 22.00, 24, 5,, 65.00, 1, 0.00, 0.00, 0, 0.00, 6 ) => {inserted_id = 78}
10:21:37 biwa003 Birgitta Wåhlander INSERTING data into tables `inconvenient_timing` fields ( root_id, group_id, name, type, effect_from, effect_to, time_from, time_to, days, amount, nature, sal_call_training, sal_complementary_oncall, sal_more_oncall, sal_dismissal_oncall, sort_order ) values ( 78, 6, OB Helg Natt, 0, 2019-04-01, 2019-12-31, 0, 24, ,, 65.00, 1, 0.00, 0.00, 0, 0.00, 6 ) => {inserted_id = 79}
10:21:37 biwa003 Birgitta Wåhlander INSERTING data into tables `inconvenient_timing` fields ( root_id, group_id, name, type, effect_from, effect_to, time_from, time_to, days, amount, nature, sal_call_training, sal_complementary_oncall, sal_more_oncall, sal_dismissal_oncall, sort_order ) values ( 78, 6, OB Helg Natt, 0, 2019-04-01, 2019-12-31, 0, 6.00, 6,, 65.00, 1, 0.00, 0.00, 0, 0.00, 6 ) => {inserted_id = 80}
10:22:20 biwa003 Birgitta Wåhlander DELETE data from tables `inconvenient_timing` on conditions root_id = 64
10:22:20 biwa003 Birgitta Wåhlander DELETE data from tables `inconvenient_timing` on conditions id = 64
10:22:20 biwa003 Birgitta Wåhlander INSERTING data into tables `inconvenient_timing` fields ( root_id, group_id, name, type, effect_from, effect_to, time_from, time_to, days, amount, nature, sal_call_training, sal_complementary_oncall, sal_more_oncall, sal_dismissal_oncall, sort_order ) values ( 0, 2, OB Helg, 0, 2019-04-01, 2019-12-31, 6.00, 22.00, 6,, 56.00, 0, 0.00, 0.00, 0, 0.00, 5 ) => {inserted_id = 81}
10:27:01 biwa003 Birgitta Wåhlander UPDATING data to tables `holiday_block_master` fields ( name, group_id, effect_from, effect_to, date_from, date_to, start_time, end_time, type ) values (Påsk, 12, 2019, 2019, 04-18, 04-18, 18.00, 22.00, 2) on conditions id = 53
10:27:02 biwa003 Birgitta Wåhlander DELETE data from tables `holiday_block` on conditions block_master_id = 53
10:27:02 biwa003 Birgitta Wåhlander INSERTING data into tables `holiday_block` fields ( block_master_id, day, type ) values ( 53, 1, 2 ) => {inserted_id = 741}
10:28:47 biwa003 Birgitta Wåhlander INSERTING data into tables `holiday_block_master` fields ( name, group_id, effect_from, effect_to, date_from, date_to, start_time, end_time, type ) values ( Storhelg Natt, 13, 2019, , 04-18, 04-19, 22.00, 6.00, 2 ) => {inserted_id = 63}
10:28:47 biwa003 Birgitta Wåhlander INSERTING data into tables `holiday_block` fields ( block_master_id, day, type ) values ( 63, 1, 2 ) => {inserted_id = 742}
10:28:47 biwa003 Birgitta Wåhlander INSERTING data into tables `holiday_block` fields ( block_master_id, day, type ) values ( 63, 2, 2 ) => {inserted_id = 743}
10:30:13 biwa003 Birgitta Wåhlander UPDATING data to tables `holiday_block_master` fields ( name, group_id, effect_from, effect_to, date_from, date_to, start_time, end_time, type ) values (Påsk Storhelg Natt, 13, 2019, , 04-18, 04-19, 22.00, 6.00, 2) on conditions id = 63
10:30:13 biwa003 Birgitta Wåhlander DELETE data from tables `holiday_block` on conditions block_master_id = 63
10:30:13 biwa003 Birgitta Wåhlander INSERTING data into tables `holiday_block` fields ( block_master_id, day, type ) values ( 63, 1, 2 ) => {inserted_id = 744}
10:30:13 biwa003 Birgitta Wåhlander INSERTING data into tables `holiday_block` fields ( block_master_id, day, type ) values ( 63, 2, 2 ) => {inserted_id = 745}
10:38:55 biwa003 Birgitta Wåhlander DELETE data from tables `holiday_block_master` on conditions id = 63
10:38:55 biwa003 Birgitta Wåhlander DELETE data from tables `holiday_block` on conditions block_master_id = 63
10:39:31 biwa003 Birgitta Wåhlander UPDATING data to tables `holiday_block_master` fields ( name, group_id, effect_from, effect_to, date_from, date_to, start_time, end_time, type ) values (Påsk, 12, 2019, 2019, 04-18, 04-23, 18.00, 7.00, 2) on conditions id = 53
10:39:31 biwa003 Birgitta Wåhlander DELETE data from tables `holiday_block` on conditions block_master_id = 53
10:39:31 biwa003 Birgitta Wåhlander INSERTING data into tables `holiday_block` fields ( block_master_id, day, type ) values ( 53, 1, 2 ) => {inserted_id = 746}
10:39:31 biwa003 Birgitta Wåhlander INSERTING data into tables `holiday_block` fields ( block_master_id, day, type ) values ( 53, 2, 2 ) => {inserted_id = 747}
10:39:31 biwa003 Birgitta Wåhlander INSERTING data into tables `holiday_block` fields ( block_master_id, day, type ) values ( 53, 3, 2 ) => {inserted_id = 748}
10:39:32 biwa003 Birgitta Wåhlander INSERTING data into tables `holiday_block` fields ( block_master_id, day, type ) values ( 53, 4, 2 ) => {inserted_id = 749}
10:39:32 biwa003 Birgitta Wåhlander INSERTING data into tables `holiday_block` fields ( block_master_id, day, type ) values ( 53, 5, 2 ) => {inserted_id = 750}
10:39:32 biwa003 Birgitta Wåhlander INSERTING data into tables `holiday_block` fields ( block_master_id, day, type ) values ( 53, 6, 2 ) => {inserted_id = 751}
10:39:40 biwa003 Birgitta Wåhlander UPDATING data to tables `holiday_block_master` fields ( name, group_id, effect_from, effect_to, date_from, date_to, start_time, end_time, type ) values (Påsk, 12, 2019, 2019, 04-18, 04-23, 18.00, 7.00, 2) on conditions id = 53
10:39:40 biwa003 Birgitta Wåhlander DELETE data from tables `holiday_block` on conditions block_master_id = 53
10:39:41 biwa003 Birgitta Wåhlander INSERTING data into tables `holiday_block` fields ( block_master_id, day, type ) values ( 53, 1, 2 ) => {inserted_id = 752}
10:39:41 biwa003 Birgitta Wåhlander INSERTING data into tables `holiday_block` fields ( block_master_id, day, type ) values ( 53, 2, 1 ) => {inserted_id = 753}
10:39:41 biwa003 Birgitta Wåhlander INSERTING data into tables `holiday_block` fields ( block_master_id, day, type ) values ( 53, 3, 2 ) => {inserted_id = 754}
10:39:41 biwa003 Birgitta Wåhlander INSERTING data into tables `holiday_block` fields ( block_master_id, day, type ) values ( 53, 4, 1 ) => {inserted_id = 755}
10:39:41 biwa003 Birgitta Wåhlander INSERTING data into tables `holiday_block` fields ( block_master_id, day, type ) values ( 53, 5, 1 ) => {inserted_id = 756}
10:39:41 biwa003 Birgitta Wåhlander INSERTING data into tables `holiday_block` fields ( block_master_id, day, type ) values ( 53, 6, 2 ) => {inserted_id = 757}
10:48:36 gine001 gine001 UPDATING data to tables `time2vie_cirruscommon`.`ws_sessions` fields ( user_id ) values (gine001) on conditions session_id = a630df09c086284b8ab85900366f154c
10:50:17 biwa003 Birgitta Wåhlander DELETE data from tables `inconvenient_timing` on conditions root_id = 65
10:50:17 biwa003 Birgitta Wåhlander DELETE data from tables `inconvenient_timing` on conditions id = 65
10:50:40 biwa003 Birgitta Wåhlander DELETE data from tables `inconvenient_timing` on conditions root_id = 81
10:50:40 biwa003 Birgitta Wåhlander DELETE data from tables `inconvenient_timing` on conditions id = 81
10:51:03 biwa003 Birgitta Wåhlander DELETE data from tables `inconvenient_timing` on conditions root_id = 78
10:51:03 biwa003 Birgitta Wåhlander DELETE data from tables `inconvenient_timing` on conditions id = 78
10:53:59 biwa003 Birgitta Wåhlander DELETE data from tables `inconvenient_timing` on conditions root_id = 69
10:53:59 biwa003 Birgitta Wåhlander DELETE data from tables `inconvenient_timing` on conditions id = 69
10:53:59 biwa003 Birgitta Wåhlander INSERTING data into tables `inconvenient_timing` fields ( root_id, group_id, name, type, effect_from, effect_to, time_from, time_to, days, amount, nature, sal_call_training, sal_complementary_oncall, sal_more_oncall, sal_dismissal_oncall, sort_order ) values ( 0, 2, OB Helg, 0, 2019-04-01, , 19.00, 22.00, 5,, 56.00, 0, 0.00, 0.00, 0, 0.00, 5 ) => {inserted_id = 82}
10:55:05 biwa003 Birgitta Wåhlander UPDATING data to tables `inconvenient_timing` fields ( effect_to ) values (2019-03-31) on conditions (id = 82 OR root_id = 82) AND effect_to IS NULL
10:55:05 biwa003 Birgitta Wåhlander INSERTING data into tables `inconvenient_timing` fields ( root_id, group_id, name, type, effect_from, effect_to, time_from, time_to, days, amount, nature, sal_call_training, sal_complementary_oncall, sal_more_oncall, sal_dismissal_oncall, sort_order ) values ( 0, 2, OB Helg, 0, 2019-04-01, , 6.00, 22.00, 6,, 56.00, 0, 0.00, 0.00, 0, 0.00, 5 ) => {inserted_id = 83}
10:56:13 biwa003 Birgitta Wåhlander UPDATING data to tables `inconvenient_timing` fields ( effect_to ) values (2019-03-31) on conditions (id = 83 OR root_id = 83) AND effect_to IS NULL
10:56:13 biwa003 Birgitta Wåhlander INSERTING data into tables `inconvenient_timing` fields ( root_id, group_id, name, type, effect_from, effect_to, time_from, time_to, days, amount, nature, sal_call_training, sal_complementary_oncall, sal_more_oncall, sal_dismissal_oncall, sort_order ) values ( 0, 2, OB Helg, 0, 2019-04-01, , 6.00, 24, 7,, 56.00, 1, 0.00, 0.00, 0, 0.00, 5 ) => {inserted_id = 84}
10:56:13 biwa003 Birgitta Wåhlander INSERTING data into tables `inconvenient_timing` fields ( root_id, group_id, name, type, effect_from, effect_to, time_from, time_to, days, amount, nature, sal_call_training, sal_complementary_oncall, sal_more_oncall, sal_dismissal_oncall, sort_order ) values ( 84, 2, OB Helg, 0, 2019-04-01, , 0, 24, ,, 56.00, 1, 0.00, 0.00, 0, 0.00, 5 ) => {inserted_id = 85}
10:56:13 biwa003 Birgitta Wåhlander INSERTING data into tables `inconvenient_timing` fields ( root_id, group_id, name, type, effect_from, effect_to, time_from, time_to, days, amount, nature, sal_call_training, sal_complementary_oncall, sal_more_oncall, sal_dismissal_oncall, sort_order ) values ( 84, 2, OB Helg, 0, 2019-04-01, , 0, 7.00, 1,, 56.00, 1, 0.00, 0.00, 0, 0.00, 5 ) => {inserted_id = 86}
10:57:28 biwa003 Birgitta Wåhlander UPDATING data to tables `inconvenient_timing` fields ( effect_to ) values (2019-03-31) on conditions (id = 75 OR root_id = 75) AND effect_to IS NULL
10:57:28 biwa003 Birgitta Wåhlander INSERTING data into tables `inconvenient_timing` fields ( root_id, group_id, name, type, effect_from, effect_to, time_from, time_to, days, amount, nature, sal_call_training, sal_complementary_oncall, sal_more_oncall, sal_dismissal_oncall, sort_order ) values ( 0, 6, OB Helg Natt, 0, 2019-04-01, , 22.00, 24, 5,, 65.00, 1, 0.00, 0.00, 0, 0.00, 6 ) => {inserted_id = 87}
10:57:28 biwa003 Birgitta Wåhlander INSERTING data into tables `inconvenient_timing` fields ( root_id, group_id, name, type, effect_from, effect_to, time_from, time_to, days, amount, nature, sal_call_training, sal_complementary_oncall, sal_more_oncall, sal_dismissal_oncall, sort_order ) values ( 87, 6, OB Helg Natt, 0, 2019-04-01, , 0, 24, ,, 65.00, 1, 0.00, 0.00, 0, 0.00, 6 ) => {inserted_id = 88}
10:57:28 biwa003 Birgitta Wåhlander INSERTING data into tables `inconvenient_timing` fields ( root_id, group_id, name, type, effect_from, effect_to, time_from, time_to, days, amount, nature, sal_call_training, sal_complementary_oncall, sal_more_oncall, sal_dismissal_oncall, sort_order ) values ( 87, 6, OB Helg Natt, 0, 2019-04-01, , 0, 6.00, 6,, 65.00, 1, 0.00, 0.00, 0, 0.00, 6 ) => {inserted_id = 89}
10:59:18 biwa003 Birgitta Wåhlander UPDATING data to tables `holiday_block_master` fields ( name, group_id, effect_from, effect_to, date_from, date_to, start_time, end_time, type ) values (Påsk, 12, 2019, 2019, 04-18, 04-18, 18.00, 22.00, 2) on conditions id = 53
10:59:18 biwa003 Birgitta Wåhlander DELETE data from tables `holiday_block` on conditions block_master_id = 53
10:59:18 biwa003 Birgitta Wåhlander INSERTING data into tables `holiday_block` fields ( block_master_id, day, type ) values ( 53, 1, 2 ) => {inserted_id = 758}
11:00:17 biwa003 Birgitta Wåhlander INSERTING data into tables `holiday_block_master` fields ( name, group_id, effect_from, effect_to, date_from, date_to, start_time, end_time, type ) values ( Påsk Storhelg Natt, 13, 2019, , 04-18, 04-19, 22.00, 6.00, 2 ) => {inserted_id = 64}
11:00:17 biwa003 Birgitta Wåhlander INSERTING data into tables `holiday_block` fields ( block_master_id, day, type ) values ( 64, 1, 2 ) => {inserted_id = 759}
11:00:17 biwa003 Birgitta Wåhlander INSERTING data into tables `holiday_block` fields ( block_master_id, day, type ) values ( 64, 2, 2 ) => {inserted_id = 760}
11:00:43 biwa003 Birgitta Wåhlander UPDATING data to tables `holiday_block_master` fields ( name, group_id, effect_from, effect_to, date_from, date_to, start_time, end_time, type ) values (Påsk Storhelg Natt, 13, 2019, , 04-18, 04-19, 22.00, 6.00, 2) on conditions id = 64
11:00:43 biwa003 Birgitta Wåhlander DELETE data from tables `holiday_block` on conditions block_master_id = 64
11:00:43 biwa003 Birgitta Wåhlander INSERTING data into tables `holiday_block` fields ( block_master_id, day, type ) values ( 64, 1, 2 ) => {inserted_id = 761}
11:00:43 biwa003 Birgitta Wåhlander INSERTING data into tables `holiday_block` fields ( block_master_id, day, type ) values ( 64, 2, 1 ) => {inserted_id = 762}
11:01:51 biwa003 Birgitta Wåhlander INSERTING data into tables `holiday_block_master` fields ( name, group_id, effect_from, effect_to, date_from, date_to, start_time, end_time, type ) values ( Påsk Storhelg, 14, 2019, , 04-19, 04-19, 6.00, 22.00, 2 ) => {inserted_id = 65}
11:01:51 biwa003 Birgitta Wåhlander INSERTING data into tables `holiday_block` fields ( block_master_id, day, type ) values ( 65, 1, 2 ) => {inserted_id = 763}
11:02:19 biwa003 Birgitta Wåhlander UPDATING data to tables `holiday_block_master` fields ( name, group_id, effect_from, effect_to, date_from, date_to, start_time, end_time, type ) values (Påsk Storhelg, 14, 2019, , 04-19, 04-19, 6.00, 22.00, 2) on conditions id = 65
11:02:19 biwa003 Birgitta Wåhlander DELETE data from tables `holiday_block` on conditions block_master_id = 65
11:02:19 biwa003 Birgitta Wåhlander INSERTING data into tables `holiday_block` fields ( block_master_id, day, type ) values ( 65, 1, 1 ) => {inserted_id = 764}
11:30:13 biwa003 Birgitta Wåhlander INSERTING data into tables `time2vie_cirruscommon`.`login` fields ( username, mobile, social_security, role, login, date, company_ids ) values ( kaha003, 730981814, 8109120702, 3, 0, 2019-04-04, 20, ) => {inserted_id = 0}
11:30:13 biwa003 Birgitta Wåhlander INSERTING data into tables `time2vie_cirruscommon`.`secondary_login` fields ( username, company_id, last_login_time, last_pw_update_date, error, password ) values ( kaha003, 20, 0000-00-00 00:00:00, 2019-04-04, 0, e23ed3da13abc3b3da2b711d207c7208 ) => {inserted_id = 8414}
11:30:13 biwa003 Birgitta Wåhlander INSERTING data into tables `employee` fields ( username, century, code, social_security, first_name, last_name, gender, address, city, post, phone, mobile, email, date, color, status, date_inactive, max_hours, monthly_salary, start_day, remaining_sem_leave, sem_leave_todate, leave_in_advance, care_of, office_personal, substitute, salary_type, sem_leave_days, vab_leave_days, fp_leave_days, nopay_leave_days, other_leave_days, ice, employee_contract_start_month, employee_contract_period_date, employee_contract_period_length, candg_follow, inconvenient_on ) values ( kaha003, 19, 1-1, 8109120702, Kalina, Hajnold, 2, Lobovägen 9, VARBERG, 432 46, , 730981814, , 2019-04-01, #9b55d2, 1, , , 0, 10.00, , , 1, , , , 1, 1, 1, 1, 1, 1, , 04, 1, 04, , 1 ) => {inserted_id = 0}
11:30:13 biwa003 Birgitta Wåhlander UPDATING data to tables `time2vie_cirruscommon`.`login` fields ( company_ids=CONCAT(`company_ids`,?) ) values (20,) on conditions social_security = 8109120702 AND company_ids NOT LIKE %20,%
11:30:13 biwa003 Birgitta Wåhlander INSERTING data into tables `team` fields ( customer, employee, role ) values ( mygu001, kaha003, 3 ) => {inserted_id = 0}
11:31:26 biwa003 Birgitta Wåhlander UPDATING data to tables `time2vie_cirruscommon`.`login` fields ( company_ids=CONCAT(`company_ids`,?) ) values (20,) on conditions social_security = 8109120702 AND company_ids NOT LIKE %20,%
11:37:12 biwa003 Birgitta Wåhlander UPDATING data to tables `time2vie_cirruscommon`.`login` fields ( role, mobile ) values (3, 730981814) on conditions username = kaha003
11:37:12 biwa003 Birgitta Wåhlander UPDATING data to tables `employee` fields ( code, century, social_security, first_name, last_name, gender, address, city, post, phone, mobile, email, date, color, status, date_inactive, max_hours, monthly_salary, start_day, remaining_sem_leave, sem_leave_todate, leave_in_advance, care_of, office_personal, substitute, salary_type, sem_leave_days, vab_leave_days, fp_leave_days, nopay_leave_days, other_leave_days, ice, employee_contract_start_month, employee_contract_period_date, employee_contract_period_length, candg_follow, inconvenient_on ) values (1-1, 19, 8109120702, Kalina, Hajnold, 2, Lobovägen 9, VARBERG, 432 46, , 730981814, , 2019-04-01, #9b55d2, 1, , , 0, 10.00, 0, , 1, , 1, 0, 1, 1, 1, 1, 1, 1, , 04, 1, 04, 0, 1) on conditions username = kaha003
11:37:12 biwa003 Birgitta Wåhlander INSERTING data into tables `emp_inconvinient_time` fields ( emp_username, on_call, on_call_holiday, on_call_bigholiday, inconvinient_night, inconvinient_evening, inconvinient_holiday, inconvinient_week_holiday, date_from, added_by ) values ( kaha003, , , , , , , , 2019-04-04, biwa003 ) => {inserted_id = 3}
11:37:12 biwa003 Birgitta Wåhlander INSERTING data into tables `emp_salary` fields ( emp_username, salary_per_month, salary_per_hour, date_from, added_by ) values ( kaha003, , , 2019-04-04, biwa003 ) => {inserted_id = 3}
11:37:12 biwa003 Birgitta Wåhlander DELETE data from tables `team` on conditions employee = kaha003
11:37:12 biwa003 Birgitta Wåhlander INSERTING data into tables `team` fields ( customer, employee, role ) values ( mygu001, kaha003, 3 ) => {inserted_id = 0}
11:41:08 biwa003 Birgitta Wåhlander INSERTING data into tables `employee_contract` fields ( employee, date_from, date_to, hour, monthly_oncall_hour, customer_name, customer_social_secutrity, have_been_agreed, tmp_long_assistance_from, tmp_long_assistance_to, tmp_assistance_for, absence_from, absence_to, special_appointment, probationary_from, probationary_to, open_ended_appointment, prevailing_collective, fulltime, part_time, salary_month, salary_hour, incl_salary, excl_salary, incl_wages, act_salary, bank_account, leave_per_year, excl_holiday_pay, incl_salary_compensation, special_condition, notes, alloc_employee, normal_week_hr, oncall_week_hr, assistanceChecked, other_customer, employmentType ) values ( kaha003, 2019-04-04, , 40, 0, mygu001, , 1, , , , , , , , , , , 1, , , , , , , , , , , , , , biwa003, , , , ,  ) => {inserted_id = 1}
11:41:33 biwa003 Birgitta Wåhlander UPDATING data to tables `employee_contract` fields ( date_from, date_to, hour, monthly_oncall_hour, customer_name, customer_social_secutrity, have_been_agreed, tmp_long_assistance_from, tmp_long_assistance_to, tmp_assistance_for, absence_from, absence_to, special_appointment, probationary_from, probationary_to, open_ended_appointment, prevailing_collective, fulltime, part_time, salary_month, salary_hour, incl_salary, excl_salary, incl_wages, act_salary, bank_account, leave_per_year, excl_holiday_pay, incl_salary_compensation, special_condition, notes, alloc_employee, normal_week_hr, oncall_week_hr, assistanceChecked, other_customer, employmentType ) values (2019-04-01, , 40, 0, mygu001, , 1, , , , , , , , , , , 1, , , , , , , , , , , , , , biwa003, , , , , ) on conditions id = 1
11:59:00 cagu001 Carina Gustafsson INSERTING data into tables `time2vie_cirruscommon`.`login` fields ( username, mobile, social_security, role, login, date, company_ids ) values ( tiha001, 730518081, 7406034608, 3, 0, 2019-04-04, 20, ) => {inserted_id = 0}
11:59:00 cagu001 Carina Gustafsson INSERTING data into tables `time2vie_cirruscommon`.`secondary_login` fields ( username, company_id, last_login_time, last_pw_update_date, error, password ) values ( tiha001, 20, 0000-00-00 00:00:00, 2019-04-04, 0, e23ed3da13abc3b3da2b711d207c7208 ) => {inserted_id = 8415}
11:59:00 cagu001 Carina Gustafsson INSERTING data into tables `employee` fields ( username, century, code, social_security, first_name, last_name, gender, address, city, post, phone, mobile, email, date, color, status, date_inactive, max_hours, monthly_salary, start_day, remaining_sem_leave, sem_leave_todate, leave_in_advance, care_of, office_personal, substitute, salary_type, sem_leave_days, vab_leave_days, fp_leave_days, nopay_leave_days, other_leave_days, ice, employee_contract_start_month, employee_contract_period_date, employee_contract_period_length, candg_follow, inconvenient_on ) values ( tiha001, 19, 1-2, 7406034608, Tina, Hansen, 2, Björkhult 29, VEDDIGE, 432 66, , 730518081, tinas.hastmassage@gmail.com, 2019-04-01, #7cf3f7, 1, , , 0, 10.00, , , , , , , 1, 1, 1, 1, 1, 1, , 04, 1, 04, , 1 ) => {inserted_id = 0}
11:59:00 cagu001 Carina Gustafsson UPDATING data to tables `time2vie_cirruscommon`.`login` fields ( company_ids=CONCAT(`company_ids`,?) ) values (20,) on conditions social_security = 7406034608 AND company_ids NOT LIKE %20,%
11:59:00 cagu001 Carina Gustafsson INSERTING data into tables `team` fields ( customer, employee, role ) values ( mygu001, tiha001, 3 ) => {inserted_id = 0}
12:00:28 biwa003 Birgitta Wåhlander INSERTING data into tables `time2vie_cirruscommon`.`login` fields ( username, mobile, social_security, role, login, date, company_ids ) values ( mato007, 709699977, 7905244690, 3, 0, 2019-04-04, 20, ) => {inserted_id = 0}
12:00:28 biwa003 Birgitta Wåhlander INSERTING data into tables `time2vie_cirruscommon`.`secondary_login` fields ( username, company_id, last_login_time, last_pw_update_date, error, password ) values ( mato007, 20, 0000-00-00 00:00:00, 2019-04-04, 0, e23ed3da13abc3b3da2b711d207c7208 ) => {inserted_id = 8416}
12:00:28 biwa003 Birgitta Wåhlander INSERTING data into tables `employee` fields ( username, century, code, social_security, first_name, last_name, gender, address, city, post, phone, mobile, email, date, color, status, date_inactive, max_hours, monthly_salary, start_day, remaining_sem_leave, sem_leave_todate, leave_in_advance, care_of, office_personal, substitute, salary_type, sem_leave_days, vab_leave_days, fp_leave_days, nopay_leave_days, other_leave_days, ice, employee_contract_start_month, employee_contract_period_date, employee_contract_period_length, candg_follow, inconvenient_on ) values ( mato007, 19, 2-1, 7905244690, Mattias, Torbiörnson, 1, Fastarpsvägen 24, VARBERG, 432 78, , 709699977, mattias790524@gmail.com, 2019-04-01, #0000ff, 1, , , 0, 10.00, , , , , 1, 0, 1, 1, 1, 1, 1, 1, , 04, 1, 04, , 1 ) => {inserted_id = 0}
12:00:28 biwa003 Birgitta Wåhlander UPDATING data to tables `time2vie_cirruscommon`.`login` fields ( company_ids=CONCAT(`company_ids`,?) ) values (20,) on conditions social_security = 7905244690 AND company_ids NOT LIKE %20,%
12:00:28 biwa003 Birgitta Wåhlander INSERTING data into tables `team` fields ( customer, employee, role ) values ( chwa001, mato007, 3 ) => {inserted_id = 0}
12:01:44 cagu001 Carina Gustafsson UPDATING data to tables `time2vie_cirruscommon`.`login` fields ( role, mobile ) values (3, 730981814) on conditions username = kaha003
12:01:44 cagu001 Carina Gustafsson UPDATING data to tables `employee` fields ( code, century, social_security, first_name, last_name, gender, address, city, post, phone, mobile, email, date, color, status, date_inactive, max_hours, monthly_salary, start_day, remaining_sem_leave, sem_leave_todate, leave_in_advance, care_of, office_personal, substitute, salary_type, sem_leave_days, vab_leave_days, fp_leave_days, nopay_leave_days, other_leave_days, ice, employee_contract_start_month, employee_contract_period_date, employee_contract_period_length, candg_follow, inconvenient_on ) values (1-1, 19, 8109120702, Kalina, Hajnold, 2, Lobovägen 9, VARBERG, 432 46, , 730981814, k_hajnold@hotmail.com, 2019-04-01, #9b55d2, 1, , , 0, 10.00, 0, , 1, , 1, 0, 1, 1, 1, 1, 1, 1, , 04, 1, 04, 0, 1) on conditions username = kaha003
12:01:44 cagu001 Carina Gustafsson DELETE data from tables `team` on conditions employee = kaha003
12:01:44 cagu001 Carina Gustafsson INSERTING data into tables `team` fields ( customer, employee, role ) values ( mygu001, kaha003, 3 ) => {inserted_id = 0}
12:03:00 biwa003 Birgitta Wåhlander UPDATING data to tables `time2vie_cirruscommon`.`login` fields ( role, mobile ) values (3, 709699977) on conditions username = mato007
12:03:00 biwa003 Birgitta Wåhlander UPDATING data to tables `employee` fields ( code, century, social_security, first_name, last_name, gender, address, city, post, phone, mobile, email, date, color, status, date_inactive, max_hours, monthly_salary, start_day, remaining_sem_leave, sem_leave_todate, leave_in_advance, care_of, office_personal, substitute, salary_type, sem_leave_days, vab_leave_days, fp_leave_days, nopay_leave_days, other_leave_days, ice, employee_contract_start_month, employee_contract_period_date, employee_contract_period_length, candg_follow, inconvenient_on ) values (2-2, 19, 7905244690, Mattias, Torbiörnson, 1, Fastarpsvägen 24, VARBERG, 432 78, , 709699977, mattias790524@gmail.com, 2019-04-01, #0000ff, 1, , , 0, 10.00, 0, , 0, , 1, 0, 1, 1, 1, 1, 1, 1, , 04, 1, 04, 0, 1) on conditions username = mato007
12:03:00 biwa003 Birgitta Wåhlander INSERTING data into tables `emp_inconvinient_time` fields ( emp_username, on_call, on_call_holiday, on_call_bigholiday, inconvinient_night, inconvinient_evening, inconvinient_holiday, inconvinient_week_holiday, date_from, added_by ) values ( mato007, , , , , , , , 2019-04-04, biwa003 ) => {inserted_id = 4}
12:03:00 biwa003 Birgitta Wåhlander INSERTING data into tables `emp_salary` fields ( emp_username, salary_per_month, salary_per_hour, date_from, added_by ) values ( mato007, , , 2019-04-04, biwa003 ) => {inserted_id = 4}
12:03:01 biwa003 Birgitta Wåhlander DELETE data from tables `team` on conditions employee = mato007
12:03:01 biwa003 Birgitta Wåhlander INSERTING data into tables `team` fields ( customer, employee, role ) values ( chwa001, mato007, 3 ) => {inserted_id = 0}
12:07:41 biwa003 Birgitta Wåhlander INSERTING data into tables `time2vie_cirruscommon`.`login` fields ( username, mobile, social_security, role, login, date, company_ids ) values ( lawa002, 730601451, 5805184610, 3, 0, 2019-04-04, 20, ) => {inserted_id = 0}
12:07:41 biwa003 Birgitta Wåhlander INSERTING data into tables `time2vie_cirruscommon`.`secondary_login` fields ( username, company_id, last_login_time, last_pw_update_date, error, password ) values ( lawa002, 20, 0000-00-00 00:00:00, 2019-04-04, 0, e23ed3da13abc3b3da2b711d207c7208 ) => {inserted_id = 8417}
12:07:41 biwa003 Birgitta Wåhlander INSERTING data into tables `employee` fields ( username, century, code, social_security, first_name, last_name, gender, address, city, post, phone, mobile, email, date, color, status, date_inactive, max_hours, monthly_salary, start_day, remaining_sem_leave, sem_leave_todate, leave_in_advance, care_of, office_personal, substitute, salary_type, sem_leave_days, vab_leave_days, fp_leave_days, nopay_leave_days, other_leave_days, ice, employee_contract_start_month, employee_contract_period_date, employee_contract_period_length, candg_follow, inconvenient_on ) values ( lawa002, 19, 2-1, 5805184610, Lars, Wåhlander, 1, Lilla Drottnigg 5, VARBERG, 432 45, , 730601451, ploggatan18@gmail.com, 2019-04-01, #00ffff, 1, , , 0, 10.00, , , , , , 0, 1, 1, , , 1, 1, , 04, 1, 04, , 1 ) => {inserted_id = 0}
12:07:41 biwa003 Birgitta Wåhlander UPDATING data to tables `time2vie_cirruscommon`.`login` fields ( company_ids=CONCAT(`company_ids`,?) ) values (20,) on conditions social_security = 5805184610 AND company_ids NOT LIKE %20,%
12:07:41 biwa003 Birgitta Wåhlander INSERTING data into tables `team` fields ( customer, employee, role ) values ( chwa001, lawa002, 3 ) => {inserted_id = 0}
12:11:18 cagu001 Carina Gustafsson INSERTING data into tables `time2vie_cirruscommon`.`login` fields ( username, mobile, social_security, role, login, date, company_ids ) values ( emja001, 76241487, 9208115643, 3, 0, 2019-04-04, 20, ) => {inserted_id = 0}
12:11:18 cagu001 Carina Gustafsson INSERTING data into tables `time2vie_cirruscommon`.`secondary_login` fields ( username, company_id, last_login_time, last_pw_update_date, error, password ) values ( emja001, 20, 0000-00-00 00:00:00, 2019-04-04, 0, e23ed3da13abc3b3da2b711d207c7208 ) => {inserted_id = 8418}
12:11:18 cagu001 Carina Gustafsson INSERTING data into tables `employee` fields ( username, century, code, social_security, first_name, last_name, gender, address, city, post, phone, mobile, email, date, color, status, date_inactive, max_hours, monthly_salary, start_day, remaining_sem_leave, sem_leave_todate, leave_in_advance, care_of, office_personal, substitute, salary_type, sem_leave_days, vab_leave_days, fp_leave_days, nopay_leave_days, other_leave_days, ice, employee_contract_start_month, employee_contract_period_date, employee_contract_period_length, candg_follow, inconvenient_on ) values ( emja001, 19, 1-3, 9208115643, Emilia, Jacobsson, 2, Stenfalksvägen 3 B, FALKENBERG, 311 39, , 76241487, emiliajacobsson@outlook.com, 2019-04-01, #6fa8dc, 1, , , 0, 10.00, , , , , , , 1, 1, 1, 1, 1, , , 04, 1, 04, , 1 ) => {inserted_id = 0}
12:11:18 cagu001 Carina Gustafsson UPDATING data to tables `time2vie_cirruscommon`.`login` fields ( company_ids=CONCAT(`company_ids`,?) ) values (20,) on conditions social_security = 9208115643 AND company_ids NOT LIKE %20,%
12:11:18 cagu001 Carina Gustafsson INSERTING data into tables `team` fields ( customer, employee, role ) values ( mygu001, emja001, 3 ) => {inserted_id = 0}
12:11:50 cagu001 Carina Gustafsson UPDATING data to tables `time2vie_cirruscommon`.`login` fields ( role, mobile ) values (3, 730518081) on conditions username = tiha001
12:11:50 cagu001 Carina Gustafsson UPDATING data to tables `employee` fields ( code, century, social_security, first_name, last_name, gender, address, city, post, phone, mobile, email, date, color, status, date_inactive, max_hours, monthly_salary, start_day, remaining_sem_leave, sem_leave_todate, leave_in_advance, care_of, office_personal, substitute, salary_type, sem_leave_days, vab_leave_days, fp_leave_days, nopay_leave_days, other_leave_days, ice, employee_contract_start_month, employee_contract_period_date, employee_contract_period_length, candg_follow, inconvenient_on ) values (1-2, 19, 7406034608, Tina, Hansen, 2, Björkhult 29, VEDDIGE, 432 66, , 730518081, tinas.hastmassage@gmail.com, 2019-04-01, #ff9900, 1, , , 0, 10.00, 0, , 0, , 0, 0, 1, 1, 1, 1, 1, 1, , 04, 1, 04, 0, 1) on conditions username = tiha001
12:11:50 cagu001 Carina Gustafsson INSERTING data into tables `emp_inconvinient_time` fields ( emp_username, on_call, on_call_holiday, on_call_bigholiday, inconvinient_night, inconvinient_evening, inconvinient_holiday, inconvinient_week_holiday, date_from, added_by ) values ( tiha001, , , , , , , , 2019-04-04, cagu001 ) => {inserted_id = 5}
12:11:50 cagu001 Carina Gustafsson INSERTING data into tables `emp_salary` fields ( emp_username, salary_per_month, salary_per_hour, date_from, added_by ) values ( tiha001, , , 2019-04-04, cagu001 ) => {inserted_id = 5}
12:11:50 cagu001 Carina Gustafsson DELETE data from tables `team` on conditions employee = tiha001
12:11:50 cagu001 Carina Gustafsson INSERTING data into tables `team` fields ( customer, employee, role ) values ( mygu001, tiha001, 3 ) => {inserted_id = 0}
12:14:48 biwa003 Birgitta Wåhlander INSERTING data into tables `time2vie_cirruscommon`.`login` fields ( username, mobile, social_security, role, login, date, company_ids ) values ( anka019, 7303233, 7505024625, 3, 0, 2019-04-04, 20, ) => {inserted_id = 0}
12:14:48 biwa003 Birgitta Wåhlander INSERTING data into tables `time2vie_cirruscommon`.`secondary_login` fields ( username, company_id, last_login_time, last_pw_update_date, error, password ) values ( anka019, 20, 0000-00-00 00:00:00, 2019-04-04, 0, e23ed3da13abc3b3da2b711d207c7208 ) => {inserted_id = 8419}
12:14:48 biwa003 Birgitta Wåhlander INSERTING data into tables `employee` fields ( username, century, code, social_security, first_name, last_name, gender, address, city, post, phone, mobile, email, date, color, status, date_inactive, max_hours, monthly_salary, start_day, remaining_sem_leave, sem_leave_todate, leave_in_advance, care_of, office_personal, substitute, salary_type, sem_leave_days, vab_leave_days, fp_leave_days, nopay_leave_days, other_leave_days, ice, employee_contract_start_month, employee_contract_period_date, employee_contract_period_length, candg_follow, inconvenient_on ) values ( anka019, 19, 2-3, 7505024625, Anna, Kawalya Westerberg, 2, Järnvägsg 3 B, TVÅÅKER, 432 78, , 7303233, anna.westerberg@outlook.com, 2019-04-01, #9b55d2, 1, , , 0, 10.00, , , , , , , 1, 1, , , 1, 1, , 04, 1, 04, , 1 ) => {inserted_id = 0}
12:14:48 biwa003 Birgitta Wåhlander UPDATING data to tables `time2vie_cirruscommon`.`login` fields ( company_ids=CONCAT(`company_ids`,?) ) values (20,) on conditions social_security = 7505024625 AND company_ids NOT LIKE %20,%
12:14:48 biwa003 Birgitta Wåhlander INSERTING data into tables `team` fields ( customer, employee, role ) values ( chwa001, anka019, 3 ) => {inserted_id = 0}
12:15:31 cagu001 Carina Gustafsson UPDATING data to tables `time2vie_cirruscommon`.`login` fields ( role, mobile ) values (3, 709699977) on conditions username = mato007
12:15:31 cagu001 Carina Gustafsson UPDATING data to tables `employee` fields ( code, century, social_security, first_name, last_name, gender, address, city, post, phone, mobile, email, date, color, status, date_inactive, max_hours, monthly_salary, start_day, remaining_sem_leave, sem_leave_todate, leave_in_advance, care_of, office_personal, substitute, salary_type, sem_leave_days, vab_leave_days, fp_leave_days, nopay_leave_days, other_leave_days, ice, employee_contract_start_month, employee_contract_period_date, employee_contract_period_length, candg_follow, inconvenient_on ) values (2-2, 19, 7905244690, Mattias, Torbiörnson, 1, Fastarpsvägen 24, TVÅÅKER, 432 78, , 709699977, mattias790524@gmail.com, 2019-04-01, #0000ff, 1, , , 0, 10.00, 0, , 0, , 1, 0, 1, 1, 1, 1, 1, 1, , 04, 1, 04, 0, 1) on conditions username = mato007
12:15:31 cagu001 Carina Gustafsson DELETE data from tables `team` on conditions employee = mato007
12:15:31 cagu001 Carina Gustafsson INSERTING data into tables `team` fields ( customer, employee, role ) values ( chwa001, mato007, 3 ) => {inserted_id = 0}
13:25:24 cagu001 Carina Gustafsson INSERTING data into tables `time2vie_cirruscommon`.`login` fields ( username, mobile, social_security, role, login, date, company_ids ) values ( saan012, 73979520, 9707098167, 3, 0, 2019-04-04, 20, ) => {inserted_id = 0}
13:25:24 cagu001 Carina Gustafsson INSERTING data into tables `time2vie_cirruscommon`.`secondary_login` fields ( username, company_id, last_login_time, last_pw_update_date, error, password ) values ( saan012, 20, 0000-00-00 00:00:00, 2019-04-04, 0, e23ed3da13abc3b3da2b711d207c7208 ) => {inserted_id = 8420}
13:25:24 cagu001 Carina Gustafsson INSERTING data into tables `employee` fields ( username, century, code, social_security, first_name, last_name, gender, address, city, post, phone, mobile, email, date, color, status, date_inactive, max_hours, monthly_salary, start_day, remaining_sem_leave, sem_leave_todate, leave_in_advance, care_of, office_personal, substitute, salary_type, sem_leave_days, vab_leave_days, fp_leave_days, nopay_leave_days, other_leave_days, ice, employee_contract_start_month, employee_contract_period_date, employee_contract_period_length, candg_follow, inconvenient_on ) values ( saan012, 19, 1-4, 9707098167, Sara, Andersson, 2, Richard Berghs väg 4, VARBERG, 432 53, , 73979520, happyandersoon@hotmail.com, 2019-04-01, #ffff00, 1, , , 0, 10.00, , , , , , , 1, 1, 1, 1, 1, 1, , 04, 1, 04, , 1 ) => {inserted_id = 0}
13:25:24 cagu001 Carina Gustafsson UPDATING data to tables `time2vie_cirruscommon`.`login` fields ( company_ids=CONCAT(`company_ids`,?) ) values (20,) on conditions social_security = 9707098167 AND company_ids NOT LIKE %20,%
13:25:24 cagu001 Carina Gustafsson INSERTING data into tables `team` fields ( customer, employee, role ) values ( mygu001, saan012, 3 ) => {inserted_id = 0}
13:40:48 cagu001 Carina Gustafsson INSERTING data into tables `time2vie_cirruscommon`.`login` fields ( username, mobile, social_security, role, login, date, company_ids ) values ( lisz001, 730782847, 9301051026, 3, 0, 2019-04-04, 20, ) => {inserted_id = 0}
13:40:48 cagu001 Carina Gustafsson INSERTING data into tables `time2vie_cirruscommon`.`secondary_login` fields ( username, company_id, last_login_time, last_pw_update_date, error, password ) values ( lisz001, 20, 0000-00-00 00:00:00, 2019-04-04, 0, e23ed3da13abc3b3da2b711d207c7208 ) => {inserted_id = 8421}
13:40:48 cagu001 Carina Gustafsson INSERTING data into tables `employee` fields ( username, century, code, social_security, first_name, last_name, gender, address, city, post, phone, mobile, email, date, color, status, date_inactive, max_hours, monthly_salary, start_day, remaining_sem_leave, sem_leave_todate, leave_in_advance, care_of, office_personal, substitute, salary_type, sem_leave_days, vab_leave_days, fp_leave_days, nopay_leave_days, other_leave_days, ice, employee_contract_start_month, employee_contract_period_date, employee_contract_period_length, candg_follow, inconvenient_on ) values ( lisz001, 19, 1-5, 9301051026, Linnéa, Szendera, 2, Rodhes Väg 3 B, VARBERG, , , 730782847, linneaszendera@hotmail.com, 2019-04-01, #18832a, 1, , , 0, 10.00, , , , , , , 1, 1, 1, 1, 1, 1, , 04, 1, 04, , 1 ) => {inserted_id = 0}
13:40:48 cagu001 Carina Gustafsson UPDATING data to tables `time2vie_cirruscommon`.`login` fields ( company_ids=CONCAT(`company_ids`,?) ) values (20,) on conditions social_security = 9301051026 AND company_ids NOT LIKE %20,%
13:40:49 cagu001 Carina Gustafsson INSERTING data into tables `team` fields ( customer, employee, role ) values ( mygu001, lisz001, 3 ) => {inserted_id = 0}
13:41:38 biwa003 Birgitta Wåhlander INSERTING data into tables `time2vie_cirruscommon`.`login` fields ( username, mobile, social_security, role, login, date, company_ids ) values ( idah001, 708452206, 9103073020, 3, 0, 2019-04-04, 20, ) => {inserted_id = 0}
13:41:38 biwa003 Birgitta Wåhlander INSERTING data into tables `time2vie_cirruscommon`.`secondary_login` fields ( username, company_id, last_login_time, last_pw_update_date, error, password ) values ( idah001, 20, 0000-00-00 00:00:00, 2019-04-04, 0, e23ed3da13abc3b3da2b711d207c7208 ) => {inserted_id = 8422}
13:41:38 biwa003 Birgitta Wåhlander INSERTING data into tables `employee` fields ( username, century, code, social_security, first_name, last_name, gender, address, city, post, phone, mobile, email, date, color, status, date_inactive, max_hours, monthly_salary, start_day, remaining_sem_leave, sem_leave_todate, leave_in_advance, care_of, office_personal, substitute, salary_type, sem_leave_days, vab_leave_days, fp_leave_days, nopay_leave_days, other_leave_days, ice, employee_contract_start_month, employee_contract_period_date, employee_contract_period_length, candg_follow, inconvenient_on ) values ( idah001, 19, 2-4, 9103073020, Ida-Caroline, Ahnström, 2, Blåbärsstigen 4, ÖVERLIDA, 512 60, , 708452206, idacaroline.ahnstrom@hotmail.com, 2019-04-04, #f1c232, 1, , , 0, 10.00, , , , , , 0, 1, 1, 1, 1, 1, 1, , 04, 1, 04, , 1 ) => {inserted_id = 0}
13:41:38 biwa003 Birgitta Wåhlander UPDATING data to tables `time2vie_cirruscommon`.`login` fields ( company_ids=CONCAT(`company_ids`,?) ) values (20,) on conditions social_security = 9103073020 AND company_ids NOT LIKE %20,%
13:41:38 biwa003 Birgitta Wåhlander INSERTING data into tables `team` fields ( customer, employee, role ) values ( chwa001, idah001, 3 ) => {inserted_id = 0}
13:41:41 cagu001 Carina Gustafsson UPDATING data to tables `time2vie_cirruscommon`.`login` fields ( role, mobile ) values (3, 730981814) on conditions username = kaha003
13:41:41 cagu001 Carina Gustafsson UPDATING data to tables `employee` fields ( code, century, social_security, first_name, last_name, gender, address, city, post, phone, mobile, email, date, color, status, date_inactive, max_hours, monthly_salary, start_day, remaining_sem_leave, sem_leave_todate, leave_in_advance, care_of, office_personal, substitute, salary_type, sem_leave_days, vab_leave_days, fp_leave_days, nopay_leave_days, other_leave_days, ice, employee_contract_start_month, employee_contract_period_date, employee_contract_period_length, candg_follow, inconvenient_on ) values (1-1, 19, 8109120702, Kalina, Hajnold, 2, Lobovägen 9, VARBERG, 432 46, , 730981814, k_hajnold@hotmail.com, 2019-04-01, #9b55d2, 1, , , 0, 10.00, 0, , 1, , 0, 0, 1, 1, 1, 1, 1, 1, , 04, 1, 04, 0, 1) on conditions username = kaha003
13:41:42 cagu001 Carina Gustafsson DELETE data from tables `team` on conditions employee = kaha003
13:41:42 cagu001 Carina Gustafsson INSERTING data into tables `team` fields ( customer, employee, role ) values ( mygu001, kaha003, 3 ) => {inserted_id = 0}
13:44:39 cagu001 Carina Gustafsson INSERTING data into tables `time2vie_cirruscommon`.`login` fields ( username, mobile, social_security, role, login, date, company_ids ) values ( loli005, 763284108, 9403253660, 3, 0, 2019-04-04, 20, ) => {inserted_id = 0}
13:44:39 cagu001 Carina Gustafsson INSERTING data into tables `time2vie_cirruscommon`.`secondary_login` fields ( username, company_id, last_login_time, last_pw_update_date, error, password ) values ( loli005, 20, 0000-00-00 00:00:00, 2019-04-04, 0, e23ed3da13abc3b3da2b711d207c7208 ) => {inserted_id = 8423}
13:44:39 cagu001 Carina Gustafsson INSERTING data into tables `employee` fields ( username, century, code, social_security, first_name, last_name, gender, address, city, post, phone, mobile, email, date, color, status, date_inactive, max_hours, monthly_salary, start_day, remaining_sem_leave, sem_leave_todate, leave_in_advance, care_of, office_personal, substitute, salary_type, sem_leave_days, vab_leave_days, fp_leave_days, nopay_leave_days, other_leave_days, ice, employee_contract_start_month, employee_contract_period_date, employee_contract_period_length, candg_follow, inconvenient_on ) values ( loli005, 19, 1-6, 9403253660, Lovisa, Lian, 2, Bissmarksgatan 11 A, KUNGSBACKA, 434 43, , 763284108, lovisa.lian94@gmail.com, 2019-04-01, #a4c2f4, 1, , , 0, 10.00, , , , , , , 1, 1, 1, 1, 1, 1, , 04, 1, 04, , 1 ) => {inserted_id = 0}
13:44:39 cagu001 Carina Gustafsson UPDATING data to tables `time2vie_cirruscommon`.`login` fields ( company_ids=CONCAT(`company_ids`,?) ) values (20,) on conditions social_security = 9403253660 AND company_ids NOT LIKE %20,%
13:44:40 cagu001 Carina Gustafsson INSERTING data into tables `team` fields ( customer, employee, role ) values ( mygu001, loli005, 3 ) => {inserted_id = 0}
13:45:26 cagu001 Carina Gustafsson UPDATING data to tables `time2vie_cirruscommon`.`login` fields ( role, mobile ) values (3, 730782847) on conditions username = lisz001
13:45:26 cagu001 Carina Gustafsson UPDATING data to tables `employee` fields ( code, century, social_security, first_name, last_name, gender, address, city, post, phone, mobile, email, date, color, status, date_inactive, max_hours, monthly_salary, start_day, remaining_sem_leave, sem_leave_todate, leave_in_advance, care_of, office_personal, substitute, salary_type, sem_leave_days, vab_leave_days, fp_leave_days, nopay_leave_days, other_leave_days, ice, employee_contract_start_month, employee_contract_period_date, employee_contract_period_length, candg_follow, inconvenient_on ) values (1-5, 19, 9301051026, Linnéa, Szendera, 2, Rodhes Väg 3 B, VARBERG, 432 51, , 730782847, linneaszendera@hotmail.com, 2019-04-01, #18832a, 1, , , 0, 10.00, 0, , 0, , 0, 0, 1, 1, 1, 1, 1, 1, , 04, 1, 04, 0, 1) on conditions username = lisz001
13:45:26 cagu001 Carina Gustafsson INSERTING data into tables `emp_inconvinient_time` fields ( emp_username, on_call, on_call_holiday, on_call_bigholiday, inconvinient_night, inconvinient_evening, inconvinient_holiday, inconvinient_week_holiday, date_from, added_by ) values ( lisz001, , , , , , , , 2019-04-04, cagu001 ) => {inserted_id = 6}
13:45:26 cagu001 Carina Gustafsson INSERTING data into tables `emp_salary` fields ( emp_username, salary_per_month, salary_per_hour, date_from, added_by ) values ( lisz001, , , 2019-04-04, cagu001 ) => {inserted_id = 6}
13:45:26 cagu001 Carina Gustafsson DELETE data from tables `team` on conditions employee = lisz001
13:45:26 cagu001 Carina Gustafsson INSERTING data into tables `team` fields ( customer, employee, role ) values ( mygu001, lisz001, 3 ) => {inserted_id = 0}
13:45:50 biwa003 Birgitta Wåhlander INSERTING data into tables `time2vie_cirruscommon`.`login` fields ( username, mobile, social_security, role, login, date, company_ids ) values ( thgu002, 735018070, 9104202040, 3, 0, 2019-04-04, 20, ) => {inserted_id = 0}
13:45:50 biwa003 Birgitta Wåhlander INSERTING data into tables `time2vie_cirruscommon`.`secondary_login` fields ( username, company_id, last_login_time, last_pw_update_date, error, password ) values ( thgu002, 20, 0000-00-00 00:00:00, 2019-04-04, 0, e23ed3da13abc3b3da2b711d207c7208 ) => {inserted_id = 8424}
13:45:50 biwa003 Birgitta Wåhlander INSERTING data into tables `employee` fields ( username, century, code, social_security, first_name, last_name, gender, address, city, post, phone, mobile, email, date, color, status, date_inactive, max_hours, monthly_salary, start_day, remaining_sem_leave, sem_leave_todate, leave_in_advance, care_of, office_personal, substitute, salary_type, sem_leave_days, vab_leave_days, fp_leave_days, nopay_leave_days, other_leave_days, ice, employee_contract_start_month, employee_contract_period_date, employee_contract_period_length, candg_follow, inconvenient_on ) values ( thgu002, 19, 2-5, 9104202040, Therese, Gustafsson, 2, Valinge Olofstorp 38, VARBERG, 432 92, , 735018070, tgustafss0n@hotmail.com, 2019-04-01, #3bf4b0, 1, , , 0, 10.00, , , , , , 1, 1, 1, , , 1, 1, , 04, 1, 04, , 1 ) => {inserted_id = 0}
13:45:50 biwa003 Birgitta Wåhlander UPDATING data to tables `time2vie_cirruscommon`.`login` fields ( company_ids=CONCAT(`company_ids`,?) ) values (20,) on conditions social_security = 9104202040 AND company_ids NOT LIKE %20,%
13:45:50 biwa003 Birgitta Wåhlander INSERTING data into tables `team` fields ( customer, employee, role ) values ( chwa001, thgu002, 3 ) => {inserted_id = 0}
13:46:24 biwa003 Birgitta Wåhlander UPDATING data to tables `time2vie_cirruscommon`.`login` fields ( role, mobile ) values (3, 708452206) on conditions username = idah001
13:46:24 biwa003 Birgitta Wåhlander UPDATING data to tables `employee` fields ( code, century, social_security, first_name, last_name, gender, address, city, post, phone, mobile, email, date, color, status, date_inactive, max_hours, monthly_salary, start_day, remaining_sem_leave, sem_leave_todate, leave_in_advance, care_of, office_personal, substitute, salary_type, sem_leave_days, vab_leave_days, fp_leave_days, nopay_leave_days, other_leave_days, ice, employee_contract_start_month, employee_contract_period_date, employee_contract_period_length, candg_follow, inconvenient_on ) values (2-4, 19, 9103073020, Ida-Caroline, Ahnström, 2, Blåbärsstigen 4, ÖVERLIDA, 512 60, , 708452206, idacaroline.ahnstrom@hotmail.com, 2019-04-01, #f1c232, 1, , , 0, 10.00, 0, , 0, , 0, 0, 1, 1, 1, 1, 1, 1, , 04, 1, 04, 0, 1) on conditions username = idah001
13:46:24 biwa003 Birgitta Wåhlander INSERTING data into tables `emp_inconvinient_time` fields ( emp_username, on_call, on_call_holiday, on_call_bigholiday, inconvinient_night, inconvinient_evening, inconvinient_holiday, inconvinient_week_holiday, date_from, added_by ) values ( idah001, , , , , , , , 2019-04-04, biwa003 ) => {inserted_id = 7}
13:46:24 biwa003 Birgitta Wåhlander INSERTING data into tables `emp_salary` fields ( emp_username, salary_per_month, salary_per_hour, date_from, added_by ) values ( idah001, , , 2019-04-04, biwa003 ) => {inserted_id = 7}
13:46:24 biwa003 Birgitta Wåhlander DELETE data from tables `team` on conditions employee = idah001
13:46:24 biwa003 Birgitta Wåhlander INSERTING data into tables `team` fields ( customer, employee, role ) values ( chwa001, idah001, 3 ) => {inserted_id = 0}
13:48:25 cagu001 Carina Gustafsson UPDATING data to tables `time2vie_cirruscommon`.`login` fields ( role, mobile ) values (3, 762414879) on conditions username = emja001
13:48:25 cagu001 Carina Gustafsson UPDATING data to tables `employee` fields ( code, century, social_security, first_name, last_name, gender, address, city, post, phone, mobile, email, date, color, status, date_inactive, max_hours, monthly_salary, start_day, remaining_sem_leave, sem_leave_todate, leave_in_advance, care_of, office_personal, substitute, salary_type, sem_leave_days, vab_leave_days, fp_leave_days, nopay_leave_days, other_leave_days, ice, employee_contract_start_month, employee_contract_period_date, employee_contract_period_length, candg_follow, inconvenient_on ) values (1-3, 19, 9208115643, Emilia, Jacobsson, 2, Stenfalksvägen 3 B, FALKENBERG, 311 39, , 762414879, emiliajacobsson@outlook.com, 2019-04-01, #6fa8dc, 1, , , 0, 10.00, 0, , 0, , 0, 0, 1, 1, 1, 1, 1, 0, , 04, 1, 04, 0, 1) on conditions username = emja001
13:48:25 cagu001 Carina Gustafsson INSERTING data into tables `emp_inconvinient_time` fields ( emp_username, on_call, on_call_holiday, on_call_bigholiday, inconvinient_night, inconvinient_evening, inconvinient_holiday, inconvinient_week_holiday, date_from, added_by ) values ( emja001, , , , , , , , 2019-04-04, cagu001 ) => {inserted_id = 8}
13:48:25 cagu001 Carina Gustafsson INSERTING data into tables `emp_salary` fields ( emp_username, salary_per_month, salary_per_hour, date_from, added_by ) values ( emja001, , , 2019-04-04, cagu001 ) => {inserted_id = 8}
13:48:25 cagu001 Carina Gustafsson DELETE data from tables `team` on conditions employee = emja001
13:48:25 cagu001 Carina Gustafsson INSERTING data into tables `team` fields ( customer, employee, role ) values ( mygu001, emja001, 3 ) => {inserted_id = 0}
13:49:15 cagu001 Carina Gustafsson UPDATING data to tables `time2vie_cirruscommon`.`login` fields ( role, mobile ) values (3, 739795200) on conditions username = saan012
13:49:15 cagu001 Carina Gustafsson UPDATING data to tables `employee` fields ( code, century, social_security, first_name, last_name, gender, address, city, post, phone, mobile, email, date, color, status, date_inactive, max_hours, monthly_salary, start_day, remaining_sem_leave, sem_leave_todate, leave_in_advance, care_of, office_personal, substitute, salary_type, sem_leave_days, vab_leave_days, fp_leave_days, nopay_leave_days, other_leave_days, ice, employee_contract_start_month, employee_contract_period_date, employee_contract_period_length, candg_follow, inconvenient_on ) values (1-4, 19, 9707098167, Sara, Andersson, 2, Richard Berghs väg 4, VARBERG, 432 53, , 739795200, happyandersoon@hotmail.com, 2019-04-01, #ffff00, 1, , , 0, 10.00, 0, , 0, , 0, 0, 1, 1, 1, 1, 1, 1, , 04, 1, 04, 0, 1) on conditions username = saan012
13:49:15 cagu001 Carina Gustafsson INSERTING data into tables `emp_inconvinient_time` fields ( emp_username, on_call, on_call_holiday, on_call_bigholiday, inconvinient_night, inconvinient_evening, inconvinient_holiday, inconvinient_week_holiday, date_from, added_by ) values ( saan012, , , , , , , , 2019-04-04, cagu001 ) => {inserted_id = 9}
13:49:15 cagu001 Carina Gustafsson INSERTING data into tables `emp_salary` fields ( emp_username, salary_per_month, salary_per_hour, date_from, added_by ) values ( saan012, , , 2019-04-04, cagu001 ) => {inserted_id = 9}
13:49:15 cagu001 Carina Gustafsson DELETE data from tables `team` on conditions employee = saan012
13:49:15 cagu001 Carina Gustafsson INSERTING data into tables `team` fields ( customer, employee, role ) values ( mygu001, saan012, 3 ) => {inserted_id = 0}
13:50:05 biwa003 Birgitta Wåhlander INSERTING data into tables `time2vie_cirruscommon`.`login` fields ( username, mobile, social_security, role, login, date, company_ids ) values ( gaan001, 725229272, 9701097736, 3, 0, 2019-04-04, 20, ) => {inserted_id = 0}
13:50:05 biwa003 Birgitta Wåhlander INSERTING data into tables `time2vie_cirruscommon`.`secondary_login` fields ( username, company_id, last_login_time, last_pw_update_date, error, password ) values ( gaan001, 20, 0000-00-00 00:00:00, 2019-04-04, 0, e23ed3da13abc3b3da2b711d207c7208 ) => {inserted_id = 8425}
13:50:05 biwa003 Birgitta Wåhlander INSERTING data into tables `employee` fields ( username, century, code, social_security, first_name, last_name, gender, address, city, post, phone, mobile, email, date, color, status, date_inactive, max_hours, monthly_salary, start_day, remaining_sem_leave, sem_leave_todate, leave_in_advance, care_of, office_personal, substitute, salary_type, sem_leave_days, vab_leave_days, fp_leave_days, nopay_leave_days, other_leave_days, ice, employee_contract_start_month, employee_contract_period_date, employee_contract_period_length, candg_follow, inconvenient_on ) values ( gaan001, 19, 2-6, 9701097736, Gabriel, Andersson, 1, Kung Ranes väg 29, VARBERG, 432 53, , 725229272, Gabbe.Ander97@live.com, 2019-04-01, #cfe2f3, 1, , , 0, 10.00, , , , , , 1, 1, 1, , , 1, 1, , 04, 1, 04, , 1 ) => {inserted_id = 0}
13:50:05 biwa003 Birgitta Wåhlander UPDATING data to tables `time2vie_cirruscommon`.`login` fields ( company_ids=CONCAT(`company_ids`,?) ) values (20,) on conditions social_security = 9701097736 AND company_ids NOT LIKE %20,%
13:50:05 biwa003 Birgitta Wåhlander INSERTING data into tables `team` fields ( customer, employee, role ) values ( chwa001, gaan001, 3 ) => {inserted_id = 0}
13:57:16 cagu001 Carina Gustafsson UPDATING data to tables `time2vie_cirruscommon`.`ws_sessions` fields ( user_id ) values (cagu001) on conditions session_id = 11d5d5fb2f604416f21567fd3eb745c5
13:59:29 cagu001 Carina Gustafsson UPDATING data to tables `time2vie_cirruscommon`.`ws_sessions` fields ( user_id ) values (cagu001) on conditions session_id = 11d5d5fb2f604416f21567fd3eb745c5
13:59:37 biwa003 Birgitta Wåhlander UPDATING data to tables `time2vie_cirruscommon`.`ws_sessions` fields ( user_id ) values (biwa003) on conditions session_id = 5f5f249ff3d0cff7d144edee9c015b25
14:04:31 biwa003 Birgitta Wåhlander DELETE data from tables `temp_session` on conditions username LIKE biwa003
14:04:32 biwa003 Birgitta Wåhlander UPDATING data to tables `time2vie_cirruscommon`.`login` fields ( login, last_time ) values (0, 2019-04-04 14:04:31) on conditions username = biwa003
14:04:32 biwa003 Birgitta Wåhlander UPDATING data to tables `time2vie_cirruscommon`.`secondary_login` fields ( last_login_time ) values (2019-04-04 14:04:31) on conditions username = biwa003 AND company_id = 20
14:04:32   UPDATING data to tables `log_login` fields ( logout_time ) values (2019-04-04:12:04:32) on conditions id = 22 AND username = biwa003
14:04:33 cagu001 Carina Gustafsson DELETE data from tables `temp_session` on conditions username LIKE cagu001
14:04:33 cagu001 Carina Gustafsson UPDATING data to tables `time2vie_cirruscommon`.`login` fields ( login, last_time ) values (0, 2019-04-04 14:04:33) on conditions username = cagu001
14:04:33 cagu001 Carina Gustafsson UPDATING data to tables `time2vie_cirruscommon`.`secondary_login` fields ( last_login_time ) values (2019-04-04 14:04:33) on conditions username = cagu001 AND company_id = 20
14:04:33   UPDATING data to tables `log_login` fields ( logout_time ) values (2019-04-04:12:04:33) on conditions id = 18 AND username = cagu001
