01:01:09 anka020 Annika Karlsson UPDATING data to tables `time2vie_cirruscommon`.`secondary_login` fields ( error ) values (0) on conditions username = anka020 AND company_id = 20
01:01:09 anka020 Annika Karlsson INSERTING data into tables `log_login` fields ( username, ip, browser ) values ( anka020, 91.233.50.83, okhttp/3.9.1 ) => {inserted_id = 6493}
01:01:09 anka020 Annika Karlsson DELETE data from tables `temp_session` on conditions username LIKE anka020
01:01:09 anka020 Annika Karlsson UPDATING data to tables `time2vie_cirruscommon`.`login` fields ( login, last_time ) values (1, 2019-12-18 01:01:09) on conditions username = anka020
01:01:09 anka020 Annika Karlsson UPDATING data to tables `time2vie_cirruscommon`.`secondary_login` fields ( last_login_time ) values (2019-12-18 01:01:09) on conditions username = anka020 AND company_id = 20
06:51:44 biwa003 Birgitta Wåhlander INSERTING data into tables `log_login` fields ( username, ip, browser ) values ( biwa003, 185.27.165.66, Mozilla/5.0 (iPad; CPU OS 13_1 like Mac OS X) AppleWebKit/605.1.15 (KHTML, like Gecko) CriOS/79.0.3945.73 Mobile/15E148 Safari/604.1 ) => {inserted_id = 6494}
06:51:44 biwa003 Birgitta Wåhlander DELETE data from tables `temp_session` on conditions username LIKE biwa003
06:51:44 biwa003 Birgitta Wåhlander UPDATING data to tables `time2vie_cirruscommon`.`login` fields ( login, last_time ) values (1, 2019-12-18 06:51:44) on conditions username = biwa003
06:51:44 biwa003 Birgitta Wåhlander UPDATING data to tables `time2vie_cirruscommon`.`secondary_login` fields ( last_login_time ) values (2019-12-18 06:51:44) on conditions username = biwa003 AND company_id = 20
06:51:45 biwa003 Birgitta Wåhlander UPDATING data to tables `time2vie_cirruscommon`.`ws_sessions` fields ( user_id ) values (biwa003) on conditions session_id = 5ed13686c5dc281298d6e5ea801e58c9
06:59:53 anwa006 Andréas Wallin UPDATING data to tables `time2vie_cirruscommon`.`secondary_login` fields ( error ) values (0) on conditions username = anwa006 AND company_id = 20
06:59:53 anwa006 Andréas Wallin INSERTING data into tables `log_login` fields ( username, ip, browser ) values ( anwa006, 82.196.108.141, okhttp/3.9.1 ) => {inserted_id = 6495}
06:59:53 anwa006 Andréas Wallin DELETE data from tables `temp_session` on conditions username LIKE anwa006
06:59:53 anwa006 Andréas Wallin UPDATING data to tables `time2vie_cirruscommon`.`login` fields ( login, last_time ) values (1, 2019-12-18 06:59:53) on conditions username = anwa006
06:59:53 anwa006 Andréas Wallin UPDATING data to tables `time2vie_cirruscommon`.`secondary_login` fields ( last_login_time ) values (2019-12-18 06:59:53) on conditions username = anwa006 AND company_id = 20
07:28:58 thca002 Therese Calic UPDATING data to tables `time2vie_cirruscommon`.`secondary_login` fields ( error ) values (0) on conditions username = thca002 AND company_id = 20
07:28:58 thca002 Therese Calic INSERTING data into tables `log_login` fields ( username, ip, browser ) values ( thca002, 217.214.148.105, Time2View/2 CFNetwork/978.0.7 Darwin/18.6.0 ) => {inserted_id = 6496}
07:28:58 thca002 Therese Calic DELETE data from tables `temp_session` on conditions username LIKE thca002
07:28:58 thca002 Therese Calic UPDATING data to tables `time2vie_cirruscommon`.`login` fields ( login, last_time ) values (1, 2019-12-18 07:28:58) on conditions username = thca002
07:28:58 thca002 Therese Calic UPDATING data to tables `time2vie_cirruscommon`.`secondary_login` fields ( last_login_time ) values (2019-12-18 07:28:58) on conditions username = thca002 AND company_id = 20
08:08:38 elbe006 Elin Berntsson UPDATING data to tables `time2vie_cirruscommon`.`secondary_login` fields ( error ) values (0) on conditions username = elbe006 AND company_id = 20
08:08:38 elbe006 Elin Berntsson INSERTING data into tables `log_login` fields ( username, ip, browser ) values ( elbe006, 94.191.129.164, okhttp/3.9.1 ) => {inserted_id = 6497}
08:08:38 elbe006 Elin Berntsson DELETE data from tables `temp_session` on conditions username LIKE elbe006
08:08:38 elbe006 Elin Berntsson UPDATING data to tables `time2vie_cirruscommon`.`login` fields ( login, last_time ) values (1, 2019-12-18 08:08:38) on conditions username = elbe006
08:08:38 elbe006 Elin Berntsson UPDATING data to tables `time2vie_cirruscommon`.`secondary_login` fields ( last_login_time ) values (2019-12-18 08:08:38) on conditions username = elbe006 AND company_id = 20
08:08:52 elbe006 Elin Berntsson UPDATING data to tables `time2vie_cirruscommon`.`secondary_login` fields ( error ) values (0) on conditions username = elbe006 AND company_id = 20 #Mobile-App: Log-id=6497
08:08:52 elbe006 Elin Berntsson INSERTING data into tables `log_login` fields ( username, ip, browser ) values ( elbe006, 94.191.129.164, okhttp/3.9.1 ) => {inserted_id = 6498} #Mobile-App: Log-id=6497
08:08:52 elbe006 Elin Berntsson DELETE data from tables `temp_session` on conditions username LIKE elbe006 #Mobile-App: Log-id=6498
08:08:52 elbe006 Elin Berntsson UPDATING data to tables `time2vie_cirruscommon`.`login` fields ( login, last_time ) values (1, 2019-12-18 08:08:52) on conditions username = elbe006 #Mobile-App: Log-id=6498
08:08:52 elbe006 Elin Berntsson UPDATING data to tables `time2vie_cirruscommon`.`secondary_login` fields ( last_login_time ) values (2019-12-18 08:08:52) on conditions username = elbe006 AND company_id = 20 #Mobile-App: Log-id=6498
08:52:16 lawa002 Lars Wåhlander UPDATING data to tables `time2vie_cirruscommon`.`secondary_login` fields ( error ) values (0) on conditions username = lawa002 AND company_id = 20
08:52:16 lawa002 Lars Wåhlander INSERTING data into tables `log_login` fields ( username, ip, browser ) values ( lawa002, 94.103.194.75, Time2View/2 CFNetwork/1121.2.2 Darwin/19.2.0 ) => {inserted_id = 6499}
08:52:16 lawa002 Lars Wåhlander DELETE data from tables `temp_session` on conditions username LIKE lawa002
08:52:16 lawa002 Lars Wåhlander UPDATING data to tables `time2vie_cirruscommon`.`login` fields ( login, last_time ) values (1, 2019-12-18 08:52:16) on conditions username = lawa002
08:52:16 lawa002 Lars Wåhlander UPDATING data to tables `time2vie_cirruscommon`.`secondary_login` fields ( last_login_time ) values (2019-12-18 08:52:16) on conditions username = lawa002 AND company_id = 20
11:30:42 biwa003 Birgitta Wåhlander INSERTING data into tables `log_login` fields ( username, ip, browser ) values ( biwa003, 185.27.165.66, Mozilla/5.0 (Windows NT 6.1; Win64; x64) AppleWebKit/537.36 (KHTML, like Gecko) Chrome/78.0.3904.108 Safari/537.36 ) => {inserted_id = 6500}
11:30:42 biwa003 Birgitta Wåhlander DELETE data from tables `temp_session` on conditions username LIKE biwa003
11:30:42 biwa003 Birgitta Wåhlander UPDATING data to tables `time2vie_cirruscommon`.`login` fields ( login, last_time ) values (1, 2019-12-18 11:30:42) on conditions username = biwa003
11:30:42 biwa003 Birgitta Wåhlander UPDATING data to tables `time2vie_cirruscommon`.`secondary_login` fields ( last_login_time ) values (2019-12-18 11:30:42) on conditions username = biwa003 AND company_id = 20
11:30:42 biwa003 Birgitta Wåhlander UPDATING data to tables `time2vie_cirruscommon`.`ws_sessions` fields ( user_id ) values (biwa003) on conditions session_id = dffcc7bffcf3de3a41d26601208af0eb
11:34:05 biwa003 Birgitta Wåhlander UPDATING data to tables `timetable` fields ( status ) values (1) on conditions (id IN ( '4440' )) AND customer is NOT NULL AND customer != 
11:34:05 biwa003 Birgitta Wåhlander UPDATING data to tables `timetable` fields ( status ) values (0) on conditions (id IN ( '4440' )) AND (customer is NULL OR customer = )
11:34:05 biwa003 Birgitta Wåhlander DELETE data from tables `timetable` on conditions relation_id = 4440
11:34:05 biwa003 Birgitta Wåhlander UPDATING data to tables `leave` fields ( time_to ) values (18.00) on conditions id = 821
11:34:26 biwa003 Birgitta Wåhlander UPDATING data to tables `timetable` fields ( status ) values (1) on conditions (id IN ( '4441' )) AND customer is NOT NULL AND customer != 
11:34:26 biwa003 Birgitta Wåhlander UPDATING data to tables `timetable` fields ( status ) values (0) on conditions (id IN ( '4441' )) AND (customer is NULL OR customer = )
11:34:26 biwa003 Birgitta Wåhlander DELETE data from tables `timetable` on conditions relation_id = 4441
11:34:26 biwa003 Birgitta Wåhlander DELETE data from tables `leave` on conditions id = 822
11:34:38 biwa003 Birgitta Wåhlander UPDATING data to tables `timetable` fields ( customer, employee, date, time_from, time_to, fkkn, type, status, comment ) values (chwa001, anka019, 2019-12-14, 0.00, 7.15, 1, 0, 1, ) on conditions id = 4441
11:35:56 biwa003 Birgitta Wåhlander UPDATING data to tables `timetable` fields ( status ) values (1) on conditions (id IN ( '4453' )) AND customer is NOT NULL AND customer != 
11:35:56 biwa003 Birgitta Wåhlander UPDATING data to tables `timetable` fields ( status ) values (0) on conditions (id IN ( '4453' )) AND (customer is NULL OR customer = )
11:35:56 biwa003 Birgitta Wåhlander DELETE data from tables `timetable` on conditions relation_id = 4453
11:35:56 biwa003 Birgitta Wåhlander DELETE data from tables `leave` on conditions id = 825
11:36:11 biwa003 Birgitta Wåhlander DELETE data from tables `timetable` on conditions id = 11880
11:37:04 biwa003 Birgitta Wåhlander UPDATING data to tables `timetable` fields ( customer, employee, date, time_from, time_to, fkkn, type, status, comment ) values (chwa001, anka019, 2019-12-09, 10.00, 18.15, 1, 0, 1, ) on conditions id = 4424
11:37:49 biwa003 Birgitta Wåhlander UPDATING data to tables `timetable` fields ( customer, employee, date, time_from, time_to, fkkn, type, status, comment ) values (chwa001, anka019, 2019-12-05, 0.00, 8.15, 1, 0, 1, ) on conditions id = 4408
13:33:49 anwa006 Andréas Wallin UPDATING data to tables `time2vie_cirruscommon`.`secondary_login` fields ( error ) values (0) on conditions username = anwa006 AND company_id = 20
13:33:49 anwa006 Andréas Wallin INSERTING data into tables `log_login` fields ( username, ip, browser ) values ( anwa006, 94.191.138.52, okhttp/3.9.1 ) => {inserted_id = 6501}
13:33:49 anwa006 Andréas Wallin DELETE data from tables `temp_session` on conditions username LIKE anwa006
13:33:49 anwa006 Andréas Wallin UPDATING data to tables `time2vie_cirruscommon`.`login` fields ( login, last_time ) values (1, 2019-12-18 13:33:49) on conditions username = anwa006
13:33:49 anwa006 Andréas Wallin UPDATING data to tables `time2vie_cirruscommon`.`secondary_login` fields ( last_login_time ) values (2019-12-18 13:33:49) on conditions username = anwa006 AND company_id = 20
14:02:44 thca002 Therese Calic UPDATING data to tables `time2vie_cirruscommon`.`secondary_login` fields ( error ) values (0) on conditions username = thca002 AND company_id = 20
14:02:44 thca002 Therese Calic INSERTING data into tables `log_login` fields ( username, ip, browser ) values ( thca002, 217.214.148.105, Time2View/2 CFNetwork/978.0.7 Darwin/18.6.0 ) => {inserted_id = 6502}
14:02:44 thca002 Therese Calic DELETE data from tables `temp_session` on conditions username LIKE thca002
14:02:44 thca002 Therese Calic UPDATING data to tables `time2vie_cirruscommon`.`login` fields ( login, last_time ) values (1, 2019-12-18 14:02:44) on conditions username = thca002
14:02:44 thca002 Therese Calic UPDATING data to tables `time2vie_cirruscommon`.`secondary_login` fields ( last_login_time ) values (2019-12-18 14:02:44) on conditions username = thca002 AND company_id = 20
16:55:29 peka002 Petronella Karlsson UPDATING data to tables `time2vie_cirruscommon`.`secondary_login` fields ( error ) values (0) on conditions username = peka002 AND company_id = 20
16:55:29 peka002 Petronella Karlsson INSERTING data into tables `log_login` fields ( username, ip, browser ) values ( peka002, 83.250.120.173, Time2View/2 CFNetwork/1121.2.2 Darwin/19.2.0 ) => {inserted_id = 6503}
16:55:29 peka002 Petronella Karlsson DELETE data from tables `temp_session` on conditions username LIKE peka002
16:55:29 peka002 Petronella Karlsson UPDATING data to tables `time2vie_cirruscommon`.`login` fields ( login, last_time ) values (1, 2019-12-18 16:55:29) on conditions username = peka002
16:55:29 peka002 Petronella Karlsson UPDATING data to tables `time2vie_cirruscommon`.`secondary_login` fields ( last_login_time ) values (2019-12-18 16:55:29) on conditions username = peka002 AND company_id = 20
17:19:28 anwa006 Andréas Wallin UPDATING data to tables `time2vie_cirruscommon`.`secondary_login` fields ( error ) values (0) on conditions username = anwa006 AND company_id = 20
17:19:28 anwa006 Andréas Wallin INSERTING data into tables `log_login` fields ( username, ip, browser ) values ( anwa006, 94.191.138.52, okhttp/3.9.1 ) => {inserted_id = 6504}
17:19:28 anwa006 Andréas Wallin DELETE data from tables `temp_session` on conditions username LIKE anwa006
17:19:28 anwa006 Andréas Wallin UPDATING data to tables `time2vie_cirruscommon`.`login` fields ( login, last_time ) values (1, 2019-12-18 17:19:28) on conditions username = anwa006
17:19:28 anwa006 Andréas Wallin UPDATING data to tables `time2vie_cirruscommon`.`secondary_login` fields ( last_login_time ) values (2019-12-18 17:19:28) on conditions username = anwa006 AND company_id = 20
18:07:27 peka002 Petronella Karlsson UPDATING data to tables `time2vie_cirruscommon`.`secondary_login` fields ( error ) values (0) on conditions username = peka002 AND company_id = 20
18:07:27 peka002 Petronella Karlsson INSERTING data into tables `log_login` fields ( username, ip, browser ) values ( peka002, 94.234.40.72, Time2View/2 CFNetwork/1121.2.2 Darwin/19.2.0 ) => {inserted_id = 6505}
18:07:27 peka002 Petronella Karlsson DELETE data from tables `temp_session` on conditions username LIKE peka002
18:07:27 peka002 Petronella Karlsson UPDATING data to tables `time2vie_cirruscommon`.`login` fields ( login, last_time ) values (1, 2019-12-18 18:07:27) on conditions username = peka002
18:07:27 peka002 Petronella Karlsson UPDATING data to tables `time2vie_cirruscommon`.`secondary_login` fields ( last_login_time ) values (2019-12-18 18:07:27) on conditions username = peka002 AND company_id = 20
18:35:50 cagu001 Carina Gustafsson UPDATING data to tables `time2vie_cirruscommon`.`secondary_login` fields ( error ) values (0) on conditions username = cagu001 AND company_id = 20
18:35:50 cagu001 Carina Gustafsson INSERTING data into tables `log_login` fields ( username, ip, browser ) values ( cagu001, 176.10.245.4, okhttp/3.9.1 ) => {inserted_id = 6506}
18:35:50 cagu001 Carina Gustafsson DELETE data from tables `temp_session` on conditions username LIKE cagu001
18:35:50 cagu001 Carina Gustafsson UPDATING data to tables `time2vie_cirruscommon`.`login` fields ( login, last_time ) values (1, 2019-12-18 18:35:50) on conditions username = cagu001
18:35:50 cagu001 Carina Gustafsson UPDATING data to tables `time2vie_cirruscommon`.`secondary_login` fields ( last_login_time ) values (2019-12-18 18:35:50) on conditions username = cagu001 AND company_id = 20
18:51:11 hejo003 Helen Jörnås UPDATING data to tables `time2vie_cirruscommon`.`secondary_login` fields ( error ) values (0) on conditions username = hejo003 AND company_id = 20
18:51:11 hejo003 Helen Jörnås INSERTING data into tables `log_login` fields ( username, ip, browser ) values ( hejo003, 90.224.82.244, okhttp/3.9.1 ) => {inserted_id = 6507}
18:51:11 hejo003 Helen Jörnås DELETE data from tables `temp_session` on conditions username LIKE hejo003
18:51:11 hejo003 Helen Jörnås UPDATING data to tables `time2vie_cirruscommon`.`login` fields ( login, last_time ) values (1, 2019-12-18 18:51:11) on conditions username = hejo003
18:51:11 hejo003 Helen Jörnås UPDATING data to tables `time2vie_cirruscommon`.`secondary_login` fields ( last_login_time ) values (2019-12-18 18:51:11) on conditions username = hejo003 AND company_id = 20
19:53:50 anwa006 Andréas Wallin UPDATING data to tables `time2vie_cirruscommon`.`secondary_login` fields ( error ) values (0) on conditions username = anwa006 AND company_id = 20
19:53:50 anwa006 Andréas Wallin INSERTING data into tables `log_login` fields ( username, ip, browser ) values ( anwa006, 94.191.135.255, okhttp/3.9.1 ) => {inserted_id = 6508}
19:53:50 anwa006 Andréas Wallin DELETE data from tables `temp_session` on conditions username LIKE anwa006
19:53:50 anwa006 Andréas Wallin UPDATING data to tables `time2vie_cirruscommon`.`login` fields ( login, last_time ) values (1, 2019-12-18 19:53:50) on conditions username = anwa006
19:53:50 anwa006 Andréas Wallin UPDATING data to tables `time2vie_cirruscommon`.`secondary_login` fields ( last_login_time ) values (2019-12-18 19:53:50) on conditions username = anwa006 AND company_id = 20
21:11:08 hejo003 Helen Jörnås UPDATING data to tables `time2vie_cirruscommon`.`secondary_login` fields ( error ) values (0) on conditions username = hejo003 AND company_id = 20
21:11:08 hejo003 Helen Jörnås INSERTING data into tables `log_login` fields ( username, ip, browser ) values ( hejo003, 90.224.82.244, okhttp/3.9.1 ) => {inserted_id = 6509}
21:11:08 hejo003 Helen Jörnås DELETE data from tables `temp_session` on conditions username LIKE hejo003
21:11:09 hejo003 Helen Jörnås UPDATING data to tables `time2vie_cirruscommon`.`login` fields ( login, last_time ) values (1, 2019-12-18 21:11:08) on conditions username = hejo003
21:11:09 hejo003 Helen Jörnås UPDATING data to tables `time2vie_cirruscommon`.`secondary_login` fields ( last_login_time ) values (2019-12-18 21:11:08) on conditions username = hejo003 AND company_id = 20
