07:22:57 hejo003 Helen Jörnås UPDATING data to tables `time2vie_cirruscommon`.`secondary_login` fields ( error ) values (0) on conditions username = hejo003 AND company_id = 20
07:22:58 hejo003 Helen Jörnås INSERTING data into tables `log_login` fields ( username, ip, browser ) values ( hejo003, 185.27.164.39, okhttp/3.9.1 ) => {inserted_id = 812}
07:22:58 hejo003 Helen Jörnås DELETE data from tables `temp_session` on conditions username LIKE hejo003
07:22:58 hejo003 Helen Jörnås UPDATING data to tables `time2vie_cirruscommon`.`login` fields ( login, last_time ) values (1, 2019-05-22 07:22:58) on conditions username = hejo003
07:22:58 hejo003 Helen Jörnås UPDATING data to tables `time2vie_cirruscommon`.`secondary_login` fields ( last_login_time ) values (2019-05-22 07:22:58) on conditions username = hejo003 AND company_id = 20
08:46:20 anka019 Anna Kawalya Westerberg UPDATING data to tables `time2vie_cirruscommon`.`secondary_login` fields ( error ) values (0) on conditions username = anka019 AND company_id = 20
08:46:21 anka019 Anna Kawalya Westerberg INSERTING data into tables `log_login` fields ( username, ip, browser ) values ( anka019, 94.234.40.222, CirrusM/3 CFNetwork/976 Darwin/18.2.0 ) => {inserted_id = 813}
08:46:21 anka019 Anna Kawalya Westerberg DELETE data from tables `temp_session` on conditions username LIKE anka019
08:46:21 anka019 Anna Kawalya Westerberg UPDATING data to tables `time2vie_cirruscommon`.`login` fields ( login, last_time ) values (1, 2019-05-22 08:46:21) on conditions username = anka019
08:46:21 anka019 Anna Kawalya Westerberg UPDATING data to tables `time2vie_cirruscommon`.`secondary_login` fields ( last_login_time ) values (2019-05-22 08:46:21) on conditions username = anka019 AND company_id = 20
08:46:21 anka019 Anna Kawalya Westerberg UPDATING data to tables `time2vie_cirruscommon`.`push_notify_tokens` fields ( user_id, updated_date, error ) values (anka019, 2019-05-22 08:46:21, 0) on conditions fcm_token = d1wrzQOne94:APA91bF1TllusnUz8SELcZ1CzExxSwlnPFfAQ5QkbRyTpK9eJ84uCoCb6y31qm7p3KorK7XTMOqj6eCBRTPOL0IJHR6rW_5PBjjRad-FCKr4ulj-X-UaOmvsoCzc7WoiHZLfDBO1T6NY AND device_id = B1006F38-159E-4822-8F2A-E03AAB239F05 #Mobile-App: Log-id=813
08:46:45 anka019 Anna Kawalya Westerberg INSERTING data into tables `log_login` fields ( username, ip, browser ) values ( anka019, 94.234.40.222, Mozilla/5.0 (iPhone; CPU iPhone OS 12_1_4 like Mac OS X) AppleWebKit/605.1.15 (KHTML, like Gecko) Version/12.0 Mobile/15E148 Safari/604.1 ) => {inserted_id = 814}
08:46:45 anka019 Anna Kawalya Westerberg DELETE data from tables `temp_session` on conditions username LIKE anka019
08:46:46 anka019 Anna Kawalya Westerberg UPDATING data to tables `time2vie_cirruscommon`.`login` fields ( login, last_time ) values (1, 2019-05-22 08:46:45) on conditions username = anka019
08:46:46 anka019 Anna Kawalya Westerberg UPDATING data to tables `time2vie_cirruscommon`.`secondary_login` fields ( last_login_time ) values (2019-05-22 08:46:45) on conditions username = anka019 AND company_id = 20
08:46:47 anka019 Anna Kawalya Westerberg UPDATING data to tables `time2vie_cirruscommon`.`ws_sessions` fields ( user_id ) values (anka019) on conditions session_id = 236b555f107bed6ecbcaa07583f13c21
09:01:33 hejo003 Helen Jörnås UPDATING data to tables `time2vie_cirruscommon`.`secondary_login` fields ( error ) values (0) on conditions username = hejo003 AND company_id = 20
09:01:33 hejo003 Helen Jörnås INSERTING data into tables `log_login` fields ( username, ip, browser ) values ( hejo003, 185.27.164.39, okhttp/3.9.1 ) => {inserted_id = 815}
09:01:33 hejo003 Helen Jörnås DELETE data from tables `temp_session` on conditions username LIKE hejo003
09:01:33 hejo003 Helen Jörnås UPDATING data to tables `time2vie_cirruscommon`.`login` fields ( login, last_time ) values (1, 2019-05-22 09:01:33) on conditions username = hejo003
09:01:34 hejo003 Helen Jörnås UPDATING data to tables `time2vie_cirruscommon`.`secondary_login` fields ( last_login_time ) values (2019-05-22 09:01:33) on conditions username = hejo003 AND company_id = 20
10:58:48 gaan001 Gabriel Andersson UPDATING data to tables `time2vie_cirruscommon`.`secondary_login` fields ( error ) values (0) on conditions username = gaan001 AND company_id = 20
10:58:48 gaan001 Gabriel Andersson INSERTING data into tables `log_login` fields ( username, ip, browser ) values ( gaan001, 217.214.147.246, CirrusM/3 CFNetwork/978.0.7 Darwin/18.6.0 ) => {inserted_id = 816}
10:58:48 gaan001 Gabriel Andersson DELETE data from tables `temp_session` on conditions username LIKE gaan001
10:58:48 gaan001 Gabriel Andersson UPDATING data to tables `time2vie_cirruscommon`.`login` fields ( login, last_time ) values (1, 2019-05-22 10:58:48) on conditions username = gaan001
10:58:48 gaan001 Gabriel Andersson UPDATING data to tables `time2vie_cirruscommon`.`secondary_login` fields ( last_login_time ) values (2019-05-22 10:58:48) on conditions username = gaan001 AND company_id = 20
10:58:49 gaan001 Gabriel Andersson UPDATING data to tables `time2vie_cirruscommon`.`push_notify_tokens` fields ( user_id, updated_date, error ) values (gaan001, 2019-05-22 10:58:49, 0) on conditions fcm_token = dOzW0JPxlDQ:APA91bE1hQGEcunVCf8zufNPSKH-caUG07HkDufrn401pdtQwjnw2XOOXeYa4Gs7E3LI3Mp3T2dCRAWNclU5hS1zukRn-fwfGZsPEPUlHumIqyS6yVMXc_kHKWXWrRo0rFJU7oMCqGUS AND device_id = 6C07AAD5-34B3-43CB-BC33-221D3E989EA9 #Mobile-App: Log-id=816
13:13:07 frem001 Frida Emilsson UPDATING data to tables `time2vie_cirruscommon`.`secondary_login` fields ( error ) values (0) on conditions username = frem001 AND company_id = 20
13:13:07 frem001 Frida Emilsson INSERTING data into tables `log_login` fields ( username, ip, browser ) values ( frem001, 94.103.196.8, CirrusM/3 CFNetwork/978.0.7 Darwin/18.5.0 ) => {inserted_id = 817}
13:13:07 frem001 Frida Emilsson DELETE data from tables `temp_session` on conditions username LIKE frem001
13:13:08 frem001 Frida Emilsson UPDATING data to tables `time2vie_cirruscommon`.`login` fields ( login, last_time ) values (1, 2019-05-22 13:13:07) on conditions username = frem001
13:13:08 frem001 Frida Emilsson UPDATING data to tables `time2vie_cirruscommon`.`secondary_login` fields ( last_login_time ) values (2019-05-22 13:13:07) on conditions username = frem001 AND company_id = 20
13:13:08 frem001 Frida Emilsson UPDATING data to tables `time2vie_cirruscommon`.`push_notify_tokens` fields ( user_id, updated_date, error ) values (frem001, 2019-05-22 13:13:08, 0) on conditions fcm_token = dCljNNoCqwo:APA91bGgskybNbzrnyyEzVP3RsolU22zyq7Sxvqv5jXJttelq2jad7BHU8Cx46pB_4KA7ad-bUQ3PFnLVw7Qnvgl6RDECBZ8pZSBqgNGGYxVh98OUrD1O4xTWUusxl21fz1YxLoeZlpA AND device_id = 72F0A152-3F3F-4AE7-B811-5FCCCCF3CAD7 #Mobile-App: Log-id=817
13:29:24 hejo003 Helen Jörnås UPDATING data to tables `time2vie_cirruscommon`.`secondary_login` fields ( error ) values (0) on conditions username = hejo003 AND company_id = 20
13:29:24 hejo003 Helen Jörnås INSERTING data into tables `log_login` fields ( username, ip, browser ) values ( hejo003, 217.214.152.59, okhttp/3.9.1 ) => {inserted_id = 818}
13:29:24 hejo003 Helen Jörnås DELETE data from tables `temp_session` on conditions username LIKE hejo003
13:29:25 hejo003 Helen Jörnås UPDATING data to tables `time2vie_cirruscommon`.`login` fields ( login, last_time ) values (1, 2019-05-22 13:29:24) on conditions username = hejo003
13:29:25 hejo003 Helen Jörnås UPDATING data to tables `time2vie_cirruscommon`.`secondary_login` fields ( last_login_time ) values (2019-05-22 13:29:24) on conditions username = hejo003 AND company_id = 20
14:05:53 emja001 Emilia Jacobsson INSERTING data into tables `log_login` fields ( username, ip, browser ) values ( emja001, 90.230.216.234, Mozilla/5.0 (iPhone; CPU iPhone OS 12_2 like Mac OS X) AppleWebKit/605.1.15 (KHTML, like Gecko) Version/12.1 Mobile/15E148 Safari/604.1 ) => {inserted_id = 819}
14:05:53 emja001 Emilia Jacobsson DELETE data from tables `temp_session` on conditions username LIKE emja001
14:05:53 emja001 Emilia Jacobsson UPDATING data to tables `time2vie_cirruscommon`.`login` fields ( login, last_time ) values (1, 2019-05-22 14:05:53) on conditions username = emja001
14:05:53 emja001 Emilia Jacobsson UPDATING data to tables `time2vie_cirruscommon`.`secondary_login` fields ( last_login_time ) values (2019-05-22 14:05:53) on conditions username = emja001 AND company_id = 20
14:05:54 emja001 Emilia Jacobsson UPDATING data to tables `time2vie_cirruscommon`.`ws_sessions` fields ( user_id ) values (emja001) on conditions session_id = f16e343573075b317babe3e6ae39bdb6
14:12:03 anka020 Annika Karlsson UPDATING data to tables `time2vie_cirruscommon`.`secondary_login` fields ( error ) values (0) on conditions username = anka020 AND company_id = 20
14:12:03 anka020 Annika Karlsson INSERTING data into tables `log_login` fields ( username, ip, browser ) values ( anka020, 91.233.50.12, okhttp/3.9.1 ) => {inserted_id = 820}
14:12:03 anka020 Annika Karlsson DELETE data from tables `temp_session` on conditions username LIKE anka020
14:12:03 anka020 Annika Karlsson UPDATING data to tables `time2vie_cirruscommon`.`login` fields ( login, last_time ) values (1, 2019-05-22 14:12:03) on conditions username = anka020
14:12:03 anka020 Annika Karlsson UPDATING data to tables `time2vie_cirruscommon`.`secondary_login` fields ( last_login_time ) values (2019-05-22 14:12:03) on conditions username = anka020 AND company_id = 20
14:15:54 hejo003 Helen Jörnås UPDATING data to tables `time2vie_cirruscommon`.`secondary_login` fields ( error ) values (0) on conditions username = hejo003 AND company_id = 20
14:15:54 hejo003 Helen Jörnås INSERTING data into tables `log_login` fields ( username, ip, browser ) values ( hejo003, 90.224.82.244, okhttp/3.9.1 ) => {inserted_id = 821}
14:15:54 hejo003 Helen Jörnås DELETE data from tables `temp_session` on conditions username LIKE hejo003
14:15:54 hejo003 Helen Jörnås UPDATING data to tables `time2vie_cirruscommon`.`login` fields ( login, last_time ) values (1, 2019-05-22 14:15:54) on conditions username = hejo003
14:15:54 hejo003 Helen Jörnås UPDATING data to tables `time2vie_cirruscommon`.`secondary_login` fields ( last_login_time ) values (2019-05-22 14:15:54) on conditions username = hejo003 AND company_id = 20
14:20:15 anka020 Annika Karlsson UPDATING data to tables `timetable` fields ( customer, employee, date, time_from, time_to, fkkn, type, status, comment ) values (tibe002, , 2019-06-12, 16.15, 24, 1, 0, 0, Jag kan ta detta passet. Annika) on conditions id = 2063 #Mobile-App: Log-id=820
14:20:45 anka020 Annika Karlsson UPDATING data to tables `timetable` fields ( customer, employee, date, time_from, time_to, fkkn, type, status, comment ) values (tibe002, , 2019-06-13, 0.00, 6.30, 1, 3, 0, Kan detta) on conditions id = 2064 #Mobile-App: Log-id=820
14:21:07 anka020 Annika Karlsson UPDATING data to tables `timetable` fields ( customer, employee, date, time_from, time_to, fkkn, type, status, comment ) values (tibe002, , 2019-06-13, 6.30, 9.00, 1, 0, 0, kan detta/Annika) on conditions id = 2065 #Mobile-App: Log-id=820
16:08:52 hejo003 Helen Jörnås UPDATING data to tables `time2vie_cirruscommon`.`secondary_login` fields ( error ) values (0) on conditions username = hejo003 AND company_id = 20
16:08:53 hejo003 Helen Jörnås INSERTING data into tables `log_login` fields ( username, ip, browser ) values ( hejo003, 90.224.82.244, okhttp/3.9.1 ) => {inserted_id = 822}
16:08:53 hejo003 Helen Jörnås DELETE data from tables `temp_session` on conditions username LIKE hejo003
16:08:53 hejo003 Helen Jörnås UPDATING data to tables `time2vie_cirruscommon`.`login` fields ( login, last_time ) values (1, 2019-05-22 16:08:53) on conditions username = hejo003
16:08:53 hejo003 Helen Jörnås UPDATING data to tables `time2vie_cirruscommon`.`secondary_login` fields ( last_login_time ) values (2019-05-22 16:08:53) on conditions username = hejo003 AND company_id = 20
16:25:14 anka020 Annika Karlsson UPDATING data to tables `time2vie_cirruscommon`.`secondary_login` fields ( error ) values (0) on conditions username = anka020 AND company_id = 20
16:25:14 anka020 Annika Karlsson INSERTING data into tables `log_login` fields ( username, ip, browser ) values ( anka020, 95.199.151.158, okhttp/3.9.1 ) => {inserted_id = 823}
16:25:14 anka020 Annika Karlsson DELETE data from tables `temp_session` on conditions username LIKE anka020
16:25:14 anka020 Annika Karlsson UPDATING data to tables `time2vie_cirruscommon`.`login` fields ( login, last_time ) values (1, 2019-05-22 16:25:14) on conditions username = anka020
16:25:14 anka020 Annika Karlsson UPDATING data to tables `time2vie_cirruscommon`.`secondary_login` fields ( last_login_time ) values (2019-05-22 16:25:14) on conditions username = anka020 AND company_id = 20
16:50:31 vigu002 Victoria Gunnarsson UPDATING data to tables `time2vie_cirruscommon`.`secondary_login` fields ( error ) values (0) on conditions username = vigu002 AND company_id = 20
16:50:31 vigu002 Victoria Gunnarsson INSERTING data into tables `log_login` fields ( username, ip, browser ) values ( vigu002, 90.226.107.109, CirrusM/3 CFNetwork/978.0.7 Darwin/18.5.0 ) => {inserted_id = 824}
16:50:31 vigu002 Victoria Gunnarsson DELETE data from tables `temp_session` on conditions username LIKE vigu002
16:50:31 vigu002 Victoria Gunnarsson UPDATING data to tables `time2vie_cirruscommon`.`login` fields ( login, last_time ) values (1, 2019-05-22 16:50:31) on conditions username = vigu002
16:50:31 vigu002 Victoria Gunnarsson UPDATING data to tables `time2vie_cirruscommon`.`secondary_login` fields ( last_login_time ) values (2019-05-22 16:50:31) on conditions username = vigu002 AND company_id = 20
16:50:31 vigu002 Victoria Gunnarsson UPDATING data to tables `time2vie_cirruscommon`.`push_notify_tokens` fields ( user_id, updated_date, error ) values (vigu002, 2019-05-22 16:50:31, 0) on conditions fcm_token = eNBwEiWThVE:APA91bEio9bXckzbj67NS8oxRTxQqyYs-vQOpklX1wCE1ELngNiIVN13EJ2ws_dMSzy5I4NjhZAQR_fx4j-Xg2KSuIIYY1nfrfP8P-5ClnmqFZiHQALSM75wTvl85mwUf0Sp8F8SnJOU AND device_id = 6C00932F-F54D-4038-9388-9528AFC81632 #Mobile-App: Log-id=824
16:52:19 hejo003 Helen Jörnås UPDATING data to tables `time2vie_cirruscommon`.`secondary_login` fields ( error ) values (0) on conditions username = hejo003 AND company_id = 20 #Mobile-App: Log-id=822
16:52:19 hejo003 Helen Jörnås INSERTING data into tables `log_login` fields ( username, ip, browser ) values ( hejo003, 90.224.82.244, okhttp/3.9.1 ) => {inserted_id = 825} #Mobile-App: Log-id=822
16:52:19 hejo003 Helen Jörnås DELETE data from tables `temp_session` on conditions username LIKE hejo003 #Mobile-App: Log-id=825
16:52:19 hejo003 Helen Jörnås UPDATING data to tables `time2vie_cirruscommon`.`login` fields ( login, last_time ) values (1, 2019-05-22 16:52:19) on conditions username = hejo003 #Mobile-App: Log-id=825
16:52:19 hejo003 Helen Jörnås UPDATING data to tables `time2vie_cirruscommon`.`secondary_login` fields ( last_login_time ) values (2019-05-22 16:52:19) on conditions username = hejo003 AND company_id = 20 #Mobile-App: Log-id=825
16:52:59 vigu002 Victoria Gunnarsson INSERTING data into tables `log_login` fields ( username, ip, browser ) values ( vigu002, 90.226.107.109, Mozilla/5.0 (iPhone; CPU iPhone OS 12_2 like Mac OS X) AppleWebKit/605.1.15 (KHTML, like Gecko) Version/12.1 Mobile/15E148 Safari/604.1 ) => {inserted_id = 826}
16:52:59 vigu002 Victoria Gunnarsson DELETE data from tables `temp_session` on conditions username LIKE vigu002
16:52:59 vigu002 Victoria Gunnarsson UPDATING data to tables `time2vie_cirruscommon`.`login` fields ( login, last_time ) values (1, 2019-05-22 16:52:59) on conditions username = vigu002
16:52:59 vigu002 Victoria Gunnarsson UPDATING data to tables `time2vie_cirruscommon`.`secondary_login` fields ( last_login_time ) values (2019-05-22 16:52:59) on conditions username = vigu002 AND company_id = 20
16:53:12 vigu002 Victoria Gunnarsson UPDATING data to tables `time2vie_cirruscommon`.`ws_sessions` fields ( user_id ) values (vigu002) on conditions session_id = 48264f1d46b9297541417e7826010870
17:02:31 hejo003 Helen Jörnås UPDATING data to tables `time2vie_cirruscommon`.`secondary_login` fields ( error ) values (0) on conditions username = hejo003 AND company_id = 20 #Mobile-App: Log-id=825
17:02:31 hejo003 Helen Jörnås INSERTING data into tables `log_login` fields ( username, ip, browser ) values ( hejo003, 90.224.82.244, okhttp/3.9.1 ) => {inserted_id = 827} #Mobile-App: Log-id=825
17:02:31 hejo003 Helen Jörnås DELETE data from tables `temp_session` on conditions username LIKE hejo003 #Mobile-App: Log-id=827
17:02:32 hejo003 Helen Jörnås UPDATING data to tables `time2vie_cirruscommon`.`login` fields ( login, last_time ) values (1, 2019-05-22 17:02:31) on conditions username = hejo003 #Mobile-App: Log-id=827
17:02:32 hejo003 Helen Jörnås UPDATING data to tables `time2vie_cirruscommon`.`secondary_login` fields ( last_login_time ) values (2019-05-22 17:02:31) on conditions username = hejo003 AND company_id = 20 #Mobile-App: Log-id=827
19:39:14 anka020 Annika Karlsson UPDATING data to tables `time2vie_cirruscommon`.`secondary_login` fields ( error ) values (0) on conditions username = anka020 AND company_id = 20
19:39:14 anka020 Annika Karlsson INSERTING data into tables `log_login` fields ( username, ip, browser ) values ( anka020, 185.27.164.39, okhttp/3.9.1 ) => {inserted_id = 828}
19:39:14 anka020 Annika Karlsson DELETE data from tables `temp_session` on conditions username LIKE anka020
19:39:14 anka020 Annika Karlsson UPDATING data to tables `time2vie_cirruscommon`.`login` fields ( login, last_time ) values (1, 2019-05-22 19:39:14) on conditions username = anka020
19:39:14 anka020 Annika Karlsson UPDATING data to tables `time2vie_cirruscommon`.`secondary_login` fields ( last_login_time ) values (2019-05-22 19:39:14) on conditions username = anka020 AND company_id = 20
20:05:45 hejo003 Helen Jörnås UPDATING data to tables `time2vie_cirruscommon`.`secondary_login` fields ( error ) values (0) on conditions username = hejo003 AND company_id = 20
20:05:45 hejo003 Helen Jörnås INSERTING data into tables `log_login` fields ( username, ip, browser ) values ( hejo003, 217.214.152.59, okhttp/3.9.1 ) => {inserted_id = 829}
20:05:45 hejo003 Helen Jörnås DELETE data from tables `temp_session` on conditions username LIKE hejo003
20:05:45 hejo003 Helen Jörnås UPDATING data to tables `time2vie_cirruscommon`.`login` fields ( login, last_time ) values (1, 2019-05-22 20:05:45) on conditions username = hejo003
20:05:45 hejo003 Helen Jörnås UPDATING data to tables `time2vie_cirruscommon`.`secondary_login` fields ( last_login_time ) values (2019-05-22 20:05:45) on conditions username = hejo003 AND company_id = 20
20:12:37 elbe006 Elin Berntsson UPDATING data to tables `time2vie_cirruscommon`.`secondary_login` fields ( error ) values (0) on conditions username = elbe006 AND company_id = 20
20:12:37 elbe006 Elin Berntsson INSERTING data into tables `log_login` fields ( username, ip, browser ) values ( elbe006, 2.64.252.155, okhttp/3.9.1 ) => {inserted_id = 830}
20:12:37 elbe006 Elin Berntsson DELETE data from tables `temp_session` on conditions username LIKE elbe006
20:12:37 elbe006 Elin Berntsson UPDATING data to tables `time2vie_cirruscommon`.`login` fields ( login, last_time ) values (1, 2019-05-22 20:12:37) on conditions username = elbe006
20:12:37 elbe006 Elin Berntsson UPDATING data to tables `time2vie_cirruscommon`.`secondary_login` fields ( last_login_time ) values (2019-05-22 20:12:37) on conditions username = elbe006 AND company_id = 20
21:38:19 gaan001 Gabriel Andersson UPDATING data to tables `time2vie_cirruscommon`.`secondary_login` fields ( error ) values (0) on conditions username = gaan001 AND company_id = 20
21:38:19 gaan001 Gabriel Andersson INSERTING data into tables `log_login` fields ( username, ip, browser ) values ( gaan001, 217.73.108.115, CirrusM/3 CFNetwork/978.0.7 Darwin/18.6.0 ) => {inserted_id = 831}
21:38:19 gaan001 Gabriel Andersson DELETE data from tables `temp_session` on conditions username LIKE gaan001
21:38:20 gaan001 Gabriel Andersson UPDATING data to tables `time2vie_cirruscommon`.`login` fields ( login, last_time ) values (1, 2019-05-22 21:38:19) on conditions username = gaan001
21:38:20 gaan001 Gabriel Andersson UPDATING data to tables `time2vie_cirruscommon`.`secondary_login` fields ( last_login_time ) values (2019-05-22 21:38:19) on conditions username = gaan001 AND company_id = 20
21:38:20 gaan001 Gabriel Andersson UPDATING data to tables `time2vie_cirruscommon`.`push_notify_tokens` fields ( user_id, updated_date, error ) values (gaan001, 2019-05-22 21:38:20, 0) on conditions fcm_token = dOzW0JPxlDQ:APA91bE1hQGEcunVCf8zufNPSKH-caUG07HkDufrn401pdtQwjnw2XOOXeYa4Gs7E3LI3Mp3T2dCRAWNclU5hS1zukRn-fwfGZsPEPUlHumIqyS6yVMXc_kHKWXWrRo0rFJU7oMCqGUS AND device_id = 6C07AAD5-34B3-43CB-BC33-221D3E989EA9 #Mobile-App: Log-id=831
21:55:21 anka020 Annika Karlsson UPDATING data to tables `time2vie_cirruscommon`.`secondary_login` fields ( error ) values (0) on conditions username = anka020 AND company_id = 20
21:55:21 anka020 Annika Karlsson INSERTING data into tables `log_login` fields ( username, ip, browser ) values ( anka020, 185.27.164.39, okhttp/3.9.1 ) => {inserted_id = 832}
21:55:21 anka020 Annika Karlsson DELETE data from tables `temp_session` on conditions username LIKE anka020
21:55:21 anka020 Annika Karlsson UPDATING data to tables `time2vie_cirruscommon`.`login` fields ( login, last_time ) values (1, 2019-05-22 21:55:21) on conditions username = anka020
21:55:21 anka020 Annika Karlsson UPDATING data to tables `time2vie_cirruscommon`.`secondary_login` fields ( last_login_time ) values (2019-05-22 21:55:21) on conditions username = anka020 AND company_id = 20
21:55:35 anka020 Annika Karlsson UPDATING data to tables `time2vie_cirruscommon`.`secondary_login` fields ( error ) values (0) on conditions username = anka020 AND company_id = 20
21:55:35 anka020 Annika Karlsson INSERTING data into tables `log_login` fields ( username, ip, browser ) values ( anka020, 185.27.164.39, okhttp/3.9.1 ) => {inserted_id = 833}
21:55:35 anka020 Annika Karlsson DELETE data from tables `temp_session` on conditions username LIKE anka020
21:55:36 anka020 Annika Karlsson UPDATING data to tables `time2vie_cirruscommon`.`login` fields ( login, last_time ) values (1, 2019-05-22 21:55:35) on conditions username = anka020
21:55:36 anka020 Annika Karlsson UPDATING data to tables `time2vie_cirruscommon`.`secondary_login` fields ( last_login_time ) values (2019-05-22 21:55:35) on conditions username = anka020 AND company_id = 20
21:55:50 anka020 Annika Karlsson UPDATING data to tables `time2vie_cirruscommon`.`secondary_login` fields ( error ) values (0) on conditions username = anka020 AND company_id = 20 #Mobile-App: Log-id=833
21:55:50 anka020 Annika Karlsson INSERTING data into tables `log_login` fields ( username, ip, browser ) values ( anka020, 185.27.164.39, okhttp/3.9.1 ) => {inserted_id = 834} #Mobile-App: Log-id=833
21:55:50 anka020 Annika Karlsson DELETE data from tables `temp_session` on conditions username LIKE anka020 #Mobile-App: Log-id=834
21:55:50 anka020 Annika Karlsson UPDATING data to tables `time2vie_cirruscommon`.`login` fields ( login, last_time ) values (1, 2019-05-22 21:55:50) on conditions username = anka020 #Mobile-App: Log-id=834
21:55:50 anka020 Annika Karlsson UPDATING data to tables `time2vie_cirruscommon`.`secondary_login` fields ( last_login_time ) values (2019-05-22 21:55:50) on conditions username = anka020 AND company_id = 20 #Mobile-App: Log-id=834
22:19:21 hebe001 Helen Bengtsson INSERTING data into tables `log_login` fields ( username, ip, browser ) values ( hebe001, 193.234.72.96, Mozilla/5.0 (Windows NT 6.1; Win64; x64) AppleWebKit/537.36 (KHTML, like Gecko) Chrome/74.0.3729.131 Safari/537.36 ) => {inserted_id = 835}
22:19:21 hebe001 Helen Bengtsson DELETE data from tables `temp_session` on conditions username LIKE hebe001
22:19:21 hebe001 Helen Bengtsson UPDATING data to tables `time2vie_cirruscommon`.`login` fields ( login, last_time ) values (1, 2019-05-22 22:19:21) on conditions username = hebe001
22:19:21 hebe001 Helen Bengtsson UPDATING data to tables `time2vie_cirruscommon`.`secondary_login` fields ( last_login_time ) values (2019-05-22 22:19:21) on conditions username = hebe001 AND company_id = 20
22:19:22 hebe001 Helen Bengtsson UPDATING data to tables `time2vie_cirruscommon`.`ws_sessions` fields ( user_id ) values (hebe001) on conditions session_id = 968c510d3893ec6515f7453d9462682f
22:26:22 hebe001 Helen Bengtsson UPDATING data to tables `timetable` fields ( customer, employee, date, time_from, time_to, fkkn, type, status, comment ) values (tibe002, anka020, 2019-06-12, 16.15, 24, 1, 0, 1, Jag kan ta detta passet. Annika) on conditions id = 2063
22:26:37 hebe001 Helen Bengtsson UPDATING data to tables `timetable` fields ( customer, employee, date, time_from, time_to, fkkn, type, status, comment ) values (tibe002, anka020, 2019-06-13, 0.00, 6.30, 1, 3, 1, Kan detta) on conditions id = 2064
22:26:49 hebe001 Helen Bengtsson UPDATING data to tables `timetable` fields ( customer, employee, date, time_from, time_to, fkkn, type, status, comment ) values (tibe002, anka020, 2019-06-13, 6.30, 9.00, 1, 0, 1, kan detta/Annika) on conditions id = 2065
22:28:00 hebe001 Helen Bengtsson UPDATING data to tables `timetable` fields ( customer, employee, date, time_from, time_to, fkkn, type, status, comment ) values (tibe002, frem001, 2019-06-07, 16.15, 24, 1, 0, 1, ) on conditions id = 2048
22:28:13 hebe001 Helen Bengtsson UPDATING data to tables `timetable` fields ( customer, employee, date, time_from, time_to, fkkn, type, status, comment ) values (tibe002, frem001, 2019-06-08, 0.00, 6.30, 1, 3, 1, ) on conditions id = 2049
22:28:45 hebe001 Helen Bengtsson UPDATING data to tables `timetable` fields ( customer, employee, date, time_from, time_to, fkkn, type, status, comment ) values (tibe002, frem001, 2019-06-08, 6.30, 10.30, 1, 0, 1, ) on conditions id = 2050
22:30:29 hebe001 Helen Bengtsson UPDATING data to tables `time2vie_cirruscommon`.`ws_sessions` fields ( user_id ) values (hebe001) on conditions session_id = 968c510d3893ec6515f7453d9462682f
22:32:36 hebe001 Helen Bengtsson UPDATING data to tables `leave` fields ( status, appr_emp, appr_date ) values (1, hebe001, 2019-05-22 22:32:36) on conditions group_id = 106
22:32:49 hebe001 Helen Bengtsson UPDATING data to tables `leave` fields ( status, appr_emp, appr_date ) values (1, hebe001, 2019-05-22 22:32:49) on conditions group_id = 110
22:32:56 hebe001 Helen Bengtsson UPDATING data to tables `leave` fields ( status, appr_emp, appr_date ) values (1, hebe001, 2019-05-22 22:32:56) on conditions group_id = 111
22:33:02 hebe001 Helen Bengtsson UPDATING data to tables `leave` fields ( status, appr_emp, appr_date ) values (1, hebe001, 2019-05-22 22:33:02) on conditions group_id = 112
22:33:12 hebe001 Helen Bengtsson UPDATING data to tables `leave` fields ( status, appr_emp, appr_date ) values (1, hebe001, 2019-05-22 22:33:12) on conditions group_id = 113
22:33:17 hebe001 Helen Bengtsson UPDATING data to tables `leave` fields ( status, appr_emp, appr_date ) values (1, hebe001, 2019-05-22 22:33:17) on conditions group_id = 114
22:33:31 hebe001 Helen Bengtsson UPDATING data to tables `leave` fields ( status, appr_emp, appr_date ) values (1, hebe001, 2019-05-22 22:33:31) on conditions group_id = 115
22:33:35 hebe001 Helen Bengtsson UPDATING data to tables `leave` fields ( status, appr_emp, appr_date ) values (1, hebe001, 2019-05-22 22:33:35) on conditions group_id = 116
22:33:45 hebe001 Helen Bengtsson UPDATING data to tables `leave` fields ( status, appr_emp, appr_date ) values (1, hebe001, 2019-05-22 22:33:45) on conditions group_id = 105
22:33:51 hebe001 Helen Bengtsson UPDATING data to tables `leave` fields ( status, appr_emp, appr_date ) values (1, hebe001, 2019-05-22 22:33:51) on conditions group_id = 104
22:34:28 hebe001 Helen Bengtsson UPDATING data to tables `leave` fields ( status, appr_emp, appr_date ) values (1, hebe001, 2019-05-22 22:34:28) on conditions group_id = 60
22:34:37 hebe001 Helen Bengtsson UPDATING data to tables `leave` fields ( status, appr_emp, appr_date ) values (1, hebe001, 2019-05-22 22:34:37) on conditions group_id = 64
22:34:56 hebe001 Helen Bengtsson UPDATING data to tables `leave` fields ( status, appr_emp, appr_date ) values (1, hebe001, 2019-05-22 22:34:56) on conditions group_id = 102
22:35:00 hebe001 Helen Bengtsson UPDATING data to tables `leave` fields ( status, appr_emp, appr_date ) values (1, hebe001, 2019-05-22 22:35:00) on conditions group_id = 62
22:35:04 hebe001 Helen Bengtsson UPDATING data to tables `leave` fields ( status, appr_emp, appr_date ) values (1, hebe001, 2019-05-22 22:35:04) on conditions group_id = 61
22:35:30 hebe001 Helen Bengtsson UPDATING data to tables `leave` fields ( status, appr_emp, appr_date ) values (1, hebe001, 2019-05-22 22:35:30) on conditions group_id = 100
22:35:36 hebe001 Helen Bengtsson UPDATING data to tables `leave` fields ( status, appr_emp, appr_date ) values (1, hebe001, 2019-05-22 22:35:36) on conditions group_id = 128
22:35:43 hebe001 Helen Bengtsson UPDATING data to tables `leave` fields ( status, appr_emp, appr_date ) values (1, hebe001, 2019-05-22 22:35:43) on conditions group_id = 59
22:35:49 hebe001 Helen Bengtsson UPDATING data to tables `leave` fields ( status, appr_emp, appr_date ) values (1, hebe001, 2019-05-22 22:35:49) on conditions group_id = 127
22:35:53 hebe001 Helen Bengtsson UPDATING data to tables `leave` fields ( status, appr_emp, appr_date ) values (1, hebe001, 2019-05-22 22:35:53) on conditions group_id = 103
22:36:22 hebe001 Helen Bengtsson UPDATING data to tables `leave` fields ( status, appr_emp, appr_date ) values (1, hebe001, 2019-05-22 22:36:22) on conditions group_id = 56
22:36:27 hebe001 Helen Bengtsson UPDATING data to tables `leave` fields ( status, appr_emp, appr_date ) values (1, hebe001, 2019-05-22 22:36:27) on conditions group_id = 54
22:36:52 hebe001 Helen Bengtsson UPDATING data to tables `leave` fields ( status, appr_emp, appr_date ) values (1, hebe001, 2019-05-22 22:36:52) on conditions group_id = 80
22:37:22 hebe001 Helen Bengtsson UPDATING data to tables `time2vie_cirruscommon`.`ws_sessions` fields ( user_id ) values (hebe001) on conditions session_id = 968c510d3893ec6515f7453d9462682f
22:37:39 hebe001 Helen Bengtsson DELETE data from tables `temp_session` on conditions username LIKE hebe001
22:37:39 hebe001 Helen Bengtsson UPDATING data to tables `time2vie_cirruscommon`.`login` fields ( login, last_time ) values (0, 2019-05-22 22:37:39) on conditions username = hebe001
22:37:39 hebe001 Helen Bengtsson UPDATING data to tables `time2vie_cirruscommon`.`secondary_login` fields ( last_login_time ) values (2019-05-22 22:37:39) on conditions username = hebe001 AND company_id = 20
22:37:39   UPDATING data to tables `log_login` fields ( logout_time ) values (2019-05-22:20:37:39) on conditions id = 835 AND username = hebe001
22:58:29 hejo003 Helen Jörnås UPDATING data to tables `time2vie_cirruscommon`.`secondary_login` fields ( error ) values (0) on conditions username = hejo003 AND company_id = 20
22:58:29 hejo003 Helen Jörnås INSERTING data into tables `log_login` fields ( username, ip, browser ) values ( hejo003, 90.224.82.244, okhttp/3.9.1 ) => {inserted_id = 836}
22:58:29 hejo003 Helen Jörnås DELETE data from tables `temp_session` on conditions username LIKE hejo003
22:58:29 hejo003 Helen Jörnås UPDATING data to tables `time2vie_cirruscommon`.`login` fields ( login, last_time ) values (1, 2019-05-22 22:58:29) on conditions username = hejo003
22:58:29 hejo003 Helen Jörnås UPDATING data to tables `time2vie_cirruscommon`.`secondary_login` fields ( last_login_time ) values (2019-05-22 22:58:29) on conditions username = hejo003 AND company_id = 20
