08:19:57 biwa003 Birgitta Wåhlander INSERTING data into tables `log_login` fields ( username, ip, browser ) values ( biwa003, 185.27.165.66, Mozilla/5.0 (iPad; CPU OS 10_3_3 like Mac OS X) AppleWebKit/603.1.30 (KHTML, like Gecko) CriOS/71.0.3578.89 Mobile/14G60 Safari/602.1 ) => {inserted_id = 2236}
08:19:57 biwa003 Birgitta Wåhlander DELETE data from tables `temp_session` on conditions username LIKE biwa003
08:19:57 biwa003 Birgitta Wåhlander UPDATING data to tables `time2vie_cirruscommon`.`login` fields ( login, last_time ) values (1, 2019-07-12 08:19:57) on conditions username = biwa003
08:19:57 biwa003 Birgitta Wåhlander UPDATING data to tables `time2vie_cirruscommon`.`secondary_login` fields ( last_login_time ) values (2019-07-12 08:19:57) on conditions username = biwa003 AND company_id = 20
08:19:57 biwa003 Birgitta Wåhlander UPDATING data to tables `time2vie_cirruscommon`.`ws_sessions` fields ( user_id ) values (biwa003) on conditions session_id = f2648efb05effa6fb3300042c320e65b
08:28:03 anka019 Anna Kawalya Westerberg INSERTING data into tables `log_login` fields ( username, ip, browser ) values ( anka019, 217.211.60.209, Mozilla/5.0 (iPhone; CPU iPhone OS 12_3_2 like Mac OS X) AppleWebKit/605.1.15 (KHTML, like Gecko) Version/12.1.1 Mobile/15E148 Safari/604.1 ) => {inserted_id = 2237}
08:28:03 anka019 Anna Kawalya Westerberg DELETE data from tables `temp_session` on conditions username LIKE anka019
08:28:04 anka019 Anna Kawalya Westerberg UPDATING data to tables `time2vie_cirruscommon`.`login` fields ( login, last_time ) values (1, 2019-07-12 08:28:03) on conditions username = anka019
08:28:04 anka019 Anna Kawalya Westerberg UPDATING data to tables `time2vie_cirruscommon`.`secondary_login` fields ( last_login_time ) values (2019-07-12 08:28:03) on conditions username = anka019 AND company_id = 20
08:28:04 anka019 Anna Kawalya Westerberg UPDATING data to tables `time2vie_cirruscommon`.`ws_sessions` fields ( user_id ) values (anka019) on conditions session_id = e009c0c2b185f44ff0e7ae4900f91aaf
10:06:54 hejo003 Helen Jörnås UPDATING data to tables `time2vie_cirruscommon`.`secondary_login` fields ( error ) values (0) on conditions username = hejo003 AND company_id = 20
10:06:54 hejo003 Helen Jörnås INSERTING data into tables `log_login` fields ( username, ip, browser ) values ( hejo003, 90.224.82.244, okhttp/3.9.1 ) => {inserted_id = 2238}
10:06:54 hejo003 Helen Jörnås DELETE data from tables `temp_session` on conditions username LIKE hejo003
10:06:54 hejo003 Helen Jörnås UPDATING data to tables `time2vie_cirruscommon`.`login` fields ( login, last_time ) values (1, 2019-07-12 10:06:54) on conditions username = hejo003
10:06:54 hejo003 Helen Jörnås UPDATING data to tables `time2vie_cirruscommon`.`secondary_login` fields ( last_login_time ) values (2019-07-12 10:06:54) on conditions username = hejo003 AND company_id = 20
10:07:29 hejo003 Helen Jörnås UPDATING data to tables `time2vie_cirruscommon`.`secondary_login` fields ( error ) values (0) on conditions username = hejo003 AND company_id = 20 #Mobile-App: Log-id=2238
10:07:29 hejo003 Helen Jörnås INSERTING data into tables `log_login` fields ( username, ip, browser ) values ( hejo003, 90.224.82.244, okhttp/3.9.1 ) => {inserted_id = 2239} #Mobile-App: Log-id=2238
10:07:29 hejo003 Helen Jörnås DELETE data from tables `temp_session` on conditions username LIKE hejo003 #Mobile-App: Log-id=2239
10:07:29 hejo003 Helen Jörnås UPDATING data to tables `time2vie_cirruscommon`.`login` fields ( login, last_time ) values (1, 2019-07-12 10:07:29) on conditions username = hejo003 #Mobile-App: Log-id=2239
10:07:29 hejo003 Helen Jörnås UPDATING data to tables `time2vie_cirruscommon`.`secondary_login` fields ( last_login_time ) values (2019-07-12 10:07:29) on conditions username = hejo003 AND company_id = 20 #Mobile-App: Log-id=2239
11:28:26 hejo003 Helen Jörnås UPDATING data to tables `time2vie_cirruscommon`.`secondary_login` fields ( error ) values (0) on conditions username = hejo003 AND company_id = 20
11:28:26 hejo003 Helen Jörnås INSERTING data into tables `log_login` fields ( username, ip, browser ) values ( hejo003, 217.214.147.92, okhttp/3.9.1 ) => {inserted_id = 2240}
11:28:26 hejo003 Helen Jörnås DELETE data from tables `temp_session` on conditions username LIKE hejo003
11:28:27 hejo003 Helen Jörnås UPDATING data to tables `time2vie_cirruscommon`.`login` fields ( login, last_time ) values (1, 2019-07-12 11:28:26) on conditions username = hejo003
11:28:27 hejo003 Helen Jörnås UPDATING data to tables `time2vie_cirruscommon`.`secondary_login` fields ( last_login_time ) values (2019-07-12 11:28:26) on conditions username = hejo003 AND company_id = 20
12:33:17 cagu001 Carina Gustafsson UPDATING data to tables `time2vie_cirruscommon`.`secondary_login` fields ( error ) values (0) on conditions username = cagu001 AND company_id = 20
12:33:17 cagu001 Carina Gustafsson INSERTING data into tables `log_login` fields ( username, ip, browser ) values ( cagu001, 176.10.245.4, okhttp/3.9.1 ) => {inserted_id = 2241}
12:33:17 cagu001 Carina Gustafsson DELETE data from tables `temp_session` on conditions username LIKE cagu001
12:33:17 cagu001 Carina Gustafsson UPDATING data to tables `time2vie_cirruscommon`.`login` fields ( login, last_time ) values (1, 2019-07-12 12:33:17) on conditions username = cagu001
12:33:17 cagu001 Carina Gustafsson UPDATING data to tables `time2vie_cirruscommon`.`secondary_login` fields ( last_login_time ) values (2019-07-12 12:33:17) on conditions username = cagu001 AND company_id = 20
12:36:22 cagu001 Carina Gustafsson UPDATING data to tables `time2vie_cirruscommon`.`secondary_login` fields ( error ) values (0) on conditions username = cagu001 AND company_id = 20 #Mobile-App: Log-id=2241
12:36:22 cagu001 Carina Gustafsson INSERTING data into tables `log_login` fields ( username, ip, browser ) values ( cagu001, 176.10.245.4, okhttp/3.9.1 ) => {inserted_id = 2242} #Mobile-App: Log-id=2241
12:36:22 cagu001 Carina Gustafsson DELETE data from tables `temp_session` on conditions username LIKE cagu001 #Mobile-App: Log-id=2242
12:36:22 cagu001 Carina Gustafsson UPDATING data to tables `time2vie_cirruscommon`.`login` fields ( login, last_time ) values (1, 2019-07-12 12:36:22) on conditions username = cagu001 #Mobile-App: Log-id=2242
12:36:22 cagu001 Carina Gustafsson UPDATING data to tables `time2vie_cirruscommon`.`secondary_login` fields ( last_login_time ) values (2019-07-12 12:36:22) on conditions username = cagu001 AND company_id = 20 #Mobile-App: Log-id=2242
13:17:32 hejo003 Helen Jörnås UPDATING data to tables `time2vie_cirruscommon`.`secondary_login` fields ( error ) values (0) on conditions username = hejo003 AND company_id = 20
13:17:32 hejo003 Helen Jörnås INSERTING data into tables `log_login` fields ( username, ip, browser ) values ( hejo003, 217.214.147.92, okhttp/3.9.1 ) => {inserted_id = 2243}
13:17:32 hejo003 Helen Jörnås DELETE data from tables `temp_session` on conditions username LIKE hejo003
13:17:32 hejo003 Helen Jörnås UPDATING data to tables `time2vie_cirruscommon`.`login` fields ( login, last_time ) values (1, 2019-07-12 13:17:32) on conditions username = hejo003
13:17:32 hejo003 Helen Jörnås UPDATING data to tables `time2vie_cirruscommon`.`secondary_login` fields ( last_login_time ) values (2019-07-12 13:17:32) on conditions username = hejo003 AND company_id = 20
14:15:56 lawa002 Lars Wåhlander UPDATING data to tables `time2vie_cirruscommon`.`secondary_login` fields ( error ) values (0) on conditions username = lawa002 AND company_id = 20
14:15:56 lawa002 Lars Wåhlander INSERTING data into tables `log_login` fields ( username, ip, browser ) values ( lawa002, 185.27.165.66, CirrusM/3 CFNetwork/978.0.7 Darwin/18.6.0 ) => {inserted_id = 2244}
14:15:56 lawa002 Lars Wåhlander DELETE data from tables `temp_session` on conditions username LIKE lawa002
14:15:56 lawa002 Lars Wåhlander UPDATING data to tables `time2vie_cirruscommon`.`login` fields ( login, last_time ) values (1, 2019-07-12 14:15:56) on conditions username = lawa002
14:15:56 lawa002 Lars Wåhlander UPDATING data to tables `time2vie_cirruscommon`.`secondary_login` fields ( last_login_time ) values (2019-07-12 14:15:56) on conditions username = lawa002 AND company_id = 20
14:15:56 lawa002 Lars Wåhlander UPDATING data to tables `time2vie_cirruscommon`.`push_notify_tokens` fields ( user_id, updated_date, error ) values (lawa002, 2019-07-12 14:15:56, 0) on conditions fcm_token = cMciIkjQto0:APA91bE0mFZ9syRxH0H9Tas6txAz8lAcS2UctPGAxnIgY9LtE7s84sR9AjeT4hfrg-T41cA5N9Vo80yzXQc6B3Sr8cQB2jG1MDlaqJfkkBpynoROrUKZYwhJ8o1nJ4O2lBKe197NqBpq AND device_id = A683A1BD-8A9A-4458-A762-1F517F9312EA #Mobile-App: Log-id=2244
15:20:56 hejo003 Helen Jörnås UPDATING data to tables `time2vie_cirruscommon`.`secondary_login` fields ( error ) values (0) on conditions username = hejo003 AND company_id = 20
15:20:56 hejo003 Helen Jörnås INSERTING data into tables `log_login` fields ( username, ip, browser ) values ( hejo003, 217.214.147.92, okhttp/3.9.1 ) => {inserted_id = 2245}
15:20:56 hejo003 Helen Jörnås DELETE data from tables `temp_session` on conditions username LIKE hejo003
15:20:57 hejo003 Helen Jörnås UPDATING data to tables `time2vie_cirruscommon`.`login` fields ( login, last_time ) values (1, 2019-07-12 15:20:56) on conditions username = hejo003
15:20:57 hejo003 Helen Jörnås UPDATING data to tables `time2vie_cirruscommon`.`secondary_login` fields ( last_login_time ) values (2019-07-12 15:20:56) on conditions username = hejo003 AND company_id = 20
16:25:54 hejo003 Helen Jörnås UPDATING data to tables `time2vie_cirruscommon`.`secondary_login` fields ( error ) values (0) on conditions username = hejo003 AND company_id = 20
16:25:54 hejo003 Helen Jörnås INSERTING data into tables `log_login` fields ( username, ip, browser ) values ( hejo003, 217.214.147.92, okhttp/3.9.1 ) => {inserted_id = 2246}
16:25:54 hejo003 Helen Jörnås DELETE data from tables `temp_session` on conditions username LIKE hejo003
16:25:54 hejo003 Helen Jörnås UPDATING data to tables `time2vie_cirruscommon`.`login` fields ( login, last_time ) values (1, 2019-07-12 16:25:54) on conditions username = hejo003
16:25:54 hejo003 Helen Jörnås UPDATING data to tables `time2vie_cirruscommon`.`secondary_login` fields ( last_login_time ) values (2019-07-12 16:25:54) on conditions username = hejo003 AND company_id = 20
16:29:26 idah001 Ida-Caroline Ahnström UPDATING data to tables `time2vie_cirruscommon`.`secondary_login` fields ( error ) values (0) on conditions username = idah001 AND company_id = 20
16:29:26 idah001 Ida-Caroline Ahnström INSERTING data into tables `log_login` fields ( username, ip, browser ) values ( idah001, 94.234.41.26, CirrusM/3 CFNetwork/897.15 Darwin/17.5.0 ) => {inserted_id = 2247}
16:29:26 idah001 Ida-Caroline Ahnström DELETE data from tables `temp_session` on conditions username LIKE idah001
16:29:26 idah001 Ida-Caroline Ahnström UPDATING data to tables `time2vie_cirruscommon`.`login` fields ( login, last_time ) values (1, 2019-07-12 16:29:26) on conditions username = idah001
16:29:26 idah001 Ida-Caroline Ahnström UPDATING data to tables `time2vie_cirruscommon`.`secondary_login` fields ( last_login_time ) values (2019-07-12 16:29:26) on conditions username = idah001 AND company_id = 20
16:29:27 idah001 Ida-Caroline Ahnström UPDATING data to tables `time2vie_cirruscommon`.`push_notify_tokens` fields ( user_id, updated_date, error ) values (idah001, 2019-07-12 16:29:27, 0) on conditions fcm_token = cbvlTTrlw38:APA91bFoyRXLRicQp_YsExlXTiWEEnPZBADMpfi_7utX-rcZZYleqgFvkb_1s_mT4RV6gZdk-KWPfC6HcQlzNZ2pRXrUcSZ4qKpOtCYpoMz4QQ13wEmP4i75Q_GibGT_0mlkRiGfF4Jg AND device_id = 6B366F82-6AFA-42F7-A27E-D6AB483287E1 #Mobile-App: Log-id=2247
16:40:56 cagu001 Carina Gustafsson UPDATING data to tables `time2vie_cirruscommon`.`secondary_login` fields ( error ) values (0) on conditions username = cagu001 AND company_id = 20
16:40:56 cagu001 Carina Gustafsson INSERTING data into tables `log_login` fields ( username, ip, browser ) values ( cagu001, 176.10.245.4, okhttp/3.9.1 ) => {inserted_id = 2248}
16:40:56 cagu001 Carina Gustafsson DELETE data from tables `temp_session` on conditions username LIKE cagu001
16:40:56 cagu001 Carina Gustafsson UPDATING data to tables `time2vie_cirruscommon`.`login` fields ( login, last_time ) values (1, 2019-07-12 16:40:56) on conditions username = cagu001
16:40:56 cagu001 Carina Gustafsson UPDATING data to tables `time2vie_cirruscommon`.`secondary_login` fields ( last_login_time ) values (2019-07-12 16:40:56) on conditions username = cagu001 AND company_id = 20
16:40:58 cagu001 Carina Gustafsson UPDATING data to tables `time2vie_cirruscommon`.`secondary_login` fields ( error ) values (0) on conditions username = cagu001 AND company_id = 20
16:40:58 cagu001 Carina Gustafsson INSERTING data into tables `log_login` fields ( username, ip, browser ) values ( cagu001, 176.10.245.4, okhttp/3.9.1 ) => {inserted_id = 2249}
16:40:58 cagu001 Carina Gustafsson DELETE data from tables `temp_session` on conditions username LIKE cagu001
16:40:58 cagu001 Carina Gustafsson UPDATING data to tables `time2vie_cirruscommon`.`login` fields ( login, last_time ) values (1, 2019-07-12 16:40:58) on conditions username = cagu001
16:40:58 cagu001 Carina Gustafsson UPDATING data to tables `time2vie_cirruscommon`.`secondary_login` fields ( last_login_time ) values (2019-07-12 16:40:58) on conditions username = cagu001 AND company_id = 20
16:41:36 cagu001 Carina Gustafsson UPDATING data to tables `timetable` fields ( customer, employee, date, time_from, time_to, fkkn, type, status, comment ) values (mygu001, pagu001, 2019-07-13, 8.00, 24, 1, 0, 1, ) on conditions id = 1593 #Mobile-App: Log-id=2249
16:41:47 cagu001 Carina Gustafsson UPDATING data to tables `timetable` fields ( customer, employee, date, time_from, time_to, fkkn, type, status, comment ) values (mygu001, pagu001, 2019-07-14, 0.00, 6.00, 1, 3, 1, ) on conditions id = 1594 #Mobile-App: Log-id=2249
16:42:00 cagu001 Carina Gustafsson UPDATING data to tables `timetable` fields ( customer, employee, date, time_from, time_to, fkkn, type, status, comment ) values (mygu001, pagu001, 2019-07-14, 6.00, 9.00, 1, 0, 1, ) on conditions id = 1595 #Mobile-App: Log-id=2249
16:42:16 cagu001 Carina Gustafsson UPDATING data to tables `timetable` fields ( customer, employee, date, time_from, time_to, fkkn, type, status, comment ) values (mygu001, cagu001, 2019-07-14, 8.00, 24, 1, 0, 1, ) on conditions id = 1877 #Mobile-App: Log-id=2249
16:43:15 cagu001 Carina Gustafsson UPDATING data to tables `timetable` fields ( customer, employee, date, time_from, time_to, fkkn, type, status, comment ) values (mygu001, pagu001, 2019-07-15, 0.00, 6.00, 1, 3, 1, ) on conditions id = 2184 #Mobile-App: Log-id=2249
16:43:27 cagu001 Carina Gustafsson UPDATING data to tables `timetable` fields ( customer, employee, date, time_from, time_to, fkkn, type, status, comment ) values (mygu001, pagu001, 2019-07-15, 6.00, 8.30, 1, 0, 1, ) on conditions id = 2185 #Mobile-App: Log-id=2249
18:12:54 anka019 Anna Kawalya Westerberg INSERTING data into tables `log_login` fields ( username, ip, browser ) values ( anka019, 217.211.60.209, Mozilla/5.0 (iPhone; CPU iPhone OS 12_3_2 like Mac OS X) AppleWebKit/605.1.15 (KHTML, like Gecko) Version/12.1.1 Mobile/15E148 Safari/604.1 ) => {inserted_id = 2250}
18:12:54 anka019 Anna Kawalya Westerberg DELETE data from tables `temp_session` on conditions username LIKE anka019
18:12:54 anka019 Anna Kawalya Westerberg UPDATING data to tables `time2vie_cirruscommon`.`login` fields ( login, last_time ) values (1, 2019-07-12 18:12:54) on conditions username = anka019
18:12:54 anka019 Anna Kawalya Westerberg UPDATING data to tables `time2vie_cirruscommon`.`secondary_login` fields ( last_login_time ) values (2019-07-12 18:12:54) on conditions username = anka019 AND company_id = 20
18:12:55 anka019 Anna Kawalya Westerberg UPDATING data to tables `time2vie_cirruscommon`.`ws_sessions` fields ( user_id ) values (anka019) on conditions session_id = 1eab317bd24a6b0ed7a5075620781184
19:44:54 hejo003 Helen Jörnås UPDATING data to tables `time2vie_cirruscommon`.`secondary_login` fields ( error ) values (0) on conditions username = hejo003 AND company_id = 20
19:44:54 hejo003 Helen Jörnås INSERTING data into tables `log_login` fields ( username, ip, browser ) values ( hejo003, 217.214.147.92, okhttp/3.9.1 ) => {inserted_id = 2251}
19:44:54 hejo003 Helen Jörnås DELETE data from tables `temp_session` on conditions username LIKE hejo003
19:44:55 hejo003 Helen Jörnås UPDATING data to tables `time2vie_cirruscommon`.`login` fields ( login, last_time ) values (1, 2019-07-12 19:44:54) on conditions username = hejo003
19:44:55 hejo003 Helen Jörnås UPDATING data to tables `time2vie_cirruscommon`.`secondary_login` fields ( last_login_time ) values (2019-07-12 19:44:54) on conditions username = hejo003 AND company_id = 20
21:24:17 hejo003 Helen Jörnås UPDATING data to tables `time2vie_cirruscommon`.`secondary_login` fields ( error ) values (0) on conditions username = hejo003 AND company_id = 20
21:24:17 hejo003 Helen Jörnås INSERTING data into tables `log_login` fields ( username, ip, browser ) values ( hejo003, 217.214.147.92, okhttp/3.9.1 ) => {inserted_id = 2252}
21:24:17 hejo003 Helen Jörnås DELETE data from tables `temp_session` on conditions username LIKE hejo003
21:24:17 hejo003 Helen Jörnås UPDATING data to tables `time2vie_cirruscommon`.`login` fields ( login, last_time ) values (1, 2019-07-12 21:24:17) on conditions username = hejo003
21:24:17 hejo003 Helen Jörnås UPDATING data to tables `time2vie_cirruscommon`.`secondary_login` fields ( last_login_time ) values (2019-07-12 21:24:17) on conditions username = hejo003 AND company_id = 20
23:04:40 anka019 Anna Kawalya Westerberg INSERTING data into tables `log_login` fields ( username, ip, browser ) values ( anka019, 94.234.46.110, Mozilla/5.0 (iPhone; CPU iPhone OS 12_3_2 like Mac OS X) AppleWebKit/605.1.15 (KHTML, like Gecko) Version/12.1.1 Mobile/15E148 Safari/604.1 ) => {inserted_id = 2253}
23:04:40 anka019 Anna Kawalya Westerberg DELETE data from tables `temp_session` on conditions username LIKE anka019
23:04:40 anka019 Anna Kawalya Westerberg UPDATING data to tables `time2vie_cirruscommon`.`login` fields ( login, last_time ) values (1, 2019-07-12 23:04:40) on conditions username = anka019
23:04:40 anka019 Anna Kawalya Westerberg UPDATING data to tables `time2vie_cirruscommon`.`secondary_login` fields ( last_login_time ) values (2019-07-12 23:04:40) on conditions username = anka019 AND company_id = 20
23:04:41 anka019 Anna Kawalya Westerberg UPDATING data to tables `time2vie_cirruscommon`.`ws_sessions` fields ( user_id ) values (anka019) on conditions session_id = 53ddb54dff2caec21ce7d5b0a9863dc3
