07:29:43 hejo003 Helen Jörnås UPDATING data to tables `time2vie_cirruscommon`.`secondary_login` fields ( error ) values (0) on conditions username = hejo003 AND company_id = 20
07:29:43 hejo003 Helen Jörnås INSERTING data into tables `log_login` fields ( username, ip, browser ) values ( hejo003, 90.224.82.244, okhttp/3.9.1 ) => {inserted_id = 2939}
07:29:43 hejo003 Helen Jörnås DELETE data from tables `temp_session` on conditions username LIKE hejo003
07:29:43 hejo003 Helen Jörnås UPDATING data to tables `time2vie_cirruscommon`.`login` fields ( login, last_time ) values (1, 2019-08-13 07:29:43) on conditions username = hejo003
07:29:43 hejo003 Helen Jörnås UPDATING data to tables `time2vie_cirruscommon`.`secondary_login` fields ( last_login_time ) values (2019-08-13 07:29:43) on conditions username = hejo003 AND company_id = 20
07:45:40 kape007 Karin Pearson INSERTING data into tables `log_login` fields ( username, ip, browser ) values ( kape007, 213.205.192.113, Mozilla/5.0 (Windows NT 10.0; Win64; x64) AppleWebKit/537.36 (KHTML, like Gecko) Chrome/76.0.3809.100 Safari/537.36 ) => {inserted_id = 2940}
07:45:40 kape007 Karin Pearson DELETE data from tables `temp_session` on conditions username LIKE kape007
07:45:40 kape007 Karin Pearson UPDATING data to tables `time2vie_cirruscommon`.`login` fields ( login, last_time ) values (1, 2019-08-13 07:45:40) on conditions username = kape007
07:45:40 kape007 Karin Pearson UPDATING data to tables `time2vie_cirruscommon`.`secondary_login` fields ( last_login_time ) values (2019-08-13 07:45:40) on conditions username = kape007 AND company_id = 20
07:45:41 kape007 Karin Pearson UPDATING data to tables `time2vie_cirruscommon`.`ws_sessions` fields ( user_id ) values (kape007) on conditions session_id = bf1006e39cef411b95fec0c774335665
07:48:34 kape007 Karin Pearson UPDATING data to tables `time2vie_cirruscommon`.`ws_sessions` fields ( user_id ) values (kape007) on conditions session_id = bf1006e39cef411b95fec0c774335665
07:51:00 kape007 Karin Pearson UPDATING data to tables `time2vie_cirruscommon`.`ws_sessions` fields ( user_id ) values (kape007) on conditions session_id = bf1006e39cef411b95fec0c774335665
07:51:51 kape007 Karin Pearson UPDATING data to tables `time2vie_cirruscommon`.`ws_sessions` fields ( user_id ) values (kape007) on conditions session_id = bf1006e39cef411b95fec0c774335665
07:53:30 kape007 Karin Pearson UPDATING data to tables `time2vie_cirruscommon`.`ws_sessions` fields ( user_id ) values (kape007) on conditions session_id = bf1006e39cef411b95fec0c774335665
08:21:35 anka020 Annika Karlsson UPDATING data to tables `time2vie_cirruscommon`.`secondary_login` fields ( error ) values (0) on conditions username = anka020 AND company_id = 20
08:21:35 anka020 Annika Karlsson INSERTING data into tables `log_login` fields ( username, ip, browser ) values ( anka020, 185.27.164.39, okhttp/3.9.1 ) => {inserted_id = 2941}
08:21:35 anka020 Annika Karlsson DELETE data from tables `temp_session` on conditions username LIKE anka020
08:21:35 anka020 Annika Karlsson UPDATING data to tables `time2vie_cirruscommon`.`login` fields ( login, last_time ) values (1, 2019-08-13 08:21:35) on conditions username = anka020
08:21:35 anka020 Annika Karlsson UPDATING data to tables `time2vie_cirruscommon`.`secondary_login` fields ( last_login_time ) values (2019-08-13 08:21:35) on conditions username = anka020 AND company_id = 20
09:22:14 hebe001 Helen Bengtsson INSERTING data into tables `log_login` fields ( username, ip, browser ) values ( hebe001, 185.27.164.39, Mozilla/5.0 (compatible; MSIE 10.0; Windows NT 6.2; WOW64; Trident/6.0; MALNJS) ) => {inserted_id = 2942}
09:22:14 hebe001 Helen Bengtsson DELETE data from tables `temp_session` on conditions username LIKE hebe001
09:22:14 hebe001 Helen Bengtsson UPDATING data to tables `time2vie_cirruscommon`.`login` fields ( login, last_time ) values (1, 2019-08-13 09:22:14) on conditions username = hebe001
09:22:14 hebe001 Helen Bengtsson UPDATING data to tables `time2vie_cirruscommon`.`secondary_login` fields ( last_login_time ) values (2019-08-13 09:22:14) on conditions username = hebe001 AND company_id = 20
09:22:15 hebe001 Helen Bengtsson UPDATING data to tables `time2vie_cirruscommon`.`ws_sessions` fields ( user_id ) values (hebe001) on conditions session_id = 638b4e1ab68d44dfacc081141862014a
09:23:02 hebe001 Helen Bengtsson UPDATING data to tables `time2vie_cirruscommon`.`ws_sessions` fields ( user_id ) values (hebe001) on conditions session_id = 638b4e1ab68d44dfacc081141862014a
09:28:28 hebe001 Helen Bengtsson INSERTING data into tables `log_login` fields ( username, ip, browser ) values ( hebe001, 185.27.164.39, Mozilla/5.0 (Windows NT 6.2; WOW64; rv:48.0) Gecko/20100101 Firefox/48.0 ) => {inserted_id = 2943}
09:28:28 hebe001 Helen Bengtsson DELETE data from tables `temp_session` on conditions username LIKE hebe001
09:28:28 hebe001 Helen Bengtsson UPDATING data to tables `time2vie_cirruscommon`.`login` fields ( login, last_time ) values (1, 2019-08-13 09:28:28) on conditions username = hebe001
09:28:28 hebe001 Helen Bengtsson UPDATING data to tables `time2vie_cirruscommon`.`secondary_login` fields ( last_login_time ) values (2019-08-13 09:28:28) on conditions username = hebe001 AND company_id = 20
09:28:29 hebe001 Helen Bengtsson UPDATING data to tables `time2vie_cirruscommon`.`ws_sessions` fields ( user_id ) values (hebe001) on conditions session_id = 72046565600f0bce0c216dcfdbf14db8
09:30:47 hebe001 Helen Bengtsson UPDATING data to tables `timetable` fields ( customer, employee, date, time_from, time_to, fkkn, type, status, comment ) values (tibe002, hebe001, 2019-08-02, 16.15, 24, 1, 0, 1, ) on conditions id = 2151
09:31:31 hebe001 Helen Bengtsson UPDATING data to tables `timetable` fields ( customer, employee, date, time_from, time_to, fkkn, type, status, comment ) values (tibe002, hebe001, 2019-08-03, 0.00, 6.30, 1, 3, 1, ) on conditions id = 2152
09:32:52 hebe001 Helen Bengtsson UPDATING data to tables `timetable` fields ( customer, employee, date, time_from, time_to, fkkn, type, status, comment ) values (tibe002, hebe001, 2019-08-03, 6.30, 9.00, 1, 0, 1, ) on conditions id = 2153
09:33:24 hebe001 Helen Bengtsson UPDATING data to tables `timetable` fields ( customer, employee, date, time_from, time_to, fkkn, type, status, comment ) values (tibe002, anka020, 2019-08-03, 8.30, 24, 1, 0, 1, Kan detta passet) on conditions id = 2154
09:34:10 hebe001 Helen Bengtsson UPDATING data to tables `timetable` fields ( customer, employee, date, time_from, time_to, fkkn, type, status, comment ) values (tibe002, anka020, 2019-08-09, 8.30, 16.30, 1, 0, 1, ) on conditions id = 2160
09:35:21 hebe001 Helen Bengtsson UPDATING data to tables `timetable` fields ( customer, employee, date, time_from, time_to, fkkn, type, status, comment ) values (tibe002, hebe001, 2019-08-13, 8.30, 16.30, 1, 0, 1, ) on conditions id = 1357
09:38:41 hebe001 Helen Bengtsson INSERTING data into tables `timetable` fields ( employee, customer, fkkn, type, date, time_from, time_to, status, created_status, alloc_emp, comment ) values ( , tibe002, 1, 0, 2019-08-23, 13.30, 15.30, 0, , hebe001,  ) => {inserted_id = 3532}
09:38:57 hebe001 Helen Bengtsson UPDATING data to tables `timetable` fields ( customer, employee, date, time_from, time_to, fkkn, type, status, comment ) values (tibe002, hebe001, 2019-08-23, 13.30, 15.30, 1, 0, 1, ) on conditions id = 3532
09:39:25 hebe001 Helen Bengtsson UPDATING data to tables `timetable` fields ( customer, employee, date, time_from, time_to, fkkn, type, status, comment ) values (tibe002, elbe006, 2019-08-23, 16.15, 24, 1, 0, 1, ) on conditions id = 1396
09:41:20 hebe001 Helen Bengtsson DELETE data from tables `timetable` on conditions id = 2464
09:42:33 hebe001 Helen Bengtsson DELETE data from tables `timetable` on conditions id = 1422
09:43:06 hebe001 Helen Bengtsson INSERTING data into tables `timetable` fields ( employee, customer, fkkn, type, date, time_from, time_to, status, created_status, alloc_emp, comment ) values ( , tibe002, 1, 0, 2019-09-06, 13.30, 15.30, 0, , hebe001,  ) => {inserted_id = 3533}
09:43:21 hebe001 Helen Bengtsson UPDATING data to tables `timetable` fields ( customer, employee, date, time_from, time_to, fkkn, type, status, comment ) values (tibe002, hebe001, 2019-09-06, 13.30, 15.30, 1, 0, 1, ) on conditions id = 3533
09:58:26 hebe001 Helen Bengtsson UPDATING data to tables `timetable` fields ( customer, employee, date, time_from, time_to, fkkn, type, status, comment ) values (tibe002, anka020, 2019-08-13, 9.00, 16.30, 1, 0, 1, ) on conditions id = 1357
09:59:35 hebe001 Helen Bengtsson UPDATING data to tables `timetable` fields ( customer, employee, date, time_from, time_to, fkkn, type, status, comment ) values (tibe002, anka020, 2019-08-13, 9.00, 12.30, 1, 0, 1, ) on conditions id = 1357
10:00:31 hebe001 Helen Bengtsson INSERTING data into tables `timetable` fields ( employee, customer, fkkn, type, date, time_from, time_to, status, created_status, alloc_emp, comment ) values ( , tibe002, 1, 0, 2019-08-13, 11.00, 21.00, 0, , hebe001,  ) => {inserted_id = 3534}
10:00:58 hebe001 Helen Bengtsson UPDATING data to tables `timetable` fields ( customer, employee, date, time_from, time_to, fkkn, type, status, comment ) values (tibe002, hebe001, 2019-08-13, 12.00, 16.30, 1, 0, 1, ) on conditions id = 3534
10:17:54 hebe001 Helen Bengtsson DELETE data from tables `temp_session` on conditions username LIKE hebe001
10:17:54 hebe001 Helen Bengtsson UPDATING data to tables `time2vie_cirruscommon`.`login` fields ( login, last_time ) values (0, 2019-08-13 10:17:54) on conditions username = hebe001
10:17:54 hebe001 Helen Bengtsson UPDATING data to tables `time2vie_cirruscommon`.`secondary_login` fields ( last_login_time ) values (2019-08-13 10:17:54) on conditions username = hebe001 AND company_id = 20
10:17:54   UPDATING data to tables `log_login` fields ( logout_time ) values (2019-08-13:08:17:54) on conditions id = 2943 AND username = hebe001
11:58:13 hejo003 Helen Jörnås UPDATING data to tables `time2vie_cirruscommon`.`secondary_login` fields ( error ) values (0) on conditions username = hejo003 AND company_id = 20
11:58:13 hejo003 Helen Jörnås INSERTING data into tables `log_login` fields ( username, ip, browser ) values ( hejo003, 217.214.152.90, okhttp/3.9.1 ) => {inserted_id = 2944}
11:58:13 hejo003 Helen Jörnås DELETE data from tables `temp_session` on conditions username LIKE hejo003
11:58:13 hejo003 Helen Jörnås UPDATING data to tables `time2vie_cirruscommon`.`login` fields ( login, last_time ) values (1, 2019-08-13 11:58:13) on conditions username = hejo003
11:58:13 hejo003 Helen Jörnås UPDATING data to tables `time2vie_cirruscommon`.`secondary_login` fields ( last_login_time ) values (2019-08-13 11:58:13) on conditions username = hejo003 AND company_id = 20
13:31:53 thgu002 Therese Gustafsson UPDATING data to tables `time2vie_cirruscommon`.`secondary_login` fields ( error ) values (0) on conditions username = thgu002 AND company_id = 20
13:31:53 thgu002 Therese Gustafsson INSERTING data into tables `log_login` fields ( username, ip, browser ) values ( thgu002, 94.191.137.119, CirrusM/3 CFNetwork/976 Darwin/18.2.0 ) => {inserted_id = 2945}
13:31:53 thgu002 Therese Gustafsson DELETE data from tables `temp_session` on conditions username LIKE thgu002
13:31:53 thgu002 Therese Gustafsson UPDATING data to tables `time2vie_cirruscommon`.`login` fields ( login, last_time ) values (1, 2019-08-13 13:31:53) on conditions username = thgu002
13:31:53 thgu002 Therese Gustafsson UPDATING data to tables `time2vie_cirruscommon`.`secondary_login` fields ( last_login_time ) values (2019-08-13 13:31:53) on conditions username = thgu002 AND company_id = 20
13:31:53 thgu002 Therese Gustafsson UPDATING data to tables `time2vie_cirruscommon`.`push_notify_tokens` fields ( user_id, updated_date, error ) values (thgu002, 2019-08-13 13:31:53, 0) on conditions fcm_token = cLfiPFrbQQU:APA91bFHU_Z8r18Eckm3c_CFADnpguBmpet8yPbI96615C5Sp491bXMVNiP7A32wlDeacPBW3js-Akhm2KNYg4-30y57ENd9O0Vg7ytFzOvntOtAt4zF9U6UJzDNPpnTPC5hwla_2LnP AND device_id = 17A7E464-B048-423A-B204-B2AC0992A6C3 #Mobile-App: Log-id=2945
14:31:10 mibr004 Mikaela Braun INSERTING data into tables `log_login` fields ( username, ip, browser ) values ( mibr004, 83.185.92.210, Mozilla/5.0 (iPhone; CPU iPhone OS 12_3_1 like Mac OS X) AppleWebKit/605.1.15 (KHTML, like Gecko) Version/12.1.1 Mobile/15E148 Safari/604.1 ) => {inserted_id = 2946}
14:31:10 mibr004 Mikaela Braun DELETE data from tables `temp_session` on conditions username LIKE mibr004
14:31:10 mibr004 Mikaela Braun UPDATING data to tables `time2vie_cirruscommon`.`login` fields ( login, last_time ) values (1, 2019-08-13 14:31:10) on conditions username = mibr004
14:31:10 mibr004 Mikaela Braun UPDATING data to tables `time2vie_cirruscommon`.`secondary_login` fields ( last_login_time ) values (2019-08-13 14:31:10) on conditions username = mibr004 AND company_id = 20
14:31:11 mibr004 Mikaela Braun UPDATING data to tables `time2vie_cirruscommon`.`ws_sessions` fields ( user_id ) values (mibr004) on conditions session_id = 2a6a78cfd3ca997af5be4bea67c905d1
15:12:16 gaan001 Gabriel Andersson UPDATING data to tables `time2vie_cirruscommon`.`secondary_login` fields ( error ) values (0) on conditions username = gaan001 AND company_id = 20
15:12:16 gaan001 Gabriel Andersson INSERTING data into tables `log_login` fields ( username, ip, browser ) values ( gaan001, 94.103.194.75, CirrusM/3 CFNetwork/978.0.7 Darwin/18.6.0 ) => {inserted_id = 2947}
15:12:16 gaan001 Gabriel Andersson DELETE data from tables `temp_session` on conditions username LIKE gaan001
15:12:16 gaan001 Gabriel Andersson UPDATING data to tables `time2vie_cirruscommon`.`login` fields ( login, last_time ) values (1, 2019-08-13 15:12:16) on conditions username = gaan001
15:12:16 gaan001 Gabriel Andersson UPDATING data to tables `time2vie_cirruscommon`.`secondary_login` fields ( last_login_time ) values (2019-08-13 15:12:16) on conditions username = gaan001 AND company_id = 20
15:12:17 gaan001 Gabriel Andersson UPDATING data to tables `time2vie_cirruscommon`.`push_notify_tokens` fields ( user_id, updated_date, error ) values (gaan001, 2019-08-13 15:12:17, 0) on conditions fcm_token = e51KWK9giv8:APA91bGHMno1HPtH6vgtvvNaxonNc-Bkvswgm2aT4OLq90CDlFw9H2dIl7Li18JiNkP-7pUOuc6Xu8RcoS51Ilqi8H-pAIQ3wxAPozVZ-o4Xh8AcIjJdCzDdKjcmheiVAB_gYeBo2P0d AND device_id = 2639B8CA-61CF-4C5F-AF35-FA532A697892 #Mobile-App: Log-id=2947
15:36:14 loli005 Lovisa Lian INSERTING data into tables `log_login` fields ( username, ip, browser ) values ( loli005, 83.248.214.152, Mozilla/5.0 (iPhone; CPU iPhone OS 12_3_1 like Mac OS X) AppleWebKit/605.1.15 (KHTML, like Gecko) Version/12.1.1 Mobile/15E148 Safari/604.1 ) => {inserted_id = 2948}
15:36:14 loli005 Lovisa Lian DELETE data from tables `temp_session` on conditions username LIKE loli005
15:36:15 loli005 Lovisa Lian UPDATING data to tables `time2vie_cirruscommon`.`login` fields ( login, last_time ) values (1, 2019-08-13 15:36:14) on conditions username = loli005
15:36:15 loli005 Lovisa Lian UPDATING data to tables `time2vie_cirruscommon`.`secondary_login` fields ( last_login_time ) values (2019-08-13 15:36:14) on conditions username = loli005 AND company_id = 20
15:36:15 loli005 Lovisa Lian UPDATING data to tables `time2vie_cirruscommon`.`ws_sessions` fields ( user_id ) values (loli005) on conditions session_id = b0b8439c30b828d86eb2ab23785ebb11
16:25:33 kaha003 Kalina Hajnold INSERTING data into tables `log_login` fields ( username, ip, browser ) values ( kaha003, 77.53.58.49, Mozilla/5.0 (iPhone; CPU iPhone OS 12_4 like Mac OS X) AppleWebKit/605.1.15 (KHTML, like Gecko) Version/12.1.2 Mobile/15E148 Safari/604.1 ) => {inserted_id = 2949}
16:25:33 kaha003 Kalina Hajnold DELETE data from tables `temp_session` on conditions username LIKE kaha003
16:25:33 kaha003 Kalina Hajnold UPDATING data to tables `time2vie_cirruscommon`.`login` fields ( login, last_time ) values (1, 2019-08-13 16:25:33) on conditions username = kaha003
16:25:33 kaha003 Kalina Hajnold UPDATING data to tables `time2vie_cirruscommon`.`secondary_login` fields ( last_login_time ) values (2019-08-13 16:25:33) on conditions username = kaha003 AND company_id = 20
16:25:35 kaha003 Kalina Hajnold UPDATING data to tables `time2vie_cirruscommon`.`ws_sessions` fields ( user_id ) values (kaha003) on conditions session_id = d57af66741232b6a23934be58218a73d
16:41:39 cagu001 Carina Gustafsson UPDATING data to tables `time2vie_cirruscommon`.`secondary_login` fields ( error ) values (0) on conditions username = cagu001 AND company_id = 20
16:41:39 cagu001 Carina Gustafsson INSERTING data into tables `log_login` fields ( username, ip, browser ) values ( cagu001, 83.209.27.1, okhttp/3.9.1 ) => {inserted_id = 2950}
16:41:39 cagu001 Carina Gustafsson DELETE data from tables `temp_session` on conditions username LIKE cagu001
16:41:39 cagu001 Carina Gustafsson UPDATING data to tables `time2vie_cirruscommon`.`login` fields ( login, last_time ) values (1, 2019-08-13 16:41:39) on conditions username = cagu001
16:41:39 cagu001 Carina Gustafsson UPDATING data to tables `time2vie_cirruscommon`.`secondary_login` fields ( last_login_time ) values (2019-08-13 16:41:39) on conditions username = cagu001 AND company_id = 20
16:41:42 mibr004 Mikaela Braun INSERTING data into tables `log_login` fields ( username, ip, browser ) values ( mibr004, 83.185.92.210, Mozilla/5.0 (iPhone; CPU iPhone OS 12_3_1 like Mac OS X) AppleWebKit/605.1.15 (KHTML, like Gecko) Version/12.1.1 Mobile/15E148 Safari/604.1 ) => {inserted_id = 2951}
16:41:42 mibr004 Mikaela Braun DELETE data from tables `temp_session` on conditions username LIKE mibr004
16:41:42 mibr004 Mikaela Braun UPDATING data to tables `time2vie_cirruscommon`.`login` fields ( login, last_time ) values (1, 2019-08-13 16:41:42) on conditions username = mibr004
16:41:42 mibr004 Mikaela Braun UPDATING data to tables `time2vie_cirruscommon`.`secondary_login` fields ( last_login_time ) values (2019-08-13 16:41:42) on conditions username = mibr004 AND company_id = 20
16:41:43 mibr004 Mikaela Braun UPDATING data to tables `time2vie_cirruscommon`.`ws_sessions` fields ( user_id ) values (mibr004) on conditions session_id = a6583a79892946c9535a2740b3405b1c
18:56:56 biwa003 Birgitta Wåhlander INSERTING data into tables `log_login` fields ( username, ip, browser ) values ( biwa003, 185.27.165.66, Mozilla/5.0 (iPad; CPU OS 10_3_3 like Mac OS X) AppleWebKit/603.1.30 (KHTML, like Gecko) CriOS/71.0.3578.89 Mobile/14G60 Safari/602.1 ) => {inserted_id = 2952}
18:56:56 biwa003 Birgitta Wåhlander DELETE data from tables `temp_session` on conditions username LIKE biwa003
18:56:56 biwa003 Birgitta Wåhlander UPDATING data to tables `time2vie_cirruscommon`.`login` fields ( login, last_time ) values (1, 2019-08-13 18:56:56) on conditions username = biwa003
18:56:56 biwa003 Birgitta Wåhlander UPDATING data to tables `time2vie_cirruscommon`.`secondary_login` fields ( last_login_time ) values (2019-08-13 18:56:56) on conditions username = biwa003 AND company_id = 20
18:56:57 biwa003 Birgitta Wåhlander UPDATING data to tables `time2vie_cirruscommon`.`ws_sessions` fields ( user_id ) values (biwa003) on conditions session_id = 6e7cc4cceb4e798c9cc2b3a00aed2002
19:02:32 hejo003 Helen Jörnås UPDATING data to tables `time2vie_cirruscommon`.`secondary_login` fields ( error ) values (0) on conditions username = hejo003 AND company_id = 20
19:02:32 hejo003 Helen Jörnås INSERTING data into tables `log_login` fields ( username, ip, browser ) values ( hejo003, 185.27.164.39, okhttp/3.9.1 ) => {inserted_id = 2953}
19:02:32 hejo003 Helen Jörnås DELETE data from tables `temp_session` on conditions username LIKE hejo003
19:02:32 hejo003 Helen Jörnås UPDATING data to tables `time2vie_cirruscommon`.`login` fields ( login, last_time ) values (1, 2019-08-13 19:02:32) on conditions username = hejo003
19:02:32 hejo003 Helen Jörnås UPDATING data to tables `time2vie_cirruscommon`.`secondary_login` fields ( last_login_time ) values (2019-08-13 19:02:32) on conditions username = hejo003 AND company_id = 20
19:03:52 loli005 Lovisa Lian UPDATING data to tables `time2vie_cirruscommon`.`ws_sessions` fields ( user_id ) values (loli005) on conditions session_id = b0b8439c30b828d86eb2ab23785ebb11
20:15:41 gaan001 Gabriel Andersson UPDATING data to tables `time2vie_cirruscommon`.`secondary_login` fields ( error ) values (0) on conditions username = gaan001 AND company_id = 20
20:15:41 gaan001 Gabriel Andersson INSERTING data into tables `log_login` fields ( username, ip, browser ) values ( gaan001, 217.73.108.115, CirrusM/3 CFNetwork/978.0.7 Darwin/18.6.0 ) => {inserted_id = 2954}
20:15:41 gaan001 Gabriel Andersson DELETE data from tables `temp_session` on conditions username LIKE gaan001
20:15:41 gaan001 Gabriel Andersson UPDATING data to tables `time2vie_cirruscommon`.`login` fields ( login, last_time ) values (1, 2019-08-13 20:15:41) on conditions username = gaan001
20:15:42 gaan001 Gabriel Andersson UPDATING data to tables `time2vie_cirruscommon`.`secondary_login` fields ( last_login_time ) values (2019-08-13 20:15:41) on conditions username = gaan001 AND company_id = 20
20:15:42 gaan001 Gabriel Andersson UPDATING data to tables `time2vie_cirruscommon`.`push_notify_tokens` fields ( user_id, updated_date, error ) values (gaan001, 2019-08-13 20:15:42, 0) on conditions fcm_token = e51KWK9giv8:APA91bGHMno1HPtH6vgtvvNaxonNc-Bkvswgm2aT4OLq90CDlFw9H2dIl7Li18JiNkP-7pUOuc6Xu8RcoS51Ilqi8H-pAIQ3wxAPozVZ-o4Xh8AcIjJdCzDdKjcmheiVAB_gYeBo2P0d AND device_id = 2639B8CA-61CF-4C5F-AF35-FA532A697892 #Mobile-App: Log-id=2954
20:55:44 hejo003 Helen Jörnås UPDATING data to tables `time2vie_cirruscommon`.`secondary_login` fields ( error ) values (0) on conditions username = hejo003 AND company_id = 20
20:55:44 hejo003 Helen Jörnås INSERTING data into tables `log_login` fields ( username, ip, browser ) values ( hejo003, 185.27.164.39, okhttp/3.9.1 ) => {inserted_id = 2955}
20:55:44 hejo003 Helen Jörnås DELETE data from tables `temp_session` on conditions username LIKE hejo003
20:55:44 hejo003 Helen Jörnås UPDATING data to tables `time2vie_cirruscommon`.`login` fields ( login, last_time ) values (1, 2019-08-13 20:55:44) on conditions username = hejo003
20:55:44 hejo003 Helen Jörnås UPDATING data to tables `time2vie_cirruscommon`.`secondary_login` fields ( last_login_time ) values (2019-08-13 20:55:44) on conditions username = hejo003 AND company_id = 20
21:55:53 mygu002  UPDATING data to tables `time2vie_cirruscommon`.`secondary_login` fields ( error ) values (1) on conditions username = mygu002 AND company_id = 20
21:56:13 mygu002 My Gustafsson UPDATING data to tables `time2vie_cirruscommon`.`secondary_login` fields ( error ) values (0) on conditions username = mygu002 AND company_id = 20
21:56:14 mygu002 My Gustafsson INSERTING data into tables `log_login` fields ( username, ip, browser ) values ( mygu002, 83.209.27.1, Mozilla/5.0 (Windows NT 10.0; Win64; x64) AppleWebKit/537.36 (KHTML, like Gecko) Chrome/76.0.3809.100 Safari/537.36 ) => {inserted_id = 2956}
21:56:14 mygu002 My Gustafsson DELETE data from tables `temp_session` on conditions username LIKE mygu002
21:56:14 mygu002 My Gustafsson UPDATING data to tables `time2vie_cirruscommon`.`login` fields ( login, last_time ) values (1, 2019-08-13 21:56:14) on conditions username = mygu002
21:56:14 mygu002 My Gustafsson UPDATING data to tables `time2vie_cirruscommon`.`secondary_login` fields ( last_login_time ) values (2019-08-13 21:56:14) on conditions username = mygu002 AND company_id = 20
21:56:14 mygu002 My Gustafsson UPDATING data to tables `time2vie_cirruscommon`.`ws_sessions` fields ( user_id ) values (mygu002) on conditions session_id = 27ae71c800c6ac7b187ba8bcceca587d
21:57:21 mygu002 My Gustafsson UPDATING data to tables `timetable` fields ( customer, employee, date, time_from, time_to, fkkn, type, status, comment ) values (mygu001, loli005, 2019-08-16, 7.30, 17.00, 1, 0, 1, ) on conditions id = 2346
21:57:40 mygu002 My Gustafsson UPDATING data to tables `timetable` fields ( customer, employee, date, time_from, time_to, fkkn, type, status, comment ) values (mygu001, cagu001, 2019-08-16, 16.45, 24, 1, 0, 1, ) on conditions id = 2415
22:00:51 mygu002 My Gustafsson DELETE data from tables `temp_session` on conditions username LIKE mygu002
22:00:51 mygu002 My Gustafsson UPDATING data to tables `time2vie_cirruscommon`.`login` fields ( login, last_time ) values (0, 2019-08-13 22:00:51) on conditions username = mygu002
22:00:51 mygu002 My Gustafsson UPDATING data to tables `time2vie_cirruscommon`.`secondary_login` fields ( last_login_time ) values (2019-08-13 22:00:51) on conditions username = mygu002 AND company_id = 20
22:00:52   UPDATING data to tables `log_login` fields ( logout_time ) values (2019-08-13:20:00:51) on conditions id = 2956 AND username = mygu002
22:49:02 anka019 Anna Kawalya Westerberg INSERTING data into tables `log_login` fields ( username, ip, browser ) values ( anka019, 81.225.30.74, Mozilla/5.0 (iPhone; CPU iPhone OS 12_3_2 like Mac OS X) AppleWebKit/605.1.15 (KHTML, like Gecko) Version/12.1.1 Mobile/15E148 Safari/604.1 ) => {inserted_id = 2957}
22:49:02 anka019 Anna Kawalya Westerberg DELETE data from tables `temp_session` on conditions username LIKE anka019
22:49:02 anka019 Anna Kawalya Westerberg UPDATING data to tables `time2vie_cirruscommon`.`login` fields ( login, last_time ) values (1, 2019-08-13 22:49:02) on conditions username = anka019
22:49:02 anka019 Anna Kawalya Westerberg UPDATING data to tables `time2vie_cirruscommon`.`secondary_login` fields ( last_login_time ) values (2019-08-13 22:49:02) on conditions username = anka019 AND company_id = 20
22:49:03 anka019 Anna Kawalya Westerberg UPDATING data to tables `time2vie_cirruscommon`.`ws_sessions` fields ( user_id ) values (anka019) on conditions session_id = 4c6654b128b825502f8b1410a5efec66
00:13:00 loli005 Lovisa Lian INSERTING data into tables `log_login` fields ( username, ip, browser ) values ( loli005, 83.248.214.152, Mozilla/5.0 (iPhone; CPU iPhone OS 12_3_1 like Mac OS X) AppleWebKit/605.1.15 (KHTML, like Gecko) Version/12.1.1 Mobile/15E148 Safari/604.1 ) => {inserted_id = 2958}
00:13:00 loli005 Lovisa Lian DELETE data from tables `temp_session` on conditions username LIKE loli005
00:13:00 loli005 Lovisa Lian UPDATING data to tables `time2vie_cirruscommon`.`login` fields ( login, last_time ) values (1, 2019-08-14 00:13:00) on conditions username = loli005
00:13:00 loli005 Lovisa Lian UPDATING data to tables `time2vie_cirruscommon`.`secondary_login` fields ( last_login_time ) values (2019-08-14 00:13:00) on conditions username = loli005 AND company_id = 20
00:13:01 loli005 Lovisa Lian UPDATING data to tables `time2vie_cirruscommon`.`ws_sessions` fields ( user_id ) values (loli005) on conditions session_id = a02c23729fb28334a40a229c0f4d64ea
