06:10:03 biwa003 Birgitta Wåhlander INSERTING data into tables `log_login` fields ( username, ip, browser ) values ( biwa003, 185.27.165.66, Mozilla/5.0 (iPad; CPU OS 10_3_3 like Mac OS X) AppleWebKit/603.1.30 (KHTML, like Gecko) CriOS/71.0.3578.89 Mobile/14G60 Safari/602.1 ) => {inserted_id = 2100}
06:10:03 biwa003 Birgitta Wåhlander DELETE data from tables `temp_session` on conditions username LIKE biwa003
06:10:03 biwa003 Birgitta Wåhlander UPDATING data to tables `time2vie_cirruscommon`.`login` fields ( login, last_time ) values (1, 2019-07-05 06:10:03) on conditions username = biwa003
06:10:03 biwa003 Birgitta Wåhlander UPDATING data to tables `time2vie_cirruscommon`.`secondary_login` fields ( last_login_time ) values (2019-07-05 06:10:03) on conditions username = biwa003 AND company_id = 20
06:10:03 biwa003 Birgitta Wåhlander UPDATING data to tables `time2vie_cirruscommon`.`ws_sessions` fields ( user_id ) values (biwa003) on conditions session_id = 45dfd6a68873ed1fc0af6220a3e54a0a
08:04:58 hejo003 Helen Jörnås UPDATING data to tables `time2vie_cirruscommon`.`secondary_login` fields ( error ) values (0) on conditions username = hejo003 AND company_id = 20
08:04:58 hejo003 Helen Jörnås INSERTING data into tables `log_login` fields ( username, ip, browser ) values ( hejo003, 90.224.82.244, okhttp/3.9.1 ) => {inserted_id = 2101}
08:04:58 hejo003 Helen Jörnås DELETE data from tables `temp_session` on conditions username LIKE hejo003
08:04:58 hejo003 Helen Jörnås UPDATING data to tables `time2vie_cirruscommon`.`login` fields ( login, last_time ) values (1, 2019-07-05 08:04:58) on conditions username = hejo003
08:04:58 hejo003 Helen Jörnås UPDATING data to tables `time2vie_cirruscommon`.`secondary_login` fields ( last_login_time ) values (2019-07-05 08:04:58) on conditions username = hejo003 AND company_id = 20
09:25:28 gaan001 Gabriel Andersson UPDATING data to tables `time2vie_cirruscommon`.`secondary_login` fields ( error ) values (0) on conditions username = gaan001 AND company_id = 20
09:25:28 gaan001 Gabriel Andersson INSERTING data into tables `log_login` fields ( username, ip, browser ) values ( gaan001, 94.191.155.249, CirrusM/3 CFNetwork/978.0.7 Darwin/18.6.0 ) => {inserted_id = 2102}
09:25:28 gaan001 Gabriel Andersson DELETE data from tables `temp_session` on conditions username LIKE gaan001
09:25:28 gaan001 Gabriel Andersson UPDATING data to tables `time2vie_cirruscommon`.`login` fields ( login, last_time ) values (1, 2019-07-05 09:25:28) on conditions username = gaan001
09:25:28 gaan001 Gabriel Andersson UPDATING data to tables `time2vie_cirruscommon`.`secondary_login` fields ( last_login_time ) values (2019-07-05 09:25:28) on conditions username = gaan001 AND company_id = 20
09:25:29 gaan001 Gabriel Andersson UPDATING data to tables `time2vie_cirruscommon`.`push_notify_tokens` fields ( user_id, updated_date, error ) values (gaan001, 2019-07-05 09:25:29, 0) on conditions fcm_token = e51KWK9giv8:APA91bGHMno1HPtH6vgtvvNaxonNc-Bkvswgm2aT4OLq90CDlFw9H2dIl7Li18JiNkP-7pUOuc6Xu8RcoS51Ilqi8H-pAIQ3wxAPozVZ-o4Xh8AcIjJdCzDdKjcmheiVAB_gYeBo2P0d AND device_id = 2639B8CA-61CF-4C5F-AF35-FA532A697892 #Mobile-App: Log-id=2102
09:37:00 lisz001 Linnéa Szendera UPDATING data to tables `time2vie_cirruscommon`.`secondary_login` fields ( error ) values (0) on conditions username = lisz001 AND company_id = 20
09:37:00 lisz001 Linnéa Szendera INSERTING data into tables `log_login` fields ( username, ip, browser ) values ( lisz001, 217.215.236.61, okhttp/3.9.1 ) => {inserted_id = 2103}
09:37:00 lisz001 Linnéa Szendera DELETE data from tables `temp_session` on conditions username LIKE lisz001
09:37:00 lisz001 Linnéa Szendera UPDATING data to tables `time2vie_cirruscommon`.`login` fields ( login, last_time ) values (1, 2019-07-05 09:37:00) on conditions username = lisz001
09:37:00 lisz001 Linnéa Szendera UPDATING data to tables `time2vie_cirruscommon`.`secondary_login` fields ( last_login_time ) values (2019-07-05 09:37:00) on conditions username = lisz001 AND company_id = 20
10:03:21 gaan001 Gabriel Andersson UPDATING data to tables `time2vie_cirruscommon`.`secondary_login` fields ( error ) values (0) on conditions username = gaan001 AND company_id = 20
10:03:21 gaan001 Gabriel Andersson INSERTING data into tables `log_login` fields ( username, ip, browser ) values ( gaan001, 94.191.155.249, CirrusM/3 CFNetwork/978.0.7 Darwin/18.6.0 ) => {inserted_id = 2104}
10:03:21 gaan001 Gabriel Andersson DELETE data from tables `temp_session` on conditions username LIKE gaan001
10:03:21 gaan001 Gabriel Andersson UPDATING data to tables `time2vie_cirruscommon`.`login` fields ( login, last_time ) values (1, 2019-07-05 10:03:21) on conditions username = gaan001
10:03:21 gaan001 Gabriel Andersson UPDATING data to tables `time2vie_cirruscommon`.`secondary_login` fields ( last_login_time ) values (2019-07-05 10:03:21) on conditions username = gaan001 AND company_id = 20
10:03:21 gaan001 Gabriel Andersson UPDATING data to tables `time2vie_cirruscommon`.`push_notify_tokens` fields ( user_id, updated_date, error ) values (gaan001, 2019-07-05 10:03:21, 0) on conditions fcm_token = e51KWK9giv8:APA91bGHMno1HPtH6vgtvvNaxonNc-Bkvswgm2aT4OLq90CDlFw9H2dIl7Li18JiNkP-7pUOuc6Xu8RcoS51Ilqi8H-pAIQ3wxAPozVZ-o4Xh8AcIjJdCzDdKjcmheiVAB_gYeBo2P0d AND device_id = 2639B8CA-61CF-4C5F-AF35-FA532A697892 #Mobile-App: Log-id=2104
10:03:22 gaan001 Gabriel Andersson UPDATING data to tables `time2vie_cirruscommon`.`secondary_login` fields ( error ) values (0) on conditions username = gaan001 AND company_id = 20 #Mobile-App: Log-id=2104
10:03:22 gaan001 Gabriel Andersson INSERTING data into tables `log_login` fields ( username, ip, browser ) values ( gaan001, 94.191.155.249, CirrusM/3 CFNetwork/978.0.7 Darwin/18.6.0 ) => {inserted_id = 2105} #Mobile-App: Log-id=2104
10:03:22 gaan001 Gabriel Andersson DELETE data from tables `temp_session` on conditions username LIKE gaan001 #Mobile-App: Log-id=2105
10:03:22 gaan001 Gabriel Andersson UPDATING data to tables `time2vie_cirruscommon`.`login` fields ( login, last_time ) values (1, 2019-07-05 10:03:22) on conditions username = gaan001 #Mobile-App: Log-id=2105
10:03:22 gaan001 Gabriel Andersson UPDATING data to tables `time2vie_cirruscommon`.`secondary_login` fields ( last_login_time ) values (2019-07-05 10:03:22) on conditions username = gaan001 AND company_id = 20 #Mobile-App: Log-id=2105
10:03:22 gaan001 Gabriel Andersson UPDATING data to tables `time2vie_cirruscommon`.`push_notify_tokens` fields ( user_id, updated_date, error ) values (gaan001, 2019-07-05 10:03:22, 0) on conditions fcm_token = e51KWK9giv8:APA91bGHMno1HPtH6vgtvvNaxonNc-Bkvswgm2aT4OLq90CDlFw9H2dIl7Li18JiNkP-7pUOuc6Xu8RcoS51Ilqi8H-pAIQ3wxAPozVZ-o4Xh8AcIjJdCzDdKjcmheiVAB_gYeBo2P0d AND device_id = 2639B8CA-61CF-4C5F-AF35-FA532A697892 #Mobile-App: Log-id=2105
10:03:26 gaan001 Gabriel Andersson UPDATING data to tables `time2vie_cirruscommon`.`secondary_login` fields ( error ) values (0) on conditions username = gaan001 AND company_id = 20
10:03:26 gaan001 Gabriel Andersson INSERTING data into tables `log_login` fields ( username, ip, browser ) values ( gaan001, 94.191.155.249, CirrusM/3 CFNetwork/978.0.7 Darwin/18.6.0 ) => {inserted_id = 2106}
10:03:26 gaan001 Gabriel Andersson DELETE data from tables `temp_session` on conditions username LIKE gaan001
10:03:26 gaan001 Gabriel Andersson UPDATING data to tables `time2vie_cirruscommon`.`login` fields ( login, last_time ) values (1, 2019-07-05 10:03:26) on conditions username = gaan001
10:03:26 gaan001 Gabriel Andersson UPDATING data to tables `time2vie_cirruscommon`.`secondary_login` fields ( last_login_time ) values (2019-07-05 10:03:26) on conditions username = gaan001 AND company_id = 20
10:03:26 gaan001 Gabriel Andersson UPDATING data to tables `time2vie_cirruscommon`.`push_notify_tokens` fields ( user_id, updated_date, error ) values (gaan001, 2019-07-05 10:03:26, 0) on conditions fcm_token = e51KWK9giv8:APA91bGHMno1HPtH6vgtvvNaxonNc-Bkvswgm2aT4OLq90CDlFw9H2dIl7Li18JiNkP-7pUOuc6Xu8RcoS51Ilqi8H-pAIQ3wxAPozVZ-o4Xh8AcIjJdCzDdKjcmheiVAB_gYeBo2P0d AND device_id = 2639B8CA-61CF-4C5F-AF35-FA532A697892 #Mobile-App: Log-id=2106
10:16:17 cagu001 Carina Gustafsson UPDATING data to tables `time2vie_cirruscommon`.`secondary_login` fields ( error ) values (0) on conditions username = cagu001 AND company_id = 20
10:16:17 cagu001 Carina Gustafsson INSERTING data into tables `log_login` fields ( username, ip, browser ) values ( cagu001, 176.10.245.4, okhttp/3.9.1 ) => {inserted_id = 2107}
10:16:17 cagu001 Carina Gustafsson DELETE data from tables `temp_session` on conditions username LIKE cagu001
10:16:17 cagu001 Carina Gustafsson UPDATING data to tables `time2vie_cirruscommon`.`login` fields ( login, last_time ) values (1, 2019-07-05 10:16:17) on conditions username = cagu001
10:16:17 cagu001 Carina Gustafsson UPDATING data to tables `time2vie_cirruscommon`.`secondary_login` fields ( last_login_time ) values (2019-07-05 10:16:17) on conditions username = cagu001 AND company_id = 20
10:17:07 cagu001 Carina Gustafsson UPDATING data to tables `timetable` fields ( customer, employee, date, time_from, time_to, fkkn, type, status, comment ) values (mygu001, loli005, 2019-07-09, 0.00, 6.00, 1, 3, 1, ) on conditions id = 2312 #Mobile-App: Log-id=2107
10:17:24 cagu001 Carina Gustafsson UPDATING data to tables `timetable` fields ( customer, employee, date, time_from, time_to, fkkn, type, status, comment ) values (mygu001, , 2019-07-09, 6.00, 24, 1, 0, 0, ) on conditions id = 1580 #Mobile-App: Log-id=2107
10:18:26 cagu001 Carina Gustafsson UPDATING data to tables `timetable` fields ( customer, employee, date, time_from, time_to, fkkn, type, status, comment ) values (mygu001, , 2019-07-09, 6.00, 23.00, 1, 0, 0, ) on conditions id = 2313 #Mobile-App: Log-id=2107
10:19:00 cagu001 Carina Gustafsson UPDATING data to tables `timetable` fields ( customer, employee, date, time_from, time_to, fkkn, type, status, comment ) values (mygu001, loli005, 2019-07-09, 6.00, 23.00, 1, 0, 1, ) on conditions id = 2313 #Mobile-App: Log-id=2107
10:19:13 cagu001 Carina Gustafsson UPDATING data to tables `timetable` fields ( customer, employee, date, time_from, time_to, fkkn, type, status, comment ) values (mygu001, mibr004, 2019-07-09, 6.00, 24, 1, 0, 1, ) on conditions id = 1580 #Mobile-App: Log-id=2107
10:19:55 cagu001 Carina Gustafsson UPDATING data to tables `timetable` fields ( customer, employee, date, time_from, time_to, fkkn, type, status, comment ) values (mygu001, mibr004, 2019-07-08, 9.00, 24, 1, 0, 1, ) on conditions id = 2311 #Mobile-App: Log-id=2107
10:20:24 cagu001 Carina Gustafsson UPDATING data to tables `timetable` fields ( customer, employee, date, time_from, time_to, fkkn, type, status, comment ) values (mygu001, cagu001, 2019-07-08, 6.00, 9.00, 3, 0, 1, ) on conditions id = 1571 #Mobile-App: Log-id=2107
10:20:55 cagu001 Carina Gustafsson UPDATING data to tables `timetable` fields ( customer, employee, date, time_from, time_to, fkkn, type, status, comment ) values (mygu001, mibr004, 2019-07-09, 6.00, 23.00, 1, 0, 1, ) on conditions id = 1580 #Mobile-App: Log-id=2107
10:27:19 mibr004 Mikaela Braun INSERTING data into tables `log_login` fields ( username, ip, browser ) values ( mibr004, 83.185.88.20, Mozilla/5.0 (iPhone; CPU iPhone OS 12_3_1 like Mac OS X) AppleWebKit/605.1.15 (KHTML, like Gecko) Version/12.1.1 Mobile/15E148 Safari/604.1 ) => {inserted_id = 2108}
10:27:19 mibr004 Mikaela Braun DELETE data from tables `temp_session` on conditions username LIKE mibr004
10:27:19 mibr004 Mikaela Braun UPDATING data to tables `time2vie_cirruscommon`.`login` fields ( login, last_time ) values (1, 2019-07-05 10:27:19) on conditions username = mibr004
10:27:20 mibr004 Mikaela Braun UPDATING data to tables `time2vie_cirruscommon`.`secondary_login` fields ( last_login_time ) values (2019-07-05 10:27:19) on conditions username = mibr004 AND company_id = 20
10:27:20 mibr004 Mikaela Braun UPDATING data to tables `time2vie_cirruscommon`.`ws_sessions` fields ( user_id ) values (mibr004) on conditions session_id = 7b0a1748abd0138f07f50fd27e24dc01
11:00:32 mibr004 Mikaela Braun UPDATING data to tables `time2vie_cirruscommon`.`ws_sessions` fields ( user_id ) values (mibr004) on conditions session_id = 7b0a1748abd0138f07f50fd27e24dc01
11:26:30 frem001 Frida Emilsson UPDATING data to tables `time2vie_cirruscommon`.`secondary_login` fields ( error ) values (0) on conditions username = frem001 AND company_id = 20
11:26:30 frem001 Frida Emilsson INSERTING data into tables `log_login` fields ( username, ip, browser ) values ( frem001, 94.103.196.8, CirrusM/3 CFNetwork/978.0.7 Darwin/18.6.0 ) => {inserted_id = 2109}
11:26:30 frem001 Frida Emilsson DELETE data from tables `temp_session` on conditions username LIKE frem001
11:26:30 frem001 Frida Emilsson UPDATING data to tables `time2vie_cirruscommon`.`login` fields ( login, last_time ) values (1, 2019-07-05 11:26:30) on conditions username = frem001
11:26:30 frem001 Frida Emilsson UPDATING data to tables `time2vie_cirruscommon`.`secondary_login` fields ( last_login_time ) values (2019-07-05 11:26:30) on conditions username = frem001 AND company_id = 20
11:26:30 frem001 Frida Emilsson UPDATING data to tables `time2vie_cirruscommon`.`push_notify_tokens` fields ( user_id, updated_date, error ) values (frem001, 2019-07-05 11:26:30, 0) on conditions fcm_token = (null) AND device_id = D4AA16D8-90D8-4459-8736-066B03F550D4 #Mobile-App: Log-id=2109
11:35:26 lawa002 Lars Wåhlander INSERTING data into tables `log_login` fields ( username, ip, browser ) values ( lawa002, 94.103.194.75, Mozilla/5.0 (iPhone; CPU iPhone OS 12_3_1 like Mac OS X) AppleWebKit/605.1.15 (KHTML, like Gecko) Version/12.1.1 Mobile/15E148 Safari/604.1 ) => {inserted_id = 2110}
11:35:26 lawa002 Lars Wåhlander DELETE data from tables `temp_session` on conditions username LIKE lawa002
11:35:26 lawa002 Lars Wåhlander UPDATING data to tables `time2vie_cirruscommon`.`login` fields ( login, last_time ) values (1, 2019-07-05 11:35:26) on conditions username = lawa002
11:35:26 lawa002 Lars Wåhlander UPDATING data to tables `time2vie_cirruscommon`.`secondary_login` fields ( last_login_time ) values (2019-07-05 11:35:26) on conditions username = lawa002 AND company_id = 20
11:36:08 lawa002 Lars Wåhlander UPDATING data to tables `time2vie_cirruscommon`.`secondary_login` fields ( error ) values (0) on conditions username = lawa002 AND company_id = 20
11:36:09 lawa002 Lars Wåhlander INSERTING data into tables `log_login` fields ( username, ip, browser ) values ( lawa002, 94.103.194.75, CirrusM/3 CFNetwork/978.0.7 Darwin/18.6.0 ) => {inserted_id = 2111}
11:36:09 lawa002 Lars Wåhlander DELETE data from tables `temp_session` on conditions username LIKE lawa002
11:36:09 lawa002 Lars Wåhlander UPDATING data to tables `time2vie_cirruscommon`.`login` fields ( login, last_time ) values (1, 2019-07-05 11:36:09) on conditions username = lawa002
11:36:09 lawa002 Lars Wåhlander UPDATING data to tables `time2vie_cirruscommon`.`secondary_login` fields ( last_login_time ) values (2019-07-05 11:36:09) on conditions username = lawa002 AND company_id = 20
11:36:09 lawa002 Lars Wåhlander UPDATING data to tables `time2vie_cirruscommon`.`push_notify_tokens` fields ( user_id, updated_date, error ) values (lawa002, 2019-07-05 11:36:09, 0) on conditions fcm_token = cMciIkjQto0:APA91bE0mFZ9syRxH0H9Tas6txAz8lAcS2UctPGAxnIgY9LtE7s84sR9AjeT4hfrg-T41cA5N9Vo80yzXQc6B3Sr8cQB2jG1MDlaqJfkkBpynoROrUKZYwhJ8o1nJ4O2lBKe197NqBpq AND device_id = A683A1BD-8A9A-4458-A762-1F517F9312EA #Mobile-App: Log-id=2111
16:11:20 kape007 Karin Pearson INSERTING data into tables `log_login` fields ( username, ip, browser ) values ( kape007, 185.27.164.39, Mozilla/5.0 (Linux; Android 5.1.1; SAMSUNG SM-J320FN Build/LMY47V) AppleWebKit/537.36 (KHTML, like Gecko) SamsungBrowser/3.5 Chrome/38.0.2125.102 Mobile Safari/537.36 ) => {inserted_id = 2112}
16:11:20 kape007 Karin Pearson DELETE data from tables `temp_session` on conditions username LIKE kape007
16:11:20 kape007 Karin Pearson UPDATING data to tables `time2vie_cirruscommon`.`login` fields ( login, last_time ) values (1, 2019-07-05 16:11:20) on conditions username = kape007
16:11:20 kape007 Karin Pearson UPDATING data to tables `time2vie_cirruscommon`.`secondary_login` fields ( last_login_time ) values (2019-07-05 16:11:20) on conditions username = kape007 AND company_id = 20
16:11:43 kape007 Karin Pearson UPDATING data to tables `time2vie_cirruscommon`.`ws_sessions` fields ( user_id ) values (kape007) on conditions session_id = f651595235a6440f95922cfb2ad418b2
16:11:56 kape007 Karin Pearson UPDATING data to tables `time2vie_cirruscommon`.`ws_sessions` fields ( user_id ) values (kape007) on conditions session_id = f651595235a6440f95922cfb2ad418b2
16:12:52 kape007 Karin Pearson UPDATING data to tables `time2vie_cirruscommon`.`ws_sessions` fields ( user_id ) values (kape007) on conditions session_id = f651595235a6440f95922cfb2ad418b2
16:13:19 kape007 Karin Pearson UPDATING data to tables `time2vie_cirruscommon`.`ws_sessions` fields ( user_id ) values (kape007) on conditions session_id = f651595235a6440f95922cfb2ad418b2
16:13:50 kape007 Karin Pearson UPDATING data to tables `time2vie_cirruscommon`.`ws_sessions` fields ( user_id ) values (kape007) on conditions session_id = f651595235a6440f95922cfb2ad418b2
16:14:23 kape007 Karin Pearson UPDATING data to tables `time2vie_cirruscommon`.`ws_sessions` fields ( user_id ) values (kape007) on conditions session_id = f651595235a6440f95922cfb2ad418b2
16:15:52 kape007 Karin Pearson UPDATING data to tables `time2vie_cirruscommon`.`ws_sessions` fields ( user_id ) values (kape007) on conditions session_id = f651595235a6440f95922cfb2ad418b2
16:17:41 kape007 Karin Pearson UPDATING data to tables `time2vie_cirruscommon`.`ws_sessions` fields ( user_id ) values (kape007) on conditions session_id = f651595235a6440f95922cfb2ad418b2
16:58:10 anka019 Anna Kawalya Westerberg INSERTING data into tables `log_login` fields ( username, ip, browser ) values ( anka019, 90.227.104.76, Mozilla/5.0 (iPhone; CPU iPhone OS 12_1_4 like Mac OS X) AppleWebKit/605.1.15 (KHTML, like Gecko) Version/12.0 Mobile/15E148 Safari/604.1 ) => {inserted_id = 2113}
16:58:10 anka019 Anna Kawalya Westerberg DELETE data from tables `temp_session` on conditions username LIKE anka019
16:58:10 anka019 Anna Kawalya Westerberg UPDATING data to tables `time2vie_cirruscommon`.`login` fields ( login, last_time ) values (1, 2019-07-05 16:58:10) on conditions username = anka019
16:58:10 anka019 Anna Kawalya Westerberg UPDATING data to tables `time2vie_cirruscommon`.`secondary_login` fields ( last_login_time ) values (2019-07-05 16:58:10) on conditions username = anka019 AND company_id = 20
16:58:11 anka019 Anna Kawalya Westerberg UPDATING data to tables `time2vie_cirruscommon`.`ws_sessions` fields ( user_id ) values (anka019) on conditions session_id = 974638d435bcd0dbb8baa93bf08a916a
17:21:09 mibr004 Mikaela Braun INSERTING data into tables `log_login` fields ( username, ip, browser ) values ( mibr004, 155.4.220.147, Mozilla/5.0 (iPhone; CPU iPhone OS 12_3_1 like Mac OS X) AppleWebKit/605.1.15 (KHTML, like Gecko) Version/12.1.1 Mobile/15E148 Safari/604.1 ) => {inserted_id = 2114}
17:21:09 mibr004 Mikaela Braun DELETE data from tables `temp_session` on conditions username LIKE mibr004
17:21:09 mibr004 Mikaela Braun UPDATING data to tables `time2vie_cirruscommon`.`login` fields ( login, last_time ) values (1, 2019-07-05 17:21:09) on conditions username = mibr004
17:21:09 mibr004 Mikaela Braun UPDATING data to tables `time2vie_cirruscommon`.`secondary_login` fields ( last_login_time ) values (2019-07-05 17:21:09) on conditions username = mibr004 AND company_id = 20
17:21:09 mibr004 Mikaela Braun UPDATING data to tables `time2vie_cirruscommon`.`ws_sessions` fields ( user_id ) values (mibr004) on conditions session_id = 253fea965a55dd7fe600979e0cff7b49
17:39:53 hejo003 Helen Jörnås UPDATING data to tables `time2vie_cirruscommon`.`secondary_login` fields ( error ) values (0) on conditions username = hejo003 AND company_id = 20
17:39:53 hejo003 Helen Jörnås INSERTING data into tables `log_login` fields ( username, ip, browser ) values ( hejo003, 90.224.82.244, okhttp/3.9.1 ) => {inserted_id = 2115}
17:39:53 hejo003 Helen Jörnås DELETE data from tables `temp_session` on conditions username LIKE hejo003
17:39:53 hejo003 Helen Jörnås UPDATING data to tables `time2vie_cirruscommon`.`login` fields ( login, last_time ) values (1, 2019-07-05 17:39:53) on conditions username = hejo003
17:39:53 hejo003 Helen Jörnås UPDATING data to tables `time2vie_cirruscommon`.`secondary_login` fields ( last_login_time ) values (2019-07-05 17:39:53) on conditions username = hejo003 AND company_id = 20
18:04:33 mibr004 Mikaela Braun INSERTING data into tables `log_login` fields ( username, ip, browser ) values ( mibr004, 155.4.220.147, Mozilla/5.0 (iPhone; CPU iPhone OS 12_3_1 like Mac OS X) AppleWebKit/605.1.15 (KHTML, like Gecko) Version/12.1.1 Mobile/15E148 Safari/604.1 ) => {inserted_id = 2116}
18:04:33 mibr004 Mikaela Braun DELETE data from tables `temp_session` on conditions username LIKE mibr004
18:04:33 mibr004 Mikaela Braun UPDATING data to tables `time2vie_cirruscommon`.`login` fields ( login, last_time ) values (1, 2019-07-05 18:04:33) on conditions username = mibr004
18:04:33 mibr004 Mikaela Braun UPDATING data to tables `time2vie_cirruscommon`.`secondary_login` fields ( last_login_time ) values (2019-07-05 18:04:33) on conditions username = mibr004 AND company_id = 20
18:04:33 mibr004 Mikaela Braun UPDATING data to tables `time2vie_cirruscommon`.`ws_sessions` fields ( user_id ) values (mibr004) on conditions session_id = e1a90fd4bf8874ee6b9ce6a6e691c33d
18:46:09 mato007 Mattias Torbiörnson UPDATING data to tables `time2vie_cirruscommon`.`secondary_login` fields ( error ) values (0) on conditions username = mato007 AND company_id = 20
18:46:09 mato007 Mattias Torbiörnson INSERTING data into tables `log_login` fields ( username, ip, browser ) values ( mato007, 94.103.194.75, CirrusM/3 CFNetwork/978.0.7 Darwin/18.6.0 ) => {inserted_id = 2117}
18:46:09 mato007 Mattias Torbiörnson DELETE data from tables `temp_session` on conditions username LIKE mato007
18:46:09 mato007 Mattias Torbiörnson UPDATING data to tables `time2vie_cirruscommon`.`login` fields ( login, last_time ) values (1, 2019-07-05 18:46:09) on conditions username = mato007
18:46:09 mato007 Mattias Torbiörnson UPDATING data to tables `time2vie_cirruscommon`.`secondary_login` fields ( last_login_time ) values (2019-07-05 18:46:09) on conditions username = mato007 AND company_id = 20
18:46:09 mato007 Mattias Torbiörnson UPDATING data to tables `time2vie_cirruscommon`.`push_notify_tokens` fields ( user_id, updated_date, error ) values (mato007, 2019-07-05 18:46:09, 0) on conditions fcm_token = er2Ysp_XVPI:APA91bF7oz4TlPjnv2Ft_y0JVWwwQMprxP9e8Bjdjm-Fdzn4JCdLORhkOAVh_lf4_tX-_A4dqDnPyj5151jp0ZGxIsLFLua_p_bomblhJryTBY_ElwLbSzBNHyuQdZ5dH9-VqFp9tc7a AND device_id = 0E77902D-FC69-4F3F-9F41-A3BD80129544 #Mobile-App: Log-id=2117
19:26:15 thgu002 Therese Gustafsson UPDATING data to tables `time2vie_cirruscommon`.`secondary_login` fields ( error ) values (0) on conditions username = thgu002 AND company_id = 20
19:26:15 thgu002 Therese Gustafsson INSERTING data into tables `log_login` fields ( username, ip, browser ) values ( thgu002, 94.191.128.145, okhttp/3.9.1 ) => {inserted_id = 2118}
19:26:15 thgu002 Therese Gustafsson DELETE data from tables `temp_session` on conditions username LIKE thgu002
19:26:16 thgu002 Therese Gustafsson UPDATING data to tables `time2vie_cirruscommon`.`login` fields ( login, last_time ) values (1, 2019-07-05 19:26:15) on conditions username = thgu002
19:26:16 thgu002 Therese Gustafsson UPDATING data to tables `time2vie_cirruscommon`.`secondary_login` fields ( last_login_time ) values (2019-07-05 19:26:15) on conditions username = thgu002 AND company_id = 20
21:00:04 mibr004 Mikaela Braun INSERTING data into tables `log_login` fields ( username, ip, browser ) values ( mibr004, 155.4.220.147, Mozilla/5.0 (iPhone; CPU iPhone OS 12_3_1 like Mac OS X) AppleWebKit/605.1.15 (KHTML, like Gecko) Version/12.1.1 Mobile/15E148 Safari/604.1 ) => {inserted_id = 2119}
21:00:04 mibr004 Mikaela Braun DELETE data from tables `temp_session` on conditions username LIKE mibr004
21:00:04 mibr004 Mikaela Braun UPDATING data to tables `time2vie_cirruscommon`.`login` fields ( login, last_time ) values (1, 2019-07-05 21:00:04) on conditions username = mibr004
21:00:04 mibr004 Mikaela Braun UPDATING data to tables `time2vie_cirruscommon`.`secondary_login` fields ( last_login_time ) values (2019-07-05 21:00:04) on conditions username = mibr004 AND company_id = 20
21:00:05 mibr004 Mikaela Braun UPDATING data to tables `time2vie_cirruscommon`.`ws_sessions` fields ( user_id ) values (mibr004) on conditions session_id = b8331dd9704741a249708faddfe123f3
21:01:50 mibr004 Mikaela Braun INSERTING data into tables `log_login` fields ( username, ip, browser ) values ( mibr004, 155.4.220.147, Mozilla/5.0 (iPhone; CPU iPhone OS 12_3_1 like Mac OS X) AppleWebKit/605.1.15 (KHTML, like Gecko) Version/12.1.1 Mobile/15E148 Safari/604.1 ) => {inserted_id = 2120}
21:01:50 mibr004 Mikaela Braun DELETE data from tables `temp_session` on conditions username LIKE mibr004
21:01:50 mibr004 Mikaela Braun UPDATING data to tables `time2vie_cirruscommon`.`login` fields ( login, last_time ) values (1, 2019-07-05 21:01:50) on conditions username = mibr004
21:01:50 mibr004 Mikaela Braun UPDATING data to tables `time2vie_cirruscommon`.`secondary_login` fields ( last_login_time ) values (2019-07-05 21:01:50) on conditions username = mibr004 AND company_id = 20
21:01:51 mibr004 Mikaela Braun UPDATING data to tables `time2vie_cirruscommon`.`ws_sessions` fields ( user_id ) values (mibr004) on conditions session_id = b8331dd9704741a249708faddfe123f3
22:36:03 anka019 Anna Kawalya Westerberg INSERTING data into tables `log_login` fields ( username, ip, browser ) values ( anka019, 217.215.236.177, Mozilla/5.0 (iPhone; CPU iPhone OS 12_1_4 like Mac OS X) AppleWebKit/605.1.15 (KHTML, like Gecko) Version/12.0 Mobile/15E148 Safari/604.1 ) => {inserted_id = 2121}
22:36:03 anka019 Anna Kawalya Westerberg DELETE data from tables `temp_session` on conditions username LIKE anka019
22:36:03 anka019 Anna Kawalya Westerberg UPDATING data to tables `time2vie_cirruscommon`.`login` fields ( login, last_time ) values (1, 2019-07-05 22:36:03) on conditions username = anka019
22:36:03 anka019 Anna Kawalya Westerberg UPDATING data to tables `time2vie_cirruscommon`.`secondary_login` fields ( last_login_time ) values (2019-07-05 22:36:03) on conditions username = anka019 AND company_id = 20
22:36:04 anka019 Anna Kawalya Westerberg UPDATING data to tables `time2vie_cirruscommon`.`ws_sessions` fields ( user_id ) values (anka019) on conditions session_id = df5fbb8d02ede9864c474869639ede8e
