07:59:13 cagu001 Carina Gustafsson UPDATING data to tables `time2vie_cirruscommon`.`secondary_login` fields ( error ) values (0) on conditions username = cagu001 AND company_id = 20
07:59:13 cagu001 Carina Gustafsson INSERTING data into tables `log_login` fields ( username, ip, browser ) values ( cagu001, 83.209.27.1, okhttp/3.9.1 ) => {inserted_id = 3188}
07:59:13 cagu001 Carina Gustafsson DELETE data from tables `temp_session` on conditions username LIKE cagu001
07:59:13 cagu001 Carina Gustafsson UPDATING data to tables `time2vie_cirruscommon`.`login` fields ( login, last_time ) values (1, 2019-08-25 07:59:13) on conditions username = cagu001
07:59:13 cagu001 Carina Gustafsson UPDATING data to tables `time2vie_cirruscommon`.`secondary_login` fields ( last_login_time ) values (2019-08-25 07:59:13) on conditions username = cagu001 AND company_id = 20
08:33:17 hejo003 Helen Jörnås UPDATING data to tables `time2vie_cirruscommon`.`secondary_login` fields ( error ) values (0) on conditions username = hejo003 AND company_id = 20
08:33:17 hejo003 Helen Jörnås INSERTING data into tables `log_login` fields ( username, ip, browser ) values ( hejo003, 90.224.82.244, okhttp/3.9.1 ) => {inserted_id = 3189}
08:33:17 hejo003 Helen Jörnås DELETE data from tables `temp_session` on conditions username LIKE hejo003
08:33:17 hejo003 Helen Jörnås UPDATING data to tables `time2vie_cirruscommon`.`login` fields ( login, last_time ) values (1, 2019-08-25 08:33:17) on conditions username = hejo003
08:33:17 hejo003 Helen Jörnås UPDATING data to tables `time2vie_cirruscommon`.`secondary_login` fields ( last_login_time ) values (2019-08-25 08:33:17) on conditions username = hejo003 AND company_id = 20
08:50:44 hejo003 Helen Jörnås UPDATING data to tables `time2vie_cirruscommon`.`secondary_login` fields ( error ) values (0) on conditions username = hejo003 AND company_id = 20 #Mobile-App: Log-id=3189
08:50:45 hejo003 Helen Jörnås INSERTING data into tables `log_login` fields ( username, ip, browser ) values ( hejo003, 90.224.82.244, okhttp/3.9.1 ) => {inserted_id = 3190} #Mobile-App: Log-id=3189
08:50:45 hejo003 Helen Jörnås DELETE data from tables `temp_session` on conditions username LIKE hejo003 #Mobile-App: Log-id=3190
08:50:45 hejo003 Helen Jörnås UPDATING data to tables `time2vie_cirruscommon`.`login` fields ( login, last_time ) values (1, 2019-08-25 08:50:45) on conditions username = hejo003 #Mobile-App: Log-id=3190
08:50:45 hejo003 Helen Jörnås UPDATING data to tables `time2vie_cirruscommon`.`secondary_login` fields ( last_login_time ) values (2019-08-25 08:50:45) on conditions username = hejo003 AND company_id = 20 #Mobile-App: Log-id=3190
09:57:51 elbe006 Elin Berntsson UPDATING data to tables `time2vie_cirruscommon`.`secondary_login` fields ( error ) values (0) on conditions username = elbe006 AND company_id = 20
09:57:51 elbe006 Elin Berntsson INSERTING data into tables `log_login` fields ( username, ip, browser ) values ( elbe006, 185.27.164.39, okhttp/3.9.1 ) => {inserted_id = 3191}
09:57:51 elbe006 Elin Berntsson DELETE data from tables `temp_session` on conditions username LIKE elbe006
09:57:51 elbe006 Elin Berntsson UPDATING data to tables `time2vie_cirruscommon`.`login` fields ( login, last_time ) values (1, 2019-08-25 09:57:51) on conditions username = elbe006
09:57:51 elbe006 Elin Berntsson UPDATING data to tables `time2vie_cirruscommon`.`secondary_login` fields ( last_login_time ) values (2019-08-25 09:57:51) on conditions username = elbe006 AND company_id = 20
10:44:42 gaan001 Gabriel Andersson UPDATING data to tables `time2vie_cirruscommon`.`secondary_login` fields ( error ) values (0) on conditions username = gaan001 AND company_id = 20
10:44:43 gaan001 Gabriel Andersson INSERTING data into tables `log_login` fields ( username, ip, browser ) values ( gaan001, 94.103.194.75, CirrusM/3 CFNetwork/978.0.7 Darwin/18.6.0 ) => {inserted_id = 3192}
10:44:43 gaan001 Gabriel Andersson DELETE data from tables `temp_session` on conditions username LIKE gaan001
10:44:43 gaan001 Gabriel Andersson UPDATING data to tables `time2vie_cirruscommon`.`login` fields ( login, last_time ) values (1, 2019-08-25 10:44:43) on conditions username = gaan001
10:44:43 gaan001 Gabriel Andersson UPDATING data to tables `time2vie_cirruscommon`.`secondary_login` fields ( last_login_time ) values (2019-08-25 10:44:43) on conditions username = gaan001 AND company_id = 20
10:44:43 gaan001 Gabriel Andersson UPDATING data to tables `time2vie_cirruscommon`.`push_notify_tokens` fields ( user_id, updated_date, error ) values (gaan001, 2019-08-25 10:44:43, 0) on conditions fcm_token = e51KWK9giv8:APA91bGHMno1HPtH6vgtvvNaxonNc-Bkvswgm2aT4OLq90CDlFw9H2dIl7Li18JiNkP-7pUOuc6Xu8RcoS51Ilqi8H-pAIQ3wxAPozVZ-o4Xh8AcIjJdCzDdKjcmheiVAB_gYeBo2P0d AND device_id = 2639B8CA-61CF-4C5F-AF35-FA532A697892 #Mobile-App: Log-id=3192
13:44:47 lawa002 Lars Wåhlander UPDATING data to tables `time2vie_cirruscommon`.`secondary_login` fields ( error ) values (0) on conditions username = lawa002 AND company_id = 20
13:44:47 lawa002 Lars Wåhlander INSERTING data into tables `log_login` fields ( username, ip, browser ) values ( lawa002, 185.27.165.66, Time2View/1 CFNetwork/978.0.7 Darwin/18.7.0 ) => {inserted_id = 3193}
13:44:47 lawa002 Lars Wåhlander DELETE data from tables `temp_session` on conditions username LIKE lawa002
13:44:47 lawa002 Lars Wåhlander UPDATING data to tables `time2vie_cirruscommon`.`login` fields ( login, last_time ) values (1, 2019-08-25 13:44:47) on conditions username = lawa002
13:44:47 lawa002 Lars Wåhlander UPDATING data to tables `time2vie_cirruscommon`.`secondary_login` fields ( last_login_time ) values (2019-08-25 13:44:47) on conditions username = lawa002 AND company_id = 20
13:57:11 idah001 Ida-Caroline Ahnström UPDATING data to tables `time2vie_cirruscommon`.`secondary_login` fields ( error ) values (0) on conditions username = idah001 AND company_id = 20
13:57:11 idah001 Ida-Caroline Ahnström INSERTING data into tables `log_login` fields ( username, ip, browser ) values ( idah001, 94.234.54.215, Time2View/1 CFNetwork/897.15 Darwin/17.5.0 ) => {inserted_id = 3194}
13:57:11 idah001 Ida-Caroline Ahnström DELETE data from tables `temp_session` on conditions username LIKE idah001
13:57:11 idah001 Ida-Caroline Ahnström UPDATING data to tables `time2vie_cirruscommon`.`login` fields ( login, last_time ) values (1, 2019-08-25 13:57:11) on conditions username = idah001
13:57:11 idah001 Ida-Caroline Ahnström UPDATING data to tables `time2vie_cirruscommon`.`secondary_login` fields ( last_login_time ) values (2019-08-25 13:57:11) on conditions username = idah001 AND company_id = 20
15:34:17 biwa003 Birgitta Wåhlander INSERTING data into tables `log_login` fields ( username, ip, browser ) values ( biwa003, 185.27.165.66, Mozilla/5.0 (Windows NT 6.1; Win64; x64) AppleWebKit/537.36 (KHTML, like Gecko) Chrome/76.0.3809.100 Safari/537.36 ) => {inserted_id = 3195}
15:34:17 biwa003 Birgitta Wåhlander DELETE data from tables `temp_session` on conditions username LIKE biwa003
15:34:17 biwa003 Birgitta Wåhlander UPDATING data to tables `time2vie_cirruscommon`.`login` fields ( login, last_time ) values (1, 2019-08-25 15:34:17) on conditions username = biwa003
15:34:17 biwa003 Birgitta Wåhlander UPDATING data to tables `time2vie_cirruscommon`.`secondary_login` fields ( last_login_time ) values (2019-08-25 15:34:17) on conditions username = biwa003 AND company_id = 20
15:34:18 biwa003 Birgitta Wåhlander UPDATING data to tables `time2vie_cirruscommon`.`ws_sessions` fields ( user_id ) values (biwa003) on conditions session_id = 89e2460764bf47f85996f63064e2219e
15:34:52 biwa003 Birgitta Wåhlander UPDATING data to tables `timetable` fields ( status ) values (2) on conditions id = 873
15:34:52 biwa003 Birgitta Wåhlander INSERTING data into tables `timetable` fields ( customer, date, time_from, time_to, type, fkkn, comment, alloc_emp, relation_id, employee, status ) values ( chwa001, 2019-08-26, 10.30, 18.30, 0, 1, , biwa003, 873, lawa002, 1 ) => {inserted_id = 4649}
15:34:52 biwa003 Birgitta Wåhlander INSERTING data into tables `leave` fields ( group_id, employee, date, time_from, time_to, type, comment, appr_emp, status, no_pay ) values ( 356, idah001, 2019-08-26, 10.3, 18.3, 3, , biwa003, 1, 0 ) => {inserted_id = 679}
15:36:13 biwa003 Birgitta Wåhlander UPDATING data to tables `timetable` fields ( status ) values (2) on conditions id = 3528
15:36:13 biwa003 Birgitta Wåhlander INSERTING data into tables `timetable` fields ( customer, date, time_from, time_to, type, fkkn, comment, alloc_emp, relation_id, status ) values ( chwa001, 2019-08-28, 11.15, 13.15, 7, 1, , biwa003, 3528, 0 ) => {inserted_id = 4650}
15:36:13 biwa003 Birgitta Wåhlander INSERTING data into tables `leave` fields ( group_id, employee, date, time_from, time_to, type, comment, appr_emp, status, no_pay ) values ( 357, idah001, 2019-08-28, 11.15, 13.15, 3, , biwa003, 1, 0 ) => {inserted_id = 680}
15:36:26 biwa003 Birgitta Wåhlander DELETE data from tables `timetable` on conditions id = 4650
15:36:33 biwa003 Birgitta Wåhlander UPDATING data to tables `time2vie_cirruscommon`.`ws_sessions` fields ( user_id ) values (biwa003) on conditions session_id = 89e2460764bf47f85996f63064e2219e
15:58:20 liha009 Linnéa Handin UPDATING data to tables `time2vie_cirruscommon`.`secondary_login` fields ( error ) values (0) on conditions username = liha009 AND company_id = 20
15:58:20 liha009 Linnéa Handin INSERTING data into tables `log_login` fields ( username, ip, browser ) values ( liha009, 78.69.73.236, Time2View/1 CFNetwork/978.0.7 Darwin/18.7.0 ) => {inserted_id = 3196}
15:58:20 liha009 Linnéa Handin DELETE data from tables `temp_session` on conditions username LIKE liha009
15:58:20 liha009 Linnéa Handin UPDATING data to tables `time2vie_cirruscommon`.`login` fields ( login, last_time ) values (1, 2019-08-25 15:58:20) on conditions username = liha009
15:58:20 liha009 Linnéa Handin UPDATING data to tables `time2vie_cirruscommon`.`secondary_login` fields ( last_login_time ) values (2019-08-25 15:58:20) on conditions username = liha009 AND company_id = 20
16:02:29 biwa003 Birgitta Wåhlander INSERTING data into tables `log_login` fields ( username, ip, browser ) values ( biwa003, 185.27.165.66, Mozilla/5.0 (iPad; CPU OS 10_3_3 like Mac OS X) AppleWebKit/603.1.30 (KHTML, like Gecko) CriOS/71.0.3578.89 Mobile/14G60 Safari/602.1 ) => {inserted_id = 3197}
16:02:29 biwa003 Birgitta Wåhlander DELETE data from tables `temp_session` on conditions username LIKE biwa003
16:02:29 biwa003 Birgitta Wåhlander UPDATING data to tables `time2vie_cirruscommon`.`login` fields ( login, last_time ) values (1, 2019-08-25 16:02:29) on conditions username = biwa003
16:02:29 biwa003 Birgitta Wåhlander UPDATING data to tables `time2vie_cirruscommon`.`secondary_login` fields ( last_login_time ) values (2019-08-25 16:02:29) on conditions username = biwa003 AND company_id = 20
16:02:29 biwa003 Birgitta Wåhlander UPDATING data to tables `time2vie_cirruscommon`.`ws_sessions` fields ( user_id ) values (biwa003) on conditions session_id = 4256328c1c2cf321fbf7d99f5242e19a
16:51:07 hejo003 Helen Jörnås UPDATING data to tables `time2vie_cirruscommon`.`secondary_login` fields ( error ) values (0) on conditions username = hejo003 AND company_id = 20
16:51:07 hejo003 Helen Jörnås INSERTING data into tables `log_login` fields ( username, ip, browser ) values ( hejo003, 90.224.82.244, okhttp/3.9.1 ) => {inserted_id = 3198}
16:51:07 hejo003 Helen Jörnås DELETE data from tables `temp_session` on conditions username LIKE hejo003
16:51:07 hejo003 Helen Jörnås UPDATING data to tables `time2vie_cirruscommon`.`login` fields ( login, last_time ) values (1, 2019-08-25 16:51:07) on conditions username = hejo003
16:51:07 hejo003 Helen Jörnås UPDATING data to tables `time2vie_cirruscommon`.`secondary_login` fields ( last_login_time ) values (2019-08-25 16:51:07) on conditions username = hejo003 AND company_id = 20
16:53:17 hejo003 Helen Jörnås UPDATING data to tables `time2vie_cirruscommon`.`secondary_login` fields ( error ) values (0) on conditions username = hejo003 AND company_id = 20 #Mobile-App: Log-id=3198
16:53:18 hejo003 Helen Jörnås INSERTING data into tables `log_login` fields ( username, ip, browser ) values ( hejo003, 217.214.149.253, okhttp/3.9.1 ) => {inserted_id = 3199} #Mobile-App: Log-id=3198
16:53:18 hejo003 Helen Jörnås DELETE data from tables `temp_session` on conditions username LIKE hejo003 #Mobile-App: Log-id=3199
16:53:18 hejo003 Helen Jörnås UPDATING data to tables `time2vie_cirruscommon`.`login` fields ( login, last_time ) values (1, 2019-08-25 16:53:18) on conditions username = hejo003 #Mobile-App: Log-id=3199
16:53:18 hejo003 Helen Jörnås UPDATING data to tables `time2vie_cirruscommon`.`secondary_login` fields ( last_login_time ) values (2019-08-25 16:53:18) on conditions username = hejo003 AND company_id = 20 #Mobile-App: Log-id=3199
17:05:17 biwa003 Birgitta Wåhlander UPDATING data to tables `time2vie_cirruscommon`.`ws_sessions` fields ( user_id ) values (biwa003) on conditions session_id = 4256328c1c2cf321fbf7d99f5242e19a
17:05:19 biwa003 Birgitta Wåhlander UPDATING data to tables `time2vie_cirruscommon`.`ws_sessions` fields ( user_id ) values (biwa003) on conditions session_id = 4256328c1c2cf321fbf7d99f5242e19a
19:12:11 anka020 Annika Karlsson UPDATING data to tables `time2vie_cirruscommon`.`secondary_login` fields ( error ) values (0) on conditions username = anka020 AND company_id = 20
19:12:11 anka020 Annika Karlsson INSERTING data into tables `log_login` fields ( username, ip, browser ) values ( anka020, 95.199.146.22, okhttp/3.9.1 ) => {inserted_id = 3200}
19:12:11 anka020 Annika Karlsson DELETE data from tables `temp_session` on conditions username LIKE anka020
19:12:11 anka020 Annika Karlsson UPDATING data to tables `time2vie_cirruscommon`.`login` fields ( login, last_time ) values (1, 2019-08-25 19:12:11) on conditions username = anka020
19:12:11 anka020 Annika Karlsson UPDATING data to tables `time2vie_cirruscommon`.`secondary_login` fields ( last_login_time ) values (2019-08-25 19:12:11) on conditions username = anka020 AND company_id = 20
19:40:29 hejo003 Helen Jörnås UPDATING data to tables `time2vie_cirruscommon`.`secondary_login` fields ( error ) values (0) on conditions username = hejo003 AND company_id = 20
19:40:29 hejo003 Helen Jörnås INSERTING data into tables `log_login` fields ( username, ip, browser ) values ( hejo003, 90.224.82.244, okhttp/3.9.1 ) => {inserted_id = 3201}
19:40:29 hejo003 Helen Jörnås DELETE data from tables `temp_session` on conditions username LIKE hejo003
19:40:29 hejo003 Helen Jörnås UPDATING data to tables `time2vie_cirruscommon`.`login` fields ( login, last_time ) values (1, 2019-08-25 19:40:29) on conditions username = hejo003
19:40:29 hejo003 Helen Jörnås UPDATING data to tables `time2vie_cirruscommon`.`secondary_login` fields ( last_login_time ) values (2019-08-25 19:40:29) on conditions username = hejo003 AND company_id = 20
20:15:15 asgr002 Åsa Grimberg UPDATING data to tables `time2vie_cirruscommon`.`secondary_login` fields ( error ) values (0) on conditions username = asgr002 AND company_id = 20
20:15:15 asgr002 Åsa Grimberg INSERTING data into tables `log_login` fields ( username, ip, browser ) values ( asgr002, 78.70.128.102, Time2View/1 CFNetwork/978.0.7 Darwin/18.7.0 ) => {inserted_id = 3202}
20:15:15 asgr002 Åsa Grimberg DELETE data from tables `temp_session` on conditions username LIKE asgr002
20:15:15 asgr002 Åsa Grimberg UPDATING data to tables `time2vie_cirruscommon`.`login` fields ( login, last_time ) values (1, 2019-08-25 20:15:15) on conditions username = asgr002
20:15:15 asgr002 Åsa Grimberg UPDATING data to tables `time2vie_cirruscommon`.`secondary_login` fields ( last_login_time ) values (2019-08-25 20:15:15) on conditions username = asgr002 AND company_id = 20
20:20:58 mibr004 Mikaela Braun INSERTING data into tables `log_login` fields ( username, ip, browser ) values ( mibr004, 155.4.220.147, Mozilla/5.0 (iPhone; CPU iPhone OS 12_3_1 like Mac OS X) AppleWebKit/605.1.15 (KHTML, like Gecko) Version/12.1.1 Mobile/15E148 Safari/604.1 ) => {inserted_id = 3203}
20:20:58 mibr004 Mikaela Braun DELETE data from tables `temp_session` on conditions username LIKE mibr004
20:20:58 mibr004 Mikaela Braun UPDATING data to tables `time2vie_cirruscommon`.`login` fields ( login, last_time ) values (1, 2019-08-25 20:20:58) on conditions username = mibr004
20:20:58 mibr004 Mikaela Braun UPDATING data to tables `time2vie_cirruscommon`.`secondary_login` fields ( last_login_time ) values (2019-08-25 20:20:58) on conditions username = mibr004 AND company_id = 20
20:20:59 mibr004 Mikaela Braun UPDATING data to tables `time2vie_cirruscommon`.`ws_sessions` fields ( user_id ) values (mibr004) on conditions session_id = 23bf14214f9c3287cd8d2e8c1fe5b3de
22:38:18 thca002 Therese Calic UPDATING data to tables `time2vie_cirruscommon`.`secondary_login` fields ( error ) values (0) on conditions username = thca002 AND company_id = 20
22:38:18 thca002 Therese Calic INSERTING data into tables `log_login` fields ( username, ip, browser ) values ( thca002, 217.214.148.245, Time2View/1 CFNetwork/978.0.7 Darwin/18.6.0 ) => {inserted_id = 3204}
22:38:18 thca002 Therese Calic DELETE data from tables `temp_session` on conditions username LIKE thca002
22:38:18 thca002 Therese Calic UPDATING data to tables `time2vie_cirruscommon`.`login` fields ( login, last_time ) values (1, 2019-08-25 22:38:18) on conditions username = thca002
22:38:18 thca002 Therese Calic UPDATING data to tables `time2vie_cirruscommon`.`secondary_login` fields ( last_login_time ) values (2019-08-25 22:38:18) on conditions username = thca002 AND company_id = 20
