07:05:53 idah001 Ida-Caroline Ahnström UPDATING data to tables `time2vie_cirruscommon`.`secondary_login` fields ( error ) values (0) on conditions username = idah001 AND company_id = 20
07:05:53 idah001 Ida-Caroline Ahnström INSERTING data into tables `log_login` fields ( username, ip, browser ) values ( idah001, 94.234.51.196, Time2View/1 CFNetwork/897.15 Darwin/17.5.0 ) => {inserted_id = 5263}
07:05:53 idah001 Ida-Caroline Ahnström DELETE data from tables `temp_session` on conditions username LIKE idah001
07:05:53 idah001 Ida-Caroline Ahnström UPDATING data to tables `time2vie_cirruscommon`.`login` fields ( login, last_time ) values (1, 2019-11-06 07:05:53) on conditions username = idah001
07:05:53 idah001 Ida-Caroline Ahnström UPDATING data to tables `time2vie_cirruscommon`.`secondary_login` fields ( last_login_time ) values (2019-11-06 07:05:53) on conditions username = idah001 AND company_id = 20
07:14:59 mowa002 Monica Walfridsson UPDATING data to tables `time2vie_cirruscommon`.`secondary_login` fields ( error ) values (0) on conditions username = mowa002 AND company_id = 20
07:14:59 mowa002 Monica Walfridsson INSERTING data into tables `log_login` fields ( username, ip, browser ) values ( mowa002, 81.170.178.25, Time2View/1 CFNetwork/978.0.7 Darwin/18.7.0 ) => {inserted_id = 5264}
07:14:59 mowa002 Monica Walfridsson DELETE data from tables `temp_session` on conditions username LIKE mowa002
07:14:59 mowa002 Monica Walfridsson UPDATING data to tables `time2vie_cirruscommon`.`login` fields ( login, last_time ) values (1, 2019-11-06 07:14:59) on conditions username = mowa002
07:14:59 mowa002 Monica Walfridsson UPDATING data to tables `time2vie_cirruscommon`.`secondary_login` fields ( last_login_time ) values (2019-11-06 07:14:59) on conditions username = mowa002 AND company_id = 20
07:16:03 mowa002 Monica Walfridsson UPDATING data to tables `time2vie_cirruscommon`.`secondary_login` fields ( error ) values (0) on conditions username = mowa002 AND company_id = 20
07:16:03 mowa002 Monica Walfridsson INSERTING data into tables `log_login` fields ( username, ip, browser ) values ( mowa002, 81.170.178.25, Time2View/1 CFNetwork/978.0.7 Darwin/18.7.0 ) => {inserted_id = 5265}
07:16:03 mowa002 Monica Walfridsson DELETE data from tables `temp_session` on conditions username LIKE mowa002
07:16:03 mowa002 Monica Walfridsson UPDATING data to tables `time2vie_cirruscommon`.`login` fields ( login, last_time ) values (1, 2019-11-06 07:16:03) on conditions username = mowa002
07:16:03 mowa002 Monica Walfridsson UPDATING data to tables `time2vie_cirruscommon`.`secondary_login` fields ( last_login_time ) values (2019-11-06 07:16:03) on conditions username = mowa002 AND company_id = 20
07:17:11 mowa002 Monica Walfridsson DELETE data from tables `temp_session` on conditions username LIKE mowa002 #Mobile-App: Log-id=5265
07:17:11 mowa002 Monica Walfridsson UPDATING data to tables `time2vie_cirruscommon`.`login` fields ( login, last_time ) values (0, 2019-11-06 07:17:11) on conditions username = mowa002 #Mobile-App: Log-id=5265
07:17:11 mowa002 Monica Walfridsson UPDATING data to tables `time2vie_cirruscommon`.`secondary_login` fields ( last_login_time ) values (2019-11-06 07:17:11) on conditions username = mowa002 AND company_id = 20 #Mobile-App: Log-id=5265
07:27:17 anwa006 Andréas Wallin UPDATING data to tables `time2vie_cirruscommon`.`secondary_login` fields ( error ) values (0) on conditions username = anwa006 AND company_id = 20
07:27:17 anwa006 Andréas Wallin INSERTING data into tables `log_login` fields ( username, ip, browser ) values ( anwa006, 82.196.108.141, okhttp/3.9.1 ) => {inserted_id = 5266}
07:27:17 anwa006 Andréas Wallin DELETE data from tables `temp_session` on conditions username LIKE anwa006
07:27:17 anwa006 Andréas Wallin UPDATING data to tables `time2vie_cirruscommon`.`login` fields ( login, last_time ) values (1, 2019-11-06 07:27:17) on conditions username = anwa006
07:27:17 anwa006 Andréas Wallin UPDATING data to tables `time2vie_cirruscommon`.`secondary_login` fields ( last_login_time ) values (2019-11-06 07:27:17) on conditions username = anwa006 AND company_id = 20
07:28:58 lawa002 Lars Wåhlander UPDATING data to tables `time2vie_cirruscommon`.`secondary_login` fields ( error ) values (0) on conditions username = lawa002 AND company_id = 20
07:28:58 lawa002 Lars Wåhlander INSERTING data into tables `log_login` fields ( username, ip, browser ) values ( lawa002, 185.27.165.66, Time2View/1 CFNetwork/1107.1 Darwin/19.0.0 ) => {inserted_id = 5267}
07:28:58 lawa002 Lars Wåhlander DELETE data from tables `temp_session` on conditions username LIKE lawa002
07:28:58 lawa002 Lars Wåhlander UPDATING data to tables `time2vie_cirruscommon`.`login` fields ( login, last_time ) values (1, 2019-11-06 07:28:58) on conditions username = lawa002
07:28:58 lawa002 Lars Wåhlander UPDATING data to tables `time2vie_cirruscommon`.`secondary_login` fields ( last_login_time ) values (2019-11-06 07:28:58) on conditions username = lawa002 AND company_id = 20
07:40:49 anka019 Anna Kawalya Westerberg INSERTING data into tables `log_login` fields ( username, ip, browser ) values ( anka019, 81.228.189.156, Mozilla/5.0 (iPhone; CPU iPhone OS 12_3_2 like Mac OS X) AppleWebKit/605.1.15 (KHTML, like Gecko) Version/12.1.1 Mobile/15E148 Safari/604.1 ) => {inserted_id = 5268}
07:40:49 anka019 Anna Kawalya Westerberg DELETE data from tables `temp_session` on conditions username LIKE anka019
07:40:49 anka019 Anna Kawalya Westerberg UPDATING data to tables `time2vie_cirruscommon`.`login` fields ( login, last_time ) values (1, 2019-11-06 07:40:49) on conditions username = anka019
07:40:49 anka019 Anna Kawalya Westerberg UPDATING data to tables `time2vie_cirruscommon`.`secondary_login` fields ( last_login_time ) values (2019-11-06 07:40:49) on conditions username = anka019 AND company_id = 20
07:40:49 anka019 Anna Kawalya Westerberg UPDATING data to tables `time2vie_cirruscommon`.`ws_sessions` fields ( user_id ) values (anka019) on conditions session_id = c1930b54a5fd74a20ada7857854ce2b0
07:50:26 time002 Tina Mellgren UPDATING data to tables `time2vie_cirruscommon`.`secondary_login` fields ( error ) values (0) on conditions username = time002 AND company_id = 20
07:50:26 time002 Tina Mellgren INSERTING data into tables `log_login` fields ( username, ip, browser ) values ( time002, 94.234.44.79, Time2View/1 CFNetwork/978.0.7 Darwin/18.7.0 ) => {inserted_id = 5269}
07:50:26 time002 Tina Mellgren DELETE data from tables `temp_session` on conditions username LIKE time002
07:50:26 time002 Tina Mellgren UPDATING data to tables `time2vie_cirruscommon`.`login` fields ( login, last_time ) values (1, 2019-11-06 07:50:26) on conditions username = time002
07:50:26 time002 Tina Mellgren UPDATING data to tables `time2vie_cirruscommon`.`secondary_login` fields ( last_login_time ) values (2019-11-06 07:50:26) on conditions username = time002 AND company_id = 20
08:33:12 hejo003 Helen Jörnås UPDATING data to tables `time2vie_cirruscommon`.`secondary_login` fields ( error ) values (0) on conditions username = hejo003 AND company_id = 20
08:33:12 hejo003 Helen Jörnås INSERTING data into tables `log_login` fields ( username, ip, browser ) values ( hejo003, 90.224.82.244, okhttp/3.9.1 ) => {inserted_id = 5270}
08:33:12 hejo003 Helen Jörnås DELETE data from tables `temp_session` on conditions username LIKE hejo003
08:33:12 hejo003 Helen Jörnås UPDATING data to tables `time2vie_cirruscommon`.`login` fields ( login, last_time ) values (1, 2019-11-06 08:33:12) on conditions username = hejo003
08:33:12 hejo003 Helen Jörnås UPDATING data to tables `time2vie_cirruscommon`.`secondary_login` fields ( last_login_time ) values (2019-11-06 08:33:12) on conditions username = hejo003 AND company_id = 20
08:38:41 hejo003 Helen Jörnås UPDATING data to tables `time2vie_cirruscommon`.`secondary_login` fields ( error ) values (0) on conditions username = hejo003 AND company_id = 20 #Mobile-App: Log-id=5270
08:38:41 hejo003 Helen Jörnås INSERTING data into tables `log_login` fields ( username, ip, browser ) values ( hejo003, 90.224.82.244, okhttp/3.9.1 ) => {inserted_id = 5271} #Mobile-App: Log-id=5270
08:38:41 hejo003 Helen Jörnås DELETE data from tables `temp_session` on conditions username LIKE hejo003 #Mobile-App: Log-id=5271
08:38:41 hejo003 Helen Jörnås UPDATING data to tables `time2vie_cirruscommon`.`login` fields ( login, last_time ) values (1, 2019-11-06 08:38:41) on conditions username = hejo003 #Mobile-App: Log-id=5271
08:38:41 hejo003 Helen Jörnås UPDATING data to tables `time2vie_cirruscommon`.`secondary_login` fields ( last_login_time ) values (2019-11-06 08:38:41) on conditions username = hejo003 AND company_id = 20 #Mobile-App: Log-id=5271
08:57:31 anka019 Anna Kawalya Westerberg UPDATING data to tables `time2vie_cirruscommon`.`secondary_login` fields ( error ) values (0) on conditions username = anka019 AND company_id = 20
08:57:31 anka019 Anna Kawalya Westerberg INSERTING data into tables `log_login` fields ( username, ip, browser ) values ( anka019, 94.234.45.215, Time2View/1 CFNetwork/978.0.7 Darwin/18.6.0 ) => {inserted_id = 5272}
08:57:31 anka019 Anna Kawalya Westerberg DELETE data from tables `temp_session` on conditions username LIKE anka019
08:57:31 anka019 Anna Kawalya Westerberg UPDATING data to tables `time2vie_cirruscommon`.`login` fields ( login, last_time ) values (1, 2019-11-06 08:57:31) on conditions username = anka019
08:57:31 anka019 Anna Kawalya Westerberg UPDATING data to tables `time2vie_cirruscommon`.`secondary_login` fields ( last_login_time ) values (2019-11-06 08:57:31) on conditions username = anka019 AND company_id = 20
08:59:43 thca002 Therese Calic UPDATING data to tables `time2vie_cirruscommon`.`secondary_login` fields ( error ) values (0) on conditions username = thca002 AND company_id = 20
08:59:43 thca002 Therese Calic INSERTING data into tables `log_login` fields ( username, ip, browser ) values ( thca002, 217.214.148.137, Time2View/1 CFNetwork/978.0.7 Darwin/18.6.0 ) => {inserted_id = 5273}
08:59:43 thca002 Therese Calic DELETE data from tables `temp_session` on conditions username LIKE thca002
08:59:43 thca002 Therese Calic UPDATING data to tables `time2vie_cirruscommon`.`login` fields ( login, last_time ) values (1, 2019-11-06 08:59:43) on conditions username = thca002
08:59:43 thca002 Therese Calic UPDATING data to tables `time2vie_cirruscommon`.`secondary_login` fields ( last_login_time ) values (2019-11-06 08:59:43) on conditions username = thca002 AND company_id = 20
09:03:37 cagu001 Carina Gustafsson UPDATING data to tables `time2vie_cirruscommon`.`secondary_login` fields ( error ) values (0) on conditions username = cagu001 AND company_id = 20
09:03:37 cagu001 Carina Gustafsson INSERTING data into tables `log_login` fields ( username, ip, browser ) values ( cagu001, 176.10.245.4, okhttp/3.9.1 ) => {inserted_id = 5274}
09:03:37 cagu001 Carina Gustafsson DELETE data from tables `temp_session` on conditions username LIKE cagu001
09:03:37 cagu001 Carina Gustafsson UPDATING data to tables `time2vie_cirruscommon`.`login` fields ( login, last_time ) values (1, 2019-11-06 09:03:37) on conditions username = cagu001
09:03:37 cagu001 Carina Gustafsson UPDATING data to tables `time2vie_cirruscommon`.`secondary_login` fields ( last_login_time ) values (2019-11-06 09:03:37) on conditions username = cagu001 AND company_id = 20
09:38:08 peka002 Petronella Karlsson UPDATING data to tables `time2vie_cirruscommon`.`secondary_login` fields ( error ) values (0) on conditions username = peka002 AND company_id = 20
09:38:08 peka002 Petronella Karlsson INSERTING data into tables `log_login` fields ( username, ip, browser ) values ( peka002, 94.234.47.187, Time2View/1 CFNetwork/1107.1 Darwin/19.0.0 ) => {inserted_id = 5275}
09:38:08 peka002 Petronella Karlsson DELETE data from tables `temp_session` on conditions username LIKE peka002
09:38:08 peka002 Petronella Karlsson UPDATING data to tables `time2vie_cirruscommon`.`login` fields ( login, last_time ) values (1, 2019-11-06 09:38:08) on conditions username = peka002
09:38:08 peka002 Petronella Karlsson UPDATING data to tables `time2vie_cirruscommon`.`secondary_login` fields ( last_login_time ) values (2019-11-06 09:38:08) on conditions username = peka002 AND company_id = 20
10:07:27 anka019 Anna Kawalya Westerberg INSERTING data into tables `log_login` fields ( username, ip, browser ) values ( anka019, 94.234.45.215, Mozilla/5.0 (iPhone; CPU iPhone OS 12_3_2 like Mac OS X) AppleWebKit/605.1.15 (KHTML, like Gecko) Version/12.1.1 Mobile/15E148 Safari/604.1 ) => {inserted_id = 5276}
10:07:27 anka019 Anna Kawalya Westerberg DELETE data from tables `temp_session` on conditions username LIKE anka019
10:07:27 anka019 Anna Kawalya Westerberg UPDATING data to tables `time2vie_cirruscommon`.`login` fields ( login, last_time ) values (1, 2019-11-06 10:07:27) on conditions username = anka019
10:07:27 anka019 Anna Kawalya Westerberg UPDATING data to tables `time2vie_cirruscommon`.`secondary_login` fields ( last_login_time ) values (2019-11-06 10:07:27) on conditions username = anka019 AND company_id = 20
10:07:28 anka019 Anna Kawalya Westerberg UPDATING data to tables `time2vie_cirruscommon`.`ws_sessions` fields ( user_id ) values (anka019) on conditions session_id = 16216a639397d5a76ab99623d9095e45
10:48:44 biwa003 Birgitta Wåhlander UPDATING data to tables `time2vie_cirruscommon`.`secondary_login` fields ( error ) values (0) on conditions username = biwa003 AND company_id = 20
10:48:44 biwa003 Birgitta Wåhlander INSERTING data into tables `log_login` fields ( username, ip, browser ) values ( biwa003, 185.27.165.66, Time2View/1 CFNetwork/1107.1 Darwin/19.0.0 ) => {inserted_id = 5277}
10:48:44 biwa003 Birgitta Wåhlander DELETE data from tables `temp_session` on conditions username LIKE biwa003
10:48:44 biwa003 Birgitta Wåhlander UPDATING data to tables `time2vie_cirruscommon`.`login` fields ( login, last_time ) values (1, 2019-11-06 10:48:44) on conditions username = biwa003
10:48:44 biwa003 Birgitta Wåhlander UPDATING data to tables `time2vie_cirruscommon`.`secondary_login` fields ( last_login_time ) values (2019-11-06 10:48:44) on conditions username = biwa003 AND company_id = 20
11:11:16 mato007 Mattias Torbiörnson INSERTING data into tables `log_login` fields ( username, ip, browser ) values ( mato007, 94.103.194.75, Mozilla/5.0 (Windows NT 10.0; Win64; x64) AppleWebKit/537.36 (KHTML, like Gecko) Chrome/78.0.3904.70 Safari/537.36 ) => {inserted_id = 5278}
11:11:16 mato007 Mattias Torbiörnson DELETE data from tables `temp_session` on conditions username LIKE mato007
11:11:16 mato007 Mattias Torbiörnson UPDATING data to tables `time2vie_cirruscommon`.`login` fields ( login, last_time ) values (1, 2019-11-06 11:11:16) on conditions username = mato007
11:11:16 mato007 Mattias Torbiörnson UPDATING data to tables `time2vie_cirruscommon`.`secondary_login` fields ( last_login_time ) values (2019-11-06 11:11:16) on conditions username = mato007 AND company_id = 20
11:11:25 mato007 Mattias Torbiörnson INSERTING data into tables `log_login` fields ( username, ip, browser ) values ( mato007, 94.103.194.75, Mozilla/5.0 (Windows NT 10.0; Win64; x64) AppleWebKit/537.36 (KHTML, like Gecko) Chrome/78.0.3904.70 Safari/537.36 ) => {inserted_id = 5279}
11:11:25 mato007 Mattias Torbiörnson DELETE data from tables `temp_session` on conditions username LIKE mato007
11:11:25 mato007 Mattias Torbiörnson UPDATING data to tables `time2vie_cirruscommon`.`login` fields ( login, last_time ) values (1, 2019-11-06 11:11:25) on conditions username = mato007
11:11:25 mato007 Mattias Torbiörnson UPDATING data to tables `time2vie_cirruscommon`.`secondary_login` fields ( last_login_time ) values (2019-11-06 11:11:25) on conditions username = mato007 AND company_id = 20
11:11:25 mato007 Mattias Torbiörnson UPDATING data to tables `time2vie_cirruscommon`.`ws_sessions` fields ( user_id ) values (mato007) on conditions session_id = 41bfcab6596a38850e480d5f42cf0bdf
11:24:13 mato007 Mattias Torbiörnson UPDATING data to tables `time2vie_cirruscommon`.`ws_sessions` fields ( user_id ) values (mato007) on conditions session_id = 41bfcab6596a38850e480d5f42cf0bdf
11:33:54 peka002 Petronella Karlsson UPDATING data to tables `time2vie_cirruscommon`.`secondary_login` fields ( error ) values (0) on conditions username = peka002 AND company_id = 20
11:33:54 peka002 Petronella Karlsson INSERTING data into tables `log_login` fields ( username, ip, browser ) values ( peka002, 83.250.120.173, Time2View/1 CFNetwork/1107.1 Darwin/19.0.0 ) => {inserted_id = 5280}
11:33:54 peka002 Petronella Karlsson DELETE data from tables `temp_session` on conditions username LIKE peka002
11:33:54 peka002 Petronella Karlsson UPDATING data to tables `time2vie_cirruscommon`.`login` fields ( login, last_time ) values (1, 2019-11-06 11:33:54) on conditions username = peka002
11:33:54 peka002 Petronella Karlsson UPDATING data to tables `time2vie_cirruscommon`.`secondary_login` fields ( last_login_time ) values (2019-11-06 11:33:54) on conditions username = peka002 AND company_id = 20
12:14:37 asgr002 Åsa Grimberg UPDATING data to tables `time2vie_cirruscommon`.`secondary_login` fields ( error ) values (0) on conditions username = asgr002 AND company_id = 20
12:14:37 asgr002 Åsa Grimberg INSERTING data into tables `log_login` fields ( username, ip, browser ) values ( asgr002, 94.234.54.147, Time2View/1 CFNetwork/1107.1 Darwin/19.0.0 ) => {inserted_id = 5281}
12:14:37 asgr002 Åsa Grimberg DELETE data from tables `temp_session` on conditions username LIKE asgr002
12:14:37 asgr002 Åsa Grimberg UPDATING data to tables `time2vie_cirruscommon`.`login` fields ( login, last_time ) values (1, 2019-11-06 12:14:37) on conditions username = asgr002
12:14:37 asgr002 Åsa Grimberg UPDATING data to tables `time2vie_cirruscommon`.`secondary_login` fields ( last_login_time ) values (2019-11-06 12:14:37) on conditions username = asgr002 AND company_id = 20
12:14:44 mato007 Mattias Torbiörnson UPDATING data to tables `time2vie_cirruscommon`.`secondary_login` fields ( error ) values (0) on conditions username = mato007 AND company_id = 20
12:14:44 mato007 Mattias Torbiörnson INSERTING data into tables `log_login` fields ( username, ip, browser ) values ( mato007, 94.234.42.201, CirrusM/3 CFNetwork/1120 Darwin/19.0.0 ) => {inserted_id = 5282}
12:14:44 mato007 Mattias Torbiörnson DELETE data from tables `temp_session` on conditions username LIKE mato007
12:14:44 mato007 Mattias Torbiörnson UPDATING data to tables `time2vie_cirruscommon`.`login` fields ( login, last_time ) values (1, 2019-11-06 12:14:44) on conditions username = mato007
12:14:44 mato007 Mattias Torbiörnson UPDATING data to tables `time2vie_cirruscommon`.`secondary_login` fields ( last_login_time ) values (2019-11-06 12:14:44) on conditions username = mato007 AND company_id = 20
12:14:44 mato007 Mattias Torbiörnson UPDATING data to tables `time2vie_cirruscommon`.`push_notify_tokens` fields ( user_id, updated_date, error ) values (mato007, 2019-11-06 12:14:44, 0) on conditions fcm_token = esZGU5oCp54:APA91bFYmkJCWfoBt0Bq_Sy1K93zeiGaWi005hwxA32ajwHpeXt8EsUbhHBXMHV639X1CaFcrYk8bzdi1NZ_JgL2baFFodhmsvqdYlnKZ5bsvW2YwE8I88hucjrjJHI5muJzDgg6nebo AND device_id = BA2992D7-6D60-4D23-A325-582B7301B6CE #Mobile-App: Log-id=5282
12:20:23 biwa003 Birgitta Wåhlander INSERTING data into tables `log_login` fields ( username, ip, browser ) values ( biwa003, 185.27.165.66, Mozilla/5.0 (iPad; CPU OS 13_1 like Mac OS X) AppleWebKit/605.1.15 (KHTML, like Gecko) CriOS/78.0.3904.67 Mobile/15E148 Safari/604.1 ) => {inserted_id = 5283}
12:20:23 biwa003 Birgitta Wåhlander DELETE data from tables `temp_session` on conditions username LIKE biwa003
12:20:23 biwa003 Birgitta Wåhlander UPDATING data to tables `time2vie_cirruscommon`.`login` fields ( login, last_time ) values (1, 2019-11-06 12:20:23) on conditions username = biwa003
12:20:23 biwa003 Birgitta Wåhlander UPDATING data to tables `time2vie_cirruscommon`.`secondary_login` fields ( last_login_time ) values (2019-11-06 12:20:23) on conditions username = biwa003 AND company_id = 20
12:20:24 biwa003 Birgitta Wåhlander UPDATING data to tables `time2vie_cirruscommon`.`ws_sessions` fields ( user_id ) values (biwa003) on conditions session_id = 72b2a60710f5b4baf9e18dcd95b875ad
12:23:50 lawa002 Lars Wåhlander UPDATING data to tables `time2vie_cirruscommon`.`secondary_login` fields ( error ) values (0) on conditions username = lawa002 AND company_id = 20
12:23:50 lawa002 Lars Wåhlander INSERTING data into tables `log_login` fields ( username, ip, browser ) values ( lawa002, 185.27.165.66, Time2View/1 CFNetwork/1107.1 Darwin/19.0.0 ) => {inserted_id = 5284}
12:23:50 lawa002 Lars Wåhlander DELETE data from tables `temp_session` on conditions username LIKE lawa002
12:23:50 lawa002 Lars Wåhlander UPDATING data to tables `time2vie_cirruscommon`.`login` fields ( login, last_time ) values (1, 2019-11-06 12:23:50) on conditions username = lawa002
12:23:50 lawa002 Lars Wåhlander UPDATING data to tables `time2vie_cirruscommon`.`secondary_login` fields ( last_login_time ) values (2019-11-06 12:23:50) on conditions username = lawa002 AND company_id = 20
14:22:51 anka020 Annika Karlsson UPDATING data to tables `time2vie_cirruscommon`.`secondary_login` fields ( error ) values (0) on conditions username = anka020 AND company_id = 20
14:22:51 anka020 Annika Karlsson INSERTING data into tables `log_login` fields ( username, ip, browser ) values ( anka020, 91.233.50.32, okhttp/3.9.1 ) => {inserted_id = 5285}
14:22:51 anka020 Annika Karlsson DELETE data from tables `temp_session` on conditions username LIKE anka020
14:22:51 anka020 Annika Karlsson UPDATING data to tables `time2vie_cirruscommon`.`login` fields ( login, last_time ) values (1, 2019-11-06 14:22:51) on conditions username = anka020
14:22:51 anka020 Annika Karlsson UPDATING data to tables `time2vie_cirruscommon`.`secondary_login` fields ( last_login_time ) values (2019-11-06 14:22:51) on conditions username = anka020 AND company_id = 20
14:28:55 hejo003 Helen Jörnås UPDATING data to tables `time2vie_cirruscommon`.`secondary_login` fields ( error ) values (0) on conditions username = hejo003 AND company_id = 20
14:28:55 hejo003 Helen Jörnås INSERTING data into tables `log_login` fields ( username, ip, browser ) values ( hejo003, 90.224.82.244, okhttp/3.9.1 ) => {inserted_id = 5286}
14:28:55 hejo003 Helen Jörnås DELETE data from tables `temp_session` on conditions username LIKE hejo003
14:28:55 hejo003 Helen Jörnås UPDATING data to tables `time2vie_cirruscommon`.`login` fields ( login, last_time ) values (1, 2019-11-06 14:28:55) on conditions username = hejo003
14:28:55 hejo003 Helen Jörnås UPDATING data to tables `time2vie_cirruscommon`.`secondary_login` fields ( last_login_time ) values (2019-11-06 14:28:55) on conditions username = hejo003 AND company_id = 20
15:08:54 hejo003 Helen Jörnås UPDATING data to tables `time2vie_cirruscommon`.`secondary_login` fields ( error ) values (0) on conditions username = hejo003 AND company_id = 20
15:08:54 hejo003 Helen Jörnås INSERTING data into tables `log_login` fields ( username, ip, browser ) values ( hejo003, 90.224.82.244, okhttp/3.9.1 ) => {inserted_id = 5287}
15:08:54 hejo003 Helen Jörnås DELETE data from tables `temp_session` on conditions username LIKE hejo003
15:08:54 hejo003 Helen Jörnås UPDATING data to tables `time2vie_cirruscommon`.`login` fields ( login, last_time ) values (1, 2019-11-06 15:08:54) on conditions username = hejo003
15:08:54 hejo003 Helen Jörnås UPDATING data to tables `time2vie_cirruscommon`.`secondary_login` fields ( last_login_time ) values (2019-11-06 15:08:54) on conditions username = hejo003 AND company_id = 20
15:51:58 mato007 Mattias Torbiörnson INSERTING data into tables `log_login` fields ( username, ip, browser ) values ( mato007, 94.103.194.75, Mozilla/5.0 (Windows NT 10.0; Win64; x64) AppleWebKit/537.36 (KHTML, like Gecko) Chrome/78.0.3904.87 Safari/537.36 ) => {inserted_id = 5288}
15:51:58 mato007 Mattias Torbiörnson DELETE data from tables `temp_session` on conditions username LIKE mato007
15:51:58 mato007 Mattias Torbiörnson UPDATING data to tables `time2vie_cirruscommon`.`login` fields ( login, last_time ) values (1, 2019-11-06 15:51:58) on conditions username = mato007
15:51:59 mato007 Mattias Torbiörnson UPDATING data to tables `time2vie_cirruscommon`.`secondary_login` fields ( last_login_time ) values (2019-11-06 15:51:58) on conditions username = mato007 AND company_id = 20
15:52:08 mato007 Mattias Torbiörnson INSERTING data into tables `log_login` fields ( username, ip, browser ) values ( mato007, 94.103.194.75, Mozilla/5.0 (Windows NT 10.0; Win64; x64) AppleWebKit/537.36 (KHTML, like Gecko) Chrome/78.0.3904.87 Safari/537.36 ) => {inserted_id = 5289}
15:52:08 mato007 Mattias Torbiörnson DELETE data from tables `temp_session` on conditions username LIKE mato007
15:52:08 mato007 Mattias Torbiörnson UPDATING data to tables `time2vie_cirruscommon`.`login` fields ( login, last_time ) values (1, 2019-11-06 15:52:08) on conditions username = mato007
15:52:08 mato007 Mattias Torbiörnson UPDATING data to tables `time2vie_cirruscommon`.`secondary_login` fields ( last_login_time ) values (2019-11-06 15:52:08) on conditions username = mato007 AND company_id = 20
15:52:08 mato007 Mattias Torbiörnson UPDATING data to tables `time2vie_cirruscommon`.`ws_sessions` fields ( user_id ) values (mato007) on conditions session_id = 41bfcab6596a38850e480d5f42cf0bdf
15:52:42 cagu001 Carina Gustafsson UPDATING data to tables `time2vie_cirruscommon`.`secondary_login` fields ( error ) values (0) on conditions username = cagu001 AND company_id = 20
15:52:42 cagu001 Carina Gustafsson INSERTING data into tables `log_login` fields ( username, ip, browser ) values ( cagu001, 83.185.81.18, okhttp/3.9.1 ) => {inserted_id = 5290}
15:52:42 cagu001 Carina Gustafsson DELETE data from tables `temp_session` on conditions username LIKE cagu001
15:52:42 cagu001 Carina Gustafsson UPDATING data to tables `time2vie_cirruscommon`.`login` fields ( login, last_time ) values (1, 2019-11-06 15:52:42) on conditions username = cagu001
15:52:42 cagu001 Carina Gustafsson UPDATING data to tables `time2vie_cirruscommon`.`secondary_login` fields ( last_login_time ) values (2019-11-06 15:52:42) on conditions username = cagu001 AND company_id = 20
16:12:29 anka020 Annika Karlsson UPDATING data to tables `time2vie_cirruscommon`.`secondary_login` fields ( error ) values (0) on conditions username = anka020 AND company_id = 20
16:12:29 anka020 Annika Karlsson INSERTING data into tables `log_login` fields ( username, ip, browser ) values ( anka020, 95.199.3.95, okhttp/3.9.1 ) => {inserted_id = 5291}
16:12:29 anka020 Annika Karlsson DELETE data from tables `temp_session` on conditions username LIKE anka020
16:12:29 anka020 Annika Karlsson UPDATING data to tables `time2vie_cirruscommon`.`login` fields ( login, last_time ) values (1, 2019-11-06 16:12:29) on conditions username = anka020
16:12:29 anka020 Annika Karlsson UPDATING data to tables `time2vie_cirruscommon`.`secondary_login` fields ( last_login_time ) values (2019-11-06 16:12:29) on conditions username = anka020 AND company_id = 20
17:08:19 anka019 Anna Kawalya Westerberg INSERTING data into tables `log_login` fields ( username, ip, browser ) values ( anka019, 81.228.189.156, Mozilla/5.0 (iPhone; CPU iPhone OS 12_3_2 like Mac OS X) AppleWebKit/605.1.15 (KHTML, like Gecko) Version/12.1.1 Mobile/15E148 Safari/604.1 ) => {inserted_id = 5292}
17:08:19 anka019 Anna Kawalya Westerberg DELETE data from tables `temp_session` on conditions username LIKE anka019
17:08:19 anka019 Anna Kawalya Westerberg UPDATING data to tables `time2vie_cirruscommon`.`login` fields ( login, last_time ) values (1, 2019-11-06 17:08:19) on conditions username = anka019
17:08:19 anka019 Anna Kawalya Westerberg UPDATING data to tables `time2vie_cirruscommon`.`secondary_login` fields ( last_login_time ) values (2019-11-06 17:08:19) on conditions username = anka019 AND company_id = 20
17:08:19 anka019 Anna Kawalya Westerberg UPDATING data to tables `time2vie_cirruscommon`.`ws_sessions` fields ( user_id ) values (anka019) on conditions session_id = 29fd7d530abb57f33f4fa566cb089562
17:20:54 peka002 Petronella Karlsson UPDATING data to tables `time2vie_cirruscommon`.`secondary_login` fields ( error ) values (0) on conditions username = peka002 AND company_id = 20
17:20:54 peka002 Petronella Karlsson INSERTING data into tables `log_login` fields ( username, ip, browser ) values ( peka002, 83.250.120.173, Time2View/1 CFNetwork/1107.1 Darwin/19.0.0 ) => {inserted_id = 5293}
17:20:54 peka002 Petronella Karlsson DELETE data from tables `temp_session` on conditions username LIKE peka002
17:20:54 peka002 Petronella Karlsson UPDATING data to tables `time2vie_cirruscommon`.`login` fields ( login, last_time ) values (1, 2019-11-06 17:20:54) on conditions username = peka002
17:20:54 peka002 Petronella Karlsson UPDATING data to tables `time2vie_cirruscommon`.`secondary_login` fields ( last_login_time ) values (2019-11-06 17:20:54) on conditions username = peka002 AND company_id = 20
19:04:44 idah001 Ida-Caroline Ahnström UPDATING data to tables `time2vie_cirruscommon`.`secondary_login` fields ( error ) values (0) on conditions username = idah001 AND company_id = 20
19:04:44 idah001 Ida-Caroline Ahnström INSERTING data into tables `log_login` fields ( username, ip, browser ) values ( idah001, 85.195.13.191, Time2View/1 CFNetwork/897.15 Darwin/17.5.0 ) => {inserted_id = 5294}
19:04:44 idah001 Ida-Caroline Ahnström DELETE data from tables `temp_session` on conditions username LIKE idah001
19:04:44 idah001 Ida-Caroline Ahnström UPDATING data to tables `time2vie_cirruscommon`.`login` fields ( login, last_time ) values (1, 2019-11-06 19:04:44) on conditions username = idah001
19:04:44 idah001 Ida-Caroline Ahnström UPDATING data to tables `time2vie_cirruscommon`.`secondary_login` fields ( last_login_time ) values (2019-11-06 19:04:44) on conditions username = idah001 AND company_id = 20
19:04:58 idah001 Ida-Caroline Ahnström UPDATING data to tables `mc_note` fields ( read_users ) values (biwa003,lawa002,mato007,gaan001,anka019,idah001) on conditions note_id = 15 #Mobile-App: Log-id=5294
19:20:09 peka002 Petronella Karlsson UPDATING data to tables `time2vie_cirruscommon`.`secondary_login` fields ( error ) values (0) on conditions username = peka002 AND company_id = 20
19:20:09 peka002 Petronella Karlsson INSERTING data into tables `log_login` fields ( username, ip, browser ) values ( peka002, 94.234.50.114, Time2View/1 CFNetwork/1107.1 Darwin/19.0.0 ) => {inserted_id = 5295}
19:20:09 peka002 Petronella Karlsson DELETE data from tables `temp_session` on conditions username LIKE peka002
19:20:09 peka002 Petronella Karlsson UPDATING data to tables `time2vie_cirruscommon`.`login` fields ( login, last_time ) values (1, 2019-11-06 19:20:09) on conditions username = peka002
19:20:09 peka002 Petronella Karlsson UPDATING data to tables `time2vie_cirruscommon`.`secondary_login` fields ( last_login_time ) values (2019-11-06 19:20:09) on conditions username = peka002 AND company_id = 20
19:44:38 anwa006 Andréas Wallin UPDATING data to tables `time2vie_cirruscommon`.`secondary_login` fields ( error ) values (0) on conditions username = anwa006 AND company_id = 20
19:44:38 anwa006 Andréas Wallin INSERTING data into tables `log_login` fields ( username, ip, browser ) values ( anwa006, 82.196.108.141, okhttp/3.9.1 ) => {inserted_id = 5296}
19:44:38 anwa006 Andréas Wallin DELETE data from tables `temp_session` on conditions username LIKE anwa006
19:44:38 anwa006 Andréas Wallin UPDATING data to tables `time2vie_cirruscommon`.`login` fields ( login, last_time ) values (1, 2019-11-06 19:44:38) on conditions username = anwa006
19:44:38 anwa006 Andréas Wallin UPDATING data to tables `time2vie_cirruscommon`.`secondary_login` fields ( last_login_time ) values (2019-11-06 19:44:38) on conditions username = anwa006 AND company_id = 20
20:29:06 thca002 Therese Calic UPDATING data to tables `time2vie_cirruscommon`.`secondary_login` fields ( error ) values (0) on conditions username = thca002 AND company_id = 20
20:29:06 thca002 Therese Calic INSERTING data into tables `log_login` fields ( username, ip, browser ) values ( thca002, 217.214.148.137, Time2View/1 CFNetwork/978.0.7 Darwin/18.6.0 ) => {inserted_id = 5297}
20:29:06 thca002 Therese Calic DELETE data from tables `temp_session` on conditions username LIKE thca002
20:29:06 thca002 Therese Calic UPDATING data to tables `time2vie_cirruscommon`.`login` fields ( login, last_time ) values (1, 2019-11-06 20:29:06) on conditions username = thca002
20:29:06 thca002 Therese Calic UPDATING data to tables `time2vie_cirruscommon`.`secondary_login` fields ( last_login_time ) values (2019-11-06 20:29:06) on conditions username = thca002 AND company_id = 20
21:32:58 hejo003 Helen Jörnås UPDATING data to tables `time2vie_cirruscommon`.`secondary_login` fields ( error ) values (0) on conditions username = hejo003 AND company_id = 20
21:32:58 hejo003 Helen Jörnås INSERTING data into tables `log_login` fields ( username, ip, browser ) values ( hejo003, 185.27.164.39, okhttp/3.9.1 ) => {inserted_id = 5298}
21:32:58 hejo003 Helen Jörnås DELETE data from tables `temp_session` on conditions username LIKE hejo003
21:32:58 hejo003 Helen Jörnås UPDATING data to tables `time2vie_cirruscommon`.`login` fields ( login, last_time ) values (1, 2019-11-06 21:32:58) on conditions username = hejo003
21:32:58 hejo003 Helen Jörnås UPDATING data to tables `time2vie_cirruscommon`.`secondary_login` fields ( last_login_time ) values (2019-11-06 21:32:58) on conditions username = hejo003 AND company_id = 20
00:16:14 asgr002 Åsa Grimberg UPDATING data to tables `time2vie_cirruscommon`.`secondary_login` fields ( error ) values (0) on conditions username = asgr002 AND company_id = 20
00:16:14 asgr002 Åsa Grimberg INSERTING data into tables `log_login` fields ( username, ip, browser ) values ( asgr002, 78.70.128.102, Time2View/1 CFNetwork/1107.1 Darwin/19.0.0 ) => {inserted_id = 5299}
00:16:14 asgr002 Åsa Grimberg DELETE data from tables `temp_session` on conditions username LIKE asgr002
00:16:14 asgr002 Åsa Grimberg UPDATING data to tables `time2vie_cirruscommon`.`login` fields ( login, last_time ) values (1, 2019-11-07 00:16:14) on conditions username = asgr002
00:16:14 asgr002 Åsa Grimberg UPDATING data to tables `time2vie_cirruscommon`.`secondary_login` fields ( last_login_time ) values (2019-11-07 00:16:14) on conditions username = asgr002 AND company_id = 20
00:50:57 asgr002 Åsa Grimberg UPDATING data to tables `time2vie_cirruscommon`.`secondary_login` fields ( error ) values (0) on conditions username = asgr002 AND company_id = 20
00:50:57 asgr002 Åsa Grimberg INSERTING data into tables `log_login` fields ( username, ip, browser ) values ( asgr002, 78.70.128.102, Time2View/1 CFNetwork/1107.1 Darwin/19.0.0 ) => {inserted_id = 5300}
00:50:57 asgr002 Åsa Grimberg DELETE data from tables `temp_session` on conditions username LIKE asgr002
00:50:57 asgr002 Åsa Grimberg UPDATING data to tables `time2vie_cirruscommon`.`login` fields ( login, last_time ) values (1, 2019-11-07 00:50:57) on conditions username = asgr002
00:50:57 asgr002 Åsa Grimberg UPDATING data to tables `time2vie_cirruscommon`.`secondary_login` fields ( last_login_time ) values (2019-11-07 00:50:57) on conditions username = asgr002 AND company_id = 20
