07:52:38 anka019 Anna Kawalya Westerberg INSERTING data into tables `log_login` fields ( username, ip, browser ) values ( anka019, 102.82.222.118, Mozilla/5.0 (iPhone; CPU iPhone OS 12_3_2 like Mac OS X) AppleWebKit/605.1.15 (KHTML, like Gecko) Version/12.1.1 Mobile/15E148 Safari/604.1 ) => {inserted_id = 4491}
07:52:38 anka019 Anna Kawalya Westerberg DELETE data from tables `temp_session` on conditions username LIKE anka019
07:52:38 anka019 Anna Kawalya Westerberg UPDATING data to tables `time2vie_cirruscommon`.`login` fields ( login, last_time ) values (1, 2019-10-13 07:52:38) on conditions username = anka019
07:52:38 anka019 Anna Kawalya Westerberg UPDATING data to tables `time2vie_cirruscommon`.`secondary_login` fields ( last_login_time ) values (2019-10-13 07:52:38) on conditions username = anka019 AND company_id = 20
07:52:39 anka019 Anna Kawalya Westerberg UPDATING data to tables `time2vie_cirruscommon`.`ws_sessions` fields ( user_id ) values (anka019) on conditions session_id = c4f8de6bd87be733e3ccc67ca87884a2
07:53:51 anka019 Anna Kawalya Westerberg INSERTING data into tables `log_login` fields ( username, ip, browser ) values ( anka019, 102.82.222.118, Mozilla/5.0 (iPhone; CPU iPhone OS 12_3_2 like Mac OS X) AppleWebKit/605.1.15 (KHTML, like Gecko) Version/12.1.1 Mobile/15E148 Safari/604.1 ) => {inserted_id = 4492}
07:53:51 anka019 Anna Kawalya Westerberg DELETE data from tables `temp_session` on conditions username LIKE anka019
07:53:51 anka019 Anna Kawalya Westerberg UPDATING data to tables `time2vie_cirruscommon`.`login` fields ( login, last_time ) values (1, 2019-10-13 07:53:51) on conditions username = anka019
07:53:51 anka019 Anna Kawalya Westerberg UPDATING data to tables `time2vie_cirruscommon`.`secondary_login` fields ( last_login_time ) values (2019-10-13 07:53:51) on conditions username = anka019 AND company_id = 20
08:38:32 biwa003 Birgitta Wåhlander INSERTING data into tables `log_login` fields ( username, ip, browser ) values ( biwa003, 94.103.194.75, Mozilla/5.0 (iPad; CPU OS 10_3_4 like Mac OS X) AppleWebKit/603.1.30 (KHTML, like Gecko) CriOS/71.0.3578.89 Mobile/14G61 Safari/602.1 ) => {inserted_id = 4493}
08:38:32 biwa003 Birgitta Wåhlander DELETE data from tables `temp_session` on conditions username LIKE biwa003
08:38:32 biwa003 Birgitta Wåhlander UPDATING data to tables `time2vie_cirruscommon`.`login` fields ( login, last_time ) values (1, 2019-10-13 08:38:32) on conditions username = biwa003
08:38:32 biwa003 Birgitta Wåhlander UPDATING data to tables `time2vie_cirruscommon`.`secondary_login` fields ( last_login_time ) values (2019-10-13 08:38:32) on conditions username = biwa003 AND company_id = 20
08:38:32 biwa003 Birgitta Wåhlander UPDATING data to tables `time2vie_cirruscommon`.`ws_sessions` fields ( user_id ) values (biwa003) on conditions session_id = 9f9b6bbe67805ecbd73ca9bbffd83ab0
08:43:57 biwa003 Birgitta Wåhlander UPDATING data to tables `time2vie_cirruscommon`.`ws_sessions` fields ( user_id ) values (biwa003) on conditions session_id = 9f9b6bbe67805ecbd73ca9bbffd83ab0
11:05:41 anka020 Annika Karlsson UPDATING data to tables `time2vie_cirruscommon`.`secondary_login` fields ( error ) values (0) on conditions username = anka020 AND company_id = 20
11:05:41 anka020 Annika Karlsson INSERTING data into tables `log_login` fields ( username, ip, browser ) values ( anka020, 91.233.50.32, okhttp/3.9.1 ) => {inserted_id = 4494}
11:05:41 anka020 Annika Karlsson DELETE data from tables `temp_session` on conditions username LIKE anka020
11:05:41 anka020 Annika Karlsson UPDATING data to tables `time2vie_cirruscommon`.`login` fields ( login, last_time ) values (1, 2019-10-13 11:05:41) on conditions username = anka020
11:05:41 anka020 Annika Karlsson UPDATING data to tables `time2vie_cirruscommon`.`secondary_login` fields ( last_login_time ) values (2019-10-13 11:05:41) on conditions username = anka020 AND company_id = 20
11:43:54 peka002 Petronella Karlsson UPDATING data to tables `time2vie_cirruscommon`.`secondary_login` fields ( error ) values (0) on conditions username = peka002 AND company_id = 20
11:43:54 peka002 Petronella Karlsson INSERTING data into tables `log_login` fields ( username, ip, browser ) values ( peka002, 94.234.47.44, Time2View/1 CFNetwork/975.0.3 Darwin/18.2.0 ) => {inserted_id = 4495}
11:43:54 peka002 Petronella Karlsson DELETE data from tables `temp_session` on conditions username LIKE peka002
11:43:54 peka002 Petronella Karlsson UPDATING data to tables `time2vie_cirruscommon`.`login` fields ( login, last_time ) values (1, 2019-10-13 11:43:54) on conditions username = peka002
11:43:54 peka002 Petronella Karlsson UPDATING data to tables `time2vie_cirruscommon`.`secondary_login` fields ( last_login_time ) values (2019-10-13 11:43:54) on conditions username = peka002 AND company_id = 20
12:03:12 asgr002 Åsa Grimberg UPDATING data to tables `time2vie_cirruscommon`.`secondary_login` fields ( error ) values (0) on conditions username = asgr002 AND company_id = 20
12:03:12 asgr002 Åsa Grimberg INSERTING data into tables `log_login` fields ( username, ip, browser ) values ( asgr002, 78.70.128.102, Time2View/1 CFNetwork/978.0.7 Darwin/18.7.0 ) => {inserted_id = 4496}
12:03:12 asgr002 Åsa Grimberg DELETE data from tables `temp_session` on conditions username LIKE asgr002
12:03:12 asgr002 Åsa Grimberg UPDATING data to tables `time2vie_cirruscommon`.`login` fields ( login, last_time ) values (1, 2019-10-13 12:03:12) on conditions username = asgr002
12:03:12 asgr002 Åsa Grimberg UPDATING data to tables `time2vie_cirruscommon`.`secondary_login` fields ( last_login_time ) values (2019-10-13 12:03:12) on conditions username = asgr002 AND company_id = 20
12:07:51 cagu001 Carina Gustafsson UPDATING data to tables `time2vie_cirruscommon`.`secondary_login` fields ( error ) values (0) on conditions username = cagu001 AND company_id = 20
12:07:51 cagu001 Carina Gustafsson INSERTING data into tables `log_login` fields ( username, ip, browser ) values ( cagu001, 176.10.245.4, okhttp/3.9.1 ) => {inserted_id = 4497}
12:07:51 cagu001 Carina Gustafsson DELETE data from tables `temp_session` on conditions username LIKE cagu001
12:07:51 cagu001 Carina Gustafsson UPDATING data to tables `time2vie_cirruscommon`.`login` fields ( login, last_time ) values (1, 2019-10-13 12:07:51) on conditions username = cagu001
12:07:51 cagu001 Carina Gustafsson UPDATING data to tables `time2vie_cirruscommon`.`secondary_login` fields ( last_login_time ) values (2019-10-13 12:07:51) on conditions username = cagu001 AND company_id = 20
12:08:15 cagu001 Carina Gustafsson UPDATING data to tables `timetable` fields ( customer, employee, date, time_from, time_to, fkkn, type, status, comment ) values (mygu001, , 2019-10-13, 6.00, 11.00, 1, 0, 0, ) on conditions id = 3056 #Mobile-App: Log-id=4497
12:08:31 cagu001 Carina Gustafsson UPDATING data to tables `timetable` fields ( customer, employee, date, time_from, time_to, fkkn, type, status, comment ) values (mygu001, cagu001, 2019-10-13, 6.00, 11.00, 1, 0, 1, ) on conditions id = 3056 #Mobile-App: Log-id=4497
12:27:08 peka002 Petronella Karlsson UPDATING data to tables `time2vie_cirruscommon`.`secondary_login` fields ( error ) values (0) on conditions username = peka002 AND company_id = 20
12:27:08 peka002 Petronella Karlsson INSERTING data into tables `log_login` fields ( username, ip, browser ) values ( peka002, 94.234.47.44, Time2View/1 CFNetwork/975.0.3 Darwin/18.2.0 ) => {inserted_id = 4498}
12:27:08 peka002 Petronella Karlsson DELETE data from tables `temp_session` on conditions username LIKE peka002
12:27:08 peka002 Petronella Karlsson UPDATING data to tables `time2vie_cirruscommon`.`login` fields ( login, last_time ) values (1, 2019-10-13 12:27:08) on conditions username = peka002
12:27:08 peka002 Petronella Karlsson UPDATING data to tables `time2vie_cirruscommon`.`secondary_login` fields ( last_login_time ) values (2019-10-13 12:27:08) on conditions username = peka002 AND company_id = 20
12:47:09 asgr002 Åsa Grimberg UPDATING data to tables `time2vie_cirruscommon`.`secondary_login` fields ( error ) values (0) on conditions username = asgr002 AND company_id = 20
12:47:09 asgr002 Åsa Grimberg INSERTING data into tables `log_login` fields ( username, ip, browser ) values ( asgr002, 78.70.128.102, Time2View/1 CFNetwork/978.0.7 Darwin/18.7.0 ) => {inserted_id = 4499}
12:47:09 asgr002 Åsa Grimberg DELETE data from tables `temp_session` on conditions username LIKE asgr002
12:47:09 asgr002 Åsa Grimberg UPDATING data to tables `time2vie_cirruscommon`.`login` fields ( login, last_time ) values (1, 2019-10-13 12:47:09) on conditions username = asgr002
12:47:09 asgr002 Åsa Grimberg UPDATING data to tables `time2vie_cirruscommon`.`secondary_login` fields ( last_login_time ) values (2019-10-13 12:47:09) on conditions username = asgr002 AND company_id = 20
12:50:06 mato007 Mattias Torbiörnson UPDATING data to tables `time2vie_cirruscommon`.`secondary_login` fields ( error ) values (0) on conditions username = mato007 AND company_id = 20
12:50:06 mato007 Mattias Torbiörnson INSERTING data into tables `log_login` fields ( username, ip, browser ) values ( mato007, 217.73.111.160, CirrusM/3 CFNetwork/1107.1 Darwin/19.0.0 ) => {inserted_id = 4500}
12:50:06 mato007 Mattias Torbiörnson DELETE data from tables `temp_session` on conditions username LIKE mato007
12:50:06 mato007 Mattias Torbiörnson UPDATING data to tables `time2vie_cirruscommon`.`login` fields ( login, last_time ) values (1, 2019-10-13 12:50:06) on conditions username = mato007
12:50:06 mato007 Mattias Torbiörnson UPDATING data to tables `time2vie_cirruscommon`.`secondary_login` fields ( last_login_time ) values (2019-10-13 12:50:06) on conditions username = mato007 AND company_id = 20
12:50:06 mato007 Mattias Torbiörnson UPDATING data to tables `time2vie_cirruscommon`.`push_notify_tokens` fields ( user_id, updated_date, error ) values (mato007, 2019-10-13 12:50:06, 0) on conditions fcm_token = esZGU5oCp54:APA91bFYmkJCWfoBt0Bq_Sy1K93zeiGaWi005hwxA32ajwHpeXt8EsUbhHBXMHV639X1CaFcrYk8bzdi1NZ_JgL2baFFodhmsvqdYlnKZ5bsvW2YwE8I88hucjrjJHI5muJzDgg6nebo AND device_id = BA2992D7-6D60-4D23-A325-582B7301B6CE #Mobile-App: Log-id=4500
13:56:18 hejo003 Helen Jörnås UPDATING data to tables `time2vie_cirruscommon`.`secondary_login` fields ( error ) values (0) on conditions username = hejo003 AND company_id = 20
13:56:18 hejo003 Helen Jörnås INSERTING data into tables `log_login` fields ( username, ip, browser ) values ( hejo003, 90.224.82.244, okhttp/3.9.1 ) => {inserted_id = 4501}
13:56:18 hejo003 Helen Jörnås DELETE data from tables `temp_session` on conditions username LIKE hejo003
13:56:18 hejo003 Helen Jörnås UPDATING data to tables `time2vie_cirruscommon`.`login` fields ( login, last_time ) values (1, 2019-10-13 13:56:18) on conditions username = hejo003
13:56:18 hejo003 Helen Jörnås UPDATING data to tables `time2vie_cirruscommon`.`secondary_login` fields ( last_login_time ) values (2019-10-13 13:56:18) on conditions username = hejo003 AND company_id = 20
15:50:04 cagu001 Carina Gustafsson UPDATING data to tables `time2vie_cirruscommon`.`secondary_login` fields ( error ) values (0) on conditions username = cagu001 AND company_id = 20
15:50:04 cagu001 Carina Gustafsson INSERTING data into tables `log_login` fields ( username, ip, browser ) values ( cagu001, 176.10.245.4, okhttp/3.9.1 ) => {inserted_id = 4502}
15:50:04 cagu001 Carina Gustafsson DELETE data from tables `temp_session` on conditions username LIKE cagu001
15:50:04 cagu001 Carina Gustafsson UPDATING data to tables `time2vie_cirruscommon`.`login` fields ( login, last_time ) values (1, 2019-10-13 15:50:04) on conditions username = cagu001
15:50:04 cagu001 Carina Gustafsson UPDATING data to tables `time2vie_cirruscommon`.`secondary_login` fields ( last_login_time ) values (2019-10-13 15:50:04) on conditions username = cagu001 AND company_id = 20
17:14:08 mato007 Mattias Torbiörnson UPDATING data to tables `time2vie_cirruscommon`.`secondary_login` fields ( error ) values (0) on conditions username = mato007 AND company_id = 20
17:14:08 mato007 Mattias Torbiörnson INSERTING data into tables `log_login` fields ( username, ip, browser ) values ( mato007, 94.103.194.75, CirrusM/3 CFNetwork/1107.1 Darwin/19.0.0 ) => {inserted_id = 4503}
17:14:08 mato007 Mattias Torbiörnson DELETE data from tables `temp_session` on conditions username LIKE mato007
17:14:08 mato007 Mattias Torbiörnson UPDATING data to tables `time2vie_cirruscommon`.`login` fields ( login, last_time ) values (1, 2019-10-13 17:14:08) on conditions username = mato007
17:14:08 mato007 Mattias Torbiörnson UPDATING data to tables `time2vie_cirruscommon`.`secondary_login` fields ( last_login_time ) values (2019-10-13 17:14:08) on conditions username = mato007 AND company_id = 20
17:14:08 mato007 Mattias Torbiörnson UPDATING data to tables `time2vie_cirruscommon`.`push_notify_tokens` fields ( user_id, updated_date, error ) values (mato007, 2019-10-13 17:14:08, 0) on conditions fcm_token = esZGU5oCp54:APA91bFYmkJCWfoBt0Bq_Sy1K93zeiGaWi005hwxA32ajwHpeXt8EsUbhHBXMHV639X1CaFcrYk8bzdi1NZ_JgL2baFFodhmsvqdYlnKZ5bsvW2YwE8I88hucjrjJHI5muJzDgg6nebo AND device_id = BA2992D7-6D60-4D23-A325-582B7301B6CE #Mobile-App: Log-id=4503
17:14:14 mato007 Mattias Torbiörnson UPDATING data to tables `mc_note` fields ( read_users ) values (idah001,mato007) on conditions note_id = 10 #Mobile-App: Log-id=4503
18:25:55 hejo003 Helen Jörnås UPDATING data to tables `time2vie_cirruscommon`.`secondary_login` fields ( error ) values (0) on conditions username = hejo003 AND company_id = 20
18:25:55 hejo003 Helen Jörnås INSERTING data into tables `log_login` fields ( username, ip, browser ) values ( hejo003, 90.224.82.244, okhttp/3.9.1 ) => {inserted_id = 4504}
18:25:55 hejo003 Helen Jörnås DELETE data from tables `temp_session` on conditions username LIKE hejo003
18:25:55 hejo003 Helen Jörnås UPDATING data to tables `time2vie_cirruscommon`.`login` fields ( login, last_time ) values (1, 2019-10-13 18:25:55) on conditions username = hejo003
18:25:55 hejo003 Helen Jörnås UPDATING data to tables `time2vie_cirruscommon`.`secondary_login` fields ( last_login_time ) values (2019-10-13 18:25:55) on conditions username = hejo003 AND company_id = 20
19:00:45 thca002 Therese Calic UPDATING data to tables `time2vie_cirruscommon`.`secondary_login` fields ( error ) values (0) on conditions username = thca002 AND company_id = 20
19:00:45 thca002 Therese Calic INSERTING data into tables `log_login` fields ( username, ip, browser ) values ( thca002, 217.214.151.21, Time2View/1 CFNetwork/978.0.7 Darwin/18.6.0 ) => {inserted_id = 4505}
19:00:45 thca002 Therese Calic DELETE data from tables `temp_session` on conditions username LIKE thca002
19:00:45 thca002 Therese Calic UPDATING data to tables `time2vie_cirruscommon`.`login` fields ( login, last_time ) values (1, 2019-10-13 19:00:45) on conditions username = thca002
19:00:45 thca002 Therese Calic UPDATING data to tables `time2vie_cirruscommon`.`secondary_login` fields ( last_login_time ) values (2019-10-13 19:00:45) on conditions username = thca002 AND company_id = 20
21:06:33 hejo003 Helen Jörnås UPDATING data to tables `time2vie_cirruscommon`.`secondary_login` fields ( error ) values (0) on conditions username = hejo003 AND company_id = 20
21:06:33 hejo003 Helen Jörnås INSERTING data into tables `log_login` fields ( username, ip, browser ) values ( hejo003, 90.224.82.244, okhttp/3.9.1 ) => {inserted_id = 4506}
21:06:33 hejo003 Helen Jörnås DELETE data from tables `temp_session` on conditions username LIKE hejo003
21:06:33 hejo003 Helen Jörnås UPDATING data to tables `time2vie_cirruscommon`.`login` fields ( login, last_time ) values (1, 2019-10-13 21:06:33) on conditions username = hejo003
21:06:33 hejo003 Helen Jörnås UPDATING data to tables `time2vie_cirruscommon`.`secondary_login` fields ( last_login_time ) values (2019-10-13 21:06:33) on conditions username = hejo003 AND company_id = 20
22:37:24 gaan001 Gabriel Andersson UPDATING data to tables `time2vie_cirruscommon`.`secondary_login` fields ( error ) values (0) on conditions username = gaan001 AND company_id = 20
22:37:24 gaan001 Gabriel Andersson INSERTING data into tables `log_login` fields ( username, ip, browser ) values ( gaan001, 217.73.108.115, CirrusM/3 CFNetwork/1107.1 Darwin/19.0.0 ) => {inserted_id = 4507}
22:37:24 gaan001 Gabriel Andersson DELETE data from tables `temp_session` on conditions username LIKE gaan001
22:37:24 gaan001 Gabriel Andersson UPDATING data to tables `time2vie_cirruscommon`.`login` fields ( login, last_time ) values (1, 2019-10-13 22:37:24) on conditions username = gaan001
22:37:24 gaan001 Gabriel Andersson UPDATING data to tables `time2vie_cirruscommon`.`secondary_login` fields ( last_login_time ) values (2019-10-13 22:37:24) on conditions username = gaan001 AND company_id = 20
22:37:25 gaan001 Gabriel Andersson UPDATING data to tables `time2vie_cirruscommon`.`push_notify_tokens` fields ( user_id, updated_date, error ) values (gaan001, 2019-10-13 22:37:25, 0) on conditions fcm_token = e51KWK9giv8:APA91bGHMno1HPtH6vgtvvNaxonNc-Bkvswgm2aT4OLq90CDlFw9H2dIl7Li18JiNkP-7pUOuc6Xu8RcoS51Ilqi8H-pAIQ3wxAPozVZ-o4Xh8AcIjJdCzDdKjcmheiVAB_gYeBo2P0d AND device_id = 2639B8CA-61CF-4C5F-AF35-FA532A697892 #Mobile-App: Log-id=4507
22:37:27 gaan001 Gabriel Andersson UPDATING data to tables `mc_note` fields ( read_users ) values (idah001,mato007,gaan001) on conditions note_id = 10 #Mobile-App: Log-id=4507
22:43:00 hejo003 Helen Jörnås UPDATING data to tables `time2vie_cirruscommon`.`secondary_login` fields ( error ) values (0) on conditions username = hejo003 AND company_id = 20
22:43:00 hejo003 Helen Jörnås INSERTING data into tables `log_login` fields ( username, ip, browser ) values ( hejo003, 90.224.82.244, okhttp/3.9.1 ) => {inserted_id = 4508}
22:43:00 hejo003 Helen Jörnås DELETE data from tables `temp_session` on conditions username LIKE hejo003
22:43:00 hejo003 Helen Jörnås UPDATING data to tables `time2vie_cirruscommon`.`login` fields ( login, last_time ) values (1, 2019-10-13 22:43:00) on conditions username = hejo003
22:43:00 hejo003 Helen Jörnås UPDATING data to tables `time2vie_cirruscommon`.`secondary_login` fields ( last_login_time ) values (2019-10-13 22:43:00) on conditions username = hejo003 AND company_id = 20
