06:59:58 lawa002 Lars Wåhlander UPDATING data to tables `time2vie_cirruscommon`.`secondary_login` fields ( error ) values (0) on conditions username = lawa002 AND company_id = 20
06:59:58 lawa002 Lars Wåhlander INSERTING data into tables `log_login` fields ( username, ip, browser ) values ( lawa002, 94.103.194.75, CirrusM/3 CFNetwork/978.0.7 Darwin/18.6.0 ) => {inserted_id = 2176}
06:59:58 lawa002 Lars Wåhlander DELETE data from tables `temp_session` on conditions username LIKE lawa002
06:59:58 lawa002 Lars Wåhlander UPDATING data to tables `time2vie_cirruscommon`.`login` fields ( login, last_time ) values (1, 2019-07-09 06:59:58) on conditions username = lawa002
06:59:58 lawa002 Lars Wåhlander UPDATING data to tables `time2vie_cirruscommon`.`secondary_login` fields ( last_login_time ) values (2019-07-09 06:59:58) on conditions username = lawa002 AND company_id = 20
06:59:58 lawa002 Lars Wåhlander UPDATING data to tables `time2vie_cirruscommon`.`push_notify_tokens` fields ( user_id, updated_date, error ) values (lawa002, 2019-07-09 06:59:58, 0) on conditions fcm_token = cMciIkjQto0:APA91bE0mFZ9syRxH0H9Tas6txAz8lAcS2UctPGAxnIgY9LtE7s84sR9AjeT4hfrg-T41cA5N9Vo80yzXQc6B3Sr8cQB2jG1MDlaqJfkkBpynoROrUKZYwhJ8o1nJ4O2lBKe197NqBpq AND device_id = A683A1BD-8A9A-4458-A762-1F517F9312EA #Mobile-App: Log-id=2176
07:01:52 lawa002 Lars Wåhlander UPDATING data to tables `time2vie_cirruscommon`.`secondary_login` fields ( error ) values (0) on conditions username = lawa002 AND company_id = 20
07:01:52 lawa002 Lars Wåhlander INSERTING data into tables `log_login` fields ( username, ip, browser ) values ( lawa002, 94.103.194.75, CirrusM/3 CFNetwork/978.0.7 Darwin/18.6.0 ) => {inserted_id = 2177}
07:01:52 lawa002 Lars Wåhlander DELETE data from tables `temp_session` on conditions username LIKE lawa002
07:01:52 lawa002 Lars Wåhlander UPDATING data to tables `time2vie_cirruscommon`.`login` fields ( login, last_time ) values (1, 2019-07-09 07:01:52) on conditions username = lawa002
07:01:52 lawa002 Lars Wåhlander UPDATING data to tables `time2vie_cirruscommon`.`secondary_login` fields ( last_login_time ) values (2019-07-09 07:01:52) on conditions username = lawa002 AND company_id = 20
07:01:53 lawa002 Lars Wåhlander UPDATING data to tables `time2vie_cirruscommon`.`push_notify_tokens` fields ( user_id, updated_date, error ) values (lawa002, 2019-07-09 07:01:53, 0) on conditions fcm_token = cMciIkjQto0:APA91bE0mFZ9syRxH0H9Tas6txAz8lAcS2UctPGAxnIgY9LtE7s84sR9AjeT4hfrg-T41cA5N9Vo80yzXQc6B3Sr8cQB2jG1MDlaqJfkkBpynoROrUKZYwhJ8o1nJ4O2lBKe197NqBpq AND device_id = A683A1BD-8A9A-4458-A762-1F517F9312EA #Mobile-App: Log-id=2177
07:06:28 lawa002 Lars Wåhlander UPDATING data to tables `time2vie_cirruscommon`.`secondary_login` fields ( error ) values (0) on conditions username = lawa002 AND company_id = 20
07:06:28 lawa002 Lars Wåhlander INSERTING data into tables `log_login` fields ( username, ip, browser ) values ( lawa002, 94.103.194.75, CirrusM/3 CFNetwork/978.0.7 Darwin/18.6.0 ) => {inserted_id = 2178}
07:06:28 lawa002 Lars Wåhlander DELETE data from tables `temp_session` on conditions username LIKE lawa002
07:06:28 lawa002 Lars Wåhlander UPDATING data to tables `time2vie_cirruscommon`.`login` fields ( login, last_time ) values (1, 2019-07-09 07:06:28) on conditions username = lawa002
07:06:28 lawa002 Lars Wåhlander UPDATING data to tables `time2vie_cirruscommon`.`secondary_login` fields ( last_login_time ) values (2019-07-09 07:06:28) on conditions username = lawa002 AND company_id = 20
07:06:28 lawa002 Lars Wåhlander UPDATING data to tables `time2vie_cirruscommon`.`push_notify_tokens` fields ( user_id, updated_date, error ) values (lawa002, 2019-07-09 07:06:28, 0) on conditions fcm_token = cMciIkjQto0:APA91bE0mFZ9syRxH0H9Tas6txAz8lAcS2UctPGAxnIgY9LtE7s84sR9AjeT4hfrg-T41cA5N9Vo80yzXQc6B3Sr8cQB2jG1MDlaqJfkkBpynoROrUKZYwhJ8o1nJ4O2lBKe197NqBpq AND device_id = A683A1BD-8A9A-4458-A762-1F517F9312EA #Mobile-App: Log-id=2178
07:07:56 anka019 Anna Kawalya Westerberg INSERTING data into tables `log_login` fields ( username, ip, browser ) values ( anka019, 217.211.60.209, Mozilla/5.0 (iPhone; CPU iPhone OS 12_3_2 like Mac OS X) AppleWebKit/605.1.15 (KHTML, like Gecko) Version/12.1.1 Mobile/15E148 Safari/604.1 ) => {inserted_id = 2179}
07:07:56 anka019 Anna Kawalya Westerberg DELETE data from tables `temp_session` on conditions username LIKE anka019
07:07:56 anka019 Anna Kawalya Westerberg UPDATING data to tables `time2vie_cirruscommon`.`login` fields ( login, last_time ) values (1, 2019-07-09 07:07:56) on conditions username = anka019
07:07:56 anka019 Anna Kawalya Westerberg UPDATING data to tables `time2vie_cirruscommon`.`secondary_login` fields ( last_login_time ) values (2019-07-09 07:07:56) on conditions username = anka019 AND company_id = 20
07:07:57 anka019 Anna Kawalya Westerberg UPDATING data to tables `time2vie_cirruscommon`.`ws_sessions` fields ( user_id ) values (anka019) on conditions session_id = 49c2e54fa14efbf4639d8a61d43d7407
07:20:03 biwa003 Birgitta Wåhlander INSERTING data into tables `log_login` fields ( username, ip, browser ) values ( biwa003, 185.27.165.66, Mozilla/5.0 (iPad; CPU OS 10_3_3 like Mac OS X) AppleWebKit/603.1.30 (KHTML, like Gecko) CriOS/71.0.3578.89 Mobile/14G60 Safari/602.1 ) => {inserted_id = 2180}
07:20:03 biwa003 Birgitta Wåhlander DELETE data from tables `temp_session` on conditions username LIKE biwa003
07:20:03 biwa003 Birgitta Wåhlander UPDATING data to tables `time2vie_cirruscommon`.`login` fields ( login, last_time ) values (1, 2019-07-09 07:20:03) on conditions username = biwa003
07:20:03 biwa003 Birgitta Wåhlander UPDATING data to tables `time2vie_cirruscommon`.`secondary_login` fields ( last_login_time ) values (2019-07-09 07:20:03) on conditions username = biwa003 AND company_id = 20
07:20:04 biwa003 Birgitta Wåhlander UPDATING data to tables `time2vie_cirruscommon`.`ws_sessions` fields ( user_id ) values (biwa003) on conditions session_id = a275f51c6553364e0b70e19483c98b75
08:13:10 hebe001 Helen Bengtsson INSERTING data into tables `log_login` fields ( username, ip, browser ) values ( hebe001, 193.234.72.96, Mozilla/5.0 (iPad; CPU OS 11_4_1 like Mac OS X) AppleWebKit/605.1.15 (KHTML, like Gecko) Version/11.0 Mobile/15E148 Safari/604.1 ) => {inserted_id = 2181}
08:13:10 hebe001 Helen Bengtsson DELETE data from tables `temp_session` on conditions username LIKE hebe001
08:13:10 hebe001 Helen Bengtsson UPDATING data to tables `time2vie_cirruscommon`.`login` fields ( login, last_time ) values (1, 2019-07-09 08:13:10) on conditions username = hebe001
08:13:10 hebe001 Helen Bengtsson UPDATING data to tables `time2vie_cirruscommon`.`secondary_login` fields ( last_login_time ) values (2019-07-09 08:13:10) on conditions username = hebe001 AND company_id = 20
08:13:11 hebe001 Helen Bengtsson UPDATING data to tables `time2vie_cirruscommon`.`ws_sessions` fields ( user_id ) values (hebe001) on conditions session_id = 34fded434f23936232021f8e81fe89a0
09:02:13 hejo003 Helen Jörnås UPDATING data to tables `time2vie_cirruscommon`.`secondary_login` fields ( error ) values (0) on conditions username = hejo003 AND company_id = 20
09:02:13 hejo003 Helen Jörnås INSERTING data into tables `log_login` fields ( username, ip, browser ) values ( hejo003, 90.224.82.244, okhttp/3.9.1 ) => {inserted_id = 2182}
09:02:13 hejo003 Helen Jörnås DELETE data from tables `temp_session` on conditions username LIKE hejo003
09:02:13 hejo003 Helen Jörnås UPDATING data to tables `time2vie_cirruscommon`.`login` fields ( login, last_time ) values (1, 2019-07-09 09:02:13) on conditions username = hejo003
09:02:13 hejo003 Helen Jörnås UPDATING data to tables `time2vie_cirruscommon`.`secondary_login` fields ( last_login_time ) values (2019-07-09 09:02:13) on conditions username = hejo003 AND company_id = 20
09:13:16 hejo003 Helen Jörnås UPDATING data to tables `time2vie_cirruscommon`.`secondary_login` fields ( error ) values (0) on conditions username = hejo003 AND company_id = 20 #Mobile-App: Log-id=2182
09:13:16 hejo003 Helen Jörnås INSERTING data into tables `log_login` fields ( username, ip, browser ) values ( hejo003, 90.224.82.244, okhttp/3.9.1 ) => {inserted_id = 2183} #Mobile-App: Log-id=2182
09:13:16 hejo003 Helen Jörnås DELETE data from tables `temp_session` on conditions username LIKE hejo003 #Mobile-App: Log-id=2183
09:13:17 hejo003 Helen Jörnås UPDATING data to tables `time2vie_cirruscommon`.`login` fields ( login, last_time ) values (1, 2019-07-09 09:13:16) on conditions username = hejo003 #Mobile-App: Log-id=2183
09:13:17 hejo003 Helen Jörnås UPDATING data to tables `time2vie_cirruscommon`.`secondary_login` fields ( last_login_time ) values (2019-07-09 09:13:16) on conditions username = hejo003 AND company_id = 20 #Mobile-App: Log-id=2183
09:44:48 elbe006 Elin Berntsson UPDATING data to tables `time2vie_cirruscommon`.`secondary_login` fields ( error ) values (0) on conditions username = elbe006 AND company_id = 20
09:44:48 elbe006 Elin Berntsson INSERTING data into tables `log_login` fields ( username, ip, browser ) values ( elbe006, 158.174.54.90, okhttp/3.9.1 ) => {inserted_id = 2184}
09:44:48 elbe006 Elin Berntsson DELETE data from tables `temp_session` on conditions username LIKE elbe006
09:44:48 elbe006 Elin Berntsson UPDATING data to tables `time2vie_cirruscommon`.`login` fields ( login, last_time ) values (1, 2019-07-09 09:44:48) on conditions username = elbe006
09:44:48 elbe006 Elin Berntsson UPDATING data to tables `time2vie_cirruscommon`.`secondary_login` fields ( last_login_time ) values (2019-07-09 09:44:48) on conditions username = elbe006 AND company_id = 20
10:51:16 cagu001 Carina Gustafsson INSERTING data into tables `log_login` fields ( username, ip, browser ) values ( cagu001, 193.234.72.157, Mozilla/5.0 (Windows NT 10.0; Win64; x64) AppleWebKit/537.36 (KHTML, like Gecko) Chrome/75.0.3770.100 Safari/537.36 ) => {inserted_id = 2185}
10:51:16 cagu001 Carina Gustafsson DELETE data from tables `temp_session` on conditions username LIKE cagu001
10:51:16 cagu001 Carina Gustafsson UPDATING data to tables `time2vie_cirruscommon`.`login` fields ( login, last_time ) values (1, 2019-07-09 10:51:16) on conditions username = cagu001
10:51:16 cagu001 Carina Gustafsson UPDATING data to tables `time2vie_cirruscommon`.`secondary_login` fields ( last_login_time ) values (2019-07-09 10:51:16) on conditions username = cagu001 AND company_id = 20
10:51:17 cagu001 Carina Gustafsson UPDATING data to tables `time2vie_cirruscommon`.`ws_sessions` fields ( user_id ) values (cagu001) on conditions session_id = 7e2d700529915044d164e5d6b861204e
11:05:28 cagu001 Carina Gustafsson UPDATING data to tables `leave` fields ( status, appr_emp, appr_date ) values (1, cagu001, 2019-07-09 11:05:28) on conditions group_id = 187
11:05:34 cagu001 Carina Gustafsson UPDATING data to tables `leave` fields ( status, appr_emp, appr_date ) values (1, cagu001, 2019-07-09 11:05:34) on conditions group_id = 188
11:05:53 cagu001 Carina Gustafsson UPDATING data to tables `leave` fields ( status, appr_emp, appr_date ) values (1, cagu001, 2019-07-09 11:05:53) on conditions group_id = 186
11:06:03 cagu001 Carina Gustafsson UPDATING data to tables `leave` fields ( status, appr_emp, appr_date ) values (1, cagu001, 2019-07-09 11:06:03) on conditions group_id = 168
11:06:14 cagu001 Carina Gustafsson UPDATING data to tables `leave` fields ( status, appr_emp, appr_date ) values (1, cagu001, 2019-07-09 11:06:14) on conditions group_id = 169
11:06:27 cagu001 Carina Gustafsson UPDATING data to tables `leave` fields ( status, appr_emp, appr_date ) values (1, cagu001, 2019-07-09 11:06:27) on conditions group_id = 178
11:06:37 cagu001 Carina Gustafsson UPDATING data to tables `leave` fields ( status, appr_emp, appr_date ) values (1, cagu001, 2019-07-09 11:06:37) on conditions group_id = 179
11:06:55 cagu001 Carina Gustafsson UPDATING data to tables `leave` fields ( status, appr_emp, appr_date ) values (1, cagu001, 2019-07-09 11:06:55) on conditions group_id = 94
11:07:00 cagu001 Carina Gustafsson UPDATING data to tables `leave` fields ( status, appr_emp, appr_date ) values (1, cagu001, 2019-07-09 11:07:00) on conditions group_id = 177
11:07:07 cagu001 Carina Gustafsson UPDATING data to tables `leave` fields ( status, appr_emp, appr_date ) values (1, cagu001, 2019-07-09 11:07:07) on conditions group_id = 175
11:07:12 cagu001 Carina Gustafsson UPDATING data to tables `leave` fields ( status, appr_emp, appr_date ) values (1, cagu001, 2019-07-09 11:07:12) on conditions group_id = 176
11:07:17 cagu001 Carina Gustafsson UPDATING data to tables `leave` fields ( status, appr_emp, appr_date ) values (1, cagu001, 2019-07-09 11:07:17) on conditions group_id = 165
11:07:23 cagu001 Carina Gustafsson UPDATING data to tables `leave` fields ( status, appr_emp, appr_date ) values (1, cagu001, 2019-07-09 11:07:23) on conditions group_id = 166
11:07:29 cagu001 Carina Gustafsson UPDATING data to tables `leave` fields ( status, appr_emp, appr_date ) values (1, cagu001, 2019-07-09 11:07:29) on conditions group_id = 174
11:07:35 cagu001 Carina Gustafsson UPDATING data to tables `leave` fields ( status, appr_emp, appr_date ) values (1, cagu001, 2019-07-09 11:07:35) on conditions group_id = 164
11:07:48 cagu001 Carina Gustafsson UPDATING data to tables `leave` fields ( status, appr_emp, appr_date ) values (1, cagu001, 2019-07-09 11:07:48) on conditions group_id = 236
11:07:53 cagu001 Carina Gustafsson UPDATING data to tables `leave` fields ( status, appr_emp, appr_date ) values (1, cagu001, 2019-07-09 11:07:53) on conditions group_id = 237
11:08:10 cagu001 Carina Gustafsson UPDATING data to tables `leave` fields ( status, appr_emp, appr_date ) values (1, cagu001, 2019-07-09 11:08:10) on conditions group_id = 93
11:08:22 cagu001 Carina Gustafsson UPDATING data to tables `leave` fields ( status, appr_emp, appr_date ) values (1, cagu001, 2019-07-09 11:08:22) on conditions group_id = 92
11:08:31 cagu001 Carina Gustafsson UPDATING data to tables `leave` fields ( status, appr_emp, appr_date ) values (1, cagu001, 2019-07-09 11:08:31) on conditions group_id = 235
11:08:45 cagu001 Carina Gustafsson UPDATING data to tables `leave` fields ( status, appr_emp, appr_date ) values (1, cagu001, 2019-07-09 11:08:45) on conditions group_id = 67
11:08:53 cagu001 Carina Gustafsson UPDATING data to tables `leave` fields ( status, appr_emp, appr_date ) values (1, cagu001, 2019-07-09 11:08:53) on conditions group_id = 233
11:09:00 cagu001 Carina Gustafsson UPDATING data to tables `leave` fields ( status, appr_emp, appr_date ) values (1, cagu001, 2019-07-09 11:09:00) on conditions group_id = 234
11:09:06 cagu001 Carina Gustafsson UPDATING data to tables `leave` fields ( status, appr_emp, appr_date ) values (1, cagu001, 2019-07-09 11:09:06) on conditions group_id = 159
11:09:12 cagu001 Carina Gustafsson UPDATING data to tables `leave` fields ( status, appr_emp, appr_date ) values (1, cagu001, 2019-07-09 11:09:12) on conditions group_id = 160
11:09:43 cagu001 Carina Gustafsson UPDATING data to tables `leave` fields ( status, appr_emp, appr_date ) values (1, cagu001, 2019-07-09 11:09:43) on conditions group_id = 167
11:10:03 cagu001 Carina Gustafsson UPDATING data to tables `leave` fields ( status, appr_emp, appr_date ) values (1, cagu001, 2019-07-09 11:10:03) on conditions group_id = 171
11:10:09 cagu001 Carina Gustafsson UPDATING data to tables `leave` fields ( status, appr_emp, appr_date ) values (1, cagu001, 2019-07-09 11:10:09) on conditions group_id = 172
11:10:15 cagu001 Carina Gustafsson UPDATING data to tables `leave` fields ( status, appr_emp, appr_date ) values (1, cagu001, 2019-07-09 11:10:15) on conditions group_id = 170
11:10:23 cagu001 Carina Gustafsson UPDATING data to tables `leave` fields ( status, appr_emp, appr_date ) values (1, cagu001, 2019-07-09 11:10:23) on conditions group_id = 162
11:10:29 cagu001 Carina Gustafsson UPDATING data to tables `leave` fields ( status, appr_emp, appr_date ) values (1, cagu001, 2019-07-09 11:10:29) on conditions group_id = 163
11:10:36 cagu001 Carina Gustafsson UPDATING data to tables `leave` fields ( status, appr_emp, appr_date ) values (1, cagu001, 2019-07-09 11:10:36) on conditions group_id = 161
11:10:44 cagu001 Carina Gustafsson UPDATING data to tables `leave` fields ( status, appr_emp, appr_date ) values (1, cagu001, 2019-07-09 11:10:44) on conditions group_id = 239
11:10:51 cagu001 Carina Gustafsson UPDATING data to tables `leave` fields ( status, appr_emp, appr_date ) values (1, cagu001, 2019-07-09 11:10:51) on conditions group_id = 240
11:11:00 cagu001 Carina Gustafsson UPDATING data to tables `leave` fields ( status, appr_emp, appr_date ) values (1, cagu001, 2019-07-09 11:11:00) on conditions group_id = 238
11:11:06 cagu001 Carina Gustafsson UPDATING data to tables `leave` fields ( status, appr_emp, appr_date ) values (1, cagu001, 2019-07-09 11:11:06) on conditions group_id = 232
11:11:27 cagu001 Carina Gustafsson UPDATING data to tables `leave` fields ( status, appr_emp, appr_date ) values (1, cagu001, 2019-07-09 11:11:27) on conditions group_id = 158
11:11:36 cagu001 Carina Gustafsson UPDATING data to tables `leave` fields ( status, appr_emp, appr_date ) values (1, cagu001, 2019-07-09 11:11:36) on conditions group_id = 230
11:11:44 cagu001 Carina Gustafsson UPDATING data to tables `leave` fields ( status, appr_emp, appr_date ) values (1, cagu001, 2019-07-09 11:11:44) on conditions group_id = 231
11:11:53 cagu001 Carina Gustafsson UPDATING data to tables `leave` fields ( status, appr_emp, appr_date ) values (1, cagu001, 2019-07-09 11:11:53) on conditions group_id = 157
11:11:59 cagu001 Carina Gustafsson UPDATING data to tables `leave` fields ( status, appr_emp, appr_date ) values (1, cagu001, 2019-07-09 11:11:59) on conditions group_id = 229
11:12:03 cagu001 Carina Gustafsson UPDATING data to tables `leave` fields ( status, appr_emp, appr_date ) values (1, cagu001, 2019-07-09 11:12:03) on conditions group_id = 228
11:12:27 cagu001 Carina Gustafsson UPDATING data to tables `leave` fields ( status, appr_emp, appr_date ) values (1, cagu001, 2019-07-09 11:12:27) on conditions group_id = 173
11:13:00 cagu001 Carina Gustafsson UPDATING data to tables `leave` fields ( status, appr_emp, appr_date ) values (1, cagu001, 2019-07-09 11:13:00) on conditions group_id = 216
11:13:08 cagu001 Carina Gustafsson UPDATING data to tables `leave` fields ( status, appr_emp, appr_date ) values (1, cagu001, 2019-07-09 11:13:08) on conditions group_id = 217
11:13:24 cagu001 Carina Gustafsson UPDATING data to tables `leave` fields ( status, appr_emp, appr_date ) values (1, cagu001, 2019-07-09 11:13:24) on conditions group_id = 215
11:13:29 cagu001 Carina Gustafsson UPDATING data to tables `leave` fields ( status, appr_emp, appr_date ) values (1, cagu001, 2019-07-09 11:13:29) on conditions group_id = 213
11:13:35 cagu001 Carina Gustafsson UPDATING data to tables `leave` fields ( status, appr_emp, appr_date ) values (1, cagu001, 2019-07-09 11:13:35) on conditions group_id = 214
11:13:44 cagu001 Carina Gustafsson UPDATING data to tables `leave` fields ( status, appr_emp, appr_date ) values (1, cagu001, 2019-07-09 11:13:44) on conditions group_id = 212
11:13:52 cagu001 Carina Gustafsson UPDATING data to tables `leave` fields ( status, appr_emp, appr_date ) values (1, cagu001, 2019-07-09 11:13:52) on conditions group_id = 211
11:13:58 cagu001 Carina Gustafsson UPDATING data to tables `leave` fields ( status, appr_emp, appr_date ) values (1, cagu001, 2019-07-09 11:13:58) on conditions group_id = 209
11:14:04 cagu001 Carina Gustafsson UPDATING data to tables `leave` fields ( status, appr_emp, appr_date ) values (1, cagu001, 2019-07-09 11:14:04) on conditions group_id = 210
11:14:16 cagu001 Carina Gustafsson UPDATING data to tables `leave` fields ( status, appr_emp, appr_date ) values (1, cagu001, 2019-07-09 11:14:16) on conditions group_id = 197
11:14:20 cagu001 Carina Gustafsson UPDATING data to tables `leave` fields ( status, appr_emp, appr_date ) values (1, cagu001, 2019-07-09 11:14:20) on conditions group_id = 198
11:14:28 cagu001 Carina Gustafsson UPDATING data to tables `leave` fields ( status, appr_emp, appr_date ) values (1, cagu001, 2019-07-09 11:14:28) on conditions group_id = 196
11:14:41 cagu001 Carina Gustafsson UPDATING data to tables `leave` fields ( status, appr_emp, appr_date ) values (1, cagu001, 2019-07-09 11:14:41) on conditions group_id = 73
11:14:48 cagu001 Carina Gustafsson UPDATING data to tables `leave` fields ( status, appr_emp, appr_date ) values (1, cagu001, 2019-07-09 11:14:48) on conditions group_id = 192
11:15:34 cagu001 Carina Gustafsson UPDATING data to tables `leave` fields ( status, appr_emp, appr_date ) values (1, cagu001, 2019-07-09 11:15:34) on conditions group_id = 95
11:15:40 cagu001 Carina Gustafsson UPDATING data to tables `leave` fields ( status, appr_emp, appr_date ) values (1, cagu001, 2019-07-09 11:15:40) on conditions group_id = 208
11:15:46 cagu001 Carina Gustafsson UPDATING data to tables `leave` fields ( status, appr_emp, appr_date ) values (1, cagu001, 2019-07-09 11:15:46) on conditions group_id = 202
11:15:54 cagu001 Carina Gustafsson UPDATING data to tables `leave` fields ( status, appr_emp, appr_date ) values (1, cagu001, 2019-07-09 11:15:54) on conditions group_id = 204
11:16:00 cagu001 Carina Gustafsson UPDATING data to tables `leave` fields ( status, appr_emp, appr_date ) values (1, cagu001, 2019-07-09 11:16:00) on conditions group_id = 203
11:18:52 cagu001 Carina Gustafsson UPDATING data to tables `time2vie_cirruscommon`.`ws_sessions` fields ( user_id ) values (cagu001) on conditions session_id = 7e2d700529915044d164e5d6b861204e
11:19:16 cagu001 Carina Gustafsson UPDATING data to tables `timetable` fields ( customer, employee, date, time_from, time_to, fkkn, type, status, comment ) values (chwa001, thgu002, 2019-07-09, 8.45, 15.30, 1, 0, 1, ) on conditions id = 694
11:19:35 cagu001 Carina Gustafsson UPDATING data to tables `timetable` fields ( customer, employee, date, time_from, time_to, fkkn, type, status, comment ) values (chwa001, lawa002, 2019-07-09, 0.00, 9.00, 1, 0, 1, ) on conditions id = 2249
11:20:36 cagu001 Carina Gustafsson UPDATING data to tables `time2vie_cirruscommon`.`ws_sessions` fields ( user_id ) values (cagu001) on conditions session_id = 7e2d700529915044d164e5d6b861204e
11:29:34 cagu001 Carina Gustafsson INSERTING data into tables `timetable` fields ( employee, customer, fkkn, type, date, time_from, time_to, status, created_status, alloc_emp, comment ) values ( biwa003, chwa001, 1, 0, 2019-07-10, 7.15, 18, 1, , cagu001,  ) => {inserted_id = 2364}
11:32:57 thgu002 Therese Gustafsson INSERTING data into tables `log_login` fields ( username, ip, browser ) values ( thgu002, 94.103.194.75, Mozilla/5.0 (Linux; Android 9; SAMSUNG SM-A530F Build/PPR1.180610.011) AppleWebKit/537.36 (KHTML, like Gecko) SamsungBrowser/9.2 Chrome/67.0.3396.87 Mobile Safari/537.36 ) => {inserted_id = 2186}
11:32:57 thgu002 Therese Gustafsson DELETE data from tables `temp_session` on conditions username LIKE thgu002
11:32:57 thgu002 Therese Gustafsson UPDATING data to tables `time2vie_cirruscommon`.`login` fields ( login, last_time ) values (1, 2019-07-09 11:32:57) on conditions username = thgu002
11:32:57 thgu002 Therese Gustafsson UPDATING data to tables `time2vie_cirruscommon`.`secondary_login` fields ( last_login_time ) values (2019-07-09 11:32:57) on conditions username = thgu002 AND company_id = 20
11:32:57 thgu002 Therese Gustafsson UPDATING data to tables `time2vie_cirruscommon`.`ws_sessions` fields ( user_id ) values (thgu002) on conditions session_id = f7fe68f77a8c062c3c049caf0461206a
11:33:43 thgu002 Therese Gustafsson UPDATING data to tables `time2vie_cirruscommon`.`ws_sessions` fields ( user_id ) values (thgu002) on conditions session_id = f7fe68f77a8c062c3c049caf0461206a
11:34:52 thgu002 Therese Gustafsson UPDATING data to tables `time2vie_cirruscommon`.`ws_sessions` fields ( user_id ) values (thgu002) on conditions session_id = f7fe68f77a8c062c3c049caf0461206a
11:35:20 thgu002 Therese Gustafsson UPDATING data to tables `time2vie_cirruscommon`.`ws_sessions` fields ( user_id ) values (thgu002) on conditions session_id = f7fe68f77a8c062c3c049caf0461206a
11:35:45 thgu002 Therese Gustafsson UPDATING data to tables `time2vie_cirruscommon`.`ws_sessions` fields ( user_id ) values (thgu002) on conditions session_id = f7fe68f77a8c062c3c049caf0461206a
11:35:49 thgu002 Therese Gustafsson UPDATING data to tables `time2vie_cirruscommon`.`ws_sessions` fields ( user_id ) values (thgu002) on conditions session_id = f7fe68f77a8c062c3c049caf0461206a
11:36:09 thgu002 Therese Gustafsson UPDATING data to tables `time2vie_cirruscommon`.`ws_sessions` fields ( user_id ) values (thgu002) on conditions session_id = f7fe68f77a8c062c3c049caf0461206a
11:36:13 thgu002 Therese Gustafsson UPDATING data to tables `time2vie_cirruscommon`.`ws_sessions` fields ( user_id ) values (thgu002) on conditions session_id = f7fe68f77a8c062c3c049caf0461206a
11:36:15 anka019 Anna Kawalya Westerberg INSERTING data into tables `log_login` fields ( username, ip, browser ) values ( anka019, 94.103.194.75, Mozilla/5.0 (iPhone; CPU iPhone OS 12_3_2 like Mac OS X) AppleWebKit/605.1.15 (KHTML, like Gecko) Version/12.1.1 Mobile/15E148 Safari/604.1 ) => {inserted_id = 2187}
11:36:15 anka019 Anna Kawalya Westerberg DELETE data from tables `temp_session` on conditions username LIKE anka019
11:36:15 anka019 Anna Kawalya Westerberg UPDATING data to tables `time2vie_cirruscommon`.`login` fields ( login, last_time ) values (1, 2019-07-09 11:36:15) on conditions username = anka019
11:36:15 anka019 Anna Kawalya Westerberg UPDATING data to tables `time2vie_cirruscommon`.`secondary_login` fields ( last_login_time ) values (2019-07-09 11:36:15) on conditions username = anka019 AND company_id = 20
11:36:16 anka019 Anna Kawalya Westerberg UPDATING data to tables `time2vie_cirruscommon`.`ws_sessions` fields ( user_id ) values (anka019) on conditions session_id = 72e87f8b79b5f9956b4abddd59ab4ef5
11:36:26 thgu002 Therese Gustafsson UPDATING data to tables `time2vie_cirruscommon`.`ws_sessions` fields ( user_id ) values (thgu002) on conditions session_id = f7fe68f77a8c062c3c049caf0461206a
11:36:34 thgu002 Therese Gustafsson UPDATING data to tables `time2vie_cirruscommon`.`ws_sessions` fields ( user_id ) values (thgu002) on conditions session_id = f7fe68f77a8c062c3c049caf0461206a
11:43:30 thgu002 Therese Gustafsson UPDATING data to tables `time2vie_cirruscommon`.`ws_sessions` fields ( user_id ) values (thgu002) on conditions session_id = f7fe68f77a8c062c3c049caf0461206a
11:43:48 thgu002 Therese Gustafsson UPDATING data to tables `time2vie_cirruscommon`.`ws_sessions` fields ( user_id ) values (thgu002) on conditions session_id = f7fe68f77a8c062c3c049caf0461206a
12:41:12 idah001 Ida-Caroline Ahnström UPDATING data to tables `time2vie_cirruscommon`.`secondary_login` fields ( error ) values (0) on conditions username = idah001 AND company_id = 20
12:41:12 idah001 Ida-Caroline Ahnström INSERTING data into tables `log_login` fields ( username, ip, browser ) values ( idah001, 94.234.47.21, CirrusM/3 CFNetwork/897.15 Darwin/17.5.0 ) => {inserted_id = 2188}
12:41:12 idah001 Ida-Caroline Ahnström DELETE data from tables `temp_session` on conditions username LIKE idah001
12:41:12 idah001 Ida-Caroline Ahnström UPDATING data to tables `time2vie_cirruscommon`.`login` fields ( login, last_time ) values (1, 2019-07-09 12:41:12) on conditions username = idah001
12:41:12 idah001 Ida-Caroline Ahnström UPDATING data to tables `time2vie_cirruscommon`.`secondary_login` fields ( last_login_time ) values (2019-07-09 12:41:12) on conditions username = idah001 AND company_id = 20
12:41:12 idah001 Ida-Caroline Ahnström UPDATING data to tables `time2vie_cirruscommon`.`push_notify_tokens` fields ( user_id, updated_date, error ) values (idah001, 2019-07-09 12:41:12, 0) on conditions fcm_token = cbvlTTrlw38:APA91bFoyRXLRicQp_YsExlXTiWEEnPZBADMpfi_7utX-rcZZYleqgFvkb_1s_mT4RV6gZdk-KWPfC6HcQlzNZ2pRXrUcSZ4qKpOtCYpoMz4QQ13wEmP4i75Q_GibGT_0mlkRiGfF4Jg AND device_id = 6B366F82-6AFA-42F7-A27E-D6AB483287E1 #Mobile-App: Log-id=2188
12:48:08 cagu001 Carina Gustafsson UPDATING data to tables `time2vie_cirruscommon`.`ws_sessions` fields ( user_id ) values (cagu001) on conditions session_id = 7e2d700529915044d164e5d6b861204e
13:02:41 vigu002 Victoria Gunnarsson UPDATING data to tables `time2vie_cirruscommon`.`secondary_login` fields ( error ) values (0) on conditions username = vigu002 AND company_id = 20
13:02:41 vigu002 Victoria Gunnarsson INSERTING data into tables `log_login` fields ( username, ip, browser ) values ( vigu002, 217.214.149.38, CirrusM/3 CFNetwork/978.0.7 Darwin/18.6.0 ) => {inserted_id = 2189}
13:02:41 vigu002 Victoria Gunnarsson DELETE data from tables `temp_session` on conditions username LIKE vigu002
13:02:41 vigu002 Victoria Gunnarsson UPDATING data to tables `time2vie_cirruscommon`.`login` fields ( login, last_time ) values (1, 2019-07-09 13:02:41) on conditions username = vigu002
13:02:41 vigu002 Victoria Gunnarsson UPDATING data to tables `time2vie_cirruscommon`.`secondary_login` fields ( last_login_time ) values (2019-07-09 13:02:41) on conditions username = vigu002 AND company_id = 20
13:02:41 vigu002 Victoria Gunnarsson UPDATING data to tables `time2vie_cirruscommon`.`push_notify_tokens` fields ( user_id, updated_date, error ) values (vigu002, 2019-07-09 13:02:41, 0) on conditions fcm_token = eNBwEiWThVE:APA91bEio9bXckzbj67NS8oxRTxQqyYs-vQOpklX1wCE1ELngNiIVN13EJ2ws_dMSzy5I4NjhZAQR_fx4j-Xg2KSuIIYY1nfrfP8P-5ClnmqFZiHQALSM75wTvl85mwUf0Sp8F8SnJOU AND device_id = 6C00932F-F54D-4038-9388-9528AFC81632 #Mobile-App: Log-id=2189
13:52:26 cagu001 Carina Gustafsson UPDATING data to tables `time2vie_cirruscommon`.`ws_sessions` fields ( user_id ) values (cagu001) on conditions session_id = 7e2d700529915044d164e5d6b861204e
14:26:24 cagu001 Carina Gustafsson UPDATING data to tables `time2vie_cirruscommon`.`ws_sessions` fields ( user_id ) values (cagu001) on conditions session_id = 7e2d700529915044d164e5d6b861204e
14:29:44 cagu001 Carina Gustafsson UPDATING data to tables `mc_note` fields ( read_users ) values (biwa003,biwa003,lawa002,biwa003,cagu001) on conditions note_id = 7
14:45:26 cagu001 Carina Gustafsson DELETE data from tables `temp_session` on conditions username LIKE cagu001
14:45:26 cagu001 Carina Gustafsson UPDATING data to tables `time2vie_cirruscommon`.`login` fields ( login, last_time ) values (0, 2019-07-09 14:45:26) on conditions username = cagu001
14:45:26 cagu001 Carina Gustafsson UPDATING data to tables `time2vie_cirruscommon`.`secondary_login` fields ( last_login_time ) values (2019-07-09 14:45:26) on conditions username = cagu001 AND company_id = 20
14:45:26   UPDATING data to tables `log_login` fields ( logout_time ) values (2019-07-09:12:45:26) on conditions id = 2185 AND username = cagu001
14:49:27 cagu001 Carina Gustafsson INSERTING data into tables `log_login` fields ( username, ip, browser ) values ( cagu001, 193.234.72.157, Mozilla/5.0 (Windows NT 10.0; Win64; x64) AppleWebKit/537.36 (KHTML, like Gecko) Chrome/75.0.3770.100 Safari/537.36 ) => {inserted_id = 2190}
14:49:27 cagu001 Carina Gustafsson DELETE data from tables `temp_session` on conditions username LIKE cagu001
14:49:27 cagu001 Carina Gustafsson UPDATING data to tables `time2vie_cirruscommon`.`login` fields ( login, last_time ) values (1, 2019-07-09 14:49:27) on conditions username = cagu001
14:49:27 cagu001 Carina Gustafsson UPDATING data to tables `time2vie_cirruscommon`.`secondary_login` fields ( last_login_time ) values (2019-07-09 14:49:27) on conditions username = cagu001 AND company_id = 20
14:49:28 cagu001 Carina Gustafsson UPDATING data to tables `time2vie_cirruscommon`.`ws_sessions` fields ( user_id ) values (cagu001) on conditions session_id = 56428bc5496619fc9229033ca8ff4e0f
14:52:32 biwa003 Birgitta Wåhlander INSERTING data into tables `log_login` fields ( username, ip, browser ) values ( biwa003, 193.234.72.157, Mozilla/5.0 (Windows NT 10.0; Win64; x64) AppleWebKit/537.36 (KHTML, like Gecko) Chrome/75.0.3770.100 Safari/537.36 ) => {inserted_id = 2191}
14:52:32 biwa003 Birgitta Wåhlander DELETE data from tables `temp_session` on conditions username LIKE biwa003
14:52:32 biwa003 Birgitta Wåhlander UPDATING data to tables `time2vie_cirruscommon`.`login` fields ( login, last_time ) values (1, 2019-07-09 14:52:32) on conditions username = biwa003
14:52:32 biwa003 Birgitta Wåhlander UPDATING data to tables `time2vie_cirruscommon`.`secondary_login` fields ( last_login_time ) values (2019-07-09 14:52:32) on conditions username = biwa003 AND company_id = 20
14:52:33 biwa003 Birgitta Wåhlander UPDATING data to tables `time2vie_cirruscommon`.`ws_sessions` fields ( user_id ) values (biwa003) on conditions session_id = e4c7feca59b5517981338c368684347c
14:54:35 cagu001 Carina Gustafsson INSERTING data into tables `time2vie_cirruscommon`.`login` fields ( username, mobile, social_security, password, role, login, date, company_ids ) values ( thca002, 735017047, 7804013360, 6518a05f1d9efb40be9fb87e78a7b5d8, 3, 0, 2019-07-09, 20, ) => {inserted_id = 0}
14:54:35 cagu001 Carina Gustafsson INSERTING data into tables `time2vie_cirruscommon`.`secondary_login` fields ( username, company_id, last_login_time, last_pw_update_date, error, password ) values ( thca002, 20, 0000-00-00 00:00:00, 2019-07-09, 0, 6518a05f1d9efb40be9fb87e78a7b5d8 ) => {inserted_id = 8668}
14:54:35 cagu001 Carina Gustafsson INSERTING data into tables `employee` fields ( username, century, code, social_security, first_name, last_name, gender, address, city, post, phone, mobile, email, date, color, status, date_inactive, max_hours, monthly_salary, start_day, remaining_sem_leave, sem_leave_todate, leave_in_advance, care_of, office_personal, substitute, salary_type, sem_leave_days, vab_leave_days, fp_leave_days, nopay_leave_days, other_leave_days, ice, employee_contract_start_month, employee_contract_period_date, employee_contract_period_length, candg_follow, inconvenient_on ) values ( thca002, 19, 1-11, 7804013360, Therese, Calic, 2, Spannarp 195, TVÅÅKER, 432 77, , 735017047, plippitess@yahoo.se, 2019-08-18, #9900ff, 1, , 17, 0, 10.00, , , , , , , 1, 1, 1, 1, 1, 1, , 08, 1, 04, , 1 ) => {inserted_id = 0}
14:54:35 cagu001 Carina Gustafsson UPDATING data to tables `time2vie_cirruscommon`.`login` fields ( company_ids=CONCAT(`company_ids`,?) ) values (20,) on conditions social_security = 7804013360 AND company_ids NOT LIKE %20,%
14:54:35 cagu001 Carina Gustafsson INSERTING data into tables `team` fields ( customer, employee, role ) values ( mygu001, thca002, 3 ) => {inserted_id = 0}
14:56:54 cagu001 Carina Gustafsson INSERTING data into tables `employee_contract` fields ( employee, date_from, date_to, hour, monthly_oncall_hour, customer_name, customer_social_secutrity, have_been_agreed, tmp_long_assistance_from, tmp_long_assistance_to, tmp_assistance_for, absence_from, absence_to, special_appointment, probationary_from, probationary_to, open_ended_appointment, prevailing_collective, fulltime, part_time, salary_month, salary_hour, incl_salary, excl_salary, incl_wages, act_salary, bank_account, leave_per_year, excl_holiday_pay, incl_salary_compensation, special_condition, notes, alloc_employee, normal_week_hr, oncall_week_hr, assistanceChecked, other_customer, employmentType ) values ( thca002, 2019-08-18, 2020-02-17, 30, 0, mygu001, , 1, , , , , , 1, 2019-08-18, 2020-02-17, , , 2, 30, , 138.00, , 1, 1, , , 25, , , , , cagu001, 40, 0, , , 1 ) => {inserted_id = 28}
14:57:47 cagu001 Carina Gustafsson INSERTING data into tables `privileges` fields ( employee, customer ) values ( thca002, mygu001 ) => {inserted_id = 0}
14:57:47 cagu001 Carina Gustafsson UPDATING data to tables `privileges` fields ( swap, process, add_slot, fkkn, slot_type, add_customer, add_employee, remove_customer, remove_employee, `leave`, copy_single_slot, copy_single_slot_option, copy_day_slot, copy_day_slot_option, split_slot, delete_slot, delete_day_slot, delete_multiple_slots, contract_override, atl_override, change_time, no_pay_leave, candg_approve, show_percentage_monthly, not_show_employees ) values (0, 0, 0, 0, 0, 1, 1, 0, 0, 1, 0, 0, 0, 0, 0, 0, 0, 0, 0, 0, 0, 0, 0, 0, 0) on conditions employee = thca002 AND customer = mygu001
14:59:44 cagu001 Carina Gustafsson INSERTING data into tables `privileges_reports` fields ( employee ) values ( thca002 ) => {inserted_id = 0}
14:59:44 cagu001 Carina Gustafsson UPDATING data to tables `privileges_reports` fields ( customer_schedule, employee_schedule, employee_workreport, customer_data, customer_leave, customer_granded_vs_used, customer_employee_connection, customer_horizontal, customer_overview, customer_vacation_planning, employee_data, employee_leave, employee_percentage, atl_warning, customer_overlapping, employee_skill
                     ) values (1, 1, 1, 0, 0, 0, 0, 1, 1, 1, 0, 0, 0, 0, 0, 0) on conditions employee = thca002
15:00:08 cagu001 Carina Gustafsson INSERTING data into tables `privileges_general` fields ( employee, add_employee, add_customer, inconvenient_timing, administration, chat, edit_employee, edit_customer, survey, create_template, use_template, candg_wi, candg_wo, mobile_search, employer_signing, candg_stop_other_emps, employee_settings_contract, employee_settings_salary, employee_settings_notification, employee_settings_privileges, employee_settings_cv, employee_settings_documentation, employee_settings_preference, customer_settings_insurance_fk, customer_settings_insurance_kn, customer_settings_insurance_tu, customer_settings_implan, customer_settings_deswork, customer_settings_documentation, customer_settings_equipment, customer_settings_privileges, customer_settings_appointment, customer_settings_oncall, customer_settings_3066, customer_settings_sick_form_defaults, customer_settings_location, administration_fk_export, candg_on, recruitment, customer_doc_field, employee_check_list ) values ( thca002, 0, 0, 0, 0, 0, 0, 0, 0, 0, 0, 0, 0, 0, 1, 0, 0, 0, 0, 0, 0, 0, 0, 0, 0, 0, 0, 0, 0, 0, 0, 0, 0, 0, 0, 0, 0, 0, 0, 0, 0 ) => {inserted_id = 0}
15:00:38 cagu001 Carina Gustafsson INSERTING data into tables `privileges_mc` fields ( employee ) values ( thca002 ) => {inserted_id = 0}
15:00:38 cagu001 Carina Gustafsson UPDATING data to tables `privileges_mc` fields ( leave_notification, leave_approval, leave_rejection, leave_edit, notes, cirrus_mail, external_mail, sms, notes_approval, notes_rejection, notes_attchment, document_archive, support, sms_general, approve_all_leave ) values (0, 0, 0, 0, 1, 1, 1, 0, 0, 0, 0, 0, 0, 0, 0) on conditions employee = thca002
15:02:38 anka019 Anna Kawalya Westerberg UPDATING data to tables `time2vie_cirruscommon`.`secondary_login` fields ( error ) values (0) on conditions username = anka019 AND company_id = 20
15:02:38 anka019 Anna Kawalya Westerberg INSERTING data into tables `log_login` fields ( username, ip, browser ) values ( anka019, 94.103.194.75, CirrusM/3 CFNetwork/978.0.7 Darwin/18.6.0 ) => {inserted_id = 2192}
15:02:38 anka019 Anna Kawalya Westerberg DELETE data from tables `temp_session` on conditions username LIKE anka019
15:02:38 anka019 Anna Kawalya Westerberg UPDATING data to tables `time2vie_cirruscommon`.`login` fields ( login, last_time ) values (1, 2019-07-09 15:02:38) on conditions username = anka019
15:02:38 anka019 Anna Kawalya Westerberg UPDATING data to tables `time2vie_cirruscommon`.`secondary_login` fields ( last_login_time ) values (2019-07-09 15:02:38) on conditions username = anka019 AND company_id = 20
15:02:38 anka019 Anna Kawalya Westerberg UPDATING data to tables `time2vie_cirruscommon`.`push_notify_tokens` fields ( user_id, updated_date, error ) values (anka019, 2019-07-09 15:02:38, 0) on conditions fcm_token = d1wrzQOne94:APA91bF1TllusnUz8SELcZ1CzExxSwlnPFfAQ5QkbRyTpK9eJ84uCoCb6y31qm7p3KorK7XTMOqj6eCBRTPOL0IJHR6rW_5PBjjRad-FCKr4ulj-X-UaOmvsoCzc7WoiHZLfDBO1T6NY AND device_id = B1006F38-159E-4822-8F2A-E03AAB239F05 #Mobile-App: Log-id=2192
15:03:02 cagu001 Carina Gustafsson UPDATING data to tables `privileges` fields ( swap, process, add_slot, fkkn, slot_type, add_customer, add_employee, remove_customer, remove_employee, `leave`, copy_single_slot, copy_single_slot_option, copy_day_slot, copy_day_slot_option, split_slot, delete_slot, delete_day_slot, delete_multiple_slots, contract_override, atl_override, change_time, no_pay_leave, candg_approve, show_percentage_monthly, not_show_employees ) values (0, 0, 0, 0, 0, 0, 0, 0, 0, 1, 0, 0, 0, 0, 0, 0, 0, 0, 0, 0, 0, 0, 0, 0, 0) on conditions employee = thca002 AND customer = mygu001
15:04:23 biwa003 Birgitta Wåhlander UPDATING data to tables `time2vie_cirruscommon`.`ws_sessions` fields ( user_id ) values (biwa003) on conditions session_id = e4c7feca59b5517981338c368684347c
15:04:36 biwa003 Birgitta Wåhlander UPDATING data to tables `time2vie_cirruscommon`.`ws_sessions` fields ( user_id ) values (biwa003) on conditions session_id = e4c7feca59b5517981338c368684347c
15:10:09 cagu001 Carina Gustafsson INSERTING data into tables `time2vie_cirruscommon`.`login` fields ( username, mobile, social_security, password, role, login, date, company_ids ) values ( asgr002, 768648549, 6710304624, 6518a05f1d9efb40be9fb87e78a7b5d8, 3, 0, 2019-07-09, 20, ) => {inserted_id = 0}
15:10:09 cagu001 Carina Gustafsson INSERTING data into tables `time2vie_cirruscommon`.`secondary_login` fields ( username, company_id, last_login_time, last_pw_update_date, error, password ) values ( asgr002, 20, 0000-00-00 00:00:00, 2019-07-09, 0, 6518a05f1d9efb40be9fb87e78a7b5d8 ) => {inserted_id = 8669}
15:10:09 cagu001 Carina Gustafsson INSERTING data into tables `employee` fields ( username, century, code, social_security, first_name, last_name, gender, address, city, post, phone, mobile, email, date, color, status, date_inactive, max_hours, monthly_salary, start_day, remaining_sem_leave, sem_leave_todate, leave_in_advance, care_of, office_personal, substitute, salary_type, sem_leave_days, vab_leave_days, fp_leave_days, nopay_leave_days, other_leave_days, ice, employee_contract_start_month, employee_contract_period_date, employee_contract_period_length, candg_follow, inconvenient_on ) values ( asgr002, 19, 1-12, 6710304624, Åsa, Grimberg, 2, Åppekstigen 6, LÅNGÅS, 311 93, , 768648549, grimbergasa@gmail.com, 2019-08-20, #ffff00, 1, , 17, 0, 10.00, , , , , , , 1, 1, , , 1, 1, , 08, 1, 04, , 1 ) => {inserted_id = 0}
15:10:09 cagu001 Carina Gustafsson UPDATING data to tables `time2vie_cirruscommon`.`login` fields ( company_ids=CONCAT(`company_ids`,?) ) values (20,) on conditions social_security = 6710304624 AND company_ids NOT LIKE %20,%
15:10:09 cagu001 Carina Gustafsson INSERTING data into tables `team` fields ( customer, employee, role ) values ( mygu001, asgr002, 3 ) => {inserted_id = 0}
15:11:28 cagu001 Carina Gustafsson INSERTING data into tables `employee_contract` fields ( employee, date_from, date_to, hour, monthly_oncall_hour, customer_name, customer_social_secutrity, have_been_agreed, tmp_long_assistance_from, tmp_long_assistance_to, tmp_assistance_for, absence_from, absence_to, special_appointment, probationary_from, probationary_to, open_ended_appointment, prevailing_collective, fulltime, part_time, salary_month, salary_hour, incl_salary, excl_salary, incl_wages, act_salary, bank_account, leave_per_year, excl_holiday_pay, incl_salary_compensation, special_condition, notes, alloc_employee, normal_week_hr, oncall_week_hr, assistanceChecked, other_customer, employmentType ) values ( asgr002, 2019-08-20, 2020-02-19, 33.3, 0, mygu001, , 1, , , , , , 1, 2019-08-20, 2020-02-19, , , 2, 33.3, 138.00, , , 1, 1, , , 25, , , , , cagu001, 40, 0, , , 1 ) => {inserted_id = 29}
15:11:55 cagu001 Carina Gustafsson INSERTING data into tables `privileges` fields ( employee, customer ) values ( asgr002, mygu001 ) => {inserted_id = 0}
15:11:55 cagu001 Carina Gustafsson UPDATING data to tables `privileges` fields ( swap, process, add_slot, fkkn, slot_type, add_customer, add_employee, remove_customer, remove_employee, `leave`, copy_single_slot, copy_single_slot_option, copy_day_slot, copy_day_slot_option, split_slot, delete_slot, delete_day_slot, delete_multiple_slots, contract_override, atl_override, change_time, no_pay_leave, candg_approve, show_percentage_monthly, not_show_employees ) values (0, 0, 0, 0, 0, 0, 0, 0, 0, 1, 0, 0, 0, 0, 0, 0, 0, 0, 0, 0, 0, 0, 0, 0, 0) on conditions employee = asgr002 AND customer = mygu001
15:12:17 cagu001 Carina Gustafsson INSERTING data into tables `privileges_reports` fields ( employee ) values ( asgr002 ) => {inserted_id = 0}
15:12:17 cagu001 Carina Gustafsson UPDATING data to tables `privileges_reports` fields ( customer_schedule, employee_schedule, employee_workreport, customer_data, customer_leave, customer_granded_vs_used, customer_employee_connection, customer_horizontal, customer_overview, customer_vacation_planning, employee_data, employee_leave, employee_percentage, atl_warning, customer_overlapping, employee_skill
                     ) values (1, 1, 1, 0, 0, 0, 0, 1, 1, 1, 0, 0, 0, 0, 0, 0) on conditions employee = asgr002
15:12:27 cagu001 Carina Gustafsson INSERTING data into tables `privileges_general` fields ( employee, add_employee, add_customer, inconvenient_timing, administration, chat, edit_employee, edit_customer, survey, create_template, use_template, candg_wi, candg_wo, mobile_search, employer_signing, candg_stop_other_emps, employee_settings_contract, employee_settings_salary, employee_settings_notification, employee_settings_privileges, employee_settings_cv, employee_settings_documentation, employee_settings_preference, customer_settings_insurance_fk, customer_settings_insurance_kn, customer_settings_insurance_tu, customer_settings_implan, customer_settings_deswork, customer_settings_documentation, customer_settings_equipment, customer_settings_privileges, customer_settings_appointment, customer_settings_oncall, customer_settings_3066, customer_settings_sick_form_defaults, customer_settings_location, administration_fk_export, candg_on, recruitment, customer_doc_field, employee_check_list ) values ( asgr002, 0, 0, 0, 0, 0, 0, 0, 0, 0, 0, 0, 0, 0, 1, 0, 0, 0, 0, 0, 0, 0, 0, 0, 0, 0, 0, 0, 0, 0, 0, 0, 0, 0, 0, 0, 0, 0, 0, 0, 0 ) => {inserted_id = 0}
15:13:02 cagu001 Carina Gustafsson INSERTING data into tables `privileges_mc` fields ( employee ) values ( asgr002 ) => {inserted_id = 0}
15:13:02 cagu001 Carina Gustafsson UPDATING data to tables `privileges_mc` fields ( leave_notification, leave_approval, leave_rejection, leave_edit, notes, cirrus_mail, external_mail, sms, notes_approval, notes_rejection, notes_attchment, document_archive, support, sms_general, approve_all_leave ) values (0, 0, 0, 0, 1, 1, 1, 0, 0, 0, 0, 0, 0, 0, 0) on conditions employee = asgr002
15:13:10 biwa003 Birgitta Wåhlander DELETE data from tables `temp_session` on conditions username LIKE biwa003
15:13:10 biwa003 Birgitta Wåhlander UPDATING data to tables `time2vie_cirruscommon`.`login` fields ( login, last_time ) values (0, 2019-07-09 15:13:10) on conditions username = biwa003
15:13:10 biwa003 Birgitta Wåhlander UPDATING data to tables `time2vie_cirruscommon`.`secondary_login` fields ( last_login_time ) values (2019-07-09 15:13:10) on conditions username = biwa003 AND company_id = 20
15:13:10   UPDATING data to tables `log_login` fields ( logout_time ) values (2019-07-09:13:13:10) on conditions id = 2191 AND username = biwa003
15:14:59 cagu001 Carina Gustafsson UPDATING data to tables `time2vie_cirruscommon`.`ws_sessions` fields ( user_id ) values (cagu001) on conditions session_id = 56428bc5496619fc9229033ca8ff4e0f
15:16:28 cagu001 Carina Gustafsson INSERTING data into tables `timetable` fields ( employee, customer, fkkn, type, date, time_from, time_to, status, created_status, alloc_emp, comment ) values ( thca002, mygu001, 1, 8, 2019-08-18, 9.30, 17, 1, , cagu001,  ) => {inserted_id = 2365}
15:16:28 cagu001 Carina Gustafsson INSERTING data into tables `memory_slots` fields ( customer, time_from, time_to, type ) values ( mygu001, 9.30, 17, 8 ) => {inserted_id = 90}
15:17:06 cagu001 Carina Gustafsson INSERTING data into tables `timetable` fields ( employee, customer, fkkn, type, date, time_from, time_to, status, created_status, alloc_emp, comment ) values ( thca002, mygu001, 1, 8, 2019-08-20, 7.30, 21, 1, , cagu001,  ) => {inserted_id = 2366}
15:17:06 cagu001 Carina Gustafsson INSERTING data into tables `memory_slots` fields ( customer, time_from, time_to, type ) values ( mygu001, 7.30, 21, 8 ) => {inserted_id = 91}
15:17:49 cagu001 Carina Gustafsson INSERTING data into tables `timetable` fields ( employee, customer, fkkn, type, date, time_from, time_to, status, created_status, alloc_emp, comment ) values ( thca002, mygu001, 1, 8, 2019-08-22, 7.30, 21, 1, , cagu001,  ) => {inserted_id = 2367}
15:18:38 cagu001 Carina Gustafsson INSERTING data into tables `timetable` fields ( employee, customer, fkkn, type, date, time_from, time_to, status, created_status, alloc_emp, comment ) values ( thca002, mygu001, 1, 8, 2019-08-26, 13, 24, 1, , cagu001,  ) => {inserted_id = 2368}
15:18:38 cagu001 Carina Gustafsson INSERTING data into tables `timetable` fields ( employee, customer, fkkn, type, date, time_from, time_to, status, created_status, alloc_emp, comment ) values ( thca002, mygu001, 1, 3, 2019-08-27, 0.00, 6.00, 1, , cagu001,  ) => {inserted_id = 2369}
15:18:38 cagu001 Carina Gustafsson INSERTING data into tables `timetable` fields ( employee, customer, fkkn, type, date, time_from, time_to, status, created_status, alloc_emp, comment ) values ( thca002, mygu001, 1, 8, 2019-08-27, 6.00, 8.30, 1, , cagu001,  ) => {inserted_id = 2370}
15:19:24 cagu001 Carina Gustafsson INSERTING data into tables `timetable` fields ( employee, customer, fkkn, type, date, time_from, time_to, status, created_status, alloc_emp, comment ) values ( , mygu001, 1, 8, 2019-08-30, 7.30, 24, 0, , cagu001,  ) => {inserted_id = 2371}
15:19:24 cagu001 Carina Gustafsson INSERTING data into tables `memory_slots` fields ( customer, time_from, time_to, type ) values ( mygu001, 7.30, 24, 8 ) => {inserted_id = 92}
15:19:51 cagu001 Carina Gustafsson UPDATING data to tables `timetable` fields ( status, employee, alloc_emp ) values (1, thca002, cagu001) on conditions id = 2371
15:20:27 cagu001 Carina Gustafsson INSERTING data into tables `timetable` fields ( employee, customer, fkkn, type, date, time_from, time_to, status, created_status, alloc_emp, comment ) values ( thca002, mygu001, 1, 3, 2019-08-31, 0.00, 6.00, 1, , cagu001,  ) => {inserted_id = 2372}
15:20:27 cagu001 Carina Gustafsson INSERTING data into tables `timetable` fields ( employee, customer, fkkn, type, date, time_from, time_to, status, created_status, alloc_emp, comment ) values ( thca002, mygu001, 1, 8, 2019-08-31, 6.00, 8.30, 1, , cagu001,  ) => {inserted_id = 2373}
15:20:27 cagu001 Carina Gustafsson INSERTING data into tables `memory_slots` fields ( customer, time_from, time_to, type ) values ( mygu001, 0.00, 8.30, 8 ) => {inserted_id = 93}
15:23:30 biwa003 Birgitta Wåhlander INSERTING data into tables `log_login` fields ( username, ip, browser ) values ( biwa003, 193.234.72.157, Mozilla/5.0 (Windows NT 10.0; Win64; x64) AppleWebKit/537.36 (KHTML, like Gecko) Chrome/75.0.3770.100 Safari/537.36 ) => {inserted_id = 2193}
15:23:30 biwa003 Birgitta Wåhlander DELETE data from tables `temp_session` on conditions username LIKE biwa003
15:23:30 biwa003 Birgitta Wåhlander UPDATING data to tables `time2vie_cirruscommon`.`login` fields ( login, last_time ) values (1, 2019-07-09 15:23:30) on conditions username = biwa003
15:23:30 biwa003 Birgitta Wåhlander UPDATING data to tables `time2vie_cirruscommon`.`secondary_login` fields ( last_login_time ) values (2019-07-09 15:23:30) on conditions username = biwa003 AND company_id = 20
15:23:31 biwa003 Birgitta Wåhlander UPDATING data to tables `time2vie_cirruscommon`.`ws_sessions` fields ( user_id ) values (biwa003) on conditions session_id = 8b6cf3249ef389f22c6b3b51a8fc2b35
15:28:29 biwa003 Birgitta Wåhlander UPDATING data to tables `time2vie_cirruscommon`.`ws_sessions` fields ( user_id ) values (biwa003) on conditions session_id = 8b6cf3249ef389f22c6b3b51a8fc2b35
15:37:18 cagu001 Carina Gustafsson DELETE data from tables `temp_session` on conditions username LIKE cagu001
15:37:18 cagu001 Carina Gustafsson UPDATING data to tables `time2vie_cirruscommon`.`login` fields ( login, last_time ) values (0, 2019-07-09 15:37:18) on conditions username = cagu001
15:37:18 cagu001 Carina Gustafsson UPDATING data to tables `time2vie_cirruscommon`.`secondary_login` fields ( last_login_time ) values (2019-07-09 15:37:18) on conditions username = cagu001 AND company_id = 20
15:37:18   UPDATING data to tables `log_login` fields ( logout_time ) values (2019-07-09:13:37:18) on conditions id = 2190 AND username = cagu001
17:23:27 anka019 Anna Kawalya Westerberg INSERTING data into tables `log_login` fields ( username, ip, browser ) values ( anka019, 94.103.194.75, Mozilla/5.0 (iPhone; CPU iPhone OS 12_3_2 like Mac OS X) AppleWebKit/605.1.15 (KHTML, like Gecko) Version/12.1.1 Mobile/15E148 Safari/604.1 ) => {inserted_id = 2194}
17:23:27 anka019 Anna Kawalya Westerberg DELETE data from tables `temp_session` on conditions username LIKE anka019
17:23:27 anka019 Anna Kawalya Westerberg UPDATING data to tables `time2vie_cirruscommon`.`login` fields ( login, last_time ) values (1, 2019-07-09 17:23:27) on conditions username = anka019
17:23:27 anka019 Anna Kawalya Westerberg UPDATING data to tables `time2vie_cirruscommon`.`secondary_login` fields ( last_login_time ) values (2019-07-09 17:23:27) on conditions username = anka019 AND company_id = 20
17:23:28 anka019 Anna Kawalya Westerberg UPDATING data to tables `time2vie_cirruscommon`.`ws_sessions` fields ( user_id ) values (anka019) on conditions session_id = 61fb061c602a21871ed124f0d2da11ba
19:36:01 biwa003 Birgitta Wåhlander INSERTING data into tables `log_login` fields ( username, ip, browser ) values ( biwa003, 185.27.165.66, Mozilla/5.0 (iPad; CPU OS 10_3_3 like Mac OS X) AppleWebKit/603.1.30 (KHTML, like Gecko) CriOS/71.0.3578.89 Mobile/14G60 Safari/602.1 ) => {inserted_id = 2195}
19:36:01 biwa003 Birgitta Wåhlander DELETE data from tables `temp_session` on conditions username LIKE biwa003
19:36:01 biwa003 Birgitta Wåhlander UPDATING data to tables `time2vie_cirruscommon`.`login` fields ( login, last_time ) values (1, 2019-07-09 19:36:01) on conditions username = biwa003
19:36:01 biwa003 Birgitta Wåhlander UPDATING data to tables `time2vie_cirruscommon`.`secondary_login` fields ( last_login_time ) values (2019-07-09 19:36:01) on conditions username = biwa003 AND company_id = 20
19:36:02 biwa003 Birgitta Wåhlander UPDATING data to tables `time2vie_cirruscommon`.`ws_sessions` fields ( user_id ) values (biwa003) on conditions session_id = ac816190cab9955661627d943022f14d
20:27:18 cagu001 Carina Gustafsson UPDATING data to tables `time2vie_cirruscommon`.`secondary_login` fields ( error ) values (0) on conditions username = cagu001 AND company_id = 20
20:27:18 cagu001 Carina Gustafsson INSERTING data into tables `log_login` fields ( username, ip, browser ) values ( cagu001, 176.10.245.4, okhttp/3.9.1 ) => {inserted_id = 2196}
20:27:18 cagu001 Carina Gustafsson DELETE data from tables `temp_session` on conditions username LIKE cagu001
20:27:18 cagu001 Carina Gustafsson UPDATING data to tables `time2vie_cirruscommon`.`login` fields ( login, last_time ) values (1, 2019-07-09 20:27:18) on conditions username = cagu001
20:27:18 cagu001 Carina Gustafsson UPDATING data to tables `time2vie_cirruscommon`.`secondary_login` fields ( last_login_time ) values (2019-07-09 20:27:18) on conditions username = cagu001 AND company_id = 20
22:35:13 mibr004 Mikaela Braun INSERTING data into tables `log_login` fields ( username, ip, browser ) values ( mibr004, 83.185.91.107, Mozilla/5.0 (iPhone; CPU iPhone OS 12_3_1 like Mac OS X) AppleWebKit/605.1.15 (KHTML, like Gecko) Version/12.1.1 Mobile/15E148 Safari/604.1 ) => {inserted_id = 2197}
22:35:13 mibr004 Mikaela Braun DELETE data from tables `temp_session` on conditions username LIKE mibr004
22:35:13 mibr004 Mikaela Braun UPDATING data to tables `time2vie_cirruscommon`.`login` fields ( login, last_time ) values (1, 2019-07-09 22:35:13) on conditions username = mibr004
22:35:13 mibr004 Mikaela Braun UPDATING data to tables `time2vie_cirruscommon`.`secondary_login` fields ( last_login_time ) values (2019-07-09 22:35:13) on conditions username = mibr004 AND company_id = 20
22:35:13 mibr004 Mikaela Braun UPDATING data to tables `time2vie_cirruscommon`.`ws_sessions` fields ( user_id ) values (mibr004) on conditions session_id = 1b180340d26306d35807641b0e62012f
22:49:16 hejo003 Helen Jörnås UPDATING data to tables `time2vie_cirruscommon`.`secondary_login` fields ( error ) values (0) on conditions username = hejo003 AND company_id = 20
22:49:16 hejo003 Helen Jörnås INSERTING data into tables `log_login` fields ( username, ip, browser ) values ( hejo003, 78.77.210.21, okhttp/3.9.1 ) => {inserted_id = 2198}
22:49:16 hejo003 Helen Jörnås DELETE data from tables `temp_session` on conditions username LIKE hejo003
22:49:16 hejo003 Helen Jörnås UPDATING data to tables `time2vie_cirruscommon`.`login` fields ( login, last_time ) values (1, 2019-07-09 22:49:16) on conditions username = hejo003
22:49:16 hejo003 Helen Jörnås UPDATING data to tables `time2vie_cirruscommon`.`secondary_login` fields ( last_login_time ) values (2019-07-09 22:49:16) on conditions username = hejo003 AND company_id = 20
22:58:33 gaan001 Gabriel Andersson UPDATING data to tables `time2vie_cirruscommon`.`secondary_login` fields ( error ) values (0) on conditions username = gaan001 AND company_id = 20
22:58:33 gaan001 Gabriel Andersson INSERTING data into tables `log_login` fields ( username, ip, browser ) values ( gaan001, 94.191.137.95, CirrusM/3 CFNetwork/978.0.7 Darwin/18.6.0 ) => {inserted_id = 2199}
22:58:33 gaan001 Gabriel Andersson DELETE data from tables `temp_session` on conditions username LIKE gaan001
22:58:33 gaan001 Gabriel Andersson UPDATING data to tables `time2vie_cirruscommon`.`login` fields ( login, last_time ) values (1, 2019-07-09 22:58:33) on conditions username = gaan001
22:58:33 gaan001 Gabriel Andersson UPDATING data to tables `time2vie_cirruscommon`.`secondary_login` fields ( last_login_time ) values (2019-07-09 22:58:33) on conditions username = gaan001 AND company_id = 20
22:58:34 gaan001 Gabriel Andersson UPDATING data to tables `time2vie_cirruscommon`.`push_notify_tokens` fields ( user_id, updated_date, error ) values (gaan001, 2019-07-09 22:58:34, 0) on conditions fcm_token = e51KWK9giv8:APA91bGHMno1HPtH6vgtvvNaxonNc-Bkvswgm2aT4OLq90CDlFw9H2dIl7Li18JiNkP-7pUOuc6Xu8RcoS51Ilqi8H-pAIQ3wxAPozVZ-o4Xh8AcIjJdCzDdKjcmheiVAB_gYeBo2P0d AND device_id = 2639B8CA-61CF-4C5F-AF35-FA532A697892 #Mobile-App: Log-id=2199
00:17:01 anka019 Anna Kawalya Westerberg INSERTING data into tables `log_login` fields ( username, ip, browser ) values ( anka019, 217.211.60.209, Mozilla/5.0 (iPhone; CPU iPhone OS 12_3_2 like Mac OS X) AppleWebKit/605.1.15 (KHTML, like Gecko) Version/12.1.1 Mobile/15E148 Safari/604.1 ) => {inserted_id = 2200}
00:17:01 anka019 Anna Kawalya Westerberg DELETE data from tables `temp_session` on conditions username LIKE anka019
00:17:01 anka019 Anna Kawalya Westerberg UPDATING data to tables `time2vie_cirruscommon`.`login` fields ( login, last_time ) values (1, 2019-07-10 00:17:01) on conditions username = anka019
00:17:01 anka019 Anna Kawalya Westerberg UPDATING data to tables `time2vie_cirruscommon`.`secondary_login` fields ( last_login_time ) values (2019-07-10 00:17:01) on conditions username = anka019 AND company_id = 20
00:17:02 anka019 Anna Kawalya Westerberg UPDATING data to tables `time2vie_cirruscommon`.`ws_sessions` fields ( user_id ) values (anka019) on conditions session_id = b37b8e484db8e294e775967f96caf37c
