06:49:51 anwa006 Andréas Wallin UPDATING data to tables `time2vie_cirruscommon`.`secondary_login` fields ( error ) values (0) on conditions username = anwa006 AND company_id = 20
06:49:51 anwa006 Andréas Wallin INSERTING data into tables `log_login` fields ( username, ip, browser ) values ( anwa006, 82.196.108.141, okhttp/3.9.1 ) => {inserted_id = 6565}
06:49:51 anwa006 Andréas Wallin DELETE data from tables `temp_session` on conditions username LIKE anwa006
06:49:51 anwa006 Andréas Wallin UPDATING data to tables `time2vie_cirruscommon`.`login` fields ( login, last_time ) values (1, 2019-12-22 06:49:51) on conditions username = anwa006
06:49:51 anwa006 Andréas Wallin UPDATING data to tables `time2vie_cirruscommon`.`secondary_login` fields ( last_login_time ) values (2019-12-22 06:49:51) on conditions username = anwa006 AND company_id = 20
08:33:28 hejo003 Helen Jörnås UPDATING data to tables `time2vie_cirruscommon`.`secondary_login` fields ( error ) values (0) on conditions username = hejo003 AND company_id = 20
08:33:28 hejo003 Helen Jörnås INSERTING data into tables `log_login` fields ( username, ip, browser ) values ( hejo003, 90.224.82.244, okhttp/3.9.1 ) => {inserted_id = 6566}
08:33:28 hejo003 Helen Jörnås DELETE data from tables `temp_session` on conditions username LIKE hejo003
08:33:28 hejo003 Helen Jörnås UPDATING data to tables `time2vie_cirruscommon`.`login` fields ( login, last_time ) values (1, 2019-12-22 08:33:28) on conditions username = hejo003
08:33:28 hejo003 Helen Jörnås UPDATING data to tables `time2vie_cirruscommon`.`secondary_login` fields ( last_login_time ) values (2019-12-22 08:33:28) on conditions username = hejo003 AND company_id = 20
08:55:38 peka002 Petronella Karlsson UPDATING data to tables `time2vie_cirruscommon`.`secondary_login` fields ( error ) values (0) on conditions username = peka002 AND company_id = 20
08:55:38 peka002 Petronella Karlsson INSERTING data into tables `log_login` fields ( username, ip, browser ) values ( peka002, 94.234.55.246, Time2View/2 CFNetwork/1121.2.2 Darwin/19.2.0 ) => {inserted_id = 6567}
08:55:38 peka002 Petronella Karlsson DELETE data from tables `temp_session` on conditions username LIKE peka002
08:55:38 peka002 Petronella Karlsson UPDATING data to tables `time2vie_cirruscommon`.`login` fields ( login, last_time ) values (1, 2019-12-22 08:55:38) on conditions username = peka002
08:55:38 peka002 Petronella Karlsson UPDATING data to tables `time2vie_cirruscommon`.`secondary_login` fields ( last_login_time ) values (2019-12-22 08:55:38) on conditions username = peka002 AND company_id = 20
09:22:38 biwa003 Birgitta Wåhlander INSERTING data into tables `log_login` fields ( username, ip, browser ) values ( biwa003, 185.27.165.66, Mozilla/5.0 (iPad; CPU OS 13_1 like Mac OS X) AppleWebKit/605.1.15 (KHTML, like Gecko) CriOS/79.0.3945.73 Mobile/15E148 Safari/604.1 ) => {inserted_id = 6568}
09:22:38 biwa003 Birgitta Wåhlander DELETE data from tables `temp_session` on conditions username LIKE biwa003
09:22:38 biwa003 Birgitta Wåhlander UPDATING data to tables `time2vie_cirruscommon`.`login` fields ( login, last_time ) values (1, 2019-12-22 09:22:38) on conditions username = biwa003
09:22:38 biwa003 Birgitta Wåhlander UPDATING data to tables `time2vie_cirruscommon`.`secondary_login` fields ( last_login_time ) values (2019-12-22 09:22:38) on conditions username = biwa003 AND company_id = 20
09:22:39 biwa003 Birgitta Wåhlander UPDATING data to tables `time2vie_cirruscommon`.`ws_sessions` fields ( user_id ) values (biwa003) on conditions session_id = 082b1109569688fccf210dc969e05cbb
09:24:04 cagu001 Carina Gustafsson UPDATING data to tables `time2vie_cirruscommon`.`secondary_login` fields ( error ) values (0) on conditions username = cagu001 AND company_id = 20
09:24:04 cagu001 Carina Gustafsson INSERTING data into tables `log_login` fields ( username, ip, browser ) values ( cagu001, 176.10.245.4, okhttp/3.9.1 ) => {inserted_id = 6569}
09:24:04 cagu001 Carina Gustafsson DELETE data from tables `temp_session` on conditions username LIKE cagu001
09:24:04 cagu001 Carina Gustafsson UPDATING data to tables `time2vie_cirruscommon`.`login` fields ( login, last_time ) values (1, 2019-12-22 09:24:04) on conditions username = cagu001
09:24:04 cagu001 Carina Gustafsson UPDATING data to tables `time2vie_cirruscommon`.`secondary_login` fields ( last_login_time ) values (2019-12-22 09:24:04) on conditions username = cagu001 AND company_id = 20
10:13:07 lawa002 Lars Wåhlander UPDATING data to tables `time2vie_cirruscommon`.`secondary_login` fields ( error ) values (0) on conditions username = lawa002 AND company_id = 20
10:13:07 lawa002 Lars Wåhlander INSERTING data into tables `log_login` fields ( username, ip, browser ) values ( lawa002, 185.27.165.66, Time2View/2 CFNetwork/1121.2.2 Darwin/19.2.0 ) => {inserted_id = 6570}
10:13:07 lawa002 Lars Wåhlander DELETE data from tables `temp_session` on conditions username LIKE lawa002
10:13:07 lawa002 Lars Wåhlander UPDATING data to tables `time2vie_cirruscommon`.`login` fields ( login, last_time ) values (1, 2019-12-22 10:13:07) on conditions username = lawa002
10:13:07 lawa002 Lars Wåhlander UPDATING data to tables `time2vie_cirruscommon`.`secondary_login` fields ( last_login_time ) values (2019-12-22 10:13:07) on conditions username = lawa002 AND company_id = 20
11:02:16 anwa006 Andréas Wallin UPDATING data to tables `time2vie_cirruscommon`.`secondary_login` fields ( error ) values (0) on conditions username = anwa006 AND company_id = 20
11:02:16 anwa006 Andréas Wallin INSERTING data into tables `log_login` fields ( username, ip, browser ) values ( anwa006, 94.191.129.207, okhttp/3.9.1 ) => {inserted_id = 6571}
11:02:16 anwa006 Andréas Wallin DELETE data from tables `temp_session` on conditions username LIKE anwa006
11:02:16 anwa006 Andréas Wallin UPDATING data to tables `time2vie_cirruscommon`.`login` fields ( login, last_time ) values (1, 2019-12-22 11:02:16) on conditions username = anwa006
11:02:16 anwa006 Andréas Wallin UPDATING data to tables `time2vie_cirruscommon`.`secondary_login` fields ( last_login_time ) values (2019-12-22 11:02:16) on conditions username = anwa006 AND company_id = 20
11:14:36 tiha001 Tina Hansen INSERTING data into tables `log_login` fields ( username, ip, browser ) values ( tiha001, 78.69.77.72, okhttp/3.9.1 ) => {inserted_id = 6572}
11:47:35 hejo003 Helen Jörnås UPDATING data to tables `time2vie_cirruscommon`.`secondary_login` fields ( error ) values (0) on conditions username = hejo003 AND company_id = 20
11:47:35 hejo003 Helen Jörnås INSERTING data into tables `log_login` fields ( username, ip, browser ) values ( hejo003, 78.79.246.236, okhttp/3.9.1 ) => {inserted_id = 6573}
11:47:35 hejo003 Helen Jörnås DELETE data from tables `temp_session` on conditions username LIKE hejo003
11:47:35 hejo003 Helen Jörnås UPDATING data to tables `time2vie_cirruscommon`.`login` fields ( login, last_time ) values (1, 2019-12-22 11:47:35) on conditions username = hejo003
11:47:35 hejo003 Helen Jörnås UPDATING data to tables `time2vie_cirruscommon`.`secondary_login` fields ( last_login_time ) values (2019-12-22 11:47:35) on conditions username = hejo003 AND company_id = 20
12:45:34 mato007 Mattias Torbiörnson UPDATING data to tables `time2vie_cirruscommon`.`secondary_login` fields ( error ) values (0) on conditions username = mato007 AND company_id = 20
12:45:34 mato007 Mattias Torbiörnson INSERTING data into tables `log_login` fields ( username, ip, browser ) values ( mato007, 94.234.45.207, CirrusM/3 CFNetwork/1121.2.2 Darwin/19.2.0 ) => {inserted_id = 6574}
12:45:34 mato007 Mattias Torbiörnson DELETE data from tables `temp_session` on conditions username LIKE mato007
12:45:34 mato007 Mattias Torbiörnson UPDATING data to tables `time2vie_cirruscommon`.`login` fields ( login, last_time ) values (1, 2019-12-22 12:45:34) on conditions username = mato007
12:45:34 mato007 Mattias Torbiörnson UPDATING data to tables `time2vie_cirruscommon`.`secondary_login` fields ( last_login_time ) values (2019-12-22 12:45:34) on conditions username = mato007 AND company_id = 20
12:45:34 mato007 Mattias Torbiörnson UPDATING data to tables `time2vie_cirruscommon`.`push_notify_tokens` fields ( user_id, updated_date, error ) values (mato007, 2019-12-22 12:45:34, 0) on conditions fcm_token = esZGU5oCp54:APA91bFYmkJCWfoBt0Bq_Sy1K93zeiGaWi005hwxA32ajwHpeXt8EsUbhHBXMHV639X1CaFcrYk8bzdi1NZ_JgL2baFFodhmsvqdYlnKZ5bsvW2YwE8I88hucjrjJHI5muJzDgg6nebo AND device_id = BA2992D7-6D60-4D23-A325-582B7301B6CE #Mobile-App: Log-id=6574
14:21:32 biwa003 Birgitta Wåhlander INSERTING data into tables `log_login` fields ( username, ip, browser ) values ( biwa003, 185.27.165.66, Mozilla/5.0 (Windows NT 6.1; Win64; x64) AppleWebKit/537.36 (KHTML, like Gecko) Chrome/79.0.3945.88 Safari/537.36 ) => {inserted_id = 6575}
14:21:32 biwa003 Birgitta Wåhlander DELETE data from tables `temp_session` on conditions username LIKE biwa003
14:21:32 biwa003 Birgitta Wåhlander UPDATING data to tables `time2vie_cirruscommon`.`login` fields ( login, last_time ) values (1, 2019-12-22 14:21:32) on conditions username = biwa003
14:21:32 biwa003 Birgitta Wåhlander UPDATING data to tables `time2vie_cirruscommon`.`secondary_login` fields ( last_login_time ) values (2019-12-22 14:21:32) on conditions username = biwa003 AND company_id = 20
14:21:32 biwa003 Birgitta Wåhlander UPDATING data to tables `time2vie_cirruscommon`.`ws_sessions` fields ( user_id ) values (biwa003) on conditions session_id = 3c78e237e576e56e74d332d2bf8cd27d
14:21:49 biwa003 Birgitta Wåhlander UPDATING data to tables `timetable` fields ( customer, employee, date, time_from, time_to, fkkn, type, status, comment ) values (chwa001, mato007, 2019-12-23, 0.00, 8.15, 1, 0, 1, ) on conditions id = 4475
14:22:05 biwa003 Birgitta Wåhlander UPDATING data to tables `timetable` fields ( customer, employee, date, time_from, time_to, fkkn, type, status, comment ) values (chwa001, lawa002, 2019-12-23, 8.00, 15.00, 1, 0, 1, ) on conditions id = 4476
14:54:07 lawa002 Lars Wåhlander UPDATING data to tables `time2vie_cirruscommon`.`secondary_login` fields ( error ) values (0) on conditions username = lawa002 AND company_id = 20
14:54:07 lawa002 Lars Wåhlander INSERTING data into tables `log_login` fields ( username, ip, browser ) values ( lawa002, 94.103.194.75, Time2View/2 CFNetwork/1121.2.2 Darwin/19.2.0 ) => {inserted_id = 6576}
14:54:07 lawa002 Lars Wåhlander DELETE data from tables `temp_session` on conditions username LIKE lawa002
14:54:07 lawa002 Lars Wåhlander UPDATING data to tables `time2vie_cirruscommon`.`login` fields ( login, last_time ) values (1, 2019-12-22 14:54:07) on conditions username = lawa002
14:54:07 lawa002 Lars Wåhlander UPDATING data to tables `time2vie_cirruscommon`.`secondary_login` fields ( last_login_time ) values (2019-12-22 14:54:07) on conditions username = lawa002 AND company_id = 20
14:54:36 anwa006 Andréas Wallin UPDATING data to tables `time2vie_cirruscommon`.`secondary_login` fields ( error ) values (0) on conditions username = anwa006 AND company_id = 20
14:54:36 anwa006 Andréas Wallin INSERTING data into tables `log_login` fields ( username, ip, browser ) values ( anwa006, 94.191.129.207, okhttp/3.9.1 ) => {inserted_id = 6577}
14:54:36 anwa006 Andréas Wallin DELETE data from tables `temp_session` on conditions username LIKE anwa006
14:54:36 anwa006 Andréas Wallin UPDATING data to tables `time2vie_cirruscommon`.`login` fields ( login, last_time ) values (1, 2019-12-22 14:54:36) on conditions username = anwa006
14:54:36 anwa006 Andréas Wallin UPDATING data to tables `time2vie_cirruscommon`.`secondary_login` fields ( last_login_time ) values (2019-12-22 14:54:36) on conditions username = anwa006 AND company_id = 20
15:37:21 mato007 Mattias Torbiörnson UPDATING data to tables `time2vie_cirruscommon`.`secondary_login` fields ( error ) values (0) on conditions username = mato007 AND company_id = 20
15:37:21 mato007 Mattias Torbiörnson INSERTING data into tables `log_login` fields ( username, ip, browser ) values ( mato007, 94.234.51.162, CirrusM/3 CFNetwork/1121.2.2 Darwin/19.2.0 ) => {inserted_id = 6578}
15:37:21 mato007 Mattias Torbiörnson DELETE data from tables `temp_session` on conditions username LIKE mato007
15:37:21 mato007 Mattias Torbiörnson UPDATING data to tables `time2vie_cirruscommon`.`login` fields ( login, last_time ) values (1, 2019-12-22 15:37:21) on conditions username = mato007
15:37:21 mato007 Mattias Torbiörnson UPDATING data to tables `time2vie_cirruscommon`.`secondary_login` fields ( last_login_time ) values (2019-12-22 15:37:21) on conditions username = mato007 AND company_id = 20
15:37:21 mato007 Mattias Torbiörnson UPDATING data to tables `time2vie_cirruscommon`.`push_notify_tokens` fields ( user_id, updated_date, error ) values (mato007, 2019-12-22 15:37:21, 0) on conditions fcm_token = esZGU5oCp54:APA91bFYmkJCWfoBt0Bq_Sy1K93zeiGaWi005hwxA32ajwHpeXt8EsUbhHBXMHV639X1CaFcrYk8bzdi1NZ_JgL2baFFodhmsvqdYlnKZ5bsvW2YwE8I88hucjrjJHI5muJzDgg6nebo AND device_id = BA2992D7-6D60-4D23-A325-582B7301B6CE #Mobile-App: Log-id=6578
16:20:21 cagu001 Carina Gustafsson INSERTING data into tables `log_login` fields ( username, ip, browser ) values ( cagu001, 176.10.245.4, Mozilla/5.0 (Windows NT 6.1) AppleWebKit/537.36 (KHTML, like Gecko) Chrome/78.0.3904.108 Safari/537.36 ) => {inserted_id = 6579}
16:20:21 cagu001 Carina Gustafsson DELETE data from tables `temp_session` on conditions username LIKE cagu001
16:20:21 cagu001 Carina Gustafsson UPDATING data to tables `time2vie_cirruscommon`.`login` fields ( login, last_time ) values (1, 2019-12-22 16:20:21) on conditions username = cagu001
16:20:21 cagu001 Carina Gustafsson UPDATING data to tables `time2vie_cirruscommon`.`secondary_login` fields ( last_login_time ) values (2019-12-22 16:20:21) on conditions username = cagu001 AND company_id = 20
16:20:22 cagu001 Carina Gustafsson UPDATING data to tables `time2vie_cirruscommon`.`ws_sessions` fields ( user_id ) values (cagu001) on conditions session_id = 6f97b52f36442bffdeb328b5874d1df8
16:21:13 cagu001 Carina Gustafsson UPDATING data to tables `time2vie_cirruscommon`.`login` fields ( password, mobile, role, error, date ) values (3c2f8d0a3727b847cc852e18673a2d11, 730518081, 3, 0, 2019-12-22) on conditions username = tiha001
16:21:13 cagu001 Carina Gustafsson UPDATING data to tables `time2vie_cirruscommon`.`secondary_login` fields ( password, error, last_pw_update_date ) values (3c2f8d0a3727b847cc852e18673a2d11, 0, 2019-12-22 15:21:13) on conditions username = tiha001 AND company_id = 20
16:21:13 cagu001 Carina Gustafsson UPDATING data to tables `employee` fields ( code, century, social_security, first_name, last_name, gender, address, city, post, phone, mobile, email, date, color, status, date_inactive, max_hours, monthly_salary, start_day, remaining_sem_leave, sem_leave_todate, leave_in_advance, care_of, office_personal, substitute, salary_type, sem_leave_days, vab_leave_days, fp_leave_days, nopay_leave_days, other_leave_days, ice, employee_contract_start_month, employee_contract_period_date, employee_contract_period_length, candg_follow, inconvenient_on ) values (1-2, 19, 7406034608, Tina, Hansen, 2, Björkhult 29, VEDDIGE, 432 66, , 730518081, tinas.hastmassage@gmail.com, 2019-04-01, #ff9900, 1, , 17.00, 0, 10.00, 0, , 0, , 0, 0, 1, 1, 1, 1, 1, 1, , 04, 1, 04, 0, 1) on conditions username = tiha001
16:21:13 cagu001 Carina Gustafsson DELETE data from tables `team` on conditions employee = tiha001
16:21:13 cagu001 Carina Gustafsson INSERTING data into tables `team` fields ( customer, employee, role ) values ( mygu001, tiha001, 3 ) => {inserted_id = 0}
16:23:44 cagu001 Carina Gustafsson DELETE data from tables `temp_session` on conditions username LIKE cagu001
16:23:44 cagu001 Carina Gustafsson UPDATING data to tables `time2vie_cirruscommon`.`login` fields ( login, last_time ) values (0, 2019-12-22 16:23:44) on conditions username = cagu001
16:23:44 cagu001 Carina Gustafsson UPDATING data to tables `time2vie_cirruscommon`.`secondary_login` fields ( last_login_time ) values (2019-12-22 16:23:44) on conditions username = cagu001 AND company_id = 20
16:23:44   UPDATING data to tables `log_login` fields ( logout_time ) values (2019-12-22:15:23:44) on conditions id = 6579 AND username = cagu001
16:25:09 tiha001 Tina Hansen UPDATING data to tables `time2vie_cirruscommon`.`secondary_login` fields ( error ) values (0) on conditions username = tiha001 AND company_id = 20
16:25:09 tiha001 Tina Hansen INSERTING data into tables `log_login` fields ( username, ip, browser ) values ( tiha001, 78.69.77.72, okhttp/3.9.1 ) => {inserted_id = 6580}
16:25:09 tiha001 Tina Hansen DELETE data from tables `temp_session` on conditions username LIKE tiha001
16:25:09 tiha001 Tina Hansen UPDATING data to tables `time2vie_cirruscommon`.`login` fields ( login, last_time ) values (1, 2019-12-22 16:25:09) on conditions username = tiha001
16:25:09 tiha001 Tina Hansen UPDATING data to tables `time2vie_cirruscommon`.`secondary_login` fields ( last_login_time ) values (2019-12-22 16:25:09) on conditions username = tiha001 AND company_id = 20
18:10:53 tiha001 Tina Hansen UPDATING data to tables `time2vie_cirruscommon`.`secondary_login` fields ( error ) values (0) on conditions username = tiha001 AND company_id = 20
18:10:53 tiha001 Tina Hansen INSERTING data into tables `log_login` fields ( username, ip, browser ) values ( tiha001, 78.69.77.72, okhttp/3.9.1 ) => {inserted_id = 6581}
18:10:53 tiha001 Tina Hansen DELETE data from tables `temp_session` on conditions username LIKE tiha001
18:10:53 tiha001 Tina Hansen UPDATING data to tables `time2vie_cirruscommon`.`login` fields ( login, last_time ) values (1, 2019-12-22 18:10:53) on conditions username = tiha001
18:10:53 tiha001 Tina Hansen UPDATING data to tables `time2vie_cirruscommon`.`secondary_login` fields ( last_login_time ) values (2019-12-22 18:10:53) on conditions username = tiha001 AND company_id = 20
18:20:41 anwa006 Andréas Wallin UPDATING data to tables `time2vie_cirruscommon`.`secondary_login` fields ( error ) values (0) on conditions username = anwa006 AND company_id = 20
18:20:41 anwa006 Andréas Wallin INSERTING data into tables `log_login` fields ( username, ip, browser ) values ( anwa006, 94.191.129.207, okhttp/3.9.1 ) => {inserted_id = 6582}
18:20:41 anwa006 Andréas Wallin DELETE data from tables `temp_session` on conditions username LIKE anwa006
18:20:41 anwa006 Andréas Wallin UPDATING data to tables `time2vie_cirruscommon`.`login` fields ( login, last_time ) values (1, 2019-12-22 18:20:41) on conditions username = anwa006
18:20:41 anwa006 Andréas Wallin UPDATING data to tables `time2vie_cirruscommon`.`secondary_login` fields ( last_login_time ) values (2019-12-22 18:20:41) on conditions username = anwa006 AND company_id = 20
21:58:49 biwa003 Birgitta Wåhlander UPDATING data to tables `time2vie_cirruscommon`.`secondary_login` fields ( error ) values (0) on conditions username = biwa003 AND company_id = 20
21:58:49 biwa003 Birgitta Wåhlander INSERTING data into tables `log_login` fields ( username, ip, browser ) values ( biwa003, 185.27.165.66, Time2View/2 CFNetwork/1107.1 Darwin/19.0.0 ) => {inserted_id = 6583}
21:58:49 biwa003 Birgitta Wåhlander DELETE data from tables `temp_session` on conditions username LIKE biwa003
21:58:49 biwa003 Birgitta Wåhlander UPDATING data to tables `time2vie_cirruscommon`.`login` fields ( login, last_time ) values (1, 2019-12-22 21:58:49) on conditions username = biwa003
21:58:49 biwa003 Birgitta Wåhlander UPDATING data to tables `time2vie_cirruscommon`.`secondary_login` fields ( last_login_time ) values (2019-12-22 21:58:49) on conditions username = biwa003 AND company_id = 20
00:29:05 anka020 Annika Karlsson UPDATING data to tables `time2vie_cirruscommon`.`secondary_login` fields ( error ) values (0) on conditions username = anka020 AND company_id = 20
00:29:05 anka020 Annika Karlsson INSERTING data into tables `log_login` fields ( username, ip, browser ) values ( anka020, 77.218.55.142, okhttp/3.9.1 ) => {inserted_id = 6584}
00:29:05 anka020 Annika Karlsson DELETE data from tables `temp_session` on conditions username LIKE anka020
00:29:05 anka020 Annika Karlsson UPDATING data to tables `time2vie_cirruscommon`.`login` fields ( login, last_time ) values (1, 2019-12-23 00:29:05) on conditions username = anka020
00:29:05 anka020 Annika Karlsson UPDATING data to tables `time2vie_cirruscommon`.`secondary_login` fields ( last_login_time ) values (2019-12-23 00:29:05) on conditions username = anka020 AND company_id = 20
