07:28:18 kaha003 Kalina Hajnold UPDATING data to tables `time2vie_cirruscommon`.`secondary_login` fields ( error ) values (0) on conditions username = kaha003 AND company_id = 20
07:28:18 kaha003 Kalina Hajnold INSERTING data into tables `log_login` fields ( username, ip, browser ) values ( kaha003, 77.53.58.49, Time2View/2 CFNetwork/978.0.7 Darwin/18.7.0 ) => {inserted_id = 5597}
07:28:18 kaha003 Kalina Hajnold DELETE data from tables `temp_session` on conditions username LIKE kaha003
07:28:18 kaha003 Kalina Hajnold UPDATING data to tables `time2vie_cirruscommon`.`login` fields ( login, last_time ) values (1, 2019-11-17 07:28:18) on conditions username = kaha003
07:28:18 kaha003 Kalina Hajnold UPDATING data to tables `time2vie_cirruscommon`.`secondary_login` fields ( last_login_time ) values (2019-11-17 07:28:18) on conditions username = kaha003 AND company_id = 20
09:17:27 anwa006 Andréas Wallin UPDATING data to tables `time2vie_cirruscommon`.`secondary_login` fields ( error ) values (0) on conditions username = anwa006 AND company_id = 20
09:17:27 anwa006 Andréas Wallin INSERTING data into tables `log_login` fields ( username, ip, browser ) values ( anwa006, 82.196.108.141, okhttp/3.9.1 ) => {inserted_id = 5598}
09:17:27 anwa006 Andréas Wallin DELETE data from tables `temp_session` on conditions username LIKE anwa006
09:17:27 anwa006 Andréas Wallin UPDATING data to tables `time2vie_cirruscommon`.`login` fields ( login, last_time ) values (1, 2019-11-17 09:17:27) on conditions username = anwa006
09:17:27 anwa006 Andréas Wallin UPDATING data to tables `time2vie_cirruscommon`.`secondary_login` fields ( last_login_time ) values (2019-11-17 09:17:27) on conditions username = anwa006 AND company_id = 20
09:43:02 anwa006 Andréas Wallin UPDATING data to tables `time2vie_cirruscommon`.`secondary_login` fields ( error ) values (0) on conditions username = anwa006 AND company_id = 20 #Mobile-App: Log-id=5598
09:43:02 anwa006 Andréas Wallin INSERTING data into tables `log_login` fields ( username, ip, browser ) values ( anwa006, 82.196.108.141, okhttp/3.9.1 ) => {inserted_id = 5599} #Mobile-App: Log-id=5598
09:43:02 anwa006 Andréas Wallin DELETE data from tables `temp_session` on conditions username LIKE anwa006 #Mobile-App: Log-id=5599
09:43:02 anwa006 Andréas Wallin UPDATING data to tables `time2vie_cirruscommon`.`login` fields ( login, last_time ) values (1, 2019-11-17 09:43:02) on conditions username = anwa006 #Mobile-App: Log-id=5599
09:43:02 anwa006 Andréas Wallin UPDATING data to tables `time2vie_cirruscommon`.`secondary_login` fields ( last_login_time ) values (2019-11-17 09:43:02) on conditions username = anwa006 AND company_id = 20 #Mobile-App: Log-id=5599
11:19:25 anka019 Anna Kawalya Westerberg INSERTING data into tables `log_login` fields ( username, ip, browser ) values ( anka019, 217.212.216.90, Mozilla/5.0 (iPhone; CPU iPhone OS 12_3_2 like Mac OS X) AppleWebKit/605.1.15 (KHTML, like Gecko) Version/12.1.1 Mobile/15E148 Safari/604.1 ) => {inserted_id = 5600}
11:19:25 anka019 Anna Kawalya Westerberg DELETE data from tables `temp_session` on conditions username LIKE anka019
11:19:25 anka019 Anna Kawalya Westerberg UPDATING data to tables `time2vie_cirruscommon`.`login` fields ( login, last_time ) values (1, 2019-11-17 11:19:25) on conditions username = anka019
11:19:25 anka019 Anna Kawalya Westerberg UPDATING data to tables `time2vie_cirruscommon`.`secondary_login` fields ( last_login_time ) values (2019-11-17 11:19:25) on conditions username = anka019 AND company_id = 20
11:19:25 anka019 Anna Kawalya Westerberg UPDATING data to tables `time2vie_cirruscommon`.`ws_sessions` fields ( user_id ) values (anka019) on conditions session_id = edb6883e97df0dce7d7c3daa4b312ca6
11:22:44 anka019 Anna Kawalya Westerberg INSERTING data into tables `log_login` fields ( username, ip, browser ) values ( anka019, 217.212.216.90, Mozilla/5.0 (iPhone; CPU iPhone OS 12_3_2 like Mac OS X) AppleWebKit/605.1.15 (KHTML, like Gecko) Version/12.1.1 Mobile/15E148 Safari/604.1 ) => {inserted_id = 5601}
11:22:44 anka019 Anna Kawalya Westerberg DELETE data from tables `temp_session` on conditions username LIKE anka019
11:22:44 anka019 Anna Kawalya Westerberg UPDATING data to tables `time2vie_cirruscommon`.`login` fields ( login, last_time ) values (1, 2019-11-17 11:22:44) on conditions username = anka019
11:22:44 anka019 Anna Kawalya Westerberg UPDATING data to tables `time2vie_cirruscommon`.`secondary_login` fields ( last_login_time ) values (2019-11-17 11:22:44) on conditions username = anka019 AND company_id = 20
11:22:44 anka019 Anna Kawalya Westerberg UPDATING data to tables `time2vie_cirruscommon`.`ws_sessions` fields ( user_id ) values (anka019) on conditions session_id = 512f48d390f1c003070890f8300146b0
11:35:17 kaha003 Kalina Hajnold UPDATING data to tables `time2vie_cirruscommon`.`secondary_login` fields ( error ) values (0) on conditions username = kaha003 AND company_id = 20
11:35:17 kaha003 Kalina Hajnold INSERTING data into tables `log_login` fields ( username, ip, browser ) values ( kaha003, 94.234.47.203, Time2View/2 CFNetwork/978.0.7 Darwin/18.7.0 ) => {inserted_id = 5602}
11:35:17 kaha003 Kalina Hajnold DELETE data from tables `temp_session` on conditions username LIKE kaha003
11:35:17 kaha003 Kalina Hajnold UPDATING data to tables `time2vie_cirruscommon`.`login` fields ( login, last_time ) values (1, 2019-11-17 11:35:17) on conditions username = kaha003
11:35:17 kaha003 Kalina Hajnold UPDATING data to tables `time2vie_cirruscommon`.`secondary_login` fields ( last_login_time ) values (2019-11-17 11:35:17) on conditions username = kaha003 AND company_id = 20
11:41:23 biwa003 Birgitta Wåhlander INSERTING data into tables `log_login` fields ( username, ip, browser ) values ( biwa003, 94.103.194.75, Mozilla/5.0 (iPad; CPU OS 13_1 like Mac OS X) AppleWebKit/605.1.15 (KHTML, like Gecko) CriOS/78.0.3904.84 Mobile/15E148 Safari/604.1 ) => {inserted_id = 5603}
11:41:23 biwa003 Birgitta Wåhlander DELETE data from tables `temp_session` on conditions username LIKE biwa003
11:41:23 biwa003 Birgitta Wåhlander UPDATING data to tables `time2vie_cirruscommon`.`login` fields ( login, last_time ) values (1, 2019-11-17 11:41:23) on conditions username = biwa003
11:41:23 biwa003 Birgitta Wåhlander UPDATING data to tables `time2vie_cirruscommon`.`secondary_login` fields ( last_login_time ) values (2019-11-17 11:41:23) on conditions username = biwa003 AND company_id = 20
11:41:29 biwa003 Birgitta Wåhlander INSERTING data into tables `log_login` fields ( username, ip, browser ) values ( biwa003, 94.103.194.75, Mozilla/5.0 (iPad; CPU OS 13_1 like Mac OS X) AppleWebKit/605.1.15 (KHTML, like Gecko) CriOS/78.0.3904.84 Mobile/15E148 Safari/604.1 ) => {inserted_id = 5604}
11:41:29 biwa003 Birgitta Wåhlander DELETE data from tables `temp_session` on conditions username LIKE biwa003
11:41:29 biwa003 Birgitta Wåhlander UPDATING data to tables `time2vie_cirruscommon`.`login` fields ( login, last_time ) values (1, 2019-11-17 11:41:29) on conditions username = biwa003
11:41:29 biwa003 Birgitta Wåhlander UPDATING data to tables `time2vie_cirruscommon`.`secondary_login` fields ( last_login_time ) values (2019-11-17 11:41:29) on conditions username = biwa003 AND company_id = 20
11:41:29 biwa003 Birgitta Wåhlander UPDATING data to tables `time2vie_cirruscommon`.`ws_sessions` fields ( user_id ) values (biwa003) on conditions session_id = f19cfbf0fbc60b634b98d3ba1048e915
11:41:50 biwa003 Birgitta Wåhlander UPDATING data to tables `timetable` fields ( customer, employee, date, time_from, time_to, fkkn, type, status, comment ) values (chwa001, anka019, 2019-11-18, 7.00, 18.00, 1, 0, 1, ) on conditions id = 4344
11:42:22 biwa003 Birgitta Wåhlander INSERTING data into tables `timetable` fields ( employee, customer, type, date, time_from, time_to, fkkn, status, relation_id, alloc_emp ) values ( anka019, chwa001, 0, 2019-11-18, 7.00, 10.30, 1, 1, , biwa003 ) => {inserted_id = 9934}
11:42:22 biwa003 Birgitta Wåhlander UPDATING data to tables `timetable` fields ( time_from ) values (10.30) on conditions id = 4344
11:43:03 biwa003 Birgitta Wåhlander UPDATING data to tables `timetable` fields ( customer, employee, date, time_from, time_to, fkkn, type, status, comment ) values (chwa001, anka019, 2019-11-18, 10.30, 18.15, 1, 7, 1, ) on conditions id = 4344
11:50:52 anka019 Anna Kawalya Westerberg UPDATING data to tables `time2vie_cirruscommon`.`ws_sessions` fields ( user_id ) values (anka019) on conditions session_id = 512f48d390f1c003070890f8300146b0
11:51:58 anka019 Anna Kawalya Westerberg UPDATING data to tables `time2vie_cirruscommon`.`secondary_login` fields ( error ) values (0) on conditions username = anka019 AND company_id = 20
11:51:58 anka019 Anna Kawalya Westerberg INSERTING data into tables `log_login` fields ( username, ip, browser ) values ( anka019, 217.212.216.90, Time2View/2 CFNetwork/978.0.7 Darwin/18.6.0 ) => {inserted_id = 5605}
11:51:58 anka019 Anna Kawalya Westerberg DELETE data from tables `temp_session` on conditions username LIKE anka019
11:51:58 anka019 Anna Kawalya Westerberg UPDATING data to tables `time2vie_cirruscommon`.`login` fields ( login, last_time ) values (1, 2019-11-17 11:51:58) on conditions username = anka019
11:51:58 anka019 Anna Kawalya Westerberg UPDATING data to tables `time2vie_cirruscommon`.`secondary_login` fields ( last_login_time ) values (2019-11-17 11:51:58) on conditions username = anka019 AND company_id = 20
15:55:48 thca002 Therese Calic UPDATING data to tables `time2vie_cirruscommon`.`secondary_login` fields ( error ) values (0) on conditions username = thca002 AND company_id = 20
15:55:48 thca002 Therese Calic INSERTING data into tables `log_login` fields ( username, ip, browser ) values ( thca002, 217.214.147.109, Time2View/2 CFNetwork/978.0.7 Darwin/18.6.0 ) => {inserted_id = 5606}
15:55:48 thca002 Therese Calic DELETE data from tables `temp_session` on conditions username LIKE thca002
15:55:48 thca002 Therese Calic UPDATING data to tables `time2vie_cirruscommon`.`login` fields ( login, last_time ) values (1, 2019-11-17 15:55:48) on conditions username = thca002
15:55:48 thca002 Therese Calic UPDATING data to tables `time2vie_cirruscommon`.`secondary_login` fields ( last_login_time ) values (2019-11-17 15:55:48) on conditions username = thca002 AND company_id = 20
16:20:55 cagu001 Carina Gustafsson UPDATING data to tables `time2vie_cirruscommon`.`secondary_login` fields ( error ) values (0) on conditions username = cagu001 AND company_id = 20
16:20:55 cagu001 Carina Gustafsson INSERTING data into tables `log_login` fields ( username, ip, browser ) values ( cagu001, 176.10.245.4, okhttp/3.9.1 ) => {inserted_id = 5607}
16:20:55 cagu001 Carina Gustafsson DELETE data from tables `temp_session` on conditions username LIKE cagu001
16:20:55 cagu001 Carina Gustafsson UPDATING data to tables `time2vie_cirruscommon`.`login` fields ( login, last_time ) values (1, 2019-11-17 16:20:55) on conditions username = cagu001
16:20:55 cagu001 Carina Gustafsson UPDATING data to tables `time2vie_cirruscommon`.`secondary_login` fields ( last_login_time ) values (2019-11-17 16:20:55) on conditions username = cagu001 AND company_id = 20
16:24:38 anka019 Anna Kawalya Westerberg UPDATING data to tables `time2vie_cirruscommon`.`ws_sessions` fields ( user_id ) values (anka019) on conditions session_id = 512f48d390f1c003070890f8300146b0
16:40:21 mato007 Mattias Torbiörnson UPDATING data to tables `time2vie_cirruscommon`.`secondary_login` fields ( error ) values (0) on conditions username = mato007 AND company_id = 20
16:40:21 mato007 Mattias Torbiörnson INSERTING data into tables `log_login` fields ( username, ip, browser ) values ( mato007, 217.73.111.160, CirrusM/3 CFNetwork/1120 Darwin/19.0.0 ) => {inserted_id = 5608}
16:40:21 mato007 Mattias Torbiörnson DELETE data from tables `temp_session` on conditions username LIKE mato007
16:40:21 mato007 Mattias Torbiörnson UPDATING data to tables `time2vie_cirruscommon`.`login` fields ( login, last_time ) values (1, 2019-11-17 16:40:21) on conditions username = mato007
16:40:21 mato007 Mattias Torbiörnson UPDATING data to tables `time2vie_cirruscommon`.`secondary_login` fields ( last_login_time ) values (2019-11-17 16:40:21) on conditions username = mato007 AND company_id = 20
16:40:21 mato007 Mattias Torbiörnson UPDATING data to tables `time2vie_cirruscommon`.`push_notify_tokens` fields ( user_id, updated_date, error ) values (mato007, 2019-11-17 16:40:21, 0) on conditions fcm_token = esZGU5oCp54:APA91bFYmkJCWfoBt0Bq_Sy1K93zeiGaWi005hwxA32ajwHpeXt8EsUbhHBXMHV639X1CaFcrYk8bzdi1NZ_JgL2baFFodhmsvqdYlnKZ5bsvW2YwE8I88hucjrjJHI5muJzDgg6nebo AND device_id = BA2992D7-6D60-4D23-A325-582B7301B6CE #Mobile-App: Log-id=5608
17:04:07 anka019 Anna Kawalya Westerberg INSERTING data into tables `log_login` fields ( username, ip, browser ) values ( anka019, 217.212.216.90, Mozilla/5.0 (iPhone; CPU iPhone OS 12_3_2 like Mac OS X) AppleWebKit/605.1.15 (KHTML, like Gecko) Version/12.1.1 Mobile/15E148 Safari/604.1 ) => {inserted_id = 5609}
17:04:07 anka019 Anna Kawalya Westerberg DELETE data from tables `temp_session` on conditions username LIKE anka019
17:04:07 anka019 Anna Kawalya Westerberg UPDATING data to tables `time2vie_cirruscommon`.`login` fields ( login, last_time ) values (1, 2019-11-17 17:04:07) on conditions username = anka019
17:04:07 anka019 Anna Kawalya Westerberg UPDATING data to tables `time2vie_cirruscommon`.`secondary_login` fields ( last_login_time ) values (2019-11-17 17:04:07) on conditions username = anka019 AND company_id = 20
17:04:08 anka019 Anna Kawalya Westerberg UPDATING data to tables `time2vie_cirruscommon`.`ws_sessions` fields ( user_id ) values (anka019) on conditions session_id = 41eed607b174a3002314a93700680cdb
18:15:13 hejo003 Helen Jörnås UPDATING data to tables `time2vie_cirruscommon`.`secondary_login` fields ( error ) values (0) on conditions username = hejo003 AND company_id = 20
18:15:13 hejo003 Helen Jörnås INSERTING data into tables `log_login` fields ( username, ip, browser ) values ( hejo003, 90.224.82.244, okhttp/3.9.1 ) => {inserted_id = 5610}
18:15:13 hejo003 Helen Jörnås DELETE data from tables `temp_session` on conditions username LIKE hejo003
18:15:13 hejo003 Helen Jörnås UPDATING data to tables `time2vie_cirruscommon`.`login` fields ( login, last_time ) values (1, 2019-11-17 18:15:13) on conditions username = hejo003
18:15:13 hejo003 Helen Jörnås UPDATING data to tables `time2vie_cirruscommon`.`secondary_login` fields ( last_login_time ) values (2019-11-17 18:15:13) on conditions username = hejo003 AND company_id = 20
18:47:43 kaha003 Kalina Hajnold UPDATING data to tables `time2vie_cirruscommon`.`secondary_login` fields ( error ) values (0) on conditions username = kaha003 AND company_id = 20
18:47:43 kaha003 Kalina Hajnold INSERTING data into tables `log_login` fields ( username, ip, browser ) values ( kaha003, 77.53.58.49, Time2View/2 CFNetwork/978.0.7 Darwin/18.7.0 ) => {inserted_id = 5611}
18:47:43 kaha003 Kalina Hajnold DELETE data from tables `temp_session` on conditions username LIKE kaha003
18:47:43 kaha003 Kalina Hajnold UPDATING data to tables `time2vie_cirruscommon`.`login` fields ( login, last_time ) values (1, 2019-11-17 18:47:43) on conditions username = kaha003
18:47:43 kaha003 Kalina Hajnold UPDATING data to tables `time2vie_cirruscommon`.`secondary_login` fields ( last_login_time ) values (2019-11-17 18:47:43) on conditions username = kaha003 AND company_id = 20
19:01:40 hejo003 Helen Jörnås UPDATING data to tables `time2vie_cirruscommon`.`secondary_login` fields ( error ) values (0) on conditions username = hejo003 AND company_id = 20
19:01:40 hejo003 Helen Jörnås INSERTING data into tables `log_login` fields ( username, ip, browser ) values ( hejo003, 90.224.82.244, okhttp/3.9.1 ) => {inserted_id = 5612}
19:01:40 hejo003 Helen Jörnås DELETE data from tables `temp_session` on conditions username LIKE hejo003
19:01:40 hejo003 Helen Jörnås UPDATING data to tables `time2vie_cirruscommon`.`login` fields ( login, last_time ) values (1, 2019-11-17 19:01:40) on conditions username = hejo003
19:01:40 hejo003 Helen Jörnås UPDATING data to tables `time2vie_cirruscommon`.`secondary_login` fields ( last_login_time ) values (2019-11-17 19:01:40) on conditions username = hejo003 AND company_id = 20
20:34:09 mato007 Mattias Torbiörnson INSERTING data into tables `log_login` fields ( username, ip, browser ) values ( mato007, 94.103.194.75, Mozilla/5.0 (Windows NT 10.0; Win64; x64) AppleWebKit/537.36 (KHTML, like Gecko) Chrome/78.0.3904.97 Safari/537.36 ) => {inserted_id = 5613}
20:34:09 mato007 Mattias Torbiörnson DELETE data from tables `temp_session` on conditions username LIKE mato007
20:34:09 mato007 Mattias Torbiörnson UPDATING data to tables `time2vie_cirruscommon`.`login` fields ( login, last_time ) values (1, 2019-11-17 20:34:09) on conditions username = mato007
20:34:09 mato007 Mattias Torbiörnson UPDATING data to tables `time2vie_cirruscommon`.`secondary_login` fields ( last_login_time ) values (2019-11-17 20:34:09) on conditions username = mato007 AND company_id = 20
20:34:18 mato007 Mattias Torbiörnson INSERTING data into tables `log_login` fields ( username, ip, browser ) values ( mato007, 94.103.194.75, Mozilla/5.0 (Windows NT 10.0; Win64; x64) AppleWebKit/537.36 (KHTML, like Gecko) Chrome/78.0.3904.97 Safari/537.36 ) => {inserted_id = 5614}
20:34:18 mato007 Mattias Torbiörnson DELETE data from tables `temp_session` on conditions username LIKE mato007
20:34:18 mato007 Mattias Torbiörnson UPDATING data to tables `time2vie_cirruscommon`.`login` fields ( login, last_time ) values (1, 2019-11-17 20:34:18) on conditions username = mato007
20:34:18 mato007 Mattias Torbiörnson UPDATING data to tables `time2vie_cirruscommon`.`secondary_login` fields ( last_login_time ) values (2019-11-17 20:34:18) on conditions username = mato007 AND company_id = 20
20:34:19 mato007 Mattias Torbiörnson UPDATING data to tables `time2vie_cirruscommon`.`ws_sessions` fields ( user_id ) values (mato007) on conditions session_id = 70657f0a9b040d15d4922a9aa0910a6c
20:59:14 gaan001 Gabriel Andersson UPDATING data to tables `time2vie_cirruscommon`.`secondary_login` fields ( error ) values (0) on conditions username = gaan001 AND company_id = 20
20:59:14 gaan001 Gabriel Andersson INSERTING data into tables `log_login` fields ( username, ip, browser ) values ( gaan001, 217.73.108.115, CirrusM/3 CFNetwork/1107.1 Darwin/19.0.0 ) => {inserted_id = 5615}
20:59:14 gaan001 Gabriel Andersson DELETE data from tables `temp_session` on conditions username LIKE gaan001
20:59:14 gaan001 Gabriel Andersson UPDATING data to tables `time2vie_cirruscommon`.`login` fields ( login, last_time ) values (1, 2019-11-17 20:59:14) on conditions username = gaan001
20:59:14 gaan001 Gabriel Andersson UPDATING data to tables `time2vie_cirruscommon`.`secondary_login` fields ( last_login_time ) values (2019-11-17 20:59:14) on conditions username = gaan001 AND company_id = 20
20:59:15 gaan001 Gabriel Andersson UPDATING data to tables `time2vie_cirruscommon`.`push_notify_tokens` fields ( user_id, updated_date, error ) values (gaan001, 2019-11-17 20:59:15, 0) on conditions fcm_token = e51KWK9giv8:APA91bGHMno1HPtH6vgtvvNaxonNc-Bkvswgm2aT4OLq90CDlFw9H2dIl7Li18JiNkP-7pUOuc6Xu8RcoS51Ilqi8H-pAIQ3wxAPozVZ-o4Xh8AcIjJdCzDdKjcmheiVAB_gYeBo2P0d AND device_id = 2639B8CA-61CF-4C5F-AF35-FA532A697892 #Mobile-App: Log-id=5615
21:01:54 cagu001 Carina Gustafsson UPDATING data to tables `time2vie_cirruscommon`.`secondary_login` fields ( error ) values (0) on conditions username = cagu001 AND company_id = 20
21:01:54 cagu001 Carina Gustafsson INSERTING data into tables `log_login` fields ( username, ip, browser ) values ( cagu001, 176.10.245.4, okhttp/3.9.1 ) => {inserted_id = 5616}
21:01:54 cagu001 Carina Gustafsson DELETE data from tables `temp_session` on conditions username LIKE cagu001
21:01:54 cagu001 Carina Gustafsson UPDATING data to tables `time2vie_cirruscommon`.`login` fields ( login, last_time ) values (1, 2019-11-17 21:01:54) on conditions username = cagu001
21:01:54 cagu001 Carina Gustafsson UPDATING data to tables `time2vie_cirruscommon`.`secondary_login` fields ( last_login_time ) values (2019-11-17 21:01:54) on conditions username = cagu001 AND company_id = 20
21:23:13 hejo003 Helen Jörnås UPDATING data to tables `time2vie_cirruscommon`.`secondary_login` fields ( error ) values (0) on conditions username = hejo003 AND company_id = 20
21:23:13 hejo003 Helen Jörnås INSERTING data into tables `log_login` fields ( username, ip, browser ) values ( hejo003, 90.224.82.244, okhttp/3.9.1 ) => {inserted_id = 5617}
21:23:13 hejo003 Helen Jörnås DELETE data from tables `temp_session` on conditions username LIKE hejo003
21:23:13 hejo003 Helen Jörnås UPDATING data to tables `time2vie_cirruscommon`.`login` fields ( login, last_time ) values (1, 2019-11-17 21:23:13) on conditions username = hejo003
21:23:13 hejo003 Helen Jörnås UPDATING data to tables `time2vie_cirruscommon`.`secondary_login` fields ( last_login_time ) values (2019-11-17 21:23:13) on conditions username = hejo003 AND company_id = 20
21:39:06 kaha003 Kalina Hajnold UPDATING data to tables `time2vie_cirruscommon`.`secondary_login` fields ( error ) values (0) on conditions username = kaha003 AND company_id = 20
21:39:07 kaha003 Kalina Hajnold INSERTING data into tables `log_login` fields ( username, ip, browser ) values ( kaha003, 77.53.58.49, Time2View/2 CFNetwork/978.0.7 Darwin/18.7.0 ) => {inserted_id = 5618}
21:39:07 kaha003 Kalina Hajnold DELETE data from tables `temp_session` on conditions username LIKE kaha003
21:39:07 kaha003 Kalina Hajnold UPDATING data to tables `time2vie_cirruscommon`.`login` fields ( login, last_time ) values (1, 2019-11-17 21:39:07) on conditions username = kaha003
21:39:07 kaha003 Kalina Hajnold UPDATING data to tables `time2vie_cirruscommon`.`secondary_login` fields ( last_login_time ) values (2019-11-17 21:39:07) on conditions username = kaha003 AND company_id = 20
21:39:21 kaha003 Kalina Hajnold UPDATING data to tables `time2vie_cirruscommon`.`secondary_login` fields ( error ) values (0) on conditions username = kaha003 AND company_id = 20
21:39:21 kaha003 Kalina Hajnold INSERTING data into tables `log_login` fields ( username, ip, browser ) values ( kaha003, 77.53.58.49, Time2View/2 CFNetwork/978.0.7 Darwin/18.7.0 ) => {inserted_id = 5619}
21:39:21 kaha003 Kalina Hajnold DELETE data from tables `temp_session` on conditions username LIKE kaha003
21:39:21 kaha003 Kalina Hajnold UPDATING data to tables `time2vie_cirruscommon`.`login` fields ( login, last_time ) values (1, 2019-11-17 21:39:21) on conditions username = kaha003
21:39:21 kaha003 Kalina Hajnold UPDATING data to tables `time2vie_cirruscommon`.`secondary_login` fields ( last_login_time ) values (2019-11-17 21:39:21) on conditions username = kaha003 AND company_id = 20
22:00:58 asgr002 Åsa Grimberg UPDATING data to tables `time2vie_cirruscommon`.`secondary_login` fields ( error ) values (0) on conditions username = asgr002 AND company_id = 20
22:00:58 asgr002 Åsa Grimberg INSERTING data into tables `log_login` fields ( username, ip, browser ) values ( asgr002, 78.70.128.102, Time2View/2 CFNetwork/1107.1 Darwin/19.0.0 ) => {inserted_id = 5620}
22:00:58 asgr002 Åsa Grimberg DELETE data from tables `temp_session` on conditions username LIKE asgr002
22:00:58 asgr002 Åsa Grimberg UPDATING data to tables `time2vie_cirruscommon`.`login` fields ( login, last_time ) values (1, 2019-11-17 22:00:58) on conditions username = asgr002
22:00:58 asgr002 Åsa Grimberg UPDATING data to tables `time2vie_cirruscommon`.`secondary_login` fields ( last_login_time ) values (2019-11-17 22:00:58) on conditions username = asgr002 AND company_id = 20
22:40:21 gaan001 Gabriel Andersson UPDATING data to tables `time2vie_cirruscommon`.`secondary_login` fields ( error ) values (0) on conditions username = gaan001 AND company_id = 20
22:40:21 gaan001 Gabriel Andersson INSERTING data into tables `log_login` fields ( username, ip, browser ) values ( gaan001, 217.73.108.115, CirrusM/3 CFNetwork/1107.1 Darwin/19.0.0 ) => {inserted_id = 5621}
22:40:21 gaan001 Gabriel Andersson DELETE data from tables `temp_session` on conditions username LIKE gaan001
22:40:21 gaan001 Gabriel Andersson UPDATING data to tables `time2vie_cirruscommon`.`login` fields ( login, last_time ) values (1, 2019-11-17 22:40:21) on conditions username = gaan001
22:40:21 gaan001 Gabriel Andersson UPDATING data to tables `time2vie_cirruscommon`.`secondary_login` fields ( last_login_time ) values (2019-11-17 22:40:21) on conditions username = gaan001 AND company_id = 20
22:40:22 gaan001 Gabriel Andersson UPDATING data to tables `time2vie_cirruscommon`.`push_notify_tokens` fields ( user_id, updated_date, error ) values (gaan001, 2019-11-17 22:40:22, 0) on conditions fcm_token = e51KWK9giv8:APA91bGHMno1HPtH6vgtvvNaxonNc-Bkvswgm2aT4OLq90CDlFw9H2dIl7Li18JiNkP-7pUOuc6Xu8RcoS51Ilqi8H-pAIQ3wxAPozVZ-o4Xh8AcIjJdCzDdKjcmheiVAB_gYeBo2P0d AND device_id = 2639B8CA-61CF-4C5F-AF35-FA532A697892 #Mobile-App: Log-id=5621
22:40:22 gaan001 Gabriel Andersson UPDATING data to tables `time2vie_cirruscommon`.`secondary_login` fields ( error ) values (0) on conditions username = gaan001 AND company_id = 20 #Mobile-App: Log-id=5621
22:40:22 gaan001 Gabriel Andersson INSERTING data into tables `log_login` fields ( username, ip, browser ) values ( gaan001, 217.73.108.115, CirrusM/3 CFNetwork/1107.1 Darwin/19.0.0 ) => {inserted_id = 5622} #Mobile-App: Log-id=5621
22:40:22 gaan001 Gabriel Andersson DELETE data from tables `temp_session` on conditions username LIKE gaan001 #Mobile-App: Log-id=5622
22:40:22 gaan001 Gabriel Andersson UPDATING data to tables `time2vie_cirruscommon`.`login` fields ( login, last_time ) values (1, 2019-11-17 22:40:22) on conditions username = gaan001 #Mobile-App: Log-id=5622
22:40:22 gaan001 Gabriel Andersson UPDATING data to tables `time2vie_cirruscommon`.`secondary_login` fields ( last_login_time ) values (2019-11-17 22:40:22) on conditions username = gaan001 AND company_id = 20 #Mobile-App: Log-id=5622
22:40:23 gaan001 Gabriel Andersson UPDATING data to tables `time2vie_cirruscommon`.`push_notify_tokens` fields ( user_id, updated_date, error ) values (gaan001, 2019-11-17 22:40:23, 0) on conditions fcm_token = e51KWK9giv8:APA91bGHMno1HPtH6vgtvvNaxonNc-Bkvswgm2aT4OLq90CDlFw9H2dIl7Li18JiNkP-7pUOuc6Xu8RcoS51Ilqi8H-pAIQ3wxAPozVZ-o4Xh8AcIjJdCzDdKjcmheiVAB_gYeBo2P0d AND device_id = 2639B8CA-61CF-4C5F-AF35-FA532A697892 #Mobile-App: Log-id=5622
22:40:25 gaan001 Gabriel Andersson UPDATING data to tables `time2vie_cirruscommon`.`secondary_login` fields ( error ) values (0) on conditions username = gaan001 AND company_id = 20
22:40:25 gaan001 Gabriel Andersson INSERTING data into tables `log_login` fields ( username, ip, browser ) values ( gaan001, 217.73.108.115, CirrusM/3 CFNetwork/1107.1 Darwin/19.0.0 ) => {inserted_id = 5623}
22:40:25 gaan001 Gabriel Andersson DELETE data from tables `temp_session` on conditions username LIKE gaan001
22:40:25 gaan001 Gabriel Andersson UPDATING data to tables `time2vie_cirruscommon`.`login` fields ( login, last_time ) values (1, 2019-11-17 22:40:25) on conditions username = gaan001
22:40:25 gaan001 Gabriel Andersson UPDATING data to tables `time2vie_cirruscommon`.`secondary_login` fields ( last_login_time ) values (2019-11-17 22:40:25) on conditions username = gaan001 AND company_id = 20
22:40:25 gaan001 Gabriel Andersson UPDATING data to tables `time2vie_cirruscommon`.`push_notify_tokens` fields ( user_id, updated_date, error ) values (gaan001, 2019-11-17 22:40:25, 0) on conditions fcm_token = e51KWK9giv8:APA91bGHMno1HPtH6vgtvvNaxonNc-Bkvswgm2aT4OLq90CDlFw9H2dIl7Li18JiNkP-7pUOuc6Xu8RcoS51Ilqi8H-pAIQ3wxAPozVZ-o4Xh8AcIjJdCzDdKjcmheiVAB_gYeBo2P0d AND device_id = 2639B8CA-61CF-4C5F-AF35-FA532A697892 #Mobile-App: Log-id=5623
22:51:43 loli005 Lovisa Lian INSERTING data into tables `log_login` fields ( username, ip, browser ) values ( loli005, 88.129.149.88, Mozilla/5.0 (iPhone; CPU iPhone OS 13_2_2 like Mac OS X) AppleWebKit/605.1.15 (KHTML, like Gecko) Version/13.0.3 Mobile/15E148 Safari/604.1 ) => {inserted_id = 5624}
22:51:43 loli005 Lovisa Lian DELETE data from tables `temp_session` on conditions username LIKE loli005
22:51:43 loli005 Lovisa Lian UPDATING data to tables `time2vie_cirruscommon`.`login` fields ( login, last_time ) values (1, 2019-11-17 22:51:43) on conditions username = loli005
22:51:43 loli005 Lovisa Lian UPDATING data to tables `time2vie_cirruscommon`.`secondary_login` fields ( last_login_time ) values (2019-11-17 22:51:43) on conditions username = loli005 AND company_id = 20
22:51:44 loli005 Lovisa Lian UPDATING data to tables `time2vie_cirruscommon`.`ws_sessions` fields ( user_id ) values (loli005) on conditions session_id = a65d1ee16d7b2de27dda54c39745119e
