07:50:36 anka019 Anna Kawalya Westerberg INSERTING data into tables `log_login` fields ( username, ip, browser ) values ( anka019, 94.103.194.75, Mozilla/5.0 (iPhone; CPU iPhone OS 12_3_2 like Mac OS X) AppleWebKit/605.1.15 (KHTML, like Gecko) Version/12.1.1 Mobile/15E148 Safari/604.1 ) => {inserted_id = 2270}
07:50:36 anka019 Anna Kawalya Westerberg DELETE data from tables `temp_session` on conditions username LIKE anka019
07:50:36 anka019 Anna Kawalya Westerberg UPDATING data to tables `time2vie_cirruscommon`.`login` fields ( login, last_time ) values (1, 2019-07-14 07:50:36) on conditions username = anka019
07:50:36 anka019 Anna Kawalya Westerberg UPDATING data to tables `time2vie_cirruscommon`.`secondary_login` fields ( last_login_time ) values (2019-07-14 07:50:36) on conditions username = anka019 AND company_id = 20
07:50:36 anka019 Anna Kawalya Westerberg UPDATING data to tables `time2vie_cirruscommon`.`ws_sessions` fields ( user_id ) values (anka019) on conditions session_id = 1aa76eea3dd809af207d084a9d945bda
10:05:41 hejo003 Helen Jörnås UPDATING data to tables `time2vie_cirruscommon`.`secondary_login` fields ( error ) values (0) on conditions username = hejo003 AND company_id = 20
10:05:41 hejo003 Helen Jörnås INSERTING data into tables `log_login` fields ( username, ip, browser ) values ( hejo003, 217.214.147.92, okhttp/3.9.1 ) => {inserted_id = 2271}
10:05:41 hejo003 Helen Jörnås DELETE data from tables `temp_session` on conditions username LIKE hejo003
10:05:41 hejo003 Helen Jörnås UPDATING data to tables `time2vie_cirruscommon`.`login` fields ( login, last_time ) values (1, 2019-07-14 10:05:41) on conditions username = hejo003
10:05:41 hejo003 Helen Jörnås UPDATING data to tables `time2vie_cirruscommon`.`secondary_login` fields ( last_login_time ) values (2019-07-14 10:05:41) on conditions username = hejo003 AND company_id = 20
10:44:39 idah001 Ida-Caroline Ahnström UPDATING data to tables `time2vie_cirruscommon`.`secondary_login` fields ( error ) values (0) on conditions username = idah001 AND company_id = 20
10:44:39 idah001 Ida-Caroline Ahnström INSERTING data into tables `log_login` fields ( username, ip, browser ) values ( idah001, 94.234.41.26, CirrusM/3 CFNetwork/897.15 Darwin/17.5.0 ) => {inserted_id = 2272}
10:44:39 idah001 Ida-Caroline Ahnström DELETE data from tables `temp_session` on conditions username LIKE idah001
10:44:39 idah001 Ida-Caroline Ahnström UPDATING data to tables `time2vie_cirruscommon`.`login` fields ( login, last_time ) values (1, 2019-07-14 10:44:39) on conditions username = idah001
10:44:39 idah001 Ida-Caroline Ahnström UPDATING data to tables `time2vie_cirruscommon`.`secondary_login` fields ( last_login_time ) values (2019-07-14 10:44:39) on conditions username = idah001 AND company_id = 20
10:44:39 idah001 Ida-Caroline Ahnström UPDATING data to tables `time2vie_cirruscommon`.`push_notify_tokens` fields ( user_id, updated_date, error ) values (idah001, 2019-07-14 10:44:39, 0) on conditions fcm_token = cbvlTTrlw38:APA91bFoyRXLRicQp_YsExlXTiWEEnPZBADMpfi_7utX-rcZZYleqgFvkb_1s_mT4RV6gZdk-KWPfC6HcQlzNZ2pRXrUcSZ4qKpOtCYpoMz4QQ13wEmP4i75Q_GibGT_0mlkRiGfF4Jg AND device_id = 6B366F82-6AFA-42F7-A27E-D6AB483287E1 #Mobile-App: Log-id=2272
11:15:47 gaan001 Gabriel Andersson UPDATING data to tables `time2vie_cirruscommon`.`secondary_login` fields ( error ) values (0) on conditions username = gaan001 AND company_id = 20
11:15:47 gaan001 Gabriel Andersson INSERTING data into tables `log_login` fields ( username, ip, browser ) values ( gaan001, 94.191.142.212, CirrusM/3 CFNetwork/978.0.7 Darwin/18.6.0 ) => {inserted_id = 2273}
11:15:47 gaan001 Gabriel Andersson DELETE data from tables `temp_session` on conditions username LIKE gaan001
11:15:47 gaan001 Gabriel Andersson UPDATING data to tables `time2vie_cirruscommon`.`login` fields ( login, last_time ) values (1, 2019-07-14 11:15:47) on conditions username = gaan001
11:15:47 gaan001 Gabriel Andersson UPDATING data to tables `time2vie_cirruscommon`.`secondary_login` fields ( last_login_time ) values (2019-07-14 11:15:47) on conditions username = gaan001 AND company_id = 20
11:15:48 gaan001 Gabriel Andersson UPDATING data to tables `time2vie_cirruscommon`.`push_notify_tokens` fields ( user_id, updated_date, error ) values (gaan001, 2019-07-14 11:15:48, 0) on conditions fcm_token = e51KWK9giv8:APA91bGHMno1HPtH6vgtvvNaxonNc-Bkvswgm2aT4OLq90CDlFw9H2dIl7Li18JiNkP-7pUOuc6Xu8RcoS51Ilqi8H-pAIQ3wxAPozVZ-o4Xh8AcIjJdCzDdKjcmheiVAB_gYeBo2P0d AND device_id = 2639B8CA-61CF-4C5F-AF35-FA532A697892 #Mobile-App: Log-id=2273
12:43:01 kaha003 Kalina Hajnold INSERTING data into tables `log_login` fields ( username, ip, browser ) values ( kaha003, 94.234.43.183, Mozilla/5.0 (iPhone; CPU iPhone OS 12_3_1 like Mac OS X) AppleWebKit/605.1.15 (KHTML, like Gecko) Version/12.1.1 Mobile/15E148 Safari/604.1 ) => {inserted_id = 2274}
12:43:01 kaha003 Kalina Hajnold DELETE data from tables `temp_session` on conditions username LIKE kaha003
12:43:01 kaha003 Kalina Hajnold UPDATING data to tables `time2vie_cirruscommon`.`login` fields ( login, last_time ) values (1, 2019-07-14 12:43:01) on conditions username = kaha003
12:43:01 kaha003 Kalina Hajnold UPDATING data to tables `time2vie_cirruscommon`.`secondary_login` fields ( last_login_time ) values (2019-07-14 12:43:01) on conditions username = kaha003 AND company_id = 20
12:43:01 kaha003 Kalina Hajnold UPDATING data to tables `time2vie_cirruscommon`.`ws_sessions` fields ( user_id ) values (kaha003) on conditions session_id = 8d7a889c4293a9abf90c3241ee49b55b
12:43:06 kaha003 Kalina Hajnold UPDATING data to tables `time2vie_cirruscommon`.`ws_sessions` fields ( user_id ) values (kaha003) on conditions session_id = 8d7a889c4293a9abf90c3241ee49b55b
13:29:53 biwa003 Birgitta Wåhlander INSERTING data into tables `log_login` fields ( username, ip, browser ) values ( biwa003, 185.27.165.66, Mozilla/5.0 (iPad; CPU OS 10_3_3 like Mac OS X) AppleWebKit/603.1.30 (KHTML, like Gecko) CriOS/71.0.3578.89 Mobile/14G60 Safari/602.1 ) => {inserted_id = 2275}
13:29:53 biwa003 Birgitta Wåhlander DELETE data from tables `temp_session` on conditions username LIKE biwa003
13:29:53 biwa003 Birgitta Wåhlander UPDATING data to tables `time2vie_cirruscommon`.`login` fields ( login, last_time ) values (1, 2019-07-14 13:29:53) on conditions username = biwa003
13:29:53 biwa003 Birgitta Wåhlander UPDATING data to tables `time2vie_cirruscommon`.`secondary_login` fields ( last_login_time ) values (2019-07-14 13:29:53) on conditions username = biwa003 AND company_id = 20
13:30:02 biwa003 Birgitta Wåhlander UPDATING data to tables `time2vie_cirruscommon`.`ws_sessions` fields ( user_id ) values (biwa003) on conditions session_id = 9f1a7fa990fc08d5320f9031c930e59f
13:52:37 biwa003 Birgitta Wåhlander INSERTING data into tables `log_login` fields ( username, ip, browser ) values ( biwa003, 185.27.165.66, Mozilla/5.0 (Windows NT 6.1; Win64; x64) AppleWebKit/537.36 (KHTML, like Gecko) Chrome/75.0.3770.100 Safari/537.36 ) => {inserted_id = 2276}
13:52:37 biwa003 Birgitta Wåhlander DELETE data from tables `temp_session` on conditions username LIKE biwa003
13:52:37 biwa003 Birgitta Wåhlander UPDATING data to tables `time2vie_cirruscommon`.`login` fields ( login, last_time ) values (1, 2019-07-14 13:52:37) on conditions username = biwa003
13:52:37 biwa003 Birgitta Wåhlander UPDATING data to tables `time2vie_cirruscommon`.`secondary_login` fields ( last_login_time ) values (2019-07-14 13:52:37) on conditions username = biwa003 AND company_id = 20
13:52:38 biwa003 Birgitta Wåhlander UPDATING data to tables `time2vie_cirruscommon`.`ws_sessions` fields ( user_id ) values (biwa003) on conditions session_id = cc4dd368f5fa114c73ab83f99915305d
13:53:18 biwa003 Birgitta Wåhlander UPDATING data to tables `timetable` fields ( status ) values (2) on conditions id = 728
13:53:18 biwa003 Birgitta Wåhlander INSERTING data into tables `timetable` fields ( customer, date, time_from, time_to, type, fkkn, comment, alloc_emp, relation_id, status ) values ( chwa001, 2019-07-18, 14.00, 22.00, 0, 1, , biwa003, 728, 0 ) => {inserted_id = 2387}
13:53:18 biwa003 Birgitta Wåhlander INSERTING data into tables `leave` fields ( group_id, employee, date, time_from, time_to, type, comment, appr_emp, status, no_pay ) values ( 289, thgu002, 2019-07-18, 14, 22, 2, , biwa003, 1, 0 ) => {inserted_id = 581}
13:53:32 biwa003 Birgitta Wåhlander UPDATING data to tables `timetable` fields ( customer, employee, date, time_from, time_to, fkkn, type, status, comment ) values (chwa001, mato007, 2019-07-18, 7.00, 18.30, 1, 0, 1, ) on conditions id = 2296
13:53:45 biwa003 Birgitta Wåhlander DELETE data from tables `timetable` on conditions id = 2387
13:54:00 biwa003 Birgitta Wåhlander UPDATING data to tables `timetable` fields ( customer, employee, date, time_from, time_to, fkkn, type, status, comment ) values (chwa001, mato007, 2019-07-19, 7.00, 11.00, 1, 0, 1, ) on conditions id = 731
13:55:28 biwa003 Birgitta Wåhlander INSERTING data into tables `timetable` fields ( employee, customer, fkkn, type, date, time_from, time_to, status, created_status, alloc_emp, comment ) values ( biwa003, chwa001, 1, 0, 2019-07-14, 0.00, 4, 1, , biwa003,  ) => {inserted_id = 2388}
13:55:28 biwa003 Birgitta Wåhlander INSERTING data into tables `memory_slots` fields ( customer, time_from, time_to, type ) values ( chwa001, 0.00, 4, 0 ) => {inserted_id = 95}
13:56:52 biwa003 Birgitta Wåhlander INSERTING data into tables `timetable` fields ( employee, customer, fkkn, type, date, time_from, time_to, status, created_status, alloc_emp, comment ) values ( lawa002, chwa001, 1, 0, 2019-07-13, 21.45, 24, 1, , biwa003,  ) => {inserted_id = 2389}
13:56:52 biwa003 Birgitta Wåhlander INSERTING data into tables `memory_slots` fields ( customer, time_from, time_to, type ) values ( chwa001, 21.45, 24, 0 ) => {inserted_id = 96}
13:57:09 biwa003 Birgitta Wåhlander UPDATING data to tables `timetable` fields ( customer, employee, date, time_from, time_to, fkkn, type, status, comment ) values (chwa001, lawa002, 2019-07-13, 21.15, 24, 1, 0, 1, ) on conditions id = 2389
13:57:37 biwa003 Birgitta Wåhlander UPDATING data to tables `timetable` fields ( customer, employee, date, time_from, time_to, fkkn, type, status, comment ) values (chwa001, lawa002, 2019-07-13, 22.15, 24, 1, 0, 1, ) on conditions id = 2389
13:58:06 biwa003 Birgitta Wåhlander UPDATING data to tables `time2vie_cirruscommon`.`ws_sessions` fields ( user_id ) values (biwa003) on conditions session_id = cc4dd368f5fa114c73ab83f99915305d
14:03:36 biwa003 Birgitta Wåhlander UPDATING data to tables `timetable` fields ( status ) values (2) on conditions id = 813
14:03:36 biwa003 Birgitta Wåhlander INSERTING data into tables `timetable` fields ( customer, date, time_from, time_to, type, fkkn, comment, alloc_emp, relation_id, employee, status ) values ( chwa001, 2019-08-10, 18.00, 24.00, 0, 1, , biwa003, 813, biwa003, 1 ) => {inserted_id = 2390}
14:03:36 biwa003 Birgitta Wåhlander INSERTING data into tables `leave` fields ( group_id, employee, date, time_from, time_to, type, comment, appr_emp, status, no_pay ) values ( 290, gaan001, 2019-08-10, 18, 24, 7, , biwa003, 1, 0 ) => {inserted_id = 582}
14:03:55 biwa003 Birgitta Wåhlander UPDATING data to tables `timetable` fields ( status ) values (2) on conditions id = 814
14:03:55 biwa003 Birgitta Wåhlander INSERTING data into tables `timetable` fields ( customer, date, time_from, time_to, type, fkkn, comment, alloc_emp, relation_id, employee, status ) values ( chwa001, 2019-08-11, 0.00, 8.15, 0, 1, , biwa003, 814, biwa003, 1 ) => {inserted_id = 2391}
14:03:55 biwa003 Birgitta Wåhlander INSERTING data into tables `leave` fields ( group_id, employee, date, time_from, time_to, type, comment, appr_emp, status, no_pay ) values ( 291, gaan001, 2019-08-11, 0, 8.15, 7, , biwa003, 1, 0 ) => {inserted_id = 583}
14:04:19 biwa003 Birgitta Wåhlander UPDATING data to tables `timetable` fields ( status ) values (2) on conditions id = 836
14:04:19 biwa003 Birgitta Wåhlander INSERTING data into tables `timetable` fields ( customer, date, time_from, time_to, type, fkkn, comment, alloc_emp, relation_id, employee, status ) values ( chwa001, 2019-08-16, 18.00, 24.00, 0, 1, , biwa003, 836, lawa002, 1 ) => {inserted_id = 2392}
14:04:19 biwa003 Birgitta Wåhlander INSERTING data into tables `leave` fields ( group_id, employee, date, time_from, time_to, type, comment, appr_emp, status, no_pay ) values ( 292, gaan001, 2019-08-16, 18, 24, 7, , biwa003, 1, 0 ) => {inserted_id = 584}
14:04:44 biwa003 Birgitta Wåhlander UPDATING data to tables `timetable` fields ( status ) values (2) on conditions id = 837
14:04:44 biwa003 Birgitta Wåhlander INSERTING data into tables `timetable` fields ( customer, date, time_from, time_to, type, fkkn, comment, alloc_emp, relation_id, employee, status ) values ( chwa001, 2019-08-17, 0.00, 8.15, 0, 1, , biwa003, 837, lawa002, 1 ) => {inserted_id = 2393}
14:04:44 biwa003 Birgitta Wåhlander INSERTING data into tables `leave` fields ( group_id, employee, date, time_from, time_to, type, comment, appr_emp, status, no_pay ) values ( 293, gaan001, 2019-08-17, 0, 8.15, 7, , biwa003, 1, 0 ) => {inserted_id = 585}
14:06:32 biwa003 Birgitta Wåhlander UPDATING data to tables `timetable` fields ( customer, employee, date, time_from, time_to, fkkn, type, status, comment ) values (chwa001, gaan001, 2019-08-16, 7.00, 14.45, 1, 0, 1, ) on conditions id = 2007
14:06:51 biwa003 Birgitta Wåhlander UPDATING data to tables `timetable` fields ( customer, employee, date, time_from, time_to, fkkn, type, status, comment ) values (chwa001, , 2019-08-16, 7.00, 18.15, 1, 0, 0, ) on conditions id = 2007
14:07:39 biwa003 Birgitta Wåhlander DELETE data from tables `timetable` on conditions id = 2007
14:08:16 biwa003 Birgitta Wåhlander UPDATING data to tables `timetable` fields ( customer, employee, date, time_from, time_to, fkkn, type, status, comment ) values (chwa001, gaan001, 2019-08-16, 7.00, 17.00, 1, 0, 1, ) on conditions id = 2008
14:08:33 biwa003 Birgitta Wåhlander UPDATING data to tables `timetable` fields ( customer, employee, date, time_from, time_to, fkkn, type, status, comment ) values (chwa001, , 2019-08-16, 7.00, 18.15, 1, 0, 0, ) on conditions id = 2008
14:11:16 biwa003 Birgitta Wåhlander UPDATING data to tables `timetable` fields ( customer, employee, date, time_from, time_to, fkkn, type, status, comment ) values (chwa001, gaan001, 2019-08-16, 7.00, 18.00, 1, 0, 1, ) on conditions id = 2008
14:13:21 biwa003 Birgitta Wåhlander UPDATING data to tables `timetable` fields ( customer, employee, date, time_from, time_to, fkkn, type, status, comment ) values (chwa001, , 2019-08-18, 8.00, 18.15, 1, 0, 0, ) on conditions id = 841
14:14:03 biwa003 Birgitta Wåhlander UPDATING data to tables `timetable` fields ( customer, employee, date, time_from, time_to, fkkn, type, status, comment ) values (chwa001, , 2019-08-17, 8.15, 18.15, 1, 0, 0, ) on conditions id = 838
14:14:20 biwa003 Birgitta Wåhlander UPDATING data to tables `timetable` fields ( customer, employee, date, time_from, time_to, fkkn, type, status, comment ) values (chwa001, gaan001, 2019-08-17, 8.15, 18.15, 1, 0, 1, ) on conditions id = 838
14:20:16 biwa003 Birgitta Wåhlander UPDATING data to tables `timetable` fields ( employee, status ) values (, 0) on conditions id = 893
14:20:37 biwa003 Birgitta Wåhlander DELETE data from tables `timetable` on conditions id = 893
14:20:48 biwa003 Birgitta Wåhlander UPDATING data to tables `timetable` fields ( customer, employee, date, time_from, time_to, fkkn, type, status, comment ) values (chwa001, gaan001, 2019-09-01, 8.00, 18.15, 1, 0, 1, ) on conditions id = 2380
15:15:04 biwa003 Birgitta Wåhlander INSERTING data into tables `log_login` fields ( username, ip, browser ) values ( biwa003, 185.27.165.66, Mozilla/5.0 (Windows NT 6.1; Win64; x64) AppleWebKit/537.36 (KHTML, like Gecko) Chrome/75.0.3770.100 Safari/537.36 ) => {inserted_id = 2277}
15:15:04 biwa003 Birgitta Wåhlander DELETE data from tables `temp_session` on conditions username LIKE biwa003
15:15:04 biwa003 Birgitta Wåhlander UPDATING data to tables `time2vie_cirruscommon`.`login` fields ( login, last_time ) values (1, 2019-07-14 15:15:04) on conditions username = biwa003
15:15:04 biwa003 Birgitta Wåhlander UPDATING data to tables `time2vie_cirruscommon`.`secondary_login` fields ( last_login_time ) values (2019-07-14 15:15:04) on conditions username = biwa003 AND company_id = 20
15:15:04 biwa003 Birgitta Wåhlander UPDATING data to tables `time2vie_cirruscommon`.`ws_sessions` fields ( user_id ) values (biwa003) on conditions session_id = cc4dd368f5fa114c73ab83f99915305d
15:16:32 biwa003 Birgitta Wåhlander UPDATING data to tables `note` fields ( status ) values (1) on conditions id = 7
15:16:46 biwa003 Birgitta Wåhlander INSERTING data into tables `mc_leave` fields ( leave_id, leave_status, read_users ) values ( 287, 0, biwa003 ), ( 288, 0, biwa003 ), ( 285, 0, biwa003 ), ( 286, 0, biwa003 ) => {inserted_id = 244}
15:20:09 biwa003 Birgitta Wåhlander UPDATING data to tables `time2vie_cirruscommon`.`ws_sessions` fields ( user_id ) values (biwa003) on conditions session_id = cc4dd368f5fa114c73ab83f99915305d
15:21:29 biwa003 Birgitta Wåhlander UPDATING data to tables `timetable` fields ( customer, employee, date, time_from, time_to, fkkn, type, status, comment ) values (chwa001, lawa002, 2019-07-03, 0.00, 12.15, 1, 0, 1, ) on conditions id = 2328
15:22:41 lawa002 Lars Wåhlander UPDATING data to tables `time2vie_cirruscommon`.`secondary_login` fields ( error ) values (0) on conditions username = lawa002 AND company_id = 20
15:22:41 lawa002 Lars Wåhlander INSERTING data into tables `log_login` fields ( username, ip, browser ) values ( lawa002, 185.27.165.66, CirrusM/3 CFNetwork/978.0.7 Darwin/18.6.0 ) => {inserted_id = 2278}
15:22:41 lawa002 Lars Wåhlander DELETE data from tables `temp_session` on conditions username LIKE lawa002
15:22:41 lawa002 Lars Wåhlander UPDATING data to tables `time2vie_cirruscommon`.`login` fields ( login, last_time ) values (1, 2019-07-14 15:22:41) on conditions username = lawa002
15:22:41 lawa002 Lars Wåhlander UPDATING data to tables `time2vie_cirruscommon`.`secondary_login` fields ( last_login_time ) values (2019-07-14 15:22:41) on conditions username = lawa002 AND company_id = 20
15:22:42 lawa002 Lars Wåhlander UPDATING data to tables `time2vie_cirruscommon`.`push_notify_tokens` fields ( user_id, updated_date, error ) values (lawa002, 2019-07-14 15:22:42, 0) on conditions fcm_token = cMciIkjQto0:APA91bE0mFZ9syRxH0H9Tas6txAz8lAcS2UctPGAxnIgY9LtE7s84sR9AjeT4hfrg-T41cA5N9Vo80yzXQc6B3Sr8cQB2jG1MDlaqJfkkBpynoROrUKZYwhJ8o1nJ4O2lBKe197NqBpq AND device_id = A683A1BD-8A9A-4458-A762-1F517F9312EA #Mobile-App: Log-id=2278
15:25:51 biwa003 Birgitta Wåhlander INSERTING data into tables `timetable` fields ( employee, customer, fkkn, type, date, time_from, time_to, status, created_status, alloc_emp, comment ) values ( lawa002, chwa001, 1, 0, 2019-07-21, 8.15, 18, 1, , biwa003,  ) => {inserted_id = 2394}
15:26:10 anka019 Anna Kawalya Westerberg INSERTING data into tables `log_login` fields ( username, ip, browser ) values ( anka019, 94.103.194.75, Mozilla/5.0 (iPhone; CPU iPhone OS 12_3_2 like Mac OS X) AppleWebKit/605.1.15 (KHTML, like Gecko) Version/12.1.1 Mobile/15E148 Safari/604.1 ) => {inserted_id = 2279}
15:26:10 anka019 Anna Kawalya Westerberg DELETE data from tables `temp_session` on conditions username LIKE anka019
15:26:10 anka019 Anna Kawalya Westerberg UPDATING data to tables `time2vie_cirruscommon`.`login` fields ( login, last_time ) values (1, 2019-07-14 15:26:10) on conditions username = anka019
15:26:10 anka019 Anna Kawalya Westerberg UPDATING data to tables `time2vie_cirruscommon`.`secondary_login` fields ( last_login_time ) values (2019-07-14 15:26:10) on conditions username = anka019 AND company_id = 20
15:26:11 anka019 Anna Kawalya Westerberg UPDATING data to tables `time2vie_cirruscommon`.`ws_sessions` fields ( user_id ) values (anka019) on conditions session_id = 9d9cba061a92a2443b88a69630133f9e
15:26:53 anka019 Anna Kawalya Westerberg INSERTING data into tables `log_login` fields ( username, ip, browser ) values ( anka019, 94.103.194.75, Mozilla/5.0 (iPhone; CPU iPhone OS 12_3_2 like Mac OS X) AppleWebKit/605.1.15 (KHTML, like Gecko) Version/12.1.1 Mobile/15E148 Safari/604.1 ) => {inserted_id = 2280}
15:26:53 anka019 Anna Kawalya Westerberg DELETE data from tables `temp_session` on conditions username LIKE anka019
15:26:53 anka019 Anna Kawalya Westerberg UPDATING data to tables `time2vie_cirruscommon`.`login` fields ( login, last_time ) values (1, 2019-07-14 15:26:53) on conditions username = anka019
15:26:53 anka019 Anna Kawalya Westerberg UPDATING data to tables `time2vie_cirruscommon`.`secondary_login` fields ( last_login_time ) values (2019-07-14 15:26:53) on conditions username = anka019 AND company_id = 20
15:27:09 biwa003 Birgitta Wåhlander INSERTING data into tables `timetable` fields ( employee, customer, fkkn, type, date, time_from, time_to, status, created_status, alloc_emp, comment ) values ( lawa002, chwa001, 1, 0, 2019-07-24, 7.15, 18, 1, , biwa003,  ) => {inserted_id = 2395}
15:28:51 biwa003 Birgitta Wåhlander INSERTING data into tables `timetable` fields ( employee, customer, fkkn, type, date, time_from, time_to, status, created_status, alloc_emp, comment ) values ( lawa002, chwa001, 1, 0, 2019-07-27, 7, 18, 1, , biwa003,  ) => {inserted_id = 2396}
15:30:27 biwa003 Birgitta Wåhlander INSERTING data into tables `timetable` fields ( employee, customer, fkkn, type, date, time_from, time_to, status, created_status, alloc_emp, comment ) values ( lawa002, chwa001, 1, 0, 2019-07-31, 7.15, 18, 1, , biwa003,  ) => {inserted_id = 2397}
15:31:02 biwa003 Birgitta Wåhlander DELETE data from tables `timetable` on conditions id = 2397
15:33:19 biwa003 Birgitta Wåhlander UPDATING data to tables `timetable` fields ( customer, employee, date, time_from, time_to, fkkn, type, status, comment ) values (chwa001, lawa002, 2019-08-02, 18.00, 24, 1, 0, 1, ) on conditions id = 1995
15:33:28 biwa003 Birgitta Wåhlander UPDATING data to tables `timetable` fields ( customer, employee, date, time_from, time_to, fkkn, type, status, comment ) values (chwa001, biwa003, 2019-08-03, 0.00, 8.15, 1, 0, 1, ) on conditions id = 1996
15:34:00 biwa003 Birgitta Wåhlander UPDATING data to tables `timetable` fields ( customer, employee, date, time_from, time_to, fkkn, type, status, comment ) values (chwa001, lawa002, 2019-08-04, 8.00, 18.15, 1, 0, 1, ) on conditions id = 790
15:34:16 biwa003 Birgitta Wåhlander UPDATING data to tables `timetable` fields ( customer, employee, date, time_from, time_to, fkkn, type, status, comment ) values (chwa001, biwa003, 2019-08-04, 8.00, 18.15, 1, 0, 1, ) on conditions id = 790
15:34:45 biwa003 Birgitta Wåhlander UPDATING data to tables `timetable` fields ( customer, employee, date, time_from, time_to, fkkn, type, status, comment ) values (chwa001, lawa002, 2019-08-04, 18.00, 24, 1, 0, 1, ) on conditions id = 1997
15:34:55 biwa003 Birgitta Wåhlander UPDATING data to tables `timetable` fields ( customer, employee, date, time_from, time_to, fkkn, type, status, comment ) values (chwa001, lawa002, 2019-08-05, 0.00, 7.15, 1, 0, 1, ) on conditions id = 1998
15:36:01 biwa003 Birgitta Wåhlander UPDATING data to tables `timetable` fields ( customer, employee, date, time_from, time_to, fkkn, type, status, comment ) values (chwa001, lawa002, 2019-08-05, 18.15, 24, 1, 0, 1, ) on conditions id = 1999
15:36:12 biwa003 Birgitta Wåhlander UPDATING data to tables `timetable` fields ( customer, employee, date, time_from, time_to, fkkn, type, status, comment ) values (chwa001, lawa002, 2019-08-06, 0.00, 7.15, 1, 0, 1, ) on conditions id = 2000
15:37:16 biwa003 Birgitta Wåhlander UPDATING data to tables `timetable` fields ( customer, employee, date, time_from, time_to, fkkn, type, status, comment ) values (chwa001, lawa002, 2019-08-08, 10.30, 18.15, 1, 0, 1, ) on conditions id = 2001
15:37:28 biwa003 Birgitta Wåhlander UPDATING data to tables `timetable` fields ( customer, employee, date, time_from, time_to, fkkn, type, status, comment ) values (chwa001, lawa002, 2019-08-09, 10.30, 18.15, 1, 0, 1, ) on conditions id = 2002
15:37:35 biwa003 Birgitta Wåhlander UPDATING data to tables `timetable` fields ( customer, employee, date, time_from, time_to, fkkn, type, status, comment ) values (chwa001, biwa003, 2019-08-07, 7.00, 18.15, 1, 0, 1, ) on conditions id = 801
15:40:05 biwa003 Birgitta Wåhlander UPDATING data to tables `timetable` fields ( customer, employee, date, time_from, time_to, fkkn, type, status, comment ) values (chwa001, lawa002, 2019-08-14, 7.00, 18.15, 1, 0, 1, ) on conditions id = 827
15:40:16 biwa003 Birgitta Wåhlander UPDATING data to tables `timetable` fields ( customer, employee, date, time_from, time_to, fkkn, type, status, comment ) values (chwa001, lawa002, 2019-08-21, 7.00, 18.15, 1, 0, 1, ) on conditions id = 852
15:46:42 hejo003 Helen Jörnås UPDATING data to tables `time2vie_cirruscommon`.`secondary_login` fields ( error ) values (0) on conditions username = hejo003 AND company_id = 20
15:46:42 hejo003 Helen Jörnås INSERTING data into tables `log_login` fields ( username, ip, browser ) values ( hejo003, 217.214.147.92, okhttp/3.9.1 ) => {inserted_id = 2281}
15:46:42 hejo003 Helen Jörnås DELETE data from tables `temp_session` on conditions username LIKE hejo003
15:46:42 hejo003 Helen Jörnås UPDATING data to tables `time2vie_cirruscommon`.`login` fields ( login, last_time ) values (1, 2019-07-14 15:46:42) on conditions username = hejo003
15:46:42 hejo003 Helen Jörnås UPDATING data to tables `time2vie_cirruscommon`.`secondary_login` fields ( last_login_time ) values (2019-07-14 15:46:42) on conditions username = hejo003 AND company_id = 20
16:04:22 biwa003 Birgitta Wåhlander UPDATING data to tables `timetable` fields ( customer, employee, date, time_from, time_to, fkkn, type, status, comment ) values (chwa001, lawa002, 2019-08-18, 8.00, 18.15, 1, 0, 1, ) on conditions id = 841
16:04:46 biwa003 Birgitta Wåhlander INSERTING data into tables `timetable` fields ( employee, customer, fkkn, type, date, time_from, time_to, status, created_status, alloc_emp, comment ) values ( biwa003, chwa001, 1, 0, 2019-08-18, 8.15, 18, 1, , biwa003,  ) => {inserted_id = 2398}
16:06:53 biwa003 Birgitta Wåhlander UPDATING data to tables `timetable` fields ( customer, employee, date, time_from, time_to, fkkn, type, status, comment ) values (chwa001, biwa003, 2019-08-24, 18.00, 24, 1, 0, 1, ) on conditions id = 2376
16:07:21 biwa003 Birgitta Wåhlander UPDATING data to tables `timetable` fields ( customer, employee, date, time_from, time_to, fkkn, type, status, comment ) values (chwa001, biwa003, 2019-08-25, 0.00, 8.15, 1, 0, 1, ) on conditions id = 2377
16:07:42 biwa003 Birgitta Wåhlander DELETE data from tables `timetable` on conditions id = 869
16:08:02 biwa003 Birgitta Wåhlander UPDATING data to tables `timetable` fields ( customer, employee, date, time_from, time_to, fkkn, type, status, comment ) values (chwa001, gaan001, 2019-08-25, 8.00, 18.15, 1, 0, 1, ) on conditions id = 868
16:08:12 biwa003 Birgitta Wåhlander UPDATING data to tables `timetable` fields ( customer, employee, date, time_from, time_to, fkkn, type, status, comment ) values (chwa001, lawa002, 2019-08-11, 0.00, 8.15, 1, 0, 1, ) on conditions id = 2391
16:12:42 anka019 Anna Kawalya Westerberg INSERTING data into tables `log_login` fields ( username, ip, browser ) values ( anka019, 94.103.194.75, Mozilla/5.0 (iPhone; CPU iPhone OS 12_3_2 like Mac OS X) AppleWebKit/605.1.15 (KHTML, like Gecko) Version/12.1.1 Mobile/15E148 Safari/604.1 ) => {inserted_id = 2282}
16:12:42 anka019 Anna Kawalya Westerberg DELETE data from tables `temp_session` on conditions username LIKE anka019
16:12:42 anka019 Anna Kawalya Westerberg UPDATING data to tables `time2vie_cirruscommon`.`login` fields ( login, last_time ) values (1, 2019-07-14 16:12:42) on conditions username = anka019
16:12:42 anka019 Anna Kawalya Westerberg UPDATING data to tables `time2vie_cirruscommon`.`secondary_login` fields ( last_login_time ) values (2019-07-14 16:12:42) on conditions username = anka019 AND company_id = 20
16:12:52 anka019 Anna Kawalya Westerberg UPDATING data to tables `time2vie_cirruscommon`.`ws_sessions` fields ( user_id ) values (anka019) on conditions session_id = ea4954fe7c95767a89af0f1c2b74f622
16:20:01 idah001 Ida-Caroline Ahnström INSERTING data into tables `log_login` fields ( username, ip, browser ) values ( idah001, 94.234.47.79, Mozilla/5.0 (iPhone; CPU iPhone OS 11_3 like Mac OS X) AppleWebKit/605.1.15 (KHTML, like Gecko) Version/11.0 Mobile/15E148 Safari/604.1 ) => {inserted_id = 2283}
16:20:01 idah001 Ida-Caroline Ahnström DELETE data from tables `temp_session` on conditions username LIKE idah001
16:20:01 idah001 Ida-Caroline Ahnström UPDATING data to tables `time2vie_cirruscommon`.`login` fields ( login, last_time ) values (1, 2019-07-14 16:20:01) on conditions username = idah001
16:20:02 idah001 Ida-Caroline Ahnström UPDATING data to tables `time2vie_cirruscommon`.`secondary_login` fields ( last_login_time ) values (2019-07-14 16:20:01) on conditions username = idah001 AND company_id = 20
16:20:02 idah001 Ida-Caroline Ahnström UPDATING data to tables `time2vie_cirruscommon`.`ws_sessions` fields ( user_id ) values (idah001) on conditions session_id = 67bb2edf0e198082657f19e9eec3e235
17:40:09 hejo003 Helen Jörnås UPDATING data to tables `time2vie_cirruscommon`.`secondary_login` fields ( error ) values (0) on conditions username = hejo003 AND company_id = 20
17:40:09 hejo003 Helen Jörnås INSERTING data into tables `log_login` fields ( username, ip, browser ) values ( hejo003, 217.214.147.92, okhttp/3.9.1 ) => {inserted_id = 2284}
17:40:09 hejo003 Helen Jörnås DELETE data from tables `temp_session` on conditions username LIKE hejo003
17:40:09 hejo003 Helen Jörnås UPDATING data to tables `time2vie_cirruscommon`.`login` fields ( login, last_time ) values (1, 2019-07-14 17:40:09) on conditions username = hejo003
17:40:09 hejo003 Helen Jörnås UPDATING data to tables `time2vie_cirruscommon`.`secondary_login` fields ( last_login_time ) values (2019-07-14 17:40:09) on conditions username = hejo003 AND company_id = 20
18:01:27 biwa003 Birgitta Wåhlander INSERTING data into tables `log_login` fields ( username, ip, browser ) values ( biwa003, 185.27.165.66, Mozilla/5.0 (Windows NT 6.1; Win64; x64) AppleWebKit/537.36 (KHTML, like Gecko) Chrome/75.0.3770.100 Safari/537.36 ) => {inserted_id = 2285}
18:01:27 biwa003 Birgitta Wåhlander DELETE data from tables `temp_session` on conditions username LIKE biwa003
18:01:27 biwa003 Birgitta Wåhlander UPDATING data to tables `time2vie_cirruscommon`.`login` fields ( login, last_time ) values (1, 2019-07-14 18:01:27) on conditions username = biwa003
18:01:27 biwa003 Birgitta Wåhlander UPDATING data to tables `time2vie_cirruscommon`.`secondary_login` fields ( last_login_time ) values (2019-07-14 18:01:27) on conditions username = biwa003 AND company_id = 20
18:01:28 biwa003 Birgitta Wåhlander UPDATING data to tables `time2vie_cirruscommon`.`ws_sessions` fields ( user_id ) values (biwa003) on conditions session_id = cc4dd368f5fa114c73ab83f99915305d
18:02:16 biwa003 Birgitta Wåhlander UPDATING data to tables `timetable` fields ( status, employee, alloc_emp ) values (1, anka019, biwa003) on conditions id = 1995
18:02:39 biwa003 Birgitta Wåhlander UPDATING data to tables `timetable` fields ( customer, employee, date, time_from, time_to, fkkn, type, status, comment ) values (chwa001, anka019, 2019-08-03, 0.00, 8.15, 1, 0, 1, ) on conditions id = 1996
18:02:52 biwa003 Birgitta Wåhlander UPDATING data to tables `timetable` fields ( customer, employee, date, time_from, time_to, fkkn, type, status, comment ) values (chwa001, lawa002, 2019-08-02, 7.00, 14.45, 1, 0, 1, ) on conditions id = 783
18:03:16 biwa003 Birgitta Wåhlander UPDATING data to tables `timetable` fields ( customer, employee, date, time_from, time_to, fkkn, type, status, comment ) values (chwa001, anka019, 2019-08-04, 18.00, 24, 1, 0, 1, ) on conditions id = 1997
18:03:33 biwa003 Birgitta Wåhlander UPDATING data to tables `timetable` fields ( customer, employee, date, time_from, time_to, fkkn, type, status, comment ) values (chwa001, gaan001, 2019-08-05, 7.00, 18.15, 1, 0, 1, ) on conditions id = 794
18:03:47 biwa003 Birgitta Wåhlander DELETE data from tables `timetable` on conditions id = 793
18:03:57 biwa003 Birgitta Wåhlander UPDATING data to tables `timetable` fields ( customer, employee, date, time_from, time_to, fkkn, type, status, comment ) values (chwa001, anka019, 2019-08-05, 0.00, 7.15, 1, 0, 1, ) on conditions id = 1998
18:05:22 biwa003 Birgitta Wåhlander INSERTING data into tables `timetable` fields ( employee, customer, fkkn, type, date, time_from, time_to, status, created_status, alloc_emp, comment ) values ( lawa002, chwa001, 1, 0, 2019-08-04, 8.15, 18, 1, , biwa003,  ) => {inserted_id = 2399}
18:06:39 biwa003 Birgitta Wåhlander INSERTING data into tables `timetable` fields ( employee, customer, fkkn, type, date, time_from, time_to, status, created_status, alloc_emp, comment ) values ( lawa002, chwa001, 1, 0, 2019-08-07, 7.15, 18, 1, , biwa003,  ) => {inserted_id = 2400}
18:09:08 biwa003 Birgitta Wåhlander INSERTING data into tables `log_login` fields ( username, ip, browser ) values ( biwa003, 185.27.165.66, Mozilla/5.0 (Windows NT 6.1; Win64; x64) AppleWebKit/537.36 (KHTML, like Gecko) Chrome/75.0.3770.100 Safari/537.36 ) => {inserted_id = 2286}
18:09:08 biwa003 Birgitta Wåhlander DELETE data from tables `temp_session` on conditions username LIKE biwa003
18:09:08 biwa003 Birgitta Wåhlander UPDATING data to tables `time2vie_cirruscommon`.`login` fields ( login, last_time ) values (1, 2019-07-14 18:09:08) on conditions username = biwa003
18:09:09 biwa003 Birgitta Wåhlander UPDATING data to tables `time2vie_cirruscommon`.`secondary_login` fields ( last_login_time ) values (2019-07-14 18:09:08) on conditions username = biwa003 AND company_id = 20
18:09:09 biwa003 Birgitta Wåhlander UPDATING data to tables `time2vie_cirruscommon`.`ws_sessions` fields ( user_id ) values (biwa003) on conditions session_id = cc4dd368f5fa114c73ab83f99915305d
20:45:20 anka019 Anna Kawalya Westerberg INSERTING data into tables `log_login` fields ( username, ip, browser ) values ( anka019, 90.227.20.66, Mozilla/5.0 (iPhone; CPU iPhone OS 12_3_2 like Mac OS X) AppleWebKit/605.1.15 (KHTML, like Gecko) Version/12.1.1 Mobile/15E148 Safari/604.1 ) => {inserted_id = 2287}
20:45:20 anka019 Anna Kawalya Westerberg DELETE data from tables `temp_session` on conditions username LIKE anka019
20:45:20 anka019 Anna Kawalya Westerberg UPDATING data to tables `time2vie_cirruscommon`.`login` fields ( login, last_time ) values (1, 2019-07-14 20:45:20) on conditions username = anka019
20:45:20 anka019 Anna Kawalya Westerberg UPDATING data to tables `time2vie_cirruscommon`.`secondary_login` fields ( last_login_time ) values (2019-07-14 20:45:20) on conditions username = anka019 AND company_id = 20
20:45:21 anka019 Anna Kawalya Westerberg UPDATING data to tables `time2vie_cirruscommon`.`ws_sessions` fields ( user_id ) values (anka019) on conditions session_id = d9b83cff628ea2f2e1941f22e2aa5d2a
21:39:17 hejo003 Helen Jörnås UPDATING data to tables `time2vie_cirruscommon`.`secondary_login` fields ( error ) values (0) on conditions username = hejo003 AND company_id = 20
21:39:17 hejo003 Helen Jörnås INSERTING data into tables `log_login` fields ( username, ip, browser ) values ( hejo003, 217.214.147.92, okhttp/3.9.1 ) => {inserted_id = 2288}
21:39:17 hejo003 Helen Jörnås DELETE data from tables `temp_session` on conditions username LIKE hejo003
21:39:17 hejo003 Helen Jörnås UPDATING data to tables `time2vie_cirruscommon`.`login` fields ( login, last_time ) values (1, 2019-07-14 21:39:17) on conditions username = hejo003
21:39:17 hejo003 Helen Jörnås UPDATING data to tables `time2vie_cirruscommon`.`secondary_login` fields ( last_login_time ) values (2019-07-14 21:39:17) on conditions username = hejo003 AND company_id = 20
22:30:31 mibr004 Mikaela Braun INSERTING data into tables `log_login` fields ( username, ip, browser ) values ( mibr004, 155.4.220.147, Mozilla/5.0 (iPhone; CPU iPhone OS 12_3_1 like Mac OS X) AppleWebKit/605.1.15 (KHTML, like Gecko) Version/12.1.1 Mobile/15E148 Safari/604.1 ) => {inserted_id = 2289}
22:30:31 mibr004 Mikaela Braun DELETE data from tables `temp_session` on conditions username LIKE mibr004
22:30:31 mibr004 Mikaela Braun UPDATING data to tables `time2vie_cirruscommon`.`login` fields ( login, last_time ) values (1, 2019-07-14 22:30:31) on conditions username = mibr004
22:30:31 mibr004 Mikaela Braun UPDATING data to tables `time2vie_cirruscommon`.`secondary_login` fields ( last_login_time ) values (2019-07-14 22:30:31) on conditions username = mibr004 AND company_id = 20
22:30:31 mibr004 Mikaela Braun UPDATING data to tables `time2vie_cirruscommon`.`ws_sessions` fields ( user_id ) values (mibr004) on conditions session_id = cb730af097d552caf0e76de376739962
22:57:21 biwa003 Birgitta Wåhlander INSERTING data into tables `log_login` fields ( username, ip, browser ) values ( biwa003, 185.27.165.66, Mozilla/5.0 (iPad; CPU OS 10_3_3 like Mac OS X) AppleWebKit/603.1.30 (KHTML, like Gecko) CriOS/71.0.3578.89 Mobile/14G60 Safari/602.1 ) => {inserted_id = 2290}
22:57:21 biwa003 Birgitta Wåhlander DELETE data from tables `temp_session` on conditions username LIKE biwa003
22:57:21 biwa003 Birgitta Wåhlander UPDATING data to tables `time2vie_cirruscommon`.`login` fields ( login, last_time ) values (1, 2019-07-14 22:57:21) on conditions username = biwa003
22:57:21 biwa003 Birgitta Wåhlander UPDATING data to tables `time2vie_cirruscommon`.`secondary_login` fields ( last_login_time ) values (2019-07-14 22:57:21) on conditions username = biwa003 AND company_id = 20
22:57:22 biwa003 Birgitta Wåhlander UPDATING data to tables `time2vie_cirruscommon`.`ws_sessions` fields ( user_id ) values (biwa003) on conditions session_id = e4c45e8cca5e70200ddc1a46e584fe9d
23:23:34 hejo003 Helen Jörnås UPDATING data to tables `time2vie_cirruscommon`.`secondary_login` fields ( error ) values (0) on conditions username = hejo003 AND company_id = 20
23:23:34 hejo003 Helen Jörnås INSERTING data into tables `log_login` fields ( username, ip, browser ) values ( hejo003, 217.214.147.92, okhttp/3.9.1 ) => {inserted_id = 2291}
23:23:34 hejo003 Helen Jörnås DELETE data from tables `temp_session` on conditions username LIKE hejo003
23:23:34 hejo003 Helen Jörnås UPDATING data to tables `time2vie_cirruscommon`.`login` fields ( login, last_time ) values (1, 2019-07-14 23:23:34) on conditions username = hejo003
23:23:34 hejo003 Helen Jörnås UPDATING data to tables `time2vie_cirruscommon`.`secondary_login` fields ( last_login_time ) values (2019-07-14 23:23:34) on conditions username = hejo003 AND company_id = 20
