06:50:57 gaan001 Gabriel Andersson UPDATING data to tables `time2vie_cirruscommon`.`secondary_login` fields ( error ) values (0) on conditions username = gaan001 AND company_id = 20
06:50:57 gaan001 Gabriel Andersson INSERTING data into tables `log_login` fields ( username, ip, browser ) values ( gaan001, 94.191.140.41, CirrusM/3 CFNetwork/1107.1 Darwin/19.0.0 ) => {inserted_id = 5690}
06:50:57 gaan001 Gabriel Andersson DELETE data from tables `temp_session` on conditions username LIKE gaan001
06:50:57 gaan001 Gabriel Andersson UPDATING data to tables `time2vie_cirruscommon`.`login` fields ( login, last_time ) values (1, 2019-11-20 06:50:57) on conditions username = gaan001
06:50:57 gaan001 Gabriel Andersson UPDATING data to tables `time2vie_cirruscommon`.`secondary_login` fields ( last_login_time ) values (2019-11-20 06:50:57) on conditions username = gaan001 AND company_id = 20
06:50:58 gaan001 Gabriel Andersson UPDATING data to tables `time2vie_cirruscommon`.`push_notify_tokens` fields ( user_id, updated_date, error ) values (gaan001, 2019-11-20 06:50:58, 0) on conditions fcm_token = e51KWK9giv8:APA91bGHMno1HPtH6vgtvvNaxonNc-Bkvswgm2aT4OLq90CDlFw9H2dIl7Li18JiNkP-7pUOuc6Xu8RcoS51Ilqi8H-pAIQ3wxAPozVZ-o4Xh8AcIjJdCzDdKjcmheiVAB_gYeBo2P0d AND device_id = 2639B8CA-61CF-4C5F-AF35-FA532A697892 #Mobile-App: Log-id=5690
07:44:24 biwa003 Birgitta Wåhlander UPDATING data to tables `time2vie_cirruscommon`.`secondary_login` fields ( error ) values (0) on conditions username = biwa003 AND company_id = 20
07:44:24 biwa003 Birgitta Wåhlander INSERTING data into tables `log_login` fields ( username, ip, browser ) values ( biwa003, 185.27.165.66, Time2View/2 CFNetwork/1107.1 Darwin/19.0.0 ) => {inserted_id = 5691}
07:44:24 biwa003 Birgitta Wåhlander DELETE data from tables `temp_session` on conditions username LIKE biwa003
07:44:24 biwa003 Birgitta Wåhlander UPDATING data to tables `time2vie_cirruscommon`.`login` fields ( login, last_time ) values (1, 2019-11-20 07:44:24) on conditions username = biwa003
07:44:24 biwa003 Birgitta Wåhlander UPDATING data to tables `time2vie_cirruscommon`.`secondary_login` fields ( last_login_time ) values (2019-11-20 07:44:24) on conditions username = biwa003 AND company_id = 20
09:57:04 anka019 Anna Kawalya Westerberg INSERTING data into tables `log_login` fields ( username, ip, browser ) values ( anka019, 94.234.40.215, Mozilla/5.0 (iPhone; CPU iPhone OS 12_3_2 like Mac OS X) AppleWebKit/605.1.15 (KHTML, like Gecko) Version/12.1.1 Mobile/15E148 Safari/604.1 ) => {inserted_id = 5692}
09:57:04 anka019 Anna Kawalya Westerberg DELETE data from tables `temp_session` on conditions username LIKE anka019
09:57:04 anka019 Anna Kawalya Westerberg UPDATING data to tables `time2vie_cirruscommon`.`login` fields ( login, last_time ) values (1, 2019-11-20 09:57:04) on conditions username = anka019
09:57:04 anka019 Anna Kawalya Westerberg UPDATING data to tables `time2vie_cirruscommon`.`secondary_login` fields ( last_login_time ) values (2019-11-20 09:57:04) on conditions username = anka019 AND company_id = 20
09:57:05 anka019 Anna Kawalya Westerberg UPDATING data to tables `time2vie_cirruscommon`.`ws_sessions` fields ( user_id ) values (anka019) on conditions session_id = 946f7a8e18a47093d12bc53320a4d892
10:31:57 lawa002 Lars Wåhlander UPDATING data to tables `time2vie_cirruscommon`.`secondary_login` fields ( error ) values (0) on conditions username = lawa002 AND company_id = 20
10:31:58 lawa002 Lars Wåhlander INSERTING data into tables `log_login` fields ( username, ip, browser ) values ( lawa002, 94.103.194.75, Time2View/2 CFNetwork/1107.1 Darwin/19.0.0 ) => {inserted_id = 5693}
10:31:58 lawa002 Lars Wåhlander DELETE data from tables `temp_session` on conditions username LIKE lawa002
10:31:58 lawa002 Lars Wåhlander UPDATING data to tables `time2vie_cirruscommon`.`login` fields ( login, last_time ) values (1, 2019-11-20 10:31:58) on conditions username = lawa002
10:31:58 lawa002 Lars Wåhlander UPDATING data to tables `time2vie_cirruscommon`.`secondary_login` fields ( last_login_time ) values (2019-11-20 10:31:58) on conditions username = lawa002 AND company_id = 20
10:38:43 hebe001 Helen Bengtsson UPDATING data to tables `time2vie_cirruscommon`.`secondary_login` fields ( error ) values (0) on conditions username = hebe001 AND company_id = 20
10:38:43 hebe001 Helen Bengtsson INSERTING data into tables `log_login` fields ( username, ip, browser ) values ( hebe001, 94.191.129.80, Time2View/2 CFNetwork/978.0.7 Darwin/18.7.0 ) => {inserted_id = 5694}
10:38:43 hebe001 Helen Bengtsson DELETE data from tables `temp_session` on conditions username LIKE hebe001
10:38:43 hebe001 Helen Bengtsson UPDATING data to tables `time2vie_cirruscommon`.`login` fields ( login, last_time ) values (1, 2019-11-20 10:38:43) on conditions username = hebe001
10:38:43 hebe001 Helen Bengtsson UPDATING data to tables `time2vie_cirruscommon`.`secondary_login` fields ( last_login_time ) values (2019-11-20 10:38:43) on conditions username = hebe001 AND company_id = 20
10:42:07 anka019 Anna Kawalya Westerberg INSERTING data into tables `log_login` fields ( username, ip, browser ) values ( anka019, 217.212.216.90, Mozilla/5.0 (iPhone; CPU iPhone OS 12_3_2 like Mac OS X) AppleWebKit/605.1.15 (KHTML, like Gecko) Version/12.1.1 Mobile/15E148 Safari/604.1 ) => {inserted_id = 5695}
10:42:07 anka019 Anna Kawalya Westerberg DELETE data from tables `temp_session` on conditions username LIKE anka019
10:42:07 anka019 Anna Kawalya Westerberg UPDATING data to tables `time2vie_cirruscommon`.`login` fields ( login, last_time ) values (1, 2019-11-20 10:42:07) on conditions username = anka019
10:42:07 anka019 Anna Kawalya Westerberg UPDATING data to tables `time2vie_cirruscommon`.`secondary_login` fields ( last_login_time ) values (2019-11-20 10:42:07) on conditions username = anka019 AND company_id = 20
10:42:08 anka019 Anna Kawalya Westerberg UPDATING data to tables `time2vie_cirruscommon`.`ws_sessions` fields ( user_id ) values (anka019) on conditions session_id = 73aa2bcce1caa1ad7ea3023d88146856
10:42:59 anka019 Anna Kawalya Westerberg INSERTING data into tables `log_login` fields ( username, ip, browser ) values ( anka019, 217.212.216.90, Mozilla/5.0 (iPhone; CPU iPhone OS 12_3_2 like Mac OS X) AppleWebKit/605.1.15 (KHTML, like Gecko) Version/12.1.1 Mobile/15E148 Safari/604.1 ) => {inserted_id = 5696}
10:42:59 anka019 Anna Kawalya Westerberg DELETE data from tables `temp_session` on conditions username LIKE anka019
10:42:59 anka019 Anna Kawalya Westerberg UPDATING data to tables `time2vie_cirruscommon`.`login` fields ( login, last_time ) values (1, 2019-11-20 10:42:59) on conditions username = anka019
10:42:59 anka019 Anna Kawalya Westerberg UPDATING data to tables `time2vie_cirruscommon`.`secondary_login` fields ( last_login_time ) values (2019-11-20 10:42:59) on conditions username = anka019 AND company_id = 20
10:42:59 anka019 Anna Kawalya Westerberg UPDATING data to tables `time2vie_cirruscommon`.`ws_sessions` fields ( user_id ) values (anka019) on conditions session_id = 165b55567431c03a05af9409c3667c35
12:17:59 hebe001 Helen Bengtsson UPDATING data to tables `time2vie_cirruscommon`.`secondary_login` fields ( error ) values (0) on conditions username = hebe001 AND company_id = 20
12:17:59 hebe001 Helen Bengtsson INSERTING data into tables `log_login` fields ( username, ip, browser ) values ( hebe001, 94.191.129.80, Time2View/2 CFNetwork/978.0.7 Darwin/18.7.0 ) => {inserted_id = 5697}
12:17:59 hebe001 Helen Bengtsson DELETE data from tables `temp_session` on conditions username LIKE hebe001
12:17:59 hebe001 Helen Bengtsson UPDATING data to tables `time2vie_cirruscommon`.`login` fields ( login, last_time ) values (1, 2019-11-20 12:17:59) on conditions username = hebe001
12:17:59 hebe001 Helen Bengtsson UPDATING data to tables `time2vie_cirruscommon`.`secondary_login` fields ( last_login_time ) values (2019-11-20 12:17:59) on conditions username = hebe001 AND company_id = 20
13:43:05 biwa003 Birgitta Wåhlander INSERTING data into tables `log_login` fields ( username, ip, browser ) values ( biwa003, 193.234.72.157, Mozilla/5.0 (Windows NT 10.0; Win64; x64) AppleWebKit/537.36 (KHTML, like Gecko) Chrome/78.0.3904.97 Safari/537.36 ) => {inserted_id = 5698}
13:43:05 biwa003 Birgitta Wåhlander DELETE data from tables `temp_session` on conditions username LIKE biwa003
13:43:05 biwa003 Birgitta Wåhlander UPDATING data to tables `time2vie_cirruscommon`.`login` fields ( login, last_time ) values (1, 2019-11-20 13:43:05) on conditions username = biwa003
13:43:05 biwa003 Birgitta Wåhlander UPDATING data to tables `time2vie_cirruscommon`.`secondary_login` fields ( last_login_time ) values (2019-11-20 13:43:05) on conditions username = biwa003 AND company_id = 20
13:43:05 biwa003 Birgitta Wåhlander UPDATING data to tables `time2vie_cirruscommon`.`ws_sessions` fields ( user_id ) values (biwa003) on conditions session_id = 6ee3c9cb5395bdfc9459464a43090bf4
13:45:02 biwa003 Birgitta Wåhlander UPDATING data to tables `time2vie_cirruscommon`.`ws_sessions` fields ( user_id ) values (biwa003) on conditions session_id = 6ee3c9cb5395bdfc9459464a43090bf4
13:45:26 cagu001 Carina Gustafsson UPDATING data to tables `time2vie_cirruscommon`.`secondary_login` fields ( error ) values (0) on conditions username = cagu001 AND company_id = 20
13:45:26 cagu001 Carina Gustafsson INSERTING data into tables `log_login` fields ( username, ip, browser ) values ( cagu001, 193.234.72.157, okhttp/3.9.1 ) => {inserted_id = 5699}
13:45:26 cagu001 Carina Gustafsson DELETE data from tables `temp_session` on conditions username LIKE cagu001
13:45:26 cagu001 Carina Gustafsson UPDATING data to tables `time2vie_cirruscommon`.`login` fields ( login, last_time ) values (1, 2019-11-20 13:45:26) on conditions username = cagu001
13:45:26 cagu001 Carina Gustafsson UPDATING data to tables `time2vie_cirruscommon`.`secondary_login` fields ( last_login_time ) values (2019-11-20 13:45:26) on conditions username = cagu001 AND company_id = 20
13:47:31 cagu001 Carina Gustafsson UPDATING data to tables `time2vie_cirruscommon`.`secondary_login` fields ( password, last_pw_update_date, error ) values (3c2f8d0a3727b847cc852e18673a2d11, 2019-11-20 12:47:31, 0) on conditions username = cagu001 AND company_id = 20 #Mobile-App: Log-id=5699
13:47:31 cagu001 Carina Gustafsson UPDATING data to tables `log_password` fields ( passwords ) values (4b980c972d8563454b9ccf5659064148,6518a05f1d9efb40be9fb87e78a7b5d8) on conditions username = cagu001 #Mobile-App: Log-id=5699
13:47:31 cagu001 Carina Gustafsson DELETE data from tables `temp_session` on conditions username LIKE cagu001 #Mobile-App: Log-id=5699
13:47:31 cagu001 Carina Gustafsson UPDATING data to tables `time2vie_cirruscommon`.`login` fields ( login, last_time ) values (1, 2019-11-20 13:47:31) on conditions username = cagu001 #Mobile-App: Log-id=5699
13:47:31 cagu001 Carina Gustafsson UPDATING data to tables `time2vie_cirruscommon`.`secondary_login` fields ( last_login_time ) values (2019-11-20 13:47:31) on conditions username = cagu001 AND company_id = 20 #Mobile-App: Log-id=5699
14:09:00 anka019 Anna Kawalya Westerberg INSERTING data into tables `log_login` fields ( username, ip, browser ) values ( anka019, 78.69.73.236, Mozilla/5.0 (iPhone; CPU iPhone OS 12_3_2 like Mac OS X) AppleWebKit/605.1.15 (KHTML, like Gecko) Version/12.1.1 Mobile/15E148 Safari/604.1 ) => {inserted_id = 5700}
14:09:00 anka019 Anna Kawalya Westerberg DELETE data from tables `temp_session` on conditions username LIKE anka019
14:09:00 anka019 Anna Kawalya Westerberg UPDATING data to tables `time2vie_cirruscommon`.`login` fields ( login, last_time ) values (1, 2019-11-20 14:09:00) on conditions username = anka019
14:09:00 anka019 Anna Kawalya Westerberg UPDATING data to tables `time2vie_cirruscommon`.`secondary_login` fields ( last_login_time ) values (2019-11-20 14:09:00) on conditions username = anka019 AND company_id = 20
14:09:03 anka019 Anna Kawalya Westerberg UPDATING data to tables `time2vie_cirruscommon`.`ws_sessions` fields ( user_id ) values (anka019) on conditions session_id = c5a77a3ebf09f466636eb36532a05432
14:25:12 biwa003 Birgitta Wåhlander UPDATING data to tables `time2vie_cirruscommon`.`ws_sessions` fields ( user_id ) values (biwa003) on conditions session_id = 6ee3c9cb5395bdfc9459464a43090bf4
14:25:33 biwa003 Birgitta Wåhlander UPDATING data to tables `time2vie_cirruscommon`.`ws_sessions` fields ( user_id ) values (biwa003) on conditions session_id = 6ee3c9cb5395bdfc9459464a43090bf4
14:37:44 cagu001  UPDATING data to tables `time2vie_cirruscommon`.`secondary_login` fields ( error ) values (1) on conditions username = cagu001 AND company_id = 20
14:37:53 cagu001 Carina Gustafsson UPDATING data to tables `time2vie_cirruscommon`.`secondary_login` fields ( error ) values (0) on conditions username = cagu001 AND company_id = 20
14:37:53 cagu001 Carina Gustafsson INSERTING data into tables `log_login` fields ( username, ip, browser ) values ( cagu001, 193.234.72.157, Mozilla/5.0 (Windows NT 10.0; Win64; x64) AppleWebKit/537.36 (KHTML, like Gecko) Chrome/78.0.3904.97 Safari/537.36 ) => {inserted_id = 5701}
14:37:53 cagu001 Carina Gustafsson DELETE data from tables `temp_session` on conditions username LIKE cagu001
14:37:53 cagu001 Carina Gustafsson UPDATING data to tables `time2vie_cirruscommon`.`login` fields ( login, last_time ) values (1, 2019-11-20 14:37:53) on conditions username = cagu001
14:37:53 cagu001 Carina Gustafsson UPDATING data to tables `time2vie_cirruscommon`.`secondary_login` fields ( last_login_time ) values (2019-11-20 14:37:53) on conditions username = cagu001 AND company_id = 20
14:37:54 cagu001 Carina Gustafsson UPDATING data to tables `time2vie_cirruscommon`.`ws_sessions` fields ( user_id ) values (cagu001) on conditions session_id = e652944f3a10880c7e91b0fb80e72bed
14:40:22 biwa003 Birgitta Wåhlander INSERTING data into tables `time2vie_cirruscommon`.`support_ticket_master` fields ( company_id, category_type ) values ( 20, 2 ) => {inserted_id = 2578}
14:40:22 biwa003 Birgitta Wåhlander INSERTING data into tables `time2vie_cirruscommon`.`support_tickets` fields ( id, created_user, category_id, ticket_type, priority, title, description, attachment, status ) values ( 2578, biwa003, 1, 3, 2, Nytt lösenord, <p>När vi går in på Cirrus via datorn får vi meddelande om att byta lösenord</p><p>Var gör vi det ?</p><p><br></p>, , 1 ) => {inserted_id = 0}
14:47:34 biwa003 Birgitta Wåhlander INSERTING data into tables `log_login` fields ( username, ip, browser ) values ( biwa003, 193.234.72.157, Mozilla/5.0 (Windows NT 10.0; Win64; x64) AppleWebKit/537.36 (KHTML, like Gecko) Chrome/78.0.3904.97 Safari/537.36 ) => {inserted_id = 5702}
14:47:34 biwa003 Birgitta Wåhlander DELETE data from tables `temp_session` on conditions username LIKE biwa003
14:47:34 biwa003 Birgitta Wåhlander UPDATING data to tables `time2vie_cirruscommon`.`login` fields ( login, last_time ) values (1, 2019-11-20 14:47:34) on conditions username = biwa003
14:47:34 biwa003 Birgitta Wåhlander UPDATING data to tables `time2vie_cirruscommon`.`secondary_login` fields ( last_login_time ) values (2019-11-20 14:47:34) on conditions username = biwa003 AND company_id = 20
14:47:34 biwa003 Birgitta Wåhlander UPDATING data to tables `time2vie_cirruscommon`.`ws_sessions` fields ( user_id ) values (biwa003) on conditions session_id = 6ee3c9cb5395bdfc9459464a43090bf4
14:47:49 biwa003 Birgitta Wåhlander UPDATING data to tables `time2vie_cirruscommon`.`ws_sessions` fields ( user_id ) values (biwa003) on conditions session_id = 6ee3c9cb5395bdfc9459464a43090bf4
15:42:06 biwa003 Birgitta Wåhlander INSERTING data into tables `log_login` fields ( username, ip, browser ) values ( biwa003, 193.234.72.157, Mozilla/5.0 (Windows NT 10.0; Win64; x64) AppleWebKit/537.36 (KHTML, like Gecko) Chrome/78.0.3904.97 Safari/537.36 ) => {inserted_id = 5703}
15:42:06 biwa003 Birgitta Wåhlander DELETE data from tables `temp_session` on conditions username LIKE biwa003
15:42:06 biwa003 Birgitta Wåhlander UPDATING data to tables `time2vie_cirruscommon`.`login` fields ( login, last_time ) values (1, 2019-11-20 15:42:06) on conditions username = biwa003
15:42:06 biwa003 Birgitta Wåhlander UPDATING data to tables `time2vie_cirruscommon`.`secondary_login` fields ( last_login_time ) values (2019-11-20 15:42:06) on conditions username = biwa003 AND company_id = 20
15:42:07 biwa003 Birgitta Wåhlander UPDATING data to tables `time2vie_cirruscommon`.`ws_sessions` fields ( user_id ) values (biwa003) on conditions session_id = 6ee3c9cb5395bdfc9459464a43090bf4
15:42:52 cagu001 Carina Gustafsson UPDATING data to tables `time2vie_cirruscommon`.`ws_sessions` fields ( user_id ) values (cagu001) on conditions session_id = e652944f3a10880c7e91b0fb80e72bed
15:42:53 cagu001 Carina Gustafsson UPDATING data to tables `time2vie_cirruscommon`.`ws_sessions` fields ( user_id ) values (cagu001) on conditions session_id = e652944f3a10880c7e91b0fb80e72bed
15:43:08 biwa003 Birgitta Wåhlander UPDATING data to tables `time2vie_cirruscommon`.`ws_sessions` fields ( user_id ) values (biwa003) on conditions session_id = 6ee3c9cb5395bdfc9459464a43090bf4
15:50:03 cagu001 Carina Gustafsson DELETE data from tables `temp_session` on conditions username LIKE cagu001
15:50:03 cagu001 Carina Gustafsson UPDATING data to tables `time2vie_cirruscommon`.`login` fields ( login, last_time ) values (0, 2019-11-20 15:50:03) on conditions username = cagu001
15:50:03 cagu001 Carina Gustafsson UPDATING data to tables `time2vie_cirruscommon`.`secondary_login` fields ( last_login_time ) values (2019-11-20 15:50:03) on conditions username = cagu001 AND company_id = 20
15:50:03   UPDATING data to tables `log_login` fields ( logout_time ) values (2019-11-20:14:50:03) on conditions id = 5701 AND username = cagu001
17:19:02 anka019 Anna Kawalya Westerberg INSERTING data into tables `log_login` fields ( username, ip, browser ) values ( anka019, 78.71.186.64, Mozilla/5.0 (iPhone; CPU iPhone OS 12_3_2 like Mac OS X) AppleWebKit/605.1.15 (KHTML, like Gecko) Version/12.1.1 Mobile/15E148 Safari/604.1 ) => {inserted_id = 5704}
17:19:02 anka019 Anna Kawalya Westerberg DELETE data from tables `temp_session` on conditions username LIKE anka019
17:19:02 anka019 Anna Kawalya Westerberg UPDATING data to tables `time2vie_cirruscommon`.`login` fields ( login, last_time ) values (1, 2019-11-20 17:19:02) on conditions username = anka019
17:19:02 anka019 Anna Kawalya Westerberg UPDATING data to tables `time2vie_cirruscommon`.`secondary_login` fields ( last_login_time ) values (2019-11-20 17:19:02) on conditions username = anka019 AND company_id = 20
17:19:03 anka019 Anna Kawalya Westerberg UPDATING data to tables `time2vie_cirruscommon`.`ws_sessions` fields ( user_id ) values (anka019) on conditions session_id = 24adff68eb5156b4d5aefae2128cf2b9
17:21:37 anka019 Anna Kawalya Westerberg UPDATING data to tables `time2vie_cirruscommon`.`secondary_login` fields ( error ) values (0) on conditions username = anka019 AND company_id = 20
17:21:37 anka019 Anna Kawalya Westerberg INSERTING data into tables `log_login` fields ( username, ip, browser ) values ( anka019, 78.71.186.64, Time2View/2 CFNetwork/978.0.7 Darwin/18.6.0 ) => {inserted_id = 5705}
17:21:37 anka019 Anna Kawalya Westerberg DELETE data from tables `temp_session` on conditions username LIKE anka019
17:21:37 anka019 Anna Kawalya Westerberg UPDATING data to tables `time2vie_cirruscommon`.`login` fields ( login, last_time ) values (1, 2019-11-20 17:21:37) on conditions username = anka019
17:21:37 anka019 Anna Kawalya Westerberg UPDATING data to tables `time2vie_cirruscommon`.`secondary_login` fields ( last_login_time ) values (2019-11-20 17:21:37) on conditions username = anka019 AND company_id = 20
17:29:38 biwa003 Birgitta Wåhlander UPDATING data to tables `time2vie_cirruscommon`.`secondary_login` fields ( error ) values (0) on conditions username = biwa003 AND company_id = 20
17:29:38 biwa003 Birgitta Wåhlander INSERTING data into tables `log_login` fields ( username, ip, browser ) values ( biwa003, 185.27.165.66, Time2View/2 CFNetwork/1107.1 Darwin/19.0.0 ) => {inserted_id = 5706}
17:29:38 biwa003 Birgitta Wåhlander DELETE data from tables `temp_session` on conditions username LIKE biwa003
17:29:38 biwa003 Birgitta Wåhlander UPDATING data to tables `time2vie_cirruscommon`.`login` fields ( login, last_time ) values (1, 2019-11-20 17:29:38) on conditions username = biwa003
17:29:38 biwa003 Birgitta Wåhlander UPDATING data to tables `time2vie_cirruscommon`.`secondary_login` fields ( last_login_time ) values (2019-11-20 17:29:38) on conditions username = biwa003 AND company_id = 20
17:30:44 anwa006 Andréas Wallin UPDATING data to tables `time2vie_cirruscommon`.`secondary_login` fields ( error ) values (0) on conditions username = anwa006 AND company_id = 20
17:30:44 anwa006 Andréas Wallin INSERTING data into tables `log_login` fields ( username, ip, browser ) values ( anwa006, 82.196.108.141, okhttp/3.9.1 ) => {inserted_id = 5707}
17:30:44 anwa006 Andréas Wallin DELETE data from tables `temp_session` on conditions username LIKE anwa006
17:30:44 anwa006 Andréas Wallin UPDATING data to tables `time2vie_cirruscommon`.`login` fields ( login, last_time ) values (1, 2019-11-20 17:30:44) on conditions username = anwa006
17:30:44 anwa006 Andréas Wallin UPDATING data to tables `time2vie_cirruscommon`.`secondary_login` fields ( last_login_time ) values (2019-11-20 17:30:44) on conditions username = anwa006 AND company_id = 20
17:37:04 thca002 Therese Calic UPDATING data to tables `time2vie_cirruscommon`.`secondary_login` fields ( error ) values (0) on conditions username = thca002 AND company_id = 20
17:37:04 thca002 Therese Calic INSERTING data into tables `log_login` fields ( username, ip, browser ) values ( thca002, 217.214.152.207, Time2View/2 CFNetwork/978.0.7 Darwin/18.6.0 ) => {inserted_id = 5708}
17:37:04 thca002 Therese Calic DELETE data from tables `temp_session` on conditions username LIKE thca002
17:37:04 thca002 Therese Calic UPDATING data to tables `time2vie_cirruscommon`.`login` fields ( login, last_time ) values (1, 2019-11-20 17:37:04) on conditions username = thca002
17:37:04 thca002 Therese Calic UPDATING data to tables `time2vie_cirruscommon`.`secondary_login` fields ( last_login_time ) values (2019-11-20 17:37:04) on conditions username = thca002 AND company_id = 20
17:37:08 thca002 Therese Calic UPDATING data to tables `time2vie_cirruscommon`.`secondary_login` fields ( error ) values (0) on conditions username = thca002 AND company_id = 20
17:37:08 thca002 Therese Calic INSERTING data into tables `log_login` fields ( username, ip, browser ) values ( thca002, 217.214.152.207, Time2View/2 CFNetwork/978.0.7 Darwin/18.6.0 ) => {inserted_id = 5709}
17:37:08 thca002 Therese Calic DELETE data from tables `temp_session` on conditions username LIKE thca002
17:37:08 thca002 Therese Calic UPDATING data to tables `time2vie_cirruscommon`.`login` fields ( login, last_time ) values (1, 2019-11-20 17:37:08) on conditions username = thca002
17:37:08 thca002 Therese Calic UPDATING data to tables `time2vie_cirruscommon`.`secondary_login` fields ( last_login_time ) values (2019-11-20 17:37:08) on conditions username = thca002 AND company_id = 20
17:45:24 biwa003 Birgitta Wåhlander INSERTING data into tables `log_login` fields ( username, ip, browser ) values ( biwa003, 185.27.165.66, Mozilla/5.0 (Windows NT 6.1; Win64; x64) AppleWebKit/537.36 (KHTML, like Gecko) Chrome/78.0.3904.108 Safari/537.36 ) => {inserted_id = 5710}
17:45:24 biwa003 Birgitta Wåhlander DELETE data from tables `temp_session` on conditions username LIKE biwa003
17:45:24 biwa003 Birgitta Wåhlander UPDATING data to tables `time2vie_cirruscommon`.`login` fields ( login, last_time ) values (1, 2019-11-20 17:45:24) on conditions username = biwa003
17:45:24 biwa003 Birgitta Wåhlander UPDATING data to tables `time2vie_cirruscommon`.`secondary_login` fields ( last_login_time ) values (2019-11-20 17:45:24) on conditions username = biwa003 AND company_id = 20
17:45:24 biwa003 Birgitta Wåhlander UPDATING data to tables `time2vie_cirruscommon`.`ws_sessions` fields ( user_id ) values (biwa003) on conditions session_id = 6e060e8869c07541926e667b0bbf3b78
17:46:06 biwa003 Birgitta Wåhlander INSERTING data into tables `timetable` fields ( employee, customer, fkkn, type, date, time_from, time_to, status, created_status, alloc_emp, comment ) values ( lawa002, chwa001, 1, 0, 2019-11-20, 9, 14, 1, , biwa003,  ) => {inserted_id = 10279}
17:46:06 biwa003 Birgitta Wåhlander INSERTING data into tables `memory_slots` fields ( customer, time_from, time_to, type ) values ( chwa001, 9, 14, 0 ) => {inserted_id = 200}
17:47:13 biwa003 Birgitta Wåhlander INSERTING data into tables `timetable` fields ( employee, customer, fkkn, type, date, time_from, time_to, status, created_status, alloc_emp, comment ) values ( lawa002, chwa001, 1, 0, 2019-11-23, 7.15, 10.15, 1, , biwa003,  ) => {inserted_id = 10280}
17:47:42 biwa003 Birgitta Wåhlander INSERTING data into tables `timetable` fields ( employee, customer, fkkn, type, date, time_from, time_to, status, created_status, alloc_emp, comment ) values ( biwa003, chwa001, 1, 0, 2019-11-24, 8.15, 10.15, 1, , biwa003,  ) => {inserted_id = 10281}
17:47:42 biwa003 Birgitta Wåhlander INSERTING data into tables `memory_slots` fields ( customer, time_from, time_to, type ) values ( chwa001, 8.15, 10.15, 0 ) => {inserted_id = 201}
17:47:44 biwa003 Birgitta Wåhlander UPDATING data to tables `time2vie_cirruscommon`.`ws_sessions` fields ( user_id ) values (biwa003) on conditions session_id = 6e060e8869c07541926e667b0bbf3b78
17:49:21 biwa003 Birgitta Wåhlander INSERTING data into tables `timetable` fields ( employee, customer, fkkn, type, date, time_from, time_to, status, created_status, alloc_emp, comment ) values ( biwa003, chwa001, 1, 0, 2019-11-10, 8.30, 10.30, 1, , biwa003,  ) => {inserted_id = 10282}
17:50:01 biwa003 Birgitta Wåhlander UPDATING data to tables `timetable` fields ( customer, employee, date, time_from, time_to, fkkn, type, status, comment ) values (chwa001, biwa003, 2019-11-10, 8.30, 10.45, 1, 0, 1, ) on conditions id = 10282
18:02:59 anka020 Annika Karlsson UPDATING data to tables `time2vie_cirruscommon`.`secondary_login` fields ( error ) values (0) on conditions username = anka020 AND company_id = 20
18:02:59 anka020 Annika Karlsson INSERTING data into tables `log_login` fields ( username, ip, browser ) values ( anka020, 77.218.55.142, okhttp/3.9.1 ) => {inserted_id = 5711}
18:02:59 anka020 Annika Karlsson DELETE data from tables `temp_session` on conditions username LIKE anka020
18:02:59 anka020 Annika Karlsson UPDATING data to tables `time2vie_cirruscommon`.`login` fields ( login, last_time ) values (1, 2019-11-20 18:02:59) on conditions username = anka020
18:02:59 anka020 Annika Karlsson UPDATING data to tables `time2vie_cirruscommon`.`secondary_login` fields ( last_login_time ) values (2019-11-20 18:02:59) on conditions username = anka020 AND company_id = 20
18:07:47 liha009 Linnéa Handin INSERTING data into tables `log_login` fields ( username, ip, browser ) values ( liha009, 94.191.129.68, Mozilla/5.0 (iPhone; CPU iPhone OS 13_1_3 like Mac OS X) AppleWebKit/605.1.15 (KHTML, like Gecko) Version/13.0.1 Mobile/15E148 Safari/604.1 ) => {inserted_id = 5712}
18:07:47 liha009 Linnéa Handin DELETE data from tables `temp_session` on conditions username LIKE liha009
18:07:47 liha009 Linnéa Handin UPDATING data to tables `time2vie_cirruscommon`.`login` fields ( login, last_time ) values (1, 2019-11-20 18:07:47) on conditions username = liha009
18:07:47 liha009 Linnéa Handin UPDATING data to tables `time2vie_cirruscommon`.`secondary_login` fields ( last_login_time ) values (2019-11-20 18:07:47) on conditions username = liha009 AND company_id = 20
18:07:48 liha009 Linnéa Handin UPDATING data to tables `time2vie_cirruscommon`.`ws_sessions` fields ( user_id ) values (liha009) on conditions session_id = 7201713bac84d4f8c28392e59581f14b
18:21:20 cagu001 Carina Gustafsson UPDATING data to tables `time2vie_cirruscommon`.`secondary_login` fields ( error ) values (0) on conditions username = cagu001 AND company_id = 20
18:21:20 cagu001 Carina Gustafsson INSERTING data into tables `log_login` fields ( username, ip, browser ) values ( cagu001, 176.10.245.4, okhttp/3.9.1 ) => {inserted_id = 5713}
18:21:20 cagu001 Carina Gustafsson DELETE data from tables `temp_session` on conditions username LIKE cagu001
18:21:20 cagu001 Carina Gustafsson UPDATING data to tables `time2vie_cirruscommon`.`login` fields ( login, last_time ) values (1, 2019-11-20 18:21:20) on conditions username = cagu001
18:21:20 cagu001 Carina Gustafsson UPDATING data to tables `time2vie_cirruscommon`.`secondary_login` fields ( last_login_time ) values (2019-11-20 18:21:20) on conditions username = cagu001 AND company_id = 20
18:51:13 idah001 Ida-Caroline Ahnström UPDATING data to tables `time2vie_cirruscommon`.`secondary_login` fields ( error ) values (0) on conditions username = idah001 AND company_id = 20
18:51:14 idah001 Ida-Caroline Ahnström INSERTING data into tables `log_login` fields ( username, ip, browser ) values ( idah001, 94.234.49.105, Time2View/2 CFNetwork/897.15 Darwin/17.5.0 ) => {inserted_id = 5714}
18:51:14 idah001 Ida-Caroline Ahnström DELETE data from tables `temp_session` on conditions username LIKE idah001
18:51:14 idah001 Ida-Caroline Ahnström UPDATING data to tables `time2vie_cirruscommon`.`login` fields ( login, last_time ) values (1, 2019-11-20 18:51:14) on conditions username = idah001
18:51:14 idah001 Ida-Caroline Ahnström UPDATING data to tables `time2vie_cirruscommon`.`secondary_login` fields ( last_login_time ) values (2019-11-20 18:51:14) on conditions username = idah001 AND company_id = 20
19:05:34 peka002 Petronella Karlsson UPDATING data to tables `time2vie_cirruscommon`.`secondary_login` fields ( error ) values (0) on conditions username = peka002 AND company_id = 20
19:05:34 peka002 Petronella Karlsson INSERTING data into tables `log_login` fields ( username, ip, browser ) values ( peka002, 83.250.120.173, Time2View/2 CFNetwork/1107.1 Darwin/19.0.0 ) => {inserted_id = 5715}
19:05:34 peka002 Petronella Karlsson DELETE data from tables `temp_session` on conditions username LIKE peka002
19:05:34 peka002 Petronella Karlsson UPDATING data to tables `time2vie_cirruscommon`.`login` fields ( login, last_time ) values (1, 2019-11-20 19:05:34) on conditions username = peka002
19:05:34 peka002 Petronella Karlsson UPDATING data to tables `time2vie_cirruscommon`.`secondary_login` fields ( last_login_time ) values (2019-11-20 19:05:34) on conditions username = peka002 AND company_id = 20
19:12:49 mato007 Mattias Torbiörnson UPDATING data to tables `time2vie_cirruscommon`.`secondary_login` fields ( error ) values (0) on conditions username = mato007 AND company_id = 20
19:12:49 mato007 Mattias Torbiörnson INSERTING data into tables `log_login` fields ( username, ip, browser ) values ( mato007, 217.73.111.160, CirrusM/3 CFNetwork/1120 Darwin/19.0.0 ) => {inserted_id = 5716}
19:12:49 mato007 Mattias Torbiörnson DELETE data from tables `temp_session` on conditions username LIKE mato007
19:12:49 mato007 Mattias Torbiörnson UPDATING data to tables `time2vie_cirruscommon`.`login` fields ( login, last_time ) values (1, 2019-11-20 19:12:49) on conditions username = mato007
19:12:49 mato007 Mattias Torbiörnson UPDATING data to tables `time2vie_cirruscommon`.`secondary_login` fields ( last_login_time ) values (2019-11-20 19:12:49) on conditions username = mato007 AND company_id = 20
19:12:49 mato007 Mattias Torbiörnson UPDATING data to tables `time2vie_cirruscommon`.`push_notify_tokens` fields ( user_id, updated_date, error ) values (mato007, 2019-11-20 19:12:49, 0) on conditions fcm_token = esZGU5oCp54:APA91bFYmkJCWfoBt0Bq_Sy1K93zeiGaWi005hwxA32ajwHpeXt8EsUbhHBXMHV639X1CaFcrYk8bzdi1NZ_JgL2baFFodhmsvqdYlnKZ5bsvW2YwE8I88hucjrjJHI5muJzDgg6nebo AND device_id = BA2992D7-6D60-4D23-A325-582B7301B6CE #Mobile-App: Log-id=5716
19:21:55 cagu001 Carina Gustafsson UPDATING data to tables `time2vie_cirruscommon`.`secondary_login` fields ( error ) values (0) on conditions username = cagu001 AND company_id = 20
19:21:55 cagu001 Carina Gustafsson INSERTING data into tables `log_login` fields ( username, ip, browser ) values ( cagu001, 176.10.245.4, okhttp/3.9.1 ) => {inserted_id = 5717}
19:21:55 cagu001 Carina Gustafsson DELETE data from tables `temp_session` on conditions username LIKE cagu001
19:21:55 cagu001 Carina Gustafsson UPDATING data to tables `time2vie_cirruscommon`.`login` fields ( login, last_time ) values (1, 2019-11-20 19:21:55) on conditions username = cagu001
19:21:55 cagu001 Carina Gustafsson UPDATING data to tables `time2vie_cirruscommon`.`secondary_login` fields ( last_login_time ) values (2019-11-20 19:21:55) on conditions username = cagu001 AND company_id = 20
20:06:39 asgr002 Åsa Grimberg UPDATING data to tables `time2vie_cirruscommon`.`secondary_login` fields ( error ) values (0) on conditions username = asgr002 AND company_id = 20
20:06:40 asgr002 Åsa Grimberg INSERTING data into tables `log_login` fields ( username, ip, browser ) values ( asgr002, 217.211.59.37, Time2View/2 CFNetwork/1107.1 Darwin/19.0.0 ) => {inserted_id = 5718}
20:06:40 asgr002 Åsa Grimberg DELETE data from tables `temp_session` on conditions username LIKE asgr002
20:06:40 asgr002 Åsa Grimberg UPDATING data to tables `time2vie_cirruscommon`.`login` fields ( login, last_time ) values (1, 2019-11-20 20:06:40) on conditions username = asgr002
20:06:40 asgr002 Åsa Grimberg UPDATING data to tables `time2vie_cirruscommon`.`secondary_login` fields ( last_login_time ) values (2019-11-20 20:06:40) on conditions username = asgr002 AND company_id = 20
21:39:39 mato007 Mattias Torbiörnson UPDATING data to tables `time2vie_cirruscommon`.`secondary_login` fields ( error ) values (0) on conditions username = mato007 AND company_id = 20
21:39:39 mato007 Mattias Torbiörnson INSERTING data into tables `log_login` fields ( username, ip, browser ) values ( mato007, 217.73.111.160, CirrusM/3 CFNetwork/1120 Darwin/19.0.0 ) => {inserted_id = 5719}
21:39:39 mato007 Mattias Torbiörnson DELETE data from tables `temp_session` on conditions username LIKE mato007
21:39:39 mato007 Mattias Torbiörnson UPDATING data to tables `time2vie_cirruscommon`.`login` fields ( login, last_time ) values (1, 2019-11-20 21:39:39) on conditions username = mato007
21:39:39 mato007 Mattias Torbiörnson UPDATING data to tables `time2vie_cirruscommon`.`secondary_login` fields ( last_login_time ) values (2019-11-20 21:39:39) on conditions username = mato007 AND company_id = 20
21:39:39 mato007 Mattias Torbiörnson UPDATING data to tables `time2vie_cirruscommon`.`push_notify_tokens` fields ( user_id, updated_date, error ) values (mato007, 2019-11-20 21:39:39, 0) on conditions fcm_token = esZGU5oCp54:APA91bFYmkJCWfoBt0Bq_Sy1K93zeiGaWi005hwxA32ajwHpeXt8EsUbhHBXMHV639X1CaFcrYk8bzdi1NZ_JgL2baFFodhmsvqdYlnKZ5bsvW2YwE8I88hucjrjJHI5muJzDgg6nebo AND device_id = BA2992D7-6D60-4D23-A325-582B7301B6CE #Mobile-App: Log-id=5719
21:44:08 biwa003 Birgitta Wåhlander UPDATING data to tables `time2vie_cirruscommon`.`secondary_login` fields ( error ) values (0) on conditions username = biwa003 AND company_id = 20
21:44:08 biwa003 Birgitta Wåhlander INSERTING data into tables `log_login` fields ( username, ip, browser ) values ( biwa003, 185.27.165.66, Time2View/2 CFNetwork/1107.1 Darwin/19.0.0 ) => {inserted_id = 5720}
21:44:08 biwa003 Birgitta Wåhlander DELETE data from tables `temp_session` on conditions username LIKE biwa003
21:44:08 biwa003 Birgitta Wåhlander UPDATING data to tables `time2vie_cirruscommon`.`login` fields ( login, last_time ) values (1, 2019-11-20 21:44:08) on conditions username = biwa003
21:44:08 biwa003 Birgitta Wåhlander UPDATING data to tables `time2vie_cirruscommon`.`secondary_login` fields ( last_login_time ) values (2019-11-20 21:44:08) on conditions username = biwa003 AND company_id = 20
21:52:54 cagu001 Carina Gustafsson UPDATING data to tables `time2vie_cirruscommon`.`secondary_login` fields ( error ) values (0) on conditions username = cagu001 AND company_id = 20
21:52:54 cagu001 Carina Gustafsson INSERTING data into tables `log_login` fields ( username, ip, browser ) values ( cagu001, 176.10.245.4, okhttp/3.9.1 ) => {inserted_id = 5721}
21:52:54 cagu001 Carina Gustafsson DELETE data from tables `temp_session` on conditions username LIKE cagu001
21:52:54 cagu001 Carina Gustafsson UPDATING data to tables `time2vie_cirruscommon`.`login` fields ( login, last_time ) values (1, 2019-11-20 21:52:54) on conditions username = cagu001
21:52:54 cagu001 Carina Gustafsson UPDATING data to tables `time2vie_cirruscommon`.`secondary_login` fields ( last_login_time ) values (2019-11-20 21:52:54) on conditions username = cagu001 AND company_id = 20
21:53:31 cagu001 Carina Gustafsson UPDATING data to tables `timetable` fields ( customer, employee, date, time_from, time_to, fkkn, type, status, comment ) values (mygu001, loli005, 2019-11-20, 10.00, 14.30, 1, 0, 1, ) on conditions id = 8452 #Mobile-App: Log-id=5721
22:42:07 hejo003 Helen Jörnås UPDATING data to tables `time2vie_cirruscommon`.`secondary_login` fields ( error ) values (0) on conditions username = hejo003 AND company_id = 20
22:42:08 hejo003 Helen Jörnås INSERTING data into tables `log_login` fields ( username, ip, browser ) values ( hejo003, 90.224.82.244, okhttp/3.9.1 ) => {inserted_id = 5722}
22:42:08 hejo003 Helen Jörnås DELETE data from tables `temp_session` on conditions username LIKE hejo003
22:42:08 hejo003 Helen Jörnås UPDATING data to tables `time2vie_cirruscommon`.`login` fields ( login, last_time ) values (1, 2019-11-20 22:42:08) on conditions username = hejo003
22:42:08 hejo003 Helen Jörnås UPDATING data to tables `time2vie_cirruscommon`.`secondary_login` fields ( last_login_time ) values (2019-11-20 22:42:08) on conditions username = hejo003 AND company_id = 20
22:52:32 loli005 Lovisa Lian UPDATING data to tables `time2vie_cirruscommon`.`secondary_login` fields ( error ) values (0) on conditions username = loli005 AND company_id = 20
22:52:32 loli005 Lovisa Lian INSERTING data into tables `log_login` fields ( username, ip, browser ) values ( loli005, 213.89.68.183, CirrusM/3 CFNetwork/1120 Darwin/19.0.0 ) => {inserted_id = 5723}
22:52:32 loli005 Lovisa Lian DELETE data from tables `temp_session` on conditions username LIKE loli005
22:52:32 loli005 Lovisa Lian UPDATING data to tables `time2vie_cirruscommon`.`login` fields ( login, last_time ) values (1, 2019-11-20 22:52:32) on conditions username = loli005
22:52:32 loli005 Lovisa Lian UPDATING data to tables `time2vie_cirruscommon`.`secondary_login` fields ( last_login_time ) values (2019-11-20 22:52:32) on conditions username = loli005 AND company_id = 20
22:53:06 loli005 Lovisa Lian UPDATING data to tables `time2vie_cirruscommon`.`secondary_login` fields ( error ) values (0) on conditions username = loli005 AND company_id = 20 #Mobile-App: Log-id=5723
22:53:06 loli005 Lovisa Lian INSERTING data into tables `log_login` fields ( username, ip, browser ) values ( loli005, 213.89.68.183, CirrusM/3 CFNetwork/1120 Darwin/19.0.0 ) => {inserted_id = 5724} #Mobile-App: Log-id=5723
22:53:06 loli005 Lovisa Lian DELETE data from tables `temp_session` on conditions username LIKE loli005 #Mobile-App: Log-id=5724
22:53:06 loli005 Lovisa Lian UPDATING data to tables `time2vie_cirruscommon`.`login` fields ( login, last_time ) values (1, 2019-11-20 22:53:06) on conditions username = loli005 #Mobile-App: Log-id=5724
22:53:06 loli005 Lovisa Lian UPDATING data to tables `time2vie_cirruscommon`.`secondary_login` fields ( last_login_time ) values (2019-11-20 22:53:06) on conditions username = loli005 AND company_id = 20 #Mobile-App: Log-id=5724
22:53:15 loli005 Lovisa Lian UPDATING data to tables `time2vie_cirruscommon`.`secondary_login` fields ( error ) values (1) on conditions username = loli005 AND company_id = 20 #Mobile-App: Log-id=5724
22:53:19 loli005 Lovisa Lian UPDATING data to tables `time2vie_cirruscommon`.`secondary_login` fields ( error ) values (2) on conditions username = loli005 AND company_id = 20 #Mobile-App: Log-id=5724
22:53:39 loli005 Lovisa Lian UPDATING data to tables `time2vie_cirruscommon`.`secondary_login` fields ( error ) values (3) on conditions username = loli005 AND company_id = 20 #Mobile-App: Log-id=5724
22:53:50 loli005 Lovisa Lian UPDATING data to tables `time2vie_cirruscommon`.`secondary_login` fields ( error ) values (0) on conditions username = loli005 AND company_id = 20 #Mobile-App: Log-id=5724
22:53:50 loli005 Lovisa Lian INSERTING data into tables `log_login` fields ( username, ip, browser ) values ( loli005, 213.89.68.183, CirrusM/3 CFNetwork/1120 Darwin/19.0.0 ) => {inserted_id = 5725} #Mobile-App: Log-id=5724
22:53:50 loli005 Lovisa Lian DELETE data from tables `temp_session` on conditions username LIKE loli005 #Mobile-App: Log-id=5725
22:53:50 loli005 Lovisa Lian UPDATING data to tables `time2vie_cirruscommon`.`login` fields ( login, last_time ) values (1, 2019-11-20 22:53:50) on conditions username = loli005 #Mobile-App: Log-id=5725
22:53:50 loli005 Lovisa Lian UPDATING data to tables `time2vie_cirruscommon`.`secondary_login` fields ( last_login_time ) values (2019-11-20 22:53:50) on conditions username = loli005 AND company_id = 20 #Mobile-App: Log-id=5725
22:55:21 loli005 Lovisa Lian INSERTING data into tables `log_login` fields ( username, ip, browser ) values ( loli005, 213.89.68.183, Mozilla/5.0 (iPhone; CPU iPhone OS 13_2_2 like Mac OS X) AppleWebKit/605.1.15 (KHTML, like Gecko) Version/13.0.3 Mobile/15E148 Safari/604.1 ) => {inserted_id = 5726}
22:55:21 loli005 Lovisa Lian DELETE data from tables `temp_session` on conditions username LIKE loli005
22:55:21 loli005 Lovisa Lian UPDATING data to tables `time2vie_cirruscommon`.`login` fields ( login, last_time ) values (1, 2019-11-20 22:55:21) on conditions username = loli005
22:55:21 loli005 Lovisa Lian UPDATING data to tables `time2vie_cirruscommon`.`secondary_login` fields ( last_login_time ) values (2019-11-20 22:55:21) on conditions username = loli005 AND company_id = 20
22:55:21 loli005 Lovisa Lian UPDATING data to tables `time2vie_cirruscommon`.`ws_sessions` fields ( user_id ) values (loli005) on conditions session_id = 738d2acd109b8953e8cb0619c526a515
