07:05:06 elbe006 Elin Berntsson UPDATING data to tables `time2vie_cirruscommon`.`secondary_login` fields ( error ) values (0) on conditions username = elbe006 AND company_id = 20
07:05:06 elbe006 Elin Berntsson INSERTING data into tables `log_login` fields ( username, ip, browser ) values ( elbe006, 158.174.54.90, okhttp/3.9.1 ) => {inserted_id = 507}
07:05:06 elbe006 Elin Berntsson DELETE data from tables `temp_session` on conditions username LIKE elbe006
07:05:06 elbe006 Elin Berntsson UPDATING data to tables `time2vie_cirruscommon`.`login` fields ( login, last_time ) values (1, 2019-05-10 07:05:06) on conditions username = elbe006
07:05:06 elbe006 Elin Berntsson UPDATING data to tables `time2vie_cirruscommon`.`secondary_login` fields ( last_login_time ) values (2019-05-10 07:05:06) on conditions username = elbe006 AND company_id = 20
07:05:22 elbe006 Elin Berntsson UPDATING data to tables `time2vie_cirruscommon`.`secondary_login` fields ( error ) values (0) on conditions username = elbe006 AND company_id = 20 #Mobile-App: Log-id=507
07:05:22 elbe006 Elin Berntsson INSERTING data into tables `log_login` fields ( username, ip, browser ) values ( elbe006, 158.174.54.90, okhttp/3.9.1 ) => {inserted_id = 508} #Mobile-App: Log-id=507
07:05:22 elbe006 Elin Berntsson DELETE data from tables `temp_session` on conditions username LIKE elbe006 #Mobile-App: Log-id=508
07:05:22 elbe006 Elin Berntsson UPDATING data to tables `time2vie_cirruscommon`.`login` fields ( login, last_time ) values (1, 2019-05-10 07:05:22) on conditions username = elbe006 #Mobile-App: Log-id=508
07:05:22 elbe006 Elin Berntsson UPDATING data to tables `time2vie_cirruscommon`.`secondary_login` fields ( last_login_time ) values (2019-05-10 07:05:22) on conditions username = elbe006 AND company_id = 20 #Mobile-App: Log-id=508
07:19:33 emja001 Emilia Jacobsson INSERTING data into tables `log_login` fields ( username, ip, browser ) values ( emja001, 90.230.216.234, Mozilla/5.0 (iPhone; CPU iPhone OS 12_2 like Mac OS X) AppleWebKit/605.1.15 (KHTML, like Gecko) Version/12.1 Mobile/15E148 Safari/604.1 ) => {inserted_id = 509}
07:19:33 emja001 Emilia Jacobsson DELETE data from tables `temp_session` on conditions username LIKE emja001
07:19:33 emja001 Emilia Jacobsson UPDATING data to tables `time2vie_cirruscommon`.`login` fields ( login, last_time ) values (1, 2019-05-10 07:19:33) on conditions username = emja001
07:19:33 emja001 Emilia Jacobsson UPDATING data to tables `time2vie_cirruscommon`.`secondary_login` fields ( last_login_time ) values (2019-05-10 07:19:33) on conditions username = emja001 AND company_id = 20
07:19:34 emja001 Emilia Jacobsson UPDATING data to tables `time2vie_cirruscommon`.`ws_sessions` fields ( user_id ) values (emja001) on conditions session_id = a889c5093543fda6ad8a3c10d8c7042e
07:41:29 lisz001 Linnéa Szendera INSERTING data into tables `log_login` fields ( username, ip, browser ) values ( lisz001, 94.234.44.237, Mozilla/5.0 (Linux; Android 9; VTR-L29) AppleWebKit/537.36 (KHTML, like Gecko) Chrome/74.0.3729.136 Mobile Safari/537.36 ) => {inserted_id = 510}
07:41:29 lisz001 Linnéa Szendera DELETE data from tables `temp_session` on conditions username LIKE lisz001
07:41:29 lisz001 Linnéa Szendera UPDATING data to tables `time2vie_cirruscommon`.`login` fields ( login, last_time ) values (1, 2019-05-10 07:41:29) on conditions username = lisz001
07:41:29 lisz001 Linnéa Szendera UPDATING data to tables `time2vie_cirruscommon`.`secondary_login` fields ( last_login_time ) values (2019-05-10 07:41:29) on conditions username = lisz001 AND company_id = 20
07:41:30 lisz001 Linnéa Szendera UPDATING data to tables `time2vie_cirruscommon`.`ws_sessions` fields ( user_id ) values (lisz001) on conditions session_id = 87b84e6db9e670af67e55bda9359a059
09:14:35 biwa003 Birgitta Wåhlander INSERTING data into tables `log_login` fields ( username, ip, browser ) values ( biwa003, 185.27.165.66, Mozilla/5.0 (Windows NT 6.3; Win64; x64) AppleWebKit/537.36 (KHTML, like Gecko) Chrome/74.0.3729.131 Safari/537.36 ) => {inserted_id = 511}
09:14:35 biwa003 Birgitta Wåhlander DELETE data from tables `temp_session` on conditions username LIKE biwa003
09:14:35 biwa003 Birgitta Wåhlander UPDATING data to tables `time2vie_cirruscommon`.`login` fields ( login, last_time ) values (1, 2019-05-10 09:14:35) on conditions username = biwa003
09:14:35 biwa003 Birgitta Wåhlander UPDATING data to tables `time2vie_cirruscommon`.`secondary_login` fields ( last_login_time ) values (2019-05-10 09:14:35) on conditions username = biwa003 AND company_id = 20
09:14:37 biwa003 Birgitta Wåhlander UPDATING data to tables `time2vie_cirruscommon`.`ws_sessions` fields ( user_id ) values (biwa003) on conditions session_id = fa719b845487467650a95d51bbb01af8
09:21:25 biwa003 Birgitta Wåhlander UPDATING data to tables `time2vie_cirruscommon`.`login` fields ( role, mobile ) values (3, 730601451) on conditions username = lawa002
09:21:25 biwa003 Birgitta Wåhlander UPDATING data to tables `employee` fields ( code, century, social_security, first_name, last_name, gender, address, city, post, phone, mobile, email, date, color, status, date_inactive, max_hours, monthly_salary, start_day, remaining_sem_leave, sem_leave_todate, leave_in_advance, care_of, office_personal, substitute, salary_type, sem_leave_days, vab_leave_days, fp_leave_days, nopay_leave_days, other_leave_days, ice, employee_contract_start_month, employee_contract_period_date, employee_contract_period_length, candg_follow, inconvenient_on ) values (2-1, 19, 5805184610, Lars, Wåhlander, 1, Lilla Drottnigg 5, VARBERG, 432 45, , 730601451, ploggatan18@gmail.com, 2019-04-01, #00ffff, 1, , 12.00, 0, 10.00, 0, , 0, , 0, 0, 2, 1, 0, 0, 1, 1, , 04, 1, 04, 0, 0) on conditions username = lawa002
09:21:26 biwa003 Birgitta Wåhlander DELETE data from tables `team` on conditions employee = lawa002
09:21:26 biwa003 Birgitta Wåhlander INSERTING data into tables `team` fields ( customer, employee, role ) values ( chwa001, lawa002, 3 ) => {inserted_id = 0}
09:22:36 biwa003 Birgitta Wåhlander UPDATING data to tables `time2vie_cirruscommon`.`login` fields ( role, mobile ) values (3, 735018070) on conditions username = thgu002
09:22:36 biwa003 Birgitta Wåhlander UPDATING data to tables `employee` fields ( code, century, social_security, first_name, last_name, gender, address, city, post, phone, mobile, email, date, color, status, date_inactive, max_hours, monthly_salary, start_day, remaining_sem_leave, sem_leave_todate, leave_in_advance, care_of, office_personal, substitute, salary_type, sem_leave_days, vab_leave_days, fp_leave_days, nopay_leave_days, other_leave_days, ice, employee_contract_start_month, employee_contract_period_date, employee_contract_period_length, candg_follow, inconvenient_on ) values (2-5, 19, 9104202040, Therese, Gustafsson, 2, Valinge Olofstorp 38, VARBERG, 432 92, , 735018070, tgustafss0n@hotmail.com, 2019-04-01, #6aa84f, 1, , 12.00, 0, 10.00, 0, , 0, , 0, 1, 2, 1, 1, 1, 1, 1, Helene Gustafsson 070-5825384, 04, 1, 04, 0, 1) on conditions username = thgu002
09:22:37 biwa003 Birgitta Wåhlander DELETE data from tables `team` on conditions employee = thgu002
09:22:37 biwa003 Birgitta Wåhlander INSERTING data into tables `team` fields ( customer, employee, role ) values ( chwa001, thgu002, 3 ) => {inserted_id = 0}
09:22:38 biwa003 Birgitta Wåhlander UPDATING data to tables `time2vie_cirruscommon`.`ws_sessions` fields ( user_id ) values (biwa003) on conditions session_id = fa719b845487467650a95d51bbb01af8
09:23:58 biwa003 Birgitta Wåhlander UPDATING data to tables `time2vie_cirruscommon`.`login` fields ( role, mobile ) values (3, 725229272) on conditions username = gaan001
09:23:58 biwa003 Birgitta Wåhlander UPDATING data to tables `employee` fields ( code, century, social_security, first_name, last_name, gender, address, city, post, phone, mobile, email, date, color, status, date_inactive, max_hours, monthly_salary, start_day, remaining_sem_leave, sem_leave_todate, leave_in_advance, care_of, office_personal, substitute, salary_type, sem_leave_days, vab_leave_days, fp_leave_days, nopay_leave_days, other_leave_days, ice, employee_contract_start_month, employee_contract_period_date, employee_contract_period_length, candg_follow, inconvenient_on ) values (2-6, 19, 9701097736, Gabriel, Andersson, 1, Kung Ranes väg 29, VARBERG, 432 53, , 725229272, gabbe.Ander97@live.com, 2019-04-01, #4a86e8, 1, , 12.00, 0, 10.00, 0, , 0, , 0, 1, 1, 1, 0, 0, 1, 1, Agneta Carlsson 072-5360888, 04, 1, 04, 0, 1) on conditions username = gaan001
09:23:58 biwa003 Birgitta Wåhlander DELETE data from tables `team` on conditions employee = gaan001
09:23:58 biwa003 Birgitta Wåhlander INSERTING data into tables `team` fields ( customer, employee, role ) values ( chwa001, gaan001, 3 ) => {inserted_id = 0}
09:24:00 biwa003 Birgitta Wåhlander UPDATING data to tables `time2vie_cirruscommon`.`ws_sessions` fields ( user_id ) values (biwa003) on conditions session_id = fa719b845487467650a95d51bbb01af8
11:31:38 elbe006 Elin Berntsson UPDATING data to tables `time2vie_cirruscommon`.`secondary_login` fields ( error ) values (0) on conditions username = elbe006 AND company_id = 20
11:31:38 elbe006 Elin Berntsson INSERTING data into tables `log_login` fields ( username, ip, browser ) values ( elbe006, 158.174.54.90, okhttp/3.9.1 ) => {inserted_id = 512}
11:31:38 elbe006 Elin Berntsson DELETE data from tables `temp_session` on conditions username LIKE elbe006
11:31:38 elbe006 Elin Berntsson UPDATING data to tables `time2vie_cirruscommon`.`login` fields ( login, last_time ) values (1, 2019-05-10 11:31:38) on conditions username = elbe006
11:31:38 elbe006 Elin Berntsson UPDATING data to tables `time2vie_cirruscommon`.`secondary_login` fields ( last_login_time ) values (2019-05-10 11:31:38) on conditions username = elbe006 AND company_id = 20
11:32:40 elbe006 Elin Berntsson UPDATING data to tables `timetable` fields ( customer, employee, date, time_from, time_to, fkkn, type, status, comment ) values (tibe002, , 2019-05-10, 16.15, 24, 1, 0, 0, Elin tar 16.15-10.30) on conditions id = 1971 #Mobile-App: Log-id=512
13:09:51 elbe006 Elin Berntsson UPDATING data to tables `time2vie_cirruscommon`.`secondary_login` fields ( error ) values (0) on conditions username = elbe006 AND company_id = 20
13:09:51 elbe006 Elin Berntsson INSERTING data into tables `log_login` fields ( username, ip, browser ) values ( elbe006, 158.174.54.90, okhttp/3.9.1 ) => {inserted_id = 513}
13:09:51 elbe006 Elin Berntsson DELETE data from tables `temp_session` on conditions username LIKE elbe006
13:09:51 elbe006 Elin Berntsson UPDATING data to tables `time2vie_cirruscommon`.`login` fields ( login, last_time ) values (1, 2019-05-10 13:09:51) on conditions username = elbe006
13:09:51 elbe006 Elin Berntsson UPDATING data to tables `time2vie_cirruscommon`.`secondary_login` fields ( last_login_time ) values (2019-05-10 13:09:51) on conditions username = elbe006 AND company_id = 20
13:10:04 elbe006 Elin Berntsson UPDATING data to tables `time2vie_cirruscommon`.`secondary_login` fields ( error ) values (0) on conditions username = elbe006 AND company_id = 20 #Mobile-App: Log-id=513
13:10:04 elbe006 Elin Berntsson INSERTING data into tables `log_login` fields ( username, ip, browser ) values ( elbe006, 158.174.54.90, okhttp/3.9.1 ) => {inserted_id = 514} #Mobile-App: Log-id=513
13:10:04 elbe006 Elin Berntsson DELETE data from tables `temp_session` on conditions username LIKE elbe006 #Mobile-App: Log-id=514
13:10:04 elbe006 Elin Berntsson UPDATING data to tables `time2vie_cirruscommon`.`login` fields ( login, last_time ) values (1, 2019-05-10 13:10:04) on conditions username = elbe006 #Mobile-App: Log-id=514
13:10:04 elbe006 Elin Berntsson UPDATING data to tables `time2vie_cirruscommon`.`secondary_login` fields ( last_login_time ) values (2019-05-10 13:10:04) on conditions username = elbe006 AND company_id = 20 #Mobile-App: Log-id=514
13:26:36 anka019 Anna Kawalya Westerberg INSERTING data into tables `log_login` fields ( username, ip, browser ) values ( anka019, 94.103.194.75, Mozilla/5.0 (iPhone; CPU iPhone OS 12_1_4 like Mac OS X) AppleWebKit/605.1.15 (KHTML, like Gecko) Version/12.0 Mobile/15E148 Safari/604.1 ) => {inserted_id = 515}
13:26:36 anka019 Anna Kawalya Westerberg DELETE data from tables `temp_session` on conditions username LIKE anka019
13:26:36 anka019 Anna Kawalya Westerberg UPDATING data to tables `time2vie_cirruscommon`.`login` fields ( login, last_time ) values (1, 2019-05-10 13:26:36) on conditions username = anka019
13:26:36 anka019 Anna Kawalya Westerberg UPDATING data to tables `time2vie_cirruscommon`.`secondary_login` fields ( last_login_time ) values (2019-05-10 13:26:36) on conditions username = anka019 AND company_id = 20
13:26:36 anka019 Anna Kawalya Westerberg UPDATING data to tables `time2vie_cirruscommon`.`ws_sessions` fields ( user_id ) values (anka019) on conditions session_id = 6da1dd2d49e9a787b35d3fb0bcbc4777
13:26:56 anka019 Anna Kawalya Westerberg INSERTING data into tables `log_login` fields ( username, ip, browser ) values ( anka019, 94.103.194.75, Mozilla/5.0 (iPhone; CPU iPhone OS 12_1_4 like Mac OS X) AppleWebKit/605.1.15 (KHTML, like Gecko) Version/12.0 Mobile/15E148 Safari/604.1 ) => {inserted_id = 516}
13:26:56 anka019 Anna Kawalya Westerberg DELETE data from tables `temp_session` on conditions username LIKE anka019
13:26:56 anka019 Anna Kawalya Westerberg UPDATING data to tables `time2vie_cirruscommon`.`login` fields ( login, last_time ) values (1, 2019-05-10 13:26:56) on conditions username = anka019
13:26:57 anka019 Anna Kawalya Westerberg UPDATING data to tables `time2vie_cirruscommon`.`secondary_login` fields ( last_login_time ) values (2019-05-10 13:26:56) on conditions username = anka019 AND company_id = 20
13:27:28 anka019 Anna Kawalya Westerberg UPDATING data to tables `mc_note` fields ( read_users ) values (biwa003,biwa003,biwa003,biwa003,biwa003,biwa003,biwa003,biwa003,biwa003,biwa003,lawa002,anka019) on conditions note_id = 1
13:30:38 anka019 Anna Kawalya Westerberg INSERTING data into tables `log_login` fields ( username, ip, browser ) values ( anka019, 94.103.194.75, Mozilla/5.0 (iPhone; CPU iPhone OS 12_1_4 like Mac OS X) AppleWebKit/605.1.15 (KHTML, like Gecko) Version/12.0 Mobile/15E148 Safari/604.1 ) => {inserted_id = 517}
13:30:38 anka019 Anna Kawalya Westerberg DELETE data from tables `temp_session` on conditions username LIKE anka019
13:30:38 anka019 Anna Kawalya Westerberg UPDATING data to tables `time2vie_cirruscommon`.`login` fields ( login, last_time ) values (1, 2019-05-10 13:30:38) on conditions username = anka019
13:30:38 anka019 Anna Kawalya Westerberg UPDATING data to tables `time2vie_cirruscommon`.`secondary_login` fields ( last_login_time ) values (2019-05-10 13:30:38) on conditions username = anka019 AND company_id = 20
13:30:39 anka019 Anna Kawalya Westerberg UPDATING data to tables `time2vie_cirruscommon`.`ws_sessions` fields ( user_id ) values (anka019) on conditions session_id = 4d929ff95f7082471b11b1fcb9c3230e
13:30:58 lawa002 Lars Wåhlander INSERTING data into tables `log_login` fields ( username, ip, browser ) values ( lawa002, 94.103.194.75, Mozilla/5.0 (iPhone; CPU iPhone OS 12_2 like Mac OS X) AppleWebKit/605.1.15 (KHTML, like Gecko) Version/12.1 Mobile/15E148 Safari/604.1 ) => {inserted_id = 518}
13:30:58 lawa002 Lars Wåhlander DELETE data from tables `temp_session` on conditions username LIKE lawa002
13:30:59 lawa002 Lars Wåhlander UPDATING data to tables `time2vie_cirruscommon`.`login` fields ( login, last_time ) values (1, 2019-05-10 13:30:58) on conditions username = lawa002
13:30:59 lawa002 Lars Wåhlander UPDATING data to tables `time2vie_cirruscommon`.`secondary_login` fields ( last_login_time ) values (2019-05-10 13:30:58) on conditions username = lawa002 AND company_id = 20
13:31:00 lawa002 Lars Wåhlander UPDATING data to tables `time2vie_cirruscommon`.`ws_sessions` fields ( user_id ) values (lawa002) on conditions session_id = 4856f780a4acf8f63b35280bcec237c7
13:32:45 anka019 Anna Kawalya Westerberg UPDATING data to tables `time2vie_cirruscommon`.`ws_sessions` fields ( user_id ) values (anka019) on conditions session_id = aae27426e7baf556b588f0b37d5e51ca
13:36:15 anka019 Anna Kawalya Westerberg UPDATING data to tables `time2vie_cirruscommon`.`ws_sessions` fields ( user_id ) values (anka019) on conditions session_id = aae27426e7baf556b588f0b37d5e51ca
15:05:43 cagu001 Carina Gustafsson UPDATING data to tables `time2vie_cirruscommon`.`secondary_login` fields ( error ) values (0) on conditions username = cagu001 AND company_id = 20
15:05:43 cagu001 Carina Gustafsson INSERTING data into tables `log_login` fields ( username, ip, browser ) values ( cagu001, 193.234.72.157, okhttp/3.9.1 ) => {inserted_id = 519}
15:05:43 cagu001 Carina Gustafsson DELETE data from tables `temp_session` on conditions username LIKE cagu001
15:05:43 cagu001 Carina Gustafsson UPDATING data to tables `time2vie_cirruscommon`.`login` fields ( login, last_time ) values (1, 2019-05-10 15:05:43) on conditions username = cagu001
15:05:43 cagu001 Carina Gustafsson UPDATING data to tables `time2vie_cirruscommon`.`secondary_login` fields ( last_login_time ) values (2019-05-10 15:05:43) on conditions username = cagu001 AND company_id = 20
15:05:54 cagu001 Carina Gustafsson UPDATING data to tables `time2vie_cirruscommon`.`secondary_login` fields ( error ) values (0) on conditions username = cagu001 AND company_id = 20
15:05:55 cagu001 Carina Gustafsson INSERTING data into tables `log_login` fields ( username, ip, browser ) values ( cagu001, 193.234.72.157, okhttp/3.9.1 ) => {inserted_id = 520}
15:05:55 cagu001 Carina Gustafsson DELETE data from tables `temp_session` on conditions username LIKE cagu001
15:05:55 cagu001 Carina Gustafsson UPDATING data to tables `time2vie_cirruscommon`.`login` fields ( login, last_time ) values (1, 2019-05-10 15:05:55) on conditions username = cagu001
15:05:55 cagu001 Carina Gustafsson UPDATING data to tables `time2vie_cirruscommon`.`secondary_login` fields ( last_login_time ) values (2019-05-10 15:05:55) on conditions username = cagu001 AND company_id = 20
15:06:08 cagu001 Carina Gustafsson UPDATING data to tables `time2vie_cirruscommon`.`secondary_login` fields ( error ) values (0) on conditions username = cagu001 AND company_id = 20 #Mobile-App: Log-id=520
15:06:08 cagu001 Carina Gustafsson INSERTING data into tables `log_login` fields ( username, ip, browser ) values ( cagu001, 193.234.72.157, okhttp/3.9.1 ) => {inserted_id = 521} #Mobile-App: Log-id=520
15:06:08 cagu001 Carina Gustafsson DELETE data from tables `temp_session` on conditions username LIKE cagu001 #Mobile-App: Log-id=521
15:06:08 cagu001 Carina Gustafsson UPDATING data to tables `time2vie_cirruscommon`.`login` fields ( login, last_time ) values (1, 2019-05-10 15:06:08) on conditions username = cagu001 #Mobile-App: Log-id=521
15:06:08 cagu001 Carina Gustafsson UPDATING data to tables `time2vie_cirruscommon`.`secondary_login` fields ( last_login_time ) values (2019-05-10 15:06:08) on conditions username = cagu001 AND company_id = 20 #Mobile-App: Log-id=521
16:32:57 kaha003 Kalina Hajnold INSERTING data into tables `log_login` fields ( username, ip, browser ) values ( kaha003, 77.53.58.49, Mozilla/5.0 (iPhone; CPU iPhone OS 12_2 like Mac OS X) AppleWebKit/605.1.15 (KHTML, like Gecko) Version/12.1 Mobile/15E148 Safari/604.1 ) => {inserted_id = 522}
16:32:57 kaha003 Kalina Hajnold DELETE data from tables `temp_session` on conditions username LIKE kaha003
16:32:57 kaha003 Kalina Hajnold UPDATING data to tables `time2vie_cirruscommon`.`login` fields ( login, last_time ) values (1, 2019-05-10 16:32:57) on conditions username = kaha003
16:32:57 kaha003 Kalina Hajnold UPDATING data to tables `time2vie_cirruscommon`.`secondary_login` fields ( last_login_time ) values (2019-05-10 16:32:57) on conditions username = kaha003 AND company_id = 20
16:32:58 kaha003 Kalina Hajnold INSERTING data into tables `log_login` fields ( username, ip, browser ) values ( kaha003, 77.53.58.49, Mozilla/5.0 (iPhone; CPU iPhone OS 12_2 like Mac OS X) AppleWebKit/605.1.15 (KHTML, like Gecko) Version/12.1 Mobile/15E148 Safari/604.1 ) => {inserted_id = 523}
16:32:58 kaha003 Kalina Hajnold DELETE data from tables `temp_session` on conditions username LIKE kaha003
16:32:58 kaha003 Kalina Hajnold UPDATING data to tables `time2vie_cirruscommon`.`login` fields ( login, last_time ) values (1, 2019-05-10 16:32:58) on conditions username = kaha003
16:32:58 kaha003 Kalina Hajnold UPDATING data to tables `time2vie_cirruscommon`.`secondary_login` fields ( last_login_time ) values (2019-05-10 16:32:58) on conditions username = kaha003 AND company_id = 20
16:32:59 kaha003 Kalina Hajnold UPDATING data to tables `time2vie_cirruscommon`.`ws_sessions` fields ( user_id ) values (kaha003) on conditions session_id = 9bd62c62c972a2cd21d0a757f9d27ee6
16:33:02 kaha003 Kalina Hajnold UPDATING data to tables `time2vie_cirruscommon`.`ws_sessions` fields ( user_id ) values (kaha003) on conditions session_id = 9bd62c62c972a2cd21d0a757f9d27ee6
16:33:13 kaha003 Kalina Hajnold UPDATING data to tables `time2vie_cirruscommon`.`ws_sessions` fields ( user_id ) values (kaha003) on conditions session_id = 9bd62c62c972a2cd21d0a757f9d27ee6
16:33:15 kaha003 Kalina Hajnold UPDATING data to tables `time2vie_cirruscommon`.`ws_sessions` fields ( user_id ) values (kaha003) on conditions session_id = 9bd62c62c972a2cd21d0a757f9d27ee6
16:33:19 kaha003 Kalina Hajnold UPDATING data to tables `time2vie_cirruscommon`.`ws_sessions` fields ( user_id ) values (kaha003) on conditions session_id = 9bd62c62c972a2cd21d0a757f9d27ee6
18:04:36 hejo003 Helen Jörnås UPDATING data to tables `time2vie_cirruscommon`.`secondary_login` fields ( error ) values (0) on conditions username = hejo003 AND company_id = 20
18:04:36 hejo003 Helen Jörnås INSERTING data into tables `log_login` fields ( username, ip, browser ) values ( hejo003, 217.214.152.26, okhttp/3.9.1 ) => {inserted_id = 524}
18:04:36 hejo003 Helen Jörnås DELETE data from tables `temp_session` on conditions username LIKE hejo003
18:04:36 hejo003 Helen Jörnås UPDATING data to tables `time2vie_cirruscommon`.`login` fields ( login, last_time ) values (1, 2019-05-10 18:04:36) on conditions username = hejo003
18:04:36 hejo003 Helen Jörnås UPDATING data to tables `time2vie_cirruscommon`.`secondary_login` fields ( last_login_time ) values (2019-05-10 18:04:36) on conditions username = hejo003 AND company_id = 20
18:45:02 saan012 Sara Andersson UPDATING data to tables `time2vie_cirruscommon`.`secondary_login` fields ( error ) values (0) on conditions username = saan012 AND company_id = 20
18:45:02 saan012 Sara Andersson INSERTING data into tables `log_login` fields ( username, ip, browser ) values ( saan012, 94.191.155.18, CirrusM/3 CFNetwork/978.0.7 Darwin/18.5.0 ) => {inserted_id = 525}
18:45:02 saan012 Sara Andersson DELETE data from tables `temp_session` on conditions username LIKE saan012
18:45:02 saan012 Sara Andersson UPDATING data to tables `time2vie_cirruscommon`.`login` fields ( login, last_time ) values (1, 2019-05-10 18:45:02) on conditions username = saan012
18:45:02 saan012 Sara Andersson UPDATING data to tables `time2vie_cirruscommon`.`secondary_login` fields ( last_login_time ) values (2019-05-10 18:45:02) on conditions username = saan012 AND company_id = 20
18:45:03 saan012 Sara Andersson UPDATING data to tables `time2vie_cirruscommon`.`push_notify_tokens` fields ( user_id, updated_date, error ) values (saan012, 2019-05-10 18:45:03, 0) on conditions fcm_token = c638hw8bP0A:APA91bGXtc0eT7hRySjuWW3sBCyyZeDmEs3-vkMQTeleXb3TqJdkAZTuxNR9gW9So_P79godq1DH9zUWQgsipBixf6IxsNajjCHOLGFjfqvU5VEPxLNtu7aeTZHPoupIpAmNfhYhbXVt AND device_id = 126AA663-FD1E-4DF5-99CB-ECB189CAD3C5 #Mobile-App: Log-id=525
19:48:40 emja001 Emilia Jacobsson INSERTING data into tables `log_login` fields ( username, ip, browser ) values ( emja001, 90.230.216.234, Mozilla/5.0 (iPhone; CPU iPhone OS 12_2 like Mac OS X) AppleWebKit/605.1.15 (KHTML, like Gecko) Version/12.1 Mobile/15E148 Safari/604.1 ) => {inserted_id = 526}
19:48:40 emja001 Emilia Jacobsson DELETE data from tables `temp_session` on conditions username LIKE emja001
19:48:40 emja001 Emilia Jacobsson UPDATING data to tables `time2vie_cirruscommon`.`login` fields ( login, last_time ) values (1, 2019-05-10 19:48:40) on conditions username = emja001
19:48:40 emja001 Emilia Jacobsson UPDATING data to tables `time2vie_cirruscommon`.`secondary_login` fields ( last_login_time ) values (2019-05-10 19:48:40) on conditions username = emja001 AND company_id = 20
19:48:41 emja001 Emilia Jacobsson UPDATING data to tables `time2vie_cirruscommon`.`ws_sessions` fields ( user_id ) values (emja001) on conditions session_id = e259ace1b7a8999d69147ae3701dc19d
19:53:26 cagu001 Carina Gustafsson UPDATING data to tables `time2vie_cirruscommon`.`secondary_login` fields ( error ) values (0) on conditions username = cagu001 AND company_id = 20
19:53:27 cagu001 Carina Gustafsson INSERTING data into tables `log_login` fields ( username, ip, browser ) values ( cagu001, 176.10.245.4, okhttp/3.9.1 ) => {inserted_id = 527}
19:53:27 cagu001 Carina Gustafsson DELETE data from tables `temp_session` on conditions username LIKE cagu001
19:53:27 cagu001 Carina Gustafsson UPDATING data to tables `time2vie_cirruscommon`.`login` fields ( login, last_time ) values (1, 2019-05-10 19:53:27) on conditions username = cagu001
19:53:27 cagu001 Carina Gustafsson UPDATING data to tables `time2vie_cirruscommon`.`secondary_login` fields ( last_login_time ) values (2019-05-10 19:53:27) on conditions username = cagu001 AND company_id = 20
20:32:50 lisz001 Linnéa Szendera INSERTING data into tables `log_login` fields ( username, ip, browser ) values ( lisz001, 94.234.44.237, Mozilla/5.0 (Linux; Android 9; VTR-L29) AppleWebKit/537.36 (KHTML, like Gecko) Chrome/74.0.3729.136 Mobile Safari/537.36 ) => {inserted_id = 528}
20:32:50 lisz001 Linnéa Szendera DELETE data from tables `temp_session` on conditions username LIKE lisz001
20:32:50 lisz001 Linnéa Szendera UPDATING data to tables `time2vie_cirruscommon`.`login` fields ( login, last_time ) values (1, 2019-05-10 20:32:50) on conditions username = lisz001
20:32:50 lisz001 Linnéa Szendera UPDATING data to tables `time2vie_cirruscommon`.`secondary_login` fields ( last_login_time ) values (2019-05-10 20:32:50) on conditions username = lisz001 AND company_id = 20
20:32:50 lisz001 Linnéa Szendera UPDATING data to tables `time2vie_cirruscommon`.`ws_sessions` fields ( user_id ) values (lisz001) on conditions session_id = 639e2ad7afed964dbb38abdbf8b6e46f
20:46:08 cagu001 Carina Gustafsson UPDATING data to tables `time2vie_cirruscommon`.`secondary_login` fields ( error ) values (0) on conditions username = cagu001 AND company_id = 20
20:46:08 cagu001 Carina Gustafsson INSERTING data into tables `log_login` fields ( username, ip, browser ) values ( cagu001, 176.10.245.4, okhttp/3.9.1 ) => {inserted_id = 529}
20:46:08 cagu001 Carina Gustafsson DELETE data from tables `temp_session` on conditions username LIKE cagu001
20:46:08 cagu001 Carina Gustafsson UPDATING data to tables `time2vie_cirruscommon`.`login` fields ( login, last_time ) values (1, 2019-05-10 20:46:08) on conditions username = cagu001
20:46:08 cagu001 Carina Gustafsson UPDATING data to tables `time2vie_cirruscommon`.`secondary_login` fields ( last_login_time ) values (2019-05-10 20:46:08) on conditions username = cagu001 AND company_id = 20
21:10:11 cagu001 Carina Gustafsson INSERTING data into tables `timetable` fields ( employee, customer, fkkn, type, date, time_from, time_to, status, created_status, alloc_emp, comment ) values ( , mygu001, 1, 0, 2019-05-10, 12.00, 17.00, 0, , cagu001,  ) => {inserted_id = 2012} #Mobile-App: Log-id=529
21:10:28 cagu001 Carina Gustafsson UPDATING data to tables `timetable` fields ( customer, employee, date, time_from, time_to, fkkn, type, status, comment ) values (mygu001, cagu001, 2019-05-10, 12.00, 17.00, 1, 0, 1, ) on conditions id = 2012 #Mobile-App: Log-id=529
21:11:22 cagu001 Carina Gustafsson UPDATING data to tables `timetable` fields ( status ) values (2) on conditions id = 617 #Mobile-App: Log-id=529
21:11:22 cagu001 Carina Gustafsson INSERTING data into tables `timetable` fields ( customer, date, time_from, time_to, type, fkkn, comment, alloc_emp, relation_id, status ) values ( mygu001, 2019-05-11, 11.00, 22.00, 0, 1, , cagu001, 617, 0 ) => {inserted_id = 2013} #Mobile-App: Log-id=529
21:11:22 cagu001 Carina Gustafsson INSERTING data into tables `leave` fields ( group_id, employee, date, time_from, time_to, type, comment, appr_emp, status, no_pay ) values ( 97, saan012, 2019-05-11, 11, 22, 1, , cagu001, 0, 1 ) => {inserted_id = 305} #Mobile-App: Log-id=529
22:17:13 hejo003 Helen Jörnås UPDATING data to tables `time2vie_cirruscommon`.`secondary_login` fields ( error ) values (0) on conditions username = hejo003 AND company_id = 20
22:17:13 hejo003 Helen Jörnås INSERTING data into tables `log_login` fields ( username, ip, browser ) values ( hejo003, 217.214.151.159, okhttp/3.9.1 ) => {inserted_id = 530}
22:17:13 hejo003 Helen Jörnås DELETE data from tables `temp_session` on conditions username LIKE hejo003
22:17:13 hejo003 Helen Jörnås UPDATING data to tables `time2vie_cirruscommon`.`login` fields ( login, last_time ) values (1, 2019-05-10 22:17:13) on conditions username = hejo003
22:17:14 hejo003 Helen Jörnås UPDATING data to tables `time2vie_cirruscommon`.`secondary_login` fields ( last_login_time ) values (2019-05-10 22:17:13) on conditions username = hejo003 AND company_id = 20
