07:14:44 peka002 Petronella Karlsson UPDATING data to tables `time2vie_cirruscommon`.`secondary_login` fields ( error ) values (0) on conditions username = peka002 AND company_id = 20
07:14:44 peka002 Petronella Karlsson INSERTING data into tables `log_login` fields ( username, ip, browser ) values ( peka002, 83.250.120.173, Time2View/1 CFNetwork/1107.1 Darwin/19.0.0 ) => {inserted_id = 5490}
07:14:44 peka002 Petronella Karlsson DELETE data from tables `temp_session` on conditions username LIKE peka002
07:14:44 peka002 Petronella Karlsson UPDATING data to tables `time2vie_cirruscommon`.`login` fields ( login, last_time ) values (1, 2019-11-13 07:14:44) on conditions username = peka002
07:14:44 peka002 Petronella Karlsson UPDATING data to tables `time2vie_cirruscommon`.`secondary_login` fields ( last_login_time ) values (2019-11-13 07:14:44) on conditions username = peka002 AND company_id = 20
07:38:38 mato007 Mattias Torbiörnson UPDATING data to tables `time2vie_cirruscommon`.`secondary_login` fields ( error ) values (0) on conditions username = mato007 AND company_id = 20
07:38:38 mato007 Mattias Torbiörnson INSERTING data into tables `log_login` fields ( username, ip, browser ) values ( mato007, 217.73.111.160, CirrusM/3 CFNetwork/1120 Darwin/19.0.0 ) => {inserted_id = 5491}
07:38:38 mato007 Mattias Torbiörnson DELETE data from tables `temp_session` on conditions username LIKE mato007
07:38:38 mato007 Mattias Torbiörnson UPDATING data to tables `time2vie_cirruscommon`.`login` fields ( login, last_time ) values (1, 2019-11-13 07:38:38) on conditions username = mato007
07:38:38 mato007 Mattias Torbiörnson UPDATING data to tables `time2vie_cirruscommon`.`secondary_login` fields ( last_login_time ) values (2019-11-13 07:38:38) on conditions username = mato007 AND company_id = 20
07:38:39 mato007 Mattias Torbiörnson UPDATING data to tables `time2vie_cirruscommon`.`push_notify_tokens` fields ( user_id, updated_date, error ) values (mato007, 2019-11-13 07:38:39, 0) on conditions fcm_token = esZGU5oCp54:APA91bFYmkJCWfoBt0Bq_Sy1K93zeiGaWi005hwxA32ajwHpeXt8EsUbhHBXMHV639X1CaFcrYk8bzdi1NZ_JgL2baFFodhmsvqdYlnKZ5bsvW2YwE8I88hucjrjJHI5muJzDgg6nebo AND device_id = BA2992D7-6D60-4D23-A325-582B7301B6CE #Mobile-App: Log-id=5491
07:47:49 anwa006 Andréas Wallin UPDATING data to tables `time2vie_cirruscommon`.`secondary_login` fields ( error ) values (0) on conditions username = anwa006 AND company_id = 20
07:47:49 anwa006 Andréas Wallin INSERTING data into tables `log_login` fields ( username, ip, browser ) values ( anwa006, 94.191.136.120, okhttp/3.9.1 ) => {inserted_id = 5492}
07:47:49 anwa006 Andréas Wallin DELETE data from tables `temp_session` on conditions username LIKE anwa006
07:47:49 anwa006 Andréas Wallin UPDATING data to tables `time2vie_cirruscommon`.`login` fields ( login, last_time ) values (1, 2019-11-13 07:47:49) on conditions username = anwa006
07:47:49 anwa006 Andréas Wallin UPDATING data to tables `time2vie_cirruscommon`.`secondary_login` fields ( last_login_time ) values (2019-11-13 07:47:49) on conditions username = anwa006 AND company_id = 20
08:09:00 thca002 Therese Calic UPDATING data to tables `time2vie_cirruscommon`.`secondary_login` fields ( error ) values (0) on conditions username = thca002 AND company_id = 20
08:09:00 thca002 Therese Calic INSERTING data into tables `log_login` fields ( username, ip, browser ) values ( thca002, 217.214.151.150, Time2View/1 CFNetwork/978.0.7 Darwin/18.6.0 ) => {inserted_id = 5493}
08:09:00 thca002 Therese Calic DELETE data from tables `temp_session` on conditions username LIKE thca002
08:09:00 thca002 Therese Calic UPDATING data to tables `time2vie_cirruscommon`.`login` fields ( login, last_time ) values (1, 2019-11-13 08:09:00) on conditions username = thca002
08:09:00 thca002 Therese Calic UPDATING data to tables `time2vie_cirruscommon`.`secondary_login` fields ( last_login_time ) values (2019-11-13 08:09:00) on conditions username = thca002 AND company_id = 20
08:21:18 gine001 gine001 INSERTING data into tables `log_login` fields ( username, ip, browser ) values ( gine001, 130.240.173.9, Mozilla/5.0 (Windows NT 10.0; Win64; x64; rv:68.0) Gecko/20100101 Firefox/68.0 ) => {inserted_id = 5494}
08:21:18 gine001 gine001 DELETE data from tables `temp_session` on conditions username LIKE gine001
08:21:18 gine001 gine001 UPDATING data to tables `time2vie_cirruscommon`.`login` fields ( login, last_time ) values (1, 2019-11-13 08:21:18) on conditions username = gine001
08:21:18 gine001 gine001 UPDATING data to tables `time2vie_cirruscommon`.`secondary_login` fields ( last_login_time ) values (2019-11-13 08:21:18) on conditions username = gine001 AND company_id = 20
08:22:27 anwa006 Andréas Wallin UPDATING data to tables `time2vie_cirruscommon`.`secondary_login` fields ( error ) values (0) on conditions username = anwa006 AND company_id = 20
08:22:27 anwa006 Andréas Wallin INSERTING data into tables `log_login` fields ( username, ip, browser ) values ( anwa006, 217.214.145.245, Time2View/1 CFNetwork/978.0.7 Darwin/18.7.0 ) => {inserted_id = 5495}
08:22:27 anwa006 Andréas Wallin DELETE data from tables `temp_session` on conditions username LIKE anwa006
08:22:27 anwa006 Andréas Wallin UPDATING data to tables `time2vie_cirruscommon`.`login` fields ( login, last_time ) values (1, 2019-11-13 08:22:27) on conditions username = anwa006
08:22:27 anwa006 Andréas Wallin UPDATING data to tables `time2vie_cirruscommon`.`secondary_login` fields ( last_login_time ) values (2019-11-13 08:22:27) on conditions username = anwa006 AND company_id = 20
08:24:08 gine001 gine001 UPDATING data to tables `time2vie_cirruscommon`.`ws_sessions` fields ( user_id ) values (gine001) on conditions session_id = 7ad898f97babda717a104455fc5558ad
08:26:51 hejo003 Helen Jörnås UPDATING data to tables `time2vie_cirruscommon`.`secondary_login` fields ( error ) values (0) on conditions username = hejo003 AND company_id = 20
08:26:51 hejo003 Helen Jörnås INSERTING data into tables `log_login` fields ( username, ip, browser ) values ( hejo003, 90.224.82.244, okhttp/3.9.1 ) => {inserted_id = 5496}
08:26:51 hejo003 Helen Jörnås DELETE data from tables `temp_session` on conditions username LIKE hejo003
08:26:51 hejo003 Helen Jörnås UPDATING data to tables `time2vie_cirruscommon`.`login` fields ( login, last_time ) values (1, 2019-11-13 08:26:51) on conditions username = hejo003
08:26:51 hejo003 Helen Jörnås UPDATING data to tables `time2vie_cirruscommon`.`secondary_login` fields ( last_login_time ) values (2019-11-13 08:26:51) on conditions username = hejo003 AND company_id = 20
09:10:17 peka002 Petronella Karlsson UPDATING data to tables `time2vie_cirruscommon`.`secondary_login` fields ( error ) values (0) on conditions username = peka002 AND company_id = 20
09:10:17 peka002 Petronella Karlsson INSERTING data into tables `log_login` fields ( username, ip, browser ) values ( peka002, 83.250.120.173, Time2View/1 CFNetwork/1107.1 Darwin/19.0.0 ) => {inserted_id = 5497}
09:10:17 peka002 Petronella Karlsson DELETE data from tables `temp_session` on conditions username LIKE peka002
09:10:17 peka002 Petronella Karlsson UPDATING data to tables `time2vie_cirruscommon`.`login` fields ( login, last_time ) values (1, 2019-11-13 09:10:17) on conditions username = peka002
09:10:17 peka002 Petronella Karlsson UPDATING data to tables `time2vie_cirruscommon`.`secondary_login` fields ( last_login_time ) values (2019-11-13 09:10:17) on conditions username = peka002 AND company_id = 20
09:39:18 dodo001 dodo001 INSERTING data into tables `log_login` fields ( username, ip, browser ) values ( dodo001, 112.133.248.106, Mozilla/5.0 (X11; Linux x86_64) AppleWebKit/537.36 (KHTML, like Gecko) Chrome/70.0.3538.77 Safari/537.36 ) => {inserted_id = 5498}
09:39:18 dodo001 dodo001 DELETE data from tables `temp_session` on conditions username LIKE dodo001
09:39:18 dodo001 dodo001 UPDATING data to tables `time2vie_cirruscommon`.`login` fields ( login, last_time ) values (1, 2019-11-13 09:39:18) on conditions username = dodo001
09:39:18 dodo001 dodo001 UPDATING data to tables `time2vie_cirruscommon`.`secondary_login` fields ( last_login_time ) values (2019-11-13 09:39:18) on conditions username = dodo001 AND company_id = 20
09:39:20 dodo001 dodo001 UPDATING data to tables `time2vie_cirruscommon`.`ws_sessions` fields ( user_id ) values (dodo001) on conditions session_id = 656a617a0a727192094966fe910c5bb2
09:41:17 anwa006 Andréas Wallin UPDATING data to tables `time2vie_cirruscommon`.`secondary_login` fields ( error ) values (0) on conditions username = anwa006 AND company_id = 20
09:41:17 anwa006 Andréas Wallin INSERTING data into tables `log_login` fields ( username, ip, browser ) values ( anwa006, 217.214.145.245, Time2View/1 CFNetwork/978.0.7 Darwin/18.7.0 ) => {inserted_id = 5499}
09:41:17 anwa006 Andréas Wallin DELETE data from tables `temp_session` on conditions username LIKE anwa006
09:41:17 anwa006 Andréas Wallin UPDATING data to tables `time2vie_cirruscommon`.`login` fields ( login, last_time ) values (1, 2019-11-13 09:41:17) on conditions username = anwa006
09:41:17 anwa006 Andréas Wallin UPDATING data to tables `time2vie_cirruscommon`.`secondary_login` fields ( last_login_time ) values (2019-11-13 09:41:17) on conditions username = anwa006 AND company_id = 20
09:41:49 cagu001 Carina Gustafsson UPDATING data to tables `time2vie_cirruscommon`.`secondary_login` fields ( error ) values (0) on conditions username = cagu001 AND company_id = 20
09:41:49 cagu001 Carina Gustafsson INSERTING data into tables `log_login` fields ( username, ip, browser ) values ( cagu001, 176.10.245.4, okhttp/3.9.1 ) => {inserted_id = 5500}
09:41:49 cagu001 Carina Gustafsson DELETE data from tables `temp_session` on conditions username LIKE cagu001
09:41:49 cagu001 Carina Gustafsson UPDATING data to tables `time2vie_cirruscommon`.`login` fields ( login, last_time ) values (1, 2019-11-13 09:41:49) on conditions username = cagu001
09:41:49 cagu001 Carina Gustafsson UPDATING data to tables `time2vie_cirruscommon`.`secondary_login` fields ( last_login_time ) values (2019-11-13 09:41:49) on conditions username = cagu001 AND company_id = 20
09:42:07 cagu001 Carina Gustafsson UPDATING data to tables `timetable` fields ( customer, employee, date, time_from, time_to, fkkn, type, status, comment ) values (mygu001, cagu001, 2019-11-18, 9.30, 14.30, 1, 0, 1, ) on conditions id = 8451 #Mobile-App: Log-id=5500
09:53:53 anwa006 Andréas Wallin DELETE data from tables `temp_session` on conditions username LIKE anwa006 #Mobile-App: Log-id=5499
09:53:53 anwa006 Andréas Wallin UPDATING data to tables `time2vie_cirruscommon`.`login` fields ( login, last_time ) values (0, 2019-11-13 09:53:53) on conditions username = anwa006 #Mobile-App: Log-id=5499
09:53:53 anwa006 Andréas Wallin UPDATING data to tables `time2vie_cirruscommon`.`secondary_login` fields ( last_login_time ) values (2019-11-13 09:53:53) on conditions username = anwa006 AND company_id = 20 #Mobile-App: Log-id=5499
10:08:03 peka002 Petronella Karlsson UPDATING data to tables `time2vie_cirruscommon`.`secondary_login` fields ( error ) values (0) on conditions username = peka002 AND company_id = 20
10:08:03 peka002 Petronella Karlsson INSERTING data into tables `log_login` fields ( username, ip, browser ) values ( peka002, 94.234.52.135, Time2View/1 CFNetwork/1107.1 Darwin/19.0.0 ) => {inserted_id = 5501}
10:08:03 peka002 Petronella Karlsson DELETE data from tables `temp_session` on conditions username LIKE peka002
10:08:03 peka002 Petronella Karlsson UPDATING data to tables `time2vie_cirruscommon`.`login` fields ( login, last_time ) values (1, 2019-11-13 10:08:03) on conditions username = peka002
10:08:03 peka002 Petronella Karlsson UPDATING data to tables `time2vie_cirruscommon`.`secondary_login` fields ( last_login_time ) values (2019-11-13 10:08:03) on conditions username = peka002 AND company_id = 20
10:22:09 mato007 Mattias Torbiörnson UPDATING data to tables `time2vie_cirruscommon`.`secondary_login` fields ( error ) values (0) on conditions username = mato007 AND company_id = 20
10:22:09 mato007 Mattias Torbiörnson INSERTING data into tables `log_login` fields ( username, ip, browser ) values ( mato007, 94.103.194.75, CirrusM/3 CFNetwork/1120 Darwin/19.0.0 ) => {inserted_id = 5502}
10:22:09 mato007 Mattias Torbiörnson DELETE data from tables `temp_session` on conditions username LIKE mato007
10:22:09 mato007 Mattias Torbiörnson UPDATING data to tables `time2vie_cirruscommon`.`login` fields ( login, last_time ) values (1, 2019-11-13 10:22:09) on conditions username = mato007
10:22:09 mato007 Mattias Torbiörnson UPDATING data to tables `time2vie_cirruscommon`.`secondary_login` fields ( last_login_time ) values (2019-11-13 10:22:09) on conditions username = mato007 AND company_id = 20
10:22:10 mato007 Mattias Torbiörnson UPDATING data to tables `time2vie_cirruscommon`.`push_notify_tokens` fields ( user_id, updated_date, error ) values (mato007, 2019-11-13 10:22:10, 0) on conditions fcm_token = esZGU5oCp54:APA91bFYmkJCWfoBt0Bq_Sy1K93zeiGaWi005hwxA32ajwHpeXt8EsUbhHBXMHV639X1CaFcrYk8bzdi1NZ_JgL2baFFodhmsvqdYlnKZ5bsvW2YwE8I88hucjrjJHI5muJzDgg6nebo AND device_id = BA2992D7-6D60-4D23-A325-582B7301B6CE #Mobile-App: Log-id=5502
12:58:32 hejo003 Helen Jörnås UPDATING data to tables `time2vie_cirruscommon`.`secondary_login` fields ( error ) values (0) on conditions username = hejo003 AND company_id = 20
12:58:32 hejo003 Helen Jörnås INSERTING data into tables `log_login` fields ( username, ip, browser ) values ( hejo003, 90.224.82.244, okhttp/3.9.1 ) => {inserted_id = 5503}
12:58:32 hejo003 Helen Jörnås DELETE data from tables `temp_session` on conditions username LIKE hejo003
12:58:32 hejo003 Helen Jörnås UPDATING data to tables `time2vie_cirruscommon`.`login` fields ( login, last_time ) values (1, 2019-11-13 12:58:32) on conditions username = hejo003
12:58:32 hejo003 Helen Jörnås UPDATING data to tables `time2vie_cirruscommon`.`secondary_login` fields ( last_login_time ) values (2019-11-13 12:58:32) on conditions username = hejo003 AND company_id = 20
13:11:07 peka002 Petronella Karlsson UPDATING data to tables `time2vie_cirruscommon`.`secondary_login` fields ( error ) values (0) on conditions username = peka002 AND company_id = 20
13:11:07 peka002 Petronella Karlsson INSERTING data into tables `log_login` fields ( username, ip, browser ) values ( peka002, 83.250.120.173, Time2View/1 CFNetwork/1107.1 Darwin/19.0.0 ) => {inserted_id = 5504}
13:11:07 peka002 Petronella Karlsson DELETE data from tables `temp_session` on conditions username LIKE peka002
13:11:07 peka002 Petronella Karlsson UPDATING data to tables `time2vie_cirruscommon`.`login` fields ( login, last_time ) values (1, 2019-11-13 13:11:07) on conditions username = peka002
13:11:07 peka002 Petronella Karlsson UPDATING data to tables `time2vie_cirruscommon`.`secondary_login` fields ( last_login_time ) values (2019-11-13 13:11:07) on conditions username = peka002 AND company_id = 20
13:31:56 anwa006 Andréas Wallin UPDATING data to tables `time2vie_cirruscommon`.`secondary_login` fields ( error ) values (0) on conditions username = anwa006 AND company_id = 20
13:31:56 anwa006 Andréas Wallin INSERTING data into tables `log_login` fields ( username, ip, browser ) values ( anwa006, 94.191.136.120, okhttp/3.9.1 ) => {inserted_id = 5505}
13:31:56 anwa006 Andréas Wallin DELETE data from tables `temp_session` on conditions username LIKE anwa006
13:31:56 anwa006 Andréas Wallin UPDATING data to tables `time2vie_cirruscommon`.`login` fields ( login, last_time ) values (1, 2019-11-13 13:31:56) on conditions username = anwa006
13:31:56 anwa006 Andréas Wallin UPDATING data to tables `time2vie_cirruscommon`.`secondary_login` fields ( last_login_time ) values (2019-11-13 13:31:56) on conditions username = anwa006 AND company_id = 20
14:45:43 idah001 Ida-Caroline Ahnström UPDATING data to tables `time2vie_cirruscommon`.`secondary_login` fields ( error ) values (0) on conditions username = idah001 AND company_id = 20
14:45:43 idah001 Ida-Caroline Ahnström INSERTING data into tables `log_login` fields ( username, ip, browser ) values ( idah001, 94.234.43.221, Time2View/1 CFNetwork/897.15 Darwin/17.5.0 ) => {inserted_id = 5506}
14:45:43 idah001 Ida-Caroline Ahnström DELETE data from tables `temp_session` on conditions username LIKE idah001
14:45:43 idah001 Ida-Caroline Ahnström UPDATING data to tables `time2vie_cirruscommon`.`login` fields ( login, last_time ) values (1, 2019-11-13 14:45:43) on conditions username = idah001
14:45:43 idah001 Ida-Caroline Ahnström UPDATING data to tables `time2vie_cirruscommon`.`secondary_login` fields ( last_login_time ) values (2019-11-13 14:45:43) on conditions username = idah001 AND company_id = 20
14:47:20 gaan001 Gabriel Andersson UPDATING data to tables `time2vie_cirruscommon`.`secondary_login` fields ( error ) values (0) on conditions username = gaan001 AND company_id = 20
14:47:20 gaan001 Gabriel Andersson INSERTING data into tables `log_login` fields ( username, ip, browser ) values ( gaan001, 217.73.108.115, CirrusM/3 CFNetwork/1107.1 Darwin/19.0.0 ) => {inserted_id = 5507}
14:47:20 gaan001 Gabriel Andersson DELETE data from tables `temp_session` on conditions username LIKE gaan001
14:47:20 gaan001 Gabriel Andersson UPDATING data to tables `time2vie_cirruscommon`.`login` fields ( login, last_time ) values (1, 2019-11-13 14:47:20) on conditions username = gaan001
14:47:20 gaan001 Gabriel Andersson UPDATING data to tables `time2vie_cirruscommon`.`secondary_login` fields ( last_login_time ) values (2019-11-13 14:47:20) on conditions username = gaan001 AND company_id = 20
14:47:20 gaan001 Gabriel Andersson UPDATING data to tables `time2vie_cirruscommon`.`push_notify_tokens` fields ( user_id, updated_date, error ) values (gaan001, 2019-11-13 14:47:20, 0) on conditions fcm_token = e51KWK9giv8:APA91bGHMno1HPtH6vgtvvNaxonNc-Bkvswgm2aT4OLq90CDlFw9H2dIl7Li18JiNkP-7pUOuc6Xu8RcoS51Ilqi8H-pAIQ3wxAPozVZ-o4Xh8AcIjJdCzDdKjcmheiVAB_gYeBo2P0d AND device_id = 2639B8CA-61CF-4C5F-AF35-FA532A697892 #Mobile-App: Log-id=5507
15:04:41 anwa006 Andréas Wallin UPDATING data to tables `time2vie_cirruscommon`.`secondary_login` fields ( error ) values (0) on conditions username = anwa006 AND company_id = 20
15:04:41 anwa006 Andréas Wallin INSERTING data into tables `log_login` fields ( username, ip, browser ) values ( anwa006, 94.191.136.120, okhttp/3.9.1 ) => {inserted_id = 5508}
15:04:41 anwa006 Andréas Wallin DELETE data from tables `temp_session` on conditions username LIKE anwa006
15:04:41 anwa006 Andréas Wallin UPDATING data to tables `time2vie_cirruscommon`.`login` fields ( login, last_time ) values (1, 2019-11-13 15:04:41) on conditions username = anwa006
15:04:41 anwa006 Andréas Wallin UPDATING data to tables `time2vie_cirruscommon`.`secondary_login` fields ( last_login_time ) values (2019-11-13 15:04:41) on conditions username = anwa006 AND company_id = 20
15:58:11 peka002 Petronella Karlsson UPDATING data to tables `time2vie_cirruscommon`.`secondary_login` fields ( error ) values (0) on conditions username = peka002 AND company_id = 20
15:58:11 peka002 Petronella Karlsson INSERTING data into tables `log_login` fields ( username, ip, browser ) values ( peka002, 94.234.45.79, Time2View/1 CFNetwork/1107.1 Darwin/19.0.0 ) => {inserted_id = 5509}
15:58:11 peka002 Petronella Karlsson DELETE data from tables `temp_session` on conditions username LIKE peka002
15:58:11 peka002 Petronella Karlsson UPDATING data to tables `time2vie_cirruscommon`.`login` fields ( login, last_time ) values (1, 2019-11-13 15:58:11) on conditions username = peka002
15:58:11 peka002 Petronella Karlsson UPDATING data to tables `time2vie_cirruscommon`.`secondary_login` fields ( last_login_time ) values (2019-11-13 15:58:11) on conditions username = peka002 AND company_id = 20
16:09:17 time002 Tina Mellgren UPDATING data to tables `time2vie_cirruscommon`.`secondary_login` fields ( error ) values (0) on conditions username = time002 AND company_id = 20
16:09:17 time002 Tina Mellgren INSERTING data into tables `log_login` fields ( username, ip, browser ) values ( time002, 88.129.149.88, Time2View/1 CFNetwork/978.0.7 Darwin/18.7.0 ) => {inserted_id = 5510}
16:09:17 time002 Tina Mellgren DELETE data from tables `temp_session` on conditions username LIKE time002
16:09:17 time002 Tina Mellgren UPDATING data to tables `time2vie_cirruscommon`.`login` fields ( login, last_time ) values (1, 2019-11-13 16:09:17) on conditions username = time002
16:09:17 time002 Tina Mellgren UPDATING data to tables `time2vie_cirruscommon`.`secondary_login` fields ( last_login_time ) values (2019-11-13 16:09:17) on conditions username = time002 AND company_id = 20
16:44:07 peka002 Petronella Karlsson UPDATING data to tables `time2vie_cirruscommon`.`secondary_login` fields ( error ) values (0) on conditions username = peka002 AND company_id = 20
16:44:07 peka002 Petronella Karlsson INSERTING data into tables `log_login` fields ( username, ip, browser ) values ( peka002, 94.234.45.79, Time2View/1 CFNetwork/1107.1 Darwin/19.0.0 ) => {inserted_id = 5511}
16:44:07 peka002 Petronella Karlsson DELETE data from tables `temp_session` on conditions username LIKE peka002
16:44:07 peka002 Petronella Karlsson UPDATING data to tables `time2vie_cirruscommon`.`login` fields ( login, last_time ) values (1, 2019-11-13 16:44:07) on conditions username = peka002
16:44:07 peka002 Petronella Karlsson UPDATING data to tables `time2vie_cirruscommon`.`secondary_login` fields ( last_login_time ) values (2019-11-13 16:44:07) on conditions username = peka002 AND company_id = 20
16:57:51 biwa003 Birgitta Wåhlander UPDATING data to tables `time2vie_cirruscommon`.`secondary_login` fields ( error ) values (0) on conditions username = biwa003 AND company_id = 20
16:57:51 biwa003 Birgitta Wåhlander INSERTING data into tables `log_login` fields ( username, ip, browser ) values ( biwa003, 185.27.165.66, Time2View/1 CFNetwork/1107.1 Darwin/19.0.0 ) => {inserted_id = 5512}
16:57:51 biwa003 Birgitta Wåhlander DELETE data from tables `temp_session` on conditions username LIKE biwa003
16:57:51 biwa003 Birgitta Wåhlander UPDATING data to tables `time2vie_cirruscommon`.`login` fields ( login, last_time ) values (1, 2019-11-13 16:57:51) on conditions username = biwa003
16:57:51 biwa003 Birgitta Wåhlander UPDATING data to tables `time2vie_cirruscommon`.`secondary_login` fields ( last_login_time ) values (2019-11-13 16:57:51) on conditions username = biwa003 AND company_id = 20
16:58:20 biwa003 Birgitta Wåhlander INSERTING data into tables `log_login` fields ( username, ip, browser ) values ( biwa003, 185.27.165.66, Mozilla/5.0 (iPad; CPU OS 13_1 like Mac OS X) AppleWebKit/605.1.15 (KHTML, like Gecko) CriOS/78.0.3904.84 Mobile/15E148 Safari/604.1 ) => {inserted_id = 5513}
16:58:20 biwa003 Birgitta Wåhlander DELETE data from tables `temp_session` on conditions username LIKE biwa003
16:58:20 biwa003 Birgitta Wåhlander UPDATING data to tables `time2vie_cirruscommon`.`login` fields ( login, last_time ) values (1, 2019-11-13 16:58:20) on conditions username = biwa003
16:58:20 biwa003 Birgitta Wåhlander UPDATING data to tables `time2vie_cirruscommon`.`secondary_login` fields ( last_login_time ) values (2019-11-13 16:58:20) on conditions username = biwa003 AND company_id = 20
16:58:21 biwa003 Birgitta Wåhlander UPDATING data to tables `time2vie_cirruscommon`.`ws_sessions` fields ( user_id ) values (biwa003) on conditions session_id = 815fbcc7f0cbcd8b2b4e00ca55d927b6
17:10:13 mato007 Mattias Torbiörnson UPDATING data to tables `time2vie_cirruscommon`.`secondary_login` fields ( error ) values (0) on conditions username = mato007 AND company_id = 20
17:10:13 mato007 Mattias Torbiörnson INSERTING data into tables `log_login` fields ( username, ip, browser ) values ( mato007, 94.234.53.99, CirrusM/3 CFNetwork/1120 Darwin/19.0.0 ) => {inserted_id = 5514}
17:10:13 mato007 Mattias Torbiörnson DELETE data from tables `temp_session` on conditions username LIKE mato007
17:10:13 mato007 Mattias Torbiörnson UPDATING data to tables `time2vie_cirruscommon`.`login` fields ( login, last_time ) values (1, 2019-11-13 17:10:13) on conditions username = mato007
17:10:13 mato007 Mattias Torbiörnson UPDATING data to tables `time2vie_cirruscommon`.`secondary_login` fields ( last_login_time ) values (2019-11-13 17:10:13) on conditions username = mato007 AND company_id = 20
17:10:14 mato007 Mattias Torbiörnson UPDATING data to tables `time2vie_cirruscommon`.`push_notify_tokens` fields ( user_id, updated_date, error ) values (mato007, 2019-11-13 17:10:14, 0) on conditions fcm_token = esZGU5oCp54:APA91bFYmkJCWfoBt0Bq_Sy1K93zeiGaWi005hwxA32ajwHpeXt8EsUbhHBXMHV639X1CaFcrYk8bzdi1NZ_JgL2baFFodhmsvqdYlnKZ5bsvW2YwE8I88hucjrjJHI5muJzDgg6nebo AND device_id = BA2992D7-6D60-4D23-A325-582B7301B6CE #Mobile-App: Log-id=5514
18:11:58 cagu001 Carina Gustafsson UPDATING data to tables `time2vie_cirruscommon`.`secondary_login` fields ( error ) values (0) on conditions username = cagu001 AND company_id = 20
18:11:58 cagu001 Carina Gustafsson INSERTING data into tables `log_login` fields ( username, ip, browser ) values ( cagu001, 176.10.245.4, okhttp/3.9.1 ) => {inserted_id = 5515}
18:11:58 cagu001 Carina Gustafsson DELETE data from tables `temp_session` on conditions username LIKE cagu001
18:11:58 cagu001 Carina Gustafsson UPDATING data to tables `time2vie_cirruscommon`.`login` fields ( login, last_time ) values (1, 2019-11-13 18:11:58) on conditions username = cagu001
18:11:58 cagu001 Carina Gustafsson UPDATING data to tables `time2vie_cirruscommon`.`secondary_login` fields ( last_login_time ) values (2019-11-13 18:11:58) on conditions username = cagu001 AND company_id = 20
18:48:27 mowa002 Monica Walfridsson INSERTING data into tables `log_login` fields ( username, ip, browser ) values ( mowa002, 81.170.178.25, Mozilla/5.0 (Windows NT 10.0; Win64; x64) AppleWebKit/537.36 (KHTML, like Gecko) Chrome/70.0.3538.102 Safari/537.36 Edge/18.18362 ) => {inserted_id = 5516}
18:48:27 mowa002 Monica Walfridsson DELETE data from tables `temp_session` on conditions username LIKE mowa002
18:48:27 mowa002 Monica Walfridsson UPDATING data to tables `time2vie_cirruscommon`.`login` fields ( login, last_time ) values (1, 2019-11-13 18:48:27) on conditions username = mowa002
18:48:27 mowa002 Monica Walfridsson UPDATING data to tables `time2vie_cirruscommon`.`secondary_login` fields ( last_login_time ) values (2019-11-13 18:48:27) on conditions username = mowa002 AND company_id = 20
18:48:27 mowa002 Monica Walfridsson UPDATING data to tables `time2vie_cirruscommon`.`ws_sessions` fields ( user_id ) values (mowa002) on conditions session_id = 740e156f2ac8f243b1c2f2e695637c4d
18:48:40 mowa002 Monica Walfridsson UPDATING data to tables `time2vie_cirruscommon`.`ws_sessions` fields ( user_id ) values (mowa002) on conditions session_id = 740e156f2ac8f243b1c2f2e695637c4d
18:48:53 mowa002 Monica Walfridsson UPDATING data to tables `time2vie_cirruscommon`.`ws_sessions` fields ( user_id ) values (mowa002) on conditions session_id = 740e156f2ac8f243b1c2f2e695637c4d
18:49:02 mowa002 Monica Walfridsson UPDATING data to tables `time2vie_cirruscommon`.`ws_sessions` fields ( user_id ) values (mowa002) on conditions session_id = 740e156f2ac8f243b1c2f2e695637c4d
18:49:07 mowa002 Monica Walfridsson UPDATING data to tables `time2vie_cirruscommon`.`ws_sessions` fields ( user_id ) values (mowa002) on conditions session_id = 740e156f2ac8f243b1c2f2e695637c4d
18:49:21 mowa002 Monica Walfridsson UPDATING data to tables `time2vie_cirruscommon`.`ws_sessions` fields ( user_id ) values (mowa002) on conditions session_id = 740e156f2ac8f243b1c2f2e695637c4d
18:54:52 peka002 Petronella Karlsson UPDATING data to tables `time2vie_cirruscommon`.`secondary_login` fields ( error ) values (0) on conditions username = peka002 AND company_id = 20
18:54:52 peka002 Petronella Karlsson INSERTING data into tables `log_login` fields ( username, ip, browser ) values ( peka002, 94.234.45.79, Time2View/1 CFNetwork/1107.1 Darwin/19.0.0 ) => {inserted_id = 5517}
18:54:52 peka002 Petronella Karlsson DELETE data from tables `temp_session` on conditions username LIKE peka002
18:54:52 peka002 Petronella Karlsson UPDATING data to tables `time2vie_cirruscommon`.`login` fields ( login, last_time ) values (1, 2019-11-13 18:54:52) on conditions username = peka002
18:54:52 peka002 Petronella Karlsson UPDATING data to tables `time2vie_cirruscommon`.`secondary_login` fields ( last_login_time ) values (2019-11-13 18:54:52) on conditions username = peka002 AND company_id = 20
18:57:47 mowa002 Monica Walfridsson UPDATING data to tables `timetable` fields ( customer, employee, date, time_from, time_to, fkkn, type, status, comment ) values (stde001, jegr002, 2019-11-22, 8.00, 17.00, 1, 0, 1, ) on conditions id = 5002
18:59:08 mowa002 Monica Walfridsson UPDATING data to tables `timetable` fields ( status ) values (2) on conditions id = 5002
18:59:08 mowa002 Monica Walfridsson INSERTING data into tables `timetable` fields ( customer, date, time_from, time_to, type, fkkn, comment, alloc_emp, relation_id, status ) values ( stde001, 2019-11-22, 8.00, 17.00, 0, 1, , mowa002, 5002, 0 ) => {inserted_id = 9927}
18:59:08 mowa002 Monica Walfridsson INSERTING data into tables `leave` fields ( group_id, employee, date, time_from, time_to, type, comment, appr_emp, status, no_pay ) values ( 466, jegr002, 2019-11-22, 8, 17, 7, , mowa002, 1, 1 ) => {inserted_id = 819}
18:59:34 mowa002 Monica Walfridsson UPDATING data to tables `timetable` fields ( status, employee, alloc_emp ) values (1, mowa002, mowa002) on conditions id = 9927
19:01:05 mowa002 Monica Walfridsson UPDATING data to tables `time2vie_cirruscommon`.`ws_sessions` fields ( user_id ) values (mowa002) on conditions session_id = 740e156f2ac8f243b1c2f2e695637c4d
19:11:18 mowa002 Monica Walfridsson UPDATING data to tables `time2vie_cirruscommon`.`ws_sessions` fields ( user_id ) values (mowa002) on conditions session_id = 740e156f2ac8f243b1c2f2e695637c4d
19:14:07 mowa002 Monica Walfridsson DELETE data from tables `temp_session` on conditions username LIKE mowa002
19:14:07 mowa002 Monica Walfridsson UPDATING data to tables `time2vie_cirruscommon`.`login` fields ( login, last_time ) values (0, 2019-11-13 19:14:07) on conditions username = mowa002
19:14:07 mowa002 Monica Walfridsson UPDATING data to tables `time2vie_cirruscommon`.`secondary_login` fields ( last_login_time ) values (2019-11-13 19:14:07) on conditions username = mowa002 AND company_id = 20
19:14:07   UPDATING data to tables `log_login` fields ( logout_time ) values (2019-11-13:18:14:07) on conditions id = 5516 AND username = mowa002
20:22:07 anka019 Anna Kawalya Westerberg INSERTING data into tables `log_login` fields ( username, ip, browser ) values ( anka019, 81.228.189.173, Mozilla/5.0 (iPhone; CPU iPhone OS 12_3_2 like Mac OS X) AppleWebKit/605.1.15 (KHTML, like Gecko) Version/12.1.1 Mobile/15E148 Safari/604.1 ) => {inserted_id = 5518}
20:22:07 anka019 Anna Kawalya Westerberg DELETE data from tables `temp_session` on conditions username LIKE anka019
20:22:07 anka019 Anna Kawalya Westerberg UPDATING data to tables `time2vie_cirruscommon`.`login` fields ( login, last_time ) values (1, 2019-11-13 20:22:07) on conditions username = anka019
20:22:07 anka019 Anna Kawalya Westerberg UPDATING data to tables `time2vie_cirruscommon`.`secondary_login` fields ( last_login_time ) values (2019-11-13 20:22:07) on conditions username = anka019 AND company_id = 20
20:22:08 anka019 Anna Kawalya Westerberg UPDATING data to tables `time2vie_cirruscommon`.`ws_sessions` fields ( user_id ) values (anka019) on conditions session_id = 9f742a849eec7692d1436081c4b0d932
20:34:51 joan004 John Andersen UPDATING data to tables `time2vie_cirruscommon`.`secondary_login` fields ( error ) values (0) on conditions username = joan004 AND company_id = 20
20:34:51 joan004 John Andersen INSERTING data into tables `log_login` fields ( username, ip, browser ) values ( joan004, 94.103.201.88, Time2View/1 CFNetwork/902.2 Darwin/17.7.0 ) => {inserted_id = 5519}
20:34:51 joan004 John Andersen DELETE data from tables `temp_session` on conditions username LIKE joan004
20:34:51 joan004 John Andersen UPDATING data to tables `time2vie_cirruscommon`.`login` fields ( login, last_time ) values (1, 2019-11-13 20:34:51) on conditions username = joan004
20:34:51 joan004 John Andersen UPDATING data to tables `time2vie_cirruscommon`.`secondary_login` fields ( last_login_time ) values (2019-11-13 20:34:51) on conditions username = joan004 AND company_id = 20
20:43:00 asgr002 Åsa Grimberg UPDATING data to tables `time2vie_cirruscommon`.`secondary_login` fields ( error ) values (0) on conditions username = asgr002 AND company_id = 20
20:43:00 asgr002 Åsa Grimberg INSERTING data into tables `log_login` fields ( username, ip, browser ) values ( asgr002, 78.70.128.102, Time2View/1 CFNetwork/1107.1 Darwin/19.0.0 ) => {inserted_id = 5520}
20:43:00 asgr002 Åsa Grimberg DELETE data from tables `temp_session` on conditions username LIKE asgr002
20:43:00 asgr002 Åsa Grimberg UPDATING data to tables `time2vie_cirruscommon`.`login` fields ( login, last_time ) values (1, 2019-11-13 20:43:00) on conditions username = asgr002
20:43:00 asgr002 Åsa Grimberg UPDATING data to tables `time2vie_cirruscommon`.`secondary_login` fields ( last_login_time ) values (2019-11-13 20:43:00) on conditions username = asgr002 AND company_id = 20
20:51:19 time002 Tina Mellgren UPDATING data to tables `time2vie_cirruscommon`.`secondary_login` fields ( error ) values (0) on conditions username = time002 AND company_id = 20
20:51:19 time002 Tina Mellgren INSERTING data into tables `log_login` fields ( username, ip, browser ) values ( time002, 88.129.149.88, Time2View/1 CFNetwork/978.0.7 Darwin/18.7.0 ) => {inserted_id = 5521}
20:51:19 time002 Tina Mellgren DELETE data from tables `temp_session` on conditions username LIKE time002
20:51:19 time002 Tina Mellgren UPDATING data to tables `time2vie_cirruscommon`.`login` fields ( login, last_time ) values (1, 2019-11-13 20:51:19) on conditions username = time002
20:51:19 time002 Tina Mellgren UPDATING data to tables `time2vie_cirruscommon`.`secondary_login` fields ( last_login_time ) values (2019-11-13 20:51:19) on conditions username = time002 AND company_id = 20
20:55:06 hejo003 Helen Jörnås UPDATING data to tables `time2vie_cirruscommon`.`secondary_login` fields ( error ) values (0) on conditions username = hejo003 AND company_id = 20
20:55:06 hejo003 Helen Jörnås INSERTING data into tables `log_login` fields ( username, ip, browser ) values ( hejo003, 90.224.82.244, okhttp/3.9.1 ) => {inserted_id = 5522}
20:55:06 hejo003 Helen Jörnås DELETE data from tables `temp_session` on conditions username LIKE hejo003
20:55:06 hejo003 Helen Jörnås UPDATING data to tables `time2vie_cirruscommon`.`login` fields ( login, last_time ) values (1, 2019-11-13 20:55:06) on conditions username = hejo003
20:55:06 hejo003 Helen Jörnås UPDATING data to tables `time2vie_cirruscommon`.`secondary_login` fields ( last_login_time ) values (2019-11-13 20:55:06) on conditions username = hejo003 AND company_id = 20
21:32:37 hejo003 Helen Jörnås UPDATING data to tables `time2vie_cirruscommon`.`secondary_login` fields ( error ) values (0) on conditions username = hejo003 AND company_id = 20
21:32:37 hejo003 Helen Jörnås INSERTING data into tables `log_login` fields ( username, ip, browser ) values ( hejo003, 90.224.82.244, okhttp/3.9.1 ) => {inserted_id = 5523}
21:32:37 hejo003 Helen Jörnås DELETE data from tables `temp_session` on conditions username LIKE hejo003
21:32:37 hejo003 Helen Jörnås UPDATING data to tables `time2vie_cirruscommon`.`login` fields ( login, last_time ) values (1, 2019-11-13 21:32:37) on conditions username = hejo003
21:32:37 hejo003 Helen Jörnås UPDATING data to tables `time2vie_cirruscommon`.`secondary_login` fields ( last_login_time ) values (2019-11-13 21:32:37) on conditions username = hejo003 AND company_id = 20
22:11:41 anka020 Annika Karlsson UPDATING data to tables `time2vie_cirruscommon`.`secondary_login` fields ( error ) values (0) on conditions username = anka020 AND company_id = 20
22:11:41 anka020 Annika Karlsson INSERTING data into tables `log_login` fields ( username, ip, browser ) values ( anka020, 77.218.55.142, okhttp/3.9.1 ) => {inserted_id = 5524}
22:11:41 anka020 Annika Karlsson DELETE data from tables `temp_session` on conditions username LIKE anka020
22:11:41 anka020 Annika Karlsson UPDATING data to tables `time2vie_cirruscommon`.`login` fields ( login, last_time ) values (1, 2019-11-13 22:11:41) on conditions username = anka020
22:11:41 anka020 Annika Karlsson UPDATING data to tables `time2vie_cirruscommon`.`secondary_login` fields ( last_login_time ) values (2019-11-13 22:11:41) on conditions username = anka020 AND company_id = 20
22:22:45 biwa003 Birgitta Wåhlander INSERTING data into tables `log_login` fields ( username, ip, browser ) values ( biwa003, 185.27.165.66, Mozilla/5.0 (iPad; CPU OS 10_3_4 like Mac OS X) AppleWebKit/603.1.30 (KHTML, like Gecko) CriOS/71.0.3578.89 Mobile/14G61 Safari/602.1 ) => {inserted_id = 5525}
22:22:45 biwa003 Birgitta Wåhlander DELETE data from tables `temp_session` on conditions username LIKE biwa003
22:22:45 biwa003 Birgitta Wåhlander UPDATING data to tables `time2vie_cirruscommon`.`login` fields ( login, last_time ) values (1, 2019-11-13 22:22:45) on conditions username = biwa003
22:22:45 biwa003 Birgitta Wåhlander UPDATING data to tables `time2vie_cirruscommon`.`secondary_login` fields ( last_login_time ) values (2019-11-13 22:22:45) on conditions username = biwa003 AND company_id = 20
22:22:45 biwa003 Birgitta Wåhlander UPDATING data to tables `time2vie_cirruscommon`.`ws_sessions` fields ( user_id ) values (biwa003) on conditions session_id = 77a316a78c5ccb1e983e0f3ed6ef9bdf
22:29:27 frem001 Frida Emilsson UPDATING data to tables `time2vie_cirruscommon`.`secondary_login` fields ( error ) values (0) on conditions username = frem001 AND company_id = 20
22:29:27 frem001 Frida Emilsson INSERTING data into tables `log_login` fields ( username, ip, browser ) values ( frem001, 94.103.196.8, CirrusM/3 CFNetwork/1107.1 Darwin/19.0.0 ) => {inserted_id = 5526}
22:29:27 frem001 Frida Emilsson DELETE data from tables `temp_session` on conditions username LIKE frem001
22:29:27 frem001 Frida Emilsson UPDATING data to tables `time2vie_cirruscommon`.`login` fields ( login, last_time ) values (1, 2019-11-13 22:29:27) on conditions username = frem001
22:29:27 frem001 Frida Emilsson UPDATING data to tables `time2vie_cirruscommon`.`secondary_login` fields ( last_login_time ) values (2019-11-13 22:29:27) on conditions username = frem001 AND company_id = 20
22:29:28 frem001 Frida Emilsson UPDATING data to tables `time2vie_cirruscommon`.`push_notify_tokens` fields ( user_id, updated_date, error ) values (frem001, 2019-11-13 22:29:28, 0) on conditions fcm_token = dx9Hu4FBShE:APA91bEty1AtfUjPaJ0yVArj2C4QMRV-HTI67BZPCkmx48gpORsS1tmQ-sBS34sLVQ4CIams9tU3_OB37F6VUCzmGt79MUwTij6mLkGj4iKEcDq_ntX68Qmg1kD_Fz9EEvCozstSLuhA AND device_id = 164CEF96-3F11-48F4-862F-FE7164D68C25 #Mobile-App: Log-id=5526
