07:50:41 vigu002 Victoria Gunnarsson UPDATING data to tables `time2vie_cirruscommon`.`secondary_login` fields ( error ) values (0) on conditions username = vigu002 AND company_id = 20
07:50:41 vigu002 Victoria Gunnarsson INSERTING data into tables `log_login` fields ( username, ip, browser ) values ( vigu002, 90.226.107.109, CirrusM/3 CFNetwork/978.0.7 Darwin/18.6.0 ) => {inserted_id = 2057}
07:50:41 vigu002 Victoria Gunnarsson DELETE data from tables `temp_session` on conditions username LIKE vigu002
07:50:41 vigu002 Victoria Gunnarsson UPDATING data to tables `time2vie_cirruscommon`.`login` fields ( login, last_time ) values (1, 2019-07-03 07:50:41) on conditions username = vigu002
07:50:41 vigu002 Victoria Gunnarsson UPDATING data to tables `time2vie_cirruscommon`.`secondary_login` fields ( last_login_time ) values (2019-07-03 07:50:41) on conditions username = vigu002 AND company_id = 20
07:50:42 vigu002 Victoria Gunnarsson UPDATING data to tables `time2vie_cirruscommon`.`push_notify_tokens` fields ( user_id, updated_date, error ) values (vigu002, 2019-07-03 07:50:41, 0) on conditions fcm_token = eNBwEiWThVE:APA91bEio9bXckzbj67NS8oxRTxQqyYs-vQOpklX1wCE1ELngNiIVN13EJ2ws_dMSzy5I4NjhZAQR_fx4j-Xg2KSuIIYY1nfrfP8P-5ClnmqFZiHQALSM75wTvl85mwUf0Sp8F8SnJOU AND device_id = 6C00932F-F54D-4038-9388-9528AFC81632 #Mobile-App: Log-id=2057
08:39:34 anka020 Annika Karlsson UPDATING data to tables `time2vie_cirruscommon`.`secondary_login` fields ( error ) values (0) on conditions username = anka020 AND company_id = 20
08:39:34 anka020 Annika Karlsson INSERTING data into tables `log_login` fields ( username, ip, browser ) values ( anka020, 46.230.213.186, okhttp/3.9.1 ) => {inserted_id = 2058}
08:39:34 anka020 Annika Karlsson DELETE data from tables `temp_session` on conditions username LIKE anka020
08:39:34 anka020 Annika Karlsson UPDATING data to tables `time2vie_cirruscommon`.`login` fields ( login, last_time ) values (1, 2019-07-03 08:39:34) on conditions username = anka020
08:39:34 anka020 Annika Karlsson UPDATING data to tables `time2vie_cirruscommon`.`secondary_login` fields ( last_login_time ) values (2019-07-03 08:39:34) on conditions username = anka020 AND company_id = 20
08:40:29 anka020 Annika Karlsson UPDATING data to tables `timetable` fields ( customer, employee, date, time_from, time_to, fkkn, type, status, comment ) values (tibe002, , 2019-07-23, 8.30, 16.30, 1, 0, 0, kan till jobba till 15.30) on conditions id = 2138 #Mobile-App: Log-id=2058
08:41:33 anka020 Annika Karlsson UPDATING data to tables `timetable` fields ( customer, employee, date, time_from, time_to, fkkn, type, status, comment ) values (tibe002, , 2019-07-26, 8.30, 16.30, 1, 0, 0, kan detta passet o fortsätta till 16.30) on conditions id = 2142 #Mobile-App: Log-id=2058
10:21:04 anka020 Annika Karlsson UPDATING data to tables `time2vie_cirruscommon`.`secondary_login` fields ( error ) values (0) on conditions username = anka020 AND company_id = 20
10:21:04 anka020 Annika Karlsson INSERTING data into tables `log_login` fields ( username, ip, browser ) values ( anka020, 46.230.213.186, okhttp/3.9.1 ) => {inserted_id = 2059}
10:21:04 anka020 Annika Karlsson DELETE data from tables `temp_session` on conditions username LIKE anka020
10:21:04 anka020 Annika Karlsson UPDATING data to tables `time2vie_cirruscommon`.`login` fields ( login, last_time ) values (1, 2019-07-03 10:21:04) on conditions username = anka020
10:21:04 anka020 Annika Karlsson UPDATING data to tables `time2vie_cirruscommon`.`secondary_login` fields ( last_login_time ) values (2019-07-03 10:21:04) on conditions username = anka020 AND company_id = 20
12:26:06 cagu001 Carina Gustafsson INSERTING data into tables `log_login` fields ( username, ip, browser ) values ( cagu001, 176.10.245.4, Mozilla/5.0 (Windows NT 6.1) AppleWebKit/537.36 (KHTML, like Gecko) Chrome/75.0.3770.100 Safari/537.36 ) => {inserted_id = 2060}
12:26:06 cagu001 Carina Gustafsson DELETE data from tables `temp_session` on conditions username LIKE cagu001
12:26:06 cagu001 Carina Gustafsson UPDATING data to tables `time2vie_cirruscommon`.`login` fields ( login, last_time ) values (1, 2019-07-03 12:26:06) on conditions username = cagu001
12:26:06 cagu001 Carina Gustafsson UPDATING data to tables `time2vie_cirruscommon`.`secondary_login` fields ( last_login_time ) values (2019-07-03 12:26:06) on conditions username = cagu001 AND company_id = 20
12:26:07 cagu001 Carina Gustafsson UPDATING data to tables `time2vie_cirruscommon`.`ws_sessions` fields ( user_id ) values (cagu001) on conditions session_id = d9108a3e7f0cda3972792384fc424d6c
12:27:03 cagu001 Carina Gustafsson UPDATING data to tables `timetable` fields ( customer, employee, date, time_from, time_to, fkkn, type, status, comment ) values (mygu001, , 2019-07-10, 7.30, 24, 1, 0, 0, Mikaela) on conditions id = 1583
12:27:10 cagu001 Carina Gustafsson UPDATING data to tables `timetable` fields ( customer, employee, date, time_from, time_to, fkkn, type, status, comment ) values (mygu001, , 2019-07-11, 0.00, 6.00, 1, 3, 0, Mikaela) on conditions id = 1584
12:27:16 cagu001 Carina Gustafsson UPDATING data to tables `timetable` fields ( customer, employee, date, time_from, time_to, fkkn, type, status, comment ) values (mygu001, , 2019-07-11, 6.00, 8.30, 1, 0, 0, Mikaela) on conditions id = 1585
12:27:55 cagu001 Carina Gustafsson UPDATING data to tables `timetable` fields ( status, employee, alloc_emp ) values (1, mibr004, cagu001) on conditions id = 1587
12:27:55 cagu001 Carina Gustafsson UPDATING data to tables `timetable` fields ( status, employee, alloc_emp ) values (1, mibr004, cagu001) on conditions id = 1588
12:27:55 cagu001 Carina Gustafsson UPDATING data to tables `timetable` fields ( status, employee, alloc_emp ) values (1, mibr004, cagu001) on conditions id = 1589
12:30:43 cagu001 Carina Gustafsson DELETE data from tables `timetable` on conditions id = 1676
12:30:43 cagu001 Carina Gustafsson DELETE data from tables `timetable` on conditions id = 1677
12:31:50 cagu001 Carina Gustafsson UPDATING data to tables `time2vie_cirruscommon`.`ws_sessions` fields ( user_id ) values (cagu001) on conditions session_id = d9108a3e7f0cda3972792384fc424d6c
12:31:58 cagu001 Carina Gustafsson DELETE data from tables `temp_session` on conditions username LIKE cagu001
12:31:58 cagu001 Carina Gustafsson UPDATING data to tables `time2vie_cirruscommon`.`login` fields ( login, last_time ) values (0, 2019-07-03 12:31:58) on conditions username = cagu001
12:31:58 cagu001 Carina Gustafsson UPDATING data to tables `time2vie_cirruscommon`.`secondary_login` fields ( last_login_time ) values (2019-07-03 12:31:58) on conditions username = cagu001 AND company_id = 20
12:31:58   UPDATING data to tables `log_login` fields ( logout_time ) values (2019-07-03:10:31:58) on conditions id = 2060 AND username = cagu001
12:32:38 gaan001 Gabriel Andersson UPDATING data to tables `time2vie_cirruscommon`.`secondary_login` fields ( error ) values (0) on conditions username = gaan001 AND company_id = 20
12:32:38 gaan001 Gabriel Andersson INSERTING data into tables `log_login` fields ( username, ip, browser ) values ( gaan001, 217.73.108.115, CirrusM/3 CFNetwork/978.0.7 Darwin/18.6.0 ) => {inserted_id = 2061}
12:32:38 gaan001 Gabriel Andersson DELETE data from tables `temp_session` on conditions username LIKE gaan001
12:32:38 gaan001 Gabriel Andersson UPDATING data to tables `time2vie_cirruscommon`.`login` fields ( login, last_time ) values (1, 2019-07-03 12:32:38) on conditions username = gaan001
12:32:38 gaan001 Gabriel Andersson UPDATING data to tables `time2vie_cirruscommon`.`secondary_login` fields ( last_login_time ) values (2019-07-03 12:32:38) on conditions username = gaan001 AND company_id = 20
12:32:39 gaan001 Gabriel Andersson UPDATING data to tables `time2vie_cirruscommon`.`push_notify_tokens` fields ( user_id, updated_date, error ) values (gaan001, 2019-07-03 12:32:39, 0) on conditions fcm_token = e51KWK9giv8:APA91bGHMno1HPtH6vgtvvNaxonNc-Bkvswgm2aT4OLq90CDlFw9H2dIl7Li18JiNkP-7pUOuc6Xu8RcoS51Ilqi8H-pAIQ3wxAPozVZ-o4Xh8AcIjJdCzDdKjcmheiVAB_gYeBo2P0d AND device_id = 2639B8CA-61CF-4C5F-AF35-FA532A697892 #Mobile-App: Log-id=2061
13:05:12 loli005 Lovisa Lian INSERTING data into tables `log_login` fields ( username, ip, browser ) values ( loli005, 84.216.157.63, Mozilla/5.0 (iPhone; CPU iPhone OS 12_3_1 like Mac OS X) AppleWebKit/605.1.15 (KHTML, like Gecko) Version/12.1.1 Mobile/15E148 Safari/604.1 ) => {inserted_id = 2062}
13:05:12 loli005 Lovisa Lian DELETE data from tables `temp_session` on conditions username LIKE loli005
13:05:12 loli005 Lovisa Lian UPDATING data to tables `time2vie_cirruscommon`.`login` fields ( login, last_time ) values (1, 2019-07-03 13:05:12) on conditions username = loli005
13:05:12 loli005 Lovisa Lian UPDATING data to tables `time2vie_cirruscommon`.`secondary_login` fields ( last_login_time ) values (2019-07-03 13:05:12) on conditions username = loli005 AND company_id = 20
13:05:12 loli005 Lovisa Lian UPDATING data to tables `time2vie_cirruscommon`.`ws_sessions` fields ( user_id ) values (loli005) on conditions session_id = dd81b26df565329dedea609030369e05
13:09:00 loli005 Lovisa Lian UPDATING data to tables `time2vie_cirruscommon`.`ws_sessions` fields ( user_id ) values (loli005) on conditions session_id = dd81b26df565329dedea609030369e05
13:09:27 loli005 Lovisa Lian UPDATING data to tables `time2vie_cirruscommon`.`ws_sessions` fields ( user_id ) values (loli005) on conditions session_id = dd81b26df565329dedea609030369e05
13:36:22 elbe006 Elin Berntsson UPDATING data to tables `time2vie_cirruscommon`.`secondary_login` fields ( error ) values (0) on conditions username = elbe006 AND company_id = 20
13:36:23 elbe006 Elin Berntsson INSERTING data into tables `log_login` fields ( username, ip, browser ) values ( elbe006, 185.27.164.39, okhttp/3.9.1 ) => {inserted_id = 2063}
13:36:23 elbe006 Elin Berntsson DELETE data from tables `temp_session` on conditions username LIKE elbe006
13:36:23 elbe006 Elin Berntsson UPDATING data to tables `time2vie_cirruscommon`.`login` fields ( login, last_time ) values (1, 2019-07-03 13:36:23) on conditions username = elbe006
13:36:23 elbe006 Elin Berntsson UPDATING data to tables `time2vie_cirruscommon`.`secondary_login` fields ( last_login_time ) values (2019-07-03 13:36:23) on conditions username = elbe006 AND company_id = 20
13:36:23 elbe006 Elin Berntsson INSERTING data into tables `time2vie_cirruscommon`.`push_notify_tokens` fields ( user_id, fcm_token, device_id, device_details, created_date, error ) values ( elbe006, cGRbVmtzgk0:APA91bE9N3guJcTW43G70bpCQh5mrWzsYCKYJNm561DdoXWnuVWNgudP4fkucYG-hymYcGOENaApYloMDSdJbJAHWbZFrCIjaAUYoVFYoETkYEO3NH4LcO1LO2jL9rqhT54ZM6WbghoL, 38c42a93d5a26d2c, okhttp/3.9.1, 2019-07-03 13:36:23, 0 ) => {inserted_id = 8819} #Mobile-App: Log-id=2063
14:38:02 cagu001 Carina Gustafsson UPDATING data to tables `time2vie_cirruscommon`.`secondary_login` fields ( error ) values (0) on conditions username = cagu001 AND company_id = 20
14:38:02 cagu001 Carina Gustafsson INSERTING data into tables `log_login` fields ( username, ip, browser ) values ( cagu001, 176.10.245.4, okhttp/3.9.1 ) => {inserted_id = 2064}
14:38:02 cagu001 Carina Gustafsson DELETE data from tables `temp_session` on conditions username LIKE cagu001
14:38:02 cagu001 Carina Gustafsson UPDATING data to tables `time2vie_cirruscommon`.`login` fields ( login, last_time ) values (1, 2019-07-03 14:38:02) on conditions username = cagu001
14:38:02 cagu001 Carina Gustafsson UPDATING data to tables `time2vie_cirruscommon`.`secondary_login` fields ( last_login_time ) values (2019-07-03 14:38:02) on conditions username = cagu001 AND company_id = 20
14:39:21 cagu001 Carina Gustafsson UPDATING data to tables `time2vie_cirruscommon`.`secondary_login` fields ( error ) values (0) on conditions username = cagu001 AND company_id = 20 #Mobile-App: Log-id=2064
14:39:21 cagu001 Carina Gustafsson INSERTING data into tables `log_login` fields ( username, ip, browser ) values ( cagu001, 176.10.245.4, okhttp/3.9.1 ) => {inserted_id = 2065} #Mobile-App: Log-id=2064
14:39:21 cagu001 Carina Gustafsson DELETE data from tables `temp_session` on conditions username LIKE cagu001 #Mobile-App: Log-id=2065
14:39:21 cagu001 Carina Gustafsson UPDATING data to tables `time2vie_cirruscommon`.`login` fields ( login, last_time ) values (1, 2019-07-03 14:39:21) on conditions username = cagu001 #Mobile-App: Log-id=2065
14:39:21 cagu001 Carina Gustafsson UPDATING data to tables `time2vie_cirruscommon`.`secondary_login` fields ( last_login_time ) values (2019-07-03 14:39:21) on conditions username = cagu001 AND company_id = 20 #Mobile-App: Log-id=2065
14:39:21 cagu001 Carina Gustafsson INSERTING data into tables `time2vie_cirruscommon`.`push_notify_tokens` fields ( user_id, fcm_token, device_id, device_details, created_date, error ) values ( cagu001, e1zPJq_JoFU:APA91bG1jutl3hOLUADWaDg2uh7T3xSzoI1Z5FvMeT3i5pfNMq12AgL4Rfrd3bx-lbws94_wJm79VYk7ej73Gf_Guvyso6t1_FpphWSGGfh1iQc1kNX0C1keFll57WAyHBHWiCYWJ9WW, 2537b1a5a81ed06a, okhttp/3.9.1, 2019-07-03 14:39:21, 0 ) => {inserted_id = 8828} #Mobile-App: Log-id=2065
15:15:34 lawa002 Lars Wåhlander UPDATING data to tables `time2vie_cirruscommon`.`secondary_login` fields ( error ) values (0) on conditions username = lawa002 AND company_id = 20
15:15:34 lawa002 Lars Wåhlander INSERTING data into tables `log_login` fields ( username, ip, browser ) values ( lawa002, 94.103.194.75, CirrusM/3 CFNetwork/978.0.7 Darwin/18.6.0 ) => {inserted_id = 2066}
15:15:34 lawa002 Lars Wåhlander DELETE data from tables `temp_session` on conditions username LIKE lawa002
15:15:34 lawa002 Lars Wåhlander UPDATING data to tables `time2vie_cirruscommon`.`login` fields ( login, last_time ) values (1, 2019-07-03 15:15:34) on conditions username = lawa002
15:15:34 lawa002 Lars Wåhlander UPDATING data to tables `time2vie_cirruscommon`.`secondary_login` fields ( last_login_time ) values (2019-07-03 15:15:34) on conditions username = lawa002 AND company_id = 20
15:15:34 lawa002 Lars Wåhlander UPDATING data to tables `time2vie_cirruscommon`.`push_notify_tokens` fields ( user_id, updated_date, error ) values (lawa002, 2019-07-03 15:15:34, 0) on conditions fcm_token = cMciIkjQto0:APA91bE0mFZ9syRxH0H9Tas6txAz8lAcS2UctPGAxnIgY9LtE7s84sR9AjeT4hfrg-T41cA5N9Vo80yzXQc6B3Sr8cQB2jG1MDlaqJfkkBpynoROrUKZYwhJ8o1nJ4O2lBKe197NqBpq AND device_id = A683A1BD-8A9A-4458-A762-1F517F9312EA #Mobile-App: Log-id=2066
15:15:50 biwa003 Birgitta Wåhlander INSERTING data into tables `log_login` fields ( username, ip, browser ) values ( biwa003, 94.103.194.75, Mozilla/5.0 (iPad; CPU OS 10_3_3 like Mac OS X) AppleWebKit/603.1.30 (KHTML, like Gecko) CriOS/71.0.3578.89 Mobile/14G60 Safari/602.1 ) => {inserted_id = 2067}
15:15:50 biwa003 Birgitta Wåhlander DELETE data from tables `temp_session` on conditions username LIKE biwa003
15:15:50 biwa003 Birgitta Wåhlander UPDATING data to tables `time2vie_cirruscommon`.`login` fields ( login, last_time ) values (1, 2019-07-03 15:15:50) on conditions username = biwa003
15:15:50 biwa003 Birgitta Wåhlander UPDATING data to tables `time2vie_cirruscommon`.`secondary_login` fields ( last_login_time ) values (2019-07-03 15:15:50) on conditions username = biwa003 AND company_id = 20
15:15:50 biwa003 Birgitta Wåhlander UPDATING data to tables `time2vie_cirruscommon`.`ws_sessions` fields ( user_id ) values (biwa003) on conditions session_id = 8c590b91a4dbe0369a8079be898a2c4f
16:43:45 hejo003 Helen Jörnås UPDATING data to tables `time2vie_cirruscommon`.`secondary_login` fields ( error ) values (0) on conditions username = hejo003 AND company_id = 20
16:43:45 hejo003 Helen Jörnås INSERTING data into tables `log_login` fields ( username, ip, browser ) values ( hejo003, 90.224.82.244, okhttp/3.9.1 ) => {inserted_id = 2068}
16:43:45 hejo003 Helen Jörnås DELETE data from tables `temp_session` on conditions username LIKE hejo003
16:43:45 hejo003 Helen Jörnås UPDATING data to tables `time2vie_cirruscommon`.`login` fields ( login, last_time ) values (1, 2019-07-03 16:43:45) on conditions username = hejo003
16:43:45 hejo003 Helen Jörnås UPDATING data to tables `time2vie_cirruscommon`.`secondary_login` fields ( last_login_time ) values (2019-07-03 16:43:45) on conditions username = hejo003 AND company_id = 20
17:27:08 mibr004 Mikaela Braun INSERTING data into tables `log_login` fields ( username, ip, browser ) values ( mibr004, 155.4.220.147, Mozilla/5.0 (iPhone; CPU iPhone OS 12_3_1 like Mac OS X) AppleWebKit/605.1.15 (KHTML, like Gecko) Version/12.1.1 Mobile/15E148 Safari/604.1 ) => {inserted_id = 2069}
17:27:08 mibr004 Mikaela Braun DELETE data from tables `temp_session` on conditions username LIKE mibr004
17:27:08 mibr004 Mikaela Braun UPDATING data to tables `time2vie_cirruscommon`.`login` fields ( login, last_time ) values (1, 2019-07-03 17:27:08) on conditions username = mibr004
17:27:08 mibr004 Mikaela Braun UPDATING data to tables `time2vie_cirruscommon`.`secondary_login` fields ( last_login_time ) values (2019-07-03 17:27:08) on conditions username = mibr004 AND company_id = 20
17:27:09 mibr004 Mikaela Braun UPDATING data to tables `time2vie_cirruscommon`.`ws_sessions` fields ( user_id ) values (mibr004) on conditions session_id = 14ba3f2dc1d4502d09534b16e0e09c0e
17:31:14 idah001 Ida-Caroline Ahnström INSERTING data into tables `log_login` fields ( username, ip, browser ) values ( idah001, 94.234.47.21, Mozilla/5.0 (iPhone; CPU iPhone OS 11_3 like Mac OS X) AppleWebKit/605.1.15 (KHTML, like Gecko) Version/11.0 Mobile/15E148 Safari/604.1 ) => {inserted_id = 2070}
17:31:14 idah001 Ida-Caroline Ahnström DELETE data from tables `temp_session` on conditions username LIKE idah001
17:31:14 idah001 Ida-Caroline Ahnström UPDATING data to tables `time2vie_cirruscommon`.`login` fields ( login, last_time ) values (1, 2019-07-03 17:31:14) on conditions username = idah001
17:31:14 idah001 Ida-Caroline Ahnström UPDATING data to tables `time2vie_cirruscommon`.`secondary_login` fields ( last_login_time ) values (2019-07-03 17:31:14) on conditions username = idah001 AND company_id = 20
17:31:15 idah001 Ida-Caroline Ahnström UPDATING data to tables `time2vie_cirruscommon`.`ws_sessions` fields ( user_id ) values (idah001) on conditions session_id = 9ef2c80de9ecd3f0b8db4c01fe275499
17:53:19 biwa003 Birgitta Wåhlander INSERTING data into tables `log_login` fields ( username, ip, browser ) values ( biwa003, 185.27.165.66, Mozilla/5.0 (Windows NT 6.1; Win64; x64) AppleWebKit/537.36 (KHTML, like Gecko) Chrome/75.0.3770.100 Safari/537.36 ) => {inserted_id = 2071}
17:53:19 biwa003 Birgitta Wåhlander DELETE data from tables `temp_session` on conditions username LIKE biwa003
17:53:20 biwa003 Birgitta Wåhlander UPDATING data to tables `time2vie_cirruscommon`.`login` fields ( login, last_time ) values (1, 2019-07-03 17:53:19) on conditions username = biwa003
17:53:20 biwa003 Birgitta Wåhlander UPDATING data to tables `time2vie_cirruscommon`.`secondary_login` fields ( last_login_time ) values (2019-07-03 17:53:19) on conditions username = biwa003 AND company_id = 20
17:53:20 biwa003 Birgitta Wåhlander UPDATING data to tables `time2vie_cirruscommon`.`ws_sessions` fields ( user_id ) values (biwa003) on conditions session_id = c56f33922ec648a504e1d012e5e61322
17:53:59 biwa003 Birgitta Wåhlander UPDATING data to tables `timetable` fields ( customer, employee, date, time_from, time_to, fkkn, type, status, comment ) values (chwa001, anka019, 2019-07-03, 16.30, 24, 1, 0, 1, ) on conditions id = 674
17:54:25 biwa003 Birgitta Wåhlander UPDATING data to tables `timetable` fields ( customer, employee, date, time_from, time_to, fkkn, type, status, comment ) values (chwa001, biwa003, 2019-07-03, 7.00, 16.30, 1, 0, 1, ) on conditions id = 673
17:54:44 biwa003 Birgitta Wåhlander UPDATING data to tables `timetable` fields ( customer, employee, date, time_from, time_to, fkkn, type, status, comment ) values (chwa001, biwa003, 2019-07-03, 7.00, 16.45, 1, 0, 1, ) on conditions id = 673
17:55:32 biwa003 Birgitta Wåhlander UPDATING data to tables `timetable` fields ( customer, employee, date, time_from, time_to, fkkn, type, status, comment ) values (chwa001, lawa002, 2019-07-15, 7.00, 18.30, 1, 0, 1, ) on conditions id = 716
17:55:55 biwa003 Birgitta Wåhlander DELETE data from tables `timetable` on conditions id = 2295
17:56:24 biwa003 Birgitta Wåhlander UPDATING data to tables `timetable` fields ( customer, employee, date, time_from, time_to, fkkn, type, status, comment ) values (chwa001, biwa003, 2019-07-19, 18.00, 24, 1, 0, 1, ) on conditions id = 2297
17:56:56 biwa003 Birgitta Wåhlander UPDATING data to tables `timetable` fields ( customer, employee, date, time_from, time_to, fkkn, type, status, comment ) values (chwa001, anka019, 2019-07-20, 8.00, 18.15, 1, 0, 1, ) on conditions id = 735
17:57:14 biwa003 Birgitta Wåhlander UPDATING data to tables `timetable` fields ( customer, employee, date, time_from, time_to, fkkn, type, status, comment ) values (chwa001, lawa002, 2019-07-20, 0.00, 7.15, 1, 0, 1, ) on conditions id = 2298
17:57:35 biwa003 Birgitta Wåhlander UPDATING data to tables `timetable` fields ( customer, employee, date, time_from, time_to, fkkn, type, status, comment ) values (chwa001, anka019, 2019-07-20, 7.00, 16.00, 1, 0, 1, ) on conditions id = 735
17:58:18 biwa003 Birgitta Wåhlander INSERTING data into tables `timetable` fields ( employee, customer, fkkn, type, date, time_from, time_to, status, created_status, alloc_emp, comment ) values ( biwa003, chwa001, 1, 0, 2019-07-20, 15.45, 18.15, 1, , biwa003,  ) => {inserted_id = 2329}
17:58:18 biwa003 Birgitta Wåhlander INSERTING data into tables `memory_slots` fields ( customer, time_from, time_to, type ) values ( chwa001, 15.45, 18.15, 0 ) => {inserted_id = 89}
17:58:41 biwa003 Birgitta Wåhlander UPDATING data to tables `time2vie_cirruscommon`.`ws_sessions` fields ( user_id ) values (biwa003) on conditions session_id = c56f33922ec648a504e1d012e5e61322
18:01:46 biwa003 Birgitta Wåhlander UPDATING data to tables `time2vie_cirruscommon`.`ws_sessions` fields ( user_id ) values (biwa003) on conditions session_id = c56f33922ec648a504e1d012e5e61322
18:16:45 anka019 Anna Kawalya Westerberg INSERTING data into tables `log_login` fields ( username, ip, browser ) values ( anka019, 94.103.194.75, Mozilla/5.0 (iPhone; CPU iPhone OS 12_1_4 like Mac OS X) AppleWebKit/605.1.15 (KHTML, like Gecko) Version/12.0 Mobile/15E148 Safari/604.1 ) => {inserted_id = 2072}
18:16:45 anka019 Anna Kawalya Westerberg DELETE data from tables `temp_session` on conditions username LIKE anka019
18:16:45 anka019 Anna Kawalya Westerberg UPDATING data to tables `time2vie_cirruscommon`.`login` fields ( login, last_time ) values (1, 2019-07-03 18:16:45) on conditions username = anka019
18:16:45 anka019 Anna Kawalya Westerberg UPDATING data to tables `time2vie_cirruscommon`.`secondary_login` fields ( last_login_time ) values (2019-07-03 18:16:45) on conditions username = anka019 AND company_id = 20
18:16:45 anka019 Anna Kawalya Westerberg UPDATING data to tables `time2vie_cirruscommon`.`ws_sessions` fields ( user_id ) values (anka019) on conditions session_id = bad26d1112dffc1b8885a9d6c0069a52
20:07:02 emja001 Emilia Jacobsson INSERTING data into tables `log_login` fields ( username, ip, browser ) values ( emja001, 90.230.216.234, Mozilla/5.0 (iPhone; CPU iPhone OS 12_3_1 like Mac OS X) AppleWebKit/605.1.15 (KHTML, like Gecko) Version/12.1.1 Mobile/15E148 Safari/604.1 ) => {inserted_id = 2073}
20:07:02 emja001 Emilia Jacobsson DELETE data from tables `temp_session` on conditions username LIKE emja001
20:07:02 emja001 Emilia Jacobsson UPDATING data to tables `time2vie_cirruscommon`.`login` fields ( login, last_time ) values (1, 2019-07-03 20:07:02) on conditions username = emja001
20:07:02 emja001 Emilia Jacobsson UPDATING data to tables `time2vie_cirruscommon`.`secondary_login` fields ( last_login_time ) values (2019-07-03 20:07:02) on conditions username = emja001 AND company_id = 20
20:07:02 emja001 Emilia Jacobsson UPDATING data to tables `time2vie_cirruscommon`.`ws_sessions` fields ( user_id ) values (emja001) on conditions session_id = 28d092485228eb28cc1b85d43c65f129
20:30:23 thgu002 Therese Gustafsson UPDATING data to tables `time2vie_cirruscommon`.`secondary_login` fields ( error ) values (0) on conditions username = thgu002 AND company_id = 20
20:30:23 thgu002 Therese Gustafsson INSERTING data into tables `log_login` fields ( username, ip, browser ) values ( thgu002, 94.191.137.77, okhttp/3.9.1 ) => {inserted_id = 2074}
20:30:23 thgu002 Therese Gustafsson DELETE data from tables `temp_session` on conditions username LIKE thgu002
20:30:23 thgu002 Therese Gustafsson UPDATING data to tables `time2vie_cirruscommon`.`login` fields ( login, last_time ) values (1, 2019-07-03 20:30:23) on conditions username = thgu002
20:30:24 thgu002 Therese Gustafsson UPDATING data to tables `time2vie_cirruscommon`.`secondary_login` fields ( last_login_time ) values (2019-07-03 20:30:23) on conditions username = thgu002 AND company_id = 20
22:13:12 hejo003 Helen Jörnås UPDATING data to tables `time2vie_cirruscommon`.`secondary_login` fields ( error ) values (0) on conditions username = hejo003 AND company_id = 20
22:13:12 hejo003 Helen Jörnås INSERTING data into tables `log_login` fields ( username, ip, browser ) values ( hejo003, 90.224.82.244, okhttp/3.9.1 ) => {inserted_id = 2075}
22:13:12 hejo003 Helen Jörnås DELETE data from tables `temp_session` on conditions username LIKE hejo003
22:13:12 hejo003 Helen Jörnås UPDATING data to tables `time2vie_cirruscommon`.`login` fields ( login, last_time ) values (1, 2019-07-03 22:13:12) on conditions username = hejo003
22:13:12 hejo003 Helen Jörnås UPDATING data to tables `time2vie_cirruscommon`.`secondary_login` fields ( last_login_time ) values (2019-07-03 22:13:12) on conditions username = hejo003 AND company_id = 20
22:38:20 cagu001 Carina Gustafsson UPDATING data to tables `time2vie_cirruscommon`.`secondary_login` fields ( error ) values (0) on conditions username = cagu001 AND company_id = 20
22:38:20 cagu001 Carina Gustafsson INSERTING data into tables `log_login` fields ( username, ip, browser ) values ( cagu001, 176.10.245.4, okhttp/3.9.1 ) => {inserted_id = 2076}
22:38:20 cagu001 Carina Gustafsson DELETE data from tables `temp_session` on conditions username LIKE cagu001
22:38:20 cagu001 Carina Gustafsson UPDATING data to tables `time2vie_cirruscommon`.`login` fields ( login, last_time ) values (1, 2019-07-03 22:38:20) on conditions username = cagu001
22:38:20 cagu001 Carina Gustafsson UPDATING data to tables `time2vie_cirruscommon`.`secondary_login` fields ( last_login_time ) values (2019-07-03 22:38:20) on conditions username = cagu001 AND company_id = 20
01:12:00 idah001 Ida-Caroline Ahnström UPDATING data to tables `time2vie_cirruscommon`.`secondary_login` fields ( error ) values (0) on conditions username = idah001 AND company_id = 20
01:12:00 idah001 Ida-Caroline Ahnström INSERTING data into tables `log_login` fields ( username, ip, browser ) values ( idah001, 94.234.47.21, CirrusM/3 CFNetwork/897.15 Darwin/17.5.0 ) => {inserted_id = 2077}
01:12:00 idah001 Ida-Caroline Ahnström DELETE data from tables `temp_session` on conditions username LIKE idah001
01:12:00 idah001 Ida-Caroline Ahnström UPDATING data to tables `time2vie_cirruscommon`.`login` fields ( login, last_time ) values (1, 2019-07-04 01:12:00) on conditions username = idah001
01:12:00 idah001 Ida-Caroline Ahnström UPDATING data to tables `time2vie_cirruscommon`.`secondary_login` fields ( last_login_time ) values (2019-07-04 01:12:00) on conditions username = idah001 AND company_id = 20
01:12:00 idah001 Ida-Caroline Ahnström UPDATING data to tables `time2vie_cirruscommon`.`push_notify_tokens` fields ( user_id, updated_date, error ) values (idah001, 2019-07-04 01:12:00, 0) on conditions fcm_token = cbvlTTrlw38:APA91bFoyRXLRicQp_YsExlXTiWEEnPZBADMpfi_7utX-rcZZYleqgFvkb_1s_mT4RV6gZdk-KWPfC6HcQlzNZ2pRXrUcSZ4qKpOtCYpoMz4QQ13wEmP4i75Q_GibGT_0mlkRiGfF4Jg AND device_id = 6B366F82-6AFA-42F7-A27E-D6AB483287E1 #Mobile-App: Log-id=2077
