06:55:54 gaan001 Gabriel Andersson UPDATING data to tables `time2vie_cirruscommon`.`secondary_login` fields ( error ) values (0) on conditions username = gaan001 AND company_id = 20
06:55:54 gaan001 Gabriel Andersson INSERTING data into tables `log_login` fields ( username, ip, browser ) values ( gaan001, 94.103.194.75, CirrusM/3 CFNetwork/978.0.7 Darwin/18.6.0 ) => {inserted_id = 3010}
06:55:54 gaan001 Gabriel Andersson DELETE data from tables `temp_session` on conditions username LIKE gaan001
06:55:54 gaan001 Gabriel Andersson UPDATING data to tables `time2vie_cirruscommon`.`login` fields ( login, last_time ) values (1, 2019-08-16 06:55:54) on conditions username = gaan001
06:55:54 gaan001 Gabriel Andersson UPDATING data to tables `time2vie_cirruscommon`.`secondary_login` fields ( last_login_time ) values (2019-08-16 06:55:54) on conditions username = gaan001 AND company_id = 20
06:55:55 gaan001 Gabriel Andersson UPDATING data to tables `time2vie_cirruscommon`.`push_notify_tokens` fields ( user_id, updated_date, error ) values (gaan001, 2019-08-16 06:55:55, 0) on conditions fcm_token = e51KWK9giv8:APA91bGHMno1HPtH6vgtvvNaxonNc-Bkvswgm2aT4OLq90CDlFw9H2dIl7Li18JiNkP-7pUOuc6Xu8RcoS51Ilqi8H-pAIQ3wxAPozVZ-o4Xh8AcIjJdCzDdKjcmheiVAB_gYeBo2P0d AND device_id = 2639B8CA-61CF-4C5F-AF35-FA532A697892 #Mobile-App: Log-id=3010
07:16:35 biwa003 Birgitta Wåhlander INSERTING data into tables `log_login` fields ( username, ip, browser ) values ( biwa003, 185.27.165.66, Mozilla/5.0 (iPad; CPU OS 10_3_3 like Mac OS X) AppleWebKit/603.1.30 (KHTML, like Gecko) CriOS/71.0.3578.89 Mobile/14G60 Safari/602.1 ) => {inserted_id = 3011}
07:16:35 biwa003 Birgitta Wåhlander DELETE data from tables `temp_session` on conditions username LIKE biwa003
07:16:35 biwa003 Birgitta Wåhlander UPDATING data to tables `time2vie_cirruscommon`.`login` fields ( login, last_time ) values (1, 2019-08-16 07:16:35) on conditions username = biwa003
07:16:35 biwa003 Birgitta Wåhlander UPDATING data to tables `time2vie_cirruscommon`.`secondary_login` fields ( last_login_time ) values (2019-08-16 07:16:35) on conditions username = biwa003 AND company_id = 20
07:16:35 biwa003 Birgitta Wåhlander UPDATING data to tables `time2vie_cirruscommon`.`ws_sessions` fields ( user_id ) values (biwa003) on conditions session_id = 4eef5924e6cf9b9989aac5f8d88426c9
07:17:09 hejo003 Helen Jörnås UPDATING data to tables `time2vie_cirruscommon`.`secondary_login` fields ( error ) values (0) on conditions username = hejo003 AND company_id = 20
07:17:09 hejo003 Helen Jörnås INSERTING data into tables `log_login` fields ( username, ip, browser ) values ( hejo003, 185.27.164.39, okhttp/3.9.1 ) => {inserted_id = 3012}
07:17:09 hejo003 Helen Jörnås DELETE data from tables `temp_session` on conditions username LIKE hejo003
07:17:09 hejo003 Helen Jörnås UPDATING data to tables `time2vie_cirruscommon`.`login` fields ( login, last_time ) values (1, 2019-08-16 07:17:09) on conditions username = hejo003
07:17:09 hejo003 Helen Jörnås UPDATING data to tables `time2vie_cirruscommon`.`secondary_login` fields ( last_login_time ) values (2019-08-16 07:17:09) on conditions username = hejo003 AND company_id = 20
09:02:25 cagu001 Carina Gustafsson UPDATING data to tables `time2vie_cirruscommon`.`secondary_login` fields ( error ) values (0) on conditions username = cagu001 AND company_id = 20
09:02:25 cagu001 Carina Gustafsson INSERTING data into tables `log_login` fields ( username, ip, browser ) values ( cagu001, 176.10.245.4, okhttp/3.9.1 ) => {inserted_id = 3013}
09:02:25 cagu001 Carina Gustafsson DELETE data from tables `temp_session` on conditions username LIKE cagu001
09:02:25 cagu001 Carina Gustafsson UPDATING data to tables `time2vie_cirruscommon`.`login` fields ( login, last_time ) values (1, 2019-08-16 09:02:25) on conditions username = cagu001
09:02:25 cagu001 Carina Gustafsson UPDATING data to tables `time2vie_cirruscommon`.`secondary_login` fields ( last_login_time ) values (2019-08-16 09:02:25) on conditions username = cagu001 AND company_id = 20
09:11:27 mibr004 Mikaela Braun INSERTING data into tables `log_login` fields ( username, ip, browser ) values ( mibr004, 155.4.220.147, Mozilla/5.0 (iPhone; CPU iPhone OS 12_3_1 like Mac OS X) AppleWebKit/605.1.15 (KHTML, like Gecko) Version/12.1.1 Mobile/15E148 Safari/604.1 ) => {inserted_id = 3014}
09:11:27 mibr004 Mikaela Braun DELETE data from tables `temp_session` on conditions username LIKE mibr004
09:11:28 mibr004 Mikaela Braun UPDATING data to tables `time2vie_cirruscommon`.`login` fields ( login, last_time ) values (1, 2019-08-16 09:11:27) on conditions username = mibr004
09:11:28 mibr004 Mikaela Braun UPDATING data to tables `time2vie_cirruscommon`.`secondary_login` fields ( last_login_time ) values (2019-08-16 09:11:27) on conditions username = mibr004 AND company_id = 20
09:11:28 mibr004 Mikaela Braun UPDATING data to tables `time2vie_cirruscommon`.`ws_sessions` fields ( user_id ) values (mibr004) on conditions session_id = f1f09af2ec5a513e289ad89fa28a93a4
09:16:57 hejo003 Helen Jörnås UPDATING data to tables `time2vie_cirruscommon`.`secondary_login` fields ( error ) values (0) on conditions username = hejo003 AND company_id = 20
09:16:57 hejo003 Helen Jörnås INSERTING data into tables `log_login` fields ( username, ip, browser ) values ( hejo003, 90.224.82.244, okhttp/3.9.1 ) => {inserted_id = 3015}
09:16:57 hejo003 Helen Jörnås DELETE data from tables `temp_session` on conditions username LIKE hejo003
09:16:57 hejo003 Helen Jörnås UPDATING data to tables `time2vie_cirruscommon`.`login` fields ( login, last_time ) values (1, 2019-08-16 09:16:57) on conditions username = hejo003
09:16:57 hejo003 Helen Jörnås UPDATING data to tables `time2vie_cirruscommon`.`secondary_login` fields ( last_login_time ) values (2019-08-16 09:16:57) on conditions username = hejo003 AND company_id = 20
09:46:44 anka020 Annika Karlsson UPDATING data to tables `time2vie_cirruscommon`.`secondary_login` fields ( error ) values (0) on conditions username = anka020 AND company_id = 20
09:46:44 anka020 Annika Karlsson INSERTING data into tables `log_login` fields ( username, ip, browser ) values ( anka020, 95.199.142.232, okhttp/3.9.1 ) => {inserted_id = 3016}
09:46:44 anka020 Annika Karlsson DELETE data from tables `temp_session` on conditions username LIKE anka020
09:46:44 anka020 Annika Karlsson UPDATING data to tables `time2vie_cirruscommon`.`login` fields ( login, last_time ) values (1, 2019-08-16 09:46:44) on conditions username = anka020
09:46:44 anka020 Annika Karlsson UPDATING data to tables `time2vie_cirruscommon`.`secondary_login` fields ( last_login_time ) values (2019-08-16 09:46:44) on conditions username = anka020 AND company_id = 20
10:12:24 hejo003 Helen Jörnås UPDATING data to tables `time2vie_cirruscommon`.`secondary_login` fields ( error ) values (0) on conditions username = hejo003 AND company_id = 20 #Mobile-App: Log-id=3015
10:12:24 hejo003 Helen Jörnås INSERTING data into tables `log_login` fields ( username, ip, browser ) values ( hejo003, 90.224.82.244, okhttp/3.9.1 ) => {inserted_id = 3017} #Mobile-App: Log-id=3015
10:12:24 hejo003 Helen Jörnås DELETE data from tables `temp_session` on conditions username LIKE hejo003 #Mobile-App: Log-id=3017
10:12:24 hejo003 Helen Jörnås UPDATING data to tables `time2vie_cirruscommon`.`login` fields ( login, last_time ) values (1, 2019-08-16 10:12:24) on conditions username = hejo003 #Mobile-App: Log-id=3017
10:12:24 hejo003 Helen Jörnås UPDATING data to tables `time2vie_cirruscommon`.`secondary_login` fields ( last_login_time ) values (2019-08-16 10:12:24) on conditions username = hejo003 AND company_id = 20 #Mobile-App: Log-id=3017
10:53:25 lawa002 Lars Wåhlander UPDATING data to tables `time2vie_cirruscommon`.`secondary_login` fields ( error ) values (0) on conditions username = lawa002 AND company_id = 20
10:53:25 lawa002 Lars Wåhlander INSERTING data into tables `log_login` fields ( username, ip, browser ) values ( lawa002, 185.27.165.66, Time2View/1 CFNetwork/978.0.7 Darwin/18.7.0 ) => {inserted_id = 3018}
10:53:25 lawa002 Lars Wåhlander DELETE data from tables `temp_session` on conditions username LIKE lawa002
10:53:25 lawa002 Lars Wåhlander UPDATING data to tables `time2vie_cirruscommon`.`login` fields ( login, last_time ) values (1, 2019-08-16 10:53:25) on conditions username = lawa002
10:53:25 lawa002 Lars Wåhlander UPDATING data to tables `time2vie_cirruscommon`.`secondary_login` fields ( last_login_time ) values (2019-08-16 10:53:25) on conditions username = lawa002 AND company_id = 20
12:01:03 hebe001 Helen Bengtsson UPDATING data to tables `time2vie_cirruscommon`.`secondary_login` fields ( error ) values (0) on conditions username = hebe001 AND company_id = 20
12:01:03 hebe001 Helen Bengtsson INSERTING data into tables `log_login` fields ( username, ip, browser ) values ( hebe001, 94.191.145.192, CirrusM/3 CFNetwork/978.0.7 Darwin/18.6.0 ) => {inserted_id = 3019}
12:01:03 hebe001 Helen Bengtsson DELETE data from tables `temp_session` on conditions username LIKE hebe001
12:01:03 hebe001 Helen Bengtsson UPDATING data to tables `time2vie_cirruscommon`.`login` fields ( login, last_time ) values (1, 2019-08-16 12:01:03) on conditions username = hebe001
12:01:03 hebe001 Helen Bengtsson UPDATING data to tables `time2vie_cirruscommon`.`secondary_login` fields ( last_login_time ) values (2019-08-16 12:01:03) on conditions username = hebe001 AND company_id = 20
12:01:04 hebe001 Helen Bengtsson UPDATING data to tables `time2vie_cirruscommon`.`push_notify_tokens` fields ( user_id, updated_date, error ) values (hebe001, 2019-08-16 12:01:03, 0) on conditions fcm_token = e53q4p5Yx5s:APA91bHcdbJZIM9UO8hoC-zHfG6_FIaO281wtFQuWlwmwt0st6WFQVtviZvPZgs2vp6i06IBGiWyr9fjFKL1-vg0EanRm-nMQiS_cFfWIvXx76E-_YzEK4dcDd2m6uawHuhEcWrFDsjr AND device_id = FB5E44E2-9C31-454F-B79A-0F8638BC6875 #Mobile-App: Log-id=3019
12:35:38 mato007 Mattias Torbiörnson UPDATING data to tables `time2vie_cirruscommon`.`secondary_login` fields ( error ) values (0) on conditions username = mato007 AND company_id = 20
12:35:38 mato007 Mattias Torbiörnson INSERTING data into tables `log_login` fields ( username, ip, browser ) values ( mato007, 217.73.111.160, CirrusM/3 CFNetwork/978.0.7 Darwin/18.7.0 ) => {inserted_id = 3020}
12:35:38 mato007 Mattias Torbiörnson DELETE data from tables `temp_session` on conditions username LIKE mato007
12:35:38 mato007 Mattias Torbiörnson UPDATING data to tables `time2vie_cirruscommon`.`login` fields ( login, last_time ) values (1, 2019-08-16 12:35:38) on conditions username = mato007
12:35:39 mato007 Mattias Torbiörnson UPDATING data to tables `time2vie_cirruscommon`.`secondary_login` fields ( last_login_time ) values (2019-08-16 12:35:38) on conditions username = mato007 AND company_id = 20
12:35:39 mato007 Mattias Torbiörnson UPDATING data to tables `time2vie_cirruscommon`.`push_notify_tokens` fields ( user_id, updated_date, error ) values (mato007, 2019-08-16 12:35:39, 0) on conditions fcm_token = er2Ysp_XVPI:APA91bF7oz4TlPjnv2Ft_y0JVWwwQMprxP9e8Bjdjm-Fdzn4JCdLORhkOAVh_lf4_tX-_A4dqDnPyj5151jp0ZGxIsLFLua_p_bomblhJryTBY_ElwLbSzBNHyuQdZ5dH9-VqFp9tc7a AND device_id = 0E77902D-FC69-4F3F-9F41-A3BD80129544 #Mobile-App: Log-id=3020
15:18:11 mato007 Mattias Torbiörnson UPDATING data to tables `time2vie_cirruscommon`.`secondary_login` fields ( error ) values (0) on conditions username = mato007 AND company_id = 20
15:18:11 mato007 Mattias Torbiörnson INSERTING data into tables `log_login` fields ( username, ip, browser ) values ( mato007, 217.73.111.160, CirrusM/3 CFNetwork/978.0.7 Darwin/18.7.0 ) => {inserted_id = 3021}
15:18:11 mato007 Mattias Torbiörnson DELETE data from tables `temp_session` on conditions username LIKE mato007
15:18:11 mato007 Mattias Torbiörnson UPDATING data to tables `time2vie_cirruscommon`.`login` fields ( login, last_time ) values (1, 2019-08-16 15:18:11) on conditions username = mato007
15:18:11 mato007 Mattias Torbiörnson UPDATING data to tables `time2vie_cirruscommon`.`secondary_login` fields ( last_login_time ) values (2019-08-16 15:18:11) on conditions username = mato007 AND company_id = 20
15:18:11 mato007 Mattias Torbiörnson UPDATING data to tables `time2vie_cirruscommon`.`push_notify_tokens` fields ( user_id, updated_date, error ) values (mato007, 2019-08-16 15:18:11, 0) on conditions fcm_token = er2Ysp_XVPI:APA91bF7oz4TlPjnv2Ft_y0JVWwwQMprxP9e8Bjdjm-Fdzn4JCdLORhkOAVh_lf4_tX-_A4dqDnPyj5151jp0ZGxIsLFLua_p_bomblhJryTBY_ElwLbSzBNHyuQdZ5dH9-VqFp9tc7a AND device_id = 0E77902D-FC69-4F3F-9F41-A3BD80129544 #Mobile-App: Log-id=3021
16:43:32 anka019 Anna Kawalya Westerberg INSERTING data into tables `log_login` fields ( username, ip, browser ) values ( anka019, 217.211.60.94, Mozilla/5.0 (iPhone; CPU iPhone OS 12_3_2 like Mac OS X) AppleWebKit/605.1.15 (KHTML, like Gecko) Version/12.1.1 Mobile/15E148 Safari/604.1 ) => {inserted_id = 3022}
16:43:32 anka019 Anna Kawalya Westerberg DELETE data from tables `temp_session` on conditions username LIKE anka019
16:43:32 anka019 Anna Kawalya Westerberg UPDATING data to tables `time2vie_cirruscommon`.`login` fields ( login, last_time ) values (1, 2019-08-16 16:43:32) on conditions username = anka019
16:43:32 anka019 Anna Kawalya Westerberg UPDATING data to tables `time2vie_cirruscommon`.`secondary_login` fields ( last_login_time ) values (2019-08-16 16:43:32) on conditions username = anka019 AND company_id = 20
16:43:33 anka019 Anna Kawalya Westerberg UPDATING data to tables `time2vie_cirruscommon`.`ws_sessions` fields ( user_id ) values (anka019) on conditions session_id = b70b1eed7a7a71ec5698a1d9728da9e6
17:10:34 anka020 Annika Karlsson UPDATING data to tables `time2vie_cirruscommon`.`secondary_login` fields ( error ) values (0) on conditions username = anka020 AND company_id = 20
17:10:34 anka020 Annika Karlsson INSERTING data into tables `log_login` fields ( username, ip, browser ) values ( anka020, 185.27.164.39, okhttp/3.9.1 ) => {inserted_id = 3023}
17:10:34 anka020 Annika Karlsson DELETE data from tables `temp_session` on conditions username LIKE anka020
17:10:34 anka020 Annika Karlsson UPDATING data to tables `time2vie_cirruscommon`.`login` fields ( login, last_time ) values (1, 2019-08-16 17:10:34) on conditions username = anka020
17:10:34 anka020 Annika Karlsson UPDATING data to tables `time2vie_cirruscommon`.`secondary_login` fields ( last_login_time ) values (2019-08-16 17:10:34) on conditions username = anka020 AND company_id = 20
18:05:27 hebe001 Helen Bengtsson INSERTING data into tables `log_login` fields ( username, ip, browser ) values ( hebe001, 193.234.72.96, Mozilla/5.0 (Windows NT 6.1; Win64; x64) AppleWebKit/537.36 (KHTML, like Gecko) Chrome/75.0.3770.142 Safari/537.36 ) => {inserted_id = 3024}
18:05:27 hebe001 Helen Bengtsson DELETE data from tables `temp_session` on conditions username LIKE hebe001
18:05:27 hebe001 Helen Bengtsson UPDATING data to tables `time2vie_cirruscommon`.`login` fields ( login, last_time ) values (1, 2019-08-16 18:05:27) on conditions username = hebe001
18:05:27 hebe001 Helen Bengtsson UPDATING data to tables `time2vie_cirruscommon`.`secondary_login` fields ( last_login_time ) values (2019-08-16 18:05:27) on conditions username = hebe001 AND company_id = 20
18:05:28 hebe001 Helen Bengtsson UPDATING data to tables `time2vie_cirruscommon`.`ws_sessions` fields ( user_id ) values (hebe001) on conditions session_id = 283bb8daa7840b88bfaf6fbec87ae17d
18:06:13 hebe001 Helen Bengtsson UPDATING data to tables `timetable` fields ( customer, employee, date, time_from, time_to, fkkn, type, status, comment ) values (tibe002, elbe006, 2019-08-15, 0.00, 6.30, 1, 0, 1, ) on conditions id = 1363
18:06:30 hebe001 Helen Bengtsson UPDATING data to tables `timetable` fields ( customer, employee, date, time_from, time_to, fkkn, type, status, comment ) values (tibe002, elbe006, 2019-08-15, 6.30, 10.30, 1, 0, 1, ) on conditions id = 1364
18:06:51 hebe001 Helen Bengtsson UPDATING data to tables `timetable` fields ( customer, employee, date, time_from, time_to, fkkn, type, status, comment ) values (tibe002, hejo003, 2019-08-15, 10.00, 16.30, 1, 0, 1, ) on conditions id = 2169
18:07:25 hebe001 Helen Bengtsson UPDATING data to tables `timetable` fields ( customer, employee, date, time_from, time_to, fkkn, type, status, comment ) values (tibe002, kape007, 2019-08-15, 16.30, 24, 1, 0, 1, ) on conditions id = 1366
18:19:42 hebe001 Helen Bengtsson UPDATING data to tables `timetable` fields ( customer, employee, date, time_from, time_to, fkkn, type, status, comment ) values (tibe002, hejo003, 2019-08-15, 16.30, 24, 1, 0, 1, ) on conditions id = 1366
18:20:01 hebe001 Helen Bengtsson UPDATING data to tables `timetable` fields ( customer, employee, date, time_from, time_to, fkkn, type, status, comment ) values (tibe002, hebe001, 2019-08-17, 10.00, 24, 1, 0, 1, ) on conditions id = 2421
18:20:13 hebe001 Helen Bengtsson UPDATING data to tables `timetable` fields ( customer, employee, date, time_from, time_to, fkkn, type, status, comment ) values (tibe002, hebe001, 2019-08-18, 0.00, 6.30, 1, 3, 1, ) on conditions id = 3526
18:20:33 hebe001 Helen Bengtsson UPDATING data to tables `timetable` fields ( customer, employee, date, time_from, time_to, fkkn, type, status, comment ) values (tibe002, hebe001, 2019-08-18, 6.30, 12.30, 1, 0, 1, ) on conditions id = 3527
18:20:47 hebe001 Helen Bengtsson UPDATING data to tables `timetable` fields ( customer, employee, date, time_from, time_to, fkkn, type, status, comment ) values (tibe002, hejo003, 2019-08-18, 12.00, 24, 1, 0, 1, ) on conditions id = 2173
18:36:36 biwa003 Birgitta Wåhlander INSERTING data into tables `log_login` fields ( username, ip, browser ) values ( biwa003, 94.103.194.75, Mozilla/5.0 (iPad; CPU OS 10_3_3 like Mac OS X) AppleWebKit/603.1.30 (KHTML, like Gecko) CriOS/71.0.3578.89 Mobile/14G60 Safari/602.1 ) => {inserted_id = 3025}
18:36:36 biwa003 Birgitta Wåhlander DELETE data from tables `temp_session` on conditions username LIKE biwa003
18:36:36 biwa003 Birgitta Wåhlander UPDATING data to tables `time2vie_cirruscommon`.`login` fields ( login, last_time ) values (1, 2019-08-16 18:36:36) on conditions username = biwa003
18:36:36 biwa003 Birgitta Wåhlander UPDATING data to tables `time2vie_cirruscommon`.`secondary_login` fields ( last_login_time ) values (2019-08-16 18:36:36) on conditions username = biwa003 AND company_id = 20
18:36:37 biwa003 Birgitta Wåhlander UPDATING data to tables `time2vie_cirruscommon`.`ws_sessions` fields ( user_id ) values (biwa003) on conditions session_id = 47a6b8f241abddf43531ccdced9746aa
19:03:10 hejo003 Helen Jörnås UPDATING data to tables `time2vie_cirruscommon`.`secondary_login` fields ( error ) values (0) on conditions username = hejo003 AND company_id = 20
19:03:10 hejo003 Helen Jörnås INSERTING data into tables `log_login` fields ( username, ip, browser ) values ( hejo003, 90.224.82.244, okhttp/3.9.1 ) => {inserted_id = 3026}
19:03:10 hejo003 Helen Jörnås DELETE data from tables `temp_session` on conditions username LIKE hejo003
19:03:10 hejo003 Helen Jörnås UPDATING data to tables `time2vie_cirruscommon`.`login` fields ( login, last_time ) values (1, 2019-08-16 19:03:10) on conditions username = hejo003
19:03:10 hejo003 Helen Jörnås UPDATING data to tables `time2vie_cirruscommon`.`secondary_login` fields ( last_login_time ) values (2019-08-16 19:03:10) on conditions username = hejo003 AND company_id = 20
19:20:21 mato007 Mattias Torbiörnson UPDATING data to tables `time2vie_cirruscommon`.`secondary_login` fields ( error ) values (0) on conditions username = mato007 AND company_id = 20
19:20:21 mato007 Mattias Torbiörnson INSERTING data into tables `log_login` fields ( username, ip, browser ) values ( mato007, 217.73.111.160, CirrusM/3 CFNetwork/978.0.7 Darwin/18.7.0 ) => {inserted_id = 3027}
19:20:21 mato007 Mattias Torbiörnson DELETE data from tables `temp_session` on conditions username LIKE mato007
19:20:21 mato007 Mattias Torbiörnson UPDATING data to tables `time2vie_cirruscommon`.`login` fields ( login, last_time ) values (1, 2019-08-16 19:20:21) on conditions username = mato007
19:20:21 mato007 Mattias Torbiörnson UPDATING data to tables `time2vie_cirruscommon`.`secondary_login` fields ( last_login_time ) values (2019-08-16 19:20:21) on conditions username = mato007 AND company_id = 20
19:20:22 mato007 Mattias Torbiörnson UPDATING data to tables `time2vie_cirruscommon`.`push_notify_tokens` fields ( user_id, updated_date, error ) values (mato007, 2019-08-16 19:20:22, 0) on conditions fcm_token = er2Ysp_XVPI:APA91bF7oz4TlPjnv2Ft_y0JVWwwQMprxP9e8Bjdjm-Fdzn4JCdLORhkOAVh_lf4_tX-_A4dqDnPyj5151jp0ZGxIsLFLua_p_bomblhJryTBY_ElwLbSzBNHyuQdZ5dH9-VqFp9tc7a AND device_id = 0E77902D-FC69-4F3F-9F41-A3BD80129544 #Mobile-App: Log-id=3027
20:14:20 mibr004 Mikaela Braun INSERTING data into tables `log_login` fields ( username, ip, browser ) values ( mibr004, 83.185.87.119, Mozilla/5.0 (iPhone; CPU iPhone OS 12_3_1 like Mac OS X) AppleWebKit/605.1.15 (KHTML, like Gecko) Version/12.1.1 Mobile/15E148 Safari/604.1 ) => {inserted_id = 3028}
20:14:20 mibr004 Mikaela Braun DELETE data from tables `temp_session` on conditions username LIKE mibr004
20:14:20 mibr004 Mikaela Braun UPDATING data to tables `time2vie_cirruscommon`.`login` fields ( login, last_time ) values (1, 2019-08-16 20:14:20) on conditions username = mibr004
20:14:20 mibr004 Mikaela Braun UPDATING data to tables `time2vie_cirruscommon`.`secondary_login` fields ( last_login_time ) values (2019-08-16 20:14:20) on conditions username = mibr004 AND company_id = 20
20:14:21 mibr004 Mikaela Braun UPDATING data to tables `time2vie_cirruscommon`.`ws_sessions` fields ( user_id ) values (mibr004) on conditions session_id = f646ea6ef028ac6ba888606e2fcb0d65
20:54:27 hejo003 Helen Jörnås UPDATING data to tables `time2vie_cirruscommon`.`secondary_login` fields ( error ) values (0) on conditions username = hejo003 AND company_id = 20
20:54:27 hejo003 Helen Jörnås INSERTING data into tables `log_login` fields ( username, ip, browser ) values ( hejo003, 90.224.82.244, okhttp/3.9.1 ) => {inserted_id = 3029}
20:54:27 hejo003 Helen Jörnås DELETE data from tables `temp_session` on conditions username LIKE hejo003
20:54:27 hejo003 Helen Jörnås UPDATING data to tables `time2vie_cirruscommon`.`login` fields ( login, last_time ) values (1, 2019-08-16 20:54:27) on conditions username = hejo003
20:54:27 hejo003 Helen Jörnås UPDATING data to tables `time2vie_cirruscommon`.`secondary_login` fields ( last_login_time ) values (2019-08-16 20:54:27) on conditions username = hejo003 AND company_id = 20
22:18:23 frem001 Frida Emilsson UPDATING data to tables `time2vie_cirruscommon`.`secondary_login` fields ( error ) values (0) on conditions username = frem001 AND company_id = 20
22:18:23 frem001 Frida Emilsson INSERTING data into tables `log_login` fields ( username, ip, browser ) values ( frem001, 94.103.196.8, CirrusM/3 CFNetwork/978.0.7 Darwin/18.7.0 ) => {inserted_id = 3030}
22:18:23 frem001 Frida Emilsson DELETE data from tables `temp_session` on conditions username LIKE frem001
22:18:23 frem001 Frida Emilsson UPDATING data to tables `time2vie_cirruscommon`.`login` fields ( login, last_time ) values (1, 2019-08-16 22:18:23) on conditions username = frem001
22:18:23 frem001 Frida Emilsson UPDATING data to tables `time2vie_cirruscommon`.`secondary_login` fields ( last_login_time ) values (2019-08-16 22:18:23) on conditions username = frem001 AND company_id = 20
22:18:23 frem001 Frida Emilsson UPDATING data to tables `time2vie_cirruscommon`.`push_notify_tokens` fields ( user_id, updated_date, error ) values (frem001, 2019-08-16 22:18:23, 0) on conditions fcm_token = (null) AND device_id = 164CEF96-3F11-48F4-862F-FE7164D68C25 #Mobile-App: Log-id=3030
23:22:11 anka019 Anna Kawalya Westerberg INSERTING data into tables `log_login` fields ( username, ip, browser ) values ( anka019, 217.211.60.94, Mozilla/5.0 (iPhone; CPU iPhone OS 12_3_2 like Mac OS X) AppleWebKit/605.1.15 (KHTML, like Gecko) Version/12.1.1 Mobile/15E148 Safari/604.1 ) => {inserted_id = 3031}
23:22:11 anka019 Anna Kawalya Westerberg DELETE data from tables `temp_session` on conditions username LIKE anka019
23:22:11 anka019 Anna Kawalya Westerberg UPDATING data to tables `time2vie_cirruscommon`.`login` fields ( login, last_time ) values (1, 2019-08-16 23:22:11) on conditions username = anka019
23:22:11 anka019 Anna Kawalya Westerberg UPDATING data to tables `time2vie_cirruscommon`.`secondary_login` fields ( last_login_time ) values (2019-08-16 23:22:11) on conditions username = anka019 AND company_id = 20
23:22:11 anka019 Anna Kawalya Westerberg UPDATING data to tables `time2vie_cirruscommon`.`ws_sessions` fields ( user_id ) values (anka019) on conditions session_id = 42a2d912c60efb8018d85f4c19b11f02
23:22:12 anka019 Anna Kawalya Westerberg INSERTING data into tables `log_login` fields ( username, ip, browser ) values ( anka019, 217.211.60.94, Mozilla/5.0 (iPhone; CPU iPhone OS 12_3_2 like Mac OS X) AppleWebKit/605.1.15 (KHTML, like Gecko) Version/12.1.1 Mobile/15E148 Safari/604.1 ) => {inserted_id = 3032}
23:22:12 anka019 Anna Kawalya Westerberg DELETE data from tables `temp_session` on conditions username LIKE anka019
23:22:12 anka019 Anna Kawalya Westerberg UPDATING data to tables `time2vie_cirruscommon`.`login` fields ( login, last_time ) values (1, 2019-08-16 23:22:12) on conditions username = anka019
23:22:12 anka019 Anna Kawalya Westerberg UPDATING data to tables `time2vie_cirruscommon`.`secondary_login` fields ( last_login_time ) values (2019-08-16 23:22:12) on conditions username = anka019 AND company_id = 20
23:22:13 anka019 Anna Kawalya Westerberg UPDATING data to tables `time2vie_cirruscommon`.`ws_sessions` fields ( user_id ) values (anka019) on conditions session_id = 42a2d912c60efb8018d85f4c19b11f02
