04:36:26 anka019 Anna Kawalya Westerberg UPDATING data to tables `time2vie_cirruscommon`.`secondary_login` fields ( error ) values (0) on conditions username = anka019 AND company_id = 20
04:36:27 anka019 Anna Kawalya Westerberg INSERTING data into tables `log_login` fields ( username, ip, browser ) values ( anka019, 94.103.194.75, Time2View/1 CFNetwork/978.0.7 Darwin/18.6.0 ) => {inserted_id = 2830}
04:36:27 anka019 Anna Kawalya Westerberg DELETE data from tables `temp_session` on conditions username LIKE anka019
04:36:27 anka019 Anna Kawalya Westerberg UPDATING data to tables `time2vie_cirruscommon`.`login` fields ( login, last_time ) values (1, 2019-08-08 04:36:27) on conditions username = anka019
04:36:27 anka019 Anna Kawalya Westerberg UPDATING data to tables `time2vie_cirruscommon`.`secondary_login` fields ( last_login_time ) values (2019-08-08 04:36:27) on conditions username = anka019 AND company_id = 20
06:46:00 mibr004 Mikaela Braun INSERTING data into tables `log_login` fields ( username, ip, browser ) values ( mibr004, 83.185.95.16, Mozilla/5.0 (iPhone; CPU iPhone OS 12_3_1 like Mac OS X) AppleWebKit/605.1.15 (KHTML, like Gecko) Version/12.1.1 Mobile/15E148 Safari/604.1 ) => {inserted_id = 2831}
06:46:00 mibr004 Mikaela Braun DELETE data from tables `temp_session` on conditions username LIKE mibr004
06:46:00 mibr004 Mikaela Braun UPDATING data to tables `time2vie_cirruscommon`.`login` fields ( login, last_time ) values (1, 2019-08-08 06:46:00) on conditions username = mibr004
06:46:01 mibr004 Mikaela Braun UPDATING data to tables `time2vie_cirruscommon`.`secondary_login` fields ( last_login_time ) values (2019-08-08 06:46:00) on conditions username = mibr004 AND company_id = 20
06:46:01 mibr004 Mikaela Braun UPDATING data to tables `time2vie_cirruscommon`.`ws_sessions` fields ( user_id ) values (mibr004) on conditions session_id = 4bbf82e6b178832e3d2d1753a6e44371
07:20:05 cagu001 Carina Gustafsson UPDATING data to tables `time2vie_cirruscommon`.`secondary_login` fields ( error ) values (0) on conditions username = cagu001 AND company_id = 20
07:20:05 cagu001 Carina Gustafsson INSERTING data into tables `log_login` fields ( username, ip, browser ) values ( cagu001, 83.209.27.1, okhttp/3.9.1 ) => {inserted_id = 2832}
07:20:05 cagu001 Carina Gustafsson DELETE data from tables `temp_session` on conditions username LIKE cagu001
07:20:05 cagu001 Carina Gustafsson UPDATING data to tables `time2vie_cirruscommon`.`login` fields ( login, last_time ) values (1, 2019-08-08 07:20:05) on conditions username = cagu001
07:20:05 cagu001 Carina Gustafsson UPDATING data to tables `time2vie_cirruscommon`.`secondary_login` fields ( last_login_time ) values (2019-08-08 07:20:05) on conditions username = cagu001 AND company_id = 20
09:05:18 hejo003 Helen Jörnås UPDATING data to tables `time2vie_cirruscommon`.`secondary_login` fields ( error ) values (0) on conditions username = hejo003 AND company_id = 20
09:05:18 hejo003 Helen Jörnås INSERTING data into tables `log_login` fields ( username, ip, browser ) values ( hejo003, 90.224.82.244, okhttp/3.9.1 ) => {inserted_id = 2833}
09:05:18 hejo003 Helen Jörnås DELETE data from tables `temp_session` on conditions username LIKE hejo003
09:05:18 hejo003 Helen Jörnås UPDATING data to tables `time2vie_cirruscommon`.`login` fields ( login, last_time ) values (1, 2019-08-08 09:05:18) on conditions username = hejo003
09:05:18 hejo003 Helen Jörnås UPDATING data to tables `time2vie_cirruscommon`.`secondary_login` fields ( last_login_time ) values (2019-08-08 09:05:18) on conditions username = hejo003 AND company_id = 20
09:15:35 anka019 Anna Kawalya Westerberg UPDATING data to tables `time2vie_cirruscommon`.`secondary_login` fields ( error ) values (0) on conditions username = anka019 AND company_id = 20
09:15:35 anka019 Anna Kawalya Westerberg INSERTING data into tables `log_login` fields ( username, ip, browser ) values ( anka019, 217.212.216.90, Time2View/1 CFNetwork/978.0.7 Darwin/18.6.0 ) => {inserted_id = 2834}
09:15:35 anka019 Anna Kawalya Westerberg DELETE data from tables `temp_session` on conditions username LIKE anka019
09:15:35 anka019 Anna Kawalya Westerberg UPDATING data to tables `time2vie_cirruscommon`.`login` fields ( login, last_time ) values (1, 2019-08-08 09:15:35) on conditions username = anka019
09:15:35 anka019 Anna Kawalya Westerberg UPDATING data to tables `time2vie_cirruscommon`.`secondary_login` fields ( last_login_time ) values (2019-08-08 09:15:35) on conditions username = anka019 AND company_id = 20
09:39:48 cagu001 Carina Gustafsson UPDATING data to tables `time2vie_cirruscommon`.`secondary_login` fields ( error ) values (0) on conditions username = cagu001 AND company_id = 20
09:39:48 cagu001 Carina Gustafsson INSERTING data into tables `log_login` fields ( username, ip, browser ) values ( cagu001, 176.10.245.4, okhttp/3.9.1 ) => {inserted_id = 2835}
09:39:48 cagu001 Carina Gustafsson DELETE data from tables `temp_session` on conditions username LIKE cagu001
09:39:48 cagu001 Carina Gustafsson UPDATING data to tables `time2vie_cirruscommon`.`login` fields ( login, last_time ) values (1, 2019-08-08 09:39:48) on conditions username = cagu001
09:39:48 cagu001 Carina Gustafsson UPDATING data to tables `time2vie_cirruscommon`.`secondary_login` fields ( last_login_time ) values (2019-08-08 09:39:48) on conditions username = cagu001 AND company_id = 20
10:11:42 hejo003 Helen Jörnås UPDATING data to tables `time2vie_cirruscommon`.`secondary_login` fields ( error ) values (0) on conditions username = hejo003 AND company_id = 20
10:11:42 hejo003 Helen Jörnås INSERTING data into tables `log_login` fields ( username, ip, browser ) values ( hejo003, 90.224.82.244, okhttp/3.9.1 ) => {inserted_id = 2836}
10:11:42 hejo003 Helen Jörnås DELETE data from tables `temp_session` on conditions username LIKE hejo003
10:11:42 hejo003 Helen Jörnås UPDATING data to tables `time2vie_cirruscommon`.`login` fields ( login, last_time ) values (1, 2019-08-08 10:11:42) on conditions username = hejo003
10:11:42 hejo003 Helen Jörnås UPDATING data to tables `time2vie_cirruscommon`.`secondary_login` fields ( last_login_time ) values (2019-08-08 10:11:42) on conditions username = hejo003 AND company_id = 20
11:29:44 asgr002 Åsa Grimberg INSERTING data into tables `log_login` fields ( username, ip, browser ) values ( asgr002, 78.70.128.102, Mozilla/5.0 (Macintosh; Intel Mac OS X 10_14_0) AppleWebKit/537.36 (KHTML, like Gecko) Chrome/75.0.3770.142 Safari/537.36 ) => {inserted_id = 2837}
11:29:44 asgr002 Åsa Grimberg DELETE data from tables `temp_session` on conditions username LIKE asgr002
11:29:44 asgr002 Åsa Grimberg UPDATING data to tables `time2vie_cirruscommon`.`login` fields ( login, last_time ) values (1, 2019-08-08 11:29:44) on conditions username = asgr002
11:29:44 asgr002 Åsa Grimberg UPDATING data to tables `time2vie_cirruscommon`.`secondary_login` fields ( last_login_time ) values (2019-08-08 11:29:44) on conditions username = asgr002 AND company_id = 20
11:29:44 asgr002 Åsa Grimberg UPDATING data to tables `time2vie_cirruscommon`.`ws_sessions` fields ( user_id ) values (asgr002) on conditions session_id = 4f360bb3db13b87e626b9d59d125ad03
11:29:50 asgr002 Åsa Grimberg UPDATING data to tables `time2vie_cirruscommon`.`ws_sessions` fields ( user_id ) values (asgr002) on conditions session_id = 4f360bb3db13b87e626b9d59d125ad03
11:30:01 asgr002 Åsa Grimberg UPDATING data to tables `time2vie_cirruscommon`.`ws_sessions` fields ( user_id ) values (asgr002) on conditions session_id = 4f360bb3db13b87e626b9d59d125ad03
11:32:02 asgr002 Åsa Grimberg DELETE data from tables `temp_session` on conditions username LIKE asgr002
11:32:02 asgr002 Åsa Grimberg UPDATING data to tables `time2vie_cirruscommon`.`login` fields ( login, last_time ) values (0, 2019-08-08 11:32:02) on conditions username = asgr002
11:32:02 asgr002 Åsa Grimberg UPDATING data to tables `time2vie_cirruscommon`.`secondary_login` fields ( last_login_time ) values (2019-08-08 11:32:02) on conditions username = asgr002 AND company_id = 20
11:32:02   UPDATING data to tables `log_login` fields ( logout_time ) values (2019-08-08:09:32:02) on conditions id = 2837 AND username = asgr002
12:17:08 biwa003 Birgitta Wåhlander INSERTING data into tables `log_login` fields ( username, ip, browser ) values ( biwa003, 185.27.165.66, Mozilla/5.0 (iPad; CPU OS 10_3_3 like Mac OS X) AppleWebKit/603.1.30 (KHTML, like Gecko) CriOS/71.0.3578.89 Mobile/14G60 Safari/602.1 ) => {inserted_id = 2838}
12:17:08 biwa003 Birgitta Wåhlander DELETE data from tables `temp_session` on conditions username LIKE biwa003
12:17:08 biwa003 Birgitta Wåhlander UPDATING data to tables `time2vie_cirruscommon`.`login` fields ( login, last_time ) values (1, 2019-08-08 12:17:08) on conditions username = biwa003
12:17:08 biwa003 Birgitta Wåhlander UPDATING data to tables `time2vie_cirruscommon`.`secondary_login` fields ( last_login_time ) values (2019-08-08 12:17:08) on conditions username = biwa003 AND company_id = 20
12:17:09 biwa003 Birgitta Wåhlander UPDATING data to tables `time2vie_cirruscommon`.`ws_sessions` fields ( user_id ) values (biwa003) on conditions session_id = 2c74325fa4e3ffd4bd87fb7d3700bf43
12:51:39 hebe001 Helen Bengtsson UPDATING data to tables `time2vie_cirruscommon`.`secondary_login` fields ( error ) values (0) on conditions username = hebe001 AND company_id = 20
12:51:39 hebe001 Helen Bengtsson INSERTING data into tables `log_login` fields ( username, ip, browser ) values ( hebe001, 217.73.108.78, CirrusM/3 CFNetwork/978.0.7 Darwin/18.6.0 ) => {inserted_id = 2839}
12:51:39 hebe001 Helen Bengtsson DELETE data from tables `temp_session` on conditions username LIKE hebe001
12:51:39 hebe001 Helen Bengtsson UPDATING data to tables `time2vie_cirruscommon`.`login` fields ( login, last_time ) values (1, 2019-08-08 12:51:39) on conditions username = hebe001
12:51:39 hebe001 Helen Bengtsson UPDATING data to tables `time2vie_cirruscommon`.`secondary_login` fields ( last_login_time ) values (2019-08-08 12:51:39) on conditions username = hebe001 AND company_id = 20
12:51:39 hebe001 Helen Bengtsson UPDATING data to tables `time2vie_cirruscommon`.`push_notify_tokens` fields ( user_id, updated_date, error ) values (hebe001, 2019-08-08 12:51:39, 0) on conditions fcm_token = e53q4p5Yx5s:APA91bHcdbJZIM9UO8hoC-zHfG6_FIaO281wtFQuWlwmwt0st6WFQVtviZvPZgs2vp6i06IBGiWyr9fjFKL1-vg0EanRm-nMQiS_cFfWIvXx76E-_YzEK4dcDd2m6uawHuhEcWrFDsjr AND device_id = FB5E44E2-9C31-454F-B79A-0F8638BC6875 #Mobile-App: Log-id=2839
13:38:36 anka019 Anna Kawalya Westerberg INSERTING data into tables `log_login` fields ( username, ip, browser ) values ( anka019, 78.69.73.236, Mozilla/5.0 (iPhone; CPU iPhone OS 12_3_2 like Mac OS X) AppleWebKit/605.1.15 (KHTML, like Gecko) Version/12.1.1 Mobile/15E148 Safari/604.1 ) => {inserted_id = 2840}
13:38:36 anka019 Anna Kawalya Westerberg DELETE data from tables `temp_session` on conditions username LIKE anka019
13:38:36 anka019 Anna Kawalya Westerberg UPDATING data to tables `time2vie_cirruscommon`.`login` fields ( login, last_time ) values (1, 2019-08-08 13:38:36) on conditions username = anka019
13:38:36 anka019 Anna Kawalya Westerberg UPDATING data to tables `time2vie_cirruscommon`.`secondary_login` fields ( last_login_time ) values (2019-08-08 13:38:36) on conditions username = anka019 AND company_id = 20
13:38:37 anka019 Anna Kawalya Westerberg UPDATING data to tables `time2vie_cirruscommon`.`ws_sessions` fields ( user_id ) values (anka019) on conditions session_id = e036a5a15c550be76130d6f41744b3bb
14:40:47 hejo003 Helen Jörnås UPDATING data to tables `time2vie_cirruscommon`.`secondary_login` fields ( error ) values (0) on conditions username = hejo003 AND company_id = 20
14:40:47 hejo003 Helen Jörnås INSERTING data into tables `log_login` fields ( username, ip, browser ) values ( hejo003, 90.224.82.244, okhttp/3.9.1 ) => {inserted_id = 2841}
14:40:47 hejo003 Helen Jörnås DELETE data from tables `temp_session` on conditions username LIKE hejo003
14:40:47 hejo003 Helen Jörnås UPDATING data to tables `time2vie_cirruscommon`.`login` fields ( login, last_time ) values (1, 2019-08-08 14:40:47) on conditions username = hejo003
14:40:47 hejo003 Helen Jörnås UPDATING data to tables `time2vie_cirruscommon`.`secondary_login` fields ( last_login_time ) values (2019-08-08 14:40:47) on conditions username = hejo003 AND company_id = 20
15:38:27 hejo003 Helen Jörnås UPDATING data to tables `time2vie_cirruscommon`.`secondary_login` fields ( error ) values (0) on conditions username = hejo003 AND company_id = 20
15:38:27 hejo003 Helen Jörnås INSERTING data into tables `log_login` fields ( username, ip, browser ) values ( hejo003, 90.224.82.244, okhttp/3.9.1 ) => {inserted_id = 2842}
15:38:27 hejo003 Helen Jörnås DELETE data from tables `temp_session` on conditions username LIKE hejo003
15:38:27 hejo003 Helen Jörnås UPDATING data to tables `time2vie_cirruscommon`.`login` fields ( login, last_time ) values (1, 2019-08-08 15:38:27) on conditions username = hejo003
15:38:27 hejo003 Helen Jörnås UPDATING data to tables `time2vie_cirruscommon`.`secondary_login` fields ( last_login_time ) values (2019-08-08 15:38:27) on conditions username = hejo003 AND company_id = 20
15:57:15 biwa003 Birgitta Wåhlander INSERTING data into tables `log_login` fields ( username, ip, browser ) values ( biwa003, 94.103.194.75, Mozilla/5.0 (Windows NT 10.0; Win64; x64) AppleWebKit/537.36 (KHTML, like Gecko) Chrome/76.0.3809.87 Safari/537.36 ) => {inserted_id = 2843}
15:57:15 biwa003 Birgitta Wåhlander DELETE data from tables `temp_session` on conditions username LIKE biwa003
15:57:15 biwa003 Birgitta Wåhlander UPDATING data to tables `time2vie_cirruscommon`.`login` fields ( login, last_time ) values (1, 2019-08-08 15:57:15) on conditions username = biwa003
15:57:15 biwa003 Birgitta Wåhlander UPDATING data to tables `time2vie_cirruscommon`.`secondary_login` fields ( last_login_time ) values (2019-08-08 15:57:15) on conditions username = biwa003 AND company_id = 20
15:57:16 biwa003 Birgitta Wåhlander UPDATING data to tables `time2vie_cirruscommon`.`ws_sessions` fields ( user_id ) values (biwa003) on conditions session_id = 9002cc44f760535329b131880b27219d
15:58:04 biwa003 Birgitta Wåhlander UPDATING data to tables `timetable` fields ( customer, employee, date, time_from, time_to, fkkn, type, status, comment ) values (chwa001, biwa003, 2019-08-09, 0.00, 7.15, 1, 0, 1, ) on conditions id = 3513
15:58:23 biwa003 Birgitta Wåhlander UPDATING data to tables `timetable` fields ( customer, employee, date, time_from, time_to, fkkn, type, status, comment ) values (chwa001, lawa002, 2019-08-09, 15.15, 18.15, 1, 0, 1, ) on conditions id = 2002
15:58:54 biwa003 Birgitta Wåhlander UPDATING data to tables `timetable` fields ( customer, employee, date, time_from, time_to, fkkn, type, status, comment ) values (chwa001, gaan001, 2019-08-11, 10.30, 18.15, 1, 0, 1, ) on conditions id = 3515
16:00:14 biwa003 Birgitta Wåhlander UPDATING data to tables `time2vie_cirruscommon`.`ws_sessions` fields ( user_id ) values (biwa003) on conditions session_id = 9002cc44f760535329b131880b27219d
16:02:49 biwa003 Birgitta Wåhlander UPDATING data to tables `timetable` fields ( customer, employee, date, time_from, time_to, fkkn, type, status, comment ) values (chwa001, lawa002, 2019-08-09, 15.00, 18.15, 1, 0, 1, ) on conditions id = 2002
16:06:49 biwa003 Birgitta Wåhlander INSERTING data into tables `log_login` fields ( username, ip, browser ) values ( biwa003, 94.103.194.75, Mozilla/5.0 (Windows NT 10.0; Win64; x64) AppleWebKit/537.36 (KHTML, like Gecko) Chrome/76.0.3809.100 Safari/537.36 ) => {inserted_id = 2844}
16:06:49 biwa003 Birgitta Wåhlander DELETE data from tables `temp_session` on conditions username LIKE biwa003
16:06:49 biwa003 Birgitta Wåhlander UPDATING data to tables `time2vie_cirruscommon`.`login` fields ( login, last_time ) values (1, 2019-08-08 16:06:49) on conditions username = biwa003
16:06:49 biwa003 Birgitta Wåhlander UPDATING data to tables `time2vie_cirruscommon`.`secondary_login` fields ( last_login_time ) values (2019-08-08 16:06:49) on conditions username = biwa003 AND company_id = 20
16:06:49 biwa003 Birgitta Wåhlander UPDATING data to tables `time2vie_cirruscommon`.`ws_sessions` fields ( user_id ) values (biwa003) on conditions session_id = aaa1e906ee82ef7d4c04da455da34e73
16:07:08 biwa003 Birgitta Wåhlander DELETE data from tables `temp_session` on conditions username LIKE biwa003
16:07:08 biwa003 Birgitta Wåhlander UPDATING data to tables `time2vie_cirruscommon`.`login` fields ( login, last_time ) values (0, 2019-08-08 16:07:08) on conditions username = biwa003
16:07:08 biwa003 Birgitta Wåhlander UPDATING data to tables `time2vie_cirruscommon`.`secondary_login` fields ( last_login_time ) values (2019-08-08 16:07:08) on conditions username = biwa003 AND company_id = 20
16:07:08   UPDATING data to tables `log_login` fields ( logout_time ) values (2019-08-08:14:07:08) on conditions id = 2844 AND username = biwa003
16:40:45 anka019 Anna Kawalya Westerberg UPDATING data to tables `time2vie_cirruscommon`.`secondary_login` fields ( error ) values (0) on conditions username = anka019 AND company_id = 20
16:40:45 anka019 Anna Kawalya Westerberg INSERTING data into tables `log_login` fields ( username, ip, browser ) values ( anka019, 217.212.216.90, Time2View/1 CFNetwork/978.0.7 Darwin/18.6.0 ) => {inserted_id = 2845}
16:40:45 anka019 Anna Kawalya Westerberg DELETE data from tables `temp_session` on conditions username LIKE anka019
16:40:45 anka019 Anna Kawalya Westerberg UPDATING data to tables `time2vie_cirruscommon`.`login` fields ( login, last_time ) values (1, 2019-08-08 16:40:45) on conditions username = anka019
16:40:45 anka019 Anna Kawalya Westerberg UPDATING data to tables `time2vie_cirruscommon`.`secondary_login` fields ( last_login_time ) values (2019-08-08 16:40:45) on conditions username = anka019 AND company_id = 20
20:26:38 hejo003 Helen Jörnås UPDATING data to tables `time2vie_cirruscommon`.`secondary_login` fields ( error ) values (0) on conditions username = hejo003 AND company_id = 20
20:26:38 hejo003 Helen Jörnås INSERTING data into tables `log_login` fields ( username, ip, browser ) values ( hejo003, 185.27.164.39, okhttp/3.9.1 ) => {inserted_id = 2846}
20:26:38 hejo003 Helen Jörnås DELETE data from tables `temp_session` on conditions username LIKE hejo003
20:26:39 hejo003 Helen Jörnås UPDATING data to tables `time2vie_cirruscommon`.`login` fields ( login, last_time ) values (1, 2019-08-08 20:26:38) on conditions username = hejo003
20:26:39 hejo003 Helen Jörnås UPDATING data to tables `time2vie_cirruscommon`.`secondary_login` fields ( last_login_time ) values (2019-08-08 20:26:38) on conditions username = hejo003 AND company_id = 20
22:47:50 biwa003 Birgitta Wåhlander INSERTING data into tables `log_login` fields ( username, ip, browser ) values ( biwa003, 94.103.194.75, Mozilla/5.0 (iPad; CPU OS 10_3_3 like Mac OS X) AppleWebKit/603.1.30 (KHTML, like Gecko) CriOS/71.0.3578.89 Mobile/14G60 Safari/602.1 ) => {inserted_id = 2847}
22:47:50 biwa003 Birgitta Wåhlander DELETE data from tables `temp_session` on conditions username LIKE biwa003
22:47:50 biwa003 Birgitta Wåhlander UPDATING data to tables `time2vie_cirruscommon`.`login` fields ( login, last_time ) values (1, 2019-08-08 22:47:50) on conditions username = biwa003
22:47:50 biwa003 Birgitta Wåhlander UPDATING data to tables `time2vie_cirruscommon`.`secondary_login` fields ( last_login_time ) values (2019-08-08 22:47:50) on conditions username = biwa003 AND company_id = 20
22:47:51 biwa003 Birgitta Wåhlander UPDATING data to tables `time2vie_cirruscommon`.`ws_sessions` fields ( user_id ) values (biwa003) on conditions session_id = ff57b994190beaab7308172c6c10a1ff
22:48:41 biwa003 Birgitta Wåhlander UPDATING data to tables `time2vie_cirruscommon`.`ws_sessions` fields ( user_id ) values (biwa003) on conditions session_id = ff57b994190beaab7308172c6c10a1ff
22:52:40 biwa003 Birgitta Wåhlander UPDATING data to tables `time2vie_cirruscommon`.`ws_sessions` fields ( user_id ) values (biwa003) on conditions session_id = ff57b994190beaab7308172c6c10a1ff
23:12:20 hejo003 Helen Jörnås UPDATING data to tables `time2vie_cirruscommon`.`secondary_login` fields ( error ) values (0) on conditions username = hejo003 AND company_id = 20
23:12:20 hejo003 Helen Jörnås INSERTING data into tables `log_login` fields ( username, ip, browser ) values ( hejo003, 185.27.164.39, okhttp/3.9.1 ) => {inserted_id = 2848}
23:12:20 hejo003 Helen Jörnås DELETE data from tables `temp_session` on conditions username LIKE hejo003
23:12:20 hejo003 Helen Jörnås UPDATING data to tables `time2vie_cirruscommon`.`login` fields ( login, last_time ) values (1, 2019-08-08 23:12:20) on conditions username = hejo003
23:12:20 hejo003 Helen Jörnås UPDATING data to tables `time2vie_cirruscommon`.`secondary_login` fields ( last_login_time ) values (2019-08-08 23:12:20) on conditions username = hejo003 AND company_id = 20
