05:41:43 anka019 Anna Kawalya Westerberg INSERTING data into tables `log_login` fields ( username, ip, browser ) values ( anka019, 94.103.194.75, Mozilla/5.0 (iPhone; CPU iPhone OS 12_1_4 like Mac OS X) AppleWebKit/605.1.15 (KHTML, like Gecko) Version/12.0 Mobile/15E148 Safari/604.1 ) => {inserted_id = 2078}
05:41:43 anka019 Anna Kawalya Westerberg DELETE data from tables `temp_session` on conditions username LIKE anka019
05:41:43 anka019 Anna Kawalya Westerberg UPDATING data to tables `time2vie_cirruscommon`.`login` fields ( login, last_time ) values (1, 2019-07-04 05:41:43) on conditions username = anka019
05:41:44 anka019 Anna Kawalya Westerberg UPDATING data to tables `time2vie_cirruscommon`.`secondary_login` fields ( last_login_time ) values (2019-07-04 05:41:43) on conditions username = anka019 AND company_id = 20
05:41:44 anka019 Anna Kawalya Westerberg UPDATING data to tables `time2vie_cirruscommon`.`ws_sessions` fields ( user_id ) values (anka019) on conditions session_id = 8d476932680ed0e3b365ef9288cd7ec0
06:27:22 gaan001 Gabriel Andersson UPDATING data to tables `time2vie_cirruscommon`.`secondary_login` fields ( error ) values (0) on conditions username = gaan001 AND company_id = 20
06:27:22 gaan001 Gabriel Andersson INSERTING data into tables `log_login` fields ( username, ip, browser ) values ( gaan001, 217.73.108.115, CirrusM/3 CFNetwork/978.0.7 Darwin/18.6.0 ) => {inserted_id = 2079}
06:27:22 gaan001 Gabriel Andersson DELETE data from tables `temp_session` on conditions username LIKE gaan001
06:27:22 gaan001 Gabriel Andersson UPDATING data to tables `time2vie_cirruscommon`.`login` fields ( login, last_time ) values (1, 2019-07-04 06:27:22) on conditions username = gaan001
06:27:22 gaan001 Gabriel Andersson UPDATING data to tables `time2vie_cirruscommon`.`secondary_login` fields ( last_login_time ) values (2019-07-04 06:27:22) on conditions username = gaan001 AND company_id = 20
06:27:23 gaan001 Gabriel Andersson UPDATING data to tables `time2vie_cirruscommon`.`push_notify_tokens` fields ( user_id, updated_date, error ) values (gaan001, 2019-07-04 06:27:23, 0) on conditions fcm_token = e51KWK9giv8:APA91bGHMno1HPtH6vgtvvNaxonNc-Bkvswgm2aT4OLq90CDlFw9H2dIl7Li18JiNkP-7pUOuc6Xu8RcoS51Ilqi8H-pAIQ3wxAPozVZ-o4Xh8AcIjJdCzDdKjcmheiVAB_gYeBo2P0d AND device_id = 2639B8CA-61CF-4C5F-AF35-FA532A697892 #Mobile-App: Log-id=2079
07:13:16 gaan001 Gabriel Andersson UPDATING data to tables `time2vie_cirruscommon`.`secondary_login` fields ( error ) values (0) on conditions username = gaan001 AND company_id = 20
07:13:16 gaan001 Gabriel Andersson INSERTING data into tables `log_login` fields ( username, ip, browser ) values ( gaan001, 94.103.194.75, CirrusM/3 CFNetwork/978.0.7 Darwin/18.6.0 ) => {inserted_id = 2080}
07:13:16 gaan001 Gabriel Andersson DELETE data from tables `temp_session` on conditions username LIKE gaan001
07:13:16 gaan001 Gabriel Andersson UPDATING data to tables `time2vie_cirruscommon`.`login` fields ( login, last_time ) values (1, 2019-07-04 07:13:16) on conditions username = gaan001
07:13:16 gaan001 Gabriel Andersson UPDATING data to tables `time2vie_cirruscommon`.`secondary_login` fields ( last_login_time ) values (2019-07-04 07:13:16) on conditions username = gaan001 AND company_id = 20
07:13:17 gaan001 Gabriel Andersson UPDATING data to tables `time2vie_cirruscommon`.`push_notify_tokens` fields ( user_id, updated_date, error ) values (gaan001, 2019-07-04 07:13:17, 0) on conditions fcm_token = e51KWK9giv8:APA91bGHMno1HPtH6vgtvvNaxonNc-Bkvswgm2aT4OLq90CDlFw9H2dIl7Li18JiNkP-7pUOuc6Xu8RcoS51Ilqi8H-pAIQ3wxAPozVZ-o4Xh8AcIjJdCzDdKjcmheiVAB_gYeBo2P0d AND device_id = 2639B8CA-61CF-4C5F-AF35-FA532A697892 #Mobile-App: Log-id=2080
07:13:17 gaan001 Gabriel Andersson UPDATING data to tables `time2vie_cirruscommon`.`secondary_login` fields ( error ) values (0) on conditions username = gaan001 AND company_id = 20 #Mobile-App: Log-id=2080
07:13:17 gaan001 Gabriel Andersson INSERTING data into tables `log_login` fields ( username, ip, browser ) values ( gaan001, 94.103.194.75, CirrusM/3 CFNetwork/978.0.7 Darwin/18.6.0 ) => {inserted_id = 2081} #Mobile-App: Log-id=2080
07:13:17 gaan001 Gabriel Andersson DELETE data from tables `temp_session` on conditions username LIKE gaan001 #Mobile-App: Log-id=2081
07:13:17 gaan001 Gabriel Andersson UPDATING data to tables `time2vie_cirruscommon`.`login` fields ( login, last_time ) values (1, 2019-07-04 07:13:17) on conditions username = gaan001 #Mobile-App: Log-id=2081
07:13:17 gaan001 Gabriel Andersson UPDATING data to tables `time2vie_cirruscommon`.`secondary_login` fields ( last_login_time ) values (2019-07-04 07:13:17) on conditions username = gaan001 AND company_id = 20 #Mobile-App: Log-id=2081
07:13:18 gaan001 Gabriel Andersson UPDATING data to tables `time2vie_cirruscommon`.`push_notify_tokens` fields ( user_id, updated_date, error ) values (gaan001, 2019-07-04 07:13:18, 0) on conditions fcm_token = e51KWK9giv8:APA91bGHMno1HPtH6vgtvvNaxonNc-Bkvswgm2aT4OLq90CDlFw9H2dIl7Li18JiNkP-7pUOuc6Xu8RcoS51Ilqi8H-pAIQ3wxAPozVZ-o4Xh8AcIjJdCzDdKjcmheiVAB_gYeBo2P0d AND device_id = 2639B8CA-61CF-4C5F-AF35-FA532A697892 #Mobile-App: Log-id=2081
07:13:21 gaan001 Gabriel Andersson UPDATING data to tables `time2vie_cirruscommon`.`secondary_login` fields ( error ) values (0) on conditions username = gaan001 AND company_id = 20
07:13:21 gaan001 Gabriel Andersson INSERTING data into tables `log_login` fields ( username, ip, browser ) values ( gaan001, 94.103.194.75, CirrusM/3 CFNetwork/978.0.7 Darwin/18.6.0 ) => {inserted_id = 2082}
07:13:21 gaan001 Gabriel Andersson DELETE data from tables `temp_session` on conditions username LIKE gaan001
07:13:21 gaan001 Gabriel Andersson UPDATING data to tables `time2vie_cirruscommon`.`login` fields ( login, last_time ) values (1, 2019-07-04 07:13:21) on conditions username = gaan001
07:13:21 gaan001 Gabriel Andersson UPDATING data to tables `time2vie_cirruscommon`.`secondary_login` fields ( last_login_time ) values (2019-07-04 07:13:21) on conditions username = gaan001 AND company_id = 20
07:13:21 gaan001 Gabriel Andersson UPDATING data to tables `time2vie_cirruscommon`.`push_notify_tokens` fields ( user_id, updated_date, error ) values (gaan001, 2019-07-04 07:13:21, 0) on conditions fcm_token = e51KWK9giv8:APA91bGHMno1HPtH6vgtvvNaxonNc-Bkvswgm2aT4OLq90CDlFw9H2dIl7Li18JiNkP-7pUOuc6Xu8RcoS51Ilqi8H-pAIQ3wxAPozVZ-o4Xh8AcIjJdCzDdKjcmheiVAB_gYeBo2P0d AND device_id = 2639B8CA-61CF-4C5F-AF35-FA532A697892 #Mobile-App: Log-id=2082
09:07:30 hebe001 Helen Bengtsson UPDATING data to tables `time2vie_cirruscommon`.`secondary_login` fields ( error ) values (0) on conditions username = hebe001 AND company_id = 20
09:07:30 hebe001 Helen Bengtsson INSERTING data into tables `log_login` fields ( username, ip, browser ) values ( hebe001, 94.191.128.138, CirrusM/3 CFNetwork/978.0.7 Darwin/18.6.0 ) => {inserted_id = 2083}
09:07:30 hebe001 Helen Bengtsson DELETE data from tables `temp_session` on conditions username LIKE hebe001
09:07:30 hebe001 Helen Bengtsson UPDATING data to tables `time2vie_cirruscommon`.`login` fields ( login, last_time ) values (1, 2019-07-04 09:07:30) on conditions username = hebe001
09:07:30 hebe001 Helen Bengtsson UPDATING data to tables `time2vie_cirruscommon`.`secondary_login` fields ( last_login_time ) values (2019-07-04 09:07:30) on conditions username = hebe001 AND company_id = 20
09:07:31 hebe001 Helen Bengtsson UPDATING data to tables `time2vie_cirruscommon`.`push_notify_tokens` fields ( user_id, updated_date, error ) values (hebe001, 2019-07-04 09:07:31, 0) on conditions fcm_token = e53q4p5Yx5s:APA91bHcdbJZIM9UO8hoC-zHfG6_FIaO281wtFQuWlwmwt0st6WFQVtviZvPZgs2vp6i06IBGiWyr9fjFKL1-vg0EanRm-nMQiS_cFfWIvXx76E-_YzEK4dcDd2m6uawHuhEcWrFDsjr AND device_id = FB5E44E2-9C31-454F-B79A-0F8638BC6875 #Mobile-App: Log-id=2083
11:09:13 biwa003 Birgitta Wåhlander INSERTING data into tables `log_login` fields ( username, ip, browser ) values ( biwa003, 185.27.165.66, Mozilla/5.0 (iPad; CPU OS 10_3_3 like Mac OS X) AppleWebKit/603.1.30 (KHTML, like Gecko) CriOS/71.0.3578.89 Mobile/14G60 Safari/602.1 ) => {inserted_id = 2084}
11:09:13 biwa003 Birgitta Wåhlander DELETE data from tables `temp_session` on conditions username LIKE biwa003
11:09:13 biwa003 Birgitta Wåhlander UPDATING data to tables `time2vie_cirruscommon`.`login` fields ( login, last_time ) values (1, 2019-07-04 11:09:13) on conditions username = biwa003
11:09:13 biwa003 Birgitta Wåhlander UPDATING data to tables `time2vie_cirruscommon`.`secondary_login` fields ( last_login_time ) values (2019-07-04 11:09:13) on conditions username = biwa003 AND company_id = 20
11:09:14 biwa003 Birgitta Wåhlander UPDATING data to tables `time2vie_cirruscommon`.`ws_sessions` fields ( user_id ) values (biwa003) on conditions session_id = dde514503a1903576240c9b1893f85c1
11:10:08 biwa003 Birgitta Wåhlander UPDATING data to tables `time2vie_cirruscommon`.`ws_sessions` fields ( user_id ) values (biwa003) on conditions session_id = dde514503a1903576240c9b1893f85c1
11:17:52 anka020 Annika Karlsson UPDATING data to tables `time2vie_cirruscommon`.`secondary_login` fields ( error ) values (0) on conditions username = anka020 AND company_id = 20
11:17:52 anka020 Annika Karlsson INSERTING data into tables `log_login` fields ( username, ip, browser ) values ( anka020, 95.199.133.55, okhttp/3.9.1 ) => {inserted_id = 2085}
11:17:52 anka020 Annika Karlsson DELETE data from tables `temp_session` on conditions username LIKE anka020
11:17:52 anka020 Annika Karlsson UPDATING data to tables `time2vie_cirruscommon`.`login` fields ( login, last_time ) values (1, 2019-07-04 11:17:52) on conditions username = anka020
11:17:52 anka020 Annika Karlsson UPDATING data to tables `time2vie_cirruscommon`.`secondary_login` fields ( last_login_time ) values (2019-07-04 11:17:52) on conditions username = anka020 AND company_id = 20
12:56:33 biwa003 Birgitta Wåhlander INSERTING data into tables `log_login` fields ( username, ip, browser ) values ( biwa003, 185.27.165.66, Mozilla/5.0 (iPad; CPU OS 10_3_3 like Mac OS X) AppleWebKit/603.1.30 (KHTML, like Gecko) CriOS/71.0.3578.89 Mobile/14G60 Safari/602.1 ) => {inserted_id = 2086}
12:56:33 biwa003 Birgitta Wåhlander DELETE data from tables `temp_session` on conditions username LIKE biwa003
12:56:33 biwa003 Birgitta Wåhlander UPDATING data to tables `time2vie_cirruscommon`.`login` fields ( login, last_time ) values (1, 2019-07-04 12:56:33) on conditions username = biwa003
12:56:33 biwa003 Birgitta Wåhlander UPDATING data to tables `time2vie_cirruscommon`.`secondary_login` fields ( last_login_time ) values (2019-07-04 12:56:33) on conditions username = biwa003 AND company_id = 20
12:56:34 biwa003 Birgitta Wåhlander UPDATING data to tables `time2vie_cirruscommon`.`ws_sessions` fields ( user_id ) values (biwa003) on conditions session_id = f9230a6a888cb0e47263661da69ce78c
14:15:21 biwa003 Birgitta Wåhlander INSERTING data into tables `log_login` fields ( username, ip, browser ) values ( biwa003, 185.27.165.66, Mozilla/5.0 (Windows NT 6.1; Win64; x64) AppleWebKit/537.36 (KHTML, like Gecko) Chrome/75.0.3770.100 Safari/537.36 ) => {inserted_id = 2087}
14:15:21 biwa003 Birgitta Wåhlander DELETE data from tables `temp_session` on conditions username LIKE biwa003
14:15:21 biwa003 Birgitta Wåhlander UPDATING data to tables `time2vie_cirruscommon`.`login` fields ( login, last_time ) values (1, 2019-07-04 14:15:21) on conditions username = biwa003
14:15:21 biwa003 Birgitta Wåhlander UPDATING data to tables `time2vie_cirruscommon`.`secondary_login` fields ( last_login_time ) values (2019-07-04 14:15:21) on conditions username = biwa003 AND company_id = 20
14:15:22 biwa003 Birgitta Wåhlander UPDATING data to tables `time2vie_cirruscommon`.`ws_sessions` fields ( user_id ) values (biwa003) on conditions session_id = bff228668b13266dceee6be1a1532459
14:19:08 biwa003 Birgitta Wåhlander INSERTING data into tables `note` fields ( created_user, title, description, visibility, status, customer, ticket, attachment, editable ) values ( biwa003, apt-möte, anteckningar från apt-möte, 2, , chwa001, , , 1 ) => {inserted_id = 7}
14:19:08 biwa003 Birgitta Wåhlander UPDATING data to tables `note` fields ( attachment ) values (15622427480_APT_ploggatan_den_26_juni_2019.docx) on conditions id = 7
14:20:07 biwa003 Birgitta Wåhlander UPDATING data to tables `note` fields ( status ) values (1) on conditions id = 7
14:20:30 biwa003 Birgitta Wåhlander UPDATING data to tables `time2vie_cirruscommon`.`ws_sessions` fields ( user_id ) values (biwa003) on conditions session_id = bff228668b13266dceee6be1a1532459
14:20:47 biwa003 Birgitta Wåhlander INSERTING data into tables `mc_note` fields ( note_id, read_users ) values ( 7, biwa003 ) => {inserted_id = 7}
14:21:09 lawa002 Lars Wåhlander INSERTING data into tables `log_login` fields ( username, ip, browser ) values ( lawa002, 185.27.165.66, Mozilla/5.0 (iPhone; CPU iPhone OS 12_3_1 like Mac OS X) AppleWebKit/605.1.15 (KHTML, like Gecko) Version/12.1.1 Mobile/15E148 Safari/604.1 ) => {inserted_id = 2088}
14:21:09 lawa002 Lars Wåhlander DELETE data from tables `temp_session` on conditions username LIKE lawa002
14:21:09 lawa002 Lars Wåhlander UPDATING data to tables `time2vie_cirruscommon`.`login` fields ( login, last_time ) values (1, 2019-07-04 14:21:09) on conditions username = lawa002
14:21:10 lawa002 Lars Wåhlander UPDATING data to tables `time2vie_cirruscommon`.`secondary_login` fields ( last_login_time ) values (2019-07-04 14:21:09) on conditions username = lawa002 AND company_id = 20
14:21:34 biwa003 Birgitta Wåhlander INSERTING data into tables `log_login` fields ( username, ip, browser ) values ( biwa003, 185.27.165.66, Mozilla/5.0 (Windows NT 6.1; Win64; x64) AppleWebKit/537.36 (KHTML, like Gecko) Chrome/75.0.3770.100 Safari/537.36 ) => {inserted_id = 2089}
14:21:34 biwa003 Birgitta Wåhlander DELETE data from tables `temp_session` on conditions username LIKE biwa003
14:21:34 biwa003 Birgitta Wåhlander UPDATING data to tables `time2vie_cirruscommon`.`login` fields ( login, last_time ) values (1, 2019-07-04 14:21:34) on conditions username = biwa003
14:21:34 biwa003 Birgitta Wåhlander UPDATING data to tables `time2vie_cirruscommon`.`secondary_login` fields ( last_login_time ) values (2019-07-04 14:21:34) on conditions username = biwa003 AND company_id = 20
14:21:35 biwa003 Birgitta Wåhlander UPDATING data to tables `time2vie_cirruscommon`.`ws_sessions` fields ( user_id ) values (biwa003) on conditions session_id = bff228668b13266dceee6be1a1532459
14:21:52 biwa003 Birgitta Wåhlander UPDATING data to tables `mc_note` fields ( read_users ) values (biwa003,biwa003) on conditions note_id = 7
14:24:12 lawa002 Lars Wåhlander UPDATING data to tables `time2vie_cirruscommon`.`ws_sessions` fields ( user_id ) values (lawa002) on conditions session_id = 76028893494aa38a3b45ab3521589a6e
14:24:31 biwa003 Birgitta Wåhlander INSERTING data into tables `log_login` fields ( username, ip, browser ) values ( biwa003, 185.27.165.66, Mozilla/5.0 (Windows NT 6.1; Win64; x64) AppleWebKit/537.36 (KHTML, like Gecko) Chrome/75.0.3770.100 Safari/537.36 ) => {inserted_id = 2090}
14:24:31 biwa003 Birgitta Wåhlander DELETE data from tables `temp_session` on conditions username LIKE biwa003
14:24:31 biwa003 Birgitta Wåhlander UPDATING data to tables `time2vie_cirruscommon`.`login` fields ( login, last_time ) values (1, 2019-07-04 14:24:31) on conditions username = biwa003
14:24:31 biwa003 Birgitta Wåhlander UPDATING data to tables `time2vie_cirruscommon`.`secondary_login` fields ( last_login_time ) values (2019-07-04 14:24:31) on conditions username = biwa003 AND company_id = 20
14:24:31 biwa003 Birgitta Wåhlander UPDATING data to tables `time2vie_cirruscommon`.`ws_sessions` fields ( user_id ) values (biwa003) on conditions session_id = bff228668b13266dceee6be1a1532459
14:24:37 lawa002 Lars Wåhlander UPDATING data to tables `time2vie_cirruscommon`.`secondary_login` fields ( error ) values (0) on conditions username = lawa002 AND company_id = 20
14:24:37 lawa002 Lars Wåhlander INSERTING data into tables `log_login` fields ( username, ip, browser ) values ( lawa002, 185.27.165.66, CirrusM/3 CFNetwork/978.0.7 Darwin/18.6.0 ) => {inserted_id = 2091}
14:24:37 lawa002 Lars Wåhlander DELETE data from tables `temp_session` on conditions username LIKE lawa002
14:24:37 lawa002 Lars Wåhlander UPDATING data to tables `time2vie_cirruscommon`.`login` fields ( login, last_time ) values (1, 2019-07-04 14:24:37) on conditions username = lawa002
14:24:37 lawa002 Lars Wåhlander UPDATING data to tables `time2vie_cirruscommon`.`secondary_login` fields ( last_login_time ) values (2019-07-04 14:24:37) on conditions username = lawa002 AND company_id = 20
14:24:38 lawa002 Lars Wåhlander UPDATING data to tables `time2vie_cirruscommon`.`push_notify_tokens` fields ( user_id, updated_date, error ) values (lawa002, 2019-07-04 14:24:38, 0) on conditions fcm_token = cMciIkjQto0:APA91bE0mFZ9syRxH0H9Tas6txAz8lAcS2UctPGAxnIgY9LtE7s84sR9AjeT4hfrg-T41cA5N9Vo80yzXQc6B3Sr8cQB2jG1MDlaqJfkkBpynoROrUKZYwhJ8o1nJ4O2lBKe197NqBpq AND device_id = A683A1BD-8A9A-4458-A762-1F517F9312EA #Mobile-App: Log-id=2091
14:24:40 lawa002 Lars Wåhlander UPDATING data to tables `mc_note` fields ( read_users ) values (biwa003,biwa003,lawa002) on conditions note_id = 7 #Mobile-App: Log-id=2091
14:24:46 biwa003 Birgitta Wåhlander UPDATING data to tables `note` fields ( status ) values (0) on conditions id = 7
14:24:50 biwa003 Birgitta Wåhlander UPDATING data to tables `mc_note` fields ( read_users ) values (biwa003,biwa003,lawa002,biwa003) on conditions note_id = 7
14:25:46 biwa003 Birgitta Wåhlander UPDATING data to tables `time2vie_cirruscommon`.`ws_sessions` fields ( user_id ) values (biwa003) on conditions session_id = bff228668b13266dceee6be1a1532459
17:04:43 anka020 Annika Karlsson UPDATING data to tables `time2vie_cirruscommon`.`secondary_login` fields ( error ) values (0) on conditions username = anka020 AND company_id = 20
17:04:43 anka020 Annika Karlsson INSERTING data into tables `log_login` fields ( username, ip, browser ) values ( anka020, 185.27.164.39, okhttp/3.9.1 ) => {inserted_id = 2092}
17:04:43 anka020 Annika Karlsson DELETE data from tables `temp_session` on conditions username LIKE anka020
17:04:43 anka020 Annika Karlsson UPDATING data to tables `time2vie_cirruscommon`.`login` fields ( login, last_time ) values (1, 2019-07-04 17:04:43) on conditions username = anka020
17:04:43 anka020 Annika Karlsson UPDATING data to tables `time2vie_cirruscommon`.`secondary_login` fields ( last_login_time ) values (2019-07-04 17:04:43) on conditions username = anka020 AND company_id = 20
20:33:31 anka020 Annika Karlsson UPDATING data to tables `time2vie_cirruscommon`.`secondary_login` fields ( error ) values (0) on conditions username = anka020 AND company_id = 20
20:33:31 anka020 Annika Karlsson INSERTING data into tables `log_login` fields ( username, ip, browser ) values ( anka020, 185.27.164.39, okhttp/3.9.1 ) => {inserted_id = 2093}
20:33:31 anka020 Annika Karlsson DELETE data from tables `temp_session` on conditions username LIKE anka020
20:33:31 anka020 Annika Karlsson UPDATING data to tables `time2vie_cirruscommon`.`login` fields ( login, last_time ) values (1, 2019-07-04 20:33:31) on conditions username = anka020
20:33:31 anka020 Annika Karlsson UPDATING data to tables `time2vie_cirruscommon`.`secondary_login` fields ( last_login_time ) values (2019-07-04 20:33:31) on conditions username = anka020 AND company_id = 20
20:35:03 anka020 Annika Karlsson UPDATING data to tables `timetable` fields ( customer, employee, date, time_from, time_to, fkkn, type, status, comment ) values (tibe002, , 2019-07-26, 8.30, 16.30, 1, 0, 0, ) on conditions id = 2142 #Mobile-App: Log-id=2093
21:30:25 biwa003 Birgitta Wåhlander INSERTING data into tables `log_login` fields ( username, ip, browser ) values ( biwa003, 185.27.165.66, Mozilla/5.0 (iPad; CPU OS 10_3_3 like Mac OS X) AppleWebKit/603.1.30 (KHTML, like Gecko) CriOS/71.0.3578.89 Mobile/14G60 Safari/602.1 ) => {inserted_id = 2094}
21:30:25 biwa003 Birgitta Wåhlander DELETE data from tables `temp_session` on conditions username LIKE biwa003
21:30:25 biwa003 Birgitta Wåhlander UPDATING data to tables `time2vie_cirruscommon`.`login` fields ( login, last_time ) values (1, 2019-07-04 21:30:25) on conditions username = biwa003
21:30:25 biwa003 Birgitta Wåhlander UPDATING data to tables `time2vie_cirruscommon`.`secondary_login` fields ( last_login_time ) values (2019-07-04 21:30:25) on conditions username = biwa003 AND company_id = 20
21:30:26 biwa003 Birgitta Wåhlander UPDATING data to tables `time2vie_cirruscommon`.`ws_sessions` fields ( user_id ) values (biwa003) on conditions session_id = 530ad088216a419e4c13d888f026f2ed
22:41:34 hejo003 Helen Jörnås UPDATING data to tables `time2vie_cirruscommon`.`secondary_login` fields ( error ) values (0) on conditions username = hejo003 AND company_id = 20
22:41:34 hejo003 Helen Jörnås INSERTING data into tables `log_login` fields ( username, ip, browser ) values ( hejo003, 90.224.82.244, okhttp/3.9.1 ) => {inserted_id = 2095}
22:41:34 hejo003 Helen Jörnås DELETE data from tables `temp_session` on conditions username LIKE hejo003
22:41:34 hejo003 Helen Jörnås UPDATING data to tables `time2vie_cirruscommon`.`login` fields ( login, last_time ) values (1, 2019-07-04 22:41:34) on conditions username = hejo003
22:41:34 hejo003 Helen Jörnås UPDATING data to tables `time2vie_cirruscommon`.`secondary_login` fields ( last_login_time ) values (2019-07-04 22:41:34) on conditions username = hejo003 AND company_id = 20
23:07:52 anka019 Anna Kawalya Westerberg INSERTING data into tables `log_login` fields ( username, ip, browser ) values ( anka019, 90.227.104.76, Mozilla/5.0 (iPhone; CPU iPhone OS 12_1_4 like Mac OS X) AppleWebKit/605.1.15 (KHTML, like Gecko) Version/12.0 Mobile/15E148 Safari/604.1 ) => {inserted_id = 2096}
23:07:52 anka019 Anna Kawalya Westerberg DELETE data from tables `temp_session` on conditions username LIKE anka019
23:07:52 anka019 Anna Kawalya Westerberg UPDATING data to tables `time2vie_cirruscommon`.`login` fields ( login, last_time ) values (1, 2019-07-04 23:07:52) on conditions username = anka019
23:07:52 anka019 Anna Kawalya Westerberg UPDATING data to tables `time2vie_cirruscommon`.`secondary_login` fields ( last_login_time ) values (2019-07-04 23:07:52) on conditions username = anka019 AND company_id = 20
23:07:53 anka019 Anna Kawalya Westerberg UPDATING data to tables `time2vie_cirruscommon`.`ws_sessions` fields ( user_id ) values (anka019) on conditions session_id = d7cf7dc607f5ab2a6d84a8535e7612bd
23:55:09 gaan001 Gabriel Andersson UPDATING data to tables `time2vie_cirruscommon`.`secondary_login` fields ( error ) values (0) on conditions username = gaan001 AND company_id = 20
23:55:10 gaan001 Gabriel Andersson INSERTING data into tables `log_login` fields ( username, ip, browser ) values ( gaan001, 217.73.108.115, CirrusM/3 CFNetwork/978.0.7 Darwin/18.6.0 ) => {inserted_id = 2097}
23:55:10 gaan001 Gabriel Andersson DELETE data from tables `temp_session` on conditions username LIKE gaan001
23:55:10 gaan001 Gabriel Andersson UPDATING data to tables `time2vie_cirruscommon`.`login` fields ( login, last_time ) values (1, 2019-07-04 23:55:10) on conditions username = gaan001
23:55:10 gaan001 Gabriel Andersson UPDATING data to tables `time2vie_cirruscommon`.`secondary_login` fields ( last_login_time ) values (2019-07-04 23:55:10) on conditions username = gaan001 AND company_id = 20
23:55:10 gaan001 Gabriel Andersson UPDATING data to tables `time2vie_cirruscommon`.`push_notify_tokens` fields ( user_id, updated_date, error ) values (gaan001, 2019-07-04 23:55:10, 0) on conditions fcm_token = e51KWK9giv8:APA91bGHMno1HPtH6vgtvvNaxonNc-Bkvswgm2aT4OLq90CDlFw9H2dIl7Li18JiNkP-7pUOuc6Xu8RcoS51Ilqi8H-pAIQ3wxAPozVZ-o4Xh8AcIjJdCzDdKjcmheiVAB_gYeBo2P0d AND device_id = 2639B8CA-61CF-4C5F-AF35-FA532A697892 #Mobile-App: Log-id=2097
23:55:10 gaan001 Gabriel Andersson UPDATING data to tables `time2vie_cirruscommon`.`secondary_login` fields ( error ) values (0) on conditions username = gaan001 AND company_id = 20 #Mobile-App: Log-id=2097
23:55:11 gaan001 Gabriel Andersson INSERTING data into tables `log_login` fields ( username, ip, browser ) values ( gaan001, 217.73.108.115, CirrusM/3 CFNetwork/978.0.7 Darwin/18.6.0 ) => {inserted_id = 2098} #Mobile-App: Log-id=2097
23:55:11 gaan001 Gabriel Andersson DELETE data from tables `temp_session` on conditions username LIKE gaan001 #Mobile-App: Log-id=2098
23:55:11 gaan001 Gabriel Andersson UPDATING data to tables `time2vie_cirruscommon`.`login` fields ( login, last_time ) values (1, 2019-07-04 23:55:11) on conditions username = gaan001 #Mobile-App: Log-id=2098
23:55:11 gaan001 Gabriel Andersson UPDATING data to tables `time2vie_cirruscommon`.`secondary_login` fields ( last_login_time ) values (2019-07-04 23:55:11) on conditions username = gaan001 AND company_id = 20 #Mobile-App: Log-id=2098
23:55:11 gaan001 Gabriel Andersson UPDATING data to tables `time2vie_cirruscommon`.`push_notify_tokens` fields ( user_id, updated_date, error ) values (gaan001, 2019-07-04 23:55:11, 0) on conditions fcm_token = e51KWK9giv8:APA91bGHMno1HPtH6vgtvvNaxonNc-Bkvswgm2aT4OLq90CDlFw9H2dIl7Li18JiNkP-7pUOuc6Xu8RcoS51Ilqi8H-pAIQ3wxAPozVZ-o4Xh8AcIjJdCzDdKjcmheiVAB_gYeBo2P0d AND device_id = 2639B8CA-61CF-4C5F-AF35-FA532A697892 #Mobile-App: Log-id=2098
23:55:14 gaan001 Gabriel Andersson UPDATING data to tables `time2vie_cirruscommon`.`secondary_login` fields ( error ) values (0) on conditions username = gaan001 AND company_id = 20
23:55:14 gaan001 Gabriel Andersson INSERTING data into tables `log_login` fields ( username, ip, browser ) values ( gaan001, 217.73.108.115, CirrusM/3 CFNetwork/978.0.7 Darwin/18.6.0 ) => {inserted_id = 2099}
23:55:14 gaan001 Gabriel Andersson DELETE data from tables `temp_session` on conditions username LIKE gaan001
23:55:14 gaan001 Gabriel Andersson UPDATING data to tables `time2vie_cirruscommon`.`login` fields ( login, last_time ) values (1, 2019-07-04 23:55:14) on conditions username = gaan001
23:55:14 gaan001 Gabriel Andersson UPDATING data to tables `time2vie_cirruscommon`.`secondary_login` fields ( last_login_time ) values (2019-07-04 23:55:14) on conditions username = gaan001 AND company_id = 20
23:55:15 gaan001 Gabriel Andersson UPDATING data to tables `time2vie_cirruscommon`.`push_notify_tokens` fields ( user_id, updated_date, error ) values (gaan001, 2019-07-04 23:55:15, 0) on conditions fcm_token = e51KWK9giv8:APA91bGHMno1HPtH6vgtvvNaxonNc-Bkvswgm2aT4OLq90CDlFw9H2dIl7Li18JiNkP-7pUOuc6Xu8RcoS51Ilqi8H-pAIQ3wxAPozVZ-o4Xh8AcIjJdCzDdKjcmheiVAB_gYeBo2P0d AND device_id = 2639B8CA-61CF-4C5F-AF35-FA532A697892 #Mobile-App: Log-id=2099
