05:49:57 biwa003 Birgitta Wåhlander INSERTING data into tables `log_login` fields ( username, ip, browser ) values ( biwa003, 94.103.194.75, Mozilla/5.0 (iPad; CPU OS 10_3_4 like Mac OS X) AppleWebKit/603.1.30 (KHTML, like Gecko) CriOS/71.0.3578.89 Mobile/14G61 Safari/602.1 ) => {inserted_id = 4318}
05:49:57 biwa003 Birgitta Wåhlander DELETE data from tables `temp_session` on conditions username LIKE biwa003
05:49:57 biwa003 Birgitta Wåhlander UPDATING data to tables `time2vie_cirruscommon`.`login` fields ( login, last_time ) values (1, 2019-10-05 05:49:57) on conditions username = biwa003
05:49:57 biwa003 Birgitta Wåhlander UPDATING data to tables `time2vie_cirruscommon`.`secondary_login` fields ( last_login_time ) values (2019-10-05 05:49:57) on conditions username = biwa003 AND company_id = 20
05:49:57 biwa003 Birgitta Wåhlander UPDATING data to tables `time2vie_cirruscommon`.`ws_sessions` fields ( user_id ) values (biwa003) on conditions session_id = 3b88b15dcd50ced3d35d664fc63c50e2
09:39:22 hejo003 Helen Jörnås UPDATING data to tables `time2vie_cirruscommon`.`secondary_login` fields ( error ) values (0) on conditions username = hejo003 AND company_id = 20
09:39:22 hejo003 Helen Jörnås INSERTING data into tables `log_login` fields ( username, ip, browser ) values ( hejo003, 90.224.82.244, okhttp/3.9.1 ) => {inserted_id = 4319}
09:39:22 hejo003 Helen Jörnås DELETE data from tables `temp_session` on conditions username LIKE hejo003
09:39:22 hejo003 Helen Jörnås UPDATING data to tables `time2vie_cirruscommon`.`login` fields ( login, last_time ) values (1, 2019-10-05 09:39:22) on conditions username = hejo003
09:39:22 hejo003 Helen Jörnås UPDATING data to tables `time2vie_cirruscommon`.`secondary_login` fields ( last_login_time ) values (2019-10-05 09:39:22) on conditions username = hejo003 AND company_id = 20
14:14:03 cagu001 Carina Gustafsson UPDATING data to tables `time2vie_cirruscommon`.`secondary_login` fields ( error ) values (0) on conditions username = cagu001 AND company_id = 20
14:14:03 cagu001 Carina Gustafsson INSERTING data into tables `log_login` fields ( username, ip, browser ) values ( cagu001, 176.10.245.4, okhttp/3.9.1 ) => {inserted_id = 4320}
14:14:03 cagu001 Carina Gustafsson DELETE data from tables `temp_session` on conditions username LIKE cagu001
14:14:03 cagu001 Carina Gustafsson UPDATING data to tables `time2vie_cirruscommon`.`login` fields ( login, last_time ) values (1, 2019-10-05 14:14:03) on conditions username = cagu001
14:14:03 cagu001 Carina Gustafsson UPDATING data to tables `time2vie_cirruscommon`.`secondary_login` fields ( last_login_time ) values (2019-10-05 14:14:03) on conditions username = cagu001 AND company_id = 20
14:53:25 anka019 Anna Kawalya Westerberg INSERTING data into tables `log_login` fields ( username, ip, browser ) values ( anka019, 94.103.194.75, Mozilla/5.0 (iPhone; CPU iPhone OS 12_3_2 like Mac OS X) AppleWebKit/605.1.15 (KHTML, like Gecko) Version/12.1.1 Mobile/15E148 Safari/604.1 ) => {inserted_id = 4321}
14:53:25 anka019 Anna Kawalya Westerberg DELETE data from tables `temp_session` on conditions username LIKE anka019
14:53:25 anka019 Anna Kawalya Westerberg UPDATING data to tables `time2vie_cirruscommon`.`login` fields ( login, last_time ) values (1, 2019-10-05 14:53:25) on conditions username = anka019
14:53:25 anka019 Anna Kawalya Westerberg UPDATING data to tables `time2vie_cirruscommon`.`secondary_login` fields ( last_login_time ) values (2019-10-05 14:53:25) on conditions username = anka019 AND company_id = 20
14:53:25 anka019 Anna Kawalya Westerberg UPDATING data to tables `time2vie_cirruscommon`.`ws_sessions` fields ( user_id ) values (anka019) on conditions session_id = 21111ea5ca653a67f3c54c0b7c6c680b
15:46:47 biwa003 Birgitta Wåhlander INSERTING data into tables `log_login` fields ( username, ip, browser ) values ( biwa003, 185.27.165.66, Mozilla/5.0 (iPad; CPU OS 10_3_4 like Mac OS X) AppleWebKit/603.1.30 (KHTML, like Gecko) CriOS/71.0.3578.89 Mobile/14G61 Safari/602.1 ) => {inserted_id = 4322}
15:46:47 biwa003 Birgitta Wåhlander DELETE data from tables `temp_session` on conditions username LIKE biwa003
15:46:47 biwa003 Birgitta Wåhlander UPDATING data to tables `time2vie_cirruscommon`.`login` fields ( login, last_time ) values (1, 2019-10-05 15:46:47) on conditions username = biwa003
15:46:47 biwa003 Birgitta Wåhlander UPDATING data to tables `time2vie_cirruscommon`.`secondary_login` fields ( last_login_time ) values (2019-10-05 15:46:47) on conditions username = biwa003 AND company_id = 20
15:46:47 biwa003 Birgitta Wåhlander UPDATING data to tables `time2vie_cirruscommon`.`ws_sessions` fields ( user_id ) values (biwa003) on conditions session_id = 8d2b7a583f32f1f5971c0fe19f8aee85
17:48:28 hejo003 Helen Jörnås UPDATING data to tables `time2vie_cirruscommon`.`secondary_login` fields ( error ) values (0) on conditions username = hejo003 AND company_id = 20
17:48:28 hejo003 Helen Jörnås INSERTING data into tables `log_login` fields ( username, ip, browser ) values ( hejo003, 90.224.82.244, okhttp/3.9.1 ) => {inserted_id = 4323}
17:48:28 hejo003 Helen Jörnås DELETE data from tables `temp_session` on conditions username LIKE hejo003
17:48:28 hejo003 Helen Jörnås UPDATING data to tables `time2vie_cirruscommon`.`login` fields ( login, last_time ) values (1, 2019-10-05 17:48:28) on conditions username = hejo003
17:48:28 hejo003 Helen Jörnås UPDATING data to tables `time2vie_cirruscommon`.`secondary_login` fields ( last_login_time ) values (2019-10-05 17:48:28) on conditions username = hejo003 AND company_id = 20
17:51:22 anka019 Anna Kawalya Westerberg INSERTING data into tables `log_login` fields ( username, ip, browser ) values ( anka019, 94.103.194.75, Mozilla/5.0 (iPhone; CPU iPhone OS 12_3_2 like Mac OS X) AppleWebKit/605.1.15 (KHTML, like Gecko) Version/12.1.1 Mobile/15E148 Safari/604.1 ) => {inserted_id = 4324}
17:51:22 anka019 Anna Kawalya Westerberg DELETE data from tables `temp_session` on conditions username LIKE anka019
17:51:22 anka019 Anna Kawalya Westerberg UPDATING data to tables `time2vie_cirruscommon`.`login` fields ( login, last_time ) values (1, 2019-10-05 17:51:22) on conditions username = anka019
17:51:22 anka019 Anna Kawalya Westerberg UPDATING data to tables `time2vie_cirruscommon`.`secondary_login` fields ( last_login_time ) values (2019-10-05 17:51:22) on conditions username = anka019 AND company_id = 20
17:51:23 anka019 Anna Kawalya Westerberg UPDATING data to tables `time2vie_cirruscommon`.`ws_sessions` fields ( user_id ) values (anka019) on conditions session_id = b46fd3c9fd93a1871adc51b356ad133f
17:51:36 biwa003 Birgitta Wåhlander INSERTING data into tables `log_login` fields ( username, ip, browser ) values ( biwa003, 94.103.194.75, Mozilla/5.0 (iPad; CPU OS 10_3_4 like Mac OS X) AppleWebKit/603.1.30 (KHTML, like Gecko) CriOS/71.0.3578.89 Mobile/14G61 Safari/602.1 ) => {inserted_id = 4325}
17:51:36 biwa003 Birgitta Wåhlander DELETE data from tables `temp_session` on conditions username LIKE biwa003
17:51:36 biwa003 Birgitta Wåhlander UPDATING data to tables `time2vie_cirruscommon`.`login` fields ( login, last_time ) values (1, 2019-10-05 17:51:36) on conditions username = biwa003
17:51:36 biwa003 Birgitta Wåhlander UPDATING data to tables `time2vie_cirruscommon`.`secondary_login` fields ( last_login_time ) values (2019-10-05 17:51:36) on conditions username = biwa003 AND company_id = 20
17:51:36 biwa003 Birgitta Wåhlander UPDATING data to tables `time2vie_cirruscommon`.`ws_sessions` fields ( user_id ) values (biwa003) on conditions session_id = 261b7a375ce4dbe054bda0d22ea57aa3
18:34:06 biwa003 Birgitta Wåhlander UPDATING data to tables `timetable` fields ( customer, employee, date, time_from, time_to, fkkn, type, status, comment ) values (chwa001, anka019, 2019-10-28, 7.00, 18.30, 1, 0, 1, ) on conditions id = 4264
18:34:22 made003 Malin Derander INSERTING data into tables `log_login` fields ( username, ip, browser ) values ( made003, 81.170.178.25, Mozilla/5.0 (Linux; Android 9; ONEPLUS A6003) AppleWebKit/537.36 (KHTML, like Gecko) Chrome/77.0.3865.92 Mobile Safari/537.36 ) => {inserted_id = 4326}
18:34:33 biwa003 Birgitta Wåhlander UPDATING data to tables `time2vie_cirruscommon`.`ws_sessions` fields ( user_id ) values (biwa003) on conditions session_id = 261b7a375ce4dbe054bda0d22ea57aa3
18:34:50 made003 Malin Derander UPDATING data to tables `time2vie_cirruscommon`.`secondary_login` fields ( password, last_pw_update_date, error ) values (66751db5842061bbac831e14d7848e09, 2019-10-05 16:34:50, 0) on conditions username = made003 AND company_id = 20
18:34:50 made003 Malin Derander INSERTING data into tables `log_password` fields ( username, passwords ) values ( made003, 6518a05f1d9efb40be9fb87e78a7b5d8 ) => {inserted_id = 0}
18:34:51 made003 Malin Derander DELETE data from tables `temp_session` on conditions username LIKE made003
18:34:51 made003 Malin Derander UPDATING data to tables `time2vie_cirruscommon`.`login` fields ( login, last_time ) values (1, 2019-10-05 18:34:51) on conditions username = made003
18:34:51 made003 Malin Derander UPDATING data to tables `time2vie_cirruscommon`.`secondary_login` fields ( last_login_time ) values (2019-10-05 18:34:51) on conditions username = made003 AND company_id = 20
18:34:51 made003 Malin Derander UPDATING data to tables `time2vie_cirruscommon`.`ws_sessions` fields ( user_id ) values (made003) on conditions session_id = 67ad8a10c437f734cc26aff51577706a
18:35:15 biwa003 Birgitta Wåhlander UPDATING data to tables `time2vie_cirruscommon`.`ws_sessions` fields ( user_id ) values (biwa003) on conditions session_id = 261b7a375ce4dbe054bda0d22ea57aa3
18:35:41 mowa002 Monica Walfridsson UPDATING data to tables `time2vie_cirruscommon`.`secondary_login` fields ( error ) values (0) on conditions username = mowa002 AND company_id = 20
18:35:41 mowa002 Monica Walfridsson INSERTING data into tables `log_login` fields ( username, ip, browser ) values ( mowa002, 81.170.178.25, Time2View/1 CFNetwork/978.0.7 Darwin/18.7.0 ) => {inserted_id = 4327}
18:35:41 mowa002 Monica Walfridsson DELETE data from tables `temp_session` on conditions username LIKE mowa002
18:35:41 mowa002 Monica Walfridsson UPDATING data to tables `time2vie_cirruscommon`.`login` fields ( login, last_time ) values (1, 2019-10-05 18:35:41) on conditions username = mowa002
18:35:41 mowa002 Monica Walfridsson UPDATING data to tables `time2vie_cirruscommon`.`secondary_login` fields ( last_login_time ) values (2019-10-05 18:35:41) on conditions username = mowa002 AND company_id = 20
18:36:52 made003 Malin Derander DELETE data from tables `temp_session` on conditions username LIKE made003
18:36:52 made003 Malin Derander UPDATING data to tables `time2vie_cirruscommon`.`login` fields ( login, last_time ) values (0, 2019-10-05 18:36:52) on conditions username = made003
18:36:52 made003 Malin Derander UPDATING data to tables `time2vie_cirruscommon`.`secondary_login` fields ( last_login_time ) values (2019-10-05 18:36:52) on conditions username = made003 AND company_id = 20
18:36:52   UPDATING data to tables `log_login` fields ( logout_time ) values (2019-10-05:16:36:52) on conditions id = 4326 AND username = made003
18:37:18 biwa003 Birgitta Wåhlander UPDATING data to tables `timetable` fields ( customer, employee, date, time_from, time_to, fkkn, type, status, comment ) values (chwa001, mato007, 2019-10-24, 18.00, 24, 1, 0, 1, ) on conditions id = 4250
18:37:26 biwa003 Birgitta Wåhlander UPDATING data to tables `time2vie_cirruscommon`.`ws_sessions` fields ( user_id ) values (biwa003) on conditions session_id = 261b7a375ce4dbe054bda0d22ea57aa3
18:37:53 made003 Malin Derander INSERTING data into tables `log_login` fields ( username, ip, browser ) values ( made003, 81.170.178.25, Mozilla/5.0 (Linux; Android 9; ONEPLUS A6003) AppleWebKit/537.36 (KHTML, like Gecko) Chrome/77.0.3865.92 Mobile Safari/537.36 ) => {inserted_id = 4328}
18:37:53 made003 Malin Derander DELETE data from tables `temp_session` on conditions username LIKE made003
18:37:53 made003 Malin Derander UPDATING data to tables `time2vie_cirruscommon`.`login` fields ( login, last_time ) values (1, 2019-10-05 18:37:53) on conditions username = made003
18:37:53 made003 Malin Derander UPDATING data to tables `time2vie_cirruscommon`.`secondary_login` fields ( last_login_time ) values (2019-10-05 18:37:53) on conditions username = made003 AND company_id = 20
18:37:54 made003 Malin Derander UPDATING data to tables `time2vie_cirruscommon`.`ws_sessions` fields ( user_id ) values (made003) on conditions session_id = 5a4028386edcc12374744e0209ead73f
18:38:04 made003 Malin Derander UPDATING data to tables `time2vie_cirruscommon`.`ws_sessions` fields ( user_id ) values (made003) on conditions session_id = 5a4028386edcc12374744e0209ead73f
18:42:07 made003 Malin Derander UPDATING data to tables `time2vie_cirruscommon`.`secondary_login` fields ( error ) values (0) on conditions username = made003 AND company_id = 20
18:42:07 made003 Malin Derander INSERTING data into tables `log_login` fields ( username, ip, browser ) values ( made003, 81.170.178.25, okhttp/3.9.1 ) => {inserted_id = 4329}
18:42:07 made003 Malin Derander DELETE data from tables `temp_session` on conditions username LIKE made003
18:42:07 made003 Malin Derander UPDATING data to tables `time2vie_cirruscommon`.`login` fields ( login, last_time ) values (1, 2019-10-05 18:42:07) on conditions username = made003
18:42:07 made003 Malin Derander UPDATING data to tables `time2vie_cirruscommon`.`secondary_login` fields ( last_login_time ) values (2019-10-05 18:42:07) on conditions username = made003 AND company_id = 20
18:42:08 made003 Malin Derander INSERTING data into tables `time2vie_cirruscommon`.`push_notify_tokens` fields ( user_id, fcm_token, device_id, device_details, created_date, error ) values ( made003, dpGFCoupkiU:APA91bEuphkp_-hij1olNqAleDjTGrlCshxzOe4AL60fd6BcOsDQkNtUk8eSICfHsLSrryStSDANxzhJ2DZmeUsomAx841rheTclsrWKG9H58YzBMQmdp_Pr6FgWKrMPQZxoKDlyoL65, 8ed97cb2e36f8e62, okhttp/3.9.1, 2019-10-05 18:42:08, 0 ) => {inserted_id = 11910} #Mobile-App: Log-id=4329
18:44:31 made003 Malin Derander DELETE data from tables `time2vie_cirruscommon`.`push_notify_tokens` on conditions user_id = made003 AND fcm_token = dpGFCoupkiU:APA91bEuphkp_-hij1olNqAleDjTGrlCshxzOe4AL60fd6BcOsDQkNtUk8eSICfHsLSrryStSDANxzhJ2DZmeUsomAx841rheTclsrWKG9H58YzBMQmdp_Pr6FgWKrMPQZxoKDlyoL65 #Mobile-App: Log-id=4329
18:44:31 made003 Malin Derander DELETE data from tables `temp_session` on conditions username LIKE made003 #Mobile-App: Log-id=4329
18:44:31 made003 Malin Derander UPDATING data to tables `time2vie_cirruscommon`.`login` fields ( login, last_time ) values (0, 2019-10-05 18:44:31) on conditions username = made003 #Mobile-App: Log-id=4329
18:44:31 made003 Malin Derander UPDATING data to tables `time2vie_cirruscommon`.`secondary_login` fields ( last_login_time ) values (2019-10-05 18:44:31) on conditions username = made003 AND company_id = 20 #Mobile-App: Log-id=4329
22:30:14 asgr002 Åsa Grimberg UPDATING data to tables `time2vie_cirruscommon`.`secondary_login` fields ( error ) values (0) on conditions username = asgr002 AND company_id = 20
22:30:14 asgr002 Åsa Grimberg INSERTING data into tables `log_login` fields ( username, ip, browser ) values ( asgr002, 78.70.128.102, Time2View/1 CFNetwork/978.0.7 Darwin/18.7.0 ) => {inserted_id = 4330}
22:30:14 asgr002 Åsa Grimberg DELETE data from tables `temp_session` on conditions username LIKE asgr002
22:30:14 asgr002 Åsa Grimberg UPDATING data to tables `time2vie_cirruscommon`.`login` fields ( login, last_time ) values (1, 2019-10-05 22:30:14) on conditions username = asgr002
22:30:14 asgr002 Åsa Grimberg UPDATING data to tables `time2vie_cirruscommon`.`secondary_login` fields ( last_login_time ) values (2019-10-05 22:30:14) on conditions username = asgr002 AND company_id = 20
