08:52:18 thgu002 Therese Gustafsson INSERTING data into tables `log_login` fields ( username, ip, browser ) values ( thgu002, 94.191.138.23, Mozilla/5.0 (Linux; Android 9; SAMSUNG SM-A530F Build/PPR1.180610.011) AppleWebKit/537.36 (KHTML, like Gecko) SamsungBrowser/9.2 Chrome/67.0.3396.87 Mobile Safari/537.36 ) => {inserted_id = 2448}
08:52:18 thgu002 Therese Gustafsson DELETE data from tables `temp_session` on conditions username LIKE thgu002
08:52:18 thgu002 Therese Gustafsson UPDATING data to tables `time2vie_cirruscommon`.`login` fields ( login, last_time ) values (1, 2019-07-24 08:52:18) on conditions username = thgu002
08:52:18 thgu002 Therese Gustafsson UPDATING data to tables `time2vie_cirruscommon`.`secondary_login` fields ( last_login_time ) values (2019-07-24 08:52:18) on conditions username = thgu002 AND company_id = 20
08:52:19 thgu002 Therese Gustafsson UPDATING data to tables `time2vie_cirruscommon`.`ws_sessions` fields ( user_id ) values (thgu002) on conditions session_id = 0805edf9d9b3c0b09706aaecd0ada46a
09:19:25 biwa003  UPDATING data to tables `time2vie_cirruscommon`.`secondary_login` fields ( error ) values (1) on conditions username = biwa003 AND company_id = 20
09:20:10 biwa003 Birgitta Wåhlander UPDATING data to tables `time2vie_cirruscommon`.`secondary_login` fields ( error ) values (0) on conditions username = biwa003 AND company_id = 20
09:20:10 biwa003 Birgitta Wåhlander INSERTING data into tables `log_login` fields ( username, ip, browser ) values ( biwa003, 94.103.194.75, Mozilla/5.0 (Windows NT 10.0; Win64; x64) AppleWebKit/537.36 (KHTML, like Gecko) Chrome/75.0.3770.142 Safari/537.36 ) => {inserted_id = 2449}
09:20:10 biwa003 Birgitta Wåhlander DELETE data from tables `temp_session` on conditions username LIKE biwa003
09:20:10 biwa003 Birgitta Wåhlander UPDATING data to tables `time2vie_cirruscommon`.`login` fields ( login, last_time ) values (1, 2019-07-24 09:20:10) on conditions username = biwa003
09:20:10 biwa003 Birgitta Wåhlander UPDATING data to tables `time2vie_cirruscommon`.`secondary_login` fields ( last_login_time ) values (2019-07-24 09:20:10) on conditions username = biwa003 AND company_id = 20
09:20:10 biwa003 Birgitta Wåhlander UPDATING data to tables `time2vie_cirruscommon`.`ws_sessions` fields ( user_id ) values (biwa003) on conditions session_id = 0b793c93d6c7a13271c7dd42f1ea0c2f
09:20:59 biwa003 Birgitta Wåhlander UPDATING data to tables `timetable` fields ( customer, employee, date, time_from, time_to, fkkn, type, status, comment ) values (chwa001, thgu002, 2019-07-26, 7.00, 15.30, 1, 0, 1, ) on conditions id = 758
09:21:29 biwa003 Birgitta Wåhlander UPDATING data to tables `timetable` fields ( customer, employee, date, time_from, time_to, fkkn, type, status, comment ) values (chwa001, lawa002, 2019-07-26, 15.15, 18.15, 1, 0, 1, ) on conditions id = 1990
09:21:52 biwa003 Birgitta Wåhlander UPDATING data to tables `time2vie_cirruscommon`.`ws_sessions` fields ( user_id ) values (biwa003) on conditions session_id = 0b793c93d6c7a13271c7dd42f1ea0c2f
09:33:52 biwa003 Birgitta Wåhlander UPDATING data to tables `timetable` fields ( status, employee, alloc_emp ) values (1, biwa003, biwa003) on conditions id = 2329
09:34:39 biwa003 Birgitta Wåhlander UPDATING data to tables `timetable` fields ( customer, employee, date, time_from, time_to, fkkn, type, status, comment ) values (chwa001, lawa002, 2019-07-21, 0.00, 14.00, 1, 0, 1, ) on conditions id = 2410
09:35:49 biwa003 Birgitta Wåhlander UPDATING data to tables `timetable` fields ( customer, employee, date, time_from, time_to, fkkn, type, status, comment ) values (chwa001, biwa003, 2019-07-21, 11.00, 14.15, 1, 0, 1, ) on conditions id = 2394
09:36:07 biwa003 Birgitta Wåhlander UPDATING data to tables `timetable` fields ( customer, employee, date, time_from, time_to, fkkn, type, status, comment ) values (chwa001, biwa003, 2019-07-21, 11.00, 18.15, 1, 0, 1, ) on conditions id = 2394
09:37:38 biwa003 Birgitta Wåhlander UPDATING data to tables `timetable` fields ( customer, employee, date, time_from, time_to, fkkn, type, status, comment ) values (chwa001, lawa002, 2019-07-21, 0.00, 14.45, 1, 0, 1, ) on conditions id = 2410
09:38:17 biwa003 Birgitta Wåhlander UPDATING data to tables `timetable` fields ( customer, employee, date, time_from, time_to, fkkn, type, status, comment ) values (chwa001, lawa002, 2019-07-21, 0.00, 15.15, 1, 0, 1, ) on conditions id = 2410
09:39:29 biwa003 Birgitta Wåhlander UPDATING data to tables `timetable` fields ( customer, employee, date, time_from, time_to, fkkn, type, status, comment ) values (chwa001, lawa002, 2019-07-22, 12.30, 18.30, 1, 0, 1, ) on conditions id = 742
09:44:38 cagu001 Carina Gustafsson UPDATING data to tables `time2vie_cirruscommon`.`secondary_login` fields ( error ) values (0) on conditions username = cagu001 AND company_id = 20
09:44:38 cagu001 Carina Gustafsson INSERTING data into tables `log_login` fields ( username, ip, browser ) values ( cagu001, 176.10.245.4, okhttp/3.9.1 ) => {inserted_id = 2450}
09:44:38 cagu001 Carina Gustafsson DELETE data from tables `temp_session` on conditions username LIKE cagu001
09:44:38 cagu001 Carina Gustafsson UPDATING data to tables `time2vie_cirruscommon`.`login` fields ( login, last_time ) values (1, 2019-07-24 09:44:38) on conditions username = cagu001
09:44:38 cagu001 Carina Gustafsson UPDATING data to tables `time2vie_cirruscommon`.`secondary_login` fields ( last_login_time ) values (2019-07-24 09:44:38) on conditions username = cagu001 AND company_id = 20
09:46:34 cagu001 Carina Gustafsson UPDATING data to tables `timetable` fields ( customer, employee, date, time_from, time_to, fkkn, type, status, comment ) values (mygu001, tiha001, 2019-08-30, 7.30, 24, 1, 0, 1, ) on conditions id = 2357 #Mobile-App: Log-id=2450
09:46:49 cagu001 Carina Gustafsson UPDATING data to tables `timetable` fields ( customer, employee, date, time_from, time_to, fkkn, type, status, comment ) values (mygu001, tiha001, 2019-08-31, 0.00, 6.00, 1, 3, 1, ) on conditions id = 2358 #Mobile-App: Log-id=2450
09:47:03 cagu001 Carina Gustafsson UPDATING data to tables `timetable` fields ( customer, employee, date, time_from, time_to, fkkn, type, status, comment ) values (mygu001, tiha001, 2019-08-31, 6.00, 9.00, 1, 0, 1, ) on conditions id = 2359 #Mobile-App: Log-id=2450
09:48:40 gaan001 Gabriel Andersson UPDATING data to tables `time2vie_cirruscommon`.`secondary_login` fields ( error ) values (0) on conditions username = gaan001 AND company_id = 20
09:48:40 gaan001 Gabriel Andersson INSERTING data into tables `log_login` fields ( username, ip, browser ) values ( gaan001, 217.73.108.115, CirrusM/3 CFNetwork/978.0.7 Darwin/18.6.0 ) => {inserted_id = 2451}
09:48:40 gaan001 Gabriel Andersson DELETE data from tables `temp_session` on conditions username LIKE gaan001
09:48:40 gaan001 Gabriel Andersson UPDATING data to tables `time2vie_cirruscommon`.`login` fields ( login, last_time ) values (1, 2019-07-24 09:48:40) on conditions username = gaan001
09:48:40 gaan001 Gabriel Andersson UPDATING data to tables `time2vie_cirruscommon`.`secondary_login` fields ( last_login_time ) values (2019-07-24 09:48:40) on conditions username = gaan001 AND company_id = 20
09:48:40 gaan001 Gabriel Andersson UPDATING data to tables `time2vie_cirruscommon`.`push_notify_tokens` fields ( user_id, updated_date, error ) values (gaan001, 2019-07-24 09:48:40, 0) on conditions fcm_token = e51KWK9giv8:APA91bGHMno1HPtH6vgtvvNaxonNc-Bkvswgm2aT4OLq90CDlFw9H2dIl7Li18JiNkP-7pUOuc6Xu8RcoS51Ilqi8H-pAIQ3wxAPozVZ-o4Xh8AcIjJdCzDdKjcmheiVAB_gYeBo2P0d AND device_id = 2639B8CA-61CF-4C5F-AF35-FA532A697892 #Mobile-App: Log-id=2451
09:49:59 anka020 Annika Karlsson UPDATING data to tables `time2vie_cirruscommon`.`secondary_login` fields ( error ) values (0) on conditions username = anka020 AND company_id = 20
09:49:59 anka020 Annika Karlsson INSERTING data into tables `log_login` fields ( username, ip, browser ) values ( anka020, 91.233.50.32, okhttp/3.9.1 ) => {inserted_id = 2452}
09:49:59 anka020 Annika Karlsson DELETE data from tables `temp_session` on conditions username LIKE anka020
09:49:59 anka020 Annika Karlsson UPDATING data to tables `time2vie_cirruscommon`.`login` fields ( login, last_time ) values (1, 2019-07-24 09:49:59) on conditions username = anka020
09:49:59 anka020 Annika Karlsson UPDATING data to tables `time2vie_cirruscommon`.`secondary_login` fields ( last_login_time ) values (2019-07-24 09:49:59) on conditions username = anka020 AND company_id = 20
09:53:31 cagu001 Carina Gustafsson UPDATING data to tables `timetable` fields ( customer, employee, date, time_from, time_to, fkkn, type, status, comment ) values (mygu001, mibr004, 2019-08-07, 8.30, 16.30, 1, 0, 1, ) on conditions id = 2339 #Mobile-App: Log-id=2450
09:54:19 cagu001 Carina Gustafsson INSERTING data into tables `timetable` fields ( employee, customer, fkkn, type, date, time_from, time_to, status, created_status, alloc_emp, comment ) values ( , mygu001, 1, 0, 2019-08-07, 16.30, 24, 0, ,  ,  ) => {inserted_id = 2414} #Mobile-App: Log-id=2450
09:55:47 cagu001 Carina Gustafsson UPDATING data to tables `timetable` fields ( customer, employee, date, time_from, time_to, fkkn, type, status, comment ) values (mygu001, mibr004, 2019-08-16, 8.30, 16.30, 1, 0, 1, ) on conditions id = 2346 #Mobile-App: Log-id=2450
09:56:16 cagu001 Carina Gustafsson INSERTING data into tables `timetable` fields ( employee, customer, fkkn, type, date, time_from, time_to, status, created_status, alloc_emp, comment ) values ( , mygu001, 1, 0, 2019-08-16, 16.30, 24, 0, ,  ,  ) => {inserted_id = 2415} #Mobile-App: Log-id=2450
10:22:11 anka019 Anna Kawalya Westerberg INSERTING data into tables `log_login` fields ( username, ip, browser ) values ( anka019, 78.71.186.33, Mozilla/5.0 (iPhone; CPU iPhone OS 12_3_2 like Mac OS X) AppleWebKit/605.1.15 (KHTML, like Gecko) Version/12.1.1 Mobile/15E148 Safari/604.1 ) => {inserted_id = 2453}
10:22:11 anka019 Anna Kawalya Westerberg DELETE data from tables `temp_session` on conditions username LIKE anka019
10:22:11 anka019 Anna Kawalya Westerberg UPDATING data to tables `time2vie_cirruscommon`.`login` fields ( login, last_time ) values (1, 2019-07-24 10:22:11) on conditions username = anka019
10:22:11 anka019 Anna Kawalya Westerberg UPDATING data to tables `time2vie_cirruscommon`.`secondary_login` fields ( last_login_time ) values (2019-07-24 10:22:11) on conditions username = anka019 AND company_id = 20
10:22:12 anka019 Anna Kawalya Westerberg UPDATING data to tables `time2vie_cirruscommon`.`ws_sessions` fields ( user_id ) values (anka019) on conditions session_id = e33192e8f50d9802e84bc11484fabe65
10:22:40 hejo003 Helen Jörnås UPDATING data to tables `time2vie_cirruscommon`.`secondary_login` fields ( error ) values (0) on conditions username = hejo003 AND company_id = 20
10:22:40 hejo003 Helen Jörnås INSERTING data into tables `log_login` fields ( username, ip, browser ) values ( hejo003, 90.224.82.244, okhttp/3.9.1 ) => {inserted_id = 2454}
10:22:40 hejo003 Helen Jörnås DELETE data from tables `temp_session` on conditions username LIKE hejo003
10:22:40 hejo003 Helen Jörnås UPDATING data to tables `time2vie_cirruscommon`.`login` fields ( login, last_time ) values (1, 2019-07-24 10:22:40) on conditions username = hejo003
10:22:40 hejo003 Helen Jörnås UPDATING data to tables `time2vie_cirruscommon`.`secondary_login` fields ( last_login_time ) values (2019-07-24 10:22:40) on conditions username = hejo003 AND company_id = 20
10:24:05 gaan001 Gabriel Andersson UPDATING data to tables `time2vie_cirruscommon`.`secondary_login` fields ( error ) values (0) on conditions username = gaan001 AND company_id = 20
10:24:05 gaan001 Gabriel Andersson INSERTING data into tables `log_login` fields ( username, ip, browser ) values ( gaan001, 217.73.108.115, CirrusM/3 CFNetwork/978.0.7 Darwin/18.6.0 ) => {inserted_id = 2455}
10:24:05 gaan001 Gabriel Andersson DELETE data from tables `temp_session` on conditions username LIKE gaan001
10:24:05 gaan001 Gabriel Andersson UPDATING data to tables `time2vie_cirruscommon`.`login` fields ( login, last_time ) values (1, 2019-07-24 10:24:05) on conditions username = gaan001
10:24:05 gaan001 Gabriel Andersson UPDATING data to tables `time2vie_cirruscommon`.`secondary_login` fields ( last_login_time ) values (2019-07-24 10:24:05) on conditions username = gaan001 AND company_id = 20
10:24:06 gaan001 Gabriel Andersson UPDATING data to tables `time2vie_cirruscommon`.`push_notify_tokens` fields ( user_id, updated_date, error ) values (gaan001, 2019-07-24 10:24:06, 0) on conditions fcm_token = e51KWK9giv8:APA91bGHMno1HPtH6vgtvvNaxonNc-Bkvswgm2aT4OLq90CDlFw9H2dIl7Li18JiNkP-7pUOuc6Xu8RcoS51Ilqi8H-pAIQ3wxAPozVZ-o4Xh8AcIjJdCzDdKjcmheiVAB_gYeBo2P0d AND device_id = 2639B8CA-61CF-4C5F-AF35-FA532A697892 #Mobile-App: Log-id=2455
10:24:06 gaan001 Gabriel Andersson UPDATING data to tables `time2vie_cirruscommon`.`secondary_login` fields ( error ) values (0) on conditions username = gaan001 AND company_id = 20 #Mobile-App: Log-id=2455
10:24:06 gaan001 Gabriel Andersson INSERTING data into tables `log_login` fields ( username, ip, browser ) values ( gaan001, 217.73.108.115, CirrusM/3 CFNetwork/978.0.7 Darwin/18.6.0 ) => {inserted_id = 2456} #Mobile-App: Log-id=2455
10:24:06 gaan001 Gabriel Andersson DELETE data from tables `temp_session` on conditions username LIKE gaan001 #Mobile-App: Log-id=2456
10:24:06 gaan001 Gabriel Andersson UPDATING data to tables `time2vie_cirruscommon`.`login` fields ( login, last_time ) values (1, 2019-07-24 10:24:06) on conditions username = gaan001 #Mobile-App: Log-id=2456
10:24:06 gaan001 Gabriel Andersson UPDATING data to tables `time2vie_cirruscommon`.`secondary_login` fields ( last_login_time ) values (2019-07-24 10:24:06) on conditions username = gaan001 AND company_id = 20 #Mobile-App: Log-id=2456
10:24:07 gaan001 Gabriel Andersson UPDATING data to tables `time2vie_cirruscommon`.`push_notify_tokens` fields ( user_id, updated_date, error ) values (gaan001, 2019-07-24 10:24:07, 0) on conditions fcm_token = e51KWK9giv8:APA91bGHMno1HPtH6vgtvvNaxonNc-Bkvswgm2aT4OLq90CDlFw9H2dIl7Li18JiNkP-7pUOuc6Xu8RcoS51Ilqi8H-pAIQ3wxAPozVZ-o4Xh8AcIjJdCzDdKjcmheiVAB_gYeBo2P0d AND device_id = 2639B8CA-61CF-4C5F-AF35-FA532A697892 #Mobile-App: Log-id=2456
10:24:10 gaan001 Gabriel Andersson UPDATING data to tables `time2vie_cirruscommon`.`secondary_login` fields ( error ) values (0) on conditions username = gaan001 AND company_id = 20
10:24:10 gaan001 Gabriel Andersson INSERTING data into tables `log_login` fields ( username, ip, browser ) values ( gaan001, 217.73.108.115, CirrusM/3 CFNetwork/978.0.7 Darwin/18.6.0 ) => {inserted_id = 2457}
10:24:10 gaan001 Gabriel Andersson DELETE data from tables `temp_session` on conditions username LIKE gaan001
10:24:10 gaan001 Gabriel Andersson UPDATING data to tables `time2vie_cirruscommon`.`login` fields ( login, last_time ) values (1, 2019-07-24 10:24:10) on conditions username = gaan001
10:24:10 gaan001 Gabriel Andersson UPDATING data to tables `time2vie_cirruscommon`.`secondary_login` fields ( last_login_time ) values (2019-07-24 10:24:10) on conditions username = gaan001 AND company_id = 20
10:24:10 gaan001 Gabriel Andersson UPDATING data to tables `time2vie_cirruscommon`.`push_notify_tokens` fields ( user_id, updated_date, error ) values (gaan001, 2019-07-24 10:24:10, 0) on conditions fcm_token = e51KWK9giv8:APA91bGHMno1HPtH6vgtvvNaxonNc-Bkvswgm2aT4OLq90CDlFw9H2dIl7Li18JiNkP-7pUOuc6Xu8RcoS51Ilqi8H-pAIQ3wxAPozVZ-o4Xh8AcIjJdCzDdKjcmheiVAB_gYeBo2P0d AND device_id = 2639B8CA-61CF-4C5F-AF35-FA532A697892 #Mobile-App: Log-id=2457
13:12:23 hejo003 Helen Jörnås UPDATING data to tables `time2vie_cirruscommon`.`secondary_login` fields ( error ) values (0) on conditions username = hejo003 AND company_id = 20
13:12:23 hejo003 Helen Jörnås INSERTING data into tables `log_login` fields ( username, ip, browser ) values ( hejo003, 90.224.82.244, okhttp/3.9.1 ) => {inserted_id = 2458}
13:12:23 hejo003 Helen Jörnås DELETE data from tables `temp_session` on conditions username LIKE hejo003
13:12:23 hejo003 Helen Jörnås UPDATING data to tables `time2vie_cirruscommon`.`login` fields ( login, last_time ) values (1, 2019-07-24 13:12:23) on conditions username = hejo003
13:12:23 hejo003 Helen Jörnås UPDATING data to tables `time2vie_cirruscommon`.`secondary_login` fields ( last_login_time ) values (2019-07-24 13:12:23) on conditions username = hejo003 AND company_id = 20
13:21:20 anka019 Anna Kawalya Westerberg UPDATING data to tables `time2vie_cirruscommon`.`secondary_login` fields ( error ) values (0) on conditions username = anka019 AND company_id = 20
13:21:20 anka019 Anna Kawalya Westerberg INSERTING data into tables `log_login` fields ( username, ip, browser ) values ( anka019, 78.71.186.33, CirrusM/3 CFNetwork/978.0.7 Darwin/18.6.0 ) => {inserted_id = 2459}
13:21:20 anka019 Anna Kawalya Westerberg DELETE data from tables `temp_session` on conditions username LIKE anka019
13:21:20 anka019 Anna Kawalya Westerberg UPDATING data to tables `time2vie_cirruscommon`.`login` fields ( login, last_time ) values (1, 2019-07-24 13:21:20) on conditions username = anka019
13:21:20 anka019 Anna Kawalya Westerberg UPDATING data to tables `time2vie_cirruscommon`.`secondary_login` fields ( last_login_time ) values (2019-07-24 13:21:20) on conditions username = anka019 AND company_id = 20
13:21:20 anka019 Anna Kawalya Westerberg UPDATING data to tables `time2vie_cirruscommon`.`push_notify_tokens` fields ( user_id, updated_date, error ) values (anka019, 2019-07-24 13:21:20, 0) on conditions fcm_token = d1wrzQOne94:APA91bF1TllusnUz8SELcZ1CzExxSwlnPFfAQ5QkbRyTpK9eJ84uCoCb6y31qm7p3KorK7XTMOqj6eCBRTPOL0IJHR6rW_5PBjjRad-FCKr4ulj-X-UaOmvsoCzc7WoiHZLfDBO1T6NY AND device_id = B1006F38-159E-4822-8F2A-E03AAB239F05 #Mobile-App: Log-id=2459
14:01:40 anka019 Anna Kawalya Westerberg INSERTING data into tables `log_login` fields ( username, ip, browser ) values ( anka019, 78.71.186.33, Mozilla/5.0 (iPhone; CPU iPhone OS 12_3_2 like Mac OS X) AppleWebKit/605.1.15 (KHTML, like Gecko) Version/12.1.1 Mobile/15E148 Safari/604.1 ) => {inserted_id = 2460}
14:01:40 anka019 Anna Kawalya Westerberg DELETE data from tables `temp_session` on conditions username LIKE anka019
14:01:40 anka019 Anna Kawalya Westerberg UPDATING data to tables `time2vie_cirruscommon`.`login` fields ( login, last_time ) values (1, 2019-07-24 14:01:40) on conditions username = anka019
14:01:40 anka019 Anna Kawalya Westerberg UPDATING data to tables `time2vie_cirruscommon`.`secondary_login` fields ( last_login_time ) values (2019-07-24 14:01:40) on conditions username = anka019 AND company_id = 20
14:01:41 anka019 Anna Kawalya Westerberg UPDATING data to tables `time2vie_cirruscommon`.`ws_sessions` fields ( user_id ) values (anka019) on conditions session_id = 2593e77fa6ce18fa853652707dae815f
16:25:36 lisz001 Linnéa Szendera UPDATING data to tables `time2vie_cirruscommon`.`secondary_login` fields ( error ) values (0) on conditions username = lisz001 AND company_id = 20
16:25:36 lisz001 Linnéa Szendera INSERTING data into tables `log_login` fields ( username, ip, browser ) values ( lisz001, 217.215.236.61, okhttp/3.9.1 ) => {inserted_id = 2461}
16:25:36 lisz001 Linnéa Szendera DELETE data from tables `temp_session` on conditions username LIKE lisz001
16:25:36 lisz001 Linnéa Szendera UPDATING data to tables `time2vie_cirruscommon`.`login` fields ( login, last_time ) values (1, 2019-07-24 16:25:36) on conditions username = lisz001
16:25:36 lisz001 Linnéa Szendera UPDATING data to tables `time2vie_cirruscommon`.`secondary_login` fields ( last_login_time ) values (2019-07-24 16:25:36) on conditions username = lisz001 AND company_id = 20
16:41:22 anka019 Anna Kawalya Westerberg INSERTING data into tables `log_login` fields ( username, ip, browser ) values ( anka019, 78.71.186.33, Mozilla/5.0 (iPhone; CPU iPhone OS 12_3_2 like Mac OS X) AppleWebKit/605.1.15 (KHTML, like Gecko) Version/12.1.1 Mobile/15E148 Safari/604.1 ) => {inserted_id = 2462}
16:41:22 anka019 Anna Kawalya Westerberg DELETE data from tables `temp_session` on conditions username LIKE anka019
16:41:22 anka019 Anna Kawalya Westerberg UPDATING data to tables `time2vie_cirruscommon`.`login` fields ( login, last_time ) values (1, 2019-07-24 16:41:22) on conditions username = anka019
16:41:22 anka019 Anna Kawalya Westerberg UPDATING data to tables `time2vie_cirruscommon`.`secondary_login` fields ( last_login_time ) values (2019-07-24 16:41:22) on conditions username = anka019 AND company_id = 20
16:41:23 anka019 Anna Kawalya Westerberg UPDATING data to tables `time2vie_cirruscommon`.`ws_sessions` fields ( user_id ) values (anka019) on conditions session_id = 0f831dc9fba408fa0cb4ff68758d3925
17:06:50 gaan001 Gabriel Andersson UPDATING data to tables `time2vie_cirruscommon`.`secondary_login` fields ( error ) values (0) on conditions username = gaan001 AND company_id = 20
17:06:50 gaan001 Gabriel Andersson INSERTING data into tables `log_login` fields ( username, ip, browser ) values ( gaan001, 94.191.156.55, CirrusM/3 CFNetwork/978.0.7 Darwin/18.6.0 ) => {inserted_id = 2463}
17:06:50 gaan001 Gabriel Andersson DELETE data from tables `temp_session` on conditions username LIKE gaan001
17:06:50 gaan001 Gabriel Andersson UPDATING data to tables `time2vie_cirruscommon`.`login` fields ( login, last_time ) values (1, 2019-07-24 17:06:50) on conditions username = gaan001
17:06:50 gaan001 Gabriel Andersson UPDATING data to tables `time2vie_cirruscommon`.`secondary_login` fields ( last_login_time ) values (2019-07-24 17:06:50) on conditions username = gaan001 AND company_id = 20
17:06:50 gaan001 Gabriel Andersson UPDATING data to tables `time2vie_cirruscommon`.`push_notify_tokens` fields ( user_id, updated_date, error ) values (gaan001, 2019-07-24 17:06:50, 0) on conditions fcm_token = (null) AND device_id = 2639B8CA-61CF-4C5F-AF35-FA532A697892 #Mobile-App: Log-id=2463
20:42:56 hejo003 Helen Jörnås UPDATING data to tables `time2vie_cirruscommon`.`secondary_login` fields ( error ) values (0) on conditions username = hejo003 AND company_id = 20
20:42:56 hejo003 Helen Jörnås INSERTING data into tables `log_login` fields ( username, ip, browser ) values ( hejo003, 90.224.82.244, okhttp/3.9.1 ) => {inserted_id = 2464}
20:42:56 hejo003 Helen Jörnås DELETE data from tables `temp_session` on conditions username LIKE hejo003
20:42:56 hejo003 Helen Jörnås UPDATING data to tables `time2vie_cirruscommon`.`login` fields ( login, last_time ) values (1, 2019-07-24 20:42:56) on conditions username = hejo003
20:42:57 hejo003 Helen Jörnås UPDATING data to tables `time2vie_cirruscommon`.`secondary_login` fields ( last_login_time ) values (2019-07-24 20:42:56) on conditions username = hejo003 AND company_id = 20
22:57:39 hejo003 Helen Jörnås UPDATING data to tables `time2vie_cirruscommon`.`secondary_login` fields ( error ) values (0) on conditions username = hejo003 AND company_id = 20
22:57:39 hejo003 Helen Jörnås INSERTING data into tables `log_login` fields ( username, ip, browser ) values ( hejo003, 90.224.82.244, okhttp/3.9.1 ) => {inserted_id = 2465}
22:57:39 hejo003 Helen Jörnås DELETE data from tables `temp_session` on conditions username LIKE hejo003
22:57:39 hejo003 Helen Jörnås UPDATING data to tables `time2vie_cirruscommon`.`login` fields ( login, last_time ) values (1, 2019-07-24 22:57:39) on conditions username = hejo003
22:57:39 hejo003 Helen Jörnås UPDATING data to tables `time2vie_cirruscommon`.`secondary_login` fields ( last_login_time ) values (2019-07-24 22:57:39) on conditions username = hejo003 AND company_id = 20
23:20:24 anka019 Anna Kawalya Westerberg INSERTING data into tables `log_login` fields ( username, ip, browser ) values ( anka019, 78.71.186.33, Mozilla/5.0 (iPhone; CPU iPhone OS 12_3_2 like Mac OS X) AppleWebKit/605.1.15 (KHTML, like Gecko) Version/12.1.1 Mobile/15E148 Safari/604.1 ) => {inserted_id = 2466}
23:20:24 anka019 Anna Kawalya Westerberg DELETE data from tables `temp_session` on conditions username LIKE anka019
23:20:24 anka019 Anna Kawalya Westerberg UPDATING data to tables `time2vie_cirruscommon`.`login` fields ( login, last_time ) values (1, 2019-07-24 23:20:24) on conditions username = anka019
23:20:24 anka019 Anna Kawalya Westerberg UPDATING data to tables `time2vie_cirruscommon`.`secondary_login` fields ( last_login_time ) values (2019-07-24 23:20:24) on conditions username = anka019 AND company_id = 20
23:20:25 anka019 Anna Kawalya Westerberg UPDATING data to tables `time2vie_cirruscommon`.`ws_sessions` fields ( user_id ) values (anka019) on conditions session_id = ef9461e7e57e0620b3906f59aaa778c1
01:27:46 cagu001 Carina Gustafsson UPDATING data to tables `time2vie_cirruscommon`.`secondary_login` fields ( error ) values (0) on conditions username = cagu001 AND company_id = 20
01:27:46 cagu001 Carina Gustafsson INSERTING data into tables `log_login` fields ( username, ip, browser ) values ( cagu001, 176.10.245.4, okhttp/3.9.1 ) => {inserted_id = 2467}
01:27:46 cagu001 Carina Gustafsson DELETE data from tables `temp_session` on conditions username LIKE cagu001
01:27:46 cagu001 Carina Gustafsson UPDATING data to tables `time2vie_cirruscommon`.`login` fields ( login, last_time ) values (1, 2019-07-25 01:27:46) on conditions username = cagu001
01:27:46 cagu001 Carina Gustafsson UPDATING data to tables `time2vie_cirruscommon`.`secondary_login` fields ( last_login_time ) values (2019-07-25 01:27:46) on conditions username = cagu001 AND company_id = 20
