07:17:01 kaha003 Kalina Hajnold INSERTING data into tables `log_login` fields ( username, ip, browser ) values ( kaha003, 77.53.58.49, Mozilla/5.0 (iPhone; CPU iPhone OS 12_2 like Mac OS X) AppleWebKit/605.1.15 (KHTML, like Gecko) Version/12.1 Mobile/15E148 Safari/604.1 ) => {inserted_id = 291}
07:17:01 kaha003 Kalina Hajnold DELETE data from tables `temp_session` on conditions username LIKE kaha003
07:17:01 kaha003 Kalina Hajnold UPDATING data to tables `time2vie_cirruscommon`.`login` fields ( login, last_time ) values (1, 2019-05-01 07:17:01) on conditions username = kaha003
07:17:01 kaha003 Kalina Hajnold UPDATING data to tables `time2vie_cirruscommon`.`secondary_login` fields ( last_login_time ) values (2019-05-01 07:17:01) on conditions username = kaha003 AND company_id = 20
07:17:02 kaha003 Kalina Hajnold UPDATING data to tables `time2vie_cirruscommon`.`ws_sessions` fields ( user_id ) values (kaha003) on conditions session_id = d7401eb1726324af007c92858bfc116c
07:17:02 kaha003 Kalina Hajnold INSERTING data into tables `log_login` fields ( username, ip, browser ) values ( kaha003, 77.53.58.49, Mozilla/5.0 (iPhone; CPU iPhone OS 12_2 like Mac OS X) AppleWebKit/605.1.15 (KHTML, like Gecko) Version/12.1 Mobile/15E148 Safari/604.1 ) => {inserted_id = 292}
07:17:02 kaha003 Kalina Hajnold DELETE data from tables `temp_session` on conditions username LIKE kaha003
07:17:02 kaha003 Kalina Hajnold UPDATING data to tables `time2vie_cirruscommon`.`login` fields ( login, last_time ) values (1, 2019-05-01 07:17:02) on conditions username = kaha003
07:17:02 kaha003 Kalina Hajnold UPDATING data to tables `time2vie_cirruscommon`.`secondary_login` fields ( last_login_time ) values (2019-05-01 07:17:02) on conditions username = kaha003 AND company_id = 20
07:17:02 kaha003 Kalina Hajnold UPDATING data to tables `time2vie_cirruscommon`.`ws_sessions` fields ( user_id ) values (kaha003) on conditions session_id = d7401eb1726324af007c92858bfc116c
07:17:07 kaha003 Kalina Hajnold UPDATING data to tables `time2vie_cirruscommon`.`ws_sessions` fields ( user_id ) values (kaha003) on conditions session_id = d7401eb1726324af007c92858bfc116c
09:10:52 emja001 Emilia Jacobsson INSERTING data into tables `log_login` fields ( username, ip, browser ) values ( emja001, 90.230.216.234, Mozilla/5.0 (iPhone; CPU iPhone OS 12_2 like Mac OS X) AppleWebKit/605.1.15 (KHTML, like Gecko) Version/12.1 Mobile/15E148 Safari/604.1 ) => {inserted_id = 293}
09:10:52 emja001 Emilia Jacobsson DELETE data from tables `temp_session` on conditions username LIKE emja001
09:10:52 emja001 Emilia Jacobsson UPDATING data to tables `time2vie_cirruscommon`.`login` fields ( login, last_time ) values (1, 2019-05-01 09:10:52) on conditions username = emja001
09:10:52 emja001 Emilia Jacobsson UPDATING data to tables `time2vie_cirruscommon`.`secondary_login` fields ( last_login_time ) values (2019-05-01 09:10:52) on conditions username = emja001 AND company_id = 20
09:10:53 emja001 Emilia Jacobsson UPDATING data to tables `time2vie_cirruscommon`.`ws_sessions` fields ( user_id ) values (emja001) on conditions session_id = 2f3b3e454aac6df02a75b6c2f5151387
10:15:58 biwa003 Birgitta Wåhlander INSERTING data into tables `log_login` fields ( username, ip, browser ) values ( biwa003, 185.27.165.66, Mozilla/5.0 (Windows NT 6.1; Win64; x64) AppleWebKit/537.36 (KHTML, like Gecko) Chrome/74.0.3729.131 Safari/537.36 ) => {inserted_id = 294}
10:15:58 biwa003 Birgitta Wåhlander DELETE data from tables `temp_session` on conditions username LIKE biwa003
10:15:58 biwa003 Birgitta Wåhlander UPDATING data to tables `time2vie_cirruscommon`.`login` fields ( login, last_time ) values (1, 2019-05-01 10:15:58) on conditions username = biwa003
10:15:58 biwa003 Birgitta Wåhlander UPDATING data to tables `time2vie_cirruscommon`.`secondary_login` fields ( last_login_time ) values (2019-05-01 10:15:58) on conditions username = biwa003 AND company_id = 20
10:15:59 biwa003 Birgitta Wåhlander UPDATING data to tables `time2vie_cirruscommon`.`ws_sessions` fields ( user_id ) values (biwa003) on conditions session_id = bd22c058ee16254ae231092dc35241b7
10:19:29 biwa003 Birgitta Wåhlander UPDATING data to tables `time2vie_cirruscommon`.`login` fields ( role, mobile ) values (2, 702484816) on conditions username = hebe001
10:19:29 biwa003 Birgitta Wåhlander UPDATING data to tables `employee` fields ( code, century, social_security, first_name, last_name, gender, address, city, post, phone, mobile, email, date, color, status, date_inactive, max_hours, monthly_salary, start_day, remaining_sem_leave, sem_leave_todate, leave_in_advance, care_of, office_personal, substitute, salary_type, sem_leave_days, vab_leave_days, fp_leave_days, nopay_leave_days, other_leave_days, ice, employee_contract_start_month, employee_contract_period_date, employee_contract_period_length, candg_follow, inconvenient_on ) values (6, 19, 6603104602, Helen, Bengtsson, 2, Hagalyckan, Nösslinge by 84, SKÄLLINGE, 432 99, , 702484816, helen@moonfamily.se, 2019-04-01, #980000, 1, , 17.00, 0, 10.00, 0, , 0, , 0, 0, 2, 0, 1, 1, 1, 1, , 04, 1, 04, 0, 0) on conditions username = hebe001
10:19:29 biwa003 Birgitta Wåhlander DELETE data from tables `team` on conditions employee = hebe001
10:19:29 biwa003 Birgitta Wåhlander INSERTING data into tables `team` fields ( customer, employee, role ) values ( tibe002, hebe001, 2 ), ( vafa001, hebe001, 3 ) => {inserted_id = 0}
10:21:14 biwa003 Birgitta Wåhlander UPDATING data to tables `time2vie_cirruscommon`.`login` fields ( role, mobile ) values (2, 702484816) on conditions username = hebe001
10:21:14 biwa003 Birgitta Wåhlander UPDATING data to tables `employee` fields ( code, century, social_security, first_name, last_name, gender, address, city, post, phone, mobile, email, date, color, status, date_inactive, max_hours, monthly_salary, start_day, remaining_sem_leave, sem_leave_todate, leave_in_advance, care_of, office_personal, substitute, salary_type, sem_leave_days, vab_leave_days, fp_leave_days, nopay_leave_days, other_leave_days, ice, employee_contract_start_month, employee_contract_period_date, employee_contract_period_length, candg_follow, inconvenient_on ) values (6, 19, 6603104602, Helen, Bengtsson, 2, Hagalyckan, Nösslinge by 84, SKÄLLINGE, 432 99, , 702484816, helen@moonfamily.se, 2019-04-01, #980000, 1, , 17.00, 0, 10.00, 0, , 0, , 0, 0, 2, 0, 1, 1, 1, 1, , 04, 1, 04, 0, 0) on conditions username = hebe001
10:21:14 biwa003 Birgitta Wåhlander DELETE data from tables `team` on conditions employee = hebe001
10:21:14 biwa003 Birgitta Wåhlander INSERTING data into tables `team` fields ( customer, employee, role ) values ( tibe002, hebe001, 2 ), ( vafa001, hebe001, 2 ) => {inserted_id = 0}
10:25:50 biwa003 Birgitta Wåhlander INSERTING data into tables `log_login` fields ( username, ip, browser ) values ( biwa003, 185.27.165.66, Mozilla/5.0 (Windows NT 6.1; Win64; x64) AppleWebKit/537.36 (KHTML, like Gecko) Chrome/74.0.3729.131 Safari/537.36 ) => {inserted_id = 295}
10:25:50 biwa003 Birgitta Wåhlander DELETE data from tables `temp_session` on conditions username LIKE biwa003
10:25:50 biwa003 Birgitta Wåhlander UPDATING data to tables `time2vie_cirruscommon`.`login` fields ( login, last_time ) values (1, 2019-05-01 10:25:50) on conditions username = biwa003
10:25:50 biwa003 Birgitta Wåhlander UPDATING data to tables `time2vie_cirruscommon`.`secondary_login` fields ( last_login_time ) values (2019-05-01 10:25:50) on conditions username = biwa003 AND company_id = 20
10:25:50 biwa003 Birgitta Wåhlander UPDATING data to tables `time2vie_cirruscommon`.`ws_sessions` fields ( user_id ) values (biwa003) on conditions session_id = bd22c058ee16254ae231092dc35241b7
10:29:59 biwa003 Birgitta Wåhlander UPDATING data to tables `document_archive` fields ( users ) values (chwa001,biwa003-chwa001,gaan001-chwa001,anka019-chwa001,thgu002-chwa001,mato007-chwa001,lawa002-chwa001,idah001-chwa001) on conditions id= 1
11:01:21 lawa002 Lars Wåhlander INSERTING data into tables `log_login` fields ( username, ip, browser ) values ( lawa002, 83.185.85.43, Mozilla/5.0 (iPhone; CPU iPhone OS 12_2 like Mac OS X) AppleWebKit/605.1.15 (KHTML, like Gecko) Version/12.1 Mobile/15E148 Safari/604.1 ) => {inserted_id = 296}
11:01:21 lawa002 Lars Wåhlander DELETE data from tables `temp_session` on conditions username LIKE lawa002
11:01:22 lawa002 Lars Wåhlander UPDATING data to tables `time2vie_cirruscommon`.`login` fields ( login, last_time ) values (1, 2019-05-01 11:01:21) on conditions username = lawa002
11:01:22 lawa002 Lars Wåhlander UPDATING data to tables `time2vie_cirruscommon`.`secondary_login` fields ( last_login_time ) values (2019-05-01 11:01:21) on conditions username = lawa002 AND company_id = 20
11:01:43 lawa002 Lars Wåhlander UPDATING data to tables `time2vie_cirruscommon`.`ws_sessions` fields ( user_id ) values (lawa002) on conditions session_id = c43a422eaa6351cac659df70308e341f
11:02:43 lawa002 Lars Wåhlander UPDATING data to tables `time2vie_cirruscommon`.`ws_sessions` fields ( user_id ) values (lawa002) on conditions session_id = c43a422eaa6351cac659df70308e341f
11:03:20 lawa002 Lars Wåhlander UPDATING data to tables `time2vie_cirruscommon`.`ws_sessions` fields ( user_id ) values (lawa002) on conditions session_id = c43a422eaa6351cac659df70308e341f
11:52:45 cagu001 Carina Gustafsson UPDATING data to tables `time2vie_cirruscommon`.`secondary_login` fields ( error ) values (0) on conditions username = cagu001 AND company_id = 20
11:52:46 cagu001 Carina Gustafsson INSERTING data into tables `log_login` fields ( username, ip, browser ) values ( cagu001, 83.209.27.1, okhttp/3.9.1 ) => {inserted_id = 297}
11:52:46 cagu001 Carina Gustafsson DELETE data from tables `temp_session` on conditions username LIKE cagu001
11:52:46 cagu001 Carina Gustafsson UPDATING data to tables `time2vie_cirruscommon`.`login` fields ( login, last_time ) values (1, 2019-05-01 11:52:46) on conditions username = cagu001
11:52:46 cagu001 Carina Gustafsson UPDATING data to tables `time2vie_cirruscommon`.`secondary_login` fields ( last_login_time ) values (2019-05-01 11:52:46) on conditions username = cagu001 AND company_id = 20
11:54:29 mani008 Maja Nilsson UPDATING data to tables `time2vie_cirruscommon`.`secondary_login` fields ( error ) values (0) on conditions username = mani008 AND company_id = 20
11:54:29 mani008 Maja Nilsson INSERTING data into tables `log_login` fields ( username, ip, browser ) values ( mani008, 83.209.27.1, okhttp/3.9.1 ) => {inserted_id = 298}
11:54:29 mani008 Maja Nilsson DELETE data from tables `temp_session` on conditions username LIKE mani008
11:54:29 mani008 Maja Nilsson UPDATING data to tables `time2vie_cirruscommon`.`login` fields ( login, last_time ) values (1, 2019-05-01 11:54:29) on conditions username = mani008
11:54:29 mani008 Maja Nilsson UPDATING data to tables `time2vie_cirruscommon`.`secondary_login` fields ( last_login_time ) values (2019-05-01 11:54:29) on conditions username = mani008 AND company_id = 20
12:50:00 lawa002 Lars Wåhlander INSERTING data into tables `log_login` fields ( username, ip, browser ) values ( lawa002, 83.185.85.43, Mozilla/5.0 (iPhone; CPU iPhone OS 12_2 like Mac OS X) AppleWebKit/605.1.15 (KHTML, like Gecko) Version/12.1 Mobile/15E148 Safari/604.1 ) => {inserted_id = 299}
12:50:00 lawa002 Lars Wåhlander DELETE data from tables `temp_session` on conditions username LIKE lawa002
12:50:00 lawa002 Lars Wåhlander UPDATING data to tables `time2vie_cirruscommon`.`login` fields ( login, last_time ) values (1, 2019-05-01 12:50:00) on conditions username = lawa002
12:50:00 lawa002 Lars Wåhlander UPDATING data to tables `time2vie_cirruscommon`.`secondary_login` fields ( last_login_time ) values (2019-05-01 12:50:00) on conditions username = lawa002 AND company_id = 20
12:50:01 lawa002 Lars Wåhlander UPDATING data to tables `time2vie_cirruscommon`.`ws_sessions` fields ( user_id ) values (lawa002) on conditions session_id = 2cc39365f134f8381d94b8475f4b0d01
12:50:37 anka019 Anna Kawalya Westerberg INSERTING data into tables `log_login` fields ( username, ip, browser ) values ( anka019, 94.103.194.75, Mozilla/5.0 (iPhone; CPU iPhone OS 12_1_4 like Mac OS X) AppleWebKit/605.1.15 (KHTML, like Gecko) Version/12.0 Mobile/15E148 Safari/604.1 ) => {inserted_id = 300}
12:50:37 anka019 Anna Kawalya Westerberg DELETE data from tables `temp_session` on conditions username LIKE anka019
12:50:37 anka019 Anna Kawalya Westerberg UPDATING data to tables `time2vie_cirruscommon`.`login` fields ( login, last_time ) values (1, 2019-05-01 12:50:37) on conditions username = anka019
12:50:37 anka019 Anna Kawalya Westerberg UPDATING data to tables `time2vie_cirruscommon`.`secondary_login` fields ( last_login_time ) values (2019-05-01 12:50:37) on conditions username = anka019 AND company_id = 20
12:50:38 anka019 Anna Kawalya Westerberg UPDATING data to tables `time2vie_cirruscommon`.`ws_sessions` fields ( user_id ) values (anka019) on conditions session_id = 11ec397e87c6db5de36ad56eb7c8d199
12:50:58 anka019 Anna Kawalya Westerberg INSERTING data into tables `log_login` fields ( username, ip, browser ) values ( anka019, 94.103.194.75, Mozilla/5.0 (iPhone; CPU iPhone OS 12_1_4 like Mac OS X) AppleWebKit/605.1.15 (KHTML, like Gecko) Version/12.0 Mobile/15E148 Safari/604.1 ) => {inserted_id = 301}
12:50:58 anka019 Anna Kawalya Westerberg DELETE data from tables `temp_session` on conditions username LIKE anka019
12:50:58 anka019 Anna Kawalya Westerberg UPDATING data to tables `time2vie_cirruscommon`.`login` fields ( login, last_time ) values (1, 2019-05-01 12:50:58) on conditions username = anka019
12:50:58 anka019 Anna Kawalya Westerberg UPDATING data to tables `time2vie_cirruscommon`.`secondary_login` fields ( last_login_time ) values (2019-05-01 12:50:58) on conditions username = anka019 AND company_id = 20
12:53:18 anka019 Anna Kawalya Westerberg INSERTING data into tables `log_login` fields ( username, ip, browser ) values ( anka019, 94.103.194.75, Mozilla/5.0 (iPhone; CPU iPhone OS 12_1_4 like Mac OS X) AppleWebKit/605.1.15 (KHTML, like Gecko) Version/12.0 Mobile/15E148 Safari/604.1 ) => {inserted_id = 302}
12:53:18 anka019 Anna Kawalya Westerberg DELETE data from tables `temp_session` on conditions username LIKE anka019
12:53:18 anka019 Anna Kawalya Westerberg UPDATING data to tables `time2vie_cirruscommon`.`login` fields ( login, last_time ) values (1, 2019-05-01 12:53:18) on conditions username = anka019
12:53:18 anka019 Anna Kawalya Westerberg UPDATING data to tables `time2vie_cirruscommon`.`secondary_login` fields ( last_login_time ) values (2019-05-01 12:53:18) on conditions username = anka019 AND company_id = 20
12:53:19 anka019 Anna Kawalya Westerberg UPDATING data to tables `time2vie_cirruscommon`.`ws_sessions` fields ( user_id ) values (anka019) on conditions session_id = 3f00742ec3b3ba54361c639f7e182aee
12:55:19 anka019 Anna Kawalya Westerberg INSERTING data into tables `log_login` fields ( username, ip, browser ) values ( anka019, 94.103.194.75, Mozilla/5.0 (iPhone; CPU iPhone OS 12_1_4 like Mac OS X) AppleWebKit/605.1.15 (KHTML, like Gecko) Version/12.0 Mobile/15E148 Safari/604.1 ) => {inserted_id = 303}
12:55:19 anka019 Anna Kawalya Westerberg DELETE data from tables `temp_session` on conditions username LIKE anka019
12:55:19 anka019 Anna Kawalya Westerberg UPDATING data to tables `time2vie_cirruscommon`.`login` fields ( login, last_time ) values (1, 2019-05-01 12:55:19) on conditions username = anka019
12:55:19 anka019 Anna Kawalya Westerberg UPDATING data to tables `time2vie_cirruscommon`.`secondary_login` fields ( last_login_time ) values (2019-05-01 12:55:19) on conditions username = anka019 AND company_id = 20
12:55:20 anka019 Anna Kawalya Westerberg UPDATING data to tables `time2vie_cirruscommon`.`ws_sessions` fields ( user_id ) values (anka019) on conditions session_id = 0dac6f8e242be88811fdea6eaeb27478
12:55:45 anka019 Anna Kawalya Westerberg UPDATING data to tables `time2vie_cirruscommon`.`ws_sessions` fields ( user_id ) values (anka019) on conditions session_id = 0dac6f8e242be88811fdea6eaeb27478
12:55:51 anka019 Anna Kawalya Westerberg UPDATING data to tables `time2vie_cirruscommon`.`ws_sessions` fields ( user_id ) values (anka019) on conditions session_id = 06fa1808c2ba5c2c18887dc6857c949f
12:56:15 biwa003 Birgitta Wåhlander INSERTING data into tables `log_login` fields ( username, ip, browser ) values ( biwa003, 94.103.194.75, Mozilla/5.0 (iPad; CPU OS 10_3_3 like Mac OS X) AppleWebKit/603.1.30 (KHTML, like Gecko) CriOS/71.0.3578.89 Mobile/14G60 Safari/602.1 ) => {inserted_id = 304}
12:56:15 biwa003 Birgitta Wåhlander DELETE data from tables `temp_session` on conditions username LIKE biwa003
12:56:15 biwa003 Birgitta Wåhlander UPDATING data to tables `time2vie_cirruscommon`.`login` fields ( login, last_time ) values (1, 2019-05-01 12:56:15) on conditions username = biwa003
12:56:15 biwa003 Birgitta Wåhlander UPDATING data to tables `time2vie_cirruscommon`.`secondary_login` fields ( last_login_time ) values (2019-05-01 12:56:15) on conditions username = biwa003 AND company_id = 20
12:57:07 biwa003 Birgitta Wåhlander UPDATING data to tables `time2vie_cirruscommon`.`ws_sessions` fields ( user_id ) values (biwa003) on conditions session_id = b83b13d98e9083706f3a4732a72a07c8
12:57:36 anka019 Anna Kawalya Westerberg INSERTING data into tables `log_login` fields ( username, ip, browser ) values ( anka019, 94.103.194.75, Mozilla/5.0 (iPhone; CPU iPhone OS 12_1_4 like Mac OS X) AppleWebKit/605.1.15 (KHTML, like Gecko) Version/12.0 Mobile/15E148 Safari/604.1 ) => {inserted_id = 305}
12:57:36 anka019 Anna Kawalya Westerberg DELETE data from tables `temp_session` on conditions username LIKE anka019
12:57:36 anka019 Anna Kawalya Westerberg UPDATING data to tables `time2vie_cirruscommon`.`login` fields ( login, last_time ) values (1, 2019-05-01 12:57:36) on conditions username = anka019
12:57:36 anka019 Anna Kawalya Westerberg UPDATING data to tables `time2vie_cirruscommon`.`secondary_login` fields ( last_login_time ) values (2019-05-01 12:57:36) on conditions username = anka019 AND company_id = 20
12:57:37 anka019 Anna Kawalya Westerberg UPDATING data to tables `time2vie_cirruscommon`.`ws_sessions` fields ( user_id ) values (anka019) on conditions session_id = 487bdaa754dbb21f5c575d25e206a33f
13:19:14 mygu002 My Gustafsson INSERTING data into tables `log_login` fields ( username, ip, browser ) values ( mygu002, 83.209.27.1, Mozilla/5.0 (Windows NT 10.0; Win64; x64) AppleWebKit/537.36 (KHTML, like Gecko) Chrome/73.0.3683.103 Safari/537.36 ) => {inserted_id = 306}
13:19:14 mygu002 My Gustafsson DELETE data from tables `temp_session` on conditions username LIKE mygu002
13:19:15 mygu002 My Gustafsson UPDATING data to tables `time2vie_cirruscommon`.`login` fields ( login, last_time ) values (1, 2019-05-01 13:19:14) on conditions username = mygu002
13:19:15 mygu002 My Gustafsson UPDATING data to tables `time2vie_cirruscommon`.`secondary_login` fields ( last_login_time ) values (2019-05-01 13:19:14) on conditions username = mygu002 AND company_id = 20
13:19:16 mygu002 My Gustafsson UPDATING data to tables `time2vie_cirruscommon`.`ws_sessions` fields ( user_id ) values (mygu002) on conditions session_id = 260adaee3e2303284226ec48dcdcb469
13:25:25 mygu002 My Gustafsson DELETE data from tables `temp_session` on conditions username LIKE mygu002
13:25:25 mygu002 My Gustafsson UPDATING data to tables `time2vie_cirruscommon`.`login` fields ( login, last_time ) values (0, 2019-05-01 13:25:25) on conditions username = mygu002
13:25:25 mygu002 My Gustafsson UPDATING data to tables `time2vie_cirruscommon`.`secondary_login` fields ( last_login_time ) values (2019-05-01 13:25:25) on conditions username = mygu002 AND company_id = 20
13:25:25   UPDATING data to tables `log_login` fields ( logout_time ) values (2019-05-01:11:25:25) on conditions id = 306 AND username = mygu002
13:57:07 mani008 Maja Nilsson UPDATING data to tables `time2vie_cirruscommon`.`secondary_login` fields ( error ) values (0) on conditions username = mani008 AND company_id = 20
13:57:07 mani008 Maja Nilsson INSERTING data into tables `log_login` fields ( username, ip, browser ) values ( mani008, 83.209.27.1, okhttp/3.9.1 ) => {inserted_id = 307}
13:57:07 mani008 Maja Nilsson DELETE data from tables `temp_session` on conditions username LIKE mani008
13:57:07 mani008 Maja Nilsson UPDATING data to tables `time2vie_cirruscommon`.`login` fields ( login, last_time ) values (1, 2019-05-01 13:57:07) on conditions username = mani008
13:57:08 mani008 Maja Nilsson UPDATING data to tables `time2vie_cirruscommon`.`secondary_login` fields ( last_login_time ) values (2019-05-01 13:57:07) on conditions username = mani008 AND company_id = 20
14:51:25 cagu001 Carina Gustafsson UPDATING data to tables `time2vie_cirruscommon`.`secondary_login` fields ( error ) values (0) on conditions username = cagu001 AND company_id = 20
14:51:26 cagu001 Carina Gustafsson INSERTING data into tables `log_login` fields ( username, ip, browser ) values ( cagu001, 176.10.245.4, okhttp/3.9.1 ) => {inserted_id = 308}
14:51:26 cagu001 Carina Gustafsson DELETE data from tables `temp_session` on conditions username LIKE cagu001
14:51:26 cagu001 Carina Gustafsson UPDATING data to tables `time2vie_cirruscommon`.`login` fields ( login, last_time ) values (1, 2019-05-01 14:51:26) on conditions username = cagu001
14:51:26 cagu001 Carina Gustafsson UPDATING data to tables `time2vie_cirruscommon`.`secondary_login` fields ( last_login_time ) values (2019-05-01 14:51:26) on conditions username = cagu001 AND company_id = 20
18:00:04 mato007 Mattias Torbiörnson UPDATING data to tables `time2vie_cirruscommon`.`secondary_login` fields ( error ) values (0) on conditions username = mato007 AND company_id = 20
18:00:04 mato007 Mattias Torbiörnson INSERTING data into tables `log_login` fields ( username, ip, browser ) values ( mato007, 217.73.111.160, CirrusM/3 CFNetwork/978.0.7 Darwin/18.5.0 ) => {inserted_id = 309}
18:00:04 mato007 Mattias Torbiörnson DELETE data from tables `temp_session` on conditions username LIKE mato007
18:00:04 mato007 Mattias Torbiörnson UPDATING data to tables `time2vie_cirruscommon`.`login` fields ( login, last_time ) values (1, 2019-05-01 18:00:04) on conditions username = mato007
18:00:04 mato007 Mattias Torbiörnson UPDATING data to tables `time2vie_cirruscommon`.`secondary_login` fields ( last_login_time ) values (2019-05-01 18:00:04) on conditions username = mato007 AND company_id = 20
18:00:05 mato007 Mattias Torbiörnson UPDATING data to tables `time2vie_cirruscommon`.`push_notify_tokens` fields ( user_id, updated_date, error ) values (mato007, 2019-05-01 18:00:05, 0) on conditions fcm_token = er2Ysp_XVPI:APA91bF7oz4TlPjnv2Ft_y0JVWwwQMprxP9e8Bjdjm-Fdzn4JCdLORhkOAVh_lf4_tX-_A4dqDnPyj5151jp0ZGxIsLFLua_p_bomblhJryTBY_ElwLbSzBNHyuQdZ5dH9-VqFp9tc7a AND device_id = 0E77902D-FC69-4F3F-9F41-A3BD80129544 #Mobile-App: Log-id=309
18:00:38 biwa003 Birgitta Wåhlander INSERTING data into tables `log_login` fields ( username, ip, browser ) values ( biwa003, 185.27.165.66, Mozilla/5.0 (Windows NT 6.1; Win64; x64) AppleWebKit/537.36 (KHTML, like Gecko) Chrome/74.0.3729.131 Safari/537.36 ) => {inserted_id = 310}
18:00:38 biwa003 Birgitta Wåhlander DELETE data from tables `temp_session` on conditions username LIKE biwa003
18:00:38 biwa003 Birgitta Wåhlander UPDATING data to tables `time2vie_cirruscommon`.`login` fields ( login, last_time ) values (1, 2019-05-01 18:00:38) on conditions username = biwa003
18:00:38 biwa003 Birgitta Wåhlander UPDATING data to tables `time2vie_cirruscommon`.`secondary_login` fields ( last_login_time ) values (2019-05-01 18:00:38) on conditions username = biwa003 AND company_id = 20
18:00:39 biwa003 Birgitta Wåhlander UPDATING data to tables `time2vie_cirruscommon`.`ws_sessions` fields ( user_id ) values (biwa003) on conditions session_id = bd22c058ee16254ae231092dc35241b7
18:43:12 hejo003 Helen Jörnås UPDATING data to tables `time2vie_cirruscommon`.`secondary_login` fields ( error ) values (0) on conditions username = hejo003 AND company_id = 20
18:43:12 hejo003 Helen Jörnås INSERTING data into tables `log_login` fields ( username, ip, browser ) values ( hejo003, 90.224.82.244, okhttp/3.9.1 ) => {inserted_id = 311}
18:43:12 hejo003 Helen Jörnås DELETE data from tables `temp_session` on conditions username LIKE hejo003
18:43:12 hejo003 Helen Jörnås UPDATING data to tables `time2vie_cirruscommon`.`login` fields ( login, last_time ) values (1, 2019-05-01 18:43:12) on conditions username = hejo003
18:43:12 hejo003 Helen Jörnås UPDATING data to tables `time2vie_cirruscommon`.`secondary_login` fields ( last_login_time ) values (2019-05-01 18:43:12) on conditions username = hejo003 AND company_id = 20
20:17:49 emja001 Emilia Jacobsson INSERTING data into tables `log_login` fields ( username, ip, browser ) values ( emja001, 90.230.216.234, Mozilla/5.0 (iPhone; CPU iPhone OS 12_2 like Mac OS X) AppleWebKit/605.1.15 (KHTML, like Gecko) Version/12.1 Mobile/15E148 Safari/604.1 ) => {inserted_id = 312}
20:17:49 emja001 Emilia Jacobsson DELETE data from tables `temp_session` on conditions username LIKE emja001
20:17:49 emja001 Emilia Jacobsson UPDATING data to tables `time2vie_cirruscommon`.`login` fields ( login, last_time ) values (1, 2019-05-01 20:17:49) on conditions username = emja001
20:17:49 emja001 Emilia Jacobsson UPDATING data to tables `time2vie_cirruscommon`.`secondary_login` fields ( last_login_time ) values (2019-05-01 20:17:49) on conditions username = emja001 AND company_id = 20
20:17:50 emja001 Emilia Jacobsson UPDATING data to tables `time2vie_cirruscommon`.`ws_sessions` fields ( user_id ) values (emja001) on conditions session_id = 78e682cea531506c08508b5495e4114c
21:38:08 elbe006 Elin Berntsson UPDATING data to tables `time2vie_cirruscommon`.`secondary_login` fields ( error ) values (0) on conditions username = elbe006 AND company_id = 20
21:38:08 elbe006 Elin Berntsson INSERTING data into tables `log_login` fields ( username, ip, browser ) values ( elbe006, 158.174.54.90, okhttp/3.9.1 ) => {inserted_id = 313}
21:38:08 elbe006 Elin Berntsson DELETE data from tables `temp_session` on conditions username LIKE elbe006
21:38:08 elbe006 Elin Berntsson UPDATING data to tables `time2vie_cirruscommon`.`login` fields ( login, last_time ) values (1, 2019-05-01 21:38:08) on conditions username = elbe006
21:38:08 elbe006 Elin Berntsson UPDATING data to tables `time2vie_cirruscommon`.`secondary_login` fields ( last_login_time ) values (2019-05-01 21:38:08) on conditions username = elbe006 AND company_id = 20
22:02:50 mato007 Mattias Torbiörnson UPDATING data to tables `time2vie_cirruscommon`.`secondary_login` fields ( error ) values (0) on conditions username = mato007 AND company_id = 20
22:02:50 mato007 Mattias Torbiörnson INSERTING data into tables `log_login` fields ( username, ip, browser ) values ( mato007, 217.73.111.160, CirrusM/3 CFNetwork/978.0.7 Darwin/18.5.0 ) => {inserted_id = 314}
22:02:50 mato007 Mattias Torbiörnson DELETE data from tables `temp_session` on conditions username LIKE mato007
22:02:50 mato007 Mattias Torbiörnson UPDATING data to tables `time2vie_cirruscommon`.`login` fields ( login, last_time ) values (1, 2019-05-01 22:02:50) on conditions username = mato007
22:02:50 mato007 Mattias Torbiörnson UPDATING data to tables `time2vie_cirruscommon`.`secondary_login` fields ( last_login_time ) values (2019-05-01 22:02:50) on conditions username = mato007 AND company_id = 20
22:02:51 mato007 Mattias Torbiörnson UPDATING data to tables `time2vie_cirruscommon`.`push_notify_tokens` fields ( user_id, updated_date, error ) values (mato007, 2019-05-01 22:02:51, 0) on conditions fcm_token = er2Ysp_XVPI:APA91bF7oz4TlPjnv2Ft_y0JVWwwQMprxP9e8Bjdjm-Fdzn4JCdLORhkOAVh_lf4_tX-_A4dqDnPyj5151jp0ZGxIsLFLua_p_bomblhJryTBY_ElwLbSzBNHyuQdZ5dH9-VqFp9tc7a AND device_id = 0E77902D-FC69-4F3F-9F41-A3BD80129544 #Mobile-App: Log-id=314
22:20:18 biwa003 Birgitta Wåhlander INSERTING data into tables `log_login` fields ( username, ip, browser ) values ( biwa003, 185.27.165.66, Mozilla/5.0 (Windows NT 6.1; Win64; x64) AppleWebKit/537.36 (KHTML, like Gecko) Chrome/74.0.3729.131 Safari/537.36 ) => {inserted_id = 315}
22:20:18 biwa003 Birgitta Wåhlander DELETE data from tables `temp_session` on conditions username LIKE biwa003
22:20:18 biwa003 Birgitta Wåhlander UPDATING data to tables `time2vie_cirruscommon`.`login` fields ( login, last_time ) values (1, 2019-05-01 22:20:18) on conditions username = biwa003
22:20:18 biwa003 Birgitta Wåhlander UPDATING data to tables `time2vie_cirruscommon`.`secondary_login` fields ( last_login_time ) values (2019-05-01 22:20:18) on conditions username = biwa003 AND company_id = 20
22:20:19 biwa003 Birgitta Wåhlander UPDATING data to tables `time2vie_cirruscommon`.`ws_sessions` fields ( user_id ) values (biwa003) on conditions session_id = bd22c058ee16254ae231092dc35241b7
22:20:23 biwa003 Birgitta Wåhlander UPDATING data to tables `time2vie_cirruscommon`.`ws_sessions` fields ( user_id ) values (biwa003) on conditions session_id = bd22c058ee16254ae231092dc35241b7
22:21:46 biwa003 Birgitta Wåhlander UPDATING data to tables `report_signing` fields ( signin_employee, signin_date, employee_sign, employee_ocs, signin_tl, signin_tl_date, tl_sign, tl_ocs, signin_sutl, signin_sutl_date, sutl_sign, sutl_ocs ) values (biwa003, 2019-05-01 22:21:46, , , cagu001, 2019-04-30 15:24:05, , , cagu001, 2019-04-30 15:24:05, , ) on conditions id = 4
22:21:55 biwa003 Birgitta Wåhlander UPDATING data to tables `time2vie_cirruscommon`.`ws_sessions` fields ( user_id ) values (biwa003) on conditions session_id = bd22c058ee16254ae231092dc35241b7
22:44:03 cagu001 Carina Gustafsson UPDATING data to tables `time2vie_cirruscommon`.`secondary_login` fields ( error ) values (0) on conditions username = cagu001 AND company_id = 20
22:44:03 cagu001 Carina Gustafsson INSERTING data into tables `log_login` fields ( username, ip, browser ) values ( cagu001, 176.10.245.4, okhttp/3.9.1 ) => {inserted_id = 316}
22:44:03 cagu001 Carina Gustafsson DELETE data from tables `temp_session` on conditions username LIKE cagu001
22:44:03 cagu001 Carina Gustafsson UPDATING data to tables `time2vie_cirruscommon`.`login` fields ( login, last_time ) values (1, 2019-05-01 22:44:03) on conditions username = cagu001
22:44:03 cagu001 Carina Gustafsson UPDATING data to tables `time2vie_cirruscommon`.`secondary_login` fields ( last_login_time ) values (2019-05-01 22:44:03) on conditions username = cagu001 AND company_id = 20
