07:34:20 hejo003 Helen Jörnås UPDATING data to tables `time2vie_cirruscommon`.`secondary_login` fields ( error ) values (0) on conditions username = hejo003 AND company_id = 20
07:34:20 hejo003 Helen Jörnås INSERTING data into tables `log_login` fields ( username, ip, browser ) values ( hejo003, 90.224.82.244, okhttp/3.9.1 ) => {inserted_id = 600}
07:34:20 hejo003 Helen Jörnås DELETE data from tables `temp_session` on conditions username LIKE hejo003
07:34:20 hejo003 Helen Jörnås UPDATING data to tables `time2vie_cirruscommon`.`login` fields ( login, last_time ) values (1, 2019-05-14 07:34:20) on conditions username = hejo003
07:34:20 hejo003 Helen Jörnås UPDATING data to tables `time2vie_cirruscommon`.`secondary_login` fields ( last_login_time ) values (2019-05-14 07:34:20) on conditions username = hejo003 AND company_id = 20
08:09:35 tiha001 Tina Hansen UPDATING data to tables `time2vie_cirruscommon`.`secondary_login` fields ( error ) values (0) on conditions username = tiha001 AND company_id = 20
08:09:35 tiha001 Tina Hansen INSERTING data into tables `log_login` fields ( username, ip, browser ) values ( tiha001, 94.234.48.247, okhttp/3.9.1 ) => {inserted_id = 601}
08:09:35 tiha001 Tina Hansen DELETE data from tables `temp_session` on conditions username LIKE tiha001
08:09:36 tiha001 Tina Hansen UPDATING data to tables `time2vie_cirruscommon`.`login` fields ( login, last_time ) values (1, 2019-05-14 08:09:35) on conditions username = tiha001
08:09:36 tiha001 Tina Hansen UPDATING data to tables `time2vie_cirruscommon`.`secondary_login` fields ( last_login_time ) values (2019-05-14 08:09:35) on conditions username = tiha001 AND company_id = 20
08:11:58 tiha001 Tina Hansen UPDATING data to tables `time2vie_cirruscommon`.`secondary_login` fields ( error ) values (0) on conditions username = tiha001 AND company_id = 20
08:11:58 tiha001 Tina Hansen INSERTING data into tables `log_login` fields ( username, ip, browser ) values ( tiha001, 94.234.48.247, okhttp/3.9.1 ) => {inserted_id = 602}
08:11:58 tiha001 Tina Hansen DELETE data from tables `temp_session` on conditions username LIKE tiha001
08:11:58 tiha001 Tina Hansen UPDATING data to tables `time2vie_cirruscommon`.`login` fields ( login, last_time ) values (1, 2019-05-14 08:11:58) on conditions username = tiha001
08:11:58 tiha001 Tina Hansen UPDATING data to tables `time2vie_cirruscommon`.`secondary_login` fields ( last_login_time ) values (2019-05-14 08:11:58) on conditions username = tiha001 AND company_id = 20
08:11:58 tiha001 Tina Hansen INSERTING data into tables `time2vie_cirruscommon`.`push_notify_tokens` fields ( user_id, fcm_token, device_id, device_details, created_date, error ) values ( tiha001, dONF_6MZYm8:APA91bGzG-YYO08Riki7ULk9sDUQKh318omF10AkVqTJwFTucDXICsBMzwK8HN_N7YUosq-T2gGm2pItaq0sS7rORvYyrG_mZ1Q3N0jCn-WiM-HKTtO3POb-v_bCgB3vMZFN11akk7SY, de417671d711e668, okhttp/3.9.1, 2019-05-14 08:11:58, 0 ) => {inserted_id = 6354} #Mobile-App: Log-id=602
09:33:07 emja001 Emilia Jacobsson INSERTING data into tables `log_login` fields ( username, ip, browser ) values ( emja001, 90.230.216.234, Mozilla/5.0 (iPhone; CPU iPhone OS 12_2 like Mac OS X) AppleWebKit/605.1.15 (KHTML, like Gecko) Version/12.1 Mobile/15E148 Safari/604.1 ) => {inserted_id = 603}
09:33:07 emja001 Emilia Jacobsson DELETE data from tables `temp_session` on conditions username LIKE emja001
09:33:07 emja001 Emilia Jacobsson UPDATING data to tables `time2vie_cirruscommon`.`login` fields ( login, last_time ) values (1, 2019-05-14 09:33:07) on conditions username = emja001
09:33:07 emja001 Emilia Jacobsson UPDATING data to tables `time2vie_cirruscommon`.`secondary_login` fields ( last_login_time ) values (2019-05-14 09:33:07) on conditions username = emja001 AND company_id = 20
09:33:08 emja001 Emilia Jacobsson UPDATING data to tables `time2vie_cirruscommon`.`ws_sessions` fields ( user_id ) values (emja001) on conditions session_id = d435028137a40647c8baf93a6da3806c
10:45:46 biwa003 Birgitta Wåhlander INSERTING data into tables `log_login` fields ( username, ip, browser ) values ( biwa003, 94.103.194.75, Mozilla/5.0 (iPad; CPU OS 10_3_3 like Mac OS X) AppleWebKit/603.1.30 (KHTML, like Gecko) CriOS/71.0.3578.89 Mobile/14G60 Safari/602.1 ) => {inserted_id = 604}
10:45:46 biwa003 Birgitta Wåhlander DELETE data from tables `temp_session` on conditions username LIKE biwa003
10:45:47 biwa003 Birgitta Wåhlander UPDATING data to tables `time2vie_cirruscommon`.`login` fields ( login, last_time ) values (1, 2019-05-14 10:45:46) on conditions username = biwa003
10:45:47 biwa003 Birgitta Wåhlander UPDATING data to tables `time2vie_cirruscommon`.`secondary_login` fields ( last_login_time ) values (2019-05-14 10:45:46) on conditions username = biwa003 AND company_id = 20
10:45:47 biwa003 Birgitta Wåhlander UPDATING data to tables `time2vie_cirruscommon`.`ws_sessions` fields ( user_id ) values (biwa003) on conditions session_id = 4a393e277d6d6cbe0cec78385406d3ef
10:47:25 biwa003 Birgitta Wåhlander UPDATING data to tables `time2vie_cirruscommon`.`ws_sessions` fields ( user_id ) values (biwa003) on conditions session_id = 4a393e277d6d6cbe0cec78385406d3ef
11:11:34 hejo003 Helen Jörnås UPDATING data to tables `time2vie_cirruscommon`.`secondary_login` fields ( error ) values (0) on conditions username = hejo003 AND company_id = 20
11:11:34 hejo003 Helen Jörnås INSERTING data into tables `log_login` fields ( username, ip, browser ) values ( hejo003, 90.224.82.244, okhttp/3.9.1 ) => {inserted_id = 605}
11:11:34 hejo003 Helen Jörnås DELETE data from tables `temp_session` on conditions username LIKE hejo003
11:11:34 hejo003 Helen Jörnås UPDATING data to tables `time2vie_cirruscommon`.`login` fields ( login, last_time ) values (1, 2019-05-14 11:11:34) on conditions username = hejo003
11:11:34 hejo003 Helen Jörnås UPDATING data to tables `time2vie_cirruscommon`.`secondary_login` fields ( last_login_time ) values (2019-05-14 11:11:34) on conditions username = hejo003 AND company_id = 20
11:17:13 thgu002 Therese Gustafsson UPDATING data to tables `time2vie_cirruscommon`.`secondary_login` fields ( error ) values (0) on conditions username = thgu002 AND company_id = 20
11:17:14 thgu002 Therese Gustafsson INSERTING data into tables `log_login` fields ( username, ip, browser ) values ( thgu002, 94.191.140.19, okhttp/3.9.1 ) => {inserted_id = 606}
11:17:14 thgu002 Therese Gustafsson DELETE data from tables `temp_session` on conditions username LIKE thgu002
11:17:14 thgu002 Therese Gustafsson UPDATING data to tables `time2vie_cirruscommon`.`login` fields ( login, last_time ) values (1, 2019-05-14 11:17:14) on conditions username = thgu002
11:17:14 thgu002 Therese Gustafsson UPDATING data to tables `time2vie_cirruscommon`.`secondary_login` fields ( last_login_time ) values (2019-05-14 11:17:14) on conditions username = thgu002 AND company_id = 20
11:29:03 thgu002 Therese Gustafsson UPDATING data to tables `time2vie_cirruscommon`.`secondary_login` fields ( error ) values (0) on conditions username = thgu002 AND company_id = 20 #Mobile-App: Log-id=606
11:29:03 thgu002 Therese Gustafsson INSERTING data into tables `log_login` fields ( username, ip, browser ) values ( thgu002, 94.191.140.19, okhttp/3.9.1 ) => {inserted_id = 607} #Mobile-App: Log-id=606
11:29:03 thgu002 Therese Gustafsson DELETE data from tables `temp_session` on conditions username LIKE thgu002 #Mobile-App: Log-id=607
11:29:03 thgu002 Therese Gustafsson UPDATING data to tables `time2vie_cirruscommon`.`login` fields ( login, last_time ) values (1, 2019-05-14 11:29:03) on conditions username = thgu002 #Mobile-App: Log-id=607
11:29:03 thgu002 Therese Gustafsson UPDATING data to tables `time2vie_cirruscommon`.`secondary_login` fields ( last_login_time ) values (2019-05-14 11:29:03) on conditions username = thgu002 AND company_id = 20 #Mobile-App: Log-id=607
12:33:32 biwa003 Birgitta Wåhlander INSERTING data into tables `log_login` fields ( username, ip, browser ) values ( biwa003, 94.103.194.75, Mozilla/5.0 (Windows NT 10.0; Win64; x64) AppleWebKit/537.36 (KHTML, like Gecko) Chrome/74.0.3729.131 Safari/537.36 ) => {inserted_id = 608}
12:33:32 biwa003 Birgitta Wåhlander DELETE data from tables `temp_session` on conditions username LIKE biwa003
12:33:32 biwa003 Birgitta Wåhlander UPDATING data to tables `time2vie_cirruscommon`.`login` fields ( login, last_time ) values (1, 2019-05-14 12:33:32) on conditions username = biwa003
12:33:33 biwa003 Birgitta Wåhlander UPDATING data to tables `time2vie_cirruscommon`.`secondary_login` fields ( last_login_time ) values (2019-05-14 12:33:32) on conditions username = biwa003 AND company_id = 20
12:33:33 biwa003 Birgitta Wåhlander UPDATING data to tables `time2vie_cirruscommon`.`ws_sessions` fields ( user_id ) values (biwa003) on conditions session_id = 3a5573a223f0d72e2ac2289df438e809
12:35:00 biwa003 Birgitta Wåhlander UPDATING data to tables `timetable` fields ( customer, employee, date, time_from, time_to, fkkn, type, status, comment ) values (chwa001, idah001, 2019-05-11, 18.30, 24, 1, 0, 1, ) on conditions id = 407
12:35:16 biwa003 Birgitta Wåhlander UPDATING data to tables `timetable` fields ( customer, employee, date, time_from, time_to, fkkn, type, status, comment ) values (chwa001, thgu002, 2019-05-11, 8.00, 18.30, 1, 0, 1, ) on conditions id = 406
12:36:08 biwa003 Birgitta Wåhlander UPDATING data to tables `timetable` fields ( customer, employee, date, time_from, time_to, fkkn, type, status, comment ) values (chwa001, thgu002, 2019-05-14, 7.00, 12.15, 1, 0, 1, ) on conditions id = 416
12:37:46 biwa003 Birgitta Wåhlander UPDATING data to tables `timetable` fields ( customer, employee, date, time_from, time_to, fkkn, type, status, comment ) values (chwa001, thgu002, 2019-06-01, 18.00, 24, 1, 0, 1, ) on conditions id = 957
12:38:03 biwa003 Birgitta Wåhlander UPDATING data to tables `timetable` fields ( customer, employee, date, time_from, time_to, fkkn, type, status, comment ) values (chwa001, thgu002, 2019-06-02, 0.00, 8.15, 1, 0, 1, ) on conditions id = 958
12:39:32 biwa003 Birgitta Wåhlander INSERTING data into tables `timetable` fields ( employee, customer, fkkn, type, date, time_from, time_to, status, created_status, alloc_emp, comment ) values ( , chwa001, 1, 0, 2019-06-01, 8.00, 18.00, 0, , biwa003,  ) => {inserted_id = 2019}
12:40:04 biwa003 Birgitta Wåhlander UPDATING data to tables `timetable` fields ( customer, employee, date, time_from, time_to, fkkn, type, status, comment ) values (chwa001, biwa003, 2019-06-01, 7.30, 18.00, 1, 0, 1, ) on conditions id = 2019
12:40:43 biwa003 Birgitta Wåhlander UPDATING data to tables `timetable` fields ( customer, employee, date, time_from, time_to, fkkn, type, status, comment ) values (chwa001, biwa003, 2019-06-01, 7.15, 18.00, 1, 0, 1, ) on conditions id = 2019
12:41:22 biwa003 Birgitta Wåhlander UPDATING data to tables `timetable` fields ( customer, employee, date, time_from, time_to, fkkn, type, status, comment ) values (chwa001, biwa003, 2019-06-01, 7.00, 18.00, 1, 0, 1, ) on conditions id = 2019
12:42:52 biwa003 Birgitta Wåhlander INSERTING data into tables `mc_leave` fields ( leave_id, leave_status, read_users ) values ( 100, 0, biwa003 ), ( 101, 0, biwa003 ) => {inserted_id = 98}
12:43:17 biwa003 Birgitta Wåhlander UPDATING data to tables `time2vie_cirruscommon`.`ws_sessions` fields ( user_id ) values (biwa003) on conditions session_id = 3a5573a223f0d72e2ac2289df438e809
12:43:50 biwa003 Birgitta Wåhlander DELETE data from tables `temp_session` on conditions username LIKE biwa003
12:43:50 biwa003 Birgitta Wåhlander UPDATING data to tables `time2vie_cirruscommon`.`login` fields ( login, last_time ) values (0, 2019-05-14 12:43:50) on conditions username = biwa003
12:43:50 biwa003 Birgitta Wåhlander UPDATING data to tables `time2vie_cirruscommon`.`secondary_login` fields ( last_login_time ) values (2019-05-14 12:43:50) on conditions username = biwa003 AND company_id = 20
12:43:51   UPDATING data to tables `log_login` fields ( logout_time ) values (2019-05-14:10:43:50) on conditions id = 608 AND username = biwa003
12:59:49 biwa003 Birgitta Wåhlander INSERTING data into tables `log_login` fields ( username, ip, browser ) values ( biwa003, 94.103.194.75, Mozilla/5.0 (iPad; CPU OS 10_3_3 like Mac OS X) AppleWebKit/603.1.30 (KHTML, like Gecko) CriOS/71.0.3578.89 Mobile/14G60 Safari/602.1 ) => {inserted_id = 609}
12:59:49 biwa003 Birgitta Wåhlander DELETE data from tables `temp_session` on conditions username LIKE biwa003
12:59:49 biwa003 Birgitta Wåhlander UPDATING data to tables `time2vie_cirruscommon`.`login` fields ( login, last_time ) values (1, 2019-05-14 12:59:49) on conditions username = biwa003
12:59:49 biwa003 Birgitta Wåhlander UPDATING data to tables `time2vie_cirruscommon`.`secondary_login` fields ( last_login_time ) values (2019-05-14 12:59:49) on conditions username = biwa003 AND company_id = 20
12:59:50 biwa003 Birgitta Wåhlander UPDATING data to tables `time2vie_cirruscommon`.`ws_sessions` fields ( user_id ) values (biwa003) on conditions session_id = 278cece049e408994eea54912c80fcc3
13:01:03 loli005 Lovisa Lian UPDATING data to tables `time2vie_cirruscommon`.`secondary_login` fields ( error ) values (0) on conditions username = loli005 AND company_id = 20
13:01:03 loli005 Lovisa Lian INSERTING data into tables `log_login` fields ( username, ip, browser ) values ( loli005, 83.248.214.152, Mozilla/5.0 (iPhone; CPU iPhone OS 12_2 like Mac OS X) AppleWebKit/605.1.15 (KHTML, like Gecko) Version/12.1 Mobile/15E148 Safari/604.1 ) => {inserted_id = 610}
13:01:03 loli005 Lovisa Lian DELETE data from tables `temp_session` on conditions username LIKE loli005
13:01:03 loli005 Lovisa Lian UPDATING data to tables `time2vie_cirruscommon`.`login` fields ( login, last_time ) values (1, 2019-05-14 13:01:03) on conditions username = loli005
13:01:03 loli005 Lovisa Lian UPDATING data to tables `time2vie_cirruscommon`.`secondary_login` fields ( last_login_time ) values (2019-05-14 13:01:03) on conditions username = loli005 AND company_id = 20
13:01:04 loli005 Lovisa Lian UPDATING data to tables `time2vie_cirruscommon`.`ws_sessions` fields ( user_id ) values (loli005) on conditions session_id = fe15a75582c8bf6a604977cb8ad28247
13:08:43 loli005 Lovisa Lian UPDATING data to tables `time2vie_cirruscommon`.`ws_sessions` fields ( user_id ) values (loli005) on conditions session_id = fe15a75582c8bf6a604977cb8ad28247
13:09:55 loli005 Lovisa Lian UPDATING data to tables `time2vie_cirruscommon`.`ws_sessions` fields ( user_id ) values (loli005) on conditions session_id = fe15a75582c8bf6a604977cb8ad28247
14:50:42 loli005 Lovisa Lian INSERTING data into tables `log_login` fields ( username, ip, browser ) values ( loli005, 83.209.27.1, Mozilla/5.0 (iPhone; CPU iPhone OS 12_2 like Mac OS X) AppleWebKit/605.1.15 (KHTML, like Gecko) Version/12.1 Mobile/15E148 Safari/604.1 ) => {inserted_id = 611}
14:50:42 loli005 Lovisa Lian DELETE data from tables `temp_session` on conditions username LIKE loli005
14:50:42 loli005 Lovisa Lian UPDATING data to tables `time2vie_cirruscommon`.`login` fields ( login, last_time ) values (1, 2019-05-14 14:50:42) on conditions username = loli005
14:50:43 loli005 Lovisa Lian UPDATING data to tables `time2vie_cirruscommon`.`secondary_login` fields ( last_login_time ) values (2019-05-14 14:50:42) on conditions username = loli005 AND company_id = 20
14:50:49 loli005 Lovisa Lian UPDATING data to tables `time2vie_cirruscommon`.`ws_sessions` fields ( user_id ) values (loli005) on conditions session_id = c364a729adcf4fab0b3707db192dda0c
15:04:43 cagu001 Carina Gustafsson UPDATING data to tables `time2vie_cirruscommon`.`secondary_login` fields ( error ) values (0) on conditions username = cagu001 AND company_id = 20
15:04:43 cagu001 Carina Gustafsson INSERTING data into tables `log_login` fields ( username, ip, browser ) values ( cagu001, 83.209.27.1, okhttp/3.9.1 ) => {inserted_id = 612}
15:04:43 cagu001 Carina Gustafsson DELETE data from tables `temp_session` on conditions username LIKE cagu001
15:04:43 cagu001 Carina Gustafsson UPDATING data to tables `time2vie_cirruscommon`.`login` fields ( login, last_time ) values (1, 2019-05-14 15:04:43) on conditions username = cagu001
15:04:43 cagu001 Carina Gustafsson UPDATING data to tables `time2vie_cirruscommon`.`secondary_login` fields ( last_login_time ) values (2019-05-14 15:04:43) on conditions username = cagu001 AND company_id = 20
15:22:42 lisz001 Linnéa Szendera UPDATING data to tables `time2vie_cirruscommon`.`secondary_login` fields ( error ) values (0) on conditions username = lisz001 AND company_id = 20
15:22:42 lisz001 Linnéa Szendera INSERTING data into tables `log_login` fields ( username, ip, browser ) values ( lisz001, 94.234.42.68, okhttp/3.9.1 ) => {inserted_id = 613}
15:22:42 lisz001 Linnéa Szendera DELETE data from tables `temp_session` on conditions username LIKE lisz001
15:22:42 lisz001 Linnéa Szendera UPDATING data to tables `time2vie_cirruscommon`.`login` fields ( login, last_time ) values (1, 2019-05-14 15:22:42) on conditions username = lisz001
15:22:42 lisz001 Linnéa Szendera UPDATING data to tables `time2vie_cirruscommon`.`secondary_login` fields ( last_login_time ) values (2019-05-14 15:22:42) on conditions username = lisz001 AND company_id = 20
15:22:57 lisz001 Linnéa Szendera UPDATING data to tables `time2vie_cirruscommon`.`secondary_login` fields ( error ) values (0) on conditions username = lisz001 AND company_id = 20 #Mobile-App: Log-id=613
15:22:57 lisz001 Linnéa Szendera INSERTING data into tables `log_login` fields ( username, ip, browser ) values ( lisz001, 94.234.42.68, okhttp/3.9.1 ) => {inserted_id = 614} #Mobile-App: Log-id=613
15:22:57 lisz001 Linnéa Szendera DELETE data from tables `temp_session` on conditions username LIKE lisz001 #Mobile-App: Log-id=614
15:22:57 lisz001 Linnéa Szendera UPDATING data to tables `time2vie_cirruscommon`.`login` fields ( login, last_time ) values (1, 2019-05-14 15:22:57) on conditions username = lisz001 #Mobile-App: Log-id=614
15:22:57 lisz001 Linnéa Szendera UPDATING data to tables `time2vie_cirruscommon`.`secondary_login` fields ( last_login_time ) values (2019-05-14 15:22:57) on conditions username = lisz001 AND company_id = 20 #Mobile-App: Log-id=614
15:23:09 emja001 Emilia Jacobsson INSERTING data into tables `log_login` fields ( username, ip, browser ) values ( emja001, 83.209.27.1, Mozilla/5.0 (iPhone; CPU iPhone OS 12_2 like Mac OS X) AppleWebKit/605.1.15 (KHTML, like Gecko) Version/12.1 Mobile/15E148 Safari/604.1 ) => {inserted_id = 615}
15:23:09 emja001 Emilia Jacobsson DELETE data from tables `temp_session` on conditions username LIKE emja001
15:23:10 emja001 Emilia Jacobsson UPDATING data to tables `time2vie_cirruscommon`.`login` fields ( login, last_time ) values (1, 2019-05-14 15:23:09) on conditions username = emja001
15:23:10 emja001 Emilia Jacobsson UPDATING data to tables `time2vie_cirruscommon`.`secondary_login` fields ( last_login_time ) values (2019-05-14 15:23:09) on conditions username = emja001 AND company_id = 20
15:23:10 emja001 Emilia Jacobsson UPDATING data to tables `time2vie_cirruscommon`.`ws_sessions` fields ( user_id ) values (emja001) on conditions session_id = c70bddfb30d4a0e67b098b4efeee55c9
15:23:11 lisz001 Linnéa Szendera INSERTING data into tables `log_login` fields ( username, ip, browser ) values ( lisz001, 94.234.42.68, Mozilla/5.0 (Linux; Android 9; VTR-L29) AppleWebKit/537.36 (KHTML, like Gecko) Chrome/74.0.3729.136 Mobile Safari/537.36 ) => {inserted_id = 616}
15:23:11 lisz001 Linnéa Szendera DELETE data from tables `temp_session` on conditions username LIKE lisz001
15:23:11 lisz001 Linnéa Szendera UPDATING data to tables `time2vie_cirruscommon`.`login` fields ( login, last_time ) values (1, 2019-05-14 15:23:11) on conditions username = lisz001
15:23:11 lisz001 Linnéa Szendera UPDATING data to tables `time2vie_cirruscommon`.`secondary_login` fields ( last_login_time ) values (2019-05-14 15:23:11) on conditions username = lisz001 AND company_id = 20
15:23:12 lisz001 Linnéa Szendera UPDATING data to tables `time2vie_cirruscommon`.`ws_sessions` fields ( user_id ) values (lisz001) on conditions session_id = 76b25eca645ebeded28cfc98fec2815a
15:23:15 tiha001 Tina Hansen UPDATING data to tables `time2vie_cirruscommon`.`secondary_login` fields ( error ) values (0) on conditions username = tiha001 AND company_id = 20
15:23:15 tiha001 Tina Hansen INSERTING data into tables `log_login` fields ( username, ip, browser ) values ( tiha001, 94.234.48.247, okhttp/3.9.1 ) => {inserted_id = 617}
15:23:15 tiha001 Tina Hansen DELETE data from tables `temp_session` on conditions username LIKE tiha001
15:23:16 tiha001 Tina Hansen UPDATING data to tables `time2vie_cirruscommon`.`login` fields ( login, last_time ) values (1, 2019-05-14 15:23:15) on conditions username = tiha001
15:23:16 tiha001 Tina Hansen UPDATING data to tables `time2vie_cirruscommon`.`secondary_login` fields ( last_login_time ) values (2019-05-14 15:23:15) on conditions username = tiha001 AND company_id = 20
15:23:31 saan012 Sara Andersson UPDATING data to tables `time2vie_cirruscommon`.`secondary_login` fields ( error ) values (0) on conditions username = saan012 AND company_id = 20
15:23:31 saan012 Sara Andersson INSERTING data into tables `log_login` fields ( username, ip, browser ) values ( saan012, 94.191.159.93, CirrusM/3 CFNetwork/978.0.7 Darwin/18.5.0 ) => {inserted_id = 618}
15:23:31 saan012 Sara Andersson DELETE data from tables `temp_session` on conditions username LIKE saan012
15:23:31 saan012 Sara Andersson UPDATING data to tables `time2vie_cirruscommon`.`login` fields ( login, last_time ) values (1, 2019-05-14 15:23:31) on conditions username = saan012
15:23:31 saan012 Sara Andersson UPDATING data to tables `time2vie_cirruscommon`.`secondary_login` fields ( last_login_time ) values (2019-05-14 15:23:31) on conditions username = saan012 AND company_id = 20
15:23:31 saan012 Sara Andersson UPDATING data to tables `time2vie_cirruscommon`.`push_notify_tokens` fields ( user_id, updated_date, error ) values (saan012, 2019-05-14 15:23:31, 0) on conditions fcm_token = c638hw8bP0A:APA91bGXtc0eT7hRySjuWW3sBCyyZeDmEs3-vkMQTeleXb3TqJdkAZTuxNR9gW9So_P79godq1DH9zUWQgsipBixf6IxsNajjCHOLGFjfqvU5VEPxLNtu7aeTZHPoupIpAmNfhYhbXVt AND device_id = 126AA663-FD1E-4DF5-99CB-ECB189CAD3C5 #Mobile-App: Log-id=618
15:25:07 saan012 Sara Andersson UPDATING data to tables `time2vie_cirruscommon`.`secondary_login` fields ( error ) values (0) on conditions username = saan012 AND company_id = 20
15:25:08 saan012 Sara Andersson INSERTING data into tables `log_login` fields ( username, ip, browser ) values ( saan012, 94.191.159.93, CirrusM/3 CFNetwork/978.0.7 Darwin/18.5.0 ) => {inserted_id = 619}
15:25:08 saan012 Sara Andersson DELETE data from tables `temp_session` on conditions username LIKE saan012
15:25:08 saan012 Sara Andersson UPDATING data to tables `time2vie_cirruscommon`.`login` fields ( login, last_time ) values (1, 2019-05-14 15:25:08) on conditions username = saan012
15:25:08 saan012 Sara Andersson UPDATING data to tables `time2vie_cirruscommon`.`secondary_login` fields ( last_login_time ) values (2019-05-14 15:25:08) on conditions username = saan012 AND company_id = 20
15:25:08 saan012 Sara Andersson UPDATING data to tables `time2vie_cirruscommon`.`push_notify_tokens` fields ( user_id, updated_date, error ) values (saan012, 2019-05-14 15:25:08, 0) on conditions fcm_token = c638hw8bP0A:APA91bGXtc0eT7hRySjuWW3sBCyyZeDmEs3-vkMQTeleXb3TqJdkAZTuxNR9gW9So_P79godq1DH9zUWQgsipBixf6IxsNajjCHOLGFjfqvU5VEPxLNtu7aeTZHPoupIpAmNfhYhbXVt AND device_id = 126AA663-FD1E-4DF5-99CB-ECB189CAD3C5 #Mobile-App: Log-id=619
15:26:11 saan012 Sara Andersson UPDATING data to tables `time2vie_cirruscommon`.`secondary_login` fields ( error ) values (0) on conditions username = saan012 AND company_id = 20
15:26:11 saan012 Sara Andersson INSERTING data into tables `log_login` fields ( username, ip, browser ) values ( saan012, 94.191.159.93, CirrusM/3 CFNetwork/978.0.7 Darwin/18.5.0 ) => {inserted_id = 620}
15:26:11 saan012 Sara Andersson DELETE data from tables `temp_session` on conditions username LIKE saan012
15:26:11 saan012 Sara Andersson UPDATING data to tables `time2vie_cirruscommon`.`login` fields ( login, last_time ) values (1, 2019-05-14 15:26:11) on conditions username = saan012
15:26:11 saan012 Sara Andersson UPDATING data to tables `time2vie_cirruscommon`.`secondary_login` fields ( last_login_time ) values (2019-05-14 15:26:11) on conditions username = saan012 AND company_id = 20
15:26:12 saan012 Sara Andersson UPDATING data to tables `time2vie_cirruscommon`.`push_notify_tokens` fields ( user_id, updated_date, error ) values (saan012, 2019-05-14 15:26:12, 0) on conditions fcm_token = c638hw8bP0A:APA91bGXtc0eT7hRySjuWW3sBCyyZeDmEs3-vkMQTeleXb3TqJdkAZTuxNR9gW9So_P79godq1DH9zUWQgsipBixf6IxsNajjCHOLGFjfqvU5VEPxLNtu7aeTZHPoupIpAmNfhYhbXVt AND device_id = 126AA663-FD1E-4DF5-99CB-ECB189CAD3C5 #Mobile-App: Log-id=620
15:26:23 emja001 Emilia Jacobsson UPDATING data to tables `time2vie_cirruscommon`.`secondary_login` fields ( error ) values (0) on conditions username = emja001 AND company_id = 20
15:26:23 emja001 Emilia Jacobsson INSERTING data into tables `log_login` fields ( username, ip, browser ) values ( emja001, 83.209.27.1, CirrusM/3 CFNetwork/978.0.7 Darwin/18.5.0 ) => {inserted_id = 621}
15:26:23 emja001 Emilia Jacobsson DELETE data from tables `temp_session` on conditions username LIKE emja001
15:26:23 emja001 Emilia Jacobsson UPDATING data to tables `time2vie_cirruscommon`.`login` fields ( login, last_time ) values (1, 2019-05-14 15:26:23) on conditions username = emja001
15:26:23 emja001 Emilia Jacobsson UPDATING data to tables `time2vie_cirruscommon`.`secondary_login` fields ( last_login_time ) values (2019-05-14 15:26:23) on conditions username = emja001 AND company_id = 20
15:26:23 emja001 Emilia Jacobsson INSERTING data into tables `time2vie_cirruscommon`.`push_notify_tokens` fields ( user_id, fcm_token, device_id, device_details, created_date, error ) values ( emja001, cifOdrNrgn8:APA91bFvqDbyD0XdulQ3D3yINJgR2BIiBKrLuc3CIJbgo_tAMnfBGMiWMd-c4MEvpuI39C5kC6MTt4pbIkyJvXMI58QIYzNZQSZo9_WsOKCLXgEvxuPWj0nhXGQiJ8TtTwhRl0Oe9Mwx, C3664916-A82C-423C-AA44-4E488DCA420A, CirrusM/3 CFNetwork/978.0.7 Darwin/18.5.0, 2019-05-14 15:26:23, 0 ) => {inserted_id = 6363} #Mobile-App: Log-id=621
15:27:39 saan012 Sara Andersson UPDATING data to tables `time2vie_cirruscommon`.`secondary_login` fields ( error ) values (0) on conditions username = saan012 AND company_id = 20
15:27:39 saan012 Sara Andersson INSERTING data into tables `log_login` fields ( username, ip, browser ) values ( saan012, 94.191.159.93, CirrusM/3 CFNetwork/978.0.7 Darwin/18.5.0 ) => {inserted_id = 622}
15:27:39 saan012 Sara Andersson DELETE data from tables `temp_session` on conditions username LIKE saan012
15:27:39 saan012 Sara Andersson UPDATING data to tables `time2vie_cirruscommon`.`login` fields ( login, last_time ) values (1, 2019-05-14 15:27:39) on conditions username = saan012
15:27:39 saan012 Sara Andersson UPDATING data to tables `time2vie_cirruscommon`.`secondary_login` fields ( last_login_time ) values (2019-05-14 15:27:39) on conditions username = saan012 AND company_id = 20
15:27:39 saan012 Sara Andersson UPDATING data to tables `time2vie_cirruscommon`.`push_notify_tokens` fields ( user_id, updated_date, error ) values (saan012, 2019-05-14 15:27:39, 0) on conditions fcm_token = c638hw8bP0A:APA91bGXtc0eT7hRySjuWW3sBCyyZeDmEs3-vkMQTeleXb3TqJdkAZTuxNR9gW9So_P79godq1DH9zUWQgsipBixf6IxsNajjCHOLGFjfqvU5VEPxLNtu7aeTZHPoupIpAmNfhYhbXVt AND device_id = 126AA663-FD1E-4DF5-99CB-ECB189CAD3C5 #Mobile-App: Log-id=622
15:29:27 emja001 Emilia Jacobsson UPDATING data to tables `time2vie_cirruscommon`.`ws_sessions` fields ( user_id ) values (emja001) on conditions session_id = c70bddfb30d4a0e67b098b4efeee55c9
15:30:48 saan012 Sara Andersson INSERTING data into tables `log_login` fields ( username, ip, browser ) values ( saan012, 94.191.159.93, Mozilla/5.0 (iPhone; CPU iPhone OS 12_2 like Mac OS X) AppleWebKit/605.1.15 (KHTML, like Gecko) Version/12.1 Mobile/15E148 Safari/604.1 ) => {inserted_id = 623}
15:30:48 saan012 Sara Andersson DELETE data from tables `temp_session` on conditions username LIKE saan012
15:30:48 saan012 Sara Andersson UPDATING data to tables `time2vie_cirruscommon`.`login` fields ( login, last_time ) values (1, 2019-05-14 15:30:48) on conditions username = saan012
15:30:49 saan012 Sara Andersson UPDATING data to tables `time2vie_cirruscommon`.`secondary_login` fields ( last_login_time ) values (2019-05-14 15:30:48) on conditions username = saan012 AND company_id = 20
15:30:49 saan012 Sara Andersson UPDATING data to tables `time2vie_cirruscommon`.`ws_sessions` fields ( user_id ) values (saan012) on conditions session_id = 8d97f56c0bf1fef5375fe6766f2acf1f
15:30:58 saan012 Sara Andersson UPDATING data to tables `time2vie_cirruscommon`.`ws_sessions` fields ( user_id ) values (saan012) on conditions session_id = 8d97f56c0bf1fef5375fe6766f2acf1f
15:37:23 lisz001 Linnéa Szendera UPDATING data to tables `time2vie_cirruscommon`.`secondary_login` fields ( error ) values (0) on conditions username = lisz001 AND company_id = 20 #Mobile-App: Log-id=614
15:37:23 lisz001 Linnéa Szendera INSERTING data into tables `log_login` fields ( username, ip, browser ) values ( lisz001, 94.234.42.68, okhttp/3.9.1 ) => {inserted_id = 624} #Mobile-App: Log-id=614
15:37:23 lisz001 Linnéa Szendera DELETE data from tables `temp_session` on conditions username LIKE lisz001 #Mobile-App: Log-id=624
15:37:23 lisz001 Linnéa Szendera UPDATING data to tables `time2vie_cirruscommon`.`login` fields ( login, last_time ) values (1, 2019-05-14 15:37:23) on conditions username = lisz001 #Mobile-App: Log-id=624
15:37:23 lisz001 Linnéa Szendera UPDATING data to tables `time2vie_cirruscommon`.`secondary_login` fields ( last_login_time ) values (2019-05-14 15:37:23) on conditions username = lisz001 AND company_id = 20 #Mobile-App: Log-id=624
15:37:46 saan012 Sara Andersson UPDATING data to tables `time2vie_cirruscommon`.`secondary_login` fields ( error ) values (0) on conditions username = saan012 AND company_id = 20
15:37:46 saan012 Sara Andersson INSERTING data into tables `log_login` fields ( username, ip, browser ) values ( saan012, 94.191.159.93, CirrusM/3 CFNetwork/978.0.7 Darwin/18.5.0 ) => {inserted_id = 625}
15:37:46 saan012 Sara Andersson DELETE data from tables `temp_session` on conditions username LIKE saan012
15:37:46 saan012 Sara Andersson UPDATING data to tables `time2vie_cirruscommon`.`login` fields ( login, last_time ) values (1, 2019-05-14 15:37:46) on conditions username = saan012
15:37:47 saan012 Sara Andersson UPDATING data to tables `time2vie_cirruscommon`.`secondary_login` fields ( last_login_time ) values (2019-05-14 15:37:46) on conditions username = saan012 AND company_id = 20
15:37:47 saan012 Sara Andersson UPDATING data to tables `time2vie_cirruscommon`.`push_notify_tokens` fields ( user_id, updated_date, error ) values (saan012, 2019-05-14 15:37:47, 0) on conditions fcm_token = c638hw8bP0A:APA91bGXtc0eT7hRySjuWW3sBCyyZeDmEs3-vkMQTeleXb3TqJdkAZTuxNR9gW9So_P79godq1DH9zUWQgsipBixf6IxsNajjCHOLGFjfqvU5VEPxLNtu7aeTZHPoupIpAmNfhYhbXVt AND device_id = 126AA663-FD1E-4DF5-99CB-ECB189CAD3C5 #Mobile-App: Log-id=625
15:40:59 cagu001 Carina Gustafsson INSERTING data into tables `timetable` fields ( employee, customer, fkkn, type, date, time_from, time_to, status, created_status, alloc_emp, comment ) values ( emja001, mygu001, 1, 10, 2019-05-14, 14.30, 17.00, 1, , cagu001,  ) => {inserted_id = 2020} #Mobile-App: Log-id=612
15:47:08 vigu002 Victoria Gunnarsson UPDATING data to tables `time2vie_cirruscommon`.`secondary_login` fields ( error ) values (0) on conditions username = vigu002 AND company_id = 20
15:47:08 vigu002 Victoria Gunnarsson INSERTING data into tables `log_login` fields ( username, ip, browser ) values ( vigu002, 217.214.151.238, CirrusM/3 CFNetwork/978.0.7 Darwin/18.5.0 ) => {inserted_id = 626}
15:47:08 vigu002 Victoria Gunnarsson DELETE data from tables `temp_session` on conditions username LIKE vigu002
15:47:08 vigu002 Victoria Gunnarsson UPDATING data to tables `time2vie_cirruscommon`.`login` fields ( login, last_time ) values (1, 2019-05-14 15:47:08) on conditions username = vigu002
15:47:09 vigu002 Victoria Gunnarsson UPDATING data to tables `time2vie_cirruscommon`.`secondary_login` fields ( last_login_time ) values (2019-05-14 15:47:08) on conditions username = vigu002 AND company_id = 20
15:47:09 vigu002 Victoria Gunnarsson UPDATING data to tables `time2vie_cirruscommon`.`push_notify_tokens` fields ( user_id, updated_date, error ) values (vigu002, 2019-05-14 15:47:09, 0) on conditions fcm_token = eNBwEiWThVE:APA91bEio9bXckzbj67NS8oxRTxQqyYs-vQOpklX1wCE1ELngNiIVN13EJ2ws_dMSzy5I4NjhZAQR_fx4j-Xg2KSuIIYY1nfrfP8P-5ClnmqFZiHQALSM75wTvl85mwUf0Sp8F8SnJOU AND device_id = 6C00932F-F54D-4038-9388-9528AFC81632 #Mobile-App: Log-id=626
15:52:09 hejo003 Helen Jörnås UPDATING data to tables `time2vie_cirruscommon`.`secondary_login` fields ( error ) values (0) on conditions username = hejo003 AND company_id = 20
15:52:09 hejo003 Helen Jörnås INSERTING data into tables `log_login` fields ( username, ip, browser ) values ( hejo003, 185.27.164.39, okhttp/3.9.1 ) => {inserted_id = 627}
15:52:09 hejo003 Helen Jörnås DELETE data from tables `temp_session` on conditions username LIKE hejo003
15:52:09 hejo003 Helen Jörnås UPDATING data to tables `time2vie_cirruscommon`.`login` fields ( login, last_time ) values (1, 2019-05-14 15:52:09) on conditions username = hejo003
15:52:09 hejo003 Helen Jörnås UPDATING data to tables `time2vie_cirruscommon`.`secondary_login` fields ( last_login_time ) values (2019-05-14 15:52:09) on conditions username = hejo003 AND company_id = 20
16:09:00 cagu001 Carina Gustafsson UPDATING data to tables `time2vie_cirruscommon`.`secondary_login` fields ( error ) values (0) on conditions username = cagu001 AND company_id = 20
16:09:00 cagu001 Carina Gustafsson INSERTING data into tables `log_login` fields ( username, ip, browser ) values ( cagu001, 83.209.27.1, okhttp/3.9.1 ) => {inserted_id = 628}
16:09:00 cagu001 Carina Gustafsson DELETE data from tables `temp_session` on conditions username LIKE cagu001
16:09:00 cagu001 Carina Gustafsson UPDATING data to tables `time2vie_cirruscommon`.`login` fields ( login, last_time ) values (1, 2019-05-14 16:09:00) on conditions username = cagu001
16:09:00 cagu001 Carina Gustafsson UPDATING data to tables `time2vie_cirruscommon`.`secondary_login` fields ( last_login_time ) values (2019-05-14 16:09:00) on conditions username = cagu001 AND company_id = 20
16:09:20 lisz001 Linnéa Szendera INSERTING data into tables `log_login` fields ( username, ip, browser ) values ( lisz001, 94.234.42.68, Mozilla/5.0 (Linux; Android 9; VTR-L29) AppleWebKit/537.36 (KHTML, like Gecko) Chrome/74.0.3729.136 Mobile Safari/537.36 ) => {inserted_id = 629}
16:09:20 lisz001 Linnéa Szendera DELETE data from tables `temp_session` on conditions username LIKE lisz001
16:09:20 lisz001 Linnéa Szendera UPDATING data to tables `time2vie_cirruscommon`.`login` fields ( login, last_time ) values (1, 2019-05-14 16:09:20) on conditions username = lisz001
16:09:21 lisz001 Linnéa Szendera UPDATING data to tables `time2vie_cirruscommon`.`secondary_login` fields ( last_login_time ) values (2019-05-14 16:09:20) on conditions username = lisz001 AND company_id = 20
16:09:21 lisz001 Linnéa Szendera UPDATING data to tables `time2vie_cirruscommon`.`ws_sessions` fields ( user_id ) values (lisz001) on conditions session_id = 76b25eca645ebeded28cfc98fec2815a
16:10:04 emja001 Emilia Jacobsson INSERTING data into tables `log_login` fields ( username, ip, browser ) values ( emja001, 83.209.27.1, Mozilla/5.0 (iPhone; CPU iPhone OS 12_2 like Mac OS X) AppleWebKit/605.1.15 (KHTML, like Gecko) Version/12.1 Mobile/15E148 Safari/604.1 ) => {inserted_id = 630}
16:10:04 emja001 Emilia Jacobsson DELETE data from tables `temp_session` on conditions username LIKE emja001
16:10:04 emja001 Emilia Jacobsson UPDATING data to tables `time2vie_cirruscommon`.`login` fields ( login, last_time ) values (1, 2019-05-14 16:10:04) on conditions username = emja001
16:10:04 emja001 Emilia Jacobsson UPDATING data to tables `time2vie_cirruscommon`.`secondary_login` fields ( last_login_time ) values (2019-05-14 16:10:04) on conditions username = emja001 AND company_id = 20
16:10:11 emja001 Emilia Jacobsson UPDATING data to tables `time2vie_cirruscommon`.`ws_sessions` fields ( user_id ) values (emja001) on conditions session_id = 730cc31dbef0ea73ff295b83a0de9dbc
16:13:31 tiha001 Tina Hansen UPDATING data to tables `time2vie_cirruscommon`.`secondary_login` fields ( error ) values (0) on conditions username = tiha001 AND company_id = 20
16:13:31 tiha001 Tina Hansen INSERTING data into tables `log_login` fields ( username, ip, browser ) values ( tiha001, 94.234.48.247, okhttp/3.9.1 ) => {inserted_id = 631}
16:13:31 tiha001 Tina Hansen DELETE data from tables `temp_session` on conditions username LIKE tiha001
16:13:31 tiha001 Tina Hansen UPDATING data to tables `time2vie_cirruscommon`.`login` fields ( login, last_time ) values (1, 2019-05-14 16:13:31) on conditions username = tiha001
16:13:31 tiha001 Tina Hansen UPDATING data to tables `time2vie_cirruscommon`.`secondary_login` fields ( last_login_time ) values (2019-05-14 16:13:31) on conditions username = tiha001 AND company_id = 20
16:19:50 emja001 Emilia Jacobsson INSERTING data into tables `log_login` fields ( username, ip, browser ) values ( emja001, 83.209.27.1, Mozilla/5.0 (iPhone; CPU iPhone OS 12_2 like Mac OS X) AppleWebKit/605.1.15 (KHTML, like Gecko) Version/12.1 Mobile/15E148 Safari/604.1 ) => {inserted_id = 632}
16:19:50 emja001 Emilia Jacobsson DELETE data from tables `temp_session` on conditions username LIKE emja001
16:19:50 emja001 Emilia Jacobsson UPDATING data to tables `time2vie_cirruscommon`.`login` fields ( login, last_time ) values (1, 2019-05-14 16:19:50) on conditions username = emja001
16:19:50 emja001 Emilia Jacobsson UPDATING data to tables `time2vie_cirruscommon`.`secondary_login` fields ( last_login_time ) values (2019-05-14 16:19:50) on conditions username = emja001 AND company_id = 20
16:19:51 emja001 Emilia Jacobsson UPDATING data to tables `time2vie_cirruscommon`.`ws_sessions` fields ( user_id ) values (emja001) on conditions session_id = 991579a312188ded8bced644bfc130b2
16:22:40 emja001 Emilia Jacobsson INSERTING data into tables `log_login` fields ( username, ip, browser ) values ( emja001, 83.209.27.1, Mozilla/5.0 (iPhone; CPU iPhone OS 12_2 like Mac OS X) AppleWebKit/605.1.15 (KHTML, like Gecko) Version/12.1 Mobile/15E148 Safari/604.1 ) => {inserted_id = 633}
16:22:40 emja001 Emilia Jacobsson DELETE data from tables `temp_session` on conditions username LIKE emja001
16:22:41 emja001 Emilia Jacobsson UPDATING data to tables `time2vie_cirruscommon`.`login` fields ( login, last_time ) values (1, 2019-05-14 16:22:40) on conditions username = emja001
16:22:41 emja001 Emilia Jacobsson UPDATING data to tables `time2vie_cirruscommon`.`secondary_login` fields ( last_login_time ) values (2019-05-14 16:22:40) on conditions username = emja001 AND company_id = 20
16:22:41 emja001 Emilia Jacobsson UPDATING data to tables `time2vie_cirruscommon`.`ws_sessions` fields ( user_id ) values (emja001) on conditions session_id = ef83c53e16441a749c171161dbfc4801
17:09:43 anka019 Anna Kawalya Westerberg INSERTING data into tables `log_login` fields ( username, ip, browser ) values ( anka019, 90.227.104.246, Mozilla/5.0 (iPhone; CPU iPhone OS 12_1_4 like Mac OS X) AppleWebKit/605.1.15 (KHTML, like Gecko) Version/12.0 Mobile/15E148 Safari/604.1 ) => {inserted_id = 634}
17:09:43 anka019 Anna Kawalya Westerberg DELETE data from tables `temp_session` on conditions username LIKE anka019
17:09:43 anka019 Anna Kawalya Westerberg UPDATING data to tables `time2vie_cirruscommon`.`login` fields ( login, last_time ) values (1, 2019-05-14 17:09:43) on conditions username = anka019
17:09:43 anka019 Anna Kawalya Westerberg UPDATING data to tables `time2vie_cirruscommon`.`secondary_login` fields ( last_login_time ) values (2019-05-14 17:09:43) on conditions username = anka019 AND company_id = 20
17:09:43 anka019 Anna Kawalya Westerberg UPDATING data to tables `time2vie_cirruscommon`.`ws_sessions` fields ( user_id ) values (anka019) on conditions session_id = 8a0b84cf21087d60de4f2232a5f5c9a2
18:16:37 emja001 Emilia Jacobsson INSERTING data into tables `log_login` fields ( username, ip, browser ) values ( emja001, 90.230.216.234, Mozilla/5.0 (iPhone; CPU iPhone OS 12_2 like Mac OS X) AppleWebKit/605.1.15 (KHTML, like Gecko) Version/12.1 Mobile/15E148 Safari/604.1 ) => {inserted_id = 635}
18:16:37 emja001 Emilia Jacobsson DELETE data from tables `temp_session` on conditions username LIKE emja001
18:16:37 emja001 Emilia Jacobsson UPDATING data to tables `time2vie_cirruscommon`.`login` fields ( login, last_time ) values (1, 2019-05-14 18:16:37) on conditions username = emja001
18:16:37 emja001 Emilia Jacobsson UPDATING data to tables `time2vie_cirruscommon`.`secondary_login` fields ( last_login_time ) values (2019-05-14 18:16:37) on conditions username = emja001 AND company_id = 20
18:16:38 emja001 Emilia Jacobsson UPDATING data to tables `time2vie_cirruscommon`.`ws_sessions` fields ( user_id ) values (emja001) on conditions session_id = fbc74f165b7b3ef1ddb4547c45c32bc3
19:30:43 hejo003 Helen Jörnås UPDATING data to tables `time2vie_cirruscommon`.`secondary_login` fields ( error ) values (0) on conditions username = hejo003 AND company_id = 20
19:30:43 hejo003 Helen Jörnås INSERTING data into tables `log_login` fields ( username, ip, browser ) values ( hejo003, 90.224.82.244, okhttp/3.9.1 ) => {inserted_id = 636}
19:30:43 hejo003 Helen Jörnås DELETE data from tables `temp_session` on conditions username LIKE hejo003
19:30:43 hejo003 Helen Jörnås UPDATING data to tables `time2vie_cirruscommon`.`login` fields ( login, last_time ) values (1, 2019-05-14 19:30:43) on conditions username = hejo003
19:30:43 hejo003 Helen Jörnås UPDATING data to tables `time2vie_cirruscommon`.`secondary_login` fields ( last_login_time ) values (2019-05-14 19:30:43) on conditions username = hejo003 AND company_id = 20
20:40:39 anka020 Annika Karlsson UPDATING data to tables `time2vie_cirruscommon`.`secondary_login` fields ( error ) values (0) on conditions username = anka020 AND company_id = 20
20:40:39 anka020 Annika Karlsson INSERTING data into tables `log_login` fields ( username, ip, browser ) values ( anka020, 46.230.213.58, okhttp/3.9.1 ) => {inserted_id = 637}
20:40:39 anka020 Annika Karlsson DELETE data from tables `temp_session` on conditions username LIKE anka020
20:40:39 anka020 Annika Karlsson UPDATING data to tables `time2vie_cirruscommon`.`login` fields ( login, last_time ) values (1, 2019-05-14 20:40:39) on conditions username = anka020
20:40:39 anka020 Annika Karlsson UPDATING data to tables `time2vie_cirruscommon`.`secondary_login` fields ( last_login_time ) values (2019-05-14 20:40:39) on conditions username = anka020 AND company_id = 20
20:41:15 anka020 Annika Karlsson UPDATING data to tables `time2vie_cirruscommon`.`secondary_login` fields ( error ) values (0) on conditions username = anka020 AND company_id = 20 #Mobile-App: Log-id=637
20:41:15 anka020 Annika Karlsson INSERTING data into tables `log_login` fields ( username, ip, browser ) values ( anka020, 46.230.213.58, okhttp/3.9.1 ) => {inserted_id = 638} #Mobile-App: Log-id=637
20:41:15 anka020 Annika Karlsson DELETE data from tables `temp_session` on conditions username LIKE anka020 #Mobile-App: Log-id=638
20:41:15 anka020 Annika Karlsson UPDATING data to tables `time2vie_cirruscommon`.`login` fields ( login, last_time ) values (1, 2019-05-14 20:41:15) on conditions username = anka020 #Mobile-App: Log-id=638
20:41:15 anka020 Annika Karlsson UPDATING data to tables `time2vie_cirruscommon`.`secondary_login` fields ( last_login_time ) values (2019-05-14 20:41:15) on conditions username = anka020 AND company_id = 20 #Mobile-App: Log-id=638
20:42:48 anka020 Annika Karlsson UPDATING data to tables `time2vie_cirruscommon`.`secondary_login` fields ( error ) values (0) on conditions username = anka020 AND company_id = 20 #Mobile-App: Log-id=638
20:42:48 anka020 Annika Karlsson INSERTING data into tables `log_login` fields ( username, ip, browser ) values ( anka020, 46.230.213.58, okhttp/3.9.1 ) => {inserted_id = 639} #Mobile-App: Log-id=638
20:42:48 anka020 Annika Karlsson DELETE data from tables `temp_session` on conditions username LIKE anka020 #Mobile-App: Log-id=639
20:42:48 anka020 Annika Karlsson UPDATING data to tables `time2vie_cirruscommon`.`login` fields ( login, last_time ) values (1, 2019-05-14 20:42:48) on conditions username = anka020 #Mobile-App: Log-id=639
20:42:48 anka020 Annika Karlsson UPDATING data to tables `time2vie_cirruscommon`.`secondary_login` fields ( last_login_time ) values (2019-05-14 20:42:48) on conditions username = anka020 AND company_id = 20 #Mobile-App: Log-id=639
21:00:38 emja001 Emilia Jacobsson INSERTING data into tables `log_login` fields ( username, ip, browser ) values ( emja001, 90.230.216.234, Mozilla/5.0 (iPhone; CPU iPhone OS 12_2 like Mac OS X) AppleWebKit/605.1.15 (KHTML, like Gecko) Version/12.1 Mobile/15E148 Safari/604.1 ) => {inserted_id = 640}
21:00:38 emja001 Emilia Jacobsson DELETE data from tables `temp_session` on conditions username LIKE emja001
21:00:38 emja001 Emilia Jacobsson UPDATING data to tables `time2vie_cirruscommon`.`login` fields ( login, last_time ) values (1, 2019-05-14 21:00:38) on conditions username = emja001
21:00:38 emja001 Emilia Jacobsson UPDATING data to tables `time2vie_cirruscommon`.`secondary_login` fields ( last_login_time ) values (2019-05-14 21:00:38) on conditions username = emja001 AND company_id = 20
21:00:39 emja001 Emilia Jacobsson UPDATING data to tables `time2vie_cirruscommon`.`ws_sessions` fields ( user_id ) values (emja001) on conditions session_id = 4a66a7211814af5a9730d56ed3935827
23:27:23 gaan001 Gabriel Andersson UPDATING data to tables `time2vie_cirruscommon`.`secondary_login` fields ( error ) values (0) on conditions username = gaan001 AND company_id = 20
23:27:23 gaan001 Gabriel Andersson INSERTING data into tables `log_login` fields ( username, ip, browser ) values ( gaan001, 217.73.108.115, CirrusM/3 CFNetwork/978.0.7 Darwin/18.6.0 ) => {inserted_id = 641}
23:27:23 gaan001 Gabriel Andersson DELETE data from tables `temp_session` on conditions username LIKE gaan001
23:27:23 gaan001 Gabriel Andersson UPDATING data to tables `time2vie_cirruscommon`.`login` fields ( login, last_time ) values (1, 2019-05-14 23:27:23) on conditions username = gaan001
23:27:23 gaan001 Gabriel Andersson UPDATING data to tables `time2vie_cirruscommon`.`secondary_login` fields ( last_login_time ) values (2019-05-14 23:27:23) on conditions username = gaan001 AND company_id = 20
23:27:23 gaan001 Gabriel Andersson UPDATING data to tables `time2vie_cirruscommon`.`push_notify_tokens` fields ( user_id, updated_date, error ) values (gaan001, 2019-05-14 23:27:23, 0) on conditions fcm_token = dOzW0JPxlDQ:APA91bE1hQGEcunVCf8zufNPSKH-caUG07HkDufrn401pdtQwjnw2XOOXeYa4Gs7E3LI3Mp3T2dCRAWNclU5hS1zukRn-fwfGZsPEPUlHumIqyS6yVMXc_kHKWXWrRo0rFJU7oMCqGUS AND device_id = 6C07AAD5-34B3-43CB-BC33-221D3E989EA9 #Mobile-App: Log-id=641
