12:06:22 cagu001 Carina Gustafsson INSERTING data into tables `log_login` fields ( username, ip, browser ) values ( cagu001, 193.234.72.157, Mozilla/5.0 (Windows NT 10.0; Win64; x64) AppleWebKit/537.36 (KHTML, like Gecko) Chrome/73.0.3683.86 Safari/537.36 ) => {inserted_id = 17}
12:06:22 cagu001 Carina Gustafsson DELETE data from tables `temp_session` on conditions username LIKE cagu001
12:06:22 cagu001 Carina Gustafsson UPDATING data to tables `time2vie_cirruscommon`.`login` fields ( login, last_time ) values (1, 2019-03-28 12:06:22) on conditions username = cagu001
12:06:22 cagu001 Carina Gustafsson UPDATING data to tables `time2vie_cirruscommon`.`secondary_login` fields ( last_login_time ) values (2019-03-28 12:06:22) on conditions username = cagu001 AND company_id = 20
12:06:22 cagu001 Carina Gustafsson UPDATING data to tables `time2vie_cirruscommon`.`ws_sessions` fields ( user_id ) values (cagu001) on conditions session_id = 9f85d958189f74f08b386b70132e3d6e
12:18:49 cagu001 Carina Gustafsson UPDATING data to tables `time2vie_cirruscommon`.`company` fields ( name, logo, org_no, address, city, email, land_code, phone, mobile, website, upload_dir, status, salary_system, zipcode, billing_status, start_day, contact_person1, contact_person2, contact_person1_email, contact_person2_email, weekly_hour, max_daily_hour, monthly_oncall_hour, contract_exceed_check, atl_check, signing_mail, bank_account, fk_kr_per_time, kn_kr_per_time, leave_in_advance, sem_year_start_month, box, inconvenient_on, candg, candg_on, candg_break, apply_max_karens, employee_contract_start_month, employee_contract_period_date, employee_contract_period_length, sort_name_by, vacation_percentage, vacation_percentage_slots, sem_leave_days, vab_leave_days, fp_leave_days, nopay_leave_days, other_leave_days, include_sick, contract_auto_renewal, contract_auto_renewal_mail, include_karense_salary, include_sem_2_14_oncall_salary, fkkn_split, day_light_saving, sick_15_90_oncall, sick_annex_calculation_mode, recovery_pw_by_mobile, mail_send_to_contact_person, min_daily_rest ) values (VARBERGS FAMILJEASSISTANS, Logga.jpg, 7696120109, SVÄRDFISKGATAN, 3, VARBERG, varbergsfamiljeassistans@gmail.com, 46, 34037009, , , Varberg, 1, 1, 432 40, 0, 10.00, Carina Gustafsson, , varbergsfamiljeassistans@gmail.com, , 40, 17, 50, 1, 1, 1, 5309-2961, 299.8, 299.8, 0, 04, , 1, 0, 0, 0, 0, 04, 1, 04, 1, 13.00, 0|6|7|8|10|16, 1, 1, 1, 1, 1, 1, 0, , 0, 0, 0, 1, 0, 2, 1, 0, 0) on conditions id = 20
12:23:03 cagu001 Carina Gustafsson UPDATING data to tables `salary_main` fields ( effect_to ) values (2019-03-31) on conditions id = 
12:23:03 cagu001 Carina Gustafsson INSERTING data into tables `salary_main` fields ( effect_from, effect_to, normal, travel, break, overtime, quality_overtime, oncall, more_time, some_other_time, training_time, call_training, personal_meeting, holiday_big, holiday_big_oncall, holiday_red, holiday_red_oncall, insurance, clone_from, increment_percentage, week_end_travel, voluntary, complementary, complementary_oncall, more_oncall, standby, w_dismissal, w_dismissal_oncall ) values ( 2019-04-01, 0000-00-00, , , , , , , , , , , , , , , , , , , , , , , , , ,  ) => {inserted_id = 1}
12:27:47 cagu001 Carina Gustafsson DELETE data from tables `inconvenient_timing` on conditions root_id = 33
12:27:47 cagu001 Carina Gustafsson DELETE data from tables `inconvenient_timing` on conditions id = 33
12:27:47 cagu001 Carina Gustafsson INSERTING data into tables `inconvenient_timing` fields ( root_id, group_id, name, type, effect_from, effect_to, time_from, time_to, days, amount, nature, sal_call_training, sal_complementary_oncall, sal_more_oncall, sal_dismissal_oncall, sort_order ) values ( 0, 5, Jour Helg, 3, 2019-04-01, , 18.00, 24, 5,, 40.00, 1, 0.00, 0.00, 0.00, 0.00, 1 ) => {inserted_id = 39}
12:27:47 cagu001 Carina Gustafsson INSERTING data into tables `inconvenient_timing` fields ( root_id, group_id, name, type, effect_from, effect_to, time_from, time_to, days, amount, nature, sal_call_training, sal_complementary_oncall, sal_more_oncall, sal_dismissal_oncall, sort_order ) values ( 39, 5, Jour Helg, 3, 2019-04-01, , 0, 24, 6,7,, 40.00, 1, 0.00, 0.00, 0.00, 0.00, 1 ) => {inserted_id = 40}
12:27:47 cagu001 Carina Gustafsson INSERTING data into tables `inconvenient_timing` fields ( root_id, group_id, name, type, effect_from, effect_to, time_from, time_to, days, amount, nature, sal_call_training, sal_complementary_oncall, sal_more_oncall, sal_dismissal_oncall, sort_order ) values ( 39, 5, Jour Helg, 3, 2019-04-01, , 0, 7.00, 1,, 40.00, 1, 0.00, 0.00, 0.00, 0.00, 1 ) => {inserted_id = 41}
12:28:23 cagu001 Carina Gustafsson DELETE data from tables `inconvenient_timing` on conditions root_id = 39
12:28:23 cagu001 Carina Gustafsson DELETE data from tables `inconvenient_timing` on conditions id = 39
12:28:23 cagu001 Carina Gustafsson INSERTING data into tables `inconvenient_timing` fields ( root_id, group_id, name, type, effect_from, effect_to, time_from, time_to, days, amount, nature, sal_call_training, sal_complementary_oncall, sal_more_oncall, sal_dismissal_oncall, sort_order ) values ( 0, 5, Jour Helg, 3, 2019-04-01, , 18.00, 24, 5,, 80.00, 1, 0.00, 0.00, 0.00, 0.00, 1 ) => {inserted_id = 42}
12:28:23 cagu001 Carina Gustafsson INSERTING data into tables `inconvenient_timing` fields ( root_id, group_id, name, type, effect_from, effect_to, time_from, time_to, days, amount, nature, sal_call_training, sal_complementary_oncall, sal_more_oncall, sal_dismissal_oncall, sort_order ) values ( 42, 5, Jour Helg, 3, 2019-04-01, , 0, 24, 6,7,, 80.00, 1, 0.00, 0.00, 0.00, 0.00, 1 ) => {inserted_id = 43}
12:28:23 cagu001 Carina Gustafsson INSERTING data into tables `inconvenient_timing` fields ( root_id, group_id, name, type, effect_from, effect_to, time_from, time_to, days, amount, nature, sal_call_training, sal_complementary_oncall, sal_more_oncall, sal_dismissal_oncall, sort_order ) values ( 42, 5, Jour Helg, 3, 2019-04-01, , 0, 7.00, 1,, 80.00, 1, 0.00, 0.00, 0.00, 0.00, 1 ) => {inserted_id = 44}
12:30:29 cagu001 Carina Gustafsson DELETE data from tables `inconvenient_timing` on conditions root_id = 36
12:30:29 cagu001 Carina Gustafsson DELETE data from tables `inconvenient_timing` on conditions id = 36
12:30:29 cagu001 Carina Gustafsson INSERTING data into tables `inconvenient_timing` fields ( root_id, group_id, name, type, effect_from, effect_to, time_from, time_to, days, amount, nature, sal_call_training, sal_complementary_oncall, sal_more_oncall, sal_dismissal_oncall, sort_order ) values ( 0, 4, Jour Vardag, 3, 2019-04-01, , 7.00, 24, 1,, 40.00, 1, 0.00, 0.00, 0.00, 0.00, 2 ) => {inserted_id = 45}
12:30:29 cagu001 Carina Gustafsson INSERTING data into tables `inconvenient_timing` fields ( root_id, group_id, name, type, effect_from, effect_to, time_from, time_to, days, amount, nature, sal_call_training, sal_complementary_oncall, sal_more_oncall, sal_dismissal_oncall, sort_order ) values ( 45, 4, Jour Vardag, 3, 2019-04-01, , 0, 24, 2,3,4,, 40.00, 1, 0.00, 0.00, 0.00, 0.00, 2 ) => {inserted_id = 46}
12:30:29 cagu001 Carina Gustafsson INSERTING data into tables `inconvenient_timing` fields ( root_id, group_id, name, type, effect_from, effect_to, time_from, time_to, days, amount, nature, sal_call_training, sal_complementary_oncall, sal_more_oncall, sal_dismissal_oncall, sort_order ) values ( 45, 4, Jour Vardag, 3, 2019-04-01, , 0, 18.00, 5,, 40.00, 1, 0.00, 0.00, 0.00, 0.00, 2 ) => {inserted_id = 47}
12:31:51 cagu001 Carina Gustafsson DELETE data from tables `inconvenient_timing` on conditions root_id = 1
12:31:51 cagu001 Carina Gustafsson DELETE data from tables `inconvenient_timing` on conditions id = 1
12:31:51 cagu001 Carina Gustafsson INSERTING data into tables `inconvenient_timing` fields ( root_id, group_id, name, type, effect_from, effect_to, time_from, time_to, days, amount, nature, sal_call_training, sal_complementary_oncall, sal_more_oncall, sal_dismissal_oncall, sort_order ) values ( 0, 1, OB kväll, 0, 2019-04-01, , 19.00, 22.00, 1,2,3,4,, 24.00, 0, 0.00, 0.00, 0, 0.00, 3 ) => {inserted_id = 48}
13:32:07 cagu001 Carina Gustafsson DELETE data from tables `inconvenient_timing` on conditions root_id = 48
13:32:07 cagu001 Carina Gustafsson DELETE data from tables `inconvenient_timing` on conditions id = 48
13:32:07 cagu001 Carina Gustafsson UPDATING data to tables `inconvenient_timing` fields ( name ) values (OB vardag kväll) on conditions group_id = 1
13:32:07 cagu001 Carina Gustafsson INSERTING data into tables `inconvenient_timing` fields ( root_id, group_id, name, type, effect_from, effect_to, time_from, time_to, days, amount, nature, sal_call_training, sal_complementary_oncall, sal_more_oncall, sal_dismissal_oncall, sort_order ) values ( 0, 1, OB vardag kväll, 0, 2019-04-01, , 19.00, 22.00, 1,2,3,4,, 24.00, 0, 0.00, 0.00, 0, 0.00, 3 ) => {inserted_id = 49}
13:34:23 cagu001 Carina Gustafsson DELETE data from tables `inconvenient_timing` on conditions root_id = 19
13:34:23 cagu001 Carina Gustafsson DELETE data from tables `inconvenient_timing` on conditions id = 19
13:34:23 cagu001 Carina Gustafsson UPDATING data to tables `inconvenient_timing` fields ( name ) values (OB vardag natt) on conditions group_id = 3
13:34:23 cagu001 Carina Gustafsson INSERTING data into tables `inconvenient_timing` fields ( root_id, group_id, name, type, effect_from, effect_to, time_from, time_to, days, amount, nature, sal_call_training, sal_complementary_oncall, sal_more_oncall, sal_dismissal_oncall, sort_order ) values ( 0, 3, OB vardag natt, 0, 2019-04-01, , 22.00, 24, 1,2,3,4,, 48.00, 0, 0.00, 0.00, 0, 0.00, 5 ) => {inserted_id = 50}
13:34:23 cagu001 Carina Gustafsson INSERTING data into tables `inconvenient_timing` fields ( root_id, group_id, name, type, effect_from, effect_to, time_from, time_to, days, amount, nature, sal_call_training, sal_complementary_oncall, sal_more_oncall, sal_dismissal_oncall, sort_order ) values ( 50, 3, OB vardag natt, 0, 2019-04-01, , 0, 6.00, 2,3,4,5,, 48.00, 0, 0.00, 0.00, 0, 0.00, 5 ) => {inserted_id = 51}
13:34:38 cagu001 Carina Gustafsson DELETE data from tables `inconvenient_timing` on conditions root_id = 50
13:34:38 cagu001 Carina Gustafsson DELETE data from tables `inconvenient_timing` on conditions id = 50
13:34:38 cagu001 Carina Gustafsson INSERTING data into tables `inconvenient_timing` fields ( root_id, group_id, name, type, effect_from, effect_to, time_from, time_to, days, amount, nature, sal_call_training, sal_complementary_oncall, sal_more_oncall, sal_dismissal_oncall, sort_order ) values ( 0, 3, OB vardag natt, 0, 2019-04-01, , 22.00, 24, 1,2,3,4,, 48.00, 0, 0.00, 0.00, 0, 0.00, 5 ) => {inserted_id = 52}
13:34:38 cagu001 Carina Gustafsson INSERTING data into tables `inconvenient_timing` fields ( root_id, group_id, name, type, effect_from, effect_to, time_from, time_to, days, amount, nature, sal_call_training, sal_complementary_oncall, sal_more_oncall, sal_dismissal_oncall, sort_order ) values ( 52, 3, OB vardag natt, 0, 2019-04-01, , 0, 6.00, 2,3,4,5,, 48.00, 0, 0.00, 0.00, 0, 0.00, 5 ) => {inserted_id = 53}
13:35:16 cagu001 Carina Gustafsson DELETE data from tables `inconvenient_timing` on conditions root_id = 52
13:35:16 cagu001 Carina Gustafsson DELETE data from tables `inconvenient_timing` on conditions id = 52
13:35:16 cagu001 Carina Gustafsson UPDATING data to tables `inconvenient_timing` fields ( name ) values (OB Vardag Natt) on conditions group_id = 3
13:35:16 cagu001 Carina Gustafsson INSERTING data into tables `inconvenient_timing` fields ( root_id, group_id, name, type, effect_from, effect_to, time_from, time_to, days, amount, nature, sal_call_training, sal_complementary_oncall, sal_more_oncall, sal_dismissal_oncall, sort_order ) values ( 0, 3, OB Vardag Natt, 0, 2019-04-01, , 22.00, 24, 1,2,3,4,, 48.00, 0, 0.00, 0.00, 0, 0.00, 5 ) => {inserted_id = 54}
13:35:16 cagu001 Carina Gustafsson INSERTING data into tables `inconvenient_timing` fields ( root_id, group_id, name, type, effect_from, effect_to, time_from, time_to, days, amount, nature, sal_call_training, sal_complementary_oncall, sal_more_oncall, sal_dismissal_oncall, sort_order ) values ( 54, 3, OB Vardag Natt, 0, 2019-04-01, , 0, 6.00, 2,3,4,5,, 48.00, 0, 0.00, 0.00, 0, 0.00, 5 ) => {inserted_id = 55}
13:35:54 cagu001 Carina Gustafsson DELETE data from tables `inconvenient_timing` on conditions root_id = 49
13:35:54 cagu001 Carina Gustafsson DELETE data from tables `inconvenient_timing` on conditions id = 49
13:35:54 cagu001 Carina Gustafsson UPDATING data to tables `inconvenient_timing` fields ( name ) values (OB Vardag Kväll) on conditions group_id = 1
13:35:54 cagu001 Carina Gustafsson INSERTING data into tables `inconvenient_timing` fields ( root_id, group_id, name, type, effect_from, effect_to, time_from, time_to, days, amount, nature, sal_call_training, sal_complementary_oncall, sal_more_oncall, sal_dismissal_oncall, sort_order ) values ( 0, 1, OB Vardag Kväll, 0, 2019-04-01, , 19.00, 22.00, 1,2,3,4,, 24.00, 0, 0.00, 0.00, 0, 0.00, 3 ) => {inserted_id = 56}
13:36:18 cagu001 Carina Gustafsson DELETE data from tables `inconvenient_timing` on conditions root_id = 2
13:36:18 cagu001 Carina Gustafsson DELETE data from tables `inconvenient_timing` on conditions id = 2
13:36:18 cagu001 Carina Gustafsson UPDATING data to tables `inconvenient_timing` fields ( name ) values (OB Helg) on conditions group_id = 2
13:36:18 cagu001 Carina Gustafsson INSERTING data into tables `inconvenient_timing` fields ( root_id, group_id, name, type, effect_from, effect_to, time_from, time_to, days, amount, nature, sal_call_training, sal_complementary_oncall, sal_more_oncall, sal_dismissal_oncall, sort_order ) values ( 0, 2, OB Helg, 0, 2012-01-01, , 19.00, 24, 5,, 51.10, 1, 0.00, 0.00, 0, 0.00, 4 ) => {inserted_id = 57}
13:36:18 cagu001 Carina Gustafsson INSERTING data into tables `inconvenient_timing` fields ( root_id, group_id, name, type, effect_from, effect_to, time_from, time_to, days, amount, nature, sal_call_training, sal_complementary_oncall, sal_more_oncall, sal_dismissal_oncall, sort_order ) values ( 57, 2, OB Helg, 0, 2012-01-01, , 0, 24, 6,7,, 51.10, 1, 0.00, 0.00, 0, 0.00, 4 ) => {inserted_id = 58}
13:36:18 cagu001 Carina Gustafsson INSERTING data into tables `inconvenient_timing` fields ( root_id, group_id, name, type, effect_from, effect_to, time_from, time_to, days, amount, nature, sal_call_training, sal_complementary_oncall, sal_more_oncall, sal_dismissal_oncall, sort_order ) values ( 57, 2, OB Helg, 0, 2012-01-01, , 0, 7.00, 1,, 51.10, 1, 0.00, 0.00, 0, 0.00, 4 ) => {inserted_id = 59}
13:42:30 cagu001 Carina Gustafsson DELETE data from tables `inconvenient_timing` on conditions root_id = 57
13:42:30 cagu001 Carina Gustafsson DELETE data from tables `inconvenient_timing` on conditions id = 57
13:42:30 cagu001 Carina Gustafsson INSERTING data into tables `inconvenient_timing` fields ( root_id, group_id, name, type, effect_from, effect_to, time_from, time_to, days, amount, nature, sal_call_training, sal_complementary_oncall, sal_more_oncall, sal_dismissal_oncall, sort_order ) values ( 0, 2, OB Helg, 0, 2019-04-01, , 19.00, 24, 5,, 56.00, 1, 0.00, 0.00, 0, 0.00, 4 ) => {inserted_id = 60}
13:42:30 cagu001 Carina Gustafsson INSERTING data into tables `inconvenient_timing` fields ( root_id, group_id, name, type, effect_from, effect_to, time_from, time_to, days, amount, nature, sal_call_training, sal_complementary_oncall, sal_more_oncall, sal_dismissal_oncall, sort_order ) values ( 60, 2, OB Helg, 0, 2019-04-01, , 0, 22.00, ,, 56.00, 1, 0.00, 0.00, 0, 0.00, 4 ) => {inserted_id = 61}
13:42:44 cagu001 Carina Gustafsson DELETE data from tables `inconvenient_timing` on conditions root_id = 60
13:42:44 cagu001 Carina Gustafsson DELETE data from tables `inconvenient_timing` on conditions id = 60
13:42:44 cagu001 Carina Gustafsson INSERTING data into tables `inconvenient_timing` fields ( root_id, group_id, name, type, effect_from, effect_to, time_from, time_to, days, amount, nature, sal_call_training, sal_complementary_oncall, sal_more_oncall, sal_dismissal_oncall, sort_order ) values ( 0, 2, OB Helg, 0, 2019-04-01, , 19.00, 22.00, 5,, 56.00, 0, 0.00, 0.00, 0, 0.00, 4 ) => {inserted_id = 62}
13:43:53 cagu001 Carina Gustafsson UPDATING data to tables `inconvenient_timing` fields ( effect_to ) values (2019-03-31) on conditions (id = 62 OR root_id = 62) AND effect_to IS NULL
13:43:53 cagu001 Carina Gustafsson INSERTING data into tables `inconvenient_timing` fields ( root_id, group_id, name, type, effect_from, effect_to, time_from, time_to, days, amount, nature, sal_call_training, sal_complementary_oncall, sal_more_oncall, sal_dismissal_oncall, sort_order ) values ( 0, 2, OB Helg, 0, 2019-04-01, , 6.00, 22.00, 5,6,, 56.00, 0, 0.00, 0.00, 0, 0.00, 4 ) => {inserted_id = 63}
13:44:03 cagu001 Carina Gustafsson DELETE data from tables `inconvenient_timing` on conditions root_id = 63
13:44:03 cagu001 Carina Gustafsson DELETE data from tables `inconvenient_timing` on conditions id = 63
13:44:03 cagu001 Carina Gustafsson INSERTING data into tables `inconvenient_timing` fields ( root_id, group_id, name, type, effect_from, effect_to, time_from, time_to, days, amount, nature, sal_call_training, sal_complementary_oncall, sal_more_oncall, sal_dismissal_oncall, sort_order ) values ( 0, 2, OB Helg, 0, 2019-04-01, , 6.00, 22.00, 6,, 56.00, 0, 0.00, 0.00, 0, 0.00, 4 ) => {inserted_id = 64}
13:45:39 cagu001 Carina Gustafsson DELETE data from tables `inconvenient_timing` on conditions root_id = 62
13:45:39 cagu001 Carina Gustafsson DELETE data from tables `inconvenient_timing` on conditions id = 62
13:45:39 cagu001 Carina Gustafsson INSERTING data into tables `inconvenient_timing` fields ( root_id, group_id, name, type, effect_from, effect_to, time_from, time_to, days, amount, nature, sal_call_training, sal_complementary_oncall, sal_more_oncall, sal_dismissal_oncall, sort_order ) values ( 0, 2, OB Helg, 0, 2019-04-01, 2019-12-31, 19.00, 22.00, 5,, 56.00, 0, 0.00, 0.00, 0, 0.00, 4 ) => {inserted_id = 65}
13:49:37 cagu001 Carina Gustafsson UPDATING data to tables `inconvenient_timing` fields ( sort_order ) values (1) on conditions group_id = 5
13:49:37 cagu001 Carina Gustafsson UPDATING data to tables `inconvenient_timing` fields ( sort_order ) values (2) on conditions group_id = 4
13:49:37 cagu001 Carina Gustafsson UPDATING data to tables `inconvenient_timing` fields ( sort_order ) values (3) on conditions group_id = 1
13:49:37 cagu001 Carina Gustafsson UPDATING data to tables `inconvenient_timing` fields ( sort_order ) values (4) on conditions group_id = 3
13:49:37 cagu001 Carina Gustafsson UPDATING data to tables `inconvenient_timing` fields ( sort_order ) values (5) on conditions group_id = 2
13:54:54 cagu001 Carina Gustafsson UPDATING data to tables `holiday_block_master` fields ( name, group_id, effect_from, effect_to, date_from, date_to, start_time, end_time, type ) values (Alla helgons dag, 10, 2019, 2019, 11-01, 11-04, 16.00, 7.00, 1) on conditions id = 57
13:54:54 cagu001 Carina Gustafsson DELETE data from tables `holiday_block` on conditions block_master_id = 57
13:54:54 cagu001 Carina Gustafsson INSERTING data into tables `holiday_block` fields ( block_master_id, day, type ) values ( 57, 1, 2 ) => {inserted_id = 717}
13:54:54 cagu001 Carina Gustafsson INSERTING data into tables `holiday_block` fields ( block_master_id, day, type ) values ( 57, 2, 1 ) => {inserted_id = 718}
13:54:54 cagu001 Carina Gustafsson INSERTING data into tables `holiday_block` fields ( block_master_id, day, type ) values ( 57, 3, 2 ) => {inserted_id = 719}
13:54:55 cagu001 Carina Gustafsson INSERTING data into tables `holiday_block` fields ( block_master_id, day, type ) values ( 57, 4, 2 ) => {inserted_id = 720}
13:56:06 cagu001 Carina Gustafsson UPDATING data to tables `holiday_block_master` fields ( name, group_id, effect_from, effect_to, date_from, date_to, start_time, end_time, type ) values (Alla helgons dag, 10, 2020, , 10-30, 11-02, 16.00, 7.00, 1) on conditions id = 62
13:56:06 cagu001 Carina Gustafsson DELETE data from tables `holiday_block` on conditions block_master_id = 62
13:56:06 cagu001 Carina Gustafsson INSERTING data into tables `holiday_block` fields ( block_master_id, day, type ) values ( 62, 1, 2 ) => {inserted_id = 721}
13:56:06 cagu001 Carina Gustafsson INSERTING data into tables `holiday_block` fields ( block_master_id, day, type ) values ( 62, 2, 1 ) => {inserted_id = 722}
13:56:07 cagu001 Carina Gustafsson INSERTING data into tables `holiday_block` fields ( block_master_id, day, type ) values ( 62, 3, 2 ) => {inserted_id = 723}
13:56:07 cagu001 Carina Gustafsson INSERTING data into tables `holiday_block` fields ( block_master_id, day, type ) values ( 62, 4, 2 ) => {inserted_id = 724}
14:01:29 cagu001 Carina Gustafsson UPDATING data to tables `holiday_block_master` fields ( name, group_id, effect_from, effect_to, date_from, date_to, start_time, end_time, type ) values (Nationaldagen, 9, 2015, , 06-05, 06-07, 16.00, 7.00, 1) on conditions id = 9
14:01:30 cagu001 Carina Gustafsson DELETE data from tables `holiday_block` on conditions block_master_id = 9
14:01:30 cagu001 Carina Gustafsson INSERTING data into tables `holiday_block` fields ( block_master_id, day, type ) values ( 9, 1, 2 ) => {inserted_id = 725}
14:01:30 cagu001 Carina Gustafsson INSERTING data into tables `holiday_block` fields ( block_master_id, day, type ) values ( 9, 2, 1 ) => {inserted_id = 726}
14:01:30 cagu001 Carina Gustafsson INSERTING data into tables `holiday_block` fields ( block_master_id, day, type ) values ( 9, 3, 2 ) => {inserted_id = 727}
14:02:24 cagu001 Carina Gustafsson UPDATING data to tables `holiday_block_master` fields ( name, group_id, effect_from, effect_to, date_from, date_to, start_time, end_time, type ) values (Nationaldagen, 9, 2019, , 06-05, 06-07, 16.00, 7.00, 1) on conditions id = 9
14:02:24 cagu001 Carina Gustafsson DELETE data from tables `holiday_block` on conditions block_master_id = 9
14:02:24 cagu001 Carina Gustafsson INSERTING data into tables `holiday_block` fields ( block_master_id, day, type ) values ( 9, 1, 2 ) => {inserted_id = 728}
14:02:24 cagu001 Carina Gustafsson INSERTING data into tables `holiday_block` fields ( block_master_id, day, type ) values ( 9, 2, 1 ) => {inserted_id = 729}
14:02:24 cagu001 Carina Gustafsson INSERTING data into tables `holiday_block` fields ( block_master_id, day, type ) values ( 9, 3, 2 ) => {inserted_id = 730}
14:03:27 cagu001 Carina Gustafsson UPDATING data to tables `holiday_block_master` fields ( name, group_id, effect_from, effect_to, date_from, date_to, start_time, end_time, type ) values (Pingst, 2, 2019, 2019, 06-07, 06-10, 18.00, 7.00, 2) on conditions id = 55
14:03:28 cagu001 Carina Gustafsson DELETE data from tables `holiday_block` on conditions block_master_id = 55
14:03:28 cagu001 Carina Gustafsson INSERTING data into tables `holiday_block` fields ( block_master_id, day, type ) values ( 55, 1, 2 ) => {inserted_id = 731}
14:03:28 cagu001 Carina Gustafsson INSERTING data into tables `holiday_block` fields ( block_master_id, day, type ) values ( 55, 2, 2 ) => {inserted_id = 732}
14:03:28 cagu001 Carina Gustafsson INSERTING data into tables `holiday_block` fields ( block_master_id, day, type ) values ( 55, 3, 1 ) => {inserted_id = 733}
14:03:28 cagu001 Carina Gustafsson INSERTING data into tables `holiday_block` fields ( block_master_id, day, type ) values ( 55, 4, 2 ) => {inserted_id = 734}
14:04:38 cagu001 Carina Gustafsson UPDATING data to tables `holiday_block_master` fields ( name, group_id, effect_from, effect_to, date_from, date_to, start_time, end_time, type ) values (Kristi Himmelsfärdsdag, 8, 2019, 2019, 05-29, 05-31, 16.00, 7.00, 1) on conditions id = 54
14:04:38 cagu001 Carina Gustafsson DELETE data from tables `holiday_block` on conditions block_master_id = 54
14:04:38 cagu001 Carina Gustafsson INSERTING data into tables `holiday_block` fields ( block_master_id, day, type ) values ( 54, 1, 2 ) => {inserted_id = 735}
14:04:38 cagu001 Carina Gustafsson INSERTING data into tables `holiday_block` fields ( block_master_id, day, type ) values ( 54, 2, 1 ) => {inserted_id = 736}
14:04:38 cagu001 Carina Gustafsson INSERTING data into tables `holiday_block` fields ( block_master_id, day, type ) values ( 54, 3, 2 ) => {inserted_id = 737}
14:05:09 cagu001 Carina Gustafsson UPDATING data to tables `holiday_block_master` fields ( name, group_id, effect_from, effect_to, date_from, date_to, start_time, end_time, type ) values (Kristi Himmelsfärdsdag, 8, 2020, , 05-20, 05-22, 16.00, 7.00, 1) on conditions id = 59
14:05:09 cagu001 Carina Gustafsson DELETE data from tables `holiday_block` on conditions block_master_id = 59
14:05:09 cagu001 Carina Gustafsson INSERTING data into tables `holiday_block` fields ( block_master_id, day, type ) values ( 59, 1, 2 ) => {inserted_id = 738}
14:05:09 cagu001 Carina Gustafsson INSERTING data into tables `holiday_block` fields ( block_master_id, day, type ) values ( 59, 2, 1 ) => {inserted_id = 739}
14:05:09 cagu001 Carina Gustafsson INSERTING data into tables `holiday_block` fields ( block_master_id, day, type ) values ( 59, 3, 2 ) => {inserted_id = 740}
14:23:20 cagu001 Carina Gustafsson INSERTING data into tables `time2vie_cirruscommon`.`login` fields ( username, mobile, social_security, password, role, login, date, company_ids ) values ( biwa003, 709397997, 6010074620, 404bd779f6698ea665c2b4d9c2249dac, 1, 0, 2019-03-28, 20, ) => {inserted_id = 0}
14:23:20 cagu001 Carina Gustafsson INSERTING data into tables `time2vie_cirruscommon`.`secondary_login` fields ( username, company_id, last_login_time, last_pw_update_date, error, password ) values ( biwa003, 20, 0000-00-00 00:00:00, 2019-03-28, 0, 404bd779f6698ea665c2b4d9c2249dac ) => {inserted_id = 8389}
14:23:20 cagu001 Carina Gustafsson INSERTING data into tables `employee` fields ( username, century, code, social_security, first_name, last_name, gender, address, city, post, phone, mobile, email, date, color, status, date_inactive, max_hours, monthly_salary, start_day, remaining_sem_leave, sem_leave_todate, leave_in_advance, care_of, office_personal, substitute, salary_type, sem_leave_days, vab_leave_days, fp_leave_days, nopay_leave_days, other_leave_days, ice, employee_contract_start_month, employee_contract_period_date, employee_contract_period_length, candg_follow, inconvenient_on ) values ( biwa003, 19, 2, 6010074620, Birgitta, Wåhlander, 2, Lilla Drottninggatan 5, VARBERG, 432 45, , 709397997, ploggatan18@gmail.com, 2019-03-28, #ea9999, 1, , , 0, 10.00, , , , , , , 2, , , , , , , 04, 1, 04, , 0 ) => {inserted_id = 0}
14:23:20 cagu001 Carina Gustafsson UPDATING data to tables `time2vie_cirruscommon`.`login` fields ( company_ids=CONCAT(`company_ids`,?) ) values (20,) on conditions social_security = 6010074620 AND company_ids NOT LIKE %20,%
14:30:57 cagu001 Carina Gustafsson UPDATING data to tables `time2vie_cirruscommon`.`login` fields ( mobile, social_security ) values (733664430, 8807244606) on conditions username = mygu001
14:30:57 cagu001 Carina Gustafsson UPDATING data to tables `customer` fields ( code, century, social_security, first_name, last_name, address, city, post, phone, mobile, email, date, status, date_inactive, fkkn, gender, employee_contract_start_month, employee_contract_period_date, employee_contract_period_length, kn_name, kn_address, kn_postno, kn_reference_no, kn_box, kn_city ) values (-1, 19, 8807244606, My, Gustafsson, Skånegatan 408, VARBERG, 432 39, , 733664430, mysan16@hotmail.com, 2019-02-18, 1, , 1, 2, , , , , , 0, , , ) on conditions username = mygu001
14:36:12 cagu001 Carina Gustafsson INSERTING data into tables `customer_contract` fields ( hour, date_from, date_to, fkkn, customer ) values ( 4344, 2018-11-01, 2019-04-30, 1, mygu001 ) => {inserted_id = 1}
14:36:12 cagu001 Carina Gustafsson INSERTING data into tables `customer_contract_billing` fields ( contract_id, first_name, last_name, mobile, email, city, oncall, oncall2, awake, something ) values ( 1, , , , , , 1, , ,  ) => {inserted_id = 0}
14:36:12 cagu001 Carina Gustafsson INSERTING data into tables `customer_contract_decision` fields ( contract_id, first_name, last_name, mobile, email, city, comments_time, comments_other, documents ) values ( 1, , , , , , Nov-April 4344 Maj-Okt 4416, ,  ) => {inserted_id = 0}
14:40:26 cagu001 Carina Gustafsson UPDATING data to tables `privileges_mc` fields ( leave_notification, leave_approval, leave_rejection, leave_edit, notes, cirrus_mail, external_mail, sms, notes_approval, notes_rejection, notes_attchment, document_archive, support, sms_general, approve_all_leave ) values (0, 0, 0, 0, 0, 0, 0, 0, 0, 0, 0, 0, 0, 0, 0) on conditions employee = 
14:41:12 cagu001 Carina Gustafsson UPDATING data to tables `time2vie_cirruscommon`.`ws_sessions` fields ( user_id ) values (cagu001) on conditions session_id = 9f85d958189f74f08b386b70132e3d6e
14:43:12 cagu001 Carina Gustafsson UPDATING data to tables `time2vie_cirruscommon`.`login` fields ( role, mobile ) values (1, 703905572) on conditions username = cagu001
14:43:12 cagu001 Carina Gustafsson UPDATING data to tables `employee` fields ( code, century, social_security, first_name, last_name, gender, address, city, post, phone, mobile, email, date, color, status, date_inactive, max_hours, monthly_salary, start_day, remaining_sem_leave, sem_leave_todate, leave_in_advance, care_of, office_personal, substitute, salary_type, sem_leave_days, vab_leave_days, fp_leave_days, nopay_leave_days, other_leave_days, ice, employee_contract_start_month, employee_contract_period_date, employee_contract_period_length, candg_follow, inconvenient_on ) values (1, 19, 6112294605, Carina, Gustafsson, 2, Pixsjö 19, TVÅÅKER, 43277, , 703905572, varbergsfamiljeassistans@gmail.com, 2019-01-24, #6d9eeb, 1, , , 0, 10.00, 0, , 0, , 1, 0, 4, 1, 1, 1, 1, 1, , , , , 0, 1) on conditions username = cagu001
14:43:12 cagu001 Carina Gustafsson DELETE data from tables `team` on conditions employee = cagu001
15:53:22 cagu001 Carina Gustafsson UPDATING data to tables `time2vie_cirruscommon`.`login` fields ( password, mobile, role, error, date ) values (7d6d6d23ec6dac32c25d2adfd644e6df, 709397997, 1, 0, 2019-03-28) on conditions username = biwa003
15:53:22 cagu001 Carina Gustafsson UPDATING data to tables `time2vie_cirruscommon`.`secondary_login` fields ( password, error, last_pw_update_date ) values (7d6d6d23ec6dac32c25d2adfd644e6df, 0, 2019-03-28 14:53:22) on conditions username = biwa003 AND company_id = 20
15:53:22 cagu001 Carina Gustafsson UPDATING data to tables `employee` fields ( code, century, social_security, first_name, last_name, gender, address, city, post, phone, mobile, email, date, color, status, date_inactive, max_hours, monthly_salary, start_day, remaining_sem_leave, sem_leave_todate, leave_in_advance, care_of, office_personal, substitute, salary_type, sem_leave_days, vab_leave_days, fp_leave_days, nopay_leave_days, other_leave_days, ice, employee_contract_start_month, employee_contract_period_date, employee_contract_period_length, candg_follow, inconvenient_on ) values (2, 19, 6010074620, Birgitta, Wåhlander, 2, Lilla Drottninggatan 5, VARBERG, 432 45, , 709397997, ploggatan18@gmail.com, 2019-03-28, #ea9999, 1, , , 0, 10.00, 0, , 0, , 0, 0, 2, 0, 0, 0, 0, 0, , 04, 1, 04, 0, 0) on conditions username = biwa003
15:53:22 cagu001 Carina Gustafsson INSERTING data into tables `emp_inconvinient_time` fields ( emp_username, on_call, on_call_holiday, on_call_bigholiday, inconvinient_night, inconvinient_evening, inconvinient_holiday, inconvinient_week_holiday, date_from, added_by ) values ( biwa003, , , , , , , , 2019-03-28, cagu001 ) => {inserted_id = 2}
15:53:22 cagu001 Carina Gustafsson INSERTING data into tables `emp_salary` fields ( emp_username, salary_per_month, salary_per_hour, date_from, added_by ) values ( biwa003, , , 2019-03-28, cagu001 ) => {inserted_id = 2}
15:53:22 cagu001 Carina Gustafsson DELETE data from tables `team` on conditions employee = biwa003
15:53:27 cagu001 Carina Gustafsson UPDATING data to tables `time2vie_cirruscommon`.`ws_sessions` fields ( user_id ) values (cagu001) on conditions session_id = 9f85d958189f74f08b386b70132e3d6e
15:57:18 cagu001 Carina Gustafsson UPDATING data to tables `time2vie_cirruscommon`.`ws_sessions` fields ( user_id ) values (cagu001) on conditions session_id = 9f85d958189f74f08b386b70132e3d6e
16:00:47 cagu001 Carina Gustafsson UPDATING data to tables `time2vie_cirruscommon`.`ws_sessions` fields ( user_id ) values (cagu001) on conditions session_id = 9f85d958189f74f08b386b70132e3d6e
16:02:56 cagu001 Carina Gustafsson DELETE data from tables `temp_session` on conditions username LIKE cagu001
16:02:57 cagu001 Carina Gustafsson UPDATING data to tables `time2vie_cirruscommon`.`login` fields ( login, last_time ) values (0, 2019-03-28 16:02:56) on conditions username = cagu001
16:02:57 cagu001 Carina Gustafsson UPDATING data to tables `time2vie_cirruscommon`.`secondary_login` fields ( last_login_time ) values (2019-03-28 16:02:56) on conditions username = cagu001 AND company_id = 20
16:02:57   UPDATING data to tables `log_login` fields ( logout_time ) values (2019-03-28:15:02:57) on conditions id = 17 AND username = cagu001
