02:33:25 peka002 Petronella Karlsson UPDATING data to tables `time2vie_cirruscommon`.`secondary_login` fields ( error ) values (0) on conditions username = peka002 AND company_id = 20
02:33:25 peka002 Petronella Karlsson INSERTING data into tables `log_login` fields ( username, ip, browser ) values ( peka002, 94.234.47.44, Time2View/1 CFNetwork/975.0.3 Darwin/18.2.0 ) => {inserted_id = 4509}
02:33:25 peka002 Petronella Karlsson DELETE data from tables `temp_session` on conditions username LIKE peka002
02:33:25 peka002 Petronella Karlsson UPDATING data to tables `time2vie_cirruscommon`.`login` fields ( login, last_time ) values (1, 2019-10-14 02:33:25) on conditions username = peka002
02:33:25 peka002 Petronella Karlsson UPDATING data to tables `time2vie_cirruscommon`.`secondary_login` fields ( last_login_time ) values (2019-10-14 02:33:25) on conditions username = peka002 AND company_id = 20
04:18:52 biwa003 Birgitta Wåhlander INSERTING data into tables `log_login` fields ( username, ip, browser ) values ( biwa003, 185.27.165.66, Mozilla/5.0 (iPad; CPU OS 10_3_4 like Mac OS X) AppleWebKit/603.1.30 (KHTML, like Gecko) CriOS/71.0.3578.89 Mobile/14G61 Safari/602.1 ) => {inserted_id = 4510}
04:18:52 biwa003 Birgitta Wåhlander DELETE data from tables `temp_session` on conditions username LIKE biwa003
04:18:52 biwa003 Birgitta Wåhlander UPDATING data to tables `time2vie_cirruscommon`.`login` fields ( login, last_time ) values (1, 2019-10-14 04:18:52) on conditions username = biwa003
04:18:52 biwa003 Birgitta Wåhlander UPDATING data to tables `time2vie_cirruscommon`.`secondary_login` fields ( last_login_time ) values (2019-10-14 04:18:52) on conditions username = biwa003 AND company_id = 20
04:18:53 biwa003 Birgitta Wåhlander UPDATING data to tables `time2vie_cirruscommon`.`ws_sessions` fields ( user_id ) values (biwa003) on conditions session_id = aa5ff5e3adff90707b18c7b7c4b52590
04:20:18 biwa003 Birgitta Wåhlander UPDATING data to tables `timetable` fields ( customer, employee, date, time_from, time_to, fkkn, type, status, comment ) values (chwa001, gaan001, 2019-10-14, 6.45, 15.00, 1, 0, 1, ) on conditions id = 4211
04:21:06 biwa003 Birgitta Wåhlander UPDATING data to tables `timetable` fields ( customer, employee, date, time_from, time_to, fkkn, type, status, comment ) values (chwa001, mato007, 2019-10-14, 0.00, 7.00, 1, 0, 1, ) on conditions id = 4210
04:21:24 biwa003 Birgitta Wåhlander UPDATING data to tables `time2vie_cirruscommon`.`ws_sessions` fields ( user_id ) values (biwa003) on conditions session_id = aa5ff5e3adff90707b18c7b7c4b52590
04:22:34 biwa003 Birgitta Wåhlander UPDATING data to tables `time2vie_cirruscommon`.`ws_sessions` fields ( user_id ) values (biwa003) on conditions session_id = aa5ff5e3adff90707b18c7b7c4b52590
07:27:08 loli005 Lovisa Lian INSERTING data into tables `log_login` fields ( username, ip, browser ) values ( loli005, 84.216.157.79, Mozilla/5.0 (iPhone; CPU iPhone OS 12_4_1 like Mac OS X) AppleWebKit/605.1.15 (KHTML, like Gecko) Version/12.1.2 Mobile/15E148 Safari/604.1 ) => {inserted_id = 4511}
07:27:08 loli005 Lovisa Lian DELETE data from tables `temp_session` on conditions username LIKE loli005
07:27:08 loli005 Lovisa Lian UPDATING data to tables `time2vie_cirruscommon`.`login` fields ( login, last_time ) values (1, 2019-10-14 07:27:08) on conditions username = loli005
07:27:08 loli005 Lovisa Lian UPDATING data to tables `time2vie_cirruscommon`.`secondary_login` fields ( last_login_time ) values (2019-10-14 07:27:08) on conditions username = loli005 AND company_id = 20
07:27:08 loli005 Lovisa Lian UPDATING data to tables `time2vie_cirruscommon`.`ws_sessions` fields ( user_id ) values (loli005) on conditions session_id = b0cb5981ed8cffb29cbffab09ebcc3d7
07:51:12 hejo003 Helen Jörnås UPDATING data to tables `time2vie_cirruscommon`.`secondary_login` fields ( error ) values (0) on conditions username = hejo003 AND company_id = 20
07:51:12 hejo003 Helen Jörnås INSERTING data into tables `log_login` fields ( username, ip, browser ) values ( hejo003, 90.224.82.244, okhttp/3.9.1 ) => {inserted_id = 4512}
07:51:12 hejo003 Helen Jörnås DELETE data from tables `temp_session` on conditions username LIKE hejo003
07:51:12 hejo003 Helen Jörnås UPDATING data to tables `time2vie_cirruscommon`.`login` fields ( login, last_time ) values (1, 2019-10-14 07:51:12) on conditions username = hejo003
07:51:12 hejo003 Helen Jörnås UPDATING data to tables `time2vie_cirruscommon`.`secondary_login` fields ( last_login_time ) values (2019-10-14 07:51:12) on conditions username = hejo003 AND company_id = 20
07:51:33 hejo003 Helen Jörnås UPDATING data to tables `time2vie_cirruscommon`.`secondary_login` fields ( error ) values (0) on conditions username = hejo003 AND company_id = 20 #Mobile-App: Log-id=4512
07:51:33 hejo003 Helen Jörnås INSERTING data into tables `log_login` fields ( username, ip, browser ) values ( hejo003, 90.224.82.244, okhttp/3.9.1 ) => {inserted_id = 4513} #Mobile-App: Log-id=4512
07:51:33 hejo003 Helen Jörnås DELETE data from tables `temp_session` on conditions username LIKE hejo003 #Mobile-App: Log-id=4513
07:51:33 hejo003 Helen Jörnås UPDATING data to tables `time2vie_cirruscommon`.`login` fields ( login, last_time ) values (1, 2019-10-14 07:51:33) on conditions username = hejo003 #Mobile-App: Log-id=4513
07:51:33 hejo003 Helen Jörnås UPDATING data to tables `time2vie_cirruscommon`.`secondary_login` fields ( last_login_time ) values (2019-10-14 07:51:33) on conditions username = hejo003 AND company_id = 20 #Mobile-App: Log-id=4513
08:25:43 hejo003 Helen Jörnås UPDATING data to tables `time2vie_cirruscommon`.`secondary_login` fields ( error ) values (0) on conditions username = hejo003 AND company_id = 20
08:25:43 hejo003 Helen Jörnås INSERTING data into tables `log_login` fields ( username, ip, browser ) values ( hejo003, 90.224.82.244, okhttp/3.9.1 ) => {inserted_id = 4514}
08:25:43 hejo003 Helen Jörnås DELETE data from tables `temp_session` on conditions username LIKE hejo003
08:25:43 hejo003 Helen Jörnås UPDATING data to tables `time2vie_cirruscommon`.`login` fields ( login, last_time ) values (1, 2019-10-14 08:25:43) on conditions username = hejo003
08:25:43 hejo003 Helen Jörnås UPDATING data to tables `time2vie_cirruscommon`.`secondary_login` fields ( last_login_time ) values (2019-10-14 08:25:43) on conditions username = hejo003 AND company_id = 20
08:29:48 asgr002 Åsa Grimberg UPDATING data to tables `time2vie_cirruscommon`.`secondary_login` fields ( error ) values (0) on conditions username = asgr002 AND company_id = 20
08:29:48 asgr002 Åsa Grimberg INSERTING data into tables `log_login` fields ( username, ip, browser ) values ( asgr002, 78.70.128.102, Time2View/1 CFNetwork/978.0.7 Darwin/18.7.0 ) => {inserted_id = 4515}
08:29:48 asgr002 Åsa Grimberg DELETE data from tables `temp_session` on conditions username LIKE asgr002
08:29:48 asgr002 Åsa Grimberg UPDATING data to tables `time2vie_cirruscommon`.`login` fields ( login, last_time ) values (1, 2019-10-14 08:29:48) on conditions username = asgr002
08:29:48 asgr002 Åsa Grimberg UPDATING data to tables `time2vie_cirruscommon`.`secondary_login` fields ( last_login_time ) values (2019-10-14 08:29:48) on conditions username = asgr002 AND company_id = 20
08:31:52 cagu001 Carina Gustafsson INSERTING data into tables `log_login` fields ( username, ip, browser ) values ( cagu001, 193.234.72.157, Mozilla/5.0 (Windows NT 10.0; Win64; x64) AppleWebKit/537.36 (KHTML, like Gecko) Chrome/77.0.3865.90 Safari/537.36 ) => {inserted_id = 4516}
08:31:52 cagu001 Carina Gustafsson DELETE data from tables `temp_session` on conditions username LIKE cagu001
08:31:52 cagu001 Carina Gustafsson UPDATING data to tables `time2vie_cirruscommon`.`login` fields ( login, last_time ) values (1, 2019-10-14 08:31:52) on conditions username = cagu001
08:31:52 cagu001 Carina Gustafsson UPDATING data to tables `time2vie_cirruscommon`.`secondary_login` fields ( last_login_time ) values (2019-10-14 08:31:52) on conditions username = cagu001 AND company_id = 20
08:31:52 cagu001 Carina Gustafsson UPDATING data to tables `time2vie_cirruscommon`.`ws_sessions` fields ( user_id ) values (cagu001) on conditions session_id = b2d8b5ddaff5485ccfcec3f83a32593b
08:35:27 asgr002 Åsa Grimberg UPDATING data to tables `time2vie_cirruscommon`.`secondary_login` fields ( error ) values (0) on conditions username = asgr002 AND company_id = 20
08:35:27 asgr002 Åsa Grimberg INSERTING data into tables `log_login` fields ( username, ip, browser ) values ( asgr002, 78.70.128.102, Time2View/1 CFNetwork/978.0.7 Darwin/18.7.0 ) => {inserted_id = 4517}
08:35:27 asgr002 Åsa Grimberg DELETE data from tables `temp_session` on conditions username LIKE asgr002
08:35:27 asgr002 Åsa Grimberg UPDATING data to tables `time2vie_cirruscommon`.`login` fields ( login, last_time ) values (1, 2019-10-14 08:35:27) on conditions username = asgr002
08:35:27 asgr002 Åsa Grimberg UPDATING data to tables `time2vie_cirruscommon`.`secondary_login` fields ( last_login_time ) values (2019-10-14 08:35:27) on conditions username = asgr002 AND company_id = 20
08:36:17 biwa003 Birgitta Wåhlander INSERTING data into tables `log_login` fields ( username, ip, browser ) values ( biwa003, 193.234.72.157, Mozilla/5.0 (Windows NT 10.0; Win64; x64) AppleWebKit/537.36 (KHTML, like Gecko) Chrome/77.0.3865.90 Safari/537.36 ) => {inserted_id = 4518}
08:36:17 biwa003 Birgitta Wåhlander DELETE data from tables `temp_session` on conditions username LIKE biwa003
08:36:17 biwa003 Birgitta Wåhlander UPDATING data to tables `time2vie_cirruscommon`.`login` fields ( login, last_time ) values (1, 2019-10-14 08:36:17) on conditions username = biwa003
08:36:17 biwa003 Birgitta Wåhlander UPDATING data to tables `time2vie_cirruscommon`.`secondary_login` fields ( last_login_time ) values (2019-10-14 08:36:17) on conditions username = biwa003 AND company_id = 20
08:36:18 biwa003 Birgitta Wåhlander UPDATING data to tables `time2vie_cirruscommon`.`ws_sessions` fields ( user_id ) values (biwa003) on conditions session_id = 53e78ccd8eda14680ef3d0b37b39983d
08:42:09 cagu001 Carina Gustafsson UPDATING data to tables `timetable` fields ( google_id ) values (dsq84ahmf5msrnk0knl772i728) on conditions id = 3014
08:42:09 cagu001 Carina Gustafsson UPDATING data to tables `timetable` fields ( google_id ) values (umcp2hgcik1937kr25mn8n6sdk) on conditions id = 4766
08:42:09 cagu001 Carina Gustafsson UPDATING data to tables `timetable` fields ( google_id ) values (pnl9vaegunsv18s9qeiumk5gp4) on conditions id = 3020
08:42:10 cagu001 Carina Gustafsson UPDATING data to tables `timetable` fields ( google_id ) values (36j5d5jcffpu9lhd8e947tkbi0) on conditions id = 3021
08:42:10 cagu001 Carina Gustafsson UPDATING data to tables `timetable` fields ( google_id ) values (ijagfcsfoe2vi4ui5ha2d0k0js) on conditions id = 5139
08:42:10 cagu001 Carina Gustafsson UPDATING data to tables `timetable` fields ( google_id ) values (a6mhhorsrj3or0al0dg22jitd8) on conditions id = 3041
08:42:11 cagu001 Carina Gustafsson UPDATING data to tables `timetable` fields ( google_id ) values (c7bhlgc2eo4u61freek3luma48) on conditions id = 3042
08:42:11 cagu001 Carina Gustafsson UPDATING data to tables `timetable` fields ( google_id ) values (uaq4iub7u63gqpqog1jv88lgeg) on conditions id = 3043
08:42:11 cagu001 Carina Gustafsson UPDATING data to tables `timetable` fields ( google_id ) values (k8brcc78c7thh219elju7q7jpo) on conditions id = 3054
08:42:12 cagu001 Carina Gustafsson UPDATING data to tables `timetable` fields ( google_id ) values (jl4p1v00a08gum7ipgq38ipegs) on conditions id = 3055
08:42:12 cagu001 Carina Gustafsson UPDATING data to tables `timetable` fields ( google_id ) values (54pjuq47iq446cmvd83htcap7s) on conditions id = 3056
08:42:12 cagu001 Carina Gustafsson UPDATING data to tables `timetable` fields ( google_id ) values (ste24dfssugnc19p18rovodlbc) on conditions id = 3065
08:42:13 cagu001 Carina Gustafsson UPDATING data to tables `timetable` fields ( google_id ) values (75468u15l541tkk6ogs4c5fmt8) on conditions id = 3066
08:42:13 cagu001 Carina Gustafsson UPDATING data to tables `timetable` fields ( google_id ) values (4fv1gfek8je0mki97216tcrn0s) on conditions id = 3067
08:42:13 cagu001 Carina Gustafsson UPDATING data to tables `timetable` fields ( google_id ) values (27ae5ggq7njspqm8jchnp6hhmc) on conditions id = 4765
08:42:14 cagu001 Carina Gustafsson UPDATING data to tables `timetable` fields ( google_id ) values (g991ko6l4vtss3no22945kpghc) on conditions id = 3069
08:42:14 cagu001 Carina Gustafsson UPDATING data to tables `timetable` fields ( google_id ) values (0uo484i275fr8ihgdb9mkitkgc) on conditions id = 3071
08:42:14 cagu001 Carina Gustafsson UPDATING data to tables `timetable` fields ( google_id ) values (idu3eeohq0qaa3erinktcp8tos) on conditions id = 3107
08:42:15 cagu001 Carina Gustafsson UPDATING data to tables `timetable` fields ( google_id ) values (8plccgk17h4nr98ip4qbs8sq2k) on conditions id = 3108
08:42:15 cagu001 Carina Gustafsson UPDATING data to tables `timetable` fields ( google_id ) values (upqje2j9j6mumtem6j0snhblm0) on conditions id = 3109
08:42:15 cagu001 Carina Gustafsson UPDATING data to tables `timetable` fields ( google_id ) values (l7pmrtledki4bffrqk0cemol7c) on conditions id = 3116
08:42:16 cagu001 Carina Gustafsson UPDATING data to tables `timetable` fields ( google_id ) values (5pd0maqd8mlutmq7l7pjesciv8) on conditions id = 4768
08:42:16 cagu001 Carina Gustafsson UPDATING data to tables `timetable` fields ( google_id ) values (fife9gf0frp8bj54c7ok5vgm88) on conditions id = 3122
08:42:16 cagu001 Carina Gustafsson UPDATING data to tables `timetable` fields ( google_id ) values (l4e5a80viqb0gt21fo59j20vtk) on conditions id = 3123
09:12:20 thca002 Therese Calic UPDATING data to tables `time2vie_cirruscommon`.`secondary_login` fields ( error ) values (0) on conditions username = thca002 AND company_id = 20
09:12:20 thca002 Therese Calic INSERTING data into tables `log_login` fields ( username, ip, browser ) values ( thca002, 217.214.151.21, Time2View/1 CFNetwork/978.0.7 Darwin/18.6.0 ) => {inserted_id = 4519}
09:12:20 thca002 Therese Calic DELETE data from tables `temp_session` on conditions username LIKE thca002
09:12:20 thca002 Therese Calic UPDATING data to tables `time2vie_cirruscommon`.`login` fields ( login, last_time ) values (1, 2019-10-14 09:12:20) on conditions username = thca002
09:12:20 thca002 Therese Calic UPDATING data to tables `time2vie_cirruscommon`.`secondary_login` fields ( last_login_time ) values (2019-10-14 09:12:20) on conditions username = thca002 AND company_id = 20
09:15:40 cagu001 Carina Gustafsson UPDATING data to tables `time2vie_cirruscommon`.`ws_sessions` fields ( user_id ) values (cagu001) on conditions session_id = b2d8b5ddaff5485ccfcec3f83a32593b
09:17:34 cagu001 Carina Gustafsson UPDATING data to tables `time2vie_cirruscommon`.`ws_sessions` fields ( user_id ) values (cagu001) on conditions session_id = b2d8b5ddaff5485ccfcec3f83a32593b
09:23:29 cagu001 Carina Gustafsson UPDATING data to tables `time2vie_cirruscommon`.`ws_sessions` fields ( user_id ) values (cagu001) on conditions session_id = b2d8b5ddaff5485ccfcec3f83a32593b
09:31:50 asgr002 Åsa Grimberg UPDATING data to tables `time2vie_cirruscommon`.`secondary_login` fields ( error ) values (0) on conditions username = asgr002 AND company_id = 20
09:31:50 asgr002 Åsa Grimberg INSERTING data into tables `log_login` fields ( username, ip, browser ) values ( asgr002, 78.70.128.102, Time2View/1 CFNetwork/978.0.7 Darwin/18.7.0 ) => {inserted_id = 4520}
09:31:50 asgr002 Åsa Grimberg DELETE data from tables `temp_session` on conditions username LIKE asgr002
09:31:50 asgr002 Åsa Grimberg UPDATING data to tables `time2vie_cirruscommon`.`login` fields ( login, last_time ) values (1, 2019-10-14 09:31:50) on conditions username = asgr002
09:31:50 asgr002 Åsa Grimberg UPDATING data to tables `time2vie_cirruscommon`.`secondary_login` fields ( last_login_time ) values (2019-10-14 09:31:50) on conditions username = asgr002 AND company_id = 20
10:00:50 biwa003 Birgitta Wåhlander INSERTING data into tables `log_login` fields ( username, ip, browser ) values ( biwa003, 193.234.72.157, Mozilla/5.0 (Windows NT 10.0; Win64; x64) AppleWebKit/537.36 (KHTML, like Gecko) Chrome/77.0.3865.90 Safari/537.36 ) => {inserted_id = 4521}
10:00:50 biwa003 Birgitta Wåhlander DELETE data from tables `temp_session` on conditions username LIKE biwa003
10:00:50 biwa003 Birgitta Wåhlander UPDATING data to tables `time2vie_cirruscommon`.`login` fields ( login, last_time ) values (1, 2019-10-14 10:00:50) on conditions username = biwa003
10:00:50 biwa003 Birgitta Wåhlander UPDATING data to tables `time2vie_cirruscommon`.`secondary_login` fields ( last_login_time ) values (2019-10-14 10:00:50) on conditions username = biwa003 AND company_id = 20
10:00:50 biwa003 Birgitta Wåhlander UPDATING data to tables `time2vie_cirruscommon`.`ws_sessions` fields ( user_id ) values (biwa003) on conditions session_id = 53e78ccd8eda14680ef3d0b37b39983d
10:22:18 cagu001 Carina Gustafsson INSERTING data into tables `time2vie_cirruscommon`.`support_ticket_master` fields ( company_id, category_type ) values ( 20, 2 ) => {inserted_id = 2506}
10:22:18 cagu001 Carina Gustafsson INSERTING data into tables `time2vie_cirruscommon`.`support_tickets` fields ( id, created_user, category_id, ticket_type, priority, title, description, attachment, status ) values ( 2506, cagu001, 10, 3, 2, Avvikelserapport, <p>Hej!</p><p>Vi har sjukfrånvaro på Elin Berntsson under tiden 11-17/9 men på avvikelserapporten kommer bara den 11 med, varför???</p><p>Mvh&nbsp;</p><p>Varbergs Familjeassistans</p>, , 1 ) => {inserted_id = 0}
10:23:03 biwa003 Birgitta Wåhlander UPDATING data to tables `time2vie_cirruscommon`.`ws_sessions` fields ( user_id ) values (biwa003) on conditions session_id = 53e78ccd8eda14680ef3d0b37b39983d
12:14:39 cagu001 Carina Gustafsson UPDATING data to tables `time2vie_cirruscommon`.`ws_sessions` fields ( user_id ) values (cagu001) on conditions session_id = b2d8b5ddaff5485ccfcec3f83a32593b
12:22:07 cagu001 Carina Gustafsson UPDATING data to tables `time2vie_cirruscommon`.`ws_sessions` fields ( user_id ) values (cagu001) on conditions session_id = b2d8b5ddaff5485ccfcec3f83a32593b
12:49:22 hejo003 Helen Jörnås UPDATING data to tables `time2vie_cirruscommon`.`secondary_login` fields ( error ) values (0) on conditions username = hejo003 AND company_id = 20
12:49:22 hejo003 Helen Jörnås INSERTING data into tables `log_login` fields ( username, ip, browser ) values ( hejo003, 90.224.82.244, okhttp/3.9.1 ) => {inserted_id = 4522}
12:49:22 hejo003 Helen Jörnås DELETE data from tables `temp_session` on conditions username LIKE hejo003
12:49:22 hejo003 Helen Jörnås UPDATING data to tables `time2vie_cirruscommon`.`login` fields ( login, last_time ) values (1, 2019-10-14 12:49:22) on conditions username = hejo003
12:49:22 hejo003 Helen Jörnås UPDATING data to tables `time2vie_cirruscommon`.`secondary_login` fields ( last_login_time ) values (2019-10-14 12:49:22) on conditions username = hejo003 AND company_id = 20
12:55:29 peka002 Petronella Karlsson UPDATING data to tables `time2vie_cirruscommon`.`secondary_login` fields ( error ) values (0) on conditions username = peka002 AND company_id = 20
12:55:29 peka002 Petronella Karlsson INSERTING data into tables `log_login` fields ( username, ip, browser ) values ( peka002, 81.235.250.129, Time2View/1 CFNetwork/975.0.3 Darwin/18.2.0 ) => {inserted_id = 4523}
12:55:29 peka002 Petronella Karlsson DELETE data from tables `temp_session` on conditions username LIKE peka002
12:55:29 peka002 Petronella Karlsson UPDATING data to tables `time2vie_cirruscommon`.`login` fields ( login, last_time ) values (1, 2019-10-14 12:55:29) on conditions username = peka002
12:55:29 peka002 Petronella Karlsson UPDATING data to tables `time2vie_cirruscommon`.`secondary_login` fields ( last_login_time ) values (2019-10-14 12:55:29) on conditions username = peka002 AND company_id = 20
12:55:43 anka020 Annika Karlsson UPDATING data to tables `time2vie_cirruscommon`.`secondary_login` fields ( error ) values (0) on conditions username = anka020 AND company_id = 20
12:55:43 anka020 Annika Karlsson INSERTING data into tables `log_login` fields ( username, ip, browser ) values ( anka020, 91.233.50.32, okhttp/3.9.1 ) => {inserted_id = 4524}
12:55:43 anka020 Annika Karlsson DELETE data from tables `temp_session` on conditions username LIKE anka020
12:55:43 anka020 Annika Karlsson UPDATING data to tables `time2vie_cirruscommon`.`login` fields ( login, last_time ) values (1, 2019-10-14 12:55:43) on conditions username = anka020
12:55:43 anka020 Annika Karlsson UPDATING data to tables `time2vie_cirruscommon`.`secondary_login` fields ( last_login_time ) values (2019-10-14 12:55:43) on conditions username = anka020 AND company_id = 20
13:02:53 peka002 Petronella Karlsson UPDATING data to tables `time2vie_cirruscommon`.`secondary_login` fields ( error ) values (0) on conditions username = peka002 AND company_id = 20
13:02:53 peka002 Petronella Karlsson INSERTING data into tables `log_login` fields ( username, ip, browser ) values ( peka002, 81.235.250.129, Time2View/1 CFNetwork/975.0.3 Darwin/18.2.0 ) => {inserted_id = 4525}
13:02:53 peka002 Petronella Karlsson DELETE data from tables `temp_session` on conditions username LIKE peka002
13:02:53 peka002 Petronella Karlsson UPDATING data to tables `time2vie_cirruscommon`.`login` fields ( login, last_time ) values (1, 2019-10-14 13:02:53) on conditions username = peka002
13:02:53 peka002 Petronella Karlsson UPDATING data to tables `time2vie_cirruscommon`.`secondary_login` fields ( last_login_time ) values (2019-10-14 13:02:53) on conditions username = peka002 AND company_id = 20
13:02:59 asgr002 Åsa Grimberg UPDATING data to tables `time2vie_cirruscommon`.`secondary_login` fields ( error ) values (0) on conditions username = asgr002 AND company_id = 20
13:02:59 asgr002 Åsa Grimberg INSERTING data into tables `log_login` fields ( username, ip, browser ) values ( asgr002, 94.234.44.183, Time2View/1 CFNetwork/978.0.7 Darwin/18.7.0 ) => {inserted_id = 4526}
13:02:59 asgr002 Åsa Grimberg DELETE data from tables `temp_session` on conditions username LIKE asgr002
13:02:59 asgr002 Åsa Grimberg UPDATING data to tables `time2vie_cirruscommon`.`login` fields ( login, last_time ) values (1, 2019-10-14 13:02:59) on conditions username = asgr002
13:02:59 asgr002 Åsa Grimberg UPDATING data to tables `time2vie_cirruscommon`.`secondary_login` fields ( last_login_time ) values (2019-10-14 13:02:59) on conditions username = asgr002 AND company_id = 20
13:08:04 asgr002 Åsa Grimberg UPDATING data to tables `time2vie_cirruscommon`.`secondary_login` fields ( error ) values (0) on conditions username = asgr002 AND company_id = 20
13:08:04 asgr002 Åsa Grimberg INSERTING data into tables `log_login` fields ( username, ip, browser ) values ( asgr002, 94.234.44.183, Time2View/1 CFNetwork/978.0.7 Darwin/18.7.0 ) => {inserted_id = 4527}
13:08:04 asgr002 Åsa Grimberg DELETE data from tables `temp_session` on conditions username LIKE asgr002
13:08:04 asgr002 Åsa Grimberg UPDATING data to tables `time2vie_cirruscommon`.`login` fields ( login, last_time ) values (1, 2019-10-14 13:08:04) on conditions username = asgr002
13:08:04 asgr002 Åsa Grimberg UPDATING data to tables `time2vie_cirruscommon`.`secondary_login` fields ( last_login_time ) values (2019-10-14 13:08:04) on conditions username = asgr002 AND company_id = 20
13:54:56 peka002 Petronella Karlsson UPDATING data to tables `time2vie_cirruscommon`.`secondary_login` fields ( error ) values (0) on conditions username = peka002 AND company_id = 20
13:54:56 peka002 Petronella Karlsson INSERTING data into tables `log_login` fields ( username, ip, browser ) values ( peka002, 81.235.250.129, Time2View/1 CFNetwork/975.0.3 Darwin/18.2.0 ) => {inserted_id = 4528}
13:54:56 peka002 Petronella Karlsson DELETE data from tables `temp_session` on conditions username LIKE peka002
13:54:56 peka002 Petronella Karlsson UPDATING data to tables `time2vie_cirruscommon`.`login` fields ( login, last_time ) values (1, 2019-10-14 13:54:56) on conditions username = peka002
13:54:56 peka002 Petronella Karlsson UPDATING data to tables `time2vie_cirruscommon`.`secondary_login` fields ( last_login_time ) values (2019-10-14 13:54:56) on conditions username = peka002 AND company_id = 20
13:57:36 peka002 Petronella Karlsson UPDATING data to tables `time2vie_cirruscommon`.`secondary_login` fields ( error ) values (0) on conditions username = peka002 AND company_id = 20
13:57:36 peka002 Petronella Karlsson INSERTING data into tables `log_login` fields ( username, ip, browser ) values ( peka002, 81.235.250.129, Time2View/1 CFNetwork/975.0.3 Darwin/18.2.0 ) => {inserted_id = 4529}
13:57:36 peka002 Petronella Karlsson DELETE data from tables `temp_session` on conditions username LIKE peka002
13:57:36 peka002 Petronella Karlsson UPDATING data to tables `time2vie_cirruscommon`.`login` fields ( login, last_time ) values (1, 2019-10-14 13:57:36) on conditions username = peka002
13:57:36 peka002 Petronella Karlsson UPDATING data to tables `time2vie_cirruscommon`.`secondary_login` fields ( last_login_time ) values (2019-10-14 13:57:36) on conditions username = peka002 AND company_id = 20
14:41:17 elbe006 Elin Berntsson UPDATING data to tables `time2vie_cirruscommon`.`secondary_login` fields ( error ) values (0) on conditions username = elbe006 AND company_id = 20
14:41:17 elbe006 Elin Berntsson INSERTING data into tables `log_login` fields ( username, ip, browser ) values ( elbe006, 158.174.54.90, okhttp/3.9.1 ) => {inserted_id = 4530}
14:41:17 elbe006 Elin Berntsson DELETE data from tables `temp_session` on conditions username LIKE elbe006
14:41:17 elbe006 Elin Berntsson UPDATING data to tables `time2vie_cirruscommon`.`login` fields ( login, last_time ) values (1, 2019-10-14 14:41:17) on conditions username = elbe006
14:41:18 elbe006 Elin Berntsson UPDATING data to tables `time2vie_cirruscommon`.`secondary_login` fields ( last_login_time ) values (2019-10-14 14:41:17) on conditions username = elbe006 AND company_id = 20
15:47:44 hejo003 Helen Jörnås UPDATING data to tables `time2vie_cirruscommon`.`secondary_login` fields ( error ) values (0) on conditions username = hejo003 AND company_id = 20
15:47:47 hejo003 Helen Jörnås INSERTING data into tables `log_login` fields ( username, ip, browser ) values ( hejo003, 90.224.82.244, okhttp/3.9.1 ) => {inserted_id = 4531}
15:47:47 hejo003 Helen Jörnås DELETE data from tables `temp_session` on conditions username LIKE hejo003
15:47:49 hejo003 Helen Jörnås UPDATING data to tables `time2vie_cirruscommon`.`login` fields ( login, last_time ) values (1, 2019-10-14 15:47:47) on conditions username = hejo003
15:47:51 hejo003 Helen Jörnås UPDATING data to tables `time2vie_cirruscommon`.`secondary_login` fields ( last_login_time ) values (2019-10-14 15:47:47) on conditions username = hejo003 AND company_id = 20
16:00:09 lawa002 Lars Wåhlander UPDATING data to tables `time2vie_cirruscommon`.`secondary_login` fields ( error ) values (0) on conditions username = lawa002 AND company_id = 20
16:00:10 lawa002 Lars Wåhlander INSERTING data into tables `log_login` fields ( username, ip, browser ) values ( lawa002, 94.103.194.75, Time2View/1 CFNetwork/1107.1 Darwin/19.0.0 ) => {inserted_id = 4532}
16:00:10 lawa002 Lars Wåhlander DELETE data from tables `temp_session` on conditions username LIKE lawa002
16:00:10 lawa002 Lars Wåhlander UPDATING data to tables `time2vie_cirruscommon`.`login` fields ( login, last_time ) values (1, 2019-10-14 16:00:10) on conditions username = lawa002
16:00:10 lawa002 Lars Wåhlander UPDATING data to tables `time2vie_cirruscommon`.`secondary_login` fields ( last_login_time ) values (2019-10-14 16:00:10) on conditions username = lawa002 AND company_id = 20
16:23:14 cagu001 Carina Gustafsson INSERTING data into tables `time2vie_cirruscommon`.`login` fields ( username, mobile, social_security, password, role, login, date, company_ids ) values ( time002, 702918747, 7504035705, 6518a05f1d9efb40be9fb87e78a7b5d8, 3, 0, 2019-10-14, 20, ) => {inserted_id = 0}
16:23:14 cagu001 Carina Gustafsson INSERTING data into tables `time2vie_cirruscommon`.`secondary_login` fields ( username, company_id, last_login_time, last_pw_update_date, error, password ) values ( time002, 20, 0000-00-00 00:00:00, 2019-10-14, 0, 6518a05f1d9efb40be9fb87e78a7b5d8 ) => {inserted_id = 8968}
16:23:14 cagu001 Carina Gustafsson INSERTING data into tables `employee` fields ( username, century, code, social_security, first_name, last_name, gender, address, city, post, phone, mobile, email, date, color, status, date_inactive, max_hours, monthly_salary, start_day, remaining_sem_leave, sem_leave_todate, leave_in_advance, care_of, office_personal, substitute, salary_type, sem_leave_days, vab_leave_days, fp_leave_days, nopay_leave_days, other_leave_days, ice, employee_contract_start_month, employee_contract_period_date, employee_contract_period_length, candg_follow, inconvenient_on ) values ( time002, 19, 1-13, 7504035705, Tina, Mellgren, 2, Kapellgatan 4, VARBERG, 432 37, , 702918747, tina.mellgren@gmail.com, 2019-10-13, #ff00ff, 1, , 17, 0, 10.00, , , , , , , 1, 1, , , 1, 1, , 08, 1, 04, , 1 ) => {inserted_id = 0}
16:23:14 cagu001 Carina Gustafsson UPDATING data to tables `time2vie_cirruscommon`.`login` fields ( company_ids=CONCAT(`company_ids`,?) ) values (20,) on conditions social_security = 7504035705 AND company_ids NOT LIKE %20,%
16:23:14 cagu001 Carina Gustafsson INSERTING data into tables `team` fields ( customer, employee, role ) values ( mygu001, time002, 3 ) => {inserted_id = 0}
16:23:31 peka002 Petronella Karlsson UPDATING data to tables `time2vie_cirruscommon`.`secondary_login` fields ( error ) values (0) on conditions username = peka002 AND company_id = 20
16:23:31 peka002 Petronella Karlsson INSERTING data into tables `log_login` fields ( username, ip, browser ) values ( peka002, 94.234.55.220, Time2View/1 CFNetwork/975.0.3 Darwin/18.2.0 ) => {inserted_id = 4533}
16:23:31 peka002 Petronella Karlsson DELETE data from tables `temp_session` on conditions username LIKE peka002
16:23:31 peka002 Petronella Karlsson UPDATING data to tables `time2vie_cirruscommon`.`login` fields ( login, last_time ) values (1, 2019-10-14 16:23:31) on conditions username = peka002
16:23:31 peka002 Petronella Karlsson UPDATING data to tables `time2vie_cirruscommon`.`secondary_login` fields ( last_login_time ) values (2019-10-14 16:23:31) on conditions username = peka002 AND company_id = 20
16:24:47 cagu001 Carina Gustafsson INSERTING data into tables `employee_contract` fields ( employee, date_from, date_to, hour, monthly_oncall_hour, customer_name, customer_social_secutrity, have_been_agreed, tmp_long_assistance_from, tmp_long_assistance_to, tmp_assistance_for, absence_from, absence_to, special_appointment, probationary_from, probationary_to, open_ended_appointment, prevailing_collective, fulltime, part_time, salary_month, salary_hour, incl_salary, excl_salary, incl_wages, act_salary, bank_account, leave_per_year, excl_holiday_pay, incl_salary_compensation, special_condition, notes, alloc_employee, normal_week_hr, oncall_week_hr, assistanceChecked, other_customer, employmentType ) values ( time002, 2019-10-13, 2020-04-12, 30.62, 0, mygu001, , 1, , , , , , 1, 2019-10-13, 2020-04-12, , , 2, 30.62, , 138.00, , , 1, , , 25, , , , , cagu001, 40, 0, , , 1 ) => {inserted_id = 37}
16:25:34 cagu001 Carina Gustafsson INSERTING data into tables `privileges` fields ( employee, customer ) values ( time002, mygu001 ) => {inserted_id = 0}
16:25:34 cagu001 Carina Gustafsson UPDATING data to tables `privileges` fields ( swap, process, add_slot, fkkn, slot_type, add_customer, add_employee, remove_customer, remove_employee, `leave`, copy_single_slot, copy_single_slot_option, copy_day_slot, copy_day_slot_option, split_slot, delete_slot, delete_day_slot, delete_multiple_slots, contract_override, atl_override, change_time, no_pay_leave, candg_approve, show_percentage_monthly, not_show_employees ) values (0, 0, 0, 0, 0, 0, 0, 0, 0, 1, 0, 0, 0, 0, 0, 0, 0, 0, 0, 0, 0, 0, 0, 0, 0) on conditions employee = time002 AND customer = mygu001
16:26:03 cagu001 Carina Gustafsson INSERTING data into tables `privileges_reports` fields ( employee ) values ( time002 ) => {inserted_id = 0}
16:26:03 cagu001 Carina Gustafsson UPDATING data to tables `privileges_reports` fields ( customer_schedule, employee_schedule, employee_workreport, customer_data, customer_leave, customer_granded_vs_used, customer_employee_connection, customer_horizontal, customer_overview, customer_vacation_planning, employee_data, employee_leave, employee_percentage, atl_warning, customer_overlapping, employee_skill
                     ) values (1, 1, 1, 0, 0, 0, 0, 1, 1, 1, 0, 0, 0, 0, 0, 0) on conditions employee = time002
16:26:18 cagu001 Carina Gustafsson INSERTING data into tables `privileges_general` fields ( employee, add_employee, add_customer, inconvenient_timing, administration, chat, edit_employee, edit_customer, survey, create_template, use_template, candg_wi, candg_wo, mobile_search, employer_signing, candg_stop_other_emps, employee_settings_contract, employee_settings_salary, employee_settings_notification, employee_settings_privileges, employee_settings_cv, employee_settings_documentation, employee_settings_preference, customer_settings_insurance_fk, customer_settings_insurance_kn, customer_settings_insurance_tu, customer_settings_implan, customer_settings_deswork, customer_settings_documentation, customer_settings_equipment, customer_settings_privileges, customer_settings_appointment, customer_settings_oncall, customer_settings_3066, customer_settings_sick_form_defaults, customer_settings_location, administration_fk_export, candg_on, recruitment, customer_doc_field, employee_check_list ) values ( time002, 0, 0, 0, 0, 0, 0, 0, 0, 0, 0, 0, 0, 0, 1, 0, 0, 0, 0, 0, 0, 0, 0, 0, 0, 0, 0, 0, 0, 0, 0, 0, 0, 0, 0, 0, 0, 0, 0, 0, 0 ) => {inserted_id = 0}
16:26:36 cagu001 Carina Gustafsson INSERTING data into tables `privileges_mc` fields ( employee ) values ( time002 ) => {inserted_id = 0}
16:26:36 cagu001 Carina Gustafsson UPDATING data to tables `privileges_mc` fields ( leave_notification, leave_approval, leave_rejection, leave_edit, notes, cirrus_mail, external_mail, sms, notes_approval, notes_rejection, notes_attchment, document_archive, support, sms_general, approve_all_leave ) values (0, 0, 0, 0, 1, 1, 1, 0, 0, 0, 0, 0, 0, 0, 0) on conditions employee = time002
16:30:25 biwa003 Birgitta Wåhlander UPDATING data to tables `time2vie_cirruscommon`.`ws_sessions` fields ( user_id ) values (biwa003) on conditions session_id = 53e78ccd8eda14680ef3d0b37b39983d
17:22:14 kape007 Karin Pearson INSERTING data into tables `log_login` fields ( username, ip, browser ) values ( kape007, 86.21.188.68, Mozilla/5.0 (Windows NT 10.0; Win64; x64) AppleWebKit/537.36 (KHTML, like Gecko) Chrome/77.0.3865.90 Safari/537.36 ) => {inserted_id = 4534}
17:22:14 kape007 Karin Pearson DELETE data from tables `temp_session` on conditions username LIKE kape007
17:22:14 kape007 Karin Pearson UPDATING data to tables `time2vie_cirruscommon`.`login` fields ( login, last_time ) values (1, 2019-10-14 17:22:14) on conditions username = kape007
17:22:14 kape007 Karin Pearson UPDATING data to tables `time2vie_cirruscommon`.`secondary_login` fields ( last_login_time ) values (2019-10-14 17:22:14) on conditions username = kape007 AND company_id = 20
17:22:14 kape007 Karin Pearson UPDATING data to tables `time2vie_cirruscommon`.`ws_sessions` fields ( user_id ) values (kape007) on conditions session_id = 04059f73e9e3dee758af5fc01585bea5
17:23:46 kape007 Karin Pearson INSERTING data into tables `log_login` fields ( username, ip, browser ) values ( kape007, 86.21.188.68, Mozilla/5.0 (Windows NT 10.0; Win64; x64) AppleWebKit/537.36 (KHTML, like Gecko) Chrome/77.0.3865.90 Safari/537.36 ) => {inserted_id = 4535}
17:23:46 kape007 Karin Pearson DELETE data from tables `temp_session` on conditions username LIKE kape007
17:23:46 kape007 Karin Pearson UPDATING data to tables `time2vie_cirruscommon`.`login` fields ( login, last_time ) values (1, 2019-10-14 17:23:46) on conditions username = kape007
17:23:46 kape007 Karin Pearson UPDATING data to tables `time2vie_cirruscommon`.`secondary_login` fields ( last_login_time ) values (2019-10-14 17:23:46) on conditions username = kape007 AND company_id = 20
17:23:47 kape007 Karin Pearson UPDATING data to tables `time2vie_cirruscommon`.`ws_sessions` fields ( user_id ) values (kape007) on conditions session_id = 04059f73e9e3dee758af5fc01585bea5
17:38:27 cagu001 Carina Gustafsson UPDATING data to tables `time2vie_cirruscommon`.`ws_sessions` fields ( user_id ) values (cagu001) on conditions session_id = b2d8b5ddaff5485ccfcec3f83a32593b
18:02:42 peka002 Petronella Karlsson UPDATING data to tables `time2vie_cirruscommon`.`secondary_login` fields ( error ) values (0) on conditions username = peka002 AND company_id = 20
18:02:42 peka002 Petronella Karlsson INSERTING data into tables `log_login` fields ( username, ip, browser ) values ( peka002, 94.234.55.220, Time2View/1 CFNetwork/975.0.3 Darwin/18.2.0 ) => {inserted_id = 4536}
18:02:42 peka002 Petronella Karlsson DELETE data from tables `temp_session` on conditions username LIKE peka002
18:02:42 peka002 Petronella Karlsson UPDATING data to tables `time2vie_cirruscommon`.`login` fields ( login, last_time ) values (1, 2019-10-14 18:02:42) on conditions username = peka002
18:02:42 peka002 Petronella Karlsson UPDATING data to tables `time2vie_cirruscommon`.`secondary_login` fields ( last_login_time ) values (2019-10-14 18:02:42) on conditions username = peka002 AND company_id = 20
18:12:24 cagu001 Carina Gustafsson UPDATING data to tables `time2vie_cirruscommon`.`ws_sessions` fields ( user_id ) values (cagu001) on conditions session_id = b2d8b5ddaff5485ccfcec3f83a32593b
18:12:45 cagu001 Carina Gustafsson UPDATING data to tables `time2vie_cirruscommon`.`ws_sessions` fields ( user_id ) values (cagu001) on conditions session_id = b2d8b5ddaff5485ccfcec3f83a32593b
18:13:35 cagu001 Carina Gustafsson UPDATING data to tables `time2vie_cirruscommon`.`ws_sessions` fields ( user_id ) values (cagu001) on conditions session_id = b2d8b5ddaff5485ccfcec3f83a32593b
18:16:14 cagu001 Carina Gustafsson DELETE data from tables `temp_session` on conditions username LIKE cagu001
18:16:14 cagu001 Carina Gustafsson UPDATING data to tables `time2vie_cirruscommon`.`login` fields ( login, last_time ) values (0, 2019-10-14 18:16:14) on conditions username = cagu001
18:16:14 cagu001 Carina Gustafsson UPDATING data to tables `time2vie_cirruscommon`.`secondary_login` fields ( last_login_time ) values (2019-10-14 18:16:14) on conditions username = cagu001 AND company_id = 20
18:16:14   UPDATING data to tables `log_login` fields ( logout_time ) values (2019-10-14:16:16:14) on conditions id = 4516 AND username = cagu001
18:26:03 anka020 Annika Karlsson UPDATING data to tables `time2vie_cirruscommon`.`secondary_login` fields ( error ) values (0) on conditions username = anka020 AND company_id = 20
18:26:03 anka020 Annika Karlsson INSERTING data into tables `log_login` fields ( username, ip, browser ) values ( anka020, 46.230.214.39, okhttp/3.9.1 ) => {inserted_id = 4537}
18:26:03 anka020 Annika Karlsson DELETE data from tables `temp_session` on conditions username LIKE anka020
18:26:03 anka020 Annika Karlsson UPDATING data to tables `time2vie_cirruscommon`.`login` fields ( login, last_time ) values (1, 2019-10-14 18:26:03) on conditions username = anka020
18:26:03 anka020 Annika Karlsson UPDATING data to tables `time2vie_cirruscommon`.`secondary_login` fields ( last_login_time ) values (2019-10-14 18:26:03) on conditions username = anka020 AND company_id = 20
19:18:26 hebe001 Helen Bengtsson UPDATING data to tables `time2vie_cirruscommon`.`secondary_login` fields ( error ) values (0) on conditions username = hebe001 AND company_id = 20
19:18:26 hebe001 Helen Bengtsson INSERTING data into tables `log_login` fields ( username, ip, browser ) values ( hebe001, 193.234.72.96, Time2View/1 CFNetwork/978.0.7 Darwin/18.7.0 ) => {inserted_id = 4538}
19:18:26 hebe001 Helen Bengtsson DELETE data from tables `temp_session` on conditions username LIKE hebe001
19:18:26 hebe001 Helen Bengtsson UPDATING data to tables `time2vie_cirruscommon`.`login` fields ( login, last_time ) values (1, 2019-10-14 19:18:26) on conditions username = hebe001
19:18:26 hebe001 Helen Bengtsson UPDATING data to tables `time2vie_cirruscommon`.`secondary_login` fields ( last_login_time ) values (2019-10-14 19:18:26) on conditions username = hebe001 AND company_id = 20
19:29:48 biwa003 Birgitta Wåhlander INSERTING data into tables `log_login` fields ( username, ip, browser ) values ( biwa003, 185.27.165.66, Mozilla/5.0 (iPad; CPU OS 10_3_4 like Mac OS X) AppleWebKit/603.1.30 (KHTML, like Gecko) CriOS/71.0.3578.89 Mobile/14G61 Safari/602.1 ) => {inserted_id = 4539}
19:29:48 biwa003 Birgitta Wåhlander DELETE data from tables `temp_session` on conditions username LIKE biwa003
19:29:48 biwa003 Birgitta Wåhlander UPDATING data to tables `time2vie_cirruscommon`.`login` fields ( login, last_time ) values (1, 2019-10-14 19:29:48) on conditions username = biwa003
19:29:48 biwa003 Birgitta Wåhlander UPDATING data to tables `time2vie_cirruscommon`.`secondary_login` fields ( last_login_time ) values (2019-10-14 19:29:48) on conditions username = biwa003 AND company_id = 20
19:29:48 biwa003 Birgitta Wåhlander UPDATING data to tables `time2vie_cirruscommon`.`ws_sessions` fields ( user_id ) values (biwa003) on conditions session_id = c50101aa76c633446e6b09b6891cda62
19:35:46 biwa003 Birgitta Wåhlander UPDATING data to tables `timetable` fields ( customer, employee, date, time_from, time_to, fkkn, type, status, comment ) values (chwa001, lawa002, 2019-10-18, 7.00, 15.00, 1, 0, 1, ) on conditions id = 4226
19:39:31 biwa003 Birgitta Wåhlander INSERTING data into tables `log_login` fields ( username, ip, browser ) values ( biwa003, 185.27.165.66, Mozilla/5.0 (iPad; CPU OS 10_3_4 like Mac OS X) AppleWebKit/603.1.30 (KHTML, like Gecko) CriOS/71.0.3578.89 Mobile/14G61 Safari/602.1 ) => {inserted_id = 4540}
19:39:31 biwa003 Birgitta Wåhlander DELETE data from tables `temp_session` on conditions username LIKE biwa003
19:39:31 biwa003 Birgitta Wåhlander UPDATING data to tables `time2vie_cirruscommon`.`login` fields ( login, last_time ) values (1, 2019-10-14 19:39:31) on conditions username = biwa003
19:39:31 biwa003 Birgitta Wåhlander UPDATING data to tables `time2vie_cirruscommon`.`secondary_login` fields ( last_login_time ) values (2019-10-14 19:39:31) on conditions username = biwa003 AND company_id = 20
19:39:32 biwa003 Birgitta Wåhlander UPDATING data to tables `time2vie_cirruscommon`.`ws_sessions` fields ( user_id ) values (biwa003) on conditions session_id = c50101aa76c633446e6b09b6891cda62
19:39:59 biwa003 Birgitta Wåhlander INSERTING data into tables `log_login` fields ( username, ip, browser ) values ( biwa003, 185.27.165.66, Mozilla/5.0 (iPad; CPU OS 10_3_4 like Mac OS X) AppleWebKit/603.1.30 (KHTML, like Gecko) CriOS/71.0.3578.89 Mobile/14G61 Safari/602.1 ) => {inserted_id = 4541}
19:39:59 biwa003 Birgitta Wåhlander DELETE data from tables `temp_session` on conditions username LIKE biwa003
19:39:59 biwa003 Birgitta Wåhlander UPDATING data to tables `time2vie_cirruscommon`.`login` fields ( login, last_time ) values (1, 2019-10-14 19:39:59) on conditions username = biwa003
19:39:59 biwa003 Birgitta Wåhlander UPDATING data to tables `time2vie_cirruscommon`.`secondary_login` fields ( last_login_time ) values (2019-10-14 19:39:59) on conditions username = biwa003 AND company_id = 20
19:39:59 biwa003 Birgitta Wåhlander UPDATING data to tables `time2vie_cirruscommon`.`ws_sessions` fields ( user_id ) values (biwa003) on conditions session_id = c50101aa76c633446e6b09b6891cda62
19:57:49 peka002 Petronella Karlsson UPDATING data to tables `time2vie_cirruscommon`.`secondary_login` fields ( error ) values (0) on conditions username = peka002 AND company_id = 20
19:57:49 peka002 Petronella Karlsson INSERTING data into tables `log_login` fields ( username, ip, browser ) values ( peka002, 94.234.55.220, Time2View/1 CFNetwork/975.0.3 Darwin/18.2.0 ) => {inserted_id = 4542}
19:57:49 peka002 Petronella Karlsson DELETE data from tables `temp_session` on conditions username LIKE peka002
19:57:49 peka002 Petronella Karlsson UPDATING data to tables `time2vie_cirruscommon`.`login` fields ( login, last_time ) values (1, 2019-10-14 19:57:49) on conditions username = peka002
19:57:49 peka002 Petronella Karlsson UPDATING data to tables `time2vie_cirruscommon`.`secondary_login` fields ( last_login_time ) values (2019-10-14 19:57:49) on conditions username = peka002 AND company_id = 20
20:32:09 cagu001 Carina Gustafsson UPDATING data to tables `time2vie_cirruscommon`.`secondary_login` fields ( error ) values (0) on conditions username = cagu001 AND company_id = 20
20:32:09 cagu001 Carina Gustafsson INSERTING data into tables `log_login` fields ( username, ip, browser ) values ( cagu001, 176.10.245.4, okhttp/3.9.1 ) => {inserted_id = 4543}
20:32:09 cagu001 Carina Gustafsson DELETE data from tables `temp_session` on conditions username LIKE cagu001
20:32:09 cagu001 Carina Gustafsson UPDATING data to tables `time2vie_cirruscommon`.`login` fields ( login, last_time ) values (1, 2019-10-14 20:32:09) on conditions username = cagu001
20:32:09 cagu001 Carina Gustafsson UPDATING data to tables `time2vie_cirruscommon`.`secondary_login` fields ( last_login_time ) values (2019-10-14 20:32:09) on conditions username = cagu001 AND company_id = 20
23:03:02 hejo003 Helen Jörnås UPDATING data to tables `time2vie_cirruscommon`.`secondary_login` fields ( error ) values (0) on conditions username = hejo003 AND company_id = 20
23:03:02 hejo003 Helen Jörnås INSERTING data into tables `log_login` fields ( username, ip, browser ) values ( hejo003, 90.224.82.244, okhttp/3.9.1 ) => {inserted_id = 4544}
23:03:02 hejo003 Helen Jörnås DELETE data from tables `temp_session` on conditions username LIKE hejo003
23:03:02 hejo003 Helen Jörnås UPDATING data to tables `time2vie_cirruscommon`.`login` fields ( login, last_time ) values (1, 2019-10-14 23:03:02) on conditions username = hejo003
23:03:02 hejo003 Helen Jörnås UPDATING data to tables `time2vie_cirruscommon`.`secondary_login` fields ( last_login_time ) values (2019-10-14 23:03:02) on conditions username = hejo003 AND company_id = 20
