06:54:43 gaan001 Gabriel Andersson UPDATING data to tables `time2vie_cirruscommon`.`secondary_login` fields ( error ) values (0) on conditions username = gaan001 AND company_id = 20
06:54:43 gaan001 Gabriel Andersson INSERTING data into tables `log_login` fields ( username, ip, browser ) values ( gaan001, 94.103.194.75, CirrusM/3 CFNetwork/978.0.7 Darwin/18.6.0 ) => {inserted_id = 881}
06:54:43 gaan001 Gabriel Andersson DELETE data from tables `temp_session` on conditions username LIKE gaan001
06:54:43 gaan001 Gabriel Andersson UPDATING data to tables `time2vie_cirruscommon`.`login` fields ( login, last_time ) values (1, 2019-05-25 06:54:43) on conditions username = gaan001
06:54:43 gaan001 Gabriel Andersson UPDATING data to tables `time2vie_cirruscommon`.`secondary_login` fields ( last_login_time ) values (2019-05-25 06:54:43) on conditions username = gaan001 AND company_id = 20
06:54:44 gaan001 Gabriel Andersson UPDATING data to tables `time2vie_cirruscommon`.`push_notify_tokens` fields ( user_id, updated_date, error ) values (gaan001, 2019-05-25 06:54:44, 0) on conditions fcm_token = dOzW0JPxlDQ:APA91bE1hQGEcunVCf8zufNPSKH-caUG07HkDufrn401pdtQwjnw2XOOXeYa4Gs7E3LI3Mp3T2dCRAWNclU5hS1zukRn-fwfGZsPEPUlHumIqyS6yVMXc_kHKWXWrRo0rFJU7oMCqGUS AND device_id = 6C07AAD5-34B3-43CB-BC33-221D3E989EA9 #Mobile-App: Log-id=881
07:36:52 thgu002 Therese Gustafsson UPDATING data to tables `time2vie_cirruscommon`.`secondary_login` fields ( error ) values (0) on conditions username = thgu002 AND company_id = 20
07:36:52 thgu002 Therese Gustafsson INSERTING data into tables `log_login` fields ( username, ip, browser ) values ( thgu002, 94.191.129.179, okhttp/3.9.1 ) => {inserted_id = 882}
07:36:52 thgu002 Therese Gustafsson DELETE data from tables `temp_session` on conditions username LIKE thgu002
07:36:52 thgu002 Therese Gustafsson UPDATING data to tables `time2vie_cirruscommon`.`login` fields ( login, last_time ) values (1, 2019-05-25 07:36:52) on conditions username = thgu002
07:36:52 thgu002 Therese Gustafsson UPDATING data to tables `time2vie_cirruscommon`.`secondary_login` fields ( last_login_time ) values (2019-05-25 07:36:52) on conditions username = thgu002 AND company_id = 20
08:25:10 hejo003 Helen Jörnås UPDATING data to tables `time2vie_cirruscommon`.`secondary_login` fields ( error ) values (0) on conditions username = hejo003 AND company_id = 20
08:25:10 hejo003 Helen Jörnås INSERTING data into tables `log_login` fields ( username, ip, browser ) values ( hejo003, 90.224.82.244, okhttp/3.9.1 ) => {inserted_id = 883}
08:25:10 hejo003 Helen Jörnås DELETE data from tables `temp_session` on conditions username LIKE hejo003
08:25:10 hejo003 Helen Jörnås UPDATING data to tables `time2vie_cirruscommon`.`login` fields ( login, last_time ) values (1, 2019-05-25 08:25:10) on conditions username = hejo003
08:25:10 hejo003 Helen Jörnås UPDATING data to tables `time2vie_cirruscommon`.`secondary_login` fields ( last_login_time ) values (2019-05-25 08:25:10) on conditions username = hejo003 AND company_id = 20
09:25:28 emja001 Emilia Jacobsson INSERTING data into tables `log_login` fields ( username, ip, browser ) values ( emja001, 83.185.86.121, Mozilla/5.0 (iPhone; CPU iPhone OS 12_2 like Mac OS X) AppleWebKit/605.1.15 (KHTML, like Gecko) Version/12.1 Mobile/15E148 Safari/604.1 ) => {inserted_id = 884}
09:25:28 emja001 Emilia Jacobsson DELETE data from tables `temp_session` on conditions username LIKE emja001
09:25:28 emja001 Emilia Jacobsson UPDATING data to tables `time2vie_cirruscommon`.`login` fields ( login, last_time ) values (1, 2019-05-25 09:25:28) on conditions username = emja001
09:25:28 emja001 Emilia Jacobsson UPDATING data to tables `time2vie_cirruscommon`.`secondary_login` fields ( last_login_time ) values (2019-05-25 09:25:28) on conditions username = emja001 AND company_id = 20
09:25:29 emja001 Emilia Jacobsson UPDATING data to tables `time2vie_cirruscommon`.`ws_sessions` fields ( user_id ) values (emja001) on conditions session_id = bb287ebd39496200222ba2a6f9448eb9
09:29:36 biwa003 Birgitta Wåhlander INSERTING data into tables `log_login` fields ( username, ip, browser ) values ( biwa003, 185.27.165.66, Mozilla/5.0 (iPad; CPU OS 10_3_3 like Mac OS X) AppleWebKit/603.1.30 (KHTML, like Gecko) CriOS/71.0.3578.89 Mobile/14G60 Safari/602.1 ) => {inserted_id = 885}
09:29:36 biwa003 Birgitta Wåhlander DELETE data from tables `temp_session` on conditions username LIKE biwa003
09:29:36 biwa003 Birgitta Wåhlander UPDATING data to tables `time2vie_cirruscommon`.`login` fields ( login, last_time ) values (1, 2019-05-25 09:29:36) on conditions username = biwa003
09:29:36 biwa003 Birgitta Wåhlander UPDATING data to tables `time2vie_cirruscommon`.`secondary_login` fields ( last_login_time ) values (2019-05-25 09:29:36) on conditions username = biwa003 AND company_id = 20
09:29:37 biwa003 Birgitta Wåhlander UPDATING data to tables `time2vie_cirruscommon`.`ws_sessions` fields ( user_id ) values (biwa003) on conditions session_id = a801aefd821bb603e4e47cf6dafb27f3
09:29:54 lawa002 Lars Wåhlander UPDATING data to tables `time2vie_cirruscommon`.`secondary_login` fields ( error ) values (0) on conditions username = lawa002 AND company_id = 20
09:29:54 lawa002 Lars Wåhlander INSERTING data into tables `log_login` fields ( username, ip, browser ) values ( lawa002, 185.27.165.66, CirrusM/3 CFNetwork/978.0.7 Darwin/18.5.0 ) => {inserted_id = 886}
09:29:54 lawa002 Lars Wåhlander DELETE data from tables `temp_session` on conditions username LIKE lawa002
09:29:54 lawa002 Lars Wåhlander UPDATING data to tables `time2vie_cirruscommon`.`login` fields ( login, last_time ) values (1, 2019-05-25 09:29:54) on conditions username = lawa002
09:29:54 lawa002 Lars Wåhlander UPDATING data to tables `time2vie_cirruscommon`.`secondary_login` fields ( last_login_time ) values (2019-05-25 09:29:54) on conditions username = lawa002 AND company_id = 20
09:29:55 lawa002 Lars Wåhlander INSERTING data into tables `time2vie_cirruscommon`.`push_notify_tokens` fields ( user_id, fcm_token, device_id, device_details, created_date, error ) values ( lawa002, cMciIkjQto0:APA91bE0mFZ9syRxH0H9Tas6txAz8lAcS2UctPGAxnIgY9LtE7s84sR9AjeT4hfrg-T41cA5N9Vo80yzXQc6B3Sr8cQB2jG1MDlaqJfkkBpynoROrUKZYwhJ8o1nJ4O2lBKe197NqBpq, A683A1BD-8A9A-4458-A762-1F517F9312EA, CirrusM/3 CFNetwork/978.0.7 Darwin/18.5.0, 2019-05-25 09:29:54, 0 ) => {inserted_id = 6702} #Mobile-App: Log-id=886
09:31:56 lawa002 Lars Wåhlander UPDATING data to tables `mc_note` fields ( read_users ) values (mato007,gaan001,anka019,thgu002,lawa002) on conditions note_id = 3 #Mobile-App: Log-id=886
09:31:56 lawa002 Lars Wåhlander UPDATING data to tables `mc_note` fields ( read_users ) values (cagu001,mato007,gaan001,anka019,thgu002,lawa002) on conditions note_id = 2 #Mobile-App: Log-id=886
10:07:55 lawa002 Lars Wåhlander UPDATING data to tables `time2vie_cirruscommon`.`secondary_login` fields ( error ) values (0) on conditions username = lawa002 AND company_id = 20
10:07:56 lawa002 Lars Wåhlander INSERTING data into tables `log_login` fields ( username, ip, browser ) values ( lawa002, 185.27.165.66, CirrusM/3 CFNetwork/978.0.7 Darwin/18.5.0 ) => {inserted_id = 887}
10:07:56 lawa002 Lars Wåhlander DELETE data from tables `temp_session` on conditions username LIKE lawa002
10:07:56 lawa002 Lars Wåhlander UPDATING data to tables `time2vie_cirruscommon`.`login` fields ( login, last_time ) values (1, 2019-05-25 10:07:56) on conditions username = lawa002
10:07:56 lawa002 Lars Wåhlander UPDATING data to tables `time2vie_cirruscommon`.`secondary_login` fields ( last_login_time ) values (2019-05-25 10:07:56) on conditions username = lawa002 AND company_id = 20
10:07:56 lawa002 Lars Wåhlander UPDATING data to tables `time2vie_cirruscommon`.`push_notify_tokens` fields ( user_id, updated_date, error ) values (lawa002, 2019-05-25 10:07:56, 0) on conditions fcm_token = cMciIkjQto0:APA91bE0mFZ9syRxH0H9Tas6txAz8lAcS2UctPGAxnIgY9LtE7s84sR9AjeT4hfrg-T41cA5N9Vo80yzXQc6B3Sr8cQB2jG1MDlaqJfkkBpynoROrUKZYwhJ8o1nJ4O2lBKe197NqBpq AND device_id = A683A1BD-8A9A-4458-A762-1F517F9312EA #Mobile-App: Log-id=887
10:57:20 mato007 Mattias Torbiörnson UPDATING data to tables `time2vie_cirruscommon`.`secondary_login` fields ( error ) values (0) on conditions username = mato007 AND company_id = 20
10:57:20 mato007 Mattias Torbiörnson INSERTING data into tables `log_login` fields ( username, ip, browser ) values ( mato007, 94.234.53.215, CirrusM/3 CFNetwork/978.0.7 Darwin/18.5.0 ) => {inserted_id = 888}
10:57:20 mato007 Mattias Torbiörnson DELETE data from tables `temp_session` on conditions username LIKE mato007
10:57:20 mato007 Mattias Torbiörnson UPDATING data to tables `time2vie_cirruscommon`.`login` fields ( login, last_time ) values (1, 2019-05-25 10:57:20) on conditions username = mato007
10:57:20 mato007 Mattias Torbiörnson UPDATING data to tables `time2vie_cirruscommon`.`secondary_login` fields ( last_login_time ) values (2019-05-25 10:57:20) on conditions username = mato007 AND company_id = 20
10:57:22 mato007 Mattias Torbiörnson UPDATING data to tables `time2vie_cirruscommon`.`push_notify_tokens` fields ( user_id, updated_date, error ) values (mato007, 2019-05-25 10:57:22, 0) on conditions fcm_token = er2Ysp_XVPI:APA91bF7oz4TlPjnv2Ft_y0JVWwwQMprxP9e8Bjdjm-Fdzn4JCdLORhkOAVh_lf4_tX-_A4dqDnPyj5151jp0ZGxIsLFLua_p_bomblhJryTBY_ElwLbSzBNHyuQdZ5dH9-VqFp9tc7a AND device_id = 0E77902D-FC69-4F3F-9F41-A3BD80129544 #Mobile-App: Log-id=888
17:20:00 thgu002 Therese Gustafsson UPDATING data to tables `time2vie_cirruscommon`.`secondary_login` fields ( error ) values (0) on conditions username = thgu002 AND company_id = 20
17:20:00 thgu002 Therese Gustafsson INSERTING data into tables `log_login` fields ( username, ip, browser ) values ( thgu002, 77.53.58.156, okhttp/3.9.1 ) => {inserted_id = 889}
17:20:00 thgu002 Therese Gustafsson DELETE data from tables `temp_session` on conditions username LIKE thgu002
17:20:00 thgu002 Therese Gustafsson UPDATING data to tables `time2vie_cirruscommon`.`login` fields ( login, last_time ) values (1, 2019-05-25 17:20:00) on conditions username = thgu002
17:20:01 thgu002 Therese Gustafsson UPDATING data to tables `time2vie_cirruscommon`.`secondary_login` fields ( last_login_time ) values (2019-05-25 17:20:00) on conditions username = thgu002 AND company_id = 20
18:21:36 kaha003 Kalina Hajnold INSERTING data into tables `log_login` fields ( username, ip, browser ) values ( kaha003, 77.53.58.49, Mozilla/5.0 (iPhone; CPU iPhone OS 12_2 like Mac OS X) AppleWebKit/605.1.15 (KHTML, like Gecko) Version/12.1 Mobile/15E148 Safari/604.1 ) => {inserted_id = 890}
18:21:36 kaha003 Kalina Hajnold DELETE data from tables `temp_session` on conditions username LIKE kaha003
18:21:36 kaha003 Kalina Hajnold UPDATING data to tables `time2vie_cirruscommon`.`login` fields ( login, last_time ) values (1, 2019-05-25 18:21:36) on conditions username = kaha003
18:21:36 kaha003 Kalina Hajnold UPDATING data to tables `time2vie_cirruscommon`.`secondary_login` fields ( last_login_time ) values (2019-05-25 18:21:36) on conditions username = kaha003 AND company_id = 20
18:21:37 kaha003 Kalina Hajnold INSERTING data into tables `log_login` fields ( username, ip, browser ) values ( kaha003, 77.53.58.49, Mozilla/5.0 (iPhone; CPU iPhone OS 12_2 like Mac OS X) AppleWebKit/605.1.15 (KHTML, like Gecko) Version/12.1 Mobile/15E148 Safari/604.1 ) => {inserted_id = 891}
18:21:37 kaha003 Kalina Hajnold DELETE data from tables `temp_session` on conditions username LIKE kaha003
18:21:37 kaha003 Kalina Hajnold UPDATING data to tables `time2vie_cirruscommon`.`login` fields ( login, last_time ) values (1, 2019-05-25 18:21:37) on conditions username = kaha003
18:21:37 kaha003 Kalina Hajnold UPDATING data to tables `time2vie_cirruscommon`.`secondary_login` fields ( last_login_time ) values (2019-05-25 18:21:37) on conditions username = kaha003 AND company_id = 20
18:21:37 kaha003 Kalina Hajnold UPDATING data to tables `time2vie_cirruscommon`.`ws_sessions` fields ( user_id ) values (kaha003) on conditions session_id = ded6e3ca00a1554a7f95ac7e4890aac3
18:44:38 biwa003 Birgitta Wåhlander INSERTING data into tables `log_login` fields ( username, ip, browser ) values ( biwa003, 185.27.165.66, Mozilla/5.0 (Windows NT 6.3; Win64; x64) AppleWebKit/537.36 (KHTML, like Gecko) Chrome/74.0.3729.131 Safari/537.36 ) => {inserted_id = 892}
18:44:38 biwa003 Birgitta Wåhlander DELETE data from tables `temp_session` on conditions username LIKE biwa003
18:44:38 biwa003 Birgitta Wåhlander UPDATING data to tables `time2vie_cirruscommon`.`login` fields ( login, last_time ) values (1, 2019-05-25 18:44:38) on conditions username = biwa003
18:44:38 biwa003 Birgitta Wåhlander UPDATING data to tables `time2vie_cirruscommon`.`secondary_login` fields ( last_login_time ) values (2019-05-25 18:44:38) on conditions username = biwa003 AND company_id = 20
18:44:39 biwa003 Birgitta Wåhlander UPDATING data to tables `time2vie_cirruscommon`.`ws_sessions` fields ( user_id ) values (biwa003) on conditions session_id = 876b637face01567e0c00358f17f712d
18:49:42 biwa003 Birgitta Wåhlander INSERTING data into tables `note` fields ( created_user, title, description, visibility, status, customer, ticket, attachment, editable ) values ( biwa003, APT-möte, apt-möte onsdagen den 29 maj kl 16-18, 2, , chwa001, , , 1 ) => {inserted_id = 4}
18:49:42 biwa003 Birgitta Wåhlander UPDATING data to tables `note` fields ( attachment ) values () on conditions id = 4
18:50:12 biwa003 Birgitta Wåhlander UPDATING data to tables `time2vie_cirruscommon`.`ws_sessions` fields ( user_id ) values (biwa003) on conditions session_id = 876b637face01567e0c00358f17f712d
18:50:30 biwa003 Birgitta Wåhlander INSERTING data into tables `mc_leave` fields ( leave_id, leave_status, read_users ) values ( 134, 0, biwa003 ), ( 135, 0, biwa003 ) => {inserted_id = 137}
18:51:03 biwa003 Birgitta Wåhlander UPDATING data to tables `time2vie_cirruscommon`.`ws_sessions` fields ( user_id ) values (biwa003) on conditions session_id = 876b637face01567e0c00358f17f712d
19:14:52 kaha003 Kalina Hajnold UPDATING data to tables `time2vie_cirruscommon`.`ws_sessions` fields ( user_id ) values (kaha003) on conditions session_id = ded6e3ca00a1554a7f95ac7e4890aac3
19:47:36 hejo003 Helen Jörnås UPDATING data to tables `time2vie_cirruscommon`.`secondary_login` fields ( error ) values (0) on conditions username = hejo003 AND company_id = 20
19:47:36 hejo003 Helen Jörnås INSERTING data into tables `log_login` fields ( username, ip, browser ) values ( hejo003, 185.27.164.39, okhttp/3.9.1 ) => {inserted_id = 893}
19:47:36 hejo003 Helen Jörnås DELETE data from tables `temp_session` on conditions username LIKE hejo003
19:47:36 hejo003 Helen Jörnås UPDATING data to tables `time2vie_cirruscommon`.`login` fields ( login, last_time ) values (1, 2019-05-25 19:47:36) on conditions username = hejo003
19:47:36 hejo003 Helen Jörnås UPDATING data to tables `time2vie_cirruscommon`.`secondary_login` fields ( last_login_time ) values (2019-05-25 19:47:36) on conditions username = hejo003 AND company_id = 20
20:20:19 biwa003 Birgitta Wåhlander INSERTING data into tables `log_login` fields ( username, ip, browser ) values ( biwa003, 185.27.165.66, Mozilla/5.0 (iPad; CPU OS 10_3_3 like Mac OS X) AppleWebKit/603.1.30 (KHTML, like Gecko) CriOS/71.0.3578.89 Mobile/14G60 Safari/602.1 ) => {inserted_id = 894}
20:20:19 biwa003 Birgitta Wåhlander DELETE data from tables `temp_session` on conditions username LIKE biwa003
20:20:19 biwa003 Birgitta Wåhlander UPDATING data to tables `time2vie_cirruscommon`.`login` fields ( login, last_time ) values (1, 2019-05-25 20:20:19) on conditions username = biwa003
20:20:19 biwa003 Birgitta Wåhlander UPDATING data to tables `time2vie_cirruscommon`.`secondary_login` fields ( last_login_time ) values (2019-05-25 20:20:19) on conditions username = biwa003 AND company_id = 20
20:20:31 biwa003 Birgitta Wåhlander UPDATING data to tables `time2vie_cirruscommon`.`ws_sessions` fields ( user_id ) values (biwa003) on conditions session_id = bfcb220437d1cd0b75411d040b962841
21:10:47 hejo003 Helen Jörnås UPDATING data to tables `time2vie_cirruscommon`.`secondary_login` fields ( error ) values (0) on conditions username = hejo003 AND company_id = 20
21:10:47 hejo003 Helen Jörnås INSERTING data into tables `log_login` fields ( username, ip, browser ) values ( hejo003, 185.27.164.39, okhttp/3.9.1 ) => {inserted_id = 895}
21:10:47 hejo003 Helen Jörnås DELETE data from tables `temp_session` on conditions username LIKE hejo003
21:10:47 hejo003 Helen Jörnås UPDATING data to tables `time2vie_cirruscommon`.`login` fields ( login, last_time ) values (1, 2019-05-25 21:10:47) on conditions username = hejo003
21:10:47 hejo003 Helen Jörnås UPDATING data to tables `time2vie_cirruscommon`.`secondary_login` fields ( last_login_time ) values (2019-05-25 21:10:47) on conditions username = hejo003 AND company_id = 20
