07:46:08 biwa003 Birgitta Wåhlander INSERTING data into tables `log_login` fields ( username, ip, browser ) values ( biwa003, 94.103.194.75, Mozilla/5.0 (iPad; CPU OS 10_3_4 like Mac OS X) AppleWebKit/603.1.30 (KHTML, like Gecko) CriOS/71.0.3578.89 Mobile/14G61 Safari/602.1 ) => {inserted_id = 3938}
07:46:08 biwa003 Birgitta Wåhlander DELETE data from tables `temp_session` on conditions username LIKE biwa003
07:46:08 biwa003 Birgitta Wåhlander UPDATING data to tables `time2vie_cirruscommon`.`login` fields ( login, last_time ) values (1, 2019-09-21 07:46:08) on conditions username = biwa003
07:46:08 biwa003 Birgitta Wåhlander UPDATING data to tables `time2vie_cirruscommon`.`secondary_login` fields ( last_login_time ) values (2019-09-21 07:46:08) on conditions username = biwa003 AND company_id = 20
07:46:09 biwa003 Birgitta Wåhlander UPDATING data to tables `time2vie_cirruscommon`.`ws_sessions` fields ( user_id ) values (biwa003) on conditions session_id = f71c364268f94ba2d9d4871896a0cb52
07:51:54 asgr002 Åsa Grimberg UPDATING data to tables `time2vie_cirruscommon`.`secondary_login` fields ( error ) values (0) on conditions username = asgr002 AND company_id = 20
07:51:54 asgr002 Åsa Grimberg INSERTING data into tables `log_login` fields ( username, ip, browser ) values ( asgr002, 94.234.41.151, Time2View/1 CFNetwork/978.0.7 Darwin/18.7.0 ) => {inserted_id = 3939}
07:51:54 asgr002 Åsa Grimberg DELETE data from tables `temp_session` on conditions username LIKE asgr002
07:51:54 asgr002 Åsa Grimberg UPDATING data to tables `time2vie_cirruscommon`.`login` fields ( login, last_time ) values (1, 2019-09-21 07:51:54) on conditions username = asgr002
07:51:54 asgr002 Åsa Grimberg UPDATING data to tables `time2vie_cirruscommon`.`secondary_login` fields ( last_login_time ) values (2019-09-21 07:51:54) on conditions username = asgr002 AND company_id = 20
08:02:35 hejo003 Helen Jörnås UPDATING data to tables `time2vie_cirruscommon`.`secondary_login` fields ( error ) values (0) on conditions username = hejo003 AND company_id = 20
08:02:36 hejo003 Helen Jörnås INSERTING data into tables `log_login` fields ( username, ip, browser ) values ( hejo003, 90.224.82.244, okhttp/3.9.1 ) => {inserted_id = 3940}
08:02:36 hejo003 Helen Jörnås DELETE data from tables `temp_session` on conditions username LIKE hejo003
08:02:36 hejo003 Helen Jörnås UPDATING data to tables `time2vie_cirruscommon`.`login` fields ( login, last_time ) values (1, 2019-09-21 08:02:36) on conditions username = hejo003
08:02:36 hejo003 Helen Jörnås UPDATING data to tables `time2vie_cirruscommon`.`secondary_login` fields ( last_login_time ) values (2019-09-21 08:02:36) on conditions username = hejo003 AND company_id = 20
08:57:52 asgr002 Åsa Grimberg UPDATING data to tables `time2vie_cirruscommon`.`secondary_login` fields ( error ) values (0) on conditions username = asgr002 AND company_id = 20
08:57:53 asgr002 Åsa Grimberg INSERTING data into tables `log_login` fields ( username, ip, browser ) values ( asgr002, 94.234.41.151, Time2View/1 CFNetwork/978.0.7 Darwin/18.7.0 ) => {inserted_id = 3941}
08:57:53 asgr002 Åsa Grimberg DELETE data from tables `temp_session` on conditions username LIKE asgr002
08:57:53 asgr002 Åsa Grimberg UPDATING data to tables `time2vie_cirruscommon`.`login` fields ( login, last_time ) values (1, 2019-09-21 08:57:53) on conditions username = asgr002
08:57:53 asgr002 Åsa Grimberg UPDATING data to tables `time2vie_cirruscommon`.`secondary_login` fields ( last_login_time ) values (2019-09-21 08:57:53) on conditions username = asgr002 AND company_id = 20
09:29:50 hejo003 Helen Jörnås UPDATING data to tables `time2vie_cirruscommon`.`secondary_login` fields ( error ) values (0) on conditions username = hejo003 AND company_id = 20
09:29:54 hejo003 Helen Jörnås INSERTING data into tables `log_login` fields ( username, ip, browser ) values ( hejo003, 90.224.82.244, okhttp/3.9.1 ) => {inserted_id = 3942}
09:30:00 hejo003 Helen Jörnås DELETE data from tables `temp_session` on conditions username LIKE hejo003
09:30:01 hejo003 Helen Jörnås UPDATING data to tables `time2vie_cirruscommon`.`login` fields ( login, last_time ) values (1, 2019-09-21 09:30:00) on conditions username = hejo003
09:30:01 hejo003 Helen Jörnås UPDATING data to tables `time2vie_cirruscommon`.`secondary_login` fields ( last_login_time ) values (2019-09-21 09:30:00) on conditions username = hejo003 AND company_id = 20
09:31:25 hejo003 Helen Jörnås UPDATING data to tables `time2vie_cirruscommon`.`secondary_login` fields ( error ) values (0) on conditions username = hejo003 AND company_id = 20 #Mobile-App: Log-id=3942
09:31:25 hejo003 Helen Jörnås INSERTING data into tables `log_login` fields ( username, ip, browser ) values ( hejo003, 217.213.85.127, okhttp/3.9.1 ) => {inserted_id = 3943} #Mobile-App: Log-id=3942
09:31:25 hejo003 Helen Jörnås DELETE data from tables `temp_session` on conditions username LIKE hejo003 #Mobile-App: Log-id=3943
09:31:25 hejo003 Helen Jörnås UPDATING data to tables `time2vie_cirruscommon`.`login` fields ( login, last_time ) values (1, 2019-09-21 09:31:25) on conditions username = hejo003 #Mobile-App: Log-id=3943
09:31:25 hejo003 Helen Jörnås UPDATING data to tables `time2vie_cirruscommon`.`secondary_login` fields ( last_login_time ) values (2019-09-21 09:31:25) on conditions username = hejo003 AND company_id = 20 #Mobile-App: Log-id=3943
10:45:51 gaan001 Gabriel Andersson UPDATING data to tables `time2vie_cirruscommon`.`secondary_login` fields ( error ) values (0) on conditions username = gaan001 AND company_id = 20
10:45:51 gaan001 Gabriel Andersson INSERTING data into tables `log_login` fields ( username, ip, browser ) values ( gaan001, 94.103.194.75, CirrusM/3 CFNetwork/978.0.7 Darwin/18.6.0 ) => {inserted_id = 3944}
10:45:51 gaan001 Gabriel Andersson DELETE data from tables `temp_session` on conditions username LIKE gaan001
10:45:51 gaan001 Gabriel Andersson UPDATING data to tables `time2vie_cirruscommon`.`login` fields ( login, last_time ) values (1, 2019-09-21 10:45:51) on conditions username = gaan001
10:45:51 gaan001 Gabriel Andersson UPDATING data to tables `time2vie_cirruscommon`.`secondary_login` fields ( last_login_time ) values (2019-09-21 10:45:51) on conditions username = gaan001 AND company_id = 20
10:45:51 gaan001 Gabriel Andersson UPDATING data to tables `time2vie_cirruscommon`.`push_notify_tokens` fields ( user_id, updated_date, error ) values (gaan001, 2019-09-21 10:45:51, 0) on conditions fcm_token = e51KWK9giv8:APA91bGHMno1HPtH6vgtvvNaxonNc-Bkvswgm2aT4OLq90CDlFw9H2dIl7Li18JiNkP-7pUOuc6Xu8RcoS51Ilqi8H-pAIQ3wxAPozVZ-o4Xh8AcIjJdCzDdKjcmheiVAB_gYeBo2P0d AND device_id = 2639B8CA-61CF-4C5F-AF35-FA532A697892 #Mobile-App: Log-id=3944
11:39:50 anka020 Annika Karlsson UPDATING data to tables `time2vie_cirruscommon`.`secondary_login` fields ( error ) values (0) on conditions username = anka020 AND company_id = 20
11:39:51 anka020 Annika Karlsson INSERTING data into tables `log_login` fields ( username, ip, browser ) values ( anka020, 185.27.164.39, okhttp/3.9.1 ) => {inserted_id = 3945}
11:39:51 anka020 Annika Karlsson DELETE data from tables `temp_session` on conditions username LIKE anka020
11:39:51 anka020 Annika Karlsson UPDATING data to tables `time2vie_cirruscommon`.`login` fields ( login, last_time ) values (1, 2019-09-21 11:39:51) on conditions username = anka020
11:39:51 anka020 Annika Karlsson UPDATING data to tables `time2vie_cirruscommon`.`secondary_login` fields ( last_login_time ) values (2019-09-21 11:39:51) on conditions username = anka020 AND company_id = 20
12:14:02 elbe006 Elin Berntsson UPDATING data to tables `time2vie_cirruscommon`.`secondary_login` fields ( error ) values (0) on conditions username = elbe006 AND company_id = 20
12:14:02 elbe006 Elin Berntsson INSERTING data into tables `log_login` fields ( username, ip, browser ) values ( elbe006, 158.174.54.90, okhttp/3.9.1 ) => {inserted_id = 3946}
12:14:02 elbe006 Elin Berntsson DELETE data from tables `temp_session` on conditions username LIKE elbe006
12:14:02 elbe006 Elin Berntsson UPDATING data to tables `time2vie_cirruscommon`.`login` fields ( login, last_time ) values (1, 2019-09-21 12:14:02) on conditions username = elbe006
12:14:02 elbe006 Elin Berntsson UPDATING data to tables `time2vie_cirruscommon`.`secondary_login` fields ( last_login_time ) values (2019-09-21 12:14:02) on conditions username = elbe006 AND company_id = 20
12:14:09 elbe006 Elin Berntsson UPDATING data to tables `time2vie_cirruscommon`.`secondary_login` fields ( error ) values (0) on conditions username = elbe006 AND company_id = 20 #Mobile-App: Log-id=3946
12:14:10 elbe006 Elin Berntsson INSERTING data into tables `log_login` fields ( username, ip, browser ) values ( elbe006, 158.174.54.90, okhttp/3.9.1 ) => {inserted_id = 3947} #Mobile-App: Log-id=3946
12:14:10 elbe006 Elin Berntsson DELETE data from tables `temp_session` on conditions username LIKE elbe006 #Mobile-App: Log-id=3947
12:14:10 elbe006 Elin Berntsson UPDATING data to tables `time2vie_cirruscommon`.`login` fields ( login, last_time ) values (1, 2019-09-21 12:14:10) on conditions username = elbe006 #Mobile-App: Log-id=3947
12:14:10 elbe006 Elin Berntsson UPDATING data to tables `time2vie_cirruscommon`.`secondary_login` fields ( last_login_time ) values (2019-09-21 12:14:10) on conditions username = elbe006 AND company_id = 20 #Mobile-App: Log-id=3947
13:13:37 hejo003 Helen Jörnås UPDATING data to tables `time2vie_cirruscommon`.`secondary_login` fields ( error ) values (0) on conditions username = hejo003 AND company_id = 20
13:13:43 hejo003 Helen Jörnås INSERTING data into tables `log_login` fields ( username, ip, browser ) values ( hejo003, 90.224.82.244, okhttp/3.9.1 ) => {inserted_id = 3948}
13:13:43 hejo003 Helen Jörnås DELETE data from tables `temp_session` on conditions username LIKE hejo003
13:13:43 hejo003 Helen Jörnås UPDATING data to tables `time2vie_cirruscommon`.`login` fields ( login, last_time ) values (1, 2019-09-21 13:13:43) on conditions username = hejo003
13:13:44 hejo003 Helen Jörnås UPDATING data to tables `time2vie_cirruscommon`.`secondary_login` fields ( last_login_time ) values (2019-09-21 13:13:43) on conditions username = hejo003 AND company_id = 20
13:41:30 cagu001 Carina Gustafsson UPDATING data to tables `time2vie_cirruscommon`.`secondary_login` fields ( error ) values (0) on conditions username = cagu001 AND company_id = 20
13:41:30 cagu001 Carina Gustafsson INSERTING data into tables `log_login` fields ( username, ip, browser ) values ( cagu001, 176.10.245.4, okhttp/3.9.1 ) => {inserted_id = 3949}
13:41:30 cagu001 Carina Gustafsson DELETE data from tables `temp_session` on conditions username LIKE cagu001
13:41:30 cagu001 Carina Gustafsson UPDATING data to tables `time2vie_cirruscommon`.`login` fields ( login, last_time ) values (1, 2019-09-21 13:41:30) on conditions username = cagu001
13:41:30 cagu001 Carina Gustafsson UPDATING data to tables `time2vie_cirruscommon`.`secondary_login` fields ( last_login_time ) values (2019-09-21 13:41:30) on conditions username = cagu001 AND company_id = 20
16:40:47 liha009 Linnéa Handin INSERTING data into tables `log_login` fields ( username, ip, browser ) values ( liha009, 94.191.139.227, Mozilla/5.0 (iPhone; CPU iPhone OS 12_4_1 like Mac OS X) AppleWebKit/605.1.15 (KHTML, like Gecko) Version/12.1.2 Mobile/15E148 Safari/604.1 ) => {inserted_id = 3950}
16:40:47 liha009 Linnéa Handin DELETE data from tables `temp_session` on conditions username LIKE liha009
16:40:47 liha009 Linnéa Handin UPDATING data to tables `time2vie_cirruscommon`.`login` fields ( login, last_time ) values (1, 2019-09-21 16:40:47) on conditions username = liha009
16:40:47 liha009 Linnéa Handin UPDATING data to tables `time2vie_cirruscommon`.`secondary_login` fields ( last_login_time ) values (2019-09-21 16:40:47) on conditions username = liha009 AND company_id = 20
16:40:47 liha009 Linnéa Handin UPDATING data to tables `time2vie_cirruscommon`.`ws_sessions` fields ( user_id ) values (liha009) on conditions session_id = 70da70e22da3ab6da12ec74f34700130
19:30:29 hejo003 Helen Jörnås UPDATING data to tables `time2vie_cirruscommon`.`secondary_login` fields ( error ) values (0) on conditions username = hejo003 AND company_id = 20
19:30:29 hejo003 Helen Jörnås INSERTING data into tables `log_login` fields ( username, ip, browser ) values ( hejo003, 90.224.82.244, okhttp/3.9.1 ) => {inserted_id = 3951}
19:30:29 hejo003 Helen Jörnås DELETE data from tables `temp_session` on conditions username LIKE hejo003
19:30:29 hejo003 Helen Jörnås UPDATING data to tables `time2vie_cirruscommon`.`login` fields ( login, last_time ) values (1, 2019-09-21 19:30:29) on conditions username = hejo003
19:30:29 hejo003 Helen Jörnås UPDATING data to tables `time2vie_cirruscommon`.`secondary_login` fields ( last_login_time ) values (2019-09-21 19:30:29) on conditions username = hejo003 AND company_id = 20
