07:13:06 anka019 Anna Kawalya Westerberg INSERTING data into tables `log_login` fields ( username, ip, browser ) values ( anka019, 78.71.186.230, Mozilla/5.0 (iPhone; CPU iPhone OS 12_1_4 like Mac OS X) AppleWebKit/605.1.15 (KHTML, like Gecko) Version/12.0 Mobile/15E148 Safari/604.1 ) => {inserted_id = 1357}
07:13:06 anka019 Anna Kawalya Westerberg DELETE data from tables `temp_session` on conditions username LIKE anka019
07:13:06 anka019 Anna Kawalya Westerberg UPDATING data to tables `time2vie_cirruscommon`.`login` fields ( login, last_time ) values (1, 2019-06-08 07:13:06) on conditions username = anka019
07:13:06 anka019 Anna Kawalya Westerberg UPDATING data to tables `time2vie_cirruscommon`.`secondary_login` fields ( last_login_time ) values (2019-06-08 07:13:06) on conditions username = anka019 AND company_id = 20
07:13:07 anka019 Anna Kawalya Westerberg UPDATING data to tables `time2vie_cirruscommon`.`ws_sessions` fields ( user_id ) values (anka019) on conditions session_id = 829bcc7a1c94ecd8d207464cddda1fd9
07:13:07 anka019 Anna Kawalya Westerberg INSERTING data into tables `log_login` fields ( username, ip, browser ) values ( anka019, 78.71.186.230, Mozilla/5.0 (iPhone; CPU iPhone OS 12_1_4 like Mac OS X) AppleWebKit/605.1.15 (KHTML, like Gecko) Version/12.0 Mobile/15E148 Safari/604.1 ) => {inserted_id = 1358}
07:13:07 anka019 Anna Kawalya Westerberg DELETE data from tables `temp_session` on conditions username LIKE anka019
07:13:07 anka019 Anna Kawalya Westerberg UPDATING data to tables `time2vie_cirruscommon`.`login` fields ( login, last_time ) values (1, 2019-06-08 07:13:07) on conditions username = anka019
07:13:07 anka019 Anna Kawalya Westerberg UPDATING data to tables `time2vie_cirruscommon`.`secondary_login` fields ( last_login_time ) values (2019-06-08 07:13:07) on conditions username = anka019 AND company_id = 20
07:13:08 anka019 Anna Kawalya Westerberg UPDATING data to tables `time2vie_cirruscommon`.`ws_sessions` fields ( user_id ) values (anka019) on conditions session_id = 829bcc7a1c94ecd8d207464cddda1fd9
07:22:20 anka019 Anna Kawalya Westerberg INSERTING data into tables `log_login` fields ( username, ip, browser ) values ( anka019, 78.71.186.230, Mozilla/5.0 (iPhone; CPU iPhone OS 12_1_4 like Mac OS X) AppleWebKit/605.1.15 (KHTML, like Gecko) Version/12.0 Mobile/15E148 Safari/604.1 ) => {inserted_id = 1359}
07:22:20 anka019 Anna Kawalya Westerberg DELETE data from tables `temp_session` on conditions username LIKE anka019
07:22:20 anka019 Anna Kawalya Westerberg UPDATING data to tables `time2vie_cirruscommon`.`login` fields ( login, last_time ) values (1, 2019-06-08 07:22:20) on conditions username = anka019
07:22:20 anka019 Anna Kawalya Westerberg UPDATING data to tables `time2vie_cirruscommon`.`secondary_login` fields ( last_login_time ) values (2019-06-08 07:22:20) on conditions username = anka019 AND company_id = 20
07:22:21 anka019 Anna Kawalya Westerberg UPDATING data to tables `time2vie_cirruscommon`.`ws_sessions` fields ( user_id ) values (anka019) on conditions session_id = 3b6d0551cbdffdca8dad2563d8283077
08:53:40 biwa003 Birgitta Wåhlander INSERTING data into tables `log_login` fields ( username, ip, browser ) values ( biwa003, 185.27.165.66, Mozilla/5.0 (Windows NT 6.1; Win64; x64) AppleWebKit/537.36 (KHTML, like Gecko) Chrome/74.0.3729.169 Safari/537.36 ) => {inserted_id = 1360}
08:53:40 biwa003 Birgitta Wåhlander DELETE data from tables `temp_session` on conditions username LIKE biwa003
08:53:40 biwa003 Birgitta Wåhlander UPDATING data to tables `time2vie_cirruscommon`.`login` fields ( login, last_time ) values (1, 2019-06-08 08:53:40) on conditions username = biwa003
08:53:41 biwa003 Birgitta Wåhlander UPDATING data to tables `time2vie_cirruscommon`.`secondary_login` fields ( last_login_time ) values (2019-06-08 08:53:40) on conditions username = biwa003 AND company_id = 20
08:53:41 biwa003 Birgitta Wåhlander UPDATING data to tables `time2vie_cirruscommon`.`ws_sessions` fields ( user_id ) values (biwa003) on conditions session_id = 927fbeae3ce45179bbf2e7dbb81f5d83
08:54:52 biwa003 Birgitta Wåhlander UPDATING data to tables `timetable` fields ( customer, employee, date, time_from, time_to, fkkn, type, status, comment ) values (chwa001, biwa003, 2019-06-15, 8.00, 18.15, 1, 0, 1, Byte av pass med Anna) on conditions id = 534
08:55:05 biwa003 Birgitta Wåhlander UPDATING data to tables `timetable` fields ( customer, employee, date, time_from, time_to, fkkn, type, status, comment ) values (chwa001, thgu002, 2019-06-15, 18.00, 24, 1, 0, 1, ) on conditions id = 535
08:55:18 biwa003 Birgitta Wåhlander UPDATING data to tables `timetable` fields ( customer, employee, date, time_from, time_to, fkkn, type, status, comment ) values (chwa001, gaan001, 2019-06-15, 8.00, 18.15, 1, 0, 1, Byte av pass med Anna) on conditions id = 534
09:30:57 hejo003 Helen Jörnås UPDATING data to tables `time2vie_cirruscommon`.`secondary_login` fields ( error ) values (0) on conditions username = hejo003 AND company_id = 20
09:30:57 hejo003 Helen Jörnås INSERTING data into tables `log_login` fields ( username, ip, browser ) values ( hejo003, 90.224.82.244, okhttp/3.9.1 ) => {inserted_id = 1361}
09:30:57 hejo003 Helen Jörnås DELETE data from tables `temp_session` on conditions username LIKE hejo003
09:30:57 hejo003 Helen Jörnås UPDATING data to tables `time2vie_cirruscommon`.`login` fields ( login, last_time ) values (1, 2019-06-08 09:30:57) on conditions username = hejo003
09:30:58 hejo003 Helen Jörnås UPDATING data to tables `time2vie_cirruscommon`.`secondary_login` fields ( last_login_time ) values (2019-06-08 09:30:57) on conditions username = hejo003 AND company_id = 20
10:11:33 anka020 Annika Karlsson UPDATING data to tables `time2vie_cirruscommon`.`secondary_login` fields ( error ) values (0) on conditions username = anka020 AND company_id = 20
10:11:33 anka020 Annika Karlsson INSERTING data into tables `log_login` fields ( username, ip, browser ) values ( anka020, 46.230.211.95, okhttp/3.9.1 ) => {inserted_id = 1362}
10:11:33 anka020 Annika Karlsson DELETE data from tables `temp_session` on conditions username LIKE anka020
10:11:34 anka020 Annika Karlsson UPDATING data to tables `time2vie_cirruscommon`.`login` fields ( login, last_time ) values (1, 2019-06-08 10:11:33) on conditions username = anka020
10:11:34 anka020 Annika Karlsson UPDATING data to tables `time2vie_cirruscommon`.`secondary_login` fields ( last_login_time ) values (2019-06-08 10:11:33) on conditions username = anka020 AND company_id = 20
10:36:58 hebe001 Helen Bengtsson UPDATING data to tables `time2vie_cirruscommon`.`secondary_login` fields ( error ) values (0) on conditions username = hebe001 AND company_id = 20
10:36:58 hebe001 Helen Bengtsson INSERTING data into tables `log_login` fields ( username, ip, browser ) values ( hebe001, 94.191.143.2, CirrusM/3 CFNetwork/978.0.7 Darwin/18.6.0 ) => {inserted_id = 1363}
10:36:58 hebe001 Helen Bengtsson DELETE data from tables `temp_session` on conditions username LIKE hebe001
10:36:58 hebe001 Helen Bengtsson UPDATING data to tables `time2vie_cirruscommon`.`login` fields ( login, last_time ) values (1, 2019-06-08 10:36:58) on conditions username = hebe001
10:36:58 hebe001 Helen Bengtsson UPDATING data to tables `time2vie_cirruscommon`.`secondary_login` fields ( last_login_time ) values (2019-06-08 10:36:58) on conditions username = hebe001 AND company_id = 20
10:36:59 hebe001 Helen Bengtsson UPDATING data to tables `time2vie_cirruscommon`.`push_notify_tokens` fields ( user_id, updated_date, error ) values (hebe001, 2019-06-08 10:36:59, 0) on conditions fcm_token = e53q4p5Yx5s:APA91bHcdbJZIM9UO8hoC-zHfG6_FIaO281wtFQuWlwmwt0st6WFQVtviZvPZgs2vp6i06IBGiWyr9fjFKL1-vg0EanRm-nMQiS_cFfWIvXx76E-_YzEK4dcDd2m6uawHuhEcWrFDsjr AND device_id = FB5E44E2-9C31-454F-B79A-0F8638BC6875 #Mobile-App: Log-id=1363
11:30:19 mygu002  UPDATING data to tables `time2vie_cirruscommon`.`secondary_login` fields ( error ) values (1) on conditions username = mygu002 AND company_id = 20
11:31:32 mygu002  UPDATING data to tables `time2vie_cirruscommon`.`secondary_login` fields ( error ) values (2) on conditions username = mygu002 AND company_id = 20
11:32:21 mygu002 My Gustafsson UPDATING data to tables `time2vie_cirruscommon`.`secondary_login` fields ( error ) values (0) on conditions username = mygu002 AND company_id = 20
11:32:21 mygu002 My Gustafsson INSERTING data into tables `log_login` fields ( username, ip, browser ) values ( mygu002, 83.209.27.1, Mozilla/5.0 (Windows NT 10.0; Win64; x64) AppleWebKit/537.36 (KHTML, like Gecko) Chrome/74.0.3729.169 Safari/537.36 ) => {inserted_id = 1364}
11:32:21 mygu002 My Gustafsson DELETE data from tables `temp_session` on conditions username LIKE mygu002
11:32:21 mygu002 My Gustafsson UPDATING data to tables `time2vie_cirruscommon`.`login` fields ( login, last_time ) values (1, 2019-06-08 11:32:21) on conditions username = mygu002
11:32:21 mygu002 My Gustafsson UPDATING data to tables `time2vie_cirruscommon`.`secondary_login` fields ( last_login_time ) values (2019-06-08 11:32:21) on conditions username = mygu002 AND company_id = 20
11:32:22 mygu002 My Gustafsson UPDATING data to tables `time2vie_cirruscommon`.`ws_sessions` fields ( user_id ) values (mygu002) on conditions session_id = dac3a26c68cc275aacebcae8cc201c69
11:34:34 mygu002 My Gustafsson UPDATING data to tables `timetable` fields ( customer, employee, date, time_from, time_to, fkkn, type, status, comment ) values (mygu001, lisz001, 2019-06-04, 7.30, 17.30, 1, 0, 1, ) on conditions id = 1453
11:36:50 mygu002 My Gustafsson UPDATING data to tables `timetable` fields ( customer, employee, date, time_from, time_to, fkkn, type, status, comment ) values (mygu001, lisz001, 2019-06-08, 0.00, 6.00, 1, 3, 1, ) on conditions id = 1465
11:43:31 mygu002 My Gustafsson DELETE data from tables `temp_session` on conditions username LIKE mygu002
11:43:31 mygu002 My Gustafsson UPDATING data to tables `time2vie_cirruscommon`.`login` fields ( login, last_time ) values (0, 2019-06-08 11:43:31) on conditions username = mygu002
11:43:31 mygu002 My Gustafsson UPDATING data to tables `time2vie_cirruscommon`.`secondary_login` fields ( last_login_time ) values (2019-06-08 11:43:31) on conditions username = mygu002 AND company_id = 20
11:43:31   UPDATING data to tables `log_login` fields ( logout_time ) values (2019-06-08:09:43:31) on conditions id = 1364 AND username = mygu002
13:44:19 anka020 Annika Karlsson UPDATING data to tables `time2vie_cirruscommon`.`secondary_login` fields ( error ) values (0) on conditions username = anka020 AND company_id = 20
13:44:19 anka020 Annika Karlsson INSERTING data into tables `log_login` fields ( username, ip, browser ) values ( anka020, 46.230.211.95, okhttp/3.9.1 ) => {inserted_id = 1365}
13:44:19 anka020 Annika Karlsson DELETE data from tables `temp_session` on conditions username LIKE anka020
13:44:20 anka020 Annika Karlsson UPDATING data to tables `time2vie_cirruscommon`.`login` fields ( login, last_time ) values (1, 2019-06-08 13:44:19) on conditions username = anka020
13:44:20 anka020 Annika Karlsson UPDATING data to tables `time2vie_cirruscommon`.`secondary_login` fields ( last_login_time ) values (2019-06-08 13:44:19) on conditions username = anka020 AND company_id = 20
13:49:25 anka020 Annika Karlsson UPDATING data to tables `timetable` fields ( customer, employee, date, time_from, time_to, fkkn, type, status, comment ) values (tibe002, , 2019-07-15, 16.15, 24, 1, 0, 0, Karin jobbar detta passet så jobbar jag henne 14 - 15:E 10.00-9.00) on conditions id = 2128 #Mobile-App: Log-id=1365
13:49:47 anka020 Annika Karlsson UPDATING data to tables `time2vie_cirruscommon`.`secondary_login` fields ( error ) values (0) on conditions username = anka020 AND company_id = 20
13:49:47 anka020 Annika Karlsson INSERTING data into tables `log_login` fields ( username, ip, browser ) values ( anka020, 46.230.211.95, okhttp/3.9.1 ) => {inserted_id = 1366}
13:49:47 anka020 Annika Karlsson DELETE data from tables `temp_session` on conditions username LIKE anka020
13:49:47 anka020 Annika Karlsson UPDATING data to tables `time2vie_cirruscommon`.`login` fields ( login, last_time ) values (1, 2019-06-08 13:49:47) on conditions username = anka020
13:49:47 anka020 Annika Karlsson UPDATING data to tables `time2vie_cirruscommon`.`secondary_login` fields ( last_login_time ) values (2019-06-08 13:49:47) on conditions username = anka020 AND company_id = 20
14:53:34 kaha003 Kalina Hajnold INSERTING data into tables `log_login` fields ( username, ip, browser ) values ( kaha003, 83.209.27.1, Mozilla/5.0 (iPhone; CPU iPhone OS 12_3_1 like Mac OS X) AppleWebKit/605.1.15 (KHTML, like Gecko) Version/12.1.1 Mobile/15E148 Safari/604.1 ) => {inserted_id = 1367}
14:53:34 kaha003 Kalina Hajnold DELETE data from tables `temp_session` on conditions username LIKE kaha003
14:53:34 kaha003 Kalina Hajnold UPDATING data to tables `time2vie_cirruscommon`.`login` fields ( login, last_time ) values (1, 2019-06-08 14:53:34) on conditions username = kaha003
14:53:34 kaha003 Kalina Hajnold UPDATING data to tables `time2vie_cirruscommon`.`secondary_login` fields ( last_login_time ) values (2019-06-08 14:53:34) on conditions username = kaha003 AND company_id = 20
14:53:35 kaha003 Kalina Hajnold INSERTING data into tables `log_login` fields ( username, ip, browser ) values ( kaha003, 83.209.27.1, Mozilla/5.0 (iPhone; CPU iPhone OS 12_3_1 like Mac OS X) AppleWebKit/605.1.15 (KHTML, like Gecko) Version/12.1.1 Mobile/15E148 Safari/604.1 ) => {inserted_id = 1368}
14:53:35 kaha003 Kalina Hajnold DELETE data from tables `temp_session` on conditions username LIKE kaha003
14:53:35 kaha003 Kalina Hajnold UPDATING data to tables `time2vie_cirruscommon`.`login` fields ( login, last_time ) values (1, 2019-06-08 14:53:35) on conditions username = kaha003
14:53:35 kaha003 Kalina Hajnold UPDATING data to tables `time2vie_cirruscommon`.`secondary_login` fields ( last_login_time ) values (2019-06-08 14:53:35) on conditions username = kaha003 AND company_id = 20
14:53:36 kaha003 Kalina Hajnold UPDATING data to tables `time2vie_cirruscommon`.`ws_sessions` fields ( user_id ) values (kaha003) on conditions session_id = f6cf6d33e1509f0ccd016c61f12f2108
14:57:54 cagu001 Carina Gustafsson UPDATING data to tables `time2vie_cirruscommon`.`secondary_login` fields ( error ) values (0) on conditions username = cagu001 AND company_id = 20
14:57:54 cagu001 Carina Gustafsson INSERTING data into tables `log_login` fields ( username, ip, browser ) values ( cagu001, 83.209.27.1, okhttp/3.9.1 ) => {inserted_id = 1369}
14:57:54 cagu001 Carina Gustafsson DELETE data from tables `temp_session` on conditions username LIKE cagu001
14:57:54 cagu001 Carina Gustafsson UPDATING data to tables `time2vie_cirruscommon`.`login` fields ( login, last_time ) values (1, 2019-06-08 14:57:54) on conditions username = cagu001
14:57:55 cagu001 Carina Gustafsson UPDATING data to tables `time2vie_cirruscommon`.`secondary_login` fields ( last_login_time ) values (2019-06-08 14:57:54) on conditions username = cagu001 AND company_id = 20
14:59:24 anka020 Annika Karlsson UPDATING data to tables `time2vie_cirruscommon`.`secondary_login` fields ( error ) values (0) on conditions username = anka020 AND company_id = 20
14:59:24 anka020 Annika Karlsson INSERTING data into tables `log_login` fields ( username, ip, browser ) values ( anka020, 46.230.211.95, okhttp/3.9.1 ) => {inserted_id = 1370}
14:59:24 anka020 Annika Karlsson DELETE data from tables `temp_session` on conditions username LIKE anka020
14:59:25 anka020 Annika Karlsson UPDATING data to tables `time2vie_cirruscommon`.`login` fields ( login, last_time ) values (1, 2019-06-08 14:59:24) on conditions username = anka020
14:59:25 anka020 Annika Karlsson UPDATING data to tables `time2vie_cirruscommon`.`secondary_login` fields ( last_login_time ) values (2019-06-08 14:59:24) on conditions username = anka020 AND company_id = 20
15:12:45 cagu001 Carina Gustafsson UPDATING data to tables `timetable` fields ( status ) values (2) on conditions id = 1597 #Mobile-App: Log-id=1369
15:12:45 cagu001 Carina Gustafsson INSERTING data into tables `timetable` fields ( customer, date, time_from, time_to, type, fkkn, comment, alloc_emp, relation_id, status ) values ( mygu001, 2019-07-15, 0.00, 6.00, 3, 1, , cagu001, 1597, 0 ) => {inserted_id = 2184} #Mobile-App: Log-id=1369
15:12:45 cagu001 Carina Gustafsson INSERTING data into tables `leave` fields ( group_id, employee, date, time_from, time_to, type, comment, appr_emp, status, no_pay ) values ( 220, saan012, 2019-07-15, 0, 6, 2, , cagu001, 0, 1 ) => {inserted_id = 428} #Mobile-App: Log-id=1369
15:13:11 cagu001 Carina Gustafsson UPDATING data to tables `timetable` fields ( status ) values (2) on conditions id = 1598 #Mobile-App: Log-id=1369
15:13:11 cagu001 Carina Gustafsson INSERTING data into tables `timetable` fields ( customer, date, time_from, time_to, type, fkkn, comment, alloc_emp, relation_id, status ) values ( mygu001, 2019-07-15, 6.00, 8.30, 0, 1, , cagu001, 1598, 0 ) => {inserted_id = 2185} #Mobile-App: Log-id=1369
15:13:11 cagu001 Carina Gustafsson INSERTING data into tables `leave` fields ( group_id, employee, date, time_from, time_to, type, comment, appr_emp, status, no_pay ) values ( 221, saan012, 2019-07-15, 6, 8.3, 2, , cagu001, 0, 1 ) => {inserted_id = 429} #Mobile-App: Log-id=1369
15:51:03 hejo003 Helen Jörnås UPDATING data to tables `time2vie_cirruscommon`.`secondary_login` fields ( error ) values (0) on conditions username = hejo003 AND company_id = 20
15:51:03 hejo003 Helen Jörnås INSERTING data into tables `log_login` fields ( username, ip, browser ) values ( hejo003, 90.224.82.244, okhttp/3.9.1 ) => {inserted_id = 1371}
15:51:03 hejo003 Helen Jörnås DELETE data from tables `temp_session` on conditions username LIKE hejo003
15:51:03 hejo003 Helen Jörnås UPDATING data to tables `time2vie_cirruscommon`.`login` fields ( login, last_time ) values (1, 2019-06-08 15:51:03) on conditions username = hejo003
15:51:03 hejo003 Helen Jörnås UPDATING data to tables `time2vie_cirruscommon`.`secondary_login` fields ( last_login_time ) values (2019-06-08 15:51:03) on conditions username = hejo003 AND company_id = 20
16:49:41 hejo003 Helen Jörnås UPDATING data to tables `time2vie_cirruscommon`.`secondary_login` fields ( error ) values (0) on conditions username = hejo003 AND company_id = 20
16:49:41 hejo003 Helen Jörnås INSERTING data into tables `log_login` fields ( username, ip, browser ) values ( hejo003, 90.224.82.244, okhttp/3.9.1 ) => {inserted_id = 1372}
16:49:41 hejo003 Helen Jörnås DELETE data from tables `temp_session` on conditions username LIKE hejo003
16:49:41 hejo003 Helen Jörnås UPDATING data to tables `time2vie_cirruscommon`.`login` fields ( login, last_time ) values (1, 2019-06-08 16:49:41) on conditions username = hejo003
16:49:41 hejo003 Helen Jörnås UPDATING data to tables `time2vie_cirruscommon`.`secondary_login` fields ( last_login_time ) values (2019-06-08 16:49:41) on conditions username = hejo003 AND company_id = 20
17:15:12 hejo003 Helen Jörnås UPDATING data to tables `time2vie_cirruscommon`.`secondary_login` fields ( error ) values (0) on conditions username = hejo003 AND company_id = 20 #Mobile-App: Log-id=1372
17:15:12 hejo003 Helen Jörnås INSERTING data into tables `log_login` fields ( username, ip, browser ) values ( hejo003, 90.224.82.244, okhttp/3.9.1 ) => {inserted_id = 1373} #Mobile-App: Log-id=1372
17:15:12 hejo003 Helen Jörnås DELETE data from tables `temp_session` on conditions username LIKE hejo003 #Mobile-App: Log-id=1373
17:15:12 hejo003 Helen Jörnås UPDATING data to tables `time2vie_cirruscommon`.`login` fields ( login, last_time ) values (1, 2019-06-08 17:15:12) on conditions username = hejo003 #Mobile-App: Log-id=1373
17:15:12 hejo003 Helen Jörnås UPDATING data to tables `time2vie_cirruscommon`.`secondary_login` fields ( last_login_time ) values (2019-06-08 17:15:12) on conditions username = hejo003 AND company_id = 20 #Mobile-App: Log-id=1373
17:38:01 anka020 Annika Karlsson UPDATING data to tables `time2vie_cirruscommon`.`secondary_login` fields ( error ) values (0) on conditions username = anka020 AND company_id = 20
17:38:02 anka020 Annika Karlsson INSERTING data into tables `log_login` fields ( username, ip, browser ) values ( anka020, 46.230.211.95, okhttp/3.9.1 ) => {inserted_id = 1374}
17:38:02 anka020 Annika Karlsson DELETE data from tables `temp_session` on conditions username LIKE anka020
17:38:02 anka020 Annika Karlsson UPDATING data to tables `time2vie_cirruscommon`.`login` fields ( login, last_time ) values (1, 2019-06-08 17:38:02) on conditions username = anka020
17:38:02 anka020 Annika Karlsson UPDATING data to tables `time2vie_cirruscommon`.`secondary_login` fields ( last_login_time ) values (2019-06-08 17:38:02) on conditions username = anka020 AND company_id = 20
19:02:35 anka020 Annika Karlsson UPDATING data to tables `time2vie_cirruscommon`.`secondary_login` fields ( error ) values (0) on conditions username = anka020 AND company_id = 20
19:02:35 anka020 Annika Karlsson INSERTING data into tables `log_login` fields ( username, ip, browser ) values ( anka020, 46.230.211.95, okhttp/3.9.1 ) => {inserted_id = 1375}
19:02:35 anka020 Annika Karlsson DELETE data from tables `temp_session` on conditions username LIKE anka020
19:02:35 anka020 Annika Karlsson UPDATING data to tables `time2vie_cirruscommon`.`login` fields ( login, last_time ) values (1, 2019-06-08 19:02:35) on conditions username = anka020
19:02:35 anka020 Annika Karlsson UPDATING data to tables `time2vie_cirruscommon`.`secondary_login` fields ( last_login_time ) values (2019-06-08 19:02:35) on conditions username = anka020 AND company_id = 20
19:31:49 hebe001 Helen Bengtsson INSERTING data into tables `log_login` fields ( username, ip, browser ) values ( hebe001, 217.73.108.78, Mozilla/5.0 (Windows NT 6.1; Win64; x64) AppleWebKit/537.36 (KHTML, like Gecko) Chrome/74.0.3729.169 Safari/537.36 ) => {inserted_id = 1376}
19:31:49 hebe001 Helen Bengtsson DELETE data from tables `temp_session` on conditions username LIKE hebe001
19:31:49 hebe001 Helen Bengtsson UPDATING data to tables `time2vie_cirruscommon`.`login` fields ( login, last_time ) values (1, 2019-06-08 19:31:49) on conditions username = hebe001
19:31:49 hebe001 Helen Bengtsson UPDATING data to tables `time2vie_cirruscommon`.`secondary_login` fields ( last_login_time ) values (2019-06-08 19:31:49) on conditions username = hebe001 AND company_id = 20
19:31:50 hebe001 Helen Bengtsson UPDATING data to tables `time2vie_cirruscommon`.`ws_sessions` fields ( user_id ) values (hebe001) on conditions session_id = 97911a231a49491d54cbc8e8989d4b47
19:34:43 hebe001 Helen Bengtsson UPDATING data to tables `time2vie_cirruscommon`.`ws_sessions` fields ( user_id ) values (hebe001) on conditions session_id = 97911a231a49491d54cbc8e8989d4b47
19:41:57 hebe001 Helen Bengtsson UPDATING data to tables `timetable` fields ( customer, employee, date, time_from, time_to, fkkn, type, status, comment ) values (tibe002, anka020, 2019-07-25, 16.30, 24, 1, 0, 1, Jag kan ta detta pass) on conditions id = 2125
19:42:14 hebe001 Helen Bengtsson UPDATING data to tables `timetable` fields ( customer, employee, date, time_from, time_to, fkkn, type, status, comment ) values (tibe002, kape007, 2019-07-25, 16.30, 24, 1, 0, 1, Jag kan ta detta pass) on conditions id = 2125
19:42:36 hebe001 Helen Bengtsson UPDATING data to tables `timetable` fields ( customer, employee, date, time_from, time_to, fkkn, type, status, comment ) values (tibe002, kape007, 2019-07-26, 0.00, 6.30, 1, 3, 1, ) on conditions id = 2126
19:43:04 hebe001 Helen Bengtsson UPDATING data to tables `timetable` fields ( customer, employee, date, time_from, time_to, fkkn, type, status, comment ) values (tibe002, kape007, 2019-07-26, 6.30, 9.00, 1, 0, 1, ) on conditions id = 2127
19:43:36 hebe001 Helen Bengtsson UPDATING data to tables `timetable` fields ( customer, employee, date, time_from, time_to, fkkn, type, status, comment ) values (tibe002, anka020, 2019-07-14, 10.00, 24, 1, 0, 1, ) on conditions id = 1245
19:43:59 hebe001 Helen Bengtsson UPDATING data to tables `timetable` fields ( customer, employee, date, time_from, time_to, fkkn, type, status, comment ) values (tibe002, anka020, 2019-07-15, 0.00, 6.30, 1, 3, 1, ) on conditions id = 1246
19:45:48 hebe001 Helen Bengtsson UPDATING data to tables `timetable` fields ( customer, employee, date, time_from, time_to, fkkn, type, status, comment ) values (tibe002, anka020, 2019-07-15, 6.30, 9.00, 1, 0, 1, ) on conditions id = 1247
19:46:36 hebe001 Helen Bengtsson UPDATING data to tables `timetable` fields ( customer, employee, date, time_from, time_to, fkkn, type, status, comment ) values (tibe002, kape007, 2019-07-15, 16.15, 24, 1, 0, 1, Karin jobbar detta passet så jobbar jag henne 14 - 15:E 10.00-9.00) on conditions id = 2128
19:46:52 hebe001 Helen Bengtsson UPDATING data to tables `timetable` fields ( customer, employee, date, time_from, time_to, fkkn, type, status, comment ) values (tibe002, kape007, 2019-07-16, 0.00, 6.30, 1, 3, 1, ) on conditions id = 2129
19:47:04 hebe001 Helen Bengtsson UPDATING data to tables `timetable` fields ( customer, employee, date, time_from, time_to, fkkn, type, status, comment ) values (tibe002, kape007, 2019-07-16, 6.30, 9.00, 1, 0, 1, ) on conditions id = 2130
19:47:23 emja001 Emilia Jacobsson INSERTING data into tables `log_login` fields ( username, ip, browser ) values ( emja001, 90.230.216.234, Mozilla/5.0 (iPhone; CPU iPhone OS 12_2 like Mac OS X) AppleWebKit/605.1.15 (KHTML, like Gecko) Version/12.1 Mobile/15E148 Safari/604.1 ) => {inserted_id = 1377}
19:47:23 emja001 Emilia Jacobsson DELETE data from tables `temp_session` on conditions username LIKE emja001
19:47:23 emja001 Emilia Jacobsson UPDATING data to tables `time2vie_cirruscommon`.`login` fields ( login, last_time ) values (1, 2019-06-08 19:47:23) on conditions username = emja001
19:47:23 emja001 Emilia Jacobsson UPDATING data to tables `time2vie_cirruscommon`.`secondary_login` fields ( last_login_time ) values (2019-06-08 19:47:23) on conditions username = emja001 AND company_id = 20
19:47:24 emja001 Emilia Jacobsson UPDATING data to tables `time2vie_cirruscommon`.`ws_sessions` fields ( user_id ) values (emja001) on conditions session_id = 46199b0d073508ac3352a2fd30ecf94c
19:47:32 lisz001 Linnéa Szendera UPDATING data to tables `time2vie_cirruscommon`.`secondary_login` fields ( error ) values (0) on conditions username = lisz001 AND company_id = 20
19:47:32 lisz001 Linnéa Szendera INSERTING data into tables `log_login` fields ( username, ip, browser ) values ( lisz001, 217.215.236.61, okhttp/3.9.1 ) => {inserted_id = 1378}
19:47:32 lisz001 Linnéa Szendera DELETE data from tables `temp_session` on conditions username LIKE lisz001
19:47:32 lisz001 Linnéa Szendera UPDATING data to tables `time2vie_cirruscommon`.`login` fields ( login, last_time ) values (1, 2019-06-08 19:47:32) on conditions username = lisz001
19:47:32 lisz001 Linnéa Szendera UPDATING data to tables `time2vie_cirruscommon`.`secondary_login` fields ( last_login_time ) values (2019-06-08 19:47:32) on conditions username = lisz001 AND company_id = 20
19:47:57 emja001 Emilia Jacobsson INSERTING data into tables `log_login` fields ( username, ip, browser ) values ( emja001, 90.230.216.234, Mozilla/5.0 (iPhone; CPU iPhone OS 12_2 like Mac OS X) AppleWebKit/605.1.15 (KHTML, like Gecko) Version/12.1 Mobile/15E148 Safari/604.1 ) => {inserted_id = 1379}
19:47:57 emja001 Emilia Jacobsson DELETE data from tables `temp_session` on conditions username LIKE emja001
19:47:57 emja001 Emilia Jacobsson UPDATING data to tables `time2vie_cirruscommon`.`login` fields ( login, last_time ) values (1, 2019-06-08 19:47:57) on conditions username = emja001
19:47:57 emja001 Emilia Jacobsson UPDATING data to tables `time2vie_cirruscommon`.`secondary_login` fields ( last_login_time ) values (2019-06-08 19:47:57) on conditions username = emja001 AND company_id = 20
19:47:58 emja001 Emilia Jacobsson UPDATING data to tables `time2vie_cirruscommon`.`ws_sessions` fields ( user_id ) values (emja001) on conditions session_id = 46199b0d073508ac3352a2fd30ecf94c
19:48:00 lisz001 Linnéa Szendera UPDATING data to tables `time2vie_cirruscommon`.`secondary_login` fields ( error ) values (0) on conditions username = lisz001 AND company_id = 20 #Mobile-App: Log-id=1378
19:48:00 lisz001 Linnéa Szendera INSERTING data into tables `log_login` fields ( username, ip, browser ) values ( lisz001, 217.215.236.61, okhttp/3.9.1 ) => {inserted_id = 1380} #Mobile-App: Log-id=1378
19:48:00 lisz001 Linnéa Szendera DELETE data from tables `temp_session` on conditions username LIKE lisz001 #Mobile-App: Log-id=1380
19:48:00 lisz001 Linnéa Szendera UPDATING data to tables `time2vie_cirruscommon`.`login` fields ( login, last_time ) values (1, 2019-06-08 19:48:00) on conditions username = lisz001 #Mobile-App: Log-id=1380
19:48:00 lisz001 Linnéa Szendera UPDATING data to tables `time2vie_cirruscommon`.`secondary_login` fields ( last_login_time ) values (2019-06-08 19:48:00) on conditions username = lisz001 AND company_id = 20 #Mobile-App: Log-id=1380
19:51:13 hebe001 Helen Bengtsson UPDATING data to tables `timetable` fields ( customer, employee, date, time_from, time_to, fkkn, type, status, comment ) values (tibe002, anka020, 2019-07-26, 8.30, 16.30, 1, 0, 1, kan detta pass) on conditions id = 2142
19:52:29 hebe001 Helen Bengtsson UPDATING data to tables `timetable` fields ( customer, employee, date, time_from, time_to, fkkn, type, status, comment ) values (tibe002, anka020, 2019-07-25, 16.30, 24, 1, 0, 1, Jag kan ta detta pass) on conditions id = 2125
19:52:41 hebe001 Helen Bengtsson UPDATING data to tables `timetable` fields ( customer, employee, date, time_from, time_to, fkkn, type, status, comment ) values (tibe002, anka020, 2019-07-26, 0.00, 6.30, 1, 3, 1, ) on conditions id = 2126
19:53:27 hebe001 Helen Bengtsson UPDATING data to tables `timetable` fields ( customer, employee, date, time_from, time_to, fkkn, type, status, comment ) values (tibe002, kape007, 2019-07-26, 6.30, 8.30, 1, 0, 1, ) on conditions id = 2127
19:53:42 hebe001 Helen Bengtsson UPDATING data to tables `timetable` fields ( customer, employee, date, time_from, time_to, fkkn, type, status, comment ) values (tibe002, anka020, 2019-07-26, 6.30, 8.30, 1, 0, 1, ) on conditions id = 2127
19:54:12 hebe001 Helen Bengtsson UPDATING data to tables `time2vie_cirruscommon`.`ws_sessions` fields ( user_id ) values (hebe001) on conditions session_id = 97911a231a49491d54cbc8e8989d4b47
19:57:49 hebe001 Helen Bengtsson UPDATING data to tables `time2vie_cirruscommon`.`ws_sessions` fields ( user_id ) values (hebe001) on conditions session_id = 97911a231a49491d54cbc8e8989d4b47
19:58:52 hebe001 Helen Bengtsson DELETE data from tables `temp_session` on conditions username LIKE hebe001
19:58:52 hebe001 Helen Bengtsson UPDATING data to tables `time2vie_cirruscommon`.`login` fields ( login, last_time ) values (0, 2019-06-08 19:58:52) on conditions username = hebe001
19:58:52 hebe001 Helen Bengtsson UPDATING data to tables `time2vie_cirruscommon`.`secondary_login` fields ( last_login_time ) values (2019-06-08 19:58:52) on conditions username = hebe001 AND company_id = 20
19:58:52   UPDATING data to tables `log_login` fields ( logout_time ) values (2019-06-08:17:58:52) on conditions id = 1376 AND username = hebe001
21:36:49 hejo003 Helen Jörnås UPDATING data to tables `time2vie_cirruscommon`.`secondary_login` fields ( error ) values (0) on conditions username = hejo003 AND company_id = 20
21:36:49 hejo003 Helen Jörnås INSERTING data into tables `log_login` fields ( username, ip, browser ) values ( hejo003, 90.224.82.244, okhttp/3.9.1 ) => {inserted_id = 1381}
21:36:49 hejo003 Helen Jörnås DELETE data from tables `temp_session` on conditions username LIKE hejo003
21:36:49 hejo003 Helen Jörnås UPDATING data to tables `time2vie_cirruscommon`.`login` fields ( login, last_time ) values (1, 2019-06-08 21:36:49) on conditions username = hejo003
21:36:50 hejo003 Helen Jörnås UPDATING data to tables `time2vie_cirruscommon`.`secondary_login` fields ( last_login_time ) values (2019-06-08 21:36:49) on conditions username = hejo003 AND company_id = 20
21:37:45 anka019 Anna Kawalya Westerberg INSERTING data into tables `log_login` fields ( username, ip, browser ) values ( anka019, 78.71.186.230, Mozilla/5.0 (iPhone; CPU iPhone OS 12_1_4 like Mac OS X) AppleWebKit/605.1.15 (KHTML, like Gecko) Version/12.0 Mobile/15E148 Safari/604.1 ) => {inserted_id = 1382}
21:37:45 anka019 Anna Kawalya Westerberg DELETE data from tables `temp_session` on conditions username LIKE anka019
21:37:45 anka019 Anna Kawalya Westerberg UPDATING data to tables `time2vie_cirruscommon`.`login` fields ( login, last_time ) values (1, 2019-06-08 21:37:45) on conditions username = anka019
21:37:45 anka019 Anna Kawalya Westerberg UPDATING data to tables `time2vie_cirruscommon`.`secondary_login` fields ( last_login_time ) values (2019-06-08 21:37:45) on conditions username = anka019 AND company_id = 20
21:37:46 anka019 Anna Kawalya Westerberg UPDATING data to tables `time2vie_cirruscommon`.`ws_sessions` fields ( user_id ) values (anka019) on conditions session_id = f33d6c3d9fccf466b330029b94fe63dc
22:50:58 anka020 Annika Karlsson UPDATING data to tables `time2vie_cirruscommon`.`secondary_login` fields ( error ) values (0) on conditions username = anka020 AND company_id = 20
22:50:58 anka020 Annika Karlsson INSERTING data into tables `log_login` fields ( username, ip, browser ) values ( anka020, 46.230.211.95, okhttp/3.9.1 ) => {inserted_id = 1383}
22:50:58 anka020 Annika Karlsson DELETE data from tables `temp_session` on conditions username LIKE anka020
22:50:58 anka020 Annika Karlsson UPDATING data to tables `time2vie_cirruscommon`.`login` fields ( login, last_time ) values (1, 2019-06-08 22:50:58) on conditions username = anka020
22:50:58 anka020 Annika Karlsson UPDATING data to tables `time2vie_cirruscommon`.`secondary_login` fields ( last_login_time ) values (2019-06-08 22:50:58) on conditions username = anka020 AND company_id = 20
22:50:59 anka020 Annika Karlsson UPDATING data to tables `time2vie_cirruscommon`.`secondary_login` fields ( error ) values (0) on conditions username = anka020 AND company_id = 20 #Mobile-App: Log-id=1383
22:50:59 anka020 Annika Karlsson INSERTING data into tables `log_login` fields ( username, ip, browser ) values ( anka020, 46.230.211.95, okhttp/3.9.1 ) => {inserted_id = 1384} #Mobile-App: Log-id=1383
22:50:59 anka020 Annika Karlsson DELETE data from tables `temp_session` on conditions username LIKE anka020 #Mobile-App: Log-id=1384
22:50:59 anka020 Annika Karlsson UPDATING data to tables `time2vie_cirruscommon`.`login` fields ( login, last_time ) values (1, 2019-06-08 22:50:59) on conditions username = anka020 #Mobile-App: Log-id=1384
22:50:59 anka020 Annika Karlsson UPDATING data to tables `time2vie_cirruscommon`.`secondary_login` fields ( last_login_time ) values (2019-06-08 22:50:59) on conditions username = anka020 AND company_id = 20 #Mobile-App: Log-id=1384
22:59:00 anka020 Annika Karlsson UPDATING data to tables `time2vie_cirruscommon`.`secondary_login` fields ( error ) values (0) on conditions username = anka020 AND company_id = 20 #Mobile-App: Log-id=1384
22:59:00 anka020 Annika Karlsson INSERTING data into tables `log_login` fields ( username, ip, browser ) values ( anka020, 46.230.211.95, okhttp/3.9.1 ) => {inserted_id = 1385} #Mobile-App: Log-id=1384
22:59:00 anka020 Annika Karlsson DELETE data from tables `temp_session` on conditions username LIKE anka020 #Mobile-App: Log-id=1385
22:59:00 anka020 Annika Karlsson UPDATING data to tables `time2vie_cirruscommon`.`login` fields ( login, last_time ) values (1, 2019-06-08 22:59:00) on conditions username = anka020 #Mobile-App: Log-id=1385
22:59:00 anka020 Annika Karlsson UPDATING data to tables `time2vie_cirruscommon`.`secondary_login` fields ( last_login_time ) values (2019-06-08 22:59:00) on conditions username = anka020 AND company_id = 20 #Mobile-App: Log-id=1385
22:59:13 anka020 Annika Karlsson UPDATING data to tables `time2vie_cirruscommon`.`secondary_login` fields ( error ) values (0) on conditions username = anka020 AND company_id = 20 #Mobile-App: Log-id=1385
22:59:13 anka020 Annika Karlsson INSERTING data into tables `log_login` fields ( username, ip, browser ) values ( anka020, 46.230.211.95, okhttp/3.9.1 ) => {inserted_id = 1386} #Mobile-App: Log-id=1385
22:59:13 anka020 Annika Karlsson DELETE data from tables `temp_session` on conditions username LIKE anka020 #Mobile-App: Log-id=1386
22:59:13 anka020 Annika Karlsson UPDATING data to tables `time2vie_cirruscommon`.`login` fields ( login, last_time ) values (1, 2019-06-08 22:59:13) on conditions username = anka020 #Mobile-App: Log-id=1386
22:59:13 anka020 Annika Karlsson UPDATING data to tables `time2vie_cirruscommon`.`secondary_login` fields ( last_login_time ) values (2019-06-08 22:59:13) on conditions username = anka020 AND company_id = 20 #Mobile-App: Log-id=1386
22:59:15 anka020 Annika Karlsson INSERTING data into tables `time2vie_cirruscommon`.`push_notify_tokens` fields ( user_id, fcm_token, device_id, device_details, created_date, error ) values ( anka020, f9xkobReHSM:APA91bFjrZu9FkbYBzYZ9D-ERI5mYTmGpVUFuzcmj_3BzLYGBxL15ReBOK-eXTa9Hc0H1DIoHbqtfVL0ME8TOdfhe-y96hQxf-kxeuLbIdQPLXTBgrADTS76eHLWTh7Y18AQpzHIF8XA, 8fd72f2d7dcb1274, okhttp/3.9.1, 2019-06-08 22:59:15, 0 ) => {inserted_id = 7745} #Mobile-App: Log-id=1386
