07:02:52 gaan001 Gabriel Andersson UPDATING data to tables `time2vie_cirruscommon`.`secondary_login` fields ( error ) values (0) on conditions username = gaan001 AND company_id = 20
07:02:52 gaan001 Gabriel Andersson INSERTING data into tables `log_login` fields ( username, ip, browser ) values ( gaan001, 94.103.194.75, CirrusM/3 CFNetwork/1107.1 Darwin/19.0.0 ) => {inserted_id = 5759}
07:02:52 gaan001 Gabriel Andersson DELETE data from tables `temp_session` on conditions username LIKE gaan001
07:02:52 gaan001 Gabriel Andersson UPDATING data to tables `time2vie_cirruscommon`.`login` fields ( login, last_time ) values (1, 2019-11-22 07:02:52) on conditions username = gaan001
07:02:52 gaan001 Gabriel Andersson UPDATING data to tables `time2vie_cirruscommon`.`secondary_login` fields ( last_login_time ) values (2019-11-22 07:02:52) on conditions username = gaan001 AND company_id = 20
07:02:53 gaan001 Gabriel Andersson UPDATING data to tables `time2vie_cirruscommon`.`push_notify_tokens` fields ( user_id, updated_date, error ) values (gaan001, 2019-11-22 07:02:53, 0) on conditions fcm_token = e51KWK9giv8:APA91bGHMno1HPtH6vgtvvNaxonNc-Bkvswgm2aT4OLq90CDlFw9H2dIl7Li18JiNkP-7pUOuc6Xu8RcoS51Ilqi8H-pAIQ3wxAPozVZ-o4Xh8AcIjJdCzDdKjcmheiVAB_gYeBo2P0d AND device_id = 2639B8CA-61CF-4C5F-AF35-FA532A697892 #Mobile-App: Log-id=5759
07:30:27 asgr002 Åsa Grimberg UPDATING data to tables `time2vie_cirruscommon`.`secondary_login` fields ( error ) values (0) on conditions username = asgr002 AND company_id = 20
07:30:27 asgr002 Åsa Grimberg INSERTING data into tables `log_login` fields ( username, ip, browser ) values ( asgr002, 78.70.128.102, Time2View/2 CFNetwork/1107.1 Darwin/19.0.0 ) => {inserted_id = 5760}
07:30:27 asgr002 Åsa Grimberg DELETE data from tables `temp_session` on conditions username LIKE asgr002
07:30:27 asgr002 Åsa Grimberg UPDATING data to tables `time2vie_cirruscommon`.`login` fields ( login, last_time ) values (1, 2019-11-22 07:30:27) on conditions username = asgr002
07:30:27 asgr002 Åsa Grimberg UPDATING data to tables `time2vie_cirruscommon`.`secondary_login` fields ( last_login_time ) values (2019-11-22 07:30:27) on conditions username = asgr002 AND company_id = 20
08:40:41 peka002 Petronella Karlsson UPDATING data to tables `time2vie_cirruscommon`.`secondary_login` fields ( error ) values (0) on conditions username = peka002 AND company_id = 20
08:40:41 peka002 Petronella Karlsson INSERTING data into tables `log_login` fields ( username, ip, browser ) values ( peka002, 94.234.46.15, Time2View/2 CFNetwork/1107.1 Darwin/19.0.0 ) => {inserted_id = 5761}
08:40:41 peka002 Petronella Karlsson DELETE data from tables `temp_session` on conditions username LIKE peka002
08:40:41 peka002 Petronella Karlsson UPDATING data to tables `time2vie_cirruscommon`.`login` fields ( login, last_time ) values (1, 2019-11-22 08:40:41) on conditions username = peka002
08:40:41 peka002 Petronella Karlsson UPDATING data to tables `time2vie_cirruscommon`.`secondary_login` fields ( last_login_time ) values (2019-11-22 08:40:41) on conditions username = peka002 AND company_id = 20
09:15:59 idah001 Ida-Caroline Ahnström UPDATING data to tables `time2vie_cirruscommon`.`secondary_login` fields ( error ) values (0) on conditions username = idah001 AND company_id = 20
09:15:59 idah001 Ida-Caroline Ahnström INSERTING data into tables `log_login` fields ( username, ip, browser ) values ( idah001, 85.195.13.191, Time2View/2 CFNetwork/897.15 Darwin/17.5.0 ) => {inserted_id = 5762}
09:15:59 idah001 Ida-Caroline Ahnström DELETE data from tables `temp_session` on conditions username LIKE idah001
09:15:59 idah001 Ida-Caroline Ahnström UPDATING data to tables `time2vie_cirruscommon`.`login` fields ( login, last_time ) values (1, 2019-11-22 09:15:59) on conditions username = idah001
09:15:59 idah001 Ida-Caroline Ahnström UPDATING data to tables `time2vie_cirruscommon`.`secondary_login` fields ( last_login_time ) values (2019-11-22 09:15:59) on conditions username = idah001 AND company_id = 20
10:42:29 idah001 Ida-Caroline Ahnström UPDATING data to tables `time2vie_cirruscommon`.`secondary_login` fields ( error ) values (0) on conditions username = idah001 AND company_id = 20
10:42:29 idah001 Ida-Caroline Ahnström INSERTING data into tables `log_login` fields ( username, ip, browser ) values ( idah001, 94.234.49.105, Time2View/2 CFNetwork/897.15 Darwin/17.5.0 ) => {inserted_id = 5763}
10:42:29 idah001 Ida-Caroline Ahnström DELETE data from tables `temp_session` on conditions username LIKE idah001
10:42:29 idah001 Ida-Caroline Ahnström UPDATING data to tables `time2vie_cirruscommon`.`login` fields ( login, last_time ) values (1, 2019-11-22 10:42:29) on conditions username = idah001
10:42:29 idah001 Ida-Caroline Ahnström UPDATING data to tables `time2vie_cirruscommon`.`secondary_login` fields ( last_login_time ) values (2019-11-22 10:42:29) on conditions username = idah001 AND company_id = 20
11:11:57 anka019 Anna Kawalya Westerberg INSERTING data into tables `log_login` fields ( username, ip, browser ) values ( anka019, 217.212.216.90, Mozilla/5.0 (iPhone; CPU iPhone OS 12_3_2 like Mac OS X) AppleWebKit/605.1.15 (KHTML, like Gecko) Version/12.1.1 Mobile/15E148 Safari/604.1 ) => {inserted_id = 5764}
11:11:57 anka019 Anna Kawalya Westerberg DELETE data from tables `temp_session` on conditions username LIKE anka019
11:11:57 anka019 Anna Kawalya Westerberg UPDATING data to tables `time2vie_cirruscommon`.`login` fields ( login, last_time ) values (1, 2019-11-22 11:11:57) on conditions username = anka019
11:11:57 anka019 Anna Kawalya Westerberg UPDATING data to tables `time2vie_cirruscommon`.`secondary_login` fields ( last_login_time ) values (2019-11-22 11:11:57) on conditions username = anka019 AND company_id = 20
11:11:57 anka019 Anna Kawalya Westerberg UPDATING data to tables `time2vie_cirruscommon`.`ws_sessions` fields ( user_id ) values (anka019) on conditions session_id = de69bd20eed47c5c9b86b38964617869
11:29:21 gaan001 Gabriel Andersson UPDATING data to tables `time2vie_cirruscommon`.`secondary_login` fields ( error ) values (0) on conditions username = gaan001 AND company_id = 20
11:29:21 gaan001 Gabriel Andersson INSERTING data into tables `log_login` fields ( username, ip, browser ) values ( gaan001, 94.103.194.75, CirrusM/3 CFNetwork/1107.1 Darwin/19.0.0 ) => {inserted_id = 5765}
11:29:21 gaan001 Gabriel Andersson DELETE data from tables `temp_session` on conditions username LIKE gaan001
11:29:21 gaan001 Gabriel Andersson UPDATING data to tables `time2vie_cirruscommon`.`login` fields ( login, last_time ) values (1, 2019-11-22 11:29:21) on conditions username = gaan001
11:29:21 gaan001 Gabriel Andersson UPDATING data to tables `time2vie_cirruscommon`.`secondary_login` fields ( last_login_time ) values (2019-11-22 11:29:21) on conditions username = gaan001 AND company_id = 20
11:29:22 gaan001 Gabriel Andersson UPDATING data to tables `time2vie_cirruscommon`.`push_notify_tokens` fields ( user_id, updated_date, error ) values (gaan001, 2019-11-22 11:29:22, 0) on conditions fcm_token = e51KWK9giv8:APA91bGHMno1HPtH6vgtvvNaxonNc-Bkvswgm2aT4OLq90CDlFw9H2dIl7Li18JiNkP-7pUOuc6Xu8RcoS51Ilqi8H-pAIQ3wxAPozVZ-o4Xh8AcIjJdCzDdKjcmheiVAB_gYeBo2P0d AND device_id = 2639B8CA-61CF-4C5F-AF35-FA532A697892 #Mobile-App: Log-id=5765
12:15:37 time002 Tina Mellgren UPDATING data to tables `time2vie_cirruscommon`.`secondary_login` fields ( error ) values (0) on conditions username = time002 AND company_id = 20
12:15:37 time002 Tina Mellgren INSERTING data into tables `log_login` fields ( username, ip, browser ) values ( time002, 94.234.53.235, Time2View/2 CFNetwork/978.0.7 Darwin/18.7.0 ) => {inserted_id = 5766}
12:15:37 time002 Tina Mellgren DELETE data from tables `temp_session` on conditions username LIKE time002
12:15:37 time002 Tina Mellgren UPDATING data to tables `time2vie_cirruscommon`.`login` fields ( login, last_time ) values (1, 2019-11-22 12:15:37) on conditions username = time002
12:15:37 time002 Tina Mellgren UPDATING data to tables `time2vie_cirruscommon`.`secondary_login` fields ( last_login_time ) values (2019-11-22 12:15:37) on conditions username = time002 AND company_id = 20
12:41:46 anka019 Anna Kawalya Westerberg INSERTING data into tables `log_login` fields ( username, ip, browser ) values ( anka019, 217.212.216.90, Mozilla/5.0 (iPhone; CPU iPhone OS 12_3_2 like Mac OS X) AppleWebKit/605.1.15 (KHTML, like Gecko) Version/12.1.1 Mobile/15E148 Safari/604.1 ) => {inserted_id = 5767}
12:41:46 anka019 Anna Kawalya Westerberg DELETE data from tables `temp_session` on conditions username LIKE anka019
12:41:46 anka019 Anna Kawalya Westerberg UPDATING data to tables `time2vie_cirruscommon`.`login` fields ( login, last_time ) values (1, 2019-11-22 12:41:46) on conditions username = anka019
12:41:46 anka019 Anna Kawalya Westerberg UPDATING data to tables `time2vie_cirruscommon`.`secondary_login` fields ( last_login_time ) values (2019-11-22 12:41:46) on conditions username = anka019 AND company_id = 20
12:41:47 anka019 Anna Kawalya Westerberg UPDATING data to tables `time2vie_cirruscommon`.`ws_sessions` fields ( user_id ) values (anka019) on conditions session_id = 18f82f48bbf8e38ce39715fda432ea91
13:07:25 idah001 Ida-Caroline Ahnström UPDATING data to tables `time2vie_cirruscommon`.`secondary_login` fields ( error ) values (0) on conditions username = idah001 AND company_id = 20
13:07:25 idah001 Ida-Caroline Ahnström INSERTING data into tables `log_login` fields ( username, ip, browser ) values ( idah001, 94.234.49.105, Time2View/2 CFNetwork/897.15 Darwin/17.5.0 ) => {inserted_id = 5768}
13:07:25 idah001 Ida-Caroline Ahnström DELETE data from tables `temp_session` on conditions username LIKE idah001
13:07:25 idah001 Ida-Caroline Ahnström UPDATING data to tables `time2vie_cirruscommon`.`login` fields ( login, last_time ) values (1, 2019-11-22 13:07:25) on conditions username = idah001
13:07:25 idah001 Ida-Caroline Ahnström UPDATING data to tables `time2vie_cirruscommon`.`secondary_login` fields ( last_login_time ) values (2019-11-22 13:07:25) on conditions username = idah001 AND company_id = 20
14:44:52 biwa003 Birgitta Wåhlander UPDATING data to tables `time2vie_cirruscommon`.`secondary_login` fields ( error ) values (0) on conditions username = biwa003 AND company_id = 20
14:44:52 biwa003 Birgitta Wåhlander INSERTING data into tables `log_login` fields ( username, ip, browser ) values ( biwa003, 185.27.165.66, Time2View/2 CFNetwork/1107.1 Darwin/19.0.0 ) => {inserted_id = 5769}
14:44:52 biwa003 Birgitta Wåhlander DELETE data from tables `temp_session` on conditions username LIKE biwa003
14:44:52 biwa003 Birgitta Wåhlander UPDATING data to tables `time2vie_cirruscommon`.`login` fields ( login, last_time ) values (1, 2019-11-22 14:44:52) on conditions username = biwa003
14:44:52 biwa003 Birgitta Wåhlander UPDATING data to tables `time2vie_cirruscommon`.`secondary_login` fields ( last_login_time ) values (2019-11-22 14:44:52) on conditions username = biwa003 AND company_id = 20
15:35:28 time002 Tina Mellgren UPDATING data to tables `time2vie_cirruscommon`.`secondary_login` fields ( error ) values (0) on conditions username = time002 AND company_id = 20
15:35:28 time002 Tina Mellgren INSERTING data into tables `log_login` fields ( username, ip, browser ) values ( time002, 94.234.51.163, Time2View/2 CFNetwork/978.0.7 Darwin/18.7.0 ) => {inserted_id = 5770}
15:35:28 time002 Tina Mellgren DELETE data from tables `temp_session` on conditions username LIKE time002
15:35:28 time002 Tina Mellgren UPDATING data to tables `time2vie_cirruscommon`.`login` fields ( login, last_time ) values (1, 2019-11-22 15:35:28) on conditions username = time002
15:35:28 time002 Tina Mellgren UPDATING data to tables `time2vie_cirruscommon`.`secondary_login` fields ( last_login_time ) values (2019-11-22 15:35:28) on conditions username = time002 AND company_id = 20
16:05:11 mato007 Mattias Torbiörnson UPDATING data to tables `time2vie_cirruscommon`.`secondary_login` fields ( error ) values (0) on conditions username = mato007 AND company_id = 20
16:05:11 mato007 Mattias Torbiörnson INSERTING data into tables `log_login` fields ( username, ip, browser ) values ( mato007, 217.73.111.160, CirrusM/3 CFNetwork/1120 Darwin/19.0.0 ) => {inserted_id = 5771}
16:05:11 mato007 Mattias Torbiörnson DELETE data from tables `temp_session` on conditions username LIKE mato007
16:05:11 mato007 Mattias Torbiörnson UPDATING data to tables `time2vie_cirruscommon`.`login` fields ( login, last_time ) values (1, 2019-11-22 16:05:11) on conditions username = mato007
16:05:11 mato007 Mattias Torbiörnson UPDATING data to tables `time2vie_cirruscommon`.`secondary_login` fields ( last_login_time ) values (2019-11-22 16:05:11) on conditions username = mato007 AND company_id = 20
16:05:11 mato007 Mattias Torbiörnson UPDATING data to tables `time2vie_cirruscommon`.`push_notify_tokens` fields ( user_id, updated_date, error ) values (mato007, 2019-11-22 16:05:11, 0) on conditions fcm_token = esZGU5oCp54:APA91bFYmkJCWfoBt0Bq_Sy1K93zeiGaWi005hwxA32ajwHpeXt8EsUbhHBXMHV639X1CaFcrYk8bzdi1NZ_JgL2baFFodhmsvqdYlnKZ5bsvW2YwE8I88hucjrjJHI5muJzDgg6nebo AND device_id = BA2992D7-6D60-4D23-A325-582B7301B6CE #Mobile-App: Log-id=5771
16:07:13 peka002 Petronella Karlsson UPDATING data to tables `time2vie_cirruscommon`.`secondary_login` fields ( error ) values (0) on conditions username = peka002 AND company_id = 20
16:07:13 peka002 Petronella Karlsson INSERTING data into tables `log_login` fields ( username, ip, browser ) values ( peka002, 94.234.46.15, Time2View/2 CFNetwork/1107.1 Darwin/19.0.0 ) => {inserted_id = 5772}
16:07:13 peka002 Petronella Karlsson DELETE data from tables `temp_session` on conditions username LIKE peka002
16:07:13 peka002 Petronella Karlsson UPDATING data to tables `time2vie_cirruscommon`.`login` fields ( login, last_time ) values (1, 2019-11-22 16:07:13) on conditions username = peka002
16:07:13 peka002 Petronella Karlsson UPDATING data to tables `time2vie_cirruscommon`.`secondary_login` fields ( last_login_time ) values (2019-11-22 16:07:13) on conditions username = peka002 AND company_id = 20
16:37:36 biwa003 Birgitta Wåhlander UPDATING data to tables `time2vie_cirruscommon`.`secondary_login` fields ( error ) values (0) on conditions username = biwa003 AND company_id = 20
16:37:36 biwa003 Birgitta Wåhlander INSERTING data into tables `log_login` fields ( username, ip, browser ) values ( biwa003, 185.27.165.66, Time2View/2 CFNetwork/1107.1 Darwin/19.0.0 ) => {inserted_id = 5773}
16:37:36 biwa003 Birgitta Wåhlander DELETE data from tables `temp_session` on conditions username LIKE biwa003
16:37:36 biwa003 Birgitta Wåhlander UPDATING data to tables `time2vie_cirruscommon`.`login` fields ( login, last_time ) values (1, 2019-11-22 16:37:36) on conditions username = biwa003
16:37:36 biwa003 Birgitta Wåhlander UPDATING data to tables `time2vie_cirruscommon`.`secondary_login` fields ( last_login_time ) values (2019-11-22 16:37:36) on conditions username = biwa003 AND company_id = 20
18:01:12 idah001 Ida-Caroline Ahnström UPDATING data to tables `time2vie_cirruscommon`.`secondary_login` fields ( error ) values (0) on conditions username = idah001 AND company_id = 20
18:01:12 idah001 Ida-Caroline Ahnström INSERTING data into tables `log_login` fields ( username, ip, browser ) values ( idah001, 94.234.48.170, Time2View/2 CFNetwork/897.15 Darwin/17.5.0 ) => {inserted_id = 5774}
18:01:12 idah001 Ida-Caroline Ahnström DELETE data from tables `temp_session` on conditions username LIKE idah001
18:01:12 idah001 Ida-Caroline Ahnström UPDATING data to tables `time2vie_cirruscommon`.`login` fields ( login, last_time ) values (1, 2019-11-22 18:01:12) on conditions username = idah001
18:01:12 idah001 Ida-Caroline Ahnström UPDATING data to tables `time2vie_cirruscommon`.`secondary_login` fields ( last_login_time ) values (2019-11-22 18:01:12) on conditions username = idah001 AND company_id = 20
18:33:50 time002 Tina Mellgren UPDATING data to tables `time2vie_cirruscommon`.`secondary_login` fields ( error ) values (0) on conditions username = time002 AND company_id = 20
18:33:50 time002 Tina Mellgren INSERTING data into tables `log_login` fields ( username, ip, browser ) values ( time002, 88.129.149.88, Time2View/2 CFNetwork/978.0.7 Darwin/18.7.0 ) => {inserted_id = 5775}
18:33:50 time002 Tina Mellgren DELETE data from tables `temp_session` on conditions username LIKE time002
18:33:50 time002 Tina Mellgren UPDATING data to tables `time2vie_cirruscommon`.`login` fields ( login, last_time ) values (1, 2019-11-22 18:33:50) on conditions username = time002
18:33:50 time002 Tina Mellgren UPDATING data to tables `time2vie_cirruscommon`.`secondary_login` fields ( last_login_time ) values (2019-11-22 18:33:50) on conditions username = time002 AND company_id = 20
18:50:19 thca002 Therese Calic UPDATING data to tables `time2vie_cirruscommon`.`secondary_login` fields ( error ) values (0) on conditions username = thca002 AND company_id = 20
18:50:19 thca002 Therese Calic INSERTING data into tables `log_login` fields ( username, ip, browser ) values ( thca002, 217.214.145.60, Time2View/2 CFNetwork/978.0.7 Darwin/18.6.0 ) => {inserted_id = 5776}
18:50:19 thca002 Therese Calic DELETE data from tables `temp_session` on conditions username LIKE thca002
18:50:19 thca002 Therese Calic UPDATING data to tables `time2vie_cirruscommon`.`login` fields ( login, last_time ) values (1, 2019-11-22 18:50:19) on conditions username = thca002
18:50:19 thca002 Therese Calic UPDATING data to tables `time2vie_cirruscommon`.`secondary_login` fields ( last_login_time ) values (2019-11-22 18:50:19) on conditions username = thca002 AND company_id = 20
18:56:29 mygu002  UPDATING data to tables `time2vie_cirruscommon`.`secondary_login` fields ( error ) values (1) on conditions username = mygu002 AND company_id = 20
18:57:02 mygu002 My Gustafsson UPDATING data to tables `time2vie_cirruscommon`.`secondary_login` fields ( error ) values (0) on conditions username = mygu002 AND company_id = 20
18:57:02 mygu002 My Gustafsson INSERTING data into tables `log_login` fields ( username, ip, browser ) values ( mygu002, 88.129.149.88, Mozilla/5.0 (Windows NT 10.0; Win64; x64) AppleWebKit/537.36 (KHTML, like Gecko) Chrome/78.0.3904.108 Safari/537.36 ) => {inserted_id = 5777}
18:57:02 mygu002 My Gustafsson DELETE data from tables `temp_session` on conditions username LIKE mygu002
18:57:02 mygu002 My Gustafsson UPDATING data to tables `time2vie_cirruscommon`.`login` fields ( login, last_time ) values (1, 2019-11-22 18:57:02) on conditions username = mygu002
18:57:02 mygu002 My Gustafsson UPDATING data to tables `time2vie_cirruscommon`.`secondary_login` fields ( last_login_time ) values (2019-11-22 18:57:02) on conditions username = mygu002 AND company_id = 20
18:57:03 mygu002 My Gustafsson UPDATING data to tables `time2vie_cirruscommon`.`ws_sessions` fields ( user_id ) values (mygu002) on conditions session_id = ca5e9319281b8ab70534c930f46d7c22
18:57:54 mygu002 My Gustafsson UPDATING data to tables `time2vie_cirruscommon`.`ws_sessions` fields ( user_id ) values (mygu002) on conditions session_id = ca5e9319281b8ab70534c930f46d7c22
19:04:27 mygu002 My Gustafsson INSERTING data into tables `log_login` fields ( username, ip, browser ) values ( mygu002, 88.129.149.88, Mozilla/5.0 (Windows NT 10.0; Win64; x64) AppleWebKit/537.36 (KHTML, like Gecko) Chrome/78.0.3904.108 Safari/537.36 ) => {inserted_id = 5778}
19:04:27 mygu002 My Gustafsson DELETE data from tables `temp_session` on conditions username LIKE mygu002
19:04:27 mygu002 My Gustafsson UPDATING data to tables `time2vie_cirruscommon`.`login` fields ( login, last_time ) values (1, 2019-11-22 19:04:27) on conditions username = mygu002
19:04:27 mygu002 My Gustafsson UPDATING data to tables `time2vie_cirruscommon`.`secondary_login` fields ( last_login_time ) values (2019-11-22 19:04:27) on conditions username = mygu002 AND company_id = 20
19:04:27 mygu002 My Gustafsson UPDATING data to tables `time2vie_cirruscommon`.`ws_sessions` fields ( user_id ) values (mygu002) on conditions session_id = ca5e9319281b8ab70534c930f46d7c22
19:15:47 time002 Tina Mellgren UPDATING data to tables `time2vie_cirruscommon`.`secondary_login` fields ( error ) values (0) on conditions username = time002 AND company_id = 20
19:15:47 time002 Tina Mellgren INSERTING data into tables `log_login` fields ( username, ip, browser ) values ( time002, 88.129.149.88, Time2View/2 CFNetwork/978.0.7 Darwin/18.7.0 ) => {inserted_id = 5779}
19:15:47 time002 Tina Mellgren DELETE data from tables `temp_session` on conditions username LIKE time002
19:15:47 time002 Tina Mellgren UPDATING data to tables `time2vie_cirruscommon`.`login` fields ( login, last_time ) values (1, 2019-11-22 19:15:47) on conditions username = time002
19:15:47 time002 Tina Mellgren UPDATING data to tables `time2vie_cirruscommon`.`secondary_login` fields ( last_login_time ) values (2019-11-22 19:15:47) on conditions username = time002 AND company_id = 20
19:15:57 asgr002 Åsa Grimberg UPDATING data to tables `time2vie_cirruscommon`.`secondary_login` fields ( error ) values (0) on conditions username = asgr002 AND company_id = 20
19:15:57 asgr002 Åsa Grimberg INSERTING data into tables `log_login` fields ( username, ip, browser ) values ( asgr002, 78.70.128.102, Time2View/2 CFNetwork/1107.1 Darwin/19.0.0 ) => {inserted_id = 5780}
19:15:57 asgr002 Åsa Grimberg DELETE data from tables `temp_session` on conditions username LIKE asgr002
19:15:57 asgr002 Åsa Grimberg UPDATING data to tables `time2vie_cirruscommon`.`login` fields ( login, last_time ) values (1, 2019-11-22 19:15:57) on conditions username = asgr002
19:15:58 asgr002 Åsa Grimberg UPDATING data to tables `time2vie_cirruscommon`.`secondary_login` fields ( last_login_time ) values (2019-11-22 19:15:57) on conditions username = asgr002 AND company_id = 20
19:16:01 cagu001 Carina Gustafsson UPDATING data to tables `time2vie_cirruscommon`.`secondary_login` fields ( error ) values (0) on conditions username = cagu001 AND company_id = 20
19:16:01 cagu001 Carina Gustafsson INSERTING data into tables `log_login` fields ( username, ip, browser ) values ( cagu001, 176.10.245.4, okhttp/3.9.1 ) => {inserted_id = 5781}
19:16:01 cagu001 Carina Gustafsson DELETE data from tables `temp_session` on conditions username LIKE cagu001
19:16:01 cagu001 Carina Gustafsson UPDATING data to tables `time2vie_cirruscommon`.`login` fields ( login, last_time ) values (1, 2019-11-22 19:16:01) on conditions username = cagu001
19:16:01 cagu001 Carina Gustafsson UPDATING data to tables `time2vie_cirruscommon`.`secondary_login` fields ( last_login_time ) values (2019-11-22 19:16:01) on conditions username = cagu001 AND company_id = 20
19:20:14 asgr002 Åsa Grimberg UPDATING data to tables `time2vie_cirruscommon`.`secondary_login` fields ( error ) values (0) on conditions username = asgr002 AND company_id = 20
19:20:15 asgr002 Åsa Grimberg INSERTING data into tables `log_login` fields ( username, ip, browser ) values ( asgr002, 78.70.128.102, Time2View/2 CFNetwork/1107.1 Darwin/19.0.0 ) => {inserted_id = 5782}
19:20:15 asgr002 Åsa Grimberg DELETE data from tables `temp_session` on conditions username LIKE asgr002
19:20:15 asgr002 Åsa Grimberg UPDATING data to tables `time2vie_cirruscommon`.`login` fields ( login, last_time ) values (1, 2019-11-22 19:20:15) on conditions username = asgr002
19:20:15 asgr002 Åsa Grimberg UPDATING data to tables `time2vie_cirruscommon`.`secondary_login` fields ( last_login_time ) values (2019-11-22 19:20:15) on conditions username = asgr002 AND company_id = 20
19:20:17 thca002 Therese Calic UPDATING data to tables `time2vie_cirruscommon`.`secondary_login` fields ( error ) values (0) on conditions username = thca002 AND company_id = 20
19:20:17 thca002 Therese Calic INSERTING data into tables `log_login` fields ( username, ip, browser ) values ( thca002, 217.214.145.60, Time2View/2 CFNetwork/978.0.7 Darwin/18.6.0 ) => {inserted_id = 5783}
19:20:17 thca002 Therese Calic DELETE data from tables `temp_session` on conditions username LIKE thca002
19:20:17 thca002 Therese Calic UPDATING data to tables `time2vie_cirruscommon`.`login` fields ( login, last_time ) values (1, 2019-11-22 19:20:17) on conditions username = thca002
19:20:17 thca002 Therese Calic UPDATING data to tables `time2vie_cirruscommon`.`secondary_login` fields ( last_login_time ) values (2019-11-22 19:20:17) on conditions username = thca002 AND company_id = 20
19:25:06 asgr002 Åsa Grimberg UPDATING data to tables `time2vie_cirruscommon`.`secondary_login` fields ( error ) values (0) on conditions username = asgr002 AND company_id = 20
19:25:06 asgr002 Åsa Grimberg INSERTING data into tables `log_login` fields ( username, ip, browser ) values ( asgr002, 94.234.54.147, Time2View/2 CFNetwork/1107.1 Darwin/19.0.0 ) => {inserted_id = 5784}
19:25:06 asgr002 Åsa Grimberg DELETE data from tables `temp_session` on conditions username LIKE asgr002
19:25:06 asgr002 Åsa Grimberg UPDATING data to tables `time2vie_cirruscommon`.`login` fields ( login, last_time ) values (1, 2019-11-22 19:25:06) on conditions username = asgr002
19:25:06 asgr002 Åsa Grimberg UPDATING data to tables `time2vie_cirruscommon`.`secondary_login` fields ( last_login_time ) values (2019-11-22 19:25:06) on conditions username = asgr002 AND company_id = 20
19:26:56 asgr002 Åsa Grimberg UPDATING data to tables `time2vie_cirruscommon`.`secondary_login` fields ( error ) values (0) on conditions username = asgr002 AND company_id = 20
19:26:56 asgr002 Åsa Grimberg INSERTING data into tables `log_login` fields ( username, ip, browser ) values ( asgr002, 78.70.128.102, Time2View/2 CFNetwork/1107.1 Darwin/19.0.0 ) => {inserted_id = 5785}
19:26:56 asgr002 Åsa Grimberg DELETE data from tables `temp_session` on conditions username LIKE asgr002
19:26:56 asgr002 Åsa Grimberg UPDATING data to tables `time2vie_cirruscommon`.`login` fields ( login, last_time ) values (1, 2019-11-22 19:26:56) on conditions username = asgr002
19:26:56 asgr002 Åsa Grimberg UPDATING data to tables `time2vie_cirruscommon`.`secondary_login` fields ( last_login_time ) values (2019-11-22 19:26:56) on conditions username = asgr002 AND company_id = 20
19:29:31 time002 Tina Mellgren UPDATING data to tables `time2vie_cirruscommon`.`secondary_login` fields ( error ) values (0) on conditions username = time002 AND company_id = 20
19:29:31 time002 Tina Mellgren INSERTING data into tables `log_login` fields ( username, ip, browser ) values ( time002, 88.129.149.88, Time2View/2 CFNetwork/978.0.7 Darwin/18.7.0 ) => {inserted_id = 5786}
19:29:31 time002 Tina Mellgren DELETE data from tables `temp_session` on conditions username LIKE time002
19:29:31 time002 Tina Mellgren UPDATING data to tables `time2vie_cirruscommon`.`login` fields ( login, last_time ) values (1, 2019-11-22 19:29:31) on conditions username = time002
19:29:31 time002 Tina Mellgren UPDATING data to tables `time2vie_cirruscommon`.`secondary_login` fields ( last_login_time ) values (2019-11-22 19:29:31) on conditions username = time002 AND company_id = 20
20:14:23 hejo003 Helen Jörnås UPDATING data to tables `time2vie_cirruscommon`.`secondary_login` fields ( error ) values (0) on conditions username = hejo003 AND company_id = 20
20:14:23 hejo003 Helen Jörnås INSERTING data into tables `log_login` fields ( username, ip, browser ) values ( hejo003, 90.224.82.244, okhttp/3.9.1 ) => {inserted_id = 5787}
20:14:23 hejo003 Helen Jörnås DELETE data from tables `temp_session` on conditions username LIKE hejo003
20:14:23 hejo003 Helen Jörnås UPDATING data to tables `time2vie_cirruscommon`.`login` fields ( login, last_time ) values (1, 2019-11-22 20:14:23) on conditions username = hejo003
20:14:23 hejo003 Helen Jörnås UPDATING data to tables `time2vie_cirruscommon`.`secondary_login` fields ( last_login_time ) values (2019-11-22 20:14:23) on conditions username = hejo003 AND company_id = 20
20:27:04 anka019 Anna Kawalya Westerberg UPDATING data to tables `time2vie_cirruscommon`.`secondary_login` fields ( error ) values (0) on conditions username = anka019 AND company_id = 20
20:27:04 anka019 Anna Kawalya Westerberg INSERTING data into tables `log_login` fields ( username, ip, browser ) values ( anka019, 94.103.194.75, Time2View/2 CFNetwork/978.0.7 Darwin/18.6.0 ) => {inserted_id = 5788}
20:27:04 anka019 Anna Kawalya Westerberg DELETE data from tables `temp_session` on conditions username LIKE anka019
20:27:04 anka019 Anna Kawalya Westerberg UPDATING data to tables `time2vie_cirruscommon`.`login` fields ( login, last_time ) values (1, 2019-11-22 20:27:04) on conditions username = anka019
20:27:04 anka019 Anna Kawalya Westerberg UPDATING data to tables `time2vie_cirruscommon`.`secondary_login` fields ( last_login_time ) values (2019-11-22 20:27:04) on conditions username = anka019 AND company_id = 20
21:27:47 peka002 Petronella Karlsson UPDATING data to tables `time2vie_cirruscommon`.`secondary_login` fields ( error ) values (0) on conditions username = peka002 AND company_id = 20
21:27:47 peka002 Petronella Karlsson INSERTING data into tables `log_login` fields ( username, ip, browser ) values ( peka002, 94.234.52.3, Time2View/2 CFNetwork/1107.1 Darwin/19.0.0 ) => {inserted_id = 5789}
21:27:47 peka002 Petronella Karlsson DELETE data from tables `temp_session` on conditions username LIKE peka002
21:27:47 peka002 Petronella Karlsson UPDATING data to tables `time2vie_cirruscommon`.`login` fields ( login, last_time ) values (1, 2019-11-22 21:27:47) on conditions username = peka002
21:27:47 peka002 Petronella Karlsson UPDATING data to tables `time2vie_cirruscommon`.`secondary_login` fields ( last_login_time ) values (2019-11-22 21:27:47) on conditions username = peka002 AND company_id = 20
22:19:02 anka019 Anna Kawalya Westerberg UPDATING data to tables `time2vie_cirruscommon`.`secondary_login` fields ( error ) values (0) on conditions username = anka019 AND company_id = 20
22:19:02 anka019 Anna Kawalya Westerberg INSERTING data into tables `log_login` fields ( username, ip, browser ) values ( anka019, 94.103.194.75, Time2View/2 CFNetwork/978.0.7 Darwin/18.6.0 ) => {inserted_id = 5790}
22:19:02 anka019 Anna Kawalya Westerberg DELETE data from tables `temp_session` on conditions username LIKE anka019
22:19:02 anka019 Anna Kawalya Westerberg UPDATING data to tables `time2vie_cirruscommon`.`login` fields ( login, last_time ) values (1, 2019-11-22 22:19:02) on conditions username = anka019
22:19:02 anka019 Anna Kawalya Westerberg UPDATING data to tables `time2vie_cirruscommon`.`secondary_login` fields ( last_login_time ) values (2019-11-22 22:19:02) on conditions username = anka019 AND company_id = 20
22:32:50 asgr002 Åsa Grimberg UPDATING data to tables `time2vie_cirruscommon`.`secondary_login` fields ( error ) values (0) on conditions username = asgr002 AND company_id = 20
22:32:50 asgr002 Åsa Grimberg INSERTING data into tables `log_login` fields ( username, ip, browser ) values ( asgr002, 78.70.128.102, Time2View/2 CFNetwork/1107.1 Darwin/19.0.0 ) => {inserted_id = 5791}
22:32:50 asgr002 Åsa Grimberg DELETE data from tables `temp_session` on conditions username LIKE asgr002
22:32:50 asgr002 Åsa Grimberg UPDATING data to tables `time2vie_cirruscommon`.`login` fields ( login, last_time ) values (1, 2019-11-22 22:32:50) on conditions username = asgr002
22:32:50 asgr002 Åsa Grimberg UPDATING data to tables `time2vie_cirruscommon`.`secondary_login` fields ( last_login_time ) values (2019-11-22 22:32:50) on conditions username = asgr002 AND company_id = 20
23:03:20 hejo003 Helen Jörnås UPDATING data to tables `time2vie_cirruscommon`.`secondary_login` fields ( error ) values (0) on conditions username = hejo003 AND company_id = 20
23:03:20 hejo003 Helen Jörnås INSERTING data into tables `log_login` fields ( username, ip, browser ) values ( hejo003, 90.224.82.244, okhttp/3.9.1 ) => {inserted_id = 5792}
23:03:20 hejo003 Helen Jörnås DELETE data from tables `temp_session` on conditions username LIKE hejo003
23:03:20 hejo003 Helen Jörnås UPDATING data to tables `time2vie_cirruscommon`.`login` fields ( login, last_time ) values (1, 2019-11-22 23:03:20) on conditions username = hejo003
23:03:20 hejo003 Helen Jörnås UPDATING data to tables `time2vie_cirruscommon`.`secondary_login` fields ( last_login_time ) values (2019-11-22 23:03:20) on conditions username = hejo003 AND company_id = 20
