05:02:42 anka019 Anna Kawalya Westerberg INSERTING data into tables `log_login` fields ( username, ip, browser ) values ( anka019, 94.103.194.75, Mozilla/5.0 (iPhone; CPU iPhone OS 13_6 like Mac OS X) AppleWebKit/605.1.15 (KHTML, like Gecko) Version/13.1.2 Mobile/15E148 Safari/604.1 ) => {inserted_id = 12915}
05:02:42 anka019 Anna Kawalya Westerberg DELETE data from tables `temp_session` on conditions username LIKE anka019
05:02:42 anka019 Anna Kawalya Westerberg UPDATING data to tables `time2vie_cirruscommon`.`login` fields ( login, last_time ) values (1, 2020-08-10 05:02:42) on conditions username = anka019
05:02:42 anka019 Anna Kawalya Westerberg UPDATING data to tables `time2vie_cirruscommon`.`secondary_login` fields ( last_login_time ) values (2020-08-10 05:02:42) on conditions username = anka019 AND company_id = 20
05:02:42 anka019 Anna Kawalya Westerberg UPDATING data to tables `time2vie_cirruscommon`.`ws_sessions` fields ( user_id ) values (anka019) on conditions session_id = 2v6vst5hp39meani9330qr17n0
07:12:32 biwa003 Birgitta Wåhlander INSERTING data into tables `log_login` fields ( username, ip, browser ) values ( biwa003, 185.27.165.66, Mozilla/5.0 (iPad; CPU OS 13_5 like Mac OS X) AppleWebKit/605.1.15 (KHTML, like Gecko) CriOS/84.0.4147.71 Mobile/15E148 Safari/604.1 ) => {inserted_id = 12916}
07:12:32 biwa003 Birgitta Wåhlander DELETE data from tables `temp_session` on conditions username LIKE biwa003
07:12:32 biwa003 Birgitta Wåhlander UPDATING data to tables `time2vie_cirruscommon`.`login` fields ( login, last_time ) values (1, 2020-08-10 07:12:32) on conditions username = biwa003
07:12:32 biwa003 Birgitta Wåhlander UPDATING data to tables `time2vie_cirruscommon`.`secondary_login` fields ( last_login_time ) values (2020-08-10 07:12:32) on conditions username = biwa003 AND company_id = 20
07:12:32 biwa003 Birgitta Wåhlander UPDATING data to tables `time2vie_cirruscommon`.`ws_sessions` fields ( user_id ) values (biwa003) on conditions session_id = pj3nbl1mj35k9ei671fdcd6ek1
07:35:51 mowa002 Monica Walfridsson INSERTING data into tables `log_login` fields ( username, ip, browser ) values ( mowa002, 81.170.178.25, Mozilla/5.0 (Windows NT 10.0; Win64; x64) AppleWebKit/537.36 (KHTML, like Gecko) Chrome/84.0.4147.105 Safari/537.36 Edg/84.0.522.52 ) => {inserted_id = 12917}
07:35:51 mowa002 Monica Walfridsson DELETE data from tables `temp_session` on conditions username LIKE mowa002
07:35:51 mowa002 Monica Walfridsson UPDATING data to tables `time2vie_cirruscommon`.`login` fields ( login, last_time ) values (1, 2020-08-10 07:35:51) on conditions username = mowa002
07:35:51 mowa002 Monica Walfridsson UPDATING data to tables `time2vie_cirruscommon`.`secondary_login` fields ( last_login_time ) values (2020-08-10 07:35:51) on conditions username = mowa002 AND company_id = 20
07:35:51 mowa002 Monica Walfridsson UPDATING data to tables `time2vie_cirruscommon`.`ws_sessions` fields ( user_id ) values (mowa002) on conditions session_id = guaj1s67kpsag8avhkdpedo154
07:39:45 mowa002 Monica Walfridsson DELETE data from tables `temp_session` on conditions username LIKE mowa002
07:39:45 mowa002 Monica Walfridsson UPDATING data to tables `time2vie_cirruscommon`.`login` fields ( login, last_time ) values (0, 2020-08-10 07:39:45) on conditions username = mowa002
07:39:45 mowa002 Monica Walfridsson UPDATING data to tables `time2vie_cirruscommon`.`secondary_login` fields ( last_login_time ) values (2020-08-10 07:39:45) on conditions username = mowa002 AND company_id = 20
07:39:45   UPDATING data to tables `log_login` fields ( logout_time ) values (2020-08-10:05:39:45) on conditions id = 12917 AND username = mowa002
08:40:40 cagu001 Carina Gustafsson INSERTING data into tables `log_login` fields ( username, ip, browser ) values ( cagu001, 193.234.72.157, Mozilla/5.0 (Windows NT 10.0; Win64; x64) AppleWebKit/537.36 (KHTML, like Gecko) Chrome/84.0.4147.105 Safari/537.36 ) => {inserted_id = 12919}
08:40:40 cagu001 Carina Gustafsson DELETE data from tables `temp_session` on conditions username LIKE cagu001
08:40:40 cagu001 Carina Gustafsson UPDATING data to tables `time2vie_cirruscommon`.`login` fields ( login, last_time ) values (1, 2020-08-10 08:40:40) on conditions username = cagu001
08:40:40 cagu001 Carina Gustafsson UPDATING data to tables `time2vie_cirruscommon`.`secondary_login` fields ( last_login_time ) values (2020-08-10 08:40:40) on conditions username = cagu001 AND company_id = 20
08:40:40 cagu001 Carina Gustafsson UPDATING data to tables `time2vie_cirruscommon`.`ws_sessions` fields ( user_id ) values (cagu001) on conditions session_id = utkhe5077oalgtsip3i77orkk1
11:03:16 cagu001 Carina Gustafsson UPDATING data to tables `time2vie_cirruscommon`.`ws_sessions` fields ( user_id ) values (cagu001) on conditions session_id = utkhe5077oalgtsip3i77orkk1
11:03:55 cagu001 Carina Gustafsson UPDATING data to tables `time2vie_cirruscommon`.`ws_sessions` fields ( user_id ) values (cagu001) on conditions session_id = utkhe5077oalgtsip3i77orkk1
12:55:20 liha009 Linnéa Handin INSERTING data into tables `log_login` fields ( username, ip, browser ) values ( liha009, 78.69.73.236, Mozilla/5.0 (iPhone; CPU iPhone OS 13_6 like Mac OS X) AppleWebKit/605.1.15 (KHTML, like Gecko) Version/13.1.2 Mobile/15E148 Safari/604.1 ) => {inserted_id = 12924}
12:55:20 liha009 Linnéa Handin DELETE data from tables `temp_session` on conditions username LIKE liha009
12:55:20 liha009 Linnéa Handin UPDATING data to tables `time2vie_cirruscommon`.`login` fields ( login, last_time ) values (1, 2020-08-10 12:55:20) on conditions username = liha009
12:55:20 liha009 Linnéa Handin UPDATING data to tables `time2vie_cirruscommon`.`secondary_login` fields ( last_login_time ) values (2020-08-10 12:55:20) on conditions username = liha009 AND company_id = 20
12:55:20 liha009 Linnéa Handin UPDATING data to tables `time2vie_cirruscommon`.`ws_sessions` fields ( user_id ) values (liha009) on conditions session_id = 0ujdp3p3kno7pjquqp19i6ldv7
14:36:53 cagu001 Carina Gustafsson UPDATING data to tables `time2vie_cirruscommon`.`ws_sessions` fields ( user_id ) values (cagu001) on conditions session_id = utkhe5077oalgtsip3i77orkk1
14:41:57 cagu001 Carina Gustafsson DELETE data from tables `temp_session` on conditions username LIKE cagu001
14:41:57 cagu001 Carina Gustafsson UPDATING data to tables `time2vie_cirruscommon`.`login` fields ( login, last_time ) values (0, 2020-08-10 14:41:57) on conditions username = cagu001
14:41:57 cagu001 Carina Gustafsson UPDATING data to tables `time2vie_cirruscommon`.`secondary_login` fields ( last_login_time ) values (2020-08-10 14:41:57) on conditions username = cagu001 AND company_id = 20
14:41:57   UPDATING data to tables `log_login` fields ( logout_time ) values (2020-08-10:12:41:57) on conditions id = 12919 AND username = cagu001
15:08:58 hebe001 Helen Bengtsson INSERTING data into tables `log_login` fields ( username, ip, browser ) values ( hebe001, 217.73.108.78, Mozilla/5.0 (Windows NT 10.0; Win64; x64) AppleWebKit/537.36 (KHTML, like Gecko) Chrome/84.0.4147.105 Safari/537.36 ) => {inserted_id = 12928}
15:08:58 hebe001 Helen Bengtsson DELETE data from tables `temp_session` on conditions username LIKE hebe001
15:08:58 hebe001 Helen Bengtsson UPDATING data to tables `time2vie_cirruscommon`.`login` fields ( login, last_time ) values (1, 2020-08-10 15:08:58) on conditions username = hebe001
15:08:58 hebe001 Helen Bengtsson UPDATING data to tables `time2vie_cirruscommon`.`secondary_login` fields ( last_login_time ) values (2020-08-10 15:08:58) on conditions username = hebe001 AND company_id = 20
15:08:58 hebe001 Helen Bengtsson UPDATING data to tables `time2vie_cirruscommon`.`ws_sessions` fields ( user_id ) values (hebe001) on conditions session_id = 7c8hpbjovkkv859thh497lq6k6
15:09:22 hebe001 Helen Bengtsson UPDATING data to tables `timetable` fields ( customer, employee, date, time_from, time_to, fkkn, type, status, comment ) values (tibe002, anka020, 2020-08-10, 0.00, 6.30, 1, 0, 1, ) on conditions id = 11032
