05:57:18 anwa006 Andréas Wallin UPDATING data to tables `time2vie_cirruscommon`.`secondary_login` fields ( error ) values (0) on conditions username = anwa006 AND company_id = 20
05:57:18 anwa006 Andréas Wallin INSERTING data into tables `log_login` fields ( username, ip, browser ) values ( anwa006, 82.196.108.141, okhttp/3.9.1 ) => {inserted_id = 11508}
05:57:18 anwa006 Andréas Wallin DELETE data from tables `temp_session` on conditions username LIKE anwa006
05:57:18 anwa006 Andréas Wallin UPDATING data to tables `time2vie_cirruscommon`.`login` fields ( login, last_time ) values (1, 2020-06-17 05:57:18) on conditions username = anwa006
05:57:18 anwa006 Andréas Wallin UPDATING data to tables `time2vie_cirruscommon`.`secondary_login` fields ( last_login_time ) values (2020-06-17 05:57:18) on conditions username = anwa006 AND company_id = 20
07:39:19 hejo003 Helen Jörnås UPDATING data to tables `time2vie_cirruscommon`.`secondary_login` fields ( error ) values (0) on conditions username = hejo003 AND company_id = 20
07:39:20 hejo003 Helen Jörnås INSERTING data into tables `log_login` fields ( username, ip, browser ) values ( hejo003, 90.224.82.244, okhttp/3.9.1 ) => {inserted_id = 11509}
07:39:20 hejo003 Helen Jörnås DELETE data from tables `temp_session` on conditions username LIKE hejo003
07:39:20 hejo003 Helen Jörnås UPDATING data to tables `time2vie_cirruscommon`.`login` fields ( login, last_time ) values (1, 2020-06-17 07:39:20) on conditions username = hejo003
07:39:20 hejo003 Helen Jörnås UPDATING data to tables `time2vie_cirruscommon`.`secondary_login` fields ( last_login_time ) values (2020-06-17 07:39:20) on conditions username = hejo003 AND company_id = 20
08:45:45 anka020 Annika Karlsson UPDATING data to tables `time2vie_cirruscommon`.`secondary_login` fields ( error ) values (0) on conditions username = anka020 AND company_id = 20
08:45:45 anka020 Annika Karlsson INSERTING data into tables `log_login` fields ( username, ip, browser ) values ( anka020, 185.27.164.39, okhttp/3.9.1 ) => {inserted_id = 11510}
08:45:45 anka020 Annika Karlsson DELETE data from tables `temp_session` on conditions username LIKE anka020
08:45:45 anka020 Annika Karlsson UPDATING data to tables `time2vie_cirruscommon`.`login` fields ( login, last_time ) values (1, 2020-06-17 08:45:45) on conditions username = anka020
08:45:45 anka020 Annika Karlsson UPDATING data to tables `time2vie_cirruscommon`.`secondary_login` fields ( last_login_time ) values (2020-06-17 08:45:45) on conditions username = anka020 AND company_id = 20
08:51:45 hejo003 Helen Jörnås UPDATING data to tables `time2vie_cirruscommon`.`secondary_login` fields ( error ) values (0) on conditions username = hejo003 AND company_id = 20
08:51:45 hejo003 Helen Jörnås INSERTING data into tables `log_login` fields ( username, ip, browser ) values ( hejo003, 90.224.82.244, okhttp/3.9.1 ) => {inserted_id = 11511}
08:51:45 hejo003 Helen Jörnås DELETE data from tables `temp_session` on conditions username LIKE hejo003
08:51:45 hejo003 Helen Jörnås UPDATING data to tables `time2vie_cirruscommon`.`login` fields ( login, last_time ) values (1, 2020-06-17 08:51:45) on conditions username = hejo003
08:51:45 hejo003 Helen Jörnås UPDATING data to tables `time2vie_cirruscommon`.`secondary_login` fields ( last_login_time ) values (2020-06-17 08:51:45) on conditions username = hejo003 AND company_id = 20
08:55:50 hejo003 Helen Jörnås UPDATING data to tables `timetable` fields ( customer, employee, date, time_from, time_to, fkkn, type, status, comment ) values (tibe002, , 2020-08-17, 16.00, 24, 1, 0, 0, Jag kan//Annika, jag kan Helen ) on conditions id = 16104 #Mobile-App: Log-id=11511
09:28:50 hejo003 Helen Jörnås UPDATING data to tables `time2vie_cirruscommon`.`secondary_login` fields ( error ) values (0) on conditions username = hejo003 AND company_id = 20
09:28:50 hejo003 Helen Jörnås INSERTING data into tables `log_login` fields ( username, ip, browser ) values ( hejo003, 90.224.82.244, okhttp/3.9.1 ) => {inserted_id = 11512}
09:28:50 hejo003 Helen Jörnås DELETE data from tables `temp_session` on conditions username LIKE hejo003
09:28:50 hejo003 Helen Jörnås UPDATING data to tables `time2vie_cirruscommon`.`login` fields ( login, last_time ) values (1, 2020-06-17 09:28:50) on conditions username = hejo003
09:28:50 hejo003 Helen Jörnås UPDATING data to tables `time2vie_cirruscommon`.`secondary_login` fields ( last_login_time ) values (2020-06-17 09:28:50) on conditions username = hejo003 AND company_id = 20
10:08:24 biwa003 Birgitta Wåhlander INSERTING data into tables `log_login` fields ( username, ip, browser ) values ( biwa003, 185.27.165.66, Mozilla/5.0 (iPad; CPU OS 13_5 like Mac OS X) AppleWebKit/605.1.15 (KHTML, like Gecko) CriOS/83.0.4103.88 Mobile/15E148 Safari/604.1 ) => {inserted_id = 11513}
10:08:24 biwa003 Birgitta Wåhlander DELETE data from tables `temp_session` on conditions username LIKE biwa003
10:08:24 biwa003 Birgitta Wåhlander UPDATING data to tables `time2vie_cirruscommon`.`login` fields ( login, last_time ) values (1, 2020-06-17 10:08:24) on conditions username = biwa003
10:08:24 biwa003 Birgitta Wåhlander UPDATING data to tables `time2vie_cirruscommon`.`secondary_login` fields ( last_login_time ) values (2020-06-17 10:08:24) on conditions username = biwa003 AND company_id = 20
10:08:25 biwa003 Birgitta Wåhlander UPDATING data to tables `time2vie_cirruscommon`.`ws_sessions` fields ( user_id ) values (biwa003) on conditions session_id = 4b9888c257f3fc926e65c60ef2c7b1ad
10:33:06 anka020 Annika Karlsson UPDATING data to tables `time2vie_cirruscommon`.`secondary_login` fields ( error ) values (0) on conditions username = anka020 AND company_id = 20
10:33:06 anka020 Annika Karlsson INSERTING data into tables `log_login` fields ( username, ip, browser ) values ( anka020, 185.27.164.39, okhttp/3.9.1 ) => {inserted_id = 11514}
10:33:06 anka020 Annika Karlsson DELETE data from tables `temp_session` on conditions username LIKE anka020
10:33:06 anka020 Annika Karlsson UPDATING data to tables `time2vie_cirruscommon`.`login` fields ( login, last_time ) values (1, 2020-06-17 10:33:06) on conditions username = anka020
10:33:06 anka020 Annika Karlsson UPDATING data to tables `time2vie_cirruscommon`.`secondary_login` fields ( last_login_time ) values (2020-06-17 10:33:06) on conditions username = anka020 AND company_id = 20
10:41:01 anwa006 Andréas Wallin UPDATING data to tables `time2vie_cirruscommon`.`secondary_login` fields ( error ) values (0) on conditions username = anwa006 AND company_id = 20
10:41:01 anwa006 Andréas Wallin INSERTING data into tables `log_login` fields ( username, ip, browser ) values ( anwa006, 94.103.194.75, okhttp/3.9.1 ) => {inserted_id = 11515}
10:41:01 anwa006 Andréas Wallin DELETE data from tables `temp_session` on conditions username LIKE anwa006
10:41:01 anwa006 Andréas Wallin UPDATING data to tables `time2vie_cirruscommon`.`login` fields ( login, last_time ) values (1, 2020-06-17 10:41:01) on conditions username = anwa006
10:41:01 anwa006 Andréas Wallin UPDATING data to tables `time2vie_cirruscommon`.`secondary_login` fields ( last_login_time ) values (2020-06-17 10:41:01) on conditions username = anwa006 AND company_id = 20
10:56:32 hebe001 Helen Bengtsson INSERTING data into tables `log_login` fields ( username, ip, browser ) values ( hebe001, 217.73.108.78, Mozilla/5.0 (Windows NT 10.0; Win64; x64) AppleWebKit/537.36 (KHTML, like Gecko) Chrome/83.0.4103.106 Safari/537.36 ) => {inserted_id = 11516}
10:56:32 hebe001 Helen Bengtsson DELETE data from tables `temp_session` on conditions username LIKE hebe001
10:56:32 hebe001 Helen Bengtsson UPDATING data to tables `time2vie_cirruscommon`.`login` fields ( login, last_time ) values (1, 2020-06-17 10:56:32) on conditions username = hebe001
10:56:32 hebe001 Helen Bengtsson UPDATING data to tables `time2vie_cirruscommon`.`secondary_login` fields ( last_login_time ) values (2020-06-17 10:56:32) on conditions username = hebe001 AND company_id = 20
10:56:32 hebe001 Helen Bengtsson UPDATING data to tables `time2vie_cirruscommon`.`ws_sessions` fields ( user_id ) values (hebe001) on conditions session_id = 4df963259eee4c2e80b444c506e8d444
10:57:44 hebe001 Helen Bengtsson UPDATING data to tables `timetable` fields ( customer, employee, date, time_from, time_to, fkkn, type, status, comment ) values (tibe002, hejo003, 2020-06-22, 8.30, 16.30, 1, 0, 1, kan jobba Helen / även elin) on conditions id = 16040
11:03:54 anwa006 Andréas Wallin DELETE data from tables `temp_session` on conditions username LIKE anwa006 #Mobile-App: Log-id=11515
11:03:54 anwa006 Andréas Wallin UPDATING data to tables `time2vie_cirruscommon`.`login` fields ( login, last_time ) values (0, 2020-06-17 11:03:54) on conditions username = anwa006 #Mobile-App: Log-id=11515
11:03:54 anwa006 Andréas Wallin UPDATING data to tables `time2vie_cirruscommon`.`secondary_login` fields ( last_login_time ) values (2020-06-17 11:03:54) on conditions username = anwa006 AND company_id = 20 #Mobile-App: Log-id=11515
11:03:54 anwa006 Andréas Wallin DELETE data from tables `time2vie_cirruscommon`.`push_notify_tokens` on conditions user_id = anwa006 AND fcm_token = crPA0FCsFM0:APA91bFc0ZMISg5m3hJS8NjMFiswaYGcj3AVe5W8cW9hTWWjj5RPUElullB4BAqUneoidQJVhQBnAKx8zJZeWSIZuhrcBMzrI5ozwh44nFdqBpk_lJq4eB3H7KTy5JzbMHf9yoRtFS3l #Mobile-App: Log-id=11515
11:04:00 anwa006 Andréas Wallin UPDATING data to tables `time2vie_cirruscommon`.`secondary_login` fields ( error ) values (0) on conditions username = anwa006 AND company_id = 20
11:04:00 anwa006 Andréas Wallin INSERTING data into tables `log_login` fields ( username, ip, browser ) values ( anwa006, 94.103.194.75, okhttp/3.9.1 ) => {inserted_id = 11517}
11:04:00 anwa006 Andréas Wallin DELETE data from tables `temp_session` on conditions username LIKE anwa006
11:04:00 anwa006 Andréas Wallin UPDATING data to tables `time2vie_cirruscommon`.`login` fields ( login, last_time ) values (1, 2020-06-17 11:04:00) on conditions username = anwa006
11:04:00 anwa006 Andréas Wallin UPDATING data to tables `time2vie_cirruscommon`.`secondary_login` fields ( last_login_time ) values (2020-06-17 11:04:00) on conditions username = anwa006 AND company_id = 20
11:09:24 liha009 Linnéa Handin INSERTING data into tables `log_login` fields ( username, ip, browser ) values ( liha009, 94.103.194.75, Mozilla/5.0 (iPhone; CPU iPhone OS 13_5_1 like Mac OS X) AppleWebKit/605.1.15 (KHTML, like Gecko) Version/13.1.1 Mobile/15E148 Safari/604.1 ) => {inserted_id = 11518}
11:09:24 liha009 Linnéa Handin DELETE data from tables `temp_session` on conditions username LIKE liha009
11:09:24 liha009 Linnéa Handin UPDATING data to tables `time2vie_cirruscommon`.`login` fields ( login, last_time ) values (1, 2020-06-17 11:09:24) on conditions username = liha009
11:09:24 liha009 Linnéa Handin UPDATING data to tables `time2vie_cirruscommon`.`secondary_login` fields ( last_login_time ) values (2020-06-17 11:09:24) on conditions username = liha009 AND company_id = 20
11:09:25 liha009 Linnéa Handin UPDATING data to tables `time2vie_cirruscommon`.`ws_sessions` fields ( user_id ) values (liha009) on conditions session_id = fe79d1d415f437a6744e1bed262ccf79
11:19:31 anka020 Annika Karlsson UPDATING data to tables `time2vie_cirruscommon`.`secondary_login` fields ( error ) values (0) on conditions username = anka020 AND company_id = 20
11:19:31 anka020 Annika Karlsson INSERTING data into tables `log_login` fields ( username, ip, browser ) values ( anka020, 185.27.164.39, okhttp/3.9.1 ) => {inserted_id = 11519}
11:19:31 anka020 Annika Karlsson DELETE data from tables `temp_session` on conditions username LIKE anka020
11:19:31 anka020 Annika Karlsson UPDATING data to tables `time2vie_cirruscommon`.`login` fields ( login, last_time ) values (1, 2020-06-17 11:19:31) on conditions username = anka020
11:19:31 anka020 Annika Karlsson UPDATING data to tables `time2vie_cirruscommon`.`secondary_login` fields ( last_login_time ) values (2020-06-17 11:19:31) on conditions username = anka020 AND company_id = 20
11:42:53 hejo003 Helen Jörnås UPDATING data to tables `time2vie_cirruscommon`.`secondary_login` fields ( error ) values (0) on conditions username = hejo003 AND company_id = 20
11:42:53 hejo003 Helen Jörnås INSERTING data into tables `log_login` fields ( username, ip, browser ) values ( hejo003, 217.214.149.16, okhttp/3.9.1 ) => {inserted_id = 11520}
11:42:53 hejo003 Helen Jörnås DELETE data from tables `temp_session` on conditions username LIKE hejo003
11:42:53 hejo003 Helen Jörnås UPDATING data to tables `time2vie_cirruscommon`.`login` fields ( login, last_time ) values (1, 2020-06-17 11:42:53) on conditions username = hejo003
11:42:53 hejo003 Helen Jörnås UPDATING data to tables `time2vie_cirruscommon`.`secondary_login` fields ( last_login_time ) values (2020-06-17 11:42:53) on conditions username = hejo003 AND company_id = 20
11:53:30 elbe006 Elin Berntsson UPDATING data to tables `time2vie_cirruscommon`.`secondary_login` fields ( error ) values (0) on conditions username = elbe006 AND company_id = 20
11:53:30 elbe006 Elin Berntsson INSERTING data into tables `log_login` fields ( username, ip, browser ) values ( elbe006, 98.128.204.60, okhttp/3.9.1 ) => {inserted_id = 11521}
11:53:30 elbe006 Elin Berntsson DELETE data from tables `temp_session` on conditions username LIKE elbe006
11:53:30 elbe006 Elin Berntsson UPDATING data to tables `time2vie_cirruscommon`.`login` fields ( login, last_time ) values (1, 2020-06-17 11:53:30) on conditions username = elbe006
11:53:30 elbe006 Elin Berntsson UPDATING data to tables `time2vie_cirruscommon`.`secondary_login` fields ( last_login_time ) values (2020-06-17 11:53:30) on conditions username = elbe006 AND company_id = 20
12:04:56 anka020 Annika Karlsson UPDATING data to tables `time2vie_cirruscommon`.`secondary_login` fields ( error ) values (0) on conditions username = anka020 AND company_id = 20
12:04:56 anka020 Annika Karlsson INSERTING data into tables `log_login` fields ( username, ip, browser ) values ( anka020, 185.27.164.39, okhttp/3.9.1 ) => {inserted_id = 11522}
12:04:56 anka020 Annika Karlsson DELETE data from tables `temp_session` on conditions username LIKE anka020
12:04:56 anka020 Annika Karlsson UPDATING data to tables `time2vie_cirruscommon`.`login` fields ( login, last_time ) values (1, 2020-06-17 12:04:56) on conditions username = anka020
12:04:56 anka020 Annika Karlsson UPDATING data to tables `time2vie_cirruscommon`.`secondary_login` fields ( last_login_time ) values (2020-06-17 12:04:56) on conditions username = anka020 AND company_id = 20
12:33:01 hejo003 Helen Jörnås UPDATING data to tables `time2vie_cirruscommon`.`secondary_login` fields ( error ) values (0) on conditions username = hejo003 AND company_id = 20
12:33:02 hejo003 Helen Jörnås INSERTING data into tables `log_login` fields ( username, ip, browser ) values ( hejo003, 90.224.82.244, okhttp/3.9.1 ) => {inserted_id = 11523}
12:33:02 hejo003 Helen Jörnås DELETE data from tables `temp_session` on conditions username LIKE hejo003
12:33:02 hejo003 Helen Jörnås UPDATING data to tables `time2vie_cirruscommon`.`login` fields ( login, last_time ) values (1, 2020-06-17 12:33:02) on conditions username = hejo003
12:33:02 hejo003 Helen Jörnås UPDATING data to tables `time2vie_cirruscommon`.`secondary_login` fields ( last_login_time ) values (2020-06-17 12:33:02) on conditions username = hejo003 AND company_id = 20
12:35:45 hejo003 Helen Jörnås DELETE data from tables `time2vie_cirruscommon`.`push_notify_tokens` on conditions user_id = hejo003 AND fcm_token = dPsZJ6c0gmw:APA91bF9AermH8G1DKpO1TQ27cI6sIwqPtz65X4jCkmuUYcYAWDyKArTFkvFaqALmZsCk4LgmWzgJjf0ksHhpRepbmAN0E9zVOE3ITVmY72SDXDZKbuLyi8p-JcX_3Frk3yWs1zxxEey #Mobile-App: Log-id=11523
12:35:45 hejo003 Helen Jörnås DELETE data from tables `temp_session` on conditions username LIKE hejo003 #Mobile-App: Log-id=11523
12:35:45 hejo003 Helen Jörnås UPDATING data to tables `time2vie_cirruscommon`.`login` fields ( login, last_time ) values (0, 2020-06-17 12:35:45) on conditions username = hejo003 #Mobile-App: Log-id=11523
12:35:45 hejo003 Helen Jörnås UPDATING data to tables `time2vie_cirruscommon`.`secondary_login` fields ( last_login_time ) values (2020-06-17 12:35:45) on conditions username = hejo003 AND company_id = 20 #Mobile-App: Log-id=11523
12:35:58 hejo003 Helen Jörnås UPDATING data to tables `time2vie_cirruscommon`.`secondary_login` fields ( error ) values (0) on conditions username = hejo003 AND company_id = 20
12:35:58 hejo003 Helen Jörnås INSERTING data into tables `log_login` fields ( username, ip, browser ) values ( hejo003, 90.224.82.244, okhttp/3.9.1 ) => {inserted_id = 11524}
12:35:58 hejo003 Helen Jörnås DELETE data from tables `temp_session` on conditions username LIKE hejo003
12:35:58 hejo003 Helen Jörnås UPDATING data to tables `time2vie_cirruscommon`.`login` fields ( login, last_time ) values (1, 2020-06-17 12:35:58) on conditions username = hejo003
12:35:58 hejo003 Helen Jörnås UPDATING data to tables `time2vie_cirruscommon`.`secondary_login` fields ( last_login_time ) values (2020-06-17 12:35:58) on conditions username = hejo003 AND company_id = 20
12:41:32 lawa002 Lars Wåhlander UPDATING data to tables `time2vie_cirruscommon`.`secondary_login` fields ( error ) values (0) on conditions username = lawa002 AND company_id = 20
12:41:32 lawa002 Lars Wåhlander INSERTING data into tables `log_login` fields ( username, ip, browser ) values ( lawa002, 83.185.95.37, Time2View/1 CFNetwork/1126 Darwin/19.5.0 ) => {inserted_id = 11525}
12:41:32 lawa002 Lars Wåhlander DELETE data from tables `temp_session` on conditions username LIKE lawa002
12:41:32 lawa002 Lars Wåhlander UPDATING data to tables `time2vie_cirruscommon`.`login` fields ( login, last_time ) values (1, 2020-06-17 12:41:32) on conditions username = lawa002
12:41:32 lawa002 Lars Wåhlander UPDATING data to tables `time2vie_cirruscommon`.`secondary_login` fields ( last_login_time ) values (2020-06-17 12:41:32) on conditions username = lawa002 AND company_id = 20
13:04:01 anka020 Annika Karlsson UPDATING data to tables `time2vie_cirruscommon`.`secondary_login` fields ( error ) values (0) on conditions username = anka020 AND company_id = 20
13:04:01 anka020 Annika Karlsson INSERTING data into tables `log_login` fields ( username, ip, browser ) values ( anka020, 185.27.164.39, okhttp/3.9.1 ) => {inserted_id = 11526}
13:04:01 anka020 Annika Karlsson DELETE data from tables `temp_session` on conditions username LIKE anka020
13:04:01 anka020 Annika Karlsson UPDATING data to tables `time2vie_cirruscommon`.`login` fields ( login, last_time ) values (1, 2020-06-17 13:04:01) on conditions username = anka020
13:04:01 anka020 Annika Karlsson UPDATING data to tables `time2vie_cirruscommon`.`secondary_login` fields ( last_login_time ) values (2020-06-17 13:04:01) on conditions username = anka020 AND company_id = 20
13:30:32 hebe001 Helen Bengtsson UPDATING data to tables `timetable` fields ( status ) values (2) on conditions id = 10840
13:30:32 hebe001 Helen Bengtsson INSERTING data into tables `timetable` fields ( customer, date, time_from, time_to, type, fkkn, comment, alloc_emp, relation_id, status ) values ( tibe002, 2020-06-18, 8.30, 16.30, 0, 1, , hebe001, 10840, 0 ) => {inserted_id = 16838}
13:30:32 hebe001 Helen Bengtsson INSERTING data into tables `leave` fields ( group_id, employee, date, time_from, time_to, type, comment, appr_emp, status, no_pay ) values ( 946, peka002, 2020-06-18, 8.3, 16.3, 1, , hebe001, 1, 1 ) => {inserted_id = 1598}
13:30:46 hebe001 Helen Bengtsson UPDATING data to tables `timetable` fields ( status ) values (2) on conditions id = 10848
13:30:46 hebe001 Helen Bengtsson INSERTING data into tables `timetable` fields ( customer, date, time_from, time_to, type, fkkn, comment, alloc_emp, relation_id, status ) values ( tibe002, 2020-06-20, 10.00, 24.00, 0, 1, , hebe001, 10848, 0 ) => {inserted_id = 16839}
13:30:46 hebe001 Helen Bengtsson INSERTING data into tables `leave` fields ( group_id, employee, date, time_from, time_to, type, comment, appr_emp, status, no_pay ) values ( 947, peka002, 2020-06-20, 10, 24, 1, , hebe001, 1, 1 ) => {inserted_id = 1599}
13:30:57 hebe001 Helen Bengtsson UPDATING data to tables `timetable` fields ( status ) values (2) on conditions id = 10849
13:30:57 hebe001 Helen Bengtsson INSERTING data into tables `timetable` fields ( customer, date, time_from, time_to, type, fkkn, comment, alloc_emp, relation_id, status ) values ( tibe002, 2020-06-21, 0.00, 6.30, 3, 1, , hebe001, 10849, 0 ) => {inserted_id = 16840}
13:30:57 hebe001 Helen Bengtsson INSERTING data into tables `leave` fields ( group_id, employee, date, time_from, time_to, type, comment, appr_emp, status, no_pay ) values ( 948, peka002, 2020-06-21, 0, 6.3, 1, , hebe001, 1, 1 ) => {inserted_id = 1600}
13:31:06 hebe001 Helen Bengtsson UPDATING data to tables `timetable` fields ( status ) values (2) on conditions id = 10850
13:31:06 hebe001 Helen Bengtsson INSERTING data into tables `timetable` fields ( customer, date, time_from, time_to, type, fkkn, comment, alloc_emp, relation_id, status ) values ( tibe002, 2020-06-21, 6.30, 10.30, 0, 1, , hebe001, 10850, 0 ) => {inserted_id = 16841}
13:31:06 hebe001 Helen Bengtsson INSERTING data into tables `leave` fields ( group_id, employee, date, time_from, time_to, type, comment, appr_emp, status, no_pay ) values ( 949, peka002, 2020-06-21, 6.3, 10.3, 1, , hebe001, 1, 1 ) => {inserted_id = 1601}
13:43:18 anka020 Annika Karlsson UPDATING data to tables `time2vie_cirruscommon`.`secondary_login` fields ( error ) values (0) on conditions username = anka020 AND company_id = 20
13:43:18 anka020 Annika Karlsson INSERTING data into tables `log_login` fields ( username, ip, browser ) values ( anka020, 185.27.164.39, okhttp/3.9.1 ) => {inserted_id = 11527}
13:43:18 anka020 Annika Karlsson DELETE data from tables `temp_session` on conditions username LIKE anka020
13:43:18 anka020 Annika Karlsson UPDATING data to tables `time2vie_cirruscommon`.`login` fields ( login, last_time ) values (1, 2020-06-17 13:43:18) on conditions username = anka020
13:43:18 anka020 Annika Karlsson UPDATING data to tables `time2vie_cirruscommon`.`secondary_login` fields ( last_login_time ) values (2020-06-17 13:43:18) on conditions username = anka020 AND company_id = 20
13:43:45 anka020 Annika Karlsson UPDATING data to tables `timetable` fields ( customer, employee, date, time_from, time_to, fkkn, type, status, comment ) values (tibe002, , 2020-06-18, 8.30, 16.30, 1, 0, 0, Jag kan//Annika) on conditions id = 16838 #Mobile-App: Log-id=11527
13:44:02 anka020 Annika Karlsson UPDATING data to tables `timetable` fields ( customer, employee, date, time_from, time_to, fkkn, type, status, comment ) values (tibe002, , 2020-06-20, 10.00, 24, 1, 0, 0, Jag kan//Annika) on conditions id = 16839 #Mobile-App: Log-id=11527
13:45:15 hebe001 Helen Bengtsson UPDATING data to tables `timetable` fields ( customer, employee, date, time_from, time_to, fkkn, type, status, comment ) values (tibe002, anbe015, 2020-06-18, 8.30, 16.30, 1, 0, 1, ) on conditions id = 16838
13:45:26 hebe001 Helen Bengtsson UPDATING data to tables `timetable` fields ( customer, employee, date, time_from, time_to, fkkn, type, status, comment ) values (tibe002, anbe015, 2020-06-20, 10.00, 24, 1, 0, 1, ) on conditions id = 16839
13:45:37 hebe001 Helen Bengtsson UPDATING data to tables `timetable` fields ( customer, employee, date, time_from, time_to, fkkn, type, status, comment ) values (tibe002, anbe015, 2020-06-21, 0.00, 6.30, 1, 3, 1, ) on conditions id = 16840
13:45:45 hebe001 Helen Bengtsson UPDATING data to tables `timetable` fields ( customer, employee, date, time_from, time_to, fkkn, type, status, comment ) values (tibe002, anbe015, 2020-06-21, 6.30, 10.30, 1, 0, 1, ) on conditions id = 16841
15:01:01 hebe001 Helen Bengtsson UPDATING data to tables `timetable` fields ( status ) values (2) on conditions id = 10888
15:01:01 hebe001 Helen Bengtsson INSERTING data into tables `timetable` fields ( customer, date, time_from, time_to, type, fkkn, comment, alloc_emp, relation_id, status ) values ( tibe002, 2020-07-02, 0.00, 6.30, 3, 1, , hebe001, 10888, 0 ) => {inserted_id = 16842}
15:01:01 hebe001 Helen Bengtsson INSERTING data into tables `leave` fields ( group_id, employee, date, time_from, time_to, type, comment, appr_emp, status, no_pay ) values ( 950, anka020, 2020-07-02, 0, 6.3, 1, , hebe001, 1, 1 ) => {inserted_id = 1602}
15:01:12 hebe001 Helen Bengtsson UPDATING data to tables `timetable` fields ( status ) values (2) on conditions id = 10889
15:01:12 hebe001 Helen Bengtsson INSERTING data into tables `timetable` fields ( customer, date, time_from, time_to, type, fkkn, comment, alloc_emp, relation_id, status ) values ( tibe002, 2020-07-02, 6.30, 9.00, 0, 1, , hebe001, 10889, 0 ) => {inserted_id = 16843}
15:01:12 hebe001 Helen Bengtsson INSERTING data into tables `leave` fields ( group_id, employee, date, time_from, time_to, type, comment, appr_emp, status, no_pay ) values ( 951, anka020, 2020-07-02, 6.3, 9, 1, , hebe001, 1, 1 ) => {inserted_id = 1603}
16:44:35 thca002 Therese Calic UPDATING data to tables `time2vie_cirruscommon`.`secondary_login` fields ( error ) values (0) on conditions username = thca002 AND company_id = 20
16:44:35 thca002 Therese Calic INSERTING data into tables `log_login` fields ( username, ip, browser ) values ( thca002, 83.187.160.207, Time2View/1 CFNetwork/1126 Darwin/19.5.0 ) => {inserted_id = 11528}
16:44:35 thca002 Therese Calic DELETE data from tables `temp_session` on conditions username LIKE thca002
16:44:35 thca002 Therese Calic UPDATING data to tables `time2vie_cirruscommon`.`login` fields ( login, last_time ) values (1, 2020-06-17 16:44:35) on conditions username = thca002
16:44:35 thca002 Therese Calic UPDATING data to tables `time2vie_cirruscommon`.`secondary_login` fields ( last_login_time ) values (2020-06-17 16:44:35) on conditions username = thca002 AND company_id = 20
17:26:07 hejo003 Helen Jörnås UPDATING data to tables `time2vie_cirruscommon`.`secondary_login` fields ( error ) values (0) on conditions username = hejo003 AND company_id = 20
17:26:07 hejo003 Helen Jörnås INSERTING data into tables `log_login` fields ( username, ip, browser ) values ( hejo003, 90.224.82.244, okhttp/3.9.1 ) => {inserted_id = 11529}
17:26:07 hejo003 Helen Jörnås DELETE data from tables `temp_session` on conditions username LIKE hejo003
17:26:07 hejo003 Helen Jörnås UPDATING data to tables `time2vie_cirruscommon`.`login` fields ( login, last_time ) values (1, 2020-06-17 17:26:07) on conditions username = hejo003
17:26:07 hejo003 Helen Jörnås UPDATING data to tables `time2vie_cirruscommon`.`secondary_login` fields ( last_login_time ) values (2020-06-17 17:26:07) on conditions username = hejo003 AND company_id = 20
18:11:41 peka002 Petronella Karlsson UPDATING data to tables `time2vie_cirruscommon`.`secondary_login` fields ( error ) values (0) on conditions username = peka002 AND company_id = 20
18:11:41 peka002 Petronella Karlsson INSERTING data into tables `log_login` fields ( username, ip, browser ) values ( peka002, 95.195.146.127, Time2View/1 CFNetwork/1126 Darwin/19.5.0 ) => {inserted_id = 11530}
18:11:41 peka002 Petronella Karlsson DELETE data from tables `temp_session` on conditions username LIKE peka002
18:11:41 peka002 Petronella Karlsson UPDATING data to tables `time2vie_cirruscommon`.`login` fields ( login, last_time ) values (1, 2020-06-17 18:11:41) on conditions username = peka002
18:11:41 peka002 Petronella Karlsson UPDATING data to tables `time2vie_cirruscommon`.`secondary_login` fields ( last_login_time ) values (2020-06-17 18:11:41) on conditions username = peka002 AND company_id = 20
19:07:09 jobe008 Joakim Bengtsson UPDATING data to tables `time2vie_cirruscommon`.`secondary_login` fields ( error ) values (0) on conditions username = jobe008 AND company_id = 20
19:07:09 jobe008 Joakim Bengtsson INSERTING data into tables `log_login` fields ( username, ip, browser ) values ( jobe008, 217.73.111.23, okhttp/3.9.1 ) => {inserted_id = 11531}
19:07:09 jobe008 Joakim Bengtsson DELETE data from tables `temp_session` on conditions username LIKE jobe008
19:07:09 jobe008 Joakim Bengtsson UPDATING data to tables `time2vie_cirruscommon`.`login` fields ( login, last_time ) values (1, 2020-06-17 19:07:09) on conditions username = jobe008
19:07:09 jobe008 Joakim Bengtsson UPDATING data to tables `time2vie_cirruscommon`.`secondary_login` fields ( last_login_time ) values (2020-06-17 19:07:09) on conditions username = jobe008 AND company_id = 20
19:11:44 jobe008 Joakim Bengtsson UPDATING data to tables `timetable` fields ( customer, employee, date, time_from, time_to, fkkn, type, status, comment ) values (jebe002, jobe008, 2020-07-27, 12.00, 22.00, 1, 0, 1, ) on conditions id = 14890 #Mobile-App: Log-id=11531
19:12:18 jobe008 Joakim Bengtsson DELETE data from tables `timetable` on conditions id = 13584 #Mobile-App: Log-id=11531
19:12:25 jobe008 Joakim Bengtsson UPDATING data to tables `timetable` fields ( customer, employee, date, time_from, time_to, fkkn, type, status, comment ) values (jebe002, jobe008, 2020-07-27, 22.00, 24, 1, 3, 1, ) on conditions id = 13585 #Mobile-App: Log-id=11531
19:12:41 jobe008 Joakim Bengtsson UPDATING data to tables `timetable` fields ( customer, employee, date, time_from, time_to, fkkn, type, status, comment ) values (jebe002, jobe008, 2020-07-28, 0.00, 6.00, 1, 3, 1, ) on conditions id = 13586 #Mobile-App: Log-id=11531
19:12:49 jobe008 Joakim Bengtsson UPDATING data to tables `timetable` fields ( customer, employee, date, time_from, time_to, fkkn, type, status, comment ) values (jebe002, jobe008, 2020-07-28, 6.00, 9.00, 1, 0, 1, ) on conditions id = 13587 #Mobile-App: Log-id=11531
19:13:13 jobe008 Joakim Bengtsson UPDATING data to tables `timetable` fields ( customer, employee, date, time_from, time_to, fkkn, type, status, comment ) values (jebe002, jobe008, 2020-07-29, 8.45, 22.00, 1, 0, 1, ) on conditions id = 14891 #Mobile-App: Log-id=11531
19:13:23 jobe008 Joakim Bengtsson UPDATING data to tables `timetable` fields ( customer, employee, date, time_from, time_to, fkkn, type, status, comment ) values (jebe002, jobe008, 2020-07-29, 22.00, 24, 1, 3, 1, ) on conditions id = 14892 #Mobile-App: Log-id=11531
19:14:22 jobe008 Joakim Bengtsson UPDATING data to tables `timetable` fields ( customer, employee, date, time_from, time_to, fkkn, type, status, comment ) values (jebe002, erbe003, 2020-07-29, 22.00, 24, 1, 3, 1, ) on conditions id = 14892 #Mobile-App: Log-id=11531
20:24:02 biwa003 Birgitta Wåhlander INSERTING data into tables `log_login` fields ( username, ip, browser ) values ( biwa003, 185.27.165.66, Mozilla/5.0 (iPad; CPU OS 13_5 like Mac OS X) AppleWebKit/605.1.15 (KHTML, like Gecko) CriOS/83.0.4103.88 Mobile/15E148 Safari/604.1 ) => {inserted_id = 11532}
20:24:02 biwa003 Birgitta Wåhlander DELETE data from tables `temp_session` on conditions username LIKE biwa003
20:24:02 biwa003 Birgitta Wåhlander UPDATING data to tables `time2vie_cirruscommon`.`login` fields ( login, last_time ) values (1, 2020-06-17 20:24:02) on conditions username = biwa003
20:24:02 biwa003 Birgitta Wåhlander UPDATING data to tables `time2vie_cirruscommon`.`secondary_login` fields ( last_login_time ) values (2020-06-17 20:24:02) on conditions username = biwa003 AND company_id = 20
20:24:02 biwa003 Birgitta Wåhlander UPDATING data to tables `time2vie_cirruscommon`.`ws_sessions` fields ( user_id ) values (biwa003) on conditions session_id = c397ed28c6960a878bb0b7990330b89e
21:20:04 jobe008 Joakim Bengtsson UPDATING data to tables `time2vie_cirruscommon`.`secondary_login` fields ( error ) values (0) on conditions username = jobe008 AND company_id = 20
21:20:04 jobe008 Joakim Bengtsson INSERTING data into tables `log_login` fields ( username, ip, browser ) values ( jobe008, 94.191.153.54, okhttp/3.9.1 ) => {inserted_id = 11533}
21:20:04 jobe008 Joakim Bengtsson DELETE data from tables `temp_session` on conditions username LIKE jobe008
21:20:04 jobe008 Joakim Bengtsson UPDATING data to tables `time2vie_cirruscommon`.`login` fields ( login, last_time ) values (1, 2020-06-17 21:20:04) on conditions username = jobe008
21:20:04 jobe008 Joakim Bengtsson UPDATING data to tables `time2vie_cirruscommon`.`secondary_login` fields ( last_login_time ) values (2020-06-17 21:20:04) on conditions username = jobe008 AND company_id = 20
21:38:12 anwa006 Andréas Wallin UPDATING data to tables `time2vie_cirruscommon`.`secondary_login` fields ( error ) values (0) on conditions username = anwa006 AND company_id = 20
21:38:12 anwa006 Andréas Wallin INSERTING data into tables `log_login` fields ( username, ip, browser ) values ( anwa006, 82.196.108.141, okhttp/3.9.1 ) => {inserted_id = 11534}
21:38:12 anwa006 Andréas Wallin DELETE data from tables `temp_session` on conditions username LIKE anwa006
21:38:12 anwa006 Andréas Wallin UPDATING data to tables `time2vie_cirruscommon`.`login` fields ( login, last_time ) values (1, 2020-06-17 21:38:12) on conditions username = anwa006
21:38:12 anwa006 Andréas Wallin UPDATING data to tables `time2vie_cirruscommon`.`secondary_login` fields ( last_login_time ) values (2020-06-17 21:38:12) on conditions username = anwa006 AND company_id = 20
21:48:54 hejo003 Helen Jörnås UPDATING data to tables `time2vie_cirruscommon`.`secondary_login` fields ( error ) values (0) on conditions username = hejo003 AND company_id = 20
21:48:54 hejo003 Helen Jörnås INSERTING data into tables `log_login` fields ( username, ip, browser ) values ( hejo003, 90.224.82.244, okhttp/3.9.1 ) => {inserted_id = 11535}
21:48:54 hejo003 Helen Jörnås DELETE data from tables `temp_session` on conditions username LIKE hejo003
21:48:54 hejo003 Helen Jörnås UPDATING data to tables `time2vie_cirruscommon`.`login` fields ( login, last_time ) values (1, 2020-06-17 21:48:54) on conditions username = hejo003
21:48:54 hejo003 Helen Jörnås UPDATING data to tables `time2vie_cirruscommon`.`secondary_login` fields ( last_login_time ) values (2020-06-17 21:48:54) on conditions username = hejo003 AND company_id = 20
21:50:16 jobe008 Joakim Bengtsson UPDATING data to tables `timetable` fields ( customer, employee, date, time_from, time_to, fkkn, type, status, comment ) values (jebe002, anja007, 2020-06-23, 8.45, 15.00, 1, 0, 1, ) on conditions id = 14884 #Mobile-App: Log-id=11533
21:51:30 jobe008 Joakim Bengtsson INSERTING data into tables `timetable` fields ( employee, customer, fkkn, type, date, time_from, time_to, status, created_status, alloc_emp, comment ) values ( kaol006, jebe002, 1, 0, 2020-06-23, 15.00, 22.00, 1, , jobe008,  ) => {inserted_id = 16844} #Mobile-App: Log-id=11533
01:06:01 anka019 Anna Kawalya Westerberg INSERTING data into tables `log_login` fields ( username, ip, browser ) values ( anka019, 94.103.194.75, Mozilla/5.0 (iPhone; CPU iPhone OS 13_4_1 like Mac OS X) AppleWebKit/605.1.15 (KHTML, like Gecko) Version/13.1 Mobile/15E148 Safari/604.1 ) => {inserted_id = 11536}
01:06:01 anka019 Anna Kawalya Westerberg DELETE data from tables `temp_session` on conditions username LIKE anka019
01:06:01 anka019 Anna Kawalya Westerberg UPDATING data to tables `time2vie_cirruscommon`.`login` fields ( login, last_time ) values (1, 2020-06-18 01:06:01) on conditions username = anka019
01:06:01 anka019 Anna Kawalya Westerberg UPDATING data to tables `time2vie_cirruscommon`.`secondary_login` fields ( last_login_time ) values (2020-06-18 01:06:01) on conditions username = anka019 AND company_id = 20
01:06:02 anka019 Anna Kawalya Westerberg UPDATING data to tables `time2vie_cirruscommon`.`ws_sessions` fields ( user_id ) values (anka019) on conditions session_id = a76eeeb820df3d9dfcca589b44881ddf
01:06:48 anka019 Anna Kawalya Westerberg INSERTING data into tables `log_login` fields ( username, ip, browser ) values ( anka019, 94.103.194.75, Mozilla/5.0 (iPhone; CPU iPhone OS 13_4_1 like Mac OS X) AppleWebKit/605.1.15 (KHTML, like Gecko) Version/13.1 Mobile/15E148 Safari/604.1 ) => {inserted_id = 11537}
01:06:48 anka019 Anna Kawalya Westerberg DELETE data from tables `temp_session` on conditions username LIKE anka019
01:06:48 anka019 Anna Kawalya Westerberg UPDATING data to tables `time2vie_cirruscommon`.`login` fields ( login, last_time ) values (1, 2020-06-18 01:06:48) on conditions username = anka019
01:06:48 anka019 Anna Kawalya Westerberg UPDATING data to tables `time2vie_cirruscommon`.`secondary_login` fields ( last_login_time ) values (2020-06-18 01:06:48) on conditions username = anka019 AND company_id = 20
01:06:49 anka019 Anna Kawalya Westerberg UPDATING data to tables `time2vie_cirruscommon`.`ws_sessions` fields ( user_id ) values (anka019) on conditions session_id = a76eeeb820df3d9dfcca589b44881ddf
01:07:03 anka019 Anna Kawalya Westerberg UPDATING data to tables `time2vie_cirruscommon`.`ws_sessions` fields ( user_id ) values (anka019) on conditions session_id = a76eeeb820df3d9dfcca589b44881ddf
