09:48:13 cagu001 Carina Gustafsson INSERTING data into tables `log_login` fields ( username, ip, browser ) values ( cagu001, 193.234.72.157, Mozilla/5.0 (Windows NT 10.0; Win64; x64) AppleWebKit/537.36 (KHTML, like Gecko) Chrome/85.0.4183.102 Safari/537.36 ) => {inserted_id = 13990}
09:48:13 cagu001 Carina Gustafsson DELETE data from tables `temp_session` on conditions username LIKE cagu001
09:48:13 cagu001 Carina Gustafsson UPDATING data to tables `time2vie_cirruscommon`.`login` fields ( login, last_time ) values (1, 2020-09-24 09:48:13) on conditions username = cagu001
09:48:13 cagu001 Carina Gustafsson UPDATING data to tables `time2vie_cirruscommon`.`secondary_login` fields ( last_login_time ) values (2020-09-24 09:48:13) on conditions username = cagu001 AND company_id = 20
09:48:14 cagu001 Carina Gustafsson UPDATING data to tables `time2vie_cirruscommon`.`ws_sessions` fields ( user_id ) values (cagu001) on conditions session_id = 3uaipncod8mnm1h8hdcsrapo27
10:03:40 biwa003 Birgitta Wåhlander INSERTING data into tables `log_login` fields ( username, ip, browser ) values ( biwa003, 193.234.72.157, Mozilla/5.0 (Windows NT 10.0; Win64; x64) AppleWebKit/537.36 (KHTML, like Gecko) Chrome/85.0.4183.121 Safari/537.36 ) => {inserted_id = 13991}
10:03:40 biwa003 Birgitta Wåhlander DELETE data from tables `temp_session` on conditions username LIKE biwa003
10:03:40 biwa003 Birgitta Wåhlander UPDATING data to tables `time2vie_cirruscommon`.`login` fields ( login, last_time ) values (1, 2020-09-24 10:03:40) on conditions username = biwa003
10:03:40 biwa003 Birgitta Wåhlander UPDATING data to tables `time2vie_cirruscommon`.`secondary_login` fields ( last_login_time ) values (2020-09-24 10:03:40) on conditions username = biwa003 AND company_id = 20
10:03:40 biwa003 Birgitta Wåhlander UPDATING data to tables `time2vie_cirruscommon`.`ws_sessions` fields ( user_id ) values (biwa003) on conditions session_id = 4mo13m6ibst08dlhgo70p8e721
11:56:28 biwa003 Birgitta Wåhlander UPDATING data to tables `time2vie_cirruscommon`.`ws_sessions` fields ( user_id ) values (biwa003) on conditions session_id = 4mo13m6ibst08dlhgo70p8e721
12:57:27 biwa003 Birgitta Wåhlander UPDATING data to tables `time2vie_cirruscommon`.`ws_sessions` fields ( user_id ) values (biwa003) on conditions session_id = 4mo13m6ibst08dlhgo70p8e721
13:10:41 biwa003 Birgitta Wåhlander UPDATING data to tables `time2vie_cirruscommon`.`ws_sessions` fields ( user_id ) values (biwa003) on conditions session_id = 4mo13m6ibst08dlhgo70p8e721
13:21:19 cagu001 Carina Gustafsson UPDATING data to tables `time2vie_cirruscommon`.`ws_sessions` fields ( user_id ) values (cagu001) on conditions session_id = 3uaipncod8mnm1h8hdcsrapo27
13:22:38 cagu001 Carina Gustafsson UPDATING data to tables `mc_leave` fields ( read_users ) values (biwa003,cagu001) on conditions leave_id = 1112
13:22:38 cagu001 Carina Gustafsson UPDATING data to tables `mc_leave` fields ( read_users ) values (biwa003,cagu001) on conditions leave_id = 1113
13:22:38 cagu001 Carina Gustafsson UPDATING data to tables `mc_leave` fields ( read_users ) values (biwa003,cagu001) on conditions leave_id = 1110
13:22:38 cagu001 Carina Gustafsson UPDATING data to tables `mc_leave` fields ( read_users ) values (biwa003,cagu001) on conditions leave_id = 1111
13:22:46 cagu001 Carina Gustafsson UPDATING data to tables `leave` fields ( status, appr_emp, appr_date ) values (1, cagu001, 2020-09-24 13:22:46) on conditions group_id = 1112
13:22:56 cagu001 Carina Gustafsson UPDATING data to tables `leave` fields ( status, appr_emp, appr_date ) values (1, cagu001, 2020-09-24 13:22:56) on conditions group_id = 1113
13:23:03 cagu001 Carina Gustafsson UPDATING data to tables `leave` fields ( status, appr_emp, appr_date ) values (1, cagu001, 2020-09-24 13:23:03) on conditions group_id = 1110
13:23:14 cagu001 Carina Gustafsson UPDATING data to tables `leave` fields ( status, appr_emp, appr_date ) values (1, cagu001, 2020-09-24 13:23:14) on conditions group_id = 1111
13:23:52 cagu001 Carina Gustafsson UPDATING data to tables `time2vie_cirruscommon`.`ws_sessions` fields ( user_id ) values (cagu001) on conditions session_id = 3uaipncod8mnm1h8hdcsrapo27
15:54:47 cagu001 Carina Gustafsson DELETE data from tables `temp_session` on conditions username LIKE cagu001
15:54:47 cagu001 Carina Gustafsson UPDATING data to tables `time2vie_cirruscommon`.`login` fields ( login, last_time ) values (0, 2020-09-24 15:54:47) on conditions username = cagu001
15:54:47 cagu001 Carina Gustafsson UPDATING data to tables `time2vie_cirruscommon`.`secondary_login` fields ( last_login_time ) values (2020-09-24 15:54:47) on conditions username = cagu001 AND company_id = 20
15:54:48   UPDATING data to tables `log_login` fields ( logout_time ) values (2020-09-24:13:54:47) on conditions id = 13990 AND username = cagu001
18:59:39 anka019 Anna Kawalya Westerberg INSERTING data into tables `log_login` fields ( username, ip, browser ) values ( anka019, 217.211.180.223, Mozilla/5.0 (iPhone; CPU iPhone OS 13_7 like Mac OS X) AppleWebKit/605.1.15 (KHTML, like Gecko) Version/13.1.2 Mobile/15E148 Safari/604.1 ) => {inserted_id = 14005}
18:59:39 anka019 Anna Kawalya Westerberg DELETE data from tables `temp_session` on conditions username LIKE anka019
18:59:39 anka019 Anna Kawalya Westerberg UPDATING data to tables `time2vie_cirruscommon`.`login` fields ( login, last_time ) values (1, 2020-09-24 18:59:39) on conditions username = anka019
18:59:39 anka019 Anna Kawalya Westerberg UPDATING data to tables `time2vie_cirruscommon`.`secondary_login` fields ( last_login_time ) values (2020-09-24 18:59:39) on conditions username = anka019 AND company_id = 20
18:59:40 anka019 Anna Kawalya Westerberg UPDATING data to tables `time2vie_cirruscommon`.`ws_sessions` fields ( user_id ) values (anka019) on conditions session_id = 7kbmv1ir85gojhsk7ktovffvr1
18:59:44 anka019 Anna Kawalya Westerberg UPDATING data to tables `time2vie_cirruscommon`.`ws_sessions` fields ( user_id ) values (anka019) on conditions session_id = 7kbmv1ir85gojhsk7ktovffvr1
19:00:23 anka019 Anna Kawalya Westerberg UPDATING data to tables `time2vie_cirruscommon`.`ws_sessions` fields ( user_id ) values (anka019) on conditions session_id = 7kbmv1ir85gojhsk7ktovffvr1
