04:23:20 gaan001 Gabriel Andersson UPDATING data to tables `time2vie_cirruscommon`.`secondary_login` fields ( error ) values (0) on conditions username = gaan001 AND company_id = 20
04:23:20 gaan001 Gabriel Andersson INSERTING data into tables `log_login` fields ( username, ip, browser ) values ( gaan001, 94.191.153.94, CirrusM/3 CFNetwork/1126 Darwin/19.5.0 ) => {inserted_id = 12135}
04:23:20 gaan001 Gabriel Andersson DELETE data from tables `temp_session` on conditions username LIKE gaan001
04:23:20 gaan001 Gabriel Andersson UPDATING data to tables `time2vie_cirruscommon`.`login` fields ( login, last_time ) values (1, 2020-07-11 04:23:20) on conditions username = gaan001
04:23:20 gaan001 Gabriel Andersson UPDATING data to tables `time2vie_cirruscommon`.`secondary_login` fields ( last_login_time ) values (2020-07-11 04:23:20) on conditions username = gaan001 AND company_id = 20
04:23:21 gaan001 Gabriel Andersson UPDATING data to tables `time2vie_cirruscommon`.`push_notify_tokens` fields ( user_id, updated_date, error ) values (gaan001, 2020-07-11 04:23:20, 0) on conditions fcm_token = e51KWK9giv8:APA91bGHMno1HPtH6vgtvvNaxonNc-Bkvswgm2aT4OLq90CDlFw9H2dIl7Li18JiNkP-7pUOuc6Xu8RcoS51Ilqi8H-pAIQ3wxAPozVZ-o4Xh8AcIjJdCzDdKjcmheiVAB_gYeBo2P0d AND device_id = 2639B8CA-61CF-4C5F-AF35-FA532A697892 #Mobile-App: Log-id=12135
07:06:45 anka019 Anna Kawalya Westerberg INSERTING data into tables `log_login` fields ( username, ip, browser ) values ( anka019, 90.227.20.132, Mozilla/5.0 (iPhone; CPU iPhone OS 13_4_1 like Mac OS X) AppleWebKit/605.1.15 (KHTML, like Gecko) Version/13.1 Mobile/15E148 Safari/604.1 ) => {inserted_id = 12136}
07:06:45 anka019 Anna Kawalya Westerberg DELETE data from tables `temp_session` on conditions username LIKE anka019
07:06:45 anka019 Anna Kawalya Westerberg UPDATING data to tables `time2vie_cirruscommon`.`login` fields ( login, last_time ) values (1, 2020-07-11 07:06:45) on conditions username = anka019
07:06:45 anka019 Anna Kawalya Westerberg UPDATING data to tables `time2vie_cirruscommon`.`secondary_login` fields ( last_login_time ) values (2020-07-11 07:06:45) on conditions username = anka019 AND company_id = 20
07:06:46 anka019 Anna Kawalya Westerberg UPDATING data to tables `time2vie_cirruscommon`.`ws_sessions` fields ( user_id ) values (anka019) on conditions session_id = 30f56295b03b34732730edf88acb15a1
07:33:24 emsa005 Emma Särnblom UPDATING data to tables `time2vie_cirruscommon`.`secondary_login` fields ( error ) values (0) on conditions username = emsa005 AND company_id = 20
07:33:24 emsa005 Emma Särnblom INSERTING data into tables `log_login` fields ( username, ip, browser ) values ( emsa005, 88.129.149.88, Time2View/1 CFNetwork/1126 Darwin/19.5.0 ) => {inserted_id = 12137}
07:33:24 emsa005 Emma Särnblom DELETE data from tables `temp_session` on conditions username LIKE emsa005
07:33:24 emsa005 Emma Särnblom UPDATING data to tables `time2vie_cirruscommon`.`login` fields ( login, last_time ) values (1, 2020-07-11 07:33:24) on conditions username = emsa005
07:33:24 emsa005 Emma Särnblom UPDATING data to tables `time2vie_cirruscommon`.`secondary_login` fields ( last_login_time ) values (2020-07-11 07:33:24) on conditions username = emsa005 AND company_id = 20
07:59:57 anwa006 Andréas Wallin UPDATING data to tables `time2vie_cirruscommon`.`secondary_login` fields ( error ) values (0) on conditions username = anwa006 AND company_id = 20
07:59:57 anwa006 Andréas Wallin INSERTING data into tables `log_login` fields ( username, ip, browser ) values ( anwa006, 94.103.194.75, okhttp/3.9.1 ) => {inserted_id = 12138}
07:59:57 anwa006 Andréas Wallin DELETE data from tables `temp_session` on conditions username LIKE anwa006
07:59:57 anwa006 Andréas Wallin UPDATING data to tables `time2vie_cirruscommon`.`login` fields ( login, last_time ) values (1, 2020-07-11 07:59:57) on conditions username = anwa006
07:59:57 anwa006 Andréas Wallin UPDATING data to tables `time2vie_cirruscommon`.`secondary_login` fields ( last_login_time ) values (2020-07-11 07:59:57) on conditions username = anwa006 AND company_id = 20
08:03:05 nias002 Ninnie Åström UPDATING data to tables `time2vie_cirruscommon`.`secondary_login` fields ( error ) values (0) on conditions username = nias002 AND company_id = 20
08:03:05 nias002 Ninnie Åström INSERTING data into tables `log_login` fields ( username, ip, browser ) values ( nias002, 81.170.178.234, Time2View/1 CFNetwork/1126 Darwin/19.5.0 ) => {inserted_id = 12139}
08:03:05 nias002 Ninnie Åström DELETE data from tables `temp_session` on conditions username LIKE nias002
08:03:05 nias002 Ninnie Åström UPDATING data to tables `time2vie_cirruscommon`.`login` fields ( login, last_time ) values (1, 2020-07-11 08:03:05) on conditions username = nias002
08:03:05 nias002 Ninnie Åström UPDATING data to tables `time2vie_cirruscommon`.`secondary_login` fields ( last_login_time ) values (2020-07-11 08:03:05) on conditions username = nias002 AND company_id = 20
08:51:14 anwa006 Andréas Wallin UPDATING data to tables `time2vie_cirruscommon`.`secondary_login` fields ( error ) values (0) on conditions username = anwa006 AND company_id = 20
08:51:14 anwa006 Andréas Wallin INSERTING data into tables `log_login` fields ( username, ip, browser ) values ( anwa006, 94.103.194.75, okhttp/3.9.1 ) => {inserted_id = 12140}
08:51:14 anwa006 Andréas Wallin DELETE data from tables `temp_session` on conditions username LIKE anwa006
08:51:14 anwa006 Andréas Wallin UPDATING data to tables `time2vie_cirruscommon`.`login` fields ( login, last_time ) values (1, 2020-07-11 08:51:14) on conditions username = anwa006
08:51:14 anwa006 Andréas Wallin UPDATING data to tables `time2vie_cirruscommon`.`secondary_login` fields ( last_login_time ) values (2020-07-11 08:51:14) on conditions username = anwa006 AND company_id = 20
09:55:59 anwa006 Andréas Wallin UPDATING data to tables `time2vie_cirruscommon`.`secondary_login` fields ( error ) values (0) on conditions username = anwa006 AND company_id = 20
09:55:59 anwa006 Andréas Wallin INSERTING data into tables `log_login` fields ( username, ip, browser ) values ( anwa006, 94.191.153.31, okhttp/3.9.1 ) => {inserted_id = 12141}
09:55:59 anwa006 Andréas Wallin DELETE data from tables `temp_session` on conditions username LIKE anwa006
09:55:59 anwa006 Andréas Wallin UPDATING data to tables `time2vie_cirruscommon`.`login` fields ( login, last_time ) values (1, 2020-07-11 09:55:59) on conditions username = anwa006
09:55:59 anwa006 Andréas Wallin UPDATING data to tables `time2vie_cirruscommon`.`secondary_login` fields ( last_login_time ) values (2020-07-11 09:55:59) on conditions username = anwa006 AND company_id = 20
09:58:42 anwa006 Andréas Wallin DELETE data from tables `time2vie_cirruscommon`.`push_notify_tokens` on conditions user_id = anwa006 AND fcm_token = dHE2wTyUdeE:APA91bFjuuUaMowOHYHpTBR98Bzpqp7BnZFLwqadp0FLxbukac6KATT9DA6eBxYIQAWjdJL42yyftwddyvDkUddmZyA2wLmH4e4_oCIRRmwRch2MyF2L2C91o70oLjUcWrQv4HYQU7Wb #Mobile-App: Log-id=12141
09:58:42 anwa006 Andréas Wallin DELETE data from tables `temp_session` on conditions username LIKE anwa006 #Mobile-App: Log-id=12141
09:58:42 anwa006 Andréas Wallin UPDATING data to tables `time2vie_cirruscommon`.`login` fields ( login, last_time ) values (0, 2020-07-11 09:58:42) on conditions username = anwa006 #Mobile-App: Log-id=12141
09:58:42 anwa006 Andréas Wallin UPDATING data to tables `time2vie_cirruscommon`.`secondary_login` fields ( last_login_time ) values (2020-07-11 09:58:42) on conditions username = anwa006 AND company_id = 20 #Mobile-App: Log-id=12141
09:58:51 anwa006 Andréas Wallin UPDATING data to tables `time2vie_cirruscommon`.`secondary_login` fields ( error ) values (0) on conditions username = anwa006 AND company_id = 20
09:58:51 anwa006 Andréas Wallin INSERTING data into tables `log_login` fields ( username, ip, browser ) values ( anwa006, 94.191.153.31, okhttp/3.9.1 ) => {inserted_id = 12142}
09:58:51 anwa006 Andréas Wallin DELETE data from tables `temp_session` on conditions username LIKE anwa006
09:58:51 anwa006 Andréas Wallin UPDATING data to tables `time2vie_cirruscommon`.`login` fields ( login, last_time ) values (1, 2020-07-11 09:58:51) on conditions username = anwa006
09:58:51 anwa006 Andréas Wallin UPDATING data to tables `time2vie_cirruscommon`.`secondary_login` fields ( last_login_time ) values (2020-07-11 09:58:51) on conditions username = anwa006 AND company_id = 20
11:12:18 elbe006 Elin Berntsson UPDATING data to tables `time2vie_cirruscommon`.`secondary_login` fields ( error ) values (0) on conditions username = elbe006 AND company_id = 20
11:12:18 elbe006 Elin Berntsson INSERTING data into tables `log_login` fields ( username, ip, browser ) values ( elbe006, 193.234.110.211, okhttp/3.9.1 ) => {inserted_id = 12143}
11:12:18 elbe006 Elin Berntsson DELETE data from tables `temp_session` on conditions username LIKE elbe006
11:12:18 elbe006 Elin Berntsson UPDATING data to tables `time2vie_cirruscommon`.`login` fields ( login, last_time ) values (1, 2020-07-11 11:12:18) on conditions username = elbe006
11:12:18 elbe006 Elin Berntsson UPDATING data to tables `time2vie_cirruscommon`.`secondary_login` fields ( last_login_time ) values (2020-07-11 11:12:18) on conditions username = elbe006 AND company_id = 20
11:16:26 anwa006 Andréas Wallin UPDATING data to tables `time2vie_cirruscommon`.`secondary_login` fields ( error ) values (0) on conditions username = anwa006 AND company_id = 20
11:16:26 anwa006 Andréas Wallin INSERTING data into tables `log_login` fields ( username, ip, browser ) values ( anwa006, 94.191.153.31, okhttp/3.9.1 ) => {inserted_id = 12144}
11:16:26 anwa006 Andréas Wallin DELETE data from tables `temp_session` on conditions username LIKE anwa006
11:16:26 anwa006 Andréas Wallin UPDATING data to tables `time2vie_cirruscommon`.`login` fields ( login, last_time ) values (1, 2020-07-11 11:16:26) on conditions username = anwa006
11:16:26 anwa006 Andréas Wallin UPDATING data to tables `time2vie_cirruscommon`.`secondary_login` fields ( last_login_time ) values (2020-07-11 11:16:26) on conditions username = anwa006 AND company_id = 20
11:45:08 biwa003 Birgitta Wåhlander INSERTING data into tables `log_login` fields ( username, ip, browser ) values ( biwa003, 185.27.165.66, Mozilla/5.0 (iPad; CPU OS 13_5 like Mac OS X) AppleWebKit/605.1.15 (KHTML, like Gecko) CriOS/83.0.4103.88 Mobile/15E148 Safari/604.1 ) => {inserted_id = 12145}
11:45:08 biwa003 Birgitta Wåhlander DELETE data from tables `temp_session` on conditions username LIKE biwa003
11:45:08 biwa003 Birgitta Wåhlander UPDATING data to tables `time2vie_cirruscommon`.`login` fields ( login, last_time ) values (1, 2020-07-11 11:45:08) on conditions username = biwa003
11:45:08 biwa003 Birgitta Wåhlander UPDATING data to tables `time2vie_cirruscommon`.`secondary_login` fields ( last_login_time ) values (2020-07-11 11:45:08) on conditions username = biwa003 AND company_id = 20
11:45:09 biwa003 Birgitta Wåhlander UPDATING data to tables `time2vie_cirruscommon`.`ws_sessions` fields ( user_id ) values (biwa003) on conditions session_id = 9b61cca132233f35e434fe92d6dca184
11:45:32 biwa003 Birgitta Wåhlander UPDATING data to tables `timetable` fields ( customer, employee, date, time_from, time_to, fkkn, type, status, comment ) values (chwa001, anwa006, 2020-07-11, 8.00, 13.00, 1, 0, 1, ) on conditions id = 12785
13:20:39 thca002 Therese Calic UPDATING data to tables `time2vie_cirruscommon`.`secondary_login` fields ( error ) values (0) on conditions username = thca002 AND company_id = 20
13:20:39 thca002 Therese Calic INSERTING data into tables `log_login` fields ( username, ip, browser ) values ( thca002, 83.187.179.161, Time2View/1 CFNetwork/1126 Darwin/19.5.0 ) => {inserted_id = 12146}
13:20:39 thca002 Therese Calic DELETE data from tables `temp_session` on conditions username LIKE thca002
13:20:39 thca002 Therese Calic UPDATING data to tables `time2vie_cirruscommon`.`login` fields ( login, last_time ) values (1, 2020-07-11 13:20:39) on conditions username = thca002
13:20:39 thca002 Therese Calic UPDATING data to tables `time2vie_cirruscommon`.`secondary_login` fields ( last_login_time ) values (2020-07-11 13:20:39) on conditions username = thca002 AND company_id = 20
13:29:49 biwa003 Birgitta Wåhlander INSERTING data into tables `log_login` fields ( username, ip, browser ) values ( biwa003, 185.27.165.66, Mozilla/5.0 (iPad; CPU OS 13_5 like Mac OS X) AppleWebKit/605.1.15 (KHTML, like Gecko) CriOS/83.0.4103.88 Mobile/15E148 Safari/604.1 ) => {inserted_id = 12147}
13:29:49 biwa003 Birgitta Wåhlander DELETE data from tables `temp_session` on conditions username LIKE biwa003
13:29:49 biwa003 Birgitta Wåhlander UPDATING data to tables `time2vie_cirruscommon`.`login` fields ( login, last_time ) values (1, 2020-07-11 13:29:49) on conditions username = biwa003
13:29:49 biwa003 Birgitta Wåhlander UPDATING data to tables `time2vie_cirruscommon`.`secondary_login` fields ( last_login_time ) values (2020-07-11 13:29:49) on conditions username = biwa003 AND company_id = 20
13:29:50 biwa003 Birgitta Wåhlander UPDATING data to tables `time2vie_cirruscommon`.`ws_sessions` fields ( user_id ) values (biwa003) on conditions session_id = aca36f3b38515384806919c2ff4d45b0
13:32:03 biwa003 Birgitta Wåhlander UPDATING data to tables `timetable` fields ( customer, employee, date, time_from, time_to, fkkn, type, status, comment ) values (chwa001, biwa003, 2020-07-07, 0.00, 6.15, 1, 0, 1, ) on conditions id = 16949
13:36:12 biwa003 Birgitta Wåhlander UPDATING data to tables `timetable` fields ( customer, employee, date, time_from, time_to, fkkn, type, status, comment ) values (chwa001, biwa003, 2020-08-06, 10.30, 18.30, 1, 0, 1, ) on conditions id = 12881
13:36:28 biwa003 Birgitta Wåhlander UPDATING data to tables `timetable` fields ( customer, employee, date, time_from, time_to, fkkn, type, status, comment ) values (chwa001, lawa002, 2020-08-06, 7.00, 15.00, 1, 0, 1, ) on conditions id = 15201
13:36:39 biwa003 Birgitta Wåhlander UPDATING data to tables `timetable` fields ( customer, employee, date, time_from, time_to, fkkn, type, status, comment ) values (chwa001, gaan001, 2020-08-06, 10.30, 18.30, 1, 0, 1, ) on conditions id = 12881
13:59:19 gaan001 Gabriel Andersson UPDATING data to tables `time2vie_cirruscommon`.`secondary_login` fields ( error ) values (0) on conditions username = gaan001 AND company_id = 20
13:59:19 gaan001 Gabriel Andersson INSERTING data into tables `log_login` fields ( username, ip, browser ) values ( gaan001, 94.103.194.75, CirrusM/3 CFNetwork/1126 Darwin/19.5.0 ) => {inserted_id = 12148}
13:59:19 gaan001 Gabriel Andersson DELETE data from tables `temp_session` on conditions username LIKE gaan001
13:59:19 gaan001 Gabriel Andersson UPDATING data to tables `time2vie_cirruscommon`.`login` fields ( login, last_time ) values (1, 2020-07-11 13:59:19) on conditions username = gaan001
13:59:19 gaan001 Gabriel Andersson UPDATING data to tables `time2vie_cirruscommon`.`secondary_login` fields ( last_login_time ) values (2020-07-11 13:59:19) on conditions username = gaan001 AND company_id = 20
13:59:19 gaan001 Gabriel Andersson UPDATING data to tables `time2vie_cirruscommon`.`push_notify_tokens` fields ( user_id, updated_date, error ) values (gaan001, 2020-07-11 13:59:19, 0) on conditions fcm_token = e51KWK9giv8:APA91bGHMno1HPtH6vgtvvNaxonNc-Bkvswgm2aT4OLq90CDlFw9H2dIl7Li18JiNkP-7pUOuc6Xu8RcoS51Ilqi8H-pAIQ3wxAPozVZ-o4Xh8AcIjJdCzDdKjcmheiVAB_gYeBo2P0d AND device_id = 2639B8CA-61CF-4C5F-AF35-FA532A697892 #Mobile-App: Log-id=12148
14:24:31 hejo003 Helen Jörnås UPDATING data to tables `time2vie_cirruscommon`.`secondary_login` fields ( error ) values (0) on conditions username = hejo003 AND company_id = 20
14:24:31 hejo003 Helen Jörnås INSERTING data into tables `log_login` fields ( username, ip, browser ) values ( hejo003, 217.214.148.114, okhttp/3.9.1 ) => {inserted_id = 12149}
14:24:31 hejo003 Helen Jörnås DELETE data from tables `temp_session` on conditions username LIKE hejo003
14:24:31 hejo003 Helen Jörnås UPDATING data to tables `time2vie_cirruscommon`.`login` fields ( login, last_time ) values (1, 2020-07-11 14:24:31) on conditions username = hejo003
14:24:31 hejo003 Helen Jörnås UPDATING data to tables `time2vie_cirruscommon`.`secondary_login` fields ( last_login_time ) values (2020-07-11 14:24:31) on conditions username = hejo003 AND company_id = 20
22:50:24 gaan001 Gabriel Andersson UPDATING data to tables `time2vie_cirruscommon`.`secondary_login` fields ( error ) values (0) on conditions username = gaan001 AND company_id = 20
22:50:24 gaan001 Gabriel Andersson INSERTING data into tables `log_login` fields ( username, ip, browser ) values ( gaan001, 217.73.108.115, CirrusM/3 CFNetwork/1126 Darwin/19.5.0 ) => {inserted_id = 12150}
22:50:24 gaan001 Gabriel Andersson DELETE data from tables `temp_session` on conditions username LIKE gaan001
22:50:24 gaan001 Gabriel Andersson UPDATING data to tables `time2vie_cirruscommon`.`login` fields ( login, last_time ) values (1, 2020-07-11 22:50:24) on conditions username = gaan001
22:50:24 gaan001 Gabriel Andersson UPDATING data to tables `time2vie_cirruscommon`.`secondary_login` fields ( last_login_time ) values (2020-07-11 22:50:24) on conditions username = gaan001 AND company_id = 20
22:50:24 gaan001 Gabriel Andersson UPDATING data to tables `time2vie_cirruscommon`.`push_notify_tokens` fields ( user_id, updated_date, error ) values (gaan001, 2020-07-11 22:50:24, 0) on conditions fcm_token = e51KWK9giv8:APA91bGHMno1HPtH6vgtvvNaxonNc-Bkvswgm2aT4OLq90CDlFw9H2dIl7Li18JiNkP-7pUOuc6Xu8RcoS51Ilqi8H-pAIQ3wxAPozVZ-o4Xh8AcIjJdCzDdKjcmheiVAB_gYeBo2P0d AND device_id = 2639B8CA-61CF-4C5F-AF35-FA532A697892 #Mobile-App: Log-id=12150
00:49:58 anwa006 Andréas Wallin UPDATING data to tables `time2vie_cirruscommon`.`secondary_login` fields ( error ) values (0) on conditions username = anwa006 AND company_id = 20
00:49:58 anwa006 Andréas Wallin INSERTING data into tables `log_login` fields ( username, ip, browser ) values ( anwa006, 82.196.108.141, okhttp/3.9.1 ) => {inserted_id = 12151}
00:49:58 anwa006 Andréas Wallin DELETE data from tables `temp_session` on conditions username LIKE anwa006
00:49:58 anwa006 Andréas Wallin UPDATING data to tables `time2vie_cirruscommon`.`login` fields ( login, last_time ) values (1, 2020-07-12 00:49:58) on conditions username = anwa006
00:49:58 anwa006 Andréas Wallin UPDATING data to tables `time2vie_cirruscommon`.`secondary_login` fields ( last_login_time ) values (2020-07-12 00:49:58) on conditions username = anwa006 AND company_id = 20
