03:58:08 anka020 Annika Karlsson UPDATING data to tables `time2vie_cirruscommon`.`secondary_login` fields ( error ) values (0) on conditions username = anka020 AND company_id = 20
03:58:08 anka020 Annika Karlsson INSERTING data into tables `log_login` fields ( username, ip, browser ) values ( anka020, 185.27.164.39, okhttp/3.9.1 ) => {inserted_id = 8173}
03:58:08 anka020 Annika Karlsson DELETE data from tables `temp_session` on conditions username LIKE anka020
03:58:08 anka020 Annika Karlsson UPDATING data to tables `time2vie_cirruscommon`.`login` fields ( login, last_time ) values (1, 2020-02-13 03:58:08) on conditions username = anka020
03:58:08 anka020 Annika Karlsson UPDATING data to tables `time2vie_cirruscommon`.`secondary_login` fields ( last_login_time ) values (2020-02-13 03:58:08) on conditions username = anka020 AND company_id = 20
07:52:44 hejo003 Helen Jörnås UPDATING data to tables `time2vie_cirruscommon`.`secondary_login` fields ( error ) values (0) on conditions username = hejo003 AND company_id = 20
07:52:44 hejo003 Helen Jörnås INSERTING data into tables `log_login` fields ( username, ip, browser ) values ( hejo003, 90.224.82.244, okhttp/3.9.1 ) => {inserted_id = 8174}
07:52:44 hejo003 Helen Jörnås DELETE data from tables `temp_session` on conditions username LIKE hejo003
07:52:44 hejo003 Helen Jörnås UPDATING data to tables `time2vie_cirruscommon`.`login` fields ( login, last_time ) values (1, 2020-02-13 07:52:44) on conditions username = hejo003
07:52:44 hejo003 Helen Jörnås UPDATING data to tables `time2vie_cirruscommon`.`secondary_login` fields ( last_login_time ) values (2020-02-13 07:52:44) on conditions username = hejo003 AND company_id = 20
08:28:27 hejo003 Helen Jörnås UPDATING data to tables `time2vie_cirruscommon`.`secondary_login` fields ( error ) values (0) on conditions username = hejo003 AND company_id = 20
08:28:27 hejo003 Helen Jörnås INSERTING data into tables `log_login` fields ( username, ip, browser ) values ( hejo003, 90.224.82.244, okhttp/3.9.1 ) => {inserted_id = 8175}
08:28:27 hejo003 Helen Jörnås DELETE data from tables `temp_session` on conditions username LIKE hejo003
08:28:27 hejo003 Helen Jörnås UPDATING data to tables `time2vie_cirruscommon`.`login` fields ( login, last_time ) values (1, 2020-02-13 08:28:27) on conditions username = hejo003
08:28:27 hejo003 Helen Jörnås UPDATING data to tables `time2vie_cirruscommon`.`secondary_login` fields ( last_login_time ) values (2020-02-13 08:28:27) on conditions username = hejo003 AND company_id = 20
09:02:24 anwa006 Andréas Wallin UPDATING data to tables `time2vie_cirruscommon`.`secondary_login` fields ( error ) values (0) on conditions username = anwa006 AND company_id = 20
09:02:24 anwa006 Andréas Wallin INSERTING data into tables `log_login` fields ( username, ip, browser ) values ( anwa006, 82.196.108.141, okhttp/3.9.1 ) => {inserted_id = 8176}
09:02:24 anwa006 Andréas Wallin DELETE data from tables `temp_session` on conditions username LIKE anwa006
09:02:24 anwa006 Andréas Wallin UPDATING data to tables `time2vie_cirruscommon`.`login` fields ( login, last_time ) values (1, 2020-02-13 09:02:24) on conditions username = anwa006
09:02:24 anwa006 Andréas Wallin UPDATING data to tables `time2vie_cirruscommon`.`secondary_login` fields ( last_login_time ) values (2020-02-13 09:02:24) on conditions username = anwa006 AND company_id = 20
09:29:54 biwa003 Birgitta Wåhlander INSERTING data into tables `log_login` fields ( username, ip, browser ) values ( biwa003, 193.234.72.157, Mozilla/5.0 (Windows NT 10.0; Win64; x64) AppleWebKit/537.36 (KHTML, like Gecko) Chrome/79.0.3945.130 Safari/537.36 ) => {inserted_id = 8177}
09:29:54 biwa003 Birgitta Wåhlander DELETE data from tables `temp_session` on conditions username LIKE biwa003
09:29:54 biwa003 Birgitta Wåhlander UPDATING data to tables `time2vie_cirruscommon`.`login` fields ( login, last_time ) values (1, 2020-02-13 09:29:54) on conditions username = biwa003
09:29:54 biwa003 Birgitta Wåhlander UPDATING data to tables `time2vie_cirruscommon`.`secondary_login` fields ( last_login_time ) values (2020-02-13 09:29:54) on conditions username = biwa003 AND company_id = 20
09:29:55 biwa003 Birgitta Wåhlander UPDATING data to tables `time2vie_cirruscommon`.`ws_sessions` fields ( user_id ) values (biwa003) on conditions session_id = 6ad63d260515e0846169bc45b0bc08e5
09:38:09 anwa006 Andréas Wallin UPDATING data to tables `time2vie_cirruscommon`.`secondary_login` fields ( error ) values (0) on conditions username = anwa006 AND company_id = 20
09:38:09 anwa006 Andréas Wallin INSERTING data into tables `log_login` fields ( username, ip, browser ) values ( anwa006, 82.196.108.141, okhttp/3.9.1 ) => {inserted_id = 8178}
09:38:09 anwa006 Andréas Wallin DELETE data from tables `temp_session` on conditions username LIKE anwa006
09:38:09 anwa006 Andréas Wallin UPDATING data to tables `time2vie_cirruscommon`.`login` fields ( login, last_time ) values (1, 2020-02-13 09:38:09) on conditions username = anwa006
09:38:09 anwa006 Andréas Wallin UPDATING data to tables `time2vie_cirruscommon`.`secondary_login` fields ( last_login_time ) values (2020-02-13 09:38:09) on conditions username = anwa006 AND company_id = 20
09:58:22 liha009 Linnéa Handin UPDATING data to tables `time2vie_cirruscommon`.`secondary_login` fields ( error ) values (0) on conditions username = liha009 AND company_id = 20
09:58:22 liha009 Linnéa Handin INSERTING data into tables `log_login` fields ( username, ip, browser ) values ( liha009, 78.69.73.236, Time2View/2 CFNetwork/1121.2.2 Darwin/19.3.0 ) => {inserted_id = 8179}
09:58:22 liha009 Linnéa Handin DELETE data from tables `temp_session` on conditions username LIKE liha009
09:58:22 liha009 Linnéa Handin UPDATING data to tables `time2vie_cirruscommon`.`login` fields ( login, last_time ) values (1, 2020-02-13 09:58:22) on conditions username = liha009
09:58:22 liha009 Linnéa Handin UPDATING data to tables `time2vie_cirruscommon`.`secondary_login` fields ( last_login_time ) values (2020-02-13 09:58:22) on conditions username = liha009 AND company_id = 20
10:34:03 biwa003 Birgitta Wåhlander UPDATING data to tables `timetable` fields ( customer, employee, date, time_from, time_to, fkkn, type, status, comment ) values (chwa001, anwa006, 2020-02-17, 7.00, 15.00, 1, 0, 1, 12:45 byte av peg på röntgen) on conditions id = 10134
10:34:37 biwa003 Birgitta Wåhlander UPDATING data to tables `timetable` fields ( customer, employee, date, time_from, time_to, fkkn, type, status, comment ) values (chwa001, lawa002, 2020-02-17, 10.30, 18.30, 1, 0, 1, 12:45 byte av peg på röntgen) on conditions id = 11997
11:10:23 anwa006 Andréas Wallin UPDATING data to tables `time2vie_cirruscommon`.`secondary_login` fields ( error ) values (0) on conditions username = anwa006 AND company_id = 20
11:10:23 anwa006 Andréas Wallin INSERTING data into tables `log_login` fields ( username, ip, browser ) values ( anwa006, 94.103.194.75, okhttp/3.9.1 ) => {inserted_id = 8180}
11:10:23 anwa006 Andréas Wallin DELETE data from tables `temp_session` on conditions username LIKE anwa006
11:10:23 anwa006 Andréas Wallin UPDATING data to tables `time2vie_cirruscommon`.`login` fields ( login, last_time ) values (1, 2020-02-13 11:10:23) on conditions username = anwa006
11:10:23 anwa006 Andréas Wallin UPDATING data to tables `time2vie_cirruscommon`.`secondary_login` fields ( last_login_time ) values (2020-02-13 11:10:23) on conditions username = anwa006 AND company_id = 20
11:22:06 hebe001 Helen Bengtsson INSERTING data into tables `log_login` fields ( username, ip, browser ) values ( hebe001, 217.73.108.78, Mozilla/5.0 (Windows NT 6.1; Win64; x64) AppleWebKit/537.36 (KHTML, like Gecko) Chrome/80.0.3987.100 Safari/537.36 ) => {inserted_id = 8181}
11:22:06 hebe001 Helen Bengtsson DELETE data from tables `temp_session` on conditions username LIKE hebe001
11:22:06 hebe001 Helen Bengtsson UPDATING data to tables `time2vie_cirruscommon`.`login` fields ( login, last_time ) values (1, 2020-02-13 11:22:06) on conditions username = hebe001
11:22:06 hebe001 Helen Bengtsson UPDATING data to tables `time2vie_cirruscommon`.`secondary_login` fields ( last_login_time ) values (2020-02-13 11:22:06) on conditions username = hebe001 AND company_id = 20
11:22:07 hebe001 Helen Bengtsson UPDATING data to tables `time2vie_cirruscommon`.`ws_sessions` fields ( user_id ) values (hebe001) on conditions session_id = bf7fd631e81fd2819fff55cf83acf51f
11:23:21 hebe001 Helen Bengtsson INSERTING data into tables `timetable` fields ( employee, customer, fkkn, type, date, time_from, time_to, status, created_status, alloc_emp, comment ) values ( vigu002, tibe002, 1, 7, 2020-02-04, 9.30, 11.30, 1, , hebe001,  ) => {inserted_id = 14845}
11:23:21 hebe001 Helen Bengtsson INSERTING data into tables `memory_slots` fields ( customer, time_from, time_to, type ) values ( tibe002, 9.30, 11.30, 7 ) => {inserted_id = 261}
11:23:54 hebe001 Helen Bengtsson INSERTING data into tables `timetable` fields ( employee, customer, fkkn, type, date, time_from, time_to, status, created_status, alloc_emp, comment ) values ( hejo003, tibe002, 1, 7, 2020-02-04, 9.30, 11.30, 1, , hebe001,  ) => {inserted_id = 14846}
11:24:20 hebe001 Helen Bengtsson INSERTING data into tables `timetable` fields ( employee, customer, type, date, time_from, time_to, fkkn, status, relation_id, alloc_emp ) values ( peka002, tibe002, 0, 2020-02-04, 8.30, 9.30, 1, 1, , cagu001 ) => {inserted_id = 14847}
11:24:20 hebe001 Helen Bengtsson UPDATING data to tables `timetable` fields ( time_from ) values (9.30) on conditions id = 10343
11:24:52 hebe001 Helen Bengtsson UPDATING data to tables `timetable` fields ( customer, employee, date, time_from, time_to, fkkn, type, status, comment ) values (tibe002, peka002, 2020-02-04, 12.00, 16.30, 1, 0, 1, ) on conditions id = 10343
11:25:23 hebe001 Helen Bengtsson INSERTING data into tables `timetable` fields ( employee, customer, fkkn, type, date, time_from, time_to, status, created_status, alloc_emp, comment ) values ( peka002, tibe002, 1, 7, 2020-02-04, 9.30, 11.30, 1, , hebe001,  ) => {inserted_id = 14848}
11:26:00 hebe001 Helen Bengtsson INSERTING data into tables `timetable` fields ( employee, customer, fkkn, type, date, time_from, time_to, status, created_status, alloc_emp, comment ) values ( anka020, tibe002, 1, 7, 2020-02-04, 9.30, 11.30, 1, , hebe001,  ) => {inserted_id = 14849}
11:54:11 biwa003 Birgitta Wåhlander UPDATING data to tables `time2vie_cirruscommon`.`ws_sessions` fields ( user_id ) values (biwa003) on conditions session_id = 6ad63d260515e0846169bc45b0bc08e5
11:57:48 cagu001 Carina Gustafsson INSERTING data into tables `log_login` fields ( username, ip, browser ) values ( cagu001, 193.234.72.157, Mozilla/5.0 (Windows NT 10.0; Win64; x64) AppleWebKit/537.36 (KHTML, like Gecko) Chrome/80.0.3987.87 Safari/537.36 ) => {inserted_id = 8182}
11:57:48 cagu001 Carina Gustafsson DELETE data from tables `temp_session` on conditions username LIKE cagu001
11:57:48 cagu001 Carina Gustafsson UPDATING data to tables `time2vie_cirruscommon`.`login` fields ( login, last_time ) values (1, 2020-02-13 11:57:48) on conditions username = cagu001
11:57:48 cagu001 Carina Gustafsson UPDATING data to tables `time2vie_cirruscommon`.`secondary_login` fields ( last_login_time ) values (2020-02-13 11:57:48) on conditions username = cagu001 AND company_id = 20
11:57:49 cagu001 Carina Gustafsson UPDATING data to tables `time2vie_cirruscommon`.`ws_sessions` fields ( user_id ) values (cagu001) on conditions session_id = 8a45366f142eaae06ef0002f2d72676a
12:08:35 liha009 Linnéa Handin UPDATING data to tables `time2vie_cirruscommon`.`secondary_login` fields ( error ) values (0) on conditions username = liha009 AND company_id = 20
12:08:35 liha009 Linnéa Handin INSERTING data into tables `log_login` fields ( username, ip, browser ) values ( liha009, 78.69.73.236, Time2View/2 CFNetwork/1121.2.2 Darwin/19.3.0 ) => {inserted_id = 8183}
12:08:35 liha009 Linnéa Handin DELETE data from tables `temp_session` on conditions username LIKE liha009
12:08:35 liha009 Linnéa Handin UPDATING data to tables `time2vie_cirruscommon`.`login` fields ( login, last_time ) values (1, 2020-02-13 12:08:35) on conditions username = liha009
12:08:35 liha009 Linnéa Handin UPDATING data to tables `time2vie_cirruscommon`.`secondary_login` fields ( last_login_time ) values (2020-02-13 12:08:35) on conditions username = liha009 AND company_id = 20
12:42:24 biwa003 Birgitta Wåhlander UPDATING data to tables `time2vie_cirruscommon`.`ws_sessions` fields ( user_id ) values (biwa003) on conditions session_id = 6ad63d260515e0846169bc45b0bc08e5
12:56:05 hejo003 Helen Jörnås UPDATING data to tables `time2vie_cirruscommon`.`secondary_login` fields ( error ) values (0) on conditions username = hejo003 AND company_id = 20
12:56:05 hejo003 Helen Jörnås INSERTING data into tables `log_login` fields ( username, ip, browser ) values ( hejo003, 90.224.82.244, okhttp/3.9.1 ) => {inserted_id = 8184}
12:56:05 hejo003 Helen Jörnås DELETE data from tables `temp_session` on conditions username LIKE hejo003
12:56:05 hejo003 Helen Jörnås UPDATING data to tables `time2vie_cirruscommon`.`login` fields ( login, last_time ) values (1, 2020-02-13 12:56:05) on conditions username = hejo003
12:56:05 hejo003 Helen Jörnås UPDATING data to tables `time2vie_cirruscommon`.`secondary_login` fields ( last_login_time ) values (2020-02-13 12:56:05) on conditions username = hejo003 AND company_id = 20
13:14:18 peka002 Petronella Karlsson UPDATING data to tables `time2vie_cirruscommon`.`secondary_login` fields ( error ) values (0) on conditions username = peka002 AND company_id = 20
13:14:18 peka002 Petronella Karlsson INSERTING data into tables `log_login` fields ( username, ip, browser ) values ( peka002, 83.253.202.21, Time2View/2 CFNetwork/1121.2.2 Darwin/19.3.0 ) => {inserted_id = 8185}
13:14:18 peka002 Petronella Karlsson DELETE data from tables `temp_session` on conditions username LIKE peka002
13:14:18 peka002 Petronella Karlsson UPDATING data to tables `time2vie_cirruscommon`.`login` fields ( login, last_time ) values (1, 2020-02-13 13:14:18) on conditions username = peka002
13:14:18 peka002 Petronella Karlsson UPDATING data to tables `time2vie_cirruscommon`.`secondary_login` fields ( last_login_time ) values (2020-02-13 13:14:18) on conditions username = peka002 AND company_id = 20
13:53:07 hebe001 Helen Bengtsson UPDATING data to tables `time2vie_cirruscommon`.`ws_sessions` fields ( user_id ) values (hebe001) on conditions session_id = bf7fd631e81fd2819fff55cf83acf51f
14:12:54 cagu001 Carina Gustafsson UPDATING data to tables `time2vie_cirruscommon`.`login` fields ( role, mobile ) values (3, 763373878) on conditions username = masv008
14:12:54 cagu001 Carina Gustafsson UPDATING data to tables `employee` fields ( code, century, social_security, first_name, last_name, gender, address, city, post, phone, mobile, email, date, color, status, date_inactive, max_hours, monthly_salary, start_day, remaining_sem_leave, sem_leave_todate, leave_in_advance, care_of, office_personal, substitute, salary_type, sem_leave_days, vab_leave_days, fp_leave_days, nopay_leave_days, other_leave_days, ice, employee_contract_start_month, employee_contract_period_date, employee_contract_period_length, candg_follow, inconvenient_on ) values (6-2, 19, 8503062740, Magdalena, Svensson, 2, Ringvägen 103 A, VARBERG, 432 43, , 763373878, Magdalena_svensson_@hotmail.com, 2019-04-01, #60c435, 0, 2020-02-13, 17.00, 0, 10.00, 0, , 0, , 0, 0, 1, 1, 1, 1, 1, 1, , 04, 1, 04, 0, 1) on conditions username = masv008
14:12:54 cagu001 Carina Gustafsson DELETE data from tables `timetable` on conditions date >= 2020-02-13 AND employee = masv008
14:12:54 cagu001 Carina Gustafsson DELETE data from tables `leave` on conditions date >= 2020-02-13 AND employee = masv008
14:12:54 cagu001 Carina Gustafsson DELETE data from tables `team` on conditions employee = masv008
14:12:54 cagu001 Carina Gustafsson INSERTING data into tables `team` fields ( customer, employee, role ) values ( tibe002, masv008, 3 ) => {inserted_id = 0}
14:21:55 mato007 Mattias Torbiörnson INSERTING data into tables `log_login` fields ( username, ip, browser ) values ( mato007, 94.103.194.75, Mozilla/5.0 (Windows NT 10.0; Win64; x64) AppleWebKit/537.36 (KHTML, like Gecko) Chrome/79.0.3945.130 Safari/537.36 ) => {inserted_id = 8186}
14:21:55 mato007 Mattias Torbiörnson DELETE data from tables `temp_session` on conditions username LIKE mato007
14:21:55 mato007 Mattias Torbiörnson UPDATING data to tables `time2vie_cirruscommon`.`login` fields ( login, last_time ) values (1, 2020-02-13 14:21:55) on conditions username = mato007
14:21:55 mato007 Mattias Torbiörnson UPDATING data to tables `time2vie_cirruscommon`.`secondary_login` fields ( last_login_time ) values (2020-02-13 14:21:55) on conditions username = mato007 AND company_id = 20
14:22:07 mato007 Mattias Torbiörnson INSERTING data into tables `log_login` fields ( username, ip, browser ) values ( mato007, 94.103.194.75, Mozilla/5.0 (Windows NT 10.0; Win64; x64) AppleWebKit/537.36 (KHTML, like Gecko) Chrome/79.0.3945.130 Safari/537.36 ) => {inserted_id = 8187}
14:22:07 mato007 Mattias Torbiörnson DELETE data from tables `temp_session` on conditions username LIKE mato007
14:22:07 mato007 Mattias Torbiörnson UPDATING data to tables `time2vie_cirruscommon`.`login` fields ( login, last_time ) values (1, 2020-02-13 14:22:07) on conditions username = mato007
14:22:07 mato007 Mattias Torbiörnson UPDATING data to tables `time2vie_cirruscommon`.`secondary_login` fields ( last_login_time ) values (2020-02-13 14:22:07) on conditions username = mato007 AND company_id = 20
14:22:08 mato007 Mattias Torbiörnson UPDATING data to tables `time2vie_cirruscommon`.`ws_sessions` fields ( user_id ) values (mato007) on conditions session_id = 32fdf6b171ddb3352ce751f8592bc1ef
14:22:12 liha009 Linnéa Handin UPDATING data to tables `time2vie_cirruscommon`.`secondary_login` fields ( error ) values (0) on conditions username = liha009 AND company_id = 20
14:22:12 liha009 Linnéa Handin INSERTING data into tables `log_login` fields ( username, ip, browser ) values ( liha009, 78.69.73.236, Time2View/2 CFNetwork/1121.2.2 Darwin/19.3.0 ) => {inserted_id = 8188}
14:22:12 liha009 Linnéa Handin DELETE data from tables `temp_session` on conditions username LIKE liha009
14:22:12 liha009 Linnéa Handin UPDATING data to tables `time2vie_cirruscommon`.`login` fields ( login, last_time ) values (1, 2020-02-13 14:22:12) on conditions username = liha009
14:22:12 liha009 Linnéa Handin UPDATING data to tables `time2vie_cirruscommon`.`secondary_login` fields ( last_login_time ) values (2020-02-13 14:22:12) on conditions username = liha009 AND company_id = 20
14:34:04 hejo003 Helen Jörnås UPDATING data to tables `time2vie_cirruscommon`.`secondary_login` fields ( error ) values (0) on conditions username = hejo003 AND company_id = 20
14:34:04 hejo003 Helen Jörnås INSERTING data into tables `log_login` fields ( username, ip, browser ) values ( hejo003, 90.224.82.244, okhttp/3.9.1 ) => {inserted_id = 8189}
14:34:04 hejo003 Helen Jörnås DELETE data from tables `temp_session` on conditions username LIKE hejo003
14:34:04 hejo003 Helen Jörnås UPDATING data to tables `time2vie_cirruscommon`.`login` fields ( login, last_time ) values (1, 2020-02-13 14:34:04) on conditions username = hejo003
14:34:04 hejo003 Helen Jörnås UPDATING data to tables `time2vie_cirruscommon`.`secondary_login` fields ( last_login_time ) values (2020-02-13 14:34:04) on conditions username = hejo003 AND company_id = 20
14:36:06 cagu001 Carina Gustafsson UPDATING data to tables `time2vie_cirruscommon`.`ws_sessions` fields ( user_id ) values (cagu001) on conditions session_id = 8a45366f142eaae06ef0002f2d72676a
14:36:56 cagu001 Carina Gustafsson INSERTING data into tables `timetable` fields ( employee, customer, fkkn, type, date, time_from, time_to, status, created_status, alloc_emp, comment ) values ( cagu001, mygu001, 1, 0, 2020-02-14, 15, 23, 1, , cagu001,  ) => {inserted_id = 14850}
14:36:56 cagu001 Carina Gustafsson INSERTING data into tables `memory_slots` fields ( customer, time_from, time_to, type ) values ( mygu001, 15, 23, 0 ) => {inserted_id = 262}
14:55:03 vigu002 Victoria Gunnarsson UPDATING data to tables `time2vie_cirruscommon`.`secondary_login` fields ( error ) values (0) on conditions username = vigu002 AND company_id = 20
14:55:03 vigu002 Victoria Gunnarsson INSERTING data into tables `log_login` fields ( username, ip, browser ) values ( vigu002, 185.27.164.39, Time2View/2 CFNetwork/1121.2.2 Darwin/19.3.0 ) => {inserted_id = 8190}
14:55:03 vigu002 Victoria Gunnarsson DELETE data from tables `temp_session` on conditions username LIKE vigu002
14:55:03 vigu002 Victoria Gunnarsson UPDATING data to tables `time2vie_cirruscommon`.`login` fields ( login, last_time ) values (1, 2020-02-13 14:55:03) on conditions username = vigu002
14:55:03 vigu002 Victoria Gunnarsson UPDATING data to tables `time2vie_cirruscommon`.`secondary_login` fields ( last_login_time ) values (2020-02-13 14:55:03) on conditions username = vigu002 AND company_id = 20
15:46:42 biwa003 Birgitta Wåhlander INSERTING data into tables `log_login` fields ( username, ip, browser ) values ( biwa003, 193.234.72.157, Mozilla/5.0 (Windows NT 10.0; Win64; x64) AppleWebKit/537.36 (KHTML, like Gecko) Chrome/79.0.3945.130 Safari/537.36 ) => {inserted_id = 8191}
15:46:42 biwa003 Birgitta Wåhlander DELETE data from tables `temp_session` on conditions username LIKE biwa003
15:46:42 biwa003 Birgitta Wåhlander UPDATING data to tables `time2vie_cirruscommon`.`login` fields ( login, last_time ) values (1, 2020-02-13 15:46:42) on conditions username = biwa003
15:46:42 biwa003 Birgitta Wåhlander UPDATING data to tables `time2vie_cirruscommon`.`secondary_login` fields ( last_login_time ) values (2020-02-13 15:46:42) on conditions username = biwa003 AND company_id = 20
15:46:43 biwa003 Birgitta Wåhlander UPDATING data to tables `time2vie_cirruscommon`.`ws_sessions` fields ( user_id ) values (biwa003) on conditions session_id = 6ad63d260515e0846169bc45b0bc08e5
16:26:56 cagu001 Carina Gustafsson UPDATING data to tables `time2vie_cirruscommon`.`ws_sessions` fields ( user_id ) values (cagu001) on conditions session_id = 8a45366f142eaae06ef0002f2d72676a
16:28:03 anka020 Annika Karlsson UPDATING data to tables `time2vie_cirruscommon`.`secondary_login` fields ( error ) values (0) on conditions username = anka020 AND company_id = 20
16:28:03 anka020 Annika Karlsson INSERTING data into tables `log_login` fields ( username, ip, browser ) values ( anka020, 77.218.55.142, okhttp/3.9.1 ) => {inserted_id = 8192}
16:28:03 anka020 Annika Karlsson DELETE data from tables `temp_session` on conditions username LIKE anka020
16:28:03 anka020 Annika Karlsson UPDATING data to tables `time2vie_cirruscommon`.`login` fields ( login, last_time ) values (1, 2020-02-13 16:28:03) on conditions username = anka020
16:28:03 anka020 Annika Karlsson UPDATING data to tables `time2vie_cirruscommon`.`secondary_login` fields ( last_login_time ) values (2020-02-13 16:28:03) on conditions username = anka020 AND company_id = 20
16:32:20 cagu001 Carina Gustafsson UPDATING data to tables `time2vie_cirruscommon`.`ws_sessions` fields ( user_id ) values (cagu001) on conditions session_id = 8a45366f142eaae06ef0002f2d72676a
16:32:32 cagu001 Carina Gustafsson DELETE data from tables `temp_session` on conditions username LIKE cagu001
16:32:32 cagu001 Carina Gustafsson UPDATING data to tables `time2vie_cirruscommon`.`login` fields ( login, last_time ) values (0, 2020-02-13 16:32:32) on conditions username = cagu001
16:32:32 cagu001 Carina Gustafsson UPDATING data to tables `time2vie_cirruscommon`.`secondary_login` fields ( last_login_time ) values (2020-02-13 16:32:32) on conditions username = cagu001 AND company_id = 20
16:32:32   UPDATING data to tables `log_login` fields ( logout_time ) values (2020-02-13:15:32:32) on conditions id = 8182 AND username = cagu001
16:51:21 anwa006 Andréas Wallin UPDATING data to tables `time2vie_cirruscommon`.`secondary_login` fields ( error ) values (0) on conditions username = anwa006 AND company_id = 20
16:51:21 anwa006 Andréas Wallin INSERTING data into tables `log_login` fields ( username, ip, browser ) values ( anwa006, 94.103.194.75, okhttp/3.9.1 ) => {inserted_id = 8193}
16:51:21 anwa006 Andréas Wallin DELETE data from tables `temp_session` on conditions username LIKE anwa006
16:51:21 anwa006 Andréas Wallin UPDATING data to tables `time2vie_cirruscommon`.`login` fields ( login, last_time ) values (1, 2020-02-13 16:51:21) on conditions username = anwa006
16:51:21 anwa006 Andréas Wallin UPDATING data to tables `time2vie_cirruscommon`.`secondary_login` fields ( last_login_time ) values (2020-02-13 16:51:21) on conditions username = anwa006 AND company_id = 20
17:44:36 anwa006 Andréas Wallin UPDATING data to tables `time2vie_cirruscommon`.`secondary_login` fields ( error ) values (0) on conditions username = anwa006 AND company_id = 20
17:44:36 anwa006 Andréas Wallin INSERTING data into tables `log_login` fields ( username, ip, browser ) values ( anwa006, 94.103.194.75, okhttp/3.9.1 ) => {inserted_id = 8194}
17:44:36 anwa006 Andréas Wallin DELETE data from tables `temp_session` on conditions username LIKE anwa006
17:44:36 anwa006 Andréas Wallin UPDATING data to tables `time2vie_cirruscommon`.`login` fields ( login, last_time ) values (1, 2020-02-13 17:44:36) on conditions username = anwa006
17:44:36 anwa006 Andréas Wallin UPDATING data to tables `time2vie_cirruscommon`.`secondary_login` fields ( last_login_time ) values (2020-02-13 17:44:36) on conditions username = anwa006 AND company_id = 20
18:31:25 peka002 Petronella Karlsson UPDATING data to tables `time2vie_cirruscommon`.`secondary_login` fields ( error ) values (0) on conditions username = peka002 AND company_id = 20
18:31:25 peka002 Petronella Karlsson INSERTING data into tables `log_login` fields ( username, ip, browser ) values ( peka002, 94.191.134.250, Time2View/2 CFNetwork/1121.2.2 Darwin/19.3.0 ) => {inserted_id = 8195}
18:31:25 peka002 Petronella Karlsson DELETE data from tables `temp_session` on conditions username LIKE peka002
18:31:25 peka002 Petronella Karlsson UPDATING data to tables `time2vie_cirruscommon`.`login` fields ( login, last_time ) values (1, 2020-02-13 18:31:25) on conditions username = peka002
18:31:25 peka002 Petronella Karlsson UPDATING data to tables `time2vie_cirruscommon`.`secondary_login` fields ( last_login_time ) values (2020-02-13 18:31:25) on conditions username = peka002 AND company_id = 20
20:30:23 hejo003 Helen Jörnås UPDATING data to tables `time2vie_cirruscommon`.`secondary_login` fields ( error ) values (0) on conditions username = hejo003 AND company_id = 20
20:30:23 hejo003 Helen Jörnås INSERTING data into tables `log_login` fields ( username, ip, browser ) values ( hejo003, 185.27.164.39, okhttp/3.9.1 ) => {inserted_id = 8196}
20:30:23 hejo003 Helen Jörnås DELETE data from tables `temp_session` on conditions username LIKE hejo003
20:30:23 hejo003 Helen Jörnås UPDATING data to tables `time2vie_cirruscommon`.`login` fields ( login, last_time ) values (1, 2020-02-13 20:30:23) on conditions username = hejo003
20:30:23 hejo003 Helen Jörnås UPDATING data to tables `time2vie_cirruscommon`.`secondary_login` fields ( last_login_time ) values (2020-02-13 20:30:23) on conditions username = hejo003 AND company_id = 20
20:31:54 biwa003 Birgitta Wåhlander INSERTING data into tables `log_login` fields ( username, ip, browser ) values ( biwa003, 185.27.165.66, Mozilla/5.0 (iPad; CPU OS 13_3 like Mac OS X) AppleWebKit/605.1.15 (KHTML, like Gecko) CriOS/79.0.3945.73 Mobile/15E148 Safari/604.1 ) => {inserted_id = 8197}
20:31:54 biwa003 Birgitta Wåhlander DELETE data from tables `temp_session` on conditions username LIKE biwa003
20:31:54 biwa003 Birgitta Wåhlander UPDATING data to tables `time2vie_cirruscommon`.`login` fields ( login, last_time ) values (1, 2020-02-13 20:31:54) on conditions username = biwa003
20:31:54 biwa003 Birgitta Wåhlander UPDATING data to tables `time2vie_cirruscommon`.`secondary_login` fields ( last_login_time ) values (2020-02-13 20:31:54) on conditions username = biwa003 AND company_id = 20
20:31:55 biwa003 Birgitta Wåhlander UPDATING data to tables `time2vie_cirruscommon`.`ws_sessions` fields ( user_id ) values (biwa003) on conditions session_id = c873e53688db597dfe60d7b2ab4dc416
20:32:09 cagu001 Carina Gustafsson UPDATING data to tables `time2vie_cirruscommon`.`secondary_login` fields ( error ) values (0) on conditions username = cagu001 AND company_id = 20
20:32:09 cagu001 Carina Gustafsson INSERTING data into tables `log_login` fields ( username, ip, browser ) values ( cagu001, 176.10.245.4, okhttp/3.9.1 ) => {inserted_id = 8198}
20:32:09 cagu001 Carina Gustafsson DELETE data from tables `temp_session` on conditions username LIKE cagu001
20:32:09 cagu001 Carina Gustafsson UPDATING data to tables `time2vie_cirruscommon`.`login` fields ( login, last_time ) values (1, 2020-02-13 20:32:09) on conditions username = cagu001
20:32:09 cagu001 Carina Gustafsson UPDATING data to tables `time2vie_cirruscommon`.`secondary_login` fields ( last_login_time ) values (2020-02-13 20:32:09) on conditions username = cagu001 AND company_id = 20
20:32:50 biwa003 Birgitta Wåhlander UPDATING data to tables `time2vie_cirruscommon`.`ws_sessions` fields ( user_id ) values (biwa003) on conditions session_id = c873e53688db597dfe60d7b2ab4dc416
20:34:16 time002 Tina Mellgren UPDATING data to tables `time2vie_cirruscommon`.`secondary_login` fields ( error ) values (0) on conditions username = time002 AND company_id = 20
20:34:16 time002 Tina Mellgren INSERTING data into tables `log_login` fields ( username, ip, browser ) values ( time002, 94.234.53.137, Time2View/2 CFNetwork/978.0.7 Darwin/18.7.0 ) => {inserted_id = 8199}
20:34:16 time002 Tina Mellgren DELETE data from tables `temp_session` on conditions username LIKE time002
20:34:16 time002 Tina Mellgren UPDATING data to tables `time2vie_cirruscommon`.`login` fields ( login, last_time ) values (1, 2020-02-13 20:34:16) on conditions username = time002
20:34:16 time002 Tina Mellgren UPDATING data to tables `time2vie_cirruscommon`.`secondary_login` fields ( last_login_time ) values (2020-02-13 20:34:16) on conditions username = time002 AND company_id = 20
20:42:06 anka020 Annika Karlsson UPDATING data to tables `time2vie_cirruscommon`.`secondary_login` fields ( error ) values (0) on conditions username = anka020 AND company_id = 20
20:42:06 anka020 Annika Karlsson INSERTING data into tables `log_login` fields ( username, ip, browser ) values ( anka020, 77.218.55.142, okhttp/3.9.1 ) => {inserted_id = 8200}
20:42:06 anka020 Annika Karlsson DELETE data from tables `temp_session` on conditions username LIKE anka020
20:42:06 anka020 Annika Karlsson UPDATING data to tables `time2vie_cirruscommon`.`login` fields ( login, last_time ) values (1, 2020-02-13 20:42:06) on conditions username = anka020
20:42:06 anka020 Annika Karlsson UPDATING data to tables `time2vie_cirruscommon`.`secondary_login` fields ( last_login_time ) values (2020-02-13 20:42:06) on conditions username = anka020 AND company_id = 20
20:55:56 hejo003 Helen Jörnås UPDATING data to tables `time2vie_cirruscommon`.`secondary_login` fields ( error ) values (0) on conditions username = hejo003 AND company_id = 20 #Mobile-App: Log-id=8196
20:55:56 hejo003 Helen Jörnås INSERTING data into tables `log_login` fields ( username, ip, browser ) values ( hejo003, 185.27.164.39, okhttp/3.9.1 ) => {inserted_id = 8201} #Mobile-App: Log-id=8196
20:55:56 hejo003 Helen Jörnås DELETE data from tables `temp_session` on conditions username LIKE hejo003 #Mobile-App: Log-id=8201
20:55:56 hejo003 Helen Jörnås UPDATING data to tables `time2vie_cirruscommon`.`login` fields ( login, last_time ) values (1, 2020-02-13 20:55:56) on conditions username = hejo003 #Mobile-App: Log-id=8201
20:55:56 hejo003 Helen Jörnås UPDATING data to tables `time2vie_cirruscommon`.`secondary_login` fields ( last_login_time ) values (2020-02-13 20:55:56) on conditions username = hejo003 AND company_id = 20 #Mobile-App: Log-id=8201
