08:24:05 asgr002 Åsa Grimberg UPDATING data to tables `time2vie_cirruscommon`.`secondary_login` fields ( error ) values (0) on conditions username = asgr002 AND company_id = 20
08:24:05 asgr002 Åsa Grimberg INSERTING data into tables `log_login` fields ( username, ip, browser ) values ( asgr002, 78.70.128.102, Time2View/10 CFNetwork/1121.2.2 Darwin/19.3.0 ) => {inserted_id = 8960}
08:24:05 asgr002 Åsa Grimberg DELETE data from tables `temp_session` on conditions username LIKE asgr002
08:24:05 asgr002 Åsa Grimberg UPDATING data to tables `time2vie_cirruscommon`.`login` fields ( login, last_time ) values (1, 2020-03-12 08:24:05) on conditions username = asgr002
08:24:05 asgr002 Åsa Grimberg UPDATING data to tables `time2vie_cirruscommon`.`secondary_login` fields ( last_login_time ) values (2020-03-12 08:24:05) on conditions username = asgr002 AND company_id = 20
08:31:54 cagu001 Carina Gustafsson INSERTING data into tables `log_login` fields ( username, ip, browser ) values ( cagu001, 193.234.72.157, Mozilla/5.0 (Windows NT 10.0; Win64; x64) AppleWebKit/537.36 (KHTML, like Gecko) Chrome/80.0.3987.132 Safari/537.36 ) => {inserted_id = 8961}
08:31:54 cagu001 Carina Gustafsson DELETE data from tables `temp_session` on conditions username LIKE cagu001
08:31:54 cagu001 Carina Gustafsson UPDATING data to tables `time2vie_cirruscommon`.`login` fields ( login, last_time ) values (1, 2020-03-12 08:31:54) on conditions username = cagu001
08:31:54 cagu001 Carina Gustafsson UPDATING data to tables `time2vie_cirruscommon`.`secondary_login` fields ( last_login_time ) values (2020-03-12 08:31:54) on conditions username = cagu001 AND company_id = 20
08:31:55 cagu001 Carina Gustafsson UPDATING data to tables `time2vie_cirruscommon`.`ws_sessions` fields ( user_id ) values (cagu001) on conditions session_id = 9ad635eea3f6f28ac00862e58102c11c
08:33:40 cagu001 Carina Gustafsson UPDATING data to tables `time2vie_cirruscommon`.`login` fields ( password, mobile, role, error, date ) values (e5c316b0dc80802d41b423fdd6ed50f4, 731080397, 3, 0, 2020-03-12) on conditions username = anka020
08:33:40 cagu001 Carina Gustafsson UPDATING data to tables `time2vie_cirruscommon`.`secondary_login` fields ( password, error, last_pw_update_date ) values (e5c316b0dc80802d41b423fdd6ed50f4, 0, 2020-03-12 07:33:40) on conditions username = anka020 AND company_id = 20
08:33:40 cagu001 Carina Gustafsson UPDATING data to tables `employee` fields ( code, century, social_security, first_name, last_name, gender, address, city, post, phone, mobile, email, date, color, status, date_inactive, max_hours, monthly_salary, start_day, remaining_sem_leave, sem_leave_todate, leave_in_advance, care_of, office_personal, substitute, salary_type, sem_leave_days, vab_leave_days, fp_leave_days, nopay_leave_days, other_leave_days, ice, employee_contract_start_month, employee_contract_period_date, employee_contract_period_length, candg_follow, inconvenient_on ) values (6-6, 19, 6810214665, Annika, Karlsson, 2, Västgötagatan 336, VARBERG, 432 39, , 731080397, annikaliselotte68@gmail.com, 2019-04-01, #ff00ff, 1, , 17.00, 0, 10.00, 0, , 0, , 0, 0, 1, 1, 1, 1, 1, 1, , 04, 1, 04, 0, 1) on conditions username = anka020
08:33:40 cagu001 Carina Gustafsson DELETE data from tables `team` on conditions employee = anka020
08:33:40 cagu001 Carina Gustafsson INSERTING data into tables `team` fields ( customer, employee, role ) values ( tibe002, anka020, 3 ) => {inserted_id = 0}
08:34:43 biwa003 Birgitta Wåhlander INSERTING data into tables `log_login` fields ( username, ip, browser ) values ( biwa003, 193.234.72.157, Mozilla/5.0 (Windows NT 10.0; Win64; x64) AppleWebKit/537.36 (KHTML, like Gecko) Chrome/80.0.3987.132 Safari/537.36 ) => {inserted_id = 8962}
08:34:43 biwa003 Birgitta Wåhlander DELETE data from tables `temp_session` on conditions username LIKE biwa003
08:34:43 biwa003 Birgitta Wåhlander UPDATING data to tables `time2vie_cirruscommon`.`login` fields ( login, last_time ) values (1, 2020-03-12 08:34:43) on conditions username = biwa003
08:34:43 biwa003 Birgitta Wåhlander UPDATING data to tables `time2vie_cirruscommon`.`secondary_login` fields ( last_login_time ) values (2020-03-12 08:34:43) on conditions username = biwa003 AND company_id = 20
08:34:43 biwa003 Birgitta Wåhlander UPDATING data to tables `time2vie_cirruscommon`.`ws_sessions` fields ( user_id ) values (biwa003) on conditions session_id = 417483534b64148eee88628a3fb9a952
08:37:57 anka020 Annika Karlsson INSERTING data into tables `log_login` fields ( username, ip, browser ) values ( anka020, 185.27.164.39, Mozilla/5.0 (Linux; Android 10; SAMSUNG SM-G973F) AppleWebKit/537.36 (KHTML, like Gecko) SamsungBrowser/11.1 Chrome/75.0.3770.143 Mobile Safari/537.36 ) => {inserted_id = 8963}
08:37:57 anka020 Annika Karlsson DELETE data from tables `temp_session` on conditions username LIKE anka020
08:37:57 anka020 Annika Karlsson UPDATING data to tables `time2vie_cirruscommon`.`login` fields ( login, last_time ) values (1, 2020-03-12 08:37:57) on conditions username = anka020
08:37:57 anka020 Annika Karlsson UPDATING data to tables `time2vie_cirruscommon`.`secondary_login` fields ( last_login_time ) values (2020-03-12 08:37:57) on conditions username = anka020 AND company_id = 20
08:37:57 anka020 Annika Karlsson UPDATING data to tables `time2vie_cirruscommon`.`ws_sessions` fields ( user_id ) values (anka020) on conditions session_id = 58efe0464024643ea43e38432688c976
08:38:27 anka020 Annika Karlsson UPDATING data to tables `time2vie_cirruscommon`.`ws_sessions` fields ( user_id ) values (anka020) on conditions session_id = 58efe0464024643ea43e38432688c976
08:38:48 anka020 Annika Karlsson UPDATING data to tables `time2vie_cirruscommon`.`ws_sessions` fields ( user_id ) values (anka020) on conditions session_id = 58efe0464024643ea43e38432688c976
08:40:13 anka020 Annika Karlsson UPDATING data to tables `time2vie_cirruscommon`.`secondary_login` fields ( error ) values (0) on conditions username = anka020 AND company_id = 20
08:40:13 anka020 Annika Karlsson INSERTING data into tables `log_login` fields ( username, ip, browser ) values ( anka020, 185.27.164.39, okhttp/3.9.1 ) => {inserted_id = 8964}
08:40:13 anka020 Annika Karlsson DELETE data from tables `temp_session` on conditions username LIKE anka020
08:40:13 anka020 Annika Karlsson UPDATING data to tables `time2vie_cirruscommon`.`login` fields ( login, last_time ) values (1, 2020-03-12 08:40:13) on conditions username = anka020
08:40:13 anka020 Annika Karlsson UPDATING data to tables `time2vie_cirruscommon`.`secondary_login` fields ( last_login_time ) values (2020-03-12 08:40:13) on conditions username = anka020 AND company_id = 20
08:40:52 hejo003 Helen Jörnås UPDATING data to tables `time2vie_cirruscommon`.`secondary_login` fields ( error ) values (0) on conditions username = hejo003 AND company_id = 20
08:40:52 hejo003 Helen Jörnås INSERTING data into tables `log_login` fields ( username, ip, browser ) values ( hejo003, 185.27.164.39, okhttp/3.9.1 ) => {inserted_id = 8965}
08:40:52 hejo003 Helen Jörnås DELETE data from tables `temp_session` on conditions username LIKE hejo003
08:40:52 hejo003 Helen Jörnås UPDATING data to tables `time2vie_cirruscommon`.`login` fields ( login, last_time ) values (1, 2020-03-12 08:40:52) on conditions username = hejo003
08:40:52 hejo003 Helen Jörnås UPDATING data to tables `time2vie_cirruscommon`.`secondary_login` fields ( last_login_time ) values (2020-03-12 08:40:52) on conditions username = hejo003 AND company_id = 20
08:40:52 hejo003 Helen Jörnås INSERTING data into tables `time2vie_cirruscommon`.`push_notify_tokens` fields ( user_id, fcm_token, device_id, device_details, created_date, error ) values ( hejo003, dPsZJ6c0gmw:APA91bF9AermH8G1DKpO1TQ27cI6sIwqPtz65X4jCkmuUYcYAWDyKArTFkvFaqALmZsCk4LgmWzgJjf0ksHhpRepbmAN0E9zVOE3ITVmY72SDXDZKbuLyi8p-JcX_3Frk3yWs1zxxEey, 13731e5aac251686, okhttp/3.9.1, 2020-03-12 08:40:52, 0 ) => {inserted_id = 15122} #Mobile-App: Log-id=8965
08:41:22 anwa006 Andréas Wallin UPDATING data to tables `time2vie_cirruscommon`.`secondary_login` fields ( error ) values (0) on conditions username = anwa006 AND company_id = 20
08:41:22 anwa006 Andréas Wallin INSERTING data into tables `log_login` fields ( username, ip, browser ) values ( anwa006, 82.196.108.141, okhttp/3.9.1 ) => {inserted_id = 8966}
08:41:22 anwa006 Andréas Wallin DELETE data from tables `temp_session` on conditions username LIKE anwa006
08:41:22 anwa006 Andréas Wallin UPDATING data to tables `time2vie_cirruscommon`.`login` fields ( login, last_time ) values (1, 2020-03-12 08:41:22) on conditions username = anwa006
08:41:22 anwa006 Andréas Wallin UPDATING data to tables `time2vie_cirruscommon`.`secondary_login` fields ( last_login_time ) values (2020-03-12 08:41:22) on conditions username = anwa006 AND company_id = 20
08:41:56 biwa003 Birgitta Wåhlander UPDATING data to tables `time2vie_cirruscommon`.`login` fields ( role, mobile ) values (3, 708471688) on conditions username = anja007
08:41:56 biwa003 Birgitta Wåhlander UPDATING data to tables `employee` fields ( code, century, social_security, first_name, last_name, gender, address, city, post, phone, mobile, email, date, color, status, date_inactive, max_hours, monthly_salary, start_day, remaining_sem_leave, sem_leave_todate, leave_in_advance, care_of, office_personal, substitute, salary_type, sem_leave_days, vab_leave_days, fp_leave_days, nopay_leave_days, other_leave_days, ice, employee_contract_start_month, employee_contract_period_date, employee_contract_period_length, candg_follow, inconvenient_on ) values (4-1, 19, 6611164648, Annika, Jakobsson, 2, Mentorsvägen 6, VARBERG, 432 50, , 708471688, annikabengtsson5@gmail.com, 2020-01-01, #ff0000, 1, , 17.00, 0, 10.00, 0, , 0, , 0, 0, 2, 0, 0, 0, 0, 0, , 12, 1, 04, 0, 0) on conditions username = anja007
08:41:56 biwa003 Birgitta Wåhlander DELETE data from tables `team` on conditions employee = anja007
08:41:56 biwa003 Birgitta Wåhlander INSERTING data into tables `team` fields ( customer, employee, role ) values ( jebe002, anja007, 3 ) => {inserted_id = 0}
08:43:10 biwa003 Birgitta Wåhlander UPDATING data to tables `time2vie_cirruscommon`.`login` fields ( role, mobile ) values (2, 766350002) on conditions username = jobe008
08:43:10 biwa003 Birgitta Wåhlander UPDATING data to tables `employee` fields ( code, century, social_security, first_name, last_name, gender, address, city, post, phone, mobile, email, date, color, status, date_inactive, max_hours, monthly_salary, start_day, remaining_sem_leave, sem_leave_todate, leave_in_advance, care_of, office_personal, substitute, salary_type, sem_leave_days, vab_leave_days, fp_leave_days, nopay_leave_days, other_leave_days, ice, employee_contract_start_month, employee_contract_period_date, employee_contract_period_length, candg_follow, inconvenient_on ) values (4, 19, 6603254670, Joakim, Bengtsson, 1, Korhallsvägen 8, TVÅÅKER, 432 78, , 766350002, joakim.bengtsson@davids.se, 2020-01-01, #0000ff, 1, , 17.00, 0, 10.00, 0, , 0, , 0, 0, 2, 0, 0, 0, 0, 0, , 12, 1, 04, 0, 0) on conditions username = jobe008
08:43:10 biwa003 Birgitta Wåhlander DELETE data from tables `team` on conditions employee = jobe008
08:43:10 biwa003 Birgitta Wåhlander INSERTING data into tables `team` fields ( customer, employee, role ) values ( jebe002, jobe008, 2 ) => {inserted_id = 0}
08:44:51 biwa003 Birgitta Wåhlander UPDATING data to tables `time2vie_cirruscommon`.`ws_sessions` fields ( user_id ) values (biwa003) on conditions session_id = 417483534b64148eee88628a3fb9a952
08:44:57 anwa006 Andréas Wallin DELETE data from tables `temp_session` on conditions username LIKE anwa006 #Mobile-App: Log-id=8966
08:44:57 anwa006 Andréas Wallin UPDATING data to tables `time2vie_cirruscommon`.`login` fields ( login, last_time ) values (0, 2020-03-12 08:44:57) on conditions username = anwa006 #Mobile-App: Log-id=8966
08:44:57 anwa006 Andréas Wallin UPDATING data to tables `time2vie_cirruscommon`.`secondary_login` fields ( last_login_time ) values (2020-03-12 08:44:57) on conditions username = anwa006 AND company_id = 20 #Mobile-App: Log-id=8966
08:45:04 anwa006 Andréas Wallin UPDATING data to tables `time2vie_cirruscommon`.`secondary_login` fields ( error ) values (0) on conditions username = anwa006 AND company_id = 20
08:45:04 anwa006 Andréas Wallin INSERTING data into tables `log_login` fields ( username, ip, browser ) values ( anwa006, 82.196.108.141, okhttp/3.9.1 ) => {inserted_id = 8967}
08:45:04 anwa006 Andréas Wallin DELETE data from tables `temp_session` on conditions username LIKE anwa006
08:45:04 anwa006 Andréas Wallin UPDATING data to tables `time2vie_cirruscommon`.`login` fields ( login, last_time ) values (1, 2020-03-12 08:45:04) on conditions username = anwa006
08:45:04 anwa006 Andréas Wallin UPDATING data to tables `time2vie_cirruscommon`.`secondary_login` fields ( last_login_time ) values (2020-03-12 08:45:04) on conditions username = anwa006 AND company_id = 20
08:58:43 biwa003 Birgitta Wåhlander UPDATING data to tables `time2vie_cirruscommon`.`ws_sessions` fields ( user_id ) values (biwa003) on conditions session_id = 417483534b64148eee88628a3fb9a952
09:00:34 biwa003 Birgitta Wåhlander UPDATING data to tables `time2vie_cirruscommon`.`ws_sessions` fields ( user_id ) values (biwa003) on conditions session_id = 417483534b64148eee88628a3fb9a952
09:03:05 cagu001 Carina Gustafsson UPDATING data to tables `time2vie_cirruscommon`.`ws_sessions` fields ( user_id ) values (cagu001) on conditions session_id = 9ad635eea3f6f28ac00862e58102c11c
09:04:10 cagu001 Carina Gustafsson UPDATING data to tables `timetable` fields ( customer, employee, date, time_from, time_to, fkkn, type, status, comment ) values (jebe002, kaol006, 2020-03-01, 9.00, 12.00, 1, 0, 1, ) on conditions id = 13548
09:14:08 cagu001 Carina Gustafsson INSERTING data into tables `time2vie_cirruscommon`.`support_ticket_master` fields ( company_id, category_type ) values ( 20, 2 ) => {inserted_id = 2667}
09:14:08 cagu001 Carina Gustafsson INSERTING data into tables `time2vie_cirruscommon`.`support_tickets` fields ( id, created_user, category_id, ticket_type, priority, title, description, attachment, status ) values ( 2667, cagu001, 1, 3, 2, Tillfälligt ändrad jourtid, <p>Hej!</p><p>Hur gör jag om man tillfälligt vill ändra jouren på vissa pass?</p><p>Jouren ligger schemalagt mellan 23-07 på helger lör,sön.</p><p>Men ska ligga fram till kl 09 på lördag och söndag vissa helger tillfälligt, hur gör jag då?</p><p>Mvh</p><p>Carina Gustafsson</p>, , 1 ) => {inserted_id = 0}
09:14:26 cagu001 Carina Gustafsson UPDATING data to tables `time2vie_cirruscommon`.`ws_sessions` fields ( user_id ) values (cagu001) on conditions session_id = 9ad635eea3f6f28ac00862e58102c11c
09:19:34 cagu001 Carina Gustafsson UPDATING data to tables `time2vie_cirruscommon`.`ws_sessions` fields ( user_id ) values (cagu001) on conditions session_id = 9ad635eea3f6f28ac00862e58102c11c
09:19:41 peka002 Petronella Karlsson UPDATING data to tables `time2vie_cirruscommon`.`secondary_login` fields ( error ) values (0) on conditions username = peka002 AND company_id = 20
09:19:41 peka002 Petronella Karlsson INSERTING data into tables `log_login` fields ( username, ip, browser ) values ( peka002, 83.253.202.21, Time2View/10 CFNetwork/1121.2.2 Darwin/19.3.0 ) => {inserted_id = 8968}
09:19:41 peka002 Petronella Karlsson DELETE data from tables `temp_session` on conditions username LIKE peka002
09:19:41 peka002 Petronella Karlsson UPDATING data to tables `time2vie_cirruscommon`.`login` fields ( login, last_time ) values (1, 2020-03-12 09:19:41) on conditions username = peka002
09:19:41 peka002 Petronella Karlsson UPDATING data to tables `time2vie_cirruscommon`.`secondary_login` fields ( last_login_time ) values (2020-03-12 09:19:41) on conditions username = peka002 AND company_id = 20
09:20:27 cagu001 Carina Gustafsson INSERTING data into tables `timetable` fields ( employee, customer, fkkn, type, date, time_from, time_to, status, created_status, alloc_emp, comment ) values ( kaol006, jebe002, 1, 0, 2020-03-01, 7, 9, 1, , cagu001,  ) => {inserted_id = 14968}
09:20:27 cagu001 Carina Gustafsson INSERTING data into tables `memory_slots` fields ( customer, time_from, time_to, type ) values ( jebe002, 7, 9, 0 ) => {inserted_id = 277}
09:21:46 cagu001 Carina Gustafsson INSERTING data into tables `timetable` fields ( employee, customer, type, date, time_from, time_to, fkkn, status, relation_id, alloc_emp ) values ( kaol006, jebe002, 0, 2020-03-14, 7.00, 9, 1, 1, , cagu001 ) => {inserted_id = 14969}
09:21:46 cagu001 Carina Gustafsson UPDATING data to tables `timetable` fields ( time_from ) values (9) on conditions id = 12973
09:22:12 cagu001 Carina Gustafsson INSERTING data into tables `timetable` fields ( employee, customer, type, date, time_from, time_to, fkkn, status, relation_id, alloc_emp ) values ( kaol006, jebe002, 0, 2020-03-15, 7.00, 9, 1, 1, , cagu001 ) => {inserted_id = 14970}
09:22:12 cagu001 Carina Gustafsson UPDATING data to tables `timetable` fields ( time_from ) values (9) on conditions id = 12977
09:22:37 cagu001 Carina Gustafsson INSERTING data into tables `timetable` fields ( employee, customer, type, date, time_from, time_to, fkkn, status, relation_id, alloc_emp ) values ( kaol006, jebe002, 0, 2020-03-28, 7.00, 9, 1, 1, , cagu001 ) => {inserted_id = 14971}
09:22:37 cagu001 Carina Gustafsson UPDATING data to tables `timetable` fields ( time_from ) values (9) on conditions id = 13033
09:22:49 cagu001 Carina Gustafsson INSERTING data into tables `timetable` fields ( employee, customer, type, date, time_from, time_to, fkkn, status, relation_id, alloc_emp ) values ( kaol006, jebe002, 0, 2020-03-29, 7.00, 9, 1, 1, , cagu001 ) => {inserted_id = 14972}
09:22:49 cagu001 Carina Gustafsson UPDATING data to tables `timetable` fields ( time_from ) values (9) on conditions id = 13037
09:23:46 liha009 Linnéa Handin UPDATING data to tables `time2vie_cirruscommon`.`secondary_login` fields ( error ) values (0) on conditions username = liha009 AND company_id = 20
09:23:46 liha009 Linnéa Handin INSERTING data into tables `log_login` fields ( username, ip, browser ) values ( liha009, 78.69.73.236, Time2View/10 CFNetwork/1121.2.2 Darwin/19.3.0 ) => {inserted_id = 8969}
09:23:46 liha009 Linnéa Handin DELETE data from tables `temp_session` on conditions username LIKE liha009
09:23:46 liha009 Linnéa Handin UPDATING data to tables `time2vie_cirruscommon`.`login` fields ( login, last_time ) values (1, 2020-03-12 09:23:46) on conditions username = liha009
09:23:46 liha009 Linnéa Handin UPDATING data to tables `time2vie_cirruscommon`.`secondary_login` fields ( last_login_time ) values (2020-03-12 09:23:46) on conditions username = liha009 AND company_id = 20
09:24:21 cagu001 Carina Gustafsson INSERTING data into tables `timetable` fields ( employee, customer, type, date, time_from, time_to, fkkn, status, relation_id, alloc_emp ) values ( anja007, jebe002, 0, 2020-03-07, 7.00, 9, 1, 1, , cagu001 ) => {inserted_id = 14973}
09:24:21 cagu001 Carina Gustafsson UPDATING data to tables `timetable` fields ( time_from ) values (9) on conditions id = 12943
09:25:17 cagu001 Carina Gustafsson DELETE data from tables `timetable` on conditions id = 12927
09:26:25 cagu001 Carina Gustafsson DELETE data from tables `timetable` on conditions id = 12936
09:26:25 cagu001 Carina Gustafsson DELETE data from tables `timetable` on conditions id = 12953
09:26:25 cagu001 Carina Gustafsson DELETE data from tables `timetable` on conditions id = 12987
09:26:25 cagu001 Carina Gustafsson DELETE data from tables `timetable` on conditions id = 13047
09:27:22 cagu001 Carina Gustafsson UPDATING data to tables `timetable` fields ( customer, employee, date, time_from, time_to, fkkn, type, status, comment ) values (jebe002, jobe008, 2020-03-04, 6.00, 8.45, 1, 0, 1, ) on conditions id = 12930
09:27:59 cagu001 Carina Gustafsson UPDATING data to tables `timetable` fields ( customer, employee, date, time_from, time_to, fkkn, type, status, comment ) values (jebe002, anja007, 2020-03-07, 9.00, 12, 1, 0, 1, ) on conditions id = 12943
09:28:23 cagu001 Carina Gustafsson UPDATING data to tables `timetable` fields ( customer, employee, date, time_from, time_to, fkkn, type, status, comment ) values (jebe002, anja007, 2020-03-08, 14, 22.00, 1, 0, 1, ) on conditions id = 12948
09:28:47 cagu001 Carina Gustafsson UPDATING data to tables `timetable` fields ( customer, employee, date, time_from, time_to, fkkn, type, status, comment ) values (jebe002, anja007, 2020-03-10, 6.00, 8.45, 1, 0, 1, ) on conditions id = 12956
09:29:12 cagu001 Carina Gustafsson UPDATING data to tables `timetable` fields ( customer, employee, date, time_from, time_to, fkkn, type, status, comment ) values (jebe002, jobe008, 2020-03-13, 19, 23.00, 1, 0, 1, ) on conditions id = 12970
09:29:48 cagu001 Carina Gustafsson UPDATING data to tables `timetable` fields ( customer, employee, date, time_from, time_to, fkkn, type, status, comment ) values (jebe002, jobe008, 2020-03-18, 6.00, 8.45, 1, 0, 1, ) on conditions id = 12990
09:30:07 cagu001 Carina Gustafsson DELETE data from tables `timetable` on conditions id = 12996
09:30:43 cagu001 Carina Gustafsson INSERTING data into tables `timetable` fields ( employee, customer, type, date, time_from, time_to, fkkn, status, relation_id, alloc_emp ) values ( anja007, jebe002, 0, 2020-03-21, 7.00, 9, 1, 1, , cagu001 ) => {inserted_id = 14974}
09:30:43 cagu001 Carina Gustafsson UPDATING data to tables `timetable` fields ( time_from ) values (9) on conditions id = 13003
09:30:56 cagu001 Carina Gustafsson UPDATING data to tables `timetable` fields ( customer, employee, date, time_from, time_to, fkkn, type, status, comment ) values (jebe002, anja007, 2020-03-21, 9.00, 12, 1, 0, 1, ) on conditions id = 13003
09:31:15 cagu001 Carina Gustafsson UPDATING data to tables `timetable` fields ( customer, employee, date, time_from, time_to, fkkn, type, status, comment ) values (jebe002, anja007, 2020-03-22, 14, 22.00, 1, 0, 1, ) on conditions id = 13008
09:31:34 cagu001 Carina Gustafsson DELETE data from tables `timetable` on conditions id = 13013
09:31:51 cagu001 Carina Gustafsson UPDATING data to tables `timetable` fields ( customer, employee, date, time_from, time_to, fkkn, type, status, comment ) values (jebe002, anja007, 2020-03-24, 6.00, 8.45, 1, 0, 1, ) on conditions id = 13016
09:32:14 cagu001 Carina Gustafsson UPDATING data to tables `timetable` fields ( customer, employee, date, time_from, time_to, fkkn, type, status, comment ) values (jebe002, jobe008, 2020-03-27, 19, 23.00, 1, 0, 1, ) on conditions id = 13030
09:55:07 hebe001 Helen Bengtsson INSERTING data into tables `log_login` fields ( username, ip, browser ) values ( hebe001, 217.73.108.78, Mozilla/5.0 (Windows NT 6.1; Win64; x64) AppleWebKit/537.36 (KHTML, like Gecko) Chrome/80.0.3987.132 Safari/537.36 ) => {inserted_id = 8970}
09:55:07 hebe001 Helen Bengtsson DELETE data from tables `temp_session` on conditions username LIKE hebe001
09:55:07 hebe001 Helen Bengtsson UPDATING data to tables `time2vie_cirruscommon`.`login` fields ( login, last_time ) values (1, 2020-03-12 09:55:07) on conditions username = hebe001
09:55:07 hebe001 Helen Bengtsson UPDATING data to tables `time2vie_cirruscommon`.`secondary_login` fields ( last_login_time ) values (2020-03-12 09:55:07) on conditions username = hebe001 AND company_id = 20
09:55:08 hebe001 Helen Bengtsson UPDATING data to tables `time2vie_cirruscommon`.`ws_sessions` fields ( user_id ) values (hebe001) on conditions session_id = d8e19c6916da3aa7c54072e4306c6ad3
09:55:55 hebe001 Helen Bengtsson UPDATING data to tables `timetable` fields ( status ) values (1) on conditions (id IN ( '10469' )) AND customer is NOT NULL AND customer != 
09:55:55 hebe001 Helen Bengtsson UPDATING data to tables `timetable` fields ( status ) values (0) on conditions (id IN ( '10469' )) AND (customer is NULL OR customer = )
09:55:55 hebe001 Helen Bengtsson DELETE data from tables `timetable` on conditions relation_id = 10469
09:55:55 hebe001 Helen Bengtsson DELETE data from tables `leave` on conditions id = 1113
09:56:07 hebe001 Helen Bengtsson DELETE data from tables `timetable` on conditions id = 10469
09:56:26 hebe001 Helen Bengtsson UPDATING data to tables `timetable` fields ( customer, employee, date, time_from, time_to, fkkn, type, status, comment ) values (tibe002, vigu002, 2020-03-10, 6.30, 9.00, 1, 0, 1, ) on conditions id = 14964
10:10:28 biwa003 Birgitta Wåhlander UPDATING data to tables `timetable` fields ( customer, employee, date, time_from, time_to, fkkn, type, status, comment ) values (chwa001, anwa006, 2020-03-12, 10.30, 18.15, 1, 0, 1, ) on conditions id = 12339
10:10:45 biwa003 Birgitta Wåhlander UPDATING data to tables `timetable` fields ( status ) values (2) on conditions id = 12339
10:10:45 biwa003 Birgitta Wåhlander INSERTING data into tables `timetable` fields ( customer, date, time_from, time_to, type, fkkn, comment, alloc_emp, relation_id, status ) values ( chwa001, 2020-03-12, 10.30, 18.15, 0, 1, , biwa003, 12339, 0 ) => {inserted_id = 14975}
10:10:45 biwa003 Birgitta Wåhlander INSERTING data into tables `leave` fields ( group_id, employee, date, time_from, time_to, type, comment, appr_emp, status, no_pay ) values ( 671, anwa006, 2020-03-12, 10.3, 18.15, 1, , biwa003, 1, 0 ) => {inserted_id = 1115}
10:11:15 biwa003 Birgitta Wåhlander UPDATING data to tables `timetable` fields ( status ) values (2) on conditions id = 12343
10:11:15 biwa003 Birgitta Wåhlander INSERTING data into tables `timetable` fields ( customer, date, time_from, time_to, type, fkkn, comment, alloc_emp, relation_id, status ) values ( chwa001, 2020-03-13, 10.30, 18.15, 0, 1, , biwa003, 12343, 0 ) => {inserted_id = 14976}
10:11:15 biwa003 Birgitta Wåhlander INSERTING data into tables `leave` fields ( group_id, employee, date, time_from, time_to, type, comment, appr_emp, status, no_pay ) values ( 672, anwa006, 2020-03-13, 10.3, 18.15, 1, , biwa003, 1, 0 ) => {inserted_id = 1116}
10:11:39 biwa003 Birgitta Wåhlander UPDATING data to tables `timetable` fields ( status ) values (2) on conditions id = 12347
10:11:39 biwa003 Birgitta Wåhlander INSERTING data into tables `timetable` fields ( customer, date, time_from, time_to, type, fkkn, comment, alloc_emp, relation_id, status ) values ( chwa001, 2020-03-14, 10.30, 18.15, 0, 1, , biwa003, 12347, 0 ) => {inserted_id = 14977}
10:11:39 biwa003 Birgitta Wåhlander INSERTING data into tables `leave` fields ( group_id, employee, date, time_from, time_to, type, comment, appr_emp, status, no_pay ) values ( 673, anwa006, 2020-03-14, 10.3, 18.15, 1, , biwa003, 1, 0 ) => {inserted_id = 1117}
10:12:02 biwa003 Birgitta Wåhlander UPDATING data to tables `timetable` fields ( status ) values (2) on conditions id = 12351
10:12:02 biwa003 Birgitta Wåhlander INSERTING data into tables `timetable` fields ( customer, date, time_from, time_to, type, fkkn, comment, alloc_emp, relation_id, status ) values ( chwa001, 2020-03-15, 10.30, 18.15, 0, 1, , biwa003, 12351, 0 ) => {inserted_id = 14978}
10:12:02 biwa003 Birgitta Wåhlander INSERTING data into tables `leave` fields ( group_id, employee, date, time_from, time_to, type, comment, appr_emp, status, no_pay ) values ( 674, anwa006, 2020-03-15, 10.3, 18.15, 1, , biwa003, 1, 0 ) => {inserted_id = 1118}
10:12:45 biwa003 Birgitta Wåhlander UPDATING data to tables `timetable` fields ( customer, employee, date, time_from, time_to, fkkn, type, status, comment ) values (chwa001, lawa002, 2020-03-12, 14.00, 18.15, 1, 0, 1, ) on conditions id = 14975
10:13:27 biwa003 Birgitta Wåhlander UPDATING data to tables `timetable` fields ( customer, employee, date, time_from, time_to, fkkn, type, status, comment ) values (chwa001, liha009, 2020-03-12, 17.45, 24, 1, 0, 1, ) on conditions id = 12340
10:13:49 biwa003 Birgitta Wåhlander UPDATING data to tables `timetable` fields ( customer, employee, date, time_from, time_to, fkkn, type, status, comment ) values (chwa001, lawa002, 2020-03-12, 14.00, 17.45, 1, 0, 1, ) on conditions id = 14975
10:14:35 biwa003 Birgitta Wåhlander UPDATING data to tables `timetable` fields ( status ) values (1) on conditions (id IN ( '12339' )) AND customer is NOT NULL AND customer != 
10:14:35 biwa003 Birgitta Wåhlander UPDATING data to tables `timetable` fields ( status ) values (0) on conditions (id IN ( '12339' )) AND (customer is NULL OR customer = )
10:14:35 biwa003 Birgitta Wåhlander DELETE data from tables `timetable` on conditions relation_id = 12339
10:14:35 biwa003 Birgitta Wåhlander DELETE data from tables `leave` on conditions id = 1115
10:15:37 biwa003 Birgitta Wåhlander UPDATING data to tables `timetable` fields ( time_to, status ) values (14, 2) on conditions id = 12339
10:15:37 biwa003 Birgitta Wåhlander INSERTING data into tables `timetable` fields ( customer, date, time_from, time_to, type, fkkn, comment, alloc_emp, relation_id, status ) values ( chwa001, 2020-03-12, 10.30, 14, 0, 1, , biwa003, 12339, 0 ) => {inserted_id = 14979}
10:15:37 biwa003 Birgitta Wåhlander INSERTING data into tables `timetable` fields ( employee, customer, date, time_from, time_to, type, fkkn, status, comment, alloc_emp ) values ( anwa006, chwa001, 2020-03-12, 14, 18.15, 0, 1, 1, , biwa003 ) => {inserted_id = 14980}
10:15:37 biwa003 Birgitta Wåhlander INSERTING data into tables `leave` fields ( group_id, employee, date, time_from, time_to, type, comment, appr_emp, status, no_pay ) values ( 675, anwa006, 2020-03-12, 10.3, 14, 1, , biwa003, 1, 0 ) => {inserted_id = 1119}
10:16:45 biwa003 Birgitta Wåhlander DELETE data from tables `timetable` on conditions id = 14979
10:17:19 biwa003 Birgitta Wåhlander UPDATING data to tables `timetable` fields ( status ) values (1) on conditions (id IN ( '12339' )) AND customer is NOT NULL AND customer != 
10:17:19 biwa003 Birgitta Wåhlander UPDATING data to tables `timetable` fields ( status ) values (0) on conditions (id IN ( '12339' )) AND (customer is NULL OR customer = )
10:17:19 biwa003 Birgitta Wåhlander DELETE data from tables `leave` on conditions id = 1119
10:17:38 biwa003 Birgitta Wåhlander DELETE data from tables `timetable` on conditions id = 14980
10:17:55 biwa003 Birgitta Wåhlander UPDATING data to tables `timetable` fields ( customer, employee, date, time_from, time_to, fkkn, type, status, comment ) values (chwa001, anwa006, 2020-03-12, 10.30, 18.15, 1, 0, 1, ) on conditions id = 12339
10:18:39 biwa003 Birgitta Wåhlander UPDATING data to tables `timetable` fields ( time_from, status ) values (14.00, 2) on conditions id = 12339
10:18:39 biwa003 Birgitta Wåhlander INSERTING data into tables `timetable` fields ( customer, date, time_from, time_to, type, fkkn, comment, alloc_emp, relation_id, employee, status ) values ( chwa001, 2020-03-12, 14.00, 18.15, 0, 1, , biwa003, 12339, lawa002, 1 ) => {inserted_id = 14981}
10:18:39 biwa003 Birgitta Wåhlander INSERTING data into tables `timetable` fields ( employee, customer, date, time_from, time_to, type, fkkn, status, comment, alloc_emp ) values ( anwa006, chwa001, 2020-03-12, 10.30, 14, 0, 1, 1, , biwa003 ) => {inserted_id = 14982}
10:18:39 biwa003 Birgitta Wåhlander INSERTING data into tables `leave` fields ( group_id, employee, date, time_from, time_to, type, comment, appr_emp, status, no_pay ) values ( 675, anwa006, 2020-03-12, 14, 18.15, 1, , biwa003, 1, 0 ) => {inserted_id = 1120}
10:19:16 biwa003 Birgitta Wåhlander DELETE data from tables `timetable` on conditions id = 14982
10:19:43 biwa003 Birgitta Wåhlander DELETE data from tables `timetable` on conditions id = 12339
10:19:43 biwa003 Birgitta Wåhlander DELETE data from tables `leave` on conditions id = 1120
10:20:10 biwa003 Birgitta Wåhlander DELETE data from tables `timetable` on conditions id = 14981
10:21:34 biwa003 Birgitta Wåhlander INSERTING data into tables `timetable` fields ( employee, customer, fkkn, type, date, time_from, time_to, status, created_status, alloc_emp, comment ) values ( anwa006, chwa001, 1, 0, 2020-03-12, 10.30, 18.15, 1, , biwa003,  ) => {inserted_id = 14983}
10:21:50 biwa003 Birgitta Wåhlander UPDATING data to tables `timetable` fields ( status ) values (2) on conditions id = 14983
10:21:50 biwa003 Birgitta Wåhlander INSERTING data into tables `timetable` fields ( customer, date, time_from, time_to, type, fkkn, comment, alloc_emp, relation_id, status ) values ( chwa001, 2020-03-12, 10.30, 18.15, 0, 1, , biwa003, 14983, 0 ) => {inserted_id = 14984}
10:21:50 biwa003 Birgitta Wåhlander INSERTING data into tables `leave` fields ( group_id, employee, date, time_from, time_to, type, comment, appr_emp, status, no_pay ) values ( 675, anwa006, 2020-03-12, 10.3, 18.15, 1, , biwa003, 1, 0 ) => {inserted_id = 1121}
10:22:35 biwa003 Birgitta Wåhlander UPDATING data to tables `timetable` fields ( customer, employee, date, time_from, time_to, fkkn, type, status, comment ) values (chwa001, lawa002, 2020-03-12, 14.00, 18.15, 1, 0, 1, ) on conditions id = 14984
10:22:53 biwa003 Birgitta Wåhlander UPDATING data to tables `timetable` fields ( customer, employee, date, time_from, time_to, fkkn, type, status, comment ) values (chwa001, lawa002, 2020-03-12, 14.00, 17.45, 1, 0, 1, ) on conditions id = 14984
10:42:19 biwa003 Birgitta Wåhlander UPDATING data to tables `time2vie_cirruscommon`.`ws_sessions` fields ( user_id ) values (biwa003) on conditions session_id = 417483534b64148eee88628a3fb9a952
10:43:29 biwa003 Birgitta Wåhlander INSERTING data into tables `timetable` fields ( employee, customer, fkkn, type, date, time_from, time_to, status, created_status, alloc_emp, comment ) values ( anja007, jebe002, 1, 7, 2020-03-11, 18, 19.30, 1, , biwa003,  ) => {inserted_id = 14985}
10:43:29 biwa003 Birgitta Wåhlander INSERTING data into tables `memory_slots` fields ( customer, time_from, time_to, type ) values ( jebe002, 18, 19.30, 7 ) => {inserted_id = 278}
10:44:08 biwa003 Birgitta Wåhlander UPDATING data to tables `timetable` fields ( customer, employee, date, time_from, time_to, fkkn, type, status, comment ) values (jebe002, anja007, 2020-03-11, 18.00, 19.30, 1, 7, 1, Studiecirkel) on conditions id = 14985
10:44:47 biwa003 Birgitta Wåhlander INSERTING data into tables `timetable` fields ( employee, customer, fkkn, type, date, time_from, time_to, status, created_status, alloc_emp, comment ) values ( jobe008, jebe002, 1, 0, 2020-03-11, 18, 20, 1, , biwa003, Studiecirkel ) => {inserted_id = 14986}
10:44:47 biwa003 Birgitta Wåhlander INSERTING data into tables `memory_slots` fields ( customer, time_from, time_to, type ) values ( jebe002, 18, 20, 0 ) => {inserted_id = 279}
10:44:59 biwa003 Birgitta Wåhlander UPDATING data to tables `timetable` fields ( customer, employee, date, time_from, time_to, fkkn, type, status, comment ) values (jebe002, jobe008, 2020-03-11, 18.00, 20.00, 1, 7, 1, Studiecirkel) on conditions id = 14986
10:45:22 biwa003 Birgitta Wåhlander UPDATING data to tables `time2vie_cirruscommon`.`ws_sessions` fields ( user_id ) values (biwa003) on conditions session_id = 417483534b64148eee88628a3fb9a952
11:01:17 biwa003 Birgitta Wåhlander UPDATING data to tables `time2vie_cirruscommon`.`ws_sessions` fields ( user_id ) values (biwa003) on conditions session_id = 417483534b64148eee88628a3fb9a952
11:01:19 cagu001 Carina Gustafsson INSERTING data into tables `time2vie_cirruscommon`.`login` fields ( username, mobile, social_security, password, role, login, date, company_ids ) values ( admu001, 707988437, 6912189484, 3c2f8d0a3727b847cc852e18673a2d11, 3, 0, 2020-03-12, 20, ) => {inserted_id = 0}
11:01:19 cagu001 Carina Gustafsson INSERTING data into tables `time2vie_cirruscommon`.`secondary_login` fields ( username, company_id, last_login_time, last_pw_update_date, error, password ) values ( admu001, 20, 0000-00-00 00:00:00, 2020-03-12, 0, 3c2f8d0a3727b847cc852e18673a2d11 ) => {inserted_id = 9248}
11:01:19 cagu001 Carina Gustafsson INSERTING data into tables `employee` fields ( username, century, code, social_security, first_name, last_name, gender, address, city, post, phone, mobile, email, date, color, status, date_inactive, max_hours, monthly_salary, start_day, remaining_sem_leave, sem_leave_todate, leave_in_advance, care_of, office_personal, substitute, salary_type, sem_leave_days, vab_leave_days, fp_leave_days, nopay_leave_days, other_leave_days, ice, employee_contract_start_month, employee_contract_period_date, employee_contract_period_length, candg_follow, inconvenient_on ) values ( admu001, 19, 4-2, 6912189484, Adriana, Muscat, 2, Köpstadsvägen 63, VARBERG, 432 50, , 707988437, adrianamuscat@hotmail.com, 2020-06-01, #ff9900, 1, , 17, 0, 10.00, , , , , , , 2, , , , , , , 04, 1, 04, , 1 ) => {inserted_id = 0}
11:01:19 cagu001 Carina Gustafsson UPDATING data to tables `time2vie_cirruscommon`.`login` fields ( company_ids=CONCAT(`company_ids`,?) ) values (20,) on conditions social_security = 6912189484 AND company_ids NOT LIKE %20,%
11:01:19 cagu001 Carina Gustafsson INSERTING data into tables `team` fields ( customer, employee, role ) values ( jebe002, admu001, 3 ) => {inserted_id = 0}
11:02:38 cagu001 Carina Gustafsson INSERTING data into tables `employee_contract` fields ( employee, date_from, date_to, hour, monthly_oncall_hour, customer_name, customer_social_secutrity, have_been_agreed, tmp_long_assistance_from, tmp_long_assistance_to, tmp_assistance_for, absence_from, absence_to, special_appointment, probationary_from, probationary_to, open_ended_appointment, prevailing_collective, fulltime, part_time, salary_month, salary_hour, incl_salary, excl_salary, incl_wages, act_salary, bank_account, leave_per_year, excl_holiday_pay, incl_salary_compensation, special_condition, notes, alloc_employee, normal_week_hr, oncall_week_hr, assistanceChecked, other_customer, employmentType ) values ( admu001, 2020-06-01, , 0, 0, jebe002, , 1, , , , , , , , , , , 2, 0, , 141.00, , 1, 1, , , , 1, , , , cagu001, 40, 0, , , 2 ) => {inserted_id = 46}
11:03:33 cagu001 Carina Gustafsson INSERTING data into tables `privileges` fields ( employee, customer ) values ( admu001, jebe002 ) => {inserted_id = 0}
11:03:33 cagu001 Carina Gustafsson UPDATING data to tables `privileges` fields ( swap, process, add_slot, fkkn, slot_type, add_customer, add_employee, remove_customer, remove_employee, `leave`, copy_single_slot, copy_single_slot_option, copy_day_slot, copy_day_slot_option, split_slot, delete_slot, delete_day_slot, delete_multiple_slots, contract_override, atl_override, change_time, no_pay_leave, candg_approve, show_percentage_monthly, not_show_employees ) values (0, 0, 0, 0, 0, 0, 0, 0, 0, 1, 0, 0, 0, 0, 0, 0, 0, 0, 0, 0, 0, 0, 0, 0, 0) on conditions employee = admu001 AND customer = jebe002
11:03:56 cagu001 Carina Gustafsson INSERTING data into tables `privileges_reports` fields ( employee ) values ( admu001 ) => {inserted_id = 0}
11:03:56 cagu001 Carina Gustafsson UPDATING data to tables `privileges_reports` fields ( customer_schedule, employee_schedule, employee_workreport, customer_data, customer_leave, customer_granded_vs_used, customer_employee_connection, customer_horizontal, customer_overview, customer_vacation_planning, employee_data, employee_leave, employee_percentage, atl_warning, customer_overlapping, employee_skill
                     ) values (1, 1, 1, 0, 0, 0, 0, 1, 1, 1, 0, 0, 0, 0, 0, 0) on conditions employee = admu001
11:04:11 cagu001 Carina Gustafsson INSERTING data into tables `privileges_general` fields ( employee, add_employee, add_customer, inconvenient_timing, administration, chat, edit_employee, edit_customer, survey, create_template, use_template, candg_wi, candg_wo, mobile_search, employer_signing, candg_stop_other_emps, employee_settings_contract, employee_settings_salary, employee_settings_notification, employee_settings_privileges, employee_settings_cv, employee_settings_documentation, employee_settings_preference, customer_settings_insurance_fk, customer_settings_insurance_kn, customer_settings_insurance_tu, customer_settings_implan, customer_settings_deswork, customer_settings_documentation, customer_settings_equipment, customer_settings_privileges, customer_settings_appointment, customer_settings_oncall, customer_settings_3066, customer_settings_sick_form_defaults, customer_settings_location, administration_fk_export, candg_on, recruitment, customer_doc_field, employee_check_list ) values ( admu001, 0, 0, 0, 0, 0, 0, 0, 0, 0, 0, 0, 0, 0, 1, 0, 0, 0, 0, 0, 0, 0, 0, 0, 0, 0, 0, 0, 0, 0, 0, 0, 0, 0, 0, 0, 0, 0, 0, 0, 0 ) => {inserted_id = 0}
11:04:26 cagu001 Carina Gustafsson INSERTING data into tables `privileges_mc` fields ( employee ) values ( admu001 ) => {inserted_id = 0}
11:04:26 cagu001 Carina Gustafsson UPDATING data to tables `privileges_mc` fields ( leave_notification, leave_approval, leave_rejection, leave_edit, notes, cirrus_mail, external_mail, sms, notes_approval, notes_rejection, notes_attchment, document_archive, support, sms_general, approve_all_leave ) values (0, 0, 0, 0, 1, 1, 1, 0, 0, 0, 0, 0, 0, 0, 0) on conditions employee = admu001
11:12:41 cagu001 Carina Gustafsson UPDATING data to tables `time2vie_cirruscommon`.`ws_sessions` fields ( user_id ) values (cagu001) on conditions session_id = 9ad635eea3f6f28ac00862e58102c11c
11:13:09 cagu001 Carina Gustafsson UPDATING data to tables `time2vie_cirruscommon`.`ws_sessions` fields ( user_id ) values (cagu001) on conditions session_id = 9ad635eea3f6f28ac00862e58102c11c
11:15:42 cagu001 Carina Gustafsson UPDATING data to tables `time2vie_cirruscommon`.`ws_sessions` fields ( user_id ) values (cagu001) on conditions session_id = 9ad635eea3f6f28ac00862e58102c11c
11:26:33 cagu001 Carina Gustafsson INSERTING data into tables `time2vie_cirruscommon`.`support_ticket_answers` fields ( ticket_id, submited_user, answer, category_id, priority, ticket_type, status, hidden ) values ( 2667, cagu001, <p>Jag förstår inte var du menar att jag ska kunna lägga in det?</p>, 1, 2, 3, 3, 0 ) => {inserted_id = 7080}
11:55:01 hejo003 Helen Jörnås UPDATING data to tables `time2vie_cirruscommon`.`secondary_login` fields ( error ) values (0) on conditions username = hejo003 AND company_id = 20
11:55:01 hejo003 Helen Jörnås INSERTING data into tables `log_login` fields ( username, ip, browser ) values ( hejo003, 185.27.164.39, okhttp/3.9.1 ) => {inserted_id = 8971}
11:55:01 hejo003 Helen Jörnås DELETE data from tables `temp_session` on conditions username LIKE hejo003
11:55:01 hejo003 Helen Jörnås UPDATING data to tables `time2vie_cirruscommon`.`login` fields ( login, last_time ) values (1, 2020-03-12 11:55:01) on conditions username = hejo003
11:55:01 hejo003 Helen Jörnås UPDATING data to tables `time2vie_cirruscommon`.`secondary_login` fields ( last_login_time ) values (2020-03-12 11:55:01) on conditions username = hejo003 AND company_id = 20
13:12:19 biwa003 Birgitta Wåhlander UPDATING data to tables `time2vie_cirruscommon`.`ws_sessions` fields ( user_id ) values (biwa003) on conditions session_id = 417483534b64148eee88628a3fb9a952
14:26:10 mato007 Mattias Torbiörnson INSERTING data into tables `log_login` fields ( username, ip, browser ) values ( mato007, 94.103.194.75, Mozilla/5.0 (Windows NT 10.0; Win64; x64) AppleWebKit/537.36 (KHTML, like Gecko) Chrome/80.0.3987.132 Safari/537.36 ) => {inserted_id = 8972}
14:26:10 mato007 Mattias Torbiörnson DELETE data from tables `temp_session` on conditions username LIKE mato007
14:26:10 mato007 Mattias Torbiörnson UPDATING data to tables `time2vie_cirruscommon`.`login` fields ( login, last_time ) values (1, 2020-03-12 14:26:10) on conditions username = mato007
14:26:10 mato007 Mattias Torbiörnson UPDATING data to tables `time2vie_cirruscommon`.`secondary_login` fields ( last_login_time ) values (2020-03-12 14:26:10) on conditions username = mato007 AND company_id = 20
14:26:16 mato007 Mattias Torbiörnson INSERTING data into tables `log_login` fields ( username, ip, browser ) values ( mato007, 94.103.194.75, Mozilla/5.0 (Windows NT 10.0; Win64; x64) AppleWebKit/537.36 (KHTML, like Gecko) Chrome/80.0.3987.132 Safari/537.36 ) => {inserted_id = 8973}
14:26:16 mato007 Mattias Torbiörnson DELETE data from tables `temp_session` on conditions username LIKE mato007
14:26:16 mato007 Mattias Torbiörnson UPDATING data to tables `time2vie_cirruscommon`.`login` fields ( login, last_time ) values (1, 2020-03-12 14:26:16) on conditions username = mato007
14:26:16 mato007 Mattias Torbiörnson UPDATING data to tables `time2vie_cirruscommon`.`secondary_login` fields ( last_login_time ) values (2020-03-12 14:26:16) on conditions username = mato007 AND company_id = 20
14:26:16 mato007 Mattias Torbiörnson UPDATING data to tables `time2vie_cirruscommon`.`ws_sessions` fields ( user_id ) values (mato007) on conditions session_id = a1c486ae405c4e3e4846fd4eb3479db2
14:44:03 cagu001 Carina Gustafsson INSERTING data into tables `inconvenient_timing_customer` fields ( root_id, group_id, name, customer, effect_from, effect_to, time_from, time_to, days, amount, nature, sal_call_training, sal_complementary_oncall, sal_more_oncall, sal_dismissal_oncall ) values ( 0, 5, Väntetid helg, jebe002, 2020-03-01, , 7, 9, 6,7,, , 0, , , ,  ) => {inserted_id = 56}
14:45:01 cagu001 Carina Gustafsson UPDATING data to tables `time2vie_cirruscommon`.`ws_sessions` fields ( user_id ) values (cagu001) on conditions session_id = 9ad635eea3f6f28ac00862e58102c11c
14:45:33 cagu001 Carina Gustafsson UPDATING data to tables `time2vie_cirruscommon`.`ws_sessions` fields ( user_id ) values (cagu001) on conditions session_id = 9ad635eea3f6f28ac00862e58102c11c
14:45:58 cagu001 Carina Gustafsson DELETE data from tables `timetable` on conditions id = 14968
14:47:03 cagu001 Carina Gustafsson INSERTING data into tables `timetable` fields ( employee, customer, fkkn, type, date, time_from, time_to, status, created_status, alloc_emp, comment ) values ( kaol006, jebe002, 1, 3, 2020-03-01, 7, 9, 1, , cagu001,  ) => {inserted_id = 14987}
14:47:03 cagu001 Carina Gustafsson INSERTING data into tables `memory_slots` fields ( customer, time_from, time_to, type ) values ( jebe002, 7, 9, 3 ) => {inserted_id = 280}
14:47:45 cagu001 Carina Gustafsson UPDATING data to tables `timetable` fields ( customer, employee, date, time_from, time_to, fkkn, type, status, comment ) values (jebe002, anja007, 2020-03-07, 7.00, 9.00, 1, 3, 1, ) on conditions id = 14973
14:48:16 cagu001 Carina Gustafsson UPDATING data to tables `timetable` fields ( customer, employee, date, time_from, time_to, fkkn, type, status, comment ) values (jebe002, kaol006, 2020-03-14, 7.00, 9.00, 1, 3, 1, ) on conditions id = 14969
14:48:41 cagu001 Carina Gustafsson UPDATING data to tables `timetable` fields ( customer, employee, date, time_from, time_to, fkkn, type, status, comment ) values (jebe002, kaol006, 2020-03-15, 7.00, 9.00, 1, 3, 1, ) on conditions id = 14970
14:49:25 cagu001 Carina Gustafsson UPDATING data to tables `timetable` fields ( customer, employee, date, time_from, time_to, fkkn, type, status, comment ) values (jebe002, anja007, 2020-03-21, 7.00, 9.00, 1, 3, 1, ) on conditions id = 14974
14:49:44 cagu001 Carina Gustafsson UPDATING data to tables `timetable` fields ( customer, employee, date, time_from, time_to, fkkn, type, status, comment ) values (jebe002, kaol006, 2020-03-28, 7.00, 9.00, 1, 3, 1, ) on conditions id = 14971
14:49:56 cagu001 Carina Gustafsson UPDATING data to tables `timetable` fields ( customer, employee, date, time_from, time_to, fkkn, type, status, comment ) values (jebe002, kaol006, 2020-03-29, 7.00, 9.00, 1, 3, 1, ) on conditions id = 14972
14:51:01 cagu001 Carina Gustafsson DELETE data from tables `timetable` on conditions id = 14987
14:51:47 cagu001 Carina Gustafsson INSERTING data into tables `timetable` fields ( employee, customer, fkkn, type, date, time_from, time_to, status, created_status, alloc_emp, comment ) values ( kaol006, jebe002, 1, 3, 2020-03-01, 7, 9, 1, , cagu001,  ) => {inserted_id = 14988}
14:54:00 biwa003 Birgitta Wåhlander INSERTING data into tables `log_login` fields ( username, ip, browser ) values ( biwa003, 193.234.72.157, Mozilla/5.0 (Windows NT 10.0; Win64; x64) AppleWebKit/537.36 (KHTML, like Gecko) Chrome/80.0.3987.132 Safari/537.36 ) => {inserted_id = 8974}
14:54:00 biwa003 Birgitta Wåhlander DELETE data from tables `temp_session` on conditions username LIKE biwa003
14:54:00 biwa003 Birgitta Wåhlander UPDATING data to tables `time2vie_cirruscommon`.`login` fields ( login, last_time ) values (1, 2020-03-12 14:54:00) on conditions username = biwa003
14:54:00 biwa003 Birgitta Wåhlander UPDATING data to tables `time2vie_cirruscommon`.`secondary_login` fields ( last_login_time ) values (2020-03-12 14:54:00) on conditions username = biwa003 AND company_id = 20
14:54:01 biwa003 Birgitta Wåhlander UPDATING data to tables `time2vie_cirruscommon`.`ws_sessions` fields ( user_id ) values (biwa003) on conditions session_id = 417483534b64148eee88628a3fb9a952
14:56:24 cagu001 Carina Gustafsson UPDATING data to tables `time2vie_cirruscommon`.`ws_sessions` fields ( user_id ) values (cagu001) on conditions session_id = 9ad635eea3f6f28ac00862e58102c11c
14:58:50 cagu001 Carina Gustafsson INSERTING data into tables `timetable` fields ( employee, customer, type, date, time_from, time_to, fkkn, status, relation_id, alloc_emp ) values ( erbe003, jebe002, 0, 2020-04-04, 7.00, 9, 1, 1, , cagu001 ) => {inserted_id = 14989}
14:58:50 cagu001 Carina Gustafsson UPDATING data to tables `timetable` fields ( time_from ) values (9) on conditions id = 13063
14:59:01 cagu001 Carina Gustafsson UPDATING data to tables `timetable` fields ( customer, employee, date, time_from, time_to, fkkn, type, status, comment ) values (jebe002, erbe003, 2020-04-04, 7.00, 9.00, 1, 3, 1, ) on conditions id = 14989
14:59:25 cagu001 Carina Gustafsson UPDATING data to tables `timetable` fields ( customer, employee, date, time_from, time_to, fkkn, type, status, comment ) values (jebe002, erbe003, 2020-04-04, 9.00, 12.00, 1, 0, 1, ) on conditions id = 13063
14:59:46 cagu001 Carina Gustafsson UPDATING data to tables `timetable` fields ( customer, employee, date, time_from, time_to, fkkn, type, status, comment ) values (jebe002, jobe008, 2020-04-01, 6.00, 8.45, 1, 0, 1, ) on conditions id = 13050
14:59:56 cagu001 Carina Gustafsson DELETE data from tables `timetable` on conditions id = 13056
15:00:39 cagu001 Carina Gustafsson UPDATING data to tables `timetable` fields ( customer, employee, date, time_from, time_to, fkkn, type, status, comment ) values (jebe002, anja007, 2020-04-05, 14, 22.00, 1, 0, 1, ) on conditions id = 13068
15:00:56 cagu001 Carina Gustafsson DELETE data from tables `timetable` on conditions id = 13073
15:01:19 cagu001 Carina Gustafsson UPDATING data to tables `timetable` fields ( customer, employee, date, time_from, time_to, fkkn, type, status, comment ) values (jebe002, anja007, 2020-04-07, 6.00, 8.45, 1, 0, 1, ) on conditions id = 13076
15:01:53 cagu001 Carina Gustafsson INSERTING data into tables `timetable` fields ( employee, customer, type, date, time_from, time_to, fkkn, status, relation_id, alloc_emp ) values ( kaol006, jebe002, 0, 2020-04-11, 7.00, 9, 1, 1, , cagu001 ) => {inserted_id = 14990}
15:01:53 cagu001 Carina Gustafsson UPDATING data to tables `timetable` fields ( time_from ) values (9) on conditions id = 13093
15:02:03 cagu001 Carina Gustafsson UPDATING data to tables `timetable` fields ( customer, employee, date, time_from, time_to, fkkn, type, status, comment ) values (jebe002, kaol006, 2020-04-11, 7.00, 9.00, 1, 3, 1, ) on conditions id = 14990
15:02:27 cagu001 Carina Gustafsson INSERTING data into tables `timetable` fields ( employee, customer, type, date, time_from, time_to, fkkn, status, relation_id, alloc_emp ) values ( kaol006, jebe002, 0, 2020-04-12, 7.00, 9, 1, 1, , cagu001 ) => {inserted_id = 14991}
15:02:27 cagu001 Carina Gustafsson UPDATING data to tables `timetable` fields ( time_from ) values (9) on conditions id = 13097
15:02:39 cagu001 Carina Gustafsson UPDATING data to tables `timetable` fields ( customer, employee, date, time_from, time_to, fkkn, type, status, comment ) values (jebe002, kaol006, 2020-04-12, 7.00, 9.00, 1, 3, 1, ) on conditions id = 14991
15:04:09 cagu001 Carina Gustafsson DELETE data from tables `timetable` on conditions id = 13107
15:04:09 cagu001 Carina Gustafsson DELETE data from tables `timetable` on conditions id = 13116
15:04:29 cagu001 Carina Gustafsson UPDATING data to tables `timetable` fields ( customer, employee, date, time_from, time_to, fkkn, type, status, comment ) values (jebe002, jobe008, 2020-04-15, 6.00, 8.45, 1, 0, 1, ) on conditions id = 13110
15:05:17 cagu001 Carina Gustafsson INSERTING data into tables `timetable` fields ( employee, customer, type, date, time_from, time_to, fkkn, status, relation_id, alloc_emp ) values ( anja007, jebe002, 0, 2020-04-18, 7.00, 9, 1, 1, , cagu001 ) => {inserted_id = 14992}
15:05:17 cagu001 Carina Gustafsson UPDATING data to tables `timetable` fields ( time_from ) values (9) on conditions id = 13123
15:05:31 cagu001 Carina Gustafsson UPDATING data to tables `timetable` fields ( customer, employee, date, time_from, time_to, fkkn, type, status, comment ) values (jebe002, anja007, 2020-04-18, 7.00, 9.00, 1, 3, 1, ) on conditions id = 14992
15:05:40 cagu001 Carina Gustafsson UPDATING data to tables `timetable` fields ( customer, employee, date, time_from, time_to, fkkn, type, status, comment ) values (jebe002, anja007, 2020-04-18, 9.00, 12.00, 1, 0, 1, ) on conditions id = 13123
15:05:59 cagu001 Carina Gustafsson UPDATING data to tables `timetable` fields ( customer, employee, date, time_from, time_to, fkkn, type, status, comment ) values (jebe002, anja007, 2020-04-19, 14, 22.00, 1, 0, 1, ) on conditions id = 13128
15:06:24 cagu001 Carina Gustafsson DELETE data from tables `timetable` on conditions id = 13133
15:06:43 cagu001 Carina Gustafsson UPDATING data to tables `timetable` fields ( customer, employee, date, time_from, time_to, fkkn, type, status, comment ) values (jebe002, anja007, 2020-04-21, 6.00, 8.45, 1, 0, 1, ) on conditions id = 13136
15:07:08 cagu001 Carina Gustafsson UPDATING data to tables `timetable` fields ( customer, employee, date, time_from, time_to, fkkn, type, status, comment ) values (jebe002, jobe008, 2020-04-24, 19, 23.00, 1, 0, 1, ) on conditions id = 13150
15:07:28 cagu001 Carina Gustafsson INSERTING data into tables `timetable` fields ( employee, customer, type, date, time_from, time_to, fkkn, status, relation_id, alloc_emp ) values ( kaol006, jebe002, 0, 2020-04-25, 7.00, 9, 1, 1, , cagu001 ) => {inserted_id = 14993}
15:07:28 cagu001 Carina Gustafsson UPDATING data to tables `timetable` fields ( time_from ) values (9) on conditions id = 13153
15:07:37 cagu001 Carina Gustafsson UPDATING data to tables `timetable` fields ( customer, employee, date, time_from, time_to, fkkn, type, status, comment ) values (jebe002, kaol006, 2020-04-25, 7.00, 9.00, 1, 3, 1, ) on conditions id = 14993
15:07:52 cagu001 Carina Gustafsson INSERTING data into tables `timetable` fields ( employee, customer, type, date, time_from, time_to, fkkn, status, relation_id, alloc_emp ) values ( kaol006, jebe002, 0, 2020-04-26, 7.00, 9, 1, 1, , cagu001 ) => {inserted_id = 14994}
15:07:52 cagu001 Carina Gustafsson UPDATING data to tables `timetable` fields ( time_from ) values (9) on conditions id = 13157
15:08:02 cagu001 Carina Gustafsson UPDATING data to tables `timetable` fields ( customer, employee, date, time_from, time_to, fkkn, type, status, comment ) values (jebe002, kaol006, 2020-04-26, 7.00, 9.00, 1, 3, 1, ) on conditions id = 14994
15:08:25 cagu001 Carina Gustafsson DELETE data from tables `timetable` on conditions id = 13167
15:08:43 cagu001 Carina Gustafsson DELETE data from tables `timetable` on conditions id = 13176
15:09:03 cagu001 Carina Gustafsson UPDATING data to tables `timetable` fields ( customer, employee, date, time_from, time_to, fkkn, type, status, comment ) values (jebe002, jobe008, 2020-04-29, 6.00, 8.45, 1, 0, 1, ) on conditions id = 13170
15:10:44 cagu001 Carina Gustafsson UPDATING data to tables `timetable` fields ( customer, employee, date, time_from, time_to, fkkn, type, status, comment ) values (jebe002, anja007, 2020-05-02, 7.00, 12, 1, 0, 1, ) on conditions id = 13183
15:11:00 cagu001 Carina Gustafsson INSERTING data into tables `timetable` fields ( employee, customer, type, date, time_from, time_to, fkkn, status, relation_id, alloc_emp ) values ( anja007, jebe002, 0, 2020-05-02, 7.00, 9, 1, 1, , cagu001 ) => {inserted_id = 14995}
15:11:00 cagu001 Carina Gustafsson UPDATING data to tables `timetable` fields ( time_from ) values (9) on conditions id = 13183
15:11:08 cagu001 Carina Gustafsson UPDATING data to tables `timetable` fields ( customer, employee, date, time_from, time_to, fkkn, type, status, comment ) values (jebe002, anja007, 2020-05-02, 7.00, 9.00, 1, 3, 1, ) on conditions id = 14995
15:11:25 cagu001 Carina Gustafsson UPDATING data to tables `timetable` fields ( customer, employee, date, time_from, time_to, fkkn, type, status, comment ) values (jebe002, anja007, 2020-05-03, 14, 22.00, 1, 0, 1, ) on conditions id = 13188
15:11:43 cagu001 Carina Gustafsson DELETE data from tables `timetable` on conditions id = 13193
15:11:59 cagu001 Carina Gustafsson UPDATING data to tables `timetable` fields ( customer, employee, date, time_from, time_to, fkkn, type, status, comment ) values (jebe002, anja007, 2020-05-05, 6.00, 8.45, 1, 0, 1, ) on conditions id = 13196
15:12:19 cagu001 Carina Gustafsson UPDATING data to tables `timetable` fields ( customer, employee, date, time_from, time_to, fkkn, type, status, comment ) values (jebe002, jobe008, 2020-05-08, 19, 23.00, 1, 0, 1, ) on conditions id = 13210
15:12:39 cagu001 Carina Gustafsson INSERTING data into tables `timetable` fields ( employee, customer, type, date, time_from, time_to, fkkn, status, relation_id, alloc_emp ) values ( kaol006, jebe002, 0, 2020-05-09, 7.00, 9, 1, 1, , cagu001 ) => {inserted_id = 14996}
15:12:39 cagu001 Carina Gustafsson UPDATING data to tables `timetable` fields ( time_from ) values (9) on conditions id = 13213
15:12:55 cagu001 Carina Gustafsson UPDATING data to tables `timetable` fields ( customer, employee, date, time_from, time_to, fkkn, type, status, comment ) values (jebe002, kaol006, 2020-05-09, 7.00, 9.00, 1, 3, 1, ) on conditions id = 14996
15:13:04 cagu001 Carina Gustafsson INSERTING data into tables `timetable` fields ( employee, customer, type, date, time_from, time_to, fkkn, status, relation_id, alloc_emp ) values ( kaol006, jebe002, 0, 2020-05-10, 7.00, 9, 1, 1, , cagu001 ) => {inserted_id = 14997}
15:13:04 cagu001 Carina Gustafsson UPDATING data to tables `timetable` fields ( time_from ) values (9) on conditions id = 13217
15:13:13 cagu001 Carina Gustafsson UPDATING data to tables `timetable` fields ( customer, employee, date, time_from, time_to, fkkn, type, status, comment ) values (jebe002, kaol006, 2020-05-10, 7.00, 9.00, 1, 3, 1, ) on conditions id = 14997
15:13:36 cagu001 Carina Gustafsson DELETE data from tables `timetable` on conditions id = 13227
15:13:36 cagu001 Carina Gustafsson DELETE data from tables `timetable` on conditions id = 13236
15:13:50 cagu001 Carina Gustafsson UPDATING data to tables `timetable` fields ( customer, employee, date, time_from, time_to, fkkn, type, status, comment ) values (jebe002, jobe008, 2020-05-13, 6.00, 8.45, 1, 0, 1, ) on conditions id = 13230
15:14:23 cagu001 Carina Gustafsson UPDATING data to tables `timetable` fields ( customer, employee, date, time_from, time_to, fkkn, type, status, comment ) values (jebe002, anja007, 2020-05-16, 7.00, 12, 1, 0, 1, ) on conditions id = 13243
15:14:37 cagu001 Carina Gustafsson INSERTING data into tables `timetable` fields ( employee, customer, type, date, time_from, time_to, fkkn, status, relation_id, alloc_emp ) values ( anja007, jebe002, 0, 2020-05-16, 7.00, 9, 1, 1, , cagu001 ) => {inserted_id = 14998}
15:14:37 cagu001 Carina Gustafsson UPDATING data to tables `timetable` fields ( time_from ) values (9) on conditions id = 13243
15:14:49 cagu001 Carina Gustafsson UPDATING data to tables `timetable` fields ( customer, employee, date, time_from, time_to, fkkn, type, status, comment ) values (jebe002, anja007, 2020-05-16, 7.00, 9.00, 1, 3, 1, ) on conditions id = 14998
15:15:03 cagu001 Carina Gustafsson UPDATING data to tables `timetable` fields ( customer, employee, date, time_from, time_to, fkkn, type, status, comment ) values (jebe002, anja007, 2020-05-17, 14, 22.00, 1, 0, 1, ) on conditions id = 13248
15:15:47 cagu001 Carina Gustafsson DELETE data from tables `timetable` on conditions id = 13253
15:16:03 cagu001 Carina Gustafsson UPDATING data to tables `timetable` fields ( customer, employee, date, time_from, time_to, fkkn, type, status, comment ) values (jebe002, anja007, 2020-05-19, 6.00, 8.45, 1, 0, 1, ) on conditions id = 13256
15:16:52 cagu001 Carina Gustafsson INSERTING data into tables `timetable` fields ( employee, customer, fkkn, type, date, time_from, time_to, status, created_status, alloc_emp, comment ) values ( , jebe002, 1, 0, 2020-05-21, 9, 15, 0, , cagu001,  ) => {inserted_id = 14999}
15:16:52 cagu001 Carina Gustafsson INSERTING data into tables `memory_slots` fields ( customer, time_from, time_to, type ) values ( jebe002, 9, 15, 0 ) => {inserted_id = 281}
15:17:28 cagu001 Carina Gustafsson UPDATING data to tables `timetable` fields ( customer, employee, date, time_from, time_to, fkkn, type, status, comment ) values (jebe002, , 2020-05-21, 8.45, 15.00, 1, 0, 0, ) on conditions id = 14999
15:17:49 cagu001 Carina Gustafsson UPDATING data to tables `timetable` fields ( customer, employee, date, time_from, time_to, fkkn, type, status, comment ) values (jebe002, jobe008, 2020-05-22, 19, 23.00, 1, 0, 1, ) on conditions id = 13270
15:18:10 cagu001 Carina Gustafsson INSERTING data into tables `timetable` fields ( employee, customer, fkkn, type, date, time_from, time_to, status, created_status, alloc_emp, comment ) values ( , jebe002, 1, 0, 2020-05-22, 8.45, 15, 0, , cagu001,  ) => {inserted_id = 15000}
15:18:10 cagu001 Carina Gustafsson INSERTING data into tables `memory_slots` fields ( customer, time_from, time_to, type ) values ( jebe002, 8.45, 15, 0 ) => {inserted_id = 282}
15:18:34 cagu001 Carina Gustafsson INSERTING data into tables `timetable` fields ( employee, customer, type, date, time_from, time_to, fkkn, status, relation_id, alloc_emp ) values ( kaol006, jebe002, 0, 2020-05-23, 7.00, 9, 1, 1, , cagu001 ) => {inserted_id = 15001}
15:18:34 cagu001 Carina Gustafsson UPDATING data to tables `timetable` fields ( time_from ) values (9) on conditions id = 13273
15:18:44 cagu001 Carina Gustafsson UPDATING data to tables `timetable` fields ( customer, employee, date, time_from, time_to, fkkn, type, status, comment ) values (jebe002, kaol006, 2020-05-23, 7.00, 9.00, 1, 3, 1, ) on conditions id = 15001
15:18:55 cagu001 Carina Gustafsson INSERTING data into tables `timetable` fields ( employee, customer, type, date, time_from, time_to, fkkn, status, relation_id, alloc_emp ) values ( kaol006, jebe002, 0, 2020-05-24, 7.00, 9, 1, 1, , cagu001 ) => {inserted_id = 15002}
15:18:55 cagu001 Carina Gustafsson UPDATING data to tables `timetable` fields ( time_from ) values (9) on conditions id = 13277
15:19:09 cagu001 Carina Gustafsson UPDATING data to tables `timetable` fields ( customer, employee, date, time_from, time_to, fkkn, type, status, comment ) values (jebe002, kaol006, 2020-05-24, 7.00, 9.00, 1, 3, 1, ) on conditions id = 15002
15:19:30 cagu001 Carina Gustafsson DELETE data from tables `timetable` on conditions id = 13287
15:19:30 cagu001 Carina Gustafsson DELETE data from tables `timetable` on conditions id = 13296
15:19:48 cagu001 Carina Gustafsson UPDATING data to tables `timetable` fields ( customer, employee, date, time_from, time_to, fkkn, type, status, comment ) values (jebe002, jobe008, 2020-05-27, 6.00, 8.45, 1, 0, 1, ) on conditions id = 13290
15:20:15 cagu001 Carina Gustafsson UPDATING data to tables `timetable` fields ( customer, employee, date, time_from, time_to, fkkn, type, status, comment ) values (jebe002, anja007, 2020-05-30, 7.00, 12.00, 1, 0, 1, ) on conditions id = 13303
15:20:27 cagu001 Carina Gustafsson INSERTING data into tables `timetable` fields ( employee, customer, type, date, time_from, time_to, fkkn, status, relation_id, alloc_emp ) values ( anja007, jebe002, 0, 2020-05-30, 7.00, 9, 1, 1, , cagu001 ) => {inserted_id = 15003}
15:20:27 cagu001 Carina Gustafsson UPDATING data to tables `timetable` fields ( time_from ) values (9) on conditions id = 13303
15:20:41 cagu001 Carina Gustafsson UPDATING data to tables `timetable` fields ( customer, employee, date, time_from, time_to, fkkn, type, status, comment ) values (jebe002, anja007, 2020-05-30, 7.00, 9.00, 1, 3, 1, ) on conditions id = 15003
15:20:56 cagu001 Carina Gustafsson UPDATING data to tables `timetable` fields ( customer, employee, date, time_from, time_to, fkkn, type, status, comment ) values (jebe002, anja007, 2020-05-31, 14, 22.00, 1, 0, 1, ) on conditions id = 13308
15:40:28 anwa006 Andréas Wallin UPDATING data to tables `time2vie_cirruscommon`.`secondary_login` fields ( error ) values (0) on conditions username = anwa006 AND company_id = 20
15:40:28 anwa006 Andréas Wallin INSERTING data into tables `log_login` fields ( username, ip, browser ) values ( anwa006, 82.196.108.141, okhttp/3.9.1 ) => {inserted_id = 8975}
15:40:28 anwa006 Andréas Wallin DELETE data from tables `temp_session` on conditions username LIKE anwa006
15:40:28 anwa006 Andréas Wallin UPDATING data to tables `time2vie_cirruscommon`.`login` fields ( login, last_time ) values (1, 2020-03-12 15:40:28) on conditions username = anwa006
15:40:28 anwa006 Andréas Wallin UPDATING data to tables `time2vie_cirruscommon`.`secondary_login` fields ( last_login_time ) values (2020-03-12 15:40:28) on conditions username = anwa006 AND company_id = 20
15:42:41 asgr002 Åsa Grimberg UPDATING data to tables `time2vie_cirruscommon`.`secondary_login` fields ( error ) values (0) on conditions username = asgr002 AND company_id = 20
15:42:41 asgr002 Åsa Grimberg INSERTING data into tables `log_login` fields ( username, ip, browser ) values ( asgr002, 217.211.59.37, Time2View/10 CFNetwork/1121.2.2 Darwin/19.3.0 ) => {inserted_id = 8976}
15:42:41 asgr002 Åsa Grimberg DELETE data from tables `temp_session` on conditions username LIKE asgr002
15:42:41 asgr002 Åsa Grimberg UPDATING data to tables `time2vie_cirruscommon`.`login` fields ( login, last_time ) values (1, 2020-03-12 15:42:41) on conditions username = asgr002
15:42:41 asgr002 Åsa Grimberg UPDATING data to tables `time2vie_cirruscommon`.`secondary_login` fields ( last_login_time ) values (2020-03-12 15:42:41) on conditions username = asgr002 AND company_id = 20
16:00:10 biwa003 Birgitta Wåhlander UPDATING data to tables `time2vie_cirruscommon`.`ws_sessions` fields ( user_id ) values (biwa003) on conditions session_id = 417483534b64148eee88628a3fb9a952
16:46:39 cagu001 Carina Gustafsson DELETE data from tables `temp_session` on conditions username LIKE cagu001
16:46:39 cagu001 Carina Gustafsson UPDATING data to tables `time2vie_cirruscommon`.`login` fields ( login, last_time ) values (0, 2020-03-12 16:46:39) on conditions username = cagu001
16:46:39 cagu001 Carina Gustafsson UPDATING data to tables `time2vie_cirruscommon`.`secondary_login` fields ( last_login_time ) values (2020-03-12 16:46:39) on conditions username = cagu001 AND company_id = 20
16:46:39   UPDATING data to tables `log_login` fields ( logout_time ) values (2020-03-12:15:46:39) on conditions id = 8961 AND username = cagu001
16:56:07 biwa003 Birgitta Wåhlander UPDATING data to tables `timetable` fields ( customer, employee, date, time_from, time_to, fkkn, type, status, comment ) values (chwa001, biwa003, 2020-03-13, 10.30, 18.15, 1, 0, 1, ) on conditions id = 14976
17:29:32 jobe008 Joakim Bengtsson UPDATING data to tables `time2vie_cirruscommon`.`secondary_login` fields ( error ) values (0) on conditions username = jobe008 AND company_id = 20
17:29:32 jobe008 Joakim Bengtsson INSERTING data into tables `log_login` fields ( username, ip, browser ) values ( jobe008, 94.191.135.170, okhttp/3.9.1 ) => {inserted_id = 8977}
17:29:32 jobe008 Joakim Bengtsson DELETE data from tables `temp_session` on conditions username LIKE jobe008
17:29:32 jobe008 Joakim Bengtsson UPDATING data to tables `time2vie_cirruscommon`.`login` fields ( login, last_time ) values (1, 2020-03-12 17:29:32) on conditions username = jobe008
17:29:32 jobe008 Joakim Bengtsson UPDATING data to tables `time2vie_cirruscommon`.`secondary_login` fields ( last_login_time ) values (2020-03-12 17:29:32) on conditions username = jobe008 AND company_id = 20
17:43:36 hebe001 Helen Bengtsson INSERTING data into tables `log_login` fields ( username, ip, browser ) values ( hebe001, 217.73.108.78, Mozilla/5.0 (Windows NT 6.1; Win64; x64) AppleWebKit/537.36 (KHTML, like Gecko) Chrome/80.0.3987.132 Safari/537.36 ) => {inserted_id = 8978}
17:43:36 hebe001 Helen Bengtsson DELETE data from tables `temp_session` on conditions username LIKE hebe001
17:43:36 hebe001 Helen Bengtsson UPDATING data to tables `time2vie_cirruscommon`.`login` fields ( login, last_time ) values (1, 2020-03-12 17:43:36) on conditions username = hebe001
17:43:36 hebe001 Helen Bengtsson UPDATING data to tables `time2vie_cirruscommon`.`secondary_login` fields ( last_login_time ) values (2020-03-12 17:43:36) on conditions username = hebe001 AND company_id = 20
17:43:36 hebe001 Helen Bengtsson UPDATING data to tables `time2vie_cirruscommon`.`ws_sessions` fields ( user_id ) values (hebe001) on conditions session_id = 0d70406330921e5b408109ecd0e4cca4
19:01:32 hejo003 Helen Jörnås UPDATING data to tables `time2vie_cirruscommon`.`secondary_login` fields ( error ) values (0) on conditions username = hejo003 AND company_id = 20
19:01:32 hejo003 Helen Jörnås INSERTING data into tables `log_login` fields ( username, ip, browser ) values ( hejo003, 185.27.164.39, okhttp/3.9.1 ) => {inserted_id = 8979}
19:01:32 hejo003 Helen Jörnås DELETE data from tables `temp_session` on conditions username LIKE hejo003
19:01:32 hejo003 Helen Jörnås UPDATING data to tables `time2vie_cirruscommon`.`login` fields ( login, last_time ) values (1, 2020-03-12 19:01:32) on conditions username = hejo003
19:01:32 hejo003 Helen Jörnås UPDATING data to tables `time2vie_cirruscommon`.`secondary_login` fields ( last_login_time ) values (2020-03-12 19:01:32) on conditions username = hejo003 AND company_id = 20
19:11:40 anka020 Annika Karlsson UPDATING data to tables `time2vie_cirruscommon`.`secondary_login` fields ( error ) values (0) on conditions username = anka020 AND company_id = 20
19:11:40 anka020 Annika Karlsson INSERTING data into tables `log_login` fields ( username, ip, browser ) values ( anka020, 188.151.24.227, okhttp/3.9.1 ) => {inserted_id = 8980}
19:11:40 anka020 Annika Karlsson DELETE data from tables `temp_session` on conditions username LIKE anka020
19:11:40 anka020 Annika Karlsson UPDATING data to tables `time2vie_cirruscommon`.`login` fields ( login, last_time ) values (1, 2020-03-12 19:11:40) on conditions username = anka020
19:11:40 anka020 Annika Karlsson UPDATING data to tables `time2vie_cirruscommon`.`secondary_login` fields ( last_login_time ) values (2020-03-12 19:11:40) on conditions username = anka020 AND company_id = 20
19:41:24 liha009 Linnéa Handin UPDATING data to tables `time2vie_cirruscommon`.`secondary_login` fields ( error ) values (0) on conditions username = liha009 AND company_id = 20
19:41:24 liha009 Linnéa Handin INSERTING data into tables `log_login` fields ( username, ip, browser ) values ( liha009, 94.103.194.75, Time2View/1 CFNetwork/1121.2.2 Darwin/19.3.0 ) => {inserted_id = 8981}
19:41:24 liha009 Linnéa Handin DELETE data from tables `temp_session` on conditions username LIKE liha009
19:41:24 liha009 Linnéa Handin UPDATING data to tables `time2vie_cirruscommon`.`login` fields ( login, last_time ) values (1, 2020-03-12 19:41:24) on conditions username = liha009
19:41:24 liha009 Linnéa Handin UPDATING data to tables `time2vie_cirruscommon`.`secondary_login` fields ( last_login_time ) values (2020-03-12 19:41:24) on conditions username = liha009 AND company_id = 20
20:19:27 liha009 Linnéa Handin UPDATING data to tables `time2vie_cirruscommon`.`secondary_login` fields ( error ) values (0) on conditions username = liha009 AND company_id = 20
20:19:27 liha009 Linnéa Handin INSERTING data into tables `log_login` fields ( username, ip, browser ) values ( liha009, 94.103.194.75, Time2View/1 CFNetwork/1121.2.2 Darwin/19.3.0 ) => {inserted_id = 8982}
20:19:27 liha009 Linnéa Handin DELETE data from tables `temp_session` on conditions username LIKE liha009
20:19:27 liha009 Linnéa Handin UPDATING data to tables `time2vie_cirruscommon`.`login` fields ( login, last_time ) values (1, 2020-03-12 20:19:27) on conditions username = liha009
20:19:27 liha009 Linnéa Handin UPDATING data to tables `time2vie_cirruscommon`.`secondary_login` fields ( last_login_time ) values (2020-03-12 20:19:27) on conditions username = liha009 AND company_id = 20
20:20:47 jobe008 Joakim Bengtsson UPDATING data to tables `time2vie_cirruscommon`.`secondary_login` fields ( error ) values (0) on conditions username = jobe008 AND company_id = 20
20:20:47 jobe008 Joakim Bengtsson INSERTING data into tables `log_login` fields ( username, ip, browser ) values ( jobe008, 217.73.111.23, okhttp/3.9.1 ) => {inserted_id = 8983}
20:20:47 jobe008 Joakim Bengtsson DELETE data from tables `temp_session` on conditions username LIKE jobe008
20:20:47 jobe008 Joakim Bengtsson UPDATING data to tables `time2vie_cirruscommon`.`login` fields ( login, last_time ) values (1, 2020-03-12 20:20:47) on conditions username = jobe008
20:20:47 jobe008 Joakim Bengtsson UPDATING data to tables `time2vie_cirruscommon`.`secondary_login` fields ( last_login_time ) values (2020-03-12 20:20:47) on conditions username = jobe008 AND company_id = 20
20:33:27 mace003 Marie Cederborg UPDATING data to tables `time2vie_cirruscommon`.`secondary_login` fields ( error ) values (0) on conditions username = mace003 AND company_id = 20
20:33:27 mace003 Marie Cederborg INSERTING data into tables `log_login` fields ( username, ip, browser ) values ( mace003, 79.136.109.240, Time2View/1 CFNetwork/1121.2.2 Darwin/19.3.0 ) => {inserted_id = 8984}
20:33:27 mace003 Marie Cederborg DELETE data from tables `temp_session` on conditions username LIKE mace003
20:33:27 mace003 Marie Cederborg UPDATING data to tables `time2vie_cirruscommon`.`login` fields ( login, last_time ) values (1, 2020-03-12 20:33:27) on conditions username = mace003
20:33:27 mace003 Marie Cederborg UPDATING data to tables `time2vie_cirruscommon`.`secondary_login` fields ( last_login_time ) values (2020-03-12 20:33:27) on conditions username = mace003 AND company_id = 20
20:45:59 anka020 Annika Karlsson UPDATING data to tables `time2vie_cirruscommon`.`secondary_login` fields ( error ) values (0) on conditions username = anka020 AND company_id = 20
20:45:59 anka020 Annika Karlsson INSERTING data into tables `log_login` fields ( username, ip, browser ) values ( anka020, 188.151.24.227, okhttp/3.9.1 ) => {inserted_id = 8985}
20:45:59 anka020 Annika Karlsson DELETE data from tables `temp_session` on conditions username LIKE anka020
20:45:59 anka020 Annika Karlsson UPDATING data to tables `time2vie_cirruscommon`.`login` fields ( login, last_time ) values (1, 2020-03-12 20:45:59) on conditions username = anka020
20:45:59 anka020 Annika Karlsson UPDATING data to tables `time2vie_cirruscommon`.`secondary_login` fields ( last_login_time ) values (2020-03-12 20:45:59) on conditions username = anka020 AND company_id = 20
20:57:03 anja007 Annika Jakobsson UPDATING data to tables `time2vie_cirruscommon`.`secondary_login` fields ( error ) values (0) on conditions username = anja007 AND company_id = 20
20:57:03 anja007 Annika Jakobsson INSERTING data into tables `log_login` fields ( username, ip, browser ) values ( anja007, 94.191.144.206, Time2View/1 CFNetwork/1121.2.2 Darwin/19.3.0 ) => {inserted_id = 8986}
20:57:03 anja007 Annika Jakobsson DELETE data from tables `temp_session` on conditions username LIKE anja007
20:57:03 anja007 Annika Jakobsson UPDATING data to tables `time2vie_cirruscommon`.`login` fields ( login, last_time ) values (1, 2020-03-12 20:57:03) on conditions username = anja007
20:57:03 anja007 Annika Jakobsson UPDATING data to tables `time2vie_cirruscommon`.`secondary_login` fields ( last_login_time ) values (2020-03-12 20:57:03) on conditions username = anja007 AND company_id = 20
21:34:01 jobe008 Joakim Bengtsson UPDATING data to tables `time2vie_cirruscommon`.`secondary_login` fields ( error ) values (0) on conditions username = jobe008 AND company_id = 20
21:34:01 jobe008 Joakim Bengtsson INSERTING data into tables `log_login` fields ( username, ip, browser ) values ( jobe008, 217.73.111.23, okhttp/3.9.1 ) => {inserted_id = 8987}
21:34:01 jobe008 Joakim Bengtsson DELETE data from tables `temp_session` on conditions username LIKE jobe008
21:34:01 jobe008 Joakim Bengtsson UPDATING data to tables `time2vie_cirruscommon`.`login` fields ( login, last_time ) values (1, 2020-03-12 21:34:01) on conditions username = jobe008
21:34:01 jobe008 Joakim Bengtsson UPDATING data to tables `time2vie_cirruscommon`.`secondary_login` fields ( last_login_time ) values (2020-03-12 21:34:01) on conditions username = jobe008 AND company_id = 20
21:34:54 jobe008 Joakim Bengtsson UPDATING data to tables `timetable` fields ( customer, employee, date, time_from, time_to, fkkn, type, status, comment ) values (jebe002, mace003, 2020-03-13, 8.45, 13.00, 1, 0, 1, ) on conditions id = 12969 #Mobile-App: Log-id=8987
21:35:20 jobe008 Joakim Bengtsson UPDATING data to tables `timetable` fields ( customer, employee, date, time_from, time_to, fkkn, type, status, comment ) values (jebe002, jobe008, 2020-03-13, 13.00, 23.00, 1, 0, 1, ) on conditions id = 12970 #Mobile-App: Log-id=8987
21:37:46 anka020 Annika Karlsson UPDATING data to tables `time2vie_cirruscommon`.`secondary_login` fields ( error ) values (0) on conditions username = anka020 AND company_id = 20
21:37:46 anka020 Annika Karlsson INSERTING data into tables `log_login` fields ( username, ip, browser ) values ( anka020, 188.151.24.227, okhttp/3.9.1 ) => {inserted_id = 8988}
21:37:46 anka020 Annika Karlsson DELETE data from tables `temp_session` on conditions username LIKE anka020
21:37:46 anka020 Annika Karlsson UPDATING data to tables `time2vie_cirruscommon`.`login` fields ( login, last_time ) values (1, 2020-03-12 21:37:46) on conditions username = anka020
21:37:46 anka020 Annika Karlsson UPDATING data to tables `time2vie_cirruscommon`.`secondary_login` fields ( last_login_time ) values (2020-03-12 21:37:46) on conditions username = anka020 AND company_id = 20
21:51:28 asgr002 Åsa Grimberg UPDATING data to tables `time2vie_cirruscommon`.`secondary_login` fields ( error ) values (0) on conditions username = asgr002 AND company_id = 20
21:51:28 asgr002 Åsa Grimberg INSERTING data into tables `log_login` fields ( username, ip, browser ) values ( asgr002, 78.70.128.102, Time2View/1 CFNetwork/1121.2.2 Darwin/19.3.0 ) => {inserted_id = 8989}
21:51:28 asgr002 Åsa Grimberg DELETE data from tables `temp_session` on conditions username LIKE asgr002
21:51:28 asgr002 Åsa Grimberg UPDATING data to tables `time2vie_cirruscommon`.`login` fields ( login, last_time ) values (1, 2020-03-12 21:51:28) on conditions username = asgr002
21:51:28 asgr002 Åsa Grimberg UPDATING data to tables `time2vie_cirruscommon`.`secondary_login` fields ( last_login_time ) values (2020-03-12 21:51:28) on conditions username = asgr002 AND company_id = 20
22:52:26 anja007 Annika Jakobsson UPDATING data to tables `time2vie_cirruscommon`.`secondary_login` fields ( error ) values (0) on conditions username = anja007 AND company_id = 20
22:52:26 anja007 Annika Jakobsson INSERTING data into tables `log_login` fields ( username, ip, browser ) values ( anja007, 94.191.144.206, Time2View/1 CFNetwork/1121.2.2 Darwin/19.3.0 ) => {inserted_id = 8990}
22:52:26 anja007 Annika Jakobsson DELETE data from tables `temp_session` on conditions username LIKE anja007
22:52:26 anja007 Annika Jakobsson UPDATING data to tables `time2vie_cirruscommon`.`login` fields ( login, last_time ) values (1, 2020-03-12 22:52:26) on conditions username = anja007
22:52:26 anja007 Annika Jakobsson UPDATING data to tables `time2vie_cirruscommon`.`secondary_login` fields ( last_login_time ) values (2020-03-12 22:52:26) on conditions username = anja007 AND company_id = 20
23:52:54 loli005 Lovisa Lian INSERTING data into tables `log_login` fields ( username, ip, browser ) values ( loli005, 88.129.149.88, Mozilla/5.0 (iPhone; CPU iPhone OS 13_3_1 like Mac OS X) AppleWebKit/605.1.15 (KHTML, like Gecko) Version/13.0.5 Mobile/15E148 Safari/604.1 ) => {inserted_id = 8991}
23:52:54 loli005 Lovisa Lian DELETE data from tables `temp_session` on conditions username LIKE loli005
23:52:54 loli005 Lovisa Lian UPDATING data to tables `time2vie_cirruscommon`.`login` fields ( login, last_time ) values (1, 2020-03-12 23:52:54) on conditions username = loli005
23:52:54 loli005 Lovisa Lian UPDATING data to tables `time2vie_cirruscommon`.`secondary_login` fields ( last_login_time ) values (2020-03-12 23:52:54) on conditions username = loli005 AND company_id = 20
23:52:55 loli005 Lovisa Lian UPDATING data to tables `time2vie_cirruscommon`.`ws_sessions` fields ( user_id ) values (loli005) on conditions session_id = 174c7669233023695de92f3d9f7a5906
