05:26:54 anka019 Anna Kawalya Westerberg INSERTING data into tables `log_login` fields ( username, ip, browser ) values ( anka019, 94.103.194.75, Mozilla/5.0 (iPhone; CPU iPhone OS 13_3 like Mac OS X) AppleWebKit/605.1.15 (KHTML, like Gecko) Version/13.0.4 Mobile/15E148 Safari/604.1 ) => {inserted_id = 9317}
05:26:54 anka019 Anna Kawalya Westerberg DELETE data from tables `temp_session` on conditions username LIKE anka019
05:26:54 anka019 Anna Kawalya Westerberg UPDATING data to tables `time2vie_cirruscommon`.`login` fields ( login, last_time ) values (1, 2020-03-29 05:26:54) on conditions username = anka019
05:26:54 anka019 Anna Kawalya Westerberg UPDATING data to tables `time2vie_cirruscommon`.`secondary_login` fields ( last_login_time ) values (2020-03-29 05:26:54) on conditions username = anka019 AND company_id = 20
05:26:55 anka019 Anna Kawalya Westerberg UPDATING data to tables `time2vie_cirruscommon`.`ws_sessions` fields ( user_id ) values (anka019) on conditions session_id = ca483d6888f14dfc06182632ccf37781
05:27:01 anka019 Anna Kawalya Westerberg UPDATING data to tables `time2vie_cirruscommon`.`ws_sessions` fields ( user_id ) values (anka019) on conditions session_id = ca483d6888f14dfc06182632ccf37781
05:27:30 anka019 Anna Kawalya Westerberg UPDATING data to tables `time2vie_cirruscommon`.`ws_sessions` fields ( user_id ) values (anka019) on conditions session_id = ca483d6888f14dfc06182632ccf37781
07:28:10 time002 Tina Mellgren UPDATING data to tables `time2vie_cirruscommon`.`secondary_login` fields ( error ) values (0) on conditions username = time002 AND company_id = 20
07:28:10 time002 Tina Mellgren INSERTING data into tables `log_login` fields ( username, ip, browser ) values ( time002, 88.129.149.88, Time2View/1 CFNetwork/1121.2.2 Darwin/19.3.0 ) => {inserted_id = 9318}
07:28:10 time002 Tina Mellgren DELETE data from tables `temp_session` on conditions username LIKE time002
07:28:10 time002 Tina Mellgren UPDATING data to tables `time2vie_cirruscommon`.`login` fields ( login, last_time ) values (1, 2020-03-29 07:28:10) on conditions username = time002
07:28:10 time002 Tina Mellgren UPDATING data to tables `time2vie_cirruscommon`.`secondary_login` fields ( last_login_time ) values (2020-03-29 07:28:10) on conditions username = time002 AND company_id = 20
08:46:28 anka020 Annika Karlsson UPDATING data to tables `time2vie_cirruscommon`.`secondary_login` fields ( error ) values (0) on conditions username = anka020 AND company_id = 20
08:46:28 anka020 Annika Karlsson INSERTING data into tables `log_login` fields ( username, ip, browser ) values ( anka020, 185.27.164.39, okhttp/3.9.1 ) => {inserted_id = 9319}
08:46:28 anka020 Annika Karlsson DELETE data from tables `temp_session` on conditions username LIKE anka020
08:46:28 anka020 Annika Karlsson UPDATING data to tables `time2vie_cirruscommon`.`login` fields ( login, last_time ) values (1, 2020-03-29 08:46:28) on conditions username = anka020
08:46:28 anka020 Annika Karlsson UPDATING data to tables `time2vie_cirruscommon`.`secondary_login` fields ( last_login_time ) values (2020-03-29 08:46:28) on conditions username = anka020 AND company_id = 20
08:48:59 time002 Tina Mellgren UPDATING data to tables `time2vie_cirruscommon`.`secondary_login` fields ( error ) values (0) on conditions username = time002 AND company_id = 20
08:48:59 time002 Tina Mellgren INSERTING data into tables `log_login` fields ( username, ip, browser ) values ( time002, 88.129.149.88, Time2View/1 CFNetwork/1121.2.2 Darwin/19.3.0 ) => {inserted_id = 9320}
08:48:59 time002 Tina Mellgren DELETE data from tables `temp_session` on conditions username LIKE time002
08:48:59 time002 Tina Mellgren UPDATING data to tables `time2vie_cirruscommon`.`login` fields ( login, last_time ) values (1, 2020-03-29 08:48:59) on conditions username = time002
08:48:59 time002 Tina Mellgren UPDATING data to tables `time2vie_cirruscommon`.`secondary_login` fields ( last_login_time ) values (2020-03-29 08:48:59) on conditions username = time002 AND company_id = 20
09:12:15 cagu001 Carina Gustafsson UPDATING data to tables `time2vie_cirruscommon`.`secondary_login` fields ( error ) values (0) on conditions username = cagu001 AND company_id = 20
09:12:15 cagu001 Carina Gustafsson INSERTING data into tables `log_login` fields ( username, ip, browser ) values ( cagu001, 176.10.245.4, okhttp/3.9.1 ) => {inserted_id = 9321}
09:12:15 cagu001 Carina Gustafsson DELETE data from tables `temp_session` on conditions username LIKE cagu001
09:12:15 cagu001 Carina Gustafsson UPDATING data to tables `time2vie_cirruscommon`.`login` fields ( login, last_time ) values (1, 2020-03-29 09:12:15) on conditions username = cagu001
09:12:15 cagu001 Carina Gustafsson UPDATING data to tables `time2vie_cirruscommon`.`secondary_login` fields ( last_login_time ) values (2020-03-29 09:12:15) on conditions username = cagu001 AND company_id = 20
09:19:17 anwa006 Andréas Wallin UPDATING data to tables `time2vie_cirruscommon`.`secondary_login` fields ( error ) values (0) on conditions username = anwa006 AND company_id = 20
09:19:17 anwa006 Andréas Wallin INSERTING data into tables `log_login` fields ( username, ip, browser ) values ( anwa006, 82.196.108.141, okhttp/3.9.1 ) => {inserted_id = 9322}
09:19:17 anwa006 Andréas Wallin DELETE data from tables `temp_session` on conditions username LIKE anwa006
09:19:17 anwa006 Andréas Wallin UPDATING data to tables `time2vie_cirruscommon`.`login` fields ( login, last_time ) values (1, 2020-03-29 09:19:17) on conditions username = anwa006
09:19:17 anwa006 Andréas Wallin UPDATING data to tables `time2vie_cirruscommon`.`secondary_login` fields ( last_login_time ) values (2020-03-29 09:19:17) on conditions username = anwa006 AND company_id = 20
09:20:13 anwa006 Andréas Wallin DELETE data from tables `time2vie_cirruscommon`.`push_notify_tokens` on conditions user_id = anwa006 AND fcm_token = crPA0FCsFM0:APA91bFc0ZMISg5m3hJS8NjMFiswaYGcj3AVe5W8cW9hTWWjj5RPUElullB4BAqUneoidQJVhQBnAKx8zJZeWSIZuhrcBMzrI5ozwh44nFdqBpk_lJq4eB3H7KTy5JzbMHf9yoRtFS3l #Mobile-App: Log-id=9322
09:20:13 anwa006 Andréas Wallin DELETE data from tables `temp_session` on conditions username LIKE anwa006 #Mobile-App: Log-id=9322
09:20:13 anwa006 Andréas Wallin UPDATING data to tables `time2vie_cirruscommon`.`login` fields ( login, last_time ) values (0, 2020-03-29 09:20:13) on conditions username = anwa006 #Mobile-App: Log-id=9322
09:20:13 anwa006 Andréas Wallin UPDATING data to tables `time2vie_cirruscommon`.`secondary_login` fields ( last_login_time ) values (2020-03-29 09:20:13) on conditions username = anwa006 AND company_id = 20 #Mobile-App: Log-id=9322
09:20:21 anwa006 Andréas Wallin UPDATING data to tables `time2vie_cirruscommon`.`secondary_login` fields ( error ) values (0) on conditions username = anwa006 AND company_id = 20
09:20:21 anwa006 Andréas Wallin INSERTING data into tables `log_login` fields ( username, ip, browser ) values ( anwa006, 82.196.108.141, okhttp/3.9.1 ) => {inserted_id = 9323}
09:20:21 anwa006 Andréas Wallin DELETE data from tables `temp_session` on conditions username LIKE anwa006
09:20:21 anwa006 Andréas Wallin UPDATING data to tables `time2vie_cirruscommon`.`login` fields ( login, last_time ) values (1, 2020-03-29 09:20:21) on conditions username = anwa006
09:20:21 anwa006 Andréas Wallin UPDATING data to tables `time2vie_cirruscommon`.`secondary_login` fields ( last_login_time ) values (2020-03-29 09:20:21) on conditions username = anwa006 AND company_id = 20
11:18:13 peka002 Petronella Karlsson UPDATING data to tables `time2vie_cirruscommon`.`secondary_login` fields ( error ) values (0) on conditions username = peka002 AND company_id = 20
11:18:13 peka002 Petronella Karlsson INSERTING data into tables `log_login` fields ( username, ip, browser ) values ( peka002, 83.253.202.21, Time2View/1 CFNetwork/1121.2.2 Darwin/19.3.0 ) => {inserted_id = 9324}
11:18:13 peka002 Petronella Karlsson DELETE data from tables `temp_session` on conditions username LIKE peka002
11:18:13 peka002 Petronella Karlsson UPDATING data to tables `time2vie_cirruscommon`.`login` fields ( login, last_time ) values (1, 2020-03-29 11:18:13) on conditions username = peka002
11:18:13 peka002 Petronella Karlsson UPDATING data to tables `time2vie_cirruscommon`.`secondary_login` fields ( last_login_time ) values (2020-03-29 11:18:13) on conditions username = peka002 AND company_id = 20
13:30:58 anka020 Annika Karlsson UPDATING data to tables `time2vie_cirruscommon`.`secondary_login` fields ( error ) values (0) on conditions username = anka020 AND company_id = 20
13:30:58 anka020 Annika Karlsson INSERTING data into tables `log_login` fields ( username, ip, browser ) values ( anka020, 188.151.55.22, okhttp/3.9.1 ) => {inserted_id = 9325}
13:30:58 anka020 Annika Karlsson DELETE data from tables `temp_session` on conditions username LIKE anka020
13:30:58 anka020 Annika Karlsson UPDATING data to tables `time2vie_cirruscommon`.`login` fields ( login, last_time ) values (1, 2020-03-29 13:30:58) on conditions username = anka020
13:30:58 anka020 Annika Karlsson UPDATING data to tables `time2vie_cirruscommon`.`secondary_login` fields ( last_login_time ) values (2020-03-29 13:30:58) on conditions username = anka020 AND company_id = 20
14:26:01 anka019 Anna Kawalya Westerberg INSERTING data into tables `log_login` fields ( username, ip, browser ) values ( anka019, 94.234.41.22, Mozilla/5.0 (iPhone; CPU iPhone OS 13_3 like Mac OS X) AppleWebKit/605.1.15 (KHTML, like Gecko) Version/13.0.4 Mobile/15E148 Safari/604.1 ) => {inserted_id = 9326}
14:26:01 anka019 Anna Kawalya Westerberg DELETE data from tables `temp_session` on conditions username LIKE anka019
14:26:01 anka019 Anna Kawalya Westerberg UPDATING data to tables `time2vie_cirruscommon`.`login` fields ( login, last_time ) values (1, 2020-03-29 14:26:01) on conditions username = anka019
14:26:01 anka019 Anna Kawalya Westerberg UPDATING data to tables `time2vie_cirruscommon`.`secondary_login` fields ( last_login_time ) values (2020-03-29 14:26:01) on conditions username = anka019 AND company_id = 20
14:26:01 anka019 Anna Kawalya Westerberg UPDATING data to tables `time2vie_cirruscommon`.`ws_sessions` fields ( user_id ) values (anka019) on conditions session_id = dd9d6c8790ddaf3e679fe5095e7e8e48
14:51:51 biwa003 Birgitta Wåhlander INSERTING data into tables `log_login` fields ( username, ip, browser ) values ( biwa003, 94.103.194.75, Mozilla/5.0 (iPad; CPU OS 13_3 like Mac OS X) AppleWebKit/605.1.15 (KHTML, like Gecko) CriOS/80.0.3987.95 Mobile/15E148 Safari/604.1 ) => {inserted_id = 9327}
14:51:51 biwa003 Birgitta Wåhlander DELETE data from tables `temp_session` on conditions username LIKE biwa003
14:51:51 biwa003 Birgitta Wåhlander UPDATING data to tables `time2vie_cirruscommon`.`login` fields ( login, last_time ) values (1, 2020-03-29 14:51:51) on conditions username = biwa003
14:51:51 biwa003 Birgitta Wåhlander UPDATING data to tables `time2vie_cirruscommon`.`secondary_login` fields ( last_login_time ) values (2020-03-29 14:51:51) on conditions username = biwa003 AND company_id = 20
14:51:52 biwa003 Birgitta Wåhlander UPDATING data to tables `time2vie_cirruscommon`.`ws_sessions` fields ( user_id ) values (biwa003) on conditions session_id = ad8eebf097c771ffd45d102db961ee68
15:05:26 biwa003 Birgitta Wåhlander UPDATING data to tables `timetable` fields ( status ) values (2) on conditions id = 12410
15:05:26 biwa003 Birgitta Wåhlander INSERTING data into tables `timetable` fields ( customer, date, time_from, time_to, type, fkkn, comment, alloc_emp, relation_id, status ) values ( chwa001, 2020-03-31, 18.00, 24.00, 0, 1, , biwa003, 12410, 0 ) => {inserted_id = 15082}
15:05:26 biwa003 Birgitta Wåhlander INSERTING data into tables `leave` fields ( group_id, employee, date, time_from, time_to, type, comment, appr_emp, status, no_pay ) values ( 718, idah001, 2020-03-31, 18, 24, 1, , biwa003, 1, 1 ) => {inserted_id = 1171}
15:05:48 biwa003 Birgitta Wåhlander UPDATING data to tables `timetable` fields ( status ) values (2) on conditions id = 12411
15:05:48 biwa003 Birgitta Wåhlander INSERTING data into tables `timetable` fields ( customer, date, time_from, time_to, type, fkkn, comment, alloc_emp, relation_id, status ) values ( chwa001, 2020-04-01, 0.00, 7.15, 0, 1, , biwa003, 12411, 0 ) => {inserted_id = 15083}
15:05:48 biwa003 Birgitta Wåhlander INSERTING data into tables `leave` fields ( group_id, employee, date, time_from, time_to, type, comment, appr_emp, status, no_pay ) values ( 719, idah001, 2020-04-01, 0, 7.15, 1, , biwa003, 1, 1 ) => {inserted_id = 1172}
15:06:04 mygu002 My Gustafsson INSERTING data into tables `log_login` fields ( username, ip, browser ) values ( mygu002, 88.129.149.88, Mozilla/5.0 (Windows NT 10.0; Win64; x64) AppleWebKit/537.36 (KHTML, like Gecko) Chrome/80.0.3987.149 Safari/537.36 ) => {inserted_id = 9328}
15:06:04 mygu002 My Gustafsson DELETE data from tables `temp_session` on conditions username LIKE mygu002
15:06:04 mygu002 My Gustafsson UPDATING data to tables `time2vie_cirruscommon`.`login` fields ( login, last_time ) values (1, 2020-03-29 15:06:04) on conditions username = mygu002
15:06:05 mygu002 My Gustafsson UPDATING data to tables `time2vie_cirruscommon`.`secondary_login` fields ( last_login_time ) values (2020-03-29 15:06:04) on conditions username = mygu002 AND company_id = 20
15:06:05 mygu002 My Gustafsson UPDATING data to tables `time2vie_cirruscommon`.`ws_sessions` fields ( user_id ) values (mygu002) on conditions session_id = be5e9b0c61be7f12f9c50bbc622a92f9
15:06:21 biwa003 Birgitta Wåhlander UPDATING data to tables `timetable` fields ( customer, employee, date, time_from, time_to, fkkn, type, status, comment ) values (chwa001, anka019, 2020-04-01, 0.00, 7.15, 1, 0, 1, ) on conditions id = 15083
15:06:50 biwa003 Birgitta Wåhlander UPDATING data to tables `timetable` fields ( customer, employee, date, time_from, time_to, fkkn, type, status, comment ) values (chwa001, lawa002, 2020-03-31, 7.00, 18.15, 1, 0, 1, ) on conditions id = 12409
15:07:13 biwa003 Birgitta Wåhlander UPDATING data to tables `timetable` fields ( customer, employee, date, time_from, time_to, fkkn, type, status, comment ) values (chwa001, anka019, 2020-03-31, 18.00, 24, 1, 0, 1, ) on conditions id = 15082
15:08:44 biwa003 Birgitta Wåhlander UPDATING data to tables `time2vie_cirruscommon`.`ws_sessions` fields ( user_id ) values (biwa003) on conditions session_id = ad8eebf097c771ffd45d102db961ee68
15:08:54 mygu002 My Gustafsson UPDATING data to tables `timetable` fields ( customer, employee, date, time_from, time_to, fkkn, type, status, comment ) values (mygu001, time002, 2020-03-23, 7.30, 17.30, 1, 0, 1, ) on conditions id = 7256
15:41:49 biwa003 Birgitta Wåhlander INSERTING data into tables `log_login` fields ( username, ip, browser ) values ( biwa003, 94.103.194.75, Mozilla/5.0 (iPad; CPU OS 13_3 like Mac OS X) AppleWebKit/605.1.15 (KHTML, like Gecko) CriOS/80.0.3987.95 Mobile/15E148 Safari/604.1 ) => {inserted_id = 9329}
15:41:49 biwa003 Birgitta Wåhlander DELETE data from tables `temp_session` on conditions username LIKE biwa003
15:41:49 biwa003 Birgitta Wåhlander UPDATING data to tables `time2vie_cirruscommon`.`login` fields ( login, last_time ) values (1, 2020-03-29 15:41:49) on conditions username = biwa003
15:41:49 biwa003 Birgitta Wåhlander UPDATING data to tables `time2vie_cirruscommon`.`secondary_login` fields ( last_login_time ) values (2020-03-29 15:41:49) on conditions username = biwa003 AND company_id = 20
15:41:50 biwa003 Birgitta Wåhlander UPDATING data to tables `time2vie_cirruscommon`.`ws_sessions` fields ( user_id ) values (biwa003) on conditions session_id = a7ba818a0210bb6f5638e82f3dbc6701
15:58:31 mygu002 My Gustafsson UPDATING data to tables `timetable` fields ( customer, employee, date, time_from, time_to, fkkn, type, status, comment ) values (mygu001, time002, 2020-03-30, 7.30, 18.30, 1, 0, 1, ) on conditions id = 7280
15:59:25 mygu002 My Gustafsson DELETE data from tables `temp_session` on conditions username LIKE mygu002
15:59:25 mygu002 My Gustafsson UPDATING data to tables `time2vie_cirruscommon`.`login` fields ( login, last_time ) values (0, 2020-03-29 15:59:25) on conditions username = mygu002
15:59:25 mygu002 My Gustafsson UPDATING data to tables `time2vie_cirruscommon`.`secondary_login` fields ( last_login_time ) values (2020-03-29 15:59:25) on conditions username = mygu002 AND company_id = 20
15:59:25   UPDATING data to tables `log_login` fields ( logout_time ) values (2020-03-29:13:59:25) on conditions id = 9328 AND username = mygu002
16:31:12 anka020 Annika Karlsson UPDATING data to tables `time2vie_cirruscommon`.`secondary_login` fields ( error ) values (0) on conditions username = anka020 AND company_id = 20
16:31:12 anka020 Annika Karlsson INSERTING data into tables `log_login` fields ( username, ip, browser ) values ( anka020, 91.233.50.83, okhttp/3.9.1 ) => {inserted_id = 9330}
16:31:12 anka020 Annika Karlsson DELETE data from tables `temp_session` on conditions username LIKE anka020
16:31:12 anka020 Annika Karlsson UPDATING data to tables `time2vie_cirruscommon`.`login` fields ( login, last_time ) values (1, 2020-03-29 16:31:12) on conditions username = anka020
16:31:12 anka020 Annika Karlsson UPDATING data to tables `time2vie_cirruscommon`.`secondary_login` fields ( last_login_time ) values (2020-03-29 16:31:12) on conditions username = anka020 AND company_id = 20
17:53:01 asgr002 Åsa Grimberg UPDATING data to tables `time2vie_cirruscommon`.`secondary_login` fields ( error ) values (0) on conditions username = asgr002 AND company_id = 20
17:53:01 asgr002 Åsa Grimberg INSERTING data into tables `log_login` fields ( username, ip, browser ) values ( asgr002, 94.234.54.213, Time2View/1 CFNetwork/1125.2 Darwin/19.4.0 ) => {inserted_id = 9331}
17:53:01 asgr002 Åsa Grimberg DELETE data from tables `temp_session` on conditions username LIKE asgr002
17:53:01 asgr002 Åsa Grimberg UPDATING data to tables `time2vie_cirruscommon`.`login` fields ( login, last_time ) values (1, 2020-03-29 17:53:01) on conditions username = asgr002
17:53:01 asgr002 Åsa Grimberg UPDATING data to tables `time2vie_cirruscommon`.`secondary_login` fields ( last_login_time ) values (2020-03-29 17:53:01) on conditions username = asgr002 AND company_id = 20
17:55:09 anka020 Annika Karlsson UPDATING data to tables `time2vie_cirruscommon`.`secondary_login` fields ( error ) values (0) on conditions username = anka020 AND company_id = 20
17:55:09 anka020 Annika Karlsson INSERTING data into tables `log_login` fields ( username, ip, browser ) values ( anka020, 91.233.50.83, okhttp/3.9.1 ) => {inserted_id = 9332}
17:55:09 anka020 Annika Karlsson DELETE data from tables `temp_session` on conditions username LIKE anka020
17:55:09 anka020 Annika Karlsson UPDATING data to tables `time2vie_cirruscommon`.`login` fields ( login, last_time ) values (1, 2020-03-29 17:55:09) on conditions username = anka020
17:55:09 anka020 Annika Karlsson UPDATING data to tables `time2vie_cirruscommon`.`secondary_login` fields ( last_login_time ) values (2020-03-29 17:55:09) on conditions username = anka020 AND company_id = 20
19:35:51 anwa006 Andréas Wallin UPDATING data to tables `time2vie_cirruscommon`.`secondary_login` fields ( error ) values (0) on conditions username = anwa006 AND company_id = 20
19:35:51 anwa006 Andréas Wallin INSERTING data into tables `log_login` fields ( username, ip, browser ) values ( anwa006, 82.196.108.141, okhttp/3.9.1 ) => {inserted_id = 9333}
19:35:51 anwa006 Andréas Wallin DELETE data from tables `temp_session` on conditions username LIKE anwa006
19:35:51 anwa006 Andréas Wallin UPDATING data to tables `time2vie_cirruscommon`.`login` fields ( login, last_time ) values (1, 2020-03-29 19:35:51) on conditions username = anwa006
19:35:51 anwa006 Andréas Wallin UPDATING data to tables `time2vie_cirruscommon`.`secondary_login` fields ( last_login_time ) values (2020-03-29 19:35:51) on conditions username = anwa006 AND company_id = 20
20:27:21 hejo003 Helen Jörnås UPDATING data to tables `time2vie_cirruscommon`.`secondary_login` fields ( error ) values (0) on conditions username = hejo003 AND company_id = 20
20:27:21 hejo003 Helen Jörnås INSERTING data into tables `log_login` fields ( username, ip, browser ) values ( hejo003, 185.27.164.39, okhttp/3.9.1 ) => {inserted_id = 9334}
20:27:21 hejo003 Helen Jörnås DELETE data from tables `temp_session` on conditions username LIKE hejo003
20:27:21 hejo003 Helen Jörnås UPDATING data to tables `time2vie_cirruscommon`.`login` fields ( login, last_time ) values (1, 2020-03-29 20:27:21) on conditions username = hejo003
20:27:21 hejo003 Helen Jörnås UPDATING data to tables `time2vie_cirruscommon`.`secondary_login` fields ( last_login_time ) values (2020-03-29 20:27:21) on conditions username = hejo003 AND company_id = 20
20:37:59 anka020 Annika Karlsson UPDATING data to tables `time2vie_cirruscommon`.`secondary_login` fields ( error ) values (0) on conditions username = anka020 AND company_id = 20
20:37:59 anka020 Annika Karlsson INSERTING data into tables `log_login` fields ( username, ip, browser ) values ( anka020, 91.233.50.83, okhttp/3.9.1 ) => {inserted_id = 9335}
20:37:59 anka020 Annika Karlsson DELETE data from tables `temp_session` on conditions username LIKE anka020
20:37:59 anka020 Annika Karlsson UPDATING data to tables `time2vie_cirruscommon`.`login` fields ( login, last_time ) values (1, 2020-03-29 20:37:59) on conditions username = anka020
20:37:59 anka020 Annika Karlsson UPDATING data to tables `time2vie_cirruscommon`.`secondary_login` fields ( last_login_time ) values (2020-03-29 20:37:59) on conditions username = anka020 AND company_id = 20
21:57:29 anka020 Annika Karlsson UPDATING data to tables `time2vie_cirruscommon`.`secondary_login` fields ( error ) values (0) on conditions username = anka020 AND company_id = 20
21:57:29 anka020 Annika Karlsson INSERTING data into tables `log_login` fields ( username, ip, browser ) values ( anka020, 188.151.55.22, okhttp/3.9.1 ) => {inserted_id = 9336}
21:57:29 anka020 Annika Karlsson DELETE data from tables `temp_session` on conditions username LIKE anka020
21:57:29 anka020 Annika Karlsson UPDATING data to tables `time2vie_cirruscommon`.`login` fields ( login, last_time ) values (1, 2020-03-29 21:57:29) on conditions username = anka020
21:57:29 anka020 Annika Karlsson UPDATING data to tables `time2vie_cirruscommon`.`secondary_login` fields ( last_login_time ) values (2020-03-29 21:57:29) on conditions username = anka020 AND company_id = 20
22:00:19 asgr002 Åsa Grimberg UPDATING data to tables `time2vie_cirruscommon`.`secondary_login` fields ( error ) values (0) on conditions username = asgr002 AND company_id = 20
22:00:19 asgr002 Åsa Grimberg INSERTING data into tables `log_login` fields ( username, ip, browser ) values ( asgr002, 78.70.128.102, Time2View/1 CFNetwork/1125.2 Darwin/19.4.0 ) => {inserted_id = 9337}
22:00:19 asgr002 Åsa Grimberg DELETE data from tables `temp_session` on conditions username LIKE asgr002
22:00:19 asgr002 Åsa Grimberg UPDATING data to tables `time2vie_cirruscommon`.`login` fields ( login, last_time ) values (1, 2020-03-29 22:00:19) on conditions username = asgr002
22:00:19 asgr002 Åsa Grimberg UPDATING data to tables `time2vie_cirruscommon`.`secondary_login` fields ( last_login_time ) values (2020-03-29 22:00:19) on conditions username = asgr002 AND company_id = 20
22:21:29 biwa003 Birgitta Wåhlander INSERTING data into tables `log_login` fields ( username, ip, browser ) values ( biwa003, 185.27.165.66, Mozilla/5.0 (iPad; CPU OS 13_3 like Mac OS X) AppleWebKit/605.1.15 (KHTML, like Gecko) CriOS/80.0.3987.95 Mobile/15E148 Safari/604.1 ) => {inserted_id = 9338}
22:21:29 biwa003 Birgitta Wåhlander DELETE data from tables `temp_session` on conditions username LIKE biwa003
22:21:29 biwa003 Birgitta Wåhlander UPDATING data to tables `time2vie_cirruscommon`.`login` fields ( login, last_time ) values (1, 2020-03-29 22:21:29) on conditions username = biwa003
22:21:29 biwa003 Birgitta Wåhlander UPDATING data to tables `time2vie_cirruscommon`.`secondary_login` fields ( last_login_time ) values (2020-03-29 22:21:29) on conditions username = biwa003 AND company_id = 20
22:21:29 biwa003 Birgitta Wåhlander UPDATING data to tables `time2vie_cirruscommon`.`ws_sessions` fields ( user_id ) values (biwa003) on conditions session_id = 1b4398df89b659137829b1b5ccab8621
22:41:52 anka020 Annika Karlsson UPDATING data to tables `time2vie_cirruscommon`.`secondary_login` fields ( error ) values (0) on conditions username = anka020 AND company_id = 20
22:41:52 anka020 Annika Karlsson INSERTING data into tables `log_login` fields ( username, ip, browser ) values ( anka020, 188.151.55.22, okhttp/3.9.1 ) => {inserted_id = 9339}
22:41:52 anka020 Annika Karlsson DELETE data from tables `temp_session` on conditions username LIKE anka020
22:41:52 anka020 Annika Karlsson UPDATING data to tables `time2vie_cirruscommon`.`login` fields ( login, last_time ) values (1, 2020-03-29 22:41:52) on conditions username = anka020
22:41:53 anka020 Annika Karlsson UPDATING data to tables `time2vie_cirruscommon`.`secondary_login` fields ( last_login_time ) values (2020-03-29 22:41:52) on conditions username = anka020 AND company_id = 20
