07:20:51 liha009 Linnéa Handin UPDATING data to tables `time2vie_cirruscommon`.`secondary_login` fields ( error ) values (0) on conditions username = liha009 AND company_id = 20
07:20:51 liha009 Linnéa Handin INSERTING data into tables `log_login` fields ( username, ip, browser ) values ( liha009, 94.103.194.75, Time2View/1 CFNetwork/1126 Darwin/19.5.0 ) => {inserted_id = 11663}
07:20:51 liha009 Linnéa Handin DELETE data from tables `temp_session` on conditions username LIKE liha009
07:20:51 liha009 Linnéa Handin UPDATING data to tables `time2vie_cirruscommon`.`login` fields ( login, last_time ) values (1, 2020-06-24 07:20:51) on conditions username = liha009
07:20:51 liha009 Linnéa Handin UPDATING data to tables `time2vie_cirruscommon`.`secondary_login` fields ( last_login_time ) values (2020-06-24 07:20:51) on conditions username = liha009 AND company_id = 20
07:39:55 hebe001 Helen Bengtsson UPDATING data to tables `time2vie_cirruscommon`.`secondary_login` fields ( error ) values (0) on conditions username = hebe001 AND company_id = 20
07:39:55 hebe001 Helen Bengtsson INSERTING data into tables `log_login` fields ( username, ip, browser ) values ( hebe001, 94.191.137.69, Time2View/1 CFNetwork/1126 Darwin/19.5.0 ) => {inserted_id = 11664}
07:39:55 hebe001 Helen Bengtsson DELETE data from tables `temp_session` on conditions username LIKE hebe001
07:39:55 hebe001 Helen Bengtsson UPDATING data to tables `time2vie_cirruscommon`.`login` fields ( login, last_time ) values (1, 2020-06-24 07:39:55) on conditions username = hebe001
07:39:55 hebe001 Helen Bengtsson UPDATING data to tables `time2vie_cirruscommon`.`secondary_login` fields ( last_login_time ) values (2020-06-24 07:39:55) on conditions username = hebe001 AND company_id = 20
07:45:48 emsa005 Emma Särnblom UPDATING data to tables `time2vie_cirruscommon`.`secondary_login` fields ( error ) values (0) on conditions username = emsa005 AND company_id = 20
07:45:48 emsa005 Emma Särnblom INSERTING data into tables `log_login` fields ( username, ip, browser ) values ( emsa005, 83.185.83.189, Time2View/1 CFNetwork/1125.2 Darwin/19.4.0 ) => {inserted_id = 11665}
07:45:48 emsa005 Emma Särnblom DELETE data from tables `temp_session` on conditions username LIKE emsa005
07:45:48 emsa005 Emma Särnblom UPDATING data to tables `time2vie_cirruscommon`.`login` fields ( login, last_time ) values (1, 2020-06-24 07:45:48) on conditions username = emsa005
07:45:48 emsa005 Emma Särnblom UPDATING data to tables `time2vie_cirruscommon`.`secondary_login` fields ( last_login_time ) values (2020-06-24 07:45:48) on conditions username = emsa005 AND company_id = 20
08:12:26 hejo003 Helen Jörnås UPDATING data to tables `time2vie_cirruscommon`.`secondary_login` fields ( error ) values (0) on conditions username = hejo003 AND company_id = 20
08:12:26 hejo003 Helen Jörnås INSERTING data into tables `log_login` fields ( username, ip, browser ) values ( hejo003, 90.224.82.244, okhttp/3.9.1 ) => {inserted_id = 11666}
08:12:26 hejo003 Helen Jörnås DELETE data from tables `temp_session` on conditions username LIKE hejo003
08:12:26 hejo003 Helen Jörnås UPDATING data to tables `time2vie_cirruscommon`.`login` fields ( login, last_time ) values (1, 2020-06-24 08:12:26) on conditions username = hejo003
08:12:26 hejo003 Helen Jörnås UPDATING data to tables `time2vie_cirruscommon`.`secondary_login` fields ( last_login_time ) values (2020-06-24 08:12:26) on conditions username = hejo003 AND company_id = 20
08:37:37 biwa003 Birgitta Wåhlander INSERTING data into tables `log_login` fields ( username, ip, browser ) values ( biwa003, 37.247.14.175, Mozilla/5.0 (iPad; CPU OS 13_5 like Mac OS X) AppleWebKit/605.1.15 (KHTML, like Gecko) CriOS/83.0.4103.88 Mobile/15E148 Safari/604.1 ) => {inserted_id = 11667}
08:37:37 biwa003 Birgitta Wåhlander DELETE data from tables `temp_session` on conditions username LIKE biwa003
08:37:37 biwa003 Birgitta Wåhlander UPDATING data to tables `time2vie_cirruscommon`.`login` fields ( login, last_time ) values (1, 2020-06-24 08:37:37) on conditions username = biwa003
08:37:37 biwa003 Birgitta Wåhlander UPDATING data to tables `time2vie_cirruscommon`.`secondary_login` fields ( last_login_time ) values (2020-06-24 08:37:37) on conditions username = biwa003 AND company_id = 20
08:37:37 biwa003 Birgitta Wåhlander UPDATING data to tables `time2vie_cirruscommon`.`ws_sessions` fields ( user_id ) values (biwa003) on conditions session_id = 2803394184863339a6c193bfdb39e048
08:51:38 hebe001 Helen Bengtsson INSERTING data into tables `log_login` fields ( username, ip, browser ) values ( hebe001, 193.234.110.211, Mozilla/5.0 (Macintosh; Intel Mac OS X 10_15) AppleWebKit/605.1.15 (KHTML, like Gecko) Version/13.0.5 Safari/605.1.15 ) => {inserted_id = 11668}
08:51:38 hebe001 Helen Bengtsson DELETE data from tables `temp_session` on conditions username LIKE hebe001
08:51:38 hebe001 Helen Bengtsson UPDATING data to tables `time2vie_cirruscommon`.`login` fields ( login, last_time ) values (1, 2020-06-24 08:51:38) on conditions username = hebe001
08:51:38 hebe001 Helen Bengtsson UPDATING data to tables `time2vie_cirruscommon`.`secondary_login` fields ( last_login_time ) values (2020-06-24 08:51:38) on conditions username = hebe001 AND company_id = 20
08:51:39 hebe001 Helen Bengtsson UPDATING data to tables `time2vie_cirruscommon`.`ws_sessions` fields ( user_id ) values (hebe001) on conditions session_id = f374c5d228d3dc60ab95fd6d3cd25930
09:03:41 anja007 Annika Jakobsson UPDATING data to tables `time2vie_cirruscommon`.`secondary_login` fields ( error ) values (0) on conditions username = anja007 AND company_id = 20
09:03:41 anja007 Annika Jakobsson INSERTING data into tables `log_login` fields ( username, ip, browser ) values ( anja007, 94.191.136.153, Time2View/1 CFNetwork/1126 Darwin/19.5.0 ) => {inserted_id = 11669}
09:03:41 anja007 Annika Jakobsson DELETE data from tables `temp_session` on conditions username LIKE anja007
09:03:41 anja007 Annika Jakobsson UPDATING data to tables `time2vie_cirruscommon`.`login` fields ( login, last_time ) values (1, 2020-06-24 09:03:41) on conditions username = anja007
09:03:41 anja007 Annika Jakobsson UPDATING data to tables `time2vie_cirruscommon`.`secondary_login` fields ( last_login_time ) values (2020-06-24 09:03:41) on conditions username = anja007 AND company_id = 20
10:33:10 peka002 Petronella Karlsson UPDATING data to tables `time2vie_cirruscommon`.`secondary_login` fields ( error ) values (0) on conditions username = peka002 AND company_id = 20
10:33:10 peka002 Petronella Karlsson INSERTING data into tables `log_login` fields ( username, ip, browser ) values ( peka002, 81.229.116.162, Time2View/1 CFNetwork/1126 Darwin/19.5.0 ) => {inserted_id = 11670}
10:33:10 peka002 Petronella Karlsson DELETE data from tables `temp_session` on conditions username LIKE peka002
10:33:10 peka002 Petronella Karlsson UPDATING data to tables `time2vie_cirruscommon`.`login` fields ( login, last_time ) values (1, 2020-06-24 10:33:10) on conditions username = peka002
10:33:10 peka002 Petronella Karlsson UPDATING data to tables `time2vie_cirruscommon`.`secondary_login` fields ( last_login_time ) values (2020-06-24 10:33:10) on conditions username = peka002 AND company_id = 20
11:00:20 peka002 Petronella Karlsson UPDATING data to tables `time2vie_cirruscommon`.`secondary_login` fields ( error ) values (0) on conditions username = peka002 AND company_id = 20
11:00:20 peka002 Petronella Karlsson INSERTING data into tables `log_login` fields ( username, ip, browser ) values ( peka002, 81.229.116.162, Time2View/1 CFNetwork/1126 Darwin/19.5.0 ) => {inserted_id = 11671}
11:00:20 peka002 Petronella Karlsson DELETE data from tables `temp_session` on conditions username LIKE peka002
11:00:20 peka002 Petronella Karlsson UPDATING data to tables `time2vie_cirruscommon`.`login` fields ( login, last_time ) values (1, 2020-06-24 11:00:20) on conditions username = peka002
11:00:20 peka002 Petronella Karlsson UPDATING data to tables `time2vie_cirruscommon`.`secondary_login` fields ( last_login_time ) values (2020-06-24 11:00:20) on conditions username = peka002 AND company_id = 20
11:04:34 idah001 Ida-Caroline Ahnström UPDATING data to tables `time2vie_cirruscommon`.`secondary_login` fields ( error ) values (0) on conditions username = idah001 AND company_id = 20
11:04:34 idah001 Ida-Caroline Ahnström INSERTING data into tables `log_login` fields ( username, ip, browser ) values ( idah001, 94.234.51.127, Time2View/1 CFNetwork/1126 Darwin/19.5.0 ) => {inserted_id = 11672}
11:04:34 idah001 Ida-Caroline Ahnström DELETE data from tables `temp_session` on conditions username LIKE idah001
11:04:34 idah001 Ida-Caroline Ahnström UPDATING data to tables `time2vie_cirruscommon`.`login` fields ( login, last_time ) values (1, 2020-06-24 11:04:34) on conditions username = idah001
11:04:34 idah001 Ida-Caroline Ahnström UPDATING data to tables `time2vie_cirruscommon`.`secondary_login` fields ( last_login_time ) values (2020-06-24 11:04:34) on conditions username = idah001 AND company_id = 20
11:05:02 idah001 Ida-Caroline Ahnström UPDATING data to tables `mc_note` fields ( read_users ) values (anwa006,gaan001,idah001) on conditions note_id = 26 #Mobile-App: Log-id=11672
11:05:04 idah001 Ida-Caroline Ahnström UPDATING data to tables `mc_note` fields ( read_users ) values (anwa006,gaan001,idah001) on conditions note_id = 25 #Mobile-App: Log-id=11672
11:47:58 anwa006 Andréas Wallin UPDATING data to tables `time2vie_cirruscommon`.`secondary_login` fields ( error ) values (0) on conditions username = anwa006 AND company_id = 20
11:47:58 anwa006 Andréas Wallin INSERTING data into tables `log_login` fields ( username, ip, browser ) values ( anwa006, 94.103.194.75, okhttp/3.9.1 ) => {inserted_id = 11673}
11:47:58 anwa006 Andréas Wallin DELETE data from tables `temp_session` on conditions username LIKE anwa006
11:47:58 anwa006 Andréas Wallin UPDATING data to tables `time2vie_cirruscommon`.`login` fields ( login, last_time ) values (1, 2020-06-24 11:47:58) on conditions username = anwa006
11:47:58 anwa006 Andréas Wallin UPDATING data to tables `time2vie_cirruscommon`.`secondary_login` fields ( last_login_time ) values (2020-06-24 11:47:58) on conditions username = anwa006 AND company_id = 20
12:46:32 hejo003 Helen Jörnås UPDATING data to tables `time2vie_cirruscommon`.`secondary_login` fields ( error ) values (0) on conditions username = hejo003 AND company_id = 20
12:46:32 hejo003 Helen Jörnås INSERTING data into tables `log_login` fields ( username, ip, browser ) values ( hejo003, 90.224.82.244, okhttp/3.9.1 ) => {inserted_id = 11674}
12:46:32 hejo003 Helen Jörnås DELETE data from tables `temp_session` on conditions username LIKE hejo003
12:46:32 hejo003 Helen Jörnås UPDATING data to tables `time2vie_cirruscommon`.`login` fields ( login, last_time ) values (1, 2020-06-24 12:46:32) on conditions username = hejo003
12:46:32 hejo003 Helen Jörnås UPDATING data to tables `time2vie_cirruscommon`.`secondary_login` fields ( last_login_time ) values (2020-06-24 12:46:32) on conditions username = hejo003 AND company_id = 20
13:15:18 emsa005 Emma Särnblom UPDATING data to tables `time2vie_cirruscommon`.`secondary_login` fields ( error ) values (0) on conditions username = emsa005 AND company_id = 20
13:15:18 emsa005 Emma Särnblom INSERTING data into tables `log_login` fields ( username, ip, browser ) values ( emsa005, 83.185.83.189, Time2View/1 CFNetwork/1125.2 Darwin/19.4.0 ) => {inserted_id = 11675}
13:15:18 emsa005 Emma Särnblom DELETE data from tables `temp_session` on conditions username LIKE emsa005
13:15:18 emsa005 Emma Särnblom UPDATING data to tables `time2vie_cirruscommon`.`login` fields ( login, last_time ) values (1, 2020-06-24 13:15:18) on conditions username = emsa005
13:15:18 emsa005 Emma Särnblom UPDATING data to tables `time2vie_cirruscommon`.`secondary_login` fields ( last_login_time ) values (2020-06-24 13:15:18) on conditions username = emsa005 AND company_id = 20
13:22:49 anwa006 Andréas Wallin UPDATING data to tables `time2vie_cirruscommon`.`secondary_login` fields ( error ) values (0) on conditions username = anwa006 AND company_id = 20
13:22:49 anwa006 Andréas Wallin INSERTING data into tables `log_login` fields ( username, ip, browser ) values ( anwa006, 94.103.194.75, okhttp/3.9.1 ) => {inserted_id = 11676}
13:22:49 anwa006 Andréas Wallin DELETE data from tables `temp_session` on conditions username LIKE anwa006
13:22:49 anwa006 Andréas Wallin UPDATING data to tables `time2vie_cirruscommon`.`login` fields ( login, last_time ) values (1, 2020-06-24 13:22:49) on conditions username = anwa006
13:22:49 anwa006 Andréas Wallin UPDATING data to tables `time2vie_cirruscommon`.`secondary_login` fields ( last_login_time ) values (2020-06-24 13:22:49) on conditions username = anwa006 AND company_id = 20
14:38:26 hejo003 Helen Jörnås UPDATING data to tables `time2vie_cirruscommon`.`secondary_login` fields ( error ) values (0) on conditions username = hejo003 AND company_id = 20
14:38:26 hejo003 Helen Jörnås INSERTING data into tables `log_login` fields ( username, ip, browser ) values ( hejo003, 90.224.82.244, okhttp/3.9.1 ) => {inserted_id = 11677}
14:38:26 hejo003 Helen Jörnås DELETE data from tables `temp_session` on conditions username LIKE hejo003
14:38:26 hejo003 Helen Jörnås UPDATING data to tables `time2vie_cirruscommon`.`login` fields ( login, last_time ) values (1, 2020-06-24 14:38:26) on conditions username = hejo003
14:38:26 hejo003 Helen Jörnås UPDATING data to tables `time2vie_cirruscommon`.`secondary_login` fields ( last_login_time ) values (2020-06-24 14:38:26) on conditions username = hejo003 AND company_id = 20
15:53:55 hejo003 Helen Jörnås UPDATING data to tables `time2vie_cirruscommon`.`secondary_login` fields ( error ) values (0) on conditions username = hejo003 AND company_id = 20
15:53:55 hejo003 Helen Jörnås INSERTING data into tables `log_login` fields ( username, ip, browser ) values ( hejo003, 217.214.149.143, okhttp/3.9.1 ) => {inserted_id = 11678}
15:53:55 hejo003 Helen Jörnås DELETE data from tables `temp_session` on conditions username LIKE hejo003
15:53:55 hejo003 Helen Jörnås UPDATING data to tables `time2vie_cirruscommon`.`login` fields ( login, last_time ) values (1, 2020-06-24 15:53:55) on conditions username = hejo003
15:53:55 hejo003 Helen Jörnås UPDATING data to tables `time2vie_cirruscommon`.`secondary_login` fields ( last_login_time ) values (2020-06-24 15:53:55) on conditions username = hejo003 AND company_id = 20
16:46:58 hejo003 Helen Jörnås UPDATING data to tables `time2vie_cirruscommon`.`secondary_login` fields ( error ) values (0) on conditions username = hejo003 AND company_id = 20
16:46:58 hejo003 Helen Jörnås INSERTING data into tables `log_login` fields ( username, ip, browser ) values ( hejo003, 90.224.82.244, okhttp/3.9.1 ) => {inserted_id = 11679}
16:46:58 hejo003 Helen Jörnås DELETE data from tables `temp_session` on conditions username LIKE hejo003
16:46:58 hejo003 Helen Jörnås UPDATING data to tables `time2vie_cirruscommon`.`login` fields ( login, last_time ) values (1, 2020-06-24 16:46:58) on conditions username = hejo003
16:46:58 hejo003 Helen Jörnås UPDATING data to tables `time2vie_cirruscommon`.`secondary_login` fields ( last_login_time ) values (2020-06-24 16:46:58) on conditions username = hejo003 AND company_id = 20
17:27:41 anwa006 Andréas Wallin UPDATING data to tables `time2vie_cirruscommon`.`secondary_login` fields ( error ) values (0) on conditions username = anwa006 AND company_id = 20
17:27:41 anwa006 Andréas Wallin INSERTING data into tables `log_login` fields ( username, ip, browser ) values ( anwa006, 94.103.194.75, okhttp/3.9.1 ) => {inserted_id = 11680}
17:27:41 anwa006 Andréas Wallin DELETE data from tables `temp_session` on conditions username LIKE anwa006
17:27:41 anwa006 Andréas Wallin UPDATING data to tables `time2vie_cirruscommon`.`login` fields ( login, last_time ) values (1, 2020-06-24 17:27:41) on conditions username = anwa006
17:27:41 anwa006 Andréas Wallin UPDATING data to tables `time2vie_cirruscommon`.`secondary_login` fields ( last_login_time ) values (2020-06-24 17:27:41) on conditions username = anwa006 AND company_id = 20
18:51:29 hejo003 Helen Jörnås UPDATING data to tables `time2vie_cirruscommon`.`secondary_login` fields ( error ) values (0) on conditions username = hejo003 AND company_id = 20
18:51:29 hejo003 Helen Jörnås INSERTING data into tables `log_login` fields ( username, ip, browser ) values ( hejo003, 90.224.82.244, okhttp/3.9.1 ) => {inserted_id = 11681}
18:51:29 hejo003 Helen Jörnås DELETE data from tables `temp_session` on conditions username LIKE hejo003
18:51:29 hejo003 Helen Jörnås UPDATING data to tables `time2vie_cirruscommon`.`login` fields ( login, last_time ) values (1, 2020-06-24 18:51:29) on conditions username = hejo003
18:51:29 hejo003 Helen Jörnås UPDATING data to tables `time2vie_cirruscommon`.`secondary_login` fields ( last_login_time ) values (2020-06-24 18:51:29) on conditions username = hejo003 AND company_id = 20
21:10:10 hejo003 Helen Jörnås UPDATING data to tables `time2vie_cirruscommon`.`secondary_login` fields ( error ) values (0) on conditions username = hejo003 AND company_id = 20
21:10:10 hejo003 Helen Jörnås INSERTING data into tables `log_login` fields ( username, ip, browser ) values ( hejo003, 90.224.82.244, okhttp/3.9.1 ) => {inserted_id = 11682}
21:10:10 hejo003 Helen Jörnås DELETE data from tables `temp_session` on conditions username LIKE hejo003
21:10:10 hejo003 Helen Jörnås UPDATING data to tables `time2vie_cirruscommon`.`login` fields ( login, last_time ) values (1, 2020-06-24 21:10:10) on conditions username = hejo003
21:10:10 hejo003 Helen Jörnås UPDATING data to tables `time2vie_cirruscommon`.`secondary_login` fields ( last_login_time ) values (2020-06-24 21:10:10) on conditions username = hejo003 AND company_id = 20
22:59:11 peka002 Petronella Karlsson UPDATING data to tables `time2vie_cirruscommon`.`secondary_login` fields ( error ) values (0) on conditions username = peka002 AND company_id = 20
22:59:11 peka002 Petronella Karlsson INSERTING data into tables `log_login` fields ( username, ip, browser ) values ( peka002, 81.229.116.162, Time2View/1 CFNetwork/1126 Darwin/19.5.0 ) => {inserted_id = 11683}
22:59:11 peka002 Petronella Karlsson DELETE data from tables `temp_session` on conditions username LIKE peka002
22:59:11 peka002 Petronella Karlsson UPDATING data to tables `time2vie_cirruscommon`.`login` fields ( login, last_time ) values (1, 2020-06-24 22:59:11) on conditions username = peka002
22:59:11 peka002 Petronella Karlsson UPDATING data to tables `time2vie_cirruscommon`.`secondary_login` fields ( last_login_time ) values (2020-06-24 22:59:11) on conditions username = peka002 AND company_id = 20
