09:54:58 biwa003 Birgitta Wåhlander INSERTING data into tables `log_login` fields ( username, ip, browser ) values ( biwa003, 94.103.194.75, Mozilla/5.0 (iPad; CPU OS 13_5 like Mac OS X) AppleWebKit/605.1.15 (KHTML, like Gecko) CriOS/84.0.4147.71 Mobile/15E148 Safari/604.1 ) => {inserted_id = 12999}
09:54:58 biwa003 Birgitta Wåhlander DELETE data from tables `temp_session` on conditions username LIKE biwa003
09:54:58 biwa003 Birgitta Wåhlander UPDATING data to tables `time2vie_cirruscommon`.`login` fields ( login, last_time ) values (1, 2020-08-15 09:54:58) on conditions username = biwa003
09:54:58 biwa003 Birgitta Wåhlander UPDATING data to tables `time2vie_cirruscommon`.`secondary_login` fields ( last_login_time ) values (2020-08-15 09:54:58) on conditions username = biwa003 AND company_id = 20
09:54:59 biwa003 Birgitta Wåhlander UPDATING data to tables `time2vie_cirruscommon`.`ws_sessions` fields ( user_id ) values (biwa003) on conditions session_id = 2jinhh2o89vhlffetposk35fo3
09:55:42 biwa003 Birgitta Wåhlander INSERTING data into tables `timetable` fields ( employee, customer, fkkn, type, date, time_from, time_to, status, created_status, alloc_emp, comment ) values ( biwa003, chwa001, 1, 0, 2020-08-15, 8.30, 18, 1, , biwa003,  ) => {inserted_id = 17028}
09:55:42 biwa003 Birgitta Wåhlander INSERTING data into tables `memory_slots` fields ( customer, time_from, time_to, type ) values ( chwa001, 8.30, 18, 0 ) => {inserted_id = 351}
09:56:21 biwa003 Birgitta Wåhlander INSERTING data into tables `timetable` fields ( employee, customer, fkkn, type, date, time_from, time_to, status, created_status, alloc_emp, comment ) values ( biwa003, chwa001, 1, 0, 2020-08-16, 8.30, 18, 1, , biwa003,  ) => {inserted_id = 17029}
09:57:15 biwa003 Birgitta Wåhlander UPDATING data to tables `timetable` fields ( customer, employee, date, time_from, time_to, fkkn, type, status, comment ) values (chwa001, lawa002, 2020-08-17, 7.00, 18.30, 1, 0, 1, ) on conditions id = 15846
09:57:26 biwa003 Birgitta Wåhlander DELETE data from tables `timetable` on conditions id = 17014
09:57:44 biwa003 Birgitta Wåhlander UPDATING data to tables `timetable` fields ( customer, employee, date, time_from, time_to, fkkn, type, status, comment ) values (chwa001, lawa002, 2020-08-18, 7.00, 18.15, 1, 0, 1, ) on conditions id = 17015
09:58:30 biwa003 Birgitta Wåhlander UPDATING data to tables `timetable` fields ( customer, employee, date, time_from, time_to, fkkn, type, status, comment ) values (chwa001, anka019, 2020-08-11, 7.00, 18.15, 1, 0, 1, ) on conditions id = 12898
09:58:55 biwa003 Birgitta Wåhlander UPDATING data to tables `timetable` fields ( customer, employee, date, time_from, time_to, fkkn, type, status, comment ) values (chwa001, liha009, 2020-08-11, 12.30, 18, 1, 0, 1, ) on conditions id = 12899
09:59:03 biwa003 Birgitta Wåhlander UPDATING data to tables `time2vie_cirruscommon`.`ws_sessions` fields ( user_id ) values (biwa003) on conditions session_id = 2jinhh2o89vhlffetposk35fo3
10:00:49 biwa003 Birgitta Wåhlander UPDATING data to tables `time2vie_cirruscommon`.`ws_sessions` fields ( user_id ) values (biwa003) on conditions session_id = 2jinhh2o89vhlffetposk35fo3
10:01:27 biwa003 Birgitta Wåhlander UPDATING data to tables `time2vie_cirruscommon`.`ws_sessions` fields ( user_id ) values (biwa003) on conditions session_id = 2jinhh2o89vhlffetposk35fo3
10:02:05 biwa003 Birgitta Wåhlander UPDATING data to tables `time2vie_cirruscommon`.`ws_sessions` fields ( user_id ) values (biwa003) on conditions session_id = 2jinhh2o89vhlffetposk35fo3
15:58:03 anka019 Anna Kawalya Westerberg INSERTING data into tables `log_login` fields ( username, ip, browser ) values ( anka019, 94.234.47.140, Mozilla/5.0 (iPhone; CPU iPhone OS 13_6 like Mac OS X) AppleWebKit/605.1.15 (KHTML, like Gecko) Version/13.1.2 Mobile/15E148 Safari/604.1 ) => {inserted_id = 13002}
15:58:03 anka019 Anna Kawalya Westerberg DELETE data from tables `temp_session` on conditions username LIKE anka019
15:58:03 anka019 Anna Kawalya Westerberg UPDATING data to tables `time2vie_cirruscommon`.`login` fields ( login, last_time ) values (1, 2020-08-15 15:58:03) on conditions username = anka019
15:58:03 anka019 Anna Kawalya Westerberg UPDATING data to tables `time2vie_cirruscommon`.`secondary_login` fields ( last_login_time ) values (2020-08-15 15:58:03) on conditions username = anka019 AND company_id = 20
15:58:03 anka019 Anna Kawalya Westerberg UPDATING data to tables `time2vie_cirruscommon`.`ws_sessions` fields ( user_id ) values (anka019) on conditions session_id = apgknjoa0tejdi23j2fsipc3d6
17:45:11 biwa003 Birgitta Wåhlander UPDATING data to tables `time2vie_cirruscommon`.`ws_sessions` fields ( user_id ) values (biwa003) on conditions session_id = 2jinhh2o89vhlffetposk35fo3
17:52:49 anka019 Anna Kawalya Westerberg UPDATING data to tables `time2vie_cirruscommon`.`ws_sessions` fields ( user_id ) values (anka019) on conditions session_id = apgknjoa0tejdi23j2fsipc3d6
18:30:08 biwa003 Birgitta Wåhlander UPDATING data to tables `timetable` fields ( status ) values (2) on conditions id = 16382
18:30:08 biwa003 Birgitta Wåhlander INSERTING data into tables `timetable` fields ( customer, date, time_from, time_to, type, fkkn, comment, alloc_emp, relation_id, status ) values ( chwa001, 2020-10-27, 18.00, 24.00, 0, 1, , biwa003, 16382, 0 ) => {inserted_id = 17030}
18:30:08 biwa003 Birgitta Wåhlander INSERTING data into tables `leave` fields ( group_id, employee, date, time_from, time_to, type, comment, appr_emp, status, no_pay ) values ( 1056, idah001, 2020-10-27, 18, 24, 2, , biwa003, 1, 0 ) => {inserted_id = 1710}
18:30:28 biwa003 Birgitta Wåhlander UPDATING data to tables `timetable` fields ( status ) values (2) on conditions id = 16383
18:30:28 biwa003 Birgitta Wåhlander INSERTING data into tables `timetable` fields ( customer, date, time_from, time_to, type, fkkn, comment, alloc_emp, relation_id, status ) values ( chwa001, 2020-10-28, 0.00, 7.15, 0, 1, , biwa003, 16383, 0 ) => {inserted_id = 17031}
18:30:28 biwa003 Birgitta Wåhlander INSERTING data into tables `leave` fields ( group_id, employee, date, time_from, time_to, type, comment, appr_emp, status, no_pay ) values ( 1057, idah001, 2020-10-28, 0, 7.15, 2, , biwa003, 1, 0 ) => {inserted_id = 1711}
18:30:48 biwa003 Birgitta Wåhlander UPDATING data to tables `timetable` fields ( status ) values (2) on conditions id = 16389
18:30:48 biwa003 Birgitta Wåhlander INSERTING data into tables `timetable` fields ( customer, date, time_from, time_to, type, fkkn, comment, alloc_emp, relation_id, status ) values ( chwa001, 2020-10-29, 10.30, 18.15, 0, 1, , biwa003, 16389, 0 ) => {inserted_id = 17032}
18:30:48 biwa003 Birgitta Wåhlander INSERTING data into tables `leave` fields ( group_id, employee, date, time_from, time_to, type, comment, appr_emp, status, no_pay ) values ( 1058, idah001, 2020-10-29, 10.3, 18.15, 2, , biwa003, 1, 0 ) => {inserted_id = 1712}
18:30:58 biwa003 Birgitta Wåhlander UPDATING data to tables `timetable` fields ( status ) values (2) on conditions id = 16392
18:30:58 biwa003 Birgitta Wåhlander INSERTING data into tables `timetable` fields ( customer, date, time_from, time_to, type, fkkn, comment, alloc_emp, relation_id, status ) values ( chwa001, 2020-10-30, 7.00, 15.00, 0, 1, , biwa003, 16392, 0 ) => {inserted_id = 17033}
18:30:58 biwa003 Birgitta Wåhlander INSERTING data into tables `leave` fields ( group_id, employee, date, time_from, time_to, type, comment, appr_emp, status, no_pay ) values ( 1059, idah001, 2020-10-30, 7, 15, 2, , biwa003, 1, 0 ) => {inserted_id = 1713}
18:32:52 biwa003 Birgitta Wåhlander UPDATING data to tables `timetable` fields ( customer, employee, date, time_from, time_to, fkkn, type, status, comment ) values (chwa001, anwa006, 2020-10-29, 10.30, 18.15, 1, 0, 1, ) on conditions id = 17032
18:34:33 biwa003 Birgitta Wåhlander UPDATING data to tables `timetable` fields ( customer, employee, date, time_from, time_to, fkkn, type, status, comment ) values (chwa001, anwa006, 2020-10-30, 7, 18.30, 1, 0, 1, ) on conditions id = 16393
18:34:52 biwa003 Birgitta Wåhlander DELETE data from tables `timetable` on conditions id = 17033
21:39:13 liha009 Linnéa Handin INSERTING data into tables `log_login` fields ( username, ip, browser ) values ( liha009, 94.191.138.239, Mozilla/5.0 (iPhone; CPU iPhone OS 13_6 like Mac OS X) AppleWebKit/605.1.15 (KHTML, like Gecko) Version/13.1.2 Mobile/15E148 Safari/604.1 ) => {inserted_id = 13004}
21:39:14 liha009 Linnéa Handin DELETE data from tables `temp_session` on conditions username LIKE liha009
21:39:14 liha009 Linnéa Handin UPDATING data to tables `time2vie_cirruscommon`.`login` fields ( login, last_time ) values (1, 2020-08-15 21:39:14) on conditions username = liha009
21:39:14 liha009 Linnéa Handin UPDATING data to tables `time2vie_cirruscommon`.`secondary_login` fields ( last_login_time ) values (2020-08-15 21:39:14) on conditions username = liha009 AND company_id = 20
21:39:14 liha009 Linnéa Handin UPDATING data to tables `time2vie_cirruscommon`.`ws_sessions` fields ( user_id ) values (liha009) on conditions session_id = 8rhh0alpdb4pur96l1mue0f6f3
21:40:00 liha009 Linnéa Handin UPDATING data to tables `time2vie_cirruscommon`.`ws_sessions` fields ( user_id ) values (liha009) on conditions session_id = 8rhh0alpdb4pur96l1mue0f6f3
