06:26:19 gine001 gine001 INSERTING data into tables `log_login` fields ( username, ip, browser ) values ( gine001, 92.35.253.191, Mozilla/5.0 (Windows NT 10.0; Win64; x64; rv:68.0) Gecko/20100101 Firefox/68.0 ) => {inserted_id = 7297}
06:26:19 gine001 gine001 DELETE data from tables `temp_session` on conditions username LIKE gine001
06:26:19 gine001 gine001 UPDATING data to tables `time2vie_cirruscommon`.`login` fields ( login, last_time ) values (1, 2020-01-17 06:26:19) on conditions username = gine001
06:26:19 gine001 gine001 UPDATING data to tables `time2vie_cirruscommon`.`secondary_login` fields ( last_login_time ) values (2020-01-17 06:26:19) on conditions username = gine001 AND company_id = 20
06:28:27 gine001 gine001 UPDATING data to tables `time2vie_cirruscommon`.`login` fields ( role, mobile ) values (3, 708471688) on conditions username = anja007
06:28:27 gine001 gine001 UPDATING data to tables `employee` fields ( code, century, social_security, first_name, last_name, gender, address, city, post, phone, mobile, email, date, color, status, date_inactive, max_hours, monthly_salary, start_day, remaining_sem_leave, sem_leave_todate, leave_in_advance, care_of, office_personal, substitute, salary_type, sem_leave_days, vab_leave_days, fp_leave_days, nopay_leave_days, other_leave_days, ice, employee_contract_start_month, employee_contract_period_date, employee_contract_period_length, candg_follow, inconvenient_on ) values (´4-1, 19, 6611164648, Annika, Jakobsson, 2, Mentorsvägen 6, VARBERG, 432 50, , 708471688, annikabengtsson5@gmail.com, 2020-01-01, #ff0000, 1, , 17.00, 0, 10.00, 0, , 0, , 0, 0, 2, 0, 0, 0, 0, 0, , 12, 1, 04, 0, 0) on conditions username = anja007
06:28:27 gine001 gine001 INSERTING data into tables `emp_inconvinient_time` fields ( emp_username, on_call, on_call_holiday, on_call_bigholiday, inconvinient_night, inconvinient_evening, inconvinient_holiday, inconvinient_week_holiday, date_from, added_by ) values ( anja007, , , , , , , , 2020-01-17, gine001 ) => {inserted_id = 36}
06:28:27 gine001 gine001 INSERTING data into tables `emp_salary` fields ( emp_username, salary_per_month, salary_per_hour, date_from, added_by ) values ( anja007, , , 2020-01-17, gine001 ) => {inserted_id = 36}
06:28:27 gine001 gine001 DELETE data from tables `team` on conditions employee = anja007
06:28:27 gine001 gine001 INSERTING data into tables `team` fields ( customer, employee, role ) values ( jebe002, anja007, 3 ) => {inserted_id = 0}
06:28:38 time002 Tina Mellgren UPDATING data to tables `time2vie_cirruscommon`.`secondary_login` fields ( error ) values (0) on conditions username = time002 AND company_id = 20
06:28:38 time002 Tina Mellgren INSERTING data into tables `log_login` fields ( username, ip, browser ) values ( time002, 81.228.189.218, Time2View/2 CFNetwork/978.0.7 Darwin/18.7.0 ) => {inserted_id = 7298}
06:28:38 time002 Tina Mellgren DELETE data from tables `temp_session` on conditions username LIKE time002
06:28:38 time002 Tina Mellgren UPDATING data to tables `time2vie_cirruscommon`.`login` fields ( login, last_time ) values (1, 2020-01-17 06:28:38) on conditions username = time002
06:28:38 time002 Tina Mellgren UPDATING data to tables `time2vie_cirruscommon`.`secondary_login` fields ( last_login_time ) values (2020-01-17 06:28:38) on conditions username = time002 AND company_id = 20
06:29:25 gine001 gine001 UPDATING data to tables `timetable` fields ( customer, employee, date, time_from, time_to, fkkn, type, status, comment ) values (jebe002, anja007, 2020-01-15, 18.30, 20.30, 1, 10, 1, tidsmöte.) on conditions id = 12916
06:29:25 gine001 gine001 INSERTING data into tables `timetable` fields ( employee, customer, fkkn, type, date, time_from, time_to, status, created_status, alloc_emp, comment ) values ( , jebe002, 1, 10, 2020-01-15, 18.3, 20.3, 0, , gine001,  ) => {inserted_id = 14756}
06:30:27 gine001 gine001 UPDATING data to tables `timetable` fields ( customer, employee, date, time_from, time_to, fkkn, type, status, comment ) values (jebe002, jobe008, 2020-01-15, 18.30, 20.30, 1, 10, 1, tidsappmöte) on conditions id = 12918
06:30:27 gine001 gine001 INSERTING data into tables `timetable` fields ( employee, customer, fkkn, type, date, time_from, time_to, status, created_status, alloc_emp, comment ) values ( , jebe002, 1, 10, 2020-01-15, 18.3, 20.3, 0, , gine001,  ) => {inserted_id = 14757}
06:30:55 gine001 gine001 DELETE data from tables `timetable` on conditions id = 14756
06:30:55 gine001 gine001 DELETE data from tables `timetable` on conditions id = 14757
06:34:09 gine001 gine001 INSERTING data into tables `time2vie_cirruscommon`.`support_ticket_answers` fields ( ticket_id, submited_user, answer, category_id, priority, ticket_type, status, hidden ) values ( 2634, gine001, <p>Hej Carina</p><p>"Problemet" var att det redan låg ett tomt pass mellan 1830-2200 på "assistentens vy". Då det är ett tomt pass (utan kund), syns inte det passet på kunden då det inte tillhör någon kund.</p><p>Har kopplat Kunden till passet. <br></p>, 1, 2, 3, 4, 0 ) => {inserted_id = 6983}
06:34:25 gine001 gine001 UPDATING data to tables `time2vie_cirruscommon`.`ws_sessions` fields ( user_id ) values (gine001) on conditions session_id = 7ed16942f35afff7fe465ebfc187e30c
07:05:02 asgr002 Åsa Grimberg UPDATING data to tables `time2vie_cirruscommon`.`secondary_login` fields ( error ) values (0) on conditions username = asgr002 AND company_id = 20
07:05:02 asgr002 Åsa Grimberg INSERTING data into tables `log_login` fields ( username, ip, browser ) values ( asgr002, 78.70.128.102, Time2View/2 CFNetwork/1121.2.2 Darwin/19.2.0 ) => {inserted_id = 7299}
07:05:02 asgr002 Åsa Grimberg DELETE data from tables `temp_session` on conditions username LIKE asgr002
07:05:02 asgr002 Åsa Grimberg UPDATING data to tables `time2vie_cirruscommon`.`login` fields ( login, last_time ) values (1, 2020-01-17 07:05:02) on conditions username = asgr002
07:05:02 asgr002 Åsa Grimberg UPDATING data to tables `time2vie_cirruscommon`.`secondary_login` fields ( last_login_time ) values (2020-01-17 07:05:02) on conditions username = asgr002 AND company_id = 20
09:14:49 hejo003 Helen Jörnås UPDATING data to tables `time2vie_cirruscommon`.`secondary_login` fields ( error ) values (0) on conditions username = hejo003 AND company_id = 20
09:14:49 hejo003 Helen Jörnås INSERTING data into tables `log_login` fields ( username, ip, browser ) values ( hejo003, 90.224.82.244, okhttp/3.9.1 ) => {inserted_id = 7300}
09:14:49 hejo003 Helen Jörnås DELETE data from tables `temp_session` on conditions username LIKE hejo003
09:14:49 hejo003 Helen Jörnås UPDATING data to tables `time2vie_cirruscommon`.`login` fields ( login, last_time ) values (1, 2020-01-17 09:14:49) on conditions username = hejo003
09:14:49 hejo003 Helen Jörnås UPDATING data to tables `time2vie_cirruscommon`.`secondary_login` fields ( last_login_time ) values (2020-01-17 09:14:49) on conditions username = hejo003 AND company_id = 20
09:39:44 biwa003 Birgitta Wåhlander INSERTING data into tables `log_login` fields ( username, ip, browser ) values ( biwa003, 185.27.165.66, Mozilla/5.0 (iPad; CPU OS 13_3 like Mac OS X) AppleWebKit/605.1.15 (KHTML, like Gecko) CriOS/79.0.3945.73 Mobile/15E148 Safari/604.1 ) => {inserted_id = 7301}
09:39:44 biwa003 Birgitta Wåhlander DELETE data from tables `temp_session` on conditions username LIKE biwa003
09:39:44 biwa003 Birgitta Wåhlander UPDATING data to tables `time2vie_cirruscommon`.`login` fields ( login, last_time ) values (1, 2020-01-17 09:39:44) on conditions username = biwa003
09:39:44 biwa003 Birgitta Wåhlander UPDATING data to tables `time2vie_cirruscommon`.`secondary_login` fields ( last_login_time ) values (2020-01-17 09:39:44) on conditions username = biwa003 AND company_id = 20
09:39:45 biwa003 Birgitta Wåhlander UPDATING data to tables `time2vie_cirruscommon`.`ws_sessions` fields ( user_id ) values (biwa003) on conditions session_id = 0f5cdf9088e9b212393bdd878d082d7e
10:50:41 mace003 Marie Cederborg UPDATING data to tables `time2vie_cirruscommon`.`secondary_login` fields ( error ) values (0) on conditions username = mace003 AND company_id = 20
10:50:41 mace003 Marie Cederborg INSERTING data into tables `log_login` fields ( username, ip, browser ) values ( mace003, 79.136.109.240, Time2View/2 CFNetwork/1121.2.2 Darwin/19.2.0 ) => {inserted_id = 7302}
10:50:41 mace003 Marie Cederborg DELETE data from tables `temp_session` on conditions username LIKE mace003
10:50:41 mace003 Marie Cederborg UPDATING data to tables `time2vie_cirruscommon`.`login` fields ( login, last_time ) values (1, 2020-01-17 10:50:41) on conditions username = mace003
10:50:41 mace003 Marie Cederborg UPDATING data to tables `time2vie_cirruscommon`.`secondary_login` fields ( last_login_time ) values (2020-01-17 10:50:41) on conditions username = mace003 AND company_id = 20
10:51:30 mace003 Marie Cederborg UPDATING data to tables `time2vie_cirruscommon`.`secondary_login` fields ( error ) values (0) on conditions username = mace003 AND company_id = 20
10:51:30 mace003 Marie Cederborg INSERTING data into tables `log_login` fields ( username, ip, browser ) values ( mace003, 79.136.109.240, Time2View/2 CFNetwork/1121.2.2 Darwin/19.2.0 ) => {inserted_id = 7303}
10:51:30 mace003 Marie Cederborg DELETE data from tables `temp_session` on conditions username LIKE mace003
10:51:30 mace003 Marie Cederborg UPDATING data to tables `time2vie_cirruscommon`.`login` fields ( login, last_time ) values (1, 2020-01-17 10:51:30) on conditions username = mace003
10:51:30 mace003 Marie Cederborg UPDATING data to tables `time2vie_cirruscommon`.`secondary_login` fields ( last_login_time ) values (2020-01-17 10:51:30) on conditions username = mace003 AND company_id = 20
10:53:42 anwa006 Andréas Wallin UPDATING data to tables `time2vie_cirruscommon`.`secondary_login` fields ( error ) values (0) on conditions username = anwa006 AND company_id = 20
10:53:42 anwa006 Andréas Wallin INSERTING data into tables `log_login` fields ( username, ip, browser ) values ( anwa006, 94.103.194.75, okhttp/3.9.1 ) => {inserted_id = 7304}
10:53:42 anwa006 Andréas Wallin DELETE data from tables `temp_session` on conditions username LIKE anwa006
10:53:42 anwa006 Andréas Wallin UPDATING data to tables `time2vie_cirruscommon`.`login` fields ( login, last_time ) values (1, 2020-01-17 10:53:42) on conditions username = anwa006
10:53:42 anwa006 Andréas Wallin UPDATING data to tables `time2vie_cirruscommon`.`secondary_login` fields ( last_login_time ) values (2020-01-17 10:53:42) on conditions username = anwa006 AND company_id = 20
10:54:00 anja007 Annika Jakobsson UPDATING data to tables `time2vie_cirruscommon`.`secondary_login` fields ( error ) values (0) on conditions username = anja007 AND company_id = 20
10:54:00 anja007 Annika Jakobsson INSERTING data into tables `log_login` fields ( username, ip, browser ) values ( anja007, 185.27.164.212, Time2View/2 CFNetwork/1121.2.2 Darwin/19.2.0 ) => {inserted_id = 7305}
10:54:00 anja007 Annika Jakobsson DELETE data from tables `temp_session` on conditions username LIKE anja007
10:54:00 anja007 Annika Jakobsson UPDATING data to tables `time2vie_cirruscommon`.`login` fields ( login, last_time ) values (1, 2020-01-17 10:54:00) on conditions username = anja007
10:54:00 anja007 Annika Jakobsson UPDATING data to tables `time2vie_cirruscommon`.`secondary_login` fields ( last_login_time ) values (2020-01-17 10:54:00) on conditions username = anja007 AND company_id = 20
10:56:44 sobe001 Sofia Bengtsson INSERTING data into tables `log_login` fields ( username, ip, browser ) values ( sobe001, 185.27.164.212, Time2View/2 CFNetwork/1121.2.2 Darwin/19.2.0 ) => {inserted_id = 7306}
10:57:54 sobe001 Sofia Bengtsson UPDATING data to tables `time2vie_cirruscommon`.`secondary_login` fields ( password, last_pw_update_date, error ) values (450380350cf3d354d260d91fb219bcc8, 2020-01-17 09:57:54, 0) on conditions username = sobe001 AND company_id = 20
10:57:54 sobe001 Sofia Bengtsson INSERTING data into tables `log_password` fields ( username, passwords ) values ( sobe001, 3c2f8d0a3727b847cc852e18673a2d11 ) => {inserted_id = 0}
10:57:54 sobe001 Sofia Bengtsson DELETE data from tables `temp_session` on conditions username LIKE sobe001
10:57:54 sobe001 Sofia Bengtsson UPDATING data to tables `time2vie_cirruscommon`.`login` fields ( login, last_time ) values (1, 2020-01-17 10:57:54) on conditions username = sobe001
10:57:54 sobe001 Sofia Bengtsson UPDATING data to tables `time2vie_cirruscommon`.`secondary_login` fields ( last_login_time ) values (2020-01-17 10:57:54) on conditions username = sobe001 AND company_id = 20
10:58:07 sobe001 Sofia Bengtsson UPDATING data to tables `time2vie_cirruscommon`.`secondary_login` fields ( error ) values (0) on conditions username = sobe001 AND company_id = 20
10:58:07 sobe001 Sofia Bengtsson INSERTING data into tables `log_login` fields ( username, ip, browser ) values ( sobe001, 185.27.164.212, Time2View/2 CFNetwork/1121.2.2 Darwin/19.2.0 ) => {inserted_id = 7307}
10:58:07 sobe001 Sofia Bengtsson DELETE data from tables `temp_session` on conditions username LIKE sobe001
10:58:07 sobe001 Sofia Bengtsson UPDATING data to tables `time2vie_cirruscommon`.`login` fields ( login, last_time ) values (1, 2020-01-17 10:58:07) on conditions username = sobe001
10:58:07 sobe001 Sofia Bengtsson UPDATING data to tables `time2vie_cirruscommon`.`secondary_login` fields ( last_login_time ) values (2020-01-17 10:58:07) on conditions username = sobe001 AND company_id = 20
11:34:59 lawa002 Lars Wåhlander UPDATING data to tables `time2vie_cirruscommon`.`secondary_login` fields ( error ) values (0) on conditions username = lawa002 AND company_id = 20
11:34:59 lawa002 Lars Wåhlander INSERTING data into tables `log_login` fields ( username, ip, browser ) values ( lawa002, 185.27.165.66, Time2View/2 CFNetwork/1121.2.2 Darwin/19.2.0 ) => {inserted_id = 7308}
11:34:59 lawa002 Lars Wåhlander DELETE data from tables `temp_session` on conditions username LIKE lawa002
11:34:59 lawa002 Lars Wåhlander UPDATING data to tables `time2vie_cirruscommon`.`login` fields ( login, last_time ) values (1, 2020-01-17 11:34:59) on conditions username = lawa002
11:34:59 lawa002 Lars Wåhlander UPDATING data to tables `time2vie_cirruscommon`.`secondary_login` fields ( last_login_time ) values (2020-01-17 11:34:59) on conditions username = lawa002 AND company_id = 20
12:41:45 time002 Tina Mellgren UPDATING data to tables `time2vie_cirruscommon`.`secondary_login` fields ( error ) values (0) on conditions username = time002 AND company_id = 20
12:41:45 time002 Tina Mellgren INSERTING data into tables `log_login` fields ( username, ip, browser ) values ( time002, 94.234.46.236, Time2View/2 CFNetwork/978.0.7 Darwin/18.7.0 ) => {inserted_id = 7309}
12:41:45 time002 Tina Mellgren DELETE data from tables `temp_session` on conditions username LIKE time002
12:41:45 time002 Tina Mellgren UPDATING data to tables `time2vie_cirruscommon`.`login` fields ( login, last_time ) values (1, 2020-01-17 12:41:45) on conditions username = time002
12:41:45 time002 Tina Mellgren UPDATING data to tables `time2vie_cirruscommon`.`secondary_login` fields ( last_login_time ) values (2020-01-17 12:41:45) on conditions username = time002 AND company_id = 20
12:53:07 peka002 Petronella Karlsson UPDATING data to tables `time2vie_cirruscommon`.`secondary_login` fields ( error ) values (0) on conditions username = peka002 AND company_id = 20
12:53:07 peka002 Petronella Karlsson INSERTING data into tables `log_login` fields ( username, ip, browser ) values ( peka002, 94.191.155.30, Time2View/2 CFNetwork/1121.2.2 Darwin/19.2.0 ) => {inserted_id = 7310}
12:53:07 peka002 Petronella Karlsson DELETE data from tables `temp_session` on conditions username LIKE peka002
12:53:07 peka002 Petronella Karlsson UPDATING data to tables `time2vie_cirruscommon`.`login` fields ( login, last_time ) values (1, 2020-01-17 12:53:07) on conditions username = peka002
12:53:07 peka002 Petronella Karlsson UPDATING data to tables `time2vie_cirruscommon`.`secondary_login` fields ( last_login_time ) values (2020-01-17 12:53:07) on conditions username = peka002 AND company_id = 20
13:25:43 mace003 Marie Cederborg UPDATING data to tables `time2vie_cirruscommon`.`secondary_login` fields ( error ) values (0) on conditions username = mace003 AND company_id = 20
13:25:43 mace003 Marie Cederborg INSERTING data into tables `log_login` fields ( username, ip, browser ) values ( mace003, 79.136.109.240, Time2View/2 CFNetwork/1121.2.2 Darwin/19.2.0 ) => {inserted_id = 7311}
13:25:43 mace003 Marie Cederborg DELETE data from tables `temp_session` on conditions username LIKE mace003
13:25:43 mace003 Marie Cederborg UPDATING data to tables `time2vie_cirruscommon`.`login` fields ( login, last_time ) values (1, 2020-01-17 13:25:43) on conditions username = mace003
13:25:43 mace003 Marie Cederborg UPDATING data to tables `time2vie_cirruscommon`.`secondary_login` fields ( last_login_time ) values (2020-01-17 13:25:43) on conditions username = mace003 AND company_id = 20
13:26:41 mace003 Marie Cederborg UPDATING data to tables `time2vie_cirruscommon`.`secondary_login` fields ( error ) values (0) on conditions username = mace003 AND company_id = 20 #Mobile-App: Log-id=7311
13:26:41 mace003 Marie Cederborg INSERTING data into tables `log_login` fields ( username, ip, browser ) values ( mace003, 79.136.109.240, Time2View/2 CFNetwork/1121.2.2 Darwin/19.2.0 ) => {inserted_id = 7312} #Mobile-App: Log-id=7311
13:26:41 mace003 Marie Cederborg DELETE data from tables `temp_session` on conditions username LIKE mace003 #Mobile-App: Log-id=7312
13:26:41 mace003 Marie Cederborg UPDATING data to tables `time2vie_cirruscommon`.`login` fields ( login, last_time ) values (1, 2020-01-17 13:26:41) on conditions username = mace003 #Mobile-App: Log-id=7312
13:26:41 mace003 Marie Cederborg UPDATING data to tables `time2vie_cirruscommon`.`secondary_login` fields ( last_login_time ) values (2020-01-17 13:26:41) on conditions username = mace003 AND company_id = 20 #Mobile-App: Log-id=7312
15:00:10 cagu001 Carina Gustafsson UPDATING data to tables `time2vie_cirruscommon`.`secondary_login` fields ( error ) values (0) on conditions username = cagu001 AND company_id = 20
15:00:10 cagu001 Carina Gustafsson INSERTING data into tables `log_login` fields ( username, ip, browser ) values ( cagu001, 176.10.245.4, okhttp/3.9.1 ) => {inserted_id = 7313}
15:00:10 cagu001 Carina Gustafsson DELETE data from tables `temp_session` on conditions username LIKE cagu001
15:00:10 cagu001 Carina Gustafsson UPDATING data to tables `time2vie_cirruscommon`.`login` fields ( login, last_time ) values (1, 2020-01-17 15:00:10) on conditions username = cagu001
15:00:10 cagu001 Carina Gustafsson UPDATING data to tables `time2vie_cirruscommon`.`secondary_login` fields ( last_login_time ) values (2020-01-17 15:00:10) on conditions username = cagu001 AND company_id = 20
15:14:16 hebe001 Helen Bengtsson INSERTING data into tables `log_login` fields ( username, ip, browser ) values ( hebe001, 193.234.72.96, Mozilla/5.0 (Windows NT 6.1; Win64; x64) AppleWebKit/537.36 (KHTML, like Gecko) Chrome/79.0.3945.117 Safari/537.36 ) => {inserted_id = 7314}
15:14:16 hebe001 Helen Bengtsson DELETE data from tables `temp_session` on conditions username LIKE hebe001
15:14:16 hebe001 Helen Bengtsson UPDATING data to tables `time2vie_cirruscommon`.`login` fields ( login, last_time ) values (1, 2020-01-17 15:14:16) on conditions username = hebe001
15:14:16 hebe001 Helen Bengtsson UPDATING data to tables `time2vie_cirruscommon`.`secondary_login` fields ( last_login_time ) values (2020-01-17 15:14:16) on conditions username = hebe001 AND company_id = 20
15:14:17 hebe001 Helen Bengtsson UPDATING data to tables `time2vie_cirruscommon`.`ws_sessions` fields ( user_id ) values (hebe001) on conditions session_id = f17e6f70c3c9b61624626e58f06810c8
15:14:46 hebe001 Helen Bengtsson UPDATING data to tables `timetable` fields ( status ) values (2) on conditions id = 10299
15:14:46 hebe001 Helen Bengtsson INSERTING data into tables `timetable` fields ( customer, date, time_from, time_to, type, fkkn, comment, alloc_emp, relation_id, status ) values ( tibe002, 2020-01-23, 16.15, 24.00, 0, 1, , hebe001, 10299, 0 ) => {inserted_id = 14758}
15:14:46 hebe001 Helen Bengtsson INSERTING data into tables `leave` fields ( group_id, employee, date, time_from, time_to, type, comment, appr_emp, status, no_pay ) values ( 572, hejo003, 2020-01-23, 16.15, 24, 1, , hebe001, 1, 1 ) => {inserted_id = 985}
15:15:04 hebe001 Helen Bengtsson UPDATING data to tables `timetable` fields ( status ) values (2) on conditions id = 10300
15:15:04 hebe001 Helen Bengtsson INSERTING data into tables `timetable` fields ( customer, date, time_from, time_to, type, fkkn, comment, alloc_emp, relation_id, status ) values ( tibe002, 2020-01-24, 0.00, 6.30, 3, 1, , hebe001, 10300, 0 ) => {inserted_id = 14759}
15:15:04 hebe001 Helen Bengtsson INSERTING data into tables `leave` fields ( group_id, employee, date, time_from, time_to, type, comment, appr_emp, status, no_pay ) values ( 573, hejo003, 2020-01-24, 0, 6.3, 1, , hebe001, 1, 1 ) => {inserted_id = 986}
15:15:21 hebe001 Helen Bengtsson UPDATING data to tables `timetable` fields ( status ) values (2) on conditions id = 10301
15:15:21 hebe001 Helen Bengtsson INSERTING data into tables `timetable` fields ( customer, date, time_from, time_to, type, fkkn, comment, alloc_emp, relation_id, status ) values ( tibe002, 2020-01-24, 6.30, 9.00, 0, 1, , hebe001, 10301, 0 ) => {inserted_id = 14760}
15:15:21 hebe001 Helen Bengtsson INSERTING data into tables `leave` fields ( group_id, employee, date, time_from, time_to, type, comment, appr_emp, status, no_pay ) values ( 574, hejo003, 2020-01-24, 6.3, 9, 1, , hebe001, 1, 1 ) => {inserted_id = 987}
15:20:19 time002 Tina Mellgren UPDATING data to tables `time2vie_cirruscommon`.`secondary_login` fields ( error ) values (0) on conditions username = time002 AND company_id = 20
15:20:19 time002 Tina Mellgren INSERTING data into tables `log_login` fields ( username, ip, browser ) values ( time002, 88.129.149.88, Time2View/2 CFNetwork/978.0.7 Darwin/18.7.0 ) => {inserted_id = 7315}
15:20:19 time002 Tina Mellgren DELETE data from tables `temp_session` on conditions username LIKE time002
15:20:20 time002 Tina Mellgren UPDATING data to tables `time2vie_cirruscommon`.`login` fields ( login, last_time ) values (1, 2020-01-17 15:20:19) on conditions username = time002
15:20:20 time002 Tina Mellgren UPDATING data to tables `time2vie_cirruscommon`.`secondary_login` fields ( last_login_time ) values (2020-01-17 15:20:19) on conditions username = time002 AND company_id = 20
15:42:27 anka019 Anna Kawalya Westerberg UPDATING data to tables `time2vie_cirruscommon`.`secondary_login` fields ( error ) values (0) on conditions username = anka019 AND company_id = 20
15:42:27 anka019 Anna Kawalya Westerberg INSERTING data into tables `log_login` fields ( username, ip, browser ) values ( anka019, 217.211.60.66, Time2View/2 CFNetwork/1121.2.2 Darwin/19.2.0 ) => {inserted_id = 7316}
15:42:27 anka019 Anna Kawalya Westerberg DELETE data from tables `temp_session` on conditions username LIKE anka019
15:42:27 anka019 Anna Kawalya Westerberg UPDATING data to tables `time2vie_cirruscommon`.`login` fields ( login, last_time ) values (1, 2020-01-17 15:42:27) on conditions username = anka019
15:42:27 anka019 Anna Kawalya Westerberg UPDATING data to tables `time2vie_cirruscommon`.`secondary_login` fields ( last_login_time ) values (2020-01-17 15:42:27) on conditions username = anka019 AND company_id = 20
16:28:21 biwa003 Birgitta Wåhlander UPDATING data to tables `time2vie_cirruscommon`.`ws_sessions` fields ( user_id ) values (biwa003) on conditions session_id = 0f5cdf9088e9b212393bdd878d082d7e
16:35:50 hejo003 Helen Jörnås UPDATING data to tables `time2vie_cirruscommon`.`secondary_login` fields ( error ) values (0) on conditions username = hejo003 AND company_id = 20
16:35:50 hejo003 Helen Jörnås INSERTING data into tables `log_login` fields ( username, ip, browser ) values ( hejo003, 90.224.82.244, okhttp/3.9.1 ) => {inserted_id = 7317}
16:35:50 hejo003 Helen Jörnås DELETE data from tables `temp_session` on conditions username LIKE hejo003
16:35:50 hejo003 Helen Jörnås UPDATING data to tables `time2vie_cirruscommon`.`login` fields ( login, last_time ) values (1, 2020-01-17 16:35:50) on conditions username = hejo003
16:35:50 hejo003 Helen Jörnås UPDATING data to tables `time2vie_cirruscommon`.`secondary_login` fields ( last_login_time ) values (2020-01-17 16:35:50) on conditions username = hejo003 AND company_id = 20
18:10:23 hejo003 Helen Jörnås UPDATING data to tables `time2vie_cirruscommon`.`secondary_login` fields ( error ) values (0) on conditions username = hejo003 AND company_id = 20
18:10:23 hejo003 Helen Jörnås INSERTING data into tables `log_login` fields ( username, ip, browser ) values ( hejo003, 90.224.82.244, okhttp/3.9.1 ) => {inserted_id = 7318}
18:10:23 hejo003 Helen Jörnås DELETE data from tables `temp_session` on conditions username LIKE hejo003
18:10:23 hejo003 Helen Jörnås UPDATING data to tables `time2vie_cirruscommon`.`login` fields ( login, last_time ) values (1, 2020-01-17 18:10:23) on conditions username = hejo003
18:10:23 hejo003 Helen Jörnås UPDATING data to tables `time2vie_cirruscommon`.`secondary_login` fields ( last_login_time ) values (2020-01-17 18:10:23) on conditions username = hejo003 AND company_id = 20
18:35:35 cagu001 Carina Gustafsson UPDATING data to tables `time2vie_cirruscommon`.`secondary_login` fields ( error ) values (0) on conditions username = cagu001 AND company_id = 20
18:35:35 cagu001 Carina Gustafsson INSERTING data into tables `log_login` fields ( username, ip, browser ) values ( cagu001, 176.10.245.4, okhttp/3.9.1 ) => {inserted_id = 7319}
18:35:35 cagu001 Carina Gustafsson DELETE data from tables `temp_session` on conditions username LIKE cagu001
18:35:35 cagu001 Carina Gustafsson UPDATING data to tables `time2vie_cirruscommon`.`login` fields ( login, last_time ) values (1, 2020-01-17 18:35:35) on conditions username = cagu001
18:35:35 cagu001 Carina Gustafsson UPDATING data to tables `time2vie_cirruscommon`.`secondary_login` fields ( last_login_time ) values (2020-01-17 18:35:35) on conditions username = cagu001 AND company_id = 20
18:50:09 anka019 Anna Kawalya Westerberg INSERTING data into tables `log_login` fields ( username, ip, browser ) values ( anka019, 217.211.60.66, Mozilla/5.0 (iPhone; CPU iPhone OS 13_3 like Mac OS X) AppleWebKit/605.1.15 (KHTML, like Gecko) Version/13.0.4 Mobile/15E148 Safari/604.1 ) => {inserted_id = 7320}
18:50:09 anka019 Anna Kawalya Westerberg DELETE data from tables `temp_session` on conditions username LIKE anka019
18:50:09 anka019 Anna Kawalya Westerberg UPDATING data to tables `time2vie_cirruscommon`.`login` fields ( login, last_time ) values (1, 2020-01-17 18:50:09) on conditions username = anka019
18:50:09 anka019 Anna Kawalya Westerberg UPDATING data to tables `time2vie_cirruscommon`.`secondary_login` fields ( last_login_time ) values (2020-01-17 18:50:09) on conditions username = anka019 AND company_id = 20
18:50:10 anka019 Anna Kawalya Westerberg UPDATING data to tables `time2vie_cirruscommon`.`ws_sessions` fields ( user_id ) values (anka019) on conditions session_id = 1e03d9a29c46fd1c725b1757297f54dc
18:53:55 thca002 Therese Calic UPDATING data to tables `time2vie_cirruscommon`.`secondary_login` fields ( error ) values (0) on conditions username = thca002 AND company_id = 20
18:53:55 thca002 Therese Calic INSERTING data into tables `log_login` fields ( username, ip, browser ) values ( thca002, 217.73.111.127, Time2View/2 CFNetwork/978.0.7 Darwin/18.6.0 ) => {inserted_id = 7321}
18:53:55 thca002 Therese Calic DELETE data from tables `temp_session` on conditions username LIKE thca002
18:53:55 thca002 Therese Calic UPDATING data to tables `time2vie_cirruscommon`.`login` fields ( login, last_time ) values (1, 2020-01-17 18:53:55) on conditions username = thca002
18:53:55 thca002 Therese Calic UPDATING data to tables `time2vie_cirruscommon`.`secondary_login` fields ( last_login_time ) values (2020-01-17 18:53:55) on conditions username = thca002 AND company_id = 20
19:57:57 mace003 Marie Cederborg UPDATING data to tables `time2vie_cirruscommon`.`secondary_login` fields ( error ) values (0) on conditions username = mace003 AND company_id = 20
19:57:57 mace003 Marie Cederborg INSERTING data into tables `log_login` fields ( username, ip, browser ) values ( mace003, 79.136.109.240, Time2View/2 CFNetwork/1121.2.2 Darwin/19.2.0 ) => {inserted_id = 7322}
19:57:57 mace003 Marie Cederborg DELETE data from tables `temp_session` on conditions username LIKE mace003
19:57:57 mace003 Marie Cederborg UPDATING data to tables `time2vie_cirruscommon`.`login` fields ( login, last_time ) values (1, 2020-01-17 19:57:57) on conditions username = mace003
19:57:57 mace003 Marie Cederborg UPDATING data to tables `time2vie_cirruscommon`.`secondary_login` fields ( last_login_time ) values (2020-01-17 19:57:57) on conditions username = mace003 AND company_id = 20
20:41:40 hejo003 Helen Jörnås UPDATING data to tables `time2vie_cirruscommon`.`secondary_login` fields ( error ) values (0) on conditions username = hejo003 AND company_id = 20
20:41:40 hejo003 Helen Jörnås INSERTING data into tables `log_login` fields ( username, ip, browser ) values ( hejo003, 90.224.82.244, okhttp/3.9.1 ) => {inserted_id = 7323}
20:41:40 hejo003 Helen Jörnås DELETE data from tables `temp_session` on conditions username LIKE hejo003
20:41:40 hejo003 Helen Jörnås UPDATING data to tables `time2vie_cirruscommon`.`login` fields ( login, last_time ) values (1, 2020-01-17 20:41:40) on conditions username = hejo003
20:41:40 hejo003 Helen Jörnås UPDATING data to tables `time2vie_cirruscommon`.`secondary_login` fields ( last_login_time ) values (2020-01-17 20:41:40) on conditions username = hejo003 AND company_id = 20
21:18:26 anka019 Anna Kawalya Westerberg UPDATING data to tables `time2vie_cirruscommon`.`secondary_login` fields ( error ) values (0) on conditions username = anka019 AND company_id = 20
21:18:26 anka019 Anna Kawalya Westerberg INSERTING data into tables `log_login` fields ( username, ip, browser ) values ( anka019, 217.211.60.66, Time2View/2 CFNetwork/1121.2.2 Darwin/19.2.0 ) => {inserted_id = 7324}
21:18:26 anka019 Anna Kawalya Westerberg DELETE data from tables `temp_session` on conditions username LIKE anka019
21:18:26 anka019 Anna Kawalya Westerberg UPDATING data to tables `time2vie_cirruscommon`.`login` fields ( login, last_time ) values (1, 2020-01-17 21:18:26) on conditions username = anka019
21:18:26 anka019 Anna Kawalya Westerberg UPDATING data to tables `time2vie_cirruscommon`.`secondary_login` fields ( last_login_time ) values (2020-01-17 21:18:26) on conditions username = anka019 AND company_id = 20
21:54:16 hejo003 Helen Jörnås UPDATING data to tables `time2vie_cirruscommon`.`secondary_login` fields ( error ) values (0) on conditions username = hejo003 AND company_id = 20
21:54:16 hejo003 Helen Jörnås INSERTING data into tables `log_login` fields ( username, ip, browser ) values ( hejo003, 90.224.82.244, okhttp/3.9.1 ) => {inserted_id = 7325}
21:54:16 hejo003 Helen Jörnås DELETE data from tables `temp_session` on conditions username LIKE hejo003
21:54:16 hejo003 Helen Jörnås UPDATING data to tables `time2vie_cirruscommon`.`login` fields ( login, last_time ) values (1, 2020-01-17 21:54:16) on conditions username = hejo003
21:54:16 hejo003 Helen Jörnås UPDATING data to tables `time2vie_cirruscommon`.`secondary_login` fields ( last_login_time ) values (2020-01-17 21:54:16) on conditions username = hejo003 AND company_id = 20
22:50:45 anwa006 Andréas Wallin UPDATING data to tables `time2vie_cirruscommon`.`secondary_login` fields ( error ) values (0) on conditions username = anwa006 AND company_id = 20
22:50:45 anwa006 Andréas Wallin INSERTING data into tables `log_login` fields ( username, ip, browser ) values ( anwa006, 82.196.108.141, okhttp/3.9.1 ) => {inserted_id = 7326}
22:50:45 anwa006 Andréas Wallin DELETE data from tables `temp_session` on conditions username LIKE anwa006
22:50:45 anwa006 Andréas Wallin UPDATING data to tables `time2vie_cirruscommon`.`login` fields ( login, last_time ) values (1, 2020-01-17 22:50:45) on conditions username = anwa006
22:50:45 anwa006 Andréas Wallin UPDATING data to tables `time2vie_cirruscommon`.`secondary_login` fields ( last_login_time ) values (2020-01-17 22:50:45) on conditions username = anwa006 AND company_id = 20
