08:32:44 biwa003 Birgitta Wåhlander INSERTING data into tables `log_login` fields ( username, ip, browser ) values ( biwa003, 185.27.165.66, Mozilla/5.0 (iPad; CPU OS 13_5 like Mac OS X) AppleWebKit/605.1.15 (KHTML, like Gecko) CriOS/84.0.4147.71 Mobile/15E148 Safari/604.1 ) => {inserted_id = 12406}
08:32:44 biwa003 Birgitta Wåhlander DELETE data from tables `temp_session` on conditions username LIKE biwa003
08:32:44 biwa003 Birgitta Wåhlander UPDATING data to tables `time2vie_cirruscommon`.`login` fields ( login, last_time ) values (1, 2020-07-24 08:32:44) on conditions username = biwa003
08:32:44 biwa003 Birgitta Wåhlander UPDATING data to tables `time2vie_cirruscommon`.`secondary_login` fields ( last_login_time ) values (2020-07-24 08:32:44) on conditions username = biwa003 AND company_id = 20
08:32:44 biwa003 Birgitta Wåhlander UPDATING data to tables `time2vie_cirruscommon`.`ws_sessions` fields ( user_id ) values (biwa003) on conditions session_id = 12jpj77lrgvrgq9fkn4fi7vhd7
09:30:17 anka019 Anna Kawalya Westerberg INSERTING data into tables `log_login` fields ( username, ip, browser ) values ( anka019, 94.234.45.154, Mozilla/5.0 (iPhone; CPU iPhone OS 13_5_1 like Mac OS X) AppleWebKit/605.1.15 (KHTML, like Gecko) Version/13.1.1 Mobile/15E148 Safari/604.1 ) => {inserted_id = 12407}
09:30:17 anka019 Anna Kawalya Westerberg DELETE data from tables `temp_session` on conditions username LIKE anka019
09:30:17 anka019 Anna Kawalya Westerberg UPDATING data to tables `time2vie_cirruscommon`.`login` fields ( login, last_time ) values (1, 2020-07-24 09:30:17) on conditions username = anka019
09:30:17 anka019 Anna Kawalya Westerberg UPDATING data to tables `time2vie_cirruscommon`.`secondary_login` fields ( last_login_time ) values (2020-07-24 09:30:17) on conditions username = anka019 AND company_id = 20
09:30:17 anka019 Anna Kawalya Westerberg UPDATING data to tables `time2vie_cirruscommon`.`ws_sessions` fields ( user_id ) values (anka019) on conditions session_id = clp0eb441uvnvjvm70kdhccbi2
10:53:04 gaan001 Gabriel Andersson UPDATING data to tables `time2vie_cirruscommon`.`secondary_login` fields ( error ) values (0) on conditions username = gaan001 AND company_id = 20
10:53:04 gaan001 Gabriel Andersson INSERTING data into tables `log_login` fields ( username, ip, browser ) values ( gaan001, 94.103.194.75, CirrusM/3 CFNetwork/1126 Darwin/19.5.0 ) => {inserted_id = 12408}
10:53:04 gaan001 Gabriel Andersson DELETE data from tables `temp_session` on conditions username LIKE gaan001
10:53:04 gaan001 Gabriel Andersson UPDATING data to tables `time2vie_cirruscommon`.`login` fields ( login, last_time ) values (1, 2020-07-24 10:53:04) on conditions username = gaan001
10:53:04 gaan001 Gabriel Andersson UPDATING data to tables `time2vie_cirruscommon`.`secondary_login` fields ( last_login_time ) values (2020-07-24 10:53:04) on conditions username = gaan001 AND company_id = 20
10:53:18 gaan001 Gabriel Andersson UPDATING data to tables `time2vie_cirruscommon`.`secondary_login` fields ( error ) values (0) on conditions username = gaan001 AND company_id = 20 #Mobile-App: Log-id=12408
10:53:18 gaan001 Gabriel Andersson INSERTING data into tables `log_login` fields ( username, ip, browser ) values ( gaan001, 94.103.194.75, CirrusM/3 CFNetwork/1126 Darwin/19.5.0 ) => {inserted_id = 12409} #Mobile-App: Log-id=12408
10:53:18 gaan001 Gabriel Andersson DELETE data from tables `temp_session` on conditions username LIKE gaan001 #Mobile-App: Log-id=12409
10:53:18 gaan001 Gabriel Andersson UPDATING data to tables `time2vie_cirruscommon`.`login` fields ( login, last_time ) values (1, 2020-07-24 10:53:18) on conditions username = gaan001 #Mobile-App: Log-id=12409
10:53:18 gaan001 Gabriel Andersson UPDATING data to tables `time2vie_cirruscommon`.`secondary_login` fields ( last_login_time ) values (2020-07-24 10:53:18) on conditions username = gaan001 AND company_id = 20 #Mobile-App: Log-id=12409
10:53:20 gaan001 Gabriel Andersson UPDATING data to tables `time2vie_cirruscommon`.`secondary_login` fields ( error ) values (0) on conditions username = gaan001 AND company_id = 20 #Mobile-App: Log-id=12409
10:53:20 gaan001 Gabriel Andersson INSERTING data into tables `log_login` fields ( username, ip, browser ) values ( gaan001, 94.103.194.75, CirrusM/3 CFNetwork/1126 Darwin/19.5.0 ) => {inserted_id = 12410} #Mobile-App: Log-id=12409
10:53:20 gaan001 Gabriel Andersson DELETE data from tables `temp_session` on conditions username LIKE gaan001 #Mobile-App: Log-id=12410
10:53:20 gaan001 Gabriel Andersson UPDATING data to tables `time2vie_cirruscommon`.`login` fields ( login, last_time ) values (1, 2020-07-24 10:53:20) on conditions username = gaan001 #Mobile-App: Log-id=12410
10:53:20 gaan001 Gabriel Andersson UPDATING data to tables `time2vie_cirruscommon`.`secondary_login` fields ( last_login_time ) values (2020-07-24 10:53:20) on conditions username = gaan001 AND company_id = 20 #Mobile-App: Log-id=12410
10:53:21 gaan001 Gabriel Andersson UPDATING data to tables `time2vie_cirruscommon`.`secondary_login` fields ( error ) values (0) on conditions username = gaan001 AND company_id = 20 #Mobile-App: Log-id=12410
10:53:21 gaan001 Gabriel Andersson INSERTING data into tables `log_login` fields ( username, ip, browser ) values ( gaan001, 94.103.194.75, CirrusM/3 CFNetwork/1126 Darwin/19.5.0 ) => {inserted_id = 12411} #Mobile-App: Log-id=12410
10:53:21 gaan001 Gabriel Andersson DELETE data from tables `temp_session` on conditions username LIKE gaan001 #Mobile-App: Log-id=12411
10:53:21 gaan001 Gabriel Andersson UPDATING data to tables `time2vie_cirruscommon`.`login` fields ( login, last_time ) values (1, 2020-07-24 10:53:21) on conditions username = gaan001 #Mobile-App: Log-id=12411
10:53:21 gaan001 Gabriel Andersson UPDATING data to tables `time2vie_cirruscommon`.`secondary_login` fields ( last_login_time ) values (2020-07-24 10:53:21) on conditions username = gaan001 AND company_id = 20 #Mobile-App: Log-id=12411
10:53:22 gaan001 Gabriel Andersson UPDATING data to tables `time2vie_cirruscommon`.`secondary_login` fields ( error ) values (0) on conditions username = gaan001 AND company_id = 20 #Mobile-App: Log-id=12411
10:53:22 gaan001 Gabriel Andersson INSERTING data into tables `log_login` fields ( username, ip, browser ) values ( gaan001, 94.103.194.75, CirrusM/3 CFNetwork/1126 Darwin/19.5.0 ) => {inserted_id = 12412} #Mobile-App: Log-id=12411
10:53:22 gaan001 Gabriel Andersson DELETE data from tables `temp_session` on conditions username LIKE gaan001 #Mobile-App: Log-id=12412
10:53:22 gaan001 Gabriel Andersson UPDATING data to tables `time2vie_cirruscommon`.`login` fields ( login, last_time ) values (1, 2020-07-24 10:53:22) on conditions username = gaan001 #Mobile-App: Log-id=12412
10:53:22 gaan001 Gabriel Andersson UPDATING data to tables `time2vie_cirruscommon`.`secondary_login` fields ( last_login_time ) values (2020-07-24 10:53:22) on conditions username = gaan001 AND company_id = 20 #Mobile-App: Log-id=12412
10:53:23 gaan001 Gabriel Andersson UPDATING data to tables `time2vie_cirruscommon`.`secondary_login` fields ( error ) values (0) on conditions username = gaan001 AND company_id = 20 #Mobile-App: Log-id=12412
10:53:23 gaan001 Gabriel Andersson INSERTING data into tables `log_login` fields ( username, ip, browser ) values ( gaan001, 94.103.194.75, CirrusM/3 CFNetwork/1126 Darwin/19.5.0 ) => {inserted_id = 12413} #Mobile-App: Log-id=12412
10:53:23 gaan001 Gabriel Andersson DELETE data from tables `temp_session` on conditions username LIKE gaan001 #Mobile-App: Log-id=12413
10:53:23 gaan001 Gabriel Andersson UPDATING data to tables `time2vie_cirruscommon`.`login` fields ( login, last_time ) values (1, 2020-07-24 10:53:23) on conditions username = gaan001 #Mobile-App: Log-id=12413
10:53:23 gaan001 Gabriel Andersson UPDATING data to tables `time2vie_cirruscommon`.`secondary_login` fields ( last_login_time ) values (2020-07-24 10:53:23) on conditions username = gaan001 AND company_id = 20 #Mobile-App: Log-id=12413
10:53:39 anwa006 Andréas Wallin INSERTING data into tables `log_login` fields ( username, ip, browser ) values ( anwa006, 94.103.194.75, Mozilla/5.0 (Linux; Android 10; VOG-L29) AppleWebKit/537.36 (KHTML, like Gecko) Chrome/84.0.4147.89 Mobile Safari/537.36 ) => {inserted_id = 12414}
10:53:39 anwa006 Andréas Wallin DELETE data from tables `temp_session` on conditions username LIKE anwa006
10:53:39 anwa006 Andréas Wallin UPDATING data to tables `time2vie_cirruscommon`.`login` fields ( login, last_time ) values (1, 2020-07-24 10:53:39) on conditions username = anwa006
10:53:39 anwa006 Andréas Wallin UPDATING data to tables `time2vie_cirruscommon`.`secondary_login` fields ( last_login_time ) values (2020-07-24 10:53:39) on conditions username = anwa006 AND company_id = 20
10:53:39 anwa006 Andréas Wallin UPDATING data to tables `time2vie_cirruscommon`.`ws_sessions` fields ( user_id ) values (anwa006) on conditions session_id = 716g3h6l43rcp32imsprsi2ds3
10:55:14 anwa006 Andréas Wallin UPDATING data to tables `time2vie_cirruscommon`.`ws_sessions` fields ( user_id ) values (anwa006) on conditions session_id = 716g3h6l43rcp32imsprsi2ds3
10:55:20 anwa006 Andréas Wallin UPDATING data to tables `time2vie_cirruscommon`.`ws_sessions` fields ( user_id ) values (anwa006) on conditions session_id = 716g3h6l43rcp32imsprsi2ds3
10:55:34 gaan001 Gabriel Andersson INSERTING data into tables `log_login` fields ( username, ip, browser ) values ( gaan001, 94.103.194.75, Mozilla/5.0 (iPhone; CPU iPhone OS 13_5_1 like Mac OS X) AppleWebKit/605.1.15 (KHTML, like Gecko) Version/13.1.1 Mobile/15E148 Safari/604.1 ) => {inserted_id = 12415}
10:55:34 gaan001 Gabriel Andersson DELETE data from tables `temp_session` on conditions username LIKE gaan001
10:55:34 gaan001 Gabriel Andersson UPDATING data to tables `time2vie_cirruscommon`.`login` fields ( login, last_time ) values (1, 2020-07-24 10:55:34) on conditions username = gaan001
10:55:34 gaan001 Gabriel Andersson UPDATING data to tables `time2vie_cirruscommon`.`secondary_login` fields ( last_login_time ) values (2020-07-24 10:55:34) on conditions username = gaan001 AND company_id = 20
10:55:34 gaan001 Gabriel Andersson UPDATING data to tables `time2vie_cirruscommon`.`ws_sessions` fields ( user_id ) values (gaan001) on conditions session_id = l6il2ck40avl85jorvumvk9j91
10:56:10 anwa006 Andréas Wallin UPDATING data to tables `time2vie_cirruscommon`.`ws_sessions` fields ( user_id ) values (anwa006) on conditions session_id = 716g3h6l43rcp32imsprsi2ds3
10:56:38 anwa006 Andréas Wallin UPDATING data to tables `time2vie_cirruscommon`.`ws_sessions` fields ( user_id ) values (anwa006) on conditions session_id = 716g3h6l43rcp32imsprsi2ds3
10:57:37 gaan001 Gabriel Andersson UPDATING data to tables `time2vie_cirruscommon`.`ws_sessions` fields ( user_id ) values (gaan001) on conditions session_id = l6il2ck40avl85jorvumvk9j91
10:57:46 gaan001 Gabriel Andersson DELETE data from tables `temp_session` on conditions username LIKE gaan001
10:57:46 gaan001 Gabriel Andersson UPDATING data to tables `time2vie_cirruscommon`.`login` fields ( login, last_time ) values (0, 2020-07-24 10:57:46) on conditions username = gaan001
10:57:46 gaan001 Gabriel Andersson UPDATING data to tables `time2vie_cirruscommon`.`secondary_login` fields ( last_login_time ) values (2020-07-24 10:57:46) on conditions username = gaan001 AND company_id = 20
10:57:46   UPDATING data to tables `log_login` fields ( logout_time ) values (2020-07-24:08:57:46) on conditions id = 12415 AND username = gaan001
13:57:38 anka019 Anna Kawalya Westerberg UPDATING data to tables `time2vie_cirruscommon`.`ws_sessions` fields ( user_id ) values (anka019) on conditions session_id = clp0eb441uvnvjvm70kdhccbi2
16:09:15 frem001 Frida Emilsson INSERTING data into tables `log_login` fields ( username, ip, browser ) values ( frem001, 94.103.196.8, CirrusM/3 CFNetwork/1126 Darwin/19.5.0 ) => {inserted_id = 12416}
16:51:15 anka019 Anna Kawalya Westerberg INSERTING data into tables `log_login` fields ( username, ip, browser ) values ( anka019, 81.227.233.20, Mozilla/5.0 (iPhone; CPU iPhone OS 13_5_1 like Mac OS X) AppleWebKit/605.1.15 (KHTML, like Gecko) Version/13.1.1 Mobile/15E148 Safari/604.1 ) => {inserted_id = 12417}
16:51:15 anka019 Anna Kawalya Westerberg DELETE data from tables `temp_session` on conditions username LIKE anka019
16:51:15 anka019 Anna Kawalya Westerberg UPDATING data to tables `time2vie_cirruscommon`.`login` fields ( login, last_time ) values (1, 2020-07-24 16:51:15) on conditions username = anka019
16:51:15 anka019 Anna Kawalya Westerberg UPDATING data to tables `time2vie_cirruscommon`.`secondary_login` fields ( last_login_time ) values (2020-07-24 16:51:15) on conditions username = anka019 AND company_id = 20
16:51:15 anka019 Anna Kawalya Westerberg UPDATING data to tables `time2vie_cirruscommon`.`ws_sessions` fields ( user_id ) values (anka019) on conditions session_id = ajki6vl3k2k05c0cjleqr23si0
16:51:16 anka019 Anna Kawalya Westerberg INSERTING data into tables `log_login` fields ( username, ip, browser ) values ( anka019, 81.227.233.20, Mozilla/5.0 (iPhone; CPU iPhone OS 13_5_1 like Mac OS X) AppleWebKit/605.1.15 (KHTML, like Gecko) Version/13.1.1 Mobile/15E148 Safari/604.1 ) => {inserted_id = 12418}
16:51:16 anka019 Anna Kawalya Westerberg DELETE data from tables `temp_session` on conditions username LIKE anka019
16:51:16 anka019 Anna Kawalya Westerberg UPDATING data to tables `time2vie_cirruscommon`.`login` fields ( login, last_time ) values (1, 2020-07-24 16:51:16) on conditions username = anka019
16:51:16 anka019 Anna Kawalya Westerberg UPDATING data to tables `time2vie_cirruscommon`.`secondary_login` fields ( last_login_time ) values (2020-07-24 16:51:16) on conditions username = anka019 AND company_id = 20
16:51:16 anka019 Anna Kawalya Westerberg UPDATING data to tables `time2vie_cirruscommon`.`ws_sessions` fields ( user_id ) values (anka019) on conditions session_id = ajki6vl3k2k05c0cjleqr23si0
17:23:56 anka019 Anna Kawalya Westerberg INSERTING data into tables `log_login` fields ( username, ip, browser ) values ( anka019, 81.227.233.20, Mozilla/5.0 (iPhone; CPU iPhone OS 13_5_1 like Mac OS X) AppleWebKit/605.1.15 (KHTML, like Gecko) Version/13.1.1 Mobile/15E148 Safari/604.1 ) => {inserted_id = 12419}
17:23:56 anka019 Anna Kawalya Westerberg DELETE data from tables `temp_session` on conditions username LIKE anka019
17:23:56 anka019 Anna Kawalya Westerberg UPDATING data to tables `time2vie_cirruscommon`.`login` fields ( login, last_time ) values (1, 2020-07-24 17:23:56) on conditions username = anka019
17:23:56 anka019 Anna Kawalya Westerberg UPDATING data to tables `time2vie_cirruscommon`.`secondary_login` fields ( last_login_time ) values (2020-07-24 17:23:56) on conditions username = anka019 AND company_id = 20
17:23:57 anka019 Anna Kawalya Westerberg UPDATING data to tables `time2vie_cirruscommon`.`ws_sessions` fields ( user_id ) values (anka019) on conditions session_id = eqvfvm79vbmu6d6s8v68ve1f05
17:23:57 anka019 Anna Kawalya Westerberg INSERTING data into tables `log_login` fields ( username, ip, browser ) values ( anka019, 81.227.233.20, Mozilla/5.0 (iPhone; CPU iPhone OS 13_5_1 like Mac OS X) AppleWebKit/605.1.15 (KHTML, like Gecko) Version/13.1.1 Mobile/15E148 Safari/604.1 ) => {inserted_id = 12420}
17:23:57 anka019 Anna Kawalya Westerberg DELETE data from tables `temp_session` on conditions username LIKE anka019
17:23:57 anka019 Anna Kawalya Westerberg UPDATING data to tables `time2vie_cirruscommon`.`login` fields ( login, last_time ) values (1, 2020-07-24 17:23:57) on conditions username = anka019
17:23:57 anka019 Anna Kawalya Westerberg UPDATING data to tables `time2vie_cirruscommon`.`secondary_login` fields ( last_login_time ) values (2020-07-24 17:23:57) on conditions username = anka019 AND company_id = 20
17:23:57 anka019 Anna Kawalya Westerberg UPDATING data to tables `time2vie_cirruscommon`.`ws_sessions` fields ( user_id ) values (anka019) on conditions session_id = eqvfvm79vbmu6d6s8v68ve1f05
22:56:58 emsa005 Emma Särnblom UPDATING data to tables `time2vie_cirruscommon`.`secondary_login` fields ( error ) values (0) on conditions username = emsa005 AND company_id = 20
22:56:58 emsa005 Emma Särnblom INSERTING data into tables `log_login` fields ( username, ip, browser ) values ( emsa005, 98.128.180.89, Time2View/1 CFNetwork/1126 Darwin/19.5.0 ) => {inserted_id = 12421}
22:56:58 emsa005 Emma Särnblom DELETE data from tables `temp_session` on conditions username LIKE emsa005
22:56:58 emsa005 Emma Särnblom UPDATING data to tables `time2vie_cirruscommon`.`login` fields ( login, last_time ) values (1, 2020-07-24 22:56:58) on conditions username = emsa005
22:56:58 emsa005 Emma Särnblom UPDATING data to tables `time2vie_cirruscommon`.`secondary_login` fields ( last_login_time ) values (2020-07-24 22:56:58) on conditions username = emsa005 AND company_id = 20
