07:32:50 time002 Tina Mellgren UPDATING data to tables `time2vie_cirruscommon`.`secondary_login` fields ( error ) values (0) on conditions username = time002 AND company_id = 20
07:32:50 time002 Tina Mellgren INSERTING data into tables `log_login` fields ( username, ip, browser ) values ( time002, 88.129.149.88, Time2View/1 CFNetwork/1126 Darwin/19.5.0 ) => {inserted_id = 12279}
07:32:50 time002 Tina Mellgren DELETE data from tables `temp_session` on conditions username LIKE time002
07:32:50 time002 Tina Mellgren UPDATING data to tables `time2vie_cirruscommon`.`login` fields ( login, last_time ) values (1, 2020-07-19 07:32:50) on conditions username = time002
07:32:50 time002 Tina Mellgren UPDATING data to tables `time2vie_cirruscommon`.`secondary_login` fields ( last_login_time ) values (2020-07-19 07:32:50) on conditions username = time002 AND company_id = 20
09:09:27 hejo003 Helen Jörnås UPDATING data to tables `time2vie_cirruscommon`.`secondary_login` fields ( error ) values (0) on conditions username = hejo003 AND company_id = 20
09:09:27 hejo003 Helen Jörnås INSERTING data into tables `log_login` fields ( username, ip, browser ) values ( hejo003, 90.224.82.244, okhttp/3.9.1 ) => {inserted_id = 12280}
09:09:27 hejo003 Helen Jörnås DELETE data from tables `temp_session` on conditions username LIKE hejo003
09:09:27 hejo003 Helen Jörnås UPDATING data to tables `time2vie_cirruscommon`.`login` fields ( login, last_time ) values (1, 2020-07-19 09:09:27) on conditions username = hejo003
09:09:27 hejo003 Helen Jörnås UPDATING data to tables `time2vie_cirruscommon`.`secondary_login` fields ( last_login_time ) values (2020-07-19 09:09:27) on conditions username = hejo003 AND company_id = 20
09:16:59 lawa002 Lars Wåhlander UPDATING data to tables `time2vie_cirruscommon`.`secondary_login` fields ( error ) values (0) on conditions username = lawa002 AND company_id = 20
09:16:59 lawa002 Lars Wåhlander INSERTING data into tables `log_login` fields ( username, ip, browser ) values ( lawa002, 185.27.165.66, Time2View/1 CFNetwork/1126 Darwin/19.5.0 ) => {inserted_id = 12281}
09:16:59 lawa002 Lars Wåhlander DELETE data from tables `temp_session` on conditions username LIKE lawa002
09:16:59 lawa002 Lars Wåhlander UPDATING data to tables `time2vie_cirruscommon`.`login` fields ( login, last_time ) values (1, 2020-07-19 09:16:59) on conditions username = lawa002
09:16:59 lawa002 Lars Wåhlander UPDATING data to tables `time2vie_cirruscommon`.`secondary_login` fields ( last_login_time ) values (2020-07-19 09:16:59) on conditions username = lawa002 AND company_id = 20
09:36:26 cagu001 Carina Gustafsson UPDATING data to tables `time2vie_cirruscommon`.`secondary_login` fields ( error ) values (0) on conditions username = cagu001 AND company_id = 20
09:36:26 cagu001 Carina Gustafsson INSERTING data into tables `log_login` fields ( username, ip, browser ) values ( cagu001, 176.10.245.4, okhttp/3.9.1 ) => {inserted_id = 12282}
09:36:26 cagu001 Carina Gustafsson DELETE data from tables `temp_session` on conditions username LIKE cagu001
09:36:26 cagu001 Carina Gustafsson UPDATING data to tables `time2vie_cirruscommon`.`login` fields ( login, last_time ) values (1, 2020-07-19 09:36:26) on conditions username = cagu001
09:36:26 cagu001 Carina Gustafsson UPDATING data to tables `time2vie_cirruscommon`.`secondary_login` fields ( last_login_time ) values (2020-07-19 09:36:26) on conditions username = cagu001 AND company_id = 20
10:03:15 gaan001 Gabriel Andersson UPDATING data to tables `time2vie_cirruscommon`.`secondary_login` fields ( error ) values (0) on conditions username = gaan001 AND company_id = 20
10:03:15 gaan001 Gabriel Andersson INSERTING data into tables `log_login` fields ( username, ip, browser ) values ( gaan001, 217.73.108.115, CirrusM/3 CFNetwork/1126 Darwin/19.5.0 ) => {inserted_id = 12283}
10:03:15 gaan001 Gabriel Andersson DELETE data from tables `temp_session` on conditions username LIKE gaan001
10:03:15 gaan001 Gabriel Andersson UPDATING data to tables `time2vie_cirruscommon`.`login` fields ( login, last_time ) values (1, 2020-07-19 10:03:15) on conditions username = gaan001
10:03:15 gaan001 Gabriel Andersson UPDATING data to tables `time2vie_cirruscommon`.`secondary_login` fields ( last_login_time ) values (2020-07-19 10:03:15) on conditions username = gaan001 AND company_id = 20
10:03:15 gaan001 Gabriel Andersson UPDATING data to tables `time2vie_cirruscommon`.`push_notify_tokens` fields ( user_id, updated_date, error ) values (gaan001, 2020-07-19 10:03:15, 0) on conditions fcm_token = e51KWK9giv8:APA91bGHMno1HPtH6vgtvvNaxonNc-Bkvswgm2aT4OLq90CDlFw9H2dIl7Li18JiNkP-7pUOuc6Xu8RcoS51Ilqi8H-pAIQ3wxAPozVZ-o4Xh8AcIjJdCzDdKjcmheiVAB_gYeBo2P0d AND device_id = 2639B8CA-61CF-4C5F-AF35-FA532A697892 #Mobile-App: Log-id=12283
10:26:56 biwa003 Birgitta Wåhlander INSERTING data into tables `log_login` fields ( username, ip, browser ) values ( biwa003, 185.27.165.66, Mozilla/5.0 (iPad; CPU OS 13_5 like Mac OS X) AppleWebKit/605.1.15 (KHTML, like Gecko) CriOS/83.0.4103.88 Mobile/15E148 Safari/604.1 ) => {inserted_id = 12284}
10:26:57 biwa003 Birgitta Wåhlander DELETE data from tables `temp_session` on conditions username LIKE biwa003
10:26:57 biwa003 Birgitta Wåhlander UPDATING data to tables `time2vie_cirruscommon`.`login` fields ( login, last_time ) values (1, 2020-07-19 10:26:57) on conditions username = biwa003
10:26:57 biwa003 Birgitta Wåhlander UPDATING data to tables `time2vie_cirruscommon`.`secondary_login` fields ( last_login_time ) values (2020-07-19 10:26:57) on conditions username = biwa003 AND company_id = 20
10:26:57 biwa003 Birgitta Wåhlander UPDATING data to tables `time2vie_cirruscommon`.`ws_sessions` fields ( user_id ) values (biwa003) on conditions session_id = ad0545244e5f1e3175b04ba1733f6a9f
10:54:36 anwa006 Andréas Wallin UPDATING data to tables `time2vie_cirruscommon`.`secondary_login` fields ( error ) values (0) on conditions username = anwa006 AND company_id = 20
10:54:36 anwa006 Andréas Wallin INSERTING data into tables `log_login` fields ( username, ip, browser ) values ( anwa006, 94.103.194.75, okhttp/3.9.1 ) => {inserted_id = 12285}
10:54:36 anwa006 Andréas Wallin DELETE data from tables `temp_session` on conditions username LIKE anwa006
10:54:36 anwa006 Andréas Wallin UPDATING data to tables `time2vie_cirruscommon`.`login` fields ( login, last_time ) values (1, 2020-07-19 10:54:36) on conditions username = anwa006
10:54:36 anwa006 Andréas Wallin UPDATING data to tables `time2vie_cirruscommon`.`secondary_login` fields ( last_login_time ) values (2020-07-19 10:54:36) on conditions username = anwa006 AND company_id = 20
11:02:22 anwa006 Andréas Wallin DELETE data from tables `time2vie_cirruscommon`.`push_notify_tokens` on conditions user_id = anwa006 AND fcm_token = dHE2wTyUdeE:APA91bGqXdIYZX8E0WZGNiwOP0ZqtbDlYeMdfRukzeztpd1Ws2V7z5mnULBI67wgwdr9y1spAki6P2epEm9O47GXewgKKDwoZdlnTfuhwizmMdJpPok5iSlEWs4Dr09RJ4CR7jybEdom #Mobile-App: Log-id=12285
11:02:23 anwa006 Andréas Wallin DELETE data from tables `temp_session` on conditions username LIKE anwa006 #Mobile-App: Log-id=12285
11:02:23 anwa006 Andréas Wallin UPDATING data to tables `time2vie_cirruscommon`.`login` fields ( login, last_time ) values (0, 2020-07-19 11:02:23) on conditions username = anwa006 #Mobile-App: Log-id=12285
11:02:23 anwa006 Andréas Wallin UPDATING data to tables `time2vie_cirruscommon`.`secondary_login` fields ( last_login_time ) values (2020-07-19 11:02:23) on conditions username = anwa006 AND company_id = 20 #Mobile-App: Log-id=12285
11:02:28 anwa006 Andréas Wallin UPDATING data to tables `time2vie_cirruscommon`.`secondary_login` fields ( error ) values (0) on conditions username = anwa006 AND company_id = 20
11:02:28 anwa006 Andréas Wallin INSERTING data into tables `log_login` fields ( username, ip, browser ) values ( anwa006, 94.103.194.75, okhttp/3.9.1 ) => {inserted_id = 12286}
11:02:28 anwa006 Andréas Wallin DELETE data from tables `temp_session` on conditions username LIKE anwa006
11:02:28 anwa006 Andréas Wallin UPDATING data to tables `time2vie_cirruscommon`.`login` fields ( login, last_time ) values (1, 2020-07-19 11:02:28) on conditions username = anwa006
11:02:28 anwa006 Andréas Wallin UPDATING data to tables `time2vie_cirruscommon`.`secondary_login` fields ( last_login_time ) values (2020-07-19 11:02:28) on conditions username = anwa006 AND company_id = 20
13:37:59 anka019 Anna Kawalya Westerberg INSERTING data into tables `log_login` fields ( username, ip, browser ) values ( anka019, 217.73.111.99, Mozilla/5.0 (iPhone; CPU iPhone OS 13_4_1 like Mac OS X) AppleWebKit/605.1.15 (KHTML, like Gecko) Version/13.1 Mobile/15E148 Safari/604.1 ) => {inserted_id = 12287}
13:37:59 anka019 Anna Kawalya Westerberg DELETE data from tables `temp_session` on conditions username LIKE anka019
13:37:59 anka019 Anna Kawalya Westerberg UPDATING data to tables `time2vie_cirruscommon`.`login` fields ( login, last_time ) values (1, 2020-07-19 13:37:59) on conditions username = anka019
13:37:59 anka019 Anna Kawalya Westerberg UPDATING data to tables `time2vie_cirruscommon`.`secondary_login` fields ( last_login_time ) values (2020-07-19 13:37:59) on conditions username = anka019 AND company_id = 20
13:37:59 anka019 Anna Kawalya Westerberg UPDATING data to tables `time2vie_cirruscommon`.`ws_sessions` fields ( user_id ) values (anka019) on conditions session_id = 56cc5e3b6a6cfd9bf7d6392d0194b14c
13:41:33 elbe006 Elin Berntsson UPDATING data to tables `time2vie_cirruscommon`.`secondary_login` fields ( error ) values (0) on conditions username = elbe006 AND company_id = 20
13:41:33 elbe006 Elin Berntsson INSERTING data into tables `log_login` fields ( username, ip, browser ) values ( elbe006, 98.128.204.60, okhttp/3.9.1 ) => {inserted_id = 12288}
13:41:33 elbe006 Elin Berntsson DELETE data from tables `temp_session` on conditions username LIKE elbe006
13:41:33 elbe006 Elin Berntsson UPDATING data to tables `time2vie_cirruscommon`.`login` fields ( login, last_time ) values (1, 2020-07-19 13:41:33) on conditions username = elbe006
13:41:33 elbe006 Elin Berntsson UPDATING data to tables `time2vie_cirruscommon`.`secondary_login` fields ( last_login_time ) values (2020-07-19 13:41:33) on conditions username = elbe006 AND company_id = 20
13:42:14 anwa006 Andréas Wallin UPDATING data to tables `time2vie_cirruscommon`.`secondary_login` fields ( error ) values (0) on conditions username = anwa006 AND company_id = 20
13:42:14 anwa006 Andréas Wallin INSERTING data into tables `log_login` fields ( username, ip, browser ) values ( anwa006, 94.103.194.75, okhttp/3.9.1 ) => {inserted_id = 12289}
13:42:14 anwa006 Andréas Wallin DELETE data from tables `temp_session` on conditions username LIKE anwa006
13:42:14 anwa006 Andréas Wallin UPDATING data to tables `time2vie_cirruscommon`.`login` fields ( login, last_time ) values (1, 2020-07-19 13:42:14) on conditions username = anwa006
13:42:14 anwa006 Andréas Wallin UPDATING data to tables `time2vie_cirruscommon`.`secondary_login` fields ( last_login_time ) values (2020-07-19 13:42:14) on conditions username = anwa006 AND company_id = 20
14:00:24 gaan001 Gabriel Andersson UPDATING data to tables `time2vie_cirruscommon`.`secondary_login` fields ( error ) values (0) on conditions username = gaan001 AND company_id = 20
14:00:24 gaan001 Gabriel Andersson INSERTING data into tables `log_login` fields ( username, ip, browser ) values ( gaan001, 94.103.194.75, CirrusM/3 CFNetwork/1126 Darwin/19.5.0 ) => {inserted_id = 12290}
14:00:24 gaan001 Gabriel Andersson DELETE data from tables `temp_session` on conditions username LIKE gaan001
14:00:24 gaan001 Gabriel Andersson UPDATING data to tables `time2vie_cirruscommon`.`login` fields ( login, last_time ) values (1, 2020-07-19 14:00:24) on conditions username = gaan001
14:00:24 gaan001 Gabriel Andersson UPDATING data to tables `time2vie_cirruscommon`.`secondary_login` fields ( last_login_time ) values (2020-07-19 14:00:24) on conditions username = gaan001 AND company_id = 20
14:00:24 gaan001 Gabriel Andersson UPDATING data to tables `time2vie_cirruscommon`.`push_notify_tokens` fields ( user_id, updated_date, error ) values (gaan001, 2020-07-19 14:00:24, 0) on conditions fcm_token = e51KWK9giv8:APA91bGHMno1HPtH6vgtvvNaxonNc-Bkvswgm2aT4OLq90CDlFw9H2dIl7Li18JiNkP-7pUOuc6Xu8RcoS51Ilqi8H-pAIQ3wxAPozVZ-o4Xh8AcIjJdCzDdKjcmheiVAB_gYeBo2P0d AND device_id = 2639B8CA-61CF-4C5F-AF35-FA532A697892 #Mobile-App: Log-id=12290
15:26:35 anka020 Annika Karlsson UPDATING data to tables `time2vie_cirruscommon`.`secondary_login` fields ( error ) values (0) on conditions username = anka020 AND company_id = 20
15:26:35 anka020 Annika Karlsson INSERTING data into tables `log_login` fields ( username, ip, browser ) values ( anka020, 95.199.140.152, okhttp/3.9.1 ) => {inserted_id = 12291}
15:26:35 anka020 Annika Karlsson DELETE data from tables `temp_session` on conditions username LIKE anka020
15:26:35 anka020 Annika Karlsson UPDATING data to tables `time2vie_cirruscommon`.`login` fields ( login, last_time ) values (1, 2020-07-19 15:26:35) on conditions username = anka020
15:26:35 anka020 Annika Karlsson UPDATING data to tables `time2vie_cirruscommon`.`secondary_login` fields ( last_login_time ) values (2020-07-19 15:26:35) on conditions username = anka020 AND company_id = 20
16:28:54 hejo003 Helen Jörnås UPDATING data to tables `time2vie_cirruscommon`.`secondary_login` fields ( error ) values (0) on conditions username = hejo003 AND company_id = 20
16:28:54 hejo003 Helen Jörnås INSERTING data into tables `log_login` fields ( username, ip, browser ) values ( hejo003, 90.224.82.244, okhttp/3.9.1 ) => {inserted_id = 12292}
16:28:54 hejo003 Helen Jörnås DELETE data from tables `temp_session` on conditions username LIKE hejo003
16:28:54 hejo003 Helen Jörnås UPDATING data to tables `time2vie_cirruscommon`.`login` fields ( login, last_time ) values (1, 2020-07-19 16:28:54) on conditions username = hejo003
16:28:54 hejo003 Helen Jörnås UPDATING data to tables `time2vie_cirruscommon`.`secondary_login` fields ( last_login_time ) values (2020-07-19 16:28:54) on conditions username = hejo003 AND company_id = 20
16:48:30 emsa005 Emma Särnblom UPDATING data to tables `time2vie_cirruscommon`.`secondary_login` fields ( error ) values (0) on conditions username = emsa005 AND company_id = 20
16:48:30 emsa005 Emma Särnblom INSERTING data into tables `log_login` fields ( username, ip, browser ) values ( emsa005, 83.185.41.30, Time2View/1 CFNetwork/1126 Darwin/19.5.0 ) => {inserted_id = 12293}
16:48:30 emsa005 Emma Särnblom DELETE data from tables `temp_session` on conditions username LIKE emsa005
16:48:30 emsa005 Emma Särnblom UPDATING data to tables `time2vie_cirruscommon`.`login` fields ( login, last_time ) values (1, 2020-07-19 16:48:30) on conditions username = emsa005
16:48:30 emsa005 Emma Särnblom UPDATING data to tables `time2vie_cirruscommon`.`secondary_login` fields ( last_login_time ) values (2020-07-19 16:48:30) on conditions username = emsa005 AND company_id = 20
20:43:15 anka019 Anna Kawalya Westerberg INSERTING data into tables `log_login` fields ( username, ip, browser ) values ( anka019, 81.227.233.20, Mozilla/5.0 (iPhone; CPU iPhone OS 13_4_1 like Mac OS X) AppleWebKit/605.1.15 (KHTML, like Gecko) Version/13.1 Mobile/15E148 Safari/604.1 ) => {inserted_id = 12294}
20:43:15 anka019 Anna Kawalya Westerberg DELETE data from tables `temp_session` on conditions username LIKE anka019
20:43:15 anka019 Anna Kawalya Westerberg UPDATING data to tables `time2vie_cirruscommon`.`login` fields ( login, last_time ) values (1, 2020-07-19 20:43:15) on conditions username = anka019
20:43:15 anka019 Anna Kawalya Westerberg UPDATING data to tables `time2vie_cirruscommon`.`secondary_login` fields ( last_login_time ) values (2020-07-19 20:43:15) on conditions username = anka019 AND company_id = 20
20:43:16 anka019 Anna Kawalya Westerberg UPDATING data to tables `time2vie_cirruscommon`.`ws_sessions` fields ( user_id ) values (anka019) on conditions session_id = 415eded4cb8df268975bcac09aea5b1d
21:41:17 nias002 Ninnie Åström UPDATING data to tables `time2vie_cirruscommon`.`secondary_login` fields ( error ) values (0) on conditions username = nias002 AND company_id = 20
21:41:17 nias002 Ninnie Åström INSERTING data into tables `log_login` fields ( username, ip, browser ) values ( nias002, 193.234.110.211, Time2View/1 CFNetwork/1126 Darwin/19.5.0 ) => {inserted_id = 12295}
21:41:17 nias002 Ninnie Åström DELETE data from tables `temp_session` on conditions username LIKE nias002
21:41:17 nias002 Ninnie Åström UPDATING data to tables `time2vie_cirruscommon`.`login` fields ( login, last_time ) values (1, 2020-07-19 21:41:17) on conditions username = nias002
21:41:17 nias002 Ninnie Åström UPDATING data to tables `time2vie_cirruscommon`.`secondary_login` fields ( last_login_time ) values (2020-07-19 21:41:17) on conditions username = nias002 AND company_id = 20
22:08:18 loli005 Lovisa Lian UPDATING data to tables `time2vie_cirruscommon`.`secondary_login` fields ( error ) values (0) on conditions username = loli005 AND company_id = 20
22:08:18 loli005 Lovisa Lian INSERTING data into tables `log_login` fields ( username, ip, browser ) values ( loli005, 188.151.31.97, Time2View/1 CFNetwork/1126 Darwin/19.5.0 ) => {inserted_id = 12296}
22:08:18 loli005 Lovisa Lian DELETE data from tables `temp_session` on conditions username LIKE loli005
22:08:18 loli005 Lovisa Lian UPDATING data to tables `time2vie_cirruscommon`.`login` fields ( login, last_time ) values (1, 2020-07-19 22:08:18) on conditions username = loli005
22:08:18 loli005 Lovisa Lian UPDATING data to tables `time2vie_cirruscommon`.`secondary_login` fields ( last_login_time ) values (2020-07-19 22:08:18) on conditions username = loli005 AND company_id = 20
23:52:39 loli005 Lovisa Lian UPDATING data to tables `time2vie_cirruscommon`.`secondary_login` fields ( error ) values (0) on conditions username = loli005 AND company_id = 20
23:52:39 loli005 Lovisa Lian INSERTING data into tables `log_login` fields ( username, ip, browser ) values ( loli005, 213.89.68.183, Time2View/1 CFNetwork/1126 Darwin/19.5.0 ) => {inserted_id = 12297}
23:52:39 loli005 Lovisa Lian DELETE data from tables `temp_session` on conditions username LIKE loli005
23:52:39 loli005 Lovisa Lian UPDATING data to tables `time2vie_cirruscommon`.`login` fields ( login, last_time ) values (1, 2020-07-19 23:52:39) on conditions username = loli005
23:52:39 loli005 Lovisa Lian UPDATING data to tables `time2vie_cirruscommon`.`secondary_login` fields ( last_login_time ) values (2020-07-19 23:52:39) on conditions username = loli005 AND company_id = 20
23:54:41 loli005 Lovisa Lian UPDATING data to tables `time2vie_cirruscommon`.`secondary_login` fields ( error ) values (0) on conditions username = loli005 AND company_id = 20
23:54:41 loli005 Lovisa Lian INSERTING data into tables `log_login` fields ( username, ip, browser ) values ( loli005, 213.89.68.183, Time2View/1 CFNetwork/1126 Darwin/19.5.0 ) => {inserted_id = 12298}
23:54:41 loli005 Lovisa Lian DELETE data from tables `temp_session` on conditions username LIKE loli005
23:54:41 loli005 Lovisa Lian UPDATING data to tables `time2vie_cirruscommon`.`login` fields ( login, last_time ) values (1, 2020-07-19 23:54:41) on conditions username = loli005
23:54:41 loli005 Lovisa Lian UPDATING data to tables `time2vie_cirruscommon`.`secondary_login` fields ( last_login_time ) values (2020-07-19 23:54:41) on conditions username = loli005 AND company_id = 20
00:23:14 anwa006 Andréas Wallin UPDATING data to tables `time2vie_cirruscommon`.`secondary_login` fields ( error ) values (0) on conditions username = anwa006 AND company_id = 20
00:23:14 anwa006 Andréas Wallin INSERTING data into tables `log_login` fields ( username, ip, browser ) values ( anwa006, 82.196.108.141, okhttp/3.9.1 ) => {inserted_id = 12299}
00:23:14 anwa006 Andréas Wallin DELETE data from tables `temp_session` on conditions username LIKE anwa006
00:23:14 anwa006 Andréas Wallin UPDATING data to tables `time2vie_cirruscommon`.`login` fields ( login, last_time ) values (1, 2020-07-20 00:23:14) on conditions username = anwa006
00:23:14 anwa006 Andréas Wallin UPDATING data to tables `time2vie_cirruscommon`.`secondary_login` fields ( last_login_time ) values (2020-07-20 00:23:14) on conditions username = anwa006 AND company_id = 20
