07:15:02 emel002 Emma Eliasson UPDATING data to tables `time2vie_cirruscommon`.`secondary_login` fields ( error ) values (0) on conditions username = emel002 AND company_id = 20
07:15:02 emel002 Emma Eliasson INSERTING data into tables `log_login` fields ( username, ip, browser ) values ( emel002, 90.227.104.18, Time2View/2 CFNetwork/1128.0.1 Darwin/19.6.0 ) => {inserted_id = 15658}
07:15:02 emel002 Emma Eliasson DELETE data from tables `temp_session` on conditions username LIKE emel002
07:15:02 emel002 Emma Eliasson UPDATING data to tables `time2vie_cirruscommon`.`login` fields ( login, last_time ) values (1, 2020-11-20 07:15:02) on conditions username = emel002
07:15:02 emel002 Emma Eliasson UPDATING data to tables `time2vie_cirruscommon`.`secondary_login` fields ( last_login_time ) values (2020-11-20 07:15:02) on conditions username = emel002 AND company_id = 20
09:01:07 biwa003 Birgitta Wåhlander UPDATING data to tables `time2vie_cirruscommon`.`secondary_login` fields ( error ) values (0) on conditions username = biwa003 AND company_id = 20
09:01:07 biwa003 Birgitta Wåhlander INSERTING data into tables `log_login` fields ( username, ip, browser ) values ( biwa003, 185.27.165.66, Time2View/2 CFNetwork/1197 Darwin/20.0.0 ) => {inserted_id = 15659}
09:01:07 biwa003 Birgitta Wåhlander DELETE data from tables `temp_session` on conditions username LIKE biwa003
09:01:07 biwa003 Birgitta Wåhlander UPDATING data to tables `time2vie_cirruscommon`.`login` fields ( login, last_time ) values (1, 2020-11-20 09:01:07) on conditions username = biwa003
09:01:07 biwa003 Birgitta Wåhlander UPDATING data to tables `time2vie_cirruscommon`.`secondary_login` fields ( last_login_time ) values (2020-11-20 09:01:07) on conditions username = biwa003 AND company_id = 20
09:02:42 biwa003 Birgitta Wåhlander INSERTING data into tables `log_login` fields ( username, ip, browser ) values ( biwa003, 185.27.165.66, Mozilla/5.0 (iPad; CPU OS 14_1 like Mac OS X) AppleWebKit/605.1.15 (KHTML, like Gecko) CriOS/86.0.4240.93 Mobile/15E148 Safari/604.1 ) => {inserted_id = 15660}
09:02:42 biwa003 Birgitta Wåhlander DELETE data from tables `temp_session` on conditions username LIKE biwa003
09:02:42 biwa003 Birgitta Wåhlander UPDATING data to tables `time2vie_cirruscommon`.`login` fields ( login, last_time ) values (1, 2020-11-20 09:02:42) on conditions username = biwa003
09:02:42 biwa003 Birgitta Wåhlander UPDATING data to tables `time2vie_cirruscommon`.`secondary_login` fields ( last_login_time ) values (2020-11-20 09:02:42) on conditions username = biwa003 AND company_id = 20
09:02:42 biwa003 Birgitta Wåhlander UPDATING data to tables `time2vie_cirruscommon`.`ws_sessions` fields ( user_id ) values (biwa003) on conditions session_id = uacrvdbm4gsut4cto2l45icfp5
09:18:10 lawa002 Lars Wåhlander UPDATING data to tables `time2vie_cirruscommon`.`secondary_login` fields ( error ) values (0) on conditions username = lawa002 AND company_id = 20
09:18:10 lawa002 Lars Wåhlander INSERTING data into tables `log_login` fields ( username, ip, browser ) values ( lawa002, 185.27.165.66, Time2View/2 CFNetwork/1197 Darwin/20.0.0 ) => {inserted_id = 15661}
09:18:10 lawa002 Lars Wåhlander DELETE data from tables `temp_session` on conditions username LIKE lawa002
09:18:10 lawa002 Lars Wåhlander UPDATING data to tables `time2vie_cirruscommon`.`login` fields ( login, last_time ) values (1, 2020-11-20 09:18:10) on conditions username = lawa002
09:18:10 lawa002 Lars Wåhlander UPDATING data to tables `time2vie_cirruscommon`.`secondary_login` fields ( last_login_time ) values (2020-11-20 09:18:10) on conditions username = lawa002 AND company_id = 20
09:21:31 emsa005 Emma Särnblom UPDATING data to tables `time2vie_cirruscommon`.`secondary_login` fields ( error ) values (0) on conditions username = emsa005 AND company_id = 20
09:21:31 emsa005 Emma Särnblom INSERTING data into tables `log_login` fields ( username, ip, browser ) values ( emsa005, 98.128.181.252, Time2View/2 CFNetwork/1197 Darwin/20.0.0 ) => {inserted_id = 15662}
09:21:31 emsa005 Emma Särnblom DELETE data from tables `temp_session` on conditions username LIKE emsa005
09:21:31 emsa005 Emma Särnblom UPDATING data to tables `time2vie_cirruscommon`.`login` fields ( login, last_time ) values (1, 2020-11-20 09:21:31) on conditions username = emsa005
09:21:31 emsa005 Emma Särnblom UPDATING data to tables `time2vie_cirruscommon`.`secondary_login` fields ( last_login_time ) values (2020-11-20 09:21:31) on conditions username = emsa005 AND company_id = 20
10:05:58 time002 Tina Mellgren UPDATING data to tables `time2vie_cirruscommon`.`secondary_login` fields ( error ) values (0) on conditions username = time002 AND company_id = 20
10:05:58 time002 Tina Mellgren INSERTING data into tables `log_login` fields ( username, ip, browser ) values ( time002, 94.234.41.210, Time2View/2 CFNetwork/1206 Darwin/20.1.0 ) => {inserted_id = 15664}
10:05:58 time002 Tina Mellgren DELETE data from tables `temp_session` on conditions username LIKE time002
10:05:58 time002 Tina Mellgren UPDATING data to tables `time2vie_cirruscommon`.`login` fields ( login, last_time ) values (1, 2020-11-20 10:05:58) on conditions username = time002
10:05:58 time002 Tina Mellgren UPDATING data to tables `time2vie_cirruscommon`.`secondary_login` fields ( last_login_time ) values (2020-11-20 10:05:58) on conditions username = time002 AND company_id = 20
10:47:51 hebe001 Helen Bengtsson INSERTING data into tables `log_login` fields ( username, ip, browser ) values ( hebe001, 217.73.108.78, Mozilla/5.0 (Windows NT 10.0; Win64; x64) AppleWebKit/537.36 (KHTML, like Gecko) Chrome/86.0.4240.198 Safari/537.36 ) => {inserted_id = 15665}
10:47:51 hebe001 Helen Bengtsson DELETE data from tables `temp_session` on conditions username LIKE hebe001
10:47:51 hebe001 Helen Bengtsson UPDATING data to tables `time2vie_cirruscommon`.`login` fields ( login, last_time ) values (1, 2020-11-20 10:47:51) on conditions username = hebe001
10:47:51 hebe001 Helen Bengtsson UPDATING data to tables `time2vie_cirruscommon`.`secondary_login` fields ( last_login_time ) values (2020-11-20 10:47:51) on conditions username = hebe001 AND company_id = 20
10:47:51 hebe001 Helen Bengtsson UPDATING data to tables `time2vie_cirruscommon`.`ws_sessions` fields ( user_id ) values (hebe001) on conditions session_id = u5voupqovrmeo7gr3ueore3rs3
10:48:30 hebe001 Helen Bengtsson UPDATING data to tables `timetable` fields ( status ) values (2) on conditions id = 11419
10:48:30 hebe001 Helen Bengtsson INSERTING data into tables `timetable` fields ( customer, date, time_from, time_to, type, fkkn, comment, alloc_emp, relation_id, employee, status ) values ( tibe002, 2020-11-23, 8.30, 16.30, 0, 1, , hebe001, 11419, hejo003, 1 ) => {inserted_id = 21528}
10:48:30 hebe001 Helen Bengtsson INSERTING data into tables `leave` fields ( group_id, employee, date, time_from, time_to, type, comment, appr_emp, status, no_pay ) values ( 1221, elbe006, 2020-11-23, 8.3, 16.3, 2, , hebe001, 1, 1 ) => {inserted_id = 1884}
12:10:20 emel002 Emma Eliasson UPDATING data to tables `time2vie_cirruscommon`.`secondary_login` fields ( error ) values (0) on conditions username = emel002 AND company_id = 20
12:10:20 emel002 Emma Eliasson INSERTING data into tables `log_login` fields ( username, ip, browser ) values ( emel002, 94.103.194.75, Time2View/2 CFNetwork/1128.0.1 Darwin/19.6.0 ) => {inserted_id = 15666}
12:10:20 emel002 Emma Eliasson DELETE data from tables `temp_session` on conditions username LIKE emel002
12:10:20 emel002 Emma Eliasson UPDATING data to tables `time2vie_cirruscommon`.`login` fields ( login, last_time ) values (1, 2020-11-20 12:10:20) on conditions username = emel002
12:10:20 emel002 Emma Eliasson UPDATING data to tables `time2vie_cirruscommon`.`secondary_login` fields ( last_login_time ) values (2020-11-20 12:10:20) on conditions username = emel002 AND company_id = 20
12:47:12 emel002 Emma Eliasson UPDATING data to tables `time2vie_cirruscommon`.`secondary_login` fields ( error ) values (0) on conditions username = emel002 AND company_id = 20
12:47:12 emel002 Emma Eliasson INSERTING data into tables `log_login` fields ( username, ip, browser ) values ( emel002, 94.103.194.75, Time2View/2 CFNetwork/1128.0.1 Darwin/19.6.0 ) => {inserted_id = 15668}
12:47:12 emel002 Emma Eliasson DELETE data from tables `temp_session` on conditions username LIKE emel002
12:47:12 emel002 Emma Eliasson UPDATING data to tables `time2vie_cirruscommon`.`login` fields ( login, last_time ) values (1, 2020-11-20 12:47:12) on conditions username = emel002
12:47:12 emel002 Emma Eliasson UPDATING data to tables `time2vie_cirruscommon`.`secondary_login` fields ( last_login_time ) values (2020-11-20 12:47:12) on conditions username = emel002 AND company_id = 20
12:48:28 mygu002 My Gustafsson INSERTING data into tables `log_login` fields ( username, ip, browser ) values ( mygu002, 88.129.149.88, Mozilla/5.0 (Windows NT 10.0; Win64; x64) AppleWebKit/537.36 (KHTML, like Gecko) Chrome/87.0.4280.66 Safari/537.36 ) => {inserted_id = 15669}
12:48:28 mygu002 My Gustafsson DELETE data from tables `temp_session` on conditions username LIKE mygu002
12:48:28 mygu002 My Gustafsson UPDATING data to tables `time2vie_cirruscommon`.`login` fields ( login, last_time ) values (1, 2020-11-20 12:48:28) on conditions username = mygu002
12:48:28 mygu002 My Gustafsson UPDATING data to tables `time2vie_cirruscommon`.`secondary_login` fields ( last_login_time ) values (2020-11-20 12:48:28) on conditions username = mygu002 AND company_id = 20
12:48:29 mygu002 My Gustafsson UPDATING data to tables `time2vie_cirruscommon`.`ws_sessions` fields ( user_id ) values (mygu002) on conditions session_id = f93tlrdot5nh8ap7hlqfcb9up4
12:50:33 mygu002 My Gustafsson UPDATING data to tables `timetable` fields ( status ) values (2) on conditions id = 15570
12:50:33 mygu002 My Gustafsson INSERTING data into tables `timetable` fields ( customer, date, time_from, time_to, type, fkkn, comment, alloc_emp, relation_id, status ) values ( mygu001, 2020-11-27, 7.30, 24.00, 0, 1, , mygu002, 15570, 0 ) => {inserted_id = 21529}
12:50:33 mygu002 My Gustafsson INSERTING data into tables `leave` fields ( group_id, employee, date, time_from, time_to, type, comment, appr_emp, status, no_pay ) values ( 1222, loli005, 2020-11-27, 7.3, 24, 2, , mygu002, 1, 1 ) => {inserted_id = 1885}
12:51:07 mygu002 My Gustafsson UPDATING data to tables `timetable` fields ( status ) values (2) on conditions id = 15571
12:51:07 mygu002 My Gustafsson INSERTING data into tables `timetable` fields ( customer, date, time_from, time_to, type, fkkn, comment, alloc_emp, relation_id, status ) values ( mygu001, 2020-11-28, 0.00, 6.00, 3, 1, , mygu002, 15571, 0 ) => {inserted_id = 21530}
12:51:07 mygu002 My Gustafsson INSERTING data into tables `leave` fields ( group_id, employee, date, time_from, time_to, type, comment, appr_emp, status, no_pay ) values ( 1223, loli005, 2020-11-28, 0, 6, 2, , mygu002, 1, 1 ) => {inserted_id = 1886}
12:51:31 mygu002 My Gustafsson UPDATING data to tables `timetable` fields ( status ) values (2) on conditions id = 15572
12:51:31 mygu002 My Gustafsson INSERTING data into tables `timetable` fields ( customer, date, time_from, time_to, type, fkkn, comment, alloc_emp, relation_id, status ) values ( mygu001, 2020-11-28, 6.00, 9.00, 0, 1, , mygu002, 15572, 0 ) => {inserted_id = 21531}
12:51:31 mygu002 My Gustafsson INSERTING data into tables `leave` fields ( group_id, employee, date, time_from, time_to, type, comment, appr_emp, status, no_pay ) values ( 1224, loli005, 2020-11-28, 6, 9, 2, , mygu002, 1, 1 ) => {inserted_id = 1887}
12:53:14 mygu002 My Gustafsson UPDATING data to tables `timetable` fields ( customer, employee, date, time_from, time_to, fkkn, type, status, comment ) values (mygu001, , 2020-11-28, 8.00, 24, 1, 0, 0, ) on conditions id = 15573
12:53:55 mygu002 My Gustafsson UPDATING data to tables `timetable` fields ( customer, employee, date, time_from, time_to, fkkn, type, status, comment ) values (mygu001, , 2020-11-29, 0.00, 6.00, 1, 3, 0, ) on conditions id = 15574
12:54:16 mygu002 My Gustafsson UPDATING data to tables `timetable` fields ( customer, employee, date, time_from, time_to, fkkn, type, status, comment ) values (mygu001, , 2020-11-29, 6.00, 9.00, 1, 0, 0, ) on conditions id = 15575
12:54:51 mygu002 My Gustafsson UPDATING data to tables `timetable` fields ( customer, employee, date, time_from, time_to, fkkn, type, status, comment ) values (mygu001, thca002, 2020-11-27, 7.30, 24, 1, 0, 1, ) on conditions id = 21529
12:55:38 mygu002 My Gustafsson UPDATING data to tables `timetable` fields ( customer, employee, date, time_from, time_to, fkkn, type, status, comment ) values (mygu001, thca002, 2020-11-28, 0.00, 6.00, 1, 3, 1, ) on conditions id = 21530
12:57:10 mygu002 My Gustafsson UPDATING data to tables `timetable` fields ( customer, employee, date, time_from, time_to, fkkn, type, status, comment ) values (mygu001, thca002, 2020-11-28, 6.00, 9.00, 1, 0, 1, ) on conditions id = 21531
13:11:19 ella003 Elin Larsson UPDATING data to tables `time2vie_cirruscommon`.`secondary_login` fields ( error ) values (0) on conditions username = ella003 AND company_id = 20
13:11:19 ella003 Elin Larsson INSERTING data into tables `log_login` fields ( username, ip, browser ) values ( ella003, 158.174.17.172, Time2View/2 CFNetwork/1197 Darwin/20.0.0 ) => {inserted_id = 15670}
13:11:19 ella003 Elin Larsson DELETE data from tables `temp_session` on conditions username LIKE ella003
13:11:19 ella003 Elin Larsson UPDATING data to tables `time2vie_cirruscommon`.`login` fields ( login, last_time ) values (1, 2020-11-20 13:11:19) on conditions username = ella003
13:11:19 ella003 Elin Larsson UPDATING data to tables `time2vie_cirruscommon`.`secondary_login` fields ( last_login_time ) values (2020-11-20 13:11:19) on conditions username = ella003 AND company_id = 20
13:43:10 anka019 Anna Kawalya Westerberg INSERTING data into tables `log_login` fields ( username, ip, browser ) values ( anka019, 94.103.194.75, Mozilla/5.0 (iPhone; CPU iPhone OS 14_1 like Mac OS X) AppleWebKit/605.1.15 (KHTML, like Gecko) Version/14.0 Mobile/15E148 Safari/604.1 ) => {inserted_id = 15671}
13:43:10 anka019 Anna Kawalya Westerberg DELETE data from tables `temp_session` on conditions username LIKE anka019
13:43:10 anka019 Anna Kawalya Westerberg UPDATING data to tables `time2vie_cirruscommon`.`login` fields ( login, last_time ) values (1, 2020-11-20 13:43:10) on conditions username = anka019
13:43:10 anka019 Anna Kawalya Westerberg UPDATING data to tables `time2vie_cirruscommon`.`secondary_login` fields ( last_login_time ) values (2020-11-20 13:43:10) on conditions username = anka019 AND company_id = 20
13:43:10 anka019 Anna Kawalya Westerberg UPDATING data to tables `time2vie_cirruscommon`.`ws_sessions` fields ( user_id ) values (anka019) on conditions session_id = 3oqn6eqkmkmb4s122n1t7ptg06
16:25:05 peka002 Petronella Karlsson UPDATING data to tables `time2vie_cirruscommon`.`secondary_login` fields ( error ) values (0) on conditions username = peka002 AND company_id = 20
16:25:05 peka002 Petronella Karlsson INSERTING data into tables `log_login` fields ( username, ip, browser ) values ( peka002, 217.213.65.132, Time2View/2 CFNetwork/1197 Darwin/20.0.0 ) => {inserted_id = 15673}
16:25:05 peka002 Petronella Karlsson DELETE data from tables `temp_session` on conditions username LIKE peka002
16:25:05 peka002 Petronella Karlsson UPDATING data to tables `time2vie_cirruscommon`.`login` fields ( login, last_time ) values (1, 2020-11-20 16:25:05) on conditions username = peka002
16:25:05 peka002 Petronella Karlsson UPDATING data to tables `time2vie_cirruscommon`.`secondary_login` fields ( last_login_time ) values (2020-11-20 16:25:05) on conditions username = peka002 AND company_id = 20
17:49:15 anja007 Annika Jakobsson UPDATING data to tables `time2vie_cirruscommon`.`secondary_login` fields ( error ) values (0) on conditions username = anja007 AND company_id = 20
17:49:15 anja007 Annika Jakobsson INSERTING data into tables `log_login` fields ( username, ip, browser ) values ( anja007, 94.191.137.20, Time2View/2 CFNetwork/1206 Darwin/20.1.0 ) => {inserted_id = 15674}
17:49:15 anja007 Annika Jakobsson DELETE data from tables `temp_session` on conditions username LIKE anja007
17:49:15 anja007 Annika Jakobsson UPDATING data to tables `time2vie_cirruscommon`.`login` fields ( login, last_time ) values (1, 2020-11-20 17:49:15) on conditions username = anja007
17:49:15 anja007 Annika Jakobsson UPDATING data to tables `time2vie_cirruscommon`.`secondary_login` fields ( last_login_time ) values (2020-11-20 17:49:15) on conditions username = anja007 AND company_id = 20
18:01:08 emel002 Emma Eliasson UPDATING data to tables `time2vie_cirruscommon`.`secondary_login` fields ( error ) values (0) on conditions username = emel002 AND company_id = 20
18:01:08 emel002 Emma Eliasson INSERTING data into tables `log_login` fields ( username, ip, browser ) values ( emel002, 94.103.194.75, Time2View/2 CFNetwork/1128.0.1 Darwin/19.6.0 ) => {inserted_id = 15675}
18:01:08 emel002 Emma Eliasson DELETE data from tables `temp_session` on conditions username LIKE emel002
18:01:08 emel002 Emma Eliasson UPDATING data to tables `time2vie_cirruscommon`.`login` fields ( login, last_time ) values (1, 2020-11-20 18:01:08) on conditions username = emel002
18:01:08 emel002 Emma Eliasson UPDATING data to tables `time2vie_cirruscommon`.`secondary_login` fields ( last_login_time ) values (2020-11-20 18:01:08) on conditions username = emel002 AND company_id = 20
18:06:05 mygu002 My Gustafsson DELETE data from tables `temp_session` on conditions username LIKE mygu002
18:06:05 mygu002 My Gustafsson UPDATING data to tables `time2vie_cirruscommon`.`login` fields ( login, last_time ) values (0, 2020-11-20 18:06:05) on conditions username = mygu002
18:06:05 mygu002 My Gustafsson UPDATING data to tables `time2vie_cirruscommon`.`secondary_login` fields ( last_login_time ) values (2020-11-20 18:06:05) on conditions username = mygu002 AND company_id = 20
18:06:05   UPDATING data to tables `log_login` fields ( logout_time ) values (2020-11-20:17:06:05) on conditions id = 15669 AND username = mygu002
18:25:33 mygu002 My Gustafsson INSERTING data into tables `log_login` fields ( username, ip, browser ) values ( mygu002, 88.129.149.88, Mozilla/5.0 (Windows NT 10.0; Win64; x64) AppleWebKit/537.36 (KHTML, like Gecko) Chrome/87.0.4280.66 Safari/537.36 ) => {inserted_id = 15676}
18:25:33 mygu002 My Gustafsson DELETE data from tables `temp_session` on conditions username LIKE mygu002
18:25:33 mygu002 My Gustafsson UPDATING data to tables `time2vie_cirruscommon`.`login` fields ( login, last_time ) values (1, 2020-11-20 18:25:33) on conditions username = mygu002
18:25:33 mygu002 My Gustafsson UPDATING data to tables `time2vie_cirruscommon`.`secondary_login` fields ( last_login_time ) values (2020-11-20 18:25:33) on conditions username = mygu002 AND company_id = 20
18:25:33 mygu002 My Gustafsson UPDATING data to tables `time2vie_cirruscommon`.`ws_sessions` fields ( user_id ) values (mygu002) on conditions session_id = mq6jhectte92gm8jq154rhpv93
18:26:21 mygu002 My Gustafsson UPDATING data to tables `timetable` fields ( customer, employee, date, time_from, time_to, fkkn, type, status, comment ) values (mygu001, cagu001, 2020-11-28, 8.00, 24, 1, 0, 1, ) on conditions id = 15573
18:26:53 mygu002 My Gustafsson UPDATING data to tables `timetable` fields ( customer, employee, date, time_from, time_to, fkkn, type, status, comment ) values (mygu001, cagu001, 2020-11-29, 0.00, 6.00, 1, 3, 1, ) on conditions id = 15574
18:27:37 mygu002 My Gustafsson UPDATING data to tables `timetable` fields ( customer, employee, date, time_from, time_to, fkkn, type, status, comment ) values (mygu001, cagu001, 2020-11-29, 6.00, 9.00, 1, 0, 1, ) on conditions id = 15575
18:38:23 mygu002 My Gustafsson DELETE data from tables `temp_session` on conditions username LIKE mygu002
18:38:23 mygu002 My Gustafsson UPDATING data to tables `time2vie_cirruscommon`.`login` fields ( login, last_time ) values (0, 2020-11-20 18:38:23) on conditions username = mygu002
18:38:23 mygu002 My Gustafsson UPDATING data to tables `time2vie_cirruscommon`.`secondary_login` fields ( last_login_time ) values (2020-11-20 18:38:23) on conditions username = mygu002 AND company_id = 20
18:38:23   UPDATING data to tables `log_login` fields ( logout_time ) values (2020-11-20:17:38:23) on conditions id = 15676 AND username = mygu002
22:09:18 anka019 Anna Kawalya Westerberg INSERTING data into tables `log_login` fields ( username, ip, browser ) values ( anka019, 90.227.104.138, Mozilla/5.0 (iPhone; CPU iPhone OS 14_1 like Mac OS X) AppleWebKit/605.1.15 (KHTML, like Gecko) Version/14.0 Mobile/15E148 Safari/604.1 ) => {inserted_id = 15677}
22:09:18 anka019 Anna Kawalya Westerberg DELETE data from tables `temp_session` on conditions username LIKE anka019
22:09:18 anka019 Anna Kawalya Westerberg UPDATING data to tables `time2vie_cirruscommon`.`login` fields ( login, last_time ) values (1, 2020-11-20 22:09:18) on conditions username = anka019
22:09:18 anka019 Anna Kawalya Westerberg UPDATING data to tables `time2vie_cirruscommon`.`secondary_login` fields ( last_login_time ) values (2020-11-20 22:09:18) on conditions username = anka019 AND company_id = 20
22:09:18 anka019 Anna Kawalya Westerberg UPDATING data to tables `time2vie_cirruscommon`.`ws_sessions` fields ( user_id ) values (anka019) on conditions session_id = fk2mqh13q73koj4ag3gm40vhv2
22:35:37 loli005 Lovisa Lian UPDATING data to tables `time2vie_cirruscommon`.`secondary_login` fields ( error ) values (0) on conditions username = loli005 AND company_id = 20
22:35:37 loli005 Lovisa Lian INSERTING data into tables `log_login` fields ( username, ip, browser ) values ( loli005, 213.89.68.183, Time2View/2 CFNetwork/1128.0.1 Darwin/19.6.0 ) => {inserted_id = 15678}
22:35:37 loli005 Lovisa Lian DELETE data from tables `temp_session` on conditions username LIKE loli005
22:35:37 loli005 Lovisa Lian UPDATING data to tables `time2vie_cirruscommon`.`login` fields ( login, last_time ) values (1, 2020-11-20 22:35:37) on conditions username = loli005
22:35:37 loli005 Lovisa Lian UPDATING data to tables `time2vie_cirruscommon`.`secondary_login` fields ( last_login_time ) values (2020-11-20 22:35:37) on conditions username = loli005 AND company_id = 20
23:19:05 ella003 Elin Larsson UPDATING data to tables `time2vie_cirruscommon`.`secondary_login` fields ( error ) values (0) on conditions username = ella003 AND company_id = 20
23:19:05 ella003 Elin Larsson INSERTING data into tables `log_login` fields ( username, ip, browser ) values ( ella003, 77.53.89.3, Time2View/2 CFNetwork/1197 Darwin/20.0.0 ) => {inserted_id = 15679}
23:19:05 ella003 Elin Larsson DELETE data from tables `temp_session` on conditions username LIKE ella003
23:19:05 ella003 Elin Larsson UPDATING data to tables `time2vie_cirruscommon`.`login` fields ( login, last_time ) values (1, 2020-11-20 23:19:05) on conditions username = ella003
23:19:05 ella003 Elin Larsson UPDATING data to tables `time2vie_cirruscommon`.`secondary_login` fields ( last_login_time ) values (2020-11-20 23:19:05) on conditions username = ella003 AND company_id = 20
