06:24:06 time002 Tina Mellgren UPDATING data to tables `time2vie_cirruscommon`.`secondary_login` fields ( error ) values (0) on conditions username = time002 AND company_id = 20
06:24:06 time002 Tina Mellgren INSERTING data into tables `log_login` fields ( username, ip, browser ) values ( time002, 81.228.189.218, Time2View/1 CFNetwork/1121.2.2 Darwin/19.3.0 ) => {inserted_id = 10459}
06:24:06 time002 Tina Mellgren DELETE data from tables `temp_session` on conditions username LIKE time002
06:24:06 time002 Tina Mellgren UPDATING data to tables `time2vie_cirruscommon`.`login` fields ( login, last_time ) values (1, 2020-05-08 06:24:06) on conditions username = time002
06:24:06 time002 Tina Mellgren UPDATING data to tables `time2vie_cirruscommon`.`secondary_login` fields ( last_login_time ) values (2020-05-08 06:24:06) on conditions username = time002 AND company_id = 20
07:10:27 anka019 Anna Kawalya Westerberg INSERTING data into tables `log_login` fields ( username, ip, browser ) values ( anka019, 94.103.194.75, Mozilla/5.0 (iPhone; CPU iPhone OS 13_4_1 like Mac OS X) AppleWebKit/605.1.15 (KHTML, like Gecko) Version/13.1 Mobile/15E148 Safari/604.1 ) => {inserted_id = 10460}
07:10:27 anka019 Anna Kawalya Westerberg DELETE data from tables `temp_session` on conditions username LIKE anka019
07:10:27 anka019 Anna Kawalya Westerberg UPDATING data to tables `time2vie_cirruscommon`.`login` fields ( login, last_time ) values (1, 2020-05-08 07:10:27) on conditions username = anka019
07:10:27 anka019 Anna Kawalya Westerberg UPDATING data to tables `time2vie_cirruscommon`.`secondary_login` fields ( last_login_time ) values (2020-05-08 07:10:27) on conditions username = anka019 AND company_id = 20
07:10:28 anka019 Anna Kawalya Westerberg UPDATING data to tables `time2vie_cirruscommon`.`ws_sessions` fields ( user_id ) values (anka019) on conditions session_id = 086cd6fbffbcd76ca81fac919bf3c4a2
07:10:32 anka019 Anna Kawalya Westerberg UPDATING data to tables `time2vie_cirruscommon`.`ws_sessions` fields ( user_id ) values (anka019) on conditions session_id = 086cd6fbffbcd76ca81fac919bf3c4a2
09:07:06 admu001 Adriana Muscat INSERTING data into tables `log_login` fields ( username, ip, browser ) values ( admu001, 83.187.170.144, Time2View/1 CFNetwork/1121.2.2 Darwin/19.3.0 ) => {inserted_id = 10461}
09:08:01 admu001 Adriana Muscat UPDATING data to tables `time2vie_cirruscommon`.`secondary_login` fields ( password, last_pw_update_date, error ) values (5f9721b99676c6fb6029f8821e3404c7, 2020-05-08 07:08:01, 0) on conditions username = admu001 AND company_id = 20
09:08:01 admu001 Adriana Muscat INSERTING data into tables `log_password` fields ( username, passwords ) values ( admu001, 3c2f8d0a3727b847cc852e18673a2d11 ) => {inserted_id = 0}
09:08:01 admu001 Adriana Muscat DELETE data from tables `temp_session` on conditions username LIKE admu001
09:08:01 admu001 Adriana Muscat UPDATING data to tables `time2vie_cirruscommon`.`login` fields ( login, last_time ) values (1, 2020-05-08 09:08:01) on conditions username = admu001
09:08:01 admu001 Adriana Muscat UPDATING data to tables `time2vie_cirruscommon`.`secondary_login` fields ( last_login_time ) values (2020-05-08 09:08:01) on conditions username = admu001 AND company_id = 20
09:08:21 admu001 Adriana Muscat UPDATING data to tables `time2vie_cirruscommon`.`secondary_login` fields ( error ) values (0) on conditions username = admu001 AND company_id = 20
09:08:21 admu001 Adriana Muscat INSERTING data into tables `log_login` fields ( username, ip, browser ) values ( admu001, 83.187.170.144, Time2View/1 CFNetwork/1121.2.2 Darwin/19.3.0 ) => {inserted_id = 10462}
09:08:21 admu001 Adriana Muscat DELETE data from tables `temp_session` on conditions username LIKE admu001
09:08:21 admu001 Adriana Muscat UPDATING data to tables `time2vie_cirruscommon`.`login` fields ( login, last_time ) values (1, 2020-05-08 09:08:21) on conditions username = admu001
09:08:21 admu001 Adriana Muscat UPDATING data to tables `time2vie_cirruscommon`.`secondary_login` fields ( last_login_time ) values (2020-05-08 09:08:21) on conditions username = admu001 AND company_id = 20
09:22:28 liha009 Linnéa Handin UPDATING data to tables `time2vie_cirruscommon`.`secondary_login` fields ( error ) values (0) on conditions username = liha009 AND company_id = 20
09:22:28 liha009 Linnéa Handin INSERTING data into tables `log_login` fields ( username, ip, browser ) values ( liha009, 78.69.73.236, Time2View/1 CFNetwork/1121.2.2 Darwin/19.3.0 ) => {inserted_id = 10463}
09:22:28 liha009 Linnéa Handin DELETE data from tables `temp_session` on conditions username LIKE liha009
09:22:29 liha009 Linnéa Handin UPDATING data to tables `time2vie_cirruscommon`.`login` fields ( login, last_time ) values (1, 2020-05-08 09:22:28) on conditions username = liha009
09:22:29 liha009 Linnéa Handin UPDATING data to tables `time2vie_cirruscommon`.`secondary_login` fields ( last_login_time ) values (2020-05-08 09:22:28) on conditions username = liha009 AND company_id = 20
10:55:32 biwa003 Birgitta Wåhlander INSERTING data into tables `log_login` fields ( username, ip, browser ) values ( biwa003, 94.103.194.75, Mozilla/5.0 (iPad; CPU OS 13_3 like Mac OS X) AppleWebKit/605.1.15 (KHTML, like Gecko) CriOS/81.0.4044.124 Mobile/15E148 Safari/604.1 ) => {inserted_id = 10464}
10:55:32 biwa003 Birgitta Wåhlander DELETE data from tables `temp_session` on conditions username LIKE biwa003
10:55:32 biwa003 Birgitta Wåhlander UPDATING data to tables `time2vie_cirruscommon`.`login` fields ( login, last_time ) values (1, 2020-05-08 10:55:32) on conditions username = biwa003
10:55:32 biwa003 Birgitta Wåhlander UPDATING data to tables `time2vie_cirruscommon`.`secondary_login` fields ( last_login_time ) values (2020-05-08 10:55:32) on conditions username = biwa003 AND company_id = 20
10:55:32 biwa003 Birgitta Wåhlander UPDATING data to tables `time2vie_cirruscommon`.`ws_sessions` fields ( user_id ) values (biwa003) on conditions session_id = 97cd0edc7516a43e45d59de874c46111
10:56:11 biwa003 Birgitta Wåhlander UPDATING data to tables `timetable` fields ( customer, employee, date, time_from, time_to, fkkn, type, status, comment ) values (chwa001, biwa003, 2020-05-09, 10.30, 18.15, 1, 0, 1, ) on conditions id = 15962
11:01:29 biwa003 Birgitta Wåhlander UPDATING data to tables `timetable` fields ( customer, employee, date, time_from, time_to, fkkn, type, status, comment ) values (chwa001, lawa002, 2020-05-10, 10.30, 18.15, 1, 0, 1, ) on conditions id = 15963
11:03:11 biwa003 Birgitta Wåhlander UPDATING data to tables `timetable` fields ( customer, employee, date, time_from, time_to, fkkn, type, status, comment ) values (chwa001, biwa003, 2020-05-25, 10.30, 18.15, 1, 0, 1, ) on conditions id = 12612
11:03:22 biwa003 Birgitta Wåhlander UPDATING data to tables `timetable` fields ( customer, employee, date, time_from, time_to, fkkn, type, status, comment ) values (chwa001, anka019, 2020-05-25, 18.00, 24, 1, 0, 1, ) on conditions id = 12613
11:03:31 biwa003 Birgitta Wåhlander UPDATING data to tables `timetable` fields ( customer, employee, date, time_from, time_to, fkkn, type, status, comment ) values (chwa001, anwa006, 2020-05-25, 10.30, 18.15, 1, 0, 1, ) on conditions id = 12612
11:03:45 biwa003 Birgitta Wåhlander UPDATING data to tables `timetable` fields ( customer, employee, date, time_from, time_to, fkkn, type, status, comment ) values (chwa001, biwa003, 2020-05-26, 7.00, 18.15, 1, 0, 1, ) on conditions id = 12615
11:03:55 biwa003 Birgitta Wåhlander UPDATING data to tables `timetable` fields ( customer, employee, date, time_from, time_to, fkkn, type, status, comment ) values (chwa001, anka019, 2020-05-26, 0.00, 7.15, 1, 0, 1, ) on conditions id = 12614
11:04:04 biwa003 Birgitta Wåhlander UPDATING data to tables `timetable` fields ( customer, employee, date, time_from, time_to, fkkn, type, status, comment ) values (chwa001, anwa006, 2020-05-26, 7.00, 18.15, 1, 0, 1, ) on conditions id = 12615
11:06:08 biwa003 Birgitta Wåhlander UPDATING data to tables `timetable` fields ( customer, employee, date, time_from, time_to, fkkn, type, status, comment ) values (chwa001, lawa002, 2020-05-11, 15, 18.30, 1, 0, 1, ) on conditions id = 12561
11:06:18 biwa003 Birgitta Wåhlander UPDATING data to tables `timetable` fields ( customer, employee, date, time_from, time_to, fkkn, type, status, comment ) values (chwa001, lawa002, 2020-05-11, 7.00, 15.00, 1, 0, 1, ) on conditions id = 15964
11:08:59 anka019 Anna Kawalya Westerberg INSERTING data into tables `log_login` fields ( username, ip, browser ) values ( anka019, 78.69.73.236, Mozilla/5.0 (iPhone; CPU iPhone OS 13_4_1 like Mac OS X) AppleWebKit/605.1.15 (KHTML, like Gecko) Version/13.1 Mobile/15E148 Safari/604.1 ) => {inserted_id = 10465}
11:08:59 anka019 Anna Kawalya Westerberg DELETE data from tables `temp_session` on conditions username LIKE anka019
11:08:59 anka019 Anna Kawalya Westerberg UPDATING data to tables `time2vie_cirruscommon`.`login` fields ( login, last_time ) values (1, 2020-05-08 11:08:59) on conditions username = anka019
11:08:59 anka019 Anna Kawalya Westerberg UPDATING data to tables `time2vie_cirruscommon`.`secondary_login` fields ( last_login_time ) values (2020-05-08 11:08:59) on conditions username = anka019 AND company_id = 20
11:09:00 anka019 Anna Kawalya Westerberg UPDATING data to tables `time2vie_cirruscommon`.`ws_sessions` fields ( user_id ) values (anka019) on conditions session_id = eccd43ef7fb259a1dce4355384730b50
11:29:59 biwa003 Birgitta Wåhlander UPDATING data to tables `timetable` fields ( customer, employee, date, time_from, time_to, fkkn, type, status, comment ) values (chwa001, lawa002, 2020-05-13, 7.00, 15.00, 1, 0, 1, ) on conditions id = 15965
13:05:21 anka020 Annika Karlsson UPDATING data to tables `time2vie_cirruscommon`.`secondary_login` fields ( error ) values (0) on conditions username = anka020 AND company_id = 20
13:05:21 anka020 Annika Karlsson INSERTING data into tables `log_login` fields ( username, ip, browser ) values ( anka020, 185.27.164.39, okhttp/3.9.1 ) => {inserted_id = 10466}
13:05:21 anka020 Annika Karlsson DELETE data from tables `temp_session` on conditions username LIKE anka020
13:05:21 anka020 Annika Karlsson UPDATING data to tables `time2vie_cirruscommon`.`login` fields ( login, last_time ) values (1, 2020-05-08 13:05:21) on conditions username = anka020
13:05:21 anka020 Annika Karlsson UPDATING data to tables `time2vie_cirruscommon`.`secondary_login` fields ( last_login_time ) values (2020-05-08 13:05:21) on conditions username = anka020 AND company_id = 20
13:27:51 hejo003 Helen Jörnås UPDATING data to tables `time2vie_cirruscommon`.`secondary_login` fields ( error ) values (0) on conditions username = hejo003 AND company_id = 20
13:27:51 hejo003 Helen Jörnås INSERTING data into tables `log_login` fields ( username, ip, browser ) values ( hejo003, 90.224.82.244, okhttp/3.9.1 ) => {inserted_id = 10467}
13:27:51 hejo003 Helen Jörnås DELETE data from tables `temp_session` on conditions username LIKE hejo003
13:27:51 hejo003 Helen Jörnås UPDATING data to tables `time2vie_cirruscommon`.`login` fields ( login, last_time ) values (1, 2020-05-08 13:27:51) on conditions username = hejo003
13:27:51 hejo003 Helen Jörnås UPDATING data to tables `time2vie_cirruscommon`.`secondary_login` fields ( last_login_time ) values (2020-05-08 13:27:51) on conditions username = hejo003 AND company_id = 20
13:32:52 asgr002 Åsa Grimberg UPDATING data to tables `time2vie_cirruscommon`.`secondary_login` fields ( error ) values (0) on conditions username = asgr002 AND company_id = 20
13:32:52 asgr002 Åsa Grimberg INSERTING data into tables `log_login` fields ( username, ip, browser ) values ( asgr002, 78.70.128.102, Time2View/1 CFNetwork/1125.2 Darwin/19.4.0 ) => {inserted_id = 10468}
13:32:52 asgr002 Åsa Grimberg DELETE data from tables `temp_session` on conditions username LIKE asgr002
13:32:52 asgr002 Åsa Grimberg UPDATING data to tables `time2vie_cirruscommon`.`login` fields ( login, last_time ) values (1, 2020-05-08 13:32:52) on conditions username = asgr002
13:32:52 asgr002 Åsa Grimberg UPDATING data to tables `time2vie_cirruscommon`.`secondary_login` fields ( last_login_time ) values (2020-05-08 13:32:52) on conditions username = asgr002 AND company_id = 20
14:26:02 cagu001 Carina Gustafsson UPDATING data to tables `time2vie_cirruscommon`.`secondary_login` fields ( error ) values (0) on conditions username = cagu001 AND company_id = 20
14:26:02 cagu001 Carina Gustafsson INSERTING data into tables `log_login` fields ( username, ip, browser ) values ( cagu001, 176.10.245.4, okhttp/3.9.1 ) => {inserted_id = 10469}
14:26:02 cagu001 Carina Gustafsson DELETE data from tables `temp_session` on conditions username LIKE cagu001
14:26:02 cagu001 Carina Gustafsson UPDATING data to tables `time2vie_cirruscommon`.`login` fields ( login, last_time ) values (1, 2020-05-08 14:26:02) on conditions username = cagu001
14:26:02 cagu001 Carina Gustafsson UPDATING data to tables `time2vie_cirruscommon`.`secondary_login` fields ( last_login_time ) values (2020-05-08 14:26:02) on conditions username = cagu001 AND company_id = 20
14:37:09 admu001 Adriana Muscat UPDATING data to tables `time2vie_cirruscommon`.`secondary_login` fields ( error ) values (0) on conditions username = admu001 AND company_id = 20
14:37:09 admu001 Adriana Muscat INSERTING data into tables `log_login` fields ( username, ip, browser ) values ( admu001, 83.191.122.123, Time2View/1 CFNetwork/1121.2.2 Darwin/19.3.0 ) => {inserted_id = 10470}
14:37:09 admu001 Adriana Muscat DELETE data from tables `temp_session` on conditions username LIKE admu001
14:37:09 admu001 Adriana Muscat UPDATING data to tables `time2vie_cirruscommon`.`login` fields ( login, last_time ) values (1, 2020-05-08 14:37:09) on conditions username = admu001
14:37:09 admu001 Adriana Muscat UPDATING data to tables `time2vie_cirruscommon`.`secondary_login` fields ( last_login_time ) values (2020-05-08 14:37:09) on conditions username = admu001 AND company_id = 20
15:34:17 mace003 Marie Cederborg UPDATING data to tables `time2vie_cirruscommon`.`secondary_login` fields ( error ) values (0) on conditions username = mace003 AND company_id = 20
15:34:17 mace003 Marie Cederborg INSERTING data into tables `log_login` fields ( username, ip, browser ) values ( mace003, 185.27.164.74, Time2View/1 CFNetwork/1121.2.2 Darwin/19.3.0 ) => {inserted_id = 10471}
15:34:17 mace003 Marie Cederborg DELETE data from tables `temp_session` on conditions username LIKE mace003
15:34:17 mace003 Marie Cederborg UPDATING data to tables `time2vie_cirruscommon`.`login` fields ( login, last_time ) values (1, 2020-05-08 15:34:17) on conditions username = mace003
15:34:17 mace003 Marie Cederborg UPDATING data to tables `time2vie_cirruscommon`.`secondary_login` fields ( last_login_time ) values (2020-05-08 15:34:17) on conditions username = mace003 AND company_id = 20
15:49:55 peka002 Petronella Karlsson UPDATING data to tables `time2vie_cirruscommon`.`secondary_login` fields ( error ) values (0) on conditions username = peka002 AND company_id = 20
15:49:55 peka002 Petronella Karlsson INSERTING data into tables `log_login` fields ( username, ip, browser ) values ( peka002, 94.191.136.40, Time2View/1 CFNetwork/1121.2.2 Darwin/19.3.0 ) => {inserted_id = 10472}
15:49:55 peka002 Petronella Karlsson DELETE data from tables `temp_session` on conditions username LIKE peka002
15:49:55 peka002 Petronella Karlsson UPDATING data to tables `time2vie_cirruscommon`.`login` fields ( login, last_time ) values (1, 2020-05-08 15:49:55) on conditions username = peka002
15:49:55 peka002 Petronella Karlsson UPDATING data to tables `time2vie_cirruscommon`.`secondary_login` fields ( last_login_time ) values (2020-05-08 15:49:55) on conditions username = peka002 AND company_id = 20
15:50:59 biwa003 Birgitta Wåhlander UPDATING data to tables `fkkn_form_defaults` fields ( bargaining_new, company_cp_name, company_cp_phone, provider_of_pa_flag, agreement_types_new, agreement_type2_company, agreement_type2_orgNo ) values (2, Carina Gustafsson och Birgitta Wåhlander, 034037009, 2, 1, , ) on conditions customer = chwa001 AND (employee =  OR employee IS NULL)
15:51:09 biwa003 Birgitta Wåhlander UPDATING data to tables `fkkn_form_defaults` fields ( bargaining_new, company_cp_name, company_cp_phone, provider_of_pa_flag, agreement_types_new, agreement_type2_company, agreement_type2_orgNo ) values (2, Carina Gustafsson och Birgitta Wåhlander, 034037009, 2, 1, , ) on conditions customer = chwa001 AND (employee =  OR employee IS NULL)
15:51:10 biwa003 Birgitta Wåhlander INSERTING data into tables `history_samsida_work_report` fields ( month, year, fkkn, customer, employee, file_name ) values ( 5, 2020, 1, chwa001, , Samsida_243574436.pdf ) => {inserted_id = 106}
15:51:50 biwa003 Birgitta Wåhlander UPDATING data to tables `time2vie_cirruscommon`.`ws_sessions` fields ( user_id ) values (biwa003) on conditions session_id = 97cd0edc7516a43e45d59de874c46111
16:10:14 anka019 Anna Kawalya Westerberg INSERTING data into tables `log_login` fields ( username, ip, browser ) values ( anka019, 90.227.104.95, Mozilla/5.0 (iPhone; CPU iPhone OS 13_4_1 like Mac OS X) AppleWebKit/605.1.15 (KHTML, like Gecko) Version/13.1 Mobile/15E148 Safari/604.1 ) => {inserted_id = 10473}
16:10:14 anka019 Anna Kawalya Westerberg DELETE data from tables `temp_session` on conditions username LIKE anka019
16:10:14 anka019 Anna Kawalya Westerberg UPDATING data to tables `time2vie_cirruscommon`.`login` fields ( login, last_time ) values (1, 2020-05-08 16:10:14) on conditions username = anka019
16:10:14 anka019 Anna Kawalya Westerberg UPDATING data to tables `time2vie_cirruscommon`.`secondary_login` fields ( last_login_time ) values (2020-05-08 16:10:14) on conditions username = anka019 AND company_id = 20
16:10:15 anka019 Anna Kawalya Westerberg UPDATING data to tables `time2vie_cirruscommon`.`ws_sessions` fields ( user_id ) values (anka019) on conditions session_id = 398135b06f2c28aa903b614b839c5790
16:29:32 peka002 Petronella Karlsson UPDATING data to tables `time2vie_cirruscommon`.`secondary_login` fields ( error ) values (0) on conditions username = peka002 AND company_id = 20
16:29:32 peka002 Petronella Karlsson INSERTING data into tables `log_login` fields ( username, ip, browser ) values ( peka002, 185.27.164.39, Time2View/1 CFNetwork/1121.2.2 Darwin/19.3.0 ) => {inserted_id = 10474}
16:29:32 peka002 Petronella Karlsson DELETE data from tables `temp_session` on conditions username LIKE peka002
16:29:32 peka002 Petronella Karlsson UPDATING data to tables `time2vie_cirruscommon`.`login` fields ( login, last_time ) values (1, 2020-05-08 16:29:32) on conditions username = peka002
16:29:32 peka002 Petronella Karlsson UPDATING data to tables `time2vie_cirruscommon`.`secondary_login` fields ( last_login_time ) values (2020-05-08 16:29:32) on conditions username = peka002 AND company_id = 20
19:56:41 peka002 Petronella Karlsson UPDATING data to tables `time2vie_cirruscommon`.`secondary_login` fields ( error ) values (0) on conditions username = peka002 AND company_id = 20
19:56:41 peka002 Petronella Karlsson INSERTING data into tables `log_login` fields ( username, ip, browser ) values ( peka002, 94.191.136.40, Time2View/1 CFNetwork/1121.2.2 Darwin/19.3.0 ) => {inserted_id = 10475}
19:56:41 peka002 Petronella Karlsson DELETE data from tables `temp_session` on conditions username LIKE peka002
19:56:41 peka002 Petronella Karlsson UPDATING data to tables `time2vie_cirruscommon`.`login` fields ( login, last_time ) values (1, 2020-05-08 19:56:41) on conditions username = peka002
19:56:41 peka002 Petronella Karlsson UPDATING data to tables `time2vie_cirruscommon`.`secondary_login` fields ( last_login_time ) values (2020-05-08 19:56:41) on conditions username = peka002 AND company_id = 20
20:11:26 hejo003 Helen Jörnås UPDATING data to tables `time2vie_cirruscommon`.`secondary_login` fields ( error ) values (0) on conditions username = hejo003 AND company_id = 20
20:11:26 hejo003 Helen Jörnås INSERTING data into tables `log_login` fields ( username, ip, browser ) values ( hejo003, 90.224.82.244, okhttp/3.9.1 ) => {inserted_id = 10476}
20:11:26 hejo003 Helen Jörnås DELETE data from tables `temp_session` on conditions username LIKE hejo003
20:11:26 hejo003 Helen Jörnås UPDATING data to tables `time2vie_cirruscommon`.`login` fields ( login, last_time ) values (1, 2020-05-08 20:11:26) on conditions username = hejo003
20:11:26 hejo003 Helen Jörnås UPDATING data to tables `time2vie_cirruscommon`.`secondary_login` fields ( last_login_time ) values (2020-05-08 20:11:26) on conditions username = hejo003 AND company_id = 20
23:05:05 time002 Tina Mellgren UPDATING data to tables `time2vie_cirruscommon`.`secondary_login` fields ( error ) values (0) on conditions username = time002 AND company_id = 20
23:05:05 time002 Tina Mellgren INSERTING data into tables `log_login` fields ( username, ip, browser ) values ( time002, 88.129.149.88, Time2View/1 CFNetwork/1121.2.2 Darwin/19.3.0 ) => {inserted_id = 10477}
23:05:05 time002 Tina Mellgren DELETE data from tables `temp_session` on conditions username LIKE time002
23:05:05 time002 Tina Mellgren UPDATING data to tables `time2vie_cirruscommon`.`login` fields ( login, last_time ) values (1, 2020-05-08 23:05:05) on conditions username = time002
23:05:05 time002 Tina Mellgren UPDATING data to tables `time2vie_cirruscommon`.`secondary_login` fields ( last_login_time ) values (2020-05-08 23:05:05) on conditions username = time002 AND company_id = 20
