11:26:06 hebe001 Helen Bengtsson INSERTING data into tables `log_login` fields ( username, ip, browser ) values ( hebe001, 217.73.108.78, Mozilla/5.0 (Windows NT 10.0; Win64; x64) AppleWebKit/537.36 (KHTML, like Gecko) Chrome/85.0.4183.102 Safari/537.36 ) => {inserted_id = 13680}
11:26:06 hebe001 Helen Bengtsson DELETE data from tables `temp_session` on conditions username LIKE hebe001
11:26:06 hebe001 Helen Bengtsson UPDATING data to tables `time2vie_cirruscommon`.`login` fields ( login, last_time ) values (1, 2020-09-12 11:26:06) on conditions username = hebe001
11:26:06 hebe001 Helen Bengtsson UPDATING data to tables `time2vie_cirruscommon`.`secondary_login` fields ( last_login_time ) values (2020-09-12 11:26:06) on conditions username = hebe001 AND company_id = 20
11:26:06 hebe001 Helen Bengtsson UPDATING data to tables `time2vie_cirruscommon`.`ws_sessions` fields ( user_id ) values (hebe001) on conditions session_id = ht26iemmlalnhgt5ijlumnrs37
11:30:00 hebe001 Helen Bengtsson UPDATING data to tables `timetable` fields ( customer, employee, date, time_from, time_to, fkkn, type, status, comment ) values (tibe002, anbe015, 2020-09-12, 10.00, 24, 1, 0, 1, jag kan jobba om det behövs/Annika) on conditions id = 18408
11:30:21 hebe001 Helen Bengtsson UPDATING data to tables `timetable` fields ( customer, employee, date, time_from, time_to, fkkn, type, status, comment ) values (tibe002, anbe015, 2020-09-13, 0.00, 6.30, 1, 3, 1, ) on conditions id = 18409
11:30:31 hebe001 Helen Bengtsson UPDATING data to tables `timetable` fields ( customer, employee, date, time_from, time_to, fkkn, type, status, comment ) values (tibe002, anbe015, 2020-09-13, 6.30, 10.30, 1, 0, 1, ) on conditions id = 18410
12:17:05 liha009 Linnéa Handin INSERTING data into tables `log_login` fields ( username, ip, browser ) values ( liha009, 78.69.73.236, Mozilla/5.0 (iPhone; CPU iPhone OS 13_7 like Mac OS X) AppleWebKit/605.1.15 (KHTML, like Gecko) Version/13.1.2 Mobile/15E148 Safari/604.1 ) => {inserted_id = 13683}
12:17:05 liha009 Linnéa Handin DELETE data from tables `temp_session` on conditions username LIKE liha009
12:17:05 liha009 Linnéa Handin UPDATING data to tables `time2vie_cirruscommon`.`login` fields ( login, last_time ) values (1, 2020-09-12 12:17:05) on conditions username = liha009
12:17:05 liha009 Linnéa Handin UPDATING data to tables `time2vie_cirruscommon`.`secondary_login` fields ( last_login_time ) values (2020-09-12 12:17:05) on conditions username = liha009 AND company_id = 20
12:17:06 liha009 Linnéa Handin DELETE data from tables `temp_session` on conditions username LIKE liha009
12:17:06 liha009 Linnéa Handin UPDATING data to tables `time2vie_cirruscommon`.`login` fields ( login, last_time ) values (0, 2020-09-12 12:17:06) on conditions username = liha009
12:17:06 liha009 Linnéa Handin UPDATING data to tables `time2vie_cirruscommon`.`secondary_login` fields ( last_login_time ) values (2020-09-12 12:17:06) on conditions username = liha009 AND company_id = 20
12:17:06   UPDATING data to tables `log_login` fields ( logout_time ) values (2020-09-12:10:17:06) on conditions id = 13683 AND username = liha009
12:17:19 liha009 Linnéa Handin INSERTING data into tables `log_login` fields ( username, ip, browser ) values ( liha009, 78.69.73.236, Mozilla/5.0 (iPhone; CPU iPhone OS 13_7 like Mac OS X) AppleWebKit/605.1.15 (KHTML, like Gecko) Version/13.1.2 Mobile/15E148 Safari/604.1 ) => {inserted_id = 13684}
12:17:19 liha009 Linnéa Handin DELETE data from tables `temp_session` on conditions username LIKE liha009
12:17:19 liha009 Linnéa Handin UPDATING data to tables `time2vie_cirruscommon`.`login` fields ( login, last_time ) values (1, 2020-09-12 12:17:19) on conditions username = liha009
12:17:19 liha009 Linnéa Handin UPDATING data to tables `time2vie_cirruscommon`.`secondary_login` fields ( last_login_time ) values (2020-09-12 12:17:19) on conditions username = liha009 AND company_id = 20
12:17:19 liha009 Linnéa Handin DELETE data from tables `temp_session` on conditions username LIKE liha009
12:17:19 liha009 Linnéa Handin UPDATING data to tables `time2vie_cirruscommon`.`login` fields ( login, last_time ) values (0, 2020-09-12 12:17:19) on conditions username = liha009
12:17:19 liha009 Linnéa Handin UPDATING data to tables `time2vie_cirruscommon`.`secondary_login` fields ( last_login_time ) values (2020-09-12 12:17:19) on conditions username = liha009 AND company_id = 20
12:17:19   UPDATING data to tables `log_login` fields ( logout_time ) values (2020-09-12:10:17:19) on conditions id = 13684 AND username = liha009
16:17:03 biwa003 Birgitta Wåhlander INSERTING data into tables `log_login` fields ( username, ip, browser ) values ( biwa003, 185.27.165.66, Mozilla/5.0 (iPad; CPU OS 13_6 like Mac OS X) AppleWebKit/605.1.15 (KHTML, like Gecko) CriOS/85.0.4183.92 Mobile/15E148 Safari/604.1 ) => {inserted_id = 13687}
16:17:03 biwa003 Birgitta Wåhlander DELETE data from tables `temp_session` on conditions username LIKE biwa003
16:17:03 biwa003 Birgitta Wåhlander UPDATING data to tables `time2vie_cirruscommon`.`login` fields ( login, last_time ) values (1, 2020-09-12 16:17:03) on conditions username = biwa003
16:17:03 biwa003 Birgitta Wåhlander UPDATING data to tables `time2vie_cirruscommon`.`secondary_login` fields ( last_login_time ) values (2020-09-12 16:17:03) on conditions username = biwa003 AND company_id = 20
16:17:03 biwa003 Birgitta Wåhlander UPDATING data to tables `time2vie_cirruscommon`.`ws_sessions` fields ( user_id ) values (biwa003) on conditions session_id = n6412cu4300it045kedfnv84t0
17:26:03 anbe015 Anna-Maria Bergmann INSERTING data into tables `log_login` fields ( username, ip, browser ) values ( anbe015, 193.234.110.211, Mozilla/5.0 (Linux; Android 10; CLT-L29) AppleWebKit/537.36 (KHTML, like Gecko) Chrome/85.0.4183.101 Mobile Safari/537.36 ) => {inserted_id = 13689}
17:26:03 anbe015 Anna-Maria Bergmann DELETE data from tables `temp_session` on conditions username LIKE anbe015
17:26:03 anbe015 Anna-Maria Bergmann UPDATING data to tables `time2vie_cirruscommon`.`login` fields ( login, last_time ) values (1, 2020-09-12 17:26:03) on conditions username = anbe015
17:26:03 anbe015 Anna-Maria Bergmann UPDATING data to tables `time2vie_cirruscommon`.`secondary_login` fields ( last_login_time ) values (2020-09-12 17:26:03) on conditions username = anbe015 AND company_id = 20
17:26:04 anbe015 Anna-Maria Bergmann UPDATING data to tables `time2vie_cirruscommon`.`ws_sessions` fields ( user_id ) values (anbe015) on conditions session_id = 6nt4pvcftvf0k42a5sua3nqid5
20:12:19 anka019 Anna Kawalya Westerberg INSERTING data into tables `log_login` fields ( username, ip, browser ) values ( anka019, 217.211.180.223, Mozilla/5.0 (iPhone; CPU iPhone OS 13_7 like Mac OS X) AppleWebKit/605.1.15 (KHTML, like Gecko) Version/13.1.2 Mobile/15E148 Safari/604.1 ) => {inserted_id = 13691}
20:12:19 anka019 Anna Kawalya Westerberg DELETE data from tables `temp_session` on conditions username LIKE anka019
20:12:19 anka019 Anna Kawalya Westerberg UPDATING data to tables `time2vie_cirruscommon`.`login` fields ( login, last_time ) values (1, 2020-09-12 20:12:19) on conditions username = anka019
20:12:19 anka019 Anna Kawalya Westerberg UPDATING data to tables `time2vie_cirruscommon`.`secondary_login` fields ( last_login_time ) values (2020-09-12 20:12:19) on conditions username = anka019 AND company_id = 20
20:12:20 anka019 Anna Kawalya Westerberg UPDATING data to tables `time2vie_cirruscommon`.`ws_sessions` fields ( user_id ) values (anka019) on conditions session_id = ee3q22lt2tmedv0gepr38mfgp6
22:42:26 biwa003 Birgitta Wåhlander INSERTING data into tables `log_login` fields ( username, ip, browser ) values ( biwa003, 185.27.165.66, Mozilla/5.0 (iPad; CPU OS 13_6 like Mac OS X) AppleWebKit/605.1.15 (KHTML, like Gecko) CriOS/85.0.4183.92 Mobile/15E148 Safari/604.1 ) => {inserted_id = 13694}
22:42:26 biwa003 Birgitta Wåhlander DELETE data from tables `temp_session` on conditions username LIKE biwa003
22:42:26 biwa003 Birgitta Wåhlander UPDATING data to tables `time2vie_cirruscommon`.`login` fields ( login, last_time ) values (1, 2020-09-12 22:42:26) on conditions username = biwa003
22:42:26 biwa003 Birgitta Wåhlander UPDATING data to tables `time2vie_cirruscommon`.`secondary_login` fields ( last_login_time ) values (2020-09-12 22:42:26) on conditions username = biwa003 AND company_id = 20
22:42:26 biwa003 Birgitta Wåhlander UPDATING data to tables `time2vie_cirruscommon`.`ws_sessions` fields ( user_id ) values (biwa003) on conditions session_id = p47o8vsv129ptgrq64sn23ppf7
23:15:36 anka019 Anna Kawalya Westerberg INSERTING data into tables `log_login` fields ( username, ip, browser ) values ( anka019, 217.211.180.223, Mozilla/5.0 (iPhone; CPU iPhone OS 13_7 like Mac OS X) AppleWebKit/605.1.15 (KHTML, like Gecko) Version/13.1.2 Mobile/15E148 Safari/604.1 ) => {inserted_id = 13695}
23:15:36 anka019 Anna Kawalya Westerberg DELETE data from tables `temp_session` on conditions username LIKE anka019
23:15:36 anka019 Anna Kawalya Westerberg UPDATING data to tables `time2vie_cirruscommon`.`login` fields ( login, last_time ) values (1, 2020-09-12 23:15:36) on conditions username = anka019
23:15:36 anka019 Anna Kawalya Westerberg UPDATING data to tables `time2vie_cirruscommon`.`secondary_login` fields ( last_login_time ) values (2020-09-12 23:15:36) on conditions username = anka019 AND company_id = 20
23:15:37 anka019 Anna Kawalya Westerberg UPDATING data to tables `time2vie_cirruscommon`.`ws_sessions` fields ( user_id ) values (anka019) on conditions session_id = ee3q22lt2tmedv0gepr38mfgp6
