05:19:44 ella003 Elin Larsson UPDATING data to tables `time2vie_cirruscommon`.`secondary_login` fields ( error ) values (0) on conditions username = ella003 AND company_id = 20
05:19:44 ella003 Elin Larsson INSERTING data into tables `log_login` fields ( username, ip, browser ) values ( ella003, 77.53.89.3, Time2View/2 CFNetwork/1206 Darwin/20.1.0 ) => {inserted_id = 16314}
05:19:44 ella003 Elin Larsson DELETE data from tables `temp_session` on conditions username LIKE ella003
05:19:44 ella003 Elin Larsson UPDATING data to tables `time2vie_cirruscommon`.`login` fields ( login, last_time ) values (1, 2020-12-08 05:19:44) on conditions username = ella003
05:19:44 ella003 Elin Larsson UPDATING data to tables `time2vie_cirruscommon`.`secondary_login` fields ( last_login_time ) values (2020-12-08 05:19:44) on conditions username = ella003 AND company_id = 20
07:59:31 peka002 Petronella Karlsson UPDATING data to tables `time2vie_cirruscommon`.`secondary_login` fields ( error ) values (0) on conditions username = peka002 AND company_id = 20
07:59:31 peka002 Petronella Karlsson INSERTING data into tables `log_login` fields ( username, ip, browser ) values ( peka002, 81.236.92.12, Time2View/2 CFNetwork/1206 Darwin/20.1.0 ) => {inserted_id = 16315}
07:59:31 peka002 Petronella Karlsson DELETE data from tables `temp_session` on conditions username LIKE peka002
07:59:31 peka002 Petronella Karlsson UPDATING data to tables `time2vie_cirruscommon`.`login` fields ( login, last_time ) values (1, 2020-12-08 07:59:31) on conditions username = peka002
07:59:31 peka002 Petronella Karlsson UPDATING data to tables `time2vie_cirruscommon`.`secondary_login` fields ( last_login_time ) values (2020-12-08 07:59:31) on conditions username = peka002 AND company_id = 20
10:01:47 anka019 Anna Kawalya Westerberg INSERTING data into tables `log_login` fields ( username, ip, browser ) values ( anka019, 94.103.194.75, Mozilla/5.0 (iPhone; CPU iPhone OS 14_2 like Mac OS X) AppleWebKit/605.1.15 (KHTML, like Gecko) Version/14.0.1 Mobile/15E148 Safari/604.1 ) => {inserted_id = 16316}
10:01:47 anka019 Anna Kawalya Westerberg DELETE data from tables `temp_session` on conditions username LIKE anka019
10:01:47 anka019 Anna Kawalya Westerberg UPDATING data to tables `time2vie_cirruscommon`.`login` fields ( login, last_time ) values (1, 2020-12-08 10:01:47) on conditions username = anka019
10:01:47 anka019 Anna Kawalya Westerberg UPDATING data to tables `time2vie_cirruscommon`.`secondary_login` fields ( last_login_time ) values (2020-12-08 10:01:47) on conditions username = anka019 AND company_id = 20
10:01:47 anka019 Anna Kawalya Westerberg UPDATING data to tables `time2vie_cirruscommon`.`ws_sessions` fields ( user_id ) values (anka019) on conditions session_id = ol83au0bqmkhj3s9jc3h4j1h97
10:19:01 emsa005 Emma Särnblom UPDATING data to tables `time2vie_cirruscommon`.`secondary_login` fields ( error ) values (0) on conditions username = emsa005 AND company_id = 20
10:19:01 emsa005 Emma Särnblom INSERTING data into tables `log_login` fields ( username, ip, browser ) values ( emsa005, 88.129.149.88, Time2View/2 CFNetwork/1197 Darwin/20.0.0 ) => {inserted_id = 16317}
10:19:01 emsa005 Emma Särnblom DELETE data from tables `temp_session` on conditions username LIKE emsa005
10:19:01 emsa005 Emma Särnblom UPDATING data to tables `time2vie_cirruscommon`.`login` fields ( login, last_time ) values (1, 2020-12-08 10:19:01) on conditions username = emsa005
10:19:01 emsa005 Emma Särnblom UPDATING data to tables `time2vie_cirruscommon`.`secondary_login` fields ( last_login_time ) values (2020-12-08 10:19:01) on conditions username = emsa005 AND company_id = 20
11:01:30 mowa002 Monica Walfridsson UPDATING data to tables `time2vie_cirruscommon`.`secondary_login` fields ( error ) values (0) on conditions username = mowa002 AND company_id = 20
11:01:30 mowa002 Monica Walfridsson INSERTING data into tables `log_login` fields ( username, ip, browser ) values ( mowa002, 81.170.178.25, Time2View/2 CFNetwork/978.0.7 Darwin/18.7.0 ) => {inserted_id = 16318}
11:01:30 mowa002 Monica Walfridsson DELETE data from tables `temp_session` on conditions username LIKE mowa002
11:01:30 mowa002 Monica Walfridsson UPDATING data to tables `time2vie_cirruscommon`.`login` fields ( login, last_time ) values (1, 2020-12-08 11:01:30) on conditions username = mowa002
11:01:30 mowa002 Monica Walfridsson UPDATING data to tables `time2vie_cirruscommon`.`secondary_login` fields ( last_login_time ) values (2020-12-08 11:01:30) on conditions username = mowa002 AND company_id = 20
11:01:36 mowa002 Monica Walfridsson DELETE data from tables `time2vie_cirruscommon`.`push_notify_tokens` on conditions user_id = mowa002 AND fcm_token = dkgIEYUsrk96j9hZrG_rpF:APA91bGmdfonk2ol9QIrRKRHZuZUThRx0yAPo_oGqUVYOk9xPQaDvszL7Bhh2UUIpiqWzdRp7AN_I98nGEDKXb3c25fQA9pEEwNbi1SJmlKKd0FC_tzvk1YmeVc-zde-wFxTh_vB3roi #Mobile-App: Log-id=16318
11:01:36 mowa002 Monica Walfridsson DELETE data from tables `temp_session` on conditions username LIKE mowa002 #Mobile-App: Log-id=16318
11:01:36 mowa002 Monica Walfridsson UPDATING data to tables `time2vie_cirruscommon`.`login` fields ( login, last_time ) values (0, 2020-12-08 11:01:36) on conditions username = mowa002 #Mobile-App: Log-id=16318
11:01:36 mowa002 Monica Walfridsson UPDATING data to tables `time2vie_cirruscommon`.`secondary_login` fields ( last_login_time ) values (2020-12-08 11:01:36) on conditions username = mowa002 AND company_id = 20 #Mobile-App: Log-id=16318
11:02:26 mowa002 Monica Walfridsson UPDATING data to tables `time2vie_cirruscommon`.`secondary_login` fields ( error ) values (0) on conditions username = mowa002 AND company_id = 20
11:02:26 mowa002 Monica Walfridsson INSERTING data into tables `log_login` fields ( username, ip, browser ) values ( mowa002, 81.170.178.25, Time2View/2 CFNetwork/978.0.7 Darwin/18.7.0 ) => {inserted_id = 16319}
11:02:26 mowa002 Monica Walfridsson DELETE data from tables `temp_session` on conditions username LIKE mowa002
11:02:26 mowa002 Monica Walfridsson UPDATING data to tables `time2vie_cirruscommon`.`login` fields ( login, last_time ) values (1, 2020-12-08 11:02:26) on conditions username = mowa002
11:02:26 mowa002 Monica Walfridsson UPDATING data to tables `time2vie_cirruscommon`.`secondary_login` fields ( last_login_time ) values (2020-12-08 11:02:26) on conditions username = mowa002 AND company_id = 20
11:02:26 mowa002 Monica Walfridsson INSERTING data into tables `time2vie_cirruscommon`.`push_notify_tokens` fields ( user_id, fcm_token, device_id, device_details, created_date, error ) values ( mowa002, dkgIEYUsrk96j9hZrG_rpF:APA91bGmdfonk2ol9QIrRKRHZuZUThRx0yAPo_oGqUVYOk9xPQaDvszL7Bhh2UUIpiqWzdRp7AN_I98nGEDKXb3c25fQA9pEEwNbi1SJmlKKd0FC_tzvk1YmeVc-zde-wFxTh_vB3roi, 98BCC5D6-E294-4844-8E9E-E223D2002646, Time2View/2 CFNetwork/978.0.7 Darwin/18.7.0, 2020-12-08 11:02:26, 0 ) => {inserted_id = 20392} #Mobile-App: Log-id=16319
11:03:07 mowa002 Monica Walfridsson DELETE data from tables `time2vie_cirruscommon`.`push_notify_tokens` on conditions user_id = mowa002 AND fcm_token = dkgIEYUsrk96j9hZrG_rpF:APA91bGmdfonk2ol9QIrRKRHZuZUThRx0yAPo_oGqUVYOk9xPQaDvszL7Bhh2UUIpiqWzdRp7AN_I98nGEDKXb3c25fQA9pEEwNbi1SJmlKKd0FC_tzvk1YmeVc-zde-wFxTh_vB3roi #Mobile-App: Log-id=16319
11:03:07 mowa002 Monica Walfridsson DELETE data from tables `temp_session` on conditions username LIKE mowa002 #Mobile-App: Log-id=16319
11:03:07 mowa002 Monica Walfridsson UPDATING data to tables `time2vie_cirruscommon`.`login` fields ( login, last_time ) values (0, 2020-12-08 11:03:07) on conditions username = mowa002 #Mobile-App: Log-id=16319
11:03:07 mowa002 Monica Walfridsson UPDATING data to tables `time2vie_cirruscommon`.`secondary_login` fields ( last_login_time ) values (2020-12-08 11:03:07) on conditions username = mowa002 AND company_id = 20 #Mobile-App: Log-id=16319
11:31:56 liha009 Linnéa Handin UPDATING data to tables `time2vie_cirruscommon`.`secondary_login` fields ( error ) values (0) on conditions username = liha009 AND company_id = 20
11:31:56 liha009 Linnéa Handin INSERTING data into tables `log_login` fields ( username, ip, browser ) values ( liha009, 94.191.137.107, Time2View/2 CFNetwork/1206 Darwin/20.1.0 ) => {inserted_id = 16320}
11:31:56 liha009 Linnéa Handin DELETE data from tables `temp_session` on conditions username LIKE liha009
11:31:56 liha009 Linnéa Handin UPDATING data to tables `time2vie_cirruscommon`.`login` fields ( login, last_time ) values (1, 2020-12-08 11:31:56) on conditions username = liha009
11:31:56 liha009 Linnéa Handin UPDATING data to tables `time2vie_cirruscommon`.`secondary_login` fields ( last_login_time ) values (2020-12-08 11:31:56) on conditions username = liha009 AND company_id = 20
12:53:00 anka019 Anna Kawalya Westerberg UPDATING data to tables `time2vie_cirruscommon`.`secondary_login` fields ( error ) values (0) on conditions username = anka019 AND company_id = 20
12:53:00 anka019 Anna Kawalya Westerberg INSERTING data into tables `log_login` fields ( username, ip, browser ) values ( anka019, 94.103.194.75, Time2View/2 CFNetwork/1206 Darwin/20.1.0 ) => {inserted_id = 16321}
12:53:00 anka019 Anna Kawalya Westerberg DELETE data from tables `temp_session` on conditions username LIKE anka019
12:53:00 anka019 Anna Kawalya Westerberg UPDATING data to tables `time2vie_cirruscommon`.`login` fields ( login, last_time ) values (1, 2020-12-08 12:53:00) on conditions username = anka019
12:53:00 anka019 Anna Kawalya Westerberg UPDATING data to tables `time2vie_cirruscommon`.`secondary_login` fields ( last_login_time ) values (2020-12-08 12:53:00) on conditions username = anka019 AND company_id = 20
14:14:26 anwa006 Andréas Wallin UPDATING data to tables `time2vie_cirruscommon`.`secondary_login` fields ( error ) values (0) on conditions username = anwa006 AND company_id = 20
14:14:26 anwa006 Andréas Wallin INSERTING data into tables `log_login` fields ( username, ip, browser ) values ( anwa006, 94.103.194.75, okhttp/3.9.1 ) => {inserted_id = 16322}
14:14:26 anwa006 Andréas Wallin DELETE data from tables `temp_session` on conditions username LIKE anwa006
14:14:26 anwa006 Andréas Wallin UPDATING data to tables `time2vie_cirruscommon`.`login` fields ( login, last_time ) values (1, 2020-12-08 14:14:26) on conditions username = anwa006
14:14:26 anwa006 Andréas Wallin UPDATING data to tables `time2vie_cirruscommon`.`secondary_login` fields ( last_login_time ) values (2020-12-08 14:14:26) on conditions username = anwa006 AND company_id = 20
14:15:14 anka019 Anna Kawalya Westerberg INSERTING data into tables `log_login` fields ( username, ip, browser ) values ( anka019, 94.103.194.75, Mozilla/5.0 (iPhone; CPU iPhone OS 14_2 like Mac OS X) AppleWebKit/605.1.15 (KHTML, like Gecko) Version/14.0.1 Mobile/15E148 Safari/604.1 ) => {inserted_id = 16323}
14:15:14 anka019 Anna Kawalya Westerberg DELETE data from tables `temp_session` on conditions username LIKE anka019
14:15:14 anka019 Anna Kawalya Westerberg UPDATING data to tables `time2vie_cirruscommon`.`login` fields ( login, last_time ) values (1, 2020-12-08 14:15:14) on conditions username = anka019
14:15:14 anka019 Anna Kawalya Westerberg UPDATING data to tables `time2vie_cirruscommon`.`secondary_login` fields ( last_login_time ) values (2020-12-08 14:15:14) on conditions username = anka019 AND company_id = 20
14:15:14 anka019 Anna Kawalya Westerberg UPDATING data to tables `time2vie_cirruscommon`.`ws_sessions` fields ( user_id ) values (anka019) on conditions session_id = uosg2lj5f3co9jip607lp9vjo3
14:15:51 anka019 Anna Kawalya Westerberg INSERTING data into tables `log_login` fields ( username, ip, browser ) values ( anka019, 94.103.194.75, Mozilla/5.0 (iPhone; CPU iPhone OS 14_2 like Mac OS X) AppleWebKit/605.1.15 (KHTML, like Gecko) Version/14.0.1 Mobile/15E148 Safari/604.1 ) => {inserted_id = 16324}
14:15:51 anka019 Anna Kawalya Westerberg DELETE data from tables `temp_session` on conditions username LIKE anka019
14:15:51 anka019 Anna Kawalya Westerberg UPDATING data to tables `time2vie_cirruscommon`.`login` fields ( login, last_time ) values (1, 2020-12-08 14:15:51) on conditions username = anka019
14:15:51 anka019 Anna Kawalya Westerberg UPDATING data to tables `time2vie_cirruscommon`.`secondary_login` fields ( last_login_time ) values (2020-12-08 14:15:51) on conditions username = anka019 AND company_id = 20
14:15:51 anka019 Anna Kawalya Westerberg UPDATING data to tables `time2vie_cirruscommon`.`ws_sessions` fields ( user_id ) values (anka019) on conditions session_id = kqmvim69aj3s3faf5r3g8mntj4
14:33:22 anwa006 Andréas Wallin UPDATING data to tables `time2vie_cirruscommon`.`secondary_login` fields ( error ) values (0) on conditions username = anwa006 AND company_id = 20 #Mobile-App: Log-id=16322
14:33:22 anwa006 Andréas Wallin INSERTING data into tables `log_login` fields ( username, ip, browser ) values ( anwa006, 94.103.194.75, okhttp/3.9.1 ) => {inserted_id = 16325} #Mobile-App: Log-id=16322
14:33:22 anwa006 Andréas Wallin DELETE data from tables `temp_session` on conditions username LIKE anwa006 #Mobile-App: Log-id=16325
14:33:22 anwa006 Andréas Wallin UPDATING data to tables `time2vie_cirruscommon`.`login` fields ( login, last_time ) values (1, 2020-12-08 14:33:22) on conditions username = anwa006 #Mobile-App: Log-id=16325
14:33:22 anwa006 Andréas Wallin UPDATING data to tables `time2vie_cirruscommon`.`secondary_login` fields ( last_login_time ) values (2020-12-08 14:33:22) on conditions username = anwa006 AND company_id = 20 #Mobile-App: Log-id=16325
15:54:26 anka019 Anna Kawalya Westerberg INSERTING data into tables `log_login` fields ( username, ip, browser ) values ( anka019, 81.225.30.55, Mozilla/5.0 (iPhone; CPU iPhone OS 14_2 like Mac OS X) AppleWebKit/605.1.15 (KHTML, like Gecko) Version/14.0.1 Mobile/15E148 Safari/604.1 ) => {inserted_id = 16326}
15:54:26 anka019 Anna Kawalya Westerberg DELETE data from tables `temp_session` on conditions username LIKE anka019
15:54:26 anka019 Anna Kawalya Westerberg UPDATING data to tables `time2vie_cirruscommon`.`login` fields ( login, last_time ) values (1, 2020-12-08 15:54:26) on conditions username = anka019
15:54:26 anka019 Anna Kawalya Westerberg UPDATING data to tables `time2vie_cirruscommon`.`secondary_login` fields ( last_login_time ) values (2020-12-08 15:54:26) on conditions username = anka019 AND company_id = 20
15:54:26 anka019 Anna Kawalya Westerberg UPDATING data to tables `time2vie_cirruscommon`.`ws_sessions` fields ( user_id ) values (anka019) on conditions session_id = hocmdsfpf9b3f2m7ohcqat3v35
16:21:24 anwa006 Andréas Wallin UPDATING data to tables `time2vie_cirruscommon`.`secondary_login` fields ( error ) values (0) on conditions username = anwa006 AND company_id = 20
16:21:24 anwa006 Andréas Wallin INSERTING data into tables `log_login` fields ( username, ip, browser ) values ( anwa006, 94.103.194.75, okhttp/3.9.1 ) => {inserted_id = 16327}
16:21:24 anwa006 Andréas Wallin DELETE data from tables `temp_session` on conditions username LIKE anwa006
16:21:24 anwa006 Andréas Wallin UPDATING data to tables `time2vie_cirruscommon`.`login` fields ( login, last_time ) values (1, 2020-12-08 16:21:24) on conditions username = anwa006
16:21:24 anwa006 Andréas Wallin UPDATING data to tables `time2vie_cirruscommon`.`secondary_login` fields ( last_login_time ) values (2020-12-08 16:21:24) on conditions username = anwa006 AND company_id = 20
17:13:47 emel002 Emma Eliasson UPDATING data to tables `time2vie_cirruscommon`.`secondary_login` fields ( error ) values (0) on conditions username = emel002 AND company_id = 20
17:13:47 emel002 Emma Eliasson INSERTING data into tables `log_login` fields ( username, ip, browser ) values ( emel002, 90.227.104.18, Time2View/2 CFNetwork/1128.0.1 Darwin/19.6.0 ) => {inserted_id = 16329}
17:13:47 emel002 Emma Eliasson DELETE data from tables `temp_session` on conditions username LIKE emel002
17:13:47 emel002 Emma Eliasson UPDATING data to tables `time2vie_cirruscommon`.`login` fields ( login, last_time ) values (1, 2020-12-08 17:13:47) on conditions username = emel002
17:13:47 emel002 Emma Eliasson UPDATING data to tables `time2vie_cirruscommon`.`secondary_login` fields ( last_login_time ) values (2020-12-08 17:13:47) on conditions username = emel002 AND company_id = 20
17:39:28 anka020 Annika Karlsson UPDATING data to tables `time2vie_cirruscommon`.`secondary_login` fields ( error ) values (0) on conditions username = anka020 AND company_id = 20
17:39:28 anka020 Annika Karlsson INSERTING data into tables `log_login` fields ( username, ip, browser ) values ( anka020, 193.234.110.211, okhttp/3.9.1 ) => {inserted_id = 16330}
17:39:28 anka020 Annika Karlsson DELETE data from tables `temp_session` on conditions username LIKE anka020
17:39:28 anka020 Annika Karlsson UPDATING data to tables `time2vie_cirruscommon`.`login` fields ( login, last_time ) values (1, 2020-12-08 17:39:28) on conditions username = anka020
17:39:28 anka020 Annika Karlsson UPDATING data to tables `time2vie_cirruscommon`.`secondary_login` fields ( last_login_time ) values (2020-12-08 17:39:28) on conditions username = anka020 AND company_id = 20
18:06:07 anwa006 Andréas Wallin UPDATING data to tables `time2vie_cirruscommon`.`secondary_login` fields ( error ) values (0) on conditions username = anwa006 AND company_id = 20
18:06:07 anwa006 Andréas Wallin INSERTING data into tables `log_login` fields ( username, ip, browser ) values ( anwa006, 94.103.194.75, okhttp/3.9.1 ) => {inserted_id = 16331}
18:06:07 anwa006 Andréas Wallin DELETE data from tables `temp_session` on conditions username LIKE anwa006
18:06:07 anwa006 Andréas Wallin UPDATING data to tables `time2vie_cirruscommon`.`login` fields ( login, last_time ) values (1, 2020-12-08 18:06:07) on conditions username = anwa006
18:06:07 anwa006 Andréas Wallin UPDATING data to tables `time2vie_cirruscommon`.`secondary_login` fields ( last_login_time ) values (2020-12-08 18:06:07) on conditions username = anwa006 AND company_id = 20
18:27:41 biwa003 Birgitta Wåhlander INSERTING data into tables `log_login` fields ( username, ip, browser ) values ( biwa003, 185.27.165.66, Mozilla/5.0 (iPad; CPU OS 14_2 like Mac OS X) AppleWebKit/605.1.15 (KHTML, like Gecko) CriOS/87.0.4280.77 Mobile/15E148 Safari/604.1 ) => {inserted_id = 16332}
18:27:41 biwa003 Birgitta Wåhlander DELETE data from tables `temp_session` on conditions username LIKE biwa003
18:27:41 biwa003 Birgitta Wåhlander UPDATING data to tables `time2vie_cirruscommon`.`login` fields ( login, last_time ) values (1, 2020-12-08 18:27:41) on conditions username = biwa003
18:27:41 biwa003 Birgitta Wåhlander UPDATING data to tables `time2vie_cirruscommon`.`secondary_login` fields ( last_login_time ) values (2020-12-08 18:27:41) on conditions username = biwa003 AND company_id = 20
18:27:41 biwa003 Birgitta Wåhlander UPDATING data to tables `time2vie_cirruscommon`.`ws_sessions` fields ( user_id ) values (biwa003) on conditions session_id = mokebv2mcj1nvd3rfp8g2bjb61
18:33:46 anka019 Anna Kawalya Westerberg INSERTING data into tables `log_login` fields ( username, ip, browser ) values ( anka019, 81.225.30.55, Mozilla/5.0 (iPhone; CPU iPhone OS 14_2 like Mac OS X) AppleWebKit/605.1.15 (KHTML, like Gecko) Version/14.0.1 Mobile/15E148 Safari/604.1 ) => {inserted_id = 16333}
18:33:46 anka019 Anna Kawalya Westerberg DELETE data from tables `temp_session` on conditions username LIKE anka019
18:33:46 anka019 Anna Kawalya Westerberg UPDATING data to tables `time2vie_cirruscommon`.`login` fields ( login, last_time ) values (1, 2020-12-08 18:33:46) on conditions username = anka019
18:33:46 anka019 Anna Kawalya Westerberg UPDATING data to tables `time2vie_cirruscommon`.`secondary_login` fields ( last_login_time ) values (2020-12-08 18:33:46) on conditions username = anka019 AND company_id = 20
18:33:47 anka019 Anna Kawalya Westerberg UPDATING data to tables `time2vie_cirruscommon`.`ws_sessions` fields ( user_id ) values (anka019) on conditions session_id = hocmdsfpf9b3f2m7ohcqat3v35
18:45:37 liha009 Linnéa Handin UPDATING data to tables `time2vie_cirruscommon`.`secondary_login` fields ( error ) values (0) on conditions username = liha009 AND company_id = 20
18:45:37 liha009 Linnéa Handin INSERTING data into tables `log_login` fields ( username, ip, browser ) values ( liha009, 78.69.73.236, Time2View/2 CFNetwork/1206 Darwin/20.1.0 ) => {inserted_id = 16334}
18:45:37 liha009 Linnéa Handin DELETE data from tables `temp_session` on conditions username LIKE liha009
18:45:37 liha009 Linnéa Handin UPDATING data to tables `time2vie_cirruscommon`.`login` fields ( login, last_time ) values (1, 2020-12-08 18:45:37) on conditions username = liha009
18:45:37 liha009 Linnéa Handin UPDATING data to tables `time2vie_cirruscommon`.`secondary_login` fields ( last_login_time ) values (2020-12-08 18:45:37) on conditions username = liha009 AND company_id = 20
20:55:46 cagu001 Carina Gustafsson UPDATING data to tables `time2vie_cirruscommon`.`secondary_login` fields ( error ) values (0) on conditions username = cagu001 AND company_id = 20
20:55:46 cagu001 Carina Gustafsson INSERTING data into tables `log_login` fields ( username, ip, browser ) values ( cagu001, 176.10.245.4, okhttp/3.9.1 ) => {inserted_id = 16335}
20:55:46 cagu001 Carina Gustafsson DELETE data from tables `temp_session` on conditions username LIKE cagu001
20:55:46 cagu001 Carina Gustafsson UPDATING data to tables `time2vie_cirruscommon`.`login` fields ( login, last_time ) values (1, 2020-12-08 20:55:46) on conditions username = cagu001
20:55:46 cagu001 Carina Gustafsson UPDATING data to tables `time2vie_cirruscommon`.`secondary_login` fields ( last_login_time ) values (2020-12-08 20:55:46) on conditions username = cagu001 AND company_id = 20
21:13:37 anwa006 Andréas Wallin UPDATING data to tables `time2vie_cirruscommon`.`secondary_login` fields ( error ) values (0) on conditions username = anwa006 AND company_id = 20
21:13:37 anwa006 Andréas Wallin INSERTING data into tables `log_login` fields ( username, ip, browser ) values ( anwa006, 98.128.167.34, okhttp/3.9.1 ) => {inserted_id = 16336}
21:13:37 anwa006 Andréas Wallin DELETE data from tables `temp_session` on conditions username LIKE anwa006
21:13:37 anwa006 Andréas Wallin UPDATING data to tables `time2vie_cirruscommon`.`login` fields ( login, last_time ) values (1, 2020-12-08 21:13:37) on conditions username = anwa006
21:13:37 anwa006 Andréas Wallin UPDATING data to tables `time2vie_cirruscommon`.`secondary_login` fields ( last_login_time ) values (2020-12-08 21:13:37) on conditions username = anwa006 AND company_id = 20
21:18:09 emel002 Emma Eliasson UPDATING data to tables `time2vie_cirruscommon`.`secondary_login` fields ( error ) values (0) on conditions username = emel002 AND company_id = 20
21:18:09 emel002 Emma Eliasson INSERTING data into tables `log_login` fields ( username, ip, browser ) values ( emel002, 90.227.104.18, Time2View/2 CFNetwork/1128.0.1 Darwin/19.6.0 ) => {inserted_id = 16337}
21:18:09 emel002 Emma Eliasson DELETE data from tables `temp_session` on conditions username LIKE emel002
21:18:09 emel002 Emma Eliasson UPDATING data to tables `time2vie_cirruscommon`.`login` fields ( login, last_time ) values (1, 2020-12-08 21:18:09) on conditions username = emel002
21:18:09 emel002 Emma Eliasson UPDATING data to tables `time2vie_cirruscommon`.`secondary_login` fields ( last_login_time ) values (2020-12-08 21:18:09) on conditions username = emel002 AND company_id = 20
21:31:46 emsa005 Emma Särnblom UPDATING data to tables `time2vie_cirruscommon`.`secondary_login` fields ( error ) values (0) on conditions username = emsa005 AND company_id = 20
21:31:46 emsa005 Emma Särnblom INSERTING data into tables `log_login` fields ( username, ip, browser ) values ( emsa005, 81.170.178.181, Time2View/2 CFNetwork/1197 Darwin/20.0.0 ) => {inserted_id = 16338}
21:31:46 emsa005 Emma Särnblom DELETE data from tables `temp_session` on conditions username LIKE emsa005
21:31:46 emsa005 Emma Särnblom UPDATING data to tables `time2vie_cirruscommon`.`login` fields ( login, last_time ) values (1, 2020-12-08 21:31:46) on conditions username = emsa005
21:31:46 emsa005 Emma Särnblom UPDATING data to tables `time2vie_cirruscommon`.`secondary_login` fields ( last_login_time ) values (2020-12-08 21:31:46) on conditions username = emsa005 AND company_id = 20
