05:41:18 anka019 Anna Kawalya Westerberg INSERTING data into tables `log_login` fields ( username, ip, browser ) values ( anka019, 94.103.194.75, Mozilla/5.0 (iPhone; CPU iPhone OS 14_2 like Mac OS X) AppleWebKit/605.1.15 (KHTML, like Gecko) Version/14.0.1 Mobile/15E148 Safari/604.1 ) => {inserted_id = 16703}
05:41:18 anka019 Anna Kawalya Westerberg DELETE data from tables `temp_session` on conditions username LIKE anka019
05:41:18 anka019 Anna Kawalya Westerberg UPDATING data to tables `time2vie_cirruscommon`.`login` fields ( login, last_time ) values (1, 2020-12-25 05:41:18) on conditions username = anka019
05:41:18 anka019 Anna Kawalya Westerberg UPDATING data to tables `time2vie_cirruscommon`.`secondary_login` fields ( last_login_time ) values (2020-12-25 05:41:18) on conditions username = anka019 AND company_id = 20
05:41:18 anka019 Anna Kawalya Westerberg UPDATING data to tables `time2vie_cirruscommon`.`ws_sessions` fields ( user_id ) values (anka019) on conditions session_id = 8ak0jjd25k3eq4pv2s45me7pf2
09:36:46 biwa003 Birgitta Wåhlander INSERTING data into tables `log_login` fields ( username, ip, browser ) values ( biwa003, 185.27.165.66, Mozilla/5.0 (iPad; CPU OS 14_2 like Mac OS X) AppleWebKit/605.1.15 (KHTML, like Gecko) CriOS/87.0.4280.77 Mobile/15E148 Safari/604.1 ) => {inserted_id = 16704}
09:36:46 biwa003 Birgitta Wåhlander DELETE data from tables `temp_session` on conditions username LIKE biwa003
09:36:46 biwa003 Birgitta Wåhlander UPDATING data to tables `time2vie_cirruscommon`.`login` fields ( login, last_time ) values (1, 2020-12-25 09:36:46) on conditions username = biwa003
09:36:46 biwa003 Birgitta Wåhlander UPDATING data to tables `time2vie_cirruscommon`.`secondary_login` fields ( last_login_time ) values (2020-12-25 09:36:46) on conditions username = biwa003 AND company_id = 20
09:36:46 biwa003 Birgitta Wåhlander UPDATING data to tables `time2vie_cirruscommon`.`ws_sessions` fields ( user_id ) values (biwa003) on conditions session_id = jlas8jm530j12s9knm10v1uiv5
10:17:45 liha009 Linnéa Handin INSERTING data into tables `log_login` fields ( username, ip, browser ) values ( liha009, 78.69.73.236, Time2View/2 CFNetwork/1206 Darwin/20.1.0 ) => {inserted_id = 16705}
10:17:47 liha009 Linnéa Handin INSERTING data into tables `log_login` fields ( username, ip, browser ) values ( liha009, 78.69.73.236, Time2View/2 CFNetwork/1206 Darwin/20.1.0 ) => {inserted_id = 16706}
10:39:39 lawa002 Lars Wåhlander UPDATING data to tables `time2vie_cirruscommon`.`secondary_login` fields ( error ) values (0) on conditions username = lawa002 AND company_id = 20
10:39:39 lawa002 Lars Wåhlander INSERTING data into tables `log_login` fields ( username, ip, browser ) values ( lawa002, 185.27.165.66, Time2View/2 CFNetwork/1206 Darwin/20.1.0 ) => {inserted_id = 16707}
10:39:39 lawa002 Lars Wåhlander DELETE data from tables `temp_session` on conditions username LIKE lawa002
10:39:39 lawa002 Lars Wåhlander UPDATING data to tables `time2vie_cirruscommon`.`login` fields ( login, last_time ) values (1, 2020-12-25 10:39:39) on conditions username = lawa002
10:39:39 lawa002 Lars Wåhlander UPDATING data to tables `time2vie_cirruscommon`.`secondary_login` fields ( last_login_time ) values (2020-12-25 10:39:39) on conditions username = lawa002 AND company_id = 20
11:11:59 biwa003 Birgitta Wåhlander INSERTING data into tables `log_login` fields ( username, ip, browser ) values ( biwa003, 185.27.165.66, Mozilla/5.0 (iPad; CPU OS 14_2 like Mac OS X) AppleWebKit/605.1.15 (KHTML, like Gecko) CriOS/87.0.4280.77 Mobile/15E148 Safari/604.1 ) => {inserted_id = 16708}
11:11:59 biwa003 Birgitta Wåhlander DELETE data from tables `temp_session` on conditions username LIKE biwa003
11:11:59 biwa003 Birgitta Wåhlander UPDATING data to tables `time2vie_cirruscommon`.`login` fields ( login, last_time ) values (1, 2020-12-25 11:11:59) on conditions username = biwa003
11:11:59 biwa003 Birgitta Wåhlander UPDATING data to tables `time2vie_cirruscommon`.`secondary_login` fields ( last_login_time ) values (2020-12-25 11:11:59) on conditions username = biwa003 AND company_id = 20
11:11:59 biwa003 Birgitta Wåhlander UPDATING data to tables `time2vie_cirruscommon`.`ws_sessions` fields ( user_id ) values (biwa003) on conditions session_id = 8i5v006dmvq81oituq80dtojf3
11:15:14 cagu001 Carina Gustafsson UPDATING data to tables `time2vie_cirruscommon`.`secondary_login` fields ( error ) values (0) on conditions username = cagu001 AND company_id = 20
11:15:14 cagu001 Carina Gustafsson INSERTING data into tables `log_login` fields ( username, ip, browser ) values ( cagu001, 176.10.245.4, okhttp/3.9.1 ) => {inserted_id = 16709}
11:15:14 cagu001 Carina Gustafsson DELETE data from tables `temp_session` on conditions username LIKE cagu001
11:15:14 cagu001 Carina Gustafsson UPDATING data to tables `time2vie_cirruscommon`.`login` fields ( login, last_time ) values (1, 2020-12-25 11:15:14) on conditions username = cagu001
11:15:14 cagu001 Carina Gustafsson UPDATING data to tables `time2vie_cirruscommon`.`secondary_login` fields ( last_login_time ) values (2020-12-25 11:15:14) on conditions username = cagu001 AND company_id = 20
12:06:51 cagu001 Carina Gustafsson INSERTING data into tables `log_login` fields ( username, ip, browser ) values ( cagu001, 176.10.245.4, Mozilla/5.0 (Windows NT 10.0; Win64; x64) AppleWebKit/537.36 (KHTML, like Gecko) Chrome/87.0.4280.88 Safari/537.36 ) => {inserted_id = 16710}
12:06:51 cagu001 Carina Gustafsson DELETE data from tables `temp_session` on conditions username LIKE cagu001
12:06:51 cagu001 Carina Gustafsson UPDATING data to tables `time2vie_cirruscommon`.`login` fields ( login, last_time ) values (1, 2020-12-25 12:06:51) on conditions username = cagu001
12:06:51 cagu001 Carina Gustafsson UPDATING data to tables `time2vie_cirruscommon`.`secondary_login` fields ( last_login_time ) values (2020-12-25 12:06:51) on conditions username = cagu001 AND company_id = 20
12:06:52 cagu001 Carina Gustafsson UPDATING data to tables `time2vie_cirruscommon`.`ws_sessions` fields ( user_id ) values (cagu001) on conditions session_id = 52ulmpuckin0crk4fbvkqva1g7
12:08:39 cagu001 Carina Gustafsson DELETE data from tables `timetable` on conditions id = 21657
12:09:27 cagu001 Carina Gustafsson UPDATING data to tables `timetable` fields ( customer, employee, date, time_from, time_to, fkkn, type, status, comment ) values (mygu001, asgr002, 2020-12-23, 7.30, 19.30, 1, 0, 1, ) on conditions id = 20926
12:13:22 cagu001 Carina Gustafsson UPDATING data to tables `timetable` fields ( status ) values (2) on conditions (status IN ( 0,1 )) AND employee = thca002 AND (date BETWEEN 2020-12-26 AND 2020-12-31)
12:13:22 cagu001 Carina Gustafsson INSERTING data into tables `timetable` fields ( customer, date, time_from, time_to, type, fkkn, status, alloc_emp, relation_id, employee ) values ( mygu001, 2020-12-26, 8.00, 24.00, 0, 1, 0, cagu001, 15674,  ), ( mygu001, 2020-12-27, 0.00, 6.00, 3, 1, 0, cagu001, 15675,  ), ( mygu001, 2020-12-27, 6.00, 9.00, 0, 1, 0, cagu001, 15676,  ), ( mygu001, 2020-12-30, 7.30, 24.00, 0, 1, 0, cagu001, 20933,  ), ( mygu001, 2020-12-31, 0.00, 6.00, 3, 1, 0, cagu001, 20934,  ), ( mygu001, 2020-12-31, 6.00, 8.30, 0, 1, 0, cagu001, 20935,  ) => {inserted_id = 21662}
12:13:22 cagu001 Carina Gustafsson INSERTING data into tables `leave` fields ( group_id, employee, date, time_from, time_to, type, comment, appr_emp, status, no_pay ) values ( 1274, thca002, 2020-12-26, 00.00, 24.00, 7, Smittbärarpenning, cagu001, 1, 0 ), ( 1274, thca002, 2020-12-27, 00.00, 24.00, 7, Smittbärarpenning, cagu001, 1, 0 ), ( 1274, thca002, 2020-12-28, 00.00, 24.00, 7, Smittbärarpenning, cagu001, 1, 0 ), ( 1274, thca002, 2020-12-29, 00.00, 24.00, 7, Smittbärarpenning, cagu001, 1, 0 ), ( 1274, thca002, 2020-12-30, 00.00, 24.00, 7, Smittbärarpenning, cagu001, 1, 0 ), ( 1274, thca002, 2020-12-31, 00.00, 24.00, 7, Smittbärarpenning, cagu001, 1, 0 ) => {inserted_id = 1973}
12:15:58 cagu001 Carina Gustafsson UPDATING data to tables `timetable` fields ( status, employee, alloc_emp ) values (1, pagu001, cagu001) on conditions id = 20929
12:15:58 cagu001 Carina Gustafsson UPDATING data to tables `timetable` fields ( status, employee, alloc_emp ) values (1, pagu001, cagu001) on conditions id = 20927
12:15:58 cagu001 Carina Gustafsson UPDATING data to tables `timetable` fields ( status, employee, alloc_emp ) values (1, pagu001, cagu001) on conditions id = 20928
12:16:28 cagu001 Carina Gustafsson UPDATING data to tables `timetable` fields ( customer, employee, date, time_from, time_to, fkkn, type, status, comment ) values (mygu001, cagu001, 2020-12-24, 7.30, 14.30, 1, 0, 1, ) on conditions id = 15667
12:16:59 cagu001 Carina Gustafsson UPDATING data to tables `timetable` fields ( customer, employee, date, time_from, time_to, fkkn, type, status, comment ) values (mygu001, pagu001, 2020-12-25, 7.30, 24, 1, 0, 1, ) on conditions id = 20930
12:17:32 cagu001 Carina Gustafsson UPDATING data to tables `timetable` fields ( status, employee, alloc_emp ) values (1, pagu001, cagu001) on conditions id = 20931
12:17:32 cagu001 Carina Gustafsson UPDATING data to tables `timetable` fields ( status, employee, alloc_emp ) values (1, pagu001, cagu001) on conditions id = 20932
12:18:03 cagu001 Carina Gustafsson UPDATING data to tables `timetable` fields ( status, employee, alloc_emp ) values (1, cagu001, cagu001) on conditions id = 21662
12:18:03 cagu001 Carina Gustafsson UPDATING data to tables `timetable` fields ( status, employee, alloc_emp ) values (1, cagu001, cagu001) on conditions id = 21663
12:18:03 cagu001 Carina Gustafsson UPDATING data to tables `timetable` fields ( status, employee, alloc_emp ) values (1, cagu001, cagu001) on conditions id = 21664
12:34:17 cagu001 Carina Gustafsson DELETE data from tables `temp_session` on conditions username LIKE cagu001
12:34:17 cagu001 Carina Gustafsson UPDATING data to tables `time2vie_cirruscommon`.`login` fields ( login, last_time ) values (0, 2020-12-25 12:34:17) on conditions username = cagu001
12:34:17 cagu001 Carina Gustafsson UPDATING data to tables `time2vie_cirruscommon`.`secondary_login` fields ( last_login_time ) values (2020-12-25 12:34:17) on conditions username = cagu001 AND company_id = 20
12:34:17   UPDATING data to tables `log_login` fields ( logout_time ) values (2020-12-25:11:34:17) on conditions id = 16710 AND username = cagu001
14:00:08 emel002 Emma Eliasson UPDATING data to tables `time2vie_cirruscommon`.`secondary_login` fields ( error ) values (0) on conditions username = emel002 AND company_id = 20
14:00:08 emel002 Emma Eliasson INSERTING data into tables `log_login` fields ( username, ip, browser ) values ( emel002, 90.235.40.102, Time2View/2 CFNetwork/1128.0.1 Darwin/19.6.0 ) => {inserted_id = 16711}
14:00:08 emel002 Emma Eliasson DELETE data from tables `temp_session` on conditions username LIKE emel002
14:00:08 emel002 Emma Eliasson UPDATING data to tables `time2vie_cirruscommon`.`login` fields ( login, last_time ) values (1, 2020-12-25 14:00:08) on conditions username = emel002
14:00:08 emel002 Emma Eliasson UPDATING data to tables `time2vie_cirruscommon`.`secondary_login` fields ( last_login_time ) values (2020-12-25 14:00:08) on conditions username = emel002 AND company_id = 20
14:31:46 biwa003 Birgitta Wåhlander INSERTING data into tables `log_login` fields ( username, ip, browser ) values ( biwa003, 185.27.165.66, Mozilla/5.0 (iPad; CPU OS 14_2 like Mac OS X) AppleWebKit/605.1.15 (KHTML, like Gecko) CriOS/87.0.4280.77 Mobile/15E148 Safari/604.1 ) => {inserted_id = 16712}
14:31:46 biwa003 Birgitta Wåhlander DELETE data from tables `temp_session` on conditions username LIKE biwa003
14:31:46 biwa003 Birgitta Wåhlander UPDATING data to tables `time2vie_cirruscommon`.`login` fields ( login, last_time ) values (1, 2020-12-25 14:31:46) on conditions username = biwa003
14:31:46 biwa003 Birgitta Wåhlander UPDATING data to tables `time2vie_cirruscommon`.`secondary_login` fields ( last_login_time ) values (2020-12-25 14:31:46) on conditions username = biwa003 AND company_id = 20
14:31:46 biwa003 Birgitta Wåhlander UPDATING data to tables `time2vie_cirruscommon`.`ws_sessions` fields ( user_id ) values (biwa003) on conditions session_id = ibf2f8vkpbu0s8nfprvcf11k70
15:41:31 emel002 Emma Eliasson UPDATING data to tables `time2vie_cirruscommon`.`secondary_login` fields ( error ) values (0) on conditions username = emel002 AND company_id = 20
15:41:31 emel002 Emma Eliasson INSERTING data into tables `log_login` fields ( username, ip, browser ) values ( emel002, 90.235.40.102, Time2View/2 CFNetwork/1128.0.1 Darwin/19.6.0 ) => {inserted_id = 16713}
15:41:31 emel002 Emma Eliasson DELETE data from tables `temp_session` on conditions username LIKE emel002
15:41:31 emel002 Emma Eliasson UPDATING data to tables `time2vie_cirruscommon`.`login` fields ( login, last_time ) values (1, 2020-12-25 15:41:31) on conditions username = emel002
15:41:31 emel002 Emma Eliasson UPDATING data to tables `time2vie_cirruscommon`.`secondary_login` fields ( last_login_time ) values (2020-12-25 15:41:31) on conditions username = emel002 AND company_id = 20
15:53:36 lawa002 Lars Wåhlander UPDATING data to tables `time2vie_cirruscommon`.`secondary_login` fields ( error ) values (0) on conditions username = lawa002 AND company_id = 20
15:53:36 lawa002 Lars Wåhlander INSERTING data into tables `log_login` fields ( username, ip, browser ) values ( lawa002, 94.103.194.75, Time2View/2 CFNetwork/1206 Darwin/20.1.0 ) => {inserted_id = 16714}
15:53:36 lawa002 Lars Wåhlander DELETE data from tables `temp_session` on conditions username LIKE lawa002
15:53:36 lawa002 Lars Wåhlander UPDATING data to tables `time2vie_cirruscommon`.`login` fields ( login, last_time ) values (1, 2020-12-25 15:53:36) on conditions username = lawa002
15:53:36 lawa002 Lars Wåhlander UPDATING data to tables `time2vie_cirruscommon`.`secondary_login` fields ( last_login_time ) values (2020-12-25 15:53:36) on conditions username = lawa002 AND company_id = 20
16:16:06 emel002 Emma Eliasson UPDATING data to tables `time2vie_cirruscommon`.`secondary_login` fields ( error ) values (0) on conditions username = emel002 AND company_id = 20
16:16:06 emel002 Emma Eliasson INSERTING data into tables `log_login` fields ( username, ip, browser ) values ( emel002, 90.235.50.97, Time2View/2 CFNetwork/1128.0.1 Darwin/19.6.0 ) => {inserted_id = 16715}
16:16:06 emel002 Emma Eliasson DELETE data from tables `temp_session` on conditions username LIKE emel002
16:16:06 emel002 Emma Eliasson UPDATING data to tables `time2vie_cirruscommon`.`login` fields ( login, last_time ) values (1, 2020-12-25 16:16:06) on conditions username = emel002
16:16:06 emel002 Emma Eliasson UPDATING data to tables `time2vie_cirruscommon`.`secondary_login` fields ( last_login_time ) values (2020-12-25 16:16:06) on conditions username = emel002 AND company_id = 20
16:23:55 anka019 Anna Kawalya Westerberg INSERTING data into tables `log_login` fields ( username, ip, browser ) values ( anka019, 90.227.104.136, Mozilla/5.0 (iPhone; CPU iPhone OS 14_2 like Mac OS X) AppleWebKit/605.1.15 (KHTML, like Gecko) Version/14.0.1 Mobile/15E148 Safari/604.1 ) => {inserted_id = 16716}
16:23:55 anka019 Anna Kawalya Westerberg DELETE data from tables `temp_session` on conditions username LIKE anka019
16:23:55 anka019 Anna Kawalya Westerberg UPDATING data to tables `time2vie_cirruscommon`.`login` fields ( login, last_time ) values (1, 2020-12-25 16:23:55) on conditions username = anka019
16:23:55 anka019 Anna Kawalya Westerberg UPDATING data to tables `time2vie_cirruscommon`.`secondary_login` fields ( last_login_time ) values (2020-12-25 16:23:55) on conditions username = anka019 AND company_id = 20
16:23:55 anka019 Anna Kawalya Westerberg UPDATING data to tables `time2vie_cirruscommon`.`ws_sessions` fields ( user_id ) values (anka019) on conditions session_id = jnm6t7fl3l36ebpqo0k8vle3k2
16:27:41 anwa006 Andréas Wallin UPDATING data to tables `time2vie_cirruscommon`.`secondary_login` fields ( error ) values (0) on conditions username = anwa006 AND company_id = 20
16:27:41 anwa006 Andréas Wallin INSERTING data into tables `log_login` fields ( username, ip, browser ) values ( anwa006, 94.103.194.75, okhttp/3.9.1 ) => {inserted_id = 16717}
16:27:41 anwa006 Andréas Wallin DELETE data from tables `temp_session` on conditions username LIKE anwa006
16:27:41 anwa006 Andréas Wallin UPDATING data to tables `time2vie_cirruscommon`.`login` fields ( login, last_time ) values (1, 2020-12-25 16:27:41) on conditions username = anwa006
16:27:41 anwa006 Andréas Wallin UPDATING data to tables `time2vie_cirruscommon`.`secondary_login` fields ( last_login_time ) values (2020-12-25 16:27:41) on conditions username = anwa006 AND company_id = 20
18:08:00 cagu001 Carina Gustafsson UPDATING data to tables `time2vie_cirruscommon`.`secondary_login` fields ( error ) values (0) on conditions username = cagu001 AND company_id = 20
18:08:00 cagu001 Carina Gustafsson INSERTING data into tables `log_login` fields ( username, ip, browser ) values ( cagu001, 176.10.245.4, okhttp/3.9.1 ) => {inserted_id = 16718}
18:08:00 cagu001 Carina Gustafsson DELETE data from tables `temp_session` on conditions username LIKE cagu001
18:08:00 cagu001 Carina Gustafsson UPDATING data to tables `time2vie_cirruscommon`.`login` fields ( login, last_time ) values (1, 2020-12-25 18:08:00) on conditions username = cagu001
18:08:00 cagu001 Carina Gustafsson UPDATING data to tables `time2vie_cirruscommon`.`secondary_login` fields ( last_login_time ) values (2020-12-25 18:08:00) on conditions username = cagu001 AND company_id = 20
18:08:48 cagu001 Carina Gustafsson UPDATING data to tables `timetable` fields ( customer, employee, date, time_from, time_to, fkkn, type, status, comment ) values (mygu001, asgr002, 2020-12-30, 7.30, 24, 1, 0, 1, ) on conditions id = 21665 #Mobile-App: Log-id=16718
18:09:01 cagu001 Carina Gustafsson UPDATING data to tables `timetable` fields ( customer, employee, date, time_from, time_to, fkkn, type, status, comment ) values (mygu001, asgr002, 2020-12-31, 0.00, 6.00, 1, 3, 1, ) on conditions id = 21666 #Mobile-App: Log-id=16718
18:09:14 cagu001 Carina Gustafsson UPDATING data to tables `timetable` fields ( customer, employee, date, time_from, time_to, fkkn, type, status, comment ) values (mygu001, asgr002, 2020-12-31, 6.00, 8.30, 1, 0, 1, ) on conditions id = 21667 #Mobile-App: Log-id=16718
18:09:39 cagu001 Carina Gustafsson UPDATING data to tables `timetable` fields ( customer, employee, date, time_from, time_to, fkkn, type, status, comment ) values (mygu001, cagu001, 2020-12-31, 14.30, 24, 1, 0, 1, ) on conditions id = 15692 #Mobile-App: Log-id=16718
18:09:53 cagu001 Carina Gustafsson UPDATING data to tables `timetable` fields ( customer, employee, date, time_from, time_to, fkkn, type, status, comment ) values (mygu001, cagu001, 2021-01-01, 0.00, 6.00, 1, 3, 1, ) on conditions id = 15693 #Mobile-App: Log-id=16718
18:10:05 cagu001 Carina Gustafsson UPDATING data to tables `timetable` fields ( customer, employee, date, time_from, time_to, fkkn, type, status, comment ) values (mygu001, cagu001, 2021-01-01, 6.00, 8.30, 1, 0, 1, ) on conditions id = 15694 #Mobile-App: Log-id=16718
18:10:59 cagu001 Carina Gustafsson UPDATING data to tables `timetable` fields ( customer, employee, date, time_from, time_to, fkkn, type, status, comment ) values (mygu001, cagu001, 2021-01-01, 6.00, 10.30, 1, 0, 1, ) on conditions id = 15694 #Mobile-App: Log-id=16718
20:48:13 mato007 Mattias Torbiörnson UPDATING data to tables `time2vie_cirruscommon`.`secondary_login` fields ( error ) values (0) on conditions username = mato007 AND company_id = 20
20:48:13 mato007 Mattias Torbiörnson INSERTING data into tables `log_login` fields ( username, ip, browser ) values ( mato007, 217.73.111.160, Time2View/2 CFNetwork/1209 Darwin/20.2.0 ) => {inserted_id = 16720}
20:48:13 mato007 Mattias Torbiörnson DELETE data from tables `temp_session` on conditions username LIKE mato007
20:48:13 mato007 Mattias Torbiörnson UPDATING data to tables `time2vie_cirruscommon`.`login` fields ( login, last_time ) values (1, 2020-12-25 20:48:13) on conditions username = mato007
20:48:13 mato007 Mattias Torbiörnson UPDATING data to tables `time2vie_cirruscommon`.`secondary_login` fields ( last_login_time ) values (2020-12-25 20:48:13) on conditions username = mato007 AND company_id = 20
20:57:55 emel002 Emma Eliasson UPDATING data to tables `time2vie_cirruscommon`.`secondary_login` fields ( error ) values (0) on conditions username = emel002 AND company_id = 20
20:57:55 emel002 Emma Eliasson INSERTING data into tables `log_login` fields ( username, ip, browser ) values ( emel002, 90.235.50.97, Time2View/2 CFNetwork/1128.0.1 Darwin/19.6.0 ) => {inserted_id = 16721}
20:57:55 emel002 Emma Eliasson DELETE data from tables `temp_session` on conditions username LIKE emel002
20:57:55 emel002 Emma Eliasson UPDATING data to tables `time2vie_cirruscommon`.`login` fields ( login, last_time ) values (1, 2020-12-25 20:57:55) on conditions username = emel002
20:57:55 emel002 Emma Eliasson UPDATING data to tables `time2vie_cirruscommon`.`secondary_login` fields ( last_login_time ) values (2020-12-25 20:57:55) on conditions username = emel002 AND company_id = 20
21:59:51 anwa006 Andréas Wallin UPDATING data to tables `time2vie_cirruscommon`.`secondary_login` fields ( error ) values (0) on conditions username = anwa006 AND company_id = 20
21:59:51 anwa006 Andréas Wallin INSERTING data into tables `log_login` fields ( username, ip, browser ) values ( anwa006, 98.128.166.99, okhttp/3.9.1 ) => {inserted_id = 16722}
21:59:51 anwa006 Andréas Wallin DELETE data from tables `temp_session` on conditions username LIKE anwa006
21:59:51 anwa006 Andréas Wallin UPDATING data to tables `time2vie_cirruscommon`.`login` fields ( login, last_time ) values (1, 2020-12-25 21:59:51) on conditions username = anwa006
21:59:51 anwa006 Andréas Wallin UPDATING data to tables `time2vie_cirruscommon`.`secondary_login` fields ( last_login_time ) values (2020-12-25 21:59:51) on conditions username = anwa006 AND company_id = 20
00:12:00 asgr002 Åsa Grimberg UPDATING data to tables `time2vie_cirruscommon`.`secondary_login` fields ( error ) values (0) on conditions username = asgr002 AND company_id = 20
00:12:00 asgr002 Åsa Grimberg INSERTING data into tables `log_login` fields ( username, ip, browser ) values ( asgr002, 78.70.134.49, Time2View/2 CFNetwork/1206 Darwin/20.1.0 ) => {inserted_id = 16723}
00:12:00 asgr002 Åsa Grimberg DELETE data from tables `temp_session` on conditions username LIKE asgr002
00:12:00 asgr002 Åsa Grimberg UPDATING data to tables `time2vie_cirruscommon`.`login` fields ( login, last_time ) values (1, 2020-12-26 00:12:00) on conditions username = asgr002
00:12:01 asgr002 Åsa Grimberg UPDATING data to tables `time2vie_cirruscommon`.`secondary_login` fields ( last_login_time ) values (2020-12-26 00:12:00) on conditions username = asgr002 AND company_id = 20
