09:16:10 cagu001 Carina Gustafsson UPDATING data to tables `time2vie_cirruscommon`.`secondary_login` fields ( error ) values (0) on conditions username = cagu001 AND company_id = 20
09:16:10 cagu001 Carina Gustafsson INSERTING data into tables `log_login` fields ( username, ip, browser ) values ( cagu001, 176.10.245.4, okhttp/3.9.1 ) => {inserted_id = 11585}
09:16:10 cagu001 Carina Gustafsson DELETE data from tables `temp_session` on conditions username LIKE cagu001
09:16:10 cagu001 Carina Gustafsson UPDATING data to tables `time2vie_cirruscommon`.`login` fields ( login, last_time ) values (1, 2020-06-21 09:16:10) on conditions username = cagu001
09:16:10 cagu001 Carina Gustafsson UPDATING data to tables `time2vie_cirruscommon`.`secondary_login` fields ( last_login_time ) values (2020-06-21 09:16:10) on conditions username = cagu001 AND company_id = 20
11:06:12 anka020 Annika Karlsson UPDATING data to tables `time2vie_cirruscommon`.`secondary_login` fields ( error ) values (0) on conditions username = anka020 AND company_id = 20
11:06:12 anka020 Annika Karlsson INSERTING data into tables `log_login` fields ( username, ip, browser ) values ( anka020, 188.151.6.165, okhttp/3.9.1 ) => {inserted_id = 11586}
11:06:12 anka020 Annika Karlsson DELETE data from tables `temp_session` on conditions username LIKE anka020
11:06:12 anka020 Annika Karlsson UPDATING data to tables `time2vie_cirruscommon`.`login` fields ( login, last_time ) values (1, 2020-06-21 11:06:12) on conditions username = anka020
11:06:12 anka020 Annika Karlsson UPDATING data to tables `time2vie_cirruscommon`.`secondary_login` fields ( last_login_time ) values (2020-06-21 11:06:12) on conditions username = anka020 AND company_id = 20
12:47:25 peka002 Petronella Karlsson UPDATING data to tables `time2vie_cirruscommon`.`secondary_login` fields ( error ) values (0) on conditions username = peka002 AND company_id = 20
12:47:25 peka002 Petronella Karlsson INSERTING data into tables `log_login` fields ( username, ip, browser ) values ( peka002, 81.229.116.162, Time2View/1 CFNetwork/1126 Darwin/19.5.0 ) => {inserted_id = 11587}
12:47:25 peka002 Petronella Karlsson DELETE data from tables `temp_session` on conditions username LIKE peka002
12:47:25 peka002 Petronella Karlsson UPDATING data to tables `time2vie_cirruscommon`.`login` fields ( login, last_time ) values (1, 2020-06-21 12:47:25) on conditions username = peka002
12:47:25 peka002 Petronella Karlsson UPDATING data to tables `time2vie_cirruscommon`.`secondary_login` fields ( last_login_time ) values (2020-06-21 12:47:25) on conditions username = peka002 AND company_id = 20
13:06:15 anka019 Anna Kawalya Westerberg INSERTING data into tables `log_login` fields ( username, ip, browser ) values ( anka019, 94.234.41.27, Mozilla/5.0 (iPhone; CPU iPhone OS 13_4_1 like Mac OS X) AppleWebKit/605.1.15 (KHTML, like Gecko) Version/13.1 Mobile/15E148 Safari/604.1 ) => {inserted_id = 11588}
13:06:15 anka019 Anna Kawalya Westerberg DELETE data from tables `temp_session` on conditions username LIKE anka019
13:06:15 anka019 Anna Kawalya Westerberg UPDATING data to tables `time2vie_cirruscommon`.`login` fields ( login, last_time ) values (1, 2020-06-21 13:06:15) on conditions username = anka019
13:06:15 anka019 Anna Kawalya Westerberg UPDATING data to tables `time2vie_cirruscommon`.`secondary_login` fields ( last_login_time ) values (2020-06-21 13:06:15) on conditions username = anka019 AND company_id = 20
13:06:15 anka019 Anna Kawalya Westerberg UPDATING data to tables `time2vie_cirruscommon`.`ws_sessions` fields ( user_id ) values (anka019) on conditions session_id = ac9740a21217f372a9dc7a04996f0d7a
13:06:15 anka019 Anna Kawalya Westerberg INSERTING data into tables `log_login` fields ( username, ip, browser ) values ( anka019, 94.234.41.27, Mozilla/5.0 (iPhone; CPU iPhone OS 13_4_1 like Mac OS X) AppleWebKit/605.1.15 (KHTML, like Gecko) Version/13.1 Mobile/15E148 Safari/604.1 ) => {inserted_id = 11589}
13:06:15 anka019 Anna Kawalya Westerberg DELETE data from tables `temp_session` on conditions username LIKE anka019
13:06:15 anka019 Anna Kawalya Westerberg UPDATING data to tables `time2vie_cirruscommon`.`login` fields ( login, last_time ) values (1, 2020-06-21 13:06:15) on conditions username = anka019
13:06:15 anka019 Anna Kawalya Westerberg UPDATING data to tables `time2vie_cirruscommon`.`secondary_login` fields ( last_login_time ) values (2020-06-21 13:06:15) on conditions username = anka019 AND company_id = 20
13:06:16 anka019 Anna Kawalya Westerberg UPDATING data to tables `time2vie_cirruscommon`.`ws_sessions` fields ( user_id ) values (anka019) on conditions session_id = ac9740a21217f372a9dc7a04996f0d7a
15:04:27 anka019 Anna Kawalya Westerberg INSERTING data into tables `log_login` fields ( username, ip, browser ) values ( anka019, 217.212.216.98, Mozilla/5.0 (iPhone; CPU iPhone OS 13_4_1 like Mac OS X) AppleWebKit/605.1.15 (KHTML, like Gecko) Version/13.1 Mobile/15E148 Safari/604.1 ) => {inserted_id = 11590}
15:04:27 anka019 Anna Kawalya Westerberg DELETE data from tables `temp_session` on conditions username LIKE anka019
15:04:27 anka019 Anna Kawalya Westerberg UPDATING data to tables `time2vie_cirruscommon`.`login` fields ( login, last_time ) values (1, 2020-06-21 15:04:27) on conditions username = anka019
15:04:27 anka019 Anna Kawalya Westerberg UPDATING data to tables `time2vie_cirruscommon`.`secondary_login` fields ( last_login_time ) values (2020-06-21 15:04:27) on conditions username = anka019 AND company_id = 20
15:04:27 anka019 Anna Kawalya Westerberg UPDATING data to tables `time2vie_cirruscommon`.`ws_sessions` fields ( user_id ) values (anka019) on conditions session_id = ac9740a21217f372a9dc7a04996f0d7a
15:28:18 biwa003 Birgitta Wåhlander INSERTING data into tables `log_login` fields ( username, ip, browser ) values ( biwa003, 94.103.194.75, Mozilla/5.0 (iPad; CPU OS 13_5 like Mac OS X) AppleWebKit/605.1.15 (KHTML, like Gecko) CriOS/83.0.4103.88 Mobile/15E148 Safari/604.1 ) => {inserted_id = 11591}
15:28:18 biwa003 Birgitta Wåhlander DELETE data from tables `temp_session` on conditions username LIKE biwa003
15:28:18 biwa003 Birgitta Wåhlander UPDATING data to tables `time2vie_cirruscommon`.`login` fields ( login, last_time ) values (1, 2020-06-21 15:28:18) on conditions username = biwa003
15:28:18 biwa003 Birgitta Wåhlander UPDATING data to tables `time2vie_cirruscommon`.`secondary_login` fields ( last_login_time ) values (2020-06-21 15:28:18) on conditions username = biwa003 AND company_id = 20
15:28:18 biwa003 Birgitta Wåhlander UPDATING data to tables `time2vie_cirruscommon`.`ws_sessions` fields ( user_id ) values (biwa003) on conditions session_id = 8a448ba0befac42877a5bc705c3021ec
15:29:56 biwa003 Birgitta Wåhlander INSERTING data into tables `timetable` fields ( employee, customer, fkkn, type, date, time_from, time_to, status, created_status, alloc_emp, comment ) values ( gaan001, chwa001, 1, 7, 2020-06-28, 10.30, 15.30, 1, , biwa003,  ) => {inserted_id = 16847}
15:29:56 biwa003 Birgitta Wåhlander INSERTING data into tables `memory_slots` fields ( customer, time_from, time_to, type ) values ( chwa001, 10.30, 15.30, 7 ) => {inserted_id = 325}
16:57:34 biwa003 Birgitta Wåhlander INSERTING data into tables `log_login` fields ( username, ip, browser ) values ( biwa003, 94.103.194.75, Mozilla/5.0 (iPad; CPU OS 13_5 like Mac OS X) AppleWebKit/605.1.15 (KHTML, like Gecko) CriOS/83.0.4103.88 Mobile/15E148 Safari/604.1 ) => {inserted_id = 11592}
16:57:34 biwa003 Birgitta Wåhlander DELETE data from tables `temp_session` on conditions username LIKE biwa003
16:57:34 biwa003 Birgitta Wåhlander UPDATING data to tables `time2vie_cirruscommon`.`login` fields ( login, last_time ) values (1, 2020-06-21 16:57:34) on conditions username = biwa003
16:57:34 biwa003 Birgitta Wåhlander UPDATING data to tables `time2vie_cirruscommon`.`secondary_login` fields ( last_login_time ) values (2020-06-21 16:57:34) on conditions username = biwa003 AND company_id = 20
16:57:35 biwa003 Birgitta Wåhlander UPDATING data to tables `time2vie_cirruscommon`.`ws_sessions` fields ( user_id ) values (biwa003) on conditions session_id = f072b04ca7b54d2b9fcc022e254e4c7d
16:58:12 biwa003 Birgitta Wåhlander UPDATING data to tables `time2vie_cirruscommon`.`ws_sessions` fields ( user_id ) values (biwa003) on conditions session_id = f072b04ca7b54d2b9fcc022e254e4c7d
17:33:12 liha009 Linnéa Handin UPDATING data to tables `time2vie_cirruscommon`.`secondary_login` fields ( error ) values (0) on conditions username = liha009 AND company_id = 20
17:33:12 liha009 Linnéa Handin INSERTING data into tables `log_login` fields ( username, ip, browser ) values ( liha009, 78.69.73.236, Time2View/1 CFNetwork/1126 Darwin/19.5.0 ) => {inserted_id = 11593}
17:33:12 liha009 Linnéa Handin DELETE data from tables `temp_session` on conditions username LIKE liha009
17:33:12 liha009 Linnéa Handin UPDATING data to tables `time2vie_cirruscommon`.`login` fields ( login, last_time ) values (1, 2020-06-21 17:33:12) on conditions username = liha009
17:33:12 liha009 Linnéa Handin UPDATING data to tables `time2vie_cirruscommon`.`secondary_login` fields ( last_login_time ) values (2020-06-21 17:33:12) on conditions username = liha009 AND company_id = 20
18:53:29 jobe008 Joakim Bengtsson UPDATING data to tables `time2vie_cirruscommon`.`secondary_login` fields ( error ) values (0) on conditions username = jobe008 AND company_id = 20
18:53:29 jobe008 Joakim Bengtsson INSERTING data into tables `log_login` fields ( username, ip, browser ) values ( jobe008, 217.73.111.23, okhttp/3.9.1 ) => {inserted_id = 11594}
18:53:29 jobe008 Joakim Bengtsson DELETE data from tables `temp_session` on conditions username LIKE jobe008
18:53:29 jobe008 Joakim Bengtsson UPDATING data to tables `time2vie_cirruscommon`.`login` fields ( login, last_time ) values (1, 2020-06-21 18:53:29) on conditions username = jobe008
18:53:29 jobe008 Joakim Bengtsson UPDATING data to tables `time2vie_cirruscommon`.`secondary_login` fields ( last_login_time ) values (2020-06-21 18:53:29) on conditions username = jobe008 AND company_id = 20
18:54:57 erbe003 Erika Bengtsson UPDATING data to tables `time2vie_cirruscommon`.`secondary_login` fields ( error ) values (0) on conditions username = erbe003 AND company_id = 20
18:54:57 erbe003 Erika Bengtsson INSERTING data into tables `log_login` fields ( username, ip, browser ) values ( erbe003, 217.73.111.23, Mozilla/5.0 (Linux; Android 10; SM-G960F) AppleWebKit/537.36 (KHTML, like Gecko) Chrome/83.0.4103.106 Mobile Safari/537.36 ) => {inserted_id = 11595}
18:54:57 erbe003 Erika Bengtsson DELETE data from tables `temp_session` on conditions username LIKE erbe003
18:54:57 erbe003 Erika Bengtsson UPDATING data to tables `time2vie_cirruscommon`.`login` fields ( login, last_time ) values (1, 2020-06-21 18:54:57) on conditions username = erbe003
18:54:57 erbe003 Erika Bengtsson UPDATING data to tables `time2vie_cirruscommon`.`secondary_login` fields ( last_login_time ) values (2020-06-21 18:54:57) on conditions username = erbe003 AND company_id = 20
18:54:57 erbe003 Erika Bengtsson UPDATING data to tables `time2vie_cirruscommon`.`ws_sessions` fields ( user_id ) values (erbe003) on conditions session_id = 311382c276036159c6caba5e68853fbc
18:58:13 jobe008 Joakim Bengtsson UPDATING data to tables `time2vie_cirruscommon`.`secondary_login` fields ( error ) values (0) on conditions username = jobe008 AND company_id = 20
18:58:13 jobe008 Joakim Bengtsson INSERTING data into tables `log_login` fields ( username, ip, browser ) values ( jobe008, 217.73.111.23, okhttp/3.9.1 ) => {inserted_id = 11596}
18:58:13 jobe008 Joakim Bengtsson DELETE data from tables `temp_session` on conditions username LIKE jobe008
18:58:13 jobe008 Joakim Bengtsson UPDATING data to tables `time2vie_cirruscommon`.`login` fields ( login, last_time ) values (1, 2020-06-21 18:58:13) on conditions username = jobe008
18:58:13 jobe008 Joakim Bengtsson UPDATING data to tables `time2vie_cirruscommon`.`secondary_login` fields ( last_login_time ) values (2020-06-21 18:58:13) on conditions username = jobe008 AND company_id = 20
19:00:06 jobe008 Joakim Bengtsson UPDATING data to tables `timetable` fields ( customer, employee, date, time_from, time_to, fkkn, type, status, comment ) values (jebe002, jobe008, 2020-07-03, 6.00, 9.00, 1, 0, 1, ) on conditions id = 14866 #Mobile-App: Log-id=11596
19:01:57 jobe008 Joakim Bengtsson UPDATING data to tables `timetable` fields ( customer, employee, date, time_from, time_to, fkkn, type, status, comment ) values (jebe002, sobe001, 2020-07-03, 6.00, 9.00, 1, 0, 1, ) on conditions id = 14866 #Mobile-App: Log-id=11596
19:05:08 jobe008 Joakim Bengtsson UPDATING data to tables `timetable` fields ( customer, employee, date, time_from, time_to, fkkn, type, status, comment ) values (jebe002, , 2020-07-23, 6.00, 9.00, 1, 0, 0, ) on conditions id = 14883 #Mobile-App: Log-id=11596
19:06:32 jobe008 Joakim Bengtsson UPDATING data to tables `timetable` fields ( customer, employee, date, time_from, time_to, fkkn, type, status, comment ) values (jebe002, erbe003, 2020-07-22, 22.00, 24, 1, 3, 1, ) on conditions id = 14881 #Mobile-App: Log-id=11596
19:06:44 jobe008 Joakim Bengtsson UPDATING data to tables `timetable` fields ( customer, employee, date, time_from, time_to, fkkn, type, status, comment ) values (jebe002, erbe003, 2020-07-23, 0.00, 6.00, 1, 3, 1, ) on conditions id = 14882 #Mobile-App: Log-id=11596
19:06:58 jobe008 Joakim Bengtsson UPDATING data to tables `timetable` fields ( customer, employee, date, time_from, time_to, fkkn, type, status, comment ) values (jebe002, erbe003, 2020-07-23, 6.00, 9.00, 1, 0, 1, ) on conditions id = 14883 #Mobile-App: Log-id=11596
19:11:17 erbe003 Erika Bengtsson INSERTING data into tables `log_login` fields ( username, ip, browser ) values ( erbe003, 217.73.111.23, Mozilla/5.0 (Linux; Android 10; SM-G960F) AppleWebKit/537.36 (KHTML, like Gecko) Chrome/83.0.4103.106 Mobile Safari/537.36 ) => {inserted_id = 11597}
19:11:17 erbe003 Erika Bengtsson DELETE data from tables `temp_session` on conditions username LIKE erbe003
19:11:17 erbe003 Erika Bengtsson UPDATING data to tables `time2vie_cirruscommon`.`login` fields ( login, last_time ) values (1, 2020-06-21 19:11:17) on conditions username = erbe003
19:11:17 erbe003 Erika Bengtsson UPDATING data to tables `time2vie_cirruscommon`.`secondary_login` fields ( last_login_time ) values (2020-06-21 19:11:17) on conditions username = erbe003 AND company_id = 20
19:11:17 erbe003 Erika Bengtsson UPDATING data to tables `time2vie_cirruscommon`.`ws_sessions` fields ( user_id ) values (erbe003) on conditions session_id = 2925ea82767ddabf36cb206d037ee359
19:12:56 erbe003 Erika Bengtsson UPDATING data to tables `time2vie_cirruscommon`.`ws_sessions` fields ( user_id ) values (erbe003) on conditions session_id = 2925ea82767ddabf36cb206d037ee359
19:13:06 erbe003 Erika Bengtsson UPDATING data to tables `time2vie_cirruscommon`.`ws_sessions` fields ( user_id ) values (erbe003) on conditions session_id = 2925ea82767ddabf36cb206d037ee359
20:05:49 emsa005 Emma Särnblom UPDATING data to tables `time2vie_cirruscommon`.`secondary_login` fields ( error ) values (0) on conditions username = emsa005 AND company_id = 20
20:05:49 emsa005 Emma Särnblom INSERTING data into tables `log_login` fields ( username, ip, browser ) values ( emsa005, 83.185.83.189, Time2View/1 CFNetwork/1125.2 Darwin/19.4.0 ) => {inserted_id = 11598}
20:05:49 emsa005 Emma Särnblom DELETE data from tables `temp_session` on conditions username LIKE emsa005
20:05:49 emsa005 Emma Särnblom UPDATING data to tables `time2vie_cirruscommon`.`login` fields ( login, last_time ) values (1, 2020-06-21 20:05:49) on conditions username = emsa005
20:05:49 emsa005 Emma Särnblom UPDATING data to tables `time2vie_cirruscommon`.`secondary_login` fields ( last_login_time ) values (2020-06-21 20:05:49) on conditions username = emsa005 AND company_id = 20
20:38:55 cagu001 Carina Gustafsson UPDATING data to tables `time2vie_cirruscommon`.`secondary_login` fields ( error ) values (0) on conditions username = cagu001 AND company_id = 20
20:38:55 cagu001 Carina Gustafsson INSERTING data into tables `log_login` fields ( username, ip, browser ) values ( cagu001, 176.10.245.4, okhttp/3.9.1 ) => {inserted_id = 11599}
20:38:55 cagu001 Carina Gustafsson DELETE data from tables `temp_session` on conditions username LIKE cagu001
20:38:55 cagu001 Carina Gustafsson UPDATING data to tables `time2vie_cirruscommon`.`login` fields ( login, last_time ) values (1, 2020-06-21 20:38:55) on conditions username = cagu001
20:38:55 cagu001 Carina Gustafsson UPDATING data to tables `time2vie_cirruscommon`.`secondary_login` fields ( last_login_time ) values (2020-06-21 20:38:55) on conditions username = cagu001 AND company_id = 20
20:41:08 mygu002 My Gustafsson INSERTING data into tables `log_login` fields ( username, ip, browser ) values ( mygu002, 88.129.149.88, Mozilla/5.0 (Windows NT 10.0; Win64; x64) AppleWebKit/537.36 (KHTML, like Gecko) Chrome/83.0.4103.106 Safari/537.36 ) => {inserted_id = 11600}
20:41:08 mygu002 My Gustafsson DELETE data from tables `temp_session` on conditions username LIKE mygu002
20:41:08 mygu002 My Gustafsson UPDATING data to tables `time2vie_cirruscommon`.`login` fields ( login, last_time ) values (1, 2020-06-21 20:41:08) on conditions username = mygu002
20:41:08 mygu002 My Gustafsson UPDATING data to tables `time2vie_cirruscommon`.`secondary_login` fields ( last_login_time ) values (2020-06-21 20:41:08) on conditions username = mygu002 AND company_id = 20
20:41:09 mygu002 My Gustafsson UPDATING data to tables `time2vie_cirruscommon`.`ws_sessions` fields ( user_id ) values (mygu002) on conditions session_id = 2ac07b84bdff7704a0df3b309f1bb094
20:43:48 mygu002 My Gustafsson UPDATING data to tables `timetable` fields ( customer, employee, date, time_from, time_to, fkkn, type, status, comment ) values (mygu001, tiha001, 2020-06-18, 7.30, 18.15, 1, 0, 1, ) on conditions id = 7567
20:49:48 cagu001 Carina Gustafsson UPDATING data to tables `timetable` fields ( customer, employee, date, time_from, time_to, fkkn, type, status, comment ) values (mygu001, , 2020-06-06, 0.00, 0.30, 1, 0, 0, ) on conditions id = 14852 #Mobile-App: Log-id=11599
20:50:10 cagu001 Carina Gustafsson UPDATING data to tables `timetable` fields ( customer, employee, date, time_from, time_to, fkkn, type, status, comment ) values (mygu001, emsa005, 2020-06-06, 0.00, 0.30, 1, 0, 1, ) on conditions id = 14852 #Mobile-App: Log-id=11599
20:51:05 cagu001 Carina Gustafsson INSERTING data into tables `timetable` fields ( employee, customer, fkkn, type, date, time_from, time_to, status, created_status, alloc_emp, comment ) values ( emsa005, mygu001, 1, 3, 2020-06-06, 0.30, 6.00, 1, , cagu001,  ) => {inserted_id = 16848} #Mobile-App: Log-id=11599
20:59:23 mygu002 My Gustafsson DELETE data from tables `temp_session` on conditions username LIKE mygu002
20:59:23 mygu002 My Gustafsson UPDATING data to tables `time2vie_cirruscommon`.`login` fields ( login, last_time ) values (0, 2020-06-21 20:59:23) on conditions username = mygu002
20:59:23 mygu002 My Gustafsson UPDATING data to tables `time2vie_cirruscommon`.`secondary_login` fields ( last_login_time ) values (2020-06-21 20:59:23) on conditions username = mygu002 AND company_id = 20
20:59:23   UPDATING data to tables `log_login` fields ( logout_time ) values (2020-06-21:18:59:23) on conditions id = 11600 AND username = mygu002
21:01:55 anja007 Annika Jakobsson UPDATING data to tables `time2vie_cirruscommon`.`secondary_login` fields ( error ) values (0) on conditions username = anja007 AND company_id = 20
21:01:55 anja007 Annika Jakobsson INSERTING data into tables `log_login` fields ( username, ip, browser ) values ( anja007, 94.191.137.209, Time2View/1 CFNetwork/1126 Darwin/19.5.0 ) => {inserted_id = 11601}
21:01:55 anja007 Annika Jakobsson DELETE data from tables `temp_session` on conditions username LIKE anja007
21:01:55 anja007 Annika Jakobsson UPDATING data to tables `time2vie_cirruscommon`.`login` fields ( login, last_time ) values (1, 2020-06-21 21:01:55) on conditions username = anja007
21:01:55 anja007 Annika Jakobsson UPDATING data to tables `time2vie_cirruscommon`.`secondary_login` fields ( last_login_time ) values (2020-06-21 21:01:55) on conditions username = anja007 AND company_id = 20
21:12:35 thca002 Therese Calic UPDATING data to tables `time2vie_cirruscommon`.`secondary_login` fields ( error ) values (0) on conditions username = thca002 AND company_id = 20
21:12:35 thca002 Therese Calic INSERTING data into tables `log_login` fields ( username, ip, browser ) values ( thca002, 217.73.111.127, Time2View/1 CFNetwork/1126 Darwin/19.5.0 ) => {inserted_id = 11602}
21:12:35 thca002 Therese Calic DELETE data from tables `temp_session` on conditions username LIKE thca002
21:12:35 thca002 Therese Calic UPDATING data to tables `time2vie_cirruscommon`.`login` fields ( login, last_time ) values (1, 2020-06-21 21:12:35) on conditions username = thca002
21:12:35 thca002 Therese Calic UPDATING data to tables `time2vie_cirruscommon`.`secondary_login` fields ( last_login_time ) values (2020-06-21 21:12:35) on conditions username = thca002 AND company_id = 20
21:39:13 biwa003 Birgitta Wåhlander INSERTING data into tables `log_login` fields ( username, ip, browser ) values ( biwa003, 185.27.165.66, Mozilla/5.0 (iPad; CPU OS 13_5 like Mac OS X) AppleWebKit/605.1.15 (KHTML, like Gecko) CriOS/83.0.4103.88 Mobile/15E148 Safari/604.1 ) => {inserted_id = 11603}
21:39:13 biwa003 Birgitta Wåhlander DELETE data from tables `temp_session` on conditions username LIKE biwa003
21:39:13 biwa003 Birgitta Wåhlander UPDATING data to tables `time2vie_cirruscommon`.`login` fields ( login, last_time ) values (1, 2020-06-21 21:39:13) on conditions username = biwa003
21:39:13 biwa003 Birgitta Wåhlander UPDATING data to tables `time2vie_cirruscommon`.`secondary_login` fields ( last_login_time ) values (2020-06-21 21:39:13) on conditions username = biwa003 AND company_id = 20
21:39:14 biwa003 Birgitta Wåhlander UPDATING data to tables `time2vie_cirruscommon`.`ws_sessions` fields ( user_id ) values (biwa003) on conditions session_id = b0081ea133a51c02682c4c71c95899df
22:07:28 anka019 Anna Kawalya Westerberg INSERTING data into tables `log_login` fields ( username, ip, browser ) values ( anka019, 217.212.216.98, Mozilla/5.0 (iPhone; CPU iPhone OS 13_4_1 like Mac OS X) AppleWebKit/605.1.15 (KHTML, like Gecko) Version/13.1 Mobile/15E148 Safari/604.1 ) => {inserted_id = 11604}
22:07:28 anka019 Anna Kawalya Westerberg DELETE data from tables `temp_session` on conditions username LIKE anka019
22:07:28 anka019 Anna Kawalya Westerberg UPDATING data to tables `time2vie_cirruscommon`.`login` fields ( login, last_time ) values (1, 2020-06-21 22:07:28) on conditions username = anka019
22:07:28 anka019 Anna Kawalya Westerberg UPDATING data to tables `time2vie_cirruscommon`.`secondary_login` fields ( last_login_time ) values (2020-06-21 22:07:28) on conditions username = anka019 AND company_id = 20
22:07:29 anka019 Anna Kawalya Westerberg UPDATING data to tables `time2vie_cirruscommon`.`ws_sessions` fields ( user_id ) values (anka019) on conditions session_id = 35a6bf1c6f04d918b2edf14b7e0b6728
22:07:29 anka019 Anna Kawalya Westerberg INSERTING data into tables `log_login` fields ( username, ip, browser ) values ( anka019, 217.212.216.98, Mozilla/5.0 (iPhone; CPU iPhone OS 13_4_1 like Mac OS X) AppleWebKit/605.1.15 (KHTML, like Gecko) Version/13.1 Mobile/15E148 Safari/604.1 ) => {inserted_id = 11605}
22:07:29 anka019 Anna Kawalya Westerberg DELETE data from tables `temp_session` on conditions username LIKE anka019
22:07:29 anka019 Anna Kawalya Westerberg UPDATING data to tables `time2vie_cirruscommon`.`login` fields ( login, last_time ) values (1, 2020-06-21 22:07:29) on conditions username = anka019
22:07:29 anka019 Anna Kawalya Westerberg UPDATING data to tables `time2vie_cirruscommon`.`secondary_login` fields ( last_login_time ) values (2020-06-21 22:07:29) on conditions username = anka019 AND company_id = 20
22:07:30 anka019 Anna Kawalya Westerberg UPDATING data to tables `time2vie_cirruscommon`.`ws_sessions` fields ( user_id ) values (anka019) on conditions session_id = 35a6bf1c6f04d918b2edf14b7e0b6728
22:14:58 liha009 Linnéa Handin INSERTING data into tables `log_login` fields ( username, ip, browser ) values ( liha009, 78.69.73.236, Mozilla/5.0 (iPhone; CPU iPhone OS 13_5_1 like Mac OS X) AppleWebKit/605.1.15 (KHTML, like Gecko) Version/13.1.1 Mobile/15E148 Safari/604.1 ) => {inserted_id = 11606}
22:14:58 liha009 Linnéa Handin DELETE data from tables `temp_session` on conditions username LIKE liha009
22:14:58 liha009 Linnéa Handin UPDATING data to tables `time2vie_cirruscommon`.`login` fields ( login, last_time ) values (1, 2020-06-21 22:14:58) on conditions username = liha009
22:14:58 liha009 Linnéa Handin UPDATING data to tables `time2vie_cirruscommon`.`secondary_login` fields ( last_login_time ) values (2020-06-21 22:14:58) on conditions username = liha009 AND company_id = 20
22:14:58 liha009 Linnéa Handin UPDATING data to tables `time2vie_cirruscommon`.`ws_sessions` fields ( user_id ) values (liha009) on conditions session_id = 9514380e30d422e9a036fa1babebcca5
22:30:50 anka019 Anna Kawalya Westerberg UPDATING data to tables `time2vie_cirruscommon`.`secondary_login` fields ( error ) values (0) on conditions username = anka019 AND company_id = 20
22:30:50 anka019 Anna Kawalya Westerberg INSERTING data into tables `log_login` fields ( username, ip, browser ) values ( anka019, 217.212.216.98, Time2View/1 CFNetwork/1125.2 Darwin/19.4.0 ) => {inserted_id = 11607}
22:30:50 anka019 Anna Kawalya Westerberg DELETE data from tables `temp_session` on conditions username LIKE anka019
22:30:50 anka019 Anna Kawalya Westerberg UPDATING data to tables `time2vie_cirruscommon`.`login` fields ( login, last_time ) values (1, 2020-06-21 22:30:50) on conditions username = anka019
22:30:50 anka019 Anna Kawalya Westerberg UPDATING data to tables `time2vie_cirruscommon`.`secondary_login` fields ( last_login_time ) values (2020-06-21 22:30:50) on conditions username = anka019 AND company_id = 20
23:30:31 biwa003 Birgitta Wåhlander INSERTING data into tables `log_login` fields ( username, ip, browser ) values ( biwa003, 185.27.165.66, Mozilla/5.0 (iPad; CPU OS 13_5 like Mac OS X) AppleWebKit/605.1.15 (KHTML, like Gecko) CriOS/83.0.4103.88 Mobile/15E148 Safari/604.1 ) => {inserted_id = 11608}
23:30:31 biwa003 Birgitta Wåhlander DELETE data from tables `temp_session` on conditions username LIKE biwa003
23:30:31 biwa003 Birgitta Wåhlander UPDATING data to tables `time2vie_cirruscommon`.`login` fields ( login, last_time ) values (1, 2020-06-21 23:30:31) on conditions username = biwa003
23:30:31 biwa003 Birgitta Wåhlander UPDATING data to tables `time2vie_cirruscommon`.`secondary_login` fields ( last_login_time ) values (2020-06-21 23:30:31) on conditions username = biwa003 AND company_id = 20
23:30:31 biwa003 Birgitta Wåhlander UPDATING data to tables `time2vie_cirruscommon`.`ws_sessions` fields ( user_id ) values (biwa003) on conditions session_id = d3ca2abb25775489d15769b3f408f0b2
00:01:24 loli005 Lovisa Lian UPDATING data to tables `time2vie_cirruscommon`.`secondary_login` fields ( error ) values (0) on conditions username = loli005 AND company_id = 20
00:01:24 loli005 Lovisa Lian INSERTING data into tables `log_login` fields ( username, ip, browser ) values ( loli005, 213.89.68.183, Time2View/1 CFNetwork/1125.2 Darwin/19.4.0 ) => {inserted_id = 11609}
00:01:24 loli005 Lovisa Lian DELETE data from tables `temp_session` on conditions username LIKE loli005
00:01:24 loli005 Lovisa Lian UPDATING data to tables `time2vie_cirruscommon`.`login` fields ( login, last_time ) values (1, 2020-06-22 00:01:24) on conditions username = loli005
00:01:24 loli005 Lovisa Lian UPDATING data to tables `time2vie_cirruscommon`.`secondary_login` fields ( last_login_time ) values (2020-06-22 00:01:24) on conditions username = loli005 AND company_id = 20
