07:00:44 anka019 Anna Kawalya Westerberg INSERTING data into tables `log_login` fields ( username, ip, browser ) values ( anka019, 217.211.180.223, Mozilla/5.0 (iPhone; CPU iPhone OS 13_6 like Mac OS X) AppleWebKit/605.1.15 (KHTML, like Gecko) Version/13.1.2 Mobile/15E148 Safari/604.1 ) => {inserted_id = 13260}
07:00:44 anka019 Anna Kawalya Westerberg DELETE data from tables `temp_session` on conditions username LIKE anka019
07:00:44 anka019 Anna Kawalya Westerberg UPDATING data to tables `time2vie_cirruscommon`.`login` fields ( login, last_time ) values (1, 2020-08-29 07:00:44) on conditions username = anka019
07:00:44 anka019 Anna Kawalya Westerberg UPDATING data to tables `time2vie_cirruscommon`.`secondary_login` fields ( last_login_time ) values (2020-08-29 07:00:44) on conditions username = anka019 AND company_id = 20
07:00:45 anka019 Anna Kawalya Westerberg UPDATING data to tables `time2vie_cirruscommon`.`ws_sessions` fields ( user_id ) values (anka019) on conditions session_id = auj97bvat5ccetnr361mudujj0
07:01:31 anka019 Anna Kawalya Westerberg INSERTING data into tables `log_login` fields ( username, ip, browser ) values ( anka019, 217.211.180.223, Mozilla/5.0 (iPhone; CPU iPhone OS 13_6 like Mac OS X) AppleWebKit/605.1.15 (KHTML, like Gecko) Version/13.1.2 Mobile/15E148 Safari/604.1 ) => {inserted_id = 13261}
07:01:31 anka019 Anna Kawalya Westerberg DELETE data from tables `temp_session` on conditions username LIKE anka019
07:01:31 anka019 Anna Kawalya Westerberg UPDATING data to tables `time2vie_cirruscommon`.`login` fields ( login, last_time ) values (1, 2020-08-29 07:01:31) on conditions username = anka019
07:01:31 anka019 Anna Kawalya Westerberg UPDATING data to tables `time2vie_cirruscommon`.`secondary_login` fields ( last_login_time ) values (2020-08-29 07:01:31) on conditions username = anka019 AND company_id = 20
07:01:32 anka019 Anna Kawalya Westerberg UPDATING data to tables `time2vie_cirruscommon`.`ws_sessions` fields ( user_id ) values (anka019) on conditions session_id = auj97bvat5ccetnr361mudujj0
07:01:47 anka019 Anna Kawalya Westerberg UPDATING data to tables `time2vie_cirruscommon`.`ws_sessions` fields ( user_id ) values (anka019) on conditions session_id = auj97bvat5ccetnr361mudujj0
07:02:08 anka019 Anna Kawalya Westerberg UPDATING data to tables `time2vie_cirruscommon`.`ws_sessions` fields ( user_id ) values (anka019) on conditions session_id = auj97bvat5ccetnr361mudujj0
08:33:29 liha009 Linnéa Handin INSERTING data into tables `log_login` fields ( username, ip, browser ) values ( liha009, 78.69.73.236, Mozilla/5.0 (iPhone; CPU iPhone OS 13_6_1 like Mac OS X) AppleWebKit/605.1.15 (KHTML, like Gecko) Version/13.1.2 Mobile/15E148 Safari/604.1 ) => {inserted_id = 13263}
08:33:29 liha009 Linnéa Handin DELETE data from tables `temp_session` on conditions username LIKE liha009
08:33:29 liha009 Linnéa Handin UPDATING data to tables `time2vie_cirruscommon`.`login` fields ( login, last_time ) values (1, 2020-08-29 08:33:29) on conditions username = liha009
08:33:29 liha009 Linnéa Handin UPDATING data to tables `time2vie_cirruscommon`.`secondary_login` fields ( last_login_time ) values (2020-08-29 08:33:29) on conditions username = liha009 AND company_id = 20
08:33:29 liha009 Linnéa Handin UPDATING data to tables `time2vie_cirruscommon`.`ws_sessions` fields ( user_id ) values (liha009) on conditions session_id = otndkhr7746eso0nle3jeq70d5
09:57:55 biwa003 Birgitta Wåhlander INSERTING data into tables `log_login` fields ( username, ip, browser ) values ( biwa003, 185.27.165.66, Mozilla/5.0 (iPad; CPU OS 13_6 like Mac OS X) AppleWebKit/605.1.15 (KHTML, like Gecko) CriOS/84.0.4147.122 Mobile/15E148 Safari/604.1 ) => {inserted_id = 13264}
09:57:55 biwa003 Birgitta Wåhlander DELETE data from tables `temp_session` on conditions username LIKE biwa003
09:57:55 biwa003 Birgitta Wåhlander UPDATING data to tables `time2vie_cirruscommon`.`login` fields ( login, last_time ) values (1, 2020-08-29 09:57:55) on conditions username = biwa003
09:57:55 biwa003 Birgitta Wåhlander UPDATING data to tables `time2vie_cirruscommon`.`secondary_login` fields ( last_login_time ) values (2020-08-29 09:57:55) on conditions username = biwa003 AND company_id = 20
09:57:56 biwa003 Birgitta Wåhlander UPDATING data to tables `time2vie_cirruscommon`.`ws_sessions` fields ( user_id ) values (biwa003) on conditions session_id = 1na6od6aipkniqcmgugtqoa1l5
10:16:00 cagu001 Carina Gustafsson INSERTING data into tables `log_login` fields ( username, ip, browser ) values ( cagu001, 176.10.245.4, Mozilla/5.0 (Windows NT 10.0; Win64; x64) AppleWebKit/537.36 (KHTML, like Gecko) Chrome/84.0.4147.135 Safari/537.36 ) => {inserted_id = 13266}
10:16:00 cagu001 Carina Gustafsson DELETE data from tables `temp_session` on conditions username LIKE cagu001
10:16:00 cagu001 Carina Gustafsson UPDATING data to tables `time2vie_cirruscommon`.`login` fields ( login, last_time ) values (1, 2020-08-29 10:16:00) on conditions username = cagu001
10:16:00 cagu001 Carina Gustafsson UPDATING data to tables `time2vie_cirruscommon`.`secondary_login` fields ( last_login_time ) values (2020-08-29 10:16:00) on conditions username = cagu001 AND company_id = 20
10:16:00 cagu001 Carina Gustafsson UPDATING data to tables `time2vie_cirruscommon`.`ws_sessions` fields ( user_id ) values (cagu001) on conditions session_id = q1jl7bqj2necgq8ae3thfv6sa3
10:19:37 cagu001 Carina Gustafsson UPDATING data to tables `mc_leave` fields ( read_users ) values (biwa003,cagu001) on conditions leave_id = 1069
10:19:37 cagu001 Carina Gustafsson UPDATING data to tables `mc_leave` fields ( read_users ) values (biwa003,cagu001) on conditions leave_id = 1077
10:19:37 cagu001 Carina Gustafsson UPDATING data to tables `mc_leave` fields ( read_users ) values (biwa003,cagu001) on conditions leave_id = 1078
10:19:37 cagu001 Carina Gustafsson UPDATING data to tables `mc_leave` fields ( read_users ) values (biwa003,cagu001) on conditions leave_id = 1063
10:19:55 cagu001 Carina Gustafsson UPDATING data to tables `leave` fields ( status, appr_emp, appr_date ) values (1, cagu001, 2020-08-29 10:19:55) on conditions group_id = 1069
10:20:08 cagu001 Carina Gustafsson UPDATING data to tables `leave` fields ( status, appr_emp, appr_date ) values (1, cagu001, 2020-08-29 10:20:08) on conditions group_id = 1077
10:20:22 cagu001 Carina Gustafsson UPDATING data to tables `leave` fields ( status, appr_emp, appr_date ) values (1, cagu001, 2020-08-29 10:20:22) on conditions group_id = 1078
10:20:40 cagu001 Carina Gustafsson UPDATING data to tables `leave` fields ( status, appr_emp, appr_date ) values (1, cagu001, 2020-08-29 10:20:40) on conditions group_id = 1063
10:20:55 cagu001 Carina Gustafsson UPDATING data to tables `time2vie_cirruscommon`.`ws_sessions` fields ( user_id ) values (cagu001) on conditions session_id = q1jl7bqj2necgq8ae3thfv6sa3
10:22:01 cagu001 Carina Gustafsson DELETE data from tables `temp_session` on conditions username LIKE cagu001
10:22:01 cagu001 Carina Gustafsson UPDATING data to tables `time2vie_cirruscommon`.`login` fields ( login, last_time ) values (0, 2020-08-29 10:22:01) on conditions username = cagu001
10:22:01 cagu001 Carina Gustafsson UPDATING data to tables `time2vie_cirruscommon`.`secondary_login` fields ( last_login_time ) values (2020-08-29 10:22:01) on conditions username = cagu001 AND company_id = 20
10:22:01   UPDATING data to tables `log_login` fields ( logout_time ) values (2020-08-29:08:22:01) on conditions id = 13266 AND username = cagu001
15:05:58 biwa003 Birgitta Wåhlander INSERTING data into tables `log_login` fields ( username, ip, browser ) values ( biwa003, 185.27.165.66, Mozilla/5.0 (iPad; CPU OS 13_6 like Mac OS X) AppleWebKit/605.1.15 (KHTML, like Gecko) CriOS/84.0.4147.122 Mobile/15E148 Safari/604.1 ) => {inserted_id = 13270}
15:05:58 biwa003 Birgitta Wåhlander DELETE data from tables `temp_session` on conditions username LIKE biwa003
15:05:58 biwa003 Birgitta Wåhlander UPDATING data to tables `time2vie_cirruscommon`.`login` fields ( login, last_time ) values (1, 2020-08-29 15:05:58) on conditions username = biwa003
15:05:58 biwa003 Birgitta Wåhlander UPDATING data to tables `time2vie_cirruscommon`.`secondary_login` fields ( last_login_time ) values (2020-08-29 15:05:58) on conditions username = biwa003 AND company_id = 20
15:05:58 biwa003 Birgitta Wåhlander UPDATING data to tables `time2vie_cirruscommon`.`ws_sessions` fields ( user_id ) values (biwa003) on conditions session_id = tqkie7l6u4s0duuflqt47srp44
15:07:28 biwa003 Birgitta Wåhlander UPDATING data to tables `time2vie_cirruscommon`.`ws_sessions` fields ( user_id ) values (biwa003) on conditions session_id = tqkie7l6u4s0duuflqt47srp44
17:43:57 anka019 Anna Kawalya Westerberg INSERTING data into tables `log_login` fields ( username, ip, browser ) values ( anka019, 94.103.194.75, Mozilla/5.0 (iPhone; CPU iPhone OS 13_6 like Mac OS X) AppleWebKit/605.1.15 (KHTML, like Gecko) Version/13.1.2 Mobile/15E148 Safari/604.1 ) => {inserted_id = 13271}
17:43:57 anka019 Anna Kawalya Westerberg DELETE data from tables `temp_session` on conditions username LIKE anka019
17:43:57 anka019 Anna Kawalya Westerberg UPDATING data to tables `time2vie_cirruscommon`.`login` fields ( login, last_time ) values (1, 2020-08-29 17:43:57) on conditions username = anka019
17:43:57 anka019 Anna Kawalya Westerberg UPDATING data to tables `time2vie_cirruscommon`.`secondary_login` fields ( last_login_time ) values (2020-08-29 17:43:57) on conditions username = anka019 AND company_id = 20
17:43:58 anka019 Anna Kawalya Westerberg UPDATING data to tables `time2vie_cirruscommon`.`ws_sessions` fields ( user_id ) values (anka019) on conditions session_id = jamsrsse5qrihg9at2v8u41ac3
17:43:58 anka019 Anna Kawalya Westerberg INSERTING data into tables `log_login` fields ( username, ip, browser ) values ( anka019, 94.103.194.75, Mozilla/5.0 (iPhone; CPU iPhone OS 13_6 like Mac OS X) AppleWebKit/605.1.15 (KHTML, like Gecko) Version/13.1.2 Mobile/15E148 Safari/604.1 ) => {inserted_id = 13272}
17:43:58 anka019 Anna Kawalya Westerberg DELETE data from tables `temp_session` on conditions username LIKE anka019
17:43:58 anka019 Anna Kawalya Westerberg UPDATING data to tables `time2vie_cirruscommon`.`login` fields ( login, last_time ) values (1, 2020-08-29 17:43:58) on conditions username = anka019
17:43:58 anka019 Anna Kawalya Westerberg UPDATING data to tables `time2vie_cirruscommon`.`secondary_login` fields ( last_login_time ) values (2020-08-29 17:43:58) on conditions username = anka019 AND company_id = 20
17:43:58 anka019 Anna Kawalya Westerberg UPDATING data to tables `time2vie_cirruscommon`.`ws_sessions` fields ( user_id ) values (anka019) on conditions session_id = jamsrsse5qrihg9at2v8u41ac3
22:37:30 anka019 Anna Kawalya Westerberg UPDATING data to tables `time2vie_cirruscommon`.`ws_sessions` fields ( user_id ) values (anka019) on conditions session_id = jamsrsse5qrihg9at2v8u41ac3
