07:28:19 anka019 Anna Kawalya Westerberg INSERTING data into tables `log_login` fields ( username, ip, browser ) values ( anka019, 81.227.233.20, Mozilla/5.0 (iPhone; CPU iPhone OS 13_6 like Mac OS X) AppleWebKit/605.1.15 (KHTML, like Gecko) Version/13.1.2 Mobile/15E148 Safari/604.1 ) => {inserted_id = 12887}
07:28:19 anka019 Anna Kawalya Westerberg DELETE data from tables `temp_session` on conditions username LIKE anka019
07:28:19 anka019 Anna Kawalya Westerberg UPDATING data to tables `time2vie_cirruscommon`.`login` fields ( login, last_time ) values (1, 2020-08-08 07:28:19) on conditions username = anka019
07:28:19 anka019 Anna Kawalya Westerberg UPDATING data to tables `time2vie_cirruscommon`.`secondary_login` fields ( last_login_time ) values (2020-08-08 07:28:19) on conditions username = anka019 AND company_id = 20
07:28:19 anka019 Anna Kawalya Westerberg UPDATING data to tables `time2vie_cirruscommon`.`ws_sessions` fields ( user_id ) values (anka019) on conditions session_id = jm57g9h31uv2j4uolsplkf3fc1
11:55:07 biwa003 Birgitta Wåhlander INSERTING data into tables `log_login` fields ( username, ip, browser ) values ( biwa003, 94.103.194.75, Mozilla/5.0 (iPad; CPU OS 13_5 like Mac OS X) AppleWebKit/605.1.15 (KHTML, like Gecko) CriOS/84.0.4147.71 Mobile/15E148 Safari/604.1 ) => {inserted_id = 12889}
11:55:07 biwa003 Birgitta Wåhlander DELETE data from tables `temp_session` on conditions username LIKE biwa003
11:55:07 biwa003 Birgitta Wåhlander UPDATING data to tables `time2vie_cirruscommon`.`login` fields ( login, last_time ) values (1, 2020-08-08 11:55:07) on conditions username = biwa003
11:55:07 biwa003 Birgitta Wåhlander UPDATING data to tables `time2vie_cirruscommon`.`secondary_login` fields ( last_login_time ) values (2020-08-08 11:55:07) on conditions username = biwa003 AND company_id = 20
11:55:07 biwa003 Birgitta Wåhlander UPDATING data to tables `time2vie_cirruscommon`.`ws_sessions` fields ( user_id ) values (biwa003) on conditions session_id = e124lms797ljcglff0k1al8o43
11:56:11 biwa003 Birgitta Wåhlander UPDATING data to tables `timetable` fields ( status ) values (2) on conditions id = 12895
11:56:11 biwa003 Birgitta Wåhlander INSERTING data into tables `timetable` fields ( customer, date, time_from, time_to, type, fkkn, comment, alloc_emp, relation_id, employee, status ) values ( chwa001, 2020-08-10, 10.30, 18.15, 0, 1, , biwa003, 12895, gaan001, 1 ) => {inserted_id = 17010}
11:56:11 biwa003 Birgitta Wåhlander INSERTING data into tables `leave` fields ( group_id, employee, date, time_from, time_to, type, comment, appr_emp, status, no_pay ) values ( 1040, anwa006, 2020-08-10, 10.3, 18.15, 4, , biwa003, 1, 0 ) => {inserted_id = 1694}
11:56:48 biwa003 Birgitta Wåhlander UPDATING data to tables `timetable` fields ( status ) values (2) on conditions id = 15828
11:56:48 biwa003 Birgitta Wåhlander INSERTING data into tables `timetable` fields ( customer, date, time_from, time_to, type, fkkn, comment, alloc_emp, relation_id, employee, status ) values ( chwa001, 2020-08-12, 7.00, 15.00, 0, 1, , biwa003, 15828, gaan001, 1 ) => {inserted_id = 17011}
11:56:48 biwa003 Birgitta Wåhlander INSERTING data into tables `leave` fields ( group_id, employee, date, time_from, time_to, type, comment, appr_emp, status, no_pay ) values ( 1041, anwa006, 2020-08-12, 7, 15, 4, , biwa003, 1, 0 ) => {inserted_id = 1695}
11:57:18 biwa003 Birgitta Wåhlander UPDATING data to tables `timetable` fields ( status ) values (2) on conditions id = 15833
11:57:18 biwa003 Birgitta Wåhlander INSERTING data into tables `timetable` fields ( customer, date, time_from, time_to, type, fkkn, comment, alloc_emp, relation_id, employee, status ) values ( chwa001, 2020-08-13, 10.30, 18.30, 0, 1, , biwa003, 15833, gaan001, 1 ) => {inserted_id = 17012}
11:57:18 biwa003 Birgitta Wåhlander INSERTING data into tables `leave` fields ( group_id, employee, date, time_from, time_to, type, comment, appr_emp, status, no_pay ) values ( 1042, anwa006, 2020-08-13, 10.3, 18.3, 4, , biwa003, 1, 0 ) => {inserted_id = 1696}
11:57:44 biwa003 Birgitta Wåhlander UPDATING data to tables `timetable` fields ( status ) values (2) on conditions id = 15836
11:57:44 biwa003 Birgitta Wåhlander INSERTING data into tables `timetable` fields ( customer, date, time_from, time_to, type, fkkn, comment, alloc_emp, relation_id, employee, status ) values ( chwa001, 2020-08-14, 7.00, 15.00, 0, 1, , biwa003, 15836, gaan001, 1 ) => {inserted_id = 17013}
11:57:44 biwa003 Birgitta Wåhlander INSERTING data into tables `leave` fields ( group_id, employee, date, time_from, time_to, type, comment, appr_emp, status, no_pay ) values ( 1043, anwa006, 2020-08-14, 7, 15, 4, , biwa003, 1, 0 ) => {inserted_id = 1697}
11:58:20 biwa003 Birgitta Wåhlander UPDATING data to tables `timetable` fields ( status ) values (2) on conditions id = 15847
11:58:20 biwa003 Birgitta Wåhlander INSERTING data into tables `timetable` fields ( customer, date, time_from, time_to, type, fkkn, comment, alloc_emp, relation_id, status ) values ( chwa001, 2020-08-17, 10.30, 18.30, 0, 1, , biwa003, 15847, 0 ) => {inserted_id = 17014}
11:58:20 biwa003 Birgitta Wåhlander INSERTING data into tables `leave` fields ( group_id, employee, date, time_from, time_to, type, comment, appr_emp, status, no_pay ) values ( 1044, anwa006, 2020-08-17, 10.3, 18.3, 4, , biwa003, 1, 0 ) => {inserted_id = 1698}
11:58:33 biwa003 Birgitta Wåhlander UPDATING data to tables `timetable` fields ( status ) values (2) on conditions id = 15850
11:58:33 biwa003 Birgitta Wåhlander INSERTING data into tables `timetable` fields ( customer, date, time_from, time_to, type, fkkn, comment, alloc_emp, relation_id, status ) values ( chwa001, 2020-08-18, 7.00, 18.15, 0, 1, , biwa003, 15850, 0 ) => {inserted_id = 17015}
11:58:33 biwa003 Birgitta Wåhlander INSERTING data into tables `leave` fields ( group_id, employee, date, time_from, time_to, type, comment, appr_emp, status, no_pay ) values ( 1045, anwa006, 2020-08-18, 7, 18.15, 4, , biwa003, 1, 0 ) => {inserted_id = 1699}
11:58:50 biwa003 Birgitta Wåhlander UPDATING data to tables `timetable` fields ( status ) values (2) on conditions id = 15854
11:58:50 biwa003 Birgitta Wåhlander INSERTING data into tables `timetable` fields ( customer, date, time_from, time_to, type, fkkn, comment, alloc_emp, relation_id, employee, status ) values ( chwa001, 2020-08-19, 10.30, 18.15, 0, 1, , biwa003, 15854, gaan001, 1 ) => {inserted_id = 17016}
11:58:50 biwa003 Birgitta Wåhlander INSERTING data into tables `leave` fields ( group_id, employee, date, time_from, time_to, type, comment, appr_emp, status, no_pay ) values ( 1046, anwa006, 2020-08-19, 10.3, 18.15, 4, , biwa003, 1, 0 ) => {inserted_id = 1700}
11:59:29 biwa003 Birgitta Wåhlander UPDATING data to tables `timetable` fields ( status ) values (2) on conditions id = 15857
11:59:29 biwa003 Birgitta Wåhlander INSERTING data into tables `timetable` fields ( customer, date, time_from, time_to, type, fkkn, comment, alloc_emp, relation_id, status ) values ( chwa001, 2020-08-20, 7.00, 15.00, 0, 1, , biwa003, 15857, 0 ) => {inserted_id = 17017}
11:59:29 biwa003 Birgitta Wåhlander INSERTING data into tables `leave` fields ( group_id, employee, date, time_from, time_to, type, comment, appr_emp, status, no_pay ) values ( 1047, anwa006, 2020-08-20, 7, 15, 4, , biwa003, 1, 0 ) => {inserted_id = 1701}
11:59:41 biwa003 Birgitta Wåhlander UPDATING data to tables `timetable` fields ( customer, employee, date, time_from, time_to, fkkn, type, status, comment ) values (chwa001, gaan001, 2020-08-20, 7.00, 15.00, 1, 0, 1, ) on conditions id = 17017
12:00:02 biwa003 Birgitta Wåhlander UPDATING data to tables `timetable` fields ( status ) values (2) on conditions id = 15861
12:00:02 biwa003 Birgitta Wåhlander INSERTING data into tables `timetable` fields ( customer, date, time_from, time_to, type, fkkn, comment, alloc_emp, relation_id, employee, status ) values ( chwa001, 2020-08-21, 7.00, 15.00, 0, 1, , biwa003, 15861, gaan001, 1 ) => {inserted_id = 17018}
12:00:02 biwa003 Birgitta Wåhlander INSERTING data into tables `leave` fields ( group_id, employee, date, time_from, time_to, type, comment, appr_emp, status, no_pay ) values ( 1048, anwa006, 2020-08-21, 7, 15, 4, , biwa003, 1, 0 ) => {inserted_id = 1702}
12:00:42 biwa003 Birgitta Wåhlander UPDATING data to tables `timetable` fields ( status ) values (2) on conditions id = 15872
12:00:42 biwa003 Birgitta Wåhlander INSERTING data into tables `timetable` fields ( customer, date, time_from, time_to, type, fkkn, comment, alloc_emp, relation_id, employee, status ) values ( chwa001, 2020-08-24, 10.30, 18.30, 0, 1, kl 13 ögonstyrning, biwa003, 15872, gaan001, 1 ) => {inserted_id = 17019}
12:00:42 biwa003 Birgitta Wåhlander INSERTING data into tables `leave` fields ( group_id, employee, date, time_from, time_to, type, comment, appr_emp, status, no_pay ) values ( 1049, anwa006, 2020-08-24, 10.3, 18.3, 4, , biwa003, 1, 0 ) => {inserted_id = 1703}
12:01:02 biwa003 Birgitta Wåhlander UPDATING data to tables `timetable` fields ( status ) values (2) on conditions id = 15883
12:01:02 biwa003 Birgitta Wåhlander INSERTING data into tables `timetable` fields ( customer, date, time_from, time_to, type, fkkn, comment, alloc_emp, relation_id, employee, status ) values ( chwa001, 2020-08-27, 10.30, 18.15, 0, 1, , biwa003, 15883, gaan001, 1 ) => {inserted_id = 17020}
12:01:02 biwa003 Birgitta Wåhlander INSERTING data into tables `leave` fields ( group_id, employee, date, time_from, time_to, type, comment, appr_emp, status, no_pay ) values ( 1050, anwa006, 2020-08-27, 10.3, 18.15, 4, , biwa003, 1, 0 ) => {inserted_id = 1704}
12:01:34 biwa003 Birgitta Wåhlander UPDATING data to tables `timetable` fields ( status ) values (2) on conditions id = 15887
12:01:34 biwa003 Birgitta Wåhlander INSERTING data into tables `timetable` fields ( customer, date, time_from, time_to, type, fkkn, comment, alloc_emp, relation_id, employee, status ) values ( chwa001, 2020-08-28, 10.30, 18.15, 0, 1, , biwa003, 15887, gaan001, 1 ) => {inserted_id = 17021}
12:01:34 biwa003 Birgitta Wåhlander INSERTING data into tables `leave` fields ( group_id, employee, date, time_from, time_to, type, comment, appr_emp, status, no_pay ) values ( 1051, anwa006, 2020-08-28, 10.3, 18.15, 2, , biwa003, 1, 0 ) => {inserted_id = 1705}
12:02:10 biwa003 Birgitta Wåhlander UPDATING data to tables `timetable` fields ( status ) values (1) on conditions (id IN ( '15872' )) AND customer is NOT NULL AND customer != 
12:02:10 biwa003 Birgitta Wåhlander UPDATING data to tables `timetable` fields ( status ) values (0) on conditions (id IN ( '15872' )) AND (customer is NULL OR customer = )
12:02:10 biwa003 Birgitta Wåhlander DELETE data from tables `timetable` on conditions relation_id = 15872
12:02:10 biwa003 Birgitta Wåhlander DELETE data from tables `leave` on conditions id = 1703
12:02:48 biwa003 Birgitta Wåhlander UPDATING data to tables `timetable` fields ( status ) values (2) on conditions id = 15872
12:02:48 biwa003 Birgitta Wåhlander INSERTING data into tables `timetable` fields ( customer, date, time_from, time_to, type, fkkn, comment, alloc_emp, relation_id, status ) values ( chwa001, 2020-08-24, 10.30, 18.30, 0, 1, kl 13 ögonstyrning, biwa003, 15872, 0 ) => {inserted_id = 17022}
12:02:48 biwa003 Birgitta Wåhlander INSERTING data into tables `leave` fields ( group_id, employee, date, time_from, time_to, type, comment, appr_emp, status, no_pay ) values ( 1052, anwa006, 2020-08-24, 10.3, 18.3, 2, , biwa003, 1, 0 ) => {inserted_id = 1706}
12:03:02 biwa003 Birgitta Wåhlander UPDATING data to tables `timetable` fields ( customer, employee, date, time_from, time_to, fkkn, type, status, comment ) values (chwa001, gaan001, 2020-08-24, 10.30, 18.30, 1, 0, 1, kl 13 ögonstyrning) on conditions id = 17022
12:03:29 biwa003 Birgitta Wåhlander UPDATING data to tables `timetable` fields ( status ) values (1) on conditions (id IN ( '15883' )) AND customer is NOT NULL AND customer != 
12:03:29 biwa003 Birgitta Wåhlander UPDATING data to tables `timetable` fields ( status ) values (0) on conditions (id IN ( '15883' )) AND (customer is NULL OR customer = )
12:03:29 biwa003 Birgitta Wåhlander DELETE data from tables `timetable` on conditions relation_id = 15883
12:03:29 biwa003 Birgitta Wåhlander DELETE data from tables `leave` on conditions id = 1704
12:03:48 biwa003 Birgitta Wåhlander UPDATING data to tables `timetable` fields ( status ) values (2) on conditions id = 15883
12:03:48 biwa003 Birgitta Wåhlander INSERTING data into tables `timetable` fields ( customer, date, time_from, time_to, type, fkkn, comment, alloc_emp, relation_id, employee, status ) values ( chwa001, 2020-08-27, 10.30, 18.15, 0, 1, , biwa003, 15883, gaan001, 1 ) => {inserted_id = 17023}
12:03:48 biwa003 Birgitta Wåhlander INSERTING data into tables `leave` fields ( group_id, employee, date, time_from, time_to, type, comment, appr_emp, status, no_pay ) values ( 1053, anwa006, 2020-08-27, 10.3, 18.15, 2, , biwa003, 1, 0 ) => {inserted_id = 1707}
12:04:09 biwa003 Birgitta Wåhlander UPDATING data to tables `timetable` fields ( status ) values (2) on conditions id = 15891
12:04:09 biwa003 Birgitta Wåhlander INSERTING data into tables `timetable` fields ( customer, date, time_from, time_to, type, fkkn, comment, alloc_emp, relation_id, status ) values ( chwa001, 2020-08-29, 10.30, 18.15, 0, 1, , biwa003, 15891, 0 ) => {inserted_id = 17024}
12:04:09 biwa003 Birgitta Wåhlander INSERTING data into tables `leave` fields ( group_id, employee, date, time_from, time_to, type, comment, appr_emp, status, no_pay ) values ( 1054, anwa006, 2020-08-29, 10.3, 18.15, 2, , biwa003, 1, 0 ) => {inserted_id = 1708}
12:04:25 biwa003 Birgitta Wåhlander UPDATING data to tables `timetable` fields ( status ) values (2) on conditions id = 15895
12:04:25 biwa003 Birgitta Wåhlander INSERTING data into tables `timetable` fields ( customer, date, time_from, time_to, type, fkkn, comment, alloc_emp, relation_id, status ) values ( chwa001, 2020-08-30, 10.30, 18.15, 0, 1, , biwa003, 15895, 0 ) => {inserted_id = 17025}
12:04:25 biwa003 Birgitta Wåhlander INSERTING data into tables `leave` fields ( group_id, employee, date, time_from, time_to, type, comment, appr_emp, status, no_pay ) values ( 1055, anwa006, 2020-08-30, 10.3, 18.15, 2, , biwa003, 1, 0 ) => {inserted_id = 1709}
12:06:14 biwa003 Birgitta Wåhlander INSERTING data into tables `log_login` fields ( username, ip, browser ) values ( biwa003, 94.103.194.75, Mozilla/5.0 (iPad; CPU OS 13_5 like Mac OS X) AppleWebKit/605.1.15 (KHTML, like Gecko) CriOS/84.0.4147.71 Mobile/15E148 Safari/604.1 ) => {inserted_id = 12890}
12:06:14 biwa003 Birgitta Wåhlander DELETE data from tables `temp_session` on conditions username LIKE biwa003
12:06:14 biwa003 Birgitta Wåhlander UPDATING data to tables `time2vie_cirruscommon`.`login` fields ( login, last_time ) values (1, 2020-08-08 12:06:14) on conditions username = biwa003
12:06:14 biwa003 Birgitta Wåhlander UPDATING data to tables `time2vie_cirruscommon`.`secondary_login` fields ( last_login_time ) values (2020-08-08 12:06:14) on conditions username = biwa003 AND company_id = 20
12:06:14 biwa003 Birgitta Wåhlander UPDATING data to tables `time2vie_cirruscommon`.`ws_sessions` fields ( user_id ) values (biwa003) on conditions session_id = e124lms797ljcglff0k1al8o43
12:07:38 biwa003 Birgitta Wåhlander INSERTING data into tables `timetable` fields ( employee, customer, fkkn, type, date, time_from, time_to, status, created_status, alloc_emp, comment ) values ( gaan001, chwa001, 1, 10, 2020-08-26, 8, 10, 1, , biwa003, Apt ) => {inserted_id = 17026}
16:40:14 anka019 Anna Kawalya Westerberg INSERTING data into tables `log_login` fields ( username, ip, browser ) values ( anka019, 81.227.233.20, Mozilla/5.0 (iPhone; CPU iPhone OS 13_6 like Mac OS X) AppleWebKit/605.1.15 (KHTML, like Gecko) Version/13.1.2 Mobile/15E148 Safari/604.1 ) => {inserted_id = 12891}
16:40:14 anka019 Anna Kawalya Westerberg DELETE data from tables `temp_session` on conditions username LIKE anka019
16:40:14 anka019 Anna Kawalya Westerberg UPDATING data to tables `time2vie_cirruscommon`.`login` fields ( login, last_time ) values (1, 2020-08-08 16:40:14) on conditions username = anka019
16:40:14 anka019 Anna Kawalya Westerberg UPDATING data to tables `time2vie_cirruscommon`.`secondary_login` fields ( last_login_time ) values (2020-08-08 16:40:14) on conditions username = anka019 AND company_id = 20
16:40:14 anka019 Anna Kawalya Westerberg UPDATING data to tables `time2vie_cirruscommon`.`ws_sessions` fields ( user_id ) values (anka019) on conditions session_id = eqrks98tn005bano3hhoihat64
16:40:23 anka019 Anna Kawalya Westerberg UPDATING data to tables `time2vie_cirruscommon`.`ws_sessions` fields ( user_id ) values (anka019) on conditions session_id = eqrks98tn005bano3hhoihat64
16:40:54 anka019 Anna Kawalya Westerberg UPDATING data to tables `time2vie_cirruscommon`.`ws_sessions` fields ( user_id ) values (anka019) on conditions session_id = eqrks98tn005bano3hhoihat64
16:40:56 anka019 Anna Kawalya Westerberg UPDATING data to tables `time2vie_cirruscommon`.`ws_sessions` fields ( user_id ) values (anka019) on conditions session_id = eqrks98tn005bano3hhoihat64
18:33:24 biwa003 Birgitta Wåhlander INSERTING data into tables `log_login` fields ( username, ip, browser ) values ( biwa003, 185.27.165.66, Mozilla/5.0 (iPad; CPU OS 13_5 like Mac OS X) AppleWebKit/605.1.15 (KHTML, like Gecko) CriOS/84.0.4147.71 Mobile/15E148 Safari/604.1 ) => {inserted_id = 12892}
18:33:24 biwa003 Birgitta Wåhlander DELETE data from tables `temp_session` on conditions username LIKE biwa003
18:33:24 biwa003 Birgitta Wåhlander UPDATING data to tables `time2vie_cirruscommon`.`login` fields ( login, last_time ) values (1, 2020-08-08 18:33:24) on conditions username = biwa003
18:33:24 biwa003 Birgitta Wåhlander UPDATING data to tables `time2vie_cirruscommon`.`secondary_login` fields ( last_login_time ) values (2020-08-08 18:33:24) on conditions username = biwa003 AND company_id = 20
18:33:24 biwa003 Birgitta Wåhlander UPDATING data to tables `time2vie_cirruscommon`.`ws_sessions` fields ( user_id ) values (biwa003) on conditions session_id = p326j0msc7v26h2e2jueu1d101
19:24:26 biwa003 Birgitta Wåhlander UPDATING data to tables `time2vie_cirruscommon`.`ws_sessions` fields ( user_id ) values (biwa003) on conditions session_id = p326j0msc7v26h2e2jueu1d101
