08:15:03 anja007 Annika Jakobsson UPDATING data to tables `time2vie_cirruscommon`.`secondary_login` fields ( error ) values (0) on conditions username = anja007 AND company_id = 20
08:15:03 anja007 Annika Jakobsson INSERTING data into tables `log_login` fields ( username, ip, browser ) values ( anja007, 94.191.140.62, Time2View/1 CFNetwork/1121.2.2 Darwin/19.3.0 ) => {inserted_id = 9542}
08:15:03 anja007 Annika Jakobsson DELETE data from tables `temp_session` on conditions username LIKE anja007
08:15:03 anja007 Annika Jakobsson UPDATING data to tables `time2vie_cirruscommon`.`login` fields ( login, last_time ) values (1, 2020-04-05 08:15:03) on conditions username = anja007
08:15:03 anja007 Annika Jakobsson UPDATING data to tables `time2vie_cirruscommon`.`secondary_login` fields ( last_login_time ) values (2020-04-05 08:15:03) on conditions username = anja007 AND company_id = 20
08:32:41 jobe008 Joakim Bengtsson UPDATING data to tables `time2vie_cirruscommon`.`secondary_login` fields ( error ) values (0) on conditions username = jobe008 AND company_id = 20
08:32:41 jobe008 Joakim Bengtsson INSERTING data into tables `log_login` fields ( username, ip, browser ) values ( jobe008, 217.73.111.23, okhttp/3.9.1 ) => {inserted_id = 9543}
08:32:41 jobe008 Joakim Bengtsson DELETE data from tables `temp_session` on conditions username LIKE jobe008
08:32:41 jobe008 Joakim Bengtsson UPDATING data to tables `time2vie_cirruscommon`.`login` fields ( login, last_time ) values (1, 2020-04-05 08:32:41) on conditions username = jobe008
08:32:41 jobe008 Joakim Bengtsson UPDATING data to tables `time2vie_cirruscommon`.`secondary_login` fields ( last_login_time ) values (2020-04-05 08:32:41) on conditions username = jobe008 AND company_id = 20
08:37:42 anja007 Annika Jakobsson UPDATING data to tables `time2vie_cirruscommon`.`secondary_login` fields ( error ) values (0) on conditions username = anja007 AND company_id = 20
08:37:42 anja007 Annika Jakobsson INSERTING data into tables `log_login` fields ( username, ip, browser ) values ( anja007, 94.191.140.62, Time2View/1 CFNetwork/1121.2.2 Darwin/19.3.0 ) => {inserted_id = 9544}
08:37:42 anja007 Annika Jakobsson DELETE data from tables `temp_session` on conditions username LIKE anja007
08:37:42 anja007 Annika Jakobsson UPDATING data to tables `time2vie_cirruscommon`.`login` fields ( login, last_time ) values (1, 2020-04-05 08:37:42) on conditions username = anja007
08:37:42 anja007 Annika Jakobsson UPDATING data to tables `time2vie_cirruscommon`.`secondary_login` fields ( last_login_time ) values (2020-04-05 08:37:42) on conditions username = anja007 AND company_id = 20
08:45:17 anja007 Annika Jakobsson UPDATING data to tables `time2vie_cirruscommon`.`secondary_login` fields ( error ) values (0) on conditions username = anja007 AND company_id = 20
08:45:17 anja007 Annika Jakobsson INSERTING data into tables `log_login` fields ( username, ip, browser ) values ( anja007, 94.191.141.70, Time2View/1 CFNetwork/1121.2.2 Darwin/19.3.0 ) => {inserted_id = 9545}
08:45:17 anja007 Annika Jakobsson DELETE data from tables `temp_session` on conditions username LIKE anja007
08:45:17 anja007 Annika Jakobsson UPDATING data to tables `time2vie_cirruscommon`.`login` fields ( login, last_time ) values (1, 2020-04-05 08:45:17) on conditions username = anja007
08:45:17 anja007 Annika Jakobsson UPDATING data to tables `time2vie_cirruscommon`.`secondary_login` fields ( last_login_time ) values (2020-04-05 08:45:17) on conditions username = anja007 AND company_id = 20
08:52:52 anja007 Annika Jakobsson UPDATING data to tables `time2vie_cirruscommon`.`secondary_login` fields ( error ) values (0) on conditions username = anja007 AND company_id = 20
08:52:52 anja007 Annika Jakobsson INSERTING data into tables `log_login` fields ( username, ip, browser ) values ( anja007, 94.191.141.70, Time2View/1 CFNetwork/1121.2.2 Darwin/19.3.0 ) => {inserted_id = 9546}
08:52:52 anja007 Annika Jakobsson DELETE data from tables `temp_session` on conditions username LIKE anja007
08:52:52 anja007 Annika Jakobsson UPDATING data to tables `time2vie_cirruscommon`.`login` fields ( login, last_time ) values (1, 2020-04-05 08:52:52) on conditions username = anja007
08:52:52 anja007 Annika Jakobsson UPDATING data to tables `time2vie_cirruscommon`.`secondary_login` fields ( last_login_time ) values (2020-04-05 08:52:52) on conditions username = anja007 AND company_id = 20
09:49:06 cagu001 Carina Gustafsson UPDATING data to tables `time2vie_cirruscommon`.`secondary_login` fields ( error ) values (0) on conditions username = cagu001 AND company_id = 20
09:49:06 cagu001 Carina Gustafsson INSERTING data into tables `log_login` fields ( username, ip, browser ) values ( cagu001, 176.10.245.4, okhttp/3.9.1 ) => {inserted_id = 9547}
09:49:06 cagu001 Carina Gustafsson DELETE data from tables `temp_session` on conditions username LIKE cagu001
09:49:06 cagu001 Carina Gustafsson UPDATING data to tables `time2vie_cirruscommon`.`login` fields ( login, last_time ) values (1, 2020-04-05 09:49:06) on conditions username = cagu001
09:49:06 cagu001 Carina Gustafsson UPDATING data to tables `time2vie_cirruscommon`.`secondary_login` fields ( last_login_time ) values (2020-04-05 09:49:06) on conditions username = cagu001 AND company_id = 20
09:57:17 biwa003 Birgitta Wåhlander INSERTING data into tables `log_login` fields ( username, ip, browser ) values ( biwa003, 185.27.165.66, Mozilla/5.0 (iPad; CPU OS 13_3 like Mac OS X) AppleWebKit/605.1.15 (KHTML, like Gecko) CriOS/80.0.3987.95 Mobile/15E148 Safari/604.1 ) => {inserted_id = 9548}
09:57:17 biwa003 Birgitta Wåhlander DELETE data from tables `temp_session` on conditions username LIKE biwa003
09:57:17 biwa003 Birgitta Wåhlander UPDATING data to tables `time2vie_cirruscommon`.`login` fields ( login, last_time ) values (1, 2020-04-05 09:57:17) on conditions username = biwa003
09:57:17 biwa003 Birgitta Wåhlander UPDATING data to tables `time2vie_cirruscommon`.`secondary_login` fields ( last_login_time ) values (2020-04-05 09:57:17) on conditions username = biwa003 AND company_id = 20
09:57:17 biwa003 Birgitta Wåhlander UPDATING data to tables `time2vie_cirruscommon`.`ws_sessions` fields ( user_id ) values (biwa003) on conditions session_id = c35ad246985285d3087ffeee51c097d3
10:06:57 asgr002 Åsa Grimberg UPDATING data to tables `time2vie_cirruscommon`.`secondary_login` fields ( error ) values (0) on conditions username = asgr002 AND company_id = 20
10:06:57 asgr002 Åsa Grimberg INSERTING data into tables `log_login` fields ( username, ip, browser ) values ( asgr002, 78.70.128.102, Time2View/1 CFNetwork/1125.2 Darwin/19.4.0 ) => {inserted_id = 9549}
10:06:57 asgr002 Åsa Grimberg DELETE data from tables `temp_session` on conditions username LIKE asgr002
10:06:57 asgr002 Åsa Grimberg UPDATING data to tables `time2vie_cirruscommon`.`login` fields ( login, last_time ) values (1, 2020-04-05 10:06:57) on conditions username = asgr002
10:06:57 asgr002 Åsa Grimberg UPDATING data to tables `time2vie_cirruscommon`.`secondary_login` fields ( last_login_time ) values (2020-04-05 10:06:57) on conditions username = asgr002 AND company_id = 20
10:23:21 peka002 Petronella Karlsson UPDATING data to tables `time2vie_cirruscommon`.`secondary_login` fields ( error ) values (0) on conditions username = peka002 AND company_id = 20
10:23:21 peka002 Petronella Karlsson INSERTING data into tables `log_login` fields ( username, ip, browser ) values ( peka002, 185.27.164.39, Time2View/1 CFNetwork/1121.2.2 Darwin/19.3.0 ) => {inserted_id = 9550}
10:23:21 peka002 Petronella Karlsson DELETE data from tables `temp_session` on conditions username LIKE peka002
10:23:21 peka002 Petronella Karlsson UPDATING data to tables `time2vie_cirruscommon`.`login` fields ( login, last_time ) values (1, 2020-04-05 10:23:21) on conditions username = peka002
10:23:21 peka002 Petronella Karlsson UPDATING data to tables `time2vie_cirruscommon`.`secondary_login` fields ( last_login_time ) values (2020-04-05 10:23:21) on conditions username = peka002 AND company_id = 20
10:27:57 anka020 Annika Karlsson UPDATING data to tables `time2vie_cirruscommon`.`secondary_login` fields ( error ) values (0) on conditions username = anka020 AND company_id = 20
10:27:57 anka020 Annika Karlsson INSERTING data into tables `log_login` fields ( username, ip, browser ) values ( anka020, 91.233.50.83, okhttp/3.9.1 ) => {inserted_id = 9551}
10:27:57 anka020 Annika Karlsson DELETE data from tables `temp_session` on conditions username LIKE anka020
10:27:57 anka020 Annika Karlsson UPDATING data to tables `time2vie_cirruscommon`.`login` fields ( login, last_time ) values (1, 2020-04-05 10:27:57) on conditions username = anka020
10:27:57 anka020 Annika Karlsson UPDATING data to tables `time2vie_cirruscommon`.`secondary_login` fields ( last_login_time ) values (2020-04-05 10:27:57) on conditions username = anka020 AND company_id = 20
10:59:52 asgr002 Åsa Grimberg UPDATING data to tables `time2vie_cirruscommon`.`secondary_login` fields ( error ) values (0) on conditions username = asgr002 AND company_id = 20
10:59:52 asgr002 Åsa Grimberg INSERTING data into tables `log_login` fields ( username, ip, browser ) values ( asgr002, 78.70.128.102, Time2View/1 CFNetwork/1125.2 Darwin/19.4.0 ) => {inserted_id = 9552}
10:59:52 asgr002 Åsa Grimberg DELETE data from tables `temp_session` on conditions username LIKE asgr002
10:59:52 asgr002 Åsa Grimberg UPDATING data to tables `time2vie_cirruscommon`.`login` fields ( login, last_time ) values (1, 2020-04-05 10:59:52) on conditions username = asgr002
10:59:52 asgr002 Åsa Grimberg UPDATING data to tables `time2vie_cirruscommon`.`secondary_login` fields ( last_login_time ) values (2020-04-05 10:59:52) on conditions username = asgr002 AND company_id = 20
13:36:02 hejo003 Helen Jörnås UPDATING data to tables `time2vie_cirruscommon`.`secondary_login` fields ( error ) values (0) on conditions username = hejo003 AND company_id = 20
13:36:02 hejo003 Helen Jörnås INSERTING data into tables `log_login` fields ( username, ip, browser ) values ( hejo003, 217.214.147.203, okhttp/3.9.1 ) => {inserted_id = 9553}
13:36:02 hejo003 Helen Jörnås DELETE data from tables `temp_session` on conditions username LIKE hejo003
13:36:02 hejo003 Helen Jörnås UPDATING data to tables `time2vie_cirruscommon`.`login` fields ( login, last_time ) values (1, 2020-04-05 13:36:02) on conditions username = hejo003
13:36:02 hejo003 Helen Jörnås UPDATING data to tables `time2vie_cirruscommon`.`secondary_login` fields ( last_login_time ) values (2020-04-05 13:36:02) on conditions username = hejo003 AND company_id = 20
15:14:47 anka020 Annika Karlsson UPDATING data to tables `time2vie_cirruscommon`.`secondary_login` fields ( error ) values (0) on conditions username = anka020 AND company_id = 20
15:14:47 anka020 Annika Karlsson INSERTING data into tables `log_login` fields ( username, ip, browser ) values ( anka020, 91.233.50.83, okhttp/3.9.1 ) => {inserted_id = 9554}
15:14:47 anka020 Annika Karlsson DELETE data from tables `temp_session` on conditions username LIKE anka020
15:14:47 anka020 Annika Karlsson UPDATING data to tables `time2vie_cirruscommon`.`login` fields ( login, last_time ) values (1, 2020-04-05 15:14:47) on conditions username = anka020
15:14:47 anka020 Annika Karlsson UPDATING data to tables `time2vie_cirruscommon`.`secondary_login` fields ( last_login_time ) values (2020-04-05 15:14:47) on conditions username = anka020 AND company_id = 20
15:52:49 hejo003 Helen Jörnås UPDATING data to tables `time2vie_cirruscommon`.`secondary_login` fields ( error ) values (0) on conditions username = hejo003 AND company_id = 20
15:52:49 hejo003 Helen Jörnås INSERTING data into tables `log_login` fields ( username, ip, browser ) values ( hejo003, 217.214.147.203, okhttp/3.9.1 ) => {inserted_id = 9555}
15:52:49 hejo003 Helen Jörnås DELETE data from tables `temp_session` on conditions username LIKE hejo003
15:52:49 hejo003 Helen Jörnås UPDATING data to tables `time2vie_cirruscommon`.`login` fields ( login, last_time ) values (1, 2020-04-05 15:52:49) on conditions username = hejo003
15:52:49 hejo003 Helen Jörnås UPDATING data to tables `time2vie_cirruscommon`.`secondary_login` fields ( last_login_time ) values (2020-04-05 15:52:49) on conditions username = hejo003 AND company_id = 20
17:37:24 biwa003 Birgitta Wåhlander INSERTING data into tables `log_login` fields ( username, ip, browser ) values ( biwa003, 185.27.165.66, Mozilla/5.0 (iPad; CPU OS 13_3 like Mac OS X) AppleWebKit/605.1.15 (KHTML, like Gecko) CriOS/80.0.3987.95 Mobile/15E148 Safari/604.1 ) => {inserted_id = 9556}
17:37:24 biwa003 Birgitta Wåhlander DELETE data from tables `temp_session` on conditions username LIKE biwa003
17:37:24 biwa003 Birgitta Wåhlander UPDATING data to tables `time2vie_cirruscommon`.`login` fields ( login, last_time ) values (1, 2020-04-05 17:37:24) on conditions username = biwa003
17:37:24 biwa003 Birgitta Wåhlander UPDATING data to tables `time2vie_cirruscommon`.`secondary_login` fields ( last_login_time ) values (2020-04-05 17:37:24) on conditions username = biwa003 AND company_id = 20
17:37:24 biwa003 Birgitta Wåhlander UPDATING data to tables `time2vie_cirruscommon`.`ws_sessions` fields ( user_id ) values (biwa003) on conditions session_id = 6c32ca59c1126f21abadf5087820127f
19:27:28 liha009 Linnéa Handin UPDATING data to tables `time2vie_cirruscommon`.`secondary_login` fields ( error ) values (0) on conditions username = liha009 AND company_id = 20
19:27:28 liha009 Linnéa Handin INSERTING data into tables `log_login` fields ( username, ip, browser ) values ( liha009, 78.69.73.236, Time2View/1 CFNetwork/1121.2.2 Darwin/19.3.0 ) => {inserted_id = 9557}
19:27:28 liha009 Linnéa Handin DELETE data from tables `temp_session` on conditions username LIKE liha009
19:27:28 liha009 Linnéa Handin UPDATING data to tables `time2vie_cirruscommon`.`login` fields ( login, last_time ) values (1, 2020-04-05 19:27:28) on conditions username = liha009
19:27:28 liha009 Linnéa Handin UPDATING data to tables `time2vie_cirruscommon`.`secondary_login` fields ( last_login_time ) values (2020-04-05 19:27:28) on conditions username = liha009 AND company_id = 20
19:42:35 anwa006 Andréas Wallin UPDATING data to tables `time2vie_cirruscommon`.`secondary_login` fields ( error ) values (0) on conditions username = anwa006 AND company_id = 20
19:42:35 anwa006 Andréas Wallin INSERTING data into tables `log_login` fields ( username, ip, browser ) values ( anwa006, 94.191.142.7, okhttp/3.9.1 ) => {inserted_id = 9558}
19:42:35 anwa006 Andréas Wallin DELETE data from tables `temp_session` on conditions username LIKE anwa006
19:42:35 anwa006 Andréas Wallin UPDATING data to tables `time2vie_cirruscommon`.`login` fields ( login, last_time ) values (1, 2020-04-05 19:42:35) on conditions username = anwa006
19:42:35 anwa006 Andréas Wallin UPDATING data to tables `time2vie_cirruscommon`.`secondary_login` fields ( last_login_time ) values (2020-04-05 19:42:35) on conditions username = anwa006 AND company_id = 20
19:52:31 hejo003 Helen Jörnås UPDATING data to tables `time2vie_cirruscommon`.`secondary_login` fields ( error ) values (0) on conditions username = hejo003 AND company_id = 20
19:52:31 hejo003 Helen Jörnås INSERTING data into tables `log_login` fields ( username, ip, browser ) values ( hejo003, 90.224.82.244, okhttp/3.9.1 ) => {inserted_id = 9559}
19:52:31 hejo003 Helen Jörnås DELETE data from tables `temp_session` on conditions username LIKE hejo003
19:52:31 hejo003 Helen Jörnås UPDATING data to tables `time2vie_cirruscommon`.`login` fields ( login, last_time ) values (1, 2020-04-05 19:52:31) on conditions username = hejo003
19:52:31 hejo003 Helen Jörnås UPDATING data to tables `time2vie_cirruscommon`.`secondary_login` fields ( last_login_time ) values (2020-04-05 19:52:31) on conditions username = hejo003 AND company_id = 20
19:58:59 anwa006 Andréas Wallin DELETE data from tables `temp_session` on conditions username LIKE anwa006 #Mobile-App: Log-id=9558
19:58:59 anwa006 Andréas Wallin UPDATING data to tables `time2vie_cirruscommon`.`login` fields ( login, last_time ) values (0, 2020-04-05 19:58:59) on conditions username = anwa006 #Mobile-App: Log-id=9558
19:58:59 anwa006 Andréas Wallin UPDATING data to tables `time2vie_cirruscommon`.`secondary_login` fields ( last_login_time ) values (2020-04-05 19:58:59) on conditions username = anwa006 AND company_id = 20 #Mobile-App: Log-id=9558
19:58:59 anwa006 Andréas Wallin DELETE data from tables `time2vie_cirruscommon`.`push_notify_tokens` on conditions user_id = anwa006 AND fcm_token = crPA0FCsFM0:APA91bFc0ZMISg5m3hJS8NjMFiswaYGcj3AVe5W8cW9hTWWjj5RPUElullB4BAqUneoidQJVhQBnAKx8zJZeWSIZuhrcBMzrI5ozwh44nFdqBpk_lJq4eB3H7KTy5JzbMHf9yoRtFS3l #Mobile-App: Log-id=9558
19:59:05 anwa006 Andréas Wallin UPDATING data to tables `time2vie_cirruscommon`.`secondary_login` fields ( error ) values (0) on conditions username = anwa006 AND company_id = 20
19:59:05 anwa006 Andréas Wallin INSERTING data into tables `log_login` fields ( username, ip, browser ) values ( anwa006, 94.191.142.7, okhttp/3.9.1 ) => {inserted_id = 9560}
19:59:05 anwa006 Andréas Wallin DELETE data from tables `temp_session` on conditions username LIKE anwa006
19:59:05 anwa006 Andréas Wallin UPDATING data to tables `time2vie_cirruscommon`.`login` fields ( login, last_time ) values (1, 2020-04-05 19:59:05) on conditions username = anwa006
19:59:05 anwa006 Andréas Wallin UPDATING data to tables `time2vie_cirruscommon`.`secondary_login` fields ( last_login_time ) values (2020-04-05 19:59:05) on conditions username = anwa006 AND company_id = 20
20:23:41 peka002 Petronella Karlsson UPDATING data to tables `time2vie_cirruscommon`.`secondary_login` fields ( error ) values (0) on conditions username = peka002 AND company_id = 20
20:23:41 peka002 Petronella Karlsson INSERTING data into tables `log_login` fields ( username, ip, browser ) values ( peka002, 94.191.141.77, Time2View/1 CFNetwork/1121.2.2 Darwin/19.3.0 ) => {inserted_id = 9561}
20:23:41 peka002 Petronella Karlsson DELETE data from tables `temp_session` on conditions username LIKE peka002
20:23:41 peka002 Petronella Karlsson UPDATING data to tables `time2vie_cirruscommon`.`login` fields ( login, last_time ) values (1, 2020-04-05 20:23:41) on conditions username = peka002
20:23:41 peka002 Petronella Karlsson UPDATING data to tables `time2vie_cirruscommon`.`secondary_login` fields ( last_login_time ) values (2020-04-05 20:23:41) on conditions username = peka002 AND company_id = 20
22:01:35 asgr002 Åsa Grimberg UPDATING data to tables `time2vie_cirruscommon`.`secondary_login` fields ( error ) values (0) on conditions username = asgr002 AND company_id = 20
22:01:35 asgr002 Åsa Grimberg INSERTING data into tables `log_login` fields ( username, ip, browser ) values ( asgr002, 78.70.128.102, Time2View/1 CFNetwork/1125.2 Darwin/19.4.0 ) => {inserted_id = 9562}
22:01:35 asgr002 Åsa Grimberg DELETE data from tables `temp_session` on conditions username LIKE asgr002
22:01:35 asgr002 Åsa Grimberg UPDATING data to tables `time2vie_cirruscommon`.`login` fields ( login, last_time ) values (1, 2020-04-05 22:01:35) on conditions username = asgr002
22:01:35 asgr002 Åsa Grimberg UPDATING data to tables `time2vie_cirruscommon`.`secondary_login` fields ( last_login_time ) values (2020-04-05 22:01:35) on conditions username = asgr002 AND company_id = 20
