07:04:43 hejo003 Helen Jörnås UPDATING data to tables `time2vie_cirruscommon`.`secondary_login` fields ( error ) values (0) on conditions username = hejo003 AND company_id = 20
07:04:43 hejo003 Helen Jörnås INSERTING data into tables `log_login` fields ( username, ip, browser ) values ( hejo003, 90.224.82.244, okhttp/3.9.1 ) => {inserted_id = 9831}
07:04:43 hejo003 Helen Jörnås DELETE data from tables `temp_session` on conditions username LIKE hejo003
07:04:43 hejo003 Helen Jörnås UPDATING data to tables `time2vie_cirruscommon`.`login` fields ( login, last_time ) values (1, 2020-04-15 07:04:43) on conditions username = hejo003
07:04:43 hejo003 Helen Jörnås UPDATING data to tables `time2vie_cirruscommon`.`secondary_login` fields ( last_login_time ) values (2020-04-15 07:04:43) on conditions username = hejo003 AND company_id = 20
07:35:43 hejo003 Helen Jörnås UPDATING data to tables `time2vie_cirruscommon`.`secondary_login` fields ( error ) values (0) on conditions username = hejo003 AND company_id = 20
07:35:43 hejo003 Helen Jörnås INSERTING data into tables `log_login` fields ( username, ip, browser ) values ( hejo003, 90.224.82.244, okhttp/3.9.1 ) => {inserted_id = 9832}
07:35:43 hejo003 Helen Jörnås DELETE data from tables `temp_session` on conditions username LIKE hejo003
07:35:43 hejo003 Helen Jörnås UPDATING data to tables `time2vie_cirruscommon`.`login` fields ( login, last_time ) values (1, 2020-04-15 07:35:43) on conditions username = hejo003
07:35:43 hejo003 Helen Jörnås UPDATING data to tables `time2vie_cirruscommon`.`secondary_login` fields ( last_login_time ) values (2020-04-15 07:35:43) on conditions username = hejo003 AND company_id = 20
08:17:13 peka002 Petronella Karlsson UPDATING data to tables `time2vie_cirruscommon`.`secondary_login` fields ( error ) values (0) on conditions username = peka002 AND company_id = 20
08:17:13 peka002 Petronella Karlsson INSERTING data into tables `log_login` fields ( username, ip, browser ) values ( peka002, 83.253.200.91, Time2View/1 CFNetwork/1121.2.2 Darwin/19.3.0 ) => {inserted_id = 9833}
08:17:13 peka002 Petronella Karlsson DELETE data from tables `temp_session` on conditions username LIKE peka002
08:17:13 peka002 Petronella Karlsson UPDATING data to tables `time2vie_cirruscommon`.`login` fields ( login, last_time ) values (1, 2020-04-15 08:17:13) on conditions username = peka002
08:17:13 peka002 Petronella Karlsson UPDATING data to tables `time2vie_cirruscommon`.`secondary_login` fields ( last_login_time ) values (2020-04-15 08:17:13) on conditions username = peka002 AND company_id = 20
08:23:15 elbe006 Elin Berntsson UPDATING data to tables `time2vie_cirruscommon`.`secondary_login` fields ( error ) values (0) on conditions username = elbe006 AND company_id = 20
08:23:15 elbe006 Elin Berntsson INSERTING data into tables `log_login` fields ( username, ip, browser ) values ( elbe006, 185.27.164.39, okhttp/3.9.1 ) => {inserted_id = 9834}
08:23:15 elbe006 Elin Berntsson DELETE data from tables `temp_session` on conditions username LIKE elbe006
08:23:15 elbe006 Elin Berntsson UPDATING data to tables `time2vie_cirruscommon`.`login` fields ( login, last_time ) values (1, 2020-04-15 08:23:15) on conditions username = elbe006
08:23:15 elbe006 Elin Berntsson UPDATING data to tables `time2vie_cirruscommon`.`secondary_login` fields ( last_login_time ) values (2020-04-15 08:23:15) on conditions username = elbe006 AND company_id = 20
08:33:43 hejo003 Helen Jörnås UPDATING data to tables `time2vie_cirruscommon`.`secondary_login` fields ( error ) values (0) on conditions username = hejo003 AND company_id = 20
08:33:43 hejo003 Helen Jörnås INSERTING data into tables `log_login` fields ( username, ip, browser ) values ( hejo003, 90.224.82.244, okhttp/3.9.1 ) => {inserted_id = 9835}
08:33:43 hejo003 Helen Jörnås DELETE data from tables `temp_session` on conditions username LIKE hejo003
08:33:43 hejo003 Helen Jörnås UPDATING data to tables `time2vie_cirruscommon`.`login` fields ( login, last_time ) values (1, 2020-04-15 08:33:43) on conditions username = hejo003
08:33:43 hejo003 Helen Jörnås UPDATING data to tables `time2vie_cirruscommon`.`secondary_login` fields ( last_login_time ) values (2020-04-15 08:33:43) on conditions username = hejo003 AND company_id = 20
08:34:38 anka020 Annika Karlsson UPDATING data to tables `time2vie_cirruscommon`.`secondary_login` fields ( error ) values (0) on conditions username = anka020 AND company_id = 20
08:34:38 anka020 Annika Karlsson INSERTING data into tables `log_login` fields ( username, ip, browser ) values ( anka020, 185.27.164.39, okhttp/3.9.1 ) => {inserted_id = 9836}
08:34:38 anka020 Annika Karlsson DELETE data from tables `temp_session` on conditions username LIKE anka020
08:34:38 anka020 Annika Karlsson UPDATING data to tables `time2vie_cirruscommon`.`login` fields ( login, last_time ) values (1, 2020-04-15 08:34:38) on conditions username = anka020
08:34:38 anka020 Annika Karlsson UPDATING data to tables `time2vie_cirruscommon`.`secondary_login` fields ( last_login_time ) values (2020-04-15 08:34:38) on conditions username = anka020 AND company_id = 20
08:54:32 hejo003 Helen Jörnås DELETE data from tables `time2vie_cirruscommon`.`push_notify_tokens` on conditions user_id = hejo003 AND fcm_token = dPsZJ6c0gmw:APA91bF9AermH8G1DKpO1TQ27cI6sIwqPtz65X4jCkmuUYcYAWDyKArTFkvFaqALmZsCk4LgmWzgJjf0ksHhpRepbmAN0E9zVOE3ITVmY72SDXDZKbuLyi8p-JcX_3Frk3yWs1zxxEey #Mobile-App: Log-id=9835
08:54:33 hejo003 Helen Jörnås DELETE data from tables `temp_session` on conditions username LIKE hejo003 #Mobile-App: Log-id=9835
08:54:33 hejo003 Helen Jörnås UPDATING data to tables `time2vie_cirruscommon`.`login` fields ( login, last_time ) values (0, 2020-04-15 08:54:33) on conditions username = hejo003 #Mobile-App: Log-id=9835
08:54:33 hejo003 Helen Jörnås UPDATING data to tables `time2vie_cirruscommon`.`secondary_login` fields ( last_login_time ) values (2020-04-15 08:54:33) on conditions username = hejo003 AND company_id = 20 #Mobile-App: Log-id=9835
08:54:45 hejo003 Helen Jörnås UPDATING data to tables `time2vie_cirruscommon`.`secondary_login` fields ( error ) values (0) on conditions username = hejo003 AND company_id = 20
08:54:45 hejo003 Helen Jörnås INSERTING data into tables `log_login` fields ( username, ip, browser ) values ( hejo003, 90.224.82.244, okhttp/3.9.1 ) => {inserted_id = 9837}
08:54:45 hejo003 Helen Jörnås DELETE data from tables `temp_session` on conditions username LIKE hejo003
08:54:45 hejo003 Helen Jörnås UPDATING data to tables `time2vie_cirruscommon`.`login` fields ( login, last_time ) values (1, 2020-04-15 08:54:45) on conditions username = hejo003
08:54:45 hejo003 Helen Jörnås UPDATING data to tables `time2vie_cirruscommon`.`secondary_login` fields ( last_login_time ) values (2020-04-15 08:54:45) on conditions username = hejo003 AND company_id = 20
09:06:39 hejo003 Helen Jörnås DELETE data from tables `time2vie_cirruscommon`.`push_notify_tokens` on conditions user_id = hejo003 AND fcm_token = dPsZJ6c0gmw:APA91bF9AermH8G1DKpO1TQ27cI6sIwqPtz65X4jCkmuUYcYAWDyKArTFkvFaqALmZsCk4LgmWzgJjf0ksHhpRepbmAN0E9zVOE3ITVmY72SDXDZKbuLyi8p-JcX_3Frk3yWs1zxxEey #Mobile-App: Log-id=9837
09:06:39 hejo003 Helen Jörnås DELETE data from tables `temp_session` on conditions username LIKE hejo003 #Mobile-App: Log-id=9837
09:06:39 hejo003 Helen Jörnås UPDATING data to tables `time2vie_cirruscommon`.`login` fields ( login, last_time ) values (0, 2020-04-15 09:06:39) on conditions username = hejo003 #Mobile-App: Log-id=9837
09:06:39 hejo003 Helen Jörnås UPDATING data to tables `time2vie_cirruscommon`.`secondary_login` fields ( last_login_time ) values (2020-04-15 09:06:39) on conditions username = hejo003 AND company_id = 20 #Mobile-App: Log-id=9837
09:07:09 hebe001 Helen Bengtsson INSERTING data into tables `log_login` fields ( username, ip, browser ) values ( hebe001, 193.234.72.96, Mozilla/5.0 (Windows NT 6.1; Win64; x64) AppleWebKit/537.36 (KHTML, like Gecko) Chrome/80.0.3987.163 Safari/537.36 ) => {inserted_id = 9838}
09:07:09 hebe001 Helen Bengtsson DELETE data from tables `temp_session` on conditions username LIKE hebe001
09:07:09 hebe001 Helen Bengtsson UPDATING data to tables `time2vie_cirruscommon`.`login` fields ( login, last_time ) values (1, 2020-04-15 09:07:09) on conditions username = hebe001
09:07:09 hebe001 Helen Bengtsson UPDATING data to tables `time2vie_cirruscommon`.`secondary_login` fields ( last_login_time ) values (2020-04-15 09:07:09) on conditions username = hebe001 AND company_id = 20
09:07:10 hebe001 Helen Bengtsson UPDATING data to tables `time2vie_cirruscommon`.`ws_sessions` fields ( user_id ) values (hebe001) on conditions session_id = b883d55f98e7288a5b621bc8f3981d0b
09:07:25 hejo003 Helen Jörnås UPDATING data to tables `time2vie_cirruscommon`.`secondary_login` fields ( error ) values (0) on conditions username = hejo003 AND company_id = 20
09:07:25 hejo003 Helen Jörnås INSERTING data into tables `log_login` fields ( username, ip, browser ) values ( hejo003, 90.224.82.244, okhttp/3.9.1 ) => {inserted_id = 9839}
09:07:25 hejo003 Helen Jörnås DELETE data from tables `temp_session` on conditions username LIKE hejo003
09:07:25 hejo003 Helen Jörnås UPDATING data to tables `time2vie_cirruscommon`.`login` fields ( login, last_time ) values (1, 2020-04-15 09:07:25) on conditions username = hejo003
09:07:25 hejo003 Helen Jörnås UPDATING data to tables `time2vie_cirruscommon`.`secondary_login` fields ( last_login_time ) values (2020-04-15 09:07:25) on conditions username = hejo003 AND company_id = 20
09:07:57 hebe001 Helen Bengtsson UPDATING data to tables `timetable` fields ( customer, employee, date, time_from, time_to, fkkn, type, status, comment ) values (tibe002, anka020, 2020-04-15, 16.30, 24, 1, 0, 1, Jag kan jobba dygnet//Annika) on conditions id = 15262
09:08:25 hebe001 Helen Bengtsson UPDATING data to tables `timetable` fields ( customer, employee, date, time_from, time_to, fkkn, type, status, comment ) values (tibe002, anka020, 2020-04-16, 0.00, 6.30, 1, 3, 1, ) on conditions id = 15263
09:08:37 hebe001 Helen Bengtsson UPDATING data to tables `timetable` fields ( customer, employee, date, time_from, time_to, fkkn, type, status, comment ) values (tibe002, anka020, 2020-04-16, 6.30, 9.00, 1, 0, 1, ) on conditions id = 15264
09:08:47 hebe001 Helen Bengtsson DELETE data from tables `timetable` on conditions id = 10612
09:09:10 hebe001 Helen Bengtsson UPDATING data to tables `timetable` fields ( customer, employee, date, time_from, time_to, fkkn, type, status, comment ) values (tibe002, hebe001, 2020-04-17, 8.30, 16.30, 1, 0, 1, Jag kan jobba dygn//Annika) on conditions id = 15260
09:33:02 anka020 Annika Karlsson UPDATING data to tables `time2vie_cirruscommon`.`secondary_login` fields ( error ) values (0) on conditions username = anka020 AND company_id = 20
09:33:02 anka020 Annika Karlsson INSERTING data into tables `log_login` fields ( username, ip, browser ) values ( anka020, 185.27.164.39, okhttp/3.9.1 ) => {inserted_id = 9840}
09:33:02 anka020 Annika Karlsson DELETE data from tables `temp_session` on conditions username LIKE anka020
09:33:02 anka020 Annika Karlsson UPDATING data to tables `time2vie_cirruscommon`.`login` fields ( login, last_time ) values (1, 2020-04-15 09:33:02) on conditions username = anka020
09:33:02 anka020 Annika Karlsson UPDATING data to tables `time2vie_cirruscommon`.`secondary_login` fields ( last_login_time ) values (2020-04-15 09:33:02) on conditions username = anka020 AND company_id = 20
10:06:39 hebe001 Helen Bengtsson UPDATING data to tables `timetable` fields ( status ) values (2) on conditions id = 10623
10:06:39 hebe001 Helen Bengtsson INSERTING data into tables `timetable` fields ( customer, date, time_from, time_to, type, fkkn, comment, alloc_emp, relation_id, status ) values ( tibe002, 2020-04-20, 16.15, 24.00, 0, 1, , hebe001, 10623, 0 ) => {inserted_id = 15266}
10:06:39 hebe001 Helen Bengtsson INSERTING data into tables `leave` fields ( group_id, employee, date, time_from, time_to, type, comment, appr_emp, status, no_pay ) values ( 772, vigu002, 2020-04-20, 16.15, 24, 1, , hebe001, 1, 1 ) => {inserted_id = 1411}
10:06:53 hebe001 Helen Bengtsson UPDATING data to tables `timetable` fields ( status ) values (2) on conditions id = 10624
10:06:53 hebe001 Helen Bengtsson INSERTING data into tables `timetable` fields ( customer, date, time_from, time_to, type, fkkn, comment, alloc_emp, relation_id, status ) values ( tibe002, 2020-04-21, 0.00, 6.30, 3, 1, , hebe001, 10624, 0 ) => {inserted_id = 15267}
10:06:53 hebe001 Helen Bengtsson INSERTING data into tables `leave` fields ( group_id, employee, date, time_from, time_to, type, comment, appr_emp, status, no_pay ) values ( 773, vigu002, 2020-04-21, 0, 6.3, 1, , hebe001, 1, 1 ) => {inserted_id = 1412}
10:07:04 hebe001 Helen Bengtsson UPDATING data to tables `timetable` fields ( status ) values (2) on conditions id = 10625
10:07:04 hebe001 Helen Bengtsson INSERTING data into tables `timetable` fields ( customer, date, time_from, time_to, type, fkkn, comment, alloc_emp, relation_id, status ) values ( tibe002, 2020-04-21, 6.30, 9.00, 0, 1, , hebe001, 10625, 0 ) => {inserted_id = 15268}
10:07:04 hebe001 Helen Bengtsson INSERTING data into tables `leave` fields ( group_id, employee, date, time_from, time_to, type, comment, appr_emp, status, no_pay ) values ( 774, vigu002, 2020-04-21, 6.3, 9, 1, , hebe001, 1, 1 ) => {inserted_id = 1413}
10:07:22 hebe001 Helen Bengtsson UPDATING data to tables `timetable` fields ( status ) values (2) on conditions id = 10639
10:07:22 hebe001 Helen Bengtsson INSERTING data into tables `timetable` fields ( customer, date, time_from, time_to, type, fkkn, comment, alloc_emp, relation_id, status ) values ( tibe002, 2020-04-24, 16.15, 24.00, 0, 1, , hebe001, 10639, 0 ) => {inserted_id = 15269}
10:07:22 hebe001 Helen Bengtsson INSERTING data into tables `leave` fields ( group_id, employee, date, time_from, time_to, type, comment, appr_emp, status, no_pay ) values ( 775, vigu002, 2020-04-24, 16.15, 24, 1, , hebe001, 1, 1 ) => {inserted_id = 1414}
10:07:38 hebe001 Helen Bengtsson UPDATING data to tables `timetable` fields ( status ) values (2) on conditions id = 10640
10:07:38 hebe001 Helen Bengtsson INSERTING data into tables `timetable` fields ( customer, date, time_from, time_to, type, fkkn, comment, alloc_emp, relation_id, status ) values ( tibe002, 2020-04-25, 0.00, 6.30, 3, 1, , hebe001, 10640, 0 ) => {inserted_id = 15270}
10:07:38 hebe001 Helen Bengtsson INSERTING data into tables `leave` fields ( group_id, employee, date, time_from, time_to, type, comment, appr_emp, status, no_pay ) values ( 776, vigu002, 2020-04-25, 0, 6.3, 1, , hebe001, 1, 1 ) => {inserted_id = 1415}
10:07:52 hebe001 Helen Bengtsson UPDATING data to tables `timetable` fields ( status ) values (2) on conditions id = 10641
10:07:52 hebe001 Helen Bengtsson INSERTING data into tables `timetable` fields ( customer, date, time_from, time_to, type, fkkn, comment, alloc_emp, relation_id, status ) values ( tibe002, 2020-04-25, 6.30, 10.30, 0, 1, , hebe001, 10641, 0 ) => {inserted_id = 15271}
10:07:52 hebe001 Helen Bengtsson INSERTING data into tables `leave` fields ( group_id, employee, date, time_from, time_to, type, comment, appr_emp, status, no_pay ) values ( 777, vigu002, 2020-04-25, 6.3, 10.3, 1, , hebe001, 1, 1 ) => {inserted_id = 1416}
10:08:09 hebe001 Helen Bengtsson UPDATING data to tables `timetable` fields ( status ) values (2) on conditions id = 10645
10:08:09 hebe001 Helen Bengtsson INSERTING data into tables `timetable` fields ( customer, date, time_from, time_to, type, fkkn, comment, alloc_emp, relation_id, employee, status ) values ( tibe002, 2020-04-26, 10.00, 24.00, 0, 1, , hebe001, 10645, hejo003, 1 ) => {inserted_id = 15272}
10:08:09 hebe001 Helen Bengtsson INSERTING data into tables `leave` fields ( group_id, employee, date, time_from, time_to, type, comment, appr_emp, status, no_pay ) values ( 778, vigu002, 2020-04-26, 10, 24, 1, , hebe001, 1, 1 ) => {inserted_id = 1417}
10:08:42 hebe001 Helen Bengtsson UPDATING data to tables `timetable` fields ( status ) values (2) on conditions id = 10646
10:08:42 hebe001 Helen Bengtsson INSERTING data into tables `timetable` fields ( customer, date, time_from, time_to, type, fkkn, comment, alloc_emp, relation_id, employee, status ) values ( tibe002, 2020-04-27, 0.00, 6.30, 3, 1, , hebe001, 10646, hejo003, 1 ) => {inserted_id = 15273}
10:08:42 hebe001 Helen Bengtsson INSERTING data into tables `leave` fields ( group_id, employee, date, time_from, time_to, type, comment, appr_emp, status, no_pay ) values ( 779, vigu002, 2020-04-27, 0, 6.3, 1, , hebe001, 1, 1 ) => {inserted_id = 1418}
10:08:59 hebe001 Helen Bengtsson UPDATING data to tables `timetable` fields ( status ) values (2) on conditions id = 10647
10:08:59 hebe001 Helen Bengtsson INSERTING data into tables `timetable` fields ( customer, date, time_from, time_to, type, fkkn, comment, alloc_emp, relation_id, employee, status ) values ( tibe002, 2020-04-27, 6.30, 9.00, 0, 1, , hebe001, 10647, hejo003, 1 ) => {inserted_id = 15274}
10:08:59 hebe001 Helen Bengtsson INSERTING data into tables `leave` fields ( group_id, employee, date, time_from, time_to, type, comment, appr_emp, status, no_pay ) values ( 780, vigu002, 2020-04-27, 6.3, 9, 1, , hebe001, 1, 1 ) => {inserted_id = 1419}
10:13:20 anka019 Anna Kawalya Westerberg INSERTING data into tables `log_login` fields ( username, ip, browser ) values ( anka019, 90.227.104.95, Mozilla/5.0 (iPhone; CPU iPhone OS 13_4 like Mac OS X) AppleWebKit/605.1.15 (KHTML, like Gecko) Version/13.1 Mobile/15E148 Safari/604.1 ) => {inserted_id = 9841}
10:13:20 anka019 Anna Kawalya Westerberg DELETE data from tables `temp_session` on conditions username LIKE anka019
10:13:20 anka019 Anna Kawalya Westerberg UPDATING data to tables `time2vie_cirruscommon`.`login` fields ( login, last_time ) values (1, 2020-04-15 10:13:20) on conditions username = anka019
10:13:20 anka019 Anna Kawalya Westerberg UPDATING data to tables `time2vie_cirruscommon`.`secondary_login` fields ( last_login_time ) values (2020-04-15 10:13:20) on conditions username = anka019 AND company_id = 20
10:13:21 anka019 Anna Kawalya Westerberg UPDATING data to tables `time2vie_cirruscommon`.`ws_sessions` fields ( user_id ) values (anka019) on conditions session_id = c5bbce08cd95264b3969d12f5277501d
10:13:24 anka019 Anna Kawalya Westerberg UPDATING data to tables `time2vie_cirruscommon`.`ws_sessions` fields ( user_id ) values (anka019) on conditions session_id = c5bbce08cd95264b3969d12f5277501d
10:13:56 hebe001 Helen Bengtsson UPDATING data to tables `timetable` fields ( customer, employee, date, time_from, time_to, fkkn, type, status, comment ) values (tibe002, hejo003, 2020-04-17, 6.30, 12.00, 1, 0, 1, ) on conditions id = 10610
10:13:56 anka019 Anna Kawalya Westerberg INSERTING data into tables `log_login` fields ( username, ip, browser ) values ( anka019, 90.227.104.95, Mozilla/5.0 (iPhone; CPU iPhone OS 13_4 like Mac OS X) AppleWebKit/605.1.15 (KHTML, like Gecko) Version/13.1 Mobile/15E148 Safari/604.1 ) => {inserted_id = 9842}
10:13:56 anka019 Anna Kawalya Westerberg DELETE data from tables `temp_session` on conditions username LIKE anka019
10:13:57 anka019 Anna Kawalya Westerberg UPDATING data to tables `time2vie_cirruscommon`.`login` fields ( login, last_time ) values (1, 2020-04-15 10:13:56) on conditions username = anka019
10:13:57 anka019 Anna Kawalya Westerberg UPDATING data to tables `time2vie_cirruscommon`.`secondary_login` fields ( last_login_time ) values (2020-04-15 10:13:56) on conditions username = anka019 AND company_id = 20
10:13:57 anka019 Anna Kawalya Westerberg UPDATING data to tables `time2vie_cirruscommon`.`ws_sessions` fields ( user_id ) values (anka019) on conditions session_id = c5bbce08cd95264b3969d12f5277501d
10:14:00 anka019 Anna Kawalya Westerberg UPDATING data to tables `time2vie_cirruscommon`.`ws_sessions` fields ( user_id ) values (anka019) on conditions session_id = c5bbce08cd95264b3969d12f5277501d
10:14:10 hebe001 Helen Bengtsson UPDATING data to tables `timetable` fields ( customer, employee, date, time_from, time_to, fkkn, type, status, comment ) values (tibe002, hebe001, 2020-04-17, 11.30, 16.30, 1, 0, 1, Jag kan jobba dygn//Annika) on conditions id = 15260
10:57:11 biwa003 Birgitta Wåhlander INSERTING data into tables `log_login` fields ( username, ip, browser ) values ( biwa003, 185.27.165.66, Mozilla/5.0 (iPad; CPU OS 13_3 like Mac OS X) AppleWebKit/605.1.15 (KHTML, like Gecko) CriOS/80.0.3987.95 Mobile/15E148 Safari/604.1 ) => {inserted_id = 9843}
10:57:11 biwa003 Birgitta Wåhlander DELETE data from tables `temp_session` on conditions username LIKE biwa003
10:57:11 biwa003 Birgitta Wåhlander UPDATING data to tables `time2vie_cirruscommon`.`login` fields ( login, last_time ) values (1, 2020-04-15 10:57:11) on conditions username = biwa003
10:57:11 biwa003 Birgitta Wåhlander UPDATING data to tables `time2vie_cirruscommon`.`secondary_login` fields ( last_login_time ) values (2020-04-15 10:57:11) on conditions username = biwa003 AND company_id = 20
10:57:11 biwa003 Birgitta Wåhlander UPDATING data to tables `time2vie_cirruscommon`.`ws_sessions` fields ( user_id ) values (biwa003) on conditions session_id = 57b940bdff6330751a125c090a8a1fe3
10:58:42 biwa003 Birgitta Wåhlander UPDATING data to tables `time2vie_cirruscommon`.`ws_sessions` fields ( user_id ) values (biwa003) on conditions session_id = 57b940bdff6330751a125c090a8a1fe3
11:12:49 anwa006 Andréas Wallin UPDATING data to tables `time2vie_cirruscommon`.`secondary_login` fields ( error ) values (0) on conditions username = anwa006 AND company_id = 20
11:12:49 anwa006 Andréas Wallin INSERTING data into tables `log_login` fields ( username, ip, browser ) values ( anwa006, 94.103.194.75, okhttp/3.9.1 ) => {inserted_id = 9844}
11:12:49 anwa006 Andréas Wallin DELETE data from tables `temp_session` on conditions username LIKE anwa006
11:12:49 anwa006 Andréas Wallin UPDATING data to tables `time2vie_cirruscommon`.`login` fields ( login, last_time ) values (1, 2020-04-15 11:12:49) on conditions username = anwa006
11:12:49 anwa006 Andréas Wallin UPDATING data to tables `time2vie_cirruscommon`.`secondary_login` fields ( last_login_time ) values (2020-04-15 11:12:49) on conditions username = anwa006 AND company_id = 20
11:16:28 peka002 Petronella Karlsson UPDATING data to tables `time2vie_cirruscommon`.`secondary_login` fields ( error ) values (0) on conditions username = peka002 AND company_id = 20
11:16:28 peka002 Petronella Karlsson INSERTING data into tables `log_login` fields ( username, ip, browser ) values ( peka002, 83.253.200.91, Time2View/1 CFNetwork/1121.2.2 Darwin/19.3.0 ) => {inserted_id = 9845}
11:16:28 peka002 Petronella Karlsson DELETE data from tables `temp_session` on conditions username LIKE peka002
11:16:28 peka002 Petronella Karlsson UPDATING data to tables `time2vie_cirruscommon`.`login` fields ( login, last_time ) values (1, 2020-04-15 11:16:28) on conditions username = peka002
11:16:28 peka002 Petronella Karlsson UPDATING data to tables `time2vie_cirruscommon`.`secondary_login` fields ( last_login_time ) values (2020-04-15 11:16:28) on conditions username = peka002 AND company_id = 20
11:35:38 hejo003 Helen Jörnås UPDATING data to tables `time2vie_cirruscommon`.`secondary_login` fields ( error ) values (0) on conditions username = hejo003 AND company_id = 20
11:35:38 hejo003 Helen Jörnås INSERTING data into tables `log_login` fields ( username, ip, browser ) values ( hejo003, 90.224.82.244, okhttp/3.9.1 ) => {inserted_id = 9846}
11:35:38 hejo003 Helen Jörnås DELETE data from tables `temp_session` on conditions username LIKE hejo003
11:35:38 hejo003 Helen Jörnås UPDATING data to tables `time2vie_cirruscommon`.`login` fields ( login, last_time ) values (1, 2020-04-15 11:35:38) on conditions username = hejo003
11:35:38 hejo003 Helen Jörnås UPDATING data to tables `time2vie_cirruscommon`.`secondary_login` fields ( last_login_time ) values (2020-04-15 11:35:38) on conditions username = hejo003 AND company_id = 20
12:31:22 anka019 Anna Kawalya Westerberg UPDATING data to tables `time2vie_cirruscommon`.`ws_sessions` fields ( user_id ) values (anka019) on conditions session_id = c5bbce08cd95264b3969d12f5277501d
12:31:29 anka019 Anna Kawalya Westerberg UPDATING data to tables `time2vie_cirruscommon`.`ws_sessions` fields ( user_id ) values (anka019) on conditions session_id = c5bbce08cd95264b3969d12f5277501d
12:31:33 anka019 Anna Kawalya Westerberg UPDATING data to tables `time2vie_cirruscommon`.`ws_sessions` fields ( user_id ) values (anka019) on conditions session_id = c5bbce08cd95264b3969d12f5277501d
12:48:15 anka020 Annika Karlsson UPDATING data to tables `time2vie_cirruscommon`.`secondary_login` fields ( error ) values (0) on conditions username = anka020 AND company_id = 20
12:48:15 anka020 Annika Karlsson INSERTING data into tables `log_login` fields ( username, ip, browser ) values ( anka020, 185.27.164.39, okhttp/3.9.1 ) => {inserted_id = 9847}
12:48:15 anka020 Annika Karlsson DELETE data from tables `temp_session` on conditions username LIKE anka020
12:48:15 anka020 Annika Karlsson UPDATING data to tables `time2vie_cirruscommon`.`login` fields ( login, last_time ) values (1, 2020-04-15 12:48:15) on conditions username = anka020
12:48:15 anka020 Annika Karlsson UPDATING data to tables `time2vie_cirruscommon`.`secondary_login` fields ( last_login_time ) values (2020-04-15 12:48:15) on conditions username = anka020 AND company_id = 20
12:49:30 anka020 Annika Karlsson UPDATING data to tables `timetable` fields ( customer, employee, date, time_from, time_to, fkkn, type, status, comment ) values (tibe002, , 2020-04-24, 16.15, 24, 1, 0, 0, Jag kan jobba// Annika) on conditions id = 15269 #Mobile-App: Log-id=9847
12:50:12 anka020 Annika Karlsson UPDATING data to tables `timetable` fields ( customer, employee, date, time_from, time_to, fkkn, type, status, comment ) values (tibe002, , 2020-04-20, 16.15, 24, 1, 0, 0, Jag kan jobba//Annika) on conditions id = 15266 #Mobile-App: Log-id=9847
12:55:33 jobe008 Joakim Bengtsson UPDATING data to tables `time2vie_cirruscommon`.`secondary_login` fields ( error ) values (0) on conditions username = jobe008 AND company_id = 20
12:55:33 jobe008 Joakim Bengtsson INSERTING data into tables `log_login` fields ( username, ip, browser ) values ( jobe008, 94.103.200.215, okhttp/3.9.1 ) => {inserted_id = 9848}
12:55:33 jobe008 Joakim Bengtsson DELETE data from tables `temp_session` on conditions username LIKE jobe008
12:55:33 jobe008 Joakim Bengtsson UPDATING data to tables `time2vie_cirruscommon`.`login` fields ( login, last_time ) values (1, 2020-04-15 12:55:33) on conditions username = jobe008
12:55:33 jobe008 Joakim Bengtsson UPDATING data to tables `time2vie_cirruscommon`.`secondary_login` fields ( last_login_time ) values (2020-04-15 12:55:33) on conditions username = jobe008 AND company_id = 20
13:55:02 time002 Tina Mellgren UPDATING data to tables `time2vie_cirruscommon`.`secondary_login` fields ( error ) values (0) on conditions username = time002 AND company_id = 20
13:55:02 time002 Tina Mellgren INSERTING data into tables `log_login` fields ( username, ip, browser ) values ( time002, 88.129.149.88, Time2View/1 CFNetwork/1121.2.2 Darwin/19.3.0 ) => {inserted_id = 9849}
13:55:02 time002 Tina Mellgren DELETE data from tables `temp_session` on conditions username LIKE time002
13:55:02 time002 Tina Mellgren UPDATING data to tables `time2vie_cirruscommon`.`login` fields ( login, last_time ) values (1, 2020-04-15 13:55:02) on conditions username = time002
13:55:02 time002 Tina Mellgren UPDATING data to tables `time2vie_cirruscommon`.`secondary_login` fields ( last_login_time ) values (2020-04-15 13:55:02) on conditions username = time002 AND company_id = 20
13:57:24 anka020 Annika Karlsson UPDATING data to tables `time2vie_cirruscommon`.`secondary_login` fields ( error ) values (0) on conditions username = anka020 AND company_id = 20
13:57:24 anka020 Annika Karlsson INSERTING data into tables `log_login` fields ( username, ip, browser ) values ( anka020, 185.27.164.39, okhttp/3.9.1 ) => {inserted_id = 9850}
13:57:24 anka020 Annika Karlsson DELETE data from tables `temp_session` on conditions username LIKE anka020
13:57:24 anka020 Annika Karlsson UPDATING data to tables `time2vie_cirruscommon`.`login` fields ( login, last_time ) values (1, 2020-04-15 13:57:24) on conditions username = anka020
13:57:24 anka020 Annika Karlsson UPDATING data to tables `time2vie_cirruscommon`.`secondary_login` fields ( last_login_time ) values (2020-04-15 13:57:24) on conditions username = anka020 AND company_id = 20
14:24:57 hejo003 Helen Jörnås UPDATING data to tables `time2vie_cirruscommon`.`secondary_login` fields ( error ) values (0) on conditions username = hejo003 AND company_id = 20
14:24:57 hejo003 Helen Jörnås INSERTING data into tables `log_login` fields ( username, ip, browser ) values ( hejo003, 90.224.82.244, okhttp/3.9.1 ) => {inserted_id = 9851}
14:24:57 hejo003 Helen Jörnås DELETE data from tables `temp_session` on conditions username LIKE hejo003
14:24:57 hejo003 Helen Jörnås UPDATING data to tables `time2vie_cirruscommon`.`login` fields ( login, last_time ) values (1, 2020-04-15 14:24:57) on conditions username = hejo003
14:24:57 hejo003 Helen Jörnås UPDATING data to tables `time2vie_cirruscommon`.`secondary_login` fields ( last_login_time ) values (2020-04-15 14:24:57) on conditions username = hejo003 AND company_id = 20
14:46:19 hebe001 Helen Bengtsson INSERTING data into tables `log_login` fields ( username, ip, browser ) values ( hebe001, 217.73.108.78, Mozilla/5.0 (Windows NT 6.1; Win64; x64) AppleWebKit/537.36 (KHTML, like Gecko) Chrome/80.0.3987.163 Safari/537.36 ) => {inserted_id = 9852}
14:46:19 hebe001 Helen Bengtsson DELETE data from tables `temp_session` on conditions username LIKE hebe001
14:46:19 hebe001 Helen Bengtsson UPDATING data to tables `time2vie_cirruscommon`.`login` fields ( login, last_time ) values (1, 2020-04-15 14:46:19) on conditions username = hebe001
14:46:19 hebe001 Helen Bengtsson UPDATING data to tables `time2vie_cirruscommon`.`secondary_login` fields ( last_login_time ) values (2020-04-15 14:46:19) on conditions username = hebe001 AND company_id = 20
14:46:20 hebe001 Helen Bengtsson UPDATING data to tables `time2vie_cirruscommon`.`ws_sessions` fields ( user_id ) values (hebe001) on conditions session_id = 34c62f5c4d42079eed83087d3365337e
16:14:07 thca002 Therese Calic UPDATING data to tables `time2vie_cirruscommon`.`secondary_login` fields ( error ) values (0) on conditions username = thca002 AND company_id = 20
16:14:07 thca002 Therese Calic INSERTING data into tables `log_login` fields ( username, ip, browser ) values ( thca002, 217.73.111.127, Time2View/1 CFNetwork/1121.2.2 Darwin/19.3.0 ) => {inserted_id = 9853}
16:14:07 thca002 Therese Calic DELETE data from tables `temp_session` on conditions username LIKE thca002
16:14:07 thca002 Therese Calic UPDATING data to tables `time2vie_cirruscommon`.`login` fields ( login, last_time ) values (1, 2020-04-15 16:14:07) on conditions username = thca002
16:14:07 thca002 Therese Calic UPDATING data to tables `time2vie_cirruscommon`.`secondary_login` fields ( last_login_time ) values (2020-04-15 16:14:07) on conditions username = thca002 AND company_id = 20
16:14:19 hejo003 Helen Jörnås UPDATING data to tables `time2vie_cirruscommon`.`secondary_login` fields ( error ) values (0) on conditions username = hejo003 AND company_id = 20
16:14:19 hejo003 Helen Jörnås INSERTING data into tables `log_login` fields ( username, ip, browser ) values ( hejo003, 90.224.82.244, okhttp/3.9.1 ) => {inserted_id = 9854}
16:14:19 hejo003 Helen Jörnås DELETE data from tables `temp_session` on conditions username LIKE hejo003
16:14:19 hejo003 Helen Jörnås UPDATING data to tables `time2vie_cirruscommon`.`login` fields ( login, last_time ) values (1, 2020-04-15 16:14:19) on conditions username = hejo003
16:14:19 hejo003 Helen Jörnås UPDATING data to tables `time2vie_cirruscommon`.`secondary_login` fields ( last_login_time ) values (2020-04-15 16:14:19) on conditions username = hejo003 AND company_id = 20
17:24:11 anka020 Annika Karlsson UPDATING data to tables `time2vie_cirruscommon`.`secondary_login` fields ( error ) values (0) on conditions username = anka020 AND company_id = 20
17:24:11 anka020 Annika Karlsson INSERTING data into tables `log_login` fields ( username, ip, browser ) values ( anka020, 185.27.164.39, okhttp/3.9.1 ) => {inserted_id = 9855}
17:24:11 anka020 Annika Karlsson DELETE data from tables `temp_session` on conditions username LIKE anka020
17:24:11 anka020 Annika Karlsson UPDATING data to tables `time2vie_cirruscommon`.`login` fields ( login, last_time ) values (1, 2020-04-15 17:24:11) on conditions username = anka020
17:24:11 anka020 Annika Karlsson UPDATING data to tables `time2vie_cirruscommon`.`secondary_login` fields ( last_login_time ) values (2020-04-15 17:24:11) on conditions username = anka020 AND company_id = 20
17:42:46 anka019 Anna Kawalya Westerberg INSERTING data into tables `log_login` fields ( username, ip, browser ) values ( anka019, 94.103.194.75, Mozilla/5.0 (iPhone; CPU iPhone OS 13_4 like Mac OS X) AppleWebKit/605.1.15 (KHTML, like Gecko) Version/13.1 Mobile/15E148 Safari/604.1 ) => {inserted_id = 9856}
17:42:46 anka019 Anna Kawalya Westerberg DELETE data from tables `temp_session` on conditions username LIKE anka019
17:42:46 anka019 Anna Kawalya Westerberg UPDATING data to tables `time2vie_cirruscommon`.`login` fields ( login, last_time ) values (1, 2020-04-15 17:42:46) on conditions username = anka019
17:42:46 anka019 Anna Kawalya Westerberg UPDATING data to tables `time2vie_cirruscommon`.`secondary_login` fields ( last_login_time ) values (2020-04-15 17:42:46) on conditions username = anka019 AND company_id = 20
17:42:46 anka019 Anna Kawalya Westerberg UPDATING data to tables `time2vie_cirruscommon`.`ws_sessions` fields ( user_id ) values (anka019) on conditions session_id = 3e29ca38f56055b86aab2b7680dd3ca5
17:43:02 anka019 Anna Kawalya Westerberg INSERTING data into tables `log_login` fields ( username, ip, browser ) values ( anka019, 94.103.194.75, Mozilla/5.0 (iPhone; CPU iPhone OS 13_4 like Mac OS X) AppleWebKit/605.1.15 (KHTML, like Gecko) Version/13.1 Mobile/15E148 Safari/604.1 ) => {inserted_id = 9857}
17:43:02 anka019 Anna Kawalya Westerberg DELETE data from tables `temp_session` on conditions username LIKE anka019
17:43:02 anka019 Anna Kawalya Westerberg UPDATING data to tables `time2vie_cirruscommon`.`login` fields ( login, last_time ) values (1, 2020-04-15 17:43:02) on conditions username = anka019
17:43:02 anka019 Anna Kawalya Westerberg UPDATING data to tables `time2vie_cirruscommon`.`secondary_login` fields ( last_login_time ) values (2020-04-15 17:43:02) on conditions username = anka019 AND company_id = 20
17:43:02 anka019 Anna Kawalya Westerberg UPDATING data to tables `time2vie_cirruscommon`.`ws_sessions` fields ( user_id ) values (anka019) on conditions session_id = 3e29ca38f56055b86aab2b7680dd3ca5
17:43:15 anka019 Anna Kawalya Westerberg INSERTING data into tables `log_login` fields ( username, ip, browser ) values ( anka019, 94.103.194.75, Mozilla/5.0 (iPhone; CPU iPhone OS 13_4 like Mac OS X) AppleWebKit/605.1.15 (KHTML, like Gecko) Version/13.1 Mobile/15E148 Safari/604.1 ) => {inserted_id = 9858}
17:43:15 anka019 Anna Kawalya Westerberg DELETE data from tables `temp_session` on conditions username LIKE anka019
17:43:15 anka019 Anna Kawalya Westerberg UPDATING data to tables `time2vie_cirruscommon`.`login` fields ( login, last_time ) values (1, 2020-04-15 17:43:15) on conditions username = anka019
17:43:15 anka019 Anna Kawalya Westerberg UPDATING data to tables `time2vie_cirruscommon`.`secondary_login` fields ( last_login_time ) values (2020-04-15 17:43:15) on conditions username = anka019 AND company_id = 20
17:43:15 anka019 Anna Kawalya Westerberg UPDATING data to tables `time2vie_cirruscommon`.`ws_sessions` fields ( user_id ) values (anka019) on conditions session_id = 3e29ca38f56055b86aab2b7680dd3ca5
17:43:22 anka019 Anna Kawalya Westerberg UPDATING data to tables `time2vie_cirruscommon`.`ws_sessions` fields ( user_id ) values (anka019) on conditions session_id = 3e29ca38f56055b86aab2b7680dd3ca5
18:32:14 biwa003 Birgitta Wåhlander UPDATING data to tables `time2vie_cirruscommon`.`ws_sessions` fields ( user_id ) values (biwa003) on conditions session_id = 57b940bdff6330751a125c090a8a1fe3
18:33:05 biwa003 Birgitta Wåhlander UPDATING data to tables `time2vie_cirruscommon`.`ws_sessions` fields ( user_id ) values (biwa003) on conditions session_id = 57b940bdff6330751a125c090a8a1fe3
18:43:15 anka020 Annika Karlsson UPDATING data to tables `time2vie_cirruscommon`.`secondary_login` fields ( error ) values (0) on conditions username = anka020 AND company_id = 20
18:43:15 anka020 Annika Karlsson INSERTING data into tables `log_login` fields ( username, ip, browser ) values ( anka020, 185.27.164.39, okhttp/3.9.1 ) => {inserted_id = 9859}
18:43:15 anka020 Annika Karlsson DELETE data from tables `temp_session` on conditions username LIKE anka020
18:43:15 anka020 Annika Karlsson UPDATING data to tables `time2vie_cirruscommon`.`login` fields ( login, last_time ) values (1, 2020-04-15 18:43:15) on conditions username = anka020
18:43:15 anka020 Annika Karlsson UPDATING data to tables `time2vie_cirruscommon`.`secondary_login` fields ( last_login_time ) values (2020-04-15 18:43:15) on conditions username = anka020 AND company_id = 20
19:49:59 hejo003 Helen Jörnås UPDATING data to tables `time2vie_cirruscommon`.`secondary_login` fields ( error ) values (0) on conditions username = hejo003 AND company_id = 20
19:49:59 hejo003 Helen Jörnås INSERTING data into tables `log_login` fields ( username, ip, browser ) values ( hejo003, 90.224.82.244, okhttp/3.9.1 ) => {inserted_id = 9860}
19:49:59 hejo003 Helen Jörnås DELETE data from tables `temp_session` on conditions username LIKE hejo003
19:49:59 hejo003 Helen Jörnås UPDATING data to tables `time2vie_cirruscommon`.`login` fields ( login, last_time ) values (1, 2020-04-15 19:49:59) on conditions username = hejo003
19:49:59 hejo003 Helen Jörnås UPDATING data to tables `time2vie_cirruscommon`.`secondary_login` fields ( last_login_time ) values (2020-04-15 19:49:59) on conditions username = hejo003 AND company_id = 20
19:50:19 anka020 Annika Karlsson UPDATING data to tables `time2vie_cirruscommon`.`secondary_login` fields ( error ) values (0) on conditions username = anka020 AND company_id = 20
19:50:19 anka020 Annika Karlsson INSERTING data into tables `log_login` fields ( username, ip, browser ) values ( anka020, 95.199.149.120, okhttp/3.9.1 ) => {inserted_id = 9861}
19:50:19 anka020 Annika Karlsson DELETE data from tables `temp_session` on conditions username LIKE anka020
19:50:19 anka020 Annika Karlsson UPDATING data to tables `time2vie_cirruscommon`.`login` fields ( login, last_time ) values (1, 2020-04-15 19:50:19) on conditions username = anka020
19:50:19 anka020 Annika Karlsson UPDATING data to tables `time2vie_cirruscommon`.`secondary_login` fields ( last_login_time ) values (2020-04-15 19:50:19) on conditions username = anka020 AND company_id = 20
21:10:04 anka020 Annika Karlsson UPDATING data to tables `time2vie_cirruscommon`.`secondary_login` fields ( error ) values (0) on conditions username = anka020 AND company_id = 20
21:10:04 anka020 Annika Karlsson INSERTING data into tables `log_login` fields ( username, ip, browser ) values ( anka020, 185.27.164.39, okhttp/3.9.1 ) => {inserted_id = 9862}
21:10:04 anka020 Annika Karlsson DELETE data from tables `temp_session` on conditions username LIKE anka020
21:10:04 anka020 Annika Karlsson UPDATING data to tables `time2vie_cirruscommon`.`login` fields ( login, last_time ) values (1, 2020-04-15 21:10:04) on conditions username = anka020
21:10:04 anka020 Annika Karlsson UPDATING data to tables `time2vie_cirruscommon`.`secondary_login` fields ( last_login_time ) values (2020-04-15 21:10:04) on conditions username = anka020 AND company_id = 20
22:07:31 anka020 Annika Karlsson UPDATING data to tables `time2vie_cirruscommon`.`secondary_login` fields ( error ) values (0) on conditions username = anka020 AND company_id = 20
22:07:31 anka020 Annika Karlsson INSERTING data into tables `log_login` fields ( username, ip, browser ) values ( anka020, 185.27.164.39, okhttp/3.9.1 ) => {inserted_id = 9863}
22:07:31 anka020 Annika Karlsson DELETE data from tables `temp_session` on conditions username LIKE anka020
22:07:31 anka020 Annika Karlsson UPDATING data to tables `time2vie_cirruscommon`.`login` fields ( login, last_time ) values (1, 2020-04-15 22:07:31) on conditions username = anka020
22:07:31 anka020 Annika Karlsson UPDATING data to tables `time2vie_cirruscommon`.`secondary_login` fields ( last_login_time ) values (2020-04-15 22:07:31) on conditions username = anka020 AND company_id = 20
22:16:54 hejo003 Helen Jörnås UPDATING data to tables `time2vie_cirruscommon`.`secondary_login` fields ( error ) values (0) on conditions username = hejo003 AND company_id = 20
22:16:54 hejo003 Helen Jörnås INSERTING data into tables `log_login` fields ( username, ip, browser ) values ( hejo003, 90.224.82.244, okhttp/3.9.1 ) => {inserted_id = 9864}
22:16:54 hejo003 Helen Jörnås DELETE data from tables `temp_session` on conditions username LIKE hejo003
22:16:54 hejo003 Helen Jörnås UPDATING data to tables `time2vie_cirruscommon`.`login` fields ( login, last_time ) values (1, 2020-04-15 22:16:54) on conditions username = hejo003
22:16:54 hejo003 Helen Jörnås UPDATING data to tables `time2vie_cirruscommon`.`secondary_login` fields ( last_login_time ) values (2020-04-15 22:16:54) on conditions username = hejo003 AND company_id = 20
22:26:23 anka020 Annika Karlsson DELETE data from tables `time2vie_cirruscommon`.`push_notify_tokens` on conditions user_id = anka020 AND fcm_token = cfiBtWhawJ0:APA91bGvUdfW7oCtZJlYTE6HJ0iS7LTdTEL4ac157mzi7uVqqocub9103qfgrX7cSqb-KjiXYl5xOyDdU7EVNQEz8v5Pw_D09uDhAMuUkUuZYW0W8VdVSlaij8kEbM_IiwLIGG2UkPVl #Mobile-App: Log-id=9863
22:26:23 anka020 Annika Karlsson DELETE data from tables `temp_session` on conditions username LIKE anka020 #Mobile-App: Log-id=9863
22:26:23 anka020 Annika Karlsson UPDATING data to tables `time2vie_cirruscommon`.`login` fields ( login, last_time ) values (0, 2020-04-15 22:26:23) on conditions username = anka020 #Mobile-App: Log-id=9863
22:26:23 anka020 Annika Karlsson UPDATING data to tables `time2vie_cirruscommon`.`secondary_login` fields ( last_login_time ) values (2020-04-15 22:26:23) on conditions username = anka020 AND company_id = 20 #Mobile-App: Log-id=9863
22:26:34 anka020 Annika Karlsson UPDATING data to tables `time2vie_cirruscommon`.`secondary_login` fields ( error ) values (0) on conditions username = anka020 AND company_id = 20
22:26:34 anka020 Annika Karlsson INSERTING data into tables `log_login` fields ( username, ip, browser ) values ( anka020, 185.27.164.39, okhttp/3.9.1 ) => {inserted_id = 9865}
22:26:34 anka020 Annika Karlsson DELETE data from tables `temp_session` on conditions username LIKE anka020
22:26:34 anka020 Annika Karlsson UPDATING data to tables `time2vie_cirruscommon`.`login` fields ( login, last_time ) values (1, 2020-04-15 22:26:34) on conditions username = anka020
22:26:34 anka020 Annika Karlsson UPDATING data to tables `time2vie_cirruscommon`.`secondary_login` fields ( last_login_time ) values (2020-04-15 22:26:34) on conditions username = anka020 AND company_id = 20
22:41:34 hejo003 Helen Jörnås DELETE data from tables `time2vie_cirruscommon`.`push_notify_tokens` on conditions user_id = hejo003 AND fcm_token = dPsZJ6c0gmw:APA91bF9AermH8G1DKpO1TQ27cI6sIwqPtz65X4jCkmuUYcYAWDyKArTFkvFaqALmZsCk4LgmWzgJjf0ksHhpRepbmAN0E9zVOE3ITVmY72SDXDZKbuLyi8p-JcX_3Frk3yWs1zxxEey #Mobile-App: Log-id=9864
22:41:34 hejo003 Helen Jörnås DELETE data from tables `temp_session` on conditions username LIKE hejo003 #Mobile-App: Log-id=9864
22:41:34 hejo003 Helen Jörnås UPDATING data to tables `time2vie_cirruscommon`.`login` fields ( login, last_time ) values (0, 2020-04-15 22:41:34) on conditions username = hejo003 #Mobile-App: Log-id=9864
22:41:34 hejo003 Helen Jörnås UPDATING data to tables `time2vie_cirruscommon`.`secondary_login` fields ( last_login_time ) values (2020-04-15 22:41:34) on conditions username = hejo003 AND company_id = 20 #Mobile-App: Log-id=9864
22:41:48 hejo003 Helen Jörnås UPDATING data to tables `time2vie_cirruscommon`.`secondary_login` fields ( error ) values (0) on conditions username = hejo003 AND company_id = 20
22:41:48 hejo003 Helen Jörnås INSERTING data into tables `log_login` fields ( username, ip, browser ) values ( hejo003, 90.224.82.244, okhttp/3.9.1 ) => {inserted_id = 9866}
22:41:48 hejo003 Helen Jörnås DELETE data from tables `temp_session` on conditions username LIKE hejo003
22:41:48 hejo003 Helen Jörnås UPDATING data to tables `time2vie_cirruscommon`.`login` fields ( login, last_time ) values (1, 2020-04-15 22:41:48) on conditions username = hejo003
22:41:48 hejo003 Helen Jörnås UPDATING data to tables `time2vie_cirruscommon`.`secondary_login` fields ( last_login_time ) values (2020-04-15 22:41:48) on conditions username = hejo003 AND company_id = 20
