07:20:25 anka019 Anna Kawalya Westerberg INSERTING data into tables `log_login` fields ( username, ip, browser ) values ( anka019, 94.103.194.75, Mozilla/5.0 (iPhone; CPU iPhone OS 14_2 like Mac OS X) AppleWebKit/605.1.15 (KHTML, like Gecko) Version/14.0.1 Mobile/15E148 Safari/604.1 ) => {inserted_id = 16506}
07:20:25 anka019 Anna Kawalya Westerberg DELETE data from tables `temp_session` on conditions username LIKE anka019
07:20:25 anka019 Anna Kawalya Westerberg UPDATING data to tables `time2vie_cirruscommon`.`login` fields ( login, last_time ) values (1, 2020-12-15 07:20:25) on conditions username = anka019
07:20:25 anka019 Anna Kawalya Westerberg UPDATING data to tables `time2vie_cirruscommon`.`secondary_login` fields ( last_login_time ) values (2020-12-15 07:20:25) on conditions username = anka019 AND company_id = 20
07:20:26 anka019 Anna Kawalya Westerberg UPDATING data to tables `time2vie_cirruscommon`.`ws_sessions` fields ( user_id ) values (anka019) on conditions session_id = v9iui2n0maad8tud1aeb5a7b70
07:24:00 emsa005 Emma Särnblom UPDATING data to tables `time2vie_cirruscommon`.`secondary_login` fields ( error ) values (0) on conditions username = emsa005 AND company_id = 20
07:24:00 emsa005 Emma Särnblom INSERTING data into tables `log_login` fields ( username, ip, browser ) values ( emsa005, 83.187.187.58, Time2View/2 CFNetwork/1126 Darwin/19.5.0 ) => {inserted_id = 16507}
07:24:00 emsa005 Emma Särnblom DELETE data from tables `temp_session` on conditions username LIKE emsa005
07:24:00 emsa005 Emma Särnblom UPDATING data to tables `time2vie_cirruscommon`.`login` fields ( login, last_time ) values (1, 2020-12-15 07:24:00) on conditions username = emsa005
07:24:00 emsa005 Emma Särnblom UPDATING data to tables `time2vie_cirruscommon`.`secondary_login` fields ( last_login_time ) values (2020-12-15 07:24:00) on conditions username = emsa005 AND company_id = 20
08:44:13 gine001 gine001 INSERTING data into tables `log_login` fields ( username, ip, browser ) values ( gine001, 89.233.236.131, Mozilla/5.0 (Windows NT 10.0; Win64; x64; rv:83.0) Gecko/20100101 Firefox/83.0 ) => {inserted_id = 16508}
08:44:13 gine001 gine001 DELETE data from tables `temp_session` on conditions username LIKE gine001
08:44:13 gine001 gine001 UPDATING data to tables `time2vie_cirruscommon`.`login` fields ( login, last_time ) values (1, 2020-12-15 08:44:13) on conditions username = gine001
08:44:13 gine001 gine001 UPDATING data to tables `time2vie_cirruscommon`.`secondary_login` fields ( last_login_time ) values (2020-12-15 08:44:13) on conditions username = gine001 AND company_id = 20
08:44:14 gine001 gine001 UPDATING data to tables `time2vie_cirruscommon`.`ws_sessions` fields ( user_id ) values (gine001) on conditions session_id = a56etvtbsitc3pqe7c0gd5j037
08:44:45 gine001 gine001 UPDATING data to tables `time2vie_cirruscommon`.`ws_sessions` fields ( user_id ) values (gine001) on conditions session_id = a56etvtbsitc3pqe7c0gd5j037
10:22:32 anwa006 Andréas Wallin UPDATING data to tables `time2vie_cirruscommon`.`secondary_login` fields ( error ) values (0) on conditions username = anwa006 AND company_id = 20
10:22:32 anwa006 Andréas Wallin INSERTING data into tables `log_login` fields ( username, ip, browser ) values ( anwa006, 98.128.167.34, okhttp/3.9.1 ) => {inserted_id = 16509}
10:22:32 anwa006 Andréas Wallin DELETE data from tables `temp_session` on conditions username LIKE anwa006
10:22:32 anwa006 Andréas Wallin UPDATING data to tables `time2vie_cirruscommon`.`login` fields ( login, last_time ) values (1, 2020-12-15 10:22:32) on conditions username = anwa006
10:22:32 anwa006 Andréas Wallin UPDATING data to tables `time2vie_cirruscommon`.`secondary_login` fields ( last_login_time ) values (2020-12-15 10:22:32) on conditions username = anwa006 AND company_id = 20
10:56:41 lawa002 Lars Wåhlander UPDATING data to tables `time2vie_cirruscommon`.`secondary_login` fields ( error ) values (0) on conditions username = lawa002 AND company_id = 20
10:56:41 lawa002 Lars Wåhlander INSERTING data into tables `log_login` fields ( username, ip, browser ) values ( lawa002, 185.27.165.66, Time2View/2 CFNetwork/1206 Darwin/20.1.0 ) => {inserted_id = 16510}
10:56:41 lawa002 Lars Wåhlander DELETE data from tables `temp_session` on conditions username LIKE lawa002
10:56:41 lawa002 Lars Wåhlander UPDATING data to tables `time2vie_cirruscommon`.`login` fields ( login, last_time ) values (1, 2020-12-15 10:56:41) on conditions username = lawa002
10:56:41 lawa002 Lars Wåhlander UPDATING data to tables `time2vie_cirruscommon`.`secondary_login` fields ( last_login_time ) values (2020-12-15 10:56:41) on conditions username = lawa002 AND company_id = 20
11:32:44 biwa003 Birgitta Wåhlander INSERTING data into tables `log_login` fields ( username, ip, browser ) values ( biwa003, 185.27.165.66, Mozilla/5.0 (iPad; CPU OS 14_2 like Mac OS X) AppleWebKit/605.1.15 (KHTML, like Gecko) CriOS/87.0.4280.77 Mobile/15E148 Safari/604.1 ) => {inserted_id = 16511}
11:32:44 biwa003 Birgitta Wåhlander DELETE data from tables `temp_session` on conditions username LIKE biwa003
11:32:44 biwa003 Birgitta Wåhlander UPDATING data to tables `time2vie_cirruscommon`.`login` fields ( login, last_time ) values (1, 2020-12-15 11:32:44) on conditions username = biwa003
11:32:44 biwa003 Birgitta Wåhlander UPDATING data to tables `time2vie_cirruscommon`.`secondary_login` fields ( last_login_time ) values (2020-12-15 11:32:44) on conditions username = biwa003 AND company_id = 20
11:32:45 biwa003 Birgitta Wåhlander UPDATING data to tables `time2vie_cirruscommon`.`ws_sessions` fields ( user_id ) values (biwa003) on conditions session_id = oj3lagakr3jscno7t6227oks07
15:59:53 emsa005 Emma Särnblom UPDATING data to tables `time2vie_cirruscommon`.`secondary_login` fields ( error ) values (0) on conditions username = emsa005 AND company_id = 20
15:59:54 emsa005 Emma Särnblom INSERTING data into tables `log_login` fields ( username, ip, browser ) values ( emsa005, 88.129.149.88, Time2View/2 CFNetwork/1126 Darwin/19.5.0 ) => {inserted_id = 16513}
15:59:54 emsa005 Emma Särnblom DELETE data from tables `temp_session` on conditions username LIKE emsa005
15:59:54 emsa005 Emma Särnblom UPDATING data to tables `time2vie_cirruscommon`.`login` fields ( login, last_time ) values (1, 2020-12-15 15:59:54) on conditions username = emsa005
15:59:54 emsa005 Emma Särnblom UPDATING data to tables `time2vie_cirruscommon`.`secondary_login` fields ( last_login_time ) values (2020-12-15 15:59:54) on conditions username = emsa005 AND company_id = 20
16:01:09 emel002 Emma Eliasson UPDATING data to tables `time2vie_cirruscommon`.`secondary_login` fields ( error ) values (0) on conditions username = emel002 AND company_id = 20
16:01:09 emel002 Emma Eliasson INSERTING data into tables `log_login` fields ( username, ip, browser ) values ( emel002, 90.227.104.18, Time2View/2 CFNetwork/1128.0.1 Darwin/19.6.0 ) => {inserted_id = 16514}
16:01:09 emel002 Emma Eliasson DELETE data from tables `temp_session` on conditions username LIKE emel002
16:01:09 emel002 Emma Eliasson UPDATING data to tables `time2vie_cirruscommon`.`login` fields ( login, last_time ) values (1, 2020-12-15 16:01:09) on conditions username = emel002
16:01:09 emel002 Emma Eliasson UPDATING data to tables `time2vie_cirruscommon`.`secondary_login` fields ( last_login_time ) values (2020-12-15 16:01:09) on conditions username = emel002 AND company_id = 20
16:27:45 ella003 Elin Larsson UPDATING data to tables `time2vie_cirruscommon`.`secondary_login` fields ( error ) values (0) on conditions username = ella003 AND company_id = 20
16:27:45 ella003 Elin Larsson INSERTING data into tables `log_login` fields ( username, ip, browser ) values ( ella003, 77.53.89.3, Time2View/2 CFNetwork/1206 Darwin/20.1.0 ) => {inserted_id = 16515}
16:27:45 ella003 Elin Larsson DELETE data from tables `temp_session` on conditions username LIKE ella003
16:27:45 ella003 Elin Larsson UPDATING data to tables `time2vie_cirruscommon`.`login` fields ( login, last_time ) values (1, 2020-12-15 16:27:45) on conditions username = ella003
16:27:45 ella003 Elin Larsson UPDATING data to tables `time2vie_cirruscommon`.`secondary_login` fields ( last_login_time ) values (2020-12-15 16:27:45) on conditions username = ella003 AND company_id = 20
16:41:29 peka002 Petronella Karlsson UPDATING data to tables `time2vie_cirruscommon`.`secondary_login` fields ( error ) values (0) on conditions username = peka002 AND company_id = 20
16:41:29 peka002 Petronella Karlsson INSERTING data into tables `log_login` fields ( username, ip, browser ) values ( peka002, 95.199.5.158, Time2View/2 CFNetwork/1206 Darwin/20.1.0 ) => {inserted_id = 16516}
16:41:29 peka002 Petronella Karlsson DELETE data from tables `temp_session` on conditions username LIKE peka002
16:41:29 peka002 Petronella Karlsson UPDATING data to tables `time2vie_cirruscommon`.`login` fields ( login, last_time ) values (1, 2020-12-15 16:41:29) on conditions username = peka002
16:41:29 peka002 Petronella Karlsson UPDATING data to tables `time2vie_cirruscommon`.`secondary_login` fields ( last_login_time ) values (2020-12-15 16:41:29) on conditions username = peka002 AND company_id = 20
16:42:02 peka002 Petronella Karlsson UPDATING data to tables `time2vie_cirruscommon`.`secondary_login` fields ( error ) values (0) on conditions username = peka002 AND company_id = 20
16:42:02 peka002 Petronella Karlsson INSERTING data into tables `log_login` fields ( username, ip, browser ) values ( peka002, 95.199.5.158, Time2View/2 CFNetwork/1206 Darwin/20.1.0 ) => {inserted_id = 16517}
16:42:02 peka002 Petronella Karlsson DELETE data from tables `temp_session` on conditions username LIKE peka002
16:42:02 peka002 Petronella Karlsson UPDATING data to tables `time2vie_cirruscommon`.`login` fields ( login, last_time ) values (1, 2020-12-15 16:42:02) on conditions username = peka002
16:42:02 peka002 Petronella Karlsson UPDATING data to tables `time2vie_cirruscommon`.`secondary_login` fields ( last_login_time ) values (2020-12-15 16:42:02) on conditions username = peka002 AND company_id = 20
17:22:33 emel002 Emma Eliasson UPDATING data to tables `time2vie_cirruscommon`.`secondary_login` fields ( error ) values (0) on conditions username = emel002 AND company_id = 20
17:22:33 emel002 Emma Eliasson INSERTING data into tables `log_login` fields ( username, ip, browser ) values ( emel002, 90.235.51.198, Time2View/2 CFNetwork/1128.0.1 Darwin/19.6.0 ) => {inserted_id = 16518}
17:22:33 emel002 Emma Eliasson DELETE data from tables `temp_session` on conditions username LIKE emel002
17:22:33 emel002 Emma Eliasson UPDATING data to tables `time2vie_cirruscommon`.`login` fields ( login, last_time ) values (1, 2020-12-15 17:22:33) on conditions username = emel002
17:22:33 emel002 Emma Eliasson UPDATING data to tables `time2vie_cirruscommon`.`secondary_login` fields ( last_login_time ) values (2020-12-15 17:22:33) on conditions username = emel002 AND company_id = 20
17:24:26 admu001 Adriana Muscat UPDATING data to tables `time2vie_cirruscommon`.`secondary_login` fields ( error ) values (0) on conditions username = admu001 AND company_id = 20
17:24:26 admu001 Adriana Muscat INSERTING data into tables `log_login` fields ( username, ip, browser ) values ( admu001, 84.219.204.231, Time2View/2 CFNetwork/1206 Darwin/20.1.0 ) => {inserted_id = 16519}
17:24:26 admu001 Adriana Muscat DELETE data from tables `temp_session` on conditions username LIKE admu001
17:24:26 admu001 Adriana Muscat UPDATING data to tables `time2vie_cirruscommon`.`login` fields ( login, last_time ) values (1, 2020-12-15 17:24:26) on conditions username = admu001
17:24:26 admu001 Adriana Muscat UPDATING data to tables `time2vie_cirruscommon`.`secondary_login` fields ( last_login_time ) values (2020-12-15 17:24:26) on conditions username = admu001 AND company_id = 20
17:43:49 anka019 Anna Kawalya Westerberg INSERTING data into tables `log_login` fields ( username, ip, browser ) values ( anka019, 94.103.194.75, Mozilla/5.0 (iPhone; CPU iPhone OS 14_2 like Mac OS X) AppleWebKit/605.1.15 (KHTML, like Gecko) Version/14.0.1 Mobile/15E148 Safari/604.1 ) => {inserted_id = 16520}
17:43:49 anka019 Anna Kawalya Westerberg DELETE data from tables `temp_session` on conditions username LIKE anka019
17:43:49 anka019 Anna Kawalya Westerberg UPDATING data to tables `time2vie_cirruscommon`.`login` fields ( login, last_time ) values (1, 2020-12-15 17:43:49) on conditions username = anka019
17:43:49 anka019 Anna Kawalya Westerberg UPDATING data to tables `time2vie_cirruscommon`.`secondary_login` fields ( last_login_time ) values (2020-12-15 17:43:49) on conditions username = anka019 AND company_id = 20
17:43:50 anka019 Anna Kawalya Westerberg UPDATING data to tables `time2vie_cirruscommon`.`ws_sessions` fields ( user_id ) values (anka019) on conditions session_id = 0cr61hgh2mkcbetu0s1j50cnt4
17:48:08 time002 Tina Mellgren UPDATING data to tables `time2vie_cirruscommon`.`secondary_login` fields ( error ) values (0) on conditions username = time002 AND company_id = 20
17:48:08 time002 Tina Mellgren INSERTING data into tables `log_login` fields ( username, ip, browser ) values ( time002, 81.228.189.218, Time2View/2 CFNetwork/1206 Darwin/20.1.0 ) => {inserted_id = 16521}
17:48:08 time002 Tina Mellgren DELETE data from tables `temp_session` on conditions username LIKE time002
17:48:08 time002 Tina Mellgren UPDATING data to tables `time2vie_cirruscommon`.`login` fields ( login, last_time ) values (1, 2020-12-15 17:48:08) on conditions username = time002
17:48:08 time002 Tina Mellgren UPDATING data to tables `time2vie_cirruscommon`.`secondary_login` fields ( last_login_time ) values (2020-12-15 17:48:08) on conditions username = time002 AND company_id = 20
18:15:08 idah001 Ida-Caroline Ahnström UPDATING data to tables `time2vie_cirruscommon`.`secondary_login` fields ( error ) values (0) on conditions username = idah001 AND company_id = 20
18:15:08 idah001 Ida-Caroline Ahnström INSERTING data into tables `log_login` fields ( username, ip, browser ) values ( idah001, 94.103.194.75, Time2View/2 CFNetwork/1206 Darwin/20.1.0 ) => {inserted_id = 16522}
18:15:08 idah001 Ida-Caroline Ahnström DELETE data from tables `temp_session` on conditions username LIKE idah001
18:15:08 idah001 Ida-Caroline Ahnström UPDATING data to tables `time2vie_cirruscommon`.`login` fields ( login, last_time ) values (1, 2020-12-15 18:15:08) on conditions username = idah001
18:15:08 idah001 Ida-Caroline Ahnström UPDATING data to tables `time2vie_cirruscommon`.`secondary_login` fields ( last_login_time ) values (2020-12-15 18:15:08) on conditions username = idah001 AND company_id = 20
19:47:16 anwa006 Andréas Wallin UPDATING data to tables `time2vie_cirruscommon`.`secondary_login` fields ( error ) values (0) on conditions username = anwa006 AND company_id = 20
19:47:16 anwa006 Andréas Wallin INSERTING data into tables `log_login` fields ( username, ip, browser ) values ( anwa006, 98.128.167.34, okhttp/3.9.1 ) => {inserted_id = 16523}
19:47:16 anwa006 Andréas Wallin DELETE data from tables `temp_session` on conditions username LIKE anwa006
19:47:16 anwa006 Andréas Wallin UPDATING data to tables `time2vie_cirruscommon`.`login` fields ( login, last_time ) values (1, 2020-12-15 19:47:16) on conditions username = anwa006
19:47:16 anwa006 Andréas Wallin UPDATING data to tables `time2vie_cirruscommon`.`secondary_login` fields ( last_login_time ) values (2020-12-15 19:47:16) on conditions username = anwa006 AND company_id = 20
21:11:01 emel002 Emma Eliasson UPDATING data to tables `time2vie_cirruscommon`.`secondary_login` fields ( error ) values (0) on conditions username = emel002 AND company_id = 20
21:11:01 emel002 Emma Eliasson INSERTING data into tables `log_login` fields ( username, ip, browser ) values ( emel002, 90.227.104.18, Time2View/2 CFNetwork/1128.0.1 Darwin/19.6.0 ) => {inserted_id = 16524}
21:11:01 emel002 Emma Eliasson DELETE data from tables `temp_session` on conditions username LIKE emel002
21:11:01 emel002 Emma Eliasson UPDATING data to tables `time2vie_cirruscommon`.`login` fields ( login, last_time ) values (1, 2020-12-15 21:11:01) on conditions username = emel002
21:11:01 emel002 Emma Eliasson UPDATING data to tables `time2vie_cirruscommon`.`secondary_login` fields ( last_login_time ) values (2020-12-15 21:11:01) on conditions username = emel002 AND company_id = 20
22:34:49 anka019 Anna Kawalya Westerberg INSERTING data into tables `log_login` fields ( username, ip, browser ) values ( anka019, 81.227.233.137, Mozilla/5.0 (iPhone; CPU iPhone OS 14_2 like Mac OS X) AppleWebKit/605.1.15 (KHTML, like Gecko) Version/14.0.1 Mobile/15E148 Safari/604.1 ) => {inserted_id = 16525}
22:34:49 anka019 Anna Kawalya Westerberg DELETE data from tables `temp_session` on conditions username LIKE anka019
22:34:49 anka019 Anna Kawalya Westerberg UPDATING data to tables `time2vie_cirruscommon`.`login` fields ( login, last_time ) values (1, 2020-12-15 22:34:49) on conditions username = anka019
22:34:49 anka019 Anna Kawalya Westerberg UPDATING data to tables `time2vie_cirruscommon`.`secondary_login` fields ( last_login_time ) values (2020-12-15 22:34:49) on conditions username = anka019 AND company_id = 20
22:34:49 anka019 Anna Kawalya Westerberg UPDATING data to tables `time2vie_cirruscommon`.`ws_sessions` fields ( user_id ) values (anka019) on conditions session_id = krmb3mhhcick8p3shu15kmb4k4
