01:51:50 gine001 gine001 INSERTING data into tables `log_login` fields ( username, ip, browser ) values ( gine001, 171.5.163.20, Mozilla/5.0 (Windows NT 10.0; Win64; x64; rv:68.0) Gecko/20100101 Firefox/68.0 ) => {inserted_id = 6930}
01:51:50 gine001 gine001 DELETE data from tables `temp_session` on conditions username LIKE gine001
01:51:50 gine001 gine001 UPDATING data to tables `time2vie_cirruscommon`.`login` fields ( login, last_time ) values (1, 2020-01-04 01:51:50) on conditions username = gine001
01:51:50 gine001 gine001 UPDATING data to tables `time2vie_cirruscommon`.`secondary_login` fields ( last_login_time ) values (2020-01-04 01:51:50) on conditions username = gine001 AND company_id = 20
01:51:51 gine001 gine001 UPDATING data to tables `time2vie_cirruscommon`.`ws_sessions` fields ( user_id ) values (gine001) on conditions session_id = 8bfe512e6517929a63f53333735a8e3c
08:07:42 anka019 Anna Kawalya Westerberg INSERTING data into tables `log_login` fields ( username, ip, browser ) values ( anka019, 94.103.194.75, Mozilla/5.0 (iPhone; CPU iPhone OS 13_3 like Mac OS X) AppleWebKit/605.1.15 (KHTML, like Gecko) Version/13.0.4 Mobile/15E148 Safari/604.1 ) => {inserted_id = 6931}
08:07:42 anka019 Anna Kawalya Westerberg DELETE data from tables `temp_session` on conditions username LIKE anka019
08:07:42 anka019 Anna Kawalya Westerberg UPDATING data to tables `time2vie_cirruscommon`.`login` fields ( login, last_time ) values (1, 2020-01-04 08:07:42) on conditions username = anka019
08:07:42 anka019 Anna Kawalya Westerberg UPDATING data to tables `time2vie_cirruscommon`.`secondary_login` fields ( last_login_time ) values (2020-01-04 08:07:42) on conditions username = anka019 AND company_id = 20
08:07:42 anka019 Anna Kawalya Westerberg UPDATING data to tables `time2vie_cirruscommon`.`ws_sessions` fields ( user_id ) values (anka019) on conditions session_id = 2a613ab61f606da0d53d012d055e7796
08:39:22 hejo003 Helen Jörnås UPDATING data to tables `time2vie_cirruscommon`.`secondary_login` fields ( error ) values (0) on conditions username = hejo003 AND company_id = 20
08:39:22 hejo003 Helen Jörnås INSERTING data into tables `log_login` fields ( username, ip, browser ) values ( hejo003, 90.224.82.244, okhttp/3.9.1 ) => {inserted_id = 6932}
08:39:22 hejo003 Helen Jörnås DELETE data from tables `temp_session` on conditions username LIKE hejo003
08:39:22 hejo003 Helen Jörnås UPDATING data to tables `time2vie_cirruscommon`.`login` fields ( login, last_time ) values (1, 2020-01-04 08:39:22) on conditions username = hejo003
08:39:22 hejo003 Helen Jörnås UPDATING data to tables `time2vie_cirruscommon`.`secondary_login` fields ( last_login_time ) values (2020-01-04 08:39:22) on conditions username = hejo003 AND company_id = 20
09:26:24 anka019 Anna Kawalya Westerberg INSERTING data into tables `log_login` fields ( username, ip, browser ) values ( anka019, 94.103.194.75, Mozilla/5.0 (iPhone; CPU iPhone OS 13_3 like Mac OS X) AppleWebKit/605.1.15 (KHTML, like Gecko) Version/13.0.4 Mobile/15E148 Safari/604.1 ) => {inserted_id = 6933}
09:26:24 anka019 Anna Kawalya Westerberg DELETE data from tables `temp_session` on conditions username LIKE anka019
09:26:24 anka019 Anna Kawalya Westerberg UPDATING data to tables `time2vie_cirruscommon`.`login` fields ( login, last_time ) values (1, 2020-01-04 09:26:24) on conditions username = anka019
09:26:24 anka019 Anna Kawalya Westerberg UPDATING data to tables `time2vie_cirruscommon`.`secondary_login` fields ( last_login_time ) values (2020-01-04 09:26:24) on conditions username = anka019 AND company_id = 20
09:26:25 anka019 Anna Kawalya Westerberg UPDATING data to tables `time2vie_cirruscommon`.`ws_sessions` fields ( user_id ) values (anka019) on conditions session_id = 836b498566a4437b45667d9d02e43c58
09:26:43 anka019 Anna Kawalya Westerberg INSERTING data into tables `log_login` fields ( username, ip, browser ) values ( anka019, 94.103.194.75, Mozilla/5.0 (iPhone; CPU iPhone OS 13_3 like Mac OS X) AppleWebKit/605.1.15 (KHTML, like Gecko) Version/13.0.4 Mobile/15E148 Safari/604.1 ) => {inserted_id = 6934}
09:26:43 anka019 Anna Kawalya Westerberg DELETE data from tables `temp_session` on conditions username LIKE anka019
09:26:43 anka019 Anna Kawalya Westerberg UPDATING data to tables `time2vie_cirruscommon`.`login` fields ( login, last_time ) values (1, 2020-01-04 09:26:43) on conditions username = anka019
09:26:43 anka019 Anna Kawalya Westerberg UPDATING data to tables `time2vie_cirruscommon`.`secondary_login` fields ( last_login_time ) values (2020-01-04 09:26:43) on conditions username = anka019 AND company_id = 20
09:27:00 anka019 Anna Kawalya Westerberg UPDATING data to tables `time2vie_cirruscommon`.`secondary_login` fields ( error ) values (0) on conditions username = anka019 AND company_id = 20
09:27:00 anka019 Anna Kawalya Westerberg INSERTING data into tables `log_login` fields ( username, ip, browser ) values ( anka019, 94.103.194.75, Time2View/2 CFNetwork/1121.2.2 Darwin/19.2.0 ) => {inserted_id = 6935}
09:27:00 anka019 Anna Kawalya Westerberg DELETE data from tables `temp_session` on conditions username LIKE anka019
09:27:00 anka019 Anna Kawalya Westerberg UPDATING data to tables `time2vie_cirruscommon`.`login` fields ( login, last_time ) values (1, 2020-01-04 09:27:00) on conditions username = anka019
09:27:00 anka019 Anna Kawalya Westerberg UPDATING data to tables `time2vie_cirruscommon`.`secondary_login` fields ( last_login_time ) values (2020-01-04 09:27:00) on conditions username = anka019 AND company_id = 20
09:44:38 time002 Tina Mellgren UPDATING data to tables `time2vie_cirruscommon`.`secondary_login` fields ( error ) values (0) on conditions username = time002 AND company_id = 20
09:44:38 time002 Tina Mellgren INSERTING data into tables `log_login` fields ( username, ip, browser ) values ( time002, 88.129.149.88, Time2View/2 CFNetwork/978.0.7 Darwin/18.7.0 ) => {inserted_id = 6936}
09:44:38 time002 Tina Mellgren DELETE data from tables `temp_session` on conditions username LIKE time002
09:44:38 time002 Tina Mellgren UPDATING data to tables `time2vie_cirruscommon`.`login` fields ( login, last_time ) values (1, 2020-01-04 09:44:38) on conditions username = time002
09:44:38 time002 Tina Mellgren UPDATING data to tables `time2vie_cirruscommon`.`secondary_login` fields ( last_login_time ) values (2020-01-04 09:44:38) on conditions username = time002 AND company_id = 20
10:06:40 mato007 Mattias Torbiörnson INSERTING data into tables `log_login` fields ( username, ip, browser ) values ( mato007, 217.73.111.160, Mozilla/5.0 (Windows NT 6.3; Win64; x64) AppleWebKit/537.36 (KHTML, like Gecko) Chrome/79.0.3945.88 Safari/537.36 ) => {inserted_id = 6937}
10:06:40 mato007 Mattias Torbiörnson DELETE data from tables `temp_session` on conditions username LIKE mato007
10:06:40 mato007 Mattias Torbiörnson UPDATING data to tables `time2vie_cirruscommon`.`login` fields ( login, last_time ) values (1, 2020-01-04 10:06:40) on conditions username = mato007
10:06:40 mato007 Mattias Torbiörnson UPDATING data to tables `time2vie_cirruscommon`.`secondary_login` fields ( last_login_time ) values (2020-01-04 10:06:40) on conditions username = mato007 AND company_id = 20
10:06:41 mato007 Mattias Torbiörnson UPDATING data to tables `time2vie_cirruscommon`.`ws_sessions` fields ( user_id ) values (mato007) on conditions session_id = 5bf7dcdf35fa6ea6808bbcfeceee2b2b
10:08:12 mato007 Mattias Torbiörnson DELETE data from tables `temp_session` on conditions username LIKE mato007
10:08:12 mato007 Mattias Torbiörnson UPDATING data to tables `time2vie_cirruscommon`.`login` fields ( login, last_time ) values (0, 2020-01-04 10:08:12) on conditions username = mato007
10:08:12 mato007 Mattias Torbiörnson UPDATING data to tables `time2vie_cirruscommon`.`secondary_login` fields ( last_login_time ) values (2020-01-04 10:08:12) on conditions username = mato007 AND company_id = 20
10:08:12   UPDATING data to tables `log_login` fields ( logout_time ) values (2020-01-04:09:08:12) on conditions id = 6937 AND username = mato007
10:16:04 peka002 Petronella Karlsson UPDATING data to tables `time2vie_cirruscommon`.`secondary_login` fields ( error ) values (0) on conditions username = peka002 AND company_id = 20
10:16:04 peka002 Petronella Karlsson INSERTING data into tables `log_login` fields ( username, ip, browser ) values ( peka002, 94.191.131.64, Time2View/2 CFNetwork/1121.2.2 Darwin/19.2.0 ) => {inserted_id = 6938}
10:16:04 peka002 Petronella Karlsson DELETE data from tables `temp_session` on conditions username LIKE peka002
10:16:04 peka002 Petronella Karlsson UPDATING data to tables `time2vie_cirruscommon`.`login` fields ( login, last_time ) values (1, 2020-01-04 10:16:04) on conditions username = peka002
10:16:04 peka002 Petronella Karlsson UPDATING data to tables `time2vie_cirruscommon`.`secondary_login` fields ( last_login_time ) values (2020-01-04 10:16:04) on conditions username = peka002 AND company_id = 20
10:50:03 hejo003 Helen Jörnås UPDATING data to tables `time2vie_cirruscommon`.`secondary_login` fields ( error ) values (0) on conditions username = hejo003 AND company_id = 20
10:50:03 hejo003 Helen Jörnås INSERTING data into tables `log_login` fields ( username, ip, browser ) values ( hejo003, 90.224.82.244, okhttp/3.9.1 ) => {inserted_id = 6939}
10:50:03 hejo003 Helen Jörnås DELETE data from tables `temp_session` on conditions username LIKE hejo003
10:50:03 hejo003 Helen Jörnås UPDATING data to tables `time2vie_cirruscommon`.`login` fields ( login, last_time ) values (1, 2020-01-04 10:50:03) on conditions username = hejo003
10:50:03 hejo003 Helen Jörnås UPDATING data to tables `time2vie_cirruscommon`.`secondary_login` fields ( last_login_time ) values (2020-01-04 10:50:03) on conditions username = hejo003 AND company_id = 20
11:18:16 cagu001 Carina Gustafsson UPDATING data to tables `time2vie_cirruscommon`.`secondary_login` fields ( error ) values (0) on conditions username = cagu001 AND company_id = 20
11:18:16 cagu001 Carina Gustafsson INSERTING data into tables `log_login` fields ( username, ip, browser ) values ( cagu001, 176.10.245.4, okhttp/3.9.1 ) => {inserted_id = 6940}
11:18:16 cagu001 Carina Gustafsson DELETE data from tables `temp_session` on conditions username LIKE cagu001
11:18:16 cagu001 Carina Gustafsson UPDATING data to tables `time2vie_cirruscommon`.`login` fields ( login, last_time ) values (1, 2020-01-04 11:18:16) on conditions username = cagu001
11:18:16 cagu001 Carina Gustafsson UPDATING data to tables `time2vie_cirruscommon`.`secondary_login` fields ( last_login_time ) values (2020-01-04 11:18:16) on conditions username = cagu001 AND company_id = 20
11:18:17 cagu001 Carina Gustafsson UPDATING data to tables `time2vie_cirruscommon`.`secondary_login` fields ( error ) values (0) on conditions username = cagu001 AND company_id = 20
11:18:17 cagu001 Carina Gustafsson INSERTING data into tables `log_login` fields ( username, ip, browser ) values ( cagu001, 176.10.245.4, okhttp/3.9.1 ) => {inserted_id = 6941}
11:18:17 cagu001 Carina Gustafsson DELETE data from tables `temp_session` on conditions username LIKE cagu001
11:18:17 cagu001 Carina Gustafsson UPDATING data to tables `time2vie_cirruscommon`.`login` fields ( login, last_time ) values (1, 2020-01-04 11:18:17) on conditions username = cagu001
11:18:17 cagu001 Carina Gustafsson UPDATING data to tables `time2vie_cirruscommon`.`secondary_login` fields ( last_login_time ) values (2020-01-04 11:18:17) on conditions username = cagu001 AND company_id = 20
11:18:17 cagu001 Carina Gustafsson UPDATING data to tables `time2vie_cirruscommon`.`secondary_login` fields ( error ) values (0) on conditions username = cagu001 AND company_id = 20
11:18:17 cagu001 Carina Gustafsson INSERTING data into tables `log_login` fields ( username, ip, browser ) values ( cagu001, 176.10.245.4, okhttp/3.9.1 ) => {inserted_id = 6942}
11:18:17 cagu001 Carina Gustafsson DELETE data from tables `temp_session` on conditions username LIKE cagu001
11:18:17 cagu001 Carina Gustafsson UPDATING data to tables `time2vie_cirruscommon`.`login` fields ( login, last_time ) values (1, 2020-01-04 11:18:17) on conditions username = cagu001
11:18:17 cagu001 Carina Gustafsson UPDATING data to tables `time2vie_cirruscommon`.`secondary_login` fields ( last_login_time ) values (2020-01-04 11:18:17) on conditions username = cagu001 AND company_id = 20
11:20:40 hejo003 Helen Jörnås UPDATING data to tables `time2vie_cirruscommon`.`secondary_login` fields ( error ) values (0) on conditions username = hejo003 AND company_id = 20
11:20:40 hejo003 Helen Jörnås INSERTING data into tables `log_login` fields ( username, ip, browser ) values ( hejo003, 90.224.82.244, okhttp/3.9.1 ) => {inserted_id = 6943}
11:20:40 hejo003 Helen Jörnås DELETE data from tables `temp_session` on conditions username LIKE hejo003
11:20:40 hejo003 Helen Jörnås UPDATING data to tables `time2vie_cirruscommon`.`login` fields ( login, last_time ) values (1, 2020-01-04 11:20:40) on conditions username = hejo003
11:20:40 hejo003 Helen Jörnås UPDATING data to tables `time2vie_cirruscommon`.`secondary_login` fields ( last_login_time ) values (2020-01-04 11:20:40) on conditions username = hejo003 AND company_id = 20
12:54:38 elbe006 Elin Berntsson UPDATING data to tables `time2vie_cirruscommon`.`secondary_login` fields ( error ) values (0) on conditions username = elbe006 AND company_id = 20
12:54:38 elbe006 Elin Berntsson INSERTING data into tables `log_login` fields ( username, ip, browser ) values ( elbe006, 158.174.54.90, okhttp/3.9.1 ) => {inserted_id = 6944}
12:54:38 elbe006 Elin Berntsson DELETE data from tables `temp_session` on conditions username LIKE elbe006
12:54:38 elbe006 Elin Berntsson UPDATING data to tables `time2vie_cirruscommon`.`login` fields ( login, last_time ) values (1, 2020-01-04 12:54:38) on conditions username = elbe006
12:54:38 elbe006 Elin Berntsson UPDATING data to tables `time2vie_cirruscommon`.`secondary_login` fields ( last_login_time ) values (2020-01-04 12:54:38) on conditions username = elbe006 AND company_id = 20
12:54:56 elbe006 Elin Berntsson UPDATING data to tables `time2vie_cirruscommon`.`secondary_login` fields ( error ) values (0) on conditions username = elbe006 AND company_id = 20 #Mobile-App: Log-id=6944
12:54:56 elbe006 Elin Berntsson INSERTING data into tables `log_login` fields ( username, ip, browser ) values ( elbe006, 158.174.54.90, okhttp/3.9.1 ) => {inserted_id = 6945} #Mobile-App: Log-id=6944
12:54:56 elbe006 Elin Berntsson DELETE data from tables `temp_session` on conditions username LIKE elbe006 #Mobile-App: Log-id=6945
12:54:56 elbe006 Elin Berntsson UPDATING data to tables `time2vie_cirruscommon`.`login` fields ( login, last_time ) values (1, 2020-01-04 12:54:56) on conditions username = elbe006 #Mobile-App: Log-id=6945
12:54:56 elbe006 Elin Berntsson UPDATING data to tables `time2vie_cirruscommon`.`secondary_login` fields ( last_login_time ) values (2020-01-04 12:54:56) on conditions username = elbe006 AND company_id = 20 #Mobile-App: Log-id=6945
13:24:16 peka002 Petronella Karlsson UPDATING data to tables `time2vie_cirruscommon`.`secondary_login` fields ( error ) values (0) on conditions username = peka002 AND company_id = 20
13:24:16 peka002 Petronella Karlsson INSERTING data into tables `log_login` fields ( username, ip, browser ) values ( peka002, 94.191.131.64, Time2View/2 CFNetwork/1121.2.2 Darwin/19.2.0 ) => {inserted_id = 6946}
13:24:16 peka002 Petronella Karlsson DELETE data from tables `temp_session` on conditions username LIKE peka002
13:24:16 peka002 Petronella Karlsson UPDATING data to tables `time2vie_cirruscommon`.`login` fields ( login, last_time ) values (1, 2020-01-04 13:24:16) on conditions username = peka002
13:24:16 peka002 Petronella Karlsson UPDATING data to tables `time2vie_cirruscommon`.`secondary_login` fields ( last_login_time ) values (2020-01-04 13:24:16) on conditions username = peka002 AND company_id = 20
13:53:24 hebe001 Helen Bengtsson UPDATING data to tables `time2vie_cirruscommon`.`secondary_login` fields ( error ) values (0) on conditions username = hebe001 AND company_id = 20
13:53:24 hebe001 Helen Bengtsson INSERTING data into tables `log_login` fields ( username, ip, browser ) values ( hebe001, 193.234.72.96, Time2View/2 CFNetwork/978.0.7 Darwin/18.7.0 ) => {inserted_id = 6947}
13:53:24 hebe001 Helen Bengtsson DELETE data from tables `temp_session` on conditions username LIKE hebe001
13:53:24 hebe001 Helen Bengtsson UPDATING data to tables `time2vie_cirruscommon`.`login` fields ( login, last_time ) values (1, 2020-01-04 13:53:24) on conditions username = hebe001
13:53:24 hebe001 Helen Bengtsson UPDATING data to tables `time2vie_cirruscommon`.`secondary_login` fields ( last_login_time ) values (2020-01-04 13:53:24) on conditions username = hebe001 AND company_id = 20
14:34:46 asgr002 Åsa Grimberg UPDATING data to tables `time2vie_cirruscommon`.`secondary_login` fields ( error ) values (0) on conditions username = asgr002 AND company_id = 20
14:34:46 asgr002 Åsa Grimberg INSERTING data into tables `log_login` fields ( username, ip, browser ) values ( asgr002, 78.70.128.102, Time2View/2 CFNetwork/1121.2.2 Darwin/19.2.0 ) => {inserted_id = 6948}
14:34:46 asgr002 Åsa Grimberg DELETE data from tables `temp_session` on conditions username LIKE asgr002
14:34:46 asgr002 Åsa Grimberg UPDATING data to tables `time2vie_cirruscommon`.`login` fields ( login, last_time ) values (1, 2020-01-04 14:34:46) on conditions username = asgr002
14:34:46 asgr002 Åsa Grimberg UPDATING data to tables `time2vie_cirruscommon`.`secondary_login` fields ( last_login_time ) values (2020-01-04 14:34:46) on conditions username = asgr002 AND company_id = 20
16:13:03 biwa003 Birgitta Wåhlander INSERTING data into tables `log_login` fields ( username, ip, browser ) values ( biwa003, 95.195.205.20, Mozilla/5.0 (iPad; CPU OS 13_3 like Mac OS X) AppleWebKit/605.1.15 (KHTML, like Gecko) CriOS/79.0.3945.73 Mobile/15E148 Safari/604.1 ) => {inserted_id = 6949}
16:13:03 biwa003 Birgitta Wåhlander DELETE data from tables `temp_session` on conditions username LIKE biwa003
16:13:03 biwa003 Birgitta Wåhlander UPDATING data to tables `time2vie_cirruscommon`.`login` fields ( login, last_time ) values (1, 2020-01-04 16:13:03) on conditions username = biwa003
16:13:03 biwa003 Birgitta Wåhlander UPDATING data to tables `time2vie_cirruscommon`.`secondary_login` fields ( last_login_time ) values (2020-01-04 16:13:03) on conditions username = biwa003 AND company_id = 20
16:13:04 biwa003 Birgitta Wåhlander UPDATING data to tables `time2vie_cirruscommon`.`ws_sessions` fields ( user_id ) values (biwa003) on conditions session_id = e2c547483a5464a084d5f860c936bf95
17:02:50 lawa002 Lars Wåhlander UPDATING data to tables `time2vie_cirruscommon`.`secondary_login` fields ( error ) values (0) on conditions username = lawa002 AND company_id = 20
17:02:50 lawa002 Lars Wåhlander INSERTING data into tables `log_login` fields ( username, ip, browser ) values ( lawa002, 213.102.98.120, Time2View/2 CFNetwork/1121.2.2 Darwin/19.2.0 ) => {inserted_id = 6950}
17:02:50 lawa002 Lars Wåhlander DELETE data from tables `temp_session` on conditions username LIKE lawa002
17:02:50 lawa002 Lars Wåhlander UPDATING data to tables `time2vie_cirruscommon`.`login` fields ( login, last_time ) values (1, 2020-01-04 17:02:50) on conditions username = lawa002
17:02:50 lawa002 Lars Wåhlander UPDATING data to tables `time2vie_cirruscommon`.`secondary_login` fields ( last_login_time ) values (2020-01-04 17:02:50) on conditions username = lawa002 AND company_id = 20
19:02:09 hejo003 Helen Jörnås UPDATING data to tables `time2vie_cirruscommon`.`secondary_login` fields ( error ) values (0) on conditions username = hejo003 AND company_id = 20
19:02:09 hejo003 Helen Jörnås INSERTING data into tables `log_login` fields ( username, ip, browser ) values ( hejo003, 90.224.82.244, okhttp/3.9.1 ) => {inserted_id = 6951}
19:02:09 hejo003 Helen Jörnås DELETE data from tables `temp_session` on conditions username LIKE hejo003
19:02:09 hejo003 Helen Jörnås UPDATING data to tables `time2vie_cirruscommon`.`login` fields ( login, last_time ) values (1, 2020-01-04 19:02:09) on conditions username = hejo003
19:02:09 hejo003 Helen Jörnås UPDATING data to tables `time2vie_cirruscommon`.`secondary_login` fields ( last_login_time ) values (2020-01-04 19:02:09) on conditions username = hejo003 AND company_id = 20
20:13:09 elbe006 Elin Berntsson UPDATING data to tables `time2vie_cirruscommon`.`secondary_login` fields ( error ) values (0) on conditions username = elbe006 AND company_id = 20
20:13:09 elbe006 Elin Berntsson INSERTING data into tables `log_login` fields ( username, ip, browser ) values ( elbe006, 158.174.54.90, okhttp/3.9.1 ) => {inserted_id = 6952}
20:13:09 elbe006 Elin Berntsson DELETE data from tables `temp_session` on conditions username LIKE elbe006
20:13:09 elbe006 Elin Berntsson UPDATING data to tables `time2vie_cirruscommon`.`login` fields ( login, last_time ) values (1, 2020-01-04 20:13:09) on conditions username = elbe006
20:13:09 elbe006 Elin Berntsson UPDATING data to tables `time2vie_cirruscommon`.`secondary_login` fields ( last_login_time ) values (2020-01-04 20:13:09) on conditions username = elbe006 AND company_id = 20
20:23:33 anka019 Anna Kawalya Westerberg UPDATING data to tables `time2vie_cirruscommon`.`secondary_login` fields ( error ) values (0) on conditions username = anka019 AND company_id = 20
20:23:33 anka019 Anna Kawalya Westerberg INSERTING data into tables `log_login` fields ( username, ip, browser ) values ( anka019, 81.225.30.51, Time2View/2 CFNetwork/1121.2.2 Darwin/19.2.0 ) => {inserted_id = 6953}
20:23:33 anka019 Anna Kawalya Westerberg DELETE data from tables `temp_session` on conditions username LIKE anka019
20:23:33 anka019 Anna Kawalya Westerberg UPDATING data to tables `time2vie_cirruscommon`.`login` fields ( login, last_time ) values (1, 2020-01-04 20:23:33) on conditions username = anka019
20:23:33 anka019 Anna Kawalya Westerberg UPDATING data to tables `time2vie_cirruscommon`.`secondary_login` fields ( last_login_time ) values (2020-01-04 20:23:33) on conditions username = anka019 AND company_id = 20
21:19:11 time002 Tina Mellgren UPDATING data to tables `time2vie_cirruscommon`.`secondary_login` fields ( error ) values (0) on conditions username = time002 AND company_id = 20
21:19:11 time002 Tina Mellgren INSERTING data into tables `log_login` fields ( username, ip, browser ) values ( time002, 88.129.149.88, Time2View/2 CFNetwork/978.0.7 Darwin/18.7.0 ) => {inserted_id = 6954}
21:19:11 time002 Tina Mellgren DELETE data from tables `temp_session` on conditions username LIKE time002
21:19:11 time002 Tina Mellgren UPDATING data to tables `time2vie_cirruscommon`.`login` fields ( login, last_time ) values (1, 2020-01-04 21:19:11) on conditions username = time002
21:19:11 time002 Tina Mellgren UPDATING data to tables `time2vie_cirruscommon`.`secondary_login` fields ( last_login_time ) values (2020-01-04 21:19:11) on conditions username = time002 AND company_id = 20
21:44:03 anwa006 Andréas Wallin UPDATING data to tables `time2vie_cirruscommon`.`secondary_login` fields ( error ) values (0) on conditions username = anwa006 AND company_id = 20
21:44:03 anwa006 Andréas Wallin INSERTING data into tables `log_login` fields ( username, ip, browser ) values ( anwa006, 82.196.108.141, okhttp/3.9.1 ) => {inserted_id = 6955}
21:44:03 anwa006 Andréas Wallin DELETE data from tables `temp_session` on conditions username LIKE anwa006
21:44:03 anwa006 Andréas Wallin UPDATING data to tables `time2vie_cirruscommon`.`login` fields ( login, last_time ) values (1, 2020-01-04 21:44:03) on conditions username = anwa006
21:44:03 anwa006 Andréas Wallin UPDATING data to tables `time2vie_cirruscommon`.`secondary_login` fields ( last_login_time ) values (2020-01-04 21:44:03) on conditions username = anwa006 AND company_id = 20
22:25:36 hejo003 Helen Jörnås UPDATING data to tables `time2vie_cirruscommon`.`secondary_login` fields ( error ) values (0) on conditions username = hejo003 AND company_id = 20
22:25:36 hejo003 Helen Jörnås INSERTING data into tables `log_login` fields ( username, ip, browser ) values ( hejo003, 90.224.82.244, okhttp/3.9.1 ) => {inserted_id = 6956}
22:25:36 hejo003 Helen Jörnås DELETE data from tables `temp_session` on conditions username LIKE hejo003
22:25:36 hejo003 Helen Jörnås UPDATING data to tables `time2vie_cirruscommon`.`login` fields ( login, last_time ) values (1, 2020-01-04 22:25:36) on conditions username = hejo003
22:25:36 hejo003 Helen Jörnås UPDATING data to tables `time2vie_cirruscommon`.`secondary_login` fields ( last_login_time ) values (2020-01-04 22:25:36) on conditions username = hejo003 AND company_id = 20
23:03:35 anka019 Anna Kawalya Westerberg INSERTING data into tables `log_login` fields ( username, ip, browser ) values ( anka019, 81.225.30.51, Mozilla/5.0 (iPhone; CPU iPhone OS 13_3 like Mac OS X) AppleWebKit/605.1.15 (KHTML, like Gecko) Version/13.0.4 Mobile/15E148 Safari/604.1 ) => {inserted_id = 6957}
23:03:35 anka019 Anna Kawalya Westerberg DELETE data from tables `temp_session` on conditions username LIKE anka019
23:03:35 anka019 Anna Kawalya Westerberg UPDATING data to tables `time2vie_cirruscommon`.`login` fields ( login, last_time ) values (1, 2020-01-04 23:03:35) on conditions username = anka019
23:03:35 anka019 Anna Kawalya Westerberg UPDATING data to tables `time2vie_cirruscommon`.`secondary_login` fields ( last_login_time ) values (2020-01-04 23:03:35) on conditions username = anka019 AND company_id = 20
23:03:35 anka019 Anna Kawalya Westerberg UPDATING data to tables `time2vie_cirruscommon`.`ws_sessions` fields ( user_id ) values (anka019) on conditions session_id = 625ede74f3ee23e88ff6104b0c3c150f
