06:13:31 anwa006 Andréas Wallin UPDATING data to tables `time2vie_cirruscommon`.`secondary_login` fields ( error ) values (0) on conditions username = anwa006 AND company_id = 20
06:13:31 anwa006 Andréas Wallin INSERTING data into tables `log_login` fields ( username, ip, browser ) values ( anwa006, 98.128.167.34, okhttp/3.9.1 ) => {inserted_id = 16429}
06:13:31 anwa006 Andréas Wallin DELETE data from tables `temp_session` on conditions username LIKE anwa006
06:13:31 anwa006 Andréas Wallin UPDATING data to tables `time2vie_cirruscommon`.`login` fields ( login, last_time ) values (1, 2020-12-12 06:13:31) on conditions username = anwa006
06:13:31 anwa006 Andréas Wallin UPDATING data to tables `time2vie_cirruscommon`.`secondary_login` fields ( last_login_time ) values (2020-12-12 06:13:31) on conditions username = anwa006 AND company_id = 20
08:14:02 hebe001 Helen Bengtsson UPDATING data to tables `time2vie_cirruscommon`.`secondary_login` fields ( error ) values (0) on conditions username = hebe001 AND company_id = 20
08:14:02 hebe001 Helen Bengtsson INSERTING data into tables `log_login` fields ( username, ip, browser ) values ( hebe001, 193.234.72.96, Time2View/2 CFNetwork/1206 Darwin/20.1.0 ) => {inserted_id = 16430}
08:14:02 hebe001 Helen Bengtsson DELETE data from tables `temp_session` on conditions username LIKE hebe001
08:14:02 hebe001 Helen Bengtsson UPDATING data to tables `time2vie_cirruscommon`.`login` fields ( login, last_time ) values (1, 2020-12-12 08:14:02) on conditions username = hebe001
08:14:02 hebe001 Helen Bengtsson UPDATING data to tables `time2vie_cirruscommon`.`secondary_login` fields ( last_login_time ) values (2020-12-12 08:14:02) on conditions username = hebe001 AND company_id = 20
08:14:27 hebe001 Helen Bengtsson UPDATING data to tables `timetable` fields ( customer, employee, date, time_from, time_to, fkkn, type, status, comment ) values (tibe002, elbe006, 2020-12-12, 0.00, 6.30, 1, 0, 1, ) on conditions id = 11489 #Mobile-App: Log-id=16430
09:35:25 liha009 Linnéa Handin UPDATING data to tables `time2vie_cirruscommon`.`secondary_login` fields ( error ) values (0) on conditions username = liha009 AND company_id = 20
09:35:25 liha009 Linnéa Handin INSERTING data into tables `log_login` fields ( username, ip, browser ) values ( liha009, 78.69.73.236, Time2View/2 CFNetwork/1206 Darwin/20.1.0 ) => {inserted_id = 16431}
09:35:25 liha009 Linnéa Handin DELETE data from tables `temp_session` on conditions username LIKE liha009
09:35:25 liha009 Linnéa Handin UPDATING data to tables `time2vie_cirruscommon`.`login` fields ( login, last_time ) values (1, 2020-12-12 09:35:25) on conditions username = liha009
09:35:25 liha009 Linnéa Handin UPDATING data to tables `time2vie_cirruscommon`.`secondary_login` fields ( last_login_time ) values (2020-12-12 09:35:25) on conditions username = liha009 AND company_id = 20
10:04:12 biwa003 Birgitta Wåhlander INSERTING data into tables `log_login` fields ( username, ip, browser ) values ( biwa003, 185.27.165.66, Mozilla/5.0 (iPad; CPU OS 14_2 like Mac OS X) AppleWebKit/605.1.15 (KHTML, like Gecko) CriOS/87.0.4280.77 Mobile/15E148 Safari/604.1 ) => {inserted_id = 16432}
10:04:12 biwa003 Birgitta Wåhlander DELETE data from tables `temp_session` on conditions username LIKE biwa003
10:04:12 biwa003 Birgitta Wåhlander UPDATING data to tables `time2vie_cirruscommon`.`login` fields ( login, last_time ) values (1, 2020-12-12 10:04:12) on conditions username = biwa003
10:04:12 biwa003 Birgitta Wåhlander UPDATING data to tables `time2vie_cirruscommon`.`secondary_login` fields ( last_login_time ) values (2020-12-12 10:04:12) on conditions username = biwa003 AND company_id = 20
10:04:12 biwa003 Birgitta Wåhlander UPDATING data to tables `time2vie_cirruscommon`.`ws_sessions` fields ( user_id ) values (biwa003) on conditions session_id = p5uuhles3i26cm9i91l3pgunp1
10:22:57 mowa002 Monica Walfridsson INSERTING data into tables `log_login` fields ( username, ip, browser ) values ( mowa002, 81.170.178.25, Mozilla/5.0 (Windows NT 10.0; Win64; x64) AppleWebKit/537.36 (KHTML, like Gecko) Chrome/87.0.4280.88 Safari/537.36 Edg/87.0.664.60 ) => {inserted_id = 16433}
10:22:57 mowa002 Monica Walfridsson DELETE data from tables `temp_session` on conditions username LIKE mowa002
10:22:57 mowa002 Monica Walfridsson UPDATING data to tables `time2vie_cirruscommon`.`login` fields ( login, last_time ) values (1, 2020-12-12 10:22:57) on conditions username = mowa002
10:22:57 mowa002 Monica Walfridsson UPDATING data to tables `time2vie_cirruscommon`.`secondary_login` fields ( last_login_time ) values (2020-12-12 10:22:57) on conditions username = mowa002 AND company_id = 20
10:22:57 mowa002 Monica Walfridsson UPDATING data to tables `time2vie_cirruscommon`.`ws_sessions` fields ( user_id ) values (mowa002) on conditions session_id = 592ptafoubc0u1f6hh1q2d8u35
10:24:15 mowa002 Monica Walfridsson UPDATING data to tables `timetable` fields ( status ) values (2) on conditions id = 19909
10:24:15 mowa002 Monica Walfridsson INSERTING data into tables `timetable` fields ( customer, date, time_from, time_to, type, fkkn, comment, alloc_emp, relation_id, employee, status ) values ( stde001, 2020-12-31, 8.00, 17.00, 0, 1, , mowa002, 19909, mowa002, 1 ) => {inserted_id = 21652}
10:24:15 mowa002 Monica Walfridsson INSERTING data into tables `leave` fields ( group_id, employee, date, time_from, time_to, type, comment, appr_emp, status, no_pay ) values ( 1270, joan004, 2020-12-31, 8, 17, 2, , mowa002, 1, 1 ) => {inserted_id = 1968}
10:25:04 mowa002 Monica Walfridsson DELETE data from tables `timetable` on conditions id = 19853
10:25:50 mowa002 Monica Walfridsson UPDATING data to tables `timetable` fields ( status, employee, alloc_emp ) values (1, joan004, mowa002) on conditions id = 19854
10:26:02 mowa002 Monica Walfridsson UPDATING data to tables `timetable` fields ( status, employee, alloc_emp ) values (1, joan004, mowa002) on conditions id = 19855
10:26:16 mowa002 Monica Walfridsson UPDATING data to tables `timetable` fields ( status, employee, alloc_emp ) values (1, joan004, mowa002) on conditions id = 19856
10:31:15 mowa002 Monica Walfridsson INSERTING data into tables `timetable` fields ( employee, customer, fkkn, type, date, time_from, time_to, status, created_status, alloc_emp, comment ) values ( mowa002, stde001, 1, 0, 2020-12-24, 17, 22, 1, , mowa002,  ) => {inserted_id = 21653}
10:31:54 mowa002 Monica Walfridsson UPDATING data to tables `timetable` fields ( status, employee, alloc_emp ) values (1, made003, mowa002) on conditions id = 19880
10:32:25 mowa002 Monica Walfridsson UPDATING data to tables `timetable` fields ( status ) values (2) on conditions id = 19881
10:32:25 mowa002 Monica Walfridsson INSERTING data into tables `timetable` fields ( customer, date, time_from, time_to, type, fkkn, comment, alloc_emp, relation_id, employee, status ) values ( stde001, 2020-12-24, 8.00, 17.00, 0, 1, , mowa002, 19881, mowa002, 1 ) => {inserted_id = 21654}
10:32:25 mowa002 Monica Walfridsson INSERTING data into tables `leave` fields ( group_id, employee, date, time_from, time_to, type, comment, appr_emp, status, no_pay ) values ( 1271, joan004, 2020-12-24, 8, 17, 2, , mowa002, 1, 1 ) => {inserted_id = 1969}
10:34:31 mowa002 Monica Walfridsson DELETE data from tables `timetable` on conditions id = 19882
10:35:06 mowa002 Monica Walfridsson DELETE data from tables `timetable` on conditions id = 19884
10:35:57 mowa002 Monica Walfridsson UPDATING data to tables `timetable` fields ( status, employee, alloc_emp ) values (1, made003, mowa002) on conditions id = 19883
10:41:25 mowa002 Monica Walfridsson DELETE data from tables `timetable` on conditions id = 19913
10:42:23 mowa002 Monica Walfridsson DELETE data from tables `timetable` on conditions id = 19911
10:44:06 mowa002 Monica Walfridsson DELETE data from tables `temp_session` on conditions username LIKE mowa002
10:44:06 mowa002 Monica Walfridsson UPDATING data to tables `time2vie_cirruscommon`.`login` fields ( login, last_time ) values (0, 2020-12-12 10:44:06) on conditions username = mowa002
10:44:06 mowa002 Monica Walfridsson UPDATING data to tables `time2vie_cirruscommon`.`secondary_login` fields ( last_login_time ) values (2020-12-12 10:44:06) on conditions username = mowa002 AND company_id = 20
10:44:06   UPDATING data to tables `log_login` fields ( logout_time ) values (2020-12-12:09:44:06) on conditions id = 16433 AND username = mowa002
11:09:23 biwa003 Birgitta Wåhlander UPDATING data to tables `timetable` fields ( customer, employee, date, time_from, time_to, fkkn, type, status, comment ) values (chwa001, biwa003, 2020-12-12, 14, 18.15, 1, 0, 1, ) on conditions id = 21642
11:10:03 anwa006 Andréas Wallin UPDATING data to tables `time2vie_cirruscommon`.`secondary_login` fields ( error ) values (0) on conditions username = anwa006 AND company_id = 20
11:10:03 anwa006 Andréas Wallin INSERTING data into tables `log_login` fields ( username, ip, browser ) values ( anwa006, 94.103.194.75, okhttp/3.9.1 ) => {inserted_id = 16434}
11:10:03 anwa006 Andréas Wallin DELETE data from tables `temp_session` on conditions username LIKE anwa006
11:10:03 anwa006 Andréas Wallin UPDATING data to tables `time2vie_cirruscommon`.`login` fields ( login, last_time ) values (1, 2020-12-12 11:10:03) on conditions username = anwa006
11:10:03 anwa006 Andréas Wallin UPDATING data to tables `time2vie_cirruscommon`.`secondary_login` fields ( last_login_time ) values (2020-12-12 11:10:03) on conditions username = anwa006 AND company_id = 20
11:23:05 emel002 Emma Eliasson UPDATING data to tables `time2vie_cirruscommon`.`secondary_login` fields ( error ) values (0) on conditions username = emel002 AND company_id = 20
11:23:05 emel002 Emma Eliasson INSERTING data into tables `log_login` fields ( username, ip, browser ) values ( emel002, 90.235.50.90, Time2View/2 CFNetwork/1128.0.1 Darwin/19.6.0 ) => {inserted_id = 16435}
11:23:05 emel002 Emma Eliasson DELETE data from tables `temp_session` on conditions username LIKE emel002
11:23:05 emel002 Emma Eliasson UPDATING data to tables `time2vie_cirruscommon`.`login` fields ( login, last_time ) values (1, 2020-12-12 11:23:05) on conditions username = emel002
11:23:05 emel002 Emma Eliasson UPDATING data to tables `time2vie_cirruscommon`.`secondary_login` fields ( last_login_time ) values (2020-12-12 11:23:05) on conditions username = emel002 AND company_id = 20
13:18:28 lawa002 Lars Wåhlander UPDATING data to tables `time2vie_cirruscommon`.`secondary_login` fields ( error ) values (0) on conditions username = lawa002 AND company_id = 20
13:18:28 lawa002 Lars Wåhlander INSERTING data into tables `log_login` fields ( username, ip, browser ) values ( lawa002, 185.27.165.66, Time2View/2 CFNetwork/1206 Darwin/20.1.0 ) => {inserted_id = 16437}
13:18:28 lawa002 Lars Wåhlander DELETE data from tables `temp_session` on conditions username LIKE lawa002
13:18:28 lawa002 Lars Wåhlander UPDATING data to tables `time2vie_cirruscommon`.`login` fields ( login, last_time ) values (1, 2020-12-12 13:18:28) on conditions username = lawa002
13:18:28 lawa002 Lars Wåhlander UPDATING data to tables `time2vie_cirruscommon`.`secondary_login` fields ( last_login_time ) values (2020-12-12 13:18:28) on conditions username = lawa002 AND company_id = 20
13:19:12 biwa003 Birgitta Wåhlander UPDATING data to tables `time2vie_cirruscommon`.`ws_sessions` fields ( user_id ) values (biwa003) on conditions session_id = p5uuhles3i26cm9i91l3pgunp1
14:34:38 anka019 Anna Kawalya Westerberg INSERTING data into tables `log_login` fields ( username, ip, browser ) values ( anka019, 90.227.20.157, Mozilla/5.0 (iPhone; CPU iPhone OS 14_2 like Mac OS X) AppleWebKit/605.1.15 (KHTML, like Gecko) Version/14.0.1 Mobile/15E148 Safari/604.1 ) => {inserted_id = 16438}
14:34:38 anka019 Anna Kawalya Westerberg DELETE data from tables `temp_session` on conditions username LIKE anka019
14:34:38 anka019 Anna Kawalya Westerberg UPDATING data to tables `time2vie_cirruscommon`.`login` fields ( login, last_time ) values (1, 2020-12-12 14:34:38) on conditions username = anka019
14:34:38 anka019 Anna Kawalya Westerberg UPDATING data to tables `time2vie_cirruscommon`.`secondary_login` fields ( last_login_time ) values (2020-12-12 14:34:38) on conditions username = anka019 AND company_id = 20
14:34:39 anka019 Anna Kawalya Westerberg UPDATING data to tables `time2vie_cirruscommon`.`ws_sessions` fields ( user_id ) values (anka019) on conditions session_id = qdjjn8449nm95ktrcfthikcao1
16:51:20 kaol006 Kariann Olsson UPDATING data to tables `time2vie_cirruscommon`.`secondary_login` fields ( error ) values (0) on conditions username = kaol006 AND company_id = 20
16:51:20 kaol006 Kariann Olsson INSERTING data into tables `log_login` fields ( username, ip, browser ) values ( kaol006, 217.73.111.23, Time2View/2 CFNetwork/1206 Darwin/20.1.0 ) => {inserted_id = 16439}
16:51:20 kaol006 Kariann Olsson DELETE data from tables `temp_session` on conditions username LIKE kaol006
16:51:20 kaol006 Kariann Olsson UPDATING data to tables `time2vie_cirruscommon`.`login` fields ( login, last_time ) values (1, 2020-12-12 16:51:20) on conditions username = kaol006
16:51:20 kaol006 Kariann Olsson UPDATING data to tables `time2vie_cirruscommon`.`secondary_login` fields ( last_login_time ) values (2020-12-12 16:51:20) on conditions username = kaol006 AND company_id = 20
17:05:47 anka019 Anna Kawalya Westerberg INSERTING data into tables `log_login` fields ( username, ip, browser ) values ( anka019, 90.227.20.157, Mozilla/5.0 (iPhone; CPU iPhone OS 14_2 like Mac OS X) AppleWebKit/605.1.15 (KHTML, like Gecko) Version/14.0.1 Mobile/15E148 Safari/604.1 ) => {inserted_id = 16440}
17:05:47 anka019 Anna Kawalya Westerberg DELETE data from tables `temp_session` on conditions username LIKE anka019
17:05:47 anka019 Anna Kawalya Westerberg UPDATING data to tables `time2vie_cirruscommon`.`login` fields ( login, last_time ) values (1, 2020-12-12 17:05:47) on conditions username = anka019
17:05:47 anka019 Anna Kawalya Westerberg UPDATING data to tables `time2vie_cirruscommon`.`secondary_login` fields ( last_login_time ) values (2020-12-12 17:05:47) on conditions username = anka019 AND company_id = 20
17:05:48 anka019 Anna Kawalya Westerberg UPDATING data to tables `time2vie_cirruscommon`.`ws_sessions` fields ( user_id ) values (anka019) on conditions session_id = falhnn1irjpd7qs034iqbns2i3
17:45:39 anka019 Anna Kawalya Westerberg INSERTING data into tables `log_login` fields ( username, ip, browser ) values ( anka019, 94.103.194.75, Mozilla/5.0 (iPhone; CPU iPhone OS 14_2 like Mac OS X) AppleWebKit/605.1.15 (KHTML, like Gecko) Version/14.0.1 Mobile/15E148 Safari/604.1 ) => {inserted_id = 16441}
17:45:39 anka019 Anna Kawalya Westerberg DELETE data from tables `temp_session` on conditions username LIKE anka019
17:45:39 anka019 Anna Kawalya Westerberg UPDATING data to tables `time2vie_cirruscommon`.`login` fields ( login, last_time ) values (1, 2020-12-12 17:45:39) on conditions username = anka019
17:45:39 anka019 Anna Kawalya Westerberg UPDATING data to tables `time2vie_cirruscommon`.`secondary_login` fields ( last_login_time ) values (2020-12-12 17:45:39) on conditions username = anka019 AND company_id = 20
17:45:39 anka019 Anna Kawalya Westerberg UPDATING data to tables `time2vie_cirruscommon`.`ws_sessions` fields ( user_id ) values (anka019) on conditions session_id = falhnn1irjpd7qs034iqbns2i3
18:20:36 anwa006 Andréas Wallin UPDATING data to tables `time2vie_cirruscommon`.`secondary_login` fields ( error ) values (0) on conditions username = anwa006 AND company_id = 20
18:20:36 anwa006 Andréas Wallin INSERTING data into tables `log_login` fields ( username, ip, browser ) values ( anwa006, 98.128.167.34, okhttp/3.9.1 ) => {inserted_id = 16442}
18:20:36 anwa006 Andréas Wallin DELETE data from tables `temp_session` on conditions username LIKE anwa006
18:20:36 anwa006 Andréas Wallin UPDATING data to tables `time2vie_cirruscommon`.`login` fields ( login, last_time ) values (1, 2020-12-12 18:20:36) on conditions username = anwa006
18:20:36 anwa006 Andréas Wallin UPDATING data to tables `time2vie_cirruscommon`.`secondary_login` fields ( last_login_time ) values (2020-12-12 18:20:36) on conditions username = anwa006 AND company_id = 20
20:06:35 ella003 Elin Larsson UPDATING data to tables `time2vie_cirruscommon`.`secondary_login` fields ( error ) values (0) on conditions username = ella003 AND company_id = 20
20:06:35 ella003 Elin Larsson INSERTING data into tables `log_login` fields ( username, ip, browser ) values ( ella003, 94.234.45.212, Time2View/2 CFNetwork/1206 Darwin/20.1.0 ) => {inserted_id = 16443}
20:06:35 ella003 Elin Larsson DELETE data from tables `temp_session` on conditions username LIKE ella003
20:06:35 ella003 Elin Larsson UPDATING data to tables `time2vie_cirruscommon`.`login` fields ( login, last_time ) values (1, 2020-12-12 20:06:35) on conditions username = ella003
20:06:35 ella003 Elin Larsson UPDATING data to tables `time2vie_cirruscommon`.`secondary_login` fields ( last_login_time ) values (2020-12-12 20:06:35) on conditions username = ella003 AND company_id = 20
21:48:25 loli005 Lovisa Lian UPDATING data to tables `time2vie_cirruscommon`.`secondary_login` fields ( error ) values (0) on conditions username = loli005 AND company_id = 20
21:48:25 loli005 Lovisa Lian INSERTING data into tables `log_login` fields ( username, ip, browser ) values ( loli005, 213.89.68.183, Time2View/2 CFNetwork/1128.0.1 Darwin/19.6.0 ) => {inserted_id = 16444}
21:48:25 loli005 Lovisa Lian DELETE data from tables `temp_session` on conditions username LIKE loli005
21:48:25 loli005 Lovisa Lian UPDATING data to tables `time2vie_cirruscommon`.`login` fields ( login, last_time ) values (1, 2020-12-12 21:48:25) on conditions username = loli005
21:48:25 loli005 Lovisa Lian UPDATING data to tables `time2vie_cirruscommon`.`secondary_login` fields ( last_login_time ) values (2020-12-12 21:48:25) on conditions username = loli005 AND company_id = 20
22:18:01 biwa003 Birgitta Wåhlander UPDATING data to tables `time2vie_cirruscommon`.`ws_sessions` fields ( user_id ) values (biwa003) on conditions session_id = p5uuhles3i26cm9i91l3pgunp1
22:20:04 biwa003 Birgitta Wåhlander INSERTING data into tables `timetable` fields ( employee, customer, fkkn, type, date, time_from, time_to, status, created_status, alloc_emp, comment ) values ( lawa002, chwa001, 1, 0, 2020-12-12, 15, 18, 1, , biwa003,  ) => {inserted_id = 21655}
22:20:39 biwa003 Birgitta Wåhlander INSERTING data into tables `timetable` fields ( employee, customer, fkkn, type, date, time_from, time_to, status, created_status, alloc_emp, comment ) values ( biwa003, chwa001, 1, 0, 2020-12-13, 8.30, 18, 1, , biwa003,  ) => {inserted_id = 21656}
22:21:18 biwa003 Birgitta Wåhlander UPDATING data to tables `timetable` fields ( customer, employee, date, time_from, time_to, fkkn, type, status, comment ) values (chwa001, biwa003, 2020-12-13, 8.15, 18.00, 1, 0, 1, ) on conditions id = 21656
23:37:28 loli005 Lovisa Lian UPDATING data to tables `time2vie_cirruscommon`.`secondary_login` fields ( error ) values (0) on conditions username = loli005 AND company_id = 20
23:37:28 loli005 Lovisa Lian INSERTING data into tables `log_login` fields ( username, ip, browser ) values ( loli005, 213.89.68.183, Time2View/2 CFNetwork/1128.0.1 Darwin/19.6.0 ) => {inserted_id = 16446}
23:37:28 loli005 Lovisa Lian DELETE data from tables `temp_session` on conditions username LIKE loli005
23:37:28 loli005 Lovisa Lian UPDATING data to tables `time2vie_cirruscommon`.`login` fields ( login, last_time ) values (1, 2020-12-12 23:37:28) on conditions username = loli005
23:37:28 loli005 Lovisa Lian UPDATING data to tables `time2vie_cirruscommon`.`secondary_login` fields ( last_login_time ) values (2020-12-12 23:37:28) on conditions username = loli005 AND company_id = 20
23:58:20 emsa005 Emma Särnblom UPDATING data to tables `time2vie_cirruscommon`.`secondary_login` fields ( error ) values (0) on conditions username = emsa005 AND company_id = 20
23:58:20 emsa005 Emma Särnblom INSERTING data into tables `log_login` fields ( username, ip, browser ) values ( emsa005, 88.129.149.88, Time2View/2 CFNetwork/1126 Darwin/19.5.0 ) => {inserted_id = 16447}
23:58:20 emsa005 Emma Särnblom DELETE data from tables `temp_session` on conditions username LIKE emsa005
23:58:20 emsa005 Emma Särnblom UPDATING data to tables `time2vie_cirruscommon`.`login` fields ( login, last_time ) values (1, 2020-12-12 23:58:20) on conditions username = emsa005
23:58:20 emsa005 Emma Särnblom UPDATING data to tables `time2vie_cirruscommon`.`secondary_login` fields ( last_login_time ) values (2020-12-12 23:58:20) on conditions username = emsa005 AND company_id = 20
00:03:11 anka020 Annika Karlsson UPDATING data to tables `time2vie_cirruscommon`.`secondary_login` fields ( error ) values (0) on conditions username = anka020 AND company_id = 20
00:03:11 anka020 Annika Karlsson INSERTING data into tables `log_login` fields ( username, ip, browser ) values ( anka020, 193.234.110.211, okhttp/3.9.1 ) => {inserted_id = 16448}
00:03:11 anka020 Annika Karlsson DELETE data from tables `temp_session` on conditions username LIKE anka020
00:03:11 anka020 Annika Karlsson UPDATING data to tables `time2vie_cirruscommon`.`login` fields ( login, last_time ) values (1, 2020-12-13 00:03:11) on conditions username = anka020
00:03:11 anka020 Annika Karlsson UPDATING data to tables `time2vie_cirruscommon`.`secondary_login` fields ( last_login_time ) values (2020-12-13 00:03:11) on conditions username = anka020 AND company_id = 20
