04:59:29 time002 Tina Mellgren UPDATING data to tables `time2vie_cirruscommon`.`secondary_login` fields ( error ) values (0) on conditions username = time002 AND company_id = 20
04:59:29 time002 Tina Mellgren INSERTING data into tables `log_login` fields ( username, ip, browser ) values ( time002, 81.228.189.218, Time2View/1 CFNetwork/1121.2.2 Darwin/19.3.0 ) => {inserted_id = 9654}
04:59:29 time002 Tina Mellgren DELETE data from tables `temp_session` on conditions username LIKE time002
04:59:29 time002 Tina Mellgren UPDATING data to tables `time2vie_cirruscommon`.`login` fields ( login, last_time ) values (1, 2020-04-10 04:59:29) on conditions username = time002
04:59:29 time002 Tina Mellgren UPDATING data to tables `time2vie_cirruscommon`.`secondary_login` fields ( last_login_time ) values (2020-04-10 04:59:29) on conditions username = time002 AND company_id = 20
06:36:45 anka020 Annika Karlsson UPDATING data to tables `time2vie_cirruscommon`.`secondary_login` fields ( error ) values (0) on conditions username = anka020 AND company_id = 20
06:36:45 anka020 Annika Karlsson INSERTING data into tables `log_login` fields ( username, ip, browser ) values ( anka020, 188.151.55.22, okhttp/3.9.1 ) => {inserted_id = 9655}
06:36:45 anka020 Annika Karlsson DELETE data from tables `temp_session` on conditions username LIKE anka020
06:36:45 anka020 Annika Karlsson UPDATING data to tables `time2vie_cirruscommon`.`login` fields ( login, last_time ) values (1, 2020-04-10 06:36:45) on conditions username = anka020
06:36:45 anka020 Annika Karlsson UPDATING data to tables `time2vie_cirruscommon`.`secondary_login` fields ( last_login_time ) values (2020-04-10 06:36:45) on conditions username = anka020 AND company_id = 20
08:22:55 anka020 Annika Karlsson UPDATING data to tables `time2vie_cirruscommon`.`secondary_login` fields ( error ) values (0) on conditions username = anka020 AND company_id = 20
08:22:55 anka020 Annika Karlsson INSERTING data into tables `log_login` fields ( username, ip, browser ) values ( anka020, 95.199.145.139, okhttp/3.9.1 ) => {inserted_id = 9656}
08:22:55 anka020 Annika Karlsson DELETE data from tables `temp_session` on conditions username LIKE anka020
08:22:55 anka020 Annika Karlsson UPDATING data to tables `time2vie_cirruscommon`.`login` fields ( login, last_time ) values (1, 2020-04-10 08:22:55) on conditions username = anka020
08:22:55 anka020 Annika Karlsson UPDATING data to tables `time2vie_cirruscommon`.`secondary_login` fields ( last_login_time ) values (2020-04-10 08:22:55) on conditions username = anka020 AND company_id = 20
08:33:28 jobe008 Joakim Bengtsson UPDATING data to tables `time2vie_cirruscommon`.`secondary_login` fields ( error ) values (0) on conditions username = jobe008 AND company_id = 20
08:33:28 jobe008 Joakim Bengtsson INSERTING data into tables `log_login` fields ( username, ip, browser ) values ( jobe008, 217.73.111.23, okhttp/3.9.1 ) => {inserted_id = 9657}
08:33:28 jobe008 Joakim Bengtsson DELETE data from tables `temp_session` on conditions username LIKE jobe008
08:33:28 jobe008 Joakim Bengtsson UPDATING data to tables `time2vie_cirruscommon`.`login` fields ( login, last_time ) values (1, 2020-04-10 08:33:28) on conditions username = jobe008
08:33:28 jobe008 Joakim Bengtsson UPDATING data to tables `time2vie_cirruscommon`.`secondary_login` fields ( last_login_time ) values (2020-04-10 08:33:28) on conditions username = jobe008 AND company_id = 20
08:49:30 jobe008 Joakim Bengtsson UPDATING data to tables `timetable` fields ( customer, employee, date, time_from, time_to, fkkn, type, status, comment ) values (jebe002, jobe008, 2020-05-21, 8.45, 15.00, 1, 0, 1, ) on conditions id = 14999 #Mobile-App: Log-id=9657
09:52:15 biwa003 Birgitta Wåhlander INSERTING data into tables `log_login` fields ( username, ip, browser ) values ( biwa003, 185.27.165.66, Mozilla/5.0 (iPad; CPU OS 13_3 like Mac OS X) AppleWebKit/605.1.15 (KHTML, like Gecko) CriOS/80.0.3987.95 Mobile/15E148 Safari/604.1 ) => {inserted_id = 9658}
09:52:15 biwa003 Birgitta Wåhlander DELETE data from tables `temp_session` on conditions username LIKE biwa003
09:52:15 biwa003 Birgitta Wåhlander UPDATING data to tables `time2vie_cirruscommon`.`login` fields ( login, last_time ) values (1, 2020-04-10 09:52:15) on conditions username = biwa003
09:52:15 biwa003 Birgitta Wåhlander UPDATING data to tables `time2vie_cirruscommon`.`secondary_login` fields ( last_login_time ) values (2020-04-10 09:52:15) on conditions username = biwa003 AND company_id = 20
09:52:15 biwa003 Birgitta Wåhlander UPDATING data to tables `time2vie_cirruscommon`.`ws_sessions` fields ( user_id ) values (biwa003) on conditions session_id = 37bd2700da28164c2218e1e276c86bf9
10:09:04 anka020 Annika Karlsson DELETE data from tables `time2vie_cirruscommon`.`push_notify_tokens` on conditions user_id = anka020 AND fcm_token =  #Mobile-App: Log-id=9656
10:09:04 anka020 Annika Karlsson DELETE data from tables `temp_session` on conditions username LIKE anka020 #Mobile-App: Log-id=9656
10:09:04 anka020 Annika Karlsson UPDATING data to tables `time2vie_cirruscommon`.`login` fields ( login, last_time ) values (0, 2020-04-10 10:09:04) on conditions username = anka020 #Mobile-App: Log-id=9656
10:09:04 anka020 Annika Karlsson UPDATING data to tables `time2vie_cirruscommon`.`secondary_login` fields ( last_login_time ) values (2020-04-10 10:09:04) on conditions username = anka020 AND company_id = 20 #Mobile-App: Log-id=9656
10:09:40 anka020 Annika Karlsson UPDATING data to tables `time2vie_cirruscommon`.`secondary_login` fields ( error ) values (0) on conditions username = anka020 AND company_id = 20
10:09:40 anka020 Annika Karlsson INSERTING data into tables `log_login` fields ( username, ip, browser ) values ( anka020, 185.27.164.39, okhttp/3.9.1 ) => {inserted_id = 9659}
10:09:40 anka020 Annika Karlsson DELETE data from tables `temp_session` on conditions username LIKE anka020
10:09:40 anka020 Annika Karlsson UPDATING data to tables `time2vie_cirruscommon`.`login` fields ( login, last_time ) values (1, 2020-04-10 10:09:40) on conditions username = anka020
10:09:40 anka020 Annika Karlsson UPDATING data to tables `time2vie_cirruscommon`.`secondary_login` fields ( last_login_time ) values (2020-04-10 10:09:40) on conditions username = anka020 AND company_id = 20
10:09:41 anka020 Annika Karlsson INSERTING data into tables `time2vie_cirruscommon`.`push_notify_tokens` fields ( user_id, fcm_token, device_id, device_details, created_date, error ) values ( anka020, cfiBtWhawJ0:APA91bGvUdfW7oCtZJlYTE6HJ0iS7LTdTEL4ac157mzi7uVqqocub9103qfgrX7cSqb-KjiXYl5xOyDdU7EVNQEz8v5Pw_D09uDhAMuUkUuZYW0W8VdVSlaij8kEbM_IiwLIGG2UkPVl, 241c64efe5fe9d99, okhttp/3.9.1, 2020-04-10 10:09:41, 0 ) => {inserted_id = 15731} #Mobile-App: Log-id=9659
10:15:10 anka020 Annika Karlsson DELETE data from tables `temp_session` on conditions username LIKE anka020 #Mobile-App: Log-id=9659
10:15:10 anka020 Annika Karlsson UPDATING data to tables `time2vie_cirruscommon`.`login` fields ( login, last_time ) values (0, 2020-04-10 10:15:10) on conditions username = anka020 #Mobile-App: Log-id=9659
10:15:10 anka020 Annika Karlsson UPDATING data to tables `time2vie_cirruscommon`.`secondary_login` fields ( last_login_time ) values (2020-04-10 10:15:10) on conditions username = anka020 AND company_id = 20 #Mobile-App: Log-id=9659
10:15:10 anka020 Annika Karlsson DELETE data from tables `time2vie_cirruscommon`.`push_notify_tokens` on conditions user_id = anka020 AND fcm_token = cfiBtWhawJ0:APA91bGvUdfW7oCtZJlYTE6HJ0iS7LTdTEL4ac157mzi7uVqqocub9103qfgrX7cSqb-KjiXYl5xOyDdU7EVNQEz8v5Pw_D09uDhAMuUkUuZYW0W8VdVSlaij8kEbM_IiwLIGG2UkPVl #Mobile-App: Log-id=9659
10:15:22 anka020 Annika Karlsson UPDATING data to tables `time2vie_cirruscommon`.`secondary_login` fields ( error ) values (0) on conditions username = anka020 AND company_id = 20
10:15:22 anka020 Annika Karlsson INSERTING data into tables `log_login` fields ( username, ip, browser ) values ( anka020, 185.27.164.39, okhttp/3.9.1 ) => {inserted_id = 9660}
10:15:22 anka020 Annika Karlsson DELETE data from tables `temp_session` on conditions username LIKE anka020
10:15:22 anka020 Annika Karlsson UPDATING data to tables `time2vie_cirruscommon`.`login` fields ( login, last_time ) values (1, 2020-04-10 10:15:22) on conditions username = anka020
10:15:22 anka020 Annika Karlsson UPDATING data to tables `time2vie_cirruscommon`.`secondary_login` fields ( last_login_time ) values (2020-04-10 10:15:22) on conditions username = anka020 AND company_id = 20
10:44:01 time002 Tina Mellgren UPDATING data to tables `time2vie_cirruscommon`.`secondary_login` fields ( error ) values (0) on conditions username = time002 AND company_id = 20
10:44:01 time002 Tina Mellgren INSERTING data into tables `log_login` fields ( username, ip, browser ) values ( time002, 88.129.149.88, Time2View/1 CFNetwork/1121.2.2 Darwin/19.3.0 ) => {inserted_id = 9661}
10:44:01 time002 Tina Mellgren DELETE data from tables `temp_session` on conditions username LIKE time002
10:44:01 time002 Tina Mellgren UPDATING data to tables `time2vie_cirruscommon`.`login` fields ( login, last_time ) values (1, 2020-04-10 10:44:01) on conditions username = time002
10:44:01 time002 Tina Mellgren UPDATING data to tables `time2vie_cirruscommon`.`secondary_login` fields ( last_login_time ) values (2020-04-10 10:44:01) on conditions username = time002 AND company_id = 20
10:47:32 anja007 Annika Jakobsson UPDATING data to tables `time2vie_cirruscommon`.`secondary_login` fields ( error ) values (0) on conditions username = anja007 AND company_id = 20
10:47:32 anja007 Annika Jakobsson INSERTING data into tables `log_login` fields ( username, ip, browser ) values ( anja007, 94.191.142.201, Time2View/1 CFNetwork/1121.2.2 Darwin/19.3.0 ) => {inserted_id = 9662}
10:47:32 anja007 Annika Jakobsson DELETE data from tables `temp_session` on conditions username LIKE anja007
10:47:32 anja007 Annika Jakobsson UPDATING data to tables `time2vie_cirruscommon`.`login` fields ( login, last_time ) values (1, 2020-04-10 10:47:32) on conditions username = anja007
10:47:32 anja007 Annika Jakobsson UPDATING data to tables `time2vie_cirruscommon`.`secondary_login` fields ( last_login_time ) values (2020-04-10 10:47:32) on conditions username = anja007 AND company_id = 20
11:37:46 asgr002 Åsa Grimberg UPDATING data to tables `time2vie_cirruscommon`.`secondary_login` fields ( error ) values (0) on conditions username = asgr002 AND company_id = 20
11:37:46 asgr002 Åsa Grimberg INSERTING data into tables `log_login` fields ( username, ip, browser ) values ( asgr002, 94.234.49.246, Time2View/1 CFNetwork/1125.2 Darwin/19.4.0 ) => {inserted_id = 9663}
11:37:46 asgr002 Åsa Grimberg DELETE data from tables `temp_session` on conditions username LIKE asgr002
11:37:46 asgr002 Åsa Grimberg UPDATING data to tables `time2vie_cirruscommon`.`login` fields ( login, last_time ) values (1, 2020-04-10 11:37:46) on conditions username = asgr002
11:37:46 asgr002 Åsa Grimberg UPDATING data to tables `time2vie_cirruscommon`.`secondary_login` fields ( last_login_time ) values (2020-04-10 11:37:46) on conditions username = asgr002 AND company_id = 20
11:58:43 anka020 Annika Karlsson UPDATING data to tables `time2vie_cirruscommon`.`secondary_login` fields ( error ) values (0) on conditions username = anka020 AND company_id = 20
11:58:43 anka020 Annika Karlsson INSERTING data into tables `log_login` fields ( username, ip, browser ) values ( anka020, 185.27.164.39, okhttp/3.9.1 ) => {inserted_id = 9664}
11:58:43 anka020 Annika Karlsson DELETE data from tables `temp_session` on conditions username LIKE anka020
11:58:43 anka020 Annika Karlsson UPDATING data to tables `time2vie_cirruscommon`.`login` fields ( login, last_time ) values (1, 2020-04-10 11:58:43) on conditions username = anka020
11:58:43 anka020 Annika Karlsson UPDATING data to tables `time2vie_cirruscommon`.`secondary_login` fields ( last_login_time ) values (2020-04-10 11:58:43) on conditions username = anka020 AND company_id = 20
12:52:35 hejo003 Helen Jörnås UPDATING data to tables `time2vie_cirruscommon`.`secondary_login` fields ( error ) values (0) on conditions username = hejo003 AND company_id = 20
12:52:35 hejo003 Helen Jörnås INSERTING data into tables `log_login` fields ( username, ip, browser ) values ( hejo003, 217.214.151.81, okhttp/3.9.1 ) => {inserted_id = 9665}
12:52:35 hejo003 Helen Jörnås DELETE data from tables `temp_session` on conditions username LIKE hejo003
12:52:35 hejo003 Helen Jörnås UPDATING data to tables `time2vie_cirruscommon`.`login` fields ( login, last_time ) values (1, 2020-04-10 12:52:35) on conditions username = hejo003
12:52:35 hejo003 Helen Jörnås UPDATING data to tables `time2vie_cirruscommon`.`secondary_login` fields ( last_login_time ) values (2020-04-10 12:52:35) on conditions username = hejo003 AND company_id = 20
13:22:26 anka020 Annika Karlsson UPDATING data to tables `time2vie_cirruscommon`.`secondary_login` fields ( error ) values (0) on conditions username = anka020 AND company_id = 20
13:22:26 anka020 Annika Karlsson INSERTING data into tables `log_login` fields ( username, ip, browser ) values ( anka020, 95.199.145.139, okhttp/3.9.1 ) => {inserted_id = 9666}
13:22:26 anka020 Annika Karlsson DELETE data from tables `temp_session` on conditions username LIKE anka020
13:22:26 anka020 Annika Karlsson UPDATING data to tables `time2vie_cirruscommon`.`login` fields ( login, last_time ) values (1, 2020-04-10 13:22:26) on conditions username = anka020
13:22:26 anka020 Annika Karlsson UPDATING data to tables `time2vie_cirruscommon`.`secondary_login` fields ( last_login_time ) values (2020-04-10 13:22:26) on conditions username = anka020 AND company_id = 20
13:52:38 anka020 Annika Karlsson UPDATING data to tables `time2vie_cirruscommon`.`secondary_login` fields ( error ) values (0) on conditions username = anka020 AND company_id = 20
13:52:38 anka020 Annika Karlsson INSERTING data into tables `log_login` fields ( username, ip, browser ) values ( anka020, 95.199.145.139, okhttp/3.9.1 ) => {inserted_id = 9667}
13:52:38 anka020 Annika Karlsson DELETE data from tables `temp_session` on conditions username LIKE anka020
13:52:38 anka020 Annika Karlsson UPDATING data to tables `time2vie_cirruscommon`.`login` fields ( login, last_time ) values (1, 2020-04-10 13:52:38) on conditions username = anka020
13:52:38 anka020 Annika Karlsson UPDATING data to tables `time2vie_cirruscommon`.`secondary_login` fields ( last_login_time ) values (2020-04-10 13:52:38) on conditions username = anka020 AND company_id = 20
15:14:07 anwa006 Andréas Wallin UPDATING data to tables `time2vie_cirruscommon`.`secondary_login` fields ( error ) values (0) on conditions username = anwa006 AND company_id = 20
15:14:07 anwa006 Andréas Wallin INSERTING data into tables `log_login` fields ( username, ip, browser ) values ( anwa006, 94.103.194.75, okhttp/3.9.1 ) => {inserted_id = 9668}
15:14:07 anwa006 Andréas Wallin DELETE data from tables `temp_session` on conditions username LIKE anwa006
15:14:07 anwa006 Andréas Wallin UPDATING data to tables `time2vie_cirruscommon`.`login` fields ( login, last_time ) values (1, 2020-04-10 15:14:07) on conditions username = anwa006
15:14:07 anwa006 Andréas Wallin UPDATING data to tables `time2vie_cirruscommon`.`secondary_login` fields ( last_login_time ) values (2020-04-10 15:14:07) on conditions username = anwa006 AND company_id = 20
15:17:34 anka020 Annika Karlsson UPDATING data to tables `time2vie_cirruscommon`.`secondary_login` fields ( error ) values (0) on conditions username = anka020 AND company_id = 20
15:17:34 anka020 Annika Karlsson INSERTING data into tables `log_login` fields ( username, ip, browser ) values ( anka020, 95.199.145.139, okhttp/3.9.1 ) => {inserted_id = 9669}
15:17:34 anka020 Annika Karlsson DELETE data from tables `temp_session` on conditions username LIKE anka020
15:17:34 anka020 Annika Karlsson UPDATING data to tables `time2vie_cirruscommon`.`login` fields ( login, last_time ) values (1, 2020-04-10 15:17:34) on conditions username = anka020
15:17:34 anka020 Annika Karlsson UPDATING data to tables `time2vie_cirruscommon`.`secondary_login` fields ( last_login_time ) values (2020-04-10 15:17:34) on conditions username = anka020 AND company_id = 20
16:02:56 anka020 Annika Karlsson UPDATING data to tables `time2vie_cirruscommon`.`secondary_login` fields ( error ) values (0) on conditions username = anka020 AND company_id = 20
16:02:56 anka020 Annika Karlsson INSERTING data into tables `log_login` fields ( username, ip, browser ) values ( anka020, 185.27.164.39, okhttp/3.9.1 ) => {inserted_id = 9670}
16:02:56 anka020 Annika Karlsson DELETE data from tables `temp_session` on conditions username LIKE anka020
16:02:56 anka020 Annika Karlsson UPDATING data to tables `time2vie_cirruscommon`.`login` fields ( login, last_time ) values (1, 2020-04-10 16:02:56) on conditions username = anka020
16:02:56 anka020 Annika Karlsson UPDATING data to tables `time2vie_cirruscommon`.`secondary_login` fields ( last_login_time ) values (2020-04-10 16:02:56) on conditions username = anka020 AND company_id = 20
16:36:25 anka020 Annika Karlsson UPDATING data to tables `time2vie_cirruscommon`.`secondary_login` fields ( error ) values (0) on conditions username = anka020 AND company_id = 20
16:36:25 anka020 Annika Karlsson INSERTING data into tables `log_login` fields ( username, ip, browser ) values ( anka020, 185.27.164.39, okhttp/3.9.1 ) => {inserted_id = 9671}
16:36:25 anka020 Annika Karlsson DELETE data from tables `temp_session` on conditions username LIKE anka020
16:36:25 anka020 Annika Karlsson UPDATING data to tables `time2vie_cirruscommon`.`login` fields ( login, last_time ) values (1, 2020-04-10 16:36:25) on conditions username = anka020
16:36:25 anka020 Annika Karlsson UPDATING data to tables `time2vie_cirruscommon`.`secondary_login` fields ( last_login_time ) values (2020-04-10 16:36:25) on conditions username = anka020 AND company_id = 20
17:33:35 anka020 Annika Karlsson UPDATING data to tables `time2vie_cirruscommon`.`secondary_login` fields ( error ) values (0) on conditions username = anka020 AND company_id = 20
17:33:35 anka020 Annika Karlsson INSERTING data into tables `log_login` fields ( username, ip, browser ) values ( anka020, 188.151.55.22, okhttp/3.9.1 ) => {inserted_id = 9672}
17:33:35 anka020 Annika Karlsson DELETE data from tables `temp_session` on conditions username LIKE anka020
17:33:35 anka020 Annika Karlsson UPDATING data to tables `time2vie_cirruscommon`.`login` fields ( login, last_time ) values (1, 2020-04-10 17:33:35) on conditions username = anka020
17:33:35 anka020 Annika Karlsson UPDATING data to tables `time2vie_cirruscommon`.`secondary_login` fields ( last_login_time ) values (2020-04-10 17:33:35) on conditions username = anka020 AND company_id = 20
19:03:37 hejo003 Helen Jörnås UPDATING data to tables `time2vie_cirruscommon`.`secondary_login` fields ( error ) values (0) on conditions username = hejo003 AND company_id = 20
19:03:37 hejo003 Helen Jörnås INSERTING data into tables `log_login` fields ( username, ip, browser ) values ( hejo003, 217.214.151.81, okhttp/3.9.1 ) => {inserted_id = 9673}
19:03:37 hejo003 Helen Jörnås DELETE data from tables `temp_session` on conditions username LIKE hejo003
19:03:37 hejo003 Helen Jörnås UPDATING data to tables `time2vie_cirruscommon`.`login` fields ( login, last_time ) values (1, 2020-04-10 19:03:37) on conditions username = hejo003
19:03:37 hejo003 Helen Jörnås UPDATING data to tables `time2vie_cirruscommon`.`secondary_login` fields ( last_login_time ) values (2020-04-10 19:03:37) on conditions username = hejo003 AND company_id = 20
19:54:25 anka020 Annika Karlsson UPDATING data to tables `time2vie_cirruscommon`.`secondary_login` fields ( error ) values (0) on conditions username = anka020 AND company_id = 20
19:54:25 anka020 Annika Karlsson INSERTING data into tables `log_login` fields ( username, ip, browser ) values ( anka020, 188.151.55.22, okhttp/3.9.1 ) => {inserted_id = 9674}
19:54:25 anka020 Annika Karlsson DELETE data from tables `temp_session` on conditions username LIKE anka020
19:54:25 anka020 Annika Karlsson UPDATING data to tables `time2vie_cirruscommon`.`login` fields ( login, last_time ) values (1, 2020-04-10 19:54:25) on conditions username = anka020
19:54:25 anka020 Annika Karlsson UPDATING data to tables `time2vie_cirruscommon`.`secondary_login` fields ( last_login_time ) values (2020-04-10 19:54:25) on conditions username = anka020 AND company_id = 20
21:47:58 hebe001 Helen Bengtsson UPDATING data to tables `time2vie_cirruscommon`.`secondary_login` fields ( error ) values (0) on conditions username = hebe001 AND company_id = 20
21:47:58 hebe001 Helen Bengtsson INSERTING data into tables `log_login` fields ( username, ip, browser ) values ( hebe001, 193.234.72.96, Time2View/1 CFNetwork/1121.2.2 Darwin/19.3.0 ) => {inserted_id = 9675}
21:47:58 hebe001 Helen Bengtsson DELETE data from tables `temp_session` on conditions username LIKE hebe001
21:47:58 hebe001 Helen Bengtsson UPDATING data to tables `time2vie_cirruscommon`.`login` fields ( login, last_time ) values (1, 2020-04-10 21:47:58) on conditions username = hebe001
21:47:58 hebe001 Helen Bengtsson UPDATING data to tables `time2vie_cirruscommon`.`secondary_login` fields ( last_login_time ) values (2020-04-10 21:47:58) on conditions username = hebe001 AND company_id = 20
21:49:07 hebe001 Helen Bengtsson UPDATING data to tables `timetable` fields ( customer, employee, date, time_from, time_to, fkkn, type, status, comment ) values (tibe002, hejo003, 2020-04-10, 0.00, 6.30, 1, 0, 1, ) on conditions id = 10583 #Mobile-App: Log-id=9675
21:50:20 anka020 Annika Karlsson UPDATING data to tables `time2vie_cirruscommon`.`secondary_login` fields ( error ) values (0) on conditions username = anka020 AND company_id = 20
21:50:20 anka020 Annika Karlsson INSERTING data into tables `log_login` fields ( username, ip, browser ) values ( anka020, 188.151.55.22, okhttp/3.9.1 ) => {inserted_id = 9676}
21:50:20 anka020 Annika Karlsson DELETE data from tables `temp_session` on conditions username LIKE anka020
21:50:20 anka020 Annika Karlsson UPDATING data to tables `time2vie_cirruscommon`.`login` fields ( login, last_time ) values (1, 2020-04-10 21:50:20) on conditions username = anka020
21:50:20 anka020 Annika Karlsson UPDATING data to tables `time2vie_cirruscommon`.`secondary_login` fields ( last_login_time ) values (2020-04-10 21:50:20) on conditions username = anka020 AND company_id = 20
21:51:16 hebe001 Helen Bengtsson UPDATING data to tables `timetable` fields ( status ) values (2) on conditions id = 10589 #Mobile-App: Log-id=9675
21:51:16 hebe001 Helen Bengtsson INSERTING data into tables `timetable` fields ( customer, date, time_from, time_to, type, fkkn, comment, alloc_emp, relation_id, employee, status ) values ( tibe002, 2020-04-11, 10.00, 24.00, 0, 1, , hebe001, 10589, hebe001, 1 ) => {inserted_id = 15252} #Mobile-App: Log-id=9675
21:51:16 hebe001 Helen Bengtsson INSERTING data into tables `leave` fields ( group_id, employee, date, time_from, time_to, type, comment, appr_emp, status, no_pay ) values ( 759, vigu002, 2020-04-11, 10, 24, 1, , hebe001, 0, 1 ) => {inserted_id = 1398} #Mobile-App: Log-id=9675
21:51:41 hebe001 Helen Bengtsson UPDATING data to tables `timetable` fields ( status ) values (2) on conditions id = 10590 #Mobile-App: Log-id=9675
21:51:41 hebe001 Helen Bengtsson INSERTING data into tables `timetable` fields ( customer, date, time_from, time_to, type, fkkn, comment, alloc_emp, relation_id, employee, status ) values ( tibe002, 2020-04-12, 0.00, 6.30, 3, 1, , hebe001, 10590, hebe001, 1 ) => {inserted_id = 15253} #Mobile-App: Log-id=9675
21:51:41 hebe001 Helen Bengtsson INSERTING data into tables `leave` fields ( group_id, employee, date, time_from, time_to, type, comment, appr_emp, status, no_pay ) values ( 760, vigu002, 2020-04-12, 0, 6.3, 1, , hebe001, 0, 1 ) => {inserted_id = 1399} #Mobile-App: Log-id=9675
21:53:07 hebe001 Helen Bengtsson UPDATING data to tables `time2vie_cirruscommon`.`secondary_login` fields ( error ) values (0) on conditions username = hebe001 AND company_id = 20
21:53:07 hebe001 Helen Bengtsson INSERTING data into tables `log_login` fields ( username, ip, browser ) values ( hebe001, 193.234.72.96, Time2View/1 CFNetwork/1121.2.2 Darwin/19.3.0 ) => {inserted_id = 9677}
21:53:07 hebe001 Helen Bengtsson DELETE data from tables `temp_session` on conditions username LIKE hebe001
21:53:07 hebe001 Helen Bengtsson UPDATING data to tables `time2vie_cirruscommon`.`login` fields ( login, last_time ) values (1, 2020-04-10 21:53:07) on conditions username = hebe001
21:53:07 hebe001 Helen Bengtsson UPDATING data to tables `time2vie_cirruscommon`.`secondary_login` fields ( last_login_time ) values (2020-04-10 21:53:07) on conditions username = hebe001 AND company_id = 20
21:53:51 hebe001 Helen Bengtsson UPDATING data to tables `timetable` fields ( status ) values (2) on conditions id = 10591 #Mobile-App: Log-id=9677
21:53:51 hebe001 Helen Bengtsson INSERTING data into tables `timetable` fields ( customer, date, time_from, time_to, type, fkkn, comment, alloc_emp, relation_id, employee, status ) values ( tibe002, 2020-04-12, 6.30, 10.30, 0, 1, , hebe001, 10591, hebe001, 1 ) => {inserted_id = 15254} #Mobile-App: Log-id=9677
21:53:51 hebe001 Helen Bengtsson INSERTING data into tables `leave` fields ( group_id, employee, date, time_from, time_to, type, comment, appr_emp, status, no_pay ) values ( 761, vigu002, 2020-04-12, 6.3, 10.3, 1, , hebe001, 0, 1 ) => {inserted_id = 1400} #Mobile-App: Log-id=9677
23:04:57 anka020 Annika Karlsson UPDATING data to tables `time2vie_cirruscommon`.`secondary_login` fields ( error ) values (0) on conditions username = anka020 AND company_id = 20
23:04:57 anka020 Annika Karlsson INSERTING data into tables `log_login` fields ( username, ip, browser ) values ( anka020, 188.151.55.22, okhttp/3.9.1 ) => {inserted_id = 9678}
23:04:57 anka020 Annika Karlsson DELETE data from tables `temp_session` on conditions username LIKE anka020
23:04:57 anka020 Annika Karlsson UPDATING data to tables `time2vie_cirruscommon`.`login` fields ( login, last_time ) values (1, 2020-04-10 23:04:57) on conditions username = anka020
23:04:57 anka020 Annika Karlsson UPDATING data to tables `time2vie_cirruscommon`.`secondary_login` fields ( last_login_time ) values (2020-04-10 23:04:57) on conditions username = anka020 AND company_id = 20
23:42:42 time002 Tina Mellgren UPDATING data to tables `time2vie_cirruscommon`.`secondary_login` fields ( error ) values (0) on conditions username = time002 AND company_id = 20
23:42:42 time002 Tina Mellgren INSERTING data into tables `log_login` fields ( username, ip, browser ) values ( time002, 88.129.149.88, Time2View/1 CFNetwork/1121.2.2 Darwin/19.3.0 ) => {inserted_id = 9679}
23:42:42 time002 Tina Mellgren DELETE data from tables `temp_session` on conditions username LIKE time002
23:42:42 time002 Tina Mellgren UPDATING data to tables `time2vie_cirruscommon`.`login` fields ( login, last_time ) values (1, 2020-04-10 23:42:42) on conditions username = time002
23:42:42 time002 Tina Mellgren UPDATING data to tables `time2vie_cirruscommon`.`secondary_login` fields ( last_login_time ) values (2020-04-10 23:42:42) on conditions username = time002 AND company_id = 20
