11:01:30 biwa003 Birgitta Wåhlander INSERTING data into tables `log_login` fields ( username, ip, browser ) values ( biwa003, 185.27.165.66, Mozilla/5.0 (iPad; CPU OS 13_7 like Mac OS X) AppleWebKit/605.1.15 (KHTML, like Gecko) CriOS/85.0.4183.109 Mobile/15E148 Safari/604.1 ) => {inserted_id = 14056}
11:01:30 biwa003 Birgitta Wåhlander DELETE data from tables `temp_session` on conditions username LIKE biwa003
11:01:30 biwa003 Birgitta Wåhlander UPDATING data to tables `time2vie_cirruscommon`.`login` fields ( login, last_time ) values (1, 2020-09-27 11:01:30) on conditions username = biwa003
11:01:30 biwa003 Birgitta Wåhlander UPDATING data to tables `time2vie_cirruscommon`.`secondary_login` fields ( last_login_time ) values (2020-09-27 11:01:30) on conditions username = biwa003 AND company_id = 20
11:01:31 biwa003 Birgitta Wåhlander UPDATING data to tables `time2vie_cirruscommon`.`ws_sessions` fields ( user_id ) values (biwa003) on conditions session_id = p6v6b6ihke3phner6mrsp9b840
11:02:59 biwa003 Birgitta Wåhlander INSERTING data into tables `timetable` fields ( employee, customer, type, date, time_from, time_to, fkkn, status, relation_id, alloc_emp ) values ( anwa006, chwa001, 0, 2020-09-27, 10.30, 11, 1, 1, , biwa003 ) => {inserted_id = 18443}
11:02:59 biwa003 Birgitta Wåhlander UPDATING data to tables `timetable` fields ( time_from ) values (11) on conditions id = 16265
11:03:35 biwa003 Birgitta Wåhlander UPDATING data to tables `timetable` fields ( status ) values (2) on conditions id = 16265
11:03:35 biwa003 Birgitta Wåhlander INSERTING data into tables `timetable` fields ( customer, date, time_from, time_to, type, fkkn, comment, alloc_emp, relation_id, status ) values ( chwa001, 2020-09-27, 11.00, 18.15, 0, 1, , biwa003, 16265, 0 ) => {inserted_id = 18444}
11:03:35 biwa003 Birgitta Wåhlander INSERTING data into tables `leave` fields ( group_id, employee, date, time_from, time_to, type, comment, appr_emp, status, no_pay ) values ( 1115, anwa006, 2020-09-27, 11, 18.15, 1, , biwa003, 1, 0 ) => {inserted_id = 1770}
11:08:19 anka019 Anna Kawalya Westerberg INSERTING data into tables `log_login` fields ( username, ip, browser ) values ( anka019, 94.234.52.212, Mozilla/5.0 (iPhone; CPU iPhone OS 13_7 like Mac OS X) AppleWebKit/605.1.15 (KHTML, like Gecko) Version/13.1.2 Mobile/15E148 Safari/604.1 ) => {inserted_id = 14057}
11:08:19 anka019 Anna Kawalya Westerberg DELETE data from tables `temp_session` on conditions username LIKE anka019
11:08:19 anka019 Anna Kawalya Westerberg UPDATING data to tables `time2vie_cirruscommon`.`login` fields ( login, last_time ) values (1, 2020-09-27 11:08:19) on conditions username = anka019
11:08:19 anka019 Anna Kawalya Westerberg UPDATING data to tables `time2vie_cirruscommon`.`secondary_login` fields ( last_login_time ) values (2020-09-27 11:08:19) on conditions username = anka019 AND company_id = 20
11:08:19 anka019 Anna Kawalya Westerberg UPDATING data to tables `time2vie_cirruscommon`.`ws_sessions` fields ( user_id ) values (anka019) on conditions session_id = 5rmvlkj8tes86bp8ujmihl75q3
11:13:55 biwa003 Birgitta Wåhlander UPDATING data to tables `timetable` fields ( customer, employee, date, time_from, time_to, fkkn, type, status, comment ) values (chwa001, lawa002, 2020-09-27, 11.00, 18.15, 1, 0, 1, ) on conditions id = 18444
11:14:34 biwa003 Birgitta Wåhlander UPDATING data to tables `timetable` fields ( customer, employee, date, time_from, time_to, fkkn, type, status, comment ) values (chwa001, lawa002, 2020-09-27, 11.45, 18.15, 1, 0, 1, ) on conditions id = 18444
13:32:14 biwa003 Birgitta Wåhlander UPDATING data to tables `time2vie_cirruscommon`.`ws_sessions` fields ( user_id ) values (biwa003) on conditions session_id = p6v6b6ihke3phner6mrsp9b840
13:32:43 biwa003 Birgitta Wåhlander UPDATING data to tables `timetable` fields ( customer, employee, date, time_from, time_to, fkkn, type, status, comment ) values (chwa001, lawa002, 2020-09-27, 11.45, 17.45, 1, 0, 1, ) on conditions id = 18444
13:33:00 biwa003 Birgitta Wåhlander UPDATING data to tables `timetable` fields ( customer, employee, date, time_from, time_to, fkkn, type, status, comment ) values (chwa001, mato007, 2020-09-27, 17.30, 24, 1, 0, 1, ) on conditions id = 16266
13:34:22 biwa003 Birgitta Wåhlander INSERTING data into tables `timetable` fields ( employee, customer, fkkn, type, date, time_from, time_to, status, created_status, alloc_emp, comment ) values ( biwa003, chwa001, 1, 0, 2020-09-27, 15, 17.30, 1, , biwa003,  ) => {inserted_id = 18445}
13:34:22 biwa003 Birgitta Wåhlander INSERTING data into tables `memory_slots` fields ( customer, time_from, time_to, type ) values ( chwa001, 15, 17.30, 0 ) => {inserted_id = 369}
13:36:28 biwa003 Birgitta Wåhlander UPDATING data to tables `timetable` fields ( customer, employee, date, time_from, time_to, fkkn, type, status, comment ) values (chwa001, biwa003, 2020-09-21, 21.45, 24, 1, 0, 1, ) on conditions id = 18437
13:36:55 biwa003 Birgitta Wåhlander UPDATING data to tables `timetable` fields ( customer, employee, date, time_from, time_to, fkkn, type, status, comment ) values (chwa001, lawa002, 2020-09-08, 0.00, 3.15, 1, 0, 1, ) on conditions id = 18403
13:41:47 biwa003 Birgitta Wåhlander UPDATING data to tables `timetable` fields ( customer, employee, date, time_from, time_to, fkkn, type, status, comment ) values (chwa001, lawa002, 2020-10-19, 7.00, 15.00, 1, 0, 1, ) on conditions id = 16348
13:42:19 biwa003 Birgitta Wåhlander UPDATING data to tables `timetable` fields ( customer, employee, date, time_from, time_to, fkkn, type, status, comment ) values (chwa001, lawa002, 2020-10-19, 7.00, 15.00, 1, 0, 1, Tracy-byte 13:20) on conditions id = 16348
13:42:51 biwa003 Birgitta Wåhlander UPDATING data to tables `timetable` fields ( customer, employee, date, time_from, time_to, fkkn, type, status, comment ) values (chwa001, emel002, 2020-10-19, 10.30, 18.30, 1, 0, 1, Tracy-byte 13:20) on conditions id = 16349
14:33:31 biwa003 Birgitta Wåhlander INSERTING data into tables `log_login` fields ( username, ip, browser ) values ( biwa003, 94.103.194.75, Mozilla/5.0 (iPad; CPU OS 13_7 like Mac OS X) AppleWebKit/605.1.15 (KHTML, like Gecko) CriOS/85.0.4183.109 Mobile/15E148 Safari/604.1 ) => {inserted_id = 14059}
14:33:31 biwa003 Birgitta Wåhlander DELETE data from tables `temp_session` on conditions username LIKE biwa003
14:33:31 biwa003 Birgitta Wåhlander UPDATING data to tables `time2vie_cirruscommon`.`login` fields ( login, last_time ) values (1, 2020-09-27 14:33:31) on conditions username = biwa003
14:33:31 biwa003 Birgitta Wåhlander UPDATING data to tables `time2vie_cirruscommon`.`secondary_login` fields ( last_login_time ) values (2020-09-27 14:33:31) on conditions username = biwa003 AND company_id = 20
14:33:32 biwa003 Birgitta Wåhlander UPDATING data to tables `time2vie_cirruscommon`.`ws_sessions` fields ( user_id ) values (biwa003) on conditions session_id = aav585b2a3c0o4tudp7hlqqin2
18:45:45 biwa003 Birgitta Wåhlander INSERTING data into tables `log_login` fields ( username, ip, browser ) values ( biwa003, 185.27.165.66, Mozilla/5.0 (iPad; CPU OS 13_7 like Mac OS X) AppleWebKit/605.1.15 (KHTML, like Gecko) CriOS/85.0.4183.109 Mobile/15E148 Safari/604.1 ) => {inserted_id = 14062}
18:45:45 biwa003 Birgitta Wåhlander DELETE data from tables `temp_session` on conditions username LIKE biwa003
18:45:45 biwa003 Birgitta Wåhlander UPDATING data to tables `time2vie_cirruscommon`.`login` fields ( login, last_time ) values (1, 2020-09-27 18:45:45) on conditions username = biwa003
18:45:45 biwa003 Birgitta Wåhlander UPDATING data to tables `time2vie_cirruscommon`.`secondary_login` fields ( last_login_time ) values (2020-09-27 18:45:45) on conditions username = biwa003 AND company_id = 20
18:45:45 biwa003 Birgitta Wåhlander UPDATING data to tables `time2vie_cirruscommon`.`ws_sessions` fields ( user_id ) values (biwa003) on conditions session_id = sr80qd6j6086cb5q44d9mnvr16
18:46:14 biwa003 Birgitta Wåhlander UPDATING data to tables `timetable` fields ( status ) values (2) on conditions id = 16268
18:46:14 biwa003 Birgitta Wåhlander INSERTING data into tables `timetable` fields ( customer, date, time_from, time_to, type, fkkn, comment, alloc_emp, relation_id, status ) values ( chwa001, 2020-09-28, 7.00, 15.00, 0, 1, , biwa003, 16268, 0 ) => {inserted_id = 18446}
18:46:14 biwa003 Birgitta Wåhlander INSERTING data into tables `leave` fields ( group_id, employee, date, time_from, time_to, type, comment, appr_emp, status, no_pay ) values ( 1116, anwa006, 2020-09-28, 7, 15, 1, , biwa003, 1, 0 ) => {inserted_id = 1771}
18:46:30 biwa003 Birgitta Wåhlander UPDATING data to tables `timetable` fields ( customer, employee, date, time_from, time_to, fkkn, type, status, comment ) values (chwa001, liha009, 2020-09-28, 7.00, 15.00, 1, 0, 1, ) on conditions id = 18446
