07:04:32 liha009 Linnéa Handin UPDATING data to tables `time2vie_cirruscommon`.`secondary_login` fields ( error ) values (0) on conditions username = liha009 AND company_id = 20
07:04:32 liha009 Linnéa Handin INSERTING data into tables `log_login` fields ( username, ip, browser ) values ( liha009, 78.69.73.236, Time2View/1 CFNetwork/1126 Darwin/19.5.0 ) => {inserted_id = 11538}
07:04:32 liha009 Linnéa Handin DELETE data from tables `temp_session` on conditions username LIKE liha009
07:04:32 liha009 Linnéa Handin UPDATING data to tables `time2vie_cirruscommon`.`login` fields ( login, last_time ) values (1, 2020-06-18 07:04:32) on conditions username = liha009
07:04:32 liha009 Linnéa Handin UPDATING data to tables `time2vie_cirruscommon`.`secondary_login` fields ( last_login_time ) values (2020-06-18 07:04:32) on conditions username = liha009 AND company_id = 20
07:08:03 biwa003 Birgitta Wåhlander INSERTING data into tables `log_login` fields ( username, ip, browser ) values ( biwa003, 94.103.194.75, Mozilla/5.0 (iPad; CPU OS 13_5 like Mac OS X) AppleWebKit/605.1.15 (KHTML, like Gecko) CriOS/83.0.4103.88 Mobile/15E148 Safari/604.1 ) => {inserted_id = 11539}
07:08:03 biwa003 Birgitta Wåhlander DELETE data from tables `temp_session` on conditions username LIKE biwa003
07:08:03 biwa003 Birgitta Wåhlander UPDATING data to tables `time2vie_cirruscommon`.`login` fields ( login, last_time ) values (1, 2020-06-18 07:08:03) on conditions username = biwa003
07:08:03 biwa003 Birgitta Wåhlander UPDATING data to tables `time2vie_cirruscommon`.`secondary_login` fields ( last_login_time ) values (2020-06-18 07:08:03) on conditions username = biwa003 AND company_id = 20
07:08:03 biwa003 Birgitta Wåhlander UPDATING data to tables `time2vie_cirruscommon`.`ws_sessions` fields ( user_id ) values (biwa003) on conditions session_id = f324c055806a18ed5548c6666b8360e6
07:36:42 biwa003 Birgitta Wåhlander UPDATING data to tables `timetable` fields ( customer, employee, date, time_from, time_to, fkkn, type, status, comment ) values (chwa001, anka019, 2020-06-20, 8.00, 15, 1, 0, 1, ) on conditions id = 12708
07:37:25 biwa003 Birgitta Wåhlander UPDATING data to tables `timetable` fields ( customer, employee, date, time_from, time_to, fkkn, type, status, comment ) values (chwa001, biwa003, 2020-06-20, 15, 18.15, 1, 0, 1, ) on conditions id = 16024
07:38:10 biwa003 Birgitta Wåhlander INSERTING data into tables `timetable` fields ( employee, customer, fkkn, type, date, time_from, time_to, status, created_status, alloc_emp, comment ) values ( lawa002, chwa001, 1, 0, 2020-06-20, 15, 18, 1, , biwa003,  ) => {inserted_id = 16845}
08:00:14 asgr002 Åsa Grimberg UPDATING data to tables `time2vie_cirruscommon`.`secondary_login` fields ( error ) values (0) on conditions username = asgr002 AND company_id = 20
08:00:14 asgr002 Åsa Grimberg INSERTING data into tables `log_login` fields ( username, ip, browser ) values ( asgr002, 78.70.128.102, Time2View/1 CFNetwork/1126 Darwin/19.5.0 ) => {inserted_id = 11540}
08:00:14 asgr002 Åsa Grimberg DELETE data from tables `temp_session` on conditions username LIKE asgr002
08:00:14 asgr002 Åsa Grimberg UPDATING data to tables `time2vie_cirruscommon`.`login` fields ( login, last_time ) values (1, 2020-06-18 08:00:14) on conditions username = asgr002
08:00:14 asgr002 Åsa Grimberg UPDATING data to tables `time2vie_cirruscommon`.`secondary_login` fields ( last_login_time ) values (2020-06-18 08:00:14) on conditions username = asgr002 AND company_id = 20
08:25:50 anka019 Anna Kawalya Westerberg INSERTING data into tables `log_login` fields ( username, ip, browser ) values ( anka019, 81.227.233.45, Mozilla/5.0 (iPhone; CPU iPhone OS 13_4_1 like Mac OS X) AppleWebKit/605.1.15 (KHTML, like Gecko) Version/13.1 Mobile/15E148 Safari/604.1 ) => {inserted_id = 11541}
08:25:50 anka019 Anna Kawalya Westerberg DELETE data from tables `temp_session` on conditions username LIKE anka019
08:25:50 anka019 Anna Kawalya Westerberg UPDATING data to tables `time2vie_cirruscommon`.`login` fields ( login, last_time ) values (1, 2020-06-18 08:25:50) on conditions username = anka019
08:25:50 anka019 Anna Kawalya Westerberg UPDATING data to tables `time2vie_cirruscommon`.`secondary_login` fields ( last_login_time ) values (2020-06-18 08:25:50) on conditions username = anka019 AND company_id = 20
08:25:51 anka019 Anna Kawalya Westerberg UPDATING data to tables `time2vie_cirruscommon`.`ws_sessions` fields ( user_id ) values (anka019) on conditions session_id = a76eeeb820df3d9dfcca589b44881ddf
08:26:28 anka019 Anna Kawalya Westerberg INSERTING data into tables `log_login` fields ( username, ip, browser ) values ( anka019, 81.227.233.45, Mozilla/5.0 (iPhone; CPU iPhone OS 13_4_1 like Mac OS X) AppleWebKit/605.1.15 (KHTML, like Gecko) Version/13.1 Mobile/15E148 Safari/604.1 ) => {inserted_id = 11542}
08:26:28 anka019 Anna Kawalya Westerberg DELETE data from tables `temp_session` on conditions username LIKE anka019
08:26:28 anka019 Anna Kawalya Westerberg UPDATING data to tables `time2vie_cirruscommon`.`login` fields ( login, last_time ) values (1, 2020-06-18 08:26:28) on conditions username = anka019
08:26:28 anka019 Anna Kawalya Westerberg UPDATING data to tables `time2vie_cirruscommon`.`secondary_login` fields ( last_login_time ) values (2020-06-18 08:26:28) on conditions username = anka019 AND company_id = 20
08:26:29 anka019 Anna Kawalya Westerberg UPDATING data to tables `time2vie_cirruscommon`.`ws_sessions` fields ( user_id ) values (anka019) on conditions session_id = a76eeeb820df3d9dfcca589b44881ddf
08:26:35 anka019 Anna Kawalya Westerberg UPDATING data to tables `time2vie_cirruscommon`.`ws_sessions` fields ( user_id ) values (anka019) on conditions session_id = a76eeeb820df3d9dfcca589b44881ddf
09:50:13 jobe008 Joakim Bengtsson UPDATING data to tables `time2vie_cirruscommon`.`secondary_login` fields ( error ) values (0) on conditions username = jobe008 AND company_id = 20
09:50:13 jobe008 Joakim Bengtsson INSERTING data into tables `log_login` fields ( username, ip, browser ) values ( jobe008, 94.103.200.215, okhttp/3.9.1 ) => {inserted_id = 11543}
09:50:13 jobe008 Joakim Bengtsson DELETE data from tables `temp_session` on conditions username LIKE jobe008
09:50:13 jobe008 Joakim Bengtsson UPDATING data to tables `time2vie_cirruscommon`.`login` fields ( login, last_time ) values (1, 2020-06-18 09:50:13) on conditions username = jobe008
09:50:13 jobe008 Joakim Bengtsson UPDATING data to tables `time2vie_cirruscommon`.`secondary_login` fields ( last_login_time ) values (2020-06-18 09:50:13) on conditions username = jobe008 AND company_id = 20
10:06:59 cagu001 Carina Gustafsson UPDATING data to tables `time2vie_cirruscommon`.`secondary_login` fields ( error ) values (0) on conditions username = cagu001 AND company_id = 20
10:06:59 cagu001 Carina Gustafsson INSERTING data into tables `log_login` fields ( username, ip, browser ) values ( cagu001, 176.10.245.4, okhttp/3.9.1 ) => {inserted_id = 11544}
10:06:59 cagu001 Carina Gustafsson DELETE data from tables `temp_session` on conditions username LIKE cagu001
10:06:59 cagu001 Carina Gustafsson UPDATING data to tables `time2vie_cirruscommon`.`login` fields ( login, last_time ) values (1, 2020-06-18 10:06:59) on conditions username = cagu001
10:06:59 cagu001 Carina Gustafsson UPDATING data to tables `time2vie_cirruscommon`.`secondary_login` fields ( last_login_time ) values (2020-06-18 10:06:59) on conditions username = cagu001 AND company_id = 20
10:07:00 time002 Tina Mellgren UPDATING data to tables `time2vie_cirruscommon`.`secondary_login` fields ( error ) values (0) on conditions username = time002 AND company_id = 20
10:07:00 time002 Tina Mellgren INSERTING data into tables `log_login` fields ( username, ip, browser ) values ( time002, 81.228.189.218, Time2View/1 CFNetwork/1126 Darwin/19.5.0 ) => {inserted_id = 11545}
10:07:00 time002 Tina Mellgren DELETE data from tables `temp_session` on conditions username LIKE time002
10:07:00 time002 Tina Mellgren UPDATING data to tables `time2vie_cirruscommon`.`login` fields ( login, last_time ) values (1, 2020-06-18 10:07:00) on conditions username = time002
10:07:00 time002 Tina Mellgren UPDATING data to tables `time2vie_cirruscommon`.`secondary_login` fields ( last_login_time ) values (2020-06-18 10:07:00) on conditions username = time002 AND company_id = 20
10:26:20 hebe001 Helen Bengtsson INSERTING data into tables `log_login` fields ( username, ip, browser ) values ( hebe001, 217.73.108.78, Mozilla/5.0 (Windows NT 10.0; Win64; x64) AppleWebKit/537.36 (KHTML, like Gecko) Chrome/83.0.4103.106 Safari/537.36 ) => {inserted_id = 11546}
10:26:20 hebe001 Helen Bengtsson DELETE data from tables `temp_session` on conditions username LIKE hebe001
10:26:20 hebe001 Helen Bengtsson UPDATING data to tables `time2vie_cirruscommon`.`login` fields ( login, last_time ) values (1, 2020-06-18 10:26:20) on conditions username = hebe001
10:26:20 hebe001 Helen Bengtsson UPDATING data to tables `time2vie_cirruscommon`.`secondary_login` fields ( last_login_time ) values (2020-06-18 10:26:20) on conditions username = hebe001 AND company_id = 20
10:26:20 hebe001 Helen Bengtsson UPDATING data to tables `time2vie_cirruscommon`.`ws_sessions` fields ( user_id ) values (hebe001) on conditions session_id = c7378dfb1d041dd9e5f6b54432612fd5
10:47:46 hebe001 Helen Bengtsson UPDATING data to tables `timetable` fields ( status ) values (2) on conditions id = 10858
10:47:46 hebe001 Helen Bengtsson INSERTING data into tables `timetable` fields ( customer, date, time_from, time_to, type, fkkn, comment, alloc_emp, relation_id, status ) values ( tibe002, 2020-06-23, 8.30, 16.30, 0, 1, , hebe001, 10858, 0 ) => {inserted_id = 16846}
10:47:46 hebe001 Helen Bengtsson INSERTING data into tables `leave` fields ( group_id, employee, date, time_from, time_to, type, comment, appr_emp, status, no_pay ) values ( 952, peka002, 2020-06-23, 8.3, 16.3, 1, , hebe001, 1, 1 ) => {inserted_id = 1604}
11:10:12 hebe001 Helen Bengtsson UPDATING data to tables `timetable` fields ( customer, employee, date, time_from, time_to, fkkn, type, status, comment ) values (tibe002, , 2020-06-23, 9.00, 16.30, 1, 0, 0, ) on conditions id = 16846
11:10:25 hebe001 Helen Bengtsson UPDATING data to tables `timetable` fields ( customer, employee, date, time_from, time_to, fkkn, type, status, comment ) values (tibe002, elbe006, 2020-06-23, 9.00, 16.30, 1, 0, 1, ) on conditions id = 16846
13:31:01 hejo003 Helen Jörnås UPDATING data to tables `time2vie_cirruscommon`.`secondary_login` fields ( error ) values (0) on conditions username = hejo003 AND company_id = 20
13:31:01 hejo003 Helen Jörnås INSERTING data into tables `log_login` fields ( username, ip, browser ) values ( hejo003, 90.224.82.244, okhttp/3.9.1 ) => {inserted_id = 11547}
13:31:01 hejo003 Helen Jörnås DELETE data from tables `temp_session` on conditions username LIKE hejo003
13:31:01 hejo003 Helen Jörnås UPDATING data to tables `time2vie_cirruscommon`.`login` fields ( login, last_time ) values (1, 2020-06-18 13:31:01) on conditions username = hejo003
13:31:01 hejo003 Helen Jörnås UPDATING data to tables `time2vie_cirruscommon`.`secondary_login` fields ( last_login_time ) values (2020-06-18 13:31:01) on conditions username = hejo003 AND company_id = 20
14:11:36 jegr002 Jesper Grundsten UPDATING data to tables `time2vie_cirruscommon`.`secondary_login` fields ( error ) values (0) on conditions username = jegr002 AND company_id = 20
14:11:36 jegr002 Jesper Grundsten INSERTING data into tables `log_login` fields ( username, ip, browser ) values ( jegr002, 94.191.137.149, okhttp/3.9.1 ) => {inserted_id = 11548}
14:11:36 jegr002 Jesper Grundsten DELETE data from tables `temp_session` on conditions username LIKE jegr002
14:11:36 jegr002 Jesper Grundsten UPDATING data to tables `time2vie_cirruscommon`.`login` fields ( login, last_time ) values (1, 2020-06-18 14:11:36) on conditions username = jegr002
14:11:36 jegr002 Jesper Grundsten UPDATING data to tables `time2vie_cirruscommon`.`secondary_login` fields ( last_login_time ) values (2020-06-18 14:11:36) on conditions username = jegr002 AND company_id = 20
15:09:06 anka019 Anna Kawalya Westerberg INSERTING data into tables `log_login` fields ( username, ip, browser ) values ( anka019, 217.212.216.90, Mozilla/5.0 (iPhone; CPU iPhone OS 13_4_1 like Mac OS X) AppleWebKit/605.1.15 (KHTML, like Gecko) Version/13.1 Mobile/15E148 Safari/604.1 ) => {inserted_id = 11549}
15:09:06 anka019 Anna Kawalya Westerberg DELETE data from tables `temp_session` on conditions username LIKE anka019
15:09:06 anka019 Anna Kawalya Westerberg UPDATING data to tables `time2vie_cirruscommon`.`login` fields ( login, last_time ) values (1, 2020-06-18 15:09:06) on conditions username = anka019
15:09:06 anka019 Anna Kawalya Westerberg UPDATING data to tables `time2vie_cirruscommon`.`secondary_login` fields ( last_login_time ) values (2020-06-18 15:09:06) on conditions username = anka019 AND company_id = 20
15:09:07 anka019 Anna Kawalya Westerberg UPDATING data to tables `time2vie_cirruscommon`.`ws_sessions` fields ( user_id ) values (anka019) on conditions session_id = acc26c2c780d403cd481893b51a2ca4e
15:42:02 thca002 Therese Calic UPDATING data to tables `time2vie_cirruscommon`.`secondary_login` fields ( error ) values (0) on conditions username = thca002 AND company_id = 20
15:42:02 thca002 Therese Calic INSERTING data into tables `log_login` fields ( username, ip, browser ) values ( thca002, 217.73.111.127, Time2View/1 CFNetwork/1126 Darwin/19.5.0 ) => {inserted_id = 11550}
15:42:02 thca002 Therese Calic DELETE data from tables `temp_session` on conditions username LIKE thca002
15:42:02 thca002 Therese Calic UPDATING data to tables `time2vie_cirruscommon`.`login` fields ( login, last_time ) values (1, 2020-06-18 15:42:02) on conditions username = thca002
15:42:02 thca002 Therese Calic UPDATING data to tables `time2vie_cirruscommon`.`secondary_login` fields ( last_login_time ) values (2020-06-18 15:42:02) on conditions username = thca002 AND company_id = 20
19:51:52 biwa003 Birgitta Wåhlander INSERTING data into tables `log_login` fields ( username, ip, browser ) values ( biwa003, 185.27.165.66, Mozilla/5.0 (iPad; CPU OS 13_5 like Mac OS X) AppleWebKit/605.1.15 (KHTML, like Gecko) CriOS/83.0.4103.88 Mobile/15E148 Safari/604.1 ) => {inserted_id = 11551}
19:51:52 biwa003 Birgitta Wåhlander DELETE data from tables `temp_session` on conditions username LIKE biwa003
19:51:52 biwa003 Birgitta Wåhlander UPDATING data to tables `time2vie_cirruscommon`.`login` fields ( login, last_time ) values (1, 2020-06-18 19:51:52) on conditions username = biwa003
19:51:52 biwa003 Birgitta Wåhlander UPDATING data to tables `time2vie_cirruscommon`.`secondary_login` fields ( last_login_time ) values (2020-06-18 19:51:52) on conditions username = biwa003 AND company_id = 20
19:51:53 biwa003 Birgitta Wåhlander UPDATING data to tables `time2vie_cirruscommon`.`ws_sessions` fields ( user_id ) values (biwa003) on conditions session_id = 8c05418dee5e31585b51ddb856099597
22:46:52 hejo003 Helen Jörnås UPDATING data to tables `time2vie_cirruscommon`.`secondary_login` fields ( error ) values (0) on conditions username = hejo003 AND company_id = 20
22:46:52 hejo003 Helen Jörnås INSERTING data into tables `log_login` fields ( username, ip, browser ) values ( hejo003, 217.214.151.102, okhttp/3.9.1 ) => {inserted_id = 11552}
22:46:52 hejo003 Helen Jörnås DELETE data from tables `temp_session` on conditions username LIKE hejo003
22:46:52 hejo003 Helen Jörnås UPDATING data to tables `time2vie_cirruscommon`.`login` fields ( login, last_time ) values (1, 2020-06-18 22:46:52) on conditions username = hejo003
22:46:52 hejo003 Helen Jörnås UPDATING data to tables `time2vie_cirruscommon`.`secondary_login` fields ( last_login_time ) values (2020-06-18 22:46:52) on conditions username = hejo003 AND company_id = 20
22:54:21 hebe001 Helen Bengtsson UPDATING data to tables `time2vie_cirruscommon`.`secondary_login` fields ( error ) values (0) on conditions username = hebe001 AND company_id = 20
22:54:21 hebe001 Helen Bengtsson INSERTING data into tables `log_login` fields ( username, ip, browser ) values ( hebe001, 193.234.72.96, Time2View/1 CFNetwork/1125.2 Darwin/19.4.0 ) => {inserted_id = 11553}
22:54:21 hebe001 Helen Bengtsson DELETE data from tables `temp_session` on conditions username LIKE hebe001
22:54:21 hebe001 Helen Bengtsson UPDATING data to tables `time2vie_cirruscommon`.`login` fields ( login, last_time ) values (1, 2020-06-18 22:54:21) on conditions username = hebe001
22:54:21 hebe001 Helen Bengtsson UPDATING data to tables `time2vie_cirruscommon`.`secondary_login` fields ( last_login_time ) values (2020-06-18 22:54:21) on conditions username = hebe001 AND company_id = 20
23:20:19 anka019 Anna Kawalya Westerberg INSERTING data into tables `log_login` fields ( username, ip, browser ) values ( anka019, 94.103.194.75, Mozilla/5.0 (iPhone; CPU iPhone OS 13_4_1 like Mac OS X) AppleWebKit/605.1.15 (KHTML, like Gecko) Version/13.1 Mobile/15E148 Safari/604.1 ) => {inserted_id = 11554}
23:20:19 anka019 Anna Kawalya Westerberg DELETE data from tables `temp_session` on conditions username LIKE anka019
23:20:19 anka019 Anna Kawalya Westerberg UPDATING data to tables `time2vie_cirruscommon`.`login` fields ( login, last_time ) values (1, 2020-06-18 23:20:19) on conditions username = anka019
23:20:19 anka019 Anna Kawalya Westerberg UPDATING data to tables `time2vie_cirruscommon`.`secondary_login` fields ( last_login_time ) values (2020-06-18 23:20:19) on conditions username = anka019 AND company_id = 20
23:20:20 anka019 Anna Kawalya Westerberg UPDATING data to tables `time2vie_cirruscommon`.`ws_sessions` fields ( user_id ) values (anka019) on conditions session_id = 5e241e710eab7f57f8c5edad416499d3
