06:40:11 idah001 Ida-Caroline Ahnström UPDATING data to tables `time2vie_cirruscommon`.`secondary_login` fields ( error ) values (0) on conditions username = idah001 AND company_id = 20
06:40:11 idah001 Ida-Caroline Ahnström INSERTING data into tables `log_login` fields ( username, ip, browser ) values ( idah001, 94.103.194.75, Time2View/1 CFNetwork/1209 Darwin/20.2.0 ) => {inserted_id = 17826}
06:40:11 idah001 Ida-Caroline Ahnström DELETE data from tables `temp_session` on conditions username LIKE idah001
06:40:11 idah001 Ida-Caroline Ahnström UPDATING data to tables `time2vie_cirruscommon`.`login` fields ( login, last_time ) values (1, 2021-02-03 06:40:11) on conditions username = idah001
06:40:11 idah001 Ida-Caroline Ahnström UPDATING data to tables `time2vie_cirruscommon`.`secondary_login` fields ( last_login_time ) values (2021-02-03 06:40:11) on conditions username = idah001 AND company_id = 20
06:40:26 biwa003 Birgitta Wåhlander INSERTING data into tables `log_login` fields ( username, ip, browser ) values ( biwa003, 94.103.194.75, Mozilla/5.0 (iPad; CPU OS 14_3 like Mac OS X) AppleWebKit/605.1.15 (KHTML, like Gecko) CriOS/87.0.4280.77 Mobile/15E148 Safari/604.1 ) => {inserted_id = 17827}
06:40:26 biwa003 Birgitta Wåhlander DELETE data from tables `temp_session` on conditions username LIKE biwa003
06:40:26 biwa003 Birgitta Wåhlander UPDATING data to tables `time2vie_cirruscommon`.`login` fields ( login, last_time ) values (1, 2021-02-03 06:40:26) on conditions username = biwa003
06:40:26 biwa003 Birgitta Wåhlander UPDATING data to tables `time2vie_cirruscommon`.`secondary_login` fields ( last_login_time ) values (2021-02-03 06:40:26) on conditions username = biwa003 AND company_id = 20
06:40:27 biwa003 Birgitta Wåhlander UPDATING data to tables `time2vie_cirruscommon`.`ws_sessions` fields ( user_id ) values (biwa003) on conditions session_id = kn5m55ba3nukmfo6to7hnbuee0
07:26:54 emsa005 Emma Särnblom UPDATING data to tables `time2vie_cirruscommon`.`secondary_login` fields ( error ) values (0) on conditions username = emsa005 AND company_id = 20
07:26:54 emsa005 Emma Särnblom INSERTING data into tables `log_login` fields ( username, ip, browser ) values ( emsa005, 83.185.83.163, Time2View/1 CFNetwork/1209 Darwin/20.2.0 ) => {inserted_id = 17828}
07:26:54 emsa005 Emma Särnblom DELETE data from tables `temp_session` on conditions username LIKE emsa005
07:26:54 emsa005 Emma Särnblom UPDATING data to tables `time2vie_cirruscommon`.`login` fields ( login, last_time ) values (1, 2021-02-03 07:26:54) on conditions username = emsa005
07:26:54 emsa005 Emma Särnblom UPDATING data to tables `time2vie_cirruscommon`.`secondary_login` fields ( last_login_time ) values (2021-02-03 07:26:54) on conditions username = emsa005 AND company_id = 20
07:42:30 emel002 Emma Eliasson UPDATING data to tables `time2vie_cirruscommon`.`secondary_login` fields ( error ) values (0) on conditions username = emel002 AND company_id = 20
07:42:30 emel002 Emma Eliasson INSERTING data into tables `log_login` fields ( username, ip, browser ) values ( emel002, 90.227.104.18, Time2View/1 CFNetwork/1128.0.1 Darwin/19.6.0 ) => {inserted_id = 17829}
07:42:30 emel002 Emma Eliasson DELETE data from tables `temp_session` on conditions username LIKE emel002
07:42:30 emel002 Emma Eliasson UPDATING data to tables `time2vie_cirruscommon`.`login` fields ( login, last_time ) values (1, 2021-02-03 07:42:30) on conditions username = emel002
07:42:30 emel002 Emma Eliasson UPDATING data to tables `time2vie_cirruscommon`.`secondary_login` fields ( last_login_time ) values (2021-02-03 07:42:30) on conditions username = emel002 AND company_id = 20
09:08:12 peka002 Petronella Karlsson UPDATING data to tables `time2vie_cirruscommon`.`secondary_login` fields ( error ) values (0) on conditions username = peka002 AND company_id = 20
09:08:12 peka002 Petronella Karlsson INSERTING data into tables `log_login` fields ( username, ip, browser ) values ( peka002, 81.235.252.200, Time2View/1 CFNetwork/1209 Darwin/20.2.0 ) => {inserted_id = 17830}
09:08:12 peka002 Petronella Karlsson DELETE data from tables `temp_session` on conditions username LIKE peka002
09:08:12 peka002 Petronella Karlsson UPDATING data to tables `time2vie_cirruscommon`.`login` fields ( login, last_time ) values (1, 2021-02-03 09:08:12) on conditions username = peka002
09:08:12 peka002 Petronella Karlsson UPDATING data to tables `time2vie_cirruscommon`.`secondary_login` fields ( last_login_time ) values (2021-02-03 09:08:12) on conditions username = peka002 AND company_id = 20
09:46:30 jobe008 Joakim Bengtsson UPDATING data to tables `time2vie_cirruscommon`.`secondary_login` fields ( error ) values (0) on conditions username = jobe008 AND company_id = 20
09:46:30 jobe008 Joakim Bengtsson INSERTING data into tables `log_login` fields ( username, ip, browser ) values ( jobe008, 94.103.207.122, okhttp/3.12.1 ) => {inserted_id = 17831}
09:46:30 jobe008 Joakim Bengtsson DELETE data from tables `temp_session` on conditions username LIKE jobe008
09:46:30 jobe008 Joakim Bengtsson UPDATING data to tables `time2vie_cirruscommon`.`login` fields ( login, last_time ) values (1, 2021-02-03 09:46:30) on conditions username = jobe008
09:46:30 jobe008 Joakim Bengtsson UPDATING data to tables `time2vie_cirruscommon`.`secondary_login` fields ( last_login_time ) values (2021-02-03 09:46:30) on conditions username = jobe008 AND company_id = 20
09:47:08 jobe008 Joakim Bengtsson UPDATING data to tables `timetable` fields ( status ) values (2) on conditions id = 19709 #Mobile-App: Log-id=17831
09:47:08 jobe008 Joakim Bengtsson INSERTING data into tables `timetable` fields ( customer, date, time_from, time_to, type, fkkn, comment, alloc_emp, relation_id, status ) values ( jebe002, 2021-02-03, 8.45, 22.00, 0, 1, , jobe008, 19709, 0 ) => {inserted_id = 22535} #Mobile-App: Log-id=17831
09:47:08 jobe008 Joakim Bengtsson INSERTING data into tables `leave` fields ( group_id, employee, date, time_from, time_to, type, comment, appr_emp, status, no_pay ) values ( 1321, maka018, 2021-02-03, 8.45, 22, 1, , jobe008, 0, 1 ) => {inserted_id = 2029} #Mobile-App: Log-id=17831
09:47:15 jobe008 Joakim Bengtsson UPDATING data to tables `timetable` fields ( status ) values (2) on conditions id = 19710 #Mobile-App: Log-id=17831
09:47:15 jobe008 Joakim Bengtsson INSERTING data into tables `timetable` fields ( customer, date, time_from, time_to, type, fkkn, comment, alloc_emp, relation_id, status ) values ( jebe002, 2021-02-03, 22.00, 24.00, 3, 1, , jobe008, 19710, 0 ) => {inserted_id = 22536} #Mobile-App: Log-id=17831
09:47:15 jobe008 Joakim Bengtsson INSERTING data into tables `leave` fields ( group_id, employee, date, time_from, time_to, type, comment, appr_emp, status, no_pay ) values ( 1322, maka018, 2021-02-03, 22, 24, 1, , jobe008, 0, 1 ) => {inserted_id = 2030} #Mobile-App: Log-id=17831
09:47:37 jobe008 Joakim Bengtsson UPDATING data to tables `timetable` fields ( status ) values (2) on conditions id = 19711 #Mobile-App: Log-id=17831
09:47:37 jobe008 Joakim Bengtsson INSERTING data into tables `timetable` fields ( customer, date, time_from, time_to, type, fkkn, comment, alloc_emp, relation_id, status ) values ( jebe002, 2021-02-04, 0.00, 6.00, 3, 1, , jobe008, 19711, 0 ) => {inserted_id = 22537} #Mobile-App: Log-id=17831
09:47:37 jobe008 Joakim Bengtsson INSERTING data into tables `leave` fields ( group_id, employee, date, time_from, time_to, type, comment, appr_emp, status, no_pay ) values ( 1323, maka018, 2021-02-04, 0, 6, 1, , jobe008, 0, 1 ) => {inserted_id = 2031} #Mobile-App: Log-id=17831
09:47:53 jobe008 Joakim Bengtsson UPDATING data to tables `timetable` fields ( status ) values (2) on conditions id = 19712 #Mobile-App: Log-id=17831
09:47:53 jobe008 Joakim Bengtsson INSERTING data into tables `timetable` fields ( customer, date, time_from, time_to, type, fkkn, comment, alloc_emp, relation_id, status ) values ( jebe002, 2021-02-04, 6.00, 9.00, 0, 1, , jobe008, 19712, 0 ) => {inserted_id = 22538} #Mobile-App: Log-id=17831
09:47:53 jobe008 Joakim Bengtsson INSERTING data into tables `leave` fields ( group_id, employee, date, time_from, time_to, type, comment, appr_emp, status, no_pay ) values ( 1324, maka018, 2021-02-04, 6, 9, 1, , jobe008, 0, 1 ) => {inserted_id = 2032} #Mobile-App: Log-id=17831
09:48:24 jobe008 Joakim Bengtsson UPDATING data to tables `timetable` fields ( customer, employee, date, time_from, time_to, fkkn, type, status, comment ) values (jebe002, anja007, 2021-02-04, 6.00, 9.00, 1, 0, 1, ) on conditions id = 22538 #Mobile-App: Log-id=17831
09:48:58 jobe008 Joakim Bengtsson UPDATING data to tables `timetable` fields ( customer, employee, date, time_from, time_to, fkkn, type, status, comment ) values (jebe002, anja007, 2021-02-04, 0.00, 6.00, 1, 3, 1, ) on conditions id = 22537 #Mobile-App: Log-id=17831
09:49:34 jobe008 Joakim Bengtsson UPDATING data to tables `timetable` fields ( customer, employee, date, time_from, time_to, fkkn, type, status, comment ) values (jebe002, anja007, 2021-02-03, 22.00, 24, 1, 3, 1, ) on conditions id = 22536 #Mobile-App: Log-id=17831
09:50:30 jobe008 Joakim Bengtsson UPDATING data to tables `timetable` fields ( customer, employee, date, time_from, time_to, fkkn, type, status, comment ) values (jebe002, anja007, 2021-02-03, 8.45, 15.30, 1, 0, 1, ) on conditions id = 22535 #Mobile-App: Log-id=17831
09:51:30 jobe008 Joakim Bengtsson INSERTING data into tables `timetable` fields ( employee, customer, fkkn, type, date, time_from, time_to, status, created_status, alloc_emp, comment ) values ( jobe008, jebe002, 1, 0, 2021-02-03, 15.30, 22.00, 1, , jobe008,  ) => {inserted_id = 22539} #Mobile-App: Log-id=17831
09:53:59 jobe008 Joakim Bengtsson UPDATING data to tables `timetable` fields ( customer, employee, date, time_from, time_to, fkkn, type, status, comment ) values (jebe002, jobe008, 2021-02-03, 22.00, 24, 1, 3, 1, ) on conditions id = 22536 #Mobile-App: Log-id=17831
09:54:12 jobe008 Joakim Bengtsson UPDATING data to tables `timetable` fields ( customer, employee, date, time_from, time_to, fkkn, type, status, comment ) values (jebe002, jobe008, 2021-02-04, 0.00, 6.00, 1, 3, 1, ) on conditions id = 22537 #Mobile-App: Log-id=17831
09:54:34 jobe008 Joakim Bengtsson UPDATING data to tables `timetable` fields ( customer, employee, date, time_from, time_to, fkkn, type, status, comment ) values (jebe002, jobe008, 2021-02-04, 6.00, 9.00, 1, 0, 1, ) on conditions id = 22538 #Mobile-App: Log-id=17831
10:07:21 biwa003 Birgitta Wåhlander UPDATING data to tables `timetable` fields ( status ) values (2) on conditions id = 16763
10:07:21 biwa003 Birgitta Wåhlander INSERTING data into tables `timetable` fields ( customer, date, time_from, time_to, type, fkkn, comment, alloc_emp, relation_id, status ) values ( chwa001, 2021-02-03, 10.30, 18.15, 0, 1, , biwa003, 16763, 0 ) => {inserted_id = 22540}
10:07:21 biwa003 Birgitta Wåhlander INSERTING data into tables `leave` fields ( group_id, employee, date, time_from, time_to, type, comment, appr_emp, status, no_pay ) values ( 1325, emel002, 2021-02-03, 10.3, 18.15, 1, , biwa003, 1, 0 ) => {inserted_id = 2033}
10:22:20 anka019 Anna Kawalya Westerberg INSERTING data into tables `log_login` fields ( username, ip, browser ) values ( anka019, 81.225.19.212, Mozilla/5.0 (iPhone; CPU iPhone OS 14_3 like Mac OS X) AppleWebKit/605.1.15 (KHTML, like Gecko) Version/14.0.2 Mobile/15E148 Safari/604.1 ) => {inserted_id = 17832}
10:22:20 anka019 Anna Kawalya Westerberg DELETE data from tables `temp_session` on conditions username LIKE anka019
10:22:20 anka019 Anna Kawalya Westerberg UPDATING data to tables `time2vie_cirruscommon`.`login` fields ( login, last_time ) values (1, 2021-02-03 10:22:20) on conditions username = anka019
10:22:20 anka019 Anna Kawalya Westerberg UPDATING data to tables `time2vie_cirruscommon`.`secondary_login` fields ( last_login_time ) values (2021-02-03 10:22:20) on conditions username = anka019 AND company_id = 20
10:22:20 anka019 Anna Kawalya Westerberg UPDATING data to tables `time2vie_cirruscommon`.`ws_sessions` fields ( user_id ) values (anka019) on conditions session_id = cak0n4b33uqkk81f2le0tjr5f1
10:28:33 biwa003 Birgitta Wåhlander UPDATING data to tables `timetable` fields ( customer, employee, date, time_from, time_to, fkkn, type, status, comment ) values (chwa001, mato007, 2021-02-03, 10.30, 18.15, 1, 0, 1, ) on conditions id = 22540
10:32:08 anwa006 Andréas Wallin UPDATING data to tables `time2vie_cirruscommon`.`secondary_login` fields ( error ) values (0) on conditions username = anwa006 AND company_id = 20
10:32:08 anwa006 Andréas Wallin INSERTING data into tables `log_login` fields ( username, ip, browser ) values ( anwa006, 94.103.194.75, okhttp/3.12.1 ) => {inserted_id = 17833}
10:32:08 anwa006 Andréas Wallin DELETE data from tables `temp_session` on conditions username LIKE anwa006
10:32:08 anwa006 Andréas Wallin UPDATING data to tables `time2vie_cirruscommon`.`login` fields ( login, last_time ) values (1, 2021-02-03 10:32:08) on conditions username = anwa006
10:32:08 anwa006 Andréas Wallin UPDATING data to tables `time2vie_cirruscommon`.`secondary_login` fields ( last_login_time ) values (2021-02-03 10:32:08) on conditions username = anwa006 AND company_id = 20
10:46:51 biwa003 Birgitta Wåhlander UPDATING data to tables `timetable` fields ( customer, employee, date, time_from, time_to, fkkn, type, status, comment ) values (chwa001, anwa006, 2021-02-22, 7.00, 15.00, 1, 0, 1, Trachbyte 13:20) on conditions id = 21718
10:47:17 biwa003 Birgitta Wåhlander UPDATING data to tables `timetable` fields ( customer, employee, date, time_from, time_to, fkkn, type, status, comment ) values (chwa001, emel002, 2021-02-22, 10.30, 18.30, 1, 0, 1, Trachbyte kl 13:20) on conditions id = 21719
11:03:56 emel002 Emma Eliasson UPDATING data to tables `time2vie_cirruscommon`.`secondary_login` fields ( error ) values (0) on conditions username = emel002 AND company_id = 20
11:03:56 emel002 Emma Eliasson INSERTING data into tables `log_login` fields ( username, ip, browser ) values ( emel002, 90.235.103.70, Time2View/1 CFNetwork/1128.0.1 Darwin/19.6.0 ) => {inserted_id = 17834}
11:03:56 emel002 Emma Eliasson DELETE data from tables `temp_session` on conditions username LIKE emel002
11:03:56 emel002 Emma Eliasson UPDATING data to tables `time2vie_cirruscommon`.`login` fields ( login, last_time ) values (1, 2021-02-03 11:03:56) on conditions username = emel002
11:03:56 emel002 Emma Eliasson UPDATING data to tables `time2vie_cirruscommon`.`secondary_login` fields ( last_login_time ) values (2021-02-03 11:03:56) on conditions username = emel002 AND company_id = 20
11:10:41 hebe001 Helen Bengtsson UPDATING data to tables `time2vie_cirruscommon`.`secondary_login` fields ( error ) values (0) on conditions username = hebe001 AND company_id = 20
11:10:41 hebe001 Helen Bengtsson INSERTING data into tables `log_login` fields ( username, ip, browser ) values ( hebe001, 94.191.152.207, Time2View/1 CFNetwork/1209 Darwin/20.2.0 ) => {inserted_id = 17835}
11:10:41 hebe001 Helen Bengtsson DELETE data from tables `temp_session` on conditions username LIKE hebe001
11:10:41 hebe001 Helen Bengtsson UPDATING data to tables `time2vie_cirruscommon`.`login` fields ( login, last_time ) values (1, 2021-02-03 11:10:41) on conditions username = hebe001
11:10:41 hebe001 Helen Bengtsson UPDATING data to tables `time2vie_cirruscommon`.`secondary_login` fields ( last_login_time ) values (2021-02-03 11:10:41) on conditions username = hebe001 AND company_id = 20
11:31:08 biwa003 Birgitta Wåhlander INSERTING data into tables `log_login` fields ( username, ip, browser ) values ( biwa003, 94.103.207.116, Mozilla/5.0 (iPad; CPU OS 14_3 like Mac OS X) AppleWebKit/605.1.15 (KHTML, like Gecko) CriOS/87.0.4280.77 Mobile/15E148 Safari/604.1 ) => {inserted_id = 17836}
11:31:08 biwa003 Birgitta Wåhlander DELETE data from tables `temp_session` on conditions username LIKE biwa003
11:31:08 biwa003 Birgitta Wåhlander UPDATING data to tables `time2vie_cirruscommon`.`login` fields ( login, last_time ) values (1, 2021-02-03 11:31:08) on conditions username = biwa003
11:31:08 biwa003 Birgitta Wåhlander UPDATING data to tables `time2vie_cirruscommon`.`secondary_login` fields ( last_login_time ) values (2021-02-03 11:31:08) on conditions username = biwa003 AND company_id = 20
11:31:08 biwa003 Birgitta Wåhlander UPDATING data to tables `time2vie_cirruscommon`.`ws_sessions` fields ( user_id ) values (biwa003) on conditions session_id = i036u4mq77e06fv0ftr8cdf9m2
11:31:21 biwa003 Birgitta Wåhlander INSERTING data into tables `mc_leave` fields ( leave_id, leave_status, read_users ) values ( 1323, 0, biwa003 ), ( 1324, 0, biwa003 ), ( 1321, 0, biwa003 ), ( 1322, 0, biwa003 ) => {inserted_id = 431}
11:31:38 biwa003 Birgitta Wåhlander UPDATING data to tables `time2vie_cirruscommon`.`ws_sessions` fields ( user_id ) values (biwa003) on conditions session_id = i036u4mq77e06fv0ftr8cdf9m2
11:34:11 anka019 Anna Kawalya Westerberg INSERTING data into tables `log_login` fields ( username, ip, browser ) values ( anka019, 81.225.19.212, Mozilla/5.0 (iPhone; CPU iPhone OS 14_3 like Mac OS X) AppleWebKit/605.1.15 (KHTML, like Gecko) Version/14.0.2 Mobile/15E148 Safari/604.1 ) => {inserted_id = 17837}
11:34:11 anka019 Anna Kawalya Westerberg DELETE data from tables `temp_session` on conditions username LIKE anka019
11:34:11 anka019 Anna Kawalya Westerberg UPDATING data to tables `time2vie_cirruscommon`.`login` fields ( login, last_time ) values (1, 2021-02-03 11:34:11) on conditions username = anka019
11:34:11 anka019 Anna Kawalya Westerberg UPDATING data to tables `time2vie_cirruscommon`.`secondary_login` fields ( last_login_time ) values (2021-02-03 11:34:11) on conditions username = anka019 AND company_id = 20
11:34:11 anka019 Anna Kawalya Westerberg UPDATING data to tables `time2vie_cirruscommon`.`ws_sessions` fields ( user_id ) values (anka019) on conditions session_id = 196affn5kgdr49c4au52oqdf87
12:42:29 emel002 Emma Eliasson UPDATING data to tables `time2vie_cirruscommon`.`secondary_login` fields ( error ) values (0) on conditions username = emel002 AND company_id = 20
12:42:29 emel002 Emma Eliasson INSERTING data into tables `log_login` fields ( username, ip, browser ) values ( emel002, 90.235.103.70, Time2View/1 CFNetwork/1128.0.1 Darwin/19.6.0 ) => {inserted_id = 17839}
12:42:29 emel002 Emma Eliasson DELETE data from tables `temp_session` on conditions username LIKE emel002
12:42:29 emel002 Emma Eliasson UPDATING data to tables `time2vie_cirruscommon`.`login` fields ( login, last_time ) values (1, 2021-02-03 12:42:29) on conditions username = emel002
12:42:29 emel002 Emma Eliasson UPDATING data to tables `time2vie_cirruscommon`.`secondary_login` fields ( last_login_time ) values (2021-02-03 12:42:29) on conditions username = emel002 AND company_id = 20
13:14:15 anka019 Anna Kawalya Westerberg INSERTING data into tables `log_login` fields ( username, ip, browser ) values ( anka019, 81.225.19.212, Mozilla/5.0 (iPhone; CPU iPhone OS 14_4 like Mac OS X) AppleWebKit/605.1.15 (KHTML, like Gecko) Version/14.0.3 Mobile/15E148 Safari/604.1 ) => {inserted_id = 17840}
13:14:15 anka019 Anna Kawalya Westerberg DELETE data from tables `temp_session` on conditions username LIKE anka019
13:14:15 anka019 Anna Kawalya Westerberg UPDATING data to tables `time2vie_cirruscommon`.`login` fields ( login, last_time ) values (1, 2021-02-03 13:14:15) on conditions username = anka019
13:14:15 anka019 Anna Kawalya Westerberg UPDATING data to tables `time2vie_cirruscommon`.`secondary_login` fields ( last_login_time ) values (2021-02-03 13:14:15) on conditions username = anka019 AND company_id = 20
13:14:15 anka019 Anna Kawalya Westerberg UPDATING data to tables `time2vie_cirruscommon`.`ws_sessions` fields ( user_id ) values (anka019) on conditions session_id = tbirbgir3vclp68qipvrfc1tq5
13:59:35 peka002 Petronella Karlsson UPDATING data to tables `time2vie_cirruscommon`.`secondary_login` fields ( error ) values (0) on conditions username = peka002 AND company_id = 20
13:59:35 peka002 Petronella Karlsson INSERTING data into tables `log_login` fields ( username, ip, browser ) values ( peka002, 81.235.252.200, Time2View/1 CFNetwork/1209 Darwin/20.2.0 ) => {inserted_id = 17841}
13:59:35 peka002 Petronella Karlsson DELETE data from tables `temp_session` on conditions username LIKE peka002
13:59:35 peka002 Petronella Karlsson UPDATING data to tables `time2vie_cirruscommon`.`login` fields ( login, last_time ) values (1, 2021-02-03 13:59:35) on conditions username = peka002
13:59:35 peka002 Petronella Karlsson UPDATING data to tables `time2vie_cirruscommon`.`secondary_login` fields ( last_login_time ) values (2021-02-03 13:59:35) on conditions username = peka002 AND company_id = 20
14:33:24 ella003 Elin Larsson UPDATING data to tables `time2vie_cirruscommon`.`secondary_login` fields ( error ) values (0) on conditions username = ella003 AND company_id = 20
14:33:24 ella003 Elin Larsson INSERTING data into tables `log_login` fields ( username, ip, browser ) values ( ella003, 94.234.45.241, Time2View/1 CFNetwork/1209 Darwin/20.2.0 ) => {inserted_id = 17842}
14:33:24 ella003 Elin Larsson DELETE data from tables `temp_session` on conditions username LIKE ella003
14:33:24 ella003 Elin Larsson UPDATING data to tables `time2vie_cirruscommon`.`login` fields ( login, last_time ) values (1, 2021-02-03 14:33:24) on conditions username = ella003
14:33:24 ella003 Elin Larsson UPDATING data to tables `time2vie_cirruscommon`.`secondary_login` fields ( last_login_time ) values (2021-02-03 14:33:24) on conditions username = ella003 AND company_id = 20
14:44:34 emsa005 Emma Särnblom UPDATING data to tables `time2vie_cirruscommon`.`secondary_login` fields ( error ) values (0) on conditions username = emsa005 AND company_id = 20
14:44:34 emsa005 Emma Särnblom INSERTING data into tables `log_login` fields ( username, ip, browser ) values ( emsa005, 88.129.149.88, Time2View/1 CFNetwork/1209 Darwin/20.2.0 ) => {inserted_id = 17843}
14:44:34 emsa005 Emma Särnblom DELETE data from tables `temp_session` on conditions username LIKE emsa005
14:44:34 emsa005 Emma Särnblom UPDATING data to tables `time2vie_cirruscommon`.`login` fields ( login, last_time ) values (1, 2021-02-03 14:44:34) on conditions username = emsa005
14:44:34 emsa005 Emma Särnblom UPDATING data to tables `time2vie_cirruscommon`.`secondary_login` fields ( last_login_time ) values (2021-02-03 14:44:34) on conditions username = emsa005 AND company_id = 20
16:48:11 biwa003 Birgitta Wåhlander INSERTING data into tables `log_login` fields ( username, ip, browser ) values ( biwa003, 94.103.207.116, Mozilla/5.0 (iPad; CPU OS 14_3 like Mac OS X) AppleWebKit/605.1.15 (KHTML, like Gecko) CriOS/87.0.4280.77 Mobile/15E148 Safari/604.1 ) => {inserted_id = 17844}
16:48:11 biwa003 Birgitta Wåhlander DELETE data from tables `temp_session` on conditions username LIKE biwa003
16:48:11 biwa003 Birgitta Wåhlander UPDATING data to tables `time2vie_cirruscommon`.`login` fields ( login, last_time ) values (1, 2021-02-03 16:48:11) on conditions username = biwa003
16:48:11 biwa003 Birgitta Wåhlander UPDATING data to tables `time2vie_cirruscommon`.`secondary_login` fields ( last_login_time ) values (2021-02-03 16:48:11) on conditions username = biwa003 AND company_id = 20
16:48:11 biwa003 Birgitta Wåhlander UPDATING data to tables `time2vie_cirruscommon`.`ws_sessions` fields ( user_id ) values (biwa003) on conditions session_id = is3pi5a9rcqg871a0u0v7mh6l3
17:16:12 biwa003 Birgitta Wåhlander INSERTING data into tables `log_login` fields ( username, ip, browser ) values ( biwa003, 94.103.207.116, Mozilla/5.0 (iPad; CPU OS 14_3 like Mac OS X) AppleWebKit/605.1.15 (KHTML, like Gecko) CriOS/87.0.4280.77 Mobile/15E148 Safari/604.1 ) => {inserted_id = 17845}
17:16:12 biwa003 Birgitta Wåhlander DELETE data from tables `temp_session` on conditions username LIKE biwa003
17:16:12 biwa003 Birgitta Wåhlander UPDATING data to tables `time2vie_cirruscommon`.`login` fields ( login, last_time ) values (1, 2021-02-03 17:16:12) on conditions username = biwa003
17:16:12 biwa003 Birgitta Wåhlander UPDATING data to tables `time2vie_cirruscommon`.`secondary_login` fields ( last_login_time ) values (2021-02-03 17:16:12) on conditions username = biwa003 AND company_id = 20
17:16:12 biwa003 Birgitta Wåhlander UPDATING data to tables `time2vie_cirruscommon`.`ws_sessions` fields ( user_id ) values (biwa003) on conditions session_id = 7co661efoe34mbuckp954rcdf6
17:19:27 biwa003 Birgitta Wåhlander UPDATING data to tables `timetable` fields ( status ) values (2) on conditions id = 16767
17:19:27 biwa003 Birgitta Wåhlander INSERTING data into tables `timetable` fields ( customer, date, time_from, time_to, type, fkkn, comment, alloc_emp, relation_id, status ) values ( chwa001, 2021-02-04, 10.30, 18.15, 0, 1, , biwa003, 16767, 0 ) => {inserted_id = 22541}
17:19:27 biwa003 Birgitta Wåhlander INSERTING data into tables `leave` fields ( group_id, employee, date, time_from, time_to, type, comment, appr_emp, status, no_pay ) values ( 1326, emel002, 2021-02-04, 10.3, 18.15, 1, , biwa003, 1, 0 ) => {inserted_id = 2034}
17:27:20 emsa005 Emma Särnblom UPDATING data to tables `time2vie_cirruscommon`.`secondary_login` fields ( error ) values (0) on conditions username = emsa005 AND company_id = 20
17:27:20 emsa005 Emma Särnblom INSERTING data into tables `log_login` fields ( username, ip, browser ) values ( emsa005, 88.129.149.88, Time2View/1 CFNetwork/1209 Darwin/20.2.0 ) => {inserted_id = 17846}
17:27:20 emsa005 Emma Särnblom DELETE data from tables `temp_session` on conditions username LIKE emsa005
17:27:20 emsa005 Emma Särnblom UPDATING data to tables `time2vie_cirruscommon`.`login` fields ( login, last_time ) values (1, 2021-02-03 17:27:20) on conditions username = emsa005
17:27:20 emsa005 Emma Särnblom UPDATING data to tables `time2vie_cirruscommon`.`secondary_login` fields ( last_login_time ) values (2021-02-03 17:27:20) on conditions username = emsa005 AND company_id = 20
17:46:40 jobe008 Joakim Bengtsson UPDATING data to tables `time2vie_cirruscommon`.`secondary_login` fields ( error ) values (0) on conditions username = jobe008 AND company_id = 20
17:46:40 jobe008 Joakim Bengtsson INSERTING data into tables `log_login` fields ( username, ip, browser ) values ( jobe008, 217.73.111.23, okhttp/3.12.1 ) => {inserted_id = 17847}
17:46:40 jobe008 Joakim Bengtsson DELETE data from tables `temp_session` on conditions username LIKE jobe008
17:46:40 jobe008 Joakim Bengtsson UPDATING data to tables `time2vie_cirruscommon`.`login` fields ( login, last_time ) values (1, 2021-02-03 17:46:40) on conditions username = jobe008
17:46:40 jobe008 Joakim Bengtsson UPDATING data to tables `time2vie_cirruscommon`.`secondary_login` fields ( last_login_time ) values (2021-02-03 17:46:40) on conditions username = jobe008 AND company_id = 20
18:10:20 jobe008 Joakim Bengtsson UPDATING data to tables `timetable` fields ( status ) values (2) on conditions id = 20938 #Mobile-App: Log-id=17847
18:10:20 jobe008 Joakim Bengtsson INSERTING data into tables `timetable` fields ( customer, date, time_from, time_to, type, fkkn, comment, alloc_emp, relation_id, employee, status ) values ( jebe002, 2021-02-08, 15.00, 22.00, 0, 1, , jobe008, 20938, anja007, 1 ) => {inserted_id = 22542} #Mobile-App: Log-id=17847
18:10:20 jobe008 Joakim Bengtsson INSERTING data into tables `leave` fields ( group_id, employee, date, time_from, time_to, type, comment, appr_emp, status, no_pay ) values ( 1327, mace003, 2021-02-08, 15, 22, 1, , jobe008, 0, 1 ) => {inserted_id = 2035} #Mobile-App: Log-id=17847
18:11:24 jobe008 Joakim Bengtsson UPDATING data to tables `leave` fields ( status, appr_emp, appr_date ) values (2, jobe008, 2021-02-03 18:11:24) on conditions group_id = 1327 #Mobile-App: Log-id=17847
18:11:24 jobe008 Joakim Bengtsson DELETE data from tables `leave` on conditions group_id = 1327 #Mobile-App: Log-id=17847
18:11:24 jobe008 Joakim Bengtsson UPDATING data to tables `timetable` fields ( status ) values (1) on conditions (id IN ( '20938' )) AND customer is NOT NULL AND customer !=  #Mobile-App: Log-id=17847
18:11:24 jobe008 Joakim Bengtsson UPDATING data to tables `timetable` fields ( status ) values (0) on conditions (id IN ( '20938' )) AND (customer is NULL OR customer = ) #Mobile-App: Log-id=17847
18:11:24 jobe008 Joakim Bengtsson DELETE data from tables `timetable` on conditions relation_id = 20938 #Mobile-App: Log-id=17847
18:11:59 jobe008 Joakim Bengtsson UPDATING data to tables `timetable` fields ( status ) values (2) on conditions id = 19713 #Mobile-App: Log-id=17847
18:11:59 jobe008 Joakim Bengtsson INSERTING data into tables `timetable` fields ( customer, date, time_from, time_to, type, fkkn, comment, alloc_emp, relation_id, employee, status ) values ( jebe002, 2021-02-04, 15.00, 22.00, 0, 1, , jobe008, 19713, anja007, 1 ) => {inserted_id = 22543} #Mobile-App: Log-id=17847
18:11:59 jobe008 Joakim Bengtsson INSERTING data into tables `leave` fields ( group_id, employee, date, time_from, time_to, type, comment, appr_emp, status, no_pay ) values ( 1327, mace003, 2021-02-04, 15, 22, 1, , jobe008, 0, 1 ) => {inserted_id = 2036} #Mobile-App: Log-id=17847
18:12:17 jobe008 Joakim Bengtsson UPDATING data to tables `timetable` fields ( status ) values (2) on conditions id = 19714 #Mobile-App: Log-id=17847
18:12:17 jobe008 Joakim Bengtsson INSERTING data into tables `timetable` fields ( customer, date, time_from, time_to, type, fkkn, comment, alloc_emp, relation_id, employee, status ) values ( jebe002, 2021-02-04, 22.00, 24.00, 3, 1, , jobe008, 19714, anja007, 1 ) => {inserted_id = 22544} #Mobile-App: Log-id=17847
18:12:17 jobe008 Joakim Bengtsson INSERTING data into tables `leave` fields ( group_id, employee, date, time_from, time_to, type, comment, appr_emp, status, no_pay ) values ( 1328, mace003, 2021-02-04, 22, 24, 1, , jobe008, 0, 1 ) => {inserted_id = 2037} #Mobile-App: Log-id=17847
18:13:00 jobe008 Joakim Bengtsson UPDATING data to tables `timetable` fields ( status ) values (2) on conditions id = 19715 #Mobile-App: Log-id=17847
18:13:00 jobe008 Joakim Bengtsson INSERTING data into tables `timetable` fields ( customer, date, time_from, time_to, type, fkkn, comment, alloc_emp, relation_id, employee, status ) values ( jebe002, 2021-02-05, 0.00, 6.00, 3, 1, , jobe008, 19715, anja007, 1 ) => {inserted_id = 22545} #Mobile-App: Log-id=17847
18:13:00 jobe008 Joakim Bengtsson INSERTING data into tables `leave` fields ( group_id, employee, date, time_from, time_to, type, comment, appr_emp, status, no_pay ) values ( 1329, mace003, 2021-02-05, 0, 6, 1, , jobe008, 0, 1 ) => {inserted_id = 2038} #Mobile-App: Log-id=17847
18:13:15 jobe008 Joakim Bengtsson UPDATING data to tables `timetable` fields ( status ) values (2) on conditions id = 19716 #Mobile-App: Log-id=17847
18:13:15 jobe008 Joakim Bengtsson INSERTING data into tables `timetable` fields ( customer, date, time_from, time_to, type, fkkn, comment, alloc_emp, relation_id, employee, status ) values ( jebe002, 2021-02-05, 6.00, 9.00, 0, 1, , jobe008, 19716, anja007, 1 ) => {inserted_id = 22546} #Mobile-App: Log-id=17847
18:13:15 jobe008 Joakim Bengtsson INSERTING data into tables `leave` fields ( group_id, employee, date, time_from, time_to, type, comment, appr_emp, status, no_pay ) values ( 1330, mace003, 2021-02-05, 6, 9, 1, , jobe008, 0, 1 ) => {inserted_id = 2039} #Mobile-App: Log-id=17847
18:16:36 jobe008 Joakim Bengtsson UPDATING data to tables `timetable` fields ( customer, employee, date, time_from, time_to, fkkn, type, status, comment ) values (jebe002, mace003, 2021-02-13, 12.00, 23.00, 1, 0, 1, ) on conditions id = 20960 #Mobile-App: Log-id=17847
18:16:47 jobe008 Joakim Bengtsson UPDATING data to tables `timetable` fields ( customer, employee, date, time_from, time_to, fkkn, type, status, comment ) values (jebe002, mace003, 2021-02-13, 23.00, 24, 1, 3, 1, ) on conditions id = 20961 #Mobile-App: Log-id=17847
18:16:55 jobe008 Joakim Bengtsson UPDATING data to tables `timetable` fields ( customer, employee, date, time_from, time_to, fkkn, type, status, comment ) values (jebe002, mace003, 2021-02-14, 0.00, 7.00, 1, 3, 1, ) on conditions id = 20962 #Mobile-App: Log-id=17847
18:17:04 jobe008 Joakim Bengtsson UPDATING data to tables `timetable` fields ( customer, employee, date, time_from, time_to, fkkn, type, status, comment ) values (jebe002, mace003, 2021-02-14, 7.00, 14.00, 1, 0, 1, ) on conditions id = 20963 #Mobile-App: Log-id=17847
18:17:36 jobe008 Joakim Bengtsson UPDATING data to tables `timetable` fields ( customer, employee, date, time_from, time_to, fkkn, type, status, comment ) values (jebe002, maka018, 2021-02-27, 12.00, 23.00, 1, 0, 1, ) on conditions id = 21019 #Mobile-App: Log-id=17847
18:17:44 jobe008 Joakim Bengtsson UPDATING data to tables `timetable` fields ( customer, employee, date, time_from, time_to, fkkn, type, status, comment ) values (jebe002, maka018, 2021-02-27, 23.00, 24, 1, 3, 1, ) on conditions id = 21020 #Mobile-App: Log-id=17847
18:17:51 jobe008 Joakim Bengtsson UPDATING data to tables `timetable` fields ( customer, employee, date, time_from, time_to, fkkn, type, status, comment ) values (jebe002, maka018, 2021-02-28, 0.00, 7.00, 1, 3, 1, ) on conditions id = 21021 #Mobile-App: Log-id=17847
18:18:01 jobe008 Joakim Bengtsson UPDATING data to tables `timetable` fields ( customer, employee, date, time_from, time_to, fkkn, type, status, comment ) values (jebe002, maka018, 2021-02-28, 7.00, 14.00, 1, 0, 1, ) on conditions id = 21022 #Mobile-App: Log-id=17847
18:25:29 jobe008 Joakim Bengtsson UPDATING data to tables `timetable` fields ( status ) values (2) on conditions id = 21001 #Mobile-App: Log-id=17847
18:25:29 jobe008 Joakim Bengtsson INSERTING data into tables `timetable` fields ( customer, date, time_from, time_to, type, fkkn, comment, alloc_emp, relation_id, employee, status ) values ( jebe002, 2021-02-23, 8.45, 22.00, 0, 1, , jobe008, 21001, ella003, 1 ) => {inserted_id = 22547} #Mobile-App: Log-id=17847
18:25:29 jobe008 Joakim Bengtsson INSERTING data into tables `leave` fields ( group_id, employee, date, time_from, time_to, type, comment, appr_emp, status, no_pay ) values ( 1331, mace003, 2021-02-23, 8.45, 22, 2, , jobe008, 0, 1 ) => {inserted_id = 2040} #Mobile-App: Log-id=17847
18:26:01 jobe008 Joakim Bengtsson UPDATING data to tables `timetable` fields ( status ) values (2) on conditions id = 21010 #Mobile-App: Log-id=17847
18:26:01 jobe008 Joakim Bengtsson INSERTING data into tables `timetable` fields ( customer, date, time_from, time_to, type, fkkn, comment, alloc_emp, relation_id, employee, status ) values ( jebe002, 2021-02-25, 15.00, 22.00, 0, 1, , jobe008, 21010, ella003, 1 ) => {inserted_id = 22548} #Mobile-App: Log-id=17847
18:26:01 jobe008 Joakim Bengtsson INSERTING data into tables `leave` fields ( group_id, employee, date, time_from, time_to, type, comment, appr_emp, status, no_pay ) values ( 1332, mace003, 2021-02-25, 15, 22, 2, , jobe008, 0, 1 ) => {inserted_id = 2041} #Mobile-App: Log-id=17847
18:27:12 biwa003 Birgitta Wåhlander UPDATING data to tables `timetable` fields ( customer, employee, date, time_from, time_to, fkkn, type, status, comment ) values (chwa001, mato007, 2021-02-04, 7.00, 18.15, 1, 0, 1, ) on conditions id = 16766
18:27:30 biwa003 Birgitta Wåhlander DELETE data from tables `timetable` on conditions id = 22541
20:01:19 emsa005 Emma Särnblom UPDATING data to tables `time2vie_cirruscommon`.`secondary_login` fields ( error ) values (0) on conditions username = emsa005 AND company_id = 20
20:01:19 emsa005 Emma Särnblom INSERTING data into tables `log_login` fields ( username, ip, browser ) values ( emsa005, 88.129.149.88, Time2View/1 CFNetwork/1209 Darwin/20.2.0 ) => {inserted_id = 17848}
20:01:19 emsa005 Emma Särnblom DELETE data from tables `temp_session` on conditions username LIKE emsa005
20:01:19 emsa005 Emma Särnblom UPDATING data to tables `time2vie_cirruscommon`.`login` fields ( login, last_time ) values (1, 2021-02-03 20:01:19) on conditions username = emsa005
20:01:19 emsa005 Emma Särnblom UPDATING data to tables `time2vie_cirruscommon`.`secondary_login` fields ( last_login_time ) values (2021-02-03 20:01:19) on conditions username = emsa005 AND company_id = 20
20:04:27 emel002 Emma Eliasson UPDATING data to tables `time2vie_cirruscommon`.`secondary_login` fields ( error ) values (0) on conditions username = emel002 AND company_id = 20
20:04:27 emel002 Emma Eliasson INSERTING data into tables `log_login` fields ( username, ip, browser ) values ( emel002, 90.227.104.18, Time2View/1 CFNetwork/1128.0.1 Darwin/19.6.0 ) => {inserted_id = 17849}
20:04:27 emel002 Emma Eliasson DELETE data from tables `temp_session` on conditions username LIKE emel002
20:04:27 emel002 Emma Eliasson UPDATING data to tables `time2vie_cirruscommon`.`login` fields ( login, last_time ) values (1, 2021-02-03 20:04:27) on conditions username = emel002
20:04:27 emel002 Emma Eliasson UPDATING data to tables `time2vie_cirruscommon`.`secondary_login` fields ( last_login_time ) values (2021-02-03 20:04:27) on conditions username = emel002 AND company_id = 20
21:33:59 mace003 Marie Cederborg UPDATING data to tables `time2vie_cirruscommon`.`secondary_login` fields ( error ) values (0) on conditions username = mace003 AND company_id = 20
21:33:59 mace003 Marie Cederborg INSERTING data into tables `log_login` fields ( username, ip, browser ) values ( mace003, 79.136.109.240, Time2View/1 CFNetwork/1209 Darwin/20.2.0 ) => {inserted_id = 17850}
21:33:59 mace003 Marie Cederborg DELETE data from tables `temp_session` on conditions username LIKE mace003
21:33:59 mace003 Marie Cederborg UPDATING data to tables `time2vie_cirruscommon`.`login` fields ( login, last_time ) values (1, 2021-02-03 21:33:59) on conditions username = mace003
21:33:59 mace003 Marie Cederborg UPDATING data to tables `time2vie_cirruscommon`.`secondary_login` fields ( last_login_time ) values (2021-02-03 21:33:59) on conditions username = mace003 AND company_id = 20
