01:33:12 ella003 Elin Larsson UPDATING data to tables `time2vie_cirruscommon`.`secondary_login` fields ( error ) values (0) on conditions username = ella003 AND company_id = 20
01:33:12 ella003 Elin Larsson INSERTING data into tables `log_login` fields ( username, ip, browser ) values ( ella003, 81.225.30.164, Time2View/2 CFNetwork/1206 Darwin/20.1.0 ) => {inserted_id = 17124}
01:33:12 ella003 Elin Larsson DELETE data from tables `temp_session` on conditions username LIKE ella003
01:33:12 ella003 Elin Larsson UPDATING data to tables `time2vie_cirruscommon`.`login` fields ( login, last_time ) values (1, 2021-01-09 01:33:12) on conditions username = ella003
01:33:12 ella003 Elin Larsson UPDATING data to tables `time2vie_cirruscommon`.`secondary_login` fields ( last_login_time ) values (2021-01-09 01:33:12) on conditions username = ella003 AND company_id = 20
08:22:06 emsa005 Emma Särnblom UPDATING data to tables `time2vie_cirruscommon`.`secondary_login` fields ( error ) values (0) on conditions username = emsa005 AND company_id = 20
08:22:06 emsa005 Emma Särnblom INSERTING data into tables `log_login` fields ( username, ip, browser ) values ( emsa005, 88.129.149.88, Time2View/2 CFNetwork/1209 Darwin/20.2.0 ) => {inserted_id = 17125}
08:22:06 emsa005 Emma Särnblom DELETE data from tables `temp_session` on conditions username LIKE emsa005
08:22:06 emsa005 Emma Särnblom UPDATING data to tables `time2vie_cirruscommon`.`login` fields ( login, last_time ) values (1, 2021-01-09 08:22:06) on conditions username = emsa005
08:22:06 emsa005 Emma Särnblom UPDATING data to tables `time2vie_cirruscommon`.`secondary_login` fields ( last_login_time ) values (2021-01-09 08:22:06) on conditions username = emsa005 AND company_id = 20
09:07:05 emel002 Emma Eliasson UPDATING data to tables `time2vie_cirruscommon`.`secondary_login` fields ( error ) values (0) on conditions username = emel002 AND company_id = 20
09:07:05 emel002 Emma Eliasson INSERTING data into tables `log_login` fields ( username, ip, browser ) values ( emel002, 90.227.104.18, Time2View/2 CFNetwork/1128.0.1 Darwin/19.6.0 ) => {inserted_id = 17126}
09:07:05 emel002 Emma Eliasson DELETE data from tables `temp_session` on conditions username LIKE emel002
09:07:05 emel002 Emma Eliasson UPDATING data to tables `time2vie_cirruscommon`.`login` fields ( login, last_time ) values (1, 2021-01-09 09:07:05) on conditions username = emel002
09:07:05 emel002 Emma Eliasson UPDATING data to tables `time2vie_cirruscommon`.`secondary_login` fields ( last_login_time ) values (2021-01-09 09:07:05) on conditions username = emel002 AND company_id = 20
12:37:58 ella003 Elin Larsson UPDATING data to tables `time2vie_cirruscommon`.`secondary_login` fields ( error ) values (0) on conditions username = ella003 AND company_id = 20
12:37:58 ella003 Elin Larsson INSERTING data into tables `log_login` fields ( username, ip, browser ) values ( ella003, 94.234.46.87, Time2View/2 CFNetwork/1206 Darwin/20.1.0 ) => {inserted_id = 17128}
12:37:58 ella003 Elin Larsson DELETE data from tables `temp_session` on conditions username LIKE ella003
12:37:58 ella003 Elin Larsson UPDATING data to tables `time2vie_cirruscommon`.`login` fields ( login, last_time ) values (1, 2021-01-09 12:37:58) on conditions username = ella003
12:37:58 ella003 Elin Larsson UPDATING data to tables `time2vie_cirruscommon`.`secondary_login` fields ( last_login_time ) values (2021-01-09 12:37:58) on conditions username = ella003 AND company_id = 20
14:54:00 anka019 Anna Kawalya Westerberg INSERTING data into tables `log_login` fields ( username, ip, browser ) values ( anka019, 81.228.189.223, Mozilla/5.0 (iPhone; CPU iPhone OS 14_2 like Mac OS X) AppleWebKit/605.1.15 (KHTML, like Gecko) Version/14.0.1 Mobile/15E148 Safari/604.1 ) => {inserted_id = 17131}
14:54:00 anka019 Anna Kawalya Westerberg DELETE data from tables `temp_session` on conditions username LIKE anka019
14:54:00 anka019 Anna Kawalya Westerberg UPDATING data to tables `time2vie_cirruscommon`.`login` fields ( login, last_time ) values (1, 2021-01-09 14:54:00) on conditions username = anka019
14:54:00 anka019 Anna Kawalya Westerberg UPDATING data to tables `time2vie_cirruscommon`.`secondary_login` fields ( last_login_time ) values (2021-01-09 14:54:00) on conditions username = anka019 AND company_id = 20
14:54:00 anka019 Anna Kawalya Westerberg UPDATING data to tables `time2vie_cirruscommon`.`ws_sessions` fields ( user_id ) values (anka019) on conditions session_id = q7enso3ln066tquv1jrked4d02
15:19:40 biwa003  DELETE data from tables `temp_session` on conditions username LIKE biwa003
15:19:40 biwa003  UPDATING data to tables `time2vie_cirruscommon`.`login` fields ( login, last_time ) values (0, 2021-01-09 15:19:40) on conditions username = biwa003
15:19:40 biwa003  UPDATING data to tables `time2vie_cirruscommon`.`secondary_login` fields ( last_login_time ) values (2021-01-09 15:19:40) on conditions username = biwa003 AND company_id = 20
15:19:40   UPDATING data to tables `log_login` fields ( logout_time ) values (2021-01-09:14:19:40) on conditions id =  AND username = biwa003
15:20:26 biwa003 Birgitta Wåhlander INSERTING data into tables `log_login` fields ( username, ip, browser ) values ( biwa003, 185.27.165.66, Mozilla/5.0 (iPad; CPU OS 14_2 like Mac OS X) AppleWebKit/605.1.15 (KHTML, like Gecko) CriOS/87.0.4280.77 Mobile/15E148 Safari/604.1 ) => {inserted_id = 17132}
15:20:26 biwa003 Birgitta Wåhlander DELETE data from tables `temp_session` on conditions username LIKE biwa003
15:20:26 biwa003 Birgitta Wåhlander UPDATING data to tables `time2vie_cirruscommon`.`login` fields ( login, last_time ) values (1, 2021-01-09 15:20:26) on conditions username = biwa003
15:20:26 biwa003 Birgitta Wåhlander UPDATING data to tables `time2vie_cirruscommon`.`secondary_login` fields ( last_login_time ) values (2021-01-09 15:20:26) on conditions username = biwa003 AND company_id = 20
15:20:26 biwa003 Birgitta Wåhlander UPDATING data to tables `time2vie_cirruscommon`.`ws_sessions` fields ( user_id ) values (biwa003) on conditions session_id = kb67d95ufdqo021ks8v0h512n5
15:20:49 biwa003 Birgitta Wåhlander UPDATING data to tables `time2vie_cirruscommon`.`ws_sessions` fields ( user_id ) values (biwa003) on conditions session_id = kb67d95ufdqo021ks8v0h512n5
15:55:21 ella003 Elin Larsson UPDATING data to tables `time2vie_cirruscommon`.`secondary_login` fields ( error ) values (0) on conditions username = ella003 AND company_id = 20
15:55:21 ella003 Elin Larsson INSERTING data into tables `log_login` fields ( username, ip, browser ) values ( ella003, 185.27.164.74, Time2View/2 CFNetwork/1206 Darwin/20.1.0 ) => {inserted_id = 17133}
15:55:21 ella003 Elin Larsson DELETE data from tables `temp_session` on conditions username LIKE ella003
15:55:21 ella003 Elin Larsson UPDATING data to tables `time2vie_cirruscommon`.`login` fields ( login, last_time ) values (1, 2021-01-09 15:55:21) on conditions username = ella003
15:55:21 ella003 Elin Larsson UPDATING data to tables `time2vie_cirruscommon`.`secondary_login` fields ( last_login_time ) values (2021-01-09 15:55:21) on conditions username = ella003 AND company_id = 20
16:00:57 loli005 Lovisa Lian UPDATING data to tables `time2vie_cirruscommon`.`secondary_login` fields ( error ) values (0) on conditions username = loli005 AND company_id = 20
16:00:57 loli005 Lovisa Lian INSERTING data into tables `log_login` fields ( username, ip, browser ) values ( loli005, 213.89.68.183, Time2View/2 CFNetwork/1128.0.1 Darwin/19.6.0 ) => {inserted_id = 17134}
16:00:57 loli005 Lovisa Lian DELETE data from tables `temp_session` on conditions username LIKE loli005
16:00:57 loli005 Lovisa Lian UPDATING data to tables `time2vie_cirruscommon`.`login` fields ( login, last_time ) values (1, 2021-01-09 16:00:57) on conditions username = loli005
16:00:57 loli005 Lovisa Lian UPDATING data to tables `time2vie_cirruscommon`.`secondary_login` fields ( last_login_time ) values (2021-01-09 16:00:57) on conditions username = loli005 AND company_id = 20
17:32:05 cagu001 Carina Gustafsson UPDATING data to tables `time2vie_cirruscommon`.`secondary_login` fields ( error ) values (0) on conditions username = cagu001 AND company_id = 20
17:32:05 cagu001 Carina Gustafsson INSERTING data into tables `log_login` fields ( username, ip, browser ) values ( cagu001, 176.10.245.4, okhttp/3.9.1 ) => {inserted_id = 17138}
17:32:05 cagu001 Carina Gustafsson DELETE data from tables `temp_session` on conditions username LIKE cagu001
17:32:05 cagu001 Carina Gustafsson UPDATING data to tables `time2vie_cirruscommon`.`login` fields ( login, last_time ) values (1, 2021-01-09 17:32:05) on conditions username = cagu001
17:32:05 cagu001 Carina Gustafsson UPDATING data to tables `time2vie_cirruscommon`.`secondary_login` fields ( last_login_time ) values (2021-01-09 17:32:05) on conditions username = cagu001 AND company_id = 20
17:33:19 cagu001 Carina Gustafsson UPDATING data to tables `timetable` fields ( status ) values (2) on conditions (status IN ( 0,1 )) AND employee = loli005 AND (date BETWEEN 2021-01-10 AND 2021-01-11) #Mobile-App: Log-id=17138
17:33:19 cagu001 Carina Gustafsson INSERTING data into tables `timetable` fields ( customer, date, time_from, time_to, type, fkkn, status, alloc_emp, relation_id, employee ) values ( mygu001, 2021-01-10, 8.00, 24.00, 0, 1, 1, cagu001, 15725, cagu001 ), ( mygu001, 2021-01-11, 0.00, 6.00, 3, 1, 1, cagu001, 15726, cagu001 ), ( mygu001, 2021-01-11, 6.00, 8.30, 0, 1, 1, cagu001, 15727, cagu001 ) => {inserted_id = 21710} #Mobile-App: Log-id=17138
17:33:19 cagu001 Carina Gustafsson INSERTING data into tables `leave` fields ( group_id, employee, date, time_from, time_to, type, comment, appr_emp, status, no_pay ) values ( 1296, loli005, 2021-01-10, 00.00, 24.00, 1, , cagu001, , 1 ), ( 1296, loli005, 2021-01-11, 00.00, 24.00, 1, , cagu001, , 1 ) => {inserted_id = 2001} #Mobile-App: Log-id=17138
17:34:29 cagu001 Carina Gustafsson UPDATING data to tables `timetable` fields ( customer, employee, date, time_from, time_to, fkkn, type, status, comment ) values (mygu001, asgr002, 2021-01-09, 1.00, 6.00, 1, 3, 1, ) on conditions id = 15720 #Mobile-App: Log-id=17138
17:34:39 anwa006 Andréas Wallin UPDATING data to tables `time2vie_cirruscommon`.`secondary_login` fields ( error ) values (0) on conditions username = anwa006 AND company_id = 20
17:34:39 anwa006 Andréas Wallin INSERTING data into tables `log_login` fields ( username, ip, browser ) values ( anwa006, 98.128.166.99, okhttp/3.9.1 ) => {inserted_id = 17139}
17:34:39 anwa006 Andréas Wallin DELETE data from tables `temp_session` on conditions username LIKE anwa006
17:34:39 anwa006 Andréas Wallin UPDATING data to tables `time2vie_cirruscommon`.`login` fields ( login, last_time ) values (1, 2021-01-09 17:34:39) on conditions username = anwa006
17:34:39 anwa006 Andréas Wallin UPDATING data to tables `time2vie_cirruscommon`.`secondary_login` fields ( last_login_time ) values (2021-01-09 17:34:39) on conditions username = anwa006 AND company_id = 20
17:35:25 cagu001 Carina Gustafsson INSERTING data into tables `timetable` fields ( employee, customer, fkkn, type, date, time_from, time_to, status, created_status, alloc_emp, comment ) values ( asgr002, mygu001, 1, 3, 2021-01-09, 0.00, 1.00, 1, ,  ,  ) => {inserted_id = 21713} #Mobile-App: Log-id=17138
17:35:49 cagu001 Carina Gustafsson UPDATING data to tables `timetable` fields ( customer, employee, date, time_from, time_to, fkkn, type, status, comment ) values (mygu001, asgr002, 2021-01-09, 0.00, 1.00, 1, 0, 1, ) on conditions id = 21713 #Mobile-App: Log-id=17138
18:03:15 nias002 Ninnie Åström UPDATING data to tables `time2vie_cirruscommon`.`secondary_login` fields ( error ) values (0) on conditions username = nias002 AND company_id = 20
18:03:15 nias002 Ninnie Åström INSERTING data into tables `log_login` fields ( username, ip, browser ) values ( nias002, 62.63.240.161, Time2View/2 CFNetwork/1197 Darwin/20.0.0 ) => {inserted_id = 17140}
18:03:15 nias002 Ninnie Åström DELETE data from tables `temp_session` on conditions username LIKE nias002
18:03:15 nias002 Ninnie Åström UPDATING data to tables `time2vie_cirruscommon`.`login` fields ( login, last_time ) values (1, 2021-01-09 18:03:15) on conditions username = nias002
18:03:15 nias002 Ninnie Åström UPDATING data to tables `time2vie_cirruscommon`.`secondary_login` fields ( last_login_time ) values (2021-01-09 18:03:15) on conditions username = nias002 AND company_id = 20
21:33:30 emel002 Emma Eliasson UPDATING data to tables `time2vie_cirruscommon`.`secondary_login` fields ( error ) values (0) on conditions username = emel002 AND company_id = 20
21:33:30 emel002 Emma Eliasson INSERTING data into tables `log_login` fields ( username, ip, browser ) values ( emel002, 90.227.104.18, Time2View/2 CFNetwork/1128.0.1 Darwin/19.6.0 ) => {inserted_id = 17142}
21:33:30 emel002 Emma Eliasson DELETE data from tables `temp_session` on conditions username LIKE emel002
21:33:30 emel002 Emma Eliasson UPDATING data to tables `time2vie_cirruscommon`.`login` fields ( login, last_time ) values (1, 2021-01-09 21:33:30) on conditions username = emel002
21:33:30 emel002 Emma Eliasson UPDATING data to tables `time2vie_cirruscommon`.`secondary_login` fields ( last_login_time ) values (2021-01-09 21:33:30) on conditions username = emel002 AND company_id = 20
22:51:14 thca002 Therese Calic UPDATING data to tables `time2vie_cirruscommon`.`secondary_login` fields ( error ) values (0) on conditions username = thca002 AND company_id = 20
22:51:14 thca002 Therese Calic INSERTING data into tables `log_login` fields ( username, ip, browser ) values ( thca002, 217.73.111.127, Time2View/2 CFNetwork/1206 Darwin/20.1.0 ) => {inserted_id = 17145}
22:51:14 thca002 Therese Calic DELETE data from tables `temp_session` on conditions username LIKE thca002
22:51:14 thca002 Therese Calic UPDATING data to tables `time2vie_cirruscommon`.`login` fields ( login, last_time ) values (1, 2021-01-09 22:51:14) on conditions username = thca002
22:51:14 thca002 Therese Calic UPDATING data to tables `time2vie_cirruscommon`.`secondary_login` fields ( last_login_time ) values (2021-01-09 22:51:14) on conditions username = thca002 AND company_id = 20
23:41:15 peka002 Petronella Karlsson UPDATING data to tables `time2vie_cirruscommon`.`secondary_login` fields ( error ) values (0) on conditions username = peka002 AND company_id = 20
23:41:15 peka002 Petronella Karlsson INSERTING data into tables `log_login` fields ( username, ip, browser ) values ( peka002, 81.235.252.200, Time2View/2 CFNetwork/1206 Darwin/20.1.0 ) => {inserted_id = 17146}
23:41:15 peka002 Petronella Karlsson DELETE data from tables `temp_session` on conditions username LIKE peka002
23:41:15 peka002 Petronella Karlsson UPDATING data to tables `time2vie_cirruscommon`.`login` fields ( login, last_time ) values (1, 2021-01-09 23:41:15) on conditions username = peka002
23:41:15 peka002 Petronella Karlsson UPDATING data to tables `time2vie_cirruscommon`.`secondary_login` fields ( last_login_time ) values (2021-01-09 23:41:15) on conditions username = peka002 AND company_id = 20
23:54:28 emsa005 Emma Särnblom UPDATING data to tables `time2vie_cirruscommon`.`secondary_login` fields ( error ) values (0) on conditions username = emsa005 AND company_id = 20
23:54:28 emsa005 Emma Särnblom INSERTING data into tables `log_login` fields ( username, ip, browser ) values ( emsa005, 88.129.149.88, Time2View/2 CFNetwork/1209 Darwin/20.2.0 ) => {inserted_id = 17147}
23:54:28 emsa005 Emma Särnblom DELETE data from tables `temp_session` on conditions username LIKE emsa005
23:54:28 emsa005 Emma Särnblom UPDATING data to tables `time2vie_cirruscommon`.`login` fields ( login, last_time ) values (1, 2021-01-09 23:54:28) on conditions username = emsa005
23:54:28 emsa005 Emma Särnblom UPDATING data to tables `time2vie_cirruscommon`.`secondary_login` fields ( last_login_time ) values (2021-01-09 23:54:28) on conditions username = emsa005 AND company_id = 20
