06:29:44 mato007 Mattias Torbiörnson UPDATING data to tables `time2vie_cirruscommon`.`secondary_login` fields ( error ) values (0) on conditions username = mato007 AND company_id = 20
06:29:44 mato007 Mattias Torbiörnson INSERTING data into tables `log_login` fields ( username, ip, browser ) values ( mato007, 94.234.43.168, Time2View/1 CFNetwork/1220.1 Darwin/20.3.0 ) => {inserted_id = 17851}
06:29:44 mato007 Mattias Torbiörnson DELETE data from tables `temp_session` on conditions username LIKE mato007
06:29:44 mato007 Mattias Torbiörnson UPDATING data to tables `time2vie_cirruscommon`.`login` fields ( login, last_time ) values (1, 2021-02-04 06:29:44) on conditions username = mato007
06:29:44 mato007 Mattias Torbiörnson UPDATING data to tables `time2vie_cirruscommon`.`secondary_login` fields ( last_login_time ) values (2021-02-04 06:29:44) on conditions username = mato007 AND company_id = 20
07:15:52 emsa005 Emma Särnblom UPDATING data to tables `time2vie_cirruscommon`.`secondary_login` fields ( error ) values (0) on conditions username = emsa005 AND company_id = 20
07:15:52 emsa005 Emma Särnblom INSERTING data into tables `log_login` fields ( username, ip, browser ) values ( emsa005, 88.129.149.88, Time2View/1 CFNetwork/1209 Darwin/20.2.0 ) => {inserted_id = 17852}
07:15:52 emsa005 Emma Särnblom DELETE data from tables `temp_session` on conditions username LIKE emsa005
07:15:52 emsa005 Emma Särnblom UPDATING data to tables `time2vie_cirruscommon`.`login` fields ( login, last_time ) values (1, 2021-02-04 07:15:52) on conditions username = emsa005
07:15:52 emsa005 Emma Särnblom UPDATING data to tables `time2vie_cirruscommon`.`secondary_login` fields ( last_login_time ) values (2021-02-04 07:15:52) on conditions username = emsa005 AND company_id = 20
08:25:33 anwa006 Andréas Wallin UPDATING data to tables `time2vie_cirruscommon`.`secondary_login` fields ( error ) values (0) on conditions username = anwa006 AND company_id = 20
08:25:34 anwa006 Andréas Wallin INSERTING data into tables `log_login` fields ( username, ip, browser ) values ( anwa006, 98.128.166.99, okhttp/3.12.1 ) => {inserted_id = 17853}
08:25:34 anwa006 Andréas Wallin DELETE data from tables `temp_session` on conditions username LIKE anwa006
08:25:34 anwa006 Andréas Wallin UPDATING data to tables `time2vie_cirruscommon`.`login` fields ( login, last_time ) values (1, 2021-02-04 08:25:34) on conditions username = anwa006
08:25:34 anwa006 Andréas Wallin UPDATING data to tables `time2vie_cirruscommon`.`secondary_login` fields ( last_login_time ) values (2021-02-04 08:25:34) on conditions username = anwa006 AND company_id = 20
08:29:11 liha009 Linnéa Handin UPDATING data to tables `time2vie_cirruscommon`.`secondary_login` fields ( error ) values (0) on conditions username = liha009 AND company_id = 20
08:29:11 liha009 Linnéa Handin INSERTING data into tables `log_login` fields ( username, ip, browser ) values ( liha009, 78.69.73.236, Time2View/1 CFNetwork/1209 Darwin/20.2.0 ) => {inserted_id = 17854}
08:29:11 liha009 Linnéa Handin DELETE data from tables `temp_session` on conditions username LIKE liha009
08:29:12 liha009 Linnéa Handin UPDATING data to tables `time2vie_cirruscommon`.`login` fields ( login, last_time ) values (1, 2021-02-04 08:29:11) on conditions username = liha009
08:29:12 liha009 Linnéa Handin UPDATING data to tables `time2vie_cirruscommon`.`secondary_login` fields ( last_login_time ) values (2021-02-04 08:29:11) on conditions username = liha009 AND company_id = 20
08:50:04 cagu001 Carina Gustafsson INSERTING data into tables `log_login` fields ( username, ip, browser ) values ( cagu001, 193.234.72.157, Mozilla/5.0 (Windows NT 10.0; Win64; x64) AppleWebKit/537.36 (KHTML, like Gecko) Chrome/88.0.4324.104 Safari/537.36 ) => {inserted_id = 17855}
08:50:05 cagu001 Carina Gustafsson DELETE data from tables `temp_session` on conditions username LIKE cagu001
08:50:05 cagu001 Carina Gustafsson UPDATING data to tables `time2vie_cirruscommon`.`login` fields ( login, last_time ) values (1, 2021-02-04 08:50:05) on conditions username = cagu001
08:50:05 cagu001 Carina Gustafsson UPDATING data to tables `time2vie_cirruscommon`.`secondary_login` fields ( last_login_time ) values (2021-02-04 08:50:05) on conditions username = cagu001 AND company_id = 20
08:50:07 cagu001 Carina Gustafsson UPDATING data to tables `time2vie_cirruscommon`.`ws_sessions` fields ( user_id ) values (cagu001) on conditions session_id = 65k0747jpjtj1uk8alq5t45as4
08:53:40 emel002 Emma Eliasson UPDATING data to tables `time2vie_cirruscommon`.`secondary_login` fields ( error ) values (0) on conditions username = emel002 AND company_id = 20
08:53:40 emel002 Emma Eliasson INSERTING data into tables `log_login` fields ( username, ip, browser ) values ( emel002, 90.235.103.70, Time2View/1 CFNetwork/1128.0.1 Darwin/19.6.0 ) => {inserted_id = 17856}
08:53:40 emel002 Emma Eliasson DELETE data from tables `temp_session` on conditions username LIKE emel002
08:53:40 emel002 Emma Eliasson UPDATING data to tables `time2vie_cirruscommon`.`login` fields ( login, last_time ) values (1, 2021-02-04 08:53:40) on conditions username = emel002
08:53:40 emel002 Emma Eliasson UPDATING data to tables `time2vie_cirruscommon`.`secondary_login` fields ( last_login_time ) values (2021-02-04 08:53:40) on conditions username = emel002 AND company_id = 20
09:15:41 cagu001 Carina Gustafsson UPDATING data to tables `time2vie_cirruscommon`.`ws_sessions` fields ( user_id ) values (cagu001) on conditions session_id = 65k0747jpjtj1uk8alq5t45as4
09:39:20 biwa003 Birgitta Wåhlander INSERTING data into tables `log_login` fields ( username, ip, browser ) values ( biwa003, 193.234.72.157, Mozilla/5.0 (Windows NT 10.0; Win64; x64) AppleWebKit/537.36 (KHTML, like Gecko) Chrome/88.0.4324.104 Safari/537.36 ) => {inserted_id = 17857}
09:39:20 biwa003 Birgitta Wåhlander DELETE data from tables `temp_session` on conditions username LIKE biwa003
09:39:20 biwa003 Birgitta Wåhlander UPDATING data to tables `time2vie_cirruscommon`.`login` fields ( login, last_time ) values (1, 2021-02-04 09:39:20) on conditions username = biwa003
09:39:20 biwa003 Birgitta Wåhlander UPDATING data to tables `time2vie_cirruscommon`.`secondary_login` fields ( last_login_time ) values (2021-02-04 09:39:20) on conditions username = biwa003 AND company_id = 20
09:39:20 biwa003 Birgitta Wåhlander UPDATING data to tables `time2vie_cirruscommon`.`ws_sessions` fields ( user_id ) values (biwa003) on conditions session_id = 3b6sf51hh334s54509qaviv2r3
09:40:20 biwa003 Birgitta Wåhlander INSERTING data into tables `mc_leave` fields ( leave_id, leave_status, read_users ) values ( 1332, 0, biwa003 ), ( 1331, 0, biwa003 ), ( 1329, 0, biwa003 ), ( 1330, 0, biwa003 ), ( 1327, 0, biwa003 ), ( 1328, 0, biwa003 ) => {inserted_id = 435}
09:40:55 biwa003 Birgitta Wåhlander UPDATING data to tables `time2vie_cirruscommon`.`ws_sessions` fields ( user_id ) values (biwa003) on conditions session_id = 3b6sf51hh334s54509qaviv2r3
09:42:47 cagu001 Carina Gustafsson UPDATING data to tables `mc_leave` fields ( read_users ) values (biwa003,cagu001) on conditions leave_id = 1332
09:42:47 cagu001 Carina Gustafsson UPDATING data to tables `mc_leave` fields ( read_users ) values (biwa003,cagu001) on conditions leave_id = 1331
09:42:47 cagu001 Carina Gustafsson UPDATING data to tables `mc_leave` fields ( read_users ) values (biwa003,cagu001) on conditions leave_id = 1329
09:42:47 cagu001 Carina Gustafsson UPDATING data to tables `mc_leave` fields ( read_users ) values (biwa003,cagu001) on conditions leave_id = 1330
09:42:47 cagu001 Carina Gustafsson UPDATING data to tables `mc_leave` fields ( read_users ) values (biwa003,cagu001) on conditions leave_id = 1323
09:42:48 cagu001 Carina Gustafsson UPDATING data to tables `mc_leave` fields ( read_users ) values (biwa003,cagu001) on conditions leave_id = 1324
09:42:48 cagu001 Carina Gustafsson UPDATING data to tables `mc_leave` fields ( read_users ) values (biwa003,cagu001) on conditions leave_id = 1327
09:42:48 cagu001 Carina Gustafsson UPDATING data to tables `mc_leave` fields ( read_users ) values (biwa003,cagu001) on conditions leave_id = 1328
09:42:48 cagu001 Carina Gustafsson UPDATING data to tables `mc_leave` fields ( read_users ) values (biwa003,cagu001) on conditions leave_id = 1321
09:42:48 cagu001 Carina Gustafsson UPDATING data to tables `mc_leave` fields ( read_users ) values (biwa003,cagu001) on conditions leave_id = 1322
09:44:31 cagu001 Carina Gustafsson UPDATING data to tables `leave` fields ( status, appr_emp, appr_date ) values (1, cagu001, 2021-02-04 09:44:31) on conditions group_id = 1332
09:44:37 cagu001 Carina Gustafsson UPDATING data to tables `leave` fields ( status, appr_emp, appr_date ) values (1, cagu001, 2021-02-04 09:44:37) on conditions group_id = 1331
09:44:43 cagu001 Carina Gustafsson UPDATING data to tables `leave` fields ( status, appr_emp, appr_date ) values (1, cagu001, 2021-02-04 09:44:43) on conditions group_id = 1329
09:44:48 cagu001 Carina Gustafsson UPDATING data to tables `leave` fields ( status, appr_emp, appr_date ) values (1, cagu001, 2021-02-04 09:44:48) on conditions group_id = 1330
09:44:53 cagu001 Carina Gustafsson UPDATING data to tables `leave` fields ( status, appr_emp, appr_date ) values (1, cagu001, 2021-02-04 09:44:53) on conditions group_id = 1323
09:44:59 cagu001 Carina Gustafsson UPDATING data to tables `leave` fields ( status, appr_emp, appr_date ) values (1, cagu001, 2021-02-04 09:44:59) on conditions group_id = 1324
09:45:05 cagu001 Carina Gustafsson UPDATING data to tables `leave` fields ( status, appr_emp, appr_date ) values (1, cagu001, 2021-02-04 09:45:05) on conditions group_id = 1327
09:45:11 cagu001 Carina Gustafsson UPDATING data to tables `leave` fields ( status, appr_emp, appr_date ) values (1, cagu001, 2021-02-04 09:45:11) on conditions group_id = 1328
09:45:17 cagu001 Carina Gustafsson UPDATING data to tables `leave` fields ( status, appr_emp, appr_date ) values (1, cagu001, 2021-02-04 09:45:17) on conditions group_id = 1321
09:45:23 cagu001 Carina Gustafsson UPDATING data to tables `leave` fields ( status, appr_emp, appr_date ) values (1, cagu001, 2021-02-04 09:45:23) on conditions group_id = 1322
09:45:27 cagu001 Carina Gustafsson UPDATING data to tables `time2vie_cirruscommon`.`ws_sessions` fields ( user_id ) values (cagu001) on conditions session_id = 65k0747jpjtj1uk8alq5t45as4
09:49:28 cagu001 Carina Gustafsson UPDATING data to tables `time2vie_cirruscommon`.`ws_sessions` fields ( user_id ) values (cagu001) on conditions session_id = 65k0747jpjtj1uk8alq5t45as4
10:41:32 anka019 Anna Kawalya Westerberg UPDATING data to tables `time2vie_cirruscommon`.`secondary_login` fields ( error ) values (0) on conditions username = anka019 AND company_id = 20
10:41:32 anka019 Anna Kawalya Westerberg INSERTING data into tables `log_login` fields ( username, ip, browser ) values ( anka019, 217.212.216.196, Time2View/1 CFNetwork/1220.1 Darwin/20.3.0 ) => {inserted_id = 17858}
10:41:32 anka019 Anna Kawalya Westerberg DELETE data from tables `temp_session` on conditions username LIKE anka019
10:41:32 anka019 Anna Kawalya Westerberg UPDATING data to tables `time2vie_cirruscommon`.`login` fields ( login, last_time ) values (1, 2021-02-04 10:41:32) on conditions username = anka019
10:41:32 anka019 Anna Kawalya Westerberg UPDATING data to tables `time2vie_cirruscommon`.`secondary_login` fields ( last_login_time ) values (2021-02-04 10:41:32) on conditions username = anka019 AND company_id = 20
10:45:27 lawa002 Lars Wåhlander UPDATING data to tables `time2vie_cirruscommon`.`secondary_login` fields ( error ) values (0) on conditions username = lawa002 AND company_id = 20
10:45:27 lawa002 Lars Wåhlander INSERTING data into tables `log_login` fields ( username, ip, browser ) values ( lawa002, 94.103.207.116, Time2View/1 CFNetwork/1220.1 Darwin/20.3.0 ) => {inserted_id = 17859}
10:45:27 lawa002 Lars Wåhlander DELETE data from tables `temp_session` on conditions username LIKE lawa002
10:45:27 lawa002 Lars Wåhlander UPDATING data to tables `time2vie_cirruscommon`.`login` fields ( login, last_time ) values (1, 2021-02-04 10:45:27) on conditions username = lawa002
10:45:27 lawa002 Lars Wåhlander UPDATING data to tables `time2vie_cirruscommon`.`secondary_login` fields ( last_login_time ) values (2021-02-04 10:45:27) on conditions username = lawa002 AND company_id = 20
12:18:57 emsa005 Emma Särnblom UPDATING data to tables `time2vie_cirruscommon`.`secondary_login` fields ( error ) values (0) on conditions username = emsa005 AND company_id = 20
12:18:57 emsa005 Emma Särnblom INSERTING data into tables `log_login` fields ( username, ip, browser ) values ( emsa005, 98.128.181.106, Time2View/1 CFNetwork/1209 Darwin/20.2.0 ) => {inserted_id = 17860}
12:18:57 emsa005 Emma Särnblom DELETE data from tables `temp_session` on conditions username LIKE emsa005
12:18:57 emsa005 Emma Särnblom UPDATING data to tables `time2vie_cirruscommon`.`login` fields ( login, last_time ) values (1, 2021-02-04 12:18:57) on conditions username = emsa005
12:18:57 emsa005 Emma Särnblom UPDATING data to tables `time2vie_cirruscommon`.`secondary_login` fields ( last_login_time ) values (2021-02-04 12:18:57) on conditions username = emsa005 AND company_id = 20
12:20:17 cagu001 Carina Gustafsson UPDATING data to tables `time2vie_cirruscommon`.`ws_sessions` fields ( user_id ) values (cagu001) on conditions session_id = 65k0747jpjtj1uk8alq5t45as4
12:37:58 jobe008 Joakim Bengtsson UPDATING data to tables `time2vie_cirruscommon`.`secondary_login` fields ( error ) values (0) on conditions username = jobe008 AND company_id = 20
12:37:58 jobe008 Joakim Bengtsson INSERTING data into tables `log_login` fields ( username, ip, browser ) values ( jobe008, 217.73.111.23, okhttp/3.12.1 ) => {inserted_id = 17861}
12:37:58 jobe008 Joakim Bengtsson DELETE data from tables `temp_session` on conditions username LIKE jobe008
12:37:58 jobe008 Joakim Bengtsson UPDATING data to tables `time2vie_cirruscommon`.`login` fields ( login, last_time ) values (1, 2021-02-04 12:37:58) on conditions username = jobe008
12:37:58 jobe008 Joakim Bengtsson UPDATING data to tables `time2vie_cirruscommon`.`secondary_login` fields ( last_login_time ) values (2021-02-04 12:37:58) on conditions username = jobe008 AND company_id = 20
12:44:13 anja007 Annika Jakobsson UPDATING data to tables `time2vie_cirruscommon`.`secondary_login` fields ( error ) values (0) on conditions username = anja007 AND company_id = 20
12:44:13 anja007 Annika Jakobsson INSERTING data into tables `log_login` fields ( username, ip, browser ) values ( anja007, 94.191.136.191, Time2View/1 CFNetwork/1209 Darwin/20.2.0 ) => {inserted_id = 17862}
12:44:13 anja007 Annika Jakobsson DELETE data from tables `temp_session` on conditions username LIKE anja007
12:44:13 anja007 Annika Jakobsson UPDATING data to tables `time2vie_cirruscommon`.`login` fields ( login, last_time ) values (1, 2021-02-04 12:44:13) on conditions username = anja007
12:44:13 anja007 Annika Jakobsson UPDATING data to tables `time2vie_cirruscommon`.`secondary_login` fields ( last_login_time ) values (2021-02-04 12:44:13) on conditions username = anja007 AND company_id = 20
12:45:50 peka002 Petronella Karlsson UPDATING data to tables `time2vie_cirruscommon`.`secondary_login` fields ( error ) values (0) on conditions username = peka002 AND company_id = 20
12:45:50 peka002 Petronella Karlsson INSERTING data into tables `log_login` fields ( username, ip, browser ) values ( peka002, 90.235.64.168, Time2View/1 CFNetwork/1209 Darwin/20.2.0 ) => {inserted_id = 17863}
12:45:50 peka002 Petronella Karlsson DELETE data from tables `temp_session` on conditions username LIKE peka002
12:45:50 peka002 Petronella Karlsson UPDATING data to tables `time2vie_cirruscommon`.`login` fields ( login, last_time ) values (1, 2021-02-04 12:45:50) on conditions username = peka002
12:45:50 peka002 Petronella Karlsson UPDATING data to tables `time2vie_cirruscommon`.`secondary_login` fields ( last_login_time ) values (2021-02-04 12:45:50) on conditions username = peka002 AND company_id = 20
12:46:11 anja007 Annika Jakobsson UPDATING data to tables `time2vie_cirruscommon`.`secondary_login` fields ( error ) values (0) on conditions username = anja007 AND company_id = 20
12:46:11 anja007 Annika Jakobsson INSERTING data into tables `log_login` fields ( username, ip, browser ) values ( anja007, 94.191.136.191, Time2View/1 CFNetwork/1209 Darwin/20.2.0 ) => {inserted_id = 17864}
12:46:11 anja007 Annika Jakobsson DELETE data from tables `temp_session` on conditions username LIKE anja007
12:46:11 anja007 Annika Jakobsson UPDATING data to tables `time2vie_cirruscommon`.`login` fields ( login, last_time ) values (1, 2021-02-04 12:46:11) on conditions username = anja007
12:46:11 anja007 Annika Jakobsson UPDATING data to tables `time2vie_cirruscommon`.`secondary_login` fields ( last_login_time ) values (2021-02-04 12:46:11) on conditions username = anja007 AND company_id = 20
12:47:18 anwa006 Andréas Wallin UPDATING data to tables `time2vie_cirruscommon`.`secondary_login` fields ( error ) values (0) on conditions username = anwa006 AND company_id = 20
12:47:18 anwa006 Andréas Wallin INSERTING data into tables `log_login` fields ( username, ip, browser ) values ( anwa006, 94.191.152.120, okhttp/3.12.1 ) => {inserted_id = 17865}
12:47:18 anwa006 Andréas Wallin DELETE data from tables `temp_session` on conditions username LIKE anwa006
12:47:18 anwa006 Andréas Wallin UPDATING data to tables `time2vie_cirruscommon`.`login` fields ( login, last_time ) values (1, 2021-02-04 12:47:18) on conditions username = anwa006
12:47:18 anwa006 Andréas Wallin UPDATING data to tables `time2vie_cirruscommon`.`secondary_login` fields ( last_login_time ) values (2021-02-04 12:47:18) on conditions username = anwa006 AND company_id = 20
13:12:28 liha009 Linnéa Handin UPDATING data to tables `time2vie_cirruscommon`.`secondary_login` fields ( error ) values (0) on conditions username = liha009 AND company_id = 20
13:12:28 liha009 Linnéa Handin INSERTING data into tables `log_login` fields ( username, ip, browser ) values ( liha009, 78.69.73.236, Time2View/1 CFNetwork/1209 Darwin/20.2.0 ) => {inserted_id = 17866}
13:12:28 liha009 Linnéa Handin DELETE data from tables `temp_session` on conditions username LIKE liha009
13:12:28 liha009 Linnéa Handin UPDATING data to tables `time2vie_cirruscommon`.`login` fields ( login, last_time ) values (1, 2021-02-04 13:12:28) on conditions username = liha009
13:12:28 liha009 Linnéa Handin UPDATING data to tables `time2vie_cirruscommon`.`secondary_login` fields ( last_login_time ) values (2021-02-04 13:12:28) on conditions username = liha009 AND company_id = 20
13:13:01 idah001 Ida-Caroline Ahnström UPDATING data to tables `time2vie_cirruscommon`.`secondary_login` fields ( error ) values (0) on conditions username = idah001 AND company_id = 20
13:13:01 idah001 Ida-Caroline Ahnström INSERTING data into tables `log_login` fields ( username, ip, browser ) values ( idah001, 151.252.172.171, Time2View/1 CFNetwork/1209 Darwin/20.2.0 ) => {inserted_id = 17867}
13:13:01 idah001 Ida-Caroline Ahnström DELETE data from tables `temp_session` on conditions username LIKE idah001
13:13:01 idah001 Ida-Caroline Ahnström UPDATING data to tables `time2vie_cirruscommon`.`login` fields ( login, last_time ) values (1, 2021-02-04 13:13:01) on conditions username = idah001
13:13:01 idah001 Ida-Caroline Ahnström UPDATING data to tables `time2vie_cirruscommon`.`secondary_login` fields ( last_login_time ) values (2021-02-04 13:13:01) on conditions username = idah001 AND company_id = 20
14:41:06 biwa003 Birgitta Wåhlander INSERTING data into tables `log_login` fields ( username, ip, browser ) values ( biwa003, 193.234.72.157, Mozilla/5.0 (Windows NT 10.0; Win64; x64) AppleWebKit/537.36 (KHTML, like Gecko) Chrome/88.0.4324.104 Safari/537.36 ) => {inserted_id = 17868}
14:41:06 biwa003 Birgitta Wåhlander DELETE data from tables `temp_session` on conditions username LIKE biwa003
14:41:06 biwa003 Birgitta Wåhlander UPDATING data to tables `time2vie_cirruscommon`.`login` fields ( login, last_time ) values (1, 2021-02-04 14:41:06) on conditions username = biwa003
14:41:06 biwa003 Birgitta Wåhlander UPDATING data to tables `time2vie_cirruscommon`.`secondary_login` fields ( last_login_time ) values (2021-02-04 14:41:06) on conditions username = biwa003 AND company_id = 20
14:41:06 biwa003 Birgitta Wåhlander UPDATING data to tables `time2vie_cirruscommon`.`ws_sessions` fields ( user_id ) values (biwa003) on conditions session_id = 3b6sf51hh334s54509qaviv2r3
14:52:43 emel002 Emma Eliasson UPDATING data to tables `time2vie_cirruscommon`.`secondary_login` fields ( error ) values (0) on conditions username = emel002 AND company_id = 20
14:52:43 emel002 Emma Eliasson INSERTING data into tables `log_login` fields ( username, ip, browser ) values ( emel002, 90.227.104.18, Time2View/1 CFNetwork/1128.0.1 Darwin/19.6.0 ) => {inserted_id = 17869}
14:52:43 emel002 Emma Eliasson DELETE data from tables `temp_session` on conditions username LIKE emel002
14:52:43 emel002 Emma Eliasson UPDATING data to tables `time2vie_cirruscommon`.`login` fields ( login, last_time ) values (1, 2021-02-04 14:52:43) on conditions username = emel002
14:52:43 emel002 Emma Eliasson UPDATING data to tables `time2vie_cirruscommon`.`secondary_login` fields ( last_login_time ) values (2021-02-04 14:52:43) on conditions username = emel002 AND company_id = 20
14:58:54 biwa003 Birgitta Wåhlander UPDATING data to tables `time2vie_cirruscommon`.`ws_sessions` fields ( user_id ) values (biwa003) on conditions session_id = 3b6sf51hh334s54509qaviv2r3
15:01:00 biwa003 Birgitta Wåhlander UPDATING data to tables `time2vie_cirruscommon`.`company` fields ( name, logo, org_no, address, city, email, land_code, phone, mobile, website, upload_dir, status, salary_system, zipcode, billing_status, start_day, contact_person1, contact_person2, contact_person1_email, contact_person2_email, weekly_hour, max_daily_hour, monthly_oncall_hour, contract_exceed_check, atl_check, signing_mail, bank_account, fk_kr_per_time, kn_kr_per_time, leave_in_advance, sem_year_start_month, box, inconvenient_on, candg, candg_on, candg_break, apply_max_karens, employee_contract_start_month, employee_contract_period_date, employee_contract_period_length, sort_name_by, vacation_percentage, vacation_percentage_slots, sem_leave_days, vab_leave_days, fp_leave_days, nopay_leave_days, other_leave_days, include_sick, contract_auto_renewal, contract_auto_renewal_mail, include_karense_salary, include_sem_2_14_oncall_salary, fkkn_split, day_light_saving, sick_15_90_oncall, sick_annex_calculation_mode, recovery_pw_by_mobile, mail_send_to_contact_person, min_daily_rest, kfo, karens_full, karens ) values (VARBERGS FAMILJEASSISTANS, Logga.jpg, 7696120109, SVÄRDFISKGATAN, 3, VARBERG, varbergsfamiljeassistans@gmail.com, 46, 34037009, , , Varberg, 1, 1, 432 40, 1, 10.00, Carina, , , , 40, 17, 50, 1, 1, 1, 5309-2961, 315, 315, 0, , , 1, 0, 0, 0, 0, 04, 1, 04, 1, 13.00, 0|6|7|8|10|16, 1, 1, 1, 1, 1, 1, 0, , 0, 0, 0, 1, 0, 2, 1, 0, 7, 0, 1, 1) on conditions id = 20
15:03:48 biwa003 Birgitta Wåhlander UPDATING data to tables `time2vie_cirruscommon`.`ws_sessions` fields ( user_id ) values (biwa003) on conditions session_id = 3b6sf51hh334s54509qaviv2r3
15:15:46 emel002 Emma Eliasson UPDATING data to tables `time2vie_cirruscommon`.`secondary_login` fields ( error ) values (0) on conditions username = emel002 AND company_id = 20
15:15:46 emel002 Emma Eliasson INSERTING data into tables `log_login` fields ( username, ip, browser ) values ( emel002, 90.227.104.18, Time2View/1 CFNetwork/1128.0.1 Darwin/19.6.0 ) => {inserted_id = 17870}
15:15:46 emel002 Emma Eliasson DELETE data from tables `temp_session` on conditions username LIKE emel002
15:15:46 emel002 Emma Eliasson UPDATING data to tables `time2vie_cirruscommon`.`login` fields ( login, last_time ) values (1, 2021-02-04 15:15:46) on conditions username = emel002
15:15:46 emel002 Emma Eliasson UPDATING data to tables `time2vie_cirruscommon`.`secondary_login` fields ( last_login_time ) values (2021-02-04 15:15:46) on conditions username = emel002 AND company_id = 20
15:46:23 anwa006 Andréas Wallin UPDATING data to tables `time2vie_cirruscommon`.`secondary_login` fields ( error ) values (0) on conditions username = anwa006 AND company_id = 20
15:46:24 anwa006 Andréas Wallin INSERTING data into tables `log_login` fields ( username, ip, browser ) values ( anwa006, 98.128.166.99, okhttp/3.12.1 ) => {inserted_id = 17871}
15:46:24 anwa006 Andréas Wallin DELETE data from tables `temp_session` on conditions username LIKE anwa006
15:46:24 anwa006 Andréas Wallin UPDATING data to tables `time2vie_cirruscommon`.`login` fields ( login, last_time ) values (1, 2021-02-04 15:46:24) on conditions username = anwa006
15:46:25 anwa006 Andréas Wallin UPDATING data to tables `time2vie_cirruscommon`.`secondary_login` fields ( last_login_time ) values (2021-02-04 15:46:24) on conditions username = anwa006 AND company_id = 20
15:49:55 ella003 Elin Larsson UPDATING data to tables `time2vie_cirruscommon`.`secondary_login` fields ( error ) values (0) on conditions username = ella003 AND company_id = 20
15:49:56 ella003 Elin Larsson INSERTING data into tables `log_login` fields ( username, ip, browser ) values ( ella003, 81.225.30.164, Time2View/1 CFNetwork/1220.1 Darwin/20.3.0 ) => {inserted_id = 17872}
15:49:56 ella003 Elin Larsson DELETE data from tables `temp_session` on conditions username LIKE ella003
15:49:56 ella003 Elin Larsson UPDATING data to tables `time2vie_cirruscommon`.`login` fields ( login, last_time ) values (1, 2021-02-04 15:49:56) on conditions username = ella003
15:49:56 ella003 Elin Larsson UPDATING data to tables `time2vie_cirruscommon`.`secondary_login` fields ( last_login_time ) values (2021-02-04 15:49:56) on conditions username = ella003 AND company_id = 20
15:50:43 ella003 Elin Larsson UPDATING data to tables `time2vie_cirruscommon`.`secondary_login` fields ( error ) values (0) on conditions username = ella003 AND company_id = 20
15:50:43 ella003 Elin Larsson INSERTING data into tables `log_login` fields ( username, ip, browser ) values ( ella003, 81.225.30.164, Time2View/1 CFNetwork/1220.1 Darwin/20.3.0 ) => {inserted_id = 17873}
15:50:43 ella003 Elin Larsson DELETE data from tables `temp_session` on conditions username LIKE ella003
15:50:43 ella003 Elin Larsson UPDATING data to tables `time2vie_cirruscommon`.`login` fields ( login, last_time ) values (1, 2021-02-04 15:50:43) on conditions username = ella003
15:50:44 ella003 Elin Larsson UPDATING data to tables `time2vie_cirruscommon`.`secondary_login` fields ( last_login_time ) values (2021-02-04 15:50:43) on conditions username = ella003 AND company_id = 20
16:01:11 cagu001 Carina Gustafsson UPDATING data to tables `time2vie_cirruscommon`.`ws_sessions` fields ( user_id ) values (cagu001) on conditions session_id = 65k0747jpjtj1uk8alq5t45as4
16:12:20 biwa003 Birgitta Wåhlander INSERTING data into tables `log_login` fields ( username, ip, browser ) values ( biwa003, 193.234.72.157, Mozilla/5.0 (Windows NT 10.0; Win64; x64) AppleWebKit/537.36 (KHTML, like Gecko) Chrome/88.0.4324.104 Safari/537.36 ) => {inserted_id = 17874}
16:12:20 biwa003 Birgitta Wåhlander DELETE data from tables `temp_session` on conditions username LIKE biwa003
16:12:20 biwa003 Birgitta Wåhlander UPDATING data to tables `time2vie_cirruscommon`.`login` fields ( login, last_time ) values (1, 2021-02-04 16:12:20) on conditions username = biwa003
16:12:20 biwa003 Birgitta Wåhlander UPDATING data to tables `time2vie_cirruscommon`.`secondary_login` fields ( last_login_time ) values (2021-02-04 16:12:20) on conditions username = biwa003 AND company_id = 20
16:12:20 biwa003 Birgitta Wåhlander UPDATING data to tables `time2vie_cirruscommon`.`ws_sessions` fields ( user_id ) values (biwa003) on conditions session_id = 3b6sf51hh334s54509qaviv2r3
16:59:38 cagu001 Carina Gustafsson DELETE data from tables `temp_session` on conditions username LIKE cagu001
16:59:38 cagu001 Carina Gustafsson UPDATING data to tables `time2vie_cirruscommon`.`login` fields ( login, last_time ) values (0, 2021-02-04 16:59:38) on conditions username = cagu001
16:59:38 cagu001 Carina Gustafsson UPDATING data to tables `time2vie_cirruscommon`.`secondary_login` fields ( last_login_time ) values (2021-02-04 16:59:38) on conditions username = cagu001 AND company_id = 20
16:59:38   UPDATING data to tables `log_login` fields ( logout_time ) values (2021-02-04:15:59:38) on conditions id = 17855 AND username = cagu001
17:20:07 jobe008 Joakim Bengtsson UPDATING data to tables `time2vie_cirruscommon`.`secondary_login` fields ( error ) values (0) on conditions username = jobe008 AND company_id = 20
17:20:07 jobe008 Joakim Bengtsson INSERTING data into tables `log_login` fields ( username, ip, browser ) values ( jobe008, 217.73.111.23, okhttp/3.12.1 ) => {inserted_id = 17875}
17:20:07 jobe008 Joakim Bengtsson DELETE data from tables `temp_session` on conditions username LIKE jobe008
17:20:07 jobe008 Joakim Bengtsson UPDATING data to tables `time2vie_cirruscommon`.`login` fields ( login, last_time ) values (1, 2021-02-04 17:20:07) on conditions username = jobe008
17:20:07 jobe008 Joakim Bengtsson UPDATING data to tables `time2vie_cirruscommon`.`secondary_login` fields ( last_login_time ) values (2021-02-04 17:20:07) on conditions username = jobe008 AND company_id = 20
17:21:36 jobe008 Joakim Bengtsson DELETE data from tables `timetable` on conditions id = 21002 #Mobile-App: Log-id=17875
17:21:43 jobe008 Joakim Bengtsson UPDATING data to tables `timetable` fields ( customer, employee, date, time_from, time_to, fkkn, type, status, comment ) values (jebe002, ella003, 2021-02-23, 22.00, 24, 1, 3, 1, ) on conditions id = 21003 #Mobile-App: Log-id=17875
17:21:53 jobe008 Joakim Bengtsson UPDATING data to tables `timetable` fields ( customer, employee, date, time_from, time_to, fkkn, type, status, comment ) values (jebe002, ella003, 2021-02-24, 0.00, 6.00, 1, 3, 1, ) on conditions id = 21004 #Mobile-App: Log-id=17875
17:22:10 jobe008 Joakim Bengtsson UPDATING data to tables `timetable` fields ( customer, employee, date, time_from, time_to, fkkn, type, status, comment ) values (jebe002, ella003, 2021-02-24, 6.00, 9.00, 1, 0, 1, ) on conditions id = 21005 #Mobile-App: Log-id=17875
17:25:52 jobe008 Joakim Bengtsson INSERTING data into tables `timetable` fields ( employee, customer, fkkn, type, date, time_from, time_to, status, created_status, alloc_emp, comment ) values ( anja007, jebe002, 1, 0, 2021-02-28, 18.00, 22.00, 1, , jobe008,  ) => {inserted_id = 22549} #Mobile-App: Log-id=17875
17:29:48 jobe008 Joakim Bengtsson UPDATING data to tables `timetable` fields ( customer, employee, date, time_from, time_to, fkkn, type, status, comment ) values (jebe002, jobe008, 2021-04-04, 12.00, 15.00, 1, 0, 1, ) on conditions id = 21170 #Mobile-App: Log-id=17875
17:30:56 jobe008 Joakim Bengtsson INSERTING data into tables `timetable` fields ( employee, customer, fkkn, type, date, time_from, time_to, status, created_status, alloc_emp, comment ) values ( ella003, jebe002, 1, 0, 2021-04-04, 15.00, 22.00, 1, , jobe008,  ) => {inserted_id = 22550} #Mobile-App: Log-id=17875
17:31:09 jobe008 Joakim Bengtsson UPDATING data to tables `timetable` fields ( customer, employee, date, time_from, time_to, fkkn, type, status, comment ) values (jebe002, ella003, 2021-04-04, 22.00, 24, 1, 3, 1, ) on conditions id = 21171 #Mobile-App: Log-id=17875
17:31:30 jobe008 Joakim Bengtsson UPDATING data to tables `timetable` fields ( customer, employee, date, time_from, time_to, fkkn, type, status, comment ) values (jebe002, ella003, 2021-04-05, 0.00, 6.00, 1, 3, 1, ) on conditions id = 21172 #Mobile-App: Log-id=17875
17:31:56 jobe008 Joakim Bengtsson UPDATING data to tables `timetable` fields ( customer, employee, date, time_from, time_to, fkkn, type, status, comment ) values (jebe002, ella003, 2021-04-05, 6.00, 15.00, 1, 0, 1, ) on conditions id = 21173 #Mobile-App: Log-id=17875
17:34:14 jobe008 Joakim Bengtsson INSERTING data into tables `timetable` fields ( employee, customer, fkkn, type, date, time_from, time_to, status, created_status, alloc_emp, comment ) values ( ella003, jebe002, 1, 0, 2021-05-13, 9.00, 15.00, 1, , jobe008,  ) => {inserted_id = 22551} #Mobile-App: Log-id=17875
17:35:22 jobe008 Joakim Bengtsson UPDATING data to tables `timetable` fields ( customer, employee, date, time_from, time_to, fkkn, type, status, comment ) values (jebe002, anja007, 2021-06-04, 15.00, 23.00, 1, 0, 1, ) on conditions id = 21428 #Mobile-App: Log-id=17875
17:35:29 jobe008 Joakim Bengtsson UPDATING data to tables `timetable` fields ( customer, employee, date, time_from, time_to, fkkn, type, status, comment ) values (jebe002, anja007, 2021-06-04, 23.00, 24, 1, 3, 1, ) on conditions id = 21429 #Mobile-App: Log-id=17875
17:35:36 jobe008 Joakim Bengtsson UPDATING data to tables `timetable` fields ( customer, employee, date, time_from, time_to, fkkn, type, status, comment ) values (jebe002, anja007, 2021-06-05, 0.00, 7.00, 1, 3, 1, ) on conditions id = 21430 #Mobile-App: Log-id=17875
17:35:45 jobe008 Joakim Bengtsson UPDATING data to tables `timetable` fields ( customer, employee, date, time_from, time_to, fkkn, type, status, comment ) values (jebe002, anja007, 2021-06-05, 7.00, 12.15, 1, 0, 1, ) on conditions id = 21431 #Mobile-App: Log-id=17875
17:36:33 jobe008 Joakim Bengtsson UPDATING data to tables `timetable` fields ( customer, employee, date, time_from, time_to, fkkn, type, status, comment ) values (jebe002, anja007, 2021-06-06, 13.45, 22.00, 1, 0, 1, ) on conditions id = 21436 #Mobile-App: Log-id=17875
17:36:41 jobe008 Joakim Bengtsson UPDATING data to tables `timetable` fields ( customer, employee, date, time_from, time_to, fkkn, type, status, comment ) values (jebe002, anja007, 2021-06-06, 22.00, 24, 1, 3, 1, ) on conditions id = 21437 #Mobile-App: Log-id=17875
17:36:52 jobe008 Joakim Bengtsson UPDATING data to tables `timetable` fields ( customer, employee, date, time_from, time_to, fkkn, type, status, comment ) values (jebe002, anja007, 2021-06-07, 0.00, 6.00, 1, 3, 1, ) on conditions id = 21438 #Mobile-App: Log-id=17875
17:37:00 jobe008 Joakim Bengtsson UPDATING data to tables `timetable` fields ( customer, employee, date, time_from, time_to, fkkn, type, status, comment ) values (jebe002, anja007, 2021-06-07, 6.00, 9.00, 1, 0, 1, ) on conditions id = 21439 #Mobile-App: Log-id=17875
17:37:22 jobe008 Joakim Bengtsson UPDATING data to tables `timetable` fields ( customer, employee, date, time_from, time_to, fkkn, type, status, comment ) values (jebe002, ella003, 2021-06-18, 15.00, 23.00, 1, 0, 1, ) on conditions id = 21487 #Mobile-App: Log-id=17875
17:37:30 jobe008 Joakim Bengtsson UPDATING data to tables `timetable` fields ( customer, employee, date, time_from, time_to, fkkn, type, status, comment ) values (jebe002, ella003, 2021-06-18, 23.00, 24, 1, 3, 1, ) on conditions id = 21488 #Mobile-App: Log-id=17875
17:37:37 jobe008 Joakim Bengtsson UPDATING data to tables `timetable` fields ( customer, employee, date, time_from, time_to, fkkn, type, status, comment ) values (jebe002, ella003, 2021-06-19, 0.00, 7.00, 1, 3, 1, ) on conditions id = 21489 #Mobile-App: Log-id=17875
17:37:46 jobe008 Joakim Bengtsson UPDATING data to tables `timetable` fields ( customer, employee, date, time_from, time_to, fkkn, type, status, comment ) values (jebe002, ella003, 2021-06-19, 7.00, 12.15, 1, 0, 1, ) on conditions id = 21490 #Mobile-App: Log-id=17875
17:38:00 jobe008 Joakim Bengtsson UPDATING data to tables `timetable` fields ( customer, employee, date, time_from, time_to, fkkn, type, status, comment ) values (jebe002, ella003, 2021-06-20, 13.45, 22.00, 1, 0, 1, ) on conditions id = 21495 #Mobile-App: Log-id=17875
17:38:06 jobe008 Joakim Bengtsson UPDATING data to tables `timetable` fields ( customer, employee, date, time_from, time_to, fkkn, type, status, comment ) values (jebe002, ella003, 2021-06-20, 22.00, 24, 1, 3, 1, ) on conditions id = 21496 #Mobile-App: Log-id=17875
17:38:18 jobe008 Joakim Bengtsson UPDATING data to tables `timetable` fields ( customer, employee, date, time_from, time_to, fkkn, type, status, comment ) values (jebe002, ella003, 2021-06-21, 0.00, 6.00, 1, 3, 1, ) on conditions id = 21497 #Mobile-App: Log-id=17875
17:38:26 jobe008 Joakim Bengtsson UPDATING data to tables `timetable` fields ( customer, employee, date, time_from, time_to, fkkn, type, status, comment ) values (jebe002, ella003, 2021-06-21, 6.00, 9.00, 1, 0, 1, ) on conditions id = 21498 #Mobile-App: Log-id=17875
19:08:21 emsa005 Emma Särnblom UPDATING data to tables `time2vie_cirruscommon`.`secondary_login` fields ( error ) values (0) on conditions username = emsa005 AND company_id = 20
19:08:21 emsa005 Emma Särnblom INSERTING data into tables `log_login` fields ( username, ip, browser ) values ( emsa005, 98.128.181.106, Time2View/1 CFNetwork/1209 Darwin/20.2.0 ) => {inserted_id = 17876}
19:08:21 emsa005 Emma Särnblom DELETE data from tables `temp_session` on conditions username LIKE emsa005
19:08:21 emsa005 Emma Särnblom UPDATING data to tables `time2vie_cirruscommon`.`login` fields ( login, last_time ) values (1, 2021-02-04 19:08:21) on conditions username = emsa005
19:08:21 emsa005 Emma Särnblom UPDATING data to tables `time2vie_cirruscommon`.`secondary_login` fields ( last_login_time ) values (2021-02-04 19:08:21) on conditions username = emsa005 AND company_id = 20
19:42:51 emsa005 Emma Särnblom UPDATING data to tables `time2vie_cirruscommon`.`secondary_login` fields ( error ) values (0) on conditions username = emsa005 AND company_id = 20
19:42:51 emsa005 Emma Särnblom INSERTING data into tables `log_login` fields ( username, ip, browser ) values ( emsa005, 98.128.181.106, Time2View/1 CFNetwork/1209 Darwin/20.2.0 ) => {inserted_id = 17877}
19:42:51 emsa005 Emma Särnblom DELETE data from tables `temp_session` on conditions username LIKE emsa005
19:42:51 emsa005 Emma Särnblom UPDATING data to tables `time2vie_cirruscommon`.`login` fields ( login, last_time ) values (1, 2021-02-04 19:42:51) on conditions username = emsa005
19:42:51 emsa005 Emma Särnblom UPDATING data to tables `time2vie_cirruscommon`.`secondary_login` fields ( last_login_time ) values (2021-02-04 19:42:51) on conditions username = emsa005 AND company_id = 20
19:44:26 anka020 Annika Karlsson UPDATING data to tables `time2vie_cirruscommon`.`secondary_login` fields ( error ) values (0) on conditions username = anka020 AND company_id = 20
19:44:26 anka020 Annika Karlsson INSERTING data into tables `log_login` fields ( username, ip, browser ) values ( anka020, 188.151.14.201, okhttp/3.12.1 ) => {inserted_id = 17878}
19:44:26 anka020 Annika Karlsson DELETE data from tables `temp_session` on conditions username LIKE anka020
19:44:26 anka020 Annika Karlsson UPDATING data to tables `time2vie_cirruscommon`.`login` fields ( login, last_time ) values (1, 2021-02-04 19:44:26) on conditions username = anka020
19:44:26 anka020 Annika Karlsson UPDATING data to tables `time2vie_cirruscommon`.`secondary_login` fields ( last_login_time ) values (2021-02-04 19:44:26) on conditions username = anka020 AND company_id = 20
19:51:36 emel002 Emma Eliasson UPDATING data to tables `time2vie_cirruscommon`.`secondary_login` fields ( error ) values (0) on conditions username = emel002 AND company_id = 20
19:51:36 emel002 Emma Eliasson INSERTING data into tables `log_login` fields ( username, ip, browser ) values ( emel002, 90.227.104.18, Time2View/1 CFNetwork/1128.0.1 Darwin/19.6.0 ) => {inserted_id = 17879}
19:51:36 emel002 Emma Eliasson DELETE data from tables `temp_session` on conditions username LIKE emel002
19:51:36 emel002 Emma Eliasson UPDATING data to tables `time2vie_cirruscommon`.`login` fields ( login, last_time ) values (1, 2021-02-04 19:51:36) on conditions username = emel002
19:51:36 emel002 Emma Eliasson UPDATING data to tables `time2vie_cirruscommon`.`secondary_login` fields ( last_login_time ) values (2021-02-04 19:51:36) on conditions username = emel002 AND company_id = 20
20:43:01 anka019 Anna Kawalya Westerberg INSERTING data into tables `log_login` fields ( username, ip, browser ) values ( anka019, 81.227.233.76, Mozilla/5.0 (iPhone; CPU iPhone OS 14_4 like Mac OS X) AppleWebKit/605.1.15 (KHTML, like Gecko) Version/14.0.3 Mobile/15E148 Safari/604.1 ) => {inserted_id = 17880}
20:43:01 anka019 Anna Kawalya Westerberg DELETE data from tables `temp_session` on conditions username LIKE anka019
20:43:01 anka019 Anna Kawalya Westerberg UPDATING data to tables `time2vie_cirruscommon`.`login` fields ( login, last_time ) values (1, 2021-02-04 20:43:01) on conditions username = anka019
20:43:01 anka019 Anna Kawalya Westerberg UPDATING data to tables `time2vie_cirruscommon`.`secondary_login` fields ( last_login_time ) values (2021-02-04 20:43:01) on conditions username = anka019 AND company_id = 20
20:43:01 anka019 Anna Kawalya Westerberg UPDATING data to tables `time2vie_cirruscommon`.`ws_sessions` fields ( user_id ) values (anka019) on conditions session_id = ini1s8aa3mo39afibhgv5b9bu0
20:44:22 cagu001 Carina Gustafsson UPDATING data to tables `time2vie_cirruscommon`.`secondary_login` fields ( error ) values (0) on conditions username = cagu001 AND company_id = 20
20:44:22 cagu001 Carina Gustafsson INSERTING data into tables `log_login` fields ( username, ip, browser ) values ( cagu001, 176.10.245.4, okhttp/3.12.1 ) => {inserted_id = 17881}
20:44:22 cagu001 Carina Gustafsson DELETE data from tables `temp_session` on conditions username LIKE cagu001
20:44:22 cagu001 Carina Gustafsson UPDATING data to tables `time2vie_cirruscommon`.`login` fields ( login, last_time ) values (1, 2021-02-04 20:44:22) on conditions username = cagu001
20:44:22 cagu001 Carina Gustafsson UPDATING data to tables `time2vie_cirruscommon`.`secondary_login` fields ( last_login_time ) values (2021-02-04 20:44:22) on conditions username = cagu001 AND company_id = 20
