07:24:52 emsa005 Emma Särnblom UPDATING data to tables `time2vie_cirruscommon`.`secondary_login` fields ( error ) values (0) on conditions username = emsa005 AND company_id = 20
07:24:52 emsa005 Emma Särnblom INSERTING data into tables `log_login` fields ( username, ip, browser ) values ( emsa005, 88.129.149.88, Time2View/2 CFNetwork/1209 Darwin/20.2.0 ) => {inserted_id = 17213}
07:24:52 emsa005 Emma Särnblom DELETE data from tables `temp_session` on conditions username LIKE emsa005
07:24:52 emsa005 Emma Särnblom UPDATING data to tables `time2vie_cirruscommon`.`login` fields ( login, last_time ) values (1, 2021-01-12 07:24:52) on conditions username = emsa005
07:24:52 emsa005 Emma Särnblom UPDATING data to tables `time2vie_cirruscommon`.`secondary_login` fields ( last_login_time ) values (2021-01-12 07:24:52) on conditions username = emsa005 AND company_id = 20
10:42:48 anka019 Anna Kawalya Westerberg INSERTING data into tables `log_login` fields ( username, ip, browser ) values ( anka019, 94.103.194.75, Mozilla/5.0 (iPhone; CPU iPhone OS 14_2 like Mac OS X) AppleWebKit/605.1.15 (KHTML, like Gecko) Version/14.0.1 Mobile/15E148 Safari/604.1 ) => {inserted_id = 17215}
10:42:48 anka019 Anna Kawalya Westerberg DELETE data from tables `temp_session` on conditions username LIKE anka019
10:42:48 anka019 Anna Kawalya Westerberg UPDATING data to tables `time2vie_cirruscommon`.`login` fields ( login, last_time ) values (1, 2021-01-12 10:42:48) on conditions username = anka019
10:42:48 anka019 Anna Kawalya Westerberg UPDATING data to tables `time2vie_cirruscommon`.`secondary_login` fields ( last_login_time ) values (2021-01-12 10:42:48) on conditions username = anka019 AND company_id = 20
10:42:48 anka019 Anna Kawalya Westerberg UPDATING data to tables `time2vie_cirruscommon`.`ws_sessions` fields ( user_id ) values (anka019) on conditions session_id = 9melk7ttqbm1ubn8nuvf7r1g27
10:54:39 anwa006 Andréas Wallin UPDATING data to tables `time2vie_cirruscommon`.`secondary_login` fields ( error ) values (0) on conditions username = anwa006 AND company_id = 20
10:54:39 anwa006 Andréas Wallin INSERTING data into tables `log_login` fields ( username, ip, browser ) values ( anwa006, 98.128.166.99, okhttp/3.9.1 ) => {inserted_id = 17216}
10:54:39 anwa006 Andréas Wallin DELETE data from tables `temp_session` on conditions username LIKE anwa006
10:54:40 anwa006 Andréas Wallin UPDATING data to tables `time2vie_cirruscommon`.`login` fields ( login, last_time ) values (1, 2021-01-12 10:54:39) on conditions username = anwa006
10:54:40 anwa006 Andréas Wallin UPDATING data to tables `time2vie_cirruscommon`.`secondary_login` fields ( last_login_time ) values (2021-01-12 10:54:39) on conditions username = anwa006 AND company_id = 20
10:57:01 anwa006 Andréas Wallin UPDATING data to tables `time2vie_cirruscommon`.`secondary_login` fields ( error ) values (0) on conditions username = anwa006 AND company_id = 20 #Mobile-App: Log-id=17216
10:57:01 anwa006 Andréas Wallin INSERTING data into tables `log_login` fields ( username, ip, browser ) values ( anwa006, 98.128.166.99, okhttp/3.9.1 ) => {inserted_id = 17217} #Mobile-App: Log-id=17216
10:57:01 anwa006 Andréas Wallin DELETE data from tables `temp_session` on conditions username LIKE anwa006 #Mobile-App: Log-id=17217
10:57:01 anwa006 Andréas Wallin UPDATING data to tables `time2vie_cirruscommon`.`login` fields ( login, last_time ) values (1, 2021-01-12 10:57:01) on conditions username = anwa006 #Mobile-App: Log-id=17217
10:57:01 anwa006 Andréas Wallin UPDATING data to tables `time2vie_cirruscommon`.`secondary_login` fields ( last_login_time ) values (2021-01-12 10:57:01) on conditions username = anwa006 AND company_id = 20 #Mobile-App: Log-id=17217
11:02:25 anwa006 Andréas Wallin UPDATING data to tables `time2vie_cirruscommon`.`secondary_login` fields ( error ) values (0) on conditions username = anwa006 AND company_id = 20 #Mobile-App: Log-id=17217
11:02:25 anwa006 Andréas Wallin INSERTING data into tables `log_login` fields ( username, ip, browser ) values ( anwa006, 98.128.166.99, okhttp/3.9.1 ) => {inserted_id = 17218} #Mobile-App: Log-id=17217
11:02:25 anwa006 Andréas Wallin DELETE data from tables `temp_session` on conditions username LIKE anwa006 #Mobile-App: Log-id=17218
11:02:25 anwa006 Andréas Wallin UPDATING data to tables `time2vie_cirruscommon`.`login` fields ( login, last_time ) values (1, 2021-01-12 11:02:25) on conditions username = anwa006 #Mobile-App: Log-id=17218
11:02:25 anwa006 Andréas Wallin UPDATING data to tables `time2vie_cirruscommon`.`secondary_login` fields ( last_login_time ) values (2021-01-12 11:02:25) on conditions username = anwa006 AND company_id = 20 #Mobile-App: Log-id=17218
11:38:07 biwa003 Birgitta Wåhlander INSERTING data into tables `log_login` fields ( username, ip, browser ) values ( biwa003, 185.27.165.66, Mozilla/5.0 (iPad; CPU OS 14_2 like Mac OS X) AppleWebKit/605.1.15 (KHTML, like Gecko) CriOS/87.0.4280.77 Mobile/15E148 Safari/604.1 ) => {inserted_id = 17219}
11:38:07 biwa003 Birgitta Wåhlander DELETE data from tables `temp_session` on conditions username LIKE biwa003
11:38:07 biwa003 Birgitta Wåhlander UPDATING data to tables `time2vie_cirruscommon`.`login` fields ( login, last_time ) values (1, 2021-01-12 11:38:07) on conditions username = biwa003
11:38:07 biwa003 Birgitta Wåhlander UPDATING data to tables `time2vie_cirruscommon`.`secondary_login` fields ( last_login_time ) values (2021-01-12 11:38:07) on conditions username = biwa003 AND company_id = 20
11:38:07 biwa003 Birgitta Wåhlander UPDATING data to tables `time2vie_cirruscommon`.`ws_sessions` fields ( user_id ) values (biwa003) on conditions session_id = 5vc3cl9mrvuqjdr2ikqtatbkb0
12:04:58 anka020 Annika Karlsson UPDATING data to tables `time2vie_cirruscommon`.`secondary_login` fields ( error ) values (0) on conditions username = anka020 AND company_id = 20
12:04:58 anka020 Annika Karlsson INSERTING data into tables `log_login` fields ( username, ip, browser ) values ( anka020, 193.234.110.211, okhttp/3.9.1 ) => {inserted_id = 17220}
12:04:58 anka020 Annika Karlsson DELETE data from tables `temp_session` on conditions username LIKE anka020
12:04:58 anka020 Annika Karlsson UPDATING data to tables `time2vie_cirruscommon`.`login` fields ( login, last_time ) values (1, 2021-01-12 12:04:58) on conditions username = anka020
12:04:58 anka020 Annika Karlsson UPDATING data to tables `time2vie_cirruscommon`.`secondary_login` fields ( last_login_time ) values (2021-01-12 12:04:58) on conditions username = anka020 AND company_id = 20
13:41:42 anka019 Anna Kawalya Westerberg INSERTING data into tables `log_login` fields ( username, ip, browser ) values ( anka019, 94.103.194.75, Mozilla/5.0 (iPhone; CPU iPhone OS 14_2 like Mac OS X) AppleWebKit/605.1.15 (KHTML, like Gecko) Version/14.0.1 Mobile/15E148 Safari/604.1 ) => {inserted_id = 17221}
13:41:42 anka019 Anna Kawalya Westerberg DELETE data from tables `temp_session` on conditions username LIKE anka019
13:41:42 anka019 Anna Kawalya Westerberg UPDATING data to tables `time2vie_cirruscommon`.`login` fields ( login, last_time ) values (1, 2021-01-12 13:41:42) on conditions username = anka019
13:41:42 anka019 Anna Kawalya Westerberg UPDATING data to tables `time2vie_cirruscommon`.`secondary_login` fields ( last_login_time ) values (2021-01-12 13:41:42) on conditions username = anka019 AND company_id = 20
13:41:42 anka019 Anna Kawalya Westerberg UPDATING data to tables `time2vie_cirruscommon`.`ws_sessions` fields ( user_id ) values (anka019) on conditions session_id = k9fi4h5d6rnml7ivur272rdlr2
13:57:09 anka020 Annika Karlsson UPDATING data to tables `time2vie_cirruscommon`.`secondary_login` fields ( error ) values (0) on conditions username = anka020 AND company_id = 20
13:57:09 anka020 Annika Karlsson INSERTING data into tables `log_login` fields ( username, ip, browser ) values ( anka020, 193.234.110.211, okhttp/3.9.1 ) => {inserted_id = 17222}
13:57:09 anka020 Annika Karlsson DELETE data from tables `temp_session` on conditions username LIKE anka020
13:57:09 anka020 Annika Karlsson UPDATING data to tables `time2vie_cirruscommon`.`login` fields ( login, last_time ) values (1, 2021-01-12 13:57:09) on conditions username = anka020
13:57:09 anka020 Annika Karlsson UPDATING data to tables `time2vie_cirruscommon`.`secondary_login` fields ( last_login_time ) values (2021-01-12 13:57:09) on conditions username = anka020 AND company_id = 20
14:20:07 asgr002 Åsa Grimberg UPDATING data to tables `time2vie_cirruscommon`.`secondary_login` fields ( error ) values (0) on conditions username = asgr002 AND company_id = 20
14:20:07 asgr002 Åsa Grimberg INSERTING data into tables `log_login` fields ( username, ip, browser ) values ( asgr002, 94.234.46.75, Time2View/2 CFNetwork/1206 Darwin/20.1.0 ) => {inserted_id = 17223}
14:20:07 asgr002 Åsa Grimberg DELETE data from tables `temp_session` on conditions username LIKE asgr002
14:20:07 asgr002 Åsa Grimberg UPDATING data to tables `time2vie_cirruscommon`.`login` fields ( login, last_time ) values (1, 2021-01-12 14:20:07) on conditions username = asgr002
14:20:07 asgr002 Åsa Grimberg UPDATING data to tables `time2vie_cirruscommon`.`secondary_login` fields ( last_login_time ) values (2021-01-12 14:20:07) on conditions username = asgr002 AND company_id = 20
14:35:01 anwa006 Andréas Wallin UPDATING data to tables `time2vie_cirruscommon`.`secondary_login` fields ( error ) values (0) on conditions username = anwa006 AND company_id = 20
14:35:01 anwa006 Andréas Wallin INSERTING data into tables `log_login` fields ( username, ip, browser ) values ( anwa006, 98.128.166.99, okhttp/3.9.1 ) => {inserted_id = 17224}
14:35:01 anwa006 Andréas Wallin DELETE data from tables `temp_session` on conditions username LIKE anwa006
14:35:01 anwa006 Andréas Wallin UPDATING data to tables `time2vie_cirruscommon`.`login` fields ( login, last_time ) values (1, 2021-01-12 14:35:01) on conditions username = anwa006
14:35:01 anwa006 Andréas Wallin UPDATING data to tables `time2vie_cirruscommon`.`secondary_login` fields ( last_login_time ) values (2021-01-12 14:35:01) on conditions username = anwa006 AND company_id = 20
14:35:13 emel002 Emma Eliasson UPDATING data to tables `time2vie_cirruscommon`.`secondary_login` fields ( error ) values (0) on conditions username = emel002 AND company_id = 20
14:35:13 emel002 Emma Eliasson INSERTING data into tables `log_login` fields ( username, ip, browser ) values ( emel002, 90.227.104.18, Time2View/2 CFNetwork/1128.0.1 Darwin/19.6.0 ) => {inserted_id = 17225}
14:35:13 emel002 Emma Eliasson DELETE data from tables `temp_session` on conditions username LIKE emel002
14:35:13 emel002 Emma Eliasson UPDATING data to tables `time2vie_cirruscommon`.`login` fields ( login, last_time ) values (1, 2021-01-12 14:35:13) on conditions username = emel002
14:35:13 emel002 Emma Eliasson UPDATING data to tables `time2vie_cirruscommon`.`secondary_login` fields ( last_login_time ) values (2021-01-12 14:35:13) on conditions username = emel002 AND company_id = 20
14:38:04 anka019 Anna Kawalya Westerberg INSERTING data into tables `log_login` fields ( username, ip, browser ) values ( anka019, 94.103.194.75, Mozilla/5.0 (iPhone; CPU iPhone OS 14_2 like Mac OS X) AppleWebKit/605.1.15 (KHTML, like Gecko) Version/14.0.1 Mobile/15E148 Safari/604.1 ) => {inserted_id = 17226}
14:38:04 anka019 Anna Kawalya Westerberg DELETE data from tables `temp_session` on conditions username LIKE anka019
14:38:04 anka019 Anna Kawalya Westerberg UPDATING data to tables `time2vie_cirruscommon`.`login` fields ( login, last_time ) values (1, 2021-01-12 14:38:04) on conditions username = anka019
14:38:05 anka019 Anna Kawalya Westerberg UPDATING data to tables `time2vie_cirruscommon`.`secondary_login` fields ( last_login_time ) values (2021-01-12 14:38:04) on conditions username = anka019 AND company_id = 20
14:38:05 anka019 Anna Kawalya Westerberg UPDATING data to tables `time2vie_cirruscommon`.`ws_sessions` fields ( user_id ) values (anka019) on conditions session_id = k9fi4h5d6rnml7ivur272rdlr2
14:40:23 liha009 Linnéa Handin INSERTING data into tables `log_login` fields ( username, ip, browser ) values ( liha009, 94.103.194.75, Mozilla/5.0 (iPhone; CPU iPhone OS 14_3 like Mac OS X) AppleWebKit/605.1.15 (KHTML, like Gecko) Version/14.0.2 Mobile/15E148 Safari/604.1 ) => {inserted_id = 17227}
14:40:23 liha009 Linnéa Handin DELETE data from tables `temp_session` on conditions username LIKE liha009
14:40:23 liha009 Linnéa Handin UPDATING data to tables `time2vie_cirruscommon`.`login` fields ( login, last_time ) values (1, 2021-01-12 14:40:23) on conditions username = liha009
14:40:23 liha009 Linnéa Handin UPDATING data to tables `time2vie_cirruscommon`.`secondary_login` fields ( last_login_time ) values (2021-01-12 14:40:23) on conditions username = liha009 AND company_id = 20
14:40:24 liha009 Linnéa Handin DELETE data from tables `temp_session` on conditions username LIKE liha009
14:40:24 liha009 Linnéa Handin UPDATING data to tables `time2vie_cirruscommon`.`login` fields ( login, last_time ) values (0, 2021-01-12 14:40:24) on conditions username = liha009
14:40:24 liha009 Linnéa Handin UPDATING data to tables `time2vie_cirruscommon`.`secondary_login` fields ( last_login_time ) values (2021-01-12 14:40:24) on conditions username = liha009 AND company_id = 20
14:40:24   UPDATING data to tables `log_login` fields ( logout_time ) values (2021-01-12:13:40:24) on conditions id = 17227 AND username = liha009
14:40:42 liha009  UPDATING data to tables `time2vie_cirruscommon`.`secondary_login` fields ( error ) values (1) on conditions username = liha009 AND company_id = 20
14:40:52 liha009 Linnéa Handin UPDATING data to tables `time2vie_cirruscommon`.`secondary_login` fields ( error ) values (0) on conditions username = liha009 AND company_id = 20
14:40:52 liha009 Linnéa Handin INSERTING data into tables `log_login` fields ( username, ip, browser ) values ( liha009, 94.103.194.75, Mozilla/5.0 (iPhone; CPU iPhone OS 14_3 like Mac OS X) AppleWebKit/605.1.15 (KHTML, like Gecko) Version/14.0.2 Mobile/15E148 Safari/604.1 ) => {inserted_id = 17228}
14:40:52 liha009 Linnéa Handin DELETE data from tables `temp_session` on conditions username LIKE liha009
14:40:52 liha009 Linnéa Handin UPDATING data to tables `time2vie_cirruscommon`.`login` fields ( login, last_time ) values (1, 2021-01-12 14:40:52) on conditions username = liha009
14:40:52 liha009 Linnéa Handin UPDATING data to tables `time2vie_cirruscommon`.`secondary_login` fields ( last_login_time ) values (2021-01-12 14:40:52) on conditions username = liha009 AND company_id = 20
14:40:52 liha009 Linnéa Handin DELETE data from tables `temp_session` on conditions username LIKE liha009
14:40:52 liha009 Linnéa Handin UPDATING data to tables `time2vie_cirruscommon`.`login` fields ( login, last_time ) values (0, 2021-01-12 14:40:52) on conditions username = liha009
14:40:52 liha009 Linnéa Handin UPDATING data to tables `time2vie_cirruscommon`.`secondary_login` fields ( last_login_time ) values (2021-01-12 14:40:52) on conditions username = liha009 AND company_id = 20
14:40:52   UPDATING data to tables `log_login` fields ( logout_time ) values (2021-01-12:13:40:52) on conditions id = 17228 AND username = liha009
14:41:58 liha009  DELETE data from tables `temp_session` on conditions username LIKE liha009
14:41:58 liha009  UPDATING data to tables `time2vie_cirruscommon`.`login` fields ( login, last_time ) values (0, 2021-01-12 14:41:58) on conditions username = liha009
14:41:58 liha009  UPDATING data to tables `time2vie_cirruscommon`.`secondary_login` fields ( last_login_time ) values (2021-01-12 14:41:58) on conditions username = liha009 AND company_id = 20
14:41:58   UPDATING data to tables `log_login` fields ( logout_time ) values (2021-01-12:13:41:58) on conditions id =  AND username = liha009
14:42:13 liha009 Linnéa Handin INSERTING data into tables `log_login` fields ( username, ip, browser ) values ( liha009, 94.103.194.75, Mozilla/5.0 (iPhone; CPU iPhone OS 14_3 like Mac OS X) AppleWebKit/605.1.15 (KHTML, like Gecko) Version/14.0.2 Mobile/15E148 Safari/604.1 ) => {inserted_id = 17229}
14:42:13 liha009 Linnéa Handin DELETE data from tables `temp_session` on conditions username LIKE liha009
14:42:13 liha009 Linnéa Handin UPDATING data to tables `time2vie_cirruscommon`.`login` fields ( login, last_time ) values (1, 2021-01-12 14:42:13) on conditions username = liha009
14:42:13 liha009 Linnéa Handin UPDATING data to tables `time2vie_cirruscommon`.`secondary_login` fields ( last_login_time ) values (2021-01-12 14:42:13) on conditions username = liha009 AND company_id = 20
14:42:13 liha009 Linnéa Handin DELETE data from tables `temp_session` on conditions username LIKE liha009
14:42:13 liha009 Linnéa Handin UPDATING data to tables `time2vie_cirruscommon`.`login` fields ( login, last_time ) values (0, 2021-01-12 14:42:13) on conditions username = liha009
14:42:13 liha009 Linnéa Handin UPDATING data to tables `time2vie_cirruscommon`.`secondary_login` fields ( last_login_time ) values (2021-01-12 14:42:13) on conditions username = liha009 AND company_id = 20
14:42:13   UPDATING data to tables `log_login` fields ( logout_time ) values (2021-01-12:13:42:13) on conditions id = 17229 AND username = liha009
14:42:25 liha009 Linnéa Handin INSERTING data into tables `log_login` fields ( username, ip, browser ) values ( liha009, 94.103.194.75, Mozilla/5.0 (iPhone; CPU iPhone OS 14_3 like Mac OS X) AppleWebKit/605.1.15 (KHTML, like Gecko) Version/14.0.2 Mobile/15E148 Safari/604.1 ) => {inserted_id = 17230}
14:42:25 liha009 Linnéa Handin DELETE data from tables `temp_session` on conditions username LIKE liha009
14:42:25 liha009 Linnéa Handin UPDATING data to tables `time2vie_cirruscommon`.`login` fields ( login, last_time ) values (1, 2021-01-12 14:42:25) on conditions username = liha009
14:42:25 liha009 Linnéa Handin UPDATING data to tables `time2vie_cirruscommon`.`secondary_login` fields ( last_login_time ) values (2021-01-12 14:42:25) on conditions username = liha009 AND company_id = 20
14:42:25 liha009 Linnéa Handin DELETE data from tables `temp_session` on conditions username LIKE liha009
14:42:25 liha009 Linnéa Handin UPDATING data to tables `time2vie_cirruscommon`.`login` fields ( login, last_time ) values (0, 2021-01-12 14:42:25) on conditions username = liha009
14:42:25 liha009 Linnéa Handin UPDATING data to tables `time2vie_cirruscommon`.`secondary_login` fields ( last_login_time ) values (2021-01-12 14:42:25) on conditions username = liha009 AND company_id = 20
14:42:25   UPDATING data to tables `log_login` fields ( logout_time ) values (2021-01-12:13:42:25) on conditions id = 17230 AND username = liha009
14:43:26 liha009 Linnéa Handin INSERTING data into tables `log_login` fields ( username, ip, browser ) values ( liha009, 94.103.194.75, Mozilla/5.0 (iPhone; CPU iPhone OS 14_3 like Mac OS X) AppleWebKit/605.1.15 (KHTML, like Gecko) Version/14.0.2 Mobile/15E148 Safari/604.1 ) => {inserted_id = 17231}
14:43:26 liha009 Linnéa Handin DELETE data from tables `temp_session` on conditions username LIKE liha009
14:43:26 liha009 Linnéa Handin UPDATING data to tables `time2vie_cirruscommon`.`login` fields ( login, last_time ) values (1, 2021-01-12 14:43:26) on conditions username = liha009
14:43:26 liha009 Linnéa Handin UPDATING data to tables `time2vie_cirruscommon`.`secondary_login` fields ( last_login_time ) values (2021-01-12 14:43:26) on conditions username = liha009 AND company_id = 20
14:43:26 liha009 Linnéa Handin UPDATING data to tables `time2vie_cirruscommon`.`ws_sessions` fields ( user_id ) values (liha009) on conditions session_id = 9stalrq0atcs7j8p1agmtvoq57
14:44:05 liha009 Linnéa Handin UPDATING data to tables `time2vie_cirruscommon`.`ws_sessions` fields ( user_id ) values (liha009) on conditions session_id = 9stalrq0atcs7j8p1agmtvoq57
14:44:26 liha009 Linnéa Handin UPDATING data to tables `time2vie_cirruscommon`.`ws_sessions` fields ( user_id ) values (liha009) on conditions session_id = 9stalrq0atcs7j8p1agmtvoq57
14:44:36 anka019 Anna Kawalya Westerberg INSERTING data into tables `log_login` fields ( username, ip, browser ) values ( anka019, 94.103.194.75, Mozilla/5.0 (iPhone; CPU iPhone OS 14_2 like Mac OS X) AppleWebKit/605.1.15 (KHTML, like Gecko) Version/14.0.1 Mobile/15E148 Safari/604.1 ) => {inserted_id = 17232}
14:44:36 anka019 Anna Kawalya Westerberg DELETE data from tables `temp_session` on conditions username LIKE anka019
14:44:36 anka019 Anna Kawalya Westerberg UPDATING data to tables `time2vie_cirruscommon`.`login` fields ( login, last_time ) values (1, 2021-01-12 14:44:36) on conditions username = anka019
14:44:36 anka019 Anna Kawalya Westerberg UPDATING data to tables `time2vie_cirruscommon`.`secondary_login` fields ( last_login_time ) values (2021-01-12 14:44:36) on conditions username = anka019 AND company_id = 20
14:44:37 anka019 Anna Kawalya Westerberg UPDATING data to tables `time2vie_cirruscommon`.`ws_sessions` fields ( user_id ) values (anka019) on conditions session_id = k9fi4h5d6rnml7ivur272rdlr2
14:45:57 liha009 Linnéa Handin UPDATING data to tables `time2vie_cirruscommon`.`ws_sessions` fields ( user_id ) values (liha009) on conditions session_id = 9stalrq0atcs7j8p1agmtvoq57
14:46:23 liha009 Linnéa Handin UPDATING data to tables `time2vie_cirruscommon`.`ws_sessions` fields ( user_id ) values (liha009) on conditions session_id = 9stalrq0atcs7j8p1agmtvoq57
14:46:30 liha009 Linnéa Handin UPDATING data to tables `time2vie_cirruscommon`.`secondary_login` fields ( error ) values (0) on conditions username = liha009 AND company_id = 20
14:46:30 liha009 Linnéa Handin INSERTING data into tables `log_login` fields ( username, ip, browser ) values ( liha009, 94.103.194.75, Time2View/2 CFNetwork/1209 Darwin/20.2.0 ) => {inserted_id = 17233}
14:46:30 liha009 Linnéa Handin DELETE data from tables `temp_session` on conditions username LIKE liha009
14:46:30 liha009 Linnéa Handin UPDATING data to tables `time2vie_cirruscommon`.`login` fields ( login, last_time ) values (1, 2021-01-12 14:46:30) on conditions username = liha009
14:46:30 liha009 Linnéa Handin UPDATING data to tables `time2vie_cirruscommon`.`secondary_login` fields ( last_login_time ) values (2021-01-12 14:46:30) on conditions username = liha009 AND company_id = 20
14:46:45 liha009 Linnéa Handin UPDATING data to tables `time2vie_cirruscommon`.`ws_sessions` fields ( user_id ) values (liha009) on conditions session_id = 9stalrq0atcs7j8p1agmtvoq57
14:47:16 anka019 Anna Kawalya Westerberg INSERTING data into tables `log_login` fields ( username, ip, browser ) values ( anka019, 94.103.194.75, Mozilla/5.0 (iPhone; CPU iPhone OS 14_2 like Mac OS X) AppleWebKit/605.1.15 (KHTML, like Gecko) Version/14.0.1 Mobile/15E148 Safari/604.1 ) => {inserted_id = 17234}
14:47:16 anka019 Anna Kawalya Westerberg DELETE data from tables `temp_session` on conditions username LIKE anka019
14:47:16 anka019 Anna Kawalya Westerberg UPDATING data to tables `time2vie_cirruscommon`.`login` fields ( login, last_time ) values (1, 2021-01-12 14:47:16) on conditions username = anka019
14:47:16 anka019 Anna Kawalya Westerberg UPDATING data to tables `time2vie_cirruscommon`.`secondary_login` fields ( last_login_time ) values (2021-01-12 14:47:16) on conditions username = anka019 AND company_id = 20
14:47:17 anka019 Anna Kawalya Westerberg UPDATING data to tables `time2vie_cirruscommon`.`ws_sessions` fields ( user_id ) values (anka019) on conditions session_id = k9fi4h5d6rnml7ivur272rdlr2
14:47:21 liha009 Linnéa Handin DELETE data from tables `temp_session` on conditions username LIKE liha009
14:47:21 liha009 Linnéa Handin UPDATING data to tables `time2vie_cirruscommon`.`login` fields ( login, last_time ) values (0, 2021-01-12 14:47:21) on conditions username = liha009
14:47:21 liha009 Linnéa Handin UPDATING data to tables `time2vie_cirruscommon`.`secondary_login` fields ( last_login_time ) values (2021-01-12 14:47:21) on conditions username = liha009 AND company_id = 20
14:47:21   UPDATING data to tables `log_login` fields ( logout_time ) values (2021-01-12:13:47:21) on conditions id = 17231 AND username = liha009
14:47:34 liha009 Linnéa Handin INSERTING data into tables `log_login` fields ( username, ip, browser ) values ( liha009, 94.103.194.75, Mozilla/5.0 (iPhone; CPU iPhone OS 14_3 like Mac OS X) AppleWebKit/605.1.15 (KHTML, like Gecko) Version/14.0.2 Mobile/15E148 Safari/604.1 ) => {inserted_id = 17235}
14:47:34 liha009 Linnéa Handin DELETE data from tables `temp_session` on conditions username LIKE liha009
14:47:34 liha009 Linnéa Handin UPDATING data to tables `time2vie_cirruscommon`.`login` fields ( login, last_time ) values (1, 2021-01-12 14:47:34) on conditions username = liha009
14:47:34 liha009 Linnéa Handin UPDATING data to tables `time2vie_cirruscommon`.`secondary_login` fields ( last_login_time ) values (2021-01-12 14:47:34) on conditions username = liha009 AND company_id = 20
14:47:34 liha009 Linnéa Handin UPDATING data to tables `time2vie_cirruscommon`.`ws_sessions` fields ( user_id ) values (liha009) on conditions session_id = frpeq0bisnsbv9gls0tf8h33m3
14:49:25 anka019 Anna Kawalya Westerberg INSERTING data into tables `log_login` fields ( username, ip, browser ) values ( anka019, 94.103.194.75, Mozilla/5.0 (iPhone; CPU iPhone OS 14_2 like Mac OS X) AppleWebKit/605.1.15 (KHTML, like Gecko) Version/14.0.1 Mobile/15E148 Safari/604.1 ) => {inserted_id = 17236}
14:49:25 anka019 Anna Kawalya Westerberg DELETE data from tables `temp_session` on conditions username LIKE anka019
14:49:25 anka019 Anna Kawalya Westerberg UPDATING data to tables `time2vie_cirruscommon`.`login` fields ( login, last_time ) values (1, 2021-01-12 14:49:25) on conditions username = anka019
14:49:25 anka019 Anna Kawalya Westerberg UPDATING data to tables `time2vie_cirruscommon`.`secondary_login` fields ( last_login_time ) values (2021-01-12 14:49:25) on conditions username = anka019 AND company_id = 20
14:49:25 anka019 Anna Kawalya Westerberg UPDATING data to tables `time2vie_cirruscommon`.`ws_sessions` fields ( user_id ) values (anka019) on conditions session_id = nb5vgnriih34vajngtvuf5e7k7
14:50:18 anka019 Anna Kawalya Westerberg INSERTING data into tables `log_login` fields ( username, ip, browser ) values ( anka019, 94.103.194.75, Mozilla/5.0 (iPhone; CPU iPhone OS 14_2 like Mac OS X) AppleWebKit/605.1.15 (KHTML, like Gecko) Version/14.0.1 Mobile/15E148 Safari/604.1 ) => {inserted_id = 17237}
14:50:18 anka019 Anna Kawalya Westerberg DELETE data from tables `temp_session` on conditions username LIKE anka019
14:50:18 anka019 Anna Kawalya Westerberg UPDATING data to tables `time2vie_cirruscommon`.`login` fields ( login, last_time ) values (1, 2021-01-12 14:50:18) on conditions username = anka019
14:50:18 anka019 Anna Kawalya Westerberg UPDATING data to tables `time2vie_cirruscommon`.`secondary_login` fields ( last_login_time ) values (2021-01-12 14:50:18) on conditions username = anka019 AND company_id = 20
14:50:19 anka019 Anna Kawalya Westerberg UPDATING data to tables `time2vie_cirruscommon`.`ws_sessions` fields ( user_id ) values (anka019) on conditions session_id = nb5vgnriih34vajngtvuf5e7k7
15:55:09 emel002 Emma Eliasson UPDATING data to tables `time2vie_cirruscommon`.`secondary_login` fields ( error ) values (0) on conditions username = emel002 AND company_id = 20
15:55:09 emel002 Emma Eliasson INSERTING data into tables `log_login` fields ( username, ip, browser ) values ( emel002, 90.227.104.18, Time2View/2 CFNetwork/1128.0.1 Darwin/19.6.0 ) => {inserted_id = 17239}
15:55:09 emel002 Emma Eliasson DELETE data from tables `temp_session` on conditions username LIKE emel002
15:55:09 emel002 Emma Eliasson UPDATING data to tables `time2vie_cirruscommon`.`login` fields ( login, last_time ) values (1, 2021-01-12 15:55:09) on conditions username = emel002
15:55:09 emel002 Emma Eliasson UPDATING data to tables `time2vie_cirruscommon`.`secondary_login` fields ( last_login_time ) values (2021-01-12 15:55:09) on conditions username = emel002 AND company_id = 20
19:26:27 emel002 Emma Eliasson UPDATING data to tables `time2vie_cirruscommon`.`secondary_login` fields ( error ) values (0) on conditions username = emel002 AND company_id = 20
19:26:28 emel002 Emma Eliasson INSERTING data into tables `log_login` fields ( username, ip, browser ) values ( emel002, 90.227.104.18, Time2View/2 CFNetwork/1128.0.1 Darwin/19.6.0 ) => {inserted_id = 17240}
19:26:28 emel002 Emma Eliasson DELETE data from tables `temp_session` on conditions username LIKE emel002
19:26:28 emel002 Emma Eliasson UPDATING data to tables `time2vie_cirruscommon`.`login` fields ( login, last_time ) values (1, 2021-01-12 19:26:28) on conditions username = emel002
19:26:28 emel002 Emma Eliasson UPDATING data to tables `time2vie_cirruscommon`.`secondary_login` fields ( last_login_time ) values (2021-01-12 19:26:28) on conditions username = emel002 AND company_id = 20
21:22:28 idah001 Ida-Caroline Ahnström UPDATING data to tables `time2vie_cirruscommon`.`secondary_login` fields ( error ) values (0) on conditions username = idah001 AND company_id = 20
21:22:28 idah001 Ida-Caroline Ahnström INSERTING data into tables `log_login` fields ( username, ip, browser ) values ( idah001, 94.103.194.75, Time2View/2 CFNetwork/1209 Darwin/20.2.0 ) => {inserted_id = 17241}
21:22:28 idah001 Ida-Caroline Ahnström DELETE data from tables `temp_session` on conditions username LIKE idah001
21:22:28 idah001 Ida-Caroline Ahnström UPDATING data to tables `time2vie_cirruscommon`.`login` fields ( login, last_time ) values (1, 2021-01-12 21:22:28) on conditions username = idah001
21:22:28 idah001 Ida-Caroline Ahnström UPDATING data to tables `time2vie_cirruscommon`.`secondary_login` fields ( last_login_time ) values (2021-01-12 21:22:28) on conditions username = idah001 AND company_id = 20
21:59:19 anwa006 Andréas Wallin UPDATING data to tables `time2vie_cirruscommon`.`secondary_login` fields ( error ) values (0) on conditions username = anwa006 AND company_id = 20
21:59:19 anwa006 Andréas Wallin INSERTING data into tables `log_login` fields ( username, ip, browser ) values ( anwa006, 98.128.166.99, okhttp/3.9.1 ) => {inserted_id = 17242}
21:59:19 anwa006 Andréas Wallin DELETE data from tables `temp_session` on conditions username LIKE anwa006
21:59:19 anwa006 Andréas Wallin UPDATING data to tables `time2vie_cirruscommon`.`login` fields ( login, last_time ) values (1, 2021-01-12 21:59:19) on conditions username = anwa006
21:59:19 anwa006 Andréas Wallin UPDATING data to tables `time2vie_cirruscommon`.`secondary_login` fields ( last_login_time ) values (2021-01-12 21:59:19) on conditions username = anwa006 AND company_id = 20
22:02:26 emel002 Emma Eliasson UPDATING data to tables `time2vie_cirruscommon`.`secondary_login` fields ( error ) values (0) on conditions username = emel002 AND company_id = 20
22:02:26 emel002 Emma Eliasson INSERTING data into tables `log_login` fields ( username, ip, browser ) values ( emel002, 90.227.104.18, Time2View/2 CFNetwork/1128.0.1 Darwin/19.6.0 ) => {inserted_id = 17243}
22:02:26 emel002 Emma Eliasson DELETE data from tables `temp_session` on conditions username LIKE emel002
22:02:26 emel002 Emma Eliasson UPDATING data to tables `time2vie_cirruscommon`.`login` fields ( login, last_time ) values (1, 2021-01-12 22:02:26) on conditions username = emel002
22:02:26 emel002 Emma Eliasson UPDATING data to tables `time2vie_cirruscommon`.`secondary_login` fields ( last_login_time ) values (2021-01-12 22:02:26) on conditions username = emel002 AND company_id = 20
22:06:01 emel002 Emma Eliasson UPDATING data to tables `time2vie_cirruscommon`.`secondary_login` fields ( error ) values (0) on conditions username = emel002 AND company_id = 20
22:06:01 emel002 Emma Eliasson INSERTING data into tables `log_login` fields ( username, ip, browser ) values ( emel002, 90.227.104.18, Time2View/2 CFNetwork/1128.0.1 Darwin/19.6.0 ) => {inserted_id = 17244}
22:06:01 emel002 Emma Eliasson DELETE data from tables `temp_session` on conditions username LIKE emel002
22:06:01 emel002 Emma Eliasson UPDATING data to tables `time2vie_cirruscommon`.`login` fields ( login, last_time ) values (1, 2021-01-12 22:06:01) on conditions username = emel002
22:06:01 emel002 Emma Eliasson UPDATING data to tables `time2vie_cirruscommon`.`secondary_login` fields ( last_login_time ) values (2021-01-12 22:06:01) on conditions username = emel002 AND company_id = 20
22:56:49 thca002 Therese Calic UPDATING data to tables `time2vie_cirruscommon`.`secondary_login` fields ( error ) values (0) on conditions username = thca002 AND company_id = 20
22:56:49 thca002 Therese Calic INSERTING data into tables `log_login` fields ( username, ip, browser ) values ( thca002, 83.187.163.170, Time2View/2 CFNetwork/1206 Darwin/20.1.0 ) => {inserted_id = 17246}
22:56:49 thca002 Therese Calic DELETE data from tables `temp_session` on conditions username LIKE thca002
22:56:50 thca002 Therese Calic UPDATING data to tables `time2vie_cirruscommon`.`login` fields ( login, last_time ) values (1, 2021-01-12 22:56:49) on conditions username = thca002
22:56:50 thca002 Therese Calic UPDATING data to tables `time2vie_cirruscommon`.`secondary_login` fields ( last_login_time ) values (2021-01-12 22:56:49) on conditions username = thca002 AND company_id = 20
23:54:15 emsa005 Emma Särnblom UPDATING data to tables `time2vie_cirruscommon`.`secondary_login` fields ( error ) values (0) on conditions username = emsa005 AND company_id = 20
23:54:15 emsa005 Emma Särnblom INSERTING data into tables `log_login` fields ( username, ip, browser ) values ( emsa005, 98.128.181.106, Time2View/2 CFNetwork/1209 Darwin/20.2.0 ) => {inserted_id = 17247}
23:54:15 emsa005 Emma Särnblom DELETE data from tables `temp_session` on conditions username LIKE emsa005
23:54:15 emsa005 Emma Särnblom UPDATING data to tables `time2vie_cirruscommon`.`login` fields ( login, last_time ) values (1, 2021-01-12 23:54:15) on conditions username = emsa005
23:54:15 emsa005 Emma Särnblom UPDATING data to tables `time2vie_cirruscommon`.`secondary_login` fields ( last_login_time ) values (2021-01-12 23:54:15) on conditions username = emsa005 AND company_id = 20
