08:28:14 biwa003 Birgitta Wåhlander INSERTING data into tables `log_login` fields ( username, ip, browser ) values ( biwa003, 193.234.72.157, Mozilla/5.0 (Windows NT 10.0; Win64; x64) AppleWebKit/537.36 (KHTML, like Gecko) Chrome/87.0.4280.141 Safari/537.36 ) => {inserted_id = 17281}
08:28:14 biwa003 Birgitta Wåhlander DELETE data from tables `temp_session` on conditions username LIKE biwa003
08:28:14 biwa003 Birgitta Wåhlander UPDATING data to tables `time2vie_cirruscommon`.`login` fields ( login, last_time ) values (1, 2021-01-14 08:28:14) on conditions username = biwa003
08:28:14 biwa003 Birgitta Wåhlander UPDATING data to tables `time2vie_cirruscommon`.`secondary_login` fields ( last_login_time ) values (2021-01-14 08:28:14) on conditions username = biwa003 AND company_id = 20
08:28:15 biwa003 Birgitta Wåhlander UPDATING data to tables `time2vie_cirruscommon`.`ws_sessions` fields ( user_id ) values (biwa003) on conditions session_id = 7d6vi9i9iso3uoeoeces2njl92
08:41:38 anwa006 Andréas Wallin UPDATING data to tables `time2vie_cirruscommon`.`secondary_login` fields ( error ) values (0) on conditions username = anwa006 AND company_id = 20
08:41:38 anwa006 Andréas Wallin INSERTING data into tables `log_login` fields ( username, ip, browser ) values ( anwa006, 98.128.166.99, okhttp/3.9.1 ) => {inserted_id = 17282}
08:41:38 anwa006 Andréas Wallin DELETE data from tables `temp_session` on conditions username LIKE anwa006
08:41:38 anwa006 Andréas Wallin UPDATING data to tables `time2vie_cirruscommon`.`login` fields ( login, last_time ) values (1, 2021-01-14 08:41:38) on conditions username = anwa006
08:41:38 anwa006 Andréas Wallin UPDATING data to tables `time2vie_cirruscommon`.`secondary_login` fields ( last_login_time ) values (2021-01-14 08:41:38) on conditions username = anwa006 AND company_id = 20
08:54:26 cagu001 Carina Gustafsson INSERTING data into tables `log_login` fields ( username, ip, browser ) values ( cagu001, 193.234.72.157, Mozilla/5.0 (Windows NT 10.0; Win64; x64) AppleWebKit/537.36 (KHTML, like Gecko) Chrome/87.0.4280.88 Safari/537.36 ) => {inserted_id = 17283}
08:54:26 cagu001 Carina Gustafsson DELETE data from tables `temp_session` on conditions username LIKE cagu001
08:54:26 cagu001 Carina Gustafsson UPDATING data to tables `time2vie_cirruscommon`.`login` fields ( login, last_time ) values (1, 2021-01-14 08:54:26) on conditions username = cagu001
08:54:26 cagu001 Carina Gustafsson UPDATING data to tables `time2vie_cirruscommon`.`secondary_login` fields ( last_login_time ) values (2021-01-14 08:54:26) on conditions username = cagu001 AND company_id = 20
08:54:26 cagu001 Carina Gustafsson UPDATING data to tables `time2vie_cirruscommon`.`ws_sessions` fields ( user_id ) values (cagu001) on conditions session_id = j3caik57eveu6b39iv8e19jta0
08:59:10 emel002 Emma Eliasson UPDATING data to tables `time2vie_cirruscommon`.`secondary_login` fields ( error ) values (0) on conditions username = emel002 AND company_id = 20
08:59:10 emel002 Emma Eliasson INSERTING data into tables `log_login` fields ( username, ip, browser ) values ( emel002, 90.227.104.18, Time2View/2 CFNetwork/1128.0.1 Darwin/19.6.0 ) => {inserted_id = 17284}
08:59:10 emel002 Emma Eliasson DELETE data from tables `temp_session` on conditions username LIKE emel002
08:59:10 emel002 Emma Eliasson UPDATING data to tables `time2vie_cirruscommon`.`login` fields ( login, last_time ) values (1, 2021-01-14 08:59:10) on conditions username = emel002
08:59:10 emel002 Emma Eliasson UPDATING data to tables `time2vie_cirruscommon`.`secondary_login` fields ( last_login_time ) values (2021-01-14 08:59:10) on conditions username = emel002 AND company_id = 20
09:31:59 liha009 Linnéa Handin UPDATING data to tables `time2vie_cirruscommon`.`secondary_login` fields ( error ) values (0) on conditions username = liha009 AND company_id = 20
09:31:59 liha009 Linnéa Handin INSERTING data into tables `log_login` fields ( username, ip, browser ) values ( liha009, 78.69.73.236, Time2View/2 CFNetwork/1209 Darwin/20.2.0 ) => {inserted_id = 17285}
09:31:59 liha009 Linnéa Handin DELETE data from tables `temp_session` on conditions username LIKE liha009
09:31:59 liha009 Linnéa Handin UPDATING data to tables `time2vie_cirruscommon`.`login` fields ( login, last_time ) values (1, 2021-01-14 09:31:59) on conditions username = liha009
09:31:59 liha009 Linnéa Handin UPDATING data to tables `time2vie_cirruscommon`.`secondary_login` fields ( last_login_time ) values (2021-01-14 09:31:59) on conditions username = liha009 AND company_id = 20
11:07:06 anwa006 Andréas Wallin UPDATING data to tables `time2vie_cirruscommon`.`secondary_login` fields ( error ) values (0) on conditions username = anwa006 AND company_id = 20
11:07:06 anwa006 Andréas Wallin INSERTING data into tables `log_login` fields ( username, ip, browser ) values ( anwa006, 94.191.137.142, okhttp/3.9.1 ) => {inserted_id = 17286}
11:07:06 anwa006 Andréas Wallin DELETE data from tables `temp_session` on conditions username LIKE anwa006
11:07:06 anwa006 Andréas Wallin UPDATING data to tables `time2vie_cirruscommon`.`login` fields ( login, last_time ) values (1, 2021-01-14 11:07:06) on conditions username = anwa006
11:07:06 anwa006 Andréas Wallin UPDATING data to tables `time2vie_cirruscommon`.`secondary_login` fields ( last_login_time ) values (2021-01-14 11:07:06) on conditions username = anwa006 AND company_id = 20
11:36:45 biwa003 Birgitta Wåhlander UPDATING data to tables `timetable` fields ( customer, employee, date, time_from, time_to, fkkn, type, status, comment ) values (chwa001, anwa006, 2021-01-14, 11.30, 18.15, 1, 0, 1, ) on conditions id = 16685
12:15:06 emsa005 Emma Särnblom UPDATING data to tables `time2vie_cirruscommon`.`secondary_login` fields ( error ) values (0) on conditions username = emsa005 AND company_id = 20
12:15:06 emsa005 Emma Särnblom INSERTING data into tables `log_login` fields ( username, ip, browser ) values ( emsa005, 98.128.181.106, Time2View/2 CFNetwork/1209 Darwin/20.2.0 ) => {inserted_id = 17287}
12:15:06 emsa005 Emma Särnblom DELETE data from tables `temp_session` on conditions username LIKE emsa005
12:15:06 emsa005 Emma Särnblom UPDATING data to tables `time2vie_cirruscommon`.`login` fields ( login, last_time ) values (1, 2021-01-14 12:15:06) on conditions username = emsa005
12:15:06 emsa005 Emma Särnblom UPDATING data to tables `time2vie_cirruscommon`.`secondary_login` fields ( last_login_time ) values (2021-01-14 12:15:06) on conditions username = emsa005 AND company_id = 20
13:23:45 emel002 Emma Eliasson UPDATING data to tables `time2vie_cirruscommon`.`secondary_login` fields ( error ) values (0) on conditions username = emel002 AND company_id = 20
13:23:45 emel002 Emma Eliasson INSERTING data into tables `log_login` fields ( username, ip, browser ) values ( emel002, 90.227.104.18, Time2View/2 CFNetwork/1128.0.1 Darwin/19.6.0 ) => {inserted_id = 17288}
13:23:45 emel002 Emma Eliasson DELETE data from tables `temp_session` on conditions username LIKE emel002
13:23:45 emel002 Emma Eliasson UPDATING data to tables `time2vie_cirruscommon`.`login` fields ( login, last_time ) values (1, 2021-01-14 13:23:45) on conditions username = emel002
13:23:45 emel002 Emma Eliasson UPDATING data to tables `time2vie_cirruscommon`.`secondary_login` fields ( last_login_time ) values (2021-01-14 13:23:45) on conditions username = emel002 AND company_id = 20
13:41:24 anka019 Anna Kawalya Westerberg INSERTING data into tables `log_login` fields ( username, ip, browser ) values ( anka019, 90.227.20.205, Mozilla/5.0 (iPhone; CPU iPhone OS 14_2 like Mac OS X) AppleWebKit/605.1.15 (KHTML, like Gecko) Version/14.0.1 Mobile/15E148 Safari/604.1 ) => {inserted_id = 17289}
13:41:24 anka019 Anna Kawalya Westerberg DELETE data from tables `temp_session` on conditions username LIKE anka019
13:41:24 anka019 Anna Kawalya Westerberg UPDATING data to tables `time2vie_cirruscommon`.`login` fields ( login, last_time ) values (1, 2021-01-14 13:41:24) on conditions username = anka019
13:41:24 anka019 Anna Kawalya Westerberg UPDATING data to tables `time2vie_cirruscommon`.`secondary_login` fields ( last_login_time ) values (2021-01-14 13:41:24) on conditions username = anka019 AND company_id = 20
13:41:24 anka019 Anna Kawalya Westerberg UPDATING data to tables `time2vie_cirruscommon`.`ws_sessions` fields ( user_id ) values (anka019) on conditions session_id = 1vtu84r4nrk8j3p940dn5aho71
14:24:01 cagu001 Carina Gustafsson UPDATING data to tables `time2vie_cirruscommon`.`ws_sessions` fields ( user_id ) values (cagu001) on conditions session_id = j3caik57eveu6b39iv8e19jta0
15:27:40 cagu001 Carina Gustafsson DELETE data from tables `temp_session` on conditions username LIKE cagu001
15:27:40 cagu001 Carina Gustafsson UPDATING data to tables `time2vie_cirruscommon`.`login` fields ( login, last_time ) values (0, 2021-01-14 15:27:40) on conditions username = cagu001
15:27:40 cagu001 Carina Gustafsson UPDATING data to tables `time2vie_cirruscommon`.`secondary_login` fields ( last_login_time ) values (2021-01-14 15:27:40) on conditions username = cagu001 AND company_id = 20
15:27:40   UPDATING data to tables `log_login` fields ( logout_time ) values (2021-01-14:14:27:40) on conditions id = 17283 AND username = cagu001
15:52:18 hebe001 Helen Bengtsson UPDATING data to tables `time2vie_cirruscommon`.`secondary_login` fields ( error ) values (0) on conditions username = hebe001 AND company_id = 20
15:52:18 hebe001 Helen Bengtsson INSERTING data into tables `log_login` fields ( username, ip, browser ) values ( hebe001, 217.73.108.78, Time2View/2 CFNetwork/1206 Darwin/20.1.0 ) => {inserted_id = 17290}
15:52:18 hebe001 Helen Bengtsson DELETE data from tables `temp_session` on conditions username LIKE hebe001
15:52:18 hebe001 Helen Bengtsson UPDATING data to tables `time2vie_cirruscommon`.`login` fields ( login, last_time ) values (1, 2021-01-14 15:52:18) on conditions username = hebe001
15:52:18 hebe001 Helen Bengtsson UPDATING data to tables `time2vie_cirruscommon`.`secondary_login` fields ( last_login_time ) values (2021-01-14 15:52:18) on conditions username = hebe001 AND company_id = 20
16:26:59 biwa003 Birgitta Wåhlander INSERTING data into tables `log_login` fields ( username, ip, browser ) values ( biwa003, 185.27.165.66, Mozilla/5.0 (iPad; CPU OS 14_3 like Mac OS X) AppleWebKit/605.1.15 (KHTML, like Gecko) CriOS/87.0.4280.77 Mobile/15E148 Safari/604.1 ) => {inserted_id = 17291}
16:26:59 biwa003 Birgitta Wåhlander DELETE data from tables `temp_session` on conditions username LIKE biwa003
16:26:59 biwa003 Birgitta Wåhlander UPDATING data to tables `time2vie_cirruscommon`.`login` fields ( login, last_time ) values (1, 2021-01-14 16:26:59) on conditions username = biwa003
16:26:59 biwa003 Birgitta Wåhlander UPDATING data to tables `time2vie_cirruscommon`.`secondary_login` fields ( last_login_time ) values (2021-01-14 16:26:59) on conditions username = biwa003 AND company_id = 20
16:26:59 biwa003 Birgitta Wåhlander UPDATING data to tables `time2vie_cirruscommon`.`ws_sessions` fields ( user_id ) values (biwa003) on conditions session_id = an0pq8c0l2g4dont73n46n37d3
16:27:26 biwa003 Birgitta Wåhlander DELETE data from tables `timetable` on conditions id = 21686
17:12:59 liha009 Linnéa Handin UPDATING data to tables `time2vie_cirruscommon`.`secondary_login` fields ( error ) values (0) on conditions username = liha009 AND company_id = 20
17:12:59 liha009 Linnéa Handin INSERTING data into tables `log_login` fields ( username, ip, browser ) values ( liha009, 78.69.73.236, Time2View/2 CFNetwork/1209 Darwin/20.2.0 ) => {inserted_id = 17292}
17:12:59 liha009 Linnéa Handin DELETE data from tables `temp_session` on conditions username LIKE liha009
17:12:59 liha009 Linnéa Handin UPDATING data to tables `time2vie_cirruscommon`.`login` fields ( login, last_time ) values (1, 2021-01-14 17:12:59) on conditions username = liha009
17:12:59 liha009 Linnéa Handin UPDATING data to tables `time2vie_cirruscommon`.`secondary_login` fields ( last_login_time ) values (2021-01-14 17:12:59) on conditions username = liha009 AND company_id = 20
19:27:37 time002 Tina Mellgren UPDATING data to tables `time2vie_cirruscommon`.`secondary_login` fields ( error ) values (0) on conditions username = time002 AND company_id = 20
19:27:37 time002 Tina Mellgren INSERTING data into tables `log_login` fields ( username, ip, browser ) values ( time002, 81.228.189.218, Time2View/2 CFNetwork/1209 Darwin/20.2.0 ) => {inserted_id = 17293}
19:27:37 time002 Tina Mellgren DELETE data from tables `temp_session` on conditions username LIKE time002
19:27:37 time002 Tina Mellgren UPDATING data to tables `time2vie_cirruscommon`.`login` fields ( login, last_time ) values (1, 2021-01-14 19:27:37) on conditions username = time002
19:27:37 time002 Tina Mellgren UPDATING data to tables `time2vie_cirruscommon`.`secondary_login` fields ( last_login_time ) values (2021-01-14 19:27:37) on conditions username = time002 AND company_id = 20
20:20:36 anwa006 Andréas Wallin UPDATING data to tables `time2vie_cirruscommon`.`secondary_login` fields ( error ) values (0) on conditions username = anwa006 AND company_id = 20
20:20:36 anwa006 Andréas Wallin INSERTING data into tables `log_login` fields ( username, ip, browser ) values ( anwa006, 94.191.136.78, okhttp/3.9.1 ) => {inserted_id = 17294}
20:20:36 anwa006 Andréas Wallin DELETE data from tables `temp_session` on conditions username LIKE anwa006
20:20:36 anwa006 Andréas Wallin UPDATING data to tables `time2vie_cirruscommon`.`login` fields ( login, last_time ) values (1, 2021-01-14 20:20:36) on conditions username = anwa006
20:20:36 anwa006 Andréas Wallin UPDATING data to tables `time2vie_cirruscommon`.`secondary_login` fields ( last_login_time ) values (2021-01-14 20:20:36) on conditions username = anwa006 AND company_id = 20
20:33:29 emsa005 Emma Särnblom UPDATING data to tables `time2vie_cirruscommon`.`secondary_login` fields ( error ) values (0) on conditions username = emsa005 AND company_id = 20
20:33:29 emsa005 Emma Särnblom INSERTING data into tables `log_login` fields ( username, ip, browser ) values ( emsa005, 88.129.149.88, Time2View/2 CFNetwork/1209 Darwin/20.2.0 ) => {inserted_id = 17295}
20:33:29 emsa005 Emma Särnblom DELETE data from tables `temp_session` on conditions username LIKE emsa005
20:33:29 emsa005 Emma Särnblom UPDATING data to tables `time2vie_cirruscommon`.`login` fields ( login, last_time ) values (1, 2021-01-14 20:33:29) on conditions username = emsa005
20:33:29 emsa005 Emma Särnblom UPDATING data to tables `time2vie_cirruscommon`.`secondary_login` fields ( last_login_time ) values (2021-01-14 20:33:29) on conditions username = emsa005 AND company_id = 20
20:38:47 thca002 Therese Calic UPDATING data to tables `time2vie_cirruscommon`.`secondary_login` fields ( error ) values (0) on conditions username = thca002 AND company_id = 20
20:38:47 thca002 Therese Calic INSERTING data into tables `log_login` fields ( username, ip, browser ) values ( thca002, 217.73.111.127, Time2View/2 CFNetwork/1209 Darwin/20.2.0 ) => {inserted_id = 17296}
20:38:47 thca002 Therese Calic DELETE data from tables `temp_session` on conditions username LIKE thca002
20:38:47 thca002 Therese Calic UPDATING data to tables `time2vie_cirruscommon`.`login` fields ( login, last_time ) values (1, 2021-01-14 20:38:47) on conditions username = thca002
20:38:47 thca002 Therese Calic UPDATING data to tables `time2vie_cirruscommon`.`secondary_login` fields ( last_login_time ) values (2021-01-14 20:38:47) on conditions username = thca002 AND company_id = 20
21:51:52 emel002 Emma Eliasson UPDATING data to tables `time2vie_cirruscommon`.`secondary_login` fields ( error ) values (0) on conditions username = emel002 AND company_id = 20
21:51:52 emel002 Emma Eliasson INSERTING data into tables `log_login` fields ( username, ip, browser ) values ( emel002, 90.227.104.18, Time2View/2 CFNetwork/1128.0.1 Darwin/19.6.0 ) => {inserted_id = 17297}
21:51:52 emel002 Emma Eliasson DELETE data from tables `temp_session` on conditions username LIKE emel002
21:51:52 emel002 Emma Eliasson UPDATING data to tables `time2vie_cirruscommon`.`login` fields ( login, last_time ) values (1, 2021-01-14 21:51:52) on conditions username = emel002
21:51:52 emel002 Emma Eliasson UPDATING data to tables `time2vie_cirruscommon`.`secondary_login` fields ( last_login_time ) values (2021-01-14 21:51:52) on conditions username = emel002 AND company_id = 20
