08:56:54 emel002 Emma Eliasson UPDATING data to tables `time2vie_cirruscommon`.`secondary_login` fields ( error ) values (0) on conditions username = emel002 AND company_id = 20
08:56:54 emel002 Emma Eliasson INSERTING data into tables `log_login` fields ( username, ip, browser ) values ( emel002, 94.103.194.75, Time2View/1 CFNetwork/1128.0.1 Darwin/19.6.0 ) => {inserted_id = 18101}
08:56:54 emel002 Emma Eliasson DELETE data from tables `temp_session` on conditions username LIKE emel002
08:56:54 emel002 Emma Eliasson UPDATING data to tables `time2vie_cirruscommon`.`login` fields ( login, last_time ) values (1, 2021-02-14 08:56:54) on conditions username = emel002
08:56:54 emel002 Emma Eliasson UPDATING data to tables `time2vie_cirruscommon`.`secondary_login` fields ( last_login_time ) values (2021-02-14 08:56:54) on conditions username = emel002 AND company_id = 20
09:45:42 cagu001 Carina Gustafsson UPDATING data to tables `time2vie_cirruscommon`.`secondary_login` fields ( error ) values (0) on conditions username = cagu001 AND company_id = 20
09:45:42 cagu001 Carina Gustafsson INSERTING data into tables `log_login` fields ( username, ip, browser ) values ( cagu001, 88.129.149.88, okhttp/3.12.1 ) => {inserted_id = 18102}
09:45:42 cagu001 Carina Gustafsson DELETE data from tables `temp_session` on conditions username LIKE cagu001
09:45:42 cagu001 Carina Gustafsson UPDATING data to tables `time2vie_cirruscommon`.`login` fields ( login, last_time ) values (1, 2021-02-14 09:45:42) on conditions username = cagu001
09:45:42 cagu001 Carina Gustafsson UPDATING data to tables `time2vie_cirruscommon`.`secondary_login` fields ( last_login_time ) values (2021-02-14 09:45:42) on conditions username = cagu001 AND company_id = 20
09:46:28 cagu001 Carina Gustafsson UPDATING data to tables `timetable` fields ( customer, employee, date, time_from, time_to, fkkn, type, status, comment ) values (mygu001, tiha001, 2021-02-15, 7.30, 18.00, 1, 0, 1, Bytt med Therese ) on conditions id = 18621 #Mobile-App: Log-id=18102
09:47:03 cagu001 Carina Gustafsson UPDATING data to tables `timetable` fields ( customer, employee, date, time_from, time_to, fkkn, type, status, comment ) values (mygu001, thca002, 2021-02-16, 7.30, 17.00, 1, 0, 1, Bytt med Tina H) on conditions id = 18625 #Mobile-App: Log-id=18102
10:41:50 anka019 Anna Kawalya Westerberg INSERTING data into tables `log_login` fields ( username, ip, browser ) values ( anka019, 94.103.194.75, Mozilla/5.0 (iPhone; CPU iPhone OS 14_4 like Mac OS X) AppleWebKit/605.1.15 (KHTML, like Gecko) Version/14.0.3 Mobile/15E148 Safari/604.1 ) => {inserted_id = 18103}
10:41:50 anka019 Anna Kawalya Westerberg DELETE data from tables `temp_session` on conditions username LIKE anka019
10:41:50 anka019 Anna Kawalya Westerberg UPDATING data to tables `time2vie_cirruscommon`.`login` fields ( login, last_time ) values (1, 2021-02-14 10:41:50) on conditions username = anka019
10:41:50 anka019 Anna Kawalya Westerberg UPDATING data to tables `time2vie_cirruscommon`.`secondary_login` fields ( last_login_time ) values (2021-02-14 10:41:50) on conditions username = anka019 AND company_id = 20
10:41:51 anka019 Anna Kawalya Westerberg UPDATING data to tables `time2vie_cirruscommon`.`ws_sessions` fields ( user_id ) values (anka019) on conditions session_id = l7khfdps246en6opvcks0ai0v2
11:40:35 cagu001 Carina Gustafsson UPDATING data to tables `time2vie_cirruscommon`.`secondary_login` fields ( error ) values (0) on conditions username = cagu001 AND company_id = 20
11:40:35 cagu001 Carina Gustafsson INSERTING data into tables `log_login` fields ( username, ip, browser ) values ( cagu001, 88.129.149.88, okhttp/3.12.1 ) => {inserted_id = 18104}
11:40:35 cagu001 Carina Gustafsson DELETE data from tables `temp_session` on conditions username LIKE cagu001
11:40:35 cagu001 Carina Gustafsson UPDATING data to tables `time2vie_cirruscommon`.`login` fields ( login, last_time ) values (1, 2021-02-14 11:40:35) on conditions username = cagu001
11:40:35 cagu001 Carina Gustafsson UPDATING data to tables `time2vie_cirruscommon`.`secondary_login` fields ( last_login_time ) values (2021-02-14 11:40:35) on conditions username = cagu001 AND company_id = 20
12:13:04 emel002 Emma Eliasson UPDATING data to tables `time2vie_cirruscommon`.`secondary_login` fields ( error ) values (0) on conditions username = emel002 AND company_id = 20
12:13:04 emel002 Emma Eliasson INSERTING data into tables `log_login` fields ( username, ip, browser ) values ( emel002, 90.235.32.147, Time2View/1 CFNetwork/1128.0.1 Darwin/19.6.0 ) => {inserted_id = 18105}
12:13:04 emel002 Emma Eliasson DELETE data from tables `temp_session` on conditions username LIKE emel002
12:13:04 emel002 Emma Eliasson UPDATING data to tables `time2vie_cirruscommon`.`login` fields ( login, last_time ) values (1, 2021-02-14 12:13:04) on conditions username = emel002
12:13:04 emel002 Emma Eliasson UPDATING data to tables `time2vie_cirruscommon`.`secondary_login` fields ( last_login_time ) values (2021-02-14 12:13:04) on conditions username = emel002 AND company_id = 20
14:39:50 erbe003 Erika Bengtsson INSERTING data into tables `log_login` fields ( username, ip, browser ) values ( erbe003, 94.191.137.107, Mozilla/5.0 (Linux; Android 10; SM-G960F) AppleWebKit/537.36 (KHTML, like Gecko) Chrome/88.0.4324.152 Mobile Safari/537.36 ) => {inserted_id = 18107}
14:39:50 erbe003 Erika Bengtsson DELETE data from tables `temp_session` on conditions username LIKE erbe003
14:39:50 erbe003 Erika Bengtsson UPDATING data to tables `time2vie_cirruscommon`.`login` fields ( login, last_time ) values (1, 2021-02-14 14:39:50) on conditions username = erbe003
14:39:50 erbe003 Erika Bengtsson UPDATING data to tables `time2vie_cirruscommon`.`secondary_login` fields ( last_login_time ) values (2021-02-14 14:39:50) on conditions username = erbe003 AND company_id = 20
14:39:50 erbe003 Erika Bengtsson UPDATING data to tables `time2vie_cirruscommon`.`ws_sessions` fields ( user_id ) values (erbe003) on conditions session_id = 9gd37ptqjl0s8hlqd0a5esjrb3
14:53:28 anka019 Anna Kawalya Westerberg UPDATING data to tables `time2vie_cirruscommon`.`ws_sessions` fields ( user_id ) values (anka019) on conditions session_id = l7khfdps246en6opvcks0ai0v2
16:06:18 time002 Tina Mellgren UPDATING data to tables `time2vie_cirruscommon`.`secondary_login` fields ( error ) values (0) on conditions username = time002 AND company_id = 20
16:06:18 time002 Tina Mellgren INSERTING data into tables `log_login` fields ( username, ip, browser ) values ( time002, 81.228.189.218, Time2View/1 CFNetwork/1220.1 Darwin/20.3.0 ) => {inserted_id = 18108}
16:06:18 time002 Tina Mellgren DELETE data from tables `temp_session` on conditions username LIKE time002
16:06:18 time002 Tina Mellgren UPDATING data to tables `time2vie_cirruscommon`.`login` fields ( login, last_time ) values (1, 2021-02-14 16:06:18) on conditions username = time002
16:06:18 time002 Tina Mellgren UPDATING data to tables `time2vie_cirruscommon`.`secondary_login` fields ( last_login_time ) values (2021-02-14 16:06:18) on conditions username = time002 AND company_id = 20
16:26:46 biwa003 Birgitta Wåhlander INSERTING data into tables `log_login` fields ( username, ip, browser ) values ( biwa003, 94.103.207.111, Mozilla/5.0 (iPad; CPU OS 14_4 like Mac OS X) AppleWebKit/605.1.15 (KHTML, like Gecko) CriOS/87.0.4280.77 Mobile/15E148 Safari/604.1 ) => {inserted_id = 18109}
16:26:46 biwa003 Birgitta Wåhlander DELETE data from tables `temp_session` on conditions username LIKE biwa003
16:26:46 biwa003 Birgitta Wåhlander UPDATING data to tables `time2vie_cirruscommon`.`login` fields ( login, last_time ) values (1, 2021-02-14 16:26:46) on conditions username = biwa003
16:26:46 biwa003 Birgitta Wåhlander UPDATING data to tables `time2vie_cirruscommon`.`secondary_login` fields ( last_login_time ) values (2021-02-14 16:26:46) on conditions username = biwa003 AND company_id = 20
16:26:46 biwa003 Birgitta Wåhlander UPDATING data to tables `time2vie_cirruscommon`.`ws_sessions` fields ( user_id ) values (biwa003) on conditions session_id = 3idl2t282rojnmn2e8cbrpd013
16:48:28 biwa003 Birgitta Wåhlander UPDATING data to tables `timetable` fields ( customer, employee, date, time_from, time_to, fkkn, type, status, comment ) values (chwa001, lawa002, 2021-02-17, 7.00, 15.00, 1, 0, 1, ) on conditions id = 22558
16:48:59 biwa003 Birgitta Wåhlander UPDATING data to tables `timetable` fields ( customer, employee, date, time_from, time_to, fkkn, type, status, comment ) values (chwa001, mato007, 2021-02-25, 7.00, 15.00, 1, 0, 1, ) on conditions id = 22561
16:49:20 biwa003 Birgitta Wåhlander UPDATING data to tables `timetable` fields ( customer, employee, date, time_from, time_to, fkkn, type, status, comment ) values (chwa001, lawa002, 2021-02-26, 10.30, 18.15, 1, 0, 1, ) on conditions id = 22562
17:27:44 idah001 Ida-Caroline Ahnström UPDATING data to tables `time2vie_cirruscommon`.`secondary_login` fields ( error ) values (0) on conditions username = idah001 AND company_id = 20
17:27:44 idah001 Ida-Caroline Ahnström INSERTING data into tables `log_login` fields ( username, ip, browser ) values ( idah001, 151.252.172.171, Time2View/1 CFNetwork/1220.1 Darwin/20.3.0 ) => {inserted_id = 18110}
17:27:44 idah001 Ida-Caroline Ahnström DELETE data from tables `temp_session` on conditions username LIKE idah001
17:27:44 idah001 Ida-Caroline Ahnström UPDATING data to tables `time2vie_cirruscommon`.`login` fields ( login, last_time ) values (1, 2021-02-14 17:27:44) on conditions username = idah001
17:27:44 idah001 Ida-Caroline Ahnström UPDATING data to tables `time2vie_cirruscommon`.`secondary_login` fields ( last_login_time ) values (2021-02-14 17:27:44) on conditions username = idah001 AND company_id = 20
17:59:30 anka019 Anna Kawalya Westerberg INSERTING data into tables `log_login` fields ( username, ip, browser ) values ( anka019, 94.103.194.75, Mozilla/5.0 (iPhone; CPU iPhone OS 14_4 like Mac OS X) AppleWebKit/605.1.15 (KHTML, like Gecko) Version/14.0.3 Mobile/15E148 Safari/604.1 ) => {inserted_id = 18111}
17:59:30 anka019 Anna Kawalya Westerberg DELETE data from tables `temp_session` on conditions username LIKE anka019
17:59:30 anka019 Anna Kawalya Westerberg UPDATING data to tables `time2vie_cirruscommon`.`login` fields ( login, last_time ) values (1, 2021-02-14 17:59:30) on conditions username = anka019
17:59:30 anka019 Anna Kawalya Westerberg UPDATING data to tables `time2vie_cirruscommon`.`secondary_login` fields ( last_login_time ) values (2021-02-14 17:59:30) on conditions username = anka019 AND company_id = 20
17:59:30 anka019 Anna Kawalya Westerberg UPDATING data to tables `time2vie_cirruscommon`.`ws_sessions` fields ( user_id ) values (anka019) on conditions session_id = i4j66egj121pmbvnjfq2evo8o6
18:12:59 mato007 Mattias Torbiörnson UPDATING data to tables `time2vie_cirruscommon`.`secondary_login` fields ( error ) values (0) on conditions username = mato007 AND company_id = 20
18:12:59 mato007 Mattias Torbiörnson INSERTING data into tables `log_login` fields ( username, ip, browser ) values ( mato007, 94.103.194.75, Time2View/1 CFNetwork/1220.1 Darwin/20.3.0 ) => {inserted_id = 18112}
18:12:59 mato007 Mattias Torbiörnson DELETE data from tables `temp_session` on conditions username LIKE mato007
18:12:59 mato007 Mattias Torbiörnson UPDATING data to tables `time2vie_cirruscommon`.`login` fields ( login, last_time ) values (1, 2021-02-14 18:12:59) on conditions username = mato007
18:12:59 mato007 Mattias Torbiörnson UPDATING data to tables `time2vie_cirruscommon`.`secondary_login` fields ( last_login_time ) values (2021-02-14 18:12:59) on conditions username = mato007 AND company_id = 20
19:56:16 anwa006 Andréas Wallin UPDATING data to tables `time2vie_cirruscommon`.`secondary_login` fields ( error ) values (0) on conditions username = anwa006 AND company_id = 20
19:56:16 anwa006 Andréas Wallin INSERTING data into tables `log_login` fields ( username, ip, browser ) values ( anwa006, 98.128.166.99, okhttp/3.12.1 ) => {inserted_id = 18114}
19:56:16 anwa006 Andréas Wallin DELETE data from tables `temp_session` on conditions username LIKE anwa006
19:56:16 anwa006 Andréas Wallin UPDATING data to tables `time2vie_cirruscommon`.`login` fields ( login, last_time ) values (1, 2021-02-14 19:56:16) on conditions username = anwa006
19:56:16 anwa006 Andréas Wallin UPDATING data to tables `time2vie_cirruscommon`.`secondary_login` fields ( last_login_time ) values (2021-02-14 19:56:16) on conditions username = anwa006 AND company_id = 20
19:58:15 lawa002 Lars Wåhlander UPDATING data to tables `time2vie_cirruscommon`.`secondary_login` fields ( error ) values (0) on conditions username = lawa002 AND company_id = 20
19:58:15 lawa002 Lars Wåhlander INSERTING data into tables `log_login` fields ( username, ip, browser ) values ( lawa002, 94.103.207.111, Time2View/1 CFNetwork/1220.1 Darwin/20.3.0 ) => {inserted_id = 18115}
19:58:15 lawa002 Lars Wåhlander DELETE data from tables `temp_session` on conditions username LIKE lawa002
19:58:15 lawa002 Lars Wåhlander UPDATING data to tables `time2vie_cirruscommon`.`login` fields ( login, last_time ) values (1, 2021-02-14 19:58:15) on conditions username = lawa002
19:58:15 lawa002 Lars Wåhlander UPDATING data to tables `time2vie_cirruscommon`.`secondary_login` fields ( last_login_time ) values (2021-02-14 19:58:15) on conditions username = lawa002 AND company_id = 20
21:59:40 ella003 Elin Larsson UPDATING data to tables `time2vie_cirruscommon`.`secondary_login` fields ( error ) values (0) on conditions username = ella003 AND company_id = 20
21:59:40 ella003 Elin Larsson INSERTING data into tables `log_login` fields ( username, ip, browser ) values ( ella003, 81.225.30.164, Time2View/1 CFNetwork/1220.1 Darwin/20.3.0 ) => {inserted_id = 18116}
21:59:40 ella003 Elin Larsson DELETE data from tables `temp_session` on conditions username LIKE ella003
21:59:40 ella003 Elin Larsson UPDATING data to tables `time2vie_cirruscommon`.`login` fields ( login, last_time ) values (1, 2021-02-14 21:59:40) on conditions username = ella003
21:59:40 ella003 Elin Larsson UPDATING data to tables `time2vie_cirruscommon`.`secondary_login` fields ( last_login_time ) values (2021-02-14 21:59:40) on conditions username = ella003 AND company_id = 20
22:17:33 emsa005 Emma Särnblom UPDATING data to tables `time2vie_cirruscommon`.`secondary_login` fields ( error ) values (0) on conditions username = emsa005 AND company_id = 20
22:17:33 emsa005 Emma Särnblom INSERTING data into tables `log_login` fields ( username, ip, browser ) values ( emsa005, 155.4.131.214, Time2View/1 CFNetwork/1220.1 Darwin/20.3.0 ) => {inserted_id = 18117}
22:17:33 emsa005 Emma Särnblom DELETE data from tables `temp_session` on conditions username LIKE emsa005
22:17:33 emsa005 Emma Särnblom UPDATING data to tables `time2vie_cirruscommon`.`login` fields ( login, last_time ) values (1, 2021-02-14 22:17:33) on conditions username = emsa005
22:17:33 emsa005 Emma Särnblom UPDATING data to tables `time2vie_cirruscommon`.`secondary_login` fields ( last_login_time ) values (2021-02-14 22:17:33) on conditions username = emsa005 AND company_id = 20
23:46:27 anka019 Anna Kawalya Westerberg INSERTING data into tables `log_login` fields ( username, ip, browser ) values ( anka019, 217.211.60.52, Mozilla/5.0 (iPhone; CPU iPhone OS 14_4 like Mac OS X) AppleWebKit/605.1.15 (KHTML, like Gecko) Version/14.0.3 Mobile/15E148 Safari/604.1 ) => {inserted_id = 18118}
23:46:27 anka019 Anna Kawalya Westerberg DELETE data from tables `temp_session` on conditions username LIKE anka019
23:46:27 anka019 Anna Kawalya Westerberg UPDATING data to tables `time2vie_cirruscommon`.`login` fields ( login, last_time ) values (1, 2021-02-14 23:46:27) on conditions username = anka019
23:46:27 anka019 Anna Kawalya Westerberg UPDATING data to tables `time2vie_cirruscommon`.`secondary_login` fields ( last_login_time ) values (2021-02-14 23:46:27) on conditions username = anka019 AND company_id = 20
23:46:27 anka019 Anna Kawalya Westerberg UPDATING data to tables `time2vie_cirruscommon`.`ws_sessions` fields ( user_id ) values (anka019) on conditions session_id = 0ij18cbnk056cb7epibagnk1g5
23:56:19 mato007 Mattias Torbiörnson UPDATING data to tables `time2vie_cirruscommon`.`secondary_login` fields ( error ) values (0) on conditions username = mato007 AND company_id = 20
23:56:19 mato007 Mattias Torbiörnson INSERTING data into tables `log_login` fields ( username, ip, browser ) values ( mato007, 94.103.194.75, Time2View/1 CFNetwork/1220.1 Darwin/20.3.0 ) => {inserted_id = 18119}
23:56:19 mato007 Mattias Torbiörnson DELETE data from tables `temp_session` on conditions username LIKE mato007
23:56:19 mato007 Mattias Torbiörnson UPDATING data to tables `time2vie_cirruscommon`.`login` fields ( login, last_time ) values (1, 2021-02-14 23:56:19) on conditions username = mato007
23:56:19 mato007 Mattias Torbiörnson UPDATING data to tables `time2vie_cirruscommon`.`secondary_login` fields ( last_login_time ) values (2021-02-14 23:56:19) on conditions username = mato007 AND company_id = 20
00:03:13 mato007 Mattias Torbiörnson UPDATING data to tables `time2vie_cirruscommon`.`secondary_login` fields ( error ) values (0) on conditions username = mato007 AND company_id = 20 #Mobile-App: Log-id=18119
00:03:13 mato007 Mattias Torbiörnson INSERTING data into tables `log_login` fields ( username, ip, browser ) values ( mato007, 94.103.194.75, Time2View/1 CFNetwork/1220.1 Darwin/20.3.0 ) => {inserted_id = 18120} #Mobile-App: Log-id=18119
00:03:13 mato007 Mattias Torbiörnson DELETE data from tables `temp_session` on conditions username LIKE mato007 #Mobile-App: Log-id=18120
00:03:13 mato007 Mattias Torbiörnson UPDATING data to tables `time2vie_cirruscommon`.`login` fields ( login, last_time ) values (1, 2021-02-15 00:03:13) on conditions username = mato007 #Mobile-App: Log-id=18120
00:03:13 mato007 Mattias Torbiörnson UPDATING data to tables `time2vie_cirruscommon`.`secondary_login` fields ( last_login_time ) values (2021-02-15 00:03:13) on conditions username = mato007 AND company_id = 20 #Mobile-App: Log-id=18120
00:03:32 mato007 Mattias Torbiörnson INSERTING data into tables `time2vie_cirruscommon`.`email_otp` fields ( user_id, company_id, email, otp, purpose, date ) values ( mato007, 20, mattias790524@gmail.com, 867996, EMAIL_VERIFY, 2021-02-15 00:03:32 ) => {inserted_id = 457} #Mobile-App: Log-id=18120
00:04:10 mato007 Mattias Torbiörnson UPDATING data to tables `employee` fields ( email_verified ) values (1) on conditions username = mato007 #Mobile-App: Log-id=18120
00:04:10 mato007 Mattias Torbiörnson DELETE data from tables `time2vie_cirruscommon`.`email_otp` on conditions id = 457 #Mobile-App: Log-id=18120
00:04:29 mato007 Mattias Torbiörnson INSERTING data into tables `time2vie_cirruscommon`.`sms_otp` fields ( user_id, company_id, mobile, otp, purpose, date ) values ( mato007, 20, 709699977, 184433, MOBILE_VERIFY, 2021-02-15 00:04:29 ) => {inserted_id = 1587} #Mobile-App: Log-id=18120
00:04:29 mato007 Mattias Torbiörnson INSERTING data into tables `time2vie_cirrus20`.`log_sms` fields ( from_user, to_user, to_no, message, status ) values ( unknown, mato007, 709699977, %0ADin engångskod(OTP) är: 184433.%0AAnvändarnamn : mato007%0AFöretag : VARBERGS FAMILJEASSISTANS%0AVänliga hälsningar Time2view CIRRUS, 1 ) => {inserted_id = 24} #Mobile-App: Log-id=18120
00:05:01 mato007 Mattias Torbiörnson UPDATING data to tables `employee` fields ( mobile_verified ) values (1) on conditions username = mato007 #Mobile-App: Log-id=18120
00:05:01 mato007 Mattias Torbiörnson DELETE data from tables `time2vie_cirruscommon`.`sms_otp` on conditions id = 1587 #Mobile-App: Log-id=18120
