08:40:37 gine001  UPDATING data to tables `time2vie_cirruscommon`.`secondary_login` fields ( error ) values (0) on conditions username = gine001 AND company_id = 21
08:40:37 gine001  INSERTING data into tables `log_login` fields ( username, ip, browser ) values ( gine001, 92.35.252.137, Mozilla/5.0 (Windows NT 10.0; Win64; x64; rv:60.0) Gecko/20100101 Firefox/60.0 ) => {inserted_id = 7866}
08:40:37 gine001  DELETE data from tables `temp_session` on conditions username LIKE gine001
08:40:37 gine001  UPDATING data to tables `time2vie_cirruscommon`.`login` fields ( login, last_time ) values (1, 2019-01-21 08:40:37) on conditions username = gine001
08:40:37 gine001  UPDATING data to tables `time2vie_cirruscommon`.`secondary_login` fields ( last_login_time ) values (2019-01-21 08:40:37) on conditions username = gine001 AND company_id = 21
08:40:38 gine001  UPDATING data to tables `time2vie_cirruscommon`.`ws_sessions` fields ( user_id ) values (gine001) on conditions session_id = 9e0b6ab93c81025f0b23ab6d8f2d76be
16:31:08 gine001  UPDATING data to tables `time2vie_cirruscommon`.`ws_sessions` fields ( user_id ) values (gine001) on conditions session_id = 7fef743a378265c0b888159bad1477e3
16:31:47 gine001  UPDATING data to tables `time2vie_cirruscommon`.`login` fields ( mobile, social_security ) values (, 9806020070) on conditions username = moaw001
16:31:47 gine001  UPDATING data to tables `customer` fields ( code, century, social_security, first_name, last_name, address, city, post, phone, mobile, email, date, status, date_inactive, fkkn, gender, employee_contract_start_month, employee_contract_period_date, employee_contract_period_length, kn_name, kn_address, kn_postno, kn_reference_no, kn_box, kn_city ) values (002-0-011, 19, 9806020070, Mohammad, Awad, , , , , , , 2017-03-29, 0, 2019-01-28, 1, 1, , , , , , , , , ) on conditions username = moaw001
16:31:47 gine001  DELETE data from tables `timetable` on conditions date >= 2019-01-28 AND customer = moaw001
16:31:47 gine001  DELETE data from tables `team` on conditions customer = moaw001
16:31:47 gine001  INSERTING data into tables `team` fields ( customer, employee, role ) values ( moaw001, naab004, 3 ) => {inserted_id = 0}
16:38:38 gine001  UPDATING data to tables `time2vie_cirruscommon`.`ws_sessions` fields ( user_id ) values (gine001) on conditions session_id = 7fef743a378265c0b888159bad1477e3
16:52:29 gine001  UPDATING data to tables `time2vie_cirruscommon`.`ws_sessions` fields ( user_id ) values (gine001) on conditions session_id = 7fef743a378265c0b888159bad1477e3
17:43:46 gine001 Gilad Nevo UPDATING data to tables `time2vie_cirruscommon`.`secondary_login` fields ( error ) values (1) on conditions username = gine001 AND company_id = 21
17:43:55 gine001  UPDATING data to tables `time2vie_cirruscommon`.`secondary_login` fields ( error ) values (0) on conditions username = gine001 AND company_id = 21
17:43:55 gine001  INSERTING data into tables `log_login` fields ( username, ip, browser ) values ( gine001, 178.28.231.112, Mozilla/5.0 (Windows NT 10.0; Win64; x64; rv:60.0) Gecko/20100101 Firefox/60.0 ) => {inserted_id = 7870}
17:43:55 gine001  DELETE data from tables `temp_session` on conditions username LIKE gine001
17:43:55 gine001  UPDATING data to tables `time2vie_cirruscommon`.`login` fields ( login, last_time ) values (1, 2019-01-28 17:43:55) on conditions username = gine001
17:43:55 gine001  UPDATING data to tables `time2vie_cirruscommon`.`secondary_login` fields ( last_login_time ) values (2019-01-28 17:43:55) on conditions username = gine001 AND company_id = 21
17:43:56 gine001  UPDATING data to tables `time2vie_cirruscommon`.`ws_sessions` fields ( user_id ) values (gine001) on conditions session_id = 7fef743a378265c0b888159bad1477e3
17:48:03 gine001  INSERTING data into tables `time2vie_cirruscommon`.`login` fields ( username, mobile, social_security, password, role, login, date, company_ids ) values ( mado002, 730290036, 8707160753, fc10edfc4efbed6dd6c3189268bec557, 1, 0, 2019-01-28, 21, ) => {inserted_id = 0}
17:48:03 gine001  INSERTING data into tables `time2vie_cirruscommon`.`secondary_login` fields ( username, company_id, last_login_time, last_pw_update_date, error, password ) values ( mado002, 21, 0000-00-00 00:00:00, 2019-01-28, 0, fc10edfc4efbed6dd6c3189268bec557 ) => {inserted_id = 8226}
17:48:03 gine001  INSERTING data into tables `employee` fields ( username, century, code, social_security, first_name, last_name, gender, address, city, post, phone, mobile, email, date, color, status, date_inactive, max_hours, monthly_salary, start_day, remaining_sem_leave, sem_leave_todate, leave_in_advance, care_of, office_personal, substitute, salary_type, sem_leave_days, vab_leave_days, fp_leave_days, nopay_leave_days, other_leave_days, ice, employee_contract_start_month, employee_contract_period_date, employee_contract_period_length, candg_follow, inconvenient_on ) values ( mado002, 19, 1, 8707160753, Marcelo, Dorfler, 1, Kungsgatan 4, Karlstad, 65224, , 730290036, marcelodorfler@hotmail.com, 2019-01-28, #932eb4, 1, , , 0, 10.00, , , , , , , 1, , , , , , , , , , , 1 ) => {inserted_id = 0}
17:48:03 gine001  UPDATING data to tables `time2vie_cirruscommon`.`login` fields ( company_ids=CONCAT(`company_ids`,?) ) values (21,) on conditions social_security = 8707160753 AND company_ids NOT LIKE %21,%
17:49:01 gine001  UPDATING data to tables `time2vie_cirruscommon`.`ws_sessions` fields ( user_id ) values (gine001) on conditions session_id = 7fef743a378265c0b888159bad1477e3
17:49:46 mado002 Marcelo Dorfler INSERTING data into tables `log_login` fields ( username, ip, browser ) values ( mado002, 83.251.205.62, Mozilla/5.0 (Macintosh; Intel Mac OS X 10_11_6) AppleWebKit/537.36 (KHTML, like Gecko) Chrome/71.0.3578.98 Safari/537.36 ) => {inserted_id = 7871}
17:50:08 mado002 Marcelo Dorfler UPDATING data to tables `time2vie_cirruscommon`.`secondary_login` fields ( password, last_pw_update_date, error ) values (664501aa59c29c5f8ff2374af3e835a6, 2019-01-28 16:50:08, 0) on conditions username = mado002 AND company_id = 21
17:50:08 mado002 Marcelo Dorfler INSERTING data into tables `log_password` fields ( username, passwords ) values ( mado002, fc10edfc4efbed6dd6c3189268bec557 ) => {inserted_id = 0}
17:50:08 mado002 Marcelo Dorfler DELETE data from tables `temp_session` on conditions username LIKE mado002
17:50:08 mado002 Marcelo Dorfler UPDATING data to tables `time2vie_cirruscommon`.`login` fields ( login, last_time ) values (1, 2019-01-28 17:50:08) on conditions username = mado002
17:50:08 mado002 Marcelo Dorfler UPDATING data to tables `time2vie_cirruscommon`.`secondary_login` fields ( last_login_time ) values (2019-01-28 17:50:08) on conditions username = mado002 AND company_id = 21
17:50:09 mado002 Marcelo Dorfler UPDATING data to tables `time2vie_cirruscommon`.`ws_sessions` fields ( user_id ) values (mado002) on conditions session_id = 55fa87b4fe1e651c54b22916f010c8b7
17:50:35 gine001  UPDATING data to tables `time2vie_cirruscommon`.`ws_sessions` fields ( user_id ) values (gine001) on conditions session_id = 7fef743a378265c0b888159bad1477e3
17:57:00 gine001  UPDATING data to tables `time2vie_cirruscommon`.`ws_sessions` fields ( user_id ) values (gine001) on conditions session_id = 7fef743a378265c0b888159bad1477e3
18:16:57 gine001  UPDATING data to tables `time2vie_cirruscommon`.`ws_sessions` fields ( user_id ) values (gine001) on conditions session_id = 7fef743a378265c0b888159bad1477e3
18:18:53 gine001  UPDATING data to tables `time2vie_cirruscommon`.`ws_sessions` fields ( user_id ) values (gine001) on conditions session_id = 7fef743a378265c0b888159bad1477e3
