15:58:28 zefe001 Zeid Feili UPDATING data to tables `time2vie_cirruscommon`.`secondary_login` fields ( error ) values (0) on conditions username = zefe001 AND company_id = 21
15:58:28 zefe001 Zeid Feili INSERTING data into tables `log_login` fields ( username, ip, browser ) values ( zefe001, 130.240.172.81, Mozilla/5.0 (Windows NT 10.0; Win64; x64) AppleWebKit/537.36 (KHTML, like Gecko) Chrome/76.0.3809.132 Safari/537.36 ) => {inserted_id = 7888}
15:58:28 zefe001 Zeid Feili DELETE data from tables `temp_session` on conditions username LIKE zefe001
15:58:28 zefe001 Zeid Feili UPDATING data to tables `time2vie_cirruscommon`.`login` fields ( login, last_time ) values (1, 2019-09-03 15:58:28) on conditions username = zefe001
15:58:28 zefe001 Zeid Feili UPDATING data to tables `time2vie_cirruscommon`.`secondary_login` fields ( last_login_time ) values (2019-09-03 15:58:28) on conditions username = zefe001 AND company_id = 21
15:58:29 zefe001 Zeid Feili UPDATING data to tables `time2vie_cirruscommon`.`ws_sessions` fields ( user_id ) values (zefe001) on conditions session_id = d28c655ea79b74954697ea659f522c56
15:58:29 zefe001 Zeid Feili UPDATING data to tables `time2vie_cirruscommon`.`ws_sessions` fields ( user_id ) values (zefe001) on conditions session_id = d28c655ea79b74954697ea659f522c56
16:00:02 zefe001 Zeid Feili UPDATING data to tables `time2vie_cirruscommon`.`login` fields ( role, mobile ) values (3, 738918541) on conditions username = kaed002
16:00:02 zefe001 Zeid Feili UPDATING data to tables `employee` fields ( code, century, social_security, first_name, last_name, gender, address, city, post, phone, mobile, email, date, color, status, date_inactive, max_hours, monthly_salary, start_day, remaining_sem_leave, sem_leave_todate, leave_in_advance, care_of, office_personal, substitute, salary_type, sem_leave_days, vab_leave_days, fp_leave_days, nopay_leave_days, other_leave_days, ice, employee_contract_start_month, employee_contract_period_date, employee_contract_period_length, candg_follow, inconvenient_on ) values (101, 19, 9908260269, Katharina, Edith Schulz, 2, Gamla Vägen 8, Ödskölt, 66895, , 738918541, gilad.nevo@time2view.se, 2019-07-26, #f1aa76, 1, , , 0, 10.00, 0, , 0, , 0, 0, 1, 0, 0, 0, 0, 0, , , , , 0, 1) on conditions username = kaed002
16:00:03 zefe001 Zeid Feili DELETE data from tables `team` on conditions employee = kaed002
16:00:03 zefe001 Zeid Feili INSERTING data into tables `team` fields ( customer, employee, role ) values ( algr001, kaed002, 3 ) => {inserted_id = 0}
16:01:22 zefe001 Zeid Feili UPDATING data to tables `time2vie_cirruscommon`.`login` fields ( role, mobile ) values (3, 738918541) on conditions username = kaed002
16:01:22 zefe001 Zeid Feili UPDATING data to tables `employee` fields ( code, century, social_security, first_name, last_name, gender, address, city, post, phone, mobile, email, date, color, status, date_inactive, max_hours, monthly_salary, start_day, remaining_sem_leave, sem_leave_todate, leave_in_advance, care_of, office_personal, substitute, salary_type, sem_leave_days, vab_leave_days, fp_leave_days, nopay_leave_days, other_leave_days, ice, employee_contract_start_month, employee_contract_period_date, employee_contract_period_length, candg_follow, inconvenient_on ) values (101, 19, 9908260269, Katharina, Edith Schulz, 2, Gamla Vägen 8, Ödskölt, 66895, , 738918541, gn.nevo@gmail.com, 2019-07-26, #f1aa76, 1, , , 0, 10.00, 0, , 0, , 0, 0, 1, 0, 0, 0, 0, 0, , , , , 0, 1) on conditions username = kaed002
16:01:22 zefe001 Zeid Feili DELETE data from tables `team` on conditions employee = kaed002
16:01:22 zefe001 Zeid Feili INSERTING data into tables `team` fields ( customer, employee, role ) values ( algr001, kaed002, 3 ) => {inserted_id = 0}
16:04:20 zefe001 Zeid Feili UPDATING data to tables `time2vie_cirruscommon`.`login` fields ( password, mobile, role, error, date ) values (529955b64d93507cd546fe047ccbf2e9, 738918541, 3, 0, 2019-09-03) on conditions username = kaed002
16:04:20 zefe001 Zeid Feili UPDATING data to tables `time2vie_cirruscommon`.`secondary_login` fields ( password, error, last_pw_update_date ) values (529955b64d93507cd546fe047ccbf2e9, 0, 2019-09-03 14:04:20) on conditions username = kaed002 AND company_id = 21
16:04:20 zefe001 Zeid Feili UPDATING data to tables `employee` fields ( code, century, social_security, first_name, last_name, gender, address, city, post, phone, mobile, email, date, color, status, date_inactive, max_hours, monthly_salary, start_day, remaining_sem_leave, sem_leave_todate, leave_in_advance, care_of, office_personal, substitute, salary_type, sem_leave_days, vab_leave_days, fp_leave_days, nopay_leave_days, other_leave_days, ice, employee_contract_start_month, employee_contract_period_date, employee_contract_period_length, candg_follow, inconvenient_on ) values (101, 19, 9908260269, Katharina, Edith Schulz, 2, Gamla Vägen 8, Ödskölt, 66895, , 738918541, katharina.edith2.0@gmail.com, 2019-07-26, #f1aa76, 1, , , 0, 10.00, 0, , 0, , 0, 0, 1, 0, 0, 0, 0, 0, , , , , 0, 1) on conditions username = kaed002
16:04:21 zefe001 Zeid Feili DELETE data from tables `team` on conditions employee = kaed002
16:04:21 zefe001 Zeid Feili INSERTING data into tables `team` fields ( customer, employee, role ) values ( algr001, kaed002, 3 ) => {inserted_id = 0}
16:06:32 zefe001 Zeid Feili UPDATING data to tables `time2vie_cirruscommon`.`login` fields ( role, mobile ) values (3, 738918541) on conditions username = kaed002
16:06:32 zefe001 Zeid Feili UPDATING data to tables `employee` fields ( code, century, social_security, first_name, last_name, gender, address, city, post, phone, mobile, email, date, color, status, date_inactive, max_hours, monthly_salary, start_day, remaining_sem_leave, sem_leave_todate, leave_in_advance, care_of, office_personal, substitute, salary_type, sem_leave_days, vab_leave_days, fp_leave_days, nopay_leave_days, other_leave_days, ice, employee_contract_start_month, employee_contract_period_date, employee_contract_period_length, candg_follow, inconvenient_on ) values (101, 19, 9908260269, Katharina, Edith Schulz, 2, Gamla Vägen 8, Ödskölt, 66895, , 738918541, gn.nevo@gmail.com, 2019-07-26, #f1aa76, 1, , , 0, 10.00, 0, , 0, , 0, 0, 1, 0, 0, 0, 0, 0, , , , , 0, 1) on conditions username = kaed002
16:06:32 zefe001 Zeid Feili DELETE data from tables `team` on conditions employee = kaed002
16:06:32 zefe001 Zeid Feili INSERTING data into tables `team` fields ( customer, employee, role ) values ( algr001, kaed002, 3 ) => {inserted_id = 0}
16:07:30 zefe001 Zeid Feili UPDATING data to tables `time2vie_cirruscommon`.`login` fields ( role, mobile ) values (3, 738918541) on conditions username = kaed002
16:07:30 zefe001 Zeid Feili UPDATING data to tables `employee` fields ( code, century, social_security, first_name, last_name, gender, address, city, post, phone, mobile, email, date, color, status, date_inactive, max_hours, monthly_salary, start_day, remaining_sem_leave, sem_leave_todate, leave_in_advance, care_of, office_personal, substitute, salary_type, sem_leave_days, vab_leave_days, fp_leave_days, nopay_leave_days, other_leave_days, ice, employee_contract_start_month, employee_contract_period_date, employee_contract_period_length, candg_follow, inconvenient_on ) values (101, 19, 9908260269, Katharina, Edith Schulz, 2, Gamla Vägen 8, Ödskölt, 66895, , 738918541, katharina.edith2.0@gmail.com, 2019-07-26, #f1aa76, 1, , , 0, 10.00, 0, , 0, , 0, 0, 1, 0, 0, 0, 0, 0, , , , , 0, 1) on conditions username = kaed002
16:07:30 zefe001 Zeid Feili DELETE data from tables `team` on conditions employee = kaed002
16:07:30 zefe001 Zeid Feili INSERTING data into tables `team` fields ( customer, employee, role ) values ( algr001, kaed002, 3 ) => {inserted_id = 0}
16:07:51 zefe001 Zeid Feili UPDATING data to tables `privileges_reports` fields ( customer_schedule, employee_schedule, employee_workreport, customer_data, customer_leave, customer_granded_vs_used, customer_employee_connection, customer_horizontal, customer_overview, customer_vacation_planning, employee_data, employee_leave, employee_percentage, atl_warning, customer_overlapping, employee_skill
                     ) values (0, 0, 1, 0, 0, 0, 0, 0, 0, 0, 0, 0, 0, 0, 0, 0) on conditions employee = kaed002
16:08:21 zefe001 Zeid Feili UPDATING data to tables `time2vie_cirruscommon`.`login` fields ( password, mobile, role, error, date ) values (1b52efd56f520eed4948863dedf1cec2, 733004984, 3, 0, 2019-09-03) on conditions username = alsc001
16:08:21 zefe001 Zeid Feili UPDATING data to tables `time2vie_cirruscommon`.`secondary_login` fields ( password, error, last_pw_update_date ) values (1b52efd56f520eed4948863dedf1cec2, 0, 2019-09-03 14:08:21) on conditions username = alsc001 AND company_id = 21
16:08:21 zefe001 Zeid Feili UPDATING data to tables `employee` fields ( code, century, social_security, first_name, last_name, gender, address, city, post, phone, mobile, email, date, color, status, date_inactive, max_hours, monthly_salary, start_day, remaining_sem_leave, sem_leave_todate, leave_in_advance, care_of, office_personal, substitute, salary_type, sem_leave_days, vab_leave_days, fp_leave_days, nopay_leave_days, other_leave_days, ice, employee_contract_start_month, employee_contract_period_date, employee_contract_period_length, candg_follow, inconvenient_on ) values (102, 19, 9604045337, Alexander Franz, Schulz, 1, Gamla Vägen 8, Ödskölt, 66895, , 733004984, alexander-s33@hotmail.com, 2019-07-26, #84b8a8, 1, , , 0, 10.00, 0, , 0, , 0, 0, 1, 0, 0, 0, 0, 0, , , , , 0, 1) on conditions username = alsc001
16:08:21 zefe001 Zeid Feili DELETE data from tables `team` on conditions employee = alsc001
16:08:21 zefe001 Zeid Feili INSERTING data into tables `team` fields ( customer, employee, role ) values ( algr001, alsc001, 3 ) => {inserted_id = 0}
16:38:56 zefe001 Zeid Feili UPDATING data to tables `time2vie_cirruscommon`.`ws_sessions` fields ( user_id ) values (zefe001) on conditions session_id = d28c655ea79b74954697ea659f522c56
16:39:06 zefe001 Zeid Feili DELETE data from tables `temp_session` on conditions username LIKE zefe001
16:39:06 zefe001 Zeid Feili UPDATING data to tables `time2vie_cirruscommon`.`login` fields ( login, last_time ) values (0, 2019-09-03 16:39:06) on conditions username = zefe001
16:39:06 zefe001 Zeid Feili UPDATING data to tables `time2vie_cirruscommon`.`secondary_login` fields ( last_login_time ) values (2019-09-03 16:39:06) on conditions username = zefe001 AND company_id = 21
16:39:06   UPDATING data to tables `log_login` fields ( logout_time ) values (2019-09-03:14:39:06) on conditions id = 7888 AND username = zefe001
