07:34:45 gine001 Gilad Nevo1 INSERTING data into tables `log_login` fields ( username, ip, browser ) values ( gine001, 89.233.236.131, Mozilla/5.0 (Windows NT 10.0; Win64; x64; rv:68.0) Gecko/20100101 Firefox/68.0 ) => {inserted_id = 7956}
07:34:45 gine001 Gilad Nevo1 DELETE data from tables `temp_session` on conditions username LIKE gine001
07:34:45 gine001 Gilad Nevo1 UPDATING data to tables `time2vie_cirruscommon`.`login` fields ( login, last_time ) values (1, 2019-11-05 07:34:45) on conditions username = gine001
07:34:45 gine001 Gilad Nevo1 UPDATING data to tables `time2vie_cirruscommon`.`secondary_login` fields ( last_login_time ) values (2019-11-05 07:34:45) on conditions username = gine001 AND company_id = 21
07:35:39 gine001 Gilad Nevo1 INSERTING data into tables `fk_export` fields ( year, month, customer, employee, uuid, xml, tx_id, created_by, created_date ) values ( 2019, 10, algr001, kaed002, 6a582b00-0010-2019-0010-91a79d002001, <?xml version="1.0" encoding="UTF-8"?>
            <ns:Tidredovisning xmlns:ns="http://schema.forsakringskassan.se/integration/isassistansersattning/tidredovisning/1">
                    <ns:id>6a582b00-0010-2019-0010-91a79d002001</ns:id>
                    <ns:redovisningsmanad>2019-10</ns:redovisningsmanad>
                    <ns:personSomHarAssistans>
                      <ns:personnummer>201104286651</ns:personnummer>
                      <ns:fornamn>Alfred</ns:fornamn>
                      <ns:efternamn>Gripö Lundberg</ns:efternamn>
                    </ns:personSomHarAssistans>
                    <ns:assistent>
                        <ns:personnummer>199908260269</ns:personnummer>
                        <ns:fornamn>Katharina</ns:fornamn>
                        <ns:efternamn>Edith Schulz</ns:efternamn>
                        <ns:kollektivavtal>false</ns:kollektivavtal>
                    </ns:assistent>
                    <ns:berakningsperiod>
                        <ns:fromDag>2019-09-01</ns:fromDag>
                        <ns:tomDag>2019-12-31</ns:tomDag>
                    </ns:berakningsperiod><ns:assistansanordnare>
                                    <ns:anordnareNamn>Värmland assistans AB</ns:anordnareNamn>
                                    <ns:organisationsnummer>5569441065</ns:organisationsnummer>
                                    <ns:kontaktperson>Zeid Feili</ns:kontaktperson><ns:telefonnummer>0739426626</ns:telefonnummer><ns:assistentAnstalldAvAnordnare>true</ns:assistentAnstalldAvAnordnare></ns:assistansanordnare><ns:tidrapport>
                        <ns:rapportRad>
                                                    <ns:dag>01</ns:dag>
                                                    <ns:fromTid>14.00</ns:fromTid>
                                                    <ns:tomTid>18.00</ns:tomTid><ns:aktivTid>true</ns:aktivTid>
                                                </ns:rapportRad><ns:rapportRad>
                                                    <ns:dag>01</ns:dag>
                                                    <ns:fromTid>19.30</ns:fromTid>
                                                    <ns:tomTid>21.00</ns:tomTid><ns:aktivTid>true</ns:aktivTid>
                                                </ns:rapportRad><ns:rapportRad>
                                                    <ns:dag>02</ns:dag>
                                                    <ns:fromTid>14.00</ns:fromTid>
                                                    <ns:tomTid>18.00</ns:tomTid><ns:aktivTid>true</ns:aktivTid>
                                                </ns:rapportRad><ns:rapportRad>
                                                    <ns:dag>02</ns:dag>
                                                    <ns:fromTid>19.30</ns:fromTid>
                                                    <ns:tomTid>21.00</ns:tomTid><ns:aktivTid>true</ns:aktivTid>
                                                </ns:rapportRad><ns:rapportRad>
                                                    <ns:dag>03</ns:dag>
                                                    <ns:fromTid>14.00</ns:fromTid>
                                                    <ns:tomTid>18.00</ns:tomTid><ns:aktivTid>true</ns:aktivTid>
                                                </ns:rapportRad><ns:rapportRad>
                                                    <ns:dag>03</ns:dag>
                                                    <ns:fromTid>19.30</ns:fromTid>
                                                    <ns:tomTid>21.00</ns:tomTid><ns:aktivTid>true</ns:aktivTid>
                                                </ns:rapportRad><ns:rapportRad>
                                                    <ns:dag>04</ns:dag>
                                                    <ns:fromTid>21.00</ns:fromTid>
                                                    <ns:tomTid>24.00</ns:tomTid><ns:aktivTid>true</ns:aktivTid>
                                                </ns:rapportRad><ns:rapportRad>
                                                    <ns:dag>05</ns:dag>
                                                    <ns:fromTid>14.00</ns:fromTid>
                                                    <ns:tomTid>18.00</ns:tomTid><ns:aktivTid>true</ns:aktivTid>
                                                </ns:rapportRad><ns:rapportRad>
                                                    <ns:dag>06</ns:dag>
                                                    <ns:fromTid>14.00</ns:fromTid>
                                                    <ns:tomTid>18.00</ns:tomTid><ns:aktivTid>true</ns:aktivTid>
                                                </ns:rapportRad><ns:rapportRad>
                                                    <ns:dag>07</ns:dag>
                                                    <ns:fromTid>14.00</ns:fromTid>
                                                    <ns:tomTid>18.00</ns:tomTid><ns:aktivTid>true</ns:aktivTid>
                                                </ns:rapportRad><ns:rapportRad>
                                                    <ns:dag>08</ns:dag>
                                                    <ns:fromTid>14.00</ns:fromTid>
                                                    <ns:tomTid>18.00</ns:tomTid><ns:aktivTid>true</ns:aktivTid>
                                                </ns:rapportRad><ns:rapportRad>
                                                    <ns:dag>09</ns:dag>
                                                    <ns:fromTid>14.00</ns:fromTid>
                                                    <ns:tomTid>18.00</ns:tomTid><ns:aktivTid>true</ns:aktivTid>
                                                </ns:rapportRad><ns:rapportRad>
                                                    <ns:dag>10</ns:dag>
                                                    <ns:fromTid>14.00</ns:fromTid>
                                                    <ns:tomTid>18.00</ns:tomTid><ns:aktivTid>true</ns:aktivTid>
                                                </ns:rapportRad><ns:rapportRad>
                                                    <ns:dag>11</ns:dag>
                                                    <ns:fromTid>14.00</ns:fromTid>
                                                    <ns:tomTid>18.00</ns:tomTid><ns:aktivTid>true</ns:aktivTid>
                                                </ns:rapportRad><ns:rapportRad>
                                                    <ns:dag>12</ns:dag>
                                                    <ns:fromTid>14.00</ns:fromTid>
                                                    <ns:tomTid>18.00</ns:tomTid><ns:aktivTid>true</ns:aktivTid>
                                                </ns:rapportRad><ns:rapportRad>
                                                    <ns:dag>13</ns:dag>
                                                    <ns:fromTid>14.00</ns:fromTid>
                                                    <ns:tomTid>18.00</ns:tomTid><ns:aktivTid>true</ns:aktivTid>
                                                </ns:rapportRad><ns:rapportRad>
                                                    <ns:dag>14</ns:dag>
                                                    <ns:fromTid>14.00</ns:fromTid>
                                                    <ns:tomTid>18.00</ns:tomTid><ns:aktivTid>true</ns:aktivTid>
                                                </ns:rapportRad><ns:rapportRad>
                                                    <ns:dag>15</ns:dag>
                                                    <ns:fromTid>14.00</ns:fromTid>
                                                    <ns:tomTid>18.00</ns:tomTid><ns:aktivTid>true</ns:aktivTid>
                                                </ns:rapportRad><ns:rapportRad>
                                                    <ns:dag>16</ns:dag>
                                                    <ns:fromTid>14.00</ns:fromTid>
                                                    <ns:tomTid>18.00</ns:tomTid><ns:aktivTid>true</ns:aktivTid>
                                                </ns:rapportRad><ns:rapportRad>
                                                    <ns:dag>17</ns:dag>
                                                    <ns:fromTid>14.00</ns:fromTid>
                                                    <ns:tomTid>18.00</ns:tomTid><ns:aktivTid>true</ns:aktivTid>
                                                </ns:rapportRad><ns:rapportRad>
                                                    <ns:dag>18</ns:dag>
                                                    <ns:fromTid>14.00</ns:fromTid>
                                                    <ns:tomTid>18.00</ns:tomTid><ns:aktivTid>true</ns:aktivTid>
                                                </ns:rapportRad><ns:rapportRad>
                                                    <ns:dag>19</ns:dag>
                                                    <ns:fromTid>14.00</ns:fromTid>
                                                    <ns:tomTid>18.00</ns:tomTid><ns:aktivTid>true</ns:aktivTid>
                                                </ns:rapportRad><ns:rapportRad>
                                                    <ns:dag>20</ns:dag>
                                                    <ns:fromTid>14.00</ns:fromTid>
                                                    <ns:tomTid>18.00</ns:tomTid><ns:aktivTid>true</ns:aktivTid>
                                                </ns:rapportRad><ns:rapportRad>
                                                    <ns:dag>21</ns:dag>
                                                    <ns:fromTid>14.00</ns:fromTid>
                                                    <ns:tomTid>18.00</ns:tomTid><ns:aktivTid>true</ns:aktivTid>
                                                </ns:rapportRad><ns:rapportRad>
                                                    <ns:dag>22</ns:dag>
                                                    <ns:fromTid>14.00</ns:fromTid>
                                                    <ns:tomTid>18.00</ns:tomTid><ns:aktivTid>true</ns:aktivTid>
                                                </ns:rapportRad><ns:rapportRad>
                                                    <ns:dag>23</ns:dag>
                                                    <ns:fromTid>14.00</ns:fromTid>
                                                    <ns:tomTid>18.00</ns:tomTid><ns:aktivTid>true</ns:aktivTid>
                                                </ns:rapportRad><ns:rapportRad>
                                                    <ns:dag>24</ns:dag>
                                                    <ns:fromTid>14.00</ns:fromTid>
                                                    <ns:tomTid>18.00</ns:tomTid><ns:aktivTid>true</ns:aktivTid>
                                                </ns:rapportRad><ns:rapportRad>
                                                    <ns:dag>25</ns:dag>
                                                    <ns:fromTid>14.00</ns:fromTid>
                                                    <ns:tomTid>18.00</ns:tomTid><ns:aktivTid>true</ns:aktivTid>
                                                </ns:rapportRad><ns:rapportRad>
                                                    <ns:dag>26</ns:dag>
                                                    <ns:fromTid>14.00</ns:fromTid>
                                                    <ns:tomTid>18.00</ns:tomTid><ns:aktivTid>true</ns:aktivTid>
                                                </ns:rapportRad><ns:rapportRad>
                                                    <ns:dag>27</ns:dag>
                                                    <ns:fromTid>14.00</ns:fromTid>
                                                    <ns:tomTid>18.00</ns:tomTid><ns:aktivTid>true</ns:aktivTid>
                                                </ns:rapportRad><ns:rapportRad>
                                                    <ns:dag>28</ns:dag>
                                                    <ns:fromTid>14.00</ns:fromTid>
                                                    <ns:tomTid>18.00</ns:tomTid><ns:aktivTid>true</ns:aktivTid>
                                                </ns:rapportRad><ns:rapportRad>
                                                    <ns:dag>29</ns:dag>
                                                    <ns:fromTid>14.00</ns:fromTid>
                                                    <ns:tomTid>18.00</ns:tomTid><ns:aktivTid>true</ns:aktivTid>
                                                </ns:rapportRad><ns:rapportRad>
                                                    <ns:dag>30</ns:dag>
                                                    <ns:fromTid>14.00</ns:fromTid>
                                                    <ns:tomTid>18.00</ns:tomTid><ns:aktivTid>true</ns:aktivTid>
                                                </ns:rapportRad><ns:rapportRad>
                                                    <ns:dag>31</ns:dag>
                                                    <ns:fromTid>14.00</ns:fromTid>
                                                    <ns:tomTid>18.00</ns:tomTid><ns:aktivTid>true</ns:aktivTid>
                                                </ns:rapportRad>
                    </ns:tidrapport><ns:telefonnummerAnordnare>054-8201010</ns:telefonnummerAnordnare><ns:telefonnummerAssistent>738918541</ns:telefonnummerAssistent></ns:Tidredovisning>, 5969344a-8a17-49a9-b98f-4c2948e0bc26, gine001, 2019-11-05 7:35:39 ) => {inserted_id = 5}
07:35:39 gine001 Gilad Nevo1 INSERTING data into tables `fk_export` fields ( year, month, customer, employee, uuid, xml, tx_id, created_by, created_date ) values ( 2019, 10, algr001, alsc001, 6a582b00-0010-2019-0010-6a5b1c001001, <?xml version="1.0" encoding="UTF-8"?>
            <ns:Tidredovisning xmlns:ns="http://schema.forsakringskassan.se/integration/isassistansersattning/tidredovisning/1">
                    <ns:id>6a582b00-0010-2019-0010-6a5b1c001001</ns:id>
                    <ns:redovisningsmanad>2019-10</ns:redovisningsmanad>
                    <ns:personSomHarAssistans>
                      <ns:personnummer>201104286651</ns:personnummer>
                      <ns:fornamn>Alfred</ns:fornamn>
                      <ns:efternamn>Gripö Lundberg</ns:efternamn>
                    </ns:personSomHarAssistans>
                    <ns:assistent>
                        <ns:personnummer>199604045337</ns:personnummer>
                        <ns:fornamn>Alexander Franz</ns:fornamn>
                        <ns:efternamn>Schulz</ns:efternamn>
                        <ns:kollektivavtal>false</ns:kollektivavtal>
                    </ns:assistent>
                    <ns:berakningsperiod>
                        <ns:fromDag>2019-09-01</ns:fromDag>
                        <ns:tomDag>2019-12-31</ns:tomDag>
                    </ns:berakningsperiod><ns:assistansanordnare>
                                    <ns:anordnareNamn>Värmland assistans AB</ns:anordnareNamn>
                                    <ns:organisationsnummer>5569441065</ns:organisationsnummer>
                                    <ns:kontaktperson>Zeid Feili</ns:kontaktperson><ns:telefonnummer>0739426626</ns:telefonnummer><ns:assistentAnstalldAvAnordnare>true</ns:assistentAnstalldAvAnordnare></ns:assistansanordnare><ns:tidrapport>
                        <ns:rapportRad>
                                                    <ns:dag>01</ns:dag>
                                                    <ns:fromTid>00.00</ns:fromTid>
                                                    <ns:tomTid>01.00</ns:tomTid><ns:aktivTid>true</ns:aktivTid>
                                                </ns:rapportRad><ns:rapportRad>
                                                    <ns:dag>01</ns:dag>
                                                    <ns:fromTid>21.00</ns:fromTid>
                                                    <ns:tomTid>24.00</ns:tomTid><ns:aktivTid>true</ns:aktivTid>
                                                </ns:rapportRad><ns:rapportRad>
                                                    <ns:dag>02</ns:dag>
                                                    <ns:fromTid>00.00</ns:fromTid>
                                                    <ns:tomTid>01.00</ns:tomTid><ns:aktivTid>true</ns:aktivTid>
                                                </ns:rapportRad><ns:rapportRad>
                                                    <ns:dag>02</ns:dag>
                                                    <ns:fromTid>21.00</ns:fromTid>
                                                    <ns:tomTid>24.00</ns:tomTid><ns:aktivTid>true</ns:aktivTid>
                                                </ns:rapportRad><ns:rapportRad>
                                                    <ns:dag>03</ns:dag>
                                                    <ns:fromTid>00.00</ns:fromTid>
                                                    <ns:tomTid>01.00</ns:tomTid><ns:aktivTid>true</ns:aktivTid>
                                                </ns:rapportRad><ns:rapportRad>
                                                    <ns:dag>03</ns:dag>
                                                    <ns:fromTid>21.00</ns:fromTid>
                                                    <ns:tomTid>24.00</ns:tomTid><ns:aktivTid>true</ns:aktivTid>
                                                </ns:rapportRad><ns:rapportRad>
                                                    <ns:dag>04</ns:dag>
                                                    <ns:fromTid>00.00</ns:fromTid>
                                                    <ns:tomTid>01.00</ns:tomTid><ns:aktivTid>true</ns:aktivTid>
                                                </ns:rapportRad><ns:rapportRad>
                                                    <ns:dag>04</ns:dag>
                                                    <ns:fromTid>14.00</ns:fromTid>
                                                    <ns:tomTid>18.00</ns:tomTid><ns:aktivTid>true</ns:aktivTid>
                                                </ns:rapportRad><ns:rapportRad>
                                                    <ns:dag>05</ns:dag>
                                                    <ns:fromTid>00.00</ns:fromTid>
                                                    <ns:tomTid>01.00</ns:tomTid><ns:aktivTid>true</ns:aktivTid>
                                                </ns:rapportRad><ns:rapportRad>
                                                    <ns:dag>05</ns:dag>
                                                    <ns:fromTid>21.00</ns:fromTid>
                                                    <ns:tomTid>24.00</ns:tomTid><ns:aktivTid>true</ns:aktivTid>
                                                </ns:rapportRad><ns:rapportRad>
                                                    <ns:dag>06</ns:dag>
                                                    <ns:fromTid>00.00</ns:fromTid>
                                                    <ns:tomTid>01.00</ns:tomTid><ns:aktivTid>true</ns:aktivTid>
                                                </ns:rapportRad><ns:rapportRad>
                                                    <ns:dag>06</ns:dag>
                                                    <ns:fromTid>21.00</ns:fromTid>
                                                    <ns:tomTid>24.00</ns:tomTid><ns:aktivTid>true</ns:aktivTid>
                                                </ns:rapportRad><ns:rapportRad>
                                                    <ns:dag>07</ns:dag>
                                                    <ns:fromTid>00.00</ns:fromTid>
                                                    <ns:tomTid>01.00</ns:tomTid><ns:aktivTid>true</ns:aktivTid>
                                                </ns:rapportRad><ns:rapportRad>
                                                    <ns:dag>07</ns:dag>
                                                    <ns:fromTid>21.00</ns:fromTid>
                                                    <ns:tomTid>24.00</ns:tomTid><ns:aktivTid>true</ns:aktivTid>
                                                </ns:rapportRad><ns:rapportRad>
                                                    <ns:dag>08</ns:dag>
                                                    <ns:fromTid>00.00</ns:fromTid>
                                                    <ns:tomTid>01.00</ns:tomTid><ns:aktivTid>true</ns:aktivTid>
                                                </ns:rapportRad><ns:rapportRad>
                                                    <ns:dag>08</ns:dag>
                                                    <ns:fromTid>21.00</ns:fromTid>
                                                    <ns:tomTid>24.00</ns:tomTid><ns:aktivTid>true</ns:aktivTid>
                                                </ns:rapportRad><ns:rapportRad>
                                                    <ns:dag>09</ns:dag>
                                                    <ns:fromTid>00.00</ns:fromTid>
                                                    <ns:tomTid>01.00</ns:tomTid><ns:aktivTid>true</ns:aktivTid>
                                                </ns:rapportRad><ns:rapportRad>
                                                    <ns:dag>09</ns:dag>
                                                    <ns:fromTid>21.00</ns:fromTid>
                                                    <ns:tomTid>24.00</ns:tomTid><ns:aktivTid>true</ns:aktivTid>
                                                </ns:rapportRad><ns:rapportRad>
                                                    <ns:dag>10</ns:dag>
                                                    <ns:fromTid>00.00</ns:fromTid>
                                                    <ns:tomTid>01.00</ns:tomTid><ns:aktivTid>true</ns:aktivTid>
                                                </ns:rapportRad><ns:rapportRad>
                                                    <ns:dag>10</ns:dag>
                                                    <ns:fromTid>21.00</ns:fromTid>
                                                    <ns:tomTid>24.00</ns:tomTid><ns:aktivTid>true</ns:aktivTid>
                                                </ns:rapportRad><ns:rapportRad>
                                                    <ns:dag>11</ns:dag>
                                                    <ns:fromTid>00.00</ns:fromTid>
                                                    <ns:tomTid>01.00</ns:tomTid><ns:aktivTid>true</ns:aktivTid>
                                                </ns:rapportRad><ns:rapportRad>
                                                    <ns:dag>11</ns:dag>
                                                    <ns:fromTid>21.00</ns:fromTid>
                                                    <ns:tomTid>24.00</ns:tomTid><ns:aktivTid>true</ns:aktivTid>
                                                </ns:rapportRad><ns:rapportRad>
                                                    <ns:dag>12</ns:dag>
                                                    <ns:fromTid>00.00</ns:fromTid>
                                                    <ns:tomTid>01.00</ns:tomTid><ns:aktivTid>true</ns:aktivTid>
                                                </ns:rapportRad><ns:rapportRad>
                                                    <ns:dag>12</ns:dag>
                                                    <ns:fromTid>21.00</ns:fromTid>
                                                    <ns:tomTid>24.00</ns:tomTid><ns:aktivTid>true</ns:aktivTid>
                                                </ns:rapportRad><ns:rapportRad>
                                                    <ns:dag>13</ns:dag>
                                                    <ns:fromTid>00.00</ns:fromTid>
                                                    <ns:tomTid>01.00</ns:tomTid><ns:aktivTid>true</ns:aktivTid>
                                                </ns:rapportRad><ns:rapportRad>
                                                    <ns:dag>13</ns:dag>
                                                    <ns:fromTid>21.00</ns:fromTid>
                                                    <ns:tomTid>24.00</ns:tomTid><ns:aktivTid>true</ns:aktivTid>
                                                </ns:rapportRad><ns:rapportRad>
                                                    <ns:dag>14</ns:dag>
                                                    <ns:fromTid>00.00</ns:fromTid>
                                                    <ns:tomTid>01.00</ns:tomTid><ns:aktivTid>true</ns:aktivTid>
                                                </ns:rapportRad><ns:rapportRad>
                                                    <ns:dag>14</ns:dag>
                                                    <ns:fromTid>21.00</ns:fromTid>
                                                    <ns:tomTid>24.00</ns:tomTid><ns:aktivTid>true</ns:aktivTid>
                                                </ns:rapportRad><ns:rapportRad>
                                                    <ns:dag>15</ns:dag>
                                                    <ns:fromTid>00.00</ns:fromTid>
                                                    <ns:tomTid>01.00</ns:tomTid><ns:aktivTid>true</ns:aktivTid>
                                                </ns:rapportRad><ns:rapportRad>
                                                    <ns:dag>15</ns:dag>
                                                    <ns:fromTid>21.00</ns:fromTid>
                                                    <ns:tomTid>24.00</ns:tomTid><ns:aktivTid>true</ns:aktivTid>
                                                </ns:rapportRad><ns:rapportRad>
                                                    <ns:dag>16</ns:dag>
                                                    <ns:fromTid>00.00</ns:fromTid>
                                                    <ns:tomTid>01.00</ns:tomTid><ns:aktivTid>true</ns:aktivTid>
                                                </ns:rapportRad><ns:rapportRad>
                                                    <ns:dag>16</ns:dag>
                                                    <ns:fromTid>21.00</ns:fromTid>
                                                    <ns:tomTid>24.00</ns:tomTid><ns:aktivTid>true</ns:aktivTid>
                                                </ns:rapportRad><ns:rapportRad>
                                                    <ns:dag>17</ns:dag>
                                                    <ns:fromTid>00.00</ns:fromTid>
                                                    <ns:tomTid>01.00</ns:tomTid><ns:aktivTid>true</ns:aktivTid>
                                                </ns:rapportRad><ns:rapportRad>
                                                    <ns:dag>17</ns:dag>
                                                    <ns:fromTid>21.00</ns:fromTid>
                                                    <ns:tomTid>24.00</ns:tomTid><ns:aktivTid>true</ns:aktivTid>
                                                </ns:rapportRad><ns:rapportRad>
                                                    <ns:dag>18</ns:dag>
                                                    <ns:fromTid>00.00</ns:fromTid>
                                                    <ns:tomTid>01.00</ns:tomTid><ns:aktivTid>true</ns:aktivTid>
                                                </ns:rapportRad><ns:rapportRad>
                                                    <ns:dag>18</ns:dag>
                                                    <ns:fromTid>21.00</ns:fromTid>
                                                    <ns:tomTid>24.00</ns:tomTid><ns:aktivTid>true</ns:aktivTid>
                                                </ns:rapportRad><ns:rapportRad>
                                                    <ns:dag>19</ns:dag>
                                                    <ns:fromTid>00.00</ns:fromTid>
                                                    <ns:tomTid>01.00</ns:tomTid><ns:aktivTid>true</ns:aktivTid>
                                                </ns:rapportRad><ns:rapportRad>
                                                    <ns:dag>19</ns:dag>
                                                    <ns:fromTid>21.00</ns:fromTid>
                                                    <ns:tomTid>24.00</ns:tomTid><ns:aktivTid>true</ns:aktivTid>
                                                </ns:rapportRad><ns:rapportRad>
                                                    <ns:dag>20</ns:dag>
                                                    <ns:fromTid>00.00</ns:fromTid>
                                                    <ns:tomTid>01.00</ns:tomTid><ns:aktivTid>true</ns:aktivTid>
                                                </ns:rapportRad><ns:rapportRad>
                                                    <ns:dag>20</ns:dag>
                                                    <ns:fromTid>21.00</ns:fromTid>
                                                    <ns:tomTid>24.00</ns:tomTid><ns:aktivTid>true</ns:aktivTid>
                                                </ns:rapportRad><ns:rapportRad>
                                                    <ns:dag>21</ns:dag>
                                                    <ns:fromTid>00.00</ns:fromTid>
                                                    <ns:tomTid>01.00</ns:tomTid><ns:aktivTid>true</ns:aktivTid>
                                                </ns:rapportRad><ns:rapportRad>
                                                    <ns:dag>21</ns:dag>
                                                    <ns:fromTid>21.00</ns:fromTid>
                                                    <ns:tomTid>24.00</ns:tomTid><ns:aktivTid>true</ns:aktivTid>
                                                </ns:rapportRad><ns:rapportRad>
                                                    <ns:dag>22</ns:dag>
                                                    <ns:fromTid>00.00</ns:fromTid>
                                                    <ns:tomTid>01.00</ns:tomTid><ns:aktivTid>true</ns:aktivTid>
                                                </ns:rapportRad><ns:rapportRad>
                                                    <ns:dag>22</ns:dag>
                                                    <ns:fromTid>21.00</ns:fromTid>
                                                    <ns:tomTid>24.00</ns:tomTid><ns:aktivTid>true</ns:aktivTid>
                                                </ns:rapportRad><ns:rapportRad>
                                                    <ns:dag>23</ns:dag>
                                                    <ns:fromTid>00.00</ns:fromTid>
                                                    <ns:tomTid>01.00</ns:tomTid><ns:aktivTid>true</ns:aktivTid>
                                                </ns:rapportRad><ns:rapportRad>
                                                    <ns:dag>23</ns:dag>
                                                    <ns:fromTid>21.00</ns:fromTid>
                                                    <ns:tomTid>24.00</ns:tomTid><ns:aktivTid>true</ns:aktivTid>
                                                </ns:rapportRad><ns:rapportRad>
                                                    <ns:dag>24</ns:dag>
                                                    <ns:fromTid>00.00</ns:fromTid>
                                                    <ns:tomTid>01.00</ns:tomTid><ns:aktivTid>true</ns:aktivTid>
                                                </ns:rapportRad><ns:rapportRad>
                                                    <ns:dag>24</ns:dag>
                                                    <ns:fromTid>21.00</ns:fromTid>
                                                    <ns:tomTid>24.00</ns:tomTid><ns:aktivTid>true</ns:aktivTid>
                                                </ns:rapportRad><ns:rapportRad>
                                                    <ns:dag>25</ns:dag>
                                                    <ns:fromTid>00.00</ns:fromTid>
                                                    <ns:tomTid>01.00</ns:tomTid><ns:aktivTid>true</ns:aktivTid>
                                                </ns:rapportRad><ns:rapportRad>
                                                    <ns:dag>25</ns:dag>
                                                    <ns:fromTid>21.00</ns:fromTid>
                                                    <ns:tomTid>24.00</ns:tomTid><ns:aktivTid>true</ns:aktivTid>
                                                </ns:rapportRad><ns:rapportRad>
                                                    <ns:dag>26</ns:dag>
                                                    <ns:fromTid>00.00</ns:fromTid>
                                                    <ns:tomTid>01.00</ns:tomTid><ns:aktivTid>true</ns:aktivTid>
                                                </ns:rapportRad><ns:rapportRad>
                                                    <ns:dag>26</ns:dag>
                                                    <ns:fromTid>21.00</ns:fromTid>
                                                    <ns:tomTid>24.00</ns:tomTid><ns:aktivTid>true</ns:aktivTid>
                                                </ns:rapportRad><ns:rapportRad>
                                                    <ns:dag>27</ns:dag>
                                                    <ns:fromTid>00.00</ns:fromTid>
                                                    <ns:tomTid>01.00</ns:tomTid><ns:aktivTid>true</ns:aktivTid>
                                                </ns:rapportRad><ns:rapportRad>
                                                    <ns:dag>27</ns:dag>
                                                    <ns:fromTid>21.00</ns:fromTid>
                                                    <ns:tomTid>24.00</ns:tomTid><ns:aktivTid>true</ns:aktivTid>
                                                </ns:rapportRad><ns:rapportRad>
                                                    <ns:dag>28</ns:dag>
                                                    <ns:fromTid>00.00</ns:fromTid>
                                                    <ns:tomTid>01.00</ns:tomTid><ns:aktivTid>true</ns:aktivTid>
                                                </ns:rapportRad><ns:rapportRad>
                                                    <ns:dag>28</ns:dag>
                                                    <ns:fromTid>21.00</ns:fromTid>
                                                    <ns:tomTid>24.00</ns:tomTid><ns:aktivTid>true</ns:aktivTid>
                                                </ns:rapportRad><ns:rapportRad>
                                                    <ns:dag>29</ns:dag>
                                                    <ns:fromTid>00.00</ns:fromTid>
                                                    <ns:tomTid>01.00</ns:tomTid><ns:aktivTid>true</ns:aktivTid>
                                                </ns:rapportRad><ns:rapportRad>
                                                    <ns:dag>29</ns:dag>
                                                    <ns:fromTid>21.00</ns:fromTid>
                                                    <ns:tomTid>24.00</ns:tomTid><ns:aktivTid>true</ns:aktivTid>
                                                </ns:rapportRad><ns:rapportRad>
                                                    <ns:dag>30</ns:dag>
                                                    <ns:fromTid>00.00</ns:fromTid>
                                                    <ns:tomTid>01.00</ns:tomTid><ns:aktivTid>true</ns:aktivTid>
                                                </ns:rapportRad><ns:rapportRad>
                                                    <ns:dag>30</ns:dag>
                                                    <ns:fromTid>21.00</ns:fromTid>
                                                    <ns:tomTid>24.00</ns:tomTid><ns:aktivTid>true</ns:aktivTid>
                                                </ns:rapportRad><ns:rapportRad>
                                                    <ns:dag>31</ns:dag>
                                                    <ns:fromTid>00.00</ns:fromTid>
                                                    <ns:tomTid>01.00</ns:tomTid><ns:aktivTid>true</ns:aktivTid>
                                                </ns:rapportRad><ns:rapportRad>
                                                    <ns:dag>31</ns:dag>
                                                    <ns:fromTid>21.00</ns:fromTid>
                                                    <ns:tomTid>24.00</ns:tomTid><ns:aktivTid>true</ns:aktivTid>
                                                </ns:rapportRad>
                    </ns:tidrapport><ns:telefonnummerAnordnare>054-8201010</ns:telefonnummerAnordnare><ns:telefonnummerAssistent>373004984</ns:telefonnummerAssistent></ns:Tidredovisning>, 578cce69-a37b-4eac-a086-1983fd281c83, gine001, 2019-11-05 7:35:39 ) => {inserted_id = 6}
08:14:33 gine001 Gilad Nevo1 UPDATING data to tables `time2vie_cirruscommon`.`ws_sessions` fields ( user_id ) values (gine001) on conditions session_id = f82c591cf674c2741a506b2972785a94
08:56:18 gine001 Gilad Nevo1 UPDATING data to tables `fkkn_form_defaults` fields ( bargaining_new, company_cp_name, company_cp_phone, provider_of_pa_flag, agreement_types_new, agreement_type2_company, agreement_type2_orgNo ) values (2, Zeid Feili, 0739426626, 2, 1, , ) on conditions customer = algr001 AND (employee =  OR employee IS NULL)
08:56:18 gine001 Gilad Nevo1 INSERTING data into tables `history_samsida_work_report` fields ( month, year, fkkn, customer, employee, file_name ) values ( 10, 2019, 3, algr001, , Samsida_173070786.pdf ) => {inserted_id = 19}
08:56:40 gine001 Gilad Nevo1 UPDATING data to tables `fkkn_form_defaults` fields ( bargaining_new, company_cp_name, company_cp_phone, provider_of_pa_flag, agreement_types_new, agreement_type2_company, agreement_type2_orgNo ) values (2, Zeid Feili, 0739426626, 2, 1, , ) on conditions customer = algr001 AND (employee =  OR employee IS NULL)
08:56:40 gine001 Gilad Nevo1 INSERTING data into tables `history_samsida_work_report` fields ( month, year, fkkn, customer, employee, file_name ) values ( 10, 2019, 2, algr001, , Samsida_603548998.pdf ) => {inserted_id = 20}
09:54:12 gine001 Gilad Nevo1 UPDATING data to tables `time2vie_cirruscommon`.`ws_sessions` fields ( user_id ) values (gine001) on conditions session_id = f82c591cf674c2741a506b2972785a94
