11:16:37 rute001 Ruta Teklehaimanot UPDATING data to tables `time2vie_cirruscommon`.`secondary_login` fields ( error ) values (0) on conditions username = rute001 AND company_id = 21
11:16:37 rute001 Ruta Teklehaimanot INSERTING data into tables `log_login` fields ( username, ip, browser ) values ( rute001, 85.224.30.125, okhttp/3.9.1 ) => {inserted_id = 8211}
11:16:37 rute001 Ruta Teklehaimanot DELETE data from tables `temp_session` on conditions username LIKE rute001
11:16:37 rute001 Ruta Teklehaimanot UPDATING data to tables `time2vie_cirruscommon`.`login` fields ( login, last_time ) values (1, 2020-03-26 11:16:37) on conditions username = rute001
11:16:37 rute001 Ruta Teklehaimanot UPDATING data to tables `time2vie_cirruscommon`.`secondary_login` fields ( last_login_time ) values (2020-03-26 11:16:37) on conditions username = rute001 AND company_id = 21
11:30:15 zefe001 Zeid Feili INSERTING data into tables `log_login` fields ( username, ip, browser ) values ( zefe001, 85.229.51.54, Mozilla/5.0 (Macintosh; Intel Mac OS X 10_11_6) AppleWebKit/537.36 (KHTML, like Gecko) Chrome/80.0.3987.132 Safari/537.36 ) => {inserted_id = 8212}
11:30:15 zefe001 Zeid Feili DELETE data from tables `temp_session` on conditions username LIKE zefe001
11:30:15 zefe001 Zeid Feili UPDATING data to tables `time2vie_cirruscommon`.`login` fields ( login, last_time ) values (1, 2020-03-26 11:30:15) on conditions username = zefe001
11:30:15 zefe001 Zeid Feili UPDATING data to tables `time2vie_cirruscommon`.`secondary_login` fields ( last_login_time ) values (2020-03-26 11:30:15) on conditions username = zefe001 AND company_id = 21
11:30:15 zefe001 Zeid Feili UPDATING data to tables `time2vie_cirruscommon`.`ws_sessions` fields ( user_id ) values (zefe001) on conditions session_id = 74f88641abf1080209941abeace20e46
11:32:13 zefe001 Zeid Feili UPDATING data to tables `time2vie_cirruscommon`.`ws_sessions` fields ( user_id ) values (zefe001) on conditions session_id = 74f88641abf1080209941abeace20e46
13:40:12 gine001 Gilad Nevo UPDATING data to tables `time2vie_cirruscommon`.`secondary_login` fields ( error ) values (1) on conditions username = gine001 AND company_id = 21
13:40:23 gine001 Gilad Nevo1 INSERTING data into tables `log_login` fields ( username, ip, browser ) values ( gine001, 217.213.112.136, Mozilla/5.0 (Windows NT 10.0; Win64; x64; rv:68.0) Gecko/20100101 Firefox/68.0 ) => {inserted_id = 8213}
13:41:00 gine001 Gilad Nevo1 UPDATING data to tables `time2vie_cirruscommon`.`secondary_login` fields ( password, last_pw_update_date, error ) values (5c95082299b350806c943b5ae598ae4b, 2020-03-26 12:41:00, 0) on conditions username = gine001 AND company_id = 21
13:41:00 gine001 Gilad Nevo1 UPDATING data to tables `log_password` fields ( passwords ) values (a29137d43fba7fc95044d59746684b6f,a94933460b16d5bf1a7cc6d80f5bd029) on conditions username = gine001
13:41:00 gine001 Gilad Nevo1 DELETE data from tables `temp_session` on conditions username LIKE gine001
13:41:00 gine001 Gilad Nevo1 UPDATING data to tables `time2vie_cirruscommon`.`login` fields ( login, last_time ) values (1, 2020-03-26 13:41:00) on conditions username = gine001
13:41:00 gine001 Gilad Nevo1 UPDATING data to tables `time2vie_cirruscommon`.`secondary_login` fields ( last_login_time ) values (2020-03-26 13:41:00) on conditions username = gine001 AND company_id = 21
13:41:01 gine001 Gilad Nevo1 UPDATING data to tables `time2vie_cirruscommon`.`ws_sessions` fields ( user_id ) values (gine001) on conditions session_id = 0c51047e3057f0059cef8ffd6de09c91
13:59:41 gine001 Gilad Nevo1 UPDATING data to tables `time2vie_cirruscommon`.`ws_sessions` fields ( user_id ) values (gine001) on conditions session_id = 0c51047e3057f0059cef8ffd6de09c91
14:01:54 gine001 Gilad Nevo1 INSERTING data into tables `temp_session` fields ( username, type, details ) values ( gine001, 1, 3018,3019,3020,3021,3022,3023,3024,3025,3026,3027,3028,3029,3030,3031,3032 ) => {inserted_id = 0}
14:02:02 gine001 Gilad Nevo1 INSERTING data into tables `timetable` fields ( employee, customer, fkkn, type, date, time_from, time_to, status, created_status, alloc_emp, comment, relation_id ) values ( alsc001, algr001, 1, 0, 2020-03-22, 0.00, 1.00, 1, , gine001, ,  ), ( alsc001, algr001, 1, 0, 2020-03-23, 0.00, 1.00, 1, , gine001, ,  ), ( alsc001, algr001, 1, 0, 2020-03-24, 0.00, 1.00, 1, , gine001, ,  ), ( alsc001, algr001, 1, 0, 2020-03-25, 0.00, 1.00, 1, , gine001, ,  ), ( alsc001, algr001, 1, 0, 2020-03-26, 0.00, 1.00, 1, , gine001, ,  ), ( alsc001, algr001, 1, 0, 2020-03-27, 0.00, 1.00, 1, , gine001, ,  ), ( alsc001, algr001, 1, 0, 2020-03-28, 0.00, 1.00, 1, , gine001, ,  ), ( alsc001, algr001, 1, 0, 2020-03-29, 0.00, 1.00, 1, , gine001, ,  ), ( alsc001, algr001, 1, 0, 2020-03-30, 0.00, 1.00, 1, , gine001, ,  ), ( alsc001, algr001, 1, 0, 2020-03-31, 0.00, 1.00, 1, , gine001, ,  ) => {inserted_id = 3391}
14:02:35 gine001 Gilad Nevo1 DELETE data from tables `timetable` on conditions id = 3391
14:02:35 gine001 Gilad Nevo1 DELETE data from tables `timetable` on conditions id = 3392
14:02:36 gine001 Gilad Nevo1 DELETE data from tables `timetable` on conditions id = 3393
14:02:36 gine001 Gilad Nevo1 DELETE data from tables `timetable` on conditions id = 3394
14:02:36 gine001 Gilad Nevo1 DELETE data from tables `timetable` on conditions id = 3395
14:02:36 gine001 Gilad Nevo1 DELETE data from tables `timetable` on conditions id = 3396
14:02:36 gine001 Gilad Nevo1 DELETE data from tables `timetable` on conditions id = 3397
14:02:36 gine001 Gilad Nevo1 DELETE data from tables `timetable` on conditions id = 3398
14:02:36 gine001 Gilad Nevo1 DELETE data from tables `timetable` on conditions id = 3399
14:02:36 gine001 Gilad Nevo1 DELETE data from tables `timetable` on conditions id = 3400
14:05:17 gine001 Gilad Nevo1 UPDATING data to tables `temp_session` fields ( details ) values (3060,3061,3062,3063,3064,3065,3066) on conditions username LIKE gine001 AND type = 1
14:05:26 gine001 Gilad Nevo1 INSERTING data into tables `timetable` fields ( employee, customer, fkkn, type, date, time_from, time_to, status, created_status, alloc_emp, comment, relation_id ) values ( alsc001, algr001, 2, 0, 2020-03-16, 1.00, 2.30, 1, , gine001, ,  ), ( alsc001, algr001, 2, 0, 2020-03-17, 1.00, 2.30, 1, , gine001, ,  ), ( alsc001, algr001, 2, 0, 2020-03-18, 1.00, 2.30, 1, , gine001, ,  ), ( alsc001, algr001, 2, 0, 2020-03-19, 1.00, 2.30, 1, , gine001, ,  ), ( alsc001, algr001, 2, 0, 2020-03-20, 1.00, 2.30, 1, , gine001, ,  ), ( alsc001, algr001, 2, 0, 2020-03-21, 1.00, 2.30, 1, , gine001, ,  ), ( alsc001, algr001, 2, 0, 2020-03-22, 1.00, 2.30, 1, , gine001, ,  ) => {inserted_id = 3401}
14:05:37 gine001 Gilad Nevo1 INSERTING data into tables `timetable` fields ( employee, customer, fkkn, type, date, time_from, time_to, status, created_status, alloc_emp, comment, relation_id ) values ( alsc001, algr001, 2, 0, 2020-03-23, 1.00, 2.30, 1, , gine001, ,  ), ( alsc001, algr001, 2, 0, 2020-03-24, 1.00, 2.30, 1, , gine001, ,  ), ( alsc001, algr001, 2, 0, 2020-03-25, 1.00, 2.30, 1, , gine001, ,  ), ( alsc001, algr001, 2, 0, 2020-03-26, 1.00, 2.30, 1, , gine001, ,  ), ( alsc001, algr001, 2, 0, 2020-03-27, 1.00, 2.30, 1, , gine001, ,  ), ( alsc001, algr001, 2, 0, 2020-03-28, 1.00, 2.30, 1, , gine001, ,  ), ( alsc001, algr001, 2, 0, 2020-03-29, 1.00, 2.30, 1, , gine001, ,  ) => {inserted_id = 3408}
14:06:06 gine001 Gilad Nevo1 INSERTING data into tables `timetable` fields ( employee, customer, fkkn, type, date, time_from, time_to, status, created_status, alloc_emp, comment, relation_id ) values ( alsc001, algr001, 2, 0, 2020-03-30, 1.00, 2.30, 1, , gine001, ,  ), ( alsc001, algr001, 2, 0, 2020-03-31, 1.00, 2.30, 1, , gine001, ,  ) => {inserted_id = 3415}
14:07:09 gine001 Gilad Nevo1 UPDATING data to tables `temp_session` fields ( details ) values (3128,3129,3130,3131,3132,3133,3134) on conditions username LIKE gine001 AND type = 1
14:07:38 gine001 Gilad Nevo1 DELETE data from tables `timetable` on conditions id = 3128
14:07:38 gine001 Gilad Nevo1 DELETE data from tables `timetable` on conditions id = 3129
14:07:38 gine001 Gilad Nevo1 DELETE data from tables `timetable` on conditions id = 3130
14:07:38 gine001 Gilad Nevo1 DELETE data from tables `timetable` on conditions id = 3131
14:07:38 gine001 Gilad Nevo1 DELETE data from tables `timetable` on conditions id = 3132
14:07:38 gine001 Gilad Nevo1 DELETE data from tables `timetable` on conditions id = 3133
14:07:38 gine001 Gilad Nevo1 DELETE data from tables `timetable` on conditions id = 3134
14:07:38 gine001 Gilad Nevo1 DELETE data from tables `timetable` on conditions id = 3401
14:07:38 gine001 Gilad Nevo1 DELETE data from tables `timetable` on conditions id = 3402
14:07:38 gine001 Gilad Nevo1 DELETE data from tables `timetable` on conditions id = 3403
14:07:38 gine001 Gilad Nevo1 DELETE data from tables `timetable` on conditions id = 3404
14:07:38 gine001 Gilad Nevo1 DELETE data from tables `timetable` on conditions id = 3405
14:07:38 gine001 Gilad Nevo1 DELETE data from tables `timetable` on conditions id = 3406
14:07:38 gine001 Gilad Nevo1 DELETE data from tables `timetable` on conditions id = 3407
14:07:39 gine001 Gilad Nevo1 DELETE data from tables `timetable` on conditions id = 3408
14:07:39 gine001 Gilad Nevo1 DELETE data from tables `timetable` on conditions id = 3409
14:07:39 gine001 Gilad Nevo1 DELETE data from tables `timetable` on conditions id = 3410
14:07:39 gine001 Gilad Nevo1 DELETE data from tables `timetable` on conditions id = 3411
14:07:39 gine001 Gilad Nevo1 DELETE data from tables `timetable` on conditions id = 3412
14:07:39 gine001 Gilad Nevo1 DELETE data from tables `timetable` on conditions id = 3413
14:07:39 gine001 Gilad Nevo1 DELETE data from tables `timetable` on conditions id = 3414
14:07:39 gine001 Gilad Nevo1 DELETE data from tables `timetable` on conditions id = 3415
14:07:39 gine001 Gilad Nevo1 DELETE data from tables `timetable` on conditions id = 3416
14:07:47 gine001 Gilad Nevo1 UPDATING data to tables `temp_session` fields ( details ) values (3026,3060,3094,3162,3027,3061,3095,3163,3028,3062,3096,3164,3029,3063,3097,3165,3030,3064,3098,3166,3031,3065,3099,3167,3032,3066,3100,3168) on conditions username LIKE gine001 AND type = 1
14:07:54 gine001 Gilad Nevo1 INSERTING data into tables `timetable` fields ( employee, customer, fkkn, type, date, time_from, time_to, status, created_status, alloc_emp, comment, relation_id ) values ( alsc001, algr001, 1, 0, 2020-03-16, 0.00, 1.00, 1, , gine001, ,  ), ( alsc001, algr001, 2, 0, 2020-03-16, 1.00, 2.30, 1, , gine001, ,  ), ( flbu001, algr001, 1, 0, 2020-03-16, 14.00, 18.00, 1, , gine001, ,  ), ( alsc001, algr001, 1, 0, 2020-03-16, 21.00, 24.00, 1, , gine001, ,  ), ( alsc001, algr001, 1, 0, 2020-03-17, 0.00, 1.00, 1, , gine001, ,  ), ( alsc001, algr001, 2, 0, 2020-03-17, 1.00, 2.30, 1, , gine001, ,  ), ( flbu001, algr001, 1, 0, 2020-03-17, 14.00, 18.00, 1, , gine001, ,  ), ( alsc001, algr001, 1, 0, 2020-03-17, 21.00, 24.00, 1, , gine001, ,  ), ( alsc001, algr001, 1, 0, 2020-03-18, 0.00, 1.00, 1, , gine001, ,  ), ( alsc001, algr001, 2, 0, 2020-03-18, 1.00, 2.30, 1, , gine001, ,  ), ( flbu001, algr001, 1, 0, 2020-03-18, 14.00, 18.00, 1, , gine001, ,  ), ( alsc001, algr001, 1, 0, 2020-03-18, 21.00, 24.00, 1, , gine001, ,  ), ( alsc001, algr001, 1, 0, 2020-03-19, 0.00, 1.00, 1, , gine001, ,  ), ( alsc001, algr001, 2, 0, 2020-03-19, 1.00, 2.30, 1, , gine001, ,  ), ( flbu001, algr001, 1, 0, 2020-03-19, 14.00, 18.00, 1, , gine001, ,  ), ( alsc001, algr001, 1, 0, 2020-03-19, 21.00, 24.00, 1, , gine001, ,  ), ( alsc001, algr001, 1, 0, 2020-03-20, 0.00, 1.00, 1, , gine001, ,  ), ( alsc001, algr001, 2, 0, 2020-03-20, 1.00, 2.30, 1, , gine001, ,  ), ( flbu001, algr001, 1, 0, 2020-03-20, 14.00, 18.00, 1, , gine001, ,  ), ( alsc001, algr001, 1, 0, 2020-03-20, 21.00, 24.00, 1, , gine001, ,  ), ( alsc001, algr001, 1, 0, 2020-03-21, 0.00, 1.00, 1, , gine001, ,  ), ( alsc001, algr001, 2, 0, 2020-03-21, 1.00, 2.30, 1, , gine001, ,  ), ( flbu001, algr001, 1, 0, 2020-03-21, 14.00, 18.00, 1, , gine001, ,  ), ( alsc001, algr001, 1, 0, 2020-03-21, 21.00, 24.00, 1, , gine001, ,  ), ( alsc001, algr001, 1, 0, 2020-03-22, 0.00, 1.00, 1, , gine001, ,  ), ( alsc001, algr001, 2, 0, 2020-03-22, 1.00, 2.30, 1, , gine001, ,  ), ( flbu001, algr001, 1, 0, 2020-03-22, 14.00, 18.00, 1, , gine001, ,  ), ( alsc001, algr001, 1, 0, 2020-03-22, 21.00, 24.00, 1, , gine001, ,  ) => {inserted_id = 3417}
14:08:10 gine001 Gilad Nevo1 INSERTING data into tables `timetable` fields ( employee, customer, fkkn, type, date, time_from, time_to, status, created_status, alloc_emp, comment, relation_id ) values ( alsc001, algr001, 1, 0, 2020-03-23, 0.00, 1.00, 1, , gine001, ,  ), ( alsc001, algr001, 2, 0, 2020-03-23, 1.00, 2.30, 1, , gine001, ,  ), ( flbu001, algr001, 1, 0, 2020-03-23, 14.00, 18.00, 1, , gine001, ,  ), ( alsc001, algr001, 1, 0, 2020-03-23, 21.00, 24.00, 1, , gine001, ,  ), ( alsc001, algr001, 1, 0, 2020-03-24, 0.00, 1.00, 1, , gine001, ,  ), ( alsc001, algr001, 2, 0, 2020-03-24, 1.00, 2.30, 1, , gine001, ,  ), ( flbu001, algr001, 1, 0, 2020-03-24, 14.00, 18.00, 1, , gine001, ,  ), ( alsc001, algr001, 1, 0, 2020-03-24, 21.00, 24.00, 1, , gine001, ,  ), ( alsc001, algr001, 1, 0, 2020-03-25, 0.00, 1.00, 1, , gine001, ,  ), ( alsc001, algr001, 2, 0, 2020-03-25, 1.00, 2.30, 1, , gine001, ,  ), ( flbu001, algr001, 1, 0, 2020-03-25, 14.00, 18.00, 1, , gine001, ,  ), ( alsc001, algr001, 1, 0, 2020-03-25, 21.00, 24.00, 1, , gine001, ,  ), ( alsc001, algr001, 1, 0, 2020-03-26, 0.00, 1.00, 1, , gine001, ,  ), ( alsc001, algr001, 2, 0, 2020-03-26, 1.00, 2.30, 1, , gine001, ,  ), ( flbu001, algr001, 1, 0, 2020-03-26, 14.00, 18.00, 1, , gine001, ,  ), ( alsc001, algr001, 1, 0, 2020-03-26, 21.00, 24.00, 1, , gine001, ,  ), ( alsc001, algr001, 1, 0, 2020-03-27, 0.00, 1.00, 1, , gine001, ,  ), ( alsc001, algr001, 2, 0, 2020-03-27, 1.00, 2.30, 1, , gine001, ,  ), ( flbu001, algr001, 1, 0, 2020-03-27, 14.00, 18.00, 1, , gine001, ,  ), ( alsc001, algr001, 1, 0, 2020-03-27, 21.00, 24.00, 1, , gine001, ,  ), ( alsc001, algr001, 1, 0, 2020-03-28, 0.00, 1.00, 1, , gine001, ,  ), ( alsc001, algr001, 2, 0, 2020-03-28, 1.00, 2.30, 1, , gine001, ,  ), ( flbu001, algr001, 1, 0, 2020-03-28, 14.00, 18.00, 1, , gine001, ,  ), ( alsc001, algr001, 1, 0, 2020-03-28, 21.00, 24.00, 1, , gine001, ,  ), ( alsc001, algr001, 1, 0, 2020-03-29, 0.00, 1.00, 1, , gine001, ,  ), ( alsc001, algr001, 2, 0, 2020-03-29, 1.00, 2.30, 1, , gine001, ,  ), ( flbu001, algr001, 1, 0, 2020-03-29, 14.00, 18.00, 1, , gine001, ,  ), ( alsc001, algr001, 1, 0, 2020-03-29, 21.00, 24.00, 1, , gine001, ,  ) => {inserted_id = 3445}
14:08:21 gine001 Gilad Nevo1 INSERTING data into tables `timetable` fields ( employee, customer, fkkn, type, date, time_from, time_to, status, created_status, alloc_emp, comment, relation_id ) values ( alsc001, algr001, 1, 0, 2020-03-30, 0.00, 1.00, 1, , gine001, ,  ), ( alsc001, algr001, 2, 0, 2020-03-30, 1.00, 2.30, 1, , gine001, ,  ), ( flbu001, algr001, 1, 0, 2020-03-30, 14.00, 18.00, 1, , gine001, ,  ), ( alsc001, algr001, 1, 0, 2020-03-30, 21.00, 24.00, 1, , gine001, ,  ), ( alsc001, algr001, 1, 0, 2020-03-31, 0.00, 1.00, 1, , gine001, ,  ), ( alsc001, algr001, 2, 0, 2020-03-31, 1.00, 2.30, 1, , gine001, ,  ), ( flbu001, algr001, 1, 0, 2020-03-31, 14.00, 18.00, 1, , gine001, ,  ), ( alsc001, algr001, 1, 0, 2020-03-31, 21.00, 24.00, 1, , gine001, ,  ) => {inserted_id = 3473}
14:28:16 gine001 Gilad Nevo1 DELETE data from tables `timetable` on conditions id = 3417
14:28:16 gine001 Gilad Nevo1 DELETE data from tables `timetable` on conditions id = 3418
14:28:16 gine001 Gilad Nevo1 DELETE data from tables `timetable` on conditions id = 3419
14:28:16 gine001 Gilad Nevo1 DELETE data from tables `timetable` on conditions id = 3420
14:28:16 gine001 Gilad Nevo1 DELETE data from tables `timetable` on conditions id = 3421
14:28:16 gine001 Gilad Nevo1 DELETE data from tables `timetable` on conditions id = 3422
14:28:16 gine001 Gilad Nevo1 DELETE data from tables `timetable` on conditions id = 3423
14:28:16 gine001 Gilad Nevo1 DELETE data from tables `timetable` on conditions id = 3424
14:28:16 gine001 Gilad Nevo1 DELETE data from tables `timetable` on conditions id = 3425
14:28:17 gine001 Gilad Nevo1 DELETE data from tables `timetable` on conditions id = 3426
14:28:17 gine001 Gilad Nevo1 DELETE data from tables `timetable` on conditions id = 3427
14:28:17 gine001 Gilad Nevo1 DELETE data from tables `timetable` on conditions id = 3428
14:28:17 gine001 Gilad Nevo1 DELETE data from tables `timetable` on conditions id = 3429
14:28:17 gine001 Gilad Nevo1 DELETE data from tables `timetable` on conditions id = 3430
14:28:17 gine001 Gilad Nevo1 DELETE data from tables `timetable` on conditions id = 3431
14:28:17 gine001 Gilad Nevo1 DELETE data from tables `timetable` on conditions id = 3432
14:28:17 gine001 Gilad Nevo1 DELETE data from tables `timetable` on conditions id = 3433
14:28:17 gine001 Gilad Nevo1 DELETE data from tables `timetable` on conditions id = 3434
14:28:17 gine001 Gilad Nevo1 DELETE data from tables `timetable` on conditions id = 3435
14:28:17 gine001 Gilad Nevo1 DELETE data from tables `timetable` on conditions id = 3436
14:28:17 gine001 Gilad Nevo1 DELETE data from tables `timetable` on conditions id = 3437
14:28:17 gine001 Gilad Nevo1 DELETE data from tables `timetable` on conditions id = 3438
14:28:17 gine001 Gilad Nevo1 DELETE data from tables `timetable` on conditions id = 3439
14:28:18 gine001 Gilad Nevo1 DELETE data from tables `timetable` on conditions id = 3440
14:28:18 gine001 Gilad Nevo1 DELETE data from tables `timetable` on conditions id = 3441
14:28:18 gine001 Gilad Nevo1 DELETE data from tables `timetable` on conditions id = 3442
14:28:18 gine001 Gilad Nevo1 DELETE data from tables `timetable` on conditions id = 3443
14:28:18 gine001 Gilad Nevo1 DELETE data from tables `timetable` on conditions id = 3444
14:28:18 gine001 Gilad Nevo1 DELETE data from tables `timetable` on conditions id = 3445
14:28:18 gine001 Gilad Nevo1 DELETE data from tables `timetable` on conditions id = 3446
14:28:18 gine001 Gilad Nevo1 DELETE data from tables `timetable` on conditions id = 3447
14:28:18 gine001 Gilad Nevo1 DELETE data from tables `timetable` on conditions id = 3448
14:28:18 gine001 Gilad Nevo1 DELETE data from tables `timetable` on conditions id = 3449
14:28:18 gine001 Gilad Nevo1 DELETE data from tables `timetable` on conditions id = 3450
14:28:18 gine001 Gilad Nevo1 DELETE data from tables `timetable` on conditions id = 3451
14:28:18 gine001 Gilad Nevo1 DELETE data from tables `timetable` on conditions id = 3452
14:28:18 gine001 Gilad Nevo1 DELETE data from tables `timetable` on conditions id = 3453
14:28:18 gine001 Gilad Nevo1 DELETE data from tables `timetable` on conditions id = 3454
14:28:19 gine001 Gilad Nevo1 DELETE data from tables `timetable` on conditions id = 3455
14:28:19 gine001 Gilad Nevo1 DELETE data from tables `timetable` on conditions id = 3456
14:28:19 gine001 Gilad Nevo1 DELETE data from tables `timetable` on conditions id = 3457
14:28:19 gine001 Gilad Nevo1 DELETE data from tables `timetable` on conditions id = 3458
14:28:19 gine001 Gilad Nevo1 DELETE data from tables `timetable` on conditions id = 3459
14:28:19 gine001 Gilad Nevo1 DELETE data from tables `timetable` on conditions id = 3460
14:28:19 gine001 Gilad Nevo1 DELETE data from tables `timetable` on conditions id = 3461
14:28:19 gine001 Gilad Nevo1 DELETE data from tables `timetable` on conditions id = 3462
14:28:19 gine001 Gilad Nevo1 DELETE data from tables `timetable` on conditions id = 3463
14:28:19 gine001 Gilad Nevo1 DELETE data from tables `timetable` on conditions id = 3464
14:28:19 gine001 Gilad Nevo1 DELETE data from tables `timetable` on conditions id = 3465
14:28:19 gine001 Gilad Nevo1 DELETE data from tables `timetable` on conditions id = 3466
14:28:19 gine001 Gilad Nevo1 DELETE data from tables `timetable` on conditions id = 3467
14:28:19 gine001 Gilad Nevo1 DELETE data from tables `timetable` on conditions id = 3468
14:28:19 gine001 Gilad Nevo1 DELETE data from tables `timetable` on conditions id = 3469
14:28:20 gine001 Gilad Nevo1 DELETE data from tables `timetable` on conditions id = 3470
14:28:20 gine001 Gilad Nevo1 DELETE data from tables `timetable` on conditions id = 3471
14:28:20 gine001 Gilad Nevo1 DELETE data from tables `timetable` on conditions id = 3472
14:28:20 gine001 Gilad Nevo1 DELETE data from tables `timetable` on conditions id = 3473
14:28:20 gine001 Gilad Nevo1 DELETE data from tables `timetable` on conditions id = 3474
14:28:20 gine001 Gilad Nevo1 DELETE data from tables `timetable` on conditions id = 3475
14:28:20 gine001 Gilad Nevo1 DELETE data from tables `timetable` on conditions id = 3476
14:28:20 gine001 Gilad Nevo1 DELETE data from tables `timetable` on conditions id = 3477
14:28:20 gine001 Gilad Nevo1 DELETE data from tables `timetable` on conditions id = 3478
14:28:20 gine001 Gilad Nevo1 DELETE data from tables `timetable` on conditions id = 3479
14:28:20 gine001 Gilad Nevo1 DELETE data from tables `timetable` on conditions id = 3480
14:29:27 gine001 Gilad Nevo1 INSERTING data into tables `timetable` fields ( employee, customer, date, time_from, time_to, type, status, comment, alloc_emp, fkkn ) values ( alsc001, algr001, 2020-03-16, 0, 1, 0, 1, , zefe001, 1 ), ( alsc001, algr001, 2020-03-16, 1, 2.3, 0, 1, , zefe001, 2 ), ( alsc001, algr001, 2020-03-16, 2.3, 5.3, 0, 1, , zefe001, 1 ), ( kaed002, algr001, 2020-03-16, 14, 18, 0, 1, , zefe001, 1 ), ( kaed002, algr001, 2020-03-16, 18, 19.3, 0, 1, , zefe001, 2 ), ( kaed002, algr001, 2020-03-16, 19.3, 21, 0, 1, , zefe001, 1 ), ( alsc001, algr001, 2020-03-16, 21, 24, 0, 1, , zefe001, 1 ), ( alsc001, algr001, 2020-03-17, 0, 1, 0, 1, , zefe001, 1 ), ( alsc001, algr001, 2020-03-17, 1, 2.3, 0, 1, , zefe001, 2 ), ( kaed002, algr001, 2020-03-17, 14, 18, 0, 1, , zefe001, 1 ), ( kaed002, algr001, 2020-03-17, 18, 19.3, 0, 1, , zefe001, 2 ), ( kaed002, algr001, 2020-03-17, 19.3, 21, 0, 1, , zefe001, 1 ), ( alsc001, algr001, 2020-03-17, 21, 24, 0, 1, , zefe001, 1 ), ( alsc001, algr001, 2020-03-18, 0, 1, 0, 1, , zefe001, 1 ), ( alsc001, algr001, 2020-03-18, 1, 2.3, 0, 1, , zefe001, 2 ), ( kaed002, algr001, 2020-03-18, 14, 18, 0, 1, , zefe001, 1 ), ( kaed002, algr001, 2020-03-18, 18, 19.3, 0, 1, , zefe001, 2 ), ( kaed002, algr001, 2020-03-18, 19.3, 21, 0, 1, , zefe001, 1 ), ( alsc001, algr001, 2020-03-18, 21, 24, 0, 1, , zefe001, 1 ), ( alsc001, algr001, 2020-03-19, 0, 1, 0, 1, , zefe001, 1 ), ( alsc001, algr001, 2020-03-19, 1, 2.3, 0, 1, , zefe001, 2 ), ( kaed002, algr001, 2020-03-19, 14, 18, 0, 1, , zefe001, 1 ), ( kaed002, algr001, 2020-03-19, 18, 19.3, 0, 1, , zefe001, 2 ), ( kaed002, algr001, 2020-03-19, 19.3, 20.35, 0, 1, , zefe001, 1 ), ( alsc001, algr001, 2020-03-19, 21, 24, 0, 1, , zefe001, 1 ), ( alsc001, algr001, 2020-03-20, 0, 1, 0, 1, , zefe001, 1 ), ( alsc001, algr001, 2020-03-20, 1, 2.3, 0, 1, , zefe001, 2 ), ( kaed002, algr001, 2020-03-20, 14, 18, 0, 1, , zefe001, 1 ), ( kaed002, algr001, 2020-03-20, 18, 19.3, 0, 1, , zefe001, 2 ), ( alsc001, algr001, 2020-03-20, 21, 24, 0, 1, , zefe001, 1 ), ( alsc001, algr001, 2020-03-21, 0, 1, 0, 1, , zefe001, 1 ), ( alsc001, algr001, 2020-03-21, 1, 2.3, 0, 1, , zefe001, 2 ), ( kaed002, algr001, 2020-03-21, 14, 18, 0, 1, , zefe001, 1 ), ( kaed002, algr001, 2020-03-21, 18, 19.3, 0, 1, , zefe001, 2 ), ( alsc001, algr001, 2020-03-21, 21, 24, 0, 1, , zefe001, 1 ), ( alsc001, algr001, 2020-03-22, 0, 1, 0, 1, , zefe001, 1 ), ( alsc001, algr001, 2020-03-22, 1, 2.3, 0, 1, , zefe001, 2 ), ( kaed002, algr001, 2020-03-22, 14, 18, 0, 1, , zefe001, 1 ), ( kaed002, algr001, 2020-03-22, 18, 19.3, 0, 1, , zefe001, 2 ), ( alsc001, algr001, 2020-03-22, 21, 24, 0, 1, , zefe001, 1 ), ( alsc001, algr001, 2020-03-23, 0, 1, 0, 1, , zefe001, 1 ), ( alsc001, algr001, 2020-03-23, 1, 2.3, 0, 1, , zefe001, 2 ), ( kaed002, algr001, 2020-03-23, 14, 18, 0, 1, , zefe001, 1 ), ( kaed002, algr001, 2020-03-23, 18, 19.3, 0, 1, , zefe001, 2 ), ( alsc001, algr001, 2020-03-23, 21, 24, 0, 1, , zefe001, 1 ), ( alsc001, algr001, 2020-03-24, 0, 1, 0, 1, , zefe001, 1 ), ( alsc001, algr001, 2020-03-24, 1, 2.3, 0, 1, , zefe001, 2 ), ( kaed002, algr001, 2020-03-24, 14, 18, 0, 1, , zefe001, 1 ), ( kaed002, algr001, 2020-03-24, 18, 19.3, 0, 1, , zefe001, 2 ), ( alsc001, algr001, 2020-03-24, 21, 24, 0, 1, , zefe001, 1 ), ( alsc001, algr001, 2020-03-25, 0, 1, 0, 1, , zefe001, 1 ), ( alsc001, algr001, 2020-03-25, 1, 2.3, 0, 1, , zefe001, 2 ), ( kaed002, algr001, 2020-03-25, 14, 18, 0, 1, , zefe001, 1 ), ( kaed002, algr001, 2020-03-25, 18, 19.3, 0, 1, , zefe001, 2 ), ( alsc001, algr001, 2020-03-25, 21, 24, 0, 1, , zefe001, 1 ), ( alsc001, algr001, 2020-03-26, 0, 1, 0, 1, , zefe001, 1 ), ( alsc001, algr001, 2020-03-26, 1, 2.3, 0, 1, , zefe001, 2 ), ( kaed002, algr001, 2020-03-26, 14, 18, 0, 1, , zefe001, 1 ), ( kaed002, algr001, 2020-03-26, 18, 19.3, 0, 1, , zefe001, 2 ), ( alsc001, algr001, 2020-03-26, 21, 24, 0, 1, , zefe001, 1 ), ( alsc001, algr001, 2020-03-27, 0, 1, 0, 1, , zefe001, 1 ), ( alsc001, algr001, 2020-03-27, 1, 2.3, 0, 1, , zefe001, 2 ), ( kaed002, algr001, 2020-03-27, 14, 18, 0, 1, , zefe001, 1 ), ( kaed002, algr001, 2020-03-27, 18, 19.3, 0, 1, , zefe001, 2 ), ( alsc001, algr001, 2020-03-27, 21, 24, 0, 1, , zefe001, 1 ), ( alsc001, algr001, 2020-03-28, 0, 1, 0, 1, , zefe001, 1 ), ( alsc001, algr001, 2020-03-28, 1, 2.3, 0, 1, , zefe001, 2 ), ( kaed002, algr001, 2020-03-28, 14, 18, 0, 1, , zefe001, 1 ), ( kaed002, algr001, 2020-03-28, 18, 19.3, 0, 1, , zefe001, 2 ), ( alsc001, algr001, 2020-03-28, 21, 24, 0, 1, , zefe001, 1 ), ( alsc001, algr001, 2020-03-29, 0, 1, 0, 1, , zefe001, 1 ), ( alsc001, algr001, 2020-03-29, 1, 2.3, 0, 1, , zefe001, 2 ), ( kaed002, algr001, 2020-03-29, 14, 18, 0, 1, , zefe001, 1 ), ( kaed002, algr001, 2020-03-29, 18, 19.3, 0, 1, , zefe001, 2 ), ( alsc001, algr001, 2020-03-29, 21, 24, 0, 1, , zefe001, 1 ), ( alsc001, algr001, 2020-03-30, 0, 1, 0, 1, , zefe001, 1 ), ( alsc001, algr001, 2020-03-30, 1, 2.3, 0, 1, , zefe001, 2 ), ( kaed002, algr001, 2020-03-30, 14, 18, 0, 1, , zefe001, 1 ), ( kaed002, algr001, 2020-03-30, 18, 19.3, 0, 1, , zefe001, 2 ), ( alsc001, algr001, 2020-03-30, 21, 24, 0, 1, , zefe001, 1 ), ( alsc001, algr001, 2020-03-31, 0, 1, 0, 1, , zefe001, 1 ), ( alsc001, algr001, 2020-03-31, 1, 2.3, 0, 1, , zefe001, 2 ), ( kaed002, algr001, 2020-03-31, 14, 18, 0, 1, , zefe001, 1 ), ( kaed002, algr001, 2020-03-31, 18, 19.3, 0, 1, , zefe001, 2 ), ( alsc001, algr001, 2020-03-31, 21, 24, 0, 1, , zefe001, 1 ), ( alsc001, algr001, 2020-04-01, 0, 1, 0, 1, , zefe001, 1 ), ( alsc001, algr001, 2020-04-01, 1, 2.3, 0, 1, , zefe001, 2 ), ( kaed002, algr001, 2020-04-01, 14, 18, 0, 1, , zefe001, 1 ), ( kaed002, algr001, 2020-04-01, 18, 19.3, 0, 1, , zefe001, 2 ), ( alsc001, algr001, 2020-04-01, 21, 24, 0, 1, , zefe001, 1 ), ( alsc001, algr001, 2020-04-02, 0, 1, 0, 1, , zefe001, 1 ), ( alsc001, algr001, 2020-04-02, 1, 2.3, 0, 1, , zefe001, 2 ), ( kaed002, algr001, 2020-04-02, 14, 18, 0, 1, , zefe001, 1 ), ( kaed002, algr001, 2020-04-02, 18, 19.3, 0, 1, , zefe001, 2 ), ( alsc001, algr001, 2020-04-02, 21, 24, 0, 1, , zefe001, 1 ), ( alsc001, algr001, 2020-04-03, 0, 1, 0, 1, , zefe001, 1 ), ( alsc001, algr001, 2020-04-03, 1, 2.3, 0, 1, , zefe001, 2 ), ( kaed002, algr001, 2020-04-03, 14, 18, 0, 1, , zefe001, 1 ), ( kaed002, algr001, 2020-04-03, 18, 19.3, 0, 1, , zefe001, 2 ), ( alsc001, algr001, 2020-04-03, 21, 24, 0, 1, , zefe001, 1 ), ( alsc001, algr001, 2020-04-04, 0, 1, 0, 1, , zefe001, 1 ), ( alsc001, algr001, 2020-04-04, 1, 2.3, 0, 1, , zefe001, 2 ), ( kaed002, algr001, 2020-04-04, 14, 18, 0, 1, , zefe001, 1 ), ( kaed002, algr001, 2020-04-04, 18, 19.3, 0, 1, , zefe001, 2 ), ( alsc001, algr001, 2020-04-04, 21, 24, 0, 1, , zefe001, 1 ), ( alsc001, algr001, 2020-04-05, 0, 1, 0, 1, , zefe001, 1 ), ( alsc001, algr001, 2020-04-05, 1, 2.3, 0, 1, , zefe001, 2 ), ( kaed002, algr001, 2020-04-05, 14, 18, 0, 1, , zefe001, 1 ), ( kaed002, algr001, 2020-04-05, 18, 19.3, 0, 1, , zefe001, 2 ), ( alsc001, algr001, 2020-04-05, 21, 24, 0, 1, , zefe001, 1 ), ( alsc001, algr001, 2020-04-06, 0, 1, 0, 1, , zefe001, 1 ), ( alsc001, algr001, 2020-04-06, 1, 2.3, 0, 1, , zefe001, 2 ), ( kaed002, algr001, 2020-04-06, 14, 18, 0, 1, , zefe001, 1 ), ( kaed002, algr001, 2020-04-06, 18, 19.3, 0, 1, , zefe001, 2 ), ( alsc001, algr001, 2020-04-06, 21, 24, 0, 1, , zefe001, 1 ), ( alsc001, algr001, 2020-04-07, 0, 1, 0, 1, , zefe001, 1 ), ( alsc001, algr001, 2020-04-07, 1, 2.3, 0, 1, , zefe001, 2 ), ( kaed002, algr001, 2020-04-07, 14, 18, 0, 1, , zefe001, 1 ), ( kaed002, algr001, 2020-04-07, 18, 19.3, 0, 1, , zefe001, 2 ), ( alsc001, algr001, 2020-04-07, 21, 24, 0, 1, , zefe001, 1 ), ( alsc001, algr001, 2020-04-08, 0, 1, 0, 1, , zefe001, 1 ), ( alsc001, algr001, 2020-04-08, 1, 2.3, 0, 1, , zefe001, 2 ), ( kaed002, algr001, 2020-04-08, 14, 18, 0, 1, , zefe001, 1 ), ( kaed002, algr001, 2020-04-08, 18, 19.3, 0, 1, , zefe001, 2 ), ( alsc001, algr001, 2020-04-08, 21, 24, 0, 1, , zefe001, 1 ), ( alsc001, algr001, 2020-04-09, 0, 1, 0, 1, , zefe001, 1 ), ( alsc001, algr001, 2020-04-09, 1, 2.3, 0, 1, , zefe001, 2 ), ( kaed002, algr001, 2020-04-09, 14, 18, 0, 1, , zefe001, 1 ), ( kaed002, algr001, 2020-04-09, 18, 19.3, 0, 1, , zefe001, 2 ), ( alsc001, algr001, 2020-04-09, 21, 24, 0, 1, , zefe001, 1 ), ( alsc001, algr001, 2020-04-10, 0, 1, 0, 1, , zefe001, 1 ), ( alsc001, algr001, 2020-04-10, 1, 2.3, 0, 1, , zefe001, 2 ), ( kaed002, algr001, 2020-04-10, 14, 18, 0, 1, , zefe001, 1 ), ( kaed002, algr001, 2020-04-10, 18, 19.3, 0, 1, , zefe001, 2 ), ( alsc001, algr001, 2020-04-10, 21, 24, 0, 1, , zefe001, 1 ), ( alsc001, algr001, 2020-04-11, 0, 1, 0, 1, , zefe001, 1 ), ( alsc001, algr001, 2020-04-11, 1, 2.3, 0, 1, , zefe001, 2 ), ( kaed002, algr001, 2020-04-11, 14, 18, 0, 1, , zefe001, 1 ), ( kaed002, algr001, 2020-04-11, 18, 19.3, 0, 1, , zefe001, 2 ), ( alsc001, algr001, 2020-04-11, 21, 24, 0, 1, , zefe001, 1 ), ( alsc001, algr001, 2020-04-12, 0, 1, 0, 1, , zefe001, 1 ), ( alsc001, algr001, 2020-04-12, 1, 2.3, 0, 1, , zefe001, 2 ), ( kaed002, algr001, 2020-04-12, 14, 18, 0, 1, , zefe001, 1 ), ( kaed002, algr001, 2020-04-12, 18, 19.3, 0, 1, , zefe001, 2 ), ( alsc001, algr001, 2020-04-12, 21, 24, 0, 1, , zefe001, 1 ), ( alsc001, algr001, 2020-04-13, 0, 1, 0, 1, , zefe001, 1 ), ( alsc001, algr001, 2020-04-13, 1, 2.3, 0, 1, , zefe001, 2 ), ( kaed002, algr001, 2020-04-13, 14, 18, 0, 1, , zefe001, 1 ), ( kaed002, algr001, 2020-04-13, 18, 19.3, 0, 1, , zefe001, 2 ), ( alsc001, algr001, 2020-04-13, 21, 24, 0, 1, , zefe001, 1 ), ( alsc001, algr001, 2020-04-14, 0, 1, 0, 1, , zefe001, 1 ), ( alsc001, algr001, 2020-04-14, 1, 2.3, 0, 1, , zefe001, 2 ), ( kaed002, algr001, 2020-04-14, 14, 18, 0, 1, , zefe001, 1 ), ( kaed002, algr001, 2020-04-14, 18, 19.3, 0, 1, , zefe001, 2 ), ( alsc001, algr001, 2020-04-14, 21, 24, 0, 1, , zefe001, 1 ), ( alsc001, algr001, 2020-04-15, 0, 1, 0, 1, , zefe001, 1 ), ( alsc001, algr001, 2020-04-15, 1, 2.3, 0, 1, , zefe001, 2 ), ( kaed002, algr001, 2020-04-15, 14, 18, 0, 1, , zefe001, 1 ), ( kaed002, algr001, 2020-04-15, 18, 19.3, 0, 1, , zefe001, 2 ), ( alsc001, algr001, 2020-04-15, 21, 24, 0, 1, , zefe001, 1 ), ( alsc001, algr001, 2020-04-16, 0, 1, 0, 1, , zefe001, 1 ), ( alsc001, algr001, 2020-04-16, 1, 2.3, 0, 1, , zefe001, 2 ), ( kaed002, algr001, 2020-04-16, 14, 18, 0, 1, , zefe001, 1 ), ( kaed002, algr001, 2020-04-16, 18, 19.3, 0, 1, , zefe001, 2 ), ( alsc001, algr001, 2020-04-16, 21, 24, 0, 1, , zefe001, 1 ), ( alsc001, algr001, 2020-04-17, 0, 1, 0, 1, , zefe001, 1 ), ( alsc001, algr001, 2020-04-17, 1, 2.3, 0, 1, , zefe001, 2 ), ( kaed002, algr001, 2020-04-17, 14, 18, 0, 1, , zefe001, 1 ), ( kaed002, algr001, 2020-04-17, 18, 19.3, 0, 1, , zefe001, 2 ), ( alsc001, algr001, 2020-04-17, 21, 24, 0, 1, , zefe001, 1 ), ( alsc001, algr001, 2020-04-18, 0, 1, 0, 1, , zefe001, 1 ), ( alsc001, algr001, 2020-04-18, 1, 2.3, 0, 1, , zefe001, 2 ), ( kaed002, algr001, 2020-04-18, 14, 18, 0, 1, , zefe001, 1 ), ( kaed002, algr001, 2020-04-18, 18, 19.3, 0, 1, , zefe001, 2 ), ( alsc001, algr001, 2020-04-18, 21, 24, 0, 1, , zefe001, 1 ), ( alsc001, algr001, 2020-04-19, 0, 1, 0, 1, , zefe001, 1 ), ( alsc001, algr001, 2020-04-19, 1, 2.3, 0, 1, , zefe001, 2 ), ( kaed002, algr001, 2020-04-19, 14, 18, 0, 1, , zefe001, 1 ), ( kaed002, algr001, 2020-04-19, 18, 19.3, 0, 1, , zefe001, 2 ), ( alsc001, algr001, 2020-04-19, 21, 24, 0, 1, , zefe001, 1 ), ( alsc001, algr001, 2020-04-20, 0, 1, 0, 1, , zefe001, 1 ), ( alsc001, algr001, 2020-04-20, 1, 2.3, 0, 1, , zefe001, 2 ), ( kaed002, algr001, 2020-04-20, 14, 18, 0, 1, , zefe001, 1 ), ( kaed002, algr001, 2020-04-20, 18, 19.3, 0, 1, , zefe001, 2 ), ( alsc001, algr001, 2020-04-20, 21, 24, 0, 1, , zefe001, 1 ) => {inserted_id = 3481}
14:30:58 gine001 Gilad Nevo1 UPDATING data to tables `timetable` fields ( status, employee, alloc_emp ) values (1, flbu001, gine001) on conditions id = 3484
14:30:58 gine001 Gilad Nevo1 UPDATING data to tables `timetable` fields ( status, employee, alloc_emp ) values (1, flbu001, gine001) on conditions id = 3490
14:30:58 gine001 Gilad Nevo1 UPDATING data to tables `timetable` fields ( status, employee, alloc_emp ) values (1, flbu001, gine001) on conditions id = 3496
14:30:58 gine001 Gilad Nevo1 UPDATING data to tables `timetable` fields ( status, employee, alloc_emp ) values (1, flbu001, gine001) on conditions id = 3502
14:30:58 gine001 Gilad Nevo1 UPDATING data to tables `timetable` fields ( status, employee, alloc_emp ) values (1, flbu001, gine001) on conditions id = 3508
14:30:58 gine001 Gilad Nevo1 UPDATING data to tables `timetable` fields ( status, employee, alloc_emp ) values (1, flbu001, gine001) on conditions id = 3513
14:30:58 gine001 Gilad Nevo1 UPDATING data to tables `timetable` fields ( status, employee, alloc_emp ) values (1, flbu001, gine001) on conditions id = 3518
14:30:58 gine001 Gilad Nevo1 UPDATING data to tables `timetable` fields ( status, employee, alloc_emp ) values (1, flbu001, gine001) on conditions id = 3523
14:30:58 gine001 Gilad Nevo1 UPDATING data to tables `timetable` fields ( status, employee, alloc_emp ) values (1, flbu001, gine001) on conditions id = 3528
14:30:58 gine001 Gilad Nevo1 UPDATING data to tables `timetable` fields ( status, employee, alloc_emp ) values (1, flbu001, gine001) on conditions id = 3533
14:30:58 gine001 Gilad Nevo1 UPDATING data to tables `timetable` fields ( status, employee, alloc_emp ) values (1, flbu001, gine001) on conditions id = 3538
14:30:58 gine001 Gilad Nevo1 UPDATING data to tables `timetable` fields ( status, employee, alloc_emp ) values (1, flbu001, gine001) on conditions id = 3543
14:30:58 gine001 Gilad Nevo1 UPDATING data to tables `timetable` fields ( status, employee, alloc_emp ) values (1, flbu001, gine001) on conditions id = 3548
14:30:58 gine001 Gilad Nevo1 UPDATING data to tables `timetable` fields ( status, employee, alloc_emp ) values (1, flbu001, gine001) on conditions id = 3553
14:30:58 gine001 Gilad Nevo1 UPDATING data to tables `timetable` fields ( status, employee, alloc_emp ) values (1, flbu001, gine001) on conditions id = 3558
14:30:58 gine001 Gilad Nevo1 UPDATING data to tables `timetable` fields ( status, employee, alloc_emp ) values (1, flbu001, gine001) on conditions id = 3563
14:34:07 gine001 Gilad Nevo1 UPDATING data to tables `timetable` fields ( status, employee, alloc_emp ) values (1, kaed002, gine001) on conditions id = 3052
14:34:07 gine001 Gilad Nevo1 UPDATING data to tables `timetable` fields ( status, employee, alloc_emp ) values (1, kaed002, gine001) on conditions id = 3053
14:34:07 gine001 Gilad Nevo1 UPDATING data to tables `timetable` fields ( status, employee, alloc_emp ) values (1, kaed002, gine001) on conditions id = 3054
14:34:07 gine001 Gilad Nevo1 UPDATING data to tables `timetable` fields ( status, employee, alloc_emp ) values (1, kaed002, gine001) on conditions id = 3055
14:34:07 gine001 Gilad Nevo1 UPDATING data to tables `timetable` fields ( status, employee, alloc_emp ) values (1, kaed002, gine001) on conditions id = 3056
14:34:07 gine001 Gilad Nevo1 UPDATING data to tables `timetable` fields ( status, employee, alloc_emp ) values (1, kaed002, gine001) on conditions id = 3057
14:34:07 gine001 Gilad Nevo1 UPDATING data to tables `timetable` fields ( status, employee, alloc_emp ) values (1, kaed002, gine001) on conditions id = 3058
14:34:07 gine001 Gilad Nevo1 UPDATING data to tables `timetable` fields ( status, employee, alloc_emp ) values (1, kaed002, gine001) on conditions id = 3059
14:34:07 gine001 Gilad Nevo1 UPDATING data to tables `timetable` fields ( status, employee, alloc_emp ) values (1, kaed002, gine001) on conditions id = 3060
14:34:07 gine001 Gilad Nevo1 UPDATING data to tables `timetable` fields ( status, employee, alloc_emp ) values (1, kaed002, gine001) on conditions id = 3061
14:34:07 gine001 Gilad Nevo1 UPDATING data to tables `timetable` fields ( status, employee, alloc_emp ) values (1, kaed002, gine001) on conditions id = 3062
14:34:07 gine001 Gilad Nevo1 UPDATING data to tables `timetable` fields ( status, employee, alloc_emp ) values (1, kaed002, gine001) on conditions id = 3063
14:34:07 gine001 Gilad Nevo1 UPDATING data to tables `timetable` fields ( status, employee, alloc_emp ) values (1, kaed002, gine001) on conditions id = 3064
14:34:07 gine001 Gilad Nevo1 UPDATING data to tables `timetable` fields ( status, employee, alloc_emp ) values (1, kaed002, gine001) on conditions id = 3065
14:34:07 gine001 Gilad Nevo1 UPDATING data to tables `timetable` fields ( status, employee, alloc_emp ) values (1, kaed002, gine001) on conditions id = 3066
14:34:07 gine001 Gilad Nevo1 UPDATING data to tables `timetable` fields ( status, employee, alloc_emp ) values (1, kaed002, gine001) on conditions id = 3482
14:34:07 gine001 Gilad Nevo1 UPDATING data to tables `timetable` fields ( status, employee, alloc_emp ) values (1, kaed002, gine001) on conditions id = 3489
14:34:07 gine001 Gilad Nevo1 UPDATING data to tables `timetable` fields ( status, employee, alloc_emp ) values (1, kaed002, gine001) on conditions id = 3495
14:34:07 gine001 Gilad Nevo1 UPDATING data to tables `timetable` fields ( status, employee, alloc_emp ) values (1, kaed002, gine001) on conditions id = 3501
14:34:07 gine001 Gilad Nevo1 UPDATING data to tables `timetable` fields ( status, employee, alloc_emp ) values (1, kaed002, gine001) on conditions id = 3507
14:34:07 gine001 Gilad Nevo1 UPDATING data to tables `timetable` fields ( status, employee, alloc_emp ) values (1, kaed002, gine001) on conditions id = 3512
14:34:07 gine001 Gilad Nevo1 UPDATING data to tables `timetable` fields ( status, employee, alloc_emp ) values (1, kaed002, gine001) on conditions id = 3517
14:34:07 gine001 Gilad Nevo1 UPDATING data to tables `timetable` fields ( status, employee, alloc_emp ) values (1, kaed002, gine001) on conditions id = 3522
14:34:07 gine001 Gilad Nevo1 UPDATING data to tables `timetable` fields ( status, employee, alloc_emp ) values (1, kaed002, gine001) on conditions id = 3527
14:34:07 gine001 Gilad Nevo1 UPDATING data to tables `timetable` fields ( status, employee, alloc_emp ) values (1, kaed002, gine001) on conditions id = 3532
14:34:07 gine001 Gilad Nevo1 UPDATING data to tables `timetable` fields ( status, employee, alloc_emp ) values (1, kaed002, gine001) on conditions id = 3537
14:34:07 gine001 Gilad Nevo1 UPDATING data to tables `timetable` fields ( status, employee, alloc_emp ) values (1, kaed002, gine001) on conditions id = 3542
14:34:07 gine001 Gilad Nevo1 UPDATING data to tables `timetable` fields ( status, employee, alloc_emp ) values (1, kaed002, gine001) on conditions id = 3547
14:34:07 gine001 Gilad Nevo1 UPDATING data to tables `timetable` fields ( status, employee, alloc_emp ) values (1, kaed002, gine001) on conditions id = 3552
14:34:07 gine001 Gilad Nevo1 UPDATING data to tables `timetable` fields ( status, employee, alloc_emp ) values (1, kaed002, gine001) on conditions id = 3557
14:34:07 gine001 Gilad Nevo1 UPDATING data to tables `timetable` fields ( status, employee, alloc_emp ) values (1, kaed002, gine001) on conditions id = 3562
14:40:04 gine001 Gilad Nevo1 UPDATING data to tables `timetable` fields ( customer, employee, date, time_from, time_to, fkkn, type, status, comment ) values (algr001, kaed002, 2020-03-01, 1.00, 2.58, 2, 0, 1, ) on conditions id = 3052
14:40:15 gine001 Gilad Nevo1 UPDATING data to tables `timetable` fields ( customer, employee, date, time_from, time_to, fkkn, type, status, comment ) values (algr001, kaed002, 2020-03-01, 1.00, 2.55, 2, 0, 1, ) on conditions id = 3052
14:40:32 gine001 Gilad Nevo1 UPDATING data to tables `timetable` fields ( customer, employee, date, time_from, time_to, fkkn, type, status, comment ) values (algr001, kaed002, 2020-03-01, 1.00, 2.50, 2, 0, 1, ) on conditions id = 3052
14:41:01 gine001 Gilad Nevo1 UPDATING data to tables `timetable` fields ( customer, employee, date, time_from, time_to, fkkn, type, status, comment ) values (algr001, kaed002, 2020-03-01, 1.00, 2.57, 2, 0, 1, ) on conditions id = 3052
14:41:23 gine001 Gilad Nevo1 UPDATING data to tables `timetable` fields ( customer, employee, date, time_from, time_to, fkkn, type, status, comment ) values (algr001, kaed002, 2020-03-08, 1.00, 2.59, 2, 0, 1, ) on conditions id = 3059
14:41:43 gine001 Gilad Nevo1 UPDATING data to tables `timetable` fields ( customer, employee, date, time_from, time_to, fkkn, type, status, comment ) values (algr001, kaed002, 2020-03-08, 1.00, 3.00, 2, 0, 1, ) on conditions id = 3059
14:41:57 gine001 Gilad Nevo1 UPDATING data to tables `timetable` fields ( customer, employee, date, time_from, time_to, fkkn, type, status, comment ) values (algr001, kaed002, 2020-03-01, 1.00, 2.59, 2, 0, 1, ) on conditions id = 3052
14:42:10 gine001 Gilad Nevo1 UPDATING data to tables `timetable` fields ( customer, employee, date, time_from, time_to, fkkn, type, status, comment ) values (algr001, kaed002, 2020-03-01, 1.00, 2.58, 2, 0, 1, ) on conditions id = 3052
14:42:23 gine001 Gilad Nevo1 UPDATING data to tables `timetable` fields ( customer, employee, date, time_from, time_to, fkkn, type, status, comment ) values (algr001, kaed002, 2020-03-01, 1.00, 2.57, 2, 0, 1, ) on conditions id = 3052
14:51:58 gine001 Gilad Nevo1 UPDATING data to tables `time2vie_cirruscommon`.`ws_sessions` fields ( user_id ) values (gine001) on conditions session_id = 0c51047e3057f0059cef8ffd6de09c91
21:40:05 rute001 Ruta Teklehaimanot UPDATING data to tables `time2vie_cirruscommon`.`secondary_login` fields ( error ) values (0) on conditions username = rute001 AND company_id = 21
21:40:06 rute001 Ruta Teklehaimanot INSERTING data into tables `log_login` fields ( username, ip, browser ) values ( rute001, 78.68.12.244, okhttp/3.9.1 ) => {inserted_id = 8214}
21:40:06 rute001 Ruta Teklehaimanot DELETE data from tables `temp_session` on conditions username LIKE rute001
21:40:06 rute001 Ruta Teklehaimanot UPDATING data to tables `time2vie_cirruscommon`.`login` fields ( login, last_time ) values (1, 2020-03-26 21:40:06) on conditions username = rute001
21:40:06 rute001 Ruta Teklehaimanot UPDATING data to tables `time2vie_cirruscommon`.`secondary_login` fields ( last_login_time ) values (2020-03-26 21:40:06) on conditions username = rute001 AND company_id = 21
