03:03:46 fasa004 Fatima Saleh Abubaker UPDATING data to tables `time2vie_cirruscommon`.`secondary_login` fields ( error ) values (0) on conditions username = fasa004 AND company_id = 21
03:03:46 fasa004 Fatima Saleh Abubaker INSERTING data into tables `log_login` fields ( username, ip, browser ) values ( fasa004, 78.71.21.85, okhttp/3.9.1 ) => {inserted_id = 8588}
03:03:46 fasa004 Fatima Saleh Abubaker DELETE data from tables `temp_session` on conditions username LIKE fasa004
03:03:46 fasa004 Fatima Saleh Abubaker UPDATING data to tables `time2vie_cirruscommon`.`login` fields ( login, last_time ) values (1, 2020-05-14 03:03:46) on conditions username = fasa004
03:03:46 fasa004 Fatima Saleh Abubaker UPDATING data to tables `time2vie_cirruscommon`.`secondary_login` fields ( last_login_time ) values (2020-05-14 03:03:46) on conditions username = fasa004 AND company_id = 21
09:48:16 gine001 Gilad Nevo1 INSERTING data into tables `log_login` fields ( username, ip, browser ) values ( gine001, 89.233.236.131, Mozilla/5.0 (Windows NT 10.0; Win64; x64; rv:76.0) Gecko/20100101 Firefox/76.0 ) => {inserted_id = 8589}
09:48:16 gine001 Gilad Nevo1 DELETE data from tables `temp_session` on conditions username LIKE gine001
09:48:16 gine001 Gilad Nevo1 UPDATING data to tables `time2vie_cirruscommon`.`login` fields ( login, last_time ) values (1, 2020-05-14 09:48:16) on conditions username = gine001
09:48:16 gine001 Gilad Nevo1 UPDATING data to tables `time2vie_cirruscommon`.`secondary_login` fields ( last_login_time ) values (2020-05-14 09:48:16) on conditions username = gine001 AND company_id = 21
09:48:17 gine001 Gilad Nevo1 UPDATING data to tables `time2vie_cirruscommon`.`ws_sessions` fields ( user_id ) values (gine001) on conditions session_id = dbfaf61ffd252fbd3621e0a34564a649
09:49:50 gine001 Gilad Nevo1 INSERTING data into tables `timetable` fields ( employee, customer, fkkn, type, date, time_from, time_to, status, created_status, alloc_emp, comment ) values ( rute001, naom001, 1, 0, 2020-05-14, 10.30, 17, 1, , gine001,  ) => {inserted_id = 4360}
09:49:50 gine001 Gilad Nevo1 INSERTING data into tables `memory_slots` fields ( customer, time_from, time_to, type ) values ( naom001, 10.30, 17, 0 ) => {inserted_id = 1750}
09:50:05 gine001 Gilad Nevo1 UPDATING data to tables `timetable` fields ( customer, employee, date, time_from, time_to, fkkn, type, status, comment ) values (naom001, rute001, 2020-05-14, 10.30, 17.00, 1, 0, 1, Nadja sjuk) on conditions id = 4360
09:51:14 gine001 Gilad Nevo1 UPDATING data to tables `timetable` fields ( customer, employee, date, time_from, time_to, fkkn, type, status, comment ) values (naom001, rute001, 2020-05-14, 10.30, 17.00, 1, 0, 1, Nadja sjuk, Inte i skolan. Ruta jobbar hela dagen.) on conditions id = 4360
09:58:50 zefe001 Zeid Feili INSERTING data into tables `log_login` fields ( username, ip, browser ) values ( zefe001, 85.229.51.54, Mozilla/5.0 (Macintosh; Intel Mac OS X 10_11_6) AppleWebKit/537.36 (KHTML, like Gecko) Chrome/80.0.3987.132 Safari/537.36 ) => {inserted_id = 8590}
09:58:50 zefe001 Zeid Feili DELETE data from tables `temp_session` on conditions username LIKE zefe001
09:58:50 zefe001 Zeid Feili UPDATING data to tables `time2vie_cirruscommon`.`login` fields ( login, last_time ) values (1, 2020-05-14 09:58:50) on conditions username = zefe001
09:58:50 zefe001 Zeid Feili UPDATING data to tables `time2vie_cirruscommon`.`secondary_login` fields ( last_login_time ) values (2020-05-14 09:58:50) on conditions username = zefe001 AND company_id = 21
10:02:35 zefe001 Zeid Feili UPDATING data to tables `time2vie_cirruscommon`.`ws_sessions` fields ( user_id ) values (zefe001) on conditions session_id = 609192b030d49d1ea31256b44a22cf80
10:06:35 zefe001 Zeid Feili UPDATING data to tables `time2vie_cirruscommon`.`ws_sessions` fields ( user_id ) values (zefe001) on conditions session_id = 609192b030d49d1ea31256b44a22cf80
14:12:33 rute001 Ruta Teklehaimanot UPDATING data to tables `time2vie_cirruscommon`.`secondary_login` fields ( error ) values (0) on conditions username = rute001 AND company_id = 21
14:12:33 rute001 Ruta Teklehaimanot INSERTING data into tables `log_login` fields ( username, ip, browser ) values ( rute001, 85.224.30.125, okhttp/3.9.1 ) => {inserted_id = 8591}
14:12:33 rute001 Ruta Teklehaimanot DELETE data from tables `temp_session` on conditions username LIKE rute001
14:12:33 rute001 Ruta Teklehaimanot UPDATING data to tables `time2vie_cirruscommon`.`login` fields ( login, last_time ) values (1, 2020-05-14 14:12:33) on conditions username = rute001
14:12:33 rute001 Ruta Teklehaimanot UPDATING data to tables `time2vie_cirruscommon`.`secondary_login` fields ( last_login_time ) values (2020-05-14 14:12:33) on conditions username = rute001 AND company_id = 21
15:16:14 fasa004 Fatima Saleh Abubaker UPDATING data to tables `time2vie_cirruscommon`.`secondary_login` fields ( error ) values (0) on conditions username = fasa004 AND company_id = 21
15:16:14 fasa004 Fatima Saleh Abubaker INSERTING data into tables `log_login` fields ( username, ip, browser ) values ( fasa004, 78.71.21.85, okhttp/3.9.1 ) => {inserted_id = 8592}
15:16:14 fasa004 Fatima Saleh Abubaker DELETE data from tables `temp_session` on conditions username LIKE fasa004
15:16:14 fasa004 Fatima Saleh Abubaker UPDATING data to tables `time2vie_cirruscommon`.`login` fields ( login, last_time ) values (1, 2020-05-14 15:16:14) on conditions username = fasa004
15:16:14 fasa004 Fatima Saleh Abubaker UPDATING data to tables `time2vie_cirruscommon`.`secondary_login` fields ( last_login_time ) values (2020-05-14 15:16:14) on conditions username = fasa004 AND company_id = 21
17:04:46 rute001 Ruta Teklehaimanot UPDATING data to tables `time2vie_cirruscommon`.`secondary_login` fields ( error ) values (0) on conditions username = rute001 AND company_id = 21
17:04:46 rute001 Ruta Teklehaimanot INSERTING data into tables `log_login` fields ( username, ip, browser ) values ( rute001, 85.224.30.125, okhttp/3.9.1 ) => {inserted_id = 8593}
17:04:46 rute001 Ruta Teklehaimanot DELETE data from tables `temp_session` on conditions username LIKE rute001
17:04:46 rute001 Ruta Teklehaimanot UPDATING data to tables `time2vie_cirruscommon`.`login` fields ( login, last_time ) values (1, 2020-05-14 17:04:46) on conditions username = rute001
17:04:46 rute001 Ruta Teklehaimanot UPDATING data to tables `time2vie_cirruscommon`.`secondary_login` fields ( last_login_time ) values (2020-05-14 17:04:46) on conditions username = rute001 AND company_id = 21
23:03:30 fasa004 Fatima Saleh Abubaker UPDATING data to tables `time2vie_cirruscommon`.`secondary_login` fields ( error ) values (0) on conditions username = fasa004 AND company_id = 21
23:03:30 fasa004 Fatima Saleh Abubaker INSERTING data into tables `log_login` fields ( username, ip, browser ) values ( fasa004, 78.71.21.85, okhttp/3.9.1 ) => {inserted_id = 8594}
23:03:30 fasa004 Fatima Saleh Abubaker DELETE data from tables `temp_session` on conditions username LIKE fasa004
23:03:30 fasa004 Fatima Saleh Abubaker UPDATING data to tables `time2vie_cirruscommon`.`login` fields ( login, last_time ) values (1, 2020-05-14 23:03:30) on conditions username = fasa004
23:03:30 fasa004 Fatima Saleh Abubaker UPDATING data to tables `time2vie_cirruscommon`.`secondary_login` fields ( last_login_time ) values (2020-05-14 23:03:30) on conditions username = fasa004 AND company_id = 21
