09:18:03 rute001 Ruta Teklehaimanot UPDATING data to tables `time2vie_cirruscommon`.`secondary_login` fields ( error ) values (0) on conditions username = rute001 AND company_id = 21
09:18:04 rute001 Ruta Teklehaimanot INSERTING data into tables `log_login` fields ( username, ip, browser ) values ( rute001, 85.224.30.125, okhttp/3.9.1 ) => {inserted_id = 8898}
09:18:04 rute001 Ruta Teklehaimanot DELETE data from tables `temp_session` on conditions username LIKE rute001
09:18:04 rute001 Ruta Teklehaimanot UPDATING data to tables `time2vie_cirruscommon`.`login` fields ( login, last_time ) values (1, 2020-06-12 09:18:04) on conditions username = rute001
09:18:04 rute001 Ruta Teklehaimanot UPDATING data to tables `time2vie_cirruscommon`.`secondary_login` fields ( last_login_time ) values (2020-06-12 09:18:04) on conditions username = rute001 AND company_id = 21
10:23:27 fasa004 Fatima Saleh Abubaker UPDATING data to tables `time2vie_cirruscommon`.`secondary_login` fields ( error ) values (0) on conditions username = fasa004 AND company_id = 21
10:23:27 fasa004 Fatima Saleh Abubaker INSERTING data into tables `log_login` fields ( username, ip, browser ) values ( fasa004, 78.71.21.85, okhttp/3.9.1 ) => {inserted_id = 8899}
10:23:27 fasa004 Fatima Saleh Abubaker DELETE data from tables `temp_session` on conditions username LIKE fasa004
10:23:27 fasa004 Fatima Saleh Abubaker UPDATING data to tables `time2vie_cirruscommon`.`login` fields ( login, last_time ) values (1, 2020-06-12 10:23:27) on conditions username = fasa004
10:23:27 fasa004 Fatima Saleh Abubaker UPDATING data to tables `time2vie_cirruscommon`.`secondary_login` fields ( last_login_time ) values (2020-06-12 10:23:27) on conditions username = fasa004 AND company_id = 21
10:28:52 rute001 Ruta Teklehaimanot UPDATING data to tables `time2vie_cirruscommon`.`secondary_login` fields ( error ) values (0) on conditions username = rute001 AND company_id = 21
10:28:52 rute001 Ruta Teklehaimanot INSERTING data into tables `log_login` fields ( username, ip, browser ) values ( rute001, 85.224.30.125, okhttp/3.9.1 ) => {inserted_id = 8900}
10:28:52 rute001 Ruta Teklehaimanot DELETE data from tables `temp_session` on conditions username LIKE rute001
10:28:52 rute001 Ruta Teklehaimanot UPDATING data to tables `time2vie_cirruscommon`.`login` fields ( login, last_time ) values (1, 2020-06-12 10:28:52) on conditions username = rute001
10:28:52 rute001 Ruta Teklehaimanot UPDATING data to tables `time2vie_cirruscommon`.`secondary_login` fields ( last_login_time ) values (2020-06-12 10:28:52) on conditions username = rute001 AND company_id = 21
11:20:03 fasa004 Fatima Saleh Abubaker UPDATING data to tables `time2vie_cirruscommon`.`secondary_login` fields ( error ) values (0) on conditions username = fasa004 AND company_id = 21
11:20:03 fasa004 Fatima Saleh Abubaker INSERTING data into tables `log_login` fields ( username, ip, browser ) values ( fasa004, 85.224.30.125, okhttp/3.9.1 ) => {inserted_id = 8901}
11:20:03 fasa004 Fatima Saleh Abubaker DELETE data from tables `temp_session` on conditions username LIKE fasa004
11:20:03 fasa004 Fatima Saleh Abubaker UPDATING data to tables `time2vie_cirruscommon`.`login` fields ( login, last_time ) values (1, 2020-06-12 11:20:03) on conditions username = fasa004
11:20:03 fasa004 Fatima Saleh Abubaker UPDATING data to tables `time2vie_cirruscommon`.`secondary_login` fields ( last_login_time ) values (2020-06-12 11:20:03) on conditions username = fasa004 AND company_id = 21
12:22:01 rute001 Ruta Teklehaimanot UPDATING data to tables `time2vie_cirruscommon`.`secondary_login` fields ( error ) values (0) on conditions username = rute001 AND company_id = 21
12:22:01 rute001 Ruta Teklehaimanot INSERTING data into tables `log_login` fields ( username, ip, browser ) values ( rute001, 85.224.30.125, okhttp/3.9.1 ) => {inserted_id = 8902}
12:22:01 rute001 Ruta Teklehaimanot DELETE data from tables `temp_session` on conditions username LIKE rute001
12:22:01 rute001 Ruta Teklehaimanot UPDATING data to tables `time2vie_cirruscommon`.`login` fields ( login, last_time ) values (1, 2020-06-12 12:22:01) on conditions username = rute001
12:22:01 rute001 Ruta Teklehaimanot UPDATING data to tables `time2vie_cirruscommon`.`secondary_login` fields ( last_login_time ) values (2020-06-12 12:22:01) on conditions username = rute001 AND company_id = 21
12:58:38 zefe001 Zeid Feili UPDATING data to tables `time2vie_cirruscommon`.`secondary_login` fields ( error ) values (0) on conditions username = zefe001 AND company_id = 21
12:58:38 zefe001 Zeid Feili INSERTING data into tables `log_login` fields ( username, ip, browser ) values ( zefe001, 90.129.206.179, Time2View/1 CFNetwork/1107.1 Darwin/19.0.0 ) => {inserted_id = 8903}
12:58:38 zefe001 Zeid Feili DELETE data from tables `temp_session` on conditions username LIKE zefe001
12:58:38 zefe001 Zeid Feili UPDATING data to tables `time2vie_cirruscommon`.`login` fields ( login, last_time ) values (1, 2020-06-12 12:58:38) on conditions username = zefe001
12:58:38 zefe001 Zeid Feili UPDATING data to tables `time2vie_cirruscommon`.`secondary_login` fields ( last_login_time ) values (2020-06-12 12:58:38) on conditions username = zefe001 AND company_id = 21
14:03:51 fasa004 Fatima Saleh Abubaker UPDATING data to tables `time2vie_cirruscommon`.`secondary_login` fields ( error ) values (0) on conditions username = fasa004 AND company_id = 21
14:03:51 fasa004 Fatima Saleh Abubaker INSERTING data into tables `log_login` fields ( username, ip, browser ) values ( fasa004, 85.224.30.125, okhttp/3.9.1 ) => {inserted_id = 8904}
14:03:51 fasa004 Fatima Saleh Abubaker DELETE data from tables `temp_session` on conditions username LIKE fasa004
14:03:51 fasa004 Fatima Saleh Abubaker UPDATING data to tables `time2vie_cirruscommon`.`login` fields ( login, last_time ) values (1, 2020-06-12 14:03:51) on conditions username = fasa004
14:03:51 fasa004 Fatima Saleh Abubaker UPDATING data to tables `time2vie_cirruscommon`.`secondary_login` fields ( last_login_time ) values (2020-06-12 14:03:51) on conditions username = fasa004 AND company_id = 21
14:05:52 fasa004 Fatima Saleh Abubaker DELETE data from tables `time2vie_cirruscommon`.`push_notify_tokens` on conditions user_id = fasa004 AND fcm_token = f16te4TTTVw:APA91bF9gWwXmHibqaHYGZsfUExYmQzE6MERuGwp98HS7SDLTozqMOuhQGtVUQFtViL99u_T3cyoytTDLi7hsNQWPGVbH2Qw9kC-2KQYUXPD1fKyeJGMIjhp9ALGzgllJr3S3Zkdai9J #Mobile-App: Log-id=8904
14:05:52 fasa004 Fatima Saleh Abubaker DELETE data from tables `temp_session` on conditions username LIKE fasa004 #Mobile-App: Log-id=8904
14:05:52 fasa004 Fatima Saleh Abubaker UPDATING data to tables `time2vie_cirruscommon`.`login` fields ( login, last_time ) values (0, 2020-06-12 14:05:52) on conditions username = fasa004 #Mobile-App: Log-id=8904
14:05:52 fasa004 Fatima Saleh Abubaker UPDATING data to tables `time2vie_cirruscommon`.`secondary_login` fields ( last_login_time ) values (2020-06-12 14:05:52) on conditions username = fasa004 AND company_id = 21 #Mobile-App: Log-id=8904
14:06:12 fasa004 Fatima Saleh Abubaker UPDATING data to tables `time2vie_cirruscommon`.`secondary_login` fields ( error ) values (0) on conditions username = fasa004 AND company_id = 21
14:06:12 fasa004 Fatima Saleh Abubaker INSERTING data into tables `log_login` fields ( username, ip, browser ) values ( fasa004, 85.224.30.125, okhttp/3.9.1 ) => {inserted_id = 8905}
14:06:12 fasa004 Fatima Saleh Abubaker DELETE data from tables `temp_session` on conditions username LIKE fasa004
14:06:12 fasa004 Fatima Saleh Abubaker UPDATING data to tables `time2vie_cirruscommon`.`login` fields ( login, last_time ) values (1, 2020-06-12 14:06:12) on conditions username = fasa004
14:06:12 fasa004 Fatima Saleh Abubaker UPDATING data to tables `time2vie_cirruscommon`.`secondary_login` fields ( last_login_time ) values (2020-06-12 14:06:12) on conditions username = fasa004 AND company_id = 21
15:07:22 rute001 Ruta Teklehaimanot UPDATING data to tables `time2vie_cirruscommon`.`secondary_login` fields ( error ) values (0) on conditions username = rute001 AND company_id = 21
15:07:22 rute001 Ruta Teklehaimanot INSERTING data into tables `log_login` fields ( username, ip, browser ) values ( rute001, 85.224.30.125, okhttp/3.9.1 ) => {inserted_id = 8906}
15:07:22 rute001 Ruta Teklehaimanot DELETE data from tables `temp_session` on conditions username LIKE rute001
15:07:22 rute001 Ruta Teklehaimanot UPDATING data to tables `time2vie_cirruscommon`.`login` fields ( login, last_time ) values (1, 2020-06-12 15:07:22) on conditions username = rute001
15:07:22 rute001 Ruta Teklehaimanot UPDATING data to tables `time2vie_cirruscommon`.`secondary_login` fields ( last_login_time ) values (2020-06-12 15:07:22) on conditions username = rute001 AND company_id = 21
15:08:50 fasa004 Fatima Saleh Abubaker UPDATING data to tables `time2vie_cirruscommon`.`secondary_login` fields ( error ) values (0) on conditions username = fasa004 AND company_id = 21
15:08:50 fasa004 Fatima Saleh Abubaker INSERTING data into tables `log_login` fields ( username, ip, browser ) values ( fasa004, 85.224.30.125, okhttp/3.9.1 ) => {inserted_id = 8907}
15:08:50 fasa004 Fatima Saleh Abubaker DELETE data from tables `temp_session` on conditions username LIKE fasa004
15:08:50 fasa004 Fatima Saleh Abubaker UPDATING data to tables `time2vie_cirruscommon`.`login` fields ( login, last_time ) values (1, 2020-06-12 15:08:50) on conditions username = fasa004
15:08:50 fasa004 Fatima Saleh Abubaker UPDATING data to tables `time2vie_cirruscommon`.`secondary_login` fields ( last_login_time ) values (2020-06-12 15:08:50) on conditions username = fasa004 AND company_id = 21
15:31:18 fasa004 Fatima Saleh Abubaker DELETE data from tables `time2vie_cirruscommon`.`push_notify_tokens` on conditions user_id = fasa004 AND fcm_token = f16te4TTTVw:APA91bF9gWwXmHibqaHYGZsfUExYmQzE6MERuGwp98HS7SDLTozqMOuhQGtVUQFtViL99u_T3cyoytTDLi7hsNQWPGVbH2Qw9kC-2KQYUXPD1fKyeJGMIjhp9ALGzgllJr3S3Zkdai9J #Mobile-App: Log-id=8907
15:31:18 fasa004 Fatima Saleh Abubaker DELETE data from tables `temp_session` on conditions username LIKE fasa004 #Mobile-App: Log-id=8907
15:31:18 fasa004 Fatima Saleh Abubaker UPDATING data to tables `time2vie_cirruscommon`.`login` fields ( login, last_time ) values (0, 2020-06-12 15:31:18) on conditions username = fasa004 #Mobile-App: Log-id=8907
15:31:18 fasa004 Fatima Saleh Abubaker UPDATING data to tables `time2vie_cirruscommon`.`secondary_login` fields ( last_login_time ) values (2020-06-12 15:31:18) on conditions username = fasa004 AND company_id = 21 #Mobile-App: Log-id=8907
15:32:14 fasa004 Fatima Saleh Abubaker UPDATING data to tables `time2vie_cirruscommon`.`secondary_login` fields ( error ) values (0) on conditions username = fasa004 AND company_id = 21
15:32:14 fasa004 Fatima Saleh Abubaker INSERTING data into tables `log_login` fields ( username, ip, browser ) values ( fasa004, 78.71.21.85, okhttp/3.9.1 ) => {inserted_id = 8908}
15:32:14 fasa004 Fatima Saleh Abubaker DELETE data from tables `temp_session` on conditions username LIKE fasa004
15:32:14 fasa004 Fatima Saleh Abubaker UPDATING data to tables `time2vie_cirruscommon`.`login` fields ( login, last_time ) values (1, 2020-06-12 15:32:14) on conditions username = fasa004
15:32:14 fasa004 Fatima Saleh Abubaker UPDATING data to tables `time2vie_cirruscommon`.`secondary_login` fields ( last_login_time ) values (2020-06-12 15:32:14) on conditions username = fasa004 AND company_id = 21
15:32:14 fasa004 Fatima Saleh Abubaker INSERTING data into tables `time2vie_cirruscommon`.`push_notify_tokens` fields ( user_id, fcm_token, device_id, device_details, created_date, error ) values ( fasa004, f16te4TTTVw:APA91bF9gWwXmHibqaHYGZsfUExYmQzE6MERuGwp98HS7SDLTozqMOuhQGtVUQFtViL99u_T3cyoytTDLi7hsNQWPGVbH2Qw9kC-2KQYUXPD1fKyeJGMIjhp9ALGzgllJr3S3Zkdai9J, d02368989db32aa9, okhttp/3.9.1, 2020-06-12 15:32:14, 0 ) => {inserted_id = 17282} #Mobile-App: Log-id=8908
16:14:18 rute001 Ruta Teklehaimanot UPDATING data to tables `time2vie_cirruscommon`.`secondary_login` fields ( error ) values (0) on conditions username = rute001 AND company_id = 21
16:14:18 rute001 Ruta Teklehaimanot INSERTING data into tables `log_login` fields ( username, ip, browser ) values ( rute001, 85.224.30.125, okhttp/3.9.1 ) => {inserted_id = 8909}
16:14:18 rute001 Ruta Teklehaimanot DELETE data from tables `temp_session` on conditions username LIKE rute001
16:14:18 rute001 Ruta Teklehaimanot UPDATING data to tables `time2vie_cirruscommon`.`login` fields ( login, last_time ) values (1, 2020-06-12 16:14:18) on conditions username = rute001
16:14:18 rute001 Ruta Teklehaimanot UPDATING data to tables `time2vie_cirruscommon`.`secondary_login` fields ( last_login_time ) values (2020-06-12 16:14:18) on conditions username = rute001 AND company_id = 21
18:34:23 fasa004 Fatima Saleh Abubaker UPDATING data to tables `time2vie_cirruscommon`.`secondary_login` fields ( error ) values (0) on conditions username = fasa004 AND company_id = 21
18:34:23 fasa004 Fatima Saleh Abubaker INSERTING data into tables `log_login` fields ( username, ip, browser ) values ( fasa004, 78.71.21.85, okhttp/3.9.1 ) => {inserted_id = 8910}
18:34:23 fasa004 Fatima Saleh Abubaker DELETE data from tables `temp_session` on conditions username LIKE fasa004
18:34:23 fasa004 Fatima Saleh Abubaker UPDATING data to tables `time2vie_cirruscommon`.`login` fields ( login, last_time ) values (1, 2020-06-12 18:34:23) on conditions username = fasa004
18:34:23 fasa004 Fatima Saleh Abubaker UPDATING data to tables `time2vie_cirruscommon`.`secondary_login` fields ( last_login_time ) values (2020-06-12 18:34:23) on conditions username = fasa004 AND company_id = 21
18:37:27 rute001 Ruta Teklehaimanot UPDATING data to tables `time2vie_cirruscommon`.`secondary_login` fields ( error ) values (0) on conditions username = rute001 AND company_id = 21
18:37:27 rute001 Ruta Teklehaimanot INSERTING data into tables `log_login` fields ( username, ip, browser ) values ( rute001, 85.224.30.125, okhttp/3.9.1 ) => {inserted_id = 8911}
18:37:27 rute001 Ruta Teklehaimanot DELETE data from tables `temp_session` on conditions username LIKE rute001
18:37:27 rute001 Ruta Teklehaimanot UPDATING data to tables `time2vie_cirruscommon`.`login` fields ( login, last_time ) values (1, 2020-06-12 18:37:27) on conditions username = rute001
18:37:27 rute001 Ruta Teklehaimanot UPDATING data to tables `time2vie_cirruscommon`.`secondary_login` fields ( last_login_time ) values (2020-06-12 18:37:27) on conditions username = rute001 AND company_id = 21
19:22:51 zaid001 Zahra Idris Mohamed UPDATING data to tables `time2vie_cirruscommon`.`secondary_login` fields ( error ) values (0) on conditions username = zaid001 AND company_id = 21
19:22:51 zaid001 Zahra Idris Mohamed INSERTING data into tables `log_login` fields ( username, ip, browser ) values ( zaid001, 85.224.30.125, okhttp/3.9.1 ) => {inserted_id = 8912}
19:22:51 zaid001 Zahra Idris Mohamed DELETE data from tables `temp_session` on conditions username LIKE zaid001
19:22:52 zaid001 Zahra Idris Mohamed UPDATING data to tables `time2vie_cirruscommon`.`login` fields ( login, last_time ) values (1, 2020-06-12 19:22:51) on conditions username = zaid001
19:22:52 zaid001 Zahra Idris Mohamed UPDATING data to tables `time2vie_cirruscommon`.`secondary_login` fields ( last_login_time ) values (2020-06-12 19:22:51) on conditions username = zaid001 AND company_id = 21
21:12:42 rute001 Ruta Teklehaimanot UPDATING data to tables `time2vie_cirruscommon`.`secondary_login` fields ( error ) values (0) on conditions username = rute001 AND company_id = 21
21:12:42 rute001 Ruta Teklehaimanot INSERTING data into tables `log_login` fields ( username, ip, browser ) values ( rute001, 78.68.12.244, okhttp/3.9.1 ) => {inserted_id = 8913}
21:12:42 rute001 Ruta Teklehaimanot DELETE data from tables `temp_session` on conditions username LIKE rute001
21:12:42 rute001 Ruta Teklehaimanot UPDATING data to tables `time2vie_cirruscommon`.`login` fields ( login, last_time ) values (1, 2020-06-12 21:12:42) on conditions username = rute001
21:12:42 rute001 Ruta Teklehaimanot UPDATING data to tables `time2vie_cirruscommon`.`secondary_login` fields ( last_login_time ) values (2020-06-12 21:12:42) on conditions username = rute001 AND company_id = 21
22:08:05 fasa004 Fatima Saleh Abubaker UPDATING data to tables `time2vie_cirruscommon`.`secondary_login` fields ( error ) values (0) on conditions username = fasa004 AND company_id = 21
22:08:05 fasa004 Fatima Saleh Abubaker INSERTING data into tables `log_login` fields ( username, ip, browser ) values ( fasa004, 78.71.21.85, okhttp/3.9.1 ) => {inserted_id = 8914}
22:08:05 fasa004 Fatima Saleh Abubaker DELETE data from tables `temp_session` on conditions username LIKE fasa004
22:08:05 fasa004 Fatima Saleh Abubaker UPDATING data to tables `time2vie_cirruscommon`.`login` fields ( login, last_time ) values (1, 2020-06-12 22:08:05) on conditions username = fasa004
22:08:05 fasa004 Fatima Saleh Abubaker UPDATING data to tables `time2vie_cirruscommon`.`secondary_login` fields ( last_login_time ) values (2020-06-12 22:08:05) on conditions username = fasa004 AND company_id = 21
