05:42:54 gine001 Gilad Nevo1 DELETE data from tables `temp_session` on conditions username LIKE gine001
05:42:54 gine001 Gilad Nevo1 UPDATING data to tables `time2vie_cirruscommon`.`login` fields ( login, last_time ) values (0, 2020-05-12 05:42:54) on conditions username = gine001
05:42:54 gine001 Gilad Nevo1 UPDATING data to tables `time2vie_cirruscommon`.`secondary_login` fields ( last_login_time ) values (2020-05-12 05:42:54) on conditions username = gine001 AND company_id = 21
05:42:54   UPDATING data to tables `log_login` fields ( logout_time ) values (2020-05-12:03:42:54) on conditions id = 8565 AND username = gine001
05:43:26 sare003  UPDATING data to tables `time2vie_cirruscommon`.`secondary_login` fields ( error ) values (1) on conditions username = sare003 AND company_id = 21
05:44:36 gine001  UPDATING data to tables `time2vie_cirruscommon`.`secondary_login` fields ( error ) values (1) on conditions username = gine001 AND company_id = 6
05:44:50 gine001  UPDATING data to tables `time2vie_cirruscommon`.`secondary_login` fields ( error ) values (1) on conditions username = gine001 AND company_id = 21
05:45:02 gine001  UPDATING data to tables `time2vie_cirruscommon`.`secondary_login` fields ( error ) values (2) on conditions username = gine001 AND company_id = 21
08:26:49 rute001 Ruta Teklehaimanot UPDATING data to tables `time2vie_cirruscommon`.`secondary_login` fields ( error ) values (0) on conditions username = rute001 AND company_id = 21
08:26:49 rute001 Ruta Teklehaimanot INSERTING data into tables `log_login` fields ( username, ip, browser ) values ( rute001, 78.68.12.244, okhttp/3.9.1 ) => {inserted_id = 8569}
08:26:49 rute001 Ruta Teklehaimanot DELETE data from tables `temp_session` on conditions username LIKE rute001
08:26:49 rute001 Ruta Teklehaimanot UPDATING data to tables `time2vie_cirruscommon`.`login` fields ( login, last_time ) values (1, 2020-05-12 08:26:49) on conditions username = rute001
08:26:49 rute001 Ruta Teklehaimanot UPDATING data to tables `time2vie_cirruscommon`.`secondary_login` fields ( last_login_time ) values (2020-05-12 08:26:49) on conditions username = rute001 AND company_id = 21
10:23:35 zefe001  UPDATING data to tables `time2vie_cirruscommon`.`secondary_login` fields ( error ) values (1) on conditions username = zefe001 AND company_id = 21
10:23:43 zefe001 Zeid Feili UPDATING data to tables `time2vie_cirruscommon`.`secondary_login` fields ( error ) values (0) on conditions username = zefe001 AND company_id = 21
10:23:43 zefe001 Zeid Feili INSERTING data into tables `log_login` fields ( username, ip, browser ) values ( zefe001, 85.229.51.54, Mozilla/5.0 (Macintosh; Intel Mac OS X 10_11_6) AppleWebKit/537.36 (KHTML, like Gecko) Chrome/80.0.3987.132 Safari/537.36 ) => {inserted_id = 8570}
10:23:43 zefe001 Zeid Feili DELETE data from tables `temp_session` on conditions username LIKE zefe001
10:23:43 zefe001 Zeid Feili UPDATING data to tables `time2vie_cirruscommon`.`login` fields ( login, last_time ) values (1, 2020-05-12 10:23:43) on conditions username = zefe001
10:23:43 zefe001 Zeid Feili UPDATING data to tables `time2vie_cirruscommon`.`secondary_login` fields ( last_login_time ) values (2020-05-12 10:23:43) on conditions username = zefe001 AND company_id = 21
10:23:44 zefe001 Zeid Feili UPDATING data to tables `time2vie_cirruscommon`.`ws_sessions` fields ( user_id ) values (zefe001) on conditions session_id = 2ccfa7fd94d77f6bc1dfa38d45ac630b
10:24:15 fasa004 Fatima Saleh Abubaker UPDATING data to tables `time2vie_cirruscommon`.`secondary_login` fields ( error ) values (0) on conditions username = fasa004 AND company_id = 21
10:24:15 fasa004 Fatima Saleh Abubaker INSERTING data into tables `log_login` fields ( username, ip, browser ) values ( fasa004, 85.224.30.125, okhttp/3.9.1 ) => {inserted_id = 8571}
10:24:15 fasa004 Fatima Saleh Abubaker DELETE data from tables `temp_session` on conditions username LIKE fasa004
10:24:15 fasa004 Fatima Saleh Abubaker UPDATING data to tables `time2vie_cirruscommon`.`login` fields ( login, last_time ) values (1, 2020-05-12 10:24:15) on conditions username = fasa004
10:24:15 fasa004 Fatima Saleh Abubaker UPDATING data to tables `time2vie_cirruscommon`.`secondary_login` fields ( last_login_time ) values (2020-05-12 10:24:15) on conditions username = fasa004 AND company_id = 21
10:45:47 rute001 Ruta Teklehaimanot UPDATING data to tables `time2vie_cirruscommon`.`secondary_login` fields ( error ) values (0) on conditions username = rute001 AND company_id = 21
10:45:47 rute001 Ruta Teklehaimanot INSERTING data into tables `log_login` fields ( username, ip, browser ) values ( rute001, 78.68.12.244, okhttp/3.9.1 ) => {inserted_id = 8572}
10:45:47 rute001 Ruta Teklehaimanot DELETE data from tables `temp_session` on conditions username LIKE rute001
10:45:47 rute001 Ruta Teklehaimanot UPDATING data to tables `time2vie_cirruscommon`.`login` fields ( login, last_time ) values (1, 2020-05-12 10:45:47) on conditions username = rute001
10:45:47 rute001 Ruta Teklehaimanot UPDATING data to tables `time2vie_cirruscommon`.`secondary_login` fields ( last_login_time ) values (2020-05-12 10:45:47) on conditions username = rute001 AND company_id = 21
12:19:55 gine001 Gilad Nevo1 UPDATING data to tables `time2vie_cirruscommon`.`secondary_login` fields ( error ) values (0) on conditions username = gine001 AND company_id = 21
12:19:55 gine001 Gilad Nevo1 INSERTING data into tables `log_login` fields ( username, ip, browser ) values ( gine001, 89.233.236.131, Mozilla/5.0 (Windows NT 10.0; Win64; x64; rv:76.0) Gecko/20100101 Firefox/76.0 ) => {inserted_id = 8573}
12:19:55 gine001 Gilad Nevo1 DELETE data from tables `temp_session` on conditions username LIKE gine001
12:19:55 gine001 Gilad Nevo1 UPDATING data to tables `time2vie_cirruscommon`.`login` fields ( login, last_time ) values (1, 2020-05-12 12:19:55) on conditions username = gine001
12:19:55 gine001 Gilad Nevo1 UPDATING data to tables `time2vie_cirruscommon`.`secondary_login` fields ( last_login_time ) values (2020-05-12 12:19:55) on conditions username = gine001 AND company_id = 21
12:19:56 gine001 Gilad Nevo1 UPDATING data to tables `time2vie_cirruscommon`.`ws_sessions` fields ( user_id ) values (gine001) on conditions session_id = 598ec3d8669ff1e27caae86a055ba6b3
13:04:48 gine001 Gilad Nevo1 UPDATING data to tables `employee` fields ( language ) values (en) on conditions username = gine001
14:30:17 rute001 Ruta Teklehaimanot UPDATING data to tables `time2vie_cirruscommon`.`secondary_login` fields ( error ) values (0) on conditions username = rute001 AND company_id = 21
14:30:17 rute001 Ruta Teklehaimanot INSERTING data into tables `log_login` fields ( username, ip, browser ) values ( rute001, 78.68.12.244, okhttp/3.9.1 ) => {inserted_id = 8574}
14:30:17 rute001 Ruta Teklehaimanot DELETE data from tables `temp_session` on conditions username LIKE rute001
14:30:17 rute001 Ruta Teklehaimanot UPDATING data to tables `time2vie_cirruscommon`.`login` fields ( login, last_time ) values (1, 2020-05-12 14:30:17) on conditions username = rute001
14:30:17 rute001 Ruta Teklehaimanot UPDATING data to tables `time2vie_cirruscommon`.`secondary_login` fields ( last_login_time ) values (2020-05-12 14:30:17) on conditions username = rute001 AND company_id = 21
14:56:03 gine001 Gilad Nevo1 UPDATING data to tables `time2vie_cirruscommon`.`ws_sessions` fields ( user_id ) values (gine001) on conditions session_id = 598ec3d8669ff1e27caae86a055ba6b3
15:05:15 gine001 Gilad Nevo1 UPDATING data to tables `fkkn_form_defaults` fields ( bargaining_new, company_cp_name, company_cp_phone, provider_of_pa_flag, agreement_types_new, agreement_type2_company, agreement_type2_orgNo ) values (2, Zeid Feli, 0739426626, 2, 1, , ) on conditions customer = amom001 AND (employee =  OR employee IS NULL)
16:59:46 gine001 Gilad Nevo1 UPDATING data to tables `time2vie_cirruscommon`.`ws_sessions` fields ( user_id ) values (gine001) on conditions session_id = 598ec3d8669ff1e27caae86a055ba6b3
17:01:07 gine001 Gilad Nevo1 INSERTING data into tables `schedule_template` fields ( customer, Added_date, temp_name, from_date, to_date, created_user ) values ( miol005, 2020-05-12, 202005, 2020-05-01, 2020-05-31, gine001 ) => {inserted_id = 7}
17:01:07 gine001 Gilad Nevo1 INSERTING data into tables `schedule_copy` fields ( tid, employee, customer, date, time_from, time_to, type, status, comment, alloc_emp, relation_id, fkkn, alloc_comment, cust_comment ) values ( 7, laol001, miol005, 2020-05-01, 8, 20, 0, 1, , gine001, , 1, ,  ), ( 7, toni001, miol005, 2020-05-01, 9, 19, 0, 1, , gine001, , 1, ,  ), ( 7, sare003, miol005, 2020-05-01, 20, 23, 0, 1, , gine001, , 1, ,  ), ( 7, laol001, miol005, 2020-05-02, 8, 20, 0, 1, , gine001, , 1, ,  ), ( 7, sare003, miol005, 2020-05-02, 20, 23, 0, 1, , gine001, , 1, ,  ), ( 7, sare003, miol005, 2020-05-03, 8, 15, 0, 1, , gine001, , 1, ,  ), ( 7, laol001, miol005, 2020-05-03, 8, 20, 0, 1, , gine001, , 1, ,  ), ( 7, hasu005, miol005, 2020-05-03, 15, 20, 0, 1, , gine001, , 1, ,  ), ( 7, sare003, miol005, 2020-05-04, 8, 15, 0, 1, , gine001, , 1, ,  ), ( 7, maan027, miol005, 2020-05-04, 15, 20, 0, 1, , gine001, , 1, ,  ), ( 7, laol001, miol005, 2020-05-05, 8, 20, 0, 1, , gine001, , 1, ,  ), ( 7, sare003, miol005, 2020-05-05, 20, 23, 0, 1, , gine001, , 1, ,  ), ( 7, laol001, miol005, 2020-05-06, 8, 20, 0, 1, , gine001, , 1, ,  ), ( 7, sare003, miol005, 2020-05-06, 20, 23, 0, 1, , gine001, , 1, ,  ), ( 7, laol001, miol005, 2020-05-07, 8, 20, 0, 1, , gine001, , 1, ,  ), ( 7, sare003, miol005, 2020-05-07, 20, 23, 0, 1, , gine001, , 1, ,  ), ( 7, sare003, miol005, 2020-05-08, 8, 17, 0, 1, , gine001, , 1, ,  ), ( 7, hasu005, miol005, 2020-05-08, 15, 20, 0, 1, , gine001, , 1, ,  ), ( 7, sare003, miol005, 2020-05-09, 8, 15, 0, 1, , gine001, , 1, ,  ), ( 7, maan027, miol005, 2020-05-09, 15, 20, 0, 1, , gine001, , 1, ,  ), ( 7, toni001, miol005, 2020-05-10, 10, 19, 0, 1, , gine001, , 1, ,  ), ( 7, laol001, miol005, 2020-05-11, 8, 20, 0, 1, , gine001, , 1, ,  ), ( 7, sare003, miol005, 2020-05-11, 20, 23, 0, 1, , gine001, , 1, ,  ), ( 7, laol001, miol005, 2020-05-12, 8, 20, 0, 1, , gine001, , 1, ,  ), ( 7, sare003, miol005, 2020-05-12, 20, 23, 0, 1, , gine001, , 1, ,  ), ( 7, laol001, miol005, 2020-05-14, 8, 15, 0, 1, , gine001, , 1, ,  ), ( 7, maan027, miol005, 2020-05-14, 15, 20, 0, 1, , gine001, , 1, ,  ), ( 7, toni001, miol005, 2020-05-15, 9, 19, 0, 1, , gine001, , 1, ,  ), ( 7, laol001, miol005, 2020-05-16, 8, 20, 0, 1, , gine001, , 1, ,  ), ( 7, sare003, miol005, 2020-05-16, 20, 23, 0, 1, , gine001, , 1, ,  ), ( 7, sare003, miol005, 2020-05-17, 8, 15, 0, 1, , gine001, , 1, ,  ), ( 7, hasu005, miol005, 2020-05-17, 15, 20, 0, 1, , gine001, , 1, ,  ), ( 7, sare003, miol005, 2020-05-18, 8, 15, 0, 1, , gine001, , 1, ,  ), ( 7, maan027, miol005, 2020-05-18, 15, 20, 0, 1, , gine001, , 1, ,  ), ( 7, laol001, miol005, 2020-05-19, 8, 20, 0, 1, , gine001, , 1, ,  ), ( 7, sare003, miol005, 2020-05-19, 20, 23, 0, 1, , gine001, , 1, ,  ), ( 7, laol001, miol005, 2020-05-20, 8, 20, 0, 1, , gine001, , 1, ,  ), ( 7, sare003, miol005, 2020-05-20, 20, 23, 0, 1, , gine001, , 1, ,  ), ( 7, sare003, miol005, 2020-05-21, 8, 15, 0, 1, , gine001, , 1, ,  ), ( 7, hasu005, miol005, 2020-05-21, 15, 20, 0, 1, , gine001, , 1, ,  ), ( 7, sare003, miol005, 2020-05-22, 8, 20, 0, 1, , gine001, , 1, ,  ), ( 7, toni001, miol005, 2020-05-23, 8, 20, 0, 1, , gine001, , 1, ,  ), ( 7, laol001, miol005, 2020-05-24, 8, 20, 0, 1, , gine001, , 1, ,  ), ( 7, sare003, miol005, 2020-05-24, 20, 23, 0, 1, , gine001, , 1, ,  ), ( 7, laol001, miol005, 2020-05-26, 8, 20, 0, 1, , gine001, , 1, ,  ), ( 7, sare003, miol005, 2020-05-26, 20, 23, 0, 1, , gine001, , 1, ,  ), ( 7, laol001, miol005, 2020-05-27, 8, 20, 0, 1, , gine001, , 1, ,  ), ( 7, sare003, miol005, 2020-05-27, 20, 23, 0, 1, , gine001, , 1, ,  ), ( 7, laol001, miol005, 2020-05-28, 8, 20, 0, 1, , gine001, , 1, ,  ), ( 7, sare003, miol005, 2020-05-28, 20, 23, 0, 1, , gine001, , 1, ,  ), ( 7, sare003, miol005, 2020-05-29, 8, 17, 0, 1, , gine001, , 1, ,  ), ( 7, hasu005, miol005, 2020-05-29, 17, 22, 0, 1, , gine001, , 1, ,  ), ( 7, sare003, miol005, 2020-05-30, 20, 23, 0, 1, , gine001, , 1, ,  ), ( 7, toni001, miol005, 2020-05-31, 10, 19, 0, 1, , gine001, , 1, ,  ) => {inserted_id = 923}
17:01:45 gine001 Gilad Nevo1 UPDATING data to tables `time2vie_cirruscommon`.`ws_sessions` fields ( user_id ) values (gine001) on conditions session_id = 598ec3d8669ff1e27caae86a055ba6b3
17:02:20 gine001 Gilad Nevo1 UPDATING data to tables `time2vie_cirruscommon`.`ws_sessions` fields ( user_id ) values (gine001) on conditions session_id = 598ec3d8669ff1e27caae86a055ba6b3
17:13:17 fasa004 Fatima Saleh Abubaker UPDATING data to tables `time2vie_cirruscommon`.`secondary_login` fields ( error ) values (0) on conditions username = fasa004 AND company_id = 21
17:13:17 fasa004 Fatima Saleh Abubaker INSERTING data into tables `log_login` fields ( username, ip, browser ) values ( fasa004, 85.224.30.125, okhttp/3.9.1 ) => {inserted_id = 8575}
17:13:17 fasa004 Fatima Saleh Abubaker DELETE data from tables `temp_session` on conditions username LIKE fasa004
17:13:17 fasa004 Fatima Saleh Abubaker UPDATING data to tables `time2vie_cirruscommon`.`login` fields ( login, last_time ) values (1, 2020-05-12 17:13:17) on conditions username = fasa004
17:13:17 fasa004 Fatima Saleh Abubaker UPDATING data to tables `time2vie_cirruscommon`.`secondary_login` fields ( last_login_time ) values (2020-05-12 17:13:17) on conditions username = fasa004 AND company_id = 21
18:39:44 rute001 Ruta Teklehaimanot UPDATING data to tables `time2vie_cirruscommon`.`secondary_login` fields ( error ) values (0) on conditions username = rute001 AND company_id = 21
18:39:44 rute001 Ruta Teklehaimanot INSERTING data into tables `log_login` fields ( username, ip, browser ) values ( rute001, 85.224.30.125, okhttp/3.9.1 ) => {inserted_id = 8576}
18:39:44 rute001 Ruta Teklehaimanot DELETE data from tables `temp_session` on conditions username LIKE rute001
18:39:44 rute001 Ruta Teklehaimanot UPDATING data to tables `time2vie_cirruscommon`.`login` fields ( login, last_time ) values (1, 2020-05-12 18:39:44) on conditions username = rute001
18:39:44 rute001 Ruta Teklehaimanot UPDATING data to tables `time2vie_cirruscommon`.`secondary_login` fields ( last_login_time ) values (2020-05-12 18:39:44) on conditions username = rute001 AND company_id = 21
18:56:51 fasa004 Fatima Saleh Abubaker UPDATING data to tables `time2vie_cirruscommon`.`secondary_login` fields ( error ) values (0) on conditions username = fasa004 AND company_id = 21
18:56:51 fasa004 Fatima Saleh Abubaker INSERTING data into tables `log_login` fields ( username, ip, browser ) values ( fasa004, 85.224.30.125, okhttp/3.9.1 ) => {inserted_id = 8577}
18:56:51 fasa004 Fatima Saleh Abubaker DELETE data from tables `temp_session` on conditions username LIKE fasa004
18:56:51 fasa004 Fatima Saleh Abubaker UPDATING data to tables `time2vie_cirruscommon`.`login` fields ( login, last_time ) values (1, 2020-05-12 18:56:51) on conditions username = fasa004
18:56:51 fasa004 Fatima Saleh Abubaker UPDATING data to tables `time2vie_cirruscommon`.`secondary_login` fields ( last_login_time ) values (2020-05-12 18:56:51) on conditions username = fasa004 AND company_id = 21
22:59:28 fasa004 Fatima Saleh Abubaker UPDATING data to tables `time2vie_cirruscommon`.`secondary_login` fields ( error ) values (0) on conditions username = fasa004 AND company_id = 21
22:59:28 fasa004 Fatima Saleh Abubaker INSERTING data into tables `log_login` fields ( username, ip, browser ) values ( fasa004, 78.71.21.85, okhttp/3.9.1 ) => {inserted_id = 8578}
22:59:28 fasa004 Fatima Saleh Abubaker DELETE data from tables `temp_session` on conditions username LIKE fasa004
22:59:28 fasa004 Fatima Saleh Abubaker UPDATING data to tables `time2vie_cirruscommon`.`login` fields ( login, last_time ) values (1, 2020-05-12 22:59:28) on conditions username = fasa004
22:59:28 fasa004 Fatima Saleh Abubaker UPDATING data to tables `time2vie_cirruscommon`.`secondary_login` fields ( last_login_time ) values (2020-05-12 22:59:28) on conditions username = fasa004 AND company_id = 21
