09:26:05 rute001 Ruta Teklehaimanot UPDATING data to tables `time2vie_cirruscommon`.`secondary_login` fields ( error ) values (0) on conditions username = rute001 AND company_id = 21
09:26:05 rute001 Ruta Teklehaimanot INSERTING data into tables `log_login` fields ( username, ip, browser ) values ( rute001, 78.68.12.244, okhttp/3.9.1 ) => {inserted_id = 8178}
09:26:05 rute001 Ruta Teklehaimanot DELETE data from tables `temp_session` on conditions username LIKE rute001
09:26:05 rute001 Ruta Teklehaimanot UPDATING data to tables `time2vie_cirruscommon`.`login` fields ( login, last_time ) values (1, 2020-03-21 09:26:05) on conditions username = rute001
09:26:05 rute001 Ruta Teklehaimanot UPDATING data to tables `time2vie_cirruscommon`.`secondary_login` fields ( last_login_time ) values (2020-03-21 09:26:05) on conditions username = rute001 AND company_id = 21
12:44:28 inbe006 Ingeborg Bergren INSERTING data into tables `log_login` fields ( username, ip, browser ) values ( inbe006, 95.203.222.38, Mozilla/5.0 (Macintosh; Intel Mac OS X 10_14_5) AppleWebKit/537.36 (KHTML, like Gecko) Chrome/80.0.3987.132 Safari/537.36 ) => {inserted_id = 8179}
12:44:28 inbe006 Ingeborg Bergren DELETE data from tables `temp_session` on conditions username LIKE inbe006
12:44:28 inbe006 Ingeborg Bergren UPDATING data to tables `time2vie_cirruscommon`.`login` fields ( login, last_time ) values (1, 2020-03-21 12:44:28) on conditions username = inbe006
12:44:28 inbe006 Ingeborg Bergren UPDATING data to tables `time2vie_cirruscommon`.`secondary_login` fields ( last_login_time ) values (2020-03-21 12:44:28) on conditions username = inbe006 AND company_id = 21
12:44:28 inbe006 Ingeborg Bergren UPDATING data to tables `time2vie_cirruscommon`.`ws_sessions` fields ( user_id ) values (inbe006) on conditions session_id = ee07598d36f51e2680b3fe98ec8daee6
12:48:17 inbe006 Ingeborg Bergren UPDATING data to tables `timetable` fields ( customer, employee, date, time_from, time_to, fkkn, type, status, comment ) values (amom001, fasa004, 2020-03-18, 8, 15.30, 2, 0, 1, ) on conditions id = 3236
12:50:27 inbe006 Ingeborg Bergren INSERTING data into tables `timetable` fields ( employee, customer, fkkn, type, date, time_from, time_to, status, created_status, alloc_emp, comment ) values ( , amom001, 2, 0, 2020-03-19, 8.00, 15.30, 0, , inbe006,  ) => {inserted_id = 3338}
12:50:27 inbe006 Ingeborg Bergren INSERTING data into tables `timetable` fields ( employee, customer, fkkn, type, date, time_from, time_to, status, created_status, alloc_emp, comment ) values ( , amom001, 2, 0, 2020-03-20, 8.00, 15.30, 0, , inbe006,  ) => {inserted_id = 3339}
12:50:27 inbe006 Ingeborg Bergren INSERTING data into tables `timetable` fields ( employee, customer, fkkn, type, date, time_from, time_to, status, created_status, alloc_emp, comment ) values ( , amom001, 2, 0, 2020-03-23, 8.00, 15.30, 0, , inbe006,  ) => {inserted_id = 3340}
12:50:27 inbe006 Ingeborg Bergren INSERTING data into tables `timetable` fields ( employee, customer, fkkn, type, date, time_from, time_to, status, created_status, alloc_emp, comment ) values ( , amom001, 2, 0, 2020-03-24, 8.00, 15.30, 0, , inbe006,  ) => {inserted_id = 3341}
12:50:27 inbe006 Ingeborg Bergren INSERTING data into tables `timetable` fields ( employee, customer, fkkn, type, date, time_from, time_to, status, created_status, alloc_emp, comment ) values ( , amom001, 2, 0, 2020-03-25, 8.00, 15.30, 0, , inbe006,  ) => {inserted_id = 3342}
12:50:27 inbe006 Ingeborg Bergren INSERTING data into tables `timetable` fields ( employee, customer, fkkn, type, date, time_from, time_to, status, created_status, alloc_emp, comment ) values ( , amom001, 2, 0, 2020-03-26, 8.00, 15.30, 0, , inbe006,  ) => {inserted_id = 3343}
12:50:27 inbe006 Ingeborg Bergren INSERTING data into tables `timetable` fields ( employee, customer, fkkn, type, date, time_from, time_to, status, created_status, alloc_emp, comment ) values ( , amom001, 2, 0, 2020-03-27, 8.00, 15.30, 0, , inbe006,  ) => {inserted_id = 3344}
12:50:27 inbe006 Ingeborg Bergren INSERTING data into tables `timetable` fields ( employee, customer, fkkn, type, date, time_from, time_to, status, created_status, alloc_emp, comment ) values ( , amom001, 2, 0, 2020-03-30, 8.00, 15.30, 0, , inbe006,  ) => {inserted_id = 3345}
12:50:27 inbe006 Ingeborg Bergren INSERTING data into tables `timetable` fields ( employee, customer, fkkn, type, date, time_from, time_to, status, created_status, alloc_emp, comment ) values ( , amom001, 2, 0, 2020-03-31, 8.00, 15.30, 0, , inbe006,  ) => {inserted_id = 3346}
12:50:27 inbe006 Ingeborg Bergren INSERTING data into tables `timetable` fields ( employee, customer, fkkn, type, date, time_from, time_to, status, created_status, alloc_emp, comment ) values ( , amom001, 2, 0, 2020-04-01, 8.00, 15.30, 0, , inbe006,  ) => {inserted_id = 3347}
12:50:27 inbe006 Ingeborg Bergren INSERTING data into tables `timetable` fields ( employee, customer, fkkn, type, date, time_from, time_to, status, created_status, alloc_emp, comment ) values ( , amom001, 2, 0, 2020-04-02, 8.00, 15.30, 0, , inbe006,  ) => {inserted_id = 3348}
12:50:27 inbe006 Ingeborg Bergren INSERTING data into tables `timetable` fields ( employee, customer, fkkn, type, date, time_from, time_to, status, created_status, alloc_emp, comment ) values ( , amom001, 2, 0, 2020-04-03, 8.00, 15.30, 0, , inbe006,  ) => {inserted_id = 3349}
12:51:02 inbe006 Ingeborg Bergren UPDATING data to tables `timetable` fields ( customer, employee, date, time_from, time_to, fkkn, type, status, comment ) values (amom001, fasa004, 2020-03-19, 8.00, 15.30, 2, 0, 1, ) on conditions id = 3338
12:51:23 inbe006 Ingeborg Bergren UPDATING data to tables `timetable` fields ( customer, employee, date, time_from, time_to, fkkn, type, status, comment ) values (amom001, fasa004, 2020-03-20, 8.00, 15.30, 2, 0, 1, ) on conditions id = 3339
12:51:59 inbe006 Ingeborg Bergren INSERTING data into tables `temp_session` fields ( username, type, details ) values ( inbe006, 1, 3340 ) => {inserted_id = 0}
12:52:46 inbe006 Ingeborg Bergren UPDATING data to tables `timetable` fields ( customer, employee, date, time_from, time_to, fkkn, type, status, comment ) values (amom001, rute001, 2020-03-27, 8.00, 15.30, 2, 0, 1, ) on conditions id = 3344
12:53:44 inbe006 Ingeborg Bergren UPDATING data to tables `timetable` fields ( customer, employee, date, time_from, time_to, fkkn, type, status, comment ) values (amom001, rute001, 2020-03-23, 8.00, 15.30, 2, 0, 1, ) on conditions id = 3340
12:55:41 inbe006 Ingeborg Bergren UPDATING data to tables `timetable` fields ( customer, employee, date, time_from, time_to, fkkn, type, status, comment ) values (amom001, , 2020-03-24, 6.30, 8.00, 1, 0, 0, ) on conditions id = 3240
12:55:56 inbe006 Ingeborg Bergren UPDATING data to tables `timetable` fields ( customer, employee, date, time_from, time_to, fkkn, type, status, comment ) values (amom001, , 2020-03-24, 15.30, 19.30, 1, 0, 0, ) on conditions id = 3327
13:02:00 inbe006 Ingeborg Bergren UPDATING data to tables `timetable` fields ( customer, employee, date, time_from, time_to, fkkn, type, status, comment ) values (naom001, , 2020-03-24, 6.30, 10.30, 1, 0, 0, ) on conditions id = 3265
13:02:24 inbe006 Ingeborg Bergren UPDATING data to tables `timetable` fields ( customer, employee, date, time_from, time_to, fkkn, type, status, comment ) values (naom001, , 2020-03-24, 15.15, 18.45, 1, 0, 0, ) on conditions id = 3210
13:02:41 inbe006 Ingeborg Bergren UPDATING data to tables `timetable` fields ( customer, employee, date, time_from, time_to, fkkn, type, status, comment ) values (naom001, , 2020-03-26, 6.30, 10.30, 1, 0, 0, ) on conditions id = 3267
13:02:55 inbe006 Ingeborg Bergren UPDATING data to tables `timetable` fields ( customer, employee, date, time_from, time_to, fkkn, type, status, comment ) values (naom001, , 2020-03-26, 16.45, 20.30, 1, 0, 0, ) on conditions id = 3212
13:03:54 inbe006 Ingeborg Bergren UPDATING data to tables `timetable` fields ( customer, employee, date, time_from, time_to, fkkn, type, status, comment ) values (amom001, rute001, 2020-03-24, 8.00, 15.30, 2, 0, 1, ) on conditions id = 3341
13:04:13 inbe006 Ingeborg Bergren UPDATING data to tables `timetable` fields ( customer, employee, date, time_from, time_to, fkkn, type, status, comment ) values (amom001, rute001, 2020-03-24, 6.30, 8.00, 1, 0, 1, ) on conditions id = 3240
13:04:31 inbe006 Ingeborg Bergren UPDATING data to tables `timetable` fields ( customer, employee, date, time_from, time_to, fkkn, type, status, comment ) values (amom001, rute001, 2020-03-24, 15.30, 19.30, 1, 0, 1, ) on conditions id = 3327
13:04:48 inbe006 Ingeborg Bergren UPDATING data to tables `timetable` fields ( customer, employee, date, time_from, time_to, fkkn, type, status, comment ) values (amom001, rute001, 2020-03-25, 8.00, 15.30, 2, 0, 1, ) on conditions id = 3342
13:05:05 inbe006 Ingeborg Bergren UPDATING data to tables `timetable` fields ( customer, employee, date, time_from, time_to, fkkn, type, status, comment ) values (amom001, rute001, 2020-03-26, 8.00, 15.30, 2, 0, 1, ) on conditions id = 3343
13:05:52 inbe006 Ingeborg Bergren UPDATING data to tables `timetable` fields ( customer, employee, date, time_from, time_to, fkkn, type, status, comment ) values (amom001, rute001, 2020-03-26, 6.30, 8.00, 1, 0, 1, ) on conditions id = 3292
13:07:22 inbe006 Ingeborg Bergren UPDATING data to tables `timetable` fields ( customer, employee, date, time_from, time_to, fkkn, type, status, comment ) values (amom001, rute001, 2020-03-26, 15.30, 19.30, 1, 0, 1, ) on conditions id = 3329
13:07:58 inbe006 Ingeborg Bergren UPDATING data to tables `timetable` fields ( customer, employee, date, time_from, time_to, fkkn, type, status, comment ) values (amom001, fasa004, 2020-03-19, 15.30, 19.30, 1, 0, 1, ) on conditions id = 3324
13:08:37 inbe006 Ingeborg Bergren UPDATING data to tables `timetable` fields ( customer, employee, date, time_from, time_to, fkkn, type, status, comment ) values (amom001, fasa004, 2020-03-30, 8.00, 15.30, 2, 0, 1, ) on conditions id = 3345
13:08:56 inbe006 Ingeborg Bergren UPDATING data to tables `timetable` fields ( customer, employee, date, time_from, time_to, fkkn, type, status, comment ) values (amom001, fasa004, 2020-03-31, 8.00, 15.30, 2, 0, 1, ) on conditions id = 3346
13:10:31 inbe006 Ingeborg Bergren UPDATING data to tables `timetable` fields ( customer, employee, date, time_from, time_to, fkkn, type, status, comment ) values (naom001, fasa004, 2020-03-24, 6.30, 9, 1, 0, 1, ) on conditions id = 3265
13:12:23 inbe006 Ingeborg Bergren INSERTING data into tables `log_login` fields ( username, ip, browser ) values ( inbe006, 95.203.222.38, Mozilla/5.0 (Macintosh; Intel Mac OS X 10_14_5) AppleWebKit/537.36 (KHTML, like Gecko) Chrome/80.0.3987.132 Safari/537.36 ) => {inserted_id = 8180}
13:12:23 inbe006 Ingeborg Bergren DELETE data from tables `temp_session` on conditions username LIKE inbe006
13:12:23 inbe006 Ingeborg Bergren UPDATING data to tables `time2vie_cirruscommon`.`login` fields ( login, last_time ) values (1, 2020-03-21 13:12:23) on conditions username = inbe006
13:12:23 inbe006 Ingeborg Bergren UPDATING data to tables `time2vie_cirruscommon`.`secondary_login` fields ( last_login_time ) values (2020-03-21 13:12:23) on conditions username = inbe006 AND company_id = 21
13:12:24 inbe006 Ingeborg Bergren UPDATING data to tables `time2vie_cirruscommon`.`ws_sessions` fields ( user_id ) values (inbe006) on conditions session_id = ee07598d36f51e2680b3fe98ec8daee6
13:12:50 inbe006 Ingeborg Bergren UPDATING data to tables `timetable` fields ( customer, employee, date, time_from, time_to, fkkn, type, status, comment ) values (naom001, fasa004, 2020-03-24, 15.15, 18.45, 1, 0, 1, ) on conditions id = 3210
13:13:11 inbe006 Ingeborg Bergren UPDATING data to tables `timetable` fields ( customer, employee, date, time_from, time_to, fkkn, type, status, comment ) values (naom001, fasa004, 2020-03-26, 6.30, 9, 1, 0, 1, ) on conditions id = 3267
13:13:28 inbe006 Ingeborg Bergren UPDATING data to tables `timetable` fields ( customer, employee, date, time_from, time_to, fkkn, type, status, comment ) values (naom001, fasa004, 2020-03-26, 16.45, 20.30, 1, 0, 1, ) on conditions id = 3212
13:14:07 inbe006 Ingeborg Bergren UPDATING data to tables `timetable` fields ( customer, employee, date, time_from, time_to, fkkn, type, status, comment ) values (naom001, rute001, 2020-03-31, 6.30, 9, 1, 0, 1, ) on conditions id = 3270
13:14:47 inbe006 Ingeborg Bergren UPDATING data to tables `timetable` fields ( customer, employee, date, time_from, time_to, fkkn, type, status, comment ) values (naom001, rute001, 2020-03-17, 15.15, 19.45, 1, 0, 1, ) on conditions id = 3205
13:35:39 rute001 Ruta Teklehaimanot UPDATING data to tables `time2vie_cirruscommon`.`secondary_login` fields ( error ) values (0) on conditions username = rute001 AND company_id = 21
13:35:39 rute001 Ruta Teklehaimanot INSERTING data into tables `log_login` fields ( username, ip, browser ) values ( rute001, 78.68.12.244, okhttp/3.9.1 ) => {inserted_id = 8181}
13:35:39 rute001 Ruta Teklehaimanot DELETE data from tables `temp_session` on conditions username LIKE rute001
13:35:39 rute001 Ruta Teklehaimanot UPDATING data to tables `time2vie_cirruscommon`.`login` fields ( login, last_time ) values (1, 2020-03-21 13:35:39) on conditions username = rute001
13:35:39 rute001 Ruta Teklehaimanot UPDATING data to tables `time2vie_cirruscommon`.`secondary_login` fields ( last_login_time ) values (2020-03-21 13:35:39) on conditions username = rute001 AND company_id = 21
14:28:26 inbe006 Ingeborg Bergren INSERTING data into tables `log_login` fields ( username, ip, browser ) values ( inbe006, 85.229.51.54, Mozilla/5.0 (Windows NT 10.0; Win64; x64) AppleWebKit/537.36 (KHTML, like Gecko) Chrome/80.0.3987.149 Safari/537.36 ) => {inserted_id = 8182}
14:28:26 inbe006 Ingeborg Bergren DELETE data from tables `temp_session` on conditions username LIKE inbe006
14:28:26 inbe006 Ingeborg Bergren UPDATING data to tables `time2vie_cirruscommon`.`login` fields ( login, last_time ) values (1, 2020-03-21 14:28:26) on conditions username = inbe006
14:28:26 inbe006 Ingeborg Bergren UPDATING data to tables `time2vie_cirruscommon`.`secondary_login` fields ( last_login_time ) values (2020-03-21 14:28:26) on conditions username = inbe006 AND company_id = 21
14:28:27 inbe006 Ingeborg Bergren UPDATING data to tables `time2vie_cirruscommon`.`ws_sessions` fields ( user_id ) values (inbe006) on conditions session_id = b239334c60efaa55dec2e0c9f20e4bcd
14:29:12 inbe006 Ingeborg Bergren UPDATING data to tables `time2vie_cirruscommon`.`ws_sessions` fields ( user_id ) values (inbe006) on conditions session_id = b239334c60efaa55dec2e0c9f20e4bcd
14:29:14 inbe006 Ingeborg Bergren UPDATING data to tables `time2vie_cirruscommon`.`ws_sessions` fields ( user_id ) values (inbe006) on conditions session_id = b239334c60efaa55dec2e0c9f20e4bcd
14:37:14 inbe006 Ingeborg Bergren UPDATING data to tables `time2vie_cirruscommon`.`ws_sessions` fields ( user_id ) values (inbe006) on conditions session_id = b239334c60efaa55dec2e0c9f20e4bcd
14:37:17 inbe006 Ingeborg Bergren UPDATING data to tables `time2vie_cirruscommon`.`ws_sessions` fields ( user_id ) values (inbe006) on conditions session_id = b239334c60efaa55dec2e0c9f20e4bcd
15:03:56 inbe006 Ingeborg Bergren UPDATING data to tables `time2vie_cirruscommon`.`ws_sessions` fields ( user_id ) values (inbe006) on conditions session_id = b239334c60efaa55dec2e0c9f20e4bcd
15:04:00 inbe006 Ingeborg Bergren UPDATING data to tables `time2vie_cirruscommon`.`ws_sessions` fields ( user_id ) values (inbe006) on conditions session_id = b239334c60efaa55dec2e0c9f20e4bcd
15:04:48 inbe006 Ingeborg Bergren INSERTING data into tables `timetable` fields ( employee, customer, fkkn, type, date, time_from, time_to, status, created_status, alloc_emp, comment ) values ( fasa004, amom001, 1, 0, 2020-03-18, 6.30, 8, 1, , inbe006,  ) => {inserted_id = 3350}
15:13:06 inbe006 Ingeborg Bergren DELETE data from tables `timetable` on conditions id = 3239
15:13:06 inbe006 Ingeborg Bergren DELETE data from tables `timetable` on conditions id = 3340
15:13:06 inbe006 Ingeborg Bergren DELETE data from tables `timetable` on conditions id = 3326
15:13:29 inbe006 Ingeborg Bergren DELETE data from tables `timetable` on conditions id = 3240
15:13:29 inbe006 Ingeborg Bergren DELETE data from tables `timetable` on conditions id = 3341
15:13:29 inbe006 Ingeborg Bergren DELETE data from tables `timetable` on conditions id = 3327
15:13:30 inbe006 Ingeborg Bergren DELETE data from tables `timetable` on conditions id = 3241
15:13:30 inbe006 Ingeborg Bergren DELETE data from tables `timetable` on conditions id = 3342
15:13:30 inbe006 Ingeborg Bergren DELETE data from tables `timetable` on conditions id = 3328
15:13:30 inbe006 Ingeborg Bergren DELETE data from tables `timetable` on conditions id = 3292
15:13:30 inbe006 Ingeborg Bergren DELETE data from tables `timetable` on conditions id = 3343
15:13:30 inbe006 Ingeborg Bergren DELETE data from tables `timetable` on conditions id = 3329
15:13:30 inbe006 Ingeborg Bergren DELETE data from tables `timetable` on conditions id = 3243
15:13:30 inbe006 Ingeborg Bergren DELETE data from tables `timetable` on conditions id = 3344
15:13:30 inbe006 Ingeborg Bergren DELETE data from tables `timetable` on conditions id = 3330
15:13:30 inbe006 Ingeborg Bergren DELETE data from tables `timetable` on conditions id = 3294
15:13:30 inbe006 Ingeborg Bergren DELETE data from tables `timetable` on conditions id = 3345
15:13:30 inbe006 Ingeborg Bergren DELETE data from tables `timetable` on conditions id = 3331
15:13:30 inbe006 Ingeborg Bergren DELETE data from tables `timetable` on conditions id = 3245
15:13:30 inbe006 Ingeborg Bergren DELETE data from tables `timetable` on conditions id = 3346
15:13:31 inbe006 Ingeborg Bergren DELETE data from tables `timetable` on conditions id = 3332
15:14:06 inbe006 Ingeborg Bergren UPDATING data to tables `time2vie_cirruscommon`.`ws_sessions` fields ( user_id ) values (inbe006) on conditions session_id = b239334c60efaa55dec2e0c9f20e4bcd
15:14:28 inbe006 Ingeborg Bergren UPDATING data to tables `timetable` fields ( status, employee, alloc_emp ) values (1, absa003, inbe006) on conditions id = 3305
15:14:28 inbe006 Ingeborg Bergren UPDATING data to tables `timetable` fields ( status, employee, alloc_emp ) values (1, absa003, inbe006) on conditions id = 3306
15:14:28 inbe006 Ingeborg Bergren UPDATING data to tables `timetable` fields ( status, employee, alloc_emp ) values (1, absa003, inbe006) on conditions id = 3307
15:14:28 inbe006 Ingeborg Bergren UPDATING data to tables `timetable` fields ( status, employee, alloc_emp ) values (1, absa003, inbe006) on conditions id = 3308
15:14:57 inbe006 Ingeborg Bergren UPDATING data to tables `timetable` fields ( status, employee, alloc_emp ) values (1, absa003, inbe006) on conditions id = 3223
15:14:57 inbe006 Ingeborg Bergren UPDATING data to tables `timetable` fields ( status, employee, alloc_emp ) values (1, absa003, inbe006) on conditions id = 3224
15:14:57 inbe006 Ingeborg Bergren UPDATING data to tables `timetable` fields ( status, employee, alloc_emp ) values (1, absa003, inbe006) on conditions id = 3225
15:14:57 inbe006 Ingeborg Bergren UPDATING data to tables `timetable` fields ( status, employee, alloc_emp ) values (1, absa003, inbe006) on conditions id = 3226
15:15:47 inbe006 Ingeborg Bergren INSERTING data into tables `timetable` fields ( employee, customer, fkkn, type, date, time_from, time_to, status, created_status, alloc_emp, comment ) values ( , amom001, 1, 0, 2020-03-23, 6.30, 8, 0, , inbe006,  ) => {inserted_id = 3351}
15:16:46 inbe006 Ingeborg Bergren INSERTING data into tables `timetable` fields ( employee, customer, fkkn, type, date, time_from, time_to, status, created_status, alloc_emp, comment ) values ( , amom001, 1, 0, 2020-03-24, 6.30, 8, 0, , inbe006,  ) => {inserted_id = 3352}
15:16:46 inbe006 Ingeborg Bergren INSERTING data into tables `timetable` fields ( employee, customer, fkkn, type, date, time_from, time_to, status, created_status, alloc_emp, comment ) values ( , amom001, 1, 0, 2020-03-25, 6.30, 8, 0, , inbe006,  ) => {inserted_id = 3353}
15:16:46 inbe006 Ingeborg Bergren INSERTING data into tables `timetable` fields ( employee, customer, fkkn, type, date, time_from, time_to, status, created_status, alloc_emp, comment ) values ( , amom001, 1, 0, 2020-03-26, 6.30, 8, 0, , inbe006,  ) => {inserted_id = 3354}
15:16:46 inbe006 Ingeborg Bergren INSERTING data into tables `timetable` fields ( employee, customer, fkkn, type, date, time_from, time_to, status, created_status, alloc_emp, comment ) values ( , amom001, 1, 0, 2020-03-27, 6.30, 8, 0, , inbe006,  ) => {inserted_id = 3355}
15:16:46 inbe006 Ingeborg Bergren INSERTING data into tables `timetable` fields ( employee, customer, fkkn, type, date, time_from, time_to, status, created_status, alloc_emp, comment ) values ( , amom001, 1, 0, 2020-03-30, 6.30, 8, 0, , inbe006,  ) => {inserted_id = 3356}
15:16:46 inbe006 Ingeborg Bergren INSERTING data into tables `timetable` fields ( employee, customer, fkkn, type, date, time_from, time_to, status, created_status, alloc_emp, comment ) values ( , amom001, 1, 0, 2020-03-31, 6.30, 8, 0, , inbe006,  ) => {inserted_id = 3357}
15:16:46 inbe006 Ingeborg Bergren INSERTING data into tables `timetable` fields ( employee, customer, fkkn, type, date, time_from, time_to, status, created_status, alloc_emp, comment ) values ( , amom001, 1, 0, 2020-04-01, 6.30, 8, 0, , inbe006,  ) => {inserted_id = 3358}
15:16:46 inbe006 Ingeborg Bergren INSERTING data into tables `timetable` fields ( employee, customer, fkkn, type, date, time_from, time_to, status, created_status, alloc_emp, comment ) values ( , amom001, 1, 0, 2020-04-02, 6.30, 8, 0, , inbe006,  ) => {inserted_id = 3359}
15:16:46 inbe006 Ingeborg Bergren INSERTING data into tables `timetable` fields ( employee, customer, fkkn, type, date, time_from, time_to, status, created_status, alloc_emp, comment ) values ( , amom001, 1, 0, 2020-04-03, 6.30, 8, 0, , inbe006,  ) => {inserted_id = 3360}
15:17:28 inbe006 Ingeborg Bergren INSERTING data into tables `timetable` fields ( employee, customer, fkkn, type, date, time_from, time_to, status, created_status, alloc_emp, comment ) values ( , amom001, 2, 0, 2020-03-23, 8, 14.30, 0, , inbe006,  ) => {inserted_id = 3361}
15:17:28 inbe006 Ingeborg Bergren INSERTING data into tables `timetable` fields ( employee, customer, fkkn, type, date, time_from, time_to, status, created_status, alloc_emp, comment ) values ( , amom001, 2, 0, 2020-03-24, 8, 14.30, 0, , inbe006,  ) => {inserted_id = 3362}
15:17:28 inbe006 Ingeborg Bergren INSERTING data into tables `timetable` fields ( employee, customer, fkkn, type, date, time_from, time_to, status, created_status, alloc_emp, comment ) values ( , amom001, 2, 0, 2020-03-25, 8, 14.30, 0, , inbe006,  ) => {inserted_id = 3363}
15:17:28 inbe006 Ingeborg Bergren INSERTING data into tables `timetable` fields ( employee, customer, fkkn, type, date, time_from, time_to, status, created_status, alloc_emp, comment ) values ( , amom001, 2, 0, 2020-03-26, 8, 14.30, 0, , inbe006,  ) => {inserted_id = 3364}
15:17:28 inbe006 Ingeborg Bergren INSERTING data into tables `timetable` fields ( employee, customer, fkkn, type, date, time_from, time_to, status, created_status, alloc_emp, comment ) values ( , amom001, 2, 0, 2020-03-27, 8, 14.30, 0, , inbe006,  ) => {inserted_id = 3365}
15:17:28 inbe006 Ingeborg Bergren INSERTING data into tables `timetable` fields ( employee, customer, fkkn, type, date, time_from, time_to, status, created_status, alloc_emp, comment ) values ( , amom001, 2, 0, 2020-03-30, 8, 14.30, 0, , inbe006,  ) => {inserted_id = 3366}
15:17:28 inbe006 Ingeborg Bergren INSERTING data into tables `timetable` fields ( employee, customer, fkkn, type, date, time_from, time_to, status, created_status, alloc_emp, comment ) values ( , amom001, 2, 0, 2020-03-31, 8, 14.30, 0, , inbe006,  ) => {inserted_id = 3367}
15:17:28 inbe006 Ingeborg Bergren INSERTING data into tables `timetable` fields ( employee, customer, fkkn, type, date, time_from, time_to, status, created_status, alloc_emp, comment ) values ( , amom001, 2, 0, 2020-04-01, 8, 14.30, 0, , inbe006,  ) => {inserted_id = 3368}
15:17:28 inbe006 Ingeborg Bergren INSERTING data into tables `timetable` fields ( employee, customer, fkkn, type, date, time_from, time_to, status, created_status, alloc_emp, comment ) values ( , amom001, 2, 0, 2020-04-02, 8, 14.30, 0, , inbe006,  ) => {inserted_id = 3369}
15:17:28 inbe006 Ingeborg Bergren INSERTING data into tables `timetable` fields ( employee, customer, fkkn, type, date, time_from, time_to, status, created_status, alloc_emp, comment ) values ( , amom001, 2, 0, 2020-04-03, 8, 14.30, 0, , inbe006,  ) => {inserted_id = 3370}
15:18:20 inbe006 Ingeborg Bergren INSERTING data into tables `timetable` fields ( employee, customer, fkkn, type, date, time_from, time_to, status, created_status, alloc_emp, comment ) values ( , amom001, 2, 0, 2020-03-23, 14.30, 15.30, 0, , inbe006,  ) => {inserted_id = 3371}
15:18:20 inbe006 Ingeborg Bergren INSERTING data into tables `timetable` fields ( employee, customer, fkkn, type, date, time_from, time_to, status, created_status, alloc_emp, comment ) values ( , amom001, 2, 0, 2020-03-24, 14.30, 15.30, 0, , inbe006,  ) => {inserted_id = 3372}
15:18:20 inbe006 Ingeborg Bergren INSERTING data into tables `timetable` fields ( employee, customer, fkkn, type, date, time_from, time_to, status, created_status, alloc_emp, comment ) values ( , amom001, 2, 0, 2020-03-25, 14.30, 15.30, 0, , inbe006,  ) => {inserted_id = 3373}
15:18:20 inbe006 Ingeborg Bergren INSERTING data into tables `timetable` fields ( employee, customer, fkkn, type, date, time_from, time_to, status, created_status, alloc_emp, comment ) values ( , amom001, 2, 0, 2020-03-26, 14.30, 15.30, 0, , inbe006,  ) => {inserted_id = 3374}
15:18:20 inbe006 Ingeborg Bergren INSERTING data into tables `timetable` fields ( employee, customer, fkkn, type, date, time_from, time_to, status, created_status, alloc_emp, comment ) values ( , amom001, 2, 0, 2020-03-27, 14.30, 15.30, 0, , inbe006,  ) => {inserted_id = 3375}
15:18:20 inbe006 Ingeborg Bergren INSERTING data into tables `timetable` fields ( employee, customer, fkkn, type, date, time_from, time_to, status, created_status, alloc_emp, comment ) values ( , amom001, 2, 0, 2020-03-30, 14.30, 15.30, 0, , inbe006,  ) => {inserted_id = 3376}
15:18:20 inbe006 Ingeborg Bergren INSERTING data into tables `timetable` fields ( employee, customer, fkkn, type, date, time_from, time_to, status, created_status, alloc_emp, comment ) values ( , amom001, 2, 0, 2020-03-31, 14.30, 15.30, 0, , inbe006,  ) => {inserted_id = 3377}
15:18:20 inbe006 Ingeborg Bergren INSERTING data into tables `timetable` fields ( employee, customer, fkkn, type, date, time_from, time_to, status, created_status, alloc_emp, comment ) values ( , amom001, 2, 0, 2020-04-01, 14.30, 15.30, 0, , inbe006,  ) => {inserted_id = 3378}
15:18:20 inbe006 Ingeborg Bergren INSERTING data into tables `timetable` fields ( employee, customer, fkkn, type, date, time_from, time_to, status, created_status, alloc_emp, comment ) values ( , amom001, 2, 0, 2020-04-02, 14.30, 15.30, 0, , inbe006,  ) => {inserted_id = 3379}
15:18:20 inbe006 Ingeborg Bergren INSERTING data into tables `timetable` fields ( employee, customer, fkkn, type, date, time_from, time_to, status, created_status, alloc_emp, comment ) values ( , amom001, 2, 0, 2020-04-03, 14.30, 15.30, 0, , inbe006,  ) => {inserted_id = 3380}
15:18:55 inbe006 Ingeborg Bergren INSERTING data into tables `timetable` fields ( employee, customer, fkkn, type, date, time_from, time_to, status, created_status, alloc_emp, comment ) values ( , amom001, 1, 0, 2020-03-23, 15.30, 19.30, 0, , inbe006,  ) => {inserted_id = 3381}
15:18:55 inbe006 Ingeborg Bergren INSERTING data into tables `timetable` fields ( employee, customer, fkkn, type, date, time_from, time_to, status, created_status, alloc_emp, comment ) values ( , amom001, 1, 0, 2020-03-24, 15.30, 19.30, 0, , inbe006,  ) => {inserted_id = 3382}
15:18:55 inbe006 Ingeborg Bergren INSERTING data into tables `timetable` fields ( employee, customer, fkkn, type, date, time_from, time_to, status, created_status, alloc_emp, comment ) values ( , amom001, 1, 0, 2020-03-25, 15.30, 19.30, 0, , inbe006,  ) => {inserted_id = 3383}
15:18:55 inbe006 Ingeborg Bergren INSERTING data into tables `timetable` fields ( employee, customer, fkkn, type, date, time_from, time_to, status, created_status, alloc_emp, comment ) values ( , amom001, 1, 0, 2020-03-26, 15.30, 19.30, 0, , inbe006,  ) => {inserted_id = 3384}
15:18:55 inbe006 Ingeborg Bergren INSERTING data into tables `timetable` fields ( employee, customer, fkkn, type, date, time_from, time_to, status, created_status, alloc_emp, comment ) values ( , amom001, 1, 0, 2020-03-27, 15.30, 19.30, 0, , inbe006,  ) => {inserted_id = 3385}
15:18:55 inbe006 Ingeborg Bergren INSERTING data into tables `timetable` fields ( employee, customer, fkkn, type, date, time_from, time_to, status, created_status, alloc_emp, comment ) values ( , amom001, 1, 0, 2020-03-30, 15.30, 19.30, 0, , inbe006,  ) => {inserted_id = 3386}
15:18:55 inbe006 Ingeborg Bergren INSERTING data into tables `timetable` fields ( employee, customer, fkkn, type, date, time_from, time_to, status, created_status, alloc_emp, comment ) values ( , amom001, 1, 0, 2020-03-31, 15.30, 19.30, 0, , inbe006,  ) => {inserted_id = 3387}
15:18:55 inbe006 Ingeborg Bergren INSERTING data into tables `timetable` fields ( employee, customer, fkkn, type, date, time_from, time_to, status, created_status, alloc_emp, comment ) values ( , amom001, 1, 0, 2020-04-01, 15.30, 19.30, 0, , inbe006,  ) => {inserted_id = 3388}
15:18:55 inbe006 Ingeborg Bergren INSERTING data into tables `timetable` fields ( employee, customer, fkkn, type, date, time_from, time_to, status, created_status, alloc_emp, comment ) values ( , amom001, 1, 0, 2020-04-02, 15.30, 19.30, 0, , inbe006,  ) => {inserted_id = 3389}
15:18:55 inbe006 Ingeborg Bergren INSERTING data into tables `timetable` fields ( employee, customer, fkkn, type, date, time_from, time_to, status, created_status, alloc_emp, comment ) values ( , amom001, 1, 0, 2020-04-03, 15.30, 19.30, 0, , inbe006,  ) => {inserted_id = 3390}
15:19:32 inbe006 Ingeborg Bergren UPDATING data to tables `timetable` fields ( status, employee, alloc_emp ) values (1, rute001, inbe006) on conditions id = 3351
15:19:32 inbe006 Ingeborg Bergren UPDATING data to tables `timetable` fields ( status, employee, alloc_emp ) values (1, rute001, inbe006) on conditions id = 3361
15:19:32 inbe006 Ingeborg Bergren UPDATING data to tables `timetable` fields ( status, employee, alloc_emp ) values (1, rute001, inbe006) on conditions id = 3352
15:19:32 inbe006 Ingeborg Bergren UPDATING data to tables `timetable` fields ( status, employee, alloc_emp ) values (1, rute001, inbe006) on conditions id = 3362
15:19:32 inbe006 Ingeborg Bergren UPDATING data to tables `timetable` fields ( status, employee, alloc_emp ) values (1, rute001, inbe006) on conditions id = 3353
15:19:32 inbe006 Ingeborg Bergren UPDATING data to tables `timetable` fields ( status, employee, alloc_emp ) values (1, rute001, inbe006) on conditions id = 3363
15:19:32 inbe006 Ingeborg Bergren UPDATING data to tables `timetable` fields ( status, employee, alloc_emp ) values (1, rute001, inbe006) on conditions id = 3354
15:19:32 inbe006 Ingeborg Bergren UPDATING data to tables `timetable` fields ( status, employee, alloc_emp ) values (1, rute001, inbe006) on conditions id = 3364
15:19:32 inbe006 Ingeborg Bergren UPDATING data to tables `timetable` fields ( status, employee, alloc_emp ) values (1, rute001, inbe006) on conditions id = 3355
15:19:32 inbe006 Ingeborg Bergren UPDATING data to tables `timetable` fields ( status, employee, alloc_emp ) values (1, rute001, inbe006) on conditions id = 3365
15:20:01 inbe006 Ingeborg Bergren UPDATING data to tables `timetable` fields ( status, employee, alloc_emp ) values (1, fasa004, inbe006) on conditions id = 3356
15:20:01 inbe006 Ingeborg Bergren UPDATING data to tables `timetable` fields ( status, employee, alloc_emp ) values (1, fasa004, inbe006) on conditions id = 3366
15:20:02 inbe006 Ingeborg Bergren UPDATING data to tables `timetable` fields ( status, employee, alloc_emp ) values (1, fasa004, inbe006) on conditions id = 3357
15:20:02 inbe006 Ingeborg Bergren UPDATING data to tables `timetable` fields ( status, employee, alloc_emp ) values (1, fasa004, inbe006) on conditions id = 3367
15:20:54 inbe006 Ingeborg Bergren UPDATING data to tables `timetable` fields ( status, employee, alloc_emp ) values (1, absa003, inbe006) on conditions id = 3371
15:20:54 inbe006 Ingeborg Bergren UPDATING data to tables `timetable` fields ( status, employee, alloc_emp ) values (1, absa003, inbe006) on conditions id = 3381
15:20:54 inbe006 Ingeborg Bergren UPDATING data to tables `timetable` fields ( status, employee, alloc_emp ) values (1, absa003, inbe006) on conditions id = 3372
15:20:54 inbe006 Ingeborg Bergren UPDATING data to tables `timetable` fields ( status, employee, alloc_emp ) values (1, absa003, inbe006) on conditions id = 3382
15:20:54 inbe006 Ingeborg Bergren UPDATING data to tables `timetable` fields ( status, employee, alloc_emp ) values (1, absa003, inbe006) on conditions id = 3373
15:20:54 inbe006 Ingeborg Bergren UPDATING data to tables `timetable` fields ( status, employee, alloc_emp ) values (1, absa003, inbe006) on conditions id = 3383
15:20:54 inbe006 Ingeborg Bergren UPDATING data to tables `timetable` fields ( status, employee, alloc_emp ) values (1, absa003, inbe006) on conditions id = 3374
15:20:54 inbe006 Ingeborg Bergren UPDATING data to tables `timetable` fields ( status, employee, alloc_emp ) values (1, absa003, inbe006) on conditions id = 3384
15:20:54 inbe006 Ingeborg Bergren UPDATING data to tables `timetable` fields ( status, employee, alloc_emp ) values (1, absa003, inbe006) on conditions id = 3375
15:20:54 inbe006 Ingeborg Bergren UPDATING data to tables `timetable` fields ( status, employee, alloc_emp ) values (1, absa003, inbe006) on conditions id = 3385
15:20:54 inbe006 Ingeborg Bergren UPDATING data to tables `timetable` fields ( status, employee, alloc_emp ) values (1, absa003, inbe006) on conditions id = 3376
15:20:54 inbe006 Ingeborg Bergren UPDATING data to tables `timetable` fields ( status, employee, alloc_emp ) values (1, absa003, inbe006) on conditions id = 3386
15:20:54 inbe006 Ingeborg Bergren UPDATING data to tables `timetable` fields ( status, employee, alloc_emp ) values (1, absa003, inbe006) on conditions id = 3377
15:20:54 inbe006 Ingeborg Bergren UPDATING data to tables `timetable` fields ( status, employee, alloc_emp ) values (1, absa003, inbe006) on conditions id = 3387
15:23:50 inbe006 Ingeborg Bergren UPDATING data to tables `time2vie_cirruscommon`.`ws_sessions` fields ( user_id ) values (inbe006) on conditions session_id = b239334c60efaa55dec2e0c9f20e4bcd
15:23:53 inbe006 Ingeborg Bergren UPDATING data to tables `time2vie_cirruscommon`.`ws_sessions` fields ( user_id ) values (inbe006) on conditions session_id = b239334c60efaa55dec2e0c9f20e4bcd
15:27:19 inbe006 Ingeborg Bergren UPDATING data to tables `customer_contract` fields ( hour, date_from, date_to, fkkn ) values (7,5, 2020-03-18, 2020-03-31, 2) on conditions id = 14
15:27:19 inbe006 Ingeborg Bergren UPDATING data to tables `customer_contract_billing` fields ( kn_name, kn_address, kn_postno, mobile, email, city, oncall, oncall2, awake, something, iss, sol, kn_reference_no, kn_box ) values (Grums Kommun, Gamla v채gen 122, 66432, , , Grums, , , , , 1, , 000, 0) on conditions contract_id = 14
15:27:19 inbe006 Ingeborg Bergren UPDATING data to tables `customer_contract_decision` fields ( first_name, last_name, mobile, email, city, comments_time, comments_other, documents ) values (Therese, Persson, , therese.persson@grums.se, Grums, Beslutet kommer att revideras under v. 8.2020, Fr책gor besvaras av Elisabeth Grahn 0555-421 75 elisabeth.grahn@grums.se, A.O.A_fritidsbeslut.pdf) on conditions contract_id = 14
15:28:11 inbe006 Ingeborg Bergren UPDATING data to tables `customer_contract` fields ( hour, date_from, date_to, fkkn ) values (75, 2020-03-18, 2020-03-31, 2) on conditions id = 14
15:28:11 inbe006 Ingeborg Bergren UPDATING data to tables `customer_contract_billing` fields ( kn_name, kn_address, kn_postno, mobile, email, city, oncall, oncall2, awake, something, iss, sol, kn_reference_no, kn_box ) values (Grums Kommun, Gamla v채gen 122, 66432, , , Grums, , , , , 1, , 000, 0) on conditions contract_id = 14
15:28:11 inbe006 Ingeborg Bergren UPDATING data to tables `customer_contract_decision` fields ( first_name, last_name, mobile, email, city, comments_time, comments_other, documents ) values (Therese, Persson, , therese.persson@grums.se, Grums, Beslutet kommer att revideras under v. 8.2020, Fr책gor besvaras av Elisabeth Grahn 0555-421 75 elisabeth.grahn@grums.se, A.O.A_fritidsbeslut.pdf) on conditions contract_id = 14
15:28:16 inbe006 Ingeborg Bergren UPDATING data to tables `time2vie_cirruscommon`.`ws_sessions` fields ( user_id ) values (inbe006) on conditions session_id = b239334c60efaa55dec2e0c9f20e4bcd
15:28:24 inbe006 Ingeborg Bergren UPDATING data to tables `time2vie_cirruscommon`.`ws_sessions` fields ( user_id ) values (inbe006) on conditions session_id = b239334c60efaa55dec2e0c9f20e4bcd
15:29:15 inbe006 Ingeborg Bergren UPDATING data to tables `time2vie_cirruscommon`.`ws_sessions` fields ( user_id ) values (inbe006) on conditions session_id = b239334c60efaa55dec2e0c9f20e4bcd
15:35:11 inbe006 Ingeborg Bergren UPDATING data to tables `time2vie_cirruscommon`.`ws_sessions` fields ( user_id ) values (inbe006) on conditions session_id = b239334c60efaa55dec2e0c9f20e4bcd
15:35:16 inbe006 Ingeborg Bergren UPDATING data to tables `time2vie_cirruscommon`.`ws_sessions` fields ( user_id ) values (inbe006) on conditions session_id = b239334c60efaa55dec2e0c9f20e4bcd
15:40:07 inbe006 Ingeborg Bergren UPDATING data to tables `time2vie_cirruscommon`.`ws_sessions` fields ( user_id ) values (inbe006) on conditions session_id = b239334c60efaa55dec2e0c9f20e4bcd
15:40:11 inbe006 Ingeborg Bergren UPDATING data to tables `time2vie_cirruscommon`.`ws_sessions` fields ( user_id ) values (inbe006) on conditions session_id = b239334c60efaa55dec2e0c9f20e4bcd
15:52:23 inbe006 Ingeborg Bergren UPDATING data to tables `time2vie_cirruscommon`.`ws_sessions` fields ( user_id ) values (inbe006) on conditions session_id = b239334c60efaa55dec2e0c9f20e4bcd
15:55:49 inbe006 Ingeborg Bergren UPDATING data to tables `time2vie_cirruscommon`.`ws_sessions` fields ( user_id ) values (inbe006) on conditions session_id = b239334c60efaa55dec2e0c9f20e4bcd
15:55:53 inbe006 Ingeborg Bergren UPDATING data to tables `time2vie_cirruscommon`.`ws_sessions` fields ( user_id ) values (inbe006) on conditions session_id = b239334c60efaa55dec2e0c9f20e4bcd
15:56:52 inbe006 Ingeborg Bergren UPDATING data to tables `time2vie_cirruscommon`.`ws_sessions` fields ( user_id ) values (inbe006) on conditions session_id = b239334c60efaa55dec2e0c9f20e4bcd
15:56:55 inbe006 Ingeborg Bergren UPDATING data to tables `time2vie_cirruscommon`.`ws_sessions` fields ( user_id ) values (inbe006) on conditions session_id = b239334c60efaa55dec2e0c9f20e4bcd
16:10:49 inbe006 Ingeborg Bergren INSERTING data into tables `log_login` fields ( username, ip, browser ) values ( inbe006, 85.229.51.54, Mozilla/5.0 (Windows NT 10.0; Win64; x64) AppleWebKit/537.36 (KHTML, like Gecko) Chrome/80.0.3987.149 Safari/537.36 ) => {inserted_id = 8183}
16:10:49 inbe006 Ingeborg Bergren DELETE data from tables `temp_session` on conditions username LIKE inbe006
16:10:49 inbe006 Ingeborg Bergren UPDATING data to tables `time2vie_cirruscommon`.`login` fields ( login, last_time ) values (1, 2020-03-21 16:10:49) on conditions username = inbe006
16:10:49 inbe006 Ingeborg Bergren UPDATING data to tables `time2vie_cirruscommon`.`secondary_login` fields ( last_login_time ) values (2020-03-21 16:10:49) on conditions username = inbe006 AND company_id = 21
16:10:49 inbe006 Ingeborg Bergren UPDATING data to tables `time2vie_cirruscommon`.`ws_sessions` fields ( user_id ) values (inbe006) on conditions session_id = 17edb3be6fa225afc322527fc72db656
16:12:14 inbe006 Ingeborg Bergren UPDATING data to tables `time2vie_cirruscommon`.`ws_sessions` fields ( user_id ) values (inbe006) on conditions session_id = 17edb3be6fa225afc322527fc72db656
16:12:17 inbe006 Ingeborg Bergren UPDATING data to tables `time2vie_cirruscommon`.`ws_sessions` fields ( user_id ) values (inbe006) on conditions session_id = 17edb3be6fa225afc322527fc72db656
16:12:52 inbe006 Ingeborg Bergren UPDATING data to tables `time2vie_cirruscommon`.`ws_sessions` fields ( user_id ) values (inbe006) on conditions session_id = 17edb3be6fa225afc322527fc72db656
16:16:24 rute001 Ruta Teklehaimanot UPDATING data to tables `time2vie_cirruscommon`.`secondary_login` fields ( error ) values (0) on conditions username = rute001 AND company_id = 21
16:16:24 rute001 Ruta Teklehaimanot INSERTING data into tables `log_login` fields ( username, ip, browser ) values ( rute001, 78.68.12.244, okhttp/3.9.1 ) => {inserted_id = 8184}
16:16:24 rute001 Ruta Teklehaimanot DELETE data from tables `temp_session` on conditions username LIKE rute001
16:16:24 rute001 Ruta Teklehaimanot UPDATING data to tables `time2vie_cirruscommon`.`login` fields ( login, last_time ) values (1, 2020-03-21 16:16:24) on conditions username = rute001
16:16:24 rute001 Ruta Teklehaimanot UPDATING data to tables `time2vie_cirruscommon`.`secondary_login` fields ( last_login_time ) values (2020-03-21 16:16:24) on conditions username = rute001 AND company_id = 21
19:36:26 rute001 Ruta Teklehaimanot UPDATING data to tables `time2vie_cirruscommon`.`secondary_login` fields ( error ) values (0) on conditions username = rute001 AND company_id = 21
19:36:26 rute001 Ruta Teklehaimanot INSERTING data into tables `log_login` fields ( username, ip, browser ) values ( rute001, 78.68.12.244, okhttp/3.9.1 ) => {inserted_id = 8185}
19:36:26 rute001 Ruta Teklehaimanot DELETE data from tables `temp_session` on conditions username LIKE rute001
19:36:26 rute001 Ruta Teklehaimanot UPDATING data to tables `time2vie_cirruscommon`.`login` fields ( login, last_time ) values (1, 2020-03-21 19:36:26) on conditions username = rute001
19:36:26 rute001 Ruta Teklehaimanot UPDATING data to tables `time2vie_cirruscommon`.`secondary_login` fields ( last_login_time ) values (2020-03-21 19:36:26) on conditions username = rute001 AND company_id = 21
20:11:29 rute001 Ruta Teklehaimanot UPDATING data to tables `time2vie_cirruscommon`.`secondary_login` fields ( error ) values (0) on conditions username = rute001 AND company_id = 21
20:11:29 rute001 Ruta Teklehaimanot INSERTING data into tables `log_login` fields ( username, ip, browser ) values ( rute001, 78.68.12.244, okhttp/3.9.1 ) => {inserted_id = 8186}
20:11:29 rute001 Ruta Teklehaimanot DELETE data from tables `temp_session` on conditions username LIKE rute001
20:11:29 rute001 Ruta Teklehaimanot UPDATING data to tables `time2vie_cirruscommon`.`login` fields ( login, last_time ) values (1, 2020-03-21 20:11:29) on conditions username = rute001
20:11:29 rute001 Ruta Teklehaimanot UPDATING data to tables `time2vie_cirruscommon`.`secondary_login` fields ( last_login_time ) values (2020-03-21 20:11:29) on conditions username = rute001 AND company_id = 21
