10:48:06 gine001 Gilad Nevo1 INSERTING data into tables `log_login` fields ( username, ip, browser ) values ( gine001, 89.233.236.131, Mozilla/5.0 (Windows NT 10.0; Win64; x64; rv:68.0) Gecko/20100101 Firefox/68.0 ) => {inserted_id = 8007}
10:48:06 gine001 Gilad Nevo1 DELETE data from tables `temp_session` on conditions username LIKE gine001
10:48:07 gine001 Gilad Nevo1 UPDATING data to tables `time2vie_cirruscommon`.`login` fields ( login, last_time ) values (1, 2020-01-15 10:48:06) on conditions username = gine001
10:48:07 gine001 Gilad Nevo1 UPDATING data to tables `time2vie_cirruscommon`.`secondary_login` fields ( last_login_time ) values (2020-01-15 10:48:06) on conditions username = gine001 AND company_id = 21
10:48:08 gine001 Gilad Nevo1 UPDATING data to tables `time2vie_cirruscommon`.`ws_sessions` fields ( user_id ) values (gine001) on conditions session_id = 14d3096cb5eceff8fd66aab403844e7e
10:53:28 gine001 Gilad Nevo1 INSERTING data into tables `time2vie_cirruscommon`.`login` fields ( username, mobile, social_security, role, login, date, company_ids ) values ( inbe006, 728530062, 5805176301, 7, 0, 2020-01-15, 21, ) => {inserted_id = 0}
10:53:28 gine001 Gilad Nevo1 INSERTING data into tables `time2vie_cirruscommon`.`secondary_login` fields ( username, company_id, last_login_time, last_pw_update_date, error, password ) values ( inbe006, 21, 0000-00-00 00:00:00, 2020-01-15, 0, e23ed3da13abc3b3da2b711d207c7208 ) => {inserted_id = 9131}
10:53:28 gine001 Gilad Nevo1 INSERTING data into tables `employee` fields ( username, century, code, social_security, first_name, last_name, gender, address, city, post, phone, mobile, email, date, color, status, date_inactive, max_hours, monthly_salary, start_day, remaining_sem_leave, sem_leave_todate, leave_in_advance, care_of, office_personal, substitute, salary_type, sem_leave_days, vab_leave_days, fp_leave_days, nopay_leave_days, other_leave_days, ice, employee_contract_start_month, employee_contract_period_date, employee_contract_period_length, candg_follow, inconvenient_on ) values ( inbe006, 19, 112, 5805176301, Ingeborg, Bergren, 2, , , , , 728530062, ingeborg@varmlandsassistans.se, 2020-01-15, #6ab64a, 1, , , 0, 10.00, , , , , , , 1, , , , , , , , , , , 1 ) => {inserted_id = 0}
10:53:28 gine001 Gilad Nevo1 UPDATING data to tables `time2vie_cirruscommon`.`login` fields ( company_ids=CONCAT(`company_ids`,?) ) values (21,) on conditions social_security = 5805176301 AND company_ids NOT LIKE %21,%
10:53:28 gine001 Gilad Nevo1 INSERTING data into tables `privileges_forms` fields ( employee, fkkn, `leave`, certificate ) values ( inbe006, 1, 1, 0 ) => {inserted_id = 0}
10:53:28 gine001 Gilad Nevo1 INSERTING data into tables `privileges_general` fields ( employee, chat, add_employee, add_customer, edit_employee, edit_customer, inconvenient_timing, administration ) values ( inbe006, 1, 1, 1, 1, 1, 1, 0 ) => {inserted_id = 0}
10:53:28 gine001 Gilad Nevo1 INSERTING data into tables `privileges_mc` fields ( employee, cirrus_mail, external_mail, leave_notification, notes, leave_rejection, leave_approval, leave_edit, notes_approval, notes_rejection, sms, notes_attchment ) values ( inbe006, 1, 1, 1, 1, 1, 1, 1, 1, 1, 1, 1 ) => {inserted_id = 0}
10:53:28 gine001 Gilad Nevo1 INSERTING data into tables `privileges_reports` fields ( employee, customer_data, customer_leave, customer_granded_vs_used, customer_employee_connection, customer_schedule, customer_horizontal, customer_overview, customer_vacation_planning, employee_data, employee_leave, employee_percentage, employee_schedule, employee_workreport ) values ( inbe006, 1, 1, 1, 1, 1, 1, 1, 1, 1, 1, 1, 1, 1 ) => {inserted_id = 0}
10:53:28 gine001 Gilad Nevo1 INSERTING data into tables `privileges` fields ( employee, swap, process, add_slot, fkkn, slot_type, add_customer, add_employee, remove_customer, remove_employee, `leave`, copy_single_slot, copy_single_slot_option, copy_day_slot, copy_day_slot_option, split_slot, delete_slot, delete_day_slot ) values ( inbe006, 1, 1, 1, 1, 1, 1, 1, 1, 1, 1, 1, 1, 1, 1, 1, 1, 1 ) => {inserted_id = 0}
10:53:28 gine001 Gilad Nevo1 INSERTING data into tables `team` fields ( customer, employee, role ) values ( algr001, inbe006, 3 ), ( amom001, inbe006, 3 ), ( naom001, inbe006, 3 ) => {inserted_id = 0}
10:54:22 gine001 Gilad Nevo1 UPDATING data to tables `time2vie_cirruscommon`.`login` fields ( role, mobile ) values (7, 728530062) on conditions username = inbe006
10:54:22 gine001 Gilad Nevo1 UPDATING data to tables `employee` fields ( code, century, social_security, first_name, last_name, gender, address, city, post, phone, mobile, email, date, color, status, date_inactive, max_hours, monthly_salary, start_day, remaining_sem_leave, sem_leave_todate, leave_in_advance, care_of, office_personal, substitute, salary_type, sem_leave_days, vab_leave_days, fp_leave_days, nopay_leave_days, other_leave_days, ice, employee_contract_start_month, employee_contract_period_date, employee_contract_period_length, candg_follow, inconvenient_on ) values (112, 19, 5805176301, Ingeborg, Bergren, 2, , , , , 728530062, ingeborg@varmlandassistans.se, 2020-01-15, #6ab64a, 1, , , 0, 10.00, 0, , 0, , 0, 0, 1, 0, 0, 0, 0, 0, , , , , 0, 1) on conditions username = inbe006
10:54:22 gine001 Gilad Nevo1 INSERTING data into tables `emp_inconvinient_time` fields ( emp_username, on_call, on_call_holiday, on_call_bigholiday, inconvinient_night, inconvinient_evening, inconvinient_holiday, inconvinient_week_holiday, date_from, added_by ) values ( inbe006, , , , , , , , 2020-01-15, gine001 ) => {inserted_id = 407}
10:54:22 gine001 Gilad Nevo1 INSERTING data into tables `emp_salary` fields ( emp_username, salary_per_month, salary_per_hour, date_from, added_by ) values ( inbe006, , , 2020-01-15, gine001 ) => {inserted_id = 382}
10:54:22 gine001 Gilad Nevo1 DELETE data from tables `team` on conditions employee = inbe006
10:54:22 gine001 Gilad Nevo1 INSERTING data into tables `team` fields ( customer, employee, role ) values ( algr001, inbe006, 3 ), ( naom001, inbe006, 3 ), ( amom001, inbe006, 3 ) => {inserted_id = 0}
10:54:34 gine001 Gilad Nevo1 UPDATING data to tables `time2vie_cirruscommon`.`ws_sessions` fields ( user_id ) values (gine001) on conditions session_id = 14d3096cb5eceff8fd66aab403844e7e
10:57:13 gine001 Gilad Nevo1 UPDATING data to tables `time2vie_cirruscommon`.`login` fields ( password, mobile, role, error, date ) values (c81df55af9ab46de1bcf2aa1c4a197ac, 728530062, 7, 0, 2020-01-15) on conditions username = inbe006
10:57:13 gine001 Gilad Nevo1 UPDATING data to tables `time2vie_cirruscommon`.`secondary_login` fields ( password, error, last_pw_update_date ) values (c81df55af9ab46de1bcf2aa1c4a197ac, 0, 2020-01-15 09:57:13) on conditions username = inbe006 AND company_id = 21
10:57:13 gine001 Gilad Nevo1 UPDATING data to tables `employee` fields ( code, century, social_security, first_name, last_name, gender, address, city, post, phone, mobile, email, date, color, status, date_inactive, max_hours, monthly_salary, start_day, remaining_sem_leave, sem_leave_todate, leave_in_advance, care_of, office_personal, substitute, salary_type, sem_leave_days, vab_leave_days, fp_leave_days, nopay_leave_days, other_leave_days, ice, employee_contract_start_month, employee_contract_period_date, employee_contract_period_length, candg_follow, inconvenient_on ) values (112, 19, 5805176301, Ingeborg, Bergren, 2, , , , , 728530062, ingeborg@varmlandassistans.se, 2020-01-15, #6ab64a, 1, , , 0, 10.00, 0, , 0, , 0, 0, 1, 0, 0, 0, 0, 0, , , , , 0, 1) on conditions username = inbe006
10:57:13 gine001 Gilad Nevo1 DELETE data from tables `team` on conditions employee = inbe006
10:57:13 gine001 Gilad Nevo1 INSERTING data into tables `team` fields ( customer, employee, role ) values ( algr001, inbe006, 3 ), ( naom001, inbe006, 3 ), ( amom001, inbe006, 3 ) => {inserted_id = 0}
10:57:43 inbe006 Ingeborg Bergren INSERTING data into tables `log_login` fields ( username, ip, browser ) values ( inbe006, 217.214.152.101, okhttp/3.9.1 ) => {inserted_id = 8008}
11:01:28 inbe006 Ingeborg Bergren UPDATING data to tables `time2vie_cirruscommon`.`secondary_login` fields ( password, last_pw_update_date, error ) values (94528755eb56219203d56a4195b8c706, 2020-01-15 10:01:28, 0) on conditions username = inbe006 AND company_id = 21
11:01:28 inbe006 Ingeborg Bergren INSERTING data into tables `log_password` fields ( username, passwords ) values ( inbe006, c81df55af9ab46de1bcf2aa1c4a197ac ) => {inserted_id = 0}
11:01:28 inbe006 Ingeborg Bergren DELETE data from tables `temp_session` on conditions username LIKE inbe006
11:01:28 inbe006 Ingeborg Bergren UPDATING data to tables `time2vie_cirruscommon`.`login` fields ( login, last_time ) values (1, 2020-01-15 11:01:28) on conditions username = inbe006
11:01:28 inbe006 Ingeborg Bergren UPDATING data to tables `time2vie_cirruscommon`.`secondary_login` fields ( last_login_time ) values (2020-01-15 11:01:28) on conditions username = inbe006 AND company_id = 21
11:01:32 inbe006 Ingeborg Bergren UPDATING data to tables `time2vie_cirruscommon`.`secondary_login` fields ( error ) values (0) on conditions username = inbe006 AND company_id = 21
11:01:32 inbe006 Ingeborg Bergren INSERTING data into tables `log_login` fields ( username, ip, browser ) values ( inbe006, 217.214.152.101, okhttp/3.9.1 ) => {inserted_id = 8009}
11:01:32 inbe006 Ingeborg Bergren DELETE data from tables `temp_session` on conditions username LIKE inbe006
11:01:32 inbe006 Ingeborg Bergren UPDATING data to tables `time2vie_cirruscommon`.`login` fields ( login, last_time ) values (1, 2020-01-15 11:01:32) on conditions username = inbe006
11:01:32 inbe006 Ingeborg Bergren UPDATING data to tables `time2vie_cirruscommon`.`secondary_login` fields ( last_login_time ) values (2020-01-15 11:01:32) on conditions username = inbe006 AND company_id = 21
11:01:32 inbe006 Ingeborg Bergren INSERTING data into tables `time2vie_cirruscommon`.`push_notify_tokens` fields ( user_id, fcm_token, device_id, device_details, created_date, error ) values ( inbe006, eZxkasraU2E:APA91bGhYZMnc4PsE1yEPm6ry_YSi6Eb_TcQnVYg-CeAWknq-esuG7e_8090MV516izwdD4_3AUWoYxWKcFKbnuJmgN_wUywNfT-0OOolxnLq-ugn4ataaVZW9Lu-Z9-1fLwGw_Los_r, 2aea693cca770b3a, okhttp/3.9.1, 2020-01-15 11:01:32, 0 ) => {inserted_id = 14043} #Mobile-App: Log-id=8009
11:03:45 gine001 Gilad Nevo1 UPDATING data to tables `privileges` fields ( swap, process, add_slot, fkkn, slot_type, add_customer, add_employee, remove_customer, remove_employee, `leave`, copy_single_slot, copy_single_slot_option, copy_day_slot, copy_day_slot_option, split_slot, delete_slot, delete_day_slot, delete_multiple_slots, contract_override, atl_override, change_time, no_pay_leave, candg_approve, show_percentage_monthly, not_show_employees ) values (1, 1, 1, 1, 1, 1, 1, 1, 1, 1, 1, 1, 1, 1, 1, 1, 1, 1, 1, 1, 1, 1, 1, 1, 1) on conditions employee = inbe006 AND customer IS NULL
11:03:56 gine001 Gilad Nevo1 UPDATING data to tables `privileges_reports` fields ( customer_schedule, employee_schedule, employee_workreport, customer_data, customer_leave, customer_granded_vs_used, customer_employee_connection, customer_horizontal, customer_overview, customer_vacation_planning, employee_data, employee_leave, employee_percentage, atl_warning, customer_overlapping, employee_skill
                     ) values (1, 1, 1, 1, 1, 1, 1, 1, 1, 1, 1, 1, 1, 1, 1, 1) on conditions employee = inbe006
11:04:16 gine001 Gilad Nevo1 UPDATING data to tables `privileges_forms` fields ( fkkn, `leave`, certificate, form_1, form_2, form_3, form_1_report, form_2_report, form_3_report, form_4, form_5, form_6, form_7, form_termination ) values (1, 1, 1, 1, 1, 1, 1, 1, 1, 1, 1, 1, 1, ) on conditions employee = inbe006
11:04:41 gine001 Gilad Nevo1 UPDATING data to tables `privileges_general` fields ( add_employee, add_customer, inconvenient_timing, administration, chat, edit_employee, edit_customer, survey, create_template, use_template, candg_wi, candg_wo, mobile_search, employer_signing, candg_stop_other_emps, employee_settings_contract, employee_settings_salary, employee_settings_notification, employee_settings_privileges, employee_settings_cv, employee_settings_documentation, employee_settings_preference, customer_settings_insurance_fk, customer_settings_insurance_kn, customer_settings_insurance_tu, customer_settings_implan, customer_settings_deswork, customer_settings_documentation, customer_settings_equipment, customer_settings_privileges, customer_settings_appointment, customer_settings_oncall, customer_settings_3066, customer_settings_sick_form_defaults, customer_settings_location, administration_fk_export, candg_on, recruitment, customer_doc_field, employee_check_list ) values (1, 1, 1, 1, 0, 1, 1, 1, 1, 1, 0, 0, 1, 1, 0, 1, 1, 1, 0, 1, 1, 1, 1, 1, 1, 1, 1, 1, 1, 0, 1, 1, 1, 1, 1, 1, 0, 1, 1, 1) on conditions employee = inbe006
11:05:00 gine001 Gilad Nevo1 UPDATING data to tables `privileges_mc` fields ( leave_notification, leave_approval, leave_rejection, leave_edit, notes, cirrus_mail, external_mail, sms, notes_approval, notes_rejection, notes_attchment, document_archive, support, sms_general, approve_all_leave ) values (1, 1, 1, 1, 1, 1, 1, 1, 1, 1, 1, 1, 1, 1, 0) on conditions employee = inbe006
11:05:28 gine001 Gilad Nevo1 UPDATING data to tables `privileges` fields ( swap, process, add_slot, fkkn, slot_type, add_customer, add_employee, remove_customer, remove_employee, `leave`, copy_single_slot, copy_single_slot_option, copy_day_slot, copy_day_slot_option, split_slot, delete_slot, delete_day_slot, delete_multiple_slots, contract_override, atl_override, change_time, no_pay_leave, candg_approve, show_percentage_monthly, not_show_employees ) values (1, 1, 1, 1, 1, 1, 1, 1, 1, 1, 1, 1, 1, 1, 1, 1, 1, 1, 1, 1, 1, 1, 0, 1, 1) on conditions employee = inbe006 AND customer IS NULL
11:06:16 gine001 Gilad Nevo1 UPDATING data to tables `time2vie_cirruscommon`.`ws_sessions` fields ( user_id ) values (gine001) on conditions session_id = 14d3096cb5eceff8fd66aab403844e7e
11:19:32 inbe006 Ingeborg Bergren UPDATING data to tables `time2vie_cirruscommon`.`secondary_login` fields ( error ) values (0) on conditions username = inbe006 AND company_id = 21 #Mobile-App: Log-id=8009
11:19:32 inbe006 Ingeborg Bergren INSERTING data into tables `log_login` fields ( username, ip, browser ) values ( inbe006, 217.214.152.101, okhttp/3.9.1 ) => {inserted_id = 8010} #Mobile-App: Log-id=8009
11:19:32 inbe006 Ingeborg Bergren DELETE data from tables `temp_session` on conditions username LIKE inbe006 #Mobile-App: Log-id=8010
11:19:32 inbe006 Ingeborg Bergren UPDATING data to tables `time2vie_cirruscommon`.`login` fields ( login, last_time ) values (1, 2020-01-15 11:19:32) on conditions username = inbe006 #Mobile-App: Log-id=8010
11:19:32 inbe006 Ingeborg Bergren UPDATING data to tables `time2vie_cirruscommon`.`secondary_login` fields ( last_login_time ) values (2020-01-15 11:19:32) on conditions username = inbe006 AND company_id = 21 #Mobile-App: Log-id=8010
11:19:58 inbe006 Ingeborg Bergren INSERTING data into tables `time2vie_cirruscommon`.`email_otp` fields ( user_id, company_id, email, otp, purpose, date ) values ( inbe006, 21, ingeborg@varmlandassistans.se, 368855, EMAIL_VERIFY, 2020-01-15 11:19:58 ) => {inserted_id = 181} #Mobile-App: Log-id=8010
12:13:06 inbe006 Ingeborg Bergren UPDATING data to tables `time2vie_cirruscommon`.`secondary_login` fields ( error ) values (0) on conditions username = inbe006 AND company_id = 21
12:13:07 inbe006 Ingeborg Bergren INSERTING data into tables `log_login` fields ( username, ip, browser ) values ( inbe006, 217.214.152.101, okhttp/3.9.1 ) => {inserted_id = 8011}
12:13:07 inbe006 Ingeborg Bergren DELETE data from tables `temp_session` on conditions username LIKE inbe006
12:13:07 inbe006 Ingeborg Bergren UPDATING data to tables `time2vie_cirruscommon`.`login` fields ( login, last_time ) values (1, 2020-01-15 12:13:07) on conditions username = inbe006
12:13:07 inbe006 Ingeborg Bergren UPDATING data to tables `time2vie_cirruscommon`.`secondary_login` fields ( last_login_time ) values (2020-01-15 12:13:07) on conditions username = inbe006 AND company_id = 21
12:17:35 inbe006 Ingeborg Bergren INSERTING data into tables `time2vie_cirruscommon`.`email_otp` fields ( user_id, company_id, email, otp, purpose, date ) values ( inbe006, 21, ingeborg@varmlandassistans.se, 366370, EMAIL_VERIFY, 2020-01-15 12:17:35 ) => {inserted_id = 182} #Mobile-App: Log-id=8011
12:17:48 inbe006 Ingeborg Bergren INSERTING data into tables `time2vie_cirruscommon`.`email_otp` fields ( user_id, company_id, email, otp, purpose, date ) values ( inbe006, 21, ingeborg@varmlandassistans.se, 201689, EMAIL_VERIFY, 2020-01-15 12:17:48 ) => {inserted_id = 183} #Mobile-App: Log-id=8011
12:18:01 inbe006 Ingeborg Bergren INSERTING data into tables `time2vie_cirruscommon`.`email_otp` fields ( user_id, company_id, email, otp, purpose, date ) values ( inbe006, 21, ingeborg@varmlandassistans.se, 781073, EMAIL_VERIFY, 2020-01-15 12:18:01 ) => {inserted_id = 184} #Mobile-App: Log-id=8011
12:18:19 inbe006 Ingeborg Bergren INSERTING data into tables `time2vie_cirruscommon`.`email_otp` fields ( user_id, company_id, email, otp, purpose, date ) values ( inbe006, 21, ingeborg@varmlandassistans.se, 351393, EMAIL_VERIFY, 2020-01-15 12:18:19 ) => {inserted_id = 185} #Mobile-App: Log-id=8011
13:04:14 inbe006 Ingeborg Bergren UPDATING data to tables `time2vie_cirruscommon`.`secondary_login` fields ( error ) values (0) on conditions username = inbe006 AND company_id = 21
13:04:14 inbe006 Ingeborg Bergren INSERTING data into tables `log_login` fields ( username, ip, browser ) values ( inbe006, 95.202.45.134, okhttp/3.9.1 ) => {inserted_id = 8012}
13:04:14 inbe006 Ingeborg Bergren DELETE data from tables `temp_session` on conditions username LIKE inbe006
13:04:14 inbe006 Ingeborg Bergren UPDATING data to tables `time2vie_cirruscommon`.`login` fields ( login, last_time ) values (1, 2020-01-15 13:04:14) on conditions username = inbe006
13:04:14 inbe006 Ingeborg Bergren UPDATING data to tables `time2vie_cirruscommon`.`secondary_login` fields ( last_login_time ) values (2020-01-15 13:04:14) on conditions username = inbe006 AND company_id = 21
13:31:02 inbe006  UPDATING data to tables `time2vie_cirruscommon`.`secondary_login` fields ( error ) values (1) on conditions username = inbe006 AND company_id = 21
13:31:26 inbe006 Ingeborg Bergren UPDATING data to tables `time2vie_cirruscommon`.`secondary_login` fields ( error ) values (0) on conditions username = inbe006 AND company_id = 21
13:31:26 inbe006 Ingeborg Bergren INSERTING data into tables `log_login` fields ( username, ip, browser ) values ( inbe006, 95.202.45.134, Mozilla/5.0 (Macintosh; Intel Mac OS X 10_14_5) AppleWebKit/537.36 (KHTML, like Gecko) Chrome/79.0.3945.88 Safari/537.36 ) => {inserted_id = 8013}
13:31:26 inbe006 Ingeborg Bergren DELETE data from tables `temp_session` on conditions username LIKE inbe006
13:31:26 inbe006 Ingeborg Bergren UPDATING data to tables `time2vie_cirruscommon`.`login` fields ( login, last_time ) values (1, 2020-01-15 13:31:26) on conditions username = inbe006
13:31:26 inbe006 Ingeborg Bergren UPDATING data to tables `time2vie_cirruscommon`.`secondary_login` fields ( last_login_time ) values (2020-01-15 13:31:26) on conditions username = inbe006 AND company_id = 21
13:31:26 inbe006 Ingeborg Bergren UPDATING data to tables `time2vie_cirruscommon`.`ws_sessions` fields ( user_id ) values (inbe006) on conditions session_id = 614b7dc6c2be40c43025acf074e6141c
16:42:02 inbe006 Ingeborg Bergren UPDATING data to tables `time2vie_cirruscommon`.`secondary_login` fields ( error ) values (0) on conditions username = inbe006 AND company_id = 21
16:42:03 inbe006 Ingeborg Bergren INSERTING data into tables `log_login` fields ( username, ip, browser ) values ( inbe006, 95.202.45.134, okhttp/3.9.1 ) => {inserted_id = 8014}
16:42:03 inbe006 Ingeborg Bergren DELETE data from tables `temp_session` on conditions username LIKE inbe006
16:42:03 inbe006 Ingeborg Bergren UPDATING data to tables `time2vie_cirruscommon`.`login` fields ( login, last_time ) values (1, 2020-01-15 16:42:03) on conditions username = inbe006
16:42:03 inbe006 Ingeborg Bergren UPDATING data to tables `time2vie_cirruscommon`.`secondary_login` fields ( last_login_time ) values (2020-01-15 16:42:03) on conditions username = inbe006 AND company_id = 21
