12:50:47 inbe006 Ingeborg Bergren INSERTING data into tables `log_login` fields ( username, ip, browser ) values ( inbe006, 95.203.222.38, Mozilla/5.0 (Windows NT 10.0; Win64; x64) AppleWebKit/537.36 (KHTML, like Gecko) Chrome/80.0.3987.132 Safari/537.36 ) => {inserted_id = 8166}
12:50:47 inbe006 Ingeborg Bergren DELETE data from tables `temp_session` on conditions username LIKE inbe006
12:50:47 inbe006 Ingeborg Bergren UPDATING data to tables `time2vie_cirruscommon`.`login` fields ( login, last_time ) values (1, 2020-03-18 12:50:47) on conditions username = inbe006
12:50:47 inbe006 Ingeborg Bergren UPDATING data to tables `time2vie_cirruscommon`.`secondary_login` fields ( last_login_time ) values (2020-03-18 12:50:47) on conditions username = inbe006 AND company_id = 21
12:50:48 inbe006 Ingeborg Bergren UPDATING data to tables `time2vie_cirruscommon`.`ws_sessions` fields ( user_id ) values (inbe006) on conditions session_id = 808828a0a6c65111d1c7de33cf7b5962
12:52:18 inbe006 Ingeborg Bergren UPDATING data to tables `time2vie_cirruscommon`.`ws_sessions` fields ( user_id ) values (inbe006) on conditions session_id = 808828a0a6c65111d1c7de33cf7b5962
12:54:26 inbe006 Ingeborg Bergren UPDATING data to tables `timetable` fields ( customer, employee, date, time_from, time_to, fkkn, type, status, comment ) values (naom001, rute001, 2020-03-17, 6.30, 10.30, 1, 0, 1, ) on conditions id = 3260
12:55:14 inbe006 Ingeborg Bergren UPDATING data to tables `timetable` fields ( customer, employee, date, time_from, time_to, fkkn, type, status, comment ) values (naom001, rute001, 2020-03-18, 6.15, 8.00, 1, 0, 1, ) on conditions id = 3261
12:56:30 inbe006 Ingeborg Bergren UPDATING data to tables `timetable` fields ( customer, employee, date, time_from, time_to, fkkn, type, status, comment ) values (naom001, rute001, 2020-03-20, 6.15, 8.00, 1, 0, 1, ) on conditions id = 3263
12:57:23 inbe006 Ingeborg Bergren UPDATING data to tables `timetable` fields ( customer, employee, date, time_from, time_to, fkkn, type, status, comment ) values (naom001, fasa004, 2020-03-25, 6.15, 8.00, 1, 0, 1, ) on conditions id = 3266
12:57:52 inbe006 Ingeborg Bergren UPDATING data to tables `timetable` fields ( customer, employee, date, time_from, time_to, fkkn, type, status, comment ) values (naom001, fasa004, 2020-03-27, 6.15, 8.00, 1, 0, 1, ) on conditions id = 3268
13:01:12 gine001 Gilad Nevo1 INSERTING data into tables `log_login` fields ( username, ip, browser ) values ( gine001, 89.233.236.131, Mozilla/5.0 (Windows NT 10.0; Win64; x64; rv:68.0) Gecko/20100101 Firefox/68.0 ) => {inserted_id = 8167}
13:01:12 gine001 Gilad Nevo1 DELETE data from tables `temp_session` on conditions username LIKE gine001
13:01:12 gine001 Gilad Nevo1 UPDATING data to tables `time2vie_cirruscommon`.`login` fields ( login, last_time ) values (1, 2020-03-18 13:01:12) on conditions username = gine001
13:01:12 gine001 Gilad Nevo1 UPDATING data to tables `time2vie_cirruscommon`.`secondary_login` fields ( last_login_time ) values (2020-03-18 13:01:12) on conditions username = gine001 AND company_id = 21
13:01:13 gine001 Gilad Nevo1 UPDATING data to tables `time2vie_cirruscommon`.`ws_sessions` fields ( user_id ) values (gine001) on conditions session_id = 52bf8f69ca63ff984e8002b77648255c
14:55:47 gine001 Gilad Nevo1 INSERTING data into tables `log_login` fields ( username, ip, browser ) values ( gine001, 89.233.236.131, Mozilla/5.0 (Windows NT 10.0; Win64; x64; rv:68.0) Gecko/20100101 Firefox/68.0 ) => {inserted_id = 8168}
14:55:47 gine001 Gilad Nevo1 DELETE data from tables `temp_session` on conditions username LIKE gine001
14:55:47 gine001 Gilad Nevo1 UPDATING data to tables `time2vie_cirruscommon`.`login` fields ( login, last_time ) values (1, 2020-03-18 14:55:47) on conditions username = gine001
14:55:47 gine001 Gilad Nevo1 UPDATING data to tables `time2vie_cirruscommon`.`secondary_login` fields ( last_login_time ) values (2020-03-18 14:55:47) on conditions username = gine001 AND company_id = 21
14:55:48 gine001 Gilad Nevo1 UPDATING data to tables `time2vie_cirruscommon`.`ws_sessions` fields ( user_id ) values (gine001) on conditions session_id = 52bf8f69ca63ff984e8002b77648255c
14:56:31 gine001 Gilad Nevo1 UPDATING data to tables `time2vie_cirruscommon`.`login` fields ( mobile, social_security ) values (, 0310029376) on conditions username = miol005
14:56:31 gine001 Gilad Nevo1 UPDATING data to tables `customer` fields ( code, century, social_security, first_name, last_name, address, city, post, phone, mobile, email, date, status, date_inactive, fkkn, gender, employee_contract_start_month, employee_contract_period_date, employee_contract_period_length, kn_name, kn_address, kn_postno, kn_reference_no, kn_box, kn_city ) values (1-1-13, 20, 0310029376, Mike, Olsson, Smårisvägen 24, Deje, 66931, , , , 2020-04-01, 1, , 1, 1, , , , , , 0, , , ) on conditions username = miol005
14:56:31 gine001 Gilad Nevo1 DELETE data from tables `team` on conditions customer = miol005
14:56:31 gine001 Gilad Nevo1 INSERTING data into tables `team` fields ( customer, employee, role ) values ( miol005, inbe006, 3 ) => {inserted_id = 0}
14:57:15 gine001 Gilad Nevo1 UPDATING data to tables `time2vie_cirruscommon`.`login` fields ( mobile, social_security ) values (, 0310029376) on conditions username = miol005
14:57:15 gine001 Gilad Nevo1 UPDATING data to tables `customer` fields ( code, century, social_security, first_name, last_name, address, city, post, phone, mobile, email, date, status, date_inactive, fkkn, gender, employee_contract_start_month, employee_contract_period_date, employee_contract_period_length, kn_name, kn_address, kn_postno, kn_reference_no, kn_box, kn_city ) values (1-1-13, 20, 0310029376, Mike, Olsson, Smårisvägen 24, Deje, 66931, , , , 2020-04-01, 1, , 1, 1, , , , , , 0, , , ) on conditions username = miol005
14:57:15 gine001 Gilad Nevo1 DELETE data from tables `team` on conditions customer = miol005
14:57:15 gine001 Gilad Nevo1 INSERTING data into tables `team` fields ( customer, employee, role ) values ( miol005, inbe006, 7 ) => {inserted_id = 0}
15:00:40 gine001 Gilad Nevo1 INSERTING data into tables `time2vie_cirruscommon`.`support_ticket_answers` fields ( ticket_id, submited_user, answer, category_id, priority, ticket_type, status, hidden ) values ( 2669, gine001, <p>Tack</p><p>Vi jobbar på det.<br></p>, 10, 2, 1, 3, 0 ) => {inserted_id = 7102}
15:51:16 rute001 Ruta Teklehaimanot UPDATING data to tables `time2vie_cirruscommon`.`secondary_login` fields ( error ) values (0) on conditions username = rute001 AND company_id = 21
15:51:16 rute001 Ruta Teklehaimanot INSERTING data into tables `log_login` fields ( username, ip, browser ) values ( rute001, 85.224.30.125, okhttp/3.9.1 ) => {inserted_id = 8169}
15:51:16 rute001 Ruta Teklehaimanot DELETE data from tables `temp_session` on conditions username LIKE rute001
15:51:16 rute001 Ruta Teklehaimanot UPDATING data to tables `time2vie_cirruscommon`.`login` fields ( login, last_time ) values (1, 2020-03-18 15:51:16) on conditions username = rute001
15:51:16 rute001 Ruta Teklehaimanot UPDATING data to tables `time2vie_cirruscommon`.`secondary_login` fields ( last_login_time ) values (2020-03-18 15:51:16) on conditions username = rute001 AND company_id = 21
18:50:17 rute001 Ruta Teklehaimanot UPDATING data to tables `time2vie_cirruscommon`.`secondary_login` fields ( error ) values (0) on conditions username = rute001 AND company_id = 21
18:50:17 rute001 Ruta Teklehaimanot INSERTING data into tables `log_login` fields ( username, ip, browser ) values ( rute001, 85.224.30.125, okhttp/3.9.1 ) => {inserted_id = 8170}
18:50:17 rute001 Ruta Teklehaimanot DELETE data from tables `temp_session` on conditions username LIKE rute001
18:50:17 rute001 Ruta Teklehaimanot UPDATING data to tables `time2vie_cirruscommon`.`login` fields ( login, last_time ) values (1, 2020-03-18 18:50:17) on conditions username = rute001
18:50:17 rute001 Ruta Teklehaimanot UPDATING data to tables `time2vie_cirruscommon`.`secondary_login` fields ( last_login_time ) values (2020-03-18 18:50:17) on conditions username = rute001 AND company_id = 21
20:31:50 rute001 Ruta Teklehaimanot UPDATING data to tables `time2vie_cirruscommon`.`secondary_login` fields ( error ) values (0) on conditions username = rute001 AND company_id = 21
20:31:50 rute001 Ruta Teklehaimanot INSERTING data into tables `log_login` fields ( username, ip, browser ) values ( rute001, 78.68.12.244, okhttp/3.9.1 ) => {inserted_id = 8171}
20:31:50 rute001 Ruta Teklehaimanot DELETE data from tables `temp_session` on conditions username LIKE rute001
20:31:50 rute001 Ruta Teklehaimanot UPDATING data to tables `time2vie_cirruscommon`.`login` fields ( login, last_time ) values (1, 2020-03-18 20:31:50) on conditions username = rute001
20:31:50 rute001 Ruta Teklehaimanot UPDATING data to tables `time2vie_cirruscommon`.`secondary_login` fields ( last_login_time ) values (2020-03-18 20:31:50) on conditions username = rute001 AND company_id = 21
21:41:37 rute001 Ruta Teklehaimanot UPDATING data to tables `time2vie_cirruscommon`.`secondary_login` fields ( error ) values (0) on conditions username = rute001 AND company_id = 21
21:41:37 rute001 Ruta Teklehaimanot INSERTING data into tables `log_login` fields ( username, ip, browser ) values ( rute001, 78.68.12.244, okhttp/3.9.1 ) => {inserted_id = 8172}
21:41:37 rute001 Ruta Teklehaimanot DELETE data from tables `temp_session` on conditions username LIKE rute001
21:41:37 rute001 Ruta Teklehaimanot UPDATING data to tables `time2vie_cirruscommon`.`login` fields ( login, last_time ) values (1, 2020-03-18 21:41:37) on conditions username = rute001
21:41:37 rute001 Ruta Teklehaimanot UPDATING data to tables `time2vie_cirruscommon`.`secondary_login` fields ( last_login_time ) values (2020-03-18 21:41:37) on conditions username = rute001 AND company_id = 21
