12:25:15 fasa004 Fatima Saleh Abubaker UPDATING data to tables `time2vie_cirruscommon`.`secondary_login` fields ( error ) values (0) on conditions username = fasa004 AND company_id = 21
12:25:15 fasa004 Fatima Saleh Abubaker INSERTING data into tables `log_login` fields ( username, ip, browser ) values ( fasa004, 78.71.21.85, okhttp/3.9.1 ) => {inserted_id = 8352}
12:25:15 fasa004 Fatima Saleh Abubaker DELETE data from tables `temp_session` on conditions username LIKE fasa004
12:25:15 fasa004 Fatima Saleh Abubaker UPDATING data to tables `time2vie_cirruscommon`.`login` fields ( login, last_time ) values (1, 2020-04-16 12:25:15) on conditions username = fasa004
12:25:15 fasa004 Fatima Saleh Abubaker UPDATING data to tables `time2vie_cirruscommon`.`secondary_login` fields ( last_login_time ) values (2020-04-16 12:25:15) on conditions username = fasa004 AND company_id = 21
12:25:15 fasa004 Fatima Saleh Abubaker INSERTING data into tables `time2vie_cirruscommon`.`push_notify_tokens` fields ( user_id, fcm_token, device_id, device_details, created_date, error ) values ( fasa004, f16te4TTTVw:APA91bF9gWwXmHibqaHYGZsfUExYmQzE6MERuGwp98HS7SDLTozqMOuhQGtVUQFtViL99u_T3cyoytTDLi7hsNQWPGVbH2Qw9kC-2KQYUXPD1fKyeJGMIjhp9ALGzgllJr3S3Zkdai9J, d02368989db32aa9, okhttp/3.9.1, 2020-04-16 12:25:15, 0 ) => {inserted_id = 15869} #Mobile-App: Log-id=8352
13:38:31 zefe001 Zeid Feili INSERTING data into tables `log_login` fields ( username, ip, browser ) values ( zefe001, 85.229.51.54, Mozilla/5.0 (Macintosh; Intel Mac OS X 10_11_6) AppleWebKit/537.36 (KHTML, like Gecko) Chrome/80.0.3987.132 Safari/537.36 ) => {inserted_id = 8353}
13:38:31 zefe001 Zeid Feili DELETE data from tables `temp_session` on conditions username LIKE zefe001
13:38:31 zefe001 Zeid Feili UPDATING data to tables `time2vie_cirruscommon`.`login` fields ( login, last_time ) values (1, 2020-04-16 13:38:31) on conditions username = zefe001
13:38:31 zefe001 Zeid Feili UPDATING data to tables `time2vie_cirruscommon`.`secondary_login` fields ( last_login_time ) values (2020-04-16 13:38:31) on conditions username = zefe001 AND company_id = 21
13:38:31 zefe001 Zeid Feili UPDATING data to tables `time2vie_cirruscommon`.`ws_sessions` fields ( user_id ) values (zefe001) on conditions session_id = 69686e40edb58ef5a37f8c6e3ca8828b
13:45:59 zefe001 Zeid Feili UPDATING data to tables `time2vie_cirruscommon`.`ws_sessions` fields ( user_id ) values (zefe001) on conditions session_id = 69686e40edb58ef5a37f8c6e3ca8828b
13:47:15 zefe001 Zeid Feili UPDATING data to tables `time2vie_cirruscommon`.`ws_sessions` fields ( user_id ) values (zefe001) on conditions session_id = 69686e40edb58ef5a37f8c6e3ca8828b
13:49:06 zefe001 Zeid Feili UPDATING data to tables `time2vie_cirruscommon`.`ws_sessions` fields ( user_id ) values (zefe001) on conditions session_id = 69686e40edb58ef5a37f8c6e3ca8828b
13:49:42 zefe001 Zeid Feili UPDATING data to tables `time2vie_cirruscommon`.`ws_sessions` fields ( user_id ) values (zefe001) on conditions session_id = 69686e40edb58ef5a37f8c6e3ca8828b
13:50:16 zefe001 Zeid Feili UPDATING data to tables `time2vie_cirruscommon`.`ws_sessions` fields ( user_id ) values (zefe001) on conditions session_id = 69686e40edb58ef5a37f8c6e3ca8828b
13:51:24 zefe001 Zeid Feili INSERTING data into tables `timetable` fields ( employee, customer, fkkn, type, date, time_from, time_to, status, created_status, alloc_emp, comment ) values ( fasa004, amom001, 1, 0, 2020-04-16, 9, 15, 1, , zefe001,  ) => {inserted_id = 3748}
13:51:24 zefe001 Zeid Feili INSERTING data into tables `memory_slots` fields ( customer, time_from, time_to, type ) values ( amom001, 9, 15, 0 ) => {inserted_id = 1734}
13:51:28 zefe001 Zeid Feili UPDATING data to tables `time2vie_cirruscommon`.`ws_sessions` fields ( user_id ) values (zefe001) on conditions session_id = 69686e40edb58ef5a37f8c6e3ca8828b
13:51:29 zefe001 Zeid Feili UPDATING data to tables `time2vie_cirruscommon`.`ws_sessions` fields ( user_id ) values (zefe001) on conditions session_id = 69686e40edb58ef5a37f8c6e3ca8828b
13:51:43 zefe001 Zeid Feili INSERTING data into tables `temp_session` fields ( username, type, details ) values ( zefe001, 1, 3748 ) => {inserted_id = 0}
14:04:54 gine001 Gilad Nevo1 INSERTING data into tables `log_login` fields ( username, ip, browser ) values ( gine001, 98.128.179.84, Mozilla/5.0 (Windows NT 10.0; Win64; x64; rv:75.0) Gecko/20100101 Firefox/75.0 ) => {inserted_id = 8354}
14:04:54 gine001 Gilad Nevo1 DELETE data from tables `temp_session` on conditions username LIKE gine001
14:04:54 gine001 Gilad Nevo1 UPDATING data to tables `time2vie_cirruscommon`.`login` fields ( login, last_time ) values (1, 2020-04-16 14:04:54) on conditions username = gine001
14:04:54 gine001 Gilad Nevo1 UPDATING data to tables `time2vie_cirruscommon`.`secondary_login` fields ( last_login_time ) values (2020-04-16 14:04:54) on conditions username = gine001 AND company_id = 21
14:04:55 gine001 Gilad Nevo1 UPDATING data to tables `time2vie_cirruscommon`.`ws_sessions` fields ( user_id ) values (gine001) on conditions session_id = af0dc64e303f913425463a51c9b67c0c
14:08:02 gine001 Gilad Nevo1 UPDATING data to tables `customer_contract` fields ( hour, date_from, date_to, fkkn ) values (1317.00, 2020-01-01, 2020-03-30, 1) on conditions id = 10
14:08:02 gine001 Gilad Nevo1 UPDATING data to tables `customer_contract_decision` fields ( first_name, last_name, mobile, email, city, comments_time, comments_other, documents ) values (Hanna , Svedberg, 010-111 81 95, , , , , Nadia_Omer_Adam_beslut_FK_20191007.pdf) on conditions contract_id = 10
14:11:28 gine001 Gilad Nevo1 UPDATING data to tables `customer_contract` fields ( hour, date_from, date_to, fkkn ) values (1385.00, 2020-04-01, 2020-09-30, 1) on conditions id = 11
14:11:28 gine001 Gilad Nevo1 UPDATING data to tables `customer_contract_decision` fields ( first_name, last_name, mobile, email, city, comments_time, comments_other, documents ) values (FK, fk, , , , , , ) on conditions contract_id = 11
14:11:42 gine001 Gilad Nevo1 UPDATING data to tables `customer_contract` fields ( hour, date_from, date_to, fkkn ) values (2328, 2020-04-01, 2020-09-30, 1) on conditions id = 11
14:11:42 gine001 Gilad Nevo1 UPDATING data to tables `customer_contract_decision` fields ( first_name, last_name, mobile, email, city, comments_time, comments_other, documents ) values (FK, fk, , , , , , ) on conditions contract_id = 11
14:12:26 gine001 Gilad Nevo1 UPDATING data to tables `customer_contract` fields ( hour, date_from, date_to, fkkn ) values (2328.00, 2020-04-01, 2020-09-30, 1) on conditions id = 11
14:12:26 gine001 Gilad Nevo1 UPDATING data to tables `customer_contract_decision` fields ( first_name, last_name, mobile, email, city, comments_time, comments_other, documents ) values (Hanna, Svedberg, , , , , , ) on conditions contract_id = 11
14:14:15 zefe001 Zeid Feili UPDATING data to tables `time2vie_cirruscommon`.`ws_sessions` fields ( user_id ) values (zefe001) on conditions session_id = 69686e40edb58ef5a37f8c6e3ca8828b
14:14:26 gine001 Gilad Nevo1 UPDATING data to tables `time2vie_cirruscommon`.`ws_sessions` fields ( user_id ) values (gine001) on conditions session_id = af0dc64e303f913425463a51c9b67c0c
14:15:24 zefe001 Zeid Feili UPDATING data to tables `temp_session` fields ( details ) values (3748) on conditions username LIKE zefe001 AND type = 1
14:15:31 zefe001 Zeid Feili UPDATING data to tables `timetable` fields ( date ) values (2020-04-15) on conditions id = 3748
14:15:56 zefe001 Zeid Feili UPDATING data to tables `timetable` fields ( date ) values (2020-04-16) on conditions id = 3748
14:16:51 zefe001 Zeid Feili UPDATING data to tables `temp_session` fields ( details ) values (3748) on conditions username LIKE zefe001 AND type = 1
14:16:54 zefe001 Zeid Feili UPDATING data to tables `timetable` fields ( date ) values (2020-04-17) on conditions id = 3748
14:17:03 zefe001 Zeid Feili UPDATING data to tables `temp_session` fields ( details ) values (3748) on conditions username LIKE zefe001 AND type = 1
14:17:05 zefe001 Zeid Feili UPDATING data to tables `temp_session` fields ( details ) values (3748) on conditions username LIKE zefe001 AND type = 1
14:17:56 zefe001 Zeid Feili UPDATING data to tables `temp_session` fields ( details ) values (3722,3723,3724,3725,3726) on conditions username LIKE zefe001 AND type = 1
14:17:57 zefe001 Zeid Feili UPDATING data to tables `temp_session` fields ( details ) values (3722,3723,3724,3725,3726) on conditions username LIKE zefe001 AND type = 1
14:18:02 zefe001 Zeid Feili UPDATING data to tables `temp_session` fields ( details ) values (3722,3723,3724,3725,3726) on conditions username LIKE zefe001 AND type = 1
14:19:03 zefe001 Zeid Feili UPDATING data to tables `temp_session` fields ( details ) values (3722,3723,3724,3725,3726) on conditions username LIKE zefe001 AND type = 1
14:19:16 zefe001 Zeid Feili UPDATING data to tables `time2vie_cirruscommon`.`ws_sessions` fields ( user_id ) values (zefe001) on conditions session_id = 69686e40edb58ef5a37f8c6e3ca8828b
14:19:51 zefe001 Zeid Feili UPDATING data to tables `time2vie_cirruscommon`.`ws_sessions` fields ( user_id ) values (zefe001) on conditions session_id = 69686e40edb58ef5a37f8c6e3ca8828b
14:20:28 zefe001 Zeid Feili UPDATING data to tables `time2vie_cirruscommon`.`ws_sessions` fields ( user_id ) values (zefe001) on conditions session_id = 69686e40edb58ef5a37f8c6e3ca8828b
14:20:36 zefe001 Zeid Feili UPDATING data to tables `temp_session` fields ( details ) values (3722,3723,3724,3725,3726) on conditions username LIKE zefe001 AND type = 1
14:20:42 zefe001 Zeid Feili UPDATING data to tables `temp_session` fields ( details ) values (3722,3723,3724,3725,3726,3722) on conditions username LIKE zefe001 AND type = 1
14:20:44 zefe001 Zeid Feili UPDATING data to tables `temp_session` fields ( details ) values (3722,3723,3724,3725,3726,3722) on conditions username LIKE zefe001 AND type = 1
14:20:46 zefe001 Zeid Feili UPDATING data to tables `temp_session` fields ( details ) values (3722,3723,3724,3725,3726,3722) on conditions username LIKE zefe001 AND type = 1
14:20:52 zefe001 Zeid Feili UPDATING data to tables `temp_session` fields ( details ) values (3722,3723,3724,3725,3726,3748) on conditions username LIKE zefe001 AND type = 1
14:20:53 zefe001 Zeid Feili UPDATING data to tables `temp_session` fields ( details ) values (3722,3723,3724,3725,3726,3748) on conditions username LIKE zefe001 AND type = 1
14:20:54 zefe001 Zeid Feili UPDATING data to tables `temp_session` fields ( details ) values (3722,3723,3724,3725,3726,3748) on conditions username LIKE zefe001 AND type = 1
14:21:16 zefe001 Zeid Feili UPDATING data to tables `temp_session` fields ( details ) values (3722,3723,3724,3725,3726,3748) on conditions username LIKE zefe001 AND type = 1
14:21:23 zefe001 Zeid Feili UPDATING data to tables `temp_session` fields ( details ) values (3748) on conditions username LIKE zefe001 AND type = 1
14:21:29 zefe001 Zeid Feili INSERTING data into tables `timetable` fields ( employee, customer, fkkn, type, date, time_from, time_to, status, created_status, alloc_emp, comment, relation_id ) values ( fasa004, amom001, 1, 0, 2020-04-13, 9.00, 15.00, 1, , zefe001, ,  ) => {inserted_id = 3749}
14:21:35 zefe001 Zeid Feili UPDATING data to tables `temp_session` fields ( details ) values (3748) on conditions username LIKE zefe001 AND type = 1
14:21:44 zefe001 Zeid Feili UPDATING data to tables `temp_session` fields ( details ) values (3748) on conditions username LIKE zefe001 AND type = 1
14:21:49 zefe001 Zeid Feili INSERTING data into tables `timetable` fields ( employee, customer, fkkn, type, date, time_from, time_to, status, created_status, alloc_emp, comment, relation_id ) values ( fasa004, amom001, 1, 0, 2020-04-14, 9.00, 15.00, 1, , zefe001, ,  ) => {inserted_id = 3750}
14:21:55 zefe001 Zeid Feili INSERTING data into tables `timetable` fields ( employee, customer, fkkn, type, date, time_from, time_to, status, created_status, alloc_emp, comment, relation_id ) values ( fasa004, amom001, 1, 0, 2020-04-15, 9.00, 15.00, 1, , zefe001, ,  ) => {inserted_id = 3751}
14:22:01 zefe001 Zeid Feili INSERTING data into tables `timetable` fields ( employee, customer, fkkn, type, date, time_from, time_to, status, created_status, alloc_emp, comment, relation_id ) values ( fasa004, amom001, 1, 0, 2020-04-16, 9.00, 15.00, 1, , zefe001, ,  ) => {inserted_id = 3752}
15:32:01 rute001 Ruta Teklehaimanot UPDATING data to tables `time2vie_cirruscommon`.`secondary_login` fields ( error ) values (0) on conditions username = rute001 AND company_id = 21
15:32:01 rute001 Ruta Teklehaimanot INSERTING data into tables `log_login` fields ( username, ip, browser ) values ( rute001, 85.224.30.125, okhttp/3.9.1 ) => {inserted_id = 8355}
15:32:01 rute001 Ruta Teklehaimanot DELETE data from tables `temp_session` on conditions username LIKE rute001
15:32:01 rute001 Ruta Teklehaimanot UPDATING data to tables `time2vie_cirruscommon`.`login` fields ( login, last_time ) values (1, 2020-04-16 15:32:01) on conditions username = rute001
15:32:01 rute001 Ruta Teklehaimanot UPDATING data to tables `time2vie_cirruscommon`.`secondary_login` fields ( last_login_time ) values (2020-04-16 15:32:01) on conditions username = rute001 AND company_id = 21
21:41:36 rute001 Ruta Teklehaimanot UPDATING data to tables `time2vie_cirruscommon`.`secondary_login` fields ( error ) values (0) on conditions username = rute001 AND company_id = 21
21:41:36 rute001 Ruta Teklehaimanot INSERTING data into tables `log_login` fields ( username, ip, browser ) values ( rute001, 78.68.12.244, okhttp/3.9.1 ) => {inserted_id = 8356}
21:41:36 rute001 Ruta Teklehaimanot DELETE data from tables `temp_session` on conditions username LIKE rute001
21:41:36 rute001 Ruta Teklehaimanot UPDATING data to tables `time2vie_cirruscommon`.`login` fields ( login, last_time ) values (1, 2020-04-16 21:41:36) on conditions username = rute001
21:41:36 rute001 Ruta Teklehaimanot UPDATING data to tables `time2vie_cirruscommon`.`secondary_login` fields ( last_login_time ) values (2020-04-16 21:41:36) on conditions username = rute001 AND company_id = 21
