08:53:00 inbe006 Ingeborg Bergren INSERTING data into tables `log_login` fields ( username, ip, browser ) values ( inbe006, 85.229.51.54, Mozilla/5.0 (Windows NT 10.0; Win64; x64) AppleWebKit/537.36 (KHTML, like Gecko) Chrome/79.0.3945.130 Safari/537.36 ) => {inserted_id = 8045}
08:53:00 inbe006 Ingeborg Bergren DELETE data from tables `temp_session` on conditions username LIKE inbe006
08:53:00 inbe006 Ingeborg Bergren UPDATING data to tables `time2vie_cirruscommon`.`login` fields ( login, last_time ) values (1, 2020-01-28 08:53:00) on conditions username = inbe006
08:53:00 inbe006 Ingeborg Bergren UPDATING data to tables `time2vie_cirruscommon`.`secondary_login` fields ( last_login_time ) values (2020-01-28 08:53:00) on conditions username = inbe006 AND company_id = 21
08:53:01 inbe006 Ingeborg Bergren UPDATING data to tables `time2vie_cirruscommon`.`ws_sessions` fields ( user_id ) values (inbe006) on conditions session_id = 92d7591da214484664f997d855fb3807
09:12:21 inbe006 Ingeborg Bergren UPDATING data to tables `time2vie_cirruscommon`.`ws_sessions` fields ( user_id ) values (inbe006) on conditions session_id = 92d7591da214484664f997d855fb3807
09:12:49 inbe006 Ingeborg Bergren UPDATING data to tables `time2vie_cirruscommon`.`ws_sessions` fields ( user_id ) values (inbe006) on conditions session_id = 92d7591da214484664f997d855fb3807
09:14:55 inbe006 Ingeborg Bergren UPDATING data to tables `timetable` fields ( employee, status ) values (, 0) on conditions id = 2637
09:14:55 inbe006 Ingeborg Bergren UPDATING data to tables `timetable` fields ( employee, status ) values (, 0) on conditions id = 2672
09:18:39 inbe006 Ingeborg Bergren INSERTING data into tables `log_login` fields ( username, ip, browser ) values ( inbe006, 85.229.51.54, Mozilla/5.0 (Macintosh; Intel Mac OS X 10_14_5) AppleWebKit/537.36 (KHTML, like Gecko) Chrome/79.0.3945.130 Safari/537.36 ) => {inserted_id = 8046}
09:18:39 inbe006 Ingeborg Bergren DELETE data from tables `temp_session` on conditions username LIKE inbe006
09:18:39 inbe006 Ingeborg Bergren UPDATING data to tables `time2vie_cirruscommon`.`login` fields ( login, last_time ) values (1, 2020-01-28 09:18:39) on conditions username = inbe006
09:18:39 inbe006 Ingeborg Bergren UPDATING data to tables `time2vie_cirruscommon`.`secondary_login` fields ( last_login_time ) values (2020-01-28 09:18:39) on conditions username = inbe006 AND company_id = 21
09:18:39 inbe006 Ingeborg Bergren UPDATING data to tables `time2vie_cirruscommon`.`ws_sessions` fields ( user_id ) values (inbe006) on conditions session_id = 3623a69ca9b0133b411ddaefe59d12ae
09:18:44 inbe006 Ingeborg Bergren UPDATING data to tables `time2vie_cirruscommon`.`ws_sessions` fields ( user_id ) values (inbe006) on conditions session_id = 3623a69ca9b0133b411ddaefe59d12ae
09:18:50 inbe006 Ingeborg Bergren UPDATING data to tables `time2vie_cirruscommon`.`ws_sessions` fields ( user_id ) values (inbe006) on conditions session_id = 3623a69ca9b0133b411ddaefe59d12ae
09:19:16 inbe006 Ingeborg Bergren UPDATING data to tables `time2vie_cirruscommon`.`ws_sessions` fields ( user_id ) values (inbe006) on conditions session_id = 3623a69ca9b0133b411ddaefe59d12ae
09:25:57 inbe006 Ingeborg Bergren INSERTING data into tables `log_login` fields ( username, ip, browser ) values ( inbe006, 85.229.51.54, Mozilla/5.0 (Windows NT 10.0; Win64; x64) AppleWebKit/537.36 (KHTML, like Gecko) Chrome/79.0.3945.130 Safari/537.36 ) => {inserted_id = 8047}
09:25:57 inbe006 Ingeborg Bergren DELETE data from tables `temp_session` on conditions username LIKE inbe006
09:25:57 inbe006 Ingeborg Bergren UPDATING data to tables `time2vie_cirruscommon`.`login` fields ( login, last_time ) values (1, 2020-01-28 09:25:57) on conditions username = inbe006
09:25:57 inbe006 Ingeborg Bergren UPDATING data to tables `time2vie_cirruscommon`.`secondary_login` fields ( last_login_time ) values (2020-01-28 09:25:57) on conditions username = inbe006 AND company_id = 21
09:25:58 inbe006 Ingeborg Bergren UPDATING data to tables `time2vie_cirruscommon`.`ws_sessions` fields ( user_id ) values (inbe006) on conditions session_id = 05c6081c43c9e4081fa3d411605cadde
09:26:59 inbe006 Ingeborg Bergren UPDATING data to tables `time2vie_cirruscommon`.`ws_sessions` fields ( user_id ) values (inbe006) on conditions session_id = 05c6081c43c9e4081fa3d411605cadde
09:31:33 inbe006 Ingeborg Bergren UPDATING data to tables `timetable` fields ( employee, status ) values (, 0) on conditions id = 2534
09:31:58 inbe006 Ingeborg Bergren UPDATING data to tables `timetable` fields ( employee, status ) values (, 0) on conditions id = 2536
09:36:43 inbe006 Ingeborg Bergren UPDATING data to tables `timetable` fields ( status, employee, alloc_emp ) values (1, fasa004, inbe006) on conditions id = 2691
09:37:17 inbe006 Ingeborg Bergren UPDATING data to tables `timetable` fields ( status, employee, alloc_emp ) values (1, fasa004, inbe006) on conditions id = 2692
09:37:36 inbe006 Ingeborg Bergren UPDATING data to tables `timetable` fields ( status, employee, alloc_emp ) values (1, fasa004, inbe006) on conditions id = 2693
09:37:46 inbe006 Ingeborg Bergren UPDATING data to tables `timetable` fields ( status, employee, alloc_emp ) values (1, fasa004, inbe006) on conditions id = 2694
09:40:41 inbe006 Ingeborg Bergren UPDATING data to tables `timetable` fields ( employee, status ) values (, 0) on conditions id = 2532
09:41:00 inbe006 Ingeborg Bergren UPDATING data to tables `timetable` fields ( status, employee, alloc_emp ) values (1, rute001, inbe006) on conditions id = 2683
09:41:00 inbe006 Ingeborg Bergren UPDATING data to tables `timetable` fields ( status, employee, alloc_emp ) values (1, rute001, inbe006) on conditions id = 2687
09:43:12 inbe006 Ingeborg Bergren UPDATING data to tables `timetable` fields ( status, employee, alloc_emp ) values (1, rute001, inbe006) on conditions id = 2688
09:43:22 inbe006 Ingeborg Bergren UPDATING data to tables `timetable` fields ( status, employee, alloc_emp ) values (1, rute001, inbe006) on conditions id = 2689
09:43:34 inbe006 Ingeborg Bergren UPDATING data to tables `timetable` fields ( status, employee, alloc_emp ) values (1, rute001, inbe006) on conditions id = 2690
10:28:53 inbe006 Ingeborg Bergren UPDATING data to tables `customer_contract` fields ( hour, date_from, date_to, fkkn ) values (937, 2020-01-01, 2020-06-30, 1) on conditions id = 8
10:28:53 inbe006 Ingeborg Bergren UPDATING data to tables `customer_contract_decision` fields ( first_name, last_name, mobile, email, city, comments_time, comments_other, documents ) values (FK, fk, , , Grums, , , ) on conditions contract_id = 8
10:29:05 inbe006 Ingeborg Bergren UPDATING data to tables `customer_contract` fields ( hour, date_from, date_to, fkkn ) values (937.00, 2020-01-01, 2020-06-30, 1) on conditions id = 8
10:29:05 inbe006 Ingeborg Bergren UPDATING data to tables `customer_contract_decision` fields ( first_name, last_name, mobile, email, city, comments_time, comments_other, documents ) values (FK, fk, , , Grums, , , ) on conditions contract_id = 8
10:29:49 inbe006 Ingeborg Bergren UPDATING data to tables `customer_contract` fields ( hour, date_from, date_to, fkkn ) values (937.00, 2020-01-01, 2020-06-30, 1) on conditions id = 8
10:29:49 inbe006 Ingeborg Bergren UPDATING data to tables `customer_contract_decision` fields ( first_name, last_name, mobile, email, city, comments_time, comments_other, documents ) values (FK, fk, , , Grums, , , Amn_Omer_Adam_FK_beslut_20191009.pdf) on conditions contract_id = 8
10:30:28 inbe006 Ingeborg Bergren UPDATING data to tables `customer_contract` fields ( hour, date_from, date_to, fkkn ) values (937.00, 2020-01-01, 2020-06-30, 1) on conditions id = 8
10:30:28 inbe006 Ingeborg Bergren UPDATING data to tables `customer_contract_decision` fields ( first_name, last_name, mobile, email, city, comments_time, comments_other, documents ) values (Hanna , Svedberg, 010-111 81 95, , , , , Amn_Omer_Adam_FK_beslut_20191009.pdf) on conditions contract_id = 8
10:31:44 inbe006 Ingeborg Bergren UPDATING data to tables `customer_contract` fields ( hour, date_from, date_to, fkkn ) values (937.00, 2020-01-01, 2020-06-30, 1) on conditions id = 8
10:31:44 inbe006 Ingeborg Bergren UPDATING data to tables `customer_contract_decision` fields ( first_name, last_name, mobile, email, city, comments_time, comments_other, documents ) values (Hanna , Svedberg, 010-111 81 95, , , Genomsnitt på årsbasis. , kommande utredningssamtal, ej bestämt datum., Amn_Omer_Adam_FK_beslut_20191009.pdf) on conditions contract_id = 8
10:32:27 inbe006 Ingeborg Bergren UPDATING data to tables `customer_contract` fields ( hour, date_from, date_to, fkkn ) values (1263.00, 2019-10-01, 2020-03-31, 1) on conditions id = 10
10:32:27 inbe006 Ingeborg Bergren UPDATING data to tables `customer_contract_decision` fields ( first_name, last_name, mobile, email, city, comments_time, comments_other, documents ) values (FK, fk, , , , , , Amn_Omer_Adam_FK_beslut_20191009_1.pdf) on conditions contract_id = 10
10:43:57 gine001 Gilad Nevo1 INSERTING data into tables `log_login` fields ( username, ip, browser ) values ( gine001, 89.233.236.131, Mozilla/5.0 (Windows NT 10.0; Win64; x64; rv:68.0) Gecko/20100101 Firefox/68.0 ) => {inserted_id = 8048}
10:43:57 gine001 Gilad Nevo1 DELETE data from tables `temp_session` on conditions username LIKE gine001
10:43:57 gine001 Gilad Nevo1 UPDATING data to tables `time2vie_cirruscommon`.`login` fields ( login, last_time ) values (1, 2020-01-28 10:43:57) on conditions username = gine001
10:43:57 gine001 Gilad Nevo1 UPDATING data to tables `time2vie_cirruscommon`.`secondary_login` fields ( last_login_time ) values (2020-01-28 10:43:57) on conditions username = gine001 AND company_id = 21
10:43:58 gine001 Gilad Nevo1 UPDATING data to tables `time2vie_cirruscommon`.`ws_sessions` fields ( user_id ) values (gine001) on conditions session_id = 6531e555af560763cbbb45600c71d390
10:45:59 gine001 Gilad Nevo1 UPDATING data to tables `time2vie_cirruscommon`.`login` fields ( mobile, social_security ) values (, 0611174921) on conditions username = naom001
10:45:59 gine001 Gilad Nevo1 UPDATING data to tables `customer` fields ( code, century, social_security, first_name, last_name, address, city, post, phone, mobile, email, date, status, date_inactive, fkkn, gender, employee_contract_start_month, employee_contract_period_date, employee_contract_period_length, kn_name, kn_address, kn_postno, kn_reference_no, kn_box, kn_city ) values (1-12, 20, 0611174921, Nadja, Omar Adam, Järpegatan 1A, Grums, 664 31, , , , 2019-12-28, 1, , 1, , , , , , , 0, , , ) on conditions username = naom001
10:45:59 gine001 Gilad Nevo1 DELETE data from tables `team` on conditions customer = naom001
10:45:59 gine001 Gilad Nevo1 INSERTING data into tables `team` fields ( customer, employee, role ) values ( naom001, inbe006, 7 ) => {inserted_id = 0}
10:45:59 gine001 Gilad Nevo1 INSERTING data into tables `team` fields ( customer, employee, role ) values ( naom001, zaid001, 3 ) => {inserted_id = 0}
10:45:59 gine001 Gilad Nevo1 INSERTING data into tables `team` fields ( customer, employee, role ) values ( naom001, absa003, 3 ) => {inserted_id = 0}
10:45:59 gine001 Gilad Nevo1 INSERTING data into tables `team` fields ( customer, employee, role ) values ( naom001, fasa004, 3 ) => {inserted_id = 0}
10:45:59 gine001 Gilad Nevo1 INSERTING data into tables `team` fields ( customer, employee, role ) values ( naom001, rute001, 3 ) => {inserted_id = 0}
10:45:59 gine001 Gilad Nevo1 UPDATING data to tables `customer_health` fields ( health_care, occupational_therapists, physiotherapists, other ) values (Nadja Omer Adam 20061117-4921
Järpegatan 1A 664 31 Grums
Beviljade timmar APRIL-SEPTEMBER 1385. OKTOBER-MARS 1263 timmar , , , ) on conditions customer = naom001
10:46:58 inbe006 Ingeborg Bergren UPDATING data to tables `time2vie_cirruscommon`.`ws_sessions` fields ( user_id ) values (inbe006) on conditions session_id = 05c6081c43c9e4081fa3d411605cadde
10:47:30 inbe006 Ingeborg Bergren UPDATING data to tables `time2vie_cirruscommon`.`ws_sessions` fields ( user_id ) values (inbe006) on conditions session_id = 05c6081c43c9e4081fa3d411605cadde
10:51:23 inbe006 Ingeborg Bergren UPDATING data to tables `time2vie_cirruscommon`.`ws_sessions` fields ( user_id ) values (inbe006) on conditions session_id = 05c6081c43c9e4081fa3d411605cadde
10:51:36 inbe006 Ingeborg Bergren UPDATING data to tables `time2vie_cirruscommon`.`ws_sessions` fields ( user_id ) values (inbe006) on conditions session_id = 05c6081c43c9e4081fa3d411605cadde
10:53:16 inbe006 Ingeborg Bergren UPDATING data to tables `time2vie_cirruscommon`.`ws_sessions` fields ( user_id ) values (inbe006) on conditions session_id = 05c6081c43c9e4081fa3d411605cadde
10:54:46 inbe006 Ingeborg Bergren UPDATING data to tables `timetable` fields ( status, employee, alloc_emp ) values (1, rute001, inbe006) on conditions id = 2711
10:55:07 gine001 Gilad Nevo1 UPDATING data to tables `customer_contract` fields ( hour, date_from, date_to, fkkn ) values (1385.00, 2020-07-01, 2020-12-31, 1) on conditions id = 11
10:55:07 gine001 Gilad Nevo1 UPDATING data to tables `customer_contract_decision` fields ( first_name, last_name, mobile, email, city, comments_time, comments_other, documents ) values (FK, fk, , , , , , ) on conditions contract_id = 11
10:55:26 inbe006 Ingeborg Bergren UPDATING data to tables `timetable` fields ( status, employee, alloc_emp ) values (1, rute001, inbe006) on conditions id = 2713
10:55:36 gine001 Gilad Nevo1 UPDATING data to tables `customer_contract` fields ( hour, date_from, date_to, fkkn ) values (1263.00, 2020-01-01, 2020-06-30, 1) on conditions id = 10
10:55:36 gine001 Gilad Nevo1 UPDATING data to tables `customer_contract_decision` fields ( first_name, last_name, mobile, email, city, comments_time, comments_other, documents ) values (FK, fk, , , , , , Amn_Omer_Adam_FK_beslut_20191009_1.pdf) on conditions contract_id = 10
10:56:39 inbe006 Ingeborg Bergren UPDATING data to tables `timetable` fields ( status, employee, alloc_emp ) values (1, zaid001, inbe006) on conditions id = 2712
10:57:07 inbe006 Ingeborg Bergren UPDATING data to tables `timetable` fields ( status, employee, alloc_emp ) values (1, zaid001, inbe006) on conditions id = 2714
10:57:07 inbe006 Ingeborg Bergren UPDATING data to tables `timetable` fields ( status, employee, alloc_emp ) values (1, zaid001, inbe006) on conditions id = 2715
10:57:07 inbe006 Ingeborg Bergren UPDATING data to tables `timetable` fields ( status, employee, alloc_emp ) values (1, zaid001, inbe006) on conditions id = 2716
10:57:07 inbe006 Ingeborg Bergren UPDATING data to tables `timetable` fields ( status, employee, alloc_emp ) values (1, zaid001, inbe006) on conditions id = 2717
10:57:07 inbe006 Ingeborg Bergren UPDATING data to tables `timetable` fields ( status, employee, alloc_emp ) values (1, zaid001, inbe006) on conditions id = 2718
10:58:32 inbe006 Ingeborg Bergren UPDATING data to tables `timetable` fields ( status, employee, alloc_emp ) values (1, zaid001, inbe006) on conditions id = 2672
10:59:45 inbe006 Ingeborg Bergren UPDATING data to tables `timetable` fields ( status, employee, alloc_emp ) values (1, rute001, inbe006) on conditions id = 2610
11:00:01 inbe006 Ingeborg Bergren UPDATING data to tables `timetable` fields ( status, employee, alloc_emp ) values (1, rute001, inbe006) on conditions id = 2612
11:00:36 inbe006 Ingeborg Bergren UPDATING data to tables `timetable` fields ( status, employee, alloc_emp ) values (1, zaid001, inbe006) on conditions id = 2611
11:00:36 inbe006 Ingeborg Bergren UPDATING data to tables `timetable` fields ( status, employee, alloc_emp ) values (1, zaid001, inbe006) on conditions id = 2613
11:00:36 inbe006 Ingeborg Bergren UPDATING data to tables `timetable` fields ( status, employee, alloc_emp ) values (1, zaid001, inbe006) on conditions id = 2614
11:00:36 inbe006 Ingeborg Bergren UPDATING data to tables `timetable` fields ( status, employee, alloc_emp ) values (1, zaid001, inbe006) on conditions id = 2615
11:00:36 inbe006 Ingeborg Bergren UPDATING data to tables `timetable` fields ( status, employee, alloc_emp ) values (1, zaid001, inbe006) on conditions id = 2616
11:00:36 inbe006 Ingeborg Bergren UPDATING data to tables `timetable` fields ( status, employee, alloc_emp ) values (1, zaid001, inbe006) on conditions id = 2617
11:05:28 inbe006 Ingeborg Bergren UPDATING data to tables `time2vie_cirruscommon`.`login` fields ( role, mobile ) values (3, 728377360) on conditions username = rute001
11:05:28 inbe006 Ingeborg Bergren UPDATING data to tables `employee` fields ( code, century, social_security, first_name, last_name, gender, address, city, post, phone, mobile, email, date, color, status, date_inactive, max_hours, monthly_salary, start_day, remaining_sem_leave, sem_leave_todate, leave_in_advance, care_of, office_personal, substitute, salary_type, sem_leave_days, vab_leave_days, fp_leave_days, nopay_leave_days, other_leave_days, ice, employee_contract_start_month, employee_contract_period_date, employee_contract_period_length, candg_follow, inconvenient_on ) values (110, 19, 8309106105, Ruta, Teklehaimanot, 2, Åsgatan 27 D  Lgh 1201, Grums, 664 31, , 728377360, , 2020-01-01, #ff9900, 1, , , 0, 10.00, 0, , 0, , 0, 0, 2, 0, 0, 0, 0, 0, , , , , 0, 1) on conditions username = rute001
11:09:37 inbe006 Ingeborg Bergren INSERTING data into tables `log_login` fields ( username, ip, browser ) values ( inbe006, 85.229.51.54, Mozilla/5.0 (Windows NT 10.0; Win64; x64) AppleWebKit/537.36 (KHTML, like Gecko) Chrome/79.0.3945.130 Safari/537.36 ) => {inserted_id = 8049}
11:09:37 inbe006 Ingeborg Bergren DELETE data from tables `temp_session` on conditions username LIKE inbe006
11:09:37 inbe006 Ingeborg Bergren UPDATING data to tables `time2vie_cirruscommon`.`login` fields ( login, last_time ) values (1, 2020-01-28 11:09:37) on conditions username = inbe006
11:09:37 inbe006 Ingeborg Bergren UPDATING data to tables `time2vie_cirruscommon`.`secondary_login` fields ( last_login_time ) values (2020-01-28 11:09:37) on conditions username = inbe006 AND company_id = 21
11:09:38 inbe006 Ingeborg Bergren UPDATING data to tables `time2vie_cirruscommon`.`ws_sessions` fields ( user_id ) values (inbe006) on conditions session_id = 5928b30a5b66a045e8b0896d093fbbe1
11:21:23 inbe006 Ingeborg Bergren UPDATING data to tables `customer_contract` fields ( hour, date_from, date_to, fkkn ) values (1318, 2020-01-01, 2020-06-30, 1) on conditions id = 10
11:21:23 inbe006 Ingeborg Bergren UPDATING data to tables `customer_contract_decision` fields ( first_name, last_name, mobile, email, city, comments_time, comments_other, documents ) values (Hanna , Svedberg, 010-111 81 95, , , , , Amn_Omer_Adam_FK_beslut_20191009_1.pdf) on conditions contract_id = 10
11:22:11 inbe006 Ingeborg Bergren UPDATING data to tables `customer_contract` fields ( hour, date_from, date_to, fkkn ) values (1318.00, 2020-01-01, 2020-06-30, 1) on conditions id = 10
11:22:11 inbe006 Ingeborg Bergren UPDATING data to tables `customer_contract_decision` fields ( first_name, last_name, mobile, email, city, comments_time, comments_other, documents ) values (Hanna , Svedberg, 010-111 81 95, , , , , Amn_Omer_Adam_FK_beslut_20191009_1.pdf) on conditions contract_id = 10
11:22:33 inbe006 Ingeborg Bergren UPDATING data to tables `customer_contract` fields ( hour, date_from, date_to, fkkn ) values (1318.00, 2020-01-01, 2020-06-30, 1) on conditions id = 10
11:22:33 inbe006 Ingeborg Bergren UPDATING data to tables `customer_contract_decision` fields ( first_name, last_name, mobile, email, city, comments_time, comments_other, documents ) values (Hanna , Svedberg, 010-111 81 95, , , , , Amn_Omer_Adam_FK_beslut_20191009_1.pdf,Nadia_Omer_Adam_beslut_FK_20191007.pdf) on conditions contract_id = 10
11:23:47 inbe006 Ingeborg Bergren UPDATING data to tables `customer_contract` fields ( hour, date_from, date_to, fkkn ) values (1317.00, 2020-01-01, 2020-06-30, 1) on conditions id = 10
11:23:47 inbe006 Ingeborg Bergren UPDATING data to tables `customer_contract_decision` fields ( first_name, last_name, mobile, email, city, comments_time, comments_other, documents ) values (Hanna , Svedberg, 010-111 81 95, , , , , Amn_Omer_Adam_FK_beslut_20191009_1.pdf,Nadia_Omer_Adam_beslut_FK_20191007.pdf) on conditions contract_id = 10
11:27:03 inbe006 Ingeborg Bergren INSERTING data into tables `fkkn_form_defaults` fields ( customer, employee, bargaining_new, company_cp_name, company_cp_phone, provider_of_pa_flag, agreement_types_new, agreement_type2_company, agreement_type2_orgNo ) values ( naom001, , 2, Ingeborg Berggren, 0548201015, 2, 1, ,  ) => {inserted_id = 18}
11:29:54 inbe006 Ingeborg Bergren UPDATING data to tables `time2vie_cirruscommon`.`ws_sessions` fields ( user_id ) values (inbe006) on conditions session_id = 5928b30a5b66a045e8b0896d093fbbe1
11:31:08 inbe006 Ingeborg Bergren DELETE data from tables `timetable` on conditions id = 2585
11:31:08 inbe006 Ingeborg Bergren DELETE data from tables `timetable` on conditions id = 2542
11:31:44 inbe006 Ingeborg Bergren INSERTING data into tables `timetable` fields ( employee, customer, fkkn, type, date, time_from, time_to, status, created_status, alloc_emp, comment ) values ( rute001, amom001, 1, 0, 2020-01-27, 6.30, 18, 1, , inbe006,  ) => {inserted_id = 2922}
11:47:39 inbe006 Ingeborg Bergren INSERTING data into tables `fkkn_form_defaults` fields ( customer, employee, bargaining_new, company_cp_name, company_cp_phone, provider_of_pa_flag, agreement_types_new, agreement_type2_company, agreement_type2_orgNo ) values ( naom001, zaid001, 2, Ingeborg Berggren, 0548201015, 2, 1, ,  ) => {inserted_id = 19}
11:48:48 inbe006 Ingeborg Bergren INSERTING data into tables `fkkn_form_defaults` fields ( customer, employee, bargaining_new, company_cp_name, company_cp_phone, provider_of_pa_flag, agreement_types_new, agreement_type2_company, agreement_type2_orgNo ) values ( amom001, zaid001, 1, Ingeborg Bergren, 0548201010, 2, 1, ,  ) => {inserted_id = 20}
11:51:30 inbe006 Ingeborg Bergren UPDATING data to tables `time2vie_cirruscommon`.`ws_sessions` fields ( user_id ) values (inbe006) on conditions session_id = 5928b30a5b66a045e8b0896d093fbbe1
11:54:48 inbe006 Ingeborg Bergren UPDATING data to tables `timetable` fields ( employee, status ) values (, 0) on conditions id = 2714
11:54:48 inbe006 Ingeborg Bergren UPDATING data to tables `timetable` fields ( employee, status ) values (, 0) on conditions id = 2715
11:54:48 inbe006 Ingeborg Bergren UPDATING data to tables `timetable` fields ( employee, status ) values (, 0) on conditions id = 2716
11:54:48 inbe006 Ingeborg Bergren UPDATING data to tables `timetable` fields ( employee, status ) values (, 0) on conditions id = 2717
11:54:48 inbe006 Ingeborg Bergren UPDATING data to tables `timetable` fields ( employee, status ) values (, 0) on conditions id = 2718
11:59:12 inbe006 Ingeborg Bergren INSERTING data into tables `employee_contract` fields ( employee, date_from, date_to, hour, monthly_oncall_hour, customer_name, customer_social_secutrity, have_been_agreed, tmp_long_assistance_from, tmp_long_assistance_to, tmp_assistance_for, absence_from, absence_to, special_appointment, probationary_from, probationary_to, open_ended_appointment, prevailing_collective, fulltime, part_time, salary_month, salary_hour, incl_salary, excl_salary, incl_wages, act_salary, bank_account, leave_per_year, excl_holiday_pay, incl_salary_compensation, special_condition, notes, alloc_employee, normal_week_hr, oncall_week_hr, assistanceChecked, other_customer, employmentType ) values ( zaid001, 2020-01-01, , 0, 0, naom001, , 1, 2020-01-01, , , , , 1, , , , , 2, 0, 123, , , 1, , 2020, , , , ,4, Semester ersättning betalas ut vid varje lön med 12%, Obetald semester med 25 dagar, inbe006, 40, 0, 1, 1,  ) => {inserted_id = 4}
12:01:04 inbe006 Ingeborg Bergren UPDATING data to tables `time2vie_cirruscommon`.`ws_sessions` fields ( user_id ) values (inbe006) on conditions session_id = 5928b30a5b66a045e8b0896d093fbbe1
12:02:09 inbe006 Ingeborg Bergren UPDATING data to tables `timetable` fields ( status, employee, alloc_emp ) values (1, zaid001, inbe006) on conditions id = 2714
12:02:09 inbe006 Ingeborg Bergren UPDATING data to tables `timetable` fields ( status, employee, alloc_emp ) values (1, zaid001, inbe006) on conditions id = 2716
12:04:39 inbe006 Ingeborg Bergren UPDATING data to tables `time2vie_cirruscommon`.`ws_sessions` fields ( user_id ) values (inbe006) on conditions session_id = 5928b30a5b66a045e8b0896d093fbbe1
12:05:01 inbe006 Ingeborg Bergren UPDATING data to tables `time2vie_cirruscommon`.`ws_sessions` fields ( user_id ) values (inbe006) on conditions session_id = 5928b30a5b66a045e8b0896d093fbbe1
12:21:15 inbe006 Ingeborg Bergren UPDATING data to tables `time2vie_cirruscommon`.`ws_sessions` fields ( user_id ) values (inbe006) on conditions session_id = 5928b30a5b66a045e8b0896d093fbbe1
12:22:51 inbe006 Ingeborg Bergren UPDATING data to tables `time2vie_cirruscommon`.`ws_sessions` fields ( user_id ) values (inbe006) on conditions session_id = 5928b30a5b66a045e8b0896d093fbbe1
12:22:54 inbe006 Ingeborg Bergren UPDATING data to tables `time2vie_cirruscommon`.`ws_sessions` fields ( user_id ) values (inbe006) on conditions session_id = 5928b30a5b66a045e8b0896d093fbbe1
12:23:25 inbe006 Ingeborg Bergren UPDATING data to tables `time2vie_cirruscommon`.`ws_sessions` fields ( user_id ) values (inbe006) on conditions session_id = 5928b30a5b66a045e8b0896d093fbbe1
12:24:24 inbe006 Ingeborg Bergren UPDATING data to tables `timetable` fields ( customer, status ) values (, 0) on conditions id = 2917
12:26:26 inbe006 Ingeborg Bergren INSERTING data into tables `timetable` fields ( employee, customer, fkkn, type, date, time_from, time_to, status, created_status, alloc_emp, comment ) values ( , naom001, 1, 0, 2020-01-01, 6.30, 18, 0, , inbe006,  ) => {inserted_id = 2923}
12:26:26 inbe006 Ingeborg Bergren INSERTING data into tables `memory_slots` fields ( customer, time_from, time_to, type ) values ( naom001, 6.30, 18, 0 ) => {inserted_id = 1717}
12:33:12 inbe006 Ingeborg Bergren INSERTING data into tables `temp_session` fields ( username, type, details ) values ( inbe006, 1, 2633 ) => {inserted_id = 0}
12:33:49 inbe006 Ingeborg Bergren UPDATING data to tables `time2vie_cirruscommon`.`ws_sessions` fields ( user_id ) values (inbe006) on conditions session_id = 5928b30a5b66a045e8b0896d093fbbe1
12:34:07 inbe006 Ingeborg Bergren UPDATING data to tables `temp_session` fields ( details ) values (2633) on conditions username LIKE inbe006 AND type = 1
