08:50:03 rute001 Ruta Teklehaimanot UPDATING data to tables `time2vie_cirruscommon`.`secondary_login` fields ( error ) values (0) on conditions username = rute001 AND company_id = 21
08:50:03 rute001 Ruta Teklehaimanot INSERTING data into tables `log_login` fields ( username, ip, browser ) values ( rute001, 85.224.30.125, okhttp/3.9.1 ) => {inserted_id = 8158}
08:50:03 rute001 Ruta Teklehaimanot DELETE data from tables `temp_session` on conditions username LIKE rute001
08:50:03 rute001 Ruta Teklehaimanot UPDATING data to tables `time2vie_cirruscommon`.`login` fields ( login, last_time ) values (1, 2020-03-17 08:50:03) on conditions username = rute001
08:50:03 rute001 Ruta Teklehaimanot UPDATING data to tables `time2vie_cirruscommon`.`secondary_login` fields ( last_login_time ) values (2020-03-17 08:50:03) on conditions username = rute001 AND company_id = 21
09:25:53 zefe001 Zeid Feili UPDATING data to tables `time2vie_cirruscommon`.`secondary_login` fields ( error ) values (0) on conditions username = zefe001 AND company_id = 21
09:25:53 zefe001 Zeid Feili INSERTING data into tables `log_login` fields ( username, ip, browser ) values ( zefe001, 176.68.99.187, Time2View/1 CFNetwork/1107.1 Darwin/19.0.0 ) => {inserted_id = 8159}
09:25:53 zefe001 Zeid Feili DELETE data from tables `temp_session` on conditions username LIKE zefe001
09:25:53 zefe001 Zeid Feili UPDATING data to tables `time2vie_cirruscommon`.`login` fields ( login, last_time ) values (1, 2020-03-17 09:25:53) on conditions username = zefe001
09:25:53 zefe001 Zeid Feili UPDATING data to tables `time2vie_cirruscommon`.`secondary_login` fields ( last_login_time ) values (2020-03-17 09:25:53) on conditions username = zefe001 AND company_id = 21
10:11:51 rute001 Ruta Teklehaimanot UPDATING data to tables `time2vie_cirruscommon`.`secondary_login` fields ( error ) values (0) on conditions username = rute001 AND company_id = 21
10:11:51 rute001 Ruta Teklehaimanot INSERTING data into tables `log_login` fields ( username, ip, browser ) values ( rute001, 85.224.30.125, okhttp/3.9.1 ) => {inserted_id = 8160}
10:11:51 rute001 Ruta Teklehaimanot DELETE data from tables `temp_session` on conditions username LIKE rute001
10:11:51 rute001 Ruta Teklehaimanot UPDATING data to tables `time2vie_cirruscommon`.`login` fields ( login, last_time ) values (1, 2020-03-17 10:11:51) on conditions username = rute001
10:11:51 rute001 Ruta Teklehaimanot UPDATING data to tables `time2vie_cirruscommon`.`secondary_login` fields ( last_login_time ) values (2020-03-17 10:11:51) on conditions username = rute001 AND company_id = 21
12:09:53 rute001 Ruta Teklehaimanot UPDATING data to tables `time2vie_cirruscommon`.`secondary_login` fields ( error ) values (0) on conditions username = rute001 AND company_id = 21
12:09:53 rute001 Ruta Teklehaimanot INSERTING data into tables `log_login` fields ( username, ip, browser ) values ( rute001, 78.68.12.244, okhttp/3.9.1 ) => {inserted_id = 8161}
12:09:53 rute001 Ruta Teklehaimanot DELETE data from tables `temp_session` on conditions username LIKE rute001
12:09:53 rute001 Ruta Teklehaimanot UPDATING data to tables `time2vie_cirruscommon`.`login` fields ( login, last_time ) values (1, 2020-03-17 12:09:53) on conditions username = rute001
12:09:53 rute001 Ruta Teklehaimanot UPDATING data to tables `time2vie_cirruscommon`.`secondary_login` fields ( last_login_time ) values (2020-03-17 12:09:53) on conditions username = rute001 AND company_id = 21
15:11:31 inbe006 Ingeborg Bergren INSERTING data into tables `log_login` fields ( username, ip, browser ) values ( inbe006, 217.76.80.50, Mozilla/5.0 (Windows NT 10.0; Win64; x64) AppleWebKit/537.36 (KHTML, like Gecko) Chrome/80.0.3987.132 Safari/537.36 ) => {inserted_id = 8162}
15:11:31 inbe006 Ingeborg Bergren DELETE data from tables `temp_session` on conditions username LIKE inbe006
15:11:31 inbe006 Ingeborg Bergren UPDATING data to tables `time2vie_cirruscommon`.`login` fields ( login, last_time ) values (1, 2020-03-17 15:11:31) on conditions username = inbe006
15:11:31 inbe006 Ingeborg Bergren UPDATING data to tables `time2vie_cirruscommon`.`secondary_login` fields ( last_login_time ) values (2020-03-17 15:11:31) on conditions username = inbe006 AND company_id = 21
15:11:32 inbe006 Ingeborg Bergren UPDATING data to tables `time2vie_cirruscommon`.`ws_sessions` fields ( user_id ) values (inbe006) on conditions session_id = 613db569c0dc2aabcbdf33de1e9ce62e
15:12:07 inbe006 Ingeborg Bergren UPDATING data to tables `timetable` fields ( employee, status ) values (, 0) on conditions id = 2962
15:12:31 inbe006 Ingeborg Bergren UPDATING data to tables `timetable` fields ( employee, status ) values (, 0) on conditions id = 2952
15:12:50 inbe006 Ingeborg Bergren UPDATING data to tables `timetable` fields ( employee, status ) values (, 0) on conditions id = 2953
15:13:49 inbe006 Ingeborg Bergren UPDATING data to tables `samsida` fields ( how_is_asst_provided, did_u_hostpilized_this_month, hostpilized_date_from, hostpilized_date_to, hostpilized_time_from, hostpilized_time_to, hostpilized_date_from2, hostpilized_date_to2, hostpilized_time_from2, hostpilized_time_to2, hostpilized_date_from3, hostpilized_date_to3, hostpilized_time_from3, hostpilized_time_to3, did_u_included_hospitalized_hours, has_assistance_in_other_activities, hostpitalized_hours, hostpitalized_hours_oncall, hostpitalized_hours_standby, signed_customer_phno, signature_options, sign_date, signed_employer_name, signed_employer_ssn, have_money_left_not_to_purchase1, money_left1, money_left_not_to_purchase2, money_left2, accounting_date_from, accounting_date_to, salary_excl_OB_cost, salary_excl_OB_period, salary_OB_cost, salary_OB_period, assist_expenses_cost, assist_expenses_period, training_cost, training_period, staff_expense_cost, staff_expense_period, administration_cost, administration_period, working_hours_4_customer, compensation_payback ) values (0||0||0||0, 1, 2020-02-07, 2020-02-08, 18.00, 10.40, , , , , , , , , 0, 0, , , , 076-589 03 60, 1, 2020-03-11, Zarha Idris Mohamed, 19770101-5443, 1, , , , , , , , , , , , , , , , , , 0, ) on conditions customer = naom001 AND month = 2 AND year = 2020
15:15:20 inbe006 Ingeborg Bergren UPDATING data to tables `samsida` fields ( how_is_asst_provided, did_u_hostpilized_this_month, hostpilized_date_from, hostpilized_date_to, hostpilized_time_from, hostpilized_time_to, hostpilized_date_from2, hostpilized_date_to2, hostpilized_time_from2, hostpilized_time_to2, hostpilized_date_from3, hostpilized_date_to3, hostpilized_time_from3, hostpilized_time_to3, did_u_included_hospitalized_hours, has_assistance_in_other_activities, hostpitalized_hours, hostpitalized_hours_oncall, hostpitalized_hours_standby, signed_customer_phno, signature_options, sign_date, signed_employer_name, signed_employer_ssn, have_money_left_not_to_purchase1, money_left1, money_left_not_to_purchase2, money_left2, accounting_date_from, accounting_date_to, salary_excl_OB_cost, salary_excl_OB_period, salary_OB_cost, salary_OB_period, assist_expenses_cost, assist_expenses_period, training_cost, training_period, staff_expense_cost, staff_expense_period, administration_cost, administration_period, working_hours_4_customer, compensation_payback ) values (0||0||0||0, 0, , , , , , , , , , , , , 0, 0, , , , 076-589 03 60, 1, 2020-03-11, Zarha Idris Mohamed, 19770101-5443, 1, , , , , , , , , , , , , , , , , , 0, ) on conditions customer = amom001 AND month = 2 AND year = 2020
17:28:20 rute001 Ruta Teklehaimanot UPDATING data to tables `time2vie_cirruscommon`.`secondary_login` fields ( error ) values (0) on conditions username = rute001 AND company_id = 21
17:28:20 rute001 Ruta Teklehaimanot INSERTING data into tables `log_login` fields ( username, ip, browser ) values ( rute001, 85.224.30.125, okhttp/3.9.1 ) => {inserted_id = 8163}
17:28:20 rute001 Ruta Teklehaimanot DELETE data from tables `temp_session` on conditions username LIKE rute001
17:28:20 rute001 Ruta Teklehaimanot UPDATING data to tables `time2vie_cirruscommon`.`login` fields ( login, last_time ) values (1, 2020-03-17 17:28:20) on conditions username = rute001
17:28:20 rute001 Ruta Teklehaimanot UPDATING data to tables `time2vie_cirruscommon`.`secondary_login` fields ( last_login_time ) values (2020-03-17 17:28:20) on conditions username = rute001 AND company_id = 21
17:28:20 rute001 Ruta Teklehaimanot UPDATING data to tables `time2vie_cirruscommon`.`secondary_login` fields ( error ) values (0) on conditions username = rute001 AND company_id = 21
17:28:21 rute001 Ruta Teklehaimanot INSERTING data into tables `log_login` fields ( username, ip, browser ) values ( rute001, 85.224.30.125, okhttp/3.9.1 ) => {inserted_id = 8164}
17:28:21 rute001 Ruta Teklehaimanot DELETE data from tables `temp_session` on conditions username LIKE rute001
17:28:21 rute001 Ruta Teklehaimanot UPDATING data to tables `time2vie_cirruscommon`.`login` fields ( login, last_time ) values (1, 2020-03-17 17:28:21) on conditions username = rute001
17:28:21 rute001 Ruta Teklehaimanot UPDATING data to tables `time2vie_cirruscommon`.`secondary_login` fields ( last_login_time ) values (2020-03-17 17:28:21) on conditions username = rute001 AND company_id = 21
18:39:43 rute001 Ruta Teklehaimanot UPDATING data to tables `time2vie_cirruscommon`.`secondary_login` fields ( error ) values (0) on conditions username = rute001 AND company_id = 21
18:39:43 rute001 Ruta Teklehaimanot INSERTING data into tables `log_login` fields ( username, ip, browser ) values ( rute001, 85.224.30.125, okhttp/3.9.1 ) => {inserted_id = 8165}
18:39:43 rute001 Ruta Teklehaimanot DELETE data from tables `temp_session` on conditions username LIKE rute001
18:39:43 rute001 Ruta Teklehaimanot UPDATING data to tables `time2vie_cirruscommon`.`login` fields ( login, last_time ) values (1, 2020-03-17 18:39:43) on conditions username = rute001
18:39:43 rute001 Ruta Teklehaimanot UPDATING data to tables `time2vie_cirruscommon`.`secondary_login` fields ( last_login_time ) values (2020-03-17 18:39:43) on conditions username = rute001 AND company_id = 21
