07:13:04 zefe001 Zeid Feili UPDATING data to tables `time2vie_cirruscommon`.`secondary_login` fields ( error ) values (0) on conditions username = zefe001 AND company_id = 21
07:13:04 zefe001 Zeid Feili INSERTING data into tables `log_login` fields ( username, ip, browser ) values ( zefe001, 83.185.92.51, Time2View/1 CFNetwork/1107.1 Darwin/19.0.0 ) => {inserted_id = 9041}
07:13:04 zefe001 Zeid Feili DELETE data from tables `temp_session` on conditions username LIKE zefe001
07:13:04 zefe001 Zeid Feili UPDATING data to tables `time2vie_cirruscommon`.`login` fields ( login, last_time ) values (1, 2020-07-02 07:13:04) on conditions username = zefe001
07:13:04 zefe001 Zeid Feili UPDATING data to tables `time2vie_cirruscommon`.`secondary_login` fields ( last_login_time ) values (2020-07-02 07:13:04) on conditions username = zefe001 AND company_id = 21
10:22:18 rute001 Ruta Teklehaimanot UPDATING data to tables `time2vie_cirruscommon`.`secondary_login` fields ( error ) values (0) on conditions username = rute001 AND company_id = 21
10:22:18 rute001 Ruta Teklehaimanot INSERTING data into tables `log_login` fields ( username, ip, browser ) values ( rute001, 85.224.30.125, okhttp/3.9.1 ) => {inserted_id = 9042}
10:22:18 rute001 Ruta Teklehaimanot DELETE data from tables `temp_session` on conditions username LIKE rute001
10:22:18 rute001 Ruta Teklehaimanot UPDATING data to tables `time2vie_cirruscommon`.`login` fields ( login, last_time ) values (1, 2020-07-02 10:22:18) on conditions username = rute001
10:22:18 rute001 Ruta Teklehaimanot UPDATING data to tables `time2vie_cirruscommon`.`secondary_login` fields ( last_login_time ) values (2020-07-02 10:22:18) on conditions username = rute001 AND company_id = 21
12:53:35 zefe001 Zeid Feili UPDATING data to tables `time2vie_cirruscommon`.`secondary_login` fields ( error ) values (0) on conditions username = zefe001 AND company_id = 21
12:53:35 zefe001 Zeid Feili INSERTING data into tables `log_login` fields ( username, ip, browser ) values ( zefe001, 83.185.92.51, Time2View/1 CFNetwork/1107.1 Darwin/19.0.0 ) => {inserted_id = 9043}
12:53:35 zefe001 Zeid Feili DELETE data from tables `temp_session` on conditions username LIKE zefe001
12:53:35 zefe001 Zeid Feili UPDATING data to tables `time2vie_cirruscommon`.`login` fields ( login, last_time ) values (1, 2020-07-02 12:53:35) on conditions username = zefe001
12:53:35 zefe001 Zeid Feili UPDATING data to tables `time2vie_cirruscommon`.`secondary_login` fields ( last_login_time ) values (2020-07-02 12:53:35) on conditions username = zefe001 AND company_id = 21
17:23:19 fasa004 Fatima Saleh Abubaker UPDATING data to tables `time2vie_cirruscommon`.`secondary_login` fields ( error ) values (0) on conditions username = fasa004 AND company_id = 21
17:23:19 fasa004 Fatima Saleh Abubaker INSERTING data into tables `log_login` fields ( username, ip, browser ) values ( fasa004, 85.224.30.125, okhttp/3.9.1 ) => {inserted_id = 9044}
17:23:19 fasa004 Fatima Saleh Abubaker DELETE data from tables `temp_session` on conditions username LIKE fasa004
17:23:19 fasa004 Fatima Saleh Abubaker UPDATING data to tables `time2vie_cirruscommon`.`login` fields ( login, last_time ) values (1, 2020-07-02 17:23:19) on conditions username = fasa004
17:23:19 fasa004 Fatima Saleh Abubaker UPDATING data to tables `time2vie_cirruscommon`.`secondary_login` fields ( last_login_time ) values (2020-07-02 17:23:19) on conditions username = fasa004 AND company_id = 21
17:46:53 jihe001 Jimmy Hellstrand UPDATING data to tables `time2vie_cirruscommon`.`secondary_login` fields ( error ) values (0) on conditions username = jihe001 AND company_id = 21
17:46:54 jihe001 Jimmy Hellstrand INSERTING data into tables `log_login` fields ( username, ip, browser ) values ( jihe001, 217.211.13.33, okhttp/3.9.1 ) => {inserted_id = 9045}
17:46:54 jihe001 Jimmy Hellstrand DELETE data from tables `temp_session` on conditions username LIKE jihe001
17:46:54 jihe001 Jimmy Hellstrand UPDATING data to tables `time2vie_cirruscommon`.`login` fields ( login, last_time ) values (1, 2020-07-02 17:46:54) on conditions username = jihe001
17:46:54 jihe001 Jimmy Hellstrand UPDATING data to tables `time2vie_cirruscommon`.`secondary_login` fields ( last_login_time ) values (2020-07-02 17:46:54) on conditions username = jihe001 AND company_id = 21
18:24:39 rute001 Ruta Teklehaimanot UPDATING data to tables `time2vie_cirruscommon`.`secondary_login` fields ( error ) values (0) on conditions username = rute001 AND company_id = 21
18:24:39 rute001 Ruta Teklehaimanot INSERTING data into tables `log_login` fields ( username, ip, browser ) values ( rute001, 85.224.30.125, okhttp/3.9.1 ) => {inserted_id = 9046}
18:24:39 rute001 Ruta Teklehaimanot DELETE data from tables `temp_session` on conditions username LIKE rute001
18:24:39 rute001 Ruta Teklehaimanot UPDATING data to tables `time2vie_cirruscommon`.`login` fields ( login, last_time ) values (1, 2020-07-02 18:24:39) on conditions username = rute001
18:24:39 rute001 Ruta Teklehaimanot UPDATING data to tables `time2vie_cirruscommon`.`secondary_login` fields ( last_login_time ) values (2020-07-02 18:24:39) on conditions username = rute001 AND company_id = 21
18:33:41 fasa004 Fatima Saleh Abubaker DELETE data from tables `time2vie_cirruscommon`.`push_notify_tokens` on conditions user_id = fasa004 AND fcm_token = f16te4TTTVw:APA91bF9gWwXmHibqaHYGZsfUExYmQzE6MERuGwp98HS7SDLTozqMOuhQGtVUQFtViL99u_T3cyoytTDLi7hsNQWPGVbH2Qw9kC-2KQYUXPD1fKyeJGMIjhp9ALGzgllJr3S3Zkdai9J #Mobile-App: Log-id=9044
18:33:41 fasa004 Fatima Saleh Abubaker DELETE data from tables `temp_session` on conditions username LIKE fasa004 #Mobile-App: Log-id=9044
18:33:41 fasa004 Fatima Saleh Abubaker UPDATING data to tables `time2vie_cirruscommon`.`login` fields ( login, last_time ) values (0, 2020-07-02 18:33:41) on conditions username = fasa004 #Mobile-App: Log-id=9044
18:33:41 fasa004 Fatima Saleh Abubaker UPDATING data to tables `time2vie_cirruscommon`.`secondary_login` fields ( last_login_time ) values (2020-07-02 18:33:41) on conditions username = fasa004 AND company_id = 21 #Mobile-App: Log-id=9044
18:34:00 fasa004 Fatima Saleh Abubaker UPDATING data to tables `time2vie_cirruscommon`.`secondary_login` fields ( error ) values (0) on conditions username = fasa004 AND company_id = 21
18:34:00 fasa004 Fatima Saleh Abubaker INSERTING data into tables `log_login` fields ( username, ip, browser ) values ( fasa004, 85.224.30.125, okhttp/3.9.1 ) => {inserted_id = 9047}
18:34:00 fasa004 Fatima Saleh Abubaker DELETE data from tables `temp_session` on conditions username LIKE fasa004
18:34:00 fasa004 Fatima Saleh Abubaker UPDATING data to tables `time2vie_cirruscommon`.`login` fields ( login, last_time ) values (1, 2020-07-02 18:34:00) on conditions username = fasa004
18:34:00 fasa004 Fatima Saleh Abubaker UPDATING data to tables `time2vie_cirruscommon`.`secondary_login` fields ( last_login_time ) values (2020-07-02 18:34:00) on conditions username = fasa004 AND company_id = 21
20:49:32 rute001 Ruta Teklehaimanot UPDATING data to tables `time2vie_cirruscommon`.`secondary_login` fields ( error ) values (0) on conditions username = rute001 AND company_id = 21
20:49:32 rute001 Ruta Teklehaimanot INSERTING data into tables `log_login` fields ( username, ip, browser ) values ( rute001, 78.68.12.244, okhttp/3.9.1 ) => {inserted_id = 9048}
20:49:32 rute001 Ruta Teklehaimanot DELETE data from tables `temp_session` on conditions username LIKE rute001
20:49:32 rute001 Ruta Teklehaimanot UPDATING data to tables `time2vie_cirruscommon`.`login` fields ( login, last_time ) values (1, 2020-07-02 20:49:32) on conditions username = rute001
20:49:32 rute001 Ruta Teklehaimanot UPDATING data to tables `time2vie_cirruscommon`.`secondary_login` fields ( last_login_time ) values (2020-07-02 20:49:32) on conditions username = rute001 AND company_id = 21
