09:59:49 fasa004 Fatima Saleh Abubaker UPDATING data to tables `time2vie_cirruscommon`.`secondary_login` fields ( error ) values (0) on conditions username = fasa004 AND company_id = 21
09:59:49 fasa004 Fatima Saleh Abubaker INSERTING data into tables `log_login` fields ( username, ip, browser ) values ( fasa004, 85.224.30.125, okhttp/3.9.1 ) => {inserted_id = 8882}
09:59:49 fasa004 Fatima Saleh Abubaker DELETE data from tables `temp_session` on conditions username LIKE fasa004
09:59:49 fasa004 Fatima Saleh Abubaker UPDATING data to tables `time2vie_cirruscommon`.`login` fields ( login, last_time ) values (1, 2020-06-11 09:59:49) on conditions username = fasa004
09:59:49 fasa004 Fatima Saleh Abubaker UPDATING data to tables `time2vie_cirruscommon`.`secondary_login` fields ( last_login_time ) values (2020-06-11 09:59:49) on conditions username = fasa004 AND company_id = 21
13:09:21 zefe001 Zeid Feili INSERTING data into tables `log_login` fields ( username, ip, browser ) values ( zefe001, 85.226.12.126, Mozilla/5.0 (Macintosh; Intel Mac OS X 10_11_6) AppleWebKit/537.36 (KHTML, like Gecko) Chrome/83.0.4103.97 Safari/537.36 ) => {inserted_id = 8883}
13:09:21 zefe001 Zeid Feili DELETE data from tables `temp_session` on conditions username LIKE zefe001
13:09:21 zefe001 Zeid Feili UPDATING data to tables `time2vie_cirruscommon`.`login` fields ( login, last_time ) values (1, 2020-06-11 13:09:21) on conditions username = zefe001
13:09:21 zefe001 Zeid Feili UPDATING data to tables `time2vie_cirruscommon`.`secondary_login` fields ( last_login_time ) values (2020-06-11 13:09:21) on conditions username = zefe001 AND company_id = 21
13:09:21 zefe001 Zeid Feili UPDATING data to tables `time2vie_cirruscommon`.`ws_sessions` fields ( user_id ) values (zefe001) on conditions session_id = 4a6c218da611d594a54636b1fb819db0
13:19:57 fasa004 Fatima Saleh Abubaker UPDATING data to tables `time2vie_cirruscommon`.`secondary_login` fields ( error ) values (0) on conditions username = fasa004 AND company_id = 21
13:19:57 fasa004 Fatima Saleh Abubaker INSERTING data into tables `log_login` fields ( username, ip, browser ) values ( fasa004, 85.224.30.125, okhttp/3.9.1 ) => {inserted_id = 8884}
13:19:57 fasa004 Fatima Saleh Abubaker DELETE data from tables `temp_session` on conditions username LIKE fasa004
13:19:57 fasa004 Fatima Saleh Abubaker UPDATING data to tables `time2vie_cirruscommon`.`login` fields ( login, last_time ) values (1, 2020-06-11 13:19:57) on conditions username = fasa004
13:19:57 fasa004 Fatima Saleh Abubaker UPDATING data to tables `time2vie_cirruscommon`.`secondary_login` fields ( last_login_time ) values (2020-06-11 13:19:57) on conditions username = fasa004 AND company_id = 21
13:59:04 fasa004 Fatima Saleh Abubaker UPDATING data to tables `time2vie_cirruscommon`.`secondary_login` fields ( error ) values (0) on conditions username = fasa004 AND company_id = 21
13:59:04 fasa004 Fatima Saleh Abubaker INSERTING data into tables `log_login` fields ( username, ip, browser ) values ( fasa004, 85.224.30.125, okhttp/3.9.1 ) => {inserted_id = 8885}
13:59:04 fasa004 Fatima Saleh Abubaker DELETE data from tables `temp_session` on conditions username LIKE fasa004
13:59:04 fasa004 Fatima Saleh Abubaker UPDATING data to tables `time2vie_cirruscommon`.`login` fields ( login, last_time ) values (1, 2020-06-11 13:59:04) on conditions username = fasa004
13:59:04 fasa004 Fatima Saleh Abubaker UPDATING data to tables `time2vie_cirruscommon`.`secondary_login` fields ( last_login_time ) values (2020-06-11 13:59:04) on conditions username = fasa004 AND company_id = 21
14:06:27 gine001 Gilad Nevo1 INSERTING data into tables `log_login` fields ( username, ip, browser ) values ( gine001, 89.233.236.131, Mozilla/5.0 (Windows NT 10.0; Win64; x64) AppleWebKit/537.36 (KHTML, like Gecko) Chrome/83.0.4103.61 Safari/537.36 ) => {inserted_id = 8886}
14:06:27 gine001 Gilad Nevo1 DELETE data from tables `temp_session` on conditions username LIKE gine001
14:06:27 gine001 Gilad Nevo1 UPDATING data to tables `time2vie_cirruscommon`.`login` fields ( login, last_time ) values (1, 2020-06-11 14:06:27) on conditions username = gine001
14:06:27 gine001 Gilad Nevo1 UPDATING data to tables `time2vie_cirruscommon`.`secondary_login` fields ( last_login_time ) values (2020-06-11 14:06:27) on conditions username = gine001 AND company_id = 21
14:06:28 gine001 Gilad Nevo1 UPDATING data to tables `time2vie_cirruscommon`.`ws_sessions` fields ( user_id ) values (gine001) on conditions session_id = 9ea0d62b27e6e00113b314d30ff0c295
14:07:22 gine001 Gilad Nevo1 DELETE data from tables `timetable` on conditions id = 4085
14:07:22 gine001 Gilad Nevo1 DELETE data from tables `timetable` on conditions id = 4050
14:08:03 gine001 Gilad Nevo1 INSERTING data into tables `timetable` fields ( employee, customer, fkkn, type, date, time_from, time_to, status, created_status, alloc_emp, comment ) values ( , amom001, 1, 0, 2020-06-15, 10, 18, 0, , gine001,  ) => {inserted_id = 6017}
14:08:03 gine001 Gilad Nevo1 INSERTING data into tables `timetable` fields ( employee, customer, fkkn, type, date, time_from, time_to, status, created_status, alloc_emp, comment ) values ( , amom001, 1, 0, 2020-06-22, 10, 18, 0, , gine001,  ) => {inserted_id = 6018}
14:08:03 gine001 Gilad Nevo1 INSERTING data into tables `timetable` fields ( employee, customer, fkkn, type, date, time_from, time_to, status, created_status, alloc_emp, comment ) values ( , amom001, 1, 0, 2020-06-29, 10, 18, 0, , gine001,  ) => {inserted_id = 6019}
14:08:03 gine001 Gilad Nevo1 INSERTING data into tables `timetable` fields ( employee, customer, fkkn, type, date, time_from, time_to, status, created_status, alloc_emp, comment ) values ( , amom001, 1, 0, 2020-07-06, 10, 18, 0, , gine001,  ) => {inserted_id = 6020}
14:08:03 gine001 Gilad Nevo1 INSERTING data into tables `timetable` fields ( employee, customer, fkkn, type, date, time_from, time_to, status, created_status, alloc_emp, comment ) values ( , amom001, 1, 0, 2020-07-13, 10, 18, 0, , gine001,  ) => {inserted_id = 6021}
14:08:03 gine001 Gilad Nevo1 INSERTING data into tables `timetable` fields ( employee, customer, fkkn, type, date, time_from, time_to, status, created_status, alloc_emp, comment ) values ( , amom001, 1, 0, 2020-07-20, 10, 18, 0, , gine001,  ) => {inserted_id = 6022}
14:08:03 gine001 Gilad Nevo1 INSERTING data into tables `timetable` fields ( employee, customer, fkkn, type, date, time_from, time_to, status, created_status, alloc_emp, comment ) values ( , amom001, 1, 0, 2020-07-27, 10, 18, 0, , gine001,  ) => {inserted_id = 6023}
14:08:03 gine001 Gilad Nevo1 INSERTING data into tables `timetable` fields ( employee, customer, fkkn, type, date, time_from, time_to, status, created_status, alloc_emp, comment ) values ( , amom001, 1, 0, 2020-08-03, 10, 18, 0, , gine001,  ) => {inserted_id = 6024}
14:08:03 gine001 Gilad Nevo1 INSERTING data into tables `timetable` fields ( employee, customer, fkkn, type, date, time_from, time_to, status, created_status, alloc_emp, comment ) values ( , amom001, 1, 0, 2020-08-10, 10, 18, 0, , gine001,  ) => {inserted_id = 6025}
14:08:59 gine001 Gilad Nevo1 INSERTING data into tables `timetable` fields ( employee, customer, fkkn, type, date, time_from, time_to, status, created_status, alloc_emp, comment ) values ( , amom001, 1, 0, 2020-06-16, 7, 14, 0, , gine001,  ) => {inserted_id = 6026}
14:08:59 gine001 Gilad Nevo1 INSERTING data into tables `timetable` fields ( employee, customer, fkkn, type, date, time_from, time_to, status, created_status, alloc_emp, comment ) values ( , amom001, 1, 0, 2020-06-23, 7, 14, 0, , gine001,  ) => {inserted_id = 6027}
14:08:59 gine001 Gilad Nevo1 INSERTING data into tables `timetable` fields ( employee, customer, fkkn, type, date, time_from, time_to, status, created_status, alloc_emp, comment ) values ( , amom001, 1, 0, 2020-06-30, 7, 14, 0, , gine001,  ) => {inserted_id = 6028}
14:08:59 gine001 Gilad Nevo1 INSERTING data into tables `timetable` fields ( employee, customer, fkkn, type, date, time_from, time_to, status, created_status, alloc_emp, comment ) values ( , amom001, 1, 0, 2020-07-07, 7, 14, 0, , gine001,  ) => {inserted_id = 6029}
14:08:59 gine001 Gilad Nevo1 INSERTING data into tables `timetable` fields ( employee, customer, fkkn, type, date, time_from, time_to, status, created_status, alloc_emp, comment ) values ( , amom001, 1, 0, 2020-07-14, 7, 14, 0, , gine001,  ) => {inserted_id = 6030}
14:08:59 gine001 Gilad Nevo1 INSERTING data into tables `timetable` fields ( employee, customer, fkkn, type, date, time_from, time_to, status, created_status, alloc_emp, comment ) values ( , amom001, 1, 0, 2020-07-21, 7, 14, 0, , gine001,  ) => {inserted_id = 6031}
14:08:59 gine001 Gilad Nevo1 INSERTING data into tables `timetable` fields ( employee, customer, fkkn, type, date, time_from, time_to, status, created_status, alloc_emp, comment ) values ( , amom001, 1, 0, 2020-07-28, 7, 14, 0, , gine001,  ) => {inserted_id = 6032}
14:08:59 gine001 Gilad Nevo1 INSERTING data into tables `timetable` fields ( employee, customer, fkkn, type, date, time_from, time_to, status, created_status, alloc_emp, comment ) values ( , amom001, 1, 0, 2020-08-04, 7, 14, 0, , gine001,  ) => {inserted_id = 6033}
14:08:59 gine001 Gilad Nevo1 INSERTING data into tables `timetable` fields ( employee, customer, fkkn, type, date, time_from, time_to, status, created_status, alloc_emp, comment ) values ( , amom001, 1, 0, 2020-08-11, 7, 14, 0, , gine001,  ) => {inserted_id = 6034}
14:09:33 gine001 Gilad Nevo1 INSERTING data into tables `timetable` fields ( employee, customer, fkkn, type, date, time_from, time_to, status, created_status, alloc_emp, comment ) values ( , amom001, 1, 0, 2020-06-17, 9, 17, 0, , gine001,  ) => {inserted_id = 6035}
14:09:33 gine001 Gilad Nevo1 INSERTING data into tables `timetable` fields ( employee, customer, fkkn, type, date, time_from, time_to, status, created_status, alloc_emp, comment ) values ( , amom001, 1, 0, 2020-06-24, 9, 17, 0, , gine001,  ) => {inserted_id = 6036}
14:09:33 gine001 Gilad Nevo1 INSERTING data into tables `timetable` fields ( employee, customer, fkkn, type, date, time_from, time_to, status, created_status, alloc_emp, comment ) values ( , amom001, 1, 0, 2020-07-01, 9, 17, 0, , gine001,  ) => {inserted_id = 6037}
14:09:33 gine001 Gilad Nevo1 INSERTING data into tables `timetable` fields ( employee, customer, fkkn, type, date, time_from, time_to, status, created_status, alloc_emp, comment ) values ( , amom001, 1, 0, 2020-07-08, 9, 17, 0, , gine001,  ) => {inserted_id = 6038}
14:09:33 gine001 Gilad Nevo1 INSERTING data into tables `timetable` fields ( employee, customer, fkkn, type, date, time_from, time_to, status, created_status, alloc_emp, comment ) values ( , amom001, 1, 0, 2020-07-15, 9, 17, 0, , gine001,  ) => {inserted_id = 6039}
14:09:33 gine001 Gilad Nevo1 INSERTING data into tables `timetable` fields ( employee, customer, fkkn, type, date, time_from, time_to, status, created_status, alloc_emp, comment ) values ( , amom001, 1, 0, 2020-07-22, 9, 17, 0, , gine001,  ) => {inserted_id = 6040}
14:09:33 gine001 Gilad Nevo1 INSERTING data into tables `timetable` fields ( employee, customer, fkkn, type, date, time_from, time_to, status, created_status, alloc_emp, comment ) values ( , amom001, 1, 0, 2020-07-29, 9, 17, 0, , gine001,  ) => {inserted_id = 6041}
14:09:33 gine001 Gilad Nevo1 INSERTING data into tables `timetable` fields ( employee, customer, fkkn, type, date, time_from, time_to, status, created_status, alloc_emp, comment ) values ( , amom001, 1, 0, 2020-08-05, 9, 17, 0, , gine001,  ) => {inserted_id = 6042}
14:09:33 gine001 Gilad Nevo1 INSERTING data into tables `timetable` fields ( employee, customer, fkkn, type, date, time_from, time_to, status, created_status, alloc_emp, comment ) values ( , amom001, 1, 0, 2020-08-12, 9, 17, 0, , gine001,  ) => {inserted_id = 6043}
14:10:04 gine001 Gilad Nevo1 INSERTING data into tables `timetable` fields ( employee, customer, fkkn, type, date, time_from, time_to, status, created_status, alloc_emp, comment ) values ( , amom001, 1, 0, 2020-06-18, 8, 14, 0, , gine001,  ) => {inserted_id = 6044}
14:10:04 gine001 Gilad Nevo1 INSERTING data into tables `timetable` fields ( employee, customer, fkkn, type, date, time_from, time_to, status, created_status, alloc_emp, comment ) values ( , amom001, 1, 0, 2020-06-25, 8, 14, 0, , gine001,  ) => {inserted_id = 6045}
14:10:04 gine001 Gilad Nevo1 INSERTING data into tables `timetable` fields ( employee, customer, fkkn, type, date, time_from, time_to, status, created_status, alloc_emp, comment ) values ( , amom001, 1, 0, 2020-07-02, 8, 14, 0, , gine001,  ) => {inserted_id = 6046}
14:10:04 gine001 Gilad Nevo1 INSERTING data into tables `timetable` fields ( employee, customer, fkkn, type, date, time_from, time_to, status, created_status, alloc_emp, comment ) values ( , amom001, 1, 0, 2020-07-09, 8, 14, 0, , gine001,  ) => {inserted_id = 6047}
14:10:04 gine001 Gilad Nevo1 INSERTING data into tables `timetable` fields ( employee, customer, fkkn, type, date, time_from, time_to, status, created_status, alloc_emp, comment ) values ( , amom001, 1, 0, 2020-07-16, 8, 14, 0, , gine001,  ) => {inserted_id = 6048}
14:10:04 gine001 Gilad Nevo1 INSERTING data into tables `timetable` fields ( employee, customer, fkkn, type, date, time_from, time_to, status, created_status, alloc_emp, comment ) values ( , amom001, 1, 0, 2020-07-23, 8, 14, 0, , gine001,  ) => {inserted_id = 6049}
14:10:04 gine001 Gilad Nevo1 INSERTING data into tables `timetable` fields ( employee, customer, fkkn, type, date, time_from, time_to, status, created_status, alloc_emp, comment ) values ( , amom001, 1, 0, 2020-07-30, 8, 14, 0, , gine001,  ) => {inserted_id = 6050}
14:10:04 gine001 Gilad Nevo1 INSERTING data into tables `timetable` fields ( employee, customer, fkkn, type, date, time_from, time_to, status, created_status, alloc_emp, comment ) values ( , amom001, 1, 0, 2020-08-06, 8, 14, 0, , gine001,  ) => {inserted_id = 6051}
14:10:04 gine001 Gilad Nevo1 INSERTING data into tables `timetable` fields ( employee, customer, fkkn, type, date, time_from, time_to, status, created_status, alloc_emp, comment ) values ( , amom001, 1, 0, 2020-08-13, 8, 14, 0, , gine001,  ) => {inserted_id = 6052}
14:12:17 gine001 Gilad Nevo1 UPDATING data to tables `timetable` fields ( date ) values (2020-06-19) on conditions id = 6044
14:12:20 gine001 Gilad Nevo1 UPDATING data to tables `timetable` fields ( date ) values (2020-06-26) on conditions id = 6045
14:12:45 gine001 Gilad Nevo1 UPDATING data to tables `timetable` fields ( date ) values (2020-07-03) on conditions id = 6046
14:12:50 gine001 Gilad Nevo1 UPDATING data to tables `timetable` fields ( date ) values (2020-07-10) on conditions id = 6047
14:12:53 gine001 Gilad Nevo1 UPDATING data to tables `timetable` fields ( date ) values (2020-07-17) on conditions id = 6048
14:12:58 gine001 Gilad Nevo1 UPDATING data to tables `timetable` fields ( date ) values (2020-07-24) on conditions id = 6049
14:13:03 gine001 Gilad Nevo1 UPDATING data to tables `timetable` fields ( date ) values (2020-07-31) on conditions id = 6050
14:13:17 gine001 Gilad Nevo1 UPDATING data to tables `timetable` fields ( date ) values (2020-08-07) on conditions id = 6051
14:13:19 gine001 Gilad Nevo1 UPDATING data to tables `timetable` fields ( date ) values (2020-08-14) on conditions id = 6052
14:13:39 gine001 Gilad Nevo1 DELETE data from tables `timetable` on conditions id = 4057
14:13:39 gine001 Gilad Nevo1 DELETE data from tables `timetable` on conditions id = 4058
14:13:39 gine001 Gilad Nevo1 DELETE data from tables `timetable` on conditions id = 4059
14:13:39 gine001 Gilad Nevo1 DELETE data from tables `timetable` on conditions id = 4060
14:13:39 gine001 Gilad Nevo1 DELETE data from tables `timetable` on conditions id = 4061
14:13:39 gine001 Gilad Nevo1 DELETE data from tables `timetable` on conditions id = 4062
14:13:39 gine001 Gilad Nevo1 DELETE data from tables `timetable` on conditions id = 4063
14:13:39 gine001 Gilad Nevo1 DELETE data from tables `timetable` on conditions id = 4064
14:13:39 gine001 Gilad Nevo1 DELETE data from tables `timetable` on conditions id = 4065
14:13:39 gine001 Gilad Nevo1 DELETE data from tables `timetable` on conditions id = 4066
14:13:39 gine001 Gilad Nevo1 DELETE data from tables `timetable` on conditions id = 4067
14:13:39 gine001 Gilad Nevo1 DELETE data from tables `timetable` on conditions id = 4068
14:13:39 gine001 Gilad Nevo1 DELETE data from tables `timetable` on conditions id = 4069
14:14:37 gine001 Gilad Nevo1 DELETE data from tables `timetable` on conditions id = 5744
14:14:37 gine001 Gilad Nevo1 DELETE data from tables `timetable` on conditions id = 4081
14:14:37 gine001 Gilad Nevo1 DELETE data from tables `timetable` on conditions id = 4082
14:14:37 gine001 Gilad Nevo1 DELETE data from tables `timetable` on conditions id = 4083
14:14:37 gine001 Gilad Nevo1 DELETE data from tables `timetable` on conditions id = 4084
14:14:37 gine001 Gilad Nevo1 DELETE data from tables `timetable` on conditions id = 4131
14:14:37 gine001 Gilad Nevo1 DELETE data from tables `timetable` on conditions id = 4133
14:14:38 gine001 Gilad Nevo1 DELETE data from tables `timetable` on conditions id = 4135
14:14:38 gine001 Gilad Nevo1 DELETE data from tables `timetable` on conditions id = 4141
14:14:38 gine001 Gilad Nevo1 DELETE data from tables `timetable` on conditions id = 4086
14:14:38 gine001 Gilad Nevo1 DELETE data from tables `timetable` on conditions id = 4087
14:14:38 gine001 Gilad Nevo1 DELETE data from tables `timetable` on conditions id = 4088
14:14:38 gine001 Gilad Nevo1 DELETE data from tables `timetable` on conditions id = 4089
14:14:38 gine001 Gilad Nevo1 DELETE data from tables `timetable` on conditions id = 4144
14:14:38 gine001 Gilad Nevo1 DELETE data from tables `timetable` on conditions id = 4146
14:14:38 gine001 Gilad Nevo1 DELETE data from tables `timetable` on conditions id = 4148
14:14:38 gine001 Gilad Nevo1 DELETE data from tables `timetable` on conditions id = 4151
14:14:38 gine001 Gilad Nevo1 DELETE data from tables `timetable` on conditions id = 4154
14:14:38 gine001 Gilad Nevo1 DELETE data from tables `timetable` on conditions id = 4090
14:14:38 gine001 Gilad Nevo1 DELETE data from tables `timetable` on conditions id = 4091
14:14:55 gine001 Gilad Nevo1 INSERTING data into tables `temp_session` fields ( username, type, details ) values ( gine001, 1, 6044 ) => {inserted_id = 0}
14:15:01 gine001 Gilad Nevo1 INSERTING data into tables `timetable` fields ( employee, customer, fkkn, type, date, time_from, time_to, status, created_status, alloc_emp, comment, relation_id ) values ( , amom001, 1, 0, 2020-06-12, 8.00, 14.00, 0, , gine001, ,  ) => {inserted_id = 6053}
14:15:31 gine001 Gilad Nevo1 UPDATING data to tables `timetable` fields ( customer, employee, date, time_from, time_to, fkkn, type, status, comment ) values (amom001, rute001, 2020-06-15, 10.00, 18.00, 1, 0, 1, ) on conditions id = 6017
14:16:17 gine001 Gilad Nevo1 INSERTING data into tables `timetable` fields ( employee, customer, fkkn, type, date, time_from, time_to, status, created_status, alloc_emp, comment ) values ( , naom001, 1, 0, 2020-06-15, 11, 20, 0, , gine001,  ) => {inserted_id = 6054}
14:16:17 gine001 Gilad Nevo1 INSERTING data into tables `timetable` fields ( employee, customer, fkkn, type, date, time_from, time_to, status, created_status, alloc_emp, comment ) values ( , naom001, 1, 0, 2020-06-22, 11, 20, 0, , gine001,  ) => {inserted_id = 6055}
14:16:17 gine001 Gilad Nevo1 INSERTING data into tables `timetable` fields ( employee, customer, fkkn, type, date, time_from, time_to, status, created_status, alloc_emp, comment ) values ( , naom001, 1, 0, 2020-06-29, 11, 20, 0, , gine001,  ) => {inserted_id = 6056}
14:16:17 gine001 Gilad Nevo1 INSERTING data into tables `timetable` fields ( employee, customer, fkkn, type, date, time_from, time_to, status, created_status, alloc_emp, comment ) values ( , naom001, 1, 0, 2020-07-06, 11, 20, 0, , gine001,  ) => {inserted_id = 6057}
14:16:17 gine001 Gilad Nevo1 INSERTING data into tables `timetable` fields ( employee, customer, fkkn, type, date, time_from, time_to, status, created_status, alloc_emp, comment ) values ( , naom001, 1, 0, 2020-07-13, 11, 20, 0, , gine001,  ) => {inserted_id = 6058}
14:16:17 gine001 Gilad Nevo1 INSERTING data into tables `timetable` fields ( employee, customer, fkkn, type, date, time_from, time_to, status, created_status, alloc_emp, comment ) values ( , naom001, 1, 0, 2020-07-20, 11, 20, 0, , gine001,  ) => {inserted_id = 6059}
14:16:17 gine001 Gilad Nevo1 INSERTING data into tables `timetable` fields ( employee, customer, fkkn, type, date, time_from, time_to, status, created_status, alloc_emp, comment ) values ( , naom001, 1, 0, 2020-07-27, 11, 20, 0, , gine001,  ) => {inserted_id = 6060}
14:16:17 gine001 Gilad Nevo1 INSERTING data into tables `timetable` fields ( employee, customer, fkkn, type, date, time_from, time_to, status, created_status, alloc_emp, comment ) values ( , naom001, 1, 0, 2020-08-03, 11, 20, 0, , gine001,  ) => {inserted_id = 6061}
14:16:17 gine001 Gilad Nevo1 INSERTING data into tables `timetable` fields ( employee, customer, fkkn, type, date, time_from, time_to, status, created_status, alloc_emp, comment ) values ( , naom001, 1, 0, 2020-08-10, 11, 20, 0, , gine001,  ) => {inserted_id = 6062}
14:16:40 gine001 Gilad Nevo1 INSERTING data into tables `timetable` fields ( employee, customer, fkkn, type, date, time_from, time_to, status, created_status, alloc_emp, comment ) values ( , naom001, 1, 0, 2020-06-16, 7, 16, 0, , gine001,  ) => {inserted_id = 6063}
14:16:40 gine001 Gilad Nevo1 INSERTING data into tables `timetable` fields ( employee, customer, fkkn, type, date, time_from, time_to, status, created_status, alloc_emp, comment ) values ( , naom001, 1, 0, 2020-06-23, 7, 16, 0, , gine001,  ) => {inserted_id = 6064}
14:16:40 gine001 Gilad Nevo1 INSERTING data into tables `timetable` fields ( employee, customer, fkkn, type, date, time_from, time_to, status, created_status, alloc_emp, comment ) values ( , naom001, 1, 0, 2020-06-30, 7, 16, 0, , gine001,  ) => {inserted_id = 6065}
14:16:40 gine001 Gilad Nevo1 INSERTING data into tables `timetable` fields ( employee, customer, fkkn, type, date, time_from, time_to, status, created_status, alloc_emp, comment ) values ( , naom001, 1, 0, 2020-07-07, 7, 16, 0, , gine001,  ) => {inserted_id = 6066}
14:16:40 gine001 Gilad Nevo1 INSERTING data into tables `timetable` fields ( employee, customer, fkkn, type, date, time_from, time_to, status, created_status, alloc_emp, comment ) values ( , naom001, 1, 0, 2020-07-14, 7, 16, 0, , gine001,  ) => {inserted_id = 6067}
14:16:40 gine001 Gilad Nevo1 INSERTING data into tables `timetable` fields ( employee, customer, fkkn, type, date, time_from, time_to, status, created_status, alloc_emp, comment ) values ( , naom001, 1, 0, 2020-07-21, 7, 16, 0, , gine001,  ) => {inserted_id = 6068}
14:16:40 gine001 Gilad Nevo1 INSERTING data into tables `timetable` fields ( employee, customer, fkkn, type, date, time_from, time_to, status, created_status, alloc_emp, comment ) values ( , naom001, 1, 0, 2020-07-28, 7, 16, 0, , gine001,  ) => {inserted_id = 6069}
14:16:40 gine001 Gilad Nevo1 INSERTING data into tables `timetable` fields ( employee, customer, fkkn, type, date, time_from, time_to, status, created_status, alloc_emp, comment ) values ( , naom001, 1, 0, 2020-08-04, 7, 16, 0, , gine001,  ) => {inserted_id = 6070}
14:16:40 gine001 Gilad Nevo1 INSERTING data into tables `timetable` fields ( employee, customer, fkkn, type, date, time_from, time_to, status, created_status, alloc_emp, comment ) values ( , naom001, 1, 0, 2020-08-11, 7, 16, 0, , gine001,  ) => {inserted_id = 6071}
14:17:09 gine001 Gilad Nevo1 INSERTING data into tables `timetable` fields ( employee, customer, fkkn, type, date, time_from, time_to, status, created_status, alloc_emp, comment ) values ( , naom001, 1, 0, 2020-06-17, 9, 18, 0, , gine001,  ) => {inserted_id = 6072}
14:17:09 gine001 Gilad Nevo1 INSERTING data into tables `timetable` fields ( employee, customer, fkkn, type, date, time_from, time_to, status, created_status, alloc_emp, comment ) values ( , naom001, 1, 0, 2020-06-24, 9, 18, 0, , gine001,  ) => {inserted_id = 6073}
14:17:09 gine001 Gilad Nevo1 INSERTING data into tables `timetable` fields ( employee, customer, fkkn, type, date, time_from, time_to, status, created_status, alloc_emp, comment ) values ( , naom001, 1, 0, 2020-07-01, 9, 18, 0, , gine001,  ) => {inserted_id = 6074}
14:17:09 gine001 Gilad Nevo1 INSERTING data into tables `timetable` fields ( employee, customer, fkkn, type, date, time_from, time_to, status, created_status, alloc_emp, comment ) values ( , naom001, 1, 0, 2020-07-08, 9, 18, 0, , gine001,  ) => {inserted_id = 6075}
14:17:09 gine001 Gilad Nevo1 INSERTING data into tables `timetable` fields ( employee, customer, fkkn, type, date, time_from, time_to, status, created_status, alloc_emp, comment ) values ( , naom001, 1, 0, 2020-07-15, 9, 18, 0, , gine001,  ) => {inserted_id = 6076}
14:17:09 gine001 Gilad Nevo1 INSERTING data into tables `timetable` fields ( employee, customer, fkkn, type, date, time_from, time_to, status, created_status, alloc_emp, comment ) values ( , naom001, 1, 0, 2020-07-22, 9, 18, 0, , gine001,  ) => {inserted_id = 6077}
14:17:09 gine001 Gilad Nevo1 INSERTING data into tables `timetable` fields ( employee, customer, fkkn, type, date, time_from, time_to, status, created_status, alloc_emp, comment ) values ( , naom001, 1, 0, 2020-07-29, 9, 18, 0, , gine001,  ) => {inserted_id = 6078}
14:17:09 gine001 Gilad Nevo1 INSERTING data into tables `timetable` fields ( employee, customer, fkkn, type, date, time_from, time_to, status, created_status, alloc_emp, comment ) values ( , naom001, 1, 0, 2020-08-05, 9, 18, 0, , gine001,  ) => {inserted_id = 6079}
14:17:09 gine001 Gilad Nevo1 INSERTING data into tables `timetable` fields ( employee, customer, fkkn, type, date, time_from, time_to, status, created_status, alloc_emp, comment ) values ( , naom001, 1, 0, 2020-08-12, 9, 18, 0, , gine001,  ) => {inserted_id = 6080}
14:17:35 gine001 Gilad Nevo1 INSERTING data into tables `timetable` fields ( employee, customer, fkkn, type, date, time_from, time_to, status, created_status, alloc_emp, comment ) values ( , naom001, 1, 0, 2020-06-18, 12, 18, 0, , gine001,  ) => {inserted_id = 6081}
14:17:35 gine001 Gilad Nevo1 INSERTING data into tables `timetable` fields ( employee, customer, fkkn, type, date, time_from, time_to, status, created_status, alloc_emp, comment ) values ( , naom001, 1, 0, 2020-06-25, 12, 18, 0, , gine001,  ) => {inserted_id = 6082}
14:17:35 gine001 Gilad Nevo1 INSERTING data into tables `timetable` fields ( employee, customer, fkkn, type, date, time_from, time_to, status, created_status, alloc_emp, comment ) values ( , naom001, 1, 0, 2020-07-02, 12, 18, 0, , gine001,  ) => {inserted_id = 6083}
14:17:35 gine001 Gilad Nevo1 INSERTING data into tables `timetable` fields ( employee, customer, fkkn, type, date, time_from, time_to, status, created_status, alloc_emp, comment ) values ( , naom001, 1, 0, 2020-07-09, 12, 18, 0, , gine001,  ) => {inserted_id = 6084}
14:17:35 gine001 Gilad Nevo1 INSERTING data into tables `timetable` fields ( employee, customer, fkkn, type, date, time_from, time_to, status, created_status, alloc_emp, comment ) values ( , naom001, 1, 0, 2020-07-16, 12, 18, 0, , gine001,  ) => {inserted_id = 6085}
14:17:35 gine001 Gilad Nevo1 INSERTING data into tables `timetable` fields ( employee, customer, fkkn, type, date, time_from, time_to, status, created_status, alloc_emp, comment ) values ( , naom001, 1, 0, 2020-07-23, 12, 18, 0, , gine001,  ) => {inserted_id = 6086}
14:17:35 gine001 Gilad Nevo1 INSERTING data into tables `timetable` fields ( employee, customer, fkkn, type, date, time_from, time_to, status, created_status, alloc_emp, comment ) values ( , naom001, 1, 0, 2020-07-30, 12, 18, 0, , gine001,  ) => {inserted_id = 6087}
14:17:35 gine001 Gilad Nevo1 INSERTING data into tables `timetable` fields ( employee, customer, fkkn, type, date, time_from, time_to, status, created_status, alloc_emp, comment ) values ( , naom001, 1, 0, 2020-08-06, 12, 18, 0, , gine001,  ) => {inserted_id = 6088}
14:17:35 gine001 Gilad Nevo1 INSERTING data into tables `timetable` fields ( employee, customer, fkkn, type, date, time_from, time_to, status, created_status, alloc_emp, comment ) values ( , naom001, 1, 0, 2020-08-13, 12, 18, 0, , gine001,  ) => {inserted_id = 6089}
14:18:04 gine001 Gilad Nevo1 INSERTING data into tables `timetable` fields ( employee, customer, fkkn, type, date, time_from, time_to, status, created_status, alloc_emp, comment ) values ( , naom001, 1, 0, 2020-06-19, 10, 18, 0, , gine001,  ) => {inserted_id = 6090}
14:18:04 gine001 Gilad Nevo1 INSERTING data into tables `timetable` fields ( employee, customer, fkkn, type, date, time_from, time_to, status, created_status, alloc_emp, comment ) values ( , naom001, 1, 0, 2020-06-26, 10, 18, 0, , gine001,  ) => {inserted_id = 6091}
14:18:04 gine001 Gilad Nevo1 INSERTING data into tables `timetable` fields ( employee, customer, fkkn, type, date, time_from, time_to, status, created_status, alloc_emp, comment ) values ( , naom001, 1, 0, 2020-07-03, 10, 18, 0, , gine001,  ) => {inserted_id = 6092}
14:18:04 gine001 Gilad Nevo1 INSERTING data into tables `timetable` fields ( employee, customer, fkkn, type, date, time_from, time_to, status, created_status, alloc_emp, comment ) values ( , naom001, 1, 0, 2020-07-10, 10, 18, 0, , gine001,  ) => {inserted_id = 6093}
14:18:04 gine001 Gilad Nevo1 INSERTING data into tables `timetable` fields ( employee, customer, fkkn, type, date, time_from, time_to, status, created_status, alloc_emp, comment ) values ( , naom001, 1, 0, 2020-07-17, 10, 18, 0, , gine001,  ) => {inserted_id = 6094}
14:18:04 gine001 Gilad Nevo1 INSERTING data into tables `timetable` fields ( employee, customer, fkkn, type, date, time_from, time_to, status, created_status, alloc_emp, comment ) values ( , naom001, 1, 0, 2020-07-24, 10, 18, 0, , gine001,  ) => {inserted_id = 6095}
14:18:04 gine001 Gilad Nevo1 INSERTING data into tables `timetable` fields ( employee, customer, fkkn, type, date, time_from, time_to, status, created_status, alloc_emp, comment ) values ( , naom001, 1, 0, 2020-07-31, 10, 18, 0, , gine001,  ) => {inserted_id = 6096}
14:18:04 gine001 Gilad Nevo1 INSERTING data into tables `timetable` fields ( employee, customer, fkkn, type, date, time_from, time_to, status, created_status, alloc_emp, comment ) values ( , naom001, 1, 0, 2020-08-07, 10, 18, 0, , gine001,  ) => {inserted_id = 6097}
14:18:04 gine001 Gilad Nevo1 INSERTING data into tables `timetable` fields ( employee, customer, fkkn, type, date, time_from, time_to, status, created_status, alloc_emp, comment ) values ( , naom001, 1, 0, 2020-08-14, 10, 18, 0, , gine001,  ) => {inserted_id = 6098}
14:20:25 gine001 Gilad Nevo1 INSERTING data into tables `timetable` fields ( employee, customer, fkkn, type, date, time_from, time_to, status, created_status, alloc_emp, comment ) values ( , naom001, 1, 0, 2020-06-15, 8, 10, 0, , gine001, Zahara fyller på ) => {inserted_id = 6099}
14:20:25 gine001 Gilad Nevo1 INSERTING data into tables `timetable` fields ( employee, customer, fkkn, type, date, time_from, time_to, status, created_status, alloc_emp, comment ) values ( , naom001, 1, 0, 2020-06-18, 8, 10, 0, , gine001, Zahara fyller på ) => {inserted_id = 6100}
14:20:25 gine001 Gilad Nevo1 INSERTING data into tables `timetable` fields ( employee, customer, fkkn, type, date, time_from, time_to, status, created_status, alloc_emp, comment ) values ( , naom001, 1, 0, 2020-06-19, 8, 10, 0, , gine001, Zahara fyller på ) => {inserted_id = 6101}
14:20:25 gine001 Gilad Nevo1 INSERTING data into tables `timetable` fields ( employee, customer, fkkn, type, date, time_from, time_to, status, created_status, alloc_emp, comment ) values ( , naom001, 1, 0, 2020-06-22, 8, 10, 0, , gine001, Zahara fyller på ) => {inserted_id = 6102}
14:20:25 gine001 Gilad Nevo1 INSERTING data into tables `timetable` fields ( employee, customer, fkkn, type, date, time_from, time_to, status, created_status, alloc_emp, comment ) values ( , naom001, 1, 0, 2020-06-25, 8, 10, 0, , gine001, Zahara fyller på ) => {inserted_id = 6103}
14:20:25 gine001 Gilad Nevo1 INSERTING data into tables `timetable` fields ( employee, customer, fkkn, type, date, time_from, time_to, status, created_status, alloc_emp, comment ) values ( , naom001, 1, 0, 2020-06-26, 8, 10, 0, , gine001, Zahara fyller på ) => {inserted_id = 6104}
14:20:25 gine001 Gilad Nevo1 INSERTING data into tables `timetable` fields ( employee, customer, fkkn, type, date, time_from, time_to, status, created_status, alloc_emp, comment ) values ( , naom001, 1, 0, 2020-06-29, 8, 10, 0, , gine001, Zahara fyller på ) => {inserted_id = 6105}
14:20:25 gine001 Gilad Nevo1 INSERTING data into tables `timetable` fields ( employee, customer, fkkn, type, date, time_from, time_to, status, created_status, alloc_emp, comment ) values ( , naom001, 1, 0, 2020-07-02, 8, 10, 0, , gine001, Zahara fyller på ) => {inserted_id = 6106}
14:20:25 gine001 Gilad Nevo1 INSERTING data into tables `timetable` fields ( employee, customer, fkkn, type, date, time_from, time_to, status, created_status, alloc_emp, comment ) values ( , naom001, 1, 0, 2020-07-03, 8, 10, 0, , gine001, Zahara fyller på ) => {inserted_id = 6107}
14:20:25 gine001 Gilad Nevo1 INSERTING data into tables `timetable` fields ( employee, customer, fkkn, type, date, time_from, time_to, status, created_status, alloc_emp, comment ) values ( , naom001, 1, 0, 2020-07-06, 8, 10, 0, , gine001, Zahara fyller på ) => {inserted_id = 6108}
14:20:25 gine001 Gilad Nevo1 INSERTING data into tables `timetable` fields ( employee, customer, fkkn, type, date, time_from, time_to, status, created_status, alloc_emp, comment ) values ( , naom001, 1, 0, 2020-07-09, 8, 10, 0, , gine001, Zahara fyller på ) => {inserted_id = 6109}
14:20:25 gine001 Gilad Nevo1 INSERTING data into tables `timetable` fields ( employee, customer, fkkn, type, date, time_from, time_to, status, created_status, alloc_emp, comment ) values ( , naom001, 1, 0, 2020-07-10, 8, 10, 0, , gine001, Zahara fyller på ) => {inserted_id = 6110}
14:20:25 gine001 Gilad Nevo1 INSERTING data into tables `timetable` fields ( employee, customer, fkkn, type, date, time_from, time_to, status, created_status, alloc_emp, comment ) values ( , naom001, 1, 0, 2020-07-13, 8, 10, 0, , gine001, Zahara fyller på ) => {inserted_id = 6111}
14:20:25 gine001 Gilad Nevo1 INSERTING data into tables `timetable` fields ( employee, customer, fkkn, type, date, time_from, time_to, status, created_status, alloc_emp, comment ) values ( , naom001, 1, 0, 2020-07-16, 8, 10, 0, , gine001, Zahara fyller på ) => {inserted_id = 6112}
14:20:25 gine001 Gilad Nevo1 INSERTING data into tables `timetable` fields ( employee, customer, fkkn, type, date, time_from, time_to, status, created_status, alloc_emp, comment ) values ( , naom001, 1, 0, 2020-07-17, 8, 10, 0, , gine001, Zahara fyller på ) => {inserted_id = 6113}
14:20:25 gine001 Gilad Nevo1 INSERTING data into tables `timetable` fields ( employee, customer, fkkn, type, date, time_from, time_to, status, created_status, alloc_emp, comment ) values ( , naom001, 1, 0, 2020-07-20, 8, 10, 0, , gine001, Zahara fyller på ) => {inserted_id = 6114}
14:20:25 gine001 Gilad Nevo1 INSERTING data into tables `timetable` fields ( employee, customer, fkkn, type, date, time_from, time_to, status, created_status, alloc_emp, comment ) values ( , naom001, 1, 0, 2020-07-23, 8, 10, 0, , gine001, Zahara fyller på ) => {inserted_id = 6115}
14:20:25 gine001 Gilad Nevo1 INSERTING data into tables `timetable` fields ( employee, customer, fkkn, type, date, time_from, time_to, status, created_status, alloc_emp, comment ) values ( , naom001, 1, 0, 2020-07-24, 8, 10, 0, , gine001, Zahara fyller på ) => {inserted_id = 6116}
14:20:25 gine001 Gilad Nevo1 INSERTING data into tables `timetable` fields ( employee, customer, fkkn, type, date, time_from, time_to, status, created_status, alloc_emp, comment ) values ( , naom001, 1, 0, 2020-07-27, 8, 10, 0, , gine001, Zahara fyller på ) => {inserted_id = 6117}
14:20:25 gine001 Gilad Nevo1 INSERTING data into tables `timetable` fields ( employee, customer, fkkn, type, date, time_from, time_to, status, created_status, alloc_emp, comment ) values ( , naom001, 1, 0, 2020-07-30, 8, 10, 0, , gine001, Zahara fyller på ) => {inserted_id = 6118}
14:20:25 gine001 Gilad Nevo1 INSERTING data into tables `timetable` fields ( employee, customer, fkkn, type, date, time_from, time_to, status, created_status, alloc_emp, comment ) values ( , naom001, 1, 0, 2020-07-31, 8, 10, 0, , gine001, Zahara fyller på ) => {inserted_id = 6119}
14:20:25 gine001 Gilad Nevo1 INSERTING data into tables `timetable` fields ( employee, customer, fkkn, type, date, time_from, time_to, status, created_status, alloc_emp, comment ) values ( , naom001, 1, 0, 2020-08-03, 8, 10, 0, , gine001, Zahara fyller på ) => {inserted_id = 6120}
14:20:25 gine001 Gilad Nevo1 INSERTING data into tables `timetable` fields ( employee, customer, fkkn, type, date, time_from, time_to, status, created_status, alloc_emp, comment ) values ( , naom001, 1, 0, 2020-08-06, 8, 10, 0, , gine001, Zahara fyller på ) => {inserted_id = 6121}
14:20:25 gine001 Gilad Nevo1 INSERTING data into tables `timetable` fields ( employee, customer, fkkn, type, date, time_from, time_to, status, created_status, alloc_emp, comment ) values ( , naom001, 1, 0, 2020-08-07, 8, 10, 0, , gine001, Zahara fyller på ) => {inserted_id = 6122}
14:20:25 gine001 Gilad Nevo1 INSERTING data into tables `timetable` fields ( employee, customer, fkkn, type, date, time_from, time_to, status, created_status, alloc_emp, comment ) values ( , naom001, 1, 0, 2020-08-10, 8, 10, 0, , gine001, Zahara fyller på ) => {inserted_id = 6123}
14:20:25 gine001 Gilad Nevo1 INSERTING data into tables `timetable` fields ( employee, customer, fkkn, type, date, time_from, time_to, status, created_status, alloc_emp, comment ) values ( , naom001, 1, 0, 2020-08-13, 8, 10, 0, , gine001, Zahara fyller på ) => {inserted_id = 6124}
14:20:25 gine001 Gilad Nevo1 INSERTING data into tables `timetable` fields ( employee, customer, fkkn, type, date, time_from, time_to, status, created_status, alloc_emp, comment ) values ( , naom001, 1, 0, 2020-08-14, 8, 10, 0, , gine001, Zahara fyller på ) => {inserted_id = 6125}
14:21:45 gine001 Gilad Nevo1 INSERTING data into tables `timetable` fields ( employee, customer, fkkn, type, date, time_from, time_to, status, created_status, alloc_emp, comment ) values ( , naom001, 1, 0, 2020-06-16, 16, 24, 0, , gine001, Zahara fylle på ) => {inserted_id = 6126}
14:21:45 gine001 Gilad Nevo1 INSERTING data into tables `timetable` fields ( employee, customer, fkkn, type, date, time_from, time_to, status, created_status, alloc_emp, comment ) values ( , naom001, 1, 0, 2020-06-23, 16, 24, 0, , gine001, Zahara fylle på ) => {inserted_id = 6127}
14:21:45 gine001 Gilad Nevo1 INSERTING data into tables `timetable` fields ( employee, customer, fkkn, type, date, time_from, time_to, status, created_status, alloc_emp, comment ) values ( , naom001, 1, 0, 2020-06-30, 16, 24, 0, , gine001, Zahara fylle på ) => {inserted_id = 6128}
14:21:45 gine001 Gilad Nevo1 INSERTING data into tables `timetable` fields ( employee, customer, fkkn, type, date, time_from, time_to, status, created_status, alloc_emp, comment ) values ( , naom001, 1, 0, 2020-07-07, 16, 24, 0, , gine001, Zahara fylle på ) => {inserted_id = 6129}
14:21:45 gine001 Gilad Nevo1 INSERTING data into tables `timetable` fields ( employee, customer, fkkn, type, date, time_from, time_to, status, created_status, alloc_emp, comment ) values ( , naom001, 1, 0, 2020-07-14, 16, 24, 0, , gine001, Zahara fylle på ) => {inserted_id = 6130}
14:21:45 gine001 Gilad Nevo1 INSERTING data into tables `timetable` fields ( employee, customer, fkkn, type, date, time_from, time_to, status, created_status, alloc_emp, comment ) values ( , naom001, 1, 0, 2020-07-21, 16, 24, 0, , gine001, Zahara fylle på ) => {inserted_id = 6131}
14:21:45 gine001 Gilad Nevo1 INSERTING data into tables `timetable` fields ( employee, customer, fkkn, type, date, time_from, time_to, status, created_status, alloc_emp, comment ) values ( , naom001, 1, 0, 2020-07-28, 16, 24, 0, , gine001, Zahara fylle på ) => {inserted_id = 6132}
14:21:45 gine001 Gilad Nevo1 INSERTING data into tables `timetable` fields ( employee, customer, fkkn, type, date, time_from, time_to, status, created_status, alloc_emp, comment ) values ( , naom001, 1, 0, 2020-08-04, 16, 24, 0, , gine001, Zahara fylle på ) => {inserted_id = 6133}
14:21:45 gine001 Gilad Nevo1 INSERTING data into tables `timetable` fields ( employee, customer, fkkn, type, date, time_from, time_to, status, created_status, alloc_emp, comment ) values ( , naom001, 1, 0, 2020-08-11, 16, 24, 0, , gine001, Zahara fylle på ) => {inserted_id = 6134}
14:24:09 gine001 Gilad Nevo1 DELETE data from tables `timetable` on conditions id = 4142
14:24:19 gine001 Gilad Nevo1 UPDATING data to tables `timetable` fields ( customer, employee, date, time_from, time_to, fkkn, type, status, comment ) values (amom001, fasa004, 2020-06-12, 8.00, 14.00, 1, 0, 1, ) on conditions id = 6053
14:24:40 gine001 Gilad Nevo1 DELETE data from tables `timetable` on conditions id = 4051
14:24:41 gine001 Gilad Nevo1 DELETE data from tables `timetable` on conditions id = 4052
14:24:41 gine001 Gilad Nevo1 DELETE data from tables `timetable` on conditions id = 4054
14:24:41 gine001 Gilad Nevo1 DELETE data from tables `timetable` on conditions id = 4145
14:24:41 gine001 Gilad Nevo1 DELETE data from tables `timetable` on conditions id = 4147
14:24:41 gine001 Gilad Nevo1 DELETE data from tables `timetable` on conditions id = 4055
14:24:41 gine001 Gilad Nevo1 DELETE data from tables `timetable` on conditions id = 4056
14:25:05 gine001 Gilad Nevo1 UPDATING data to tables `timetable` fields ( status, employee, alloc_emp ) values (1, rute001, gine001) on conditions id = 6026
14:25:05 gine001 Gilad Nevo1 UPDATING data to tables `timetable` fields ( status, employee, alloc_emp ) values (1, rute001, gine001) on conditions id = 6035
14:25:05 gine001 Gilad Nevo1 UPDATING data to tables `timetable` fields ( status, employee, alloc_emp ) values (1, rute001, gine001) on conditions id = 6044
14:26:02 gine001 Gilad Nevo1 UPDATING data to tables `temp_session` fields ( details ) values (6090) on conditions username LIKE gine001 AND type = 1
14:26:09 gine001 Gilad Nevo1 INSERTING data into tables `timetable` fields ( employee, customer, fkkn, type, date, time_from, time_to, status, created_status, alloc_emp, comment, relation_id ) values ( , naom001, 1, 0, 2020-06-12, 10.00, 18.00, 0, , gine001, ,  ) => {inserted_id = 6135}
14:26:26 gine001 Gilad Nevo1 DELETE data from tables `timetable` on conditions id = 5735
14:26:26 gine001 Gilad Nevo1 DELETE data from tables `timetable` on conditions id = 5731
14:26:26 gine001 Gilad Nevo1 DELETE data from tables `timetable` on conditions id = 6090
14:26:38 gine001 Gilad Nevo1 UPDATING data to tables `timetable` fields ( customer, employee, date, time_from, time_to, fkkn, type, status, comment ) values (naom001, rute001, 2020-06-12, 10.00, 18.00, 1, 0, 1, ) on conditions id = 6135
14:26:58 zefe001 Zeid Feili UPDATING data to tables `time2vie_cirruscommon`.`ws_sessions` fields ( user_id ) values (zefe001) on conditions session_id = 4a6c218da611d594a54636b1fb819db0
14:27:16 zefe001 Zeid Feili UPDATING data to tables `time2vie_cirruscommon`.`ws_sessions` fields ( user_id ) values (zefe001) on conditions session_id = 4a6c218da611d594a54636b1fb819db0
14:28:52 gine001 Gilad Nevo1 DELETE data from tables `timetable` on conditions id = 4053
14:28:52 gine001 Gilad Nevo1 DELETE data from tables `timetable` on conditions id = 4152
14:29:13 gine001 Gilad Nevo1 DELETE data from tables `timetable` on conditions id = 4149
14:29:13 gine001 Gilad Nevo1 DELETE data from tables `timetable` on conditions id = 4155
14:29:27 gine001 Gilad Nevo1 UPDATING data to tables `timetable` fields ( status, employee, alloc_emp ) values (1, fasa004, gine001) on conditions id = 6018
14:29:27 gine001 Gilad Nevo1 UPDATING data to tables `timetable` fields ( status, employee, alloc_emp ) values (1, fasa004, gine001) on conditions id = 6027
14:29:27 gine001 Gilad Nevo1 UPDATING data to tables `timetable` fields ( status, employee, alloc_emp ) values (1, fasa004, gine001) on conditions id = 6036
14:29:27 gine001 Gilad Nevo1 UPDATING data to tables `timetable` fields ( status, employee, alloc_emp ) values (1, fasa004, gine001) on conditions id = 6045
14:29:43 gine001 Gilad Nevo1 UPDATING data to tables `timetable` fields ( status, employee, alloc_emp ) values (1, rute001, gine001) on conditions id = 6019
14:29:43 gine001 Gilad Nevo1 UPDATING data to tables `timetable` fields ( status, employee, alloc_emp ) values (1, rute001, gine001) on conditions id = 6028
14:30:29 gine001 Gilad Nevo1 DELETE data from tables `timetable` on conditions id = 4092
14:30:29 gine001 Gilad Nevo1 DELETE data from tables `timetable` on conditions id = 4093
14:30:29 gine001 Gilad Nevo1 DELETE data from tables `timetable` on conditions id = 4094
14:30:45 gine001 Gilad Nevo1 UPDATING data to tables `timetable` fields ( status, employee, alloc_emp ) values (1, rute001, gine001) on conditions id = 6037
14:30:45 gine001 Gilad Nevo1 UPDATING data to tables `timetable` fields ( status, employee, alloc_emp ) values (1, rute001, gine001) on conditions id = 6046
14:30:59 gine001 Gilad Nevo1 UPDATING data to tables `timetable` fields ( status, employee, alloc_emp ) values (1, fasa004, gine001) on conditions id = 6020
14:30:59 gine001 Gilad Nevo1 UPDATING data to tables `timetable` fields ( status, employee, alloc_emp ) values (1, fasa004, gine001) on conditions id = 6029
14:30:59 gine001 Gilad Nevo1 UPDATING data to tables `timetable` fields ( status, employee, alloc_emp ) values (1, fasa004, gine001) on conditions id = 6038
14:30:59 gine001 Gilad Nevo1 UPDATING data to tables `timetable` fields ( status, employee, alloc_emp ) values (1, fasa004, gine001) on conditions id = 6047
14:31:35 gine001 Gilad Nevo1 DELETE data from tables `timetable` on conditions id = 4095
14:31:35 gine001 Gilad Nevo1 DELETE data from tables `timetable` on conditions id = 4096
14:31:35 gine001 Gilad Nevo1 DELETE data from tables `timetable` on conditions id = 4097
14:31:35 gine001 Gilad Nevo1 DELETE data from tables `timetable` on conditions id = 4098
14:31:36 gine001 Gilad Nevo1 DELETE data from tables `timetable` on conditions id = 4099
14:31:36 gine001 Gilad Nevo1 DELETE data from tables `timetable` on conditions id = 4100
14:31:36 gine001 Gilad Nevo1 DELETE data from tables `timetable` on conditions id = 4101
14:31:36 gine001 Gilad Nevo1 DELETE data from tables `timetable` on conditions id = 4102
14:31:36 gine001 Gilad Nevo1 DELETE data from tables `timetable` on conditions id = 4103
14:31:36 gine001 Gilad Nevo1 DELETE data from tables `timetable` on conditions id = 4104
14:31:46 zefe001 Zeid Feili DELETE data from tables `temp_session` on conditions username LIKE zefe001
14:31:46 zefe001 Zeid Feili UPDATING data to tables `time2vie_cirruscommon`.`login` fields ( login, last_time ) values (0, 2020-06-11 14:31:46) on conditions username = zefe001
14:31:46 zefe001 Zeid Feili UPDATING data to tables `time2vie_cirruscommon`.`secondary_login` fields ( last_login_time ) values (2020-06-11 14:31:46) on conditions username = zefe001 AND company_id = 21
14:31:46   UPDATING data to tables `log_login` fields ( logout_time ) values (2020-06-11:12:31:46) on conditions id = 8883 AND username = zefe001
14:31:55 gine001 Gilad Nevo1 UPDATING data to tables `timetable` fields ( status, employee, alloc_emp ) values (1, rute001, gine001) on conditions id = 6021
14:31:55 gine001 Gilad Nevo1 UPDATING data to tables `timetable` fields ( status, employee, alloc_emp ) values (1, rute001, gine001) on conditions id = 6030
14:31:55 gine001 Gilad Nevo1 UPDATING data to tables `timetable` fields ( status, employee, alloc_emp ) values (1, rute001, gine001) on conditions id = 6039
14:31:55 gine001 Gilad Nevo1 UPDATING data to tables `timetable` fields ( status, employee, alloc_emp ) values (1, rute001, gine001) on conditions id = 6048
14:31:55 gine001 Gilad Nevo1 UPDATING data to tables `timetable` fields ( status, employee, alloc_emp ) values (1, rute001, gine001) on conditions id = 6023
14:31:55 gine001 Gilad Nevo1 UPDATING data to tables `timetable` fields ( status, employee, alloc_emp ) values (1, rute001, gine001) on conditions id = 6032
14:31:55 gine001 Gilad Nevo1 UPDATING data to tables `timetable` fields ( status, employee, alloc_emp ) values (1, rute001, gine001) on conditions id = 6041
14:31:55 gine001 Gilad Nevo1 UPDATING data to tables `timetable` fields ( status, employee, alloc_emp ) values (1, rute001, gine001) on conditions id = 6050
14:32:12 gine001 Gilad Nevo1 UPDATING data to tables `timetable` fields ( status, employee, alloc_emp ) values (1, fasa004, gine001) on conditions id = 6022
14:32:12 gine001 Gilad Nevo1 UPDATING data to tables `timetable` fields ( status, employee, alloc_emp ) values (1, fasa004, gine001) on conditions id = 6031
14:32:12 gine001 Gilad Nevo1 UPDATING data to tables `timetable` fields ( status, employee, alloc_emp ) values (1, fasa004, gine001) on conditions id = 6040
14:32:12 gine001 Gilad Nevo1 UPDATING data to tables `timetable` fields ( status, employee, alloc_emp ) values (1, fasa004, gine001) on conditions id = 6049
14:32:44 gine001 Gilad Nevo1 UPDATING data to tables `timetable` fields ( status, employee, alloc_emp ) values (1, fasa004, gine001) on conditions id = 6024
14:32:44 gine001 Gilad Nevo1 UPDATING data to tables `timetable` fields ( status, employee, alloc_emp ) values (1, fasa004, gine001) on conditions id = 6033
14:32:44 gine001 Gilad Nevo1 UPDATING data to tables `timetable` fields ( status, employee, alloc_emp ) values (1, fasa004, gine001) on conditions id = 6042
14:32:44 gine001 Gilad Nevo1 UPDATING data to tables `timetable` fields ( status, employee, alloc_emp ) values (1, fasa004, gine001) on conditions id = 6051
14:32:58 gine001 Gilad Nevo1 UPDATING data to tables `timetable` fields ( status, employee, alloc_emp ) values (1, rute001, gine001) on conditions id = 6025
14:32:58 gine001 Gilad Nevo1 UPDATING data to tables `timetable` fields ( status, employee, alloc_emp ) values (1, rute001, gine001) on conditions id = 6034
14:32:58 gine001 Gilad Nevo1 UPDATING data to tables `timetable` fields ( status, employee, alloc_emp ) values (1, rute001, gine001) on conditions id = 6043
14:32:58 gine001 Gilad Nevo1 UPDATING data to tables `timetable` fields ( status, employee, alloc_emp ) values (1, rute001, gine001) on conditions id = 6052
14:34:30 gine001 Gilad Nevo1 UPDATING data to tables `time2vie_cirruscommon`.`ws_sessions` fields ( user_id ) values (gine001) on conditions session_id = 9ea0d62b27e6e00113b314d30ff0c295
14:35:01 gine001 Gilad Nevo1 DELETE data from tables `timetable` on conditions id = 5664
14:35:02 gine001 Gilad Nevo1 DELETE data from tables `timetable` on conditions id = 5661
14:35:02 gine001 Gilad Nevo1 DELETE data from tables `timetable` on conditions id = 5682
14:35:02 gine001 Gilad Nevo1 DELETE data from tables `timetable` on conditions id = 5670
14:35:02 gine001 Gilad Nevo1 DELETE data from tables `timetable` on conditions id = 5683
14:35:02 gine001 Gilad Nevo1 DELETE data from tables `timetable` on conditions id = 5671
14:35:02 gine001 Gilad Nevo1 DELETE data from tables `timetable` on conditions id = 5684
14:35:02 gine001 Gilad Nevo1 DELETE data from tables `timetable` on conditions id = 5672
14:35:02 gine001 Gilad Nevo1 DELETE data from tables `timetable` on conditions id = 5685
14:35:02 gine001 Gilad Nevo1 DELETE data from tables `timetable` on conditions id = 5673
14:35:34 gine001 Gilad Nevo1 DELETE data from tables `timetable` on conditions id = 5665
14:35:34 gine001 Gilad Nevo1 DELETE data from tables `timetable` on conditions id = 5662
14:35:34 gine001 Gilad Nevo1 DELETE data from tables `timetable` on conditions id = 5686
14:35:34 gine001 Gilad Nevo1 DELETE data from tables `timetable` on conditions id = 5674
14:36:29 gine001 Gilad Nevo1 UPDATING data to tables `timetable` fields ( status, employee, alloc_emp ) values (1, fasa004, gine001) on conditions id = 6054
14:36:29 gine001 Gilad Nevo1 UPDATING data to tables `timetable` fields ( status, employee, alloc_emp ) values (1, fasa004, gine001) on conditions id = 6063
14:36:29 gine001 Gilad Nevo1 UPDATING data to tables `timetable` fields ( status, employee, alloc_emp ) values (1, fasa004, gine001) on conditions id = 6072
14:36:29 gine001 Gilad Nevo1 UPDATING data to tables `timetable` fields ( status, employee, alloc_emp ) values (1, fasa004, gine001) on conditions id = 6081
14:36:29 gine001 Gilad Nevo1 UPDATING data to tables `timetable` fields ( status, employee, alloc_emp ) values (1, fasa004, gine001) on conditions id = 6056
14:36:29 gine001 Gilad Nevo1 UPDATING data to tables `timetable` fields ( status, employee, alloc_emp ) values (1, fasa004, gine001) on conditions id = 6065
14:37:08 gine001 Gilad Nevo1 DELETE data from tables `timetable` on conditions id = 5691
14:37:08 gine001 Gilad Nevo1 DELETE data from tables `timetable` on conditions id = 5693
14:37:08 gine001 Gilad Nevo1 DELETE data from tables `timetable` on conditions id = 5736
14:37:08 gine001 Gilad Nevo1 DELETE data from tables `timetable` on conditions id = 5737
14:37:08 gine001 Gilad Nevo1 DELETE data from tables `timetable` on conditions id = 5738
14:37:08 gine001 Gilad Nevo1 DELETE data from tables `timetable` on conditions id = 5739
14:37:09 gine001 Gilad Nevo1 DELETE data from tables `timetable` on conditions id = 5740
14:37:09 gine001 Gilad Nevo1 DELETE data from tables `timetable` on conditions id = 5741
14:37:09 gine001 Gilad Nevo1 DELETE data from tables `timetable` on conditions id = 5742
14:37:09 gine001 Gilad Nevo1 DELETE data from tables `timetable` on conditions id = 5743
14:37:44 gine001 Gilad Nevo1 UPDATING data to tables `timetable` fields ( status, employee, alloc_emp ) values (1, rute001, gine001) on conditions id = 6055
14:37:44 gine001 Gilad Nevo1 UPDATING data to tables `timetable` fields ( status, employee, alloc_emp ) values (1, rute001, gine001) on conditions id = 6064
14:37:44 gine001 Gilad Nevo1 UPDATING data to tables `timetable` fields ( status, employee, alloc_emp ) values (1, rute001, gine001) on conditions id = 6073
14:37:44 gine001 Gilad Nevo1 UPDATING data to tables `timetable` fields ( status, employee, alloc_emp ) values (1, rute001, gine001) on conditions id = 6082
14:37:44 gine001 Gilad Nevo1 UPDATING data to tables `timetable` fields ( status, employee, alloc_emp ) values (1, rute001, gine001) on conditions id = 6091
14:41:39 gine001 Gilad Nevo1 UPDATING data to tables `timetable` fields ( status, employee, alloc_emp ) values (1, fasa004, gine001) on conditions id = 6058
14:41:39 gine001 Gilad Nevo1 UPDATING data to tables `timetable` fields ( status, employee, alloc_emp ) values (1, fasa004, gine001) on conditions id = 6067
14:41:39 gine001 Gilad Nevo1 UPDATING data to tables `timetable` fields ( status, employee, alloc_emp ) values (1, fasa004, gine001) on conditions id = 6076
14:41:39 gine001 Gilad Nevo1 UPDATING data to tables `timetable` fields ( status, employee, alloc_emp ) values (1, fasa004, gine001) on conditions id = 6085
14:41:39 gine001 Gilad Nevo1 UPDATING data to tables `timetable` fields ( status, employee, alloc_emp ) values (1, fasa004, gine001) on conditions id = 6094
14:42:33 gine001 Gilad Nevo1 DELETE data from tables `timetable` on conditions id = 5687
14:42:34 gine001 Gilad Nevo1 DELETE data from tables `timetable` on conditions id = 5675
14:42:34 gine001 Gilad Nevo1 DELETE data from tables `timetable` on conditions id = 5688
14:42:34 gine001 Gilad Nevo1 DELETE data from tables `timetable` on conditions id = 5676
14:42:34 gine001 Gilad Nevo1 DELETE data from tables `timetable` on conditions id = 5689
14:42:34 gine001 Gilad Nevo1 DELETE data from tables `timetable` on conditions id = 5677
14:42:58 gine001 Gilad Nevo1 UPDATING data to tables `timetable` fields ( status, employee, alloc_emp ) values (1, fasa004, gine001) on conditions id = 6074
14:42:58 gine001 Gilad Nevo1 UPDATING data to tables `timetable` fields ( status, employee, alloc_emp ) values (1, fasa004, gine001) on conditions id = 6083
14:42:58 gine001 Gilad Nevo1 UPDATING data to tables `timetable` fields ( status, employee, alloc_emp ) values (1, fasa004, gine001) on conditions id = 6092
14:44:26 gine001 Gilad Nevo1 UPDATING data to tables `timetable` fields ( status, employee, alloc_emp ) values (1, rute001, gine001) on conditions id = 6057
14:44:26 gine001 Gilad Nevo1 UPDATING data to tables `timetable` fields ( status, employee, alloc_emp ) values (1, rute001, gine001) on conditions id = 6066
14:44:26 gine001 Gilad Nevo1 UPDATING data to tables `timetable` fields ( status, employee, alloc_emp ) values (1, rute001, gine001) on conditions id = 6075
14:44:26 gine001 Gilad Nevo1 UPDATING data to tables `timetable` fields ( status, employee, alloc_emp ) values (1, rute001, gine001) on conditions id = 6084
14:44:26 gine001 Gilad Nevo1 UPDATING data to tables `timetable` fields ( status, employee, alloc_emp ) values (1, rute001, gine001) on conditions id = 6093
14:44:26 gine001 Gilad Nevo1 UPDATING data to tables `timetable` fields ( status, employee, alloc_emp ) values (1, rute001, gine001) on conditions id = 6059
14:44:26 gine001 Gilad Nevo1 UPDATING data to tables `timetable` fields ( status, employee, alloc_emp ) values (1, rute001, gine001) on conditions id = 6068
14:44:26 gine001 Gilad Nevo1 UPDATING data to tables `timetable` fields ( status, employee, alloc_emp ) values (1, rute001, gine001) on conditions id = 6077
14:44:26 gine001 Gilad Nevo1 UPDATING data to tables `timetable` fields ( status, employee, alloc_emp ) values (1, rute001, gine001) on conditions id = 6086
14:44:26 gine001 Gilad Nevo1 UPDATING data to tables `timetable` fields ( status, employee, alloc_emp ) values (1, rute001, gine001) on conditions id = 6095
14:44:45 gine001 Gilad Nevo1 UPDATING data to tables `timetable` fields ( status, employee, alloc_emp ) values (1, fasa004, gine001) on conditions id = 6060
14:44:45 gine001 Gilad Nevo1 UPDATING data to tables `timetable` fields ( status, employee, alloc_emp ) values (1, fasa004, gine001) on conditions id = 6069
14:44:45 gine001 Gilad Nevo1 UPDATING data to tables `timetable` fields ( status, employee, alloc_emp ) values (1, fasa004, gine001) on conditions id = 6078
14:44:45 gine001 Gilad Nevo1 UPDATING data to tables `timetable` fields ( status, employee, alloc_emp ) values (1, fasa004, gine001) on conditions id = 6087
14:44:45 gine001 Gilad Nevo1 UPDATING data to tables `timetable` fields ( status, employee, alloc_emp ) values (1, fasa004, gine001) on conditions id = 6096
14:47:04 gine001 Gilad Nevo1 UPDATING data to tables `timetable` fields ( status, employee, alloc_emp ) values (1, rute001, gine001) on conditions id = 6061
14:47:04 gine001 Gilad Nevo1 UPDATING data to tables `timetable` fields ( status, employee, alloc_emp ) values (1, rute001, gine001) on conditions id = 6070
14:47:04 gine001 Gilad Nevo1 UPDATING data to tables `timetable` fields ( status, employee, alloc_emp ) values (1, rute001, gine001) on conditions id = 6079
14:47:04 gine001 Gilad Nevo1 UPDATING data to tables `timetable` fields ( status, employee, alloc_emp ) values (1, rute001, gine001) on conditions id = 6088
14:47:04 gine001 Gilad Nevo1 UPDATING data to tables `timetable` fields ( status, employee, alloc_emp ) values (1, rute001, gine001) on conditions id = 6097
14:47:26 gine001 Gilad Nevo1 UPDATING data to tables `timetable` fields ( status, employee, alloc_emp ) values (1, fasa004, gine001) on conditions id = 6062
14:47:26 gine001 Gilad Nevo1 UPDATING data to tables `timetable` fields ( status, employee, alloc_emp ) values (1, fasa004, gine001) on conditions id = 6071
14:47:26 gine001 Gilad Nevo1 UPDATING data to tables `timetable` fields ( status, employee, alloc_emp ) values (1, fasa004, gine001) on conditions id = 6080
14:47:26 gine001 Gilad Nevo1 UPDATING data to tables `timetable` fields ( status, employee, alloc_emp ) values (1, fasa004, gine001) on conditions id = 6089
14:47:26 gine001 Gilad Nevo1 UPDATING data to tables `timetable` fields ( status, employee, alloc_emp ) values (1, fasa004, gine001) on conditions id = 6098
14:48:26 gine001 Gilad Nevo1 UPDATING data to tables `timetable` fields ( status, employee, alloc_emp ) values (1, zaid001, gine001) on conditions id = 6099
14:48:26 gine001 Gilad Nevo1 UPDATING data to tables `timetable` fields ( status, employee, alloc_emp ) values (1, zaid001, gine001) on conditions id = 6126
14:48:26 gine001 Gilad Nevo1 UPDATING data to tables `timetable` fields ( status, employee, alloc_emp ) values (1, zaid001, gine001) on conditions id = 6100
14:48:26 gine001 Gilad Nevo1 UPDATING data to tables `timetable` fields ( status, employee, alloc_emp ) values (1, zaid001, gine001) on conditions id = 6101
14:48:40 zefe001 Zeid Feili INSERTING data into tables `log_login` fields ( username, ip, browser ) values ( zefe001, 85.226.12.126, Mozilla/5.0 (Macintosh; Intel Mac OS X 10_11_6) AppleWebKit/537.36 (KHTML, like Gecko) Chrome/83.0.4103.97 Safari/537.36 ) => {inserted_id = 8887}
14:48:40 zefe001 Zeid Feili DELETE data from tables `temp_session` on conditions username LIKE zefe001
14:48:40 zefe001 Zeid Feili UPDATING data to tables `time2vie_cirruscommon`.`login` fields ( login, last_time ) values (1, 2020-06-11 14:48:40) on conditions username = zefe001
14:48:40 zefe001 Zeid Feili UPDATING data to tables `time2vie_cirruscommon`.`secondary_login` fields ( last_login_time ) values (2020-06-11 14:48:40) on conditions username = zefe001 AND company_id = 21
14:48:41 zefe001 Zeid Feili UPDATING data to tables `time2vie_cirruscommon`.`ws_sessions` fields ( user_id ) values (zefe001) on conditions session_id = 95e17fd94eaf9136e2df3c2f0078cfb3
14:48:46 gine001 Gilad Nevo1 UPDATING data to tables `timetable` fields ( customer, employee, date, time_from, time_to, fkkn, type, status, comment ) values (naom001, zaid001, 2020-06-16, 16.00, 20, 1, 0, 1, Zahara fylle på) on conditions id = 6126
14:49:10 gine001 Gilad Nevo1 UPDATING data to tables `timetable` fields ( status, employee, alloc_emp ) values (1, zaid001, gine001) on conditions id = 6102
14:49:10 gine001 Gilad Nevo1 UPDATING data to tables `timetable` fields ( status, employee, alloc_emp ) values (1, zaid001, gine001) on conditions id = 6103
14:49:49 gine001 Gilad Nevo1 UPDATING data to tables `timetable` fields ( status, employee, alloc_emp ) values (1, zaid001, gine001) on conditions id = 6104
14:49:49 gine001 Gilad Nevo1 UPDATING data to tables `timetable` fields ( status, employee, alloc_emp ) values (1, zaid001, gine001) on conditions id = 6105
14:50:11 gine001 Gilad Nevo1 UPDATING data to tables `timetable` fields ( customer, employee, date, time_from, time_to, fkkn, type, status, comment ) values (naom001, zaid001, 2020-06-16, 16.00, 19.29, 1, 0, 1, Zahara fylle på) on conditions id = 6126
14:50:32 gine001 Gilad Nevo1 DELETE data from tables `timetable` on conditions id = 6127
14:50:32 gine001 Gilad Nevo1 DELETE data from tables `timetable` on conditions id = 6128
14:51:04 gine001 Gilad Nevo1 UPDATING data to tables `timetable` fields ( status, employee, alloc_emp ) values (1, zaid001, gine001) on conditions id = 6106
14:51:04 gine001 Gilad Nevo1 UPDATING data to tables `timetable` fields ( status, employee, alloc_emp ) values (1, zaid001, gine001) on conditions id = 6107
14:51:04 gine001 Gilad Nevo1 UPDATING data to tables `timetable` fields ( status, employee, alloc_emp ) values (1, zaid001, gine001) on conditions id = 6108
14:51:04 gine001 Gilad Nevo1 UPDATING data to tables `timetable` fields ( status, employee, alloc_emp ) values (1, zaid001, gine001) on conditions id = 6129
14:51:04 gine001 Gilad Nevo1 UPDATING data to tables `timetable` fields ( status, employee, alloc_emp ) values (1, zaid001, gine001) on conditions id = 6109
14:51:04 gine001 Gilad Nevo1 UPDATING data to tables `timetable` fields ( status, employee, alloc_emp ) values (1, zaid001, gine001) on conditions id = 6110
14:51:04 gine001 Gilad Nevo1 UPDATING data to tables `timetable` fields ( status, employee, alloc_emp ) values (1, zaid001, gine001) on conditions id = 6111
14:51:04 gine001 Gilad Nevo1 UPDATING data to tables `timetable` fields ( status, employee, alloc_emp ) values (1, zaid001, gine001) on conditions id = 6130
14:51:04 gine001 Gilad Nevo1 UPDATING data to tables `timetable` fields ( status, employee, alloc_emp ) values (1, zaid001, gine001) on conditions id = 6112
14:51:04 gine001 Gilad Nevo1 UPDATING data to tables `timetable` fields ( status, employee, alloc_emp ) values (1, zaid001, gine001) on conditions id = 6113
14:51:04 gine001 Gilad Nevo1 UPDATING data to tables `timetable` fields ( status, employee, alloc_emp ) values (1, zaid001, gine001) on conditions id = 6114
14:51:04 gine001 Gilad Nevo1 UPDATING data to tables `timetable` fields ( status, employee, alloc_emp ) values (1, zaid001, gine001) on conditions id = 6131
14:51:04 gine001 Gilad Nevo1 UPDATING data to tables `timetable` fields ( status, employee, alloc_emp ) values (1, zaid001, gine001) on conditions id = 6115
14:51:04 gine001 Gilad Nevo1 UPDATING data to tables `timetable` fields ( status, employee, alloc_emp ) values (1, zaid001, gine001) on conditions id = 6116
14:51:04 gine001 Gilad Nevo1 UPDATING data to tables `timetable` fields ( status, employee, alloc_emp ) values (1, zaid001, gine001) on conditions id = 6117
14:51:04 gine001 Gilad Nevo1 UPDATING data to tables `timetable` fields ( status, employee, alloc_emp ) values (1, zaid001, gine001) on conditions id = 6132
14:51:04 gine001 Gilad Nevo1 UPDATING data to tables `timetable` fields ( status, employee, alloc_emp ) values (1, zaid001, gine001) on conditions id = 6118
14:51:04 gine001 Gilad Nevo1 UPDATING data to tables `timetable` fields ( status, employee, alloc_emp ) values (1, zaid001, gine001) on conditions id = 6119
14:51:35 gine001 Gilad Nevo1 UPDATING data to tables `temp_session` fields ( details ) values (5754,5755) on conditions username LIKE gine001 AND type = 1
14:51:42 gine001 Gilad Nevo1 INSERTING data into tables `timetable` fields ( employee, customer, fkkn, type, date, time_from, time_to, status, created_status, alloc_emp, comment, relation_id ) values ( zaid001, naom001, 1, 0, 2020-07-11, 6.00, 12.00, 1, , gine001, ,  ), ( zaid001, naom001, 1, 0, 2020-07-12, 6.00, 12.00, 1, , gine001, ,  ) => {inserted_id = 6136}
14:52:00 gine001 Gilad Nevo1 INSERTING data into tables `timetable` fields ( employee, customer, fkkn, type, date, time_from, time_to, status, created_status, alloc_emp, comment, relation_id ) values ( zaid001, naom001, 1, 0, 2020-07-18, 6.00, 12.00, 1, , gine001, ,  ), ( zaid001, naom001, 1, 0, 2020-07-19, 6.00, 12.00, 1, , gine001, ,  ) => {inserted_id = 6138}
14:52:11 gine001 Gilad Nevo1 INSERTING data into tables `timetable` fields ( employee, customer, fkkn, type, date, time_from, time_to, status, created_status, alloc_emp, comment, relation_id ) values ( zaid001, naom001, 1, 0, 2020-07-25, 6.00, 12.00, 1, , gine001, ,  ), ( zaid001, naom001, 1, 0, 2020-07-26, 6.00, 12.00, 1, , gine001, ,  ) => {inserted_id = 6140}
14:52:26 gine001 Gilad Nevo1 INSERTING data into tables `timetable` fields ( employee, customer, fkkn, type, date, time_from, time_to, status, created_status, alloc_emp, comment, relation_id ) values ( zaid001, naom001, 1, 0, 2020-08-01, 6.00, 12.00, 1, , gine001, ,  ), ( zaid001, naom001, 1, 0, 2020-08-02, 6.00, 12.00, 1, , gine001, ,  ) => {inserted_id = 6142}
14:52:50 gine001 Gilad Nevo1 UPDATING data to tables `temp_session` fields ( details ) values (5764,5765) on conditions username LIKE gine001 AND type = 1
14:53:01 gine001 Gilad Nevo1 INSERTING data into tables `timetable` fields ( employee, customer, fkkn, type, date, time_from, time_to, status, created_status, alloc_emp, comment, relation_id ) values ( absa003, naom001, 1, 0, 2020-07-11, 9.00, 22.00, 1, , gine001, ,  ), ( absa003, naom001, 1, 0, 2020-07-12, 9.00, 22.00, 1, , gine001, ,  ) => {inserted_id = 6144}
14:53:10 gine001 Gilad Nevo1 INSERTING data into tables `timetable` fields ( employee, customer, fkkn, type, date, time_from, time_to, status, created_status, alloc_emp, comment, relation_id ) values ( absa003, naom001, 1, 0, 2020-07-18, 9.00, 22.00, 1, , gine001, ,  ), ( absa003, naom001, 1, 0, 2020-07-19, 9.00, 22.00, 1, , gine001, ,  ) => {inserted_id = 6146}
14:53:20 gine001 Gilad Nevo1 INSERTING data into tables `timetable` fields ( employee, customer, fkkn, type, date, time_from, time_to, status, created_status, alloc_emp, comment, relation_id ) values ( absa003, naom001, 1, 0, 2020-07-25, 9.00, 22.00, 1, , gine001, ,  ), ( absa003, naom001, 1, 0, 2020-07-26, 9.00, 22.00, 1, , gine001, ,  ) => {inserted_id = 6148}
14:53:49 gine001 Gilad Nevo1 UPDATING data to tables `timetable` fields ( customer, employee, date, time_from, time_to, fkkn, type, status, comment ) values (naom001, zaid001, 2020-07-28, 16.00, 23.20, 1, 0, 1, Zahara fylle på) on conditions id = 6132
14:54:09 gine001 Gilad Nevo1 UPDATING data to tables `timetable` fields ( customer, employee, date, time_from, time_to, fkkn, type, status, comment ) values (naom001, zaid001, 2020-07-28, 16.00, 23.28, 1, 0, 1, Zahara fylle på) on conditions id = 6132
14:54:25 gine001 Gilad Nevo1 UPDATING data to tables `timetable` fields ( customer, employee, date, time_from, time_to, fkkn, type, status, comment ) values (naom001, zaid001, 2020-07-28, 16.00, 23.30, 1, 0, 1, Zahara fylle på) on conditions id = 6132
14:54:54 gine001 Gilad Nevo1 UPDATING data to tables `timetable` fields ( customer, employee, date, time_from, time_to, fkkn, type, status, comment ) values (naom001, fasa004, 2020-07-27, 10.59, 20.00, 1, 0, 1, ) on conditions id = 6060
14:55:19 gine001 Gilad Nevo1 UPDATING data to tables `timetable` fields ( customer, employee, date, time_from, time_to, fkkn, type, status, comment ) values (naom001, fasa004, 2020-07-27, 11, 20.00, 1, 0, 1, ) on conditions id = 6060
14:55:41 gine001 Gilad Nevo1 INSERTING data into tables `timetable` fields ( employee, customer, fkkn, type, date, time_from, time_to, status, created_status, alloc_emp, comment, relation_id ) values ( absa003, naom001, 1, 0, 2020-08-08, 9.00, 22.00, 1, , gine001, ,  ), ( absa003, naom001, 1, 0, 2020-08-09, 9.00, 22.00, 1, , gine001, ,  ) => {inserted_id = 6150}
14:55:49 gine001 Gilad Nevo1 INSERTING data into tables `timetable` fields ( employee, customer, fkkn, type, date, time_from, time_to, status, created_status, alloc_emp, comment, relation_id ) values ( absa003, naom001, 1, 0, 2020-08-01, 9.00, 22.00, 1, , gine001, ,  ), ( absa003, naom001, 1, 0, 2020-08-02, 9.00, 22.00, 1, , gine001, ,  ) => {inserted_id = 6152}
14:55:57 gine001 Gilad Nevo1 INSERTING data into tables `timetable` fields ( employee, customer, fkkn, type, date, time_from, time_to, status, created_status, alloc_emp, comment, relation_id ) values ( absa003, naom001, 1, 0, 2020-08-15, 9.00, 22.00, 1, , gine001, ,  ), ( absa003, naom001, 1, 0, 2020-08-16, 9.00, 22.00, 1, , gine001, ,  ) => {inserted_id = 6154}
14:57:20 gine001 Gilad Nevo1 INSERTING data into tables `timetable` fields ( employee, customer, fkkn, type, date, time_from, time_to, status, created_status, alloc_emp, comment, relation_id ) values ( absa003, naom001, 1, 0, 2020-09-12, 9.00, 22.00, 1, , gine001, ,  ), ( absa003, naom001, 1, 0, 2020-09-13, 9.00, 22.00, 1, , gine001, ,  ), ( absa003, naom001, 1, 0, 2020-09-19, 9.00, 22.00, 1, , gine001, ,  ), ( absa003, naom001, 1, 0, 2020-09-20, 9.00, 22.00, 1, , gine001, ,  ), ( absa003, naom001, 1, 0, 2020-09-26, 9.00, 22.00, 1, , gine001, ,  ), ( absa003, naom001, 1, 0, 2020-09-27, 9.00, 22.00, 1, , gine001, ,  ) => {inserted_id = 6156}
14:58:58 gine001 Gilad Nevo1 INSERTING data into tables `timetable` fields ( employee, customer, fkkn, type, date, time_from, time_to, status, created_status, alloc_emp, comment, relation_id ) values ( absa003, naom001, 1, 0, 2020-08-22, 9.00, 22.00, 1, , gine001, ,  ), ( absa003, naom001, 1, 0, 2020-08-23, 9.00, 22.00, 1, , gine001, ,  ) => {inserted_id = 6162}
15:00:22 gine001 Gilad Nevo1 INSERTING data into tables `timetable` fields ( employee, customer, fkkn, type, date, time_from, time_to, status, created_status, alloc_emp, comment, relation_id ) values ( zaid001, naom001, 1, 0, 2020-08-10, 8.00, 10.00, 1, , gine001, ,  ), ( zaid001, naom001, 1, 0, 2020-08-11, 16.00, 23.30, 1, , gine001, ,  ), ( zaid001, naom001, 1, 0, 2020-08-13, 8.00, 10.00, 1, , gine001, ,  ), ( zaid001, naom001, 1, 0, 2020-08-14, 8.00, 10.00, 1, , gine001, ,  ) => {inserted_id = 6164}
15:02:35 gine001 Gilad Nevo1 UPDATING data to tables `timetable` fields ( status, employee, alloc_emp ) values (1, zaid001, gine001) on conditions id = 6120
15:02:35 gine001 Gilad Nevo1 UPDATING data to tables `timetable` fields ( status, employee, alloc_emp ) values (1, zaid001, gine001) on conditions id = 6133
15:02:35 gine001 Gilad Nevo1 UPDATING data to tables `timetable` fields ( status, employee, alloc_emp ) values (1, zaid001, gine001) on conditions id = 6121
15:02:35 gine001 Gilad Nevo1 UPDATING data to tables `timetable` fields ( status, employee, alloc_emp ) values (1, zaid001, gine001) on conditions id = 6122
15:02:56 gine001 Gilad Nevo1 UPDATING data to tables `temp_session` fields ( details ) values (6123,6134,6124,6125) on conditions username LIKE gine001 AND type = 1
15:03:03 gine001 Gilad Nevo1 INSERTING data into tables `timetable` fields ( employee, customer, fkkn, type, date, time_from, time_to, status, created_status, alloc_emp, comment, relation_id ) values ( , naom001, 1, 0, 2020-08-17, 8.00, 10.00, 0, , gine001, ,  ), ( , naom001, 1, 0, 2020-08-18, 16.00, 24.00, 0, , gine001, ,  ), ( , naom001, 1, 0, 2020-08-20, 8.00, 10.00, 0, , gine001, ,  ), ( , naom001, 1, 0, 2020-08-21, 8.00, 10.00, 0, , gine001, ,  ) => {inserted_id = 6168}
15:03:18 gine001 Gilad Nevo1 DELETE data from tables `timetable` on conditions id = 6123
15:03:18 gine001 Gilad Nevo1 DELETE data from tables `timetable` on conditions id = 6134
15:03:18 gine001 Gilad Nevo1 DELETE data from tables `timetable` on conditions id = 6124
15:03:18 gine001 Gilad Nevo1 DELETE data from tables `timetable` on conditions id = 6125
15:06:02 gine001 Gilad Nevo1 INSERTING data into tables `timetable` fields ( employee, customer, fkkn, type, date, time_from, time_to, status, created_status, alloc_emp, comment ) values ( , amom001, 1, 0, 2020-06-15, 7, 10, 0, , gine001, Zahara fyller på ) => {inserted_id = 6172}
15:06:02 gine001 Gilad Nevo1 INSERTING data into tables `timetable` fields ( employee, customer, fkkn, type, date, time_from, time_to, status, created_status, alloc_emp, comment ) values ( , amom001, 1, 0, 2020-06-17, 7, 10, 0, , gine001, Zahara fyller på ) => {inserted_id = 6173}
15:06:02 gine001 Gilad Nevo1 INSERTING data into tables `timetable` fields ( employee, customer, fkkn, type, date, time_from, time_to, status, created_status, alloc_emp, comment ) values ( , amom001, 1, 0, 2020-06-19, 7, 10, 0, , gine001, Zahara fyller på ) => {inserted_id = 6174}
15:06:02 gine001 Gilad Nevo1 INSERTING data into tables `timetable` fields ( employee, customer, fkkn, type, date, time_from, time_to, status, created_status, alloc_emp, comment ) values ( , amom001, 1, 0, 2020-06-22, 7, 10, 0, , gine001, Zahara fyller på ) => {inserted_id = 6175}
15:06:02 gine001 Gilad Nevo1 INSERTING data into tables `timetable` fields ( employee, customer, fkkn, type, date, time_from, time_to, status, created_status, alloc_emp, comment ) values ( , amom001, 1, 0, 2020-06-24, 7, 10, 0, , gine001, Zahara fyller på ) => {inserted_id = 6176}
15:06:02 gine001 Gilad Nevo1 INSERTING data into tables `timetable` fields ( employee, customer, fkkn, type, date, time_from, time_to, status, created_status, alloc_emp, comment ) values ( , amom001, 1, 0, 2020-06-26, 7, 10, 0, , gine001, Zahara fyller på ) => {inserted_id = 6177}
15:06:02 gine001 Gilad Nevo1 INSERTING data into tables `timetable` fields ( employee, customer, fkkn, type, date, time_from, time_to, status, created_status, alloc_emp, comment ) values ( , amom001, 1, 0, 2020-06-29, 7, 10, 0, , gine001, Zahara fyller på ) => {inserted_id = 6178}
15:06:02 gine001 Gilad Nevo1 INSERTING data into tables `timetable` fields ( employee, customer, fkkn, type, date, time_from, time_to, status, created_status, alloc_emp, comment ) values ( , amom001, 1, 0, 2020-07-01, 7, 10, 0, , gine001, Zahara fyller på ) => {inserted_id = 6179}
15:06:02 gine001 Gilad Nevo1 INSERTING data into tables `timetable` fields ( employee, customer, fkkn, type, date, time_from, time_to, status, created_status, alloc_emp, comment ) values ( , amom001, 1, 0, 2020-07-03, 7, 10, 0, , gine001, Zahara fyller på ) => {inserted_id = 6180}
15:06:02 gine001 Gilad Nevo1 INSERTING data into tables `timetable` fields ( employee, customer, fkkn, type, date, time_from, time_to, status, created_status, alloc_emp, comment ) values ( , amom001, 1, 0, 2020-07-06, 7, 10, 0, , gine001, Zahara fyller på ) => {inserted_id = 6181}
15:06:02 gine001 Gilad Nevo1 INSERTING data into tables `timetable` fields ( employee, customer, fkkn, type, date, time_from, time_to, status, created_status, alloc_emp, comment ) values ( , amom001, 1, 0, 2020-07-08, 7, 10, 0, , gine001, Zahara fyller på ) => {inserted_id = 6182}
15:06:02 gine001 Gilad Nevo1 INSERTING data into tables `timetable` fields ( employee, customer, fkkn, type, date, time_from, time_to, status, created_status, alloc_emp, comment ) values ( , amom001, 1, 0, 2020-07-10, 7, 10, 0, , gine001, Zahara fyller på ) => {inserted_id = 6183}
15:06:02 gine001 Gilad Nevo1 INSERTING data into tables `timetable` fields ( employee, customer, fkkn, type, date, time_from, time_to, status, created_status, alloc_emp, comment ) values ( , amom001, 1, 0, 2020-07-13, 7, 10, 0, , gine001, Zahara fyller på ) => {inserted_id = 6184}
15:06:02 gine001 Gilad Nevo1 INSERTING data into tables `timetable` fields ( employee, customer, fkkn, type, date, time_from, time_to, status, created_status, alloc_emp, comment ) values ( , amom001, 1, 0, 2020-07-15, 7, 10, 0, , gine001, Zahara fyller på ) => {inserted_id = 6185}
15:06:02 gine001 Gilad Nevo1 INSERTING data into tables `timetable` fields ( employee, customer, fkkn, type, date, time_from, time_to, status, created_status, alloc_emp, comment ) values ( , amom001, 1, 0, 2020-07-17, 7, 10, 0, , gine001, Zahara fyller på ) => {inserted_id = 6186}
15:06:02 gine001 Gilad Nevo1 INSERTING data into tables `timetable` fields ( employee, customer, fkkn, type, date, time_from, time_to, status, created_status, alloc_emp, comment ) values ( , amom001, 1, 0, 2020-07-20, 7, 10, 0, , gine001, Zahara fyller på ) => {inserted_id = 6187}
15:06:02 gine001 Gilad Nevo1 INSERTING data into tables `timetable` fields ( employee, customer, fkkn, type, date, time_from, time_to, status, created_status, alloc_emp, comment ) values ( , amom001, 1, 0, 2020-07-22, 7, 10, 0, , gine001, Zahara fyller på ) => {inserted_id = 6188}
15:06:02 gine001 Gilad Nevo1 INSERTING data into tables `timetable` fields ( employee, customer, fkkn, type, date, time_from, time_to, status, created_status, alloc_emp, comment ) values ( , amom001, 1, 0, 2020-07-24, 7, 10, 0, , gine001, Zahara fyller på ) => {inserted_id = 6189}
15:06:02 gine001 Gilad Nevo1 INSERTING data into tables `timetable` fields ( employee, customer, fkkn, type, date, time_from, time_to, status, created_status, alloc_emp, comment ) values ( , amom001, 1, 0, 2020-07-27, 7, 10, 0, , gine001, Zahara fyller på ) => {inserted_id = 6190}
15:06:02 gine001 Gilad Nevo1 INSERTING data into tables `timetable` fields ( employee, customer, fkkn, type, date, time_from, time_to, status, created_status, alloc_emp, comment ) values ( , amom001, 1, 0, 2020-07-29, 7, 10, 0, , gine001, Zahara fyller på ) => {inserted_id = 6191}
15:06:02 gine001 Gilad Nevo1 INSERTING data into tables `timetable` fields ( employee, customer, fkkn, type, date, time_from, time_to, status, created_status, alloc_emp, comment ) values ( , amom001, 1, 0, 2020-07-31, 7, 10, 0, , gine001, Zahara fyller på ) => {inserted_id = 6192}
15:06:02 gine001 Gilad Nevo1 INSERTING data into tables `timetable` fields ( employee, customer, fkkn, type, date, time_from, time_to, status, created_status, alloc_emp, comment ) values ( , amom001, 1, 0, 2020-08-03, 7, 10, 0, , gine001, Zahara fyller på ) => {inserted_id = 6193}
15:06:02 gine001 Gilad Nevo1 INSERTING data into tables `timetable` fields ( employee, customer, fkkn, type, date, time_from, time_to, status, created_status, alloc_emp, comment ) values ( , amom001, 1, 0, 2020-08-05, 7, 10, 0, , gine001, Zahara fyller på ) => {inserted_id = 6194}
15:06:02 gine001 Gilad Nevo1 INSERTING data into tables `timetable` fields ( employee, customer, fkkn, type, date, time_from, time_to, status, created_status, alloc_emp, comment ) values ( , amom001, 1, 0, 2020-08-07, 7, 10, 0, , gine001, Zahara fyller på ) => {inserted_id = 6195}
15:06:02 gine001 Gilad Nevo1 INSERTING data into tables `timetable` fields ( employee, customer, fkkn, type, date, time_from, time_to, status, created_status, alloc_emp, comment ) values ( , amom001, 1, 0, 2020-08-10, 7, 10, 0, , gine001, Zahara fyller på ) => {inserted_id = 6196}
15:06:02 gine001 Gilad Nevo1 INSERTING data into tables `timetable` fields ( employee, customer, fkkn, type, date, time_from, time_to, status, created_status, alloc_emp, comment ) values ( , amom001, 1, 0, 2020-08-12, 7, 10, 0, , gine001, Zahara fyller på ) => {inserted_id = 6197}
15:06:02 gine001 Gilad Nevo1 INSERTING data into tables `timetable` fields ( employee, customer, fkkn, type, date, time_from, time_to, status, created_status, alloc_emp, comment ) values ( , amom001, 1, 0, 2020-08-14, 7, 10, 0, , gine001, Zahara fyller på ) => {inserted_id = 6198}
15:08:11 gine001 Gilad Nevo1 UPDATING data to tables `timetable` fields ( status, employee, alloc_emp ) values (1, zaid001, gine001) on conditions id = 6172
15:08:11 gine001 Gilad Nevo1 UPDATING data to tables `timetable` fields ( status, employee, alloc_emp ) values (1, zaid001, gine001) on conditions id = 6173
15:08:11 gine001 Gilad Nevo1 UPDATING data to tables `timetable` fields ( status, employee, alloc_emp ) values (1, zaid001, gine001) on conditions id = 6175
15:08:11 gine001 Gilad Nevo1 UPDATING data to tables `timetable` fields ( status, employee, alloc_emp ) values (1, zaid001, gine001) on conditions id = 6176
15:09:54 gine001 Gilad Nevo1 UPDATING data to tables `timetable` fields ( date ) values (2020-06-16) on conditions id = 6174
15:09:59 gine001 Gilad Nevo1 UPDATING data to tables `timetable` fields ( date ) values (2020-06-23) on conditions id = 6177
15:10:38 gine001 Gilad Nevo1 UPDATING data to tables `timetable` fields ( date ) values (2020-06-30) on conditions id = 6174
15:10:47 gine001 Gilad Nevo1 UPDATING data to tables `timetable` fields ( status, employee, alloc_emp ) values (1, zaid001, gine001) on conditions id = 6177
15:10:47 gine001 Gilad Nevo1 UPDATING data to tables `timetable` fields ( status, employee, alloc_emp ) values (1, zaid001, gine001) on conditions id = 6174
15:22:39 fasa004 Fatima Saleh Abubaker UPDATING data to tables `time2vie_cirruscommon`.`secondary_login` fields ( error ) values (0) on conditions username = fasa004 AND company_id = 21
15:22:39 fasa004 Fatima Saleh Abubaker INSERTING data into tables `log_login` fields ( username, ip, browser ) values ( fasa004, 85.224.30.125, okhttp/3.9.1 ) => {inserted_id = 8888}
15:22:39 fasa004 Fatima Saleh Abubaker DELETE data from tables `temp_session` on conditions username LIKE fasa004
15:22:39 fasa004 Fatima Saleh Abubaker UPDATING data to tables `time2vie_cirruscommon`.`login` fields ( login, last_time ) values (1, 2020-06-11 15:22:39) on conditions username = fasa004
15:22:39 fasa004 Fatima Saleh Abubaker UPDATING data to tables `time2vie_cirruscommon`.`secondary_login` fields ( last_login_time ) values (2020-06-11 15:22:39) on conditions username = fasa004 AND company_id = 21
16:00:20 rute001 Ruta Teklehaimanot UPDATING data to tables `time2vie_cirruscommon`.`secondary_login` fields ( error ) values (0) on conditions username = rute001 AND company_id = 21
16:00:20 rute001 Ruta Teklehaimanot INSERTING data into tables `log_login` fields ( username, ip, browser ) values ( rute001, 77.218.253.26, okhttp/3.9.1 ) => {inserted_id = 8889}
16:00:20 rute001 Ruta Teklehaimanot DELETE data from tables `temp_session` on conditions username LIKE rute001
16:00:20 rute001 Ruta Teklehaimanot UPDATING data to tables `time2vie_cirruscommon`.`login` fields ( login, last_time ) values (1, 2020-06-11 16:00:20) on conditions username = rute001
16:00:20 rute001 Ruta Teklehaimanot UPDATING data to tables `time2vie_cirruscommon`.`secondary_login` fields ( last_login_time ) values (2020-06-11 16:00:20) on conditions username = rute001 AND company_id = 21
17:01:25 fasa004 Fatima Saleh Abubaker UPDATING data to tables `time2vie_cirruscommon`.`secondary_login` fields ( error ) values (0) on conditions username = fasa004 AND company_id = 21
17:01:25 fasa004 Fatima Saleh Abubaker INSERTING data into tables `log_login` fields ( username, ip, browser ) values ( fasa004, 85.224.30.125, okhttp/3.9.1 ) => {inserted_id = 8890}
17:01:25 fasa004 Fatima Saleh Abubaker DELETE data from tables `temp_session` on conditions username LIKE fasa004
17:01:25 fasa004 Fatima Saleh Abubaker UPDATING data to tables `time2vie_cirruscommon`.`login` fields ( login, last_time ) values (1, 2020-06-11 17:01:25) on conditions username = fasa004
17:01:25 fasa004 Fatima Saleh Abubaker UPDATING data to tables `time2vie_cirruscommon`.`secondary_login` fields ( last_login_time ) values (2020-06-11 17:01:25) on conditions username = fasa004 AND company_id = 21
17:17:12 rute001 Ruta Teklehaimanot UPDATING data to tables `time2vie_cirruscommon`.`secondary_login` fields ( error ) values (0) on conditions username = rute001 AND company_id = 21
17:17:12 rute001 Ruta Teklehaimanot INSERTING data into tables `log_login` fields ( username, ip, browser ) values ( rute001, 85.224.30.125, okhttp/3.9.1 ) => {inserted_id = 8891}
17:17:12 rute001 Ruta Teklehaimanot DELETE data from tables `temp_session` on conditions username LIKE rute001
17:17:12 rute001 Ruta Teklehaimanot UPDATING data to tables `time2vie_cirruscommon`.`login` fields ( login, last_time ) values (1, 2020-06-11 17:17:12) on conditions username = rute001
17:17:12 rute001 Ruta Teklehaimanot UPDATING data to tables `time2vie_cirruscommon`.`secondary_login` fields ( last_login_time ) values (2020-06-11 17:17:12) on conditions username = rute001 AND company_id = 21
17:27:22 fasa004 Fatima Saleh Abubaker DELETE data from tables `temp_session` on conditions username LIKE fasa004 #Mobile-App: Log-id=8890
17:27:22 fasa004 Fatima Saleh Abubaker UPDATING data to tables `time2vie_cirruscommon`.`login` fields ( login, last_time ) values (0, 2020-06-11 17:27:22) on conditions username = fasa004 #Mobile-App: Log-id=8890
17:27:22 fasa004 Fatima Saleh Abubaker UPDATING data to tables `time2vie_cirruscommon`.`secondary_login` fields ( last_login_time ) values (2020-06-11 17:27:22) on conditions username = fasa004 AND company_id = 21 #Mobile-App: Log-id=8890
17:27:23 fasa004 Fatima Saleh Abubaker DELETE data from tables `time2vie_cirruscommon`.`push_notify_tokens` on conditions user_id = fasa004 AND fcm_token = f16te4TTTVw:APA91bF9gWwXmHibqaHYGZsfUExYmQzE6MERuGwp98HS7SDLTozqMOuhQGtVUQFtViL99u_T3cyoytTDLi7hsNQWPGVbH2Qw9kC-2KQYUXPD1fKyeJGMIjhp9ALGzgllJr3S3Zkdai9J #Mobile-App: Log-id=8890
18:19:56 rute001 Ruta Teklehaimanot UPDATING data to tables `time2vie_cirruscommon`.`secondary_login` fields ( error ) values (0) on conditions username = rute001 AND company_id = 21
18:19:56 rute001 Ruta Teklehaimanot INSERTING data into tables `log_login` fields ( username, ip, browser ) values ( rute001, 85.224.30.125, okhttp/3.9.1 ) => {inserted_id = 8892}
18:19:56 rute001 Ruta Teklehaimanot DELETE data from tables `temp_session` on conditions username LIKE rute001
18:19:56 rute001 Ruta Teklehaimanot UPDATING data to tables `time2vie_cirruscommon`.`login` fields ( login, last_time ) values (1, 2020-06-11 18:19:56) on conditions username = rute001
18:19:56 rute001 Ruta Teklehaimanot UPDATING data to tables `time2vie_cirruscommon`.`secondary_login` fields ( last_login_time ) values (2020-06-11 18:19:56) on conditions username = rute001 AND company_id = 21
18:21:41 fasa004 Fatima Saleh Abubaker UPDATING data to tables `time2vie_cirruscommon`.`secondary_login` fields ( error ) values (0) on conditions username = fasa004 AND company_id = 21
18:21:41 fasa004 Fatima Saleh Abubaker INSERTING data into tables `log_login` fields ( username, ip, browser ) values ( fasa004, 85.224.30.125, okhttp/3.9.1 ) => {inserted_id = 8893}
18:21:41 fasa004 Fatima Saleh Abubaker DELETE data from tables `temp_session` on conditions username LIKE fasa004
18:21:41 fasa004 Fatima Saleh Abubaker UPDATING data to tables `time2vie_cirruscommon`.`login` fields ( login, last_time ) values (1, 2020-06-11 18:21:41) on conditions username = fasa004
18:21:41 fasa004 Fatima Saleh Abubaker UPDATING data to tables `time2vie_cirruscommon`.`secondary_login` fields ( last_login_time ) values (2020-06-11 18:21:41) on conditions username = fasa004 AND company_id = 21
19:17:56 fasa004 Fatima Saleh Abubaker UPDATING data to tables `time2vie_cirruscommon`.`secondary_login` fields ( error ) values (0) on conditions username = fasa004 AND company_id = 21
19:17:56 fasa004 Fatima Saleh Abubaker INSERTING data into tables `log_login` fields ( username, ip, browser ) values ( fasa004, 78.71.21.85, okhttp/3.9.1 ) => {inserted_id = 8894}
19:17:56 fasa004 Fatima Saleh Abubaker DELETE data from tables `temp_session` on conditions username LIKE fasa004
19:17:56 fasa004 Fatima Saleh Abubaker UPDATING data to tables `time2vie_cirruscommon`.`login` fields ( login, last_time ) values (1, 2020-06-11 19:17:56) on conditions username = fasa004
19:17:56 fasa004 Fatima Saleh Abubaker UPDATING data to tables `time2vie_cirruscommon`.`secondary_login` fields ( last_login_time ) values (2020-06-11 19:17:56) on conditions username = fasa004 AND company_id = 21
20:12:11 rute001 Ruta Teklehaimanot UPDATING data to tables `time2vie_cirruscommon`.`secondary_login` fields ( error ) values (0) on conditions username = rute001 AND company_id = 21
20:12:11 rute001 Ruta Teklehaimanot INSERTING data into tables `log_login` fields ( username, ip, browser ) values ( rute001, 85.224.30.125, okhttp/3.9.1 ) => {inserted_id = 8895}
20:12:11 rute001 Ruta Teklehaimanot DELETE data from tables `temp_session` on conditions username LIKE rute001
20:12:11 rute001 Ruta Teklehaimanot UPDATING data to tables `time2vie_cirruscommon`.`login` fields ( login, last_time ) values (1, 2020-06-11 20:12:11) on conditions username = rute001
20:12:11 rute001 Ruta Teklehaimanot UPDATING data to tables `time2vie_cirruscommon`.`secondary_login` fields ( last_login_time ) values (2020-06-11 20:12:11) on conditions username = rute001 AND company_id = 21
22:04:07 fasa004 Fatima Saleh Abubaker UPDATING data to tables `time2vie_cirruscommon`.`secondary_login` fields ( error ) values (0) on conditions username = fasa004 AND company_id = 21
22:04:07 fasa004 Fatima Saleh Abubaker INSERTING data into tables `log_login` fields ( username, ip, browser ) values ( fasa004, 78.71.21.85, okhttp/3.9.1 ) => {inserted_id = 8896}
22:04:07 fasa004 Fatima Saleh Abubaker DELETE data from tables `temp_session` on conditions username LIKE fasa004
22:04:07 fasa004 Fatima Saleh Abubaker UPDATING data to tables `time2vie_cirruscommon`.`login` fields ( login, last_time ) values (1, 2020-06-11 22:04:07) on conditions username = fasa004
22:04:07 fasa004 Fatima Saleh Abubaker UPDATING data to tables `time2vie_cirruscommon`.`secondary_login` fields ( last_login_time ) values (2020-06-11 22:04:07) on conditions username = fasa004 AND company_id = 21
22:04:08 fasa004 Fatima Saleh Abubaker INSERTING data into tables `time2vie_cirruscommon`.`push_notify_tokens` fields ( user_id, fcm_token, device_id, device_details, created_date, error ) values ( fasa004, f16te4TTTVw:APA91bF9gWwXmHibqaHYGZsfUExYmQzE6MERuGwp98HS7SDLTozqMOuhQGtVUQFtViL99u_T3cyoytTDLi7hsNQWPGVbH2Qw9kC-2KQYUXPD1fKyeJGMIjhp9ALGzgllJr3S3Zkdai9J, d02368989db32aa9, okhttp/3.9.1, 2020-06-11 22:04:08, 0 ) => {inserted_id = 17272} #Mobile-App: Log-id=8896
22:22:45 rute001 Ruta Teklehaimanot UPDATING data to tables `time2vie_cirruscommon`.`secondary_login` fields ( error ) values (0) on conditions username = rute001 AND company_id = 21
22:22:45 rute001 Ruta Teklehaimanot INSERTING data into tables `log_login` fields ( username, ip, browser ) values ( rute001, 78.68.12.244, okhttp/3.9.1 ) => {inserted_id = 8897}
22:22:45 rute001 Ruta Teklehaimanot DELETE data from tables `temp_session` on conditions username LIKE rute001
22:22:45 rute001 Ruta Teklehaimanot UPDATING data to tables `time2vie_cirruscommon`.`login` fields ( login, last_time ) values (1, 2020-06-11 22:22:45) on conditions username = rute001
22:22:45 rute001 Ruta Teklehaimanot UPDATING data to tables `time2vie_cirruscommon`.`secondary_login` fields ( last_login_time ) values (2020-06-11 22:22:45) on conditions username = rute001 AND company_id = 21
