05:35:02   UPDATING data to tables `time2vie_cirruscommon`.`login` fields ( login, last_time ) values (0, 2020-12-25 05:35:02) on conditions username = 
05:35:02   UPDATING data to tables `log_login` fields ( logout_time ) values (2020-12-25:04:35:02) on conditions id =  AND username = 
06:25:01   UPDATING data to tables `time2vie_cirruscommon`.`login` fields ( login, last_time ) values (0, 2020-12-25 06:25:01) on conditions username = 
06:25:01   UPDATING data to tables `log_login` fields ( logout_time ) values (2020-12-25:05:25:01) on conditions id =  AND username = 
06:29:15   UPDATING data to tables `time2vie_cirruscommon`.`login` fields ( login, last_time ) values (0, 2020-12-25 06:29:15) on conditions username = 
06:29:15   UPDATING data to tables `log_login` fields ( logout_time ) values (2020-12-25:05:29:15) on conditions id =  AND username = 
07:43:58   UPDATING data to tables `time2vie_cirruscommon`.`login` fields ( login, last_time ) values (0, 2020-12-25 07:43:58) on conditions username = 
07:43:58   UPDATING data to tables `log_login` fields ( logout_time ) values (2020-12-25:06:43:58) on conditions id =  AND username = 
07:44:08 beto001  UPDATING data to tables `time2vie_cirruscommon`.`secondary_login` fields ( error ) values (1) on conditions username = beto001 AND company_id = 9
07:44:13 beto001  UPDATING data to tables `time2vie_cirruscommon`.`secondary_login` fields ( error ) values (2) on conditions username = beto001 AND company_id = 9
08:31:49   UPDATING data to tables `time2vie_cirruscommon`.`login` fields ( login, last_time ) values (0, 2020-12-25 08:31:49) on conditions username = 
08:31:49   UPDATING data to tables `log_login` fields ( logout_time ) values (2020-12-25:07:31:49) on conditions id =  AND username = 
08:36:21   UPDATING data to tables `time2vie_cirruscommon`.`login` fields ( login, last_time ) values (0, 2020-12-25 08:36:21) on conditions username = 
08:36:21   UPDATING data to tables `log_login` fields ( logout_time ) values (2020-12-25:07:36:21) on conditions id =  AND username = 
08:53:00   UPDATING data to tables `time2vie_cirruscommon`.`login` fields ( login, last_time ) values (0, 2020-12-25 08:53:00) on conditions username = 
08:53:00   UPDATING data to tables `log_login` fields ( logout_time ) values (2020-12-25:07:53:00) on conditions id =  AND username = 
09:03:34   UPDATING data to tables `time2vie_cirruscommon`.`login` fields ( login, last_time ) values (0, 2020-12-25 09:03:34) on conditions username = 
09:03:34   UPDATING data to tables `log_login` fields ( logout_time ) values (2020-12-25:08:03:34) on conditions id =  AND username = 
09:05:58   UPDATING data to tables `time2vie_cirruscommon`.`login` fields ( login, last_time ) values (0, 2020-12-25 09:05:58) on conditions username = 
09:05:58   UPDATING data to tables `log_login` fields ( logout_time ) values (2020-12-25:08:05:58) on conditions id =  AND username = 
09:21:48   UPDATING data to tables `time2vie_cirruscommon`.`login` fields ( login, last_time ) values (0, 2020-12-25 09:21:48) on conditions username = 
09:21:48   UPDATING data to tables `log_login` fields ( logout_time ) values (2020-12-25:08:21:48) on conditions id =  AND username = 
09:36:33   UPDATING data to tables `time2vie_cirruscommon`.`login` fields ( login, last_time ) values (0, 2020-12-25 09:36:33) on conditions username = 
09:36:33   UPDATING data to tables `log_login` fields ( logout_time ) values (2020-12-25:08:36:33) on conditions id =  AND username = 
09:44:25   UPDATING data to tables `time2vie_cirruscommon`.`login` fields ( login, last_time ) values (0, 2020-12-25 09:44:25) on conditions username = 
09:44:25   UPDATING data to tables `log_login` fields ( logout_time ) values (2020-12-25:08:44:25) on conditions id =  AND username = 
10:21:21   UPDATING data to tables `time2vie_cirruscommon`.`login` fields ( login, last_time ) values (0, 2020-12-25 10:21:21) on conditions username = 
10:21:21   UPDATING data to tables `log_login` fields ( logout_time ) values (2020-12-25:09:21:21) on conditions id =  AND username = 
10:21:39 krda003  UPDATING data to tables `time2vie_cirruscommon`.`secondary_login` fields ( error ) values (1) on conditions username = krda003 AND company_id = 7
10:24:48   UPDATING data to tables `time2vie_cirruscommon`.`login` fields ( login, last_time ) values (0, 2020-12-25 10:24:48) on conditions username = 
10:24:48   UPDATING data to tables `log_login` fields ( logout_time ) values (2020-12-25:09:24:48) on conditions id =  AND username = 
10:32:44   UPDATING data to tables `time2vie_cirruscommon`.`login` fields ( login, last_time ) values (0, 2020-12-25 10:32:44) on conditions username = 
10:32:44   UPDATING data to tables `log_login` fields ( logout_time ) values (2020-12-25:09:32:44) on conditions id =  AND username = 
10:36:47   UPDATING data to tables `time2vie_cirruscommon`.`login` fields ( login, last_time ) values (0, 2020-12-25 10:36:47) on conditions username = 
10:36:47   UPDATING data to tables `log_login` fields ( logout_time ) values (2020-12-25:09:36:47) on conditions id =  AND username = 
10:40:37   UPDATING data to tables `time2vie_cirruscommon`.`login` fields ( login, last_time ) values (0, 2020-12-25 10:40:37) on conditions username = 
10:40:37   UPDATING data to tables `log_login` fields ( logout_time ) values (2020-12-25:09:40:37) on conditions id =  AND username = 
10:42:46   UPDATING data to tables `time2vie_cirruscommon`.`login` fields ( login, last_time ) values (0, 2020-12-25 10:42:46) on conditions username = 
10:42:46   UPDATING data to tables `log_login` fields ( logout_time ) values (2020-12-25:09:42:46) on conditions id =  AND username = 
10:42:54 emse002  UPDATING data to tables `time2vie_cirruscommon`.`secondary_login` fields ( error ) values (1) on conditions username = emse002 AND company_id = 7
10:45:13   UPDATING data to tables `time2vie_cirruscommon`.`login` fields ( login, last_time ) values (0, 2020-12-25 10:45:13) on conditions username = 
10:45:13   UPDATING data to tables `log_login` fields ( logout_time ) values (2020-12-25:09:45:13) on conditions id =  AND username = 
10:45:50   UPDATING data to tables `time2vie_cirruscommon`.`login` fields ( login, last_time ) values (0, 2020-12-25 10:45:50) on conditions username = 
10:45:50   UPDATING data to tables `log_login` fields ( logout_time ) values (2020-12-25:09:45:50) on conditions id =  AND username = 
11:06:53   UPDATING data to tables `time2vie_cirruscommon`.`login` fields ( login, last_time ) values (0, 2020-12-25 11:06:53) on conditions username = 
11:06:53   UPDATING data to tables `log_login` fields ( logout_time ) values (2020-12-25:10:06:53) on conditions id =  AND username = 
11:07:08 etjo001  UPDATING data to tables `time2vie_cirruscommon`.`secondary_login` fields ( error ) values (1) on conditions username = etjo001 AND company_id = 9
11:09:33   UPDATING data to tables `time2vie_cirruscommon`.`login` fields ( login, last_time ) values (0, 2020-12-25 11:09:33) on conditions username = 
11:09:33   UPDATING data to tables `log_login` fields ( logout_time ) values (2020-12-25:10:09:33) on conditions id =  AND username = 
11:10:58   UPDATING data to tables `time2vie_cirruscommon`.`login` fields ( login, last_time ) values (0, 2020-12-25 11:10:58) on conditions username = 
11:10:58   UPDATING data to tables `log_login` fields ( logout_time ) values (2020-12-25:10:10:58) on conditions id =  AND username = 
11:11:08   UPDATING data to tables `time2vie_cirruscommon`.`login` fields ( login, last_time ) values (0, 2020-12-25 11:11:08) on conditions username = 
11:11:08   UPDATING data to tables `log_login` fields ( logout_time ) values (2020-12-25:10:11:08) on conditions id =  AND username = 
11:40:28   UPDATING data to tables `time2vie_cirruscommon`.`login` fields ( login, last_time ) values (0, 2020-12-25 11:40:28) on conditions username = 
11:40:28   UPDATING data to tables `log_login` fields ( logout_time ) values (2020-12-25:10:40:28) on conditions id =  AND username = 
12:05:05   UPDATING data to tables `time2vie_cirruscommon`.`login` fields ( login, last_time ) values (0, 2020-12-25 12:05:05) on conditions username = 
12:05:05   UPDATING data to tables `log_login` fields ( logout_time ) values (2020-12-25:11:05:05) on conditions id =  AND username = 
12:23:23   UPDATING data to tables `time2vie_cirruscommon`.`login` fields ( login, last_time ) values (0, 2020-12-25 12:23:23) on conditions username = 
12:23:23   UPDATING data to tables `log_login` fields ( logout_time ) values (2020-12-25:11:23:23) on conditions id =  AND username = 
12:27:43   UPDATING data to tables `time2vie_cirruscommon`.`login` fields ( login, last_time ) values (0, 2020-12-25 12:27:43) on conditions username = 
12:27:43   UPDATING data to tables `log_login` fields ( logout_time ) values (2020-12-25:11:27:43) on conditions id =  AND username = 
12:31:41   UPDATING data to tables `time2vie_cirruscommon`.`login` fields ( login, last_time ) values (0, 2020-12-25 12:31:41) on conditions username = 
12:31:41   UPDATING data to tables `log_login` fields ( logout_time ) values (2020-12-25:11:31:41) on conditions id =  AND username = 
12:32:15   UPDATING data to tables `log_login` fields ( logout_time ) values (2020-12-25:11:32:15) on conditions id = 24938 AND username = mave004
12:32:24 mave004  UPDATING data to tables `time2vie_cirruscommon`.`secondary_login` fields ( error ) values (1) on conditions username = mave004 AND company_id = 12
12:34:27   UPDATING data to tables `time2vie_cirruscommon`.`login` fields ( login, last_time ) values (0, 2020-12-25 12:34:27) on conditions username = 
12:34:27   UPDATING data to tables `log_login` fields ( logout_time ) values (2020-12-25:11:34:27) on conditions id =  AND username = 
12:49:55   UPDATING data to tables `time2vie_cirruscommon`.`login` fields ( login, last_time ) values (0, 2020-12-25 12:49:55) on conditions username = 
12:49:55   UPDATING data to tables `log_login` fields ( logout_time ) values (2020-12-25:11:49:55) on conditions id =  AND username = 
13:07:49   UPDATING data to tables `log_login` fields ( logout_time ) values (2020-12-25:12:07:49) on conditions id = 606912 AND username = kean001
13:33:21   UPDATING data to tables `time2vie_cirruscommon`.`login` fields ( login, last_time ) values (0, 2020-12-25 13:33:21) on conditions username = 
13:33:21   UPDATING data to tables `log_login` fields ( logout_time ) values (2020-12-25:12:33:21) on conditions id =  AND username = 
13:50:21   UPDATING data to tables `time2vie_cirruscommon`.`login` fields ( login, last_time ) values (0, 2020-12-25 13:50:21) on conditions username = 
13:50:21   UPDATING data to tables `log_login` fields ( logout_time ) values (2020-12-25:12:50:21) on conditions id =  AND username = 
14:08:41   UPDATING data to tables `time2vie_cirruscommon`.`login` fields ( login, last_time ) values (0, 2020-12-25 14:08:41) on conditions username = 
14:08:41   UPDATING data to tables `log_login` fields ( logout_time ) values (2020-12-25:13:08:41) on conditions id =  AND username = 
14:25:37   UPDATING data to tables `time2vie_cirruscommon`.`login` fields ( login, last_time ) values (0, 2020-12-25 14:25:37) on conditions username = 
14:25:37   UPDATING data to tables `log_login` fields ( logout_time ) values (2020-12-25:13:25:37) on conditions id =  AND username = 
14:26:27   UPDATING data to tables `time2vie_cirruscommon`.`login` fields ( login, last_time ) values (0, 2020-12-25 14:26:27) on conditions username = 
14:26:27   UPDATING data to tables `log_login` fields ( logout_time ) values (2020-12-25:13:26:27) on conditions id =  AND username = 
14:29:49   UPDATING data to tables `time2vie_cirruscommon`.`login` fields ( login, last_time ) values (0, 2020-12-25 14:29:49) on conditions username = 
14:29:49   UPDATING data to tables `log_login` fields ( logout_time ) values (2020-12-25:13:29:49) on conditions id =  AND username = 
14:36:13   UPDATING data to tables `time2vie_cirruscommon`.`login` fields ( login, last_time ) values (0, 2020-12-25 14:36:13) on conditions username = 
14:36:13   UPDATING data to tables `log_login` fields ( logout_time ) values (2020-12-25:13:36:13) on conditions id =  AND username = 
14:36:15   UPDATING data to tables `time2vie_cirruscommon`.`login` fields ( login, last_time ) values (0, 2020-12-25 14:36:15) on conditions username = 
14:36:15   UPDATING data to tables `log_login` fields ( logout_time ) values (2020-12-25:13:36:15) on conditions id =  AND username = 
14:44:18   UPDATING data to tables `time2vie_cirruscommon`.`login` fields ( login, last_time ) values (0, 2020-12-25 14:44:18) on conditions username = 
14:44:18   UPDATING data to tables `log_login` fields ( logout_time ) values (2020-12-25:13:44:18) on conditions id =  AND username = 
15:19:00   UPDATING data to tables `time2vie_cirruscommon`.`login` fields ( login, last_time ) values (0, 2020-12-25 15:19:00) on conditions username = 
15:19:00   UPDATING data to tables `log_login` fields ( logout_time ) values (2020-12-25:14:19:00) on conditions id =  AND username = 
15:35:59   UPDATING data to tables `time2vie_cirruscommon`.`login` fields ( login, last_time ) values (0, 2020-12-25 15:35:59) on conditions username = 
15:35:59   UPDATING data to tables `log_login` fields ( logout_time ) values (2020-12-25:14:35:59) on conditions id =  AND username = 
15:43:03   UPDATING data to tables `time2vie_cirruscommon`.`login` fields ( login, last_time ) values (0, 2020-12-25 15:43:03) on conditions username = 
15:43:03   UPDATING data to tables `log_login` fields ( logout_time ) values (2020-12-25:14:43:03) on conditions id =  AND username = 
15:49:47   UPDATING data to tables `time2vie_cirruscommon`.`login` fields ( login, last_time ) values (0, 2020-12-25 15:49:47) on conditions username = 
15:49:47   UPDATING data to tables `log_login` fields ( logout_time ) values (2020-12-25:14:49:47) on conditions id =  AND username = 
15:53:25   UPDATING data to tables `time2vie_cirruscommon`.`login` fields ( login, last_time ) values (0, 2020-12-25 15:53:25) on conditions username = 
15:53:25   UPDATING data to tables `log_login` fields ( logout_time ) values (2020-12-25:14:53:25) on conditions id =  AND username = 
15:56:25   UPDATING data to tables `time2vie_cirruscommon`.`login` fields ( login, last_time ) values (0, 2020-12-25 15:56:25) on conditions username = 
15:56:25   UPDATING data to tables `log_login` fields ( logout_time ) values (2020-12-25:14:56:25) on conditions id =  AND username = 
16:02:01   UPDATING data to tables `time2vie_cirruscommon`.`login` fields ( login, last_time ) values (0, 2020-12-25 16:02:01) on conditions username = 
16:02:01   UPDATING data to tables `log_login` fields ( logout_time ) values (2020-12-25:15:02:01) on conditions id =  AND username = 
16:20:23   UPDATING data to tables `time2vie_cirruscommon`.`login` fields ( login, last_time ) values (0, 2020-12-25 16:20:23) on conditions username = 
16:20:23   UPDATING data to tables `log_login` fields ( logout_time ) values (2020-12-25:15:20:23) on conditions id =  AND username = 
16:29:57   UPDATING data to tables `time2vie_cirruscommon`.`login` fields ( login, last_time ) values (0, 2020-12-25 16:29:57) on conditions username = 
16:29:57   UPDATING data to tables `log_login` fields ( logout_time ) values (2020-12-25:15:29:57) on conditions id =  AND username = 
16:44:20   UPDATING data to tables `time2vie_cirruscommon`.`login` fields ( login, last_time ) values (0, 2020-12-25 16:44:20) on conditions username = 
16:44:20   UPDATING data to tables `log_login` fields ( logout_time ) values (2020-12-25:15:44:20) on conditions id =  AND username = 
17:03:19   UPDATING data to tables `time2vie_cirruscommon`.`login` fields ( login, last_time ) values (0, 2020-12-25 17:03:19) on conditions username = 
17:03:19   UPDATING data to tables `log_login` fields ( logout_time ) values (2020-12-25:16:03:19) on conditions id =  AND username = 
18:03:58   UPDATING data to tables `time2vie_cirruscommon`.`login` fields ( login, last_time ) values (0, 2020-12-25 18:03:58) on conditions username = 
18:03:58   UPDATING data to tables `log_login` fields ( logout_time ) values (2020-12-25:17:03:58) on conditions id =  AND username = 
18:04:11 fest002  UPDATING data to tables `time2vie_cirruscommon`.`secondary_login` fields ( error ) values (1) on conditions username = fest002 AND company_id = 12
18:12:07   UPDATING data to tables `time2vie_cirruscommon`.`login` fields ( login, last_time ) values (0, 2020-12-25 18:12:07) on conditions username = 
18:12:07   UPDATING data to tables `log_login` fields ( logout_time ) values (2020-12-25:17:12:07) on conditions id =  AND username = 
18:16:04   UPDATING data to tables `time2vie_cirruscommon`.`login` fields ( login, last_time ) values (0, 2020-12-25 18:16:04) on conditions username = 
18:16:04   UPDATING data to tables `log_login` fields ( logout_time ) values (2020-12-25:17:16:04) on conditions id =  AND username = 
18:44:53   UPDATING data to tables `time2vie_cirruscommon`.`login` fields ( login, last_time ) values (0, 2020-12-25 18:44:53) on conditions username = 
18:44:53   UPDATING data to tables `log_login` fields ( logout_time ) values (2020-12-25:17:44:53) on conditions id =  AND username = 
18:45:10 inid001  UPDATING data to tables `time2vie_cirruscommon`.`secondary_login` fields ( error ) values (1) on conditions username = inid001 AND company_id = 12
18:45:23 inid001  UPDATING data to tables `time2vie_cirruscommon`.`secondary_login` fields ( error ) values (2) on conditions username = inid001 AND company_id = 12
18:46:12   UPDATING data to tables `time2vie_cirruscommon`.`login` fields ( login, last_time ) values (0, 2020-12-25 18:46:12) on conditions username = 
18:46:12   UPDATING data to tables `log_login` fields ( logout_time ) values (2020-12-25:17:46:12) on conditions id =  AND username = 
18:47:43   UPDATING data to tables `time2vie_cirruscommon`.`login` fields ( login, last_time ) values (0, 2020-12-25 18:47:43) on conditions username = 
18:47:43   UPDATING data to tables `log_login` fields ( logout_time ) values (2020-12-25:17:47:43) on conditions id =  AND username = 
18:49:44   UPDATING data to tables `time2vie_cirruscommon`.`login` fields ( login, last_time ) values (0, 2020-12-25 18:49:44) on conditions username = 
18:49:44   UPDATING data to tables `log_login` fields ( logout_time ) values (2020-12-25:17:49:44) on conditions id =  AND username = 
18:57:38   UPDATING data to tables `time2vie_cirruscommon`.`login` fields ( login, last_time ) values (0, 2020-12-25 18:57:38) on conditions username = 
18:57:38   UPDATING data to tables `log_login` fields ( logout_time ) values (2020-12-25:17:57:38) on conditions id =  AND username = 
18:58:30   UPDATING data to tables `time2vie_cirruscommon`.`login` fields ( login, last_time ) values (0, 2020-12-25 18:58:30) on conditions username = 
18:58:30   UPDATING data to tables `log_login` fields ( logout_time ) values (2020-12-25:17:58:30) on conditions id =  AND username = 
18:59:08   UPDATING data to tables `time2vie_cirruscommon`.`login` fields ( login, last_time ) values (0, 2020-12-25 18:59:08) on conditions username = 
18:59:08   UPDATING data to tables `log_login` fields ( logout_time ) values (2020-12-25:17:59:08) on conditions id =  AND username = 
19:39:49   UPDATING data to tables `time2vie_cirruscommon`.`login` fields ( login, last_time ) values (0, 2020-12-25 19:39:49) on conditions username = 
19:39:49   UPDATING data to tables `log_login` fields ( logout_time ) values (2020-12-25:18:39:49) on conditions id =  AND username = 
19:40:09 hejo003  UPDATING data to tables `time2vie_cirruscommon`.`secondary_login` fields ( error ) values (1) on conditions username = hejo003 AND company_id = 20
19:56:30   UPDATING data to tables `time2vie_cirruscommon`.`login` fields ( login, last_time ) values (0, 2020-12-25 19:56:30) on conditions username = 
19:56:30   UPDATING data to tables `log_login` fields ( logout_time ) values (2020-12-25:18:56:30) on conditions id =  AND username = 
20:06:27   UPDATING data to tables `time2vie_cirruscommon`.`login` fields ( login, last_time ) values (0, 2020-12-25 20:06:27) on conditions username = 
20:06:27   UPDATING data to tables `log_login` fields ( logout_time ) values (2020-12-25:19:06:27) on conditions id =  AND username = 
20:18:33   UPDATING data to tables `time2vie_cirruscommon`.`login` fields ( login, last_time ) values (0, 2020-12-25 20:18:33) on conditions username = 
20:18:33   UPDATING data to tables `log_login` fields ( logout_time ) values (2020-12-25:19:18:33) on conditions id =  AND username = 
20:25:20   UPDATING data to tables `time2vie_cirruscommon`.`login` fields ( login, last_time ) values (0, 2020-12-25 20:25:20) on conditions username = 
20:25:20   UPDATING data to tables `log_login` fields ( logout_time ) values (2020-12-25:19:25:20) on conditions id =  AND username = 
20:53:11   UPDATING data to tables `time2vie_cirruscommon`.`login` fields ( login, last_time ) values (0, 2020-12-25 20:53:11) on conditions username = 
20:53:11   UPDATING data to tables `log_login` fields ( logout_time ) values (2020-12-25:19:53:11) on conditions id =  AND username = 
20:55:21   UPDATING data to tables `time2vie_cirruscommon`.`login` fields ( login, last_time ) values (0, 2020-12-25 20:55:21) on conditions username = 
20:55:21   UPDATING data to tables `log_login` fields ( logout_time ) values (2020-12-25:19:55:21) on conditions id =  AND username = 
20:55:29   UPDATING data to tables `time2vie_cirruscommon`.`login` fields ( login, last_time ) values (0, 2020-12-25 20:55:29) on conditions username = 
20:55:29   UPDATING data to tables `log_login` fields ( logout_time ) values (2020-12-25:19:55:29) on conditions id =  AND username = 
20:56:45   UPDATING data to tables `time2vie_cirruscommon`.`login` fields ( login, last_time ) values (0, 2020-12-25 20:56:45) on conditions username = 
20:56:45   UPDATING data to tables `log_login` fields ( logout_time ) values (2020-12-25:19:56:45) on conditions id =  AND username = 
21:32:18   UPDATING data to tables `time2vie_cirruscommon`.`login` fields ( login, last_time ) values (0, 2020-12-25 21:32:18) on conditions username = 
21:32:18   UPDATING data to tables `log_login` fields ( logout_time ) values (2020-12-25:20:32:18) on conditions id =  AND username = 
21:43:31   UPDATING data to tables `time2vie_cirruscommon`.`login` fields ( login, last_time ) values (0, 2020-12-25 21:43:31) on conditions username = 
21:43:31   UPDATING data to tables `log_login` fields ( logout_time ) values (2020-12-25:20:43:31) on conditions id =  AND username = 
22:14:14   UPDATING data to tables `time2vie_cirruscommon`.`login` fields ( login, last_time ) values (0, 2020-12-25 22:14:14) on conditions username = 
22:14:14   UPDATING data to tables `log_login` fields ( logout_time ) values (2020-12-25:21:14:14) on conditions id =  AND username = 
22:16:49   UPDATING data to tables `time2vie_cirruscommon`.`login` fields ( login, last_time ) values (0, 2020-12-25 22:16:49) on conditions username = 
22:16:49   UPDATING data to tables `log_login` fields ( logout_time ) values (2020-12-25:21:16:49) on conditions id =  AND username = 
23:24:18   UPDATING data to tables `time2vie_cirruscommon`.`login` fields ( login, last_time ) values (0, 2020-12-25 23:24:18) on conditions username = 
23:24:18   UPDATING data to tables `log_login` fields ( logout_time ) values (2020-12-25:22:24:18) on conditions id =  AND username = 
00:12:30   UPDATING data to tables `time2vie_cirruscommon`.`login` fields ( login, last_time ) values (0, 2020-12-26 00:12:30) on conditions username = 
00:12:30   UPDATING data to tables `log_login` fields ( logout_time ) values (2020-12-25:23:12:30) on conditions id =  AND username = 
00:12:48   UPDATING data to tables `time2vie_cirruscommon`.`login` fields ( login, last_time ) values (0, 2020-12-26 00:12:48) on conditions username = 
00:12:48   UPDATING data to tables `log_login` fields ( logout_time ) values (2020-12-25:23:12:48) on conditions id =  AND username = 
00:12:55 anje002  UPDATING data to tables `time2vie_cirruscommon`.`secondary_login` fields ( error ) values (1) on conditions username = anje002 AND company_id = 7
00:31:33   UPDATING data to tables `time2vie_cirruscommon`.`login` fields ( login, last_time ) values (0, 2020-12-26 00:31:33) on conditions username = 
00:31:33   UPDATING data to tables `log_login` fields ( logout_time ) values (2020-12-25:23:31:33) on conditions id =  AND username = 
00:35:25   UPDATING data to tables `time2vie_cirruscommon`.`login` fields ( login, last_time ) values (0, 2020-12-26 00:35:25) on conditions username = 
00:35:25   UPDATING data to tables `log_login` fields ( logout_time ) values (2020-12-25:23:35:25) on conditions id =  AND username = 
