02:26:27   UPDATING data to tables `time2vie_cirruscommon`.`login` fields ( login, last_time ) values (0, 2020-12-16 02:26:27) on conditions username = 
02:26:27   UPDATING data to tables `log_login` fields ( logout_time ) values (2020-12-16:01:26:27) on conditions id =  AND username = 
04:41:23   UPDATING data to tables `time2vie_cirruscommon`.`login` fields ( login, last_time ) values (0, 2020-12-16 04:41:23) on conditions username = 
04:41:23   UPDATING data to tables `log_login` fields ( logout_time ) values (2020-12-16:03:41:23) on conditions id =  AND username = 
05:15:52   UPDATING data to tables `time2vie_cirruscommon`.`login` fields ( login, last_time ) values (0, 2020-12-16 05:15:52) on conditions username = 
05:15:52   UPDATING data to tables `log_login` fields ( logout_time ) values (2020-12-16:04:15:52) on conditions id =  AND username = 
05:17:52   UPDATING data to tables `time2vie_cirruscommon`.`login` fields ( login, last_time ) values (0, 2020-12-16 05:17:52) on conditions username = 
05:17:52   UPDATING data to tables `log_login` fields ( logout_time ) values (2020-12-16:04:17:52) on conditions id =  AND username = 
05:48:37   UPDATING data to tables `time2vie_cirruscommon`.`login` fields ( login, last_time ) values (0, 2020-12-16 05:48:37) on conditions username = 
05:48:37   UPDATING data to tables `log_login` fields ( logout_time ) values (2020-12-16:04:48:37) on conditions id =  AND username = 
07:31:45   UPDATING data to tables `time2vie_cirruscommon`.`login` fields ( login, last_time ) values (0, 2020-12-16 07:31:45) on conditions username = 
07:31:45   UPDATING data to tables `log_login` fields ( logout_time ) values (2020-12-16:06:31:45) on conditions id =  AND username = 
07:50:37   UPDATING data to tables `time2vie_cirruscommon`.`login` fields ( login, last_time ) values (0, 2020-12-16 07:50:37) on conditions username = 
07:50:37   UPDATING data to tables `log_login` fields ( logout_time ) values (2020-12-16:06:50:37) on conditions id =  AND username = 
07:50:43   UPDATING data to tables `time2vie_cirruscommon`.`login` fields ( login, last_time ) values (0, 2020-12-16 07:50:43) on conditions username = 
07:50:43   UPDATING data to tables `log_login` fields ( logout_time ) values (2020-12-16:06:50:43) on conditions id =  AND username = 
07:52:33   UPDATING data to tables `time2vie_cirruscommon`.`login` fields ( login, last_time ) values (0, 2020-12-16 07:52:33) on conditions username = 
07:52:33   UPDATING data to tables `log_login` fields ( logout_time ) values (2020-12-16:06:52:33) on conditions id =  AND username = 
07:52:43 lice003  UPDATING data to tables `time2vie_cirruscommon`.`secondary_login` fields ( error ) values (1) on conditions username = lice003 AND company_id = 7
07:52:52 lice003  UPDATING data to tables `time2vie_cirruscommon`.`secondary_login` fields ( error ) values (2) on conditions username = lice003 AND company_id = 7
08:03:47   UPDATING data to tables `time2vie_cirruscommon`.`login` fields ( login, last_time ) values (0, 2020-12-16 08:03:47) on conditions username = 
08:03:47   UPDATING data to tables `log_login` fields ( logout_time ) values (2020-12-16:07:03:47) on conditions id =  AND username = 
08:14:30   UPDATING data to tables `time2vie_cirruscommon`.`login` fields ( login, last_time ) values (0, 2020-12-16 08:14:30) on conditions username = 
08:14:30   UPDATING data to tables `log_login` fields ( logout_time ) values (2020-12-16:07:14:30) on conditions id =  AND username = 
08:21:51   UPDATING data to tables `time2vie_cirruscommon`.`login` fields ( login, last_time ) values (0, 2020-12-16 08:21:51) on conditions username = 
08:21:51   UPDATING data to tables `log_login` fields ( logout_time ) values (2020-12-16:07:21:51) on conditions id =  AND username = 
08:51:10   UPDATING data to tables `time2vie_cirruscommon`.`login` fields ( login, last_time ) values (0, 2020-12-16 08:51:10) on conditions username = 
08:51:10   UPDATING data to tables `log_login` fields ( logout_time ) values (2020-12-16:07:51:10) on conditions id =  AND username = 
08:51:37 makl001  UPDATING data to tables `time2vie_cirruscommon`.`secondary_login` fields ( error ) values (1) on conditions username = makl001 AND company_id = 5
08:52:28   UPDATING data to tables `time2vie_cirruscommon`.`login` fields ( login, last_time ) values (0, 2020-12-16 08:52:28) on conditions username = 
08:52:28   UPDATING data to tables `log_login` fields ( logout_time ) values (2020-12-16:07:52:28) on conditions id =  AND username = 
08:56:12   UPDATING data to tables `time2vie_cirruscommon`.`login` fields ( login, last_time ) values (0, 2020-12-16 08:56:12) on conditions username = 
08:56:12   UPDATING data to tables `log_login` fields ( logout_time ) values (2020-12-16:07:56:12) on conditions id =  AND username = 
08:56:37 kljo001  UPDATING data to tables `time2vie_cirruscommon`.`secondary_login` fields ( error ) values (1) on conditions username = kljo001 AND company_id = 5
08:58:52   UPDATING data to tables `time2vie_cirruscommon`.`login` fields ( login, last_time ) values (0, 2020-12-16 08:58:52) on conditions username = 
08:58:52   UPDATING data to tables `log_login` fields ( logout_time ) values (2020-12-16:07:58:52) on conditions id =  AND username = 
08:59:37   UPDATING data to tables `time2vie_cirruscommon`.`login` fields ( login, last_time ) values (0, 2020-12-16 08:59:37) on conditions username = 
08:59:37   UPDATING data to tables `log_login` fields ( logout_time ) values (2020-12-16:07:59:37) on conditions id =  AND username = 
09:22:54   UPDATING data to tables `time2vie_cirruscommon`.`login` fields ( login, last_time ) values (0, 2020-12-16 09:22:54) on conditions username = 
09:22:54   UPDATING data to tables `log_login` fields ( logout_time ) values (2020-12-16:08:22:54) on conditions id =  AND username = 
09:25:09   UPDATING data to tables `time2vie_cirruscommon`.`login` fields ( login, last_time ) values (0, 2020-12-16 09:25:09) on conditions username = 
09:25:09   UPDATING data to tables `log_login` fields ( logout_time ) values (2020-12-16:08:25:09) on conditions id =  AND username = 
09:30:35   UPDATING data to tables `time2vie_cirruscommon`.`login` fields ( login, last_time ) values (0, 2020-12-16 09:30:35) on conditions username = 
09:30:35   UPDATING data to tables `log_login` fields ( logout_time ) values (2020-12-16:08:30:35) on conditions id =  AND username = 
09:30:53   UPDATING data to tables `time2vie_cirruscommon`.`login` fields ( login, last_time ) values (0, 2020-12-16 09:30:53) on conditions username = 
09:30:53   UPDATING data to tables `log_login` fields ( logout_time ) values (2020-12-16:08:30:53) on conditions id =  AND username = 
09:50:04   UPDATING data to tables `log_login` fields ( logout_time ) values (2020-12-16:08:50:04) on conditions id = 605501 AND username = mala008
09:52:57   UPDATING data to tables `time2vie_cirruscommon`.`login` fields ( login, last_time ) values (0, 2020-12-16 09:52:57) on conditions username = 
09:52:57   UPDATING data to tables `log_login` fields ( logout_time ) values (2020-12-16:08:52:57) on conditions id =  AND username = 
10:17:43   UPDATING data to tables `time2vie_cirruscommon`.`login` fields ( login, last_time ) values (0, 2020-12-16 10:17:43) on conditions username = 
10:17:43   UPDATING data to tables `log_login` fields ( logout_time ) values (2020-12-16:09:17:43) on conditions id =  AND username = 
10:25:41   UPDATING data to tables `time2vie_cirruscommon`.`login` fields ( login, last_time ) values (0, 2020-12-16 10:25:41) on conditions username = 
10:25:41   UPDATING data to tables `log_login` fields ( logout_time ) values (2020-12-16:09:25:41) on conditions id =  AND username = 
10:27:00   UPDATING data to tables `log_login` fields ( logout_time ) values (2020-12-16:09:27:00) on conditions id = 24867 AND username = inid001
10:27:16   UPDATING data to tables `time2vie_cirruscommon`.`login` fields ( login, last_time ) values (0, 2020-12-16 10:27:16) on conditions username = 
10:27:16   UPDATING data to tables `log_login` fields ( logout_time ) values (2020-12-16:09:27:16) on conditions id =  AND username = 
10:32:31   UPDATING data to tables `time2vie_cirruscommon`.`login` fields ( login, last_time ) values (0, 2020-12-16 10:32:31) on conditions username = 
10:32:31   UPDATING data to tables `log_login` fields ( logout_time ) values (2020-12-16:09:32:31) on conditions id =  AND username = 
10:43:21   UPDATING data to tables `time2vie_cirruscommon`.`login` fields ( login, last_time ) values (0, 2020-12-16 10:43:21) on conditions username = 
10:43:21   UPDATING data to tables `log_login` fields ( logout_time ) values (2020-12-16:09:43:21) on conditions id =  AND username = 
10:47:20   UPDATING data to tables `time2vie_cirruscommon`.`login` fields ( login, last_time ) values (0, 2020-12-16 10:47:20) on conditions username = 
10:47:20   UPDATING data to tables `log_login` fields ( logout_time ) values (2020-12-16:09:47:20) on conditions id =  AND username = 
10:49:53   UPDATING data to tables `time2vie_cirruscommon`.`login` fields ( login, last_time ) values (0, 2020-12-16 10:49:53) on conditions username = 
10:49:53   UPDATING data to tables `log_login` fields ( logout_time ) values (2020-12-16:09:49:53) on conditions id =  AND username = 
10:53:22   UPDATING data to tables `log_login` fields ( logout_time ) values (2020-12-16:09:53:22) on conditions id = 220154 AND username = sope001
10:57:03   UPDATING data to tables `time2vie_cirruscommon`.`login` fields ( login, last_time ) values (0, 2020-12-16 10:57:03) on conditions username = 
10:57:03   UPDATING data to tables `log_login` fields ( logout_time ) values (2020-12-16:09:57:03) on conditions id =  AND username = 
11:13:07   UPDATING data to tables `time2vie_cirruscommon`.`login` fields ( login, last_time ) values (0, 2020-12-16 11:13:07) on conditions username = 
11:13:07   UPDATING data to tables `log_login` fields ( logout_time ) values (2020-12-16:10:13:07) on conditions id =  AND username = 
11:19:50   UPDATING data to tables `time2vie_cirruscommon`.`login` fields ( login, last_time ) values (0, 2020-12-16 11:19:50) on conditions username = 
11:19:50   UPDATING data to tables `log_login` fields ( logout_time ) values (2020-12-16:10:19:50) on conditions id =  AND username = 
11:31:47   UPDATING data to tables `time2vie_cirruscommon`.`login` fields ( login, last_time ) values (0, 2020-12-16 11:31:47) on conditions username = 
11:31:47   UPDATING data to tables `log_login` fields ( logout_time ) values (2020-12-16:10:31:47) on conditions id =  AND username = 
11:34:43   UPDATING data to tables `log_login` fields ( logout_time ) values (2020-12-16:10:34:43) on conditions id = 605531 AND username = mase003
11:54:31   UPDATING data to tables `time2vie_cirruscommon`.`login` fields ( login, last_time ) values (0, 2020-12-16 11:54:31) on conditions username = 
11:54:31   UPDATING data to tables `log_login` fields ( logout_time ) values (2020-12-16:10:54:31) on conditions id =  AND username = 
11:57:49   UPDATING data to tables `time2vie_cirruscommon`.`login` fields ( login, last_time ) values (0, 2020-12-16 11:57:49) on conditions username = 
11:57:49   UPDATING data to tables `log_login` fields ( logout_time ) values (2020-12-16:10:57:49) on conditions id =  AND username = 
11:57:57 mahe022  UPDATING data to tables `time2vie_cirruscommon`.`secondary_login` fields ( error ) values (1) on conditions username = mahe022 AND company_id = 7
11:57:58   UPDATING data to tables `time2vie_cirruscommon`.`login` fields ( login, last_time ) values (0, 2020-12-16 11:57:58) on conditions username = 
11:57:58   UPDATING data to tables `log_login` fields ( logout_time ) values (2020-12-16:10:57:58) on conditions id =  AND username = 
12:22:28   UPDATING data to tables `time2vie_cirruscommon`.`login` fields ( login, last_time ) values (0, 2020-12-16 12:22:28) on conditions username = 
12:22:28   UPDATING data to tables `log_login` fields ( logout_time ) values (2020-12-16:11:22:28) on conditions id =  AND username = 
12:43:38   UPDATING data to tables `time2vie_cirruscommon`.`login` fields ( login, last_time ) values (0, 2020-12-16 12:43:38) on conditions username = 
12:43:38   UPDATING data to tables `log_login` fields ( logout_time ) values (2020-12-16:11:43:38) on conditions id =  AND username = 
12:48:55   UPDATING data to tables `time2vie_cirruscommon`.`login` fields ( login, last_time ) values (0, 2020-12-16 12:48:55) on conditions username = 
12:48:55   UPDATING data to tables `log_login` fields ( logout_time ) values (2020-12-16:11:48:55) on conditions id =  AND username = 
12:58:59   UPDATING data to tables `time2vie_cirruscommon`.`login` fields ( login, last_time ) values (0, 2020-12-16 12:58:59) on conditions username = 
12:58:59   UPDATING data to tables `log_login` fields ( logout_time ) values (2020-12-16:11:58:59) on conditions id =  AND username = 
13:01:32   UPDATING data to tables `time2vie_cirruscommon`.`login` fields ( login, last_time ) values (0, 2020-12-16 13:01:32) on conditions username = 
13:01:32   UPDATING data to tables `log_login` fields ( logout_time ) values (2020-12-16:12:01:32) on conditions id =  AND username = 
13:11:06   UPDATING data to tables `time2vie_cirruscommon`.`login` fields ( login, last_time ) values (0, 2020-12-16 13:11:06) on conditions username = 
13:11:06   UPDATING data to tables `log_login` fields ( logout_time ) values (2020-12-16:12:11:06) on conditions id =  AND username = 
13:12:17 alsa006  UPDATING data to tables `time2vie_cirruscommon`.`secondary_login` fields ( error ) values (8) on conditions username = alsa006 AND company_id = 3
13:13:25   UPDATING data to tables `time2vie_cirruscommon`.`login` fields ( login, last_time ) values (0, 2020-12-16 13:13:25) on conditions username = 
13:13:25   UPDATING data to tables `log_login` fields ( logout_time ) values (2020-12-16:12:13:25) on conditions id =  AND username = 
13:54:52   UPDATING data to tables `time2vie_cirruscommon`.`login` fields ( login, last_time ) values (0, 2020-12-16 13:54:52) on conditions username = 
13:54:52   UPDATING data to tables `log_login` fields ( logout_time ) values (2020-12-16:12:54:52) on conditions id =  AND username = 
13:55:53   UPDATING data to tables `time2vie_cirruscommon`.`login` fields ( login, last_time ) values (0, 2020-12-16 13:55:53) on conditions username = 
13:55:53   UPDATING data to tables `log_login` fields ( logout_time ) values (2020-12-16:12:55:53) on conditions id =  AND username = 
13:56:14 sabi002  UPDATING data to tables `time2vie_cirruscommon`.`secondary_login` fields ( error ) values (7) on conditions username = sabi002 AND company_id = 7
13:56:50   UPDATING data to tables `time2vie_cirruscommon`.`login` fields ( login, last_time ) values (0, 2020-12-16 13:56:50) on conditions username = 
13:56:50   UPDATING data to tables `log_login` fields ( logout_time ) values (2020-12-16:12:56:50) on conditions id =  AND username = 
14:15:39   UPDATING data to tables `time2vie_cirruscommon`.`login` fields ( login, last_time ) values (0, 2020-12-16 14:15:39) on conditions username = 
14:15:39   UPDATING data to tables `log_login` fields ( logout_time ) values (2020-12-16:13:15:39) on conditions id =  AND username = 
14:42:14   UPDATING data to tables `time2vie_cirruscommon`.`login` fields ( login, last_time ) values (0, 2020-12-16 14:42:14) on conditions username = 
14:42:14   UPDATING data to tables `log_login` fields ( logout_time ) values (2020-12-16:13:42:14) on conditions id =  AND username = 
14:59:18   UPDATING data to tables `time2vie_cirruscommon`.`login` fields ( login, last_time ) values (0, 2020-12-16 14:59:18) on conditions username = 
14:59:18   UPDATING data to tables `log_login` fields ( logout_time ) values (2020-12-16:13:59:18) on conditions id =  AND username = 
15:02:42   UPDATING data to tables `time2vie_cirruscommon`.`login` fields ( login, last_time ) values (0, 2020-12-16 15:02:42) on conditions username = 
15:02:42   UPDATING data to tables `log_login` fields ( logout_time ) values (2020-12-16:14:02:42) on conditions id =  AND username = 
15:11:44   UPDATING data to tables `time2vie_cirruscommon`.`login` fields ( login, last_time ) values (0, 2020-12-16 15:11:44) on conditions username = 
15:11:44   UPDATING data to tables `log_login` fields ( logout_time ) values (2020-12-16:14:11:44) on conditions id =  AND username = 
15:12:34   UPDATING data to tables `time2vie_cirruscommon`.`login` fields ( login, last_time ) values (0, 2020-12-16 15:12:34) on conditions username = 
15:12:34   UPDATING data to tables `log_login` fields ( logout_time ) values (2020-12-16:14:12:34) on conditions id =  AND username = 
15:34:20   UPDATING data to tables `time2vie_cirruscommon`.`login` fields ( login, last_time ) values (0, 2020-12-16 15:34:20) on conditions username = 
15:34:20   UPDATING data to tables `log_login` fields ( logout_time ) values (2020-12-16:14:34:20) on conditions id =  AND username = 
15:41:20   UPDATING data to tables `time2vie_cirruscommon`.`login` fields ( login, last_time ) values (0, 2020-12-16 15:41:20) on conditions username = 
15:41:20   UPDATING data to tables `log_login` fields ( logout_time ) values (2020-12-16:14:41:20) on conditions id =  AND username = 
15:41:39 cape007  UPDATING data to tables `time2vie_cirruscommon`.`secondary_login` fields ( error ) values (1) on conditions username = cape007 AND company_id = 8
15:44:50   UPDATING data to tables `time2vie_cirruscommon`.`login` fields ( login, last_time ) values (0, 2020-12-16 15:44:50) on conditions username = 
15:44:50   UPDATING data to tables `log_login` fields ( logout_time ) values (2020-12-16:14:44:50) on conditions id =  AND username = 
15:45:53   UPDATING data to tables `time2vie_cirruscommon`.`login` fields ( login, last_time ) values (0, 2020-12-16 15:45:53) on conditions username = 
15:45:53   UPDATING data to tables `log_login` fields ( logout_time ) values (2020-12-16:14:45:53) on conditions id =  AND username = 
15:49:05   UPDATING data to tables `time2vie_cirruscommon`.`login` fields ( login, last_time ) values (0, 2020-12-16 15:49:05) on conditions username = 
15:49:05   UPDATING data to tables `log_login` fields ( logout_time ) values (2020-12-16:14:49:05) on conditions id =  AND username = 
16:00:57   UPDATING data to tables `time2vie_cirruscommon`.`login` fields ( login, last_time ) values (0, 2020-12-16 16:00:57) on conditions username = 
16:00:57   UPDATING data to tables `log_login` fields ( logout_time ) values (2020-12-16:15:00:57) on conditions id =  AND username = 
16:13:14   UPDATING data to tables `log_login` fields ( logout_time ) values (2020-12-16:15:13:14) on conditions id = 220187 AND username = cape007
16:29:33   UPDATING data to tables `time2vie_cirruscommon`.`login` fields ( login, last_time ) values (0, 2020-12-16 16:29:33) on conditions username = 
16:29:33   UPDATING data to tables `log_login` fields ( logout_time ) values (2020-12-16:15:29:33) on conditions id =  AND username = 
16:29:55 casv004  UPDATING data to tables `time2vie_cirruscommon`.`secondary_login` fields ( error ) values (1) on conditions username = casv004 AND company_id = 7
16:33:02   UPDATING data to tables `time2vie_cirruscommon`.`login` fields ( login, last_time ) values (0, 2020-12-16 16:33:02) on conditions username = 
16:33:02   UPDATING data to tables `log_login` fields ( logout_time ) values (2020-12-16:15:33:02) on conditions id =  AND username = 
16:40:08   UPDATING data to tables `time2vie_cirruscommon`.`login` fields ( login, last_time ) values (0, 2020-12-16 16:40:08) on conditions username = 
16:40:08   UPDATING data to tables `log_login` fields ( logout_time ) values (2020-12-16:15:40:08) on conditions id =  AND username = 
16:50:57   UPDATING data to tables `time2vie_cirruscommon`.`login` fields ( login, last_time ) values (0, 2020-12-16 16:50:57) on conditions username = 
16:50:57   UPDATING data to tables `log_login` fields ( logout_time ) values (2020-12-16:15:50:57) on conditions id =  AND username = 
17:10:40   UPDATING data to tables `time2vie_cirruscommon`.`login` fields ( login, last_time ) values (0, 2020-12-16 17:10:40) on conditions username = 
17:10:40   UPDATING data to tables `log_login` fields ( logout_time ) values (2020-12-16:16:10:40) on conditions id =  AND username = 
17:16:39   UPDATING data to tables `time2vie_cirruscommon`.`login` fields ( login, last_time ) values (0, 2020-12-16 17:16:39) on conditions username = 
17:16:39   UPDATING data to tables `log_login` fields ( logout_time ) values (2020-12-16:16:16:39) on conditions id =  AND username = 
17:22:25   UPDATING data to tables `time2vie_cirruscommon`.`login` fields ( login, last_time ) values (0, 2020-12-16 17:22:25) on conditions username = 
17:22:25   UPDATING data to tables `log_login` fields ( logout_time ) values (2020-12-16:16:22:25) on conditions id =  AND username = 
17:41:52   UPDATING data to tables `time2vie_cirruscommon`.`login` fields ( login, last_time ) values (0, 2020-12-16 17:41:52) on conditions username = 
17:41:52   UPDATING data to tables `log_login` fields ( logout_time ) values (2020-12-16:16:41:52) on conditions id =  AND username = 
17:44:18   UPDATING data to tables `log_login` fields ( logout_time ) values (2020-12-16:16:44:18) on conditions id = 28826 AND username = alsa006
17:44:43 alsa006  UPDATING data to tables `time2vie_cirruscommon`.`secondary_login` fields ( error ) values (1) on conditions username = alsa006 AND company_id = 3
17:44:45 alsa006  UPDATING data to tables `time2vie_cirruscommon`.`secondary_login` fields ( error ) values (2) on conditions username = alsa006 AND company_id = 3
17:44:46 alsa006  UPDATING data to tables `time2vie_cirruscommon`.`secondary_login` fields ( error ) values (3) on conditions username = alsa006 AND company_id = 3
17:46:09   UPDATING data to tables `time2vie_cirruscommon`.`login` fields ( login, last_time ) values (0, 2020-12-16 17:46:09) on conditions username = 
17:46:09   UPDATING data to tables `log_login` fields ( logout_time ) values (2020-12-16:16:46:09) on conditions id =  AND username = 
17:46:55 alsa006  UPDATING data to tables `time2vie_cirruscommon`.`secondary_login` fields ( error ) values (1) on conditions username = alsa006 AND company_id = 3
17:46:56 alsa006  UPDATING data to tables `time2vie_cirruscommon`.`secondary_login` fields ( error ) values (2) on conditions username = alsa006 AND company_id = 3
18:21:48   UPDATING data to tables `time2vie_cirruscommon`.`login` fields ( login, last_time ) values (0, 2020-12-16 18:21:48) on conditions username = 
18:21:48   UPDATING data to tables `log_login` fields ( logout_time ) values (2020-12-16:17:21:48) on conditions id =  AND username = 
18:21:59 nama002  UPDATING data to tables `time2vie_cirruscommon`.`secondary_login` fields ( error ) values (12) on conditions username = nama002 AND company_id = 9
18:22:53   UPDATING data to tables `time2vie_cirruscommon`.`login` fields ( login, last_time ) values (0, 2020-12-16 18:22:53) on conditions username = 
18:22:53   UPDATING data to tables `log_login` fields ( logout_time ) values (2020-12-16:17:22:53) on conditions id =  AND username = 
18:26:35   UPDATING data to tables `time2vie_cirruscommon`.`login` fields ( login, last_time ) values (0, 2020-12-16 18:26:35) on conditions username = 
18:26:35   UPDATING data to tables `log_login` fields ( logout_time ) values (2020-12-16:17:26:35) on conditions id =  AND username = 
18:33:42   UPDATING data to tables `time2vie_cirruscommon`.`login` fields ( login, last_time ) values (0, 2020-12-16 18:33:42) on conditions username = 
18:33:42   UPDATING data to tables `log_login` fields ( logout_time ) values (2020-12-16:17:33:42) on conditions id =  AND username = 
18:47:40   UPDATING data to tables `time2vie_cirruscommon`.`login` fields ( login, last_time ) values (0, 2020-12-16 18:47:40) on conditions username = 
18:47:40   UPDATING data to tables `log_login` fields ( logout_time ) values (2020-12-16:17:47:40) on conditions id =  AND username = 
18:55:55   UPDATING data to tables `log_login` fields ( logout_time ) values (2020-12-16:17:55:55) on conditions id = 285253 AND username = makv002
19:10:51   UPDATING data to tables `time2vie_cirruscommon`.`login` fields ( login, last_time ) values (0, 2020-12-16 19:10:51) on conditions username = 
19:10:51   UPDATING data to tables `log_login` fields ( logout_time ) values (2020-12-16:18:10:51) on conditions id =  AND username = 
19:16:14   UPDATING data to tables `time2vie_cirruscommon`.`login` fields ( login, last_time ) values (0, 2020-12-16 19:16:14) on conditions username = 
19:16:14   UPDATING data to tables `log_login` fields ( logout_time ) values (2020-12-16:18:16:14) on conditions id =  AND username = 
19:24:46   UPDATING data to tables `time2vie_cirruscommon`.`login` fields ( login, last_time ) values (0, 2020-12-16 19:24:46) on conditions username = 
19:24:46   UPDATING data to tables `log_login` fields ( logout_time ) values (2020-12-16:18:24:46) on conditions id =  AND username = 
19:44:37   UPDATING data to tables `time2vie_cirruscommon`.`login` fields ( login, last_time ) values (0, 2020-12-16 19:44:37) on conditions username = 
19:44:37   UPDATING data to tables `log_login` fields ( logout_time ) values (2020-12-16:18:44:37) on conditions id =  AND username = 
19:44:48 vego002  UPDATING data to tables `time2vie_cirruscommon`.`secondary_login` fields ( error ) values (1) on conditions username = vego002 AND company_id = 7
19:46:43   UPDATING data to tables `time2vie_cirruscommon`.`login` fields ( login, last_time ) values (0, 2020-12-16 19:46:43) on conditions username = 
19:46:43   UPDATING data to tables `log_login` fields ( logout_time ) values (2020-12-16:18:46:43) on conditions id =  AND username = 
20:05:21   UPDATING data to tables `time2vie_cirruscommon`.`login` fields ( login, last_time ) values (0, 2020-12-16 20:05:21) on conditions username = 
20:05:21   UPDATING data to tables `log_login` fields ( logout_time ) values (2020-12-16:19:05:21) on conditions id =  AND username = 
20:14:49   UPDATING data to tables `time2vie_cirruscommon`.`login` fields ( login, last_time ) values (0, 2020-12-16 20:14:49) on conditions username = 
20:14:49   UPDATING data to tables `log_login` fields ( logout_time ) values (2020-12-16:19:14:49) on conditions id =  AND username = 
20:17:57   UPDATING data to tables `log_login` fields ( logout_time ) values (2020-12-16:19:17:57) on conditions id = 605701 AND username = inla003
20:18:09 inla003  UPDATING data to tables `time2vie_cirruscommon`.`secondary_login` fields ( error ) values (1) on conditions username = inla003 AND company_id = 9
20:18:11 inla003  UPDATING data to tables `time2vie_cirruscommon`.`secondary_login` fields ( error ) values (2) on conditions username = inla003 AND company_id = 9
20:18:21 inla003  UPDATING data to tables `time2vie_cirruscommon`.`secondary_login` fields ( error ) values (3) on conditions username = inla003 AND company_id = 9
21:10:22   UPDATING data to tables `time2vie_cirruscommon`.`login` fields ( login, last_time ) values (0, 2020-12-16 21:10:22) on conditions username = 
21:10:22   UPDATING data to tables `log_login` fields ( logout_time ) values (2020-12-16:20:10:22) on conditions id =  AND username = 
21:12:53   UPDATING data to tables `time2vie_cirruscommon`.`login` fields ( login, last_time ) values (0, 2020-12-16 21:12:53) on conditions username = 
21:12:53   UPDATING data to tables `log_login` fields ( logout_time ) values (2020-12-16:20:12:53) on conditions id =  AND username = 
21:20:43   UPDATING data to tables `time2vie_cirruscommon`.`login` fields ( login, last_time ) values (0, 2020-12-16 21:20:43) on conditions username = 
21:20:43   UPDATING data to tables `log_login` fields ( logout_time ) values (2020-12-16:20:20:43) on conditions id =  AND username = 
21:33:12   UPDATING data to tables `time2vie_cirruscommon`.`login` fields ( login, last_time ) values (0, 2020-12-16 21:33:12) on conditions username = 
21:33:12   UPDATING data to tables `log_login` fields ( logout_time ) values (2020-12-16:20:33:12) on conditions id =  AND username = 
21:36:18   UPDATING data to tables `time2vie_cirruscommon`.`login` fields ( login, last_time ) values (0, 2020-12-16 21:36:18) on conditions username = 
21:36:18   UPDATING data to tables `log_login` fields ( logout_time ) values (2020-12-16:20:36:18) on conditions id =  AND username = 
21:46:59   UPDATING data to tables `time2vie_cirruscommon`.`login` fields ( login, last_time ) values (0, 2020-12-16 21:46:59) on conditions username = 
21:46:59   UPDATING data to tables `log_login` fields ( logout_time ) values (2020-12-16:20:46:59) on conditions id =  AND username = 
21:49:43   UPDATING data to tables `time2vie_cirruscommon`.`login` fields ( login, last_time ) values (0, 2020-12-16 21:49:43) on conditions username = 
21:49:43   UPDATING data to tables `log_login` fields ( logout_time ) values (2020-12-16:20:49:43) on conditions id =  AND username = 
21:52:54   UPDATING data to tables `time2vie_cirruscommon`.`login` fields ( login, last_time ) values (0, 2020-12-16 21:52:54) on conditions username = 
21:52:54   UPDATING data to tables `log_login` fields ( logout_time ) values (2020-12-16:20:52:54) on conditions id =  AND username = 
21:53:21   UPDATING data to tables `time2vie_cirruscommon`.`login` fields ( login, last_time ) values (0, 2020-12-16 21:53:21) on conditions username = 
21:53:21   UPDATING data to tables `log_login` fields ( logout_time ) values (2020-12-16:20:53:21) on conditions id =  AND username = 
22:59:07   UPDATING data to tables `time2vie_cirruscommon`.`login` fields ( login, last_time ) values (0, 2020-12-16 22:59:07) on conditions username = 
22:59:07   UPDATING data to tables `log_login` fields ( logout_time ) values (2020-12-16:21:59:07) on conditions id =  AND username = 
23:43:57   UPDATING data to tables `time2vie_cirruscommon`.`login` fields ( login, last_time ) values (0, 2020-12-16 23:43:57) on conditions username = 
23:43:57   UPDATING data to tables `log_login` fields ( logout_time ) values (2020-12-16:22:43:57) on conditions id =  AND username = 
00:17:05   UPDATING data to tables `time2vie_cirruscommon`.`login` fields ( login, last_time ) values (0, 2020-12-17 00:17:05) on conditions username = 
00:17:05   UPDATING data to tables `log_login` fields ( logout_time ) values (2020-12-16:23:17:05) on conditions id =  AND username = 
