05:58:59   UPDATING data to tables `time2vie_cirruscommon`.`login` fields ( login, last_time ) values (0, 2020-10-13 05:58:59) on conditions username = 
05:58:59   UPDATING data to tables `log_login` fields ( logout_time ) values (2020-10-13:03:58:59) on conditions id =  AND username = 
06:14:03   UPDATING data to tables `time2vie_cirruscommon`.`secondary_login` fields ( error ) values (1) on conditions username = johe004 AND company_id = 7
06:32:33   UPDATING data to tables `time2vie_cirruscommon`.`login` fields ( login, last_time ) values (0, 2020-10-13 06:32:33) on conditions username = 
06:32:33   UPDATING data to tables `log_login` fields ( logout_time ) values (2020-10-13:04:32:33) on conditions id =  AND username = 
06:32:40 nama002  UPDATING data to tables `time2vie_cirruscommon`.`secondary_login` fields ( error ) values (1) on conditions username = nama002 AND company_id = 9
07:43:47   UPDATING data to tables `time2vie_cirruscommon`.`login` fields ( login, last_time ) values (0, 2020-10-13 07:43:47) on conditions username = 
07:43:47   UPDATING data to tables `log_login` fields ( logout_time ) values (2020-10-13:05:43:47) on conditions id =  AND username = 
07:45:21   UPDATING data to tables `time2vie_cirruscommon`.`login` fields ( login, last_time ) values (0, 2020-10-13 07:45:21) on conditions username = 
07:45:21   UPDATING data to tables `log_login` fields ( logout_time ) values (2020-10-13:05:45:21) on conditions id =  AND username = 
08:03:55   UPDATING data to tables `log_login` fields ( logout_time ) values (2020-10-13:06:03:55) on conditions id = 262796 AND username = alba002
08:09:23   UPDATING data to tables `time2vie_cirruscommon`.`login` fields ( login, last_time ) values (0, 2020-10-13 08:09:23) on conditions username = 
08:09:23   UPDATING data to tables `log_login` fields ( logout_time ) values (2020-10-13:06:09:23) on conditions id =  AND username = 
08:12:00   UPDATING data to tables `time2vie_cirruscommon`.`login` fields ( login, last_time ) values (0, 2020-10-13 08:12:00) on conditions username = 
08:12:00   UPDATING data to tables `log_login` fields ( logout_time ) values (2020-10-13:06:12:00) on conditions id =  AND username = 
08:24:19   UPDATING data to tables `time2vie_cirruscommon`.`login` fields ( login, last_time ) values (0, 2020-10-13 08:24:19) on conditions username = 
08:24:19   UPDATING data to tables `log_login` fields ( logout_time ) values (2020-10-13:06:24:19) on conditions id =  AND username = 
08:27:49   UPDATING data to tables `time2vie_cirruscommon`.`login` fields ( login, last_time ) values (0, 2020-10-13 08:27:49) on conditions username = 
08:27:49   UPDATING data to tables `log_login` fields ( logout_time ) values (2020-10-13:06:27:49) on conditions id =  AND username = 
08:28:04 frst001  UPDATING data to tables `time2vie_cirruscommon`.`secondary_login` fields ( error ) values (1) on conditions username = frst001 AND company_id = 1
08:28:43   UPDATING data to tables `time2vie_cirruscommon`.`login` fields ( login, last_time ) values (0, 2020-10-13 08:28:43) on conditions username = 
08:28:43   UPDATING data to tables `log_login` fields ( logout_time ) values (2020-10-13:06:28:43) on conditions id =  AND username = 
08:41:15   UPDATING data to tables `time2vie_cirruscommon`.`login` fields ( login, last_time ) values (0, 2020-10-13 08:41:15) on conditions username = 
08:41:15   UPDATING data to tables `log_login` fields ( logout_time ) values (2020-10-13:06:41:15) on conditions id =  AND username = 
08:46:38   UPDATING data to tables `time2vie_cirruscommon`.`secondary_login` fields ( error ) values (1) on conditions username = sast004 AND company_id = 7
08:46:47 sast004  UPDATING data to tables `time2vie_cirruscommon`.`secondary_login` fields ( error ) values (2) on conditions username = sast004 AND company_id = 7
08:46:51 sast004  UPDATING data to tables `time2vie_cirruscommon`.`secondary_login` fields ( error ) values (3) on conditions username = sast004 AND company_id = 7
08:48:15   UPDATING data to tables `time2vie_cirruscommon`.`secondary_login` fields ( error ) values (1) on conditions username = sast004 AND company_id = 7
09:00:31   UPDATING data to tables `log_login` fields ( logout_time ) values (2020-10-13:07:00:31) on conditions id = 310590 AND username = issp001
09:05:51   UPDATING data to tables `time2vie_cirruscommon`.`login` fields ( login, last_time ) values (0, 2020-10-13 09:05:51) on conditions username = 
09:05:51   UPDATING data to tables `log_login` fields ( logout_time ) values (2020-10-13:07:05:51) on conditions id =  AND username = 
09:17:22   UPDATING data to tables `time2vie_cirruscommon`.`login` fields ( login, last_time ) values (0, 2020-10-13 09:17:22) on conditions username = 
09:17:22   UPDATING data to tables `log_login` fields ( logout_time ) values (2020-10-13:07:17:22) on conditions id =  AND username = 
09:25:19   UPDATING data to tables `log_login` fields ( logout_time ) values (2020-10-13:07:25:19) on conditions id = 310595 AND username = evda006
09:30:03   UPDATING data to tables `time2vie_cirruscommon`.`login` fields ( login, last_time ) values (0, 2020-10-13 09:30:03) on conditions username = 
09:30:03   UPDATING data to tables `log_login` fields ( logout_time ) values (2020-10-13:07:30:03) on conditions id =  AND username = 
09:31:21   UPDATING data to tables `time2vie_cirruscommon`.`login` fields ( login, last_time ) values (0, 2020-10-13 09:31:21) on conditions username = 
09:31:21   UPDATING data to tables `log_login` fields ( logout_time ) values (2020-10-13:07:31:21) on conditions id =  AND username = 
09:31:55   UPDATING data to tables `time2vie_cirruscommon`.`login` fields ( login, last_time ) values (0, 2020-10-13 09:31:55) on conditions username = 
09:31:55   UPDATING data to tables `log_login` fields ( logout_time ) values (2020-10-13:07:31:55) on conditions id =  AND username = 
09:32:26   UPDATING data to tables `time2vie_cirruscommon`.`login` fields ( login, last_time ) values (0, 2020-10-13 09:32:26) on conditions username = 
09:32:26   UPDATING data to tables `log_login` fields ( logout_time ) values (2020-10-13:07:32:26) on conditions id =  AND username = 
09:32:51   UPDATING data to tables `time2vie_cirruscommon`.`login` fields ( login, last_time ) values (0, 2020-10-13 09:32:51) on conditions username = 
09:32:51   UPDATING data to tables `log_login` fields ( logout_time ) values (2020-10-13:07:32:51) on conditions id =  AND username = 
09:33:22   UPDATING data to tables `time2vie_cirruscommon`.`login` fields ( login, last_time ) values (0, 2020-10-13 09:33:22) on conditions username = 
09:33:22   UPDATING data to tables `log_login` fields ( logout_time ) values (2020-10-13:07:33:22) on conditions id =  AND username = 
09:34:22   UPDATING data to tables `time2vie_cirruscommon`.`login` fields ( login, last_time ) values (0, 2020-10-13 09:34:22) on conditions username = 
09:34:22   UPDATING data to tables `log_login` fields ( logout_time ) values (2020-10-13:07:34:22) on conditions id =  AND username = 
09:52:43   UPDATING data to tables `time2vie_cirruscommon`.`login` fields ( login, last_time ) values (0, 2020-10-13 09:52:43) on conditions username = 
09:52:43   UPDATING data to tables `log_login` fields ( logout_time ) values (2020-10-13:07:52:43) on conditions id =  AND username = 
09:56:01   UPDATING data to tables `time2vie_cirruscommon`.`login` fields ( login, last_time ) values (0, 2020-10-13 09:56:01) on conditions username = 
09:56:01   UPDATING data to tables `log_login` fields ( logout_time ) values (2020-10-13:07:56:01) on conditions id =  AND username = 
09:56:46   UPDATING data to tables `time2vie_cirruscommon`.`login` fields ( login, last_time ) values (0, 2020-10-13 09:56:46) on conditions username = 
09:56:46   UPDATING data to tables `log_login` fields ( logout_time ) values (2020-10-13:07:56:46) on conditions id =  AND username = 
10:00:13   UPDATING data to tables `log_login` fields ( logout_time ) values (2020-10-13:08:00:13) on conditions id = 310614 AND username = lino002
10:04:00   UPDATING data to tables `time2vie_cirruscommon`.`login` fields ( login, last_time ) values (0, 2020-10-13 10:04:00) on conditions username = 
10:04:00   UPDATING data to tables `log_login` fields ( logout_time ) values (2020-10-13:08:04:00) on conditions id =  AND username = 
10:07:03   UPDATING data to tables `time2vie_cirruscommon`.`login` fields ( login, last_time ) values (0, 2020-10-13 10:07:03) on conditions username = 
10:07:03   UPDATING data to tables `log_login` fields ( logout_time ) values (2020-10-13:08:07:03) on conditions id =  AND username = 
10:28:04   UPDATING data to tables `time2vie_cirruscommon`.`login` fields ( login, last_time ) values (0, 2020-10-13 10:28:04) on conditions username = 
10:28:04   UPDATING data to tables `log_login` fields ( logout_time ) values (2020-10-13:08:28:04) on conditions id =  AND username = 
10:30:03   UPDATING data to tables `time2vie_cirruscommon`.`login` fields ( login, last_time ) values (0, 2020-10-13 10:30:03) on conditions username = 
10:30:03   UPDATING data to tables `log_login` fields ( logout_time ) values (2020-10-13:08:30:03) on conditions id =  AND username = 
10:30:42   UPDATING data to tables `time2vie_cirruscommon`.`login` fields ( login, last_time ) values (0, 2020-10-13 10:30:42) on conditions username = 
10:30:42   UPDATING data to tables `log_login` fields ( logout_time ) values (2020-10-13:08:30:42) on conditions id =  AND username = 
10:31:42   UPDATING data to tables `time2vie_cirruscommon`.`login` fields ( login, last_time ) values (0, 2020-10-13 10:31:42) on conditions username = 
10:31:42   UPDATING data to tables `log_login` fields ( logout_time ) values (2020-10-13:08:31:42) on conditions id =  AND username = 
10:40:21   UPDATING data to tables `time2vie_cirruscommon`.`login` fields ( login, last_time ) values (0, 2020-10-13 10:40:21) on conditions username = 
10:40:21   UPDATING data to tables `log_login` fields ( logout_time ) values (2020-10-13:08:40:21) on conditions id =  AND username = 
10:43:17   UPDATING data to tables `time2vie_cirruscommon`.`login` fields ( login, last_time ) values (0, 2020-10-13 10:43:17) on conditions username = 
10:43:17   UPDATING data to tables `log_login` fields ( logout_time ) values (2020-10-13:08:43:17) on conditions id =  AND username = 
10:46:22   UPDATING data to tables `time2vie_cirruscommon`.`login` fields ( login, last_time ) values (0, 2020-10-13 10:46:22) on conditions username = 
10:46:22   UPDATING data to tables `log_login` fields ( logout_time ) values (2020-10-13:08:46:22) on conditions id =  AND username = 
10:46:34   UPDATING data to tables `time2vie_cirruscommon`.`login` fields ( login, last_time ) values (0, 2020-10-13 10:46:34) on conditions username = 
10:46:34   UPDATING data to tables `log_login` fields ( logout_time ) values (2020-10-13:08:46:34) on conditions id =  AND username = 
10:46:42   UPDATING data to tables `log_login` fields ( logout_time ) values (2020-10-13:08:46:42) on conditions id = 310630 AND username = solu003
10:56:39   UPDATING data to tables `time2vie_cirruscommon`.`secondary_login` fields ( error ) values (1) on conditions username = wilu001 AND company_id = 9
10:56:53 wilu001  UPDATING data to tables `time2vie_cirruscommon`.`secondary_login` fields ( error ) values (2) on conditions username = wilu001 AND company_id = 9
11:00:09   UPDATING data to tables `time2vie_cirruscommon`.`login` fields ( login, last_time ) values (0, 2020-10-13 11:00:09) on conditions username = 
11:00:09   UPDATING data to tables `log_login` fields ( logout_time ) values (2020-10-13:09:00:09) on conditions id =  AND username = 
11:01:16   UPDATING data to tables `time2vie_cirruscommon`.`login` fields ( login, last_time ) values (0, 2020-10-13 11:01:16) on conditions username = 
11:01:16   UPDATING data to tables `log_login` fields ( logout_time ) values (2020-10-13:09:01:16) on conditions id =  AND username = 
11:03:51   UPDATING data to tables `time2vie_cirruscommon`.`login` fields ( login, last_time ) values (0, 2020-10-13 11:03:51) on conditions username = 
11:03:51   UPDATING data to tables `log_login` fields ( logout_time ) values (2020-10-13:09:03:51) on conditions id =  AND username = 
11:04:27 masj007  UPDATING data to tables `time2vie_cirruscommon`.`secondary_login` fields ( error ) values (1) on conditions username = masj007 AND company_id = 7
11:18:22   UPDATING data to tables `time2vie_cirruscommon`.`login` fields ( login, last_time ) values (0, 2020-10-13 11:18:22) on conditions username = 
11:18:22   UPDATING data to tables `log_login` fields ( logout_time ) values (2020-10-13:09:18:22) on conditions id =  AND username = 
11:20:45   UPDATING data to tables `time2vie_cirruscommon`.`login` fields ( login, last_time ) values (0, 2020-10-13 11:20:45) on conditions username = 
11:20:45   UPDATING data to tables `log_login` fields ( logout_time ) values (2020-10-13:09:20:45) on conditions id =  AND username = 
11:25:39   UPDATING data to tables `time2vie_cirruscommon`.`login` fields ( login, last_time ) values (0, 2020-10-13 11:25:39) on conditions username = 
11:25:39   UPDATING data to tables `log_login` fields ( logout_time ) values (2020-10-13:09:25:39) on conditions id =  AND username = 
11:26:48   UPDATING data to tables `time2vie_cirruscommon`.`login` fields ( login, last_time ) values (0, 2020-10-13 11:26:48) on conditions username = 
11:26:48   UPDATING data to tables `log_login` fields ( logout_time ) values (2020-10-13:09:26:48) on conditions id =  AND username = 
11:29:39   UPDATING data to tables `time2vie_cirruscommon`.`login` fields ( login, last_time ) values (0, 2020-10-13 11:29:39) on conditions username = 
11:29:39   UPDATING data to tables `log_login` fields ( logout_time ) values (2020-10-13:09:29:39) on conditions id =  AND username = 
11:31:09   UPDATING data to tables `time2vie_cirruscommon`.`login` fields ( login, last_time ) values (0, 2020-10-13 11:31:09) on conditions username = 
11:31:09   UPDATING data to tables `log_login` fields ( logout_time ) values (2020-10-13:09:31:09) on conditions id =  AND username = 
11:52:18   UPDATING data to tables `time2vie_cirruscommon`.`login` fields ( login, last_time ) values (0, 2020-10-13 11:52:18) on conditions username = 
11:52:18   UPDATING data to tables `log_login` fields ( logout_time ) values (2020-10-13:09:52:18) on conditions id =  AND username = 
12:11:23   UPDATING data to tables `time2vie_cirruscommon`.`login` fields ( login, last_time ) values (0, 2020-10-13 12:11:23) on conditions username = 
12:11:23   UPDATING data to tables `log_login` fields ( logout_time ) values (2020-10-13:10:11:23) on conditions id =  AND username = 
12:24:10   UPDATING data to tables `time2vie_cirruscommon`.`login` fields ( login, last_time ) values (0, 2020-10-13 12:24:10) on conditions username = 
12:24:10   UPDATING data to tables `log_login` fields ( logout_time ) values (2020-10-13:10:24:10) on conditions id =  AND username = 
12:28:29   UPDATING data to tables `time2vie_cirruscommon`.`login` fields ( login, last_time ) values (0, 2020-10-13 12:28:29) on conditions username = 
12:28:29   UPDATING data to tables `log_login` fields ( logout_time ) values (2020-10-13:10:28:29) on conditions id =  AND username = 
12:31:47   UPDATING data to tables `time2vie_cirruscommon`.`login` fields ( login, last_time ) values (0, 2020-10-13 12:31:47) on conditions username = 
12:31:47   UPDATING data to tables `log_login` fields ( logout_time ) values (2020-10-13:10:31:47) on conditions id =  AND username = 
13:05:47   UPDATING data to tables `time2vie_cirruscommon`.`login` fields ( login, last_time ) values (0, 2020-10-13 13:05:47) on conditions username = 
13:05:47   UPDATING data to tables `log_login` fields ( logout_time ) values (2020-10-13:11:05:47) on conditions id =  AND username = 
13:06:22   UPDATING data to tables `time2vie_cirruscommon`.`login` fields ( login, last_time ) values (0, 2020-10-13 13:06:22) on conditions username = 
13:06:22   UPDATING data to tables `log_login` fields ( logout_time ) values (2020-10-13:11:06:22) on conditions id =  AND username = 
13:15:55   UPDATING data to tables `time2vie_cirruscommon`.`login` fields ( login, last_time ) values (0, 2020-10-13 13:15:55) on conditions username = 
13:15:55   UPDATING data to tables `log_login` fields ( logout_time ) values (2020-10-13:11:15:55) on conditions id =  AND username = 
13:17:31   UPDATING data to tables `time2vie_cirruscommon`.`login` fields ( login, last_time ) values (0, 2020-10-13 13:17:31) on conditions username = 
13:17:31   UPDATING data to tables `log_login` fields ( logout_time ) values (2020-10-13:11:17:31) on conditions id =  AND username = 
13:18:16   UPDATING data to tables `time2vie_cirruscommon`.`login` fields ( login, last_time ) values (0, 2020-10-13 13:18:16) on conditions username = 
13:18:16   UPDATING data to tables `log_login` fields ( logout_time ) values (2020-10-13:11:18:16) on conditions id =  AND username = 
13:24:21   UPDATING data to tables `time2vie_cirruscommon`.`login` fields ( login, last_time ) values (0, 2020-10-13 13:24:21) on conditions username = 
13:24:21   UPDATING data to tables `log_login` fields ( logout_time ) values (2020-10-13:11:24:21) on conditions id =  AND username = 
13:42:06   UPDATING data to tables `time2vie_cirruscommon`.`login` fields ( login, last_time ) values (0, 2020-10-13 13:42:06) on conditions username = 
13:42:06   UPDATING data to tables `log_login` fields ( logout_time ) values (2020-10-13:11:42:06) on conditions id =  AND username = 
14:00:53   UPDATING data to tables `time2vie_cirruscommon`.`login` fields ( login, last_time ) values (0, 2020-10-13 14:00:53) on conditions username = 
14:00:53   UPDATING data to tables `log_login` fields ( logout_time ) values (2020-10-13:12:00:53) on conditions id =  AND username = 
14:14:10   UPDATING data to tables `time2vie_cirruscommon`.`login` fields ( login, last_time ) values (0, 2020-10-13 14:14:10) on conditions username = 
14:14:10   UPDATING data to tables `log_login` fields ( logout_time ) values (2020-10-13:12:14:10) on conditions id =  AND username = 
14:18:13   UPDATING data to tables `time2vie_cirruscommon`.`login` fields ( login, last_time ) values (0, 2020-10-13 14:18:13) on conditions username = 
14:18:13   UPDATING data to tables `log_login` fields ( logout_time ) values (2020-10-13:12:18:13) on conditions id =  AND username = 
14:33:09   UPDATING data to tables `time2vie_cirruscommon`.`login` fields ( login, last_time ) values (0, 2020-10-13 14:33:09) on conditions username = 
14:33:09   UPDATING data to tables `log_login` fields ( logout_time ) values (2020-10-13:12:33:09) on conditions id =  AND username = 
14:33:45   UPDATING data to tables `time2vie_cirruscommon`.`login` fields ( login, last_time ) values (0, 2020-10-13 14:33:45) on conditions username = 
14:33:45   UPDATING data to tables `log_login` fields ( logout_time ) values (2020-10-13:12:33:45) on conditions id =  AND username = 
14:33:52   UPDATING data to tables `time2vie_cirruscommon`.`login` fields ( login, last_time ) values (0, 2020-10-13 14:33:52) on conditions username = 
14:33:52   UPDATING data to tables `log_login` fields ( logout_time ) values (2020-10-13:12:33:52) on conditions id =  AND username = 
14:33:53 rian003  UPDATING data to tables `time2vie_cirruscommon`.`secondary_login` fields ( error ) values (1) on conditions username = rian003 AND company_id = 7
14:35:37   UPDATING data to tables `time2vie_cirruscommon`.`login` fields ( login, last_time ) values (0, 2020-10-13 14:35:37) on conditions username = 
14:35:37   UPDATING data to tables `log_login` fields ( logout_time ) values (2020-10-13:12:35:37) on conditions id =  AND username = 
14:38:30   UPDATING data to tables `time2vie_cirruscommon`.`login` fields ( login, last_time ) values (0, 2020-10-13 14:38:30) on conditions username = 
14:38:30   UPDATING data to tables `log_login` fields ( logout_time ) values (2020-10-13:12:38:30) on conditions id =  AND username = 
14:39:45   UPDATING data to tables `time2vie_cirruscommon`.`login` fields ( login, last_time ) values (0, 2020-10-13 14:39:45) on conditions username = 
14:39:45   UPDATING data to tables `log_login` fields ( logout_time ) values (2020-10-13:12:39:45) on conditions id =  AND username = 
14:45:34 lihe007  UPDATING data to tables `time2vie_cirruscommon`.`secondary_login` fields ( error ) values (1) on conditions username = lihe007 AND company_id = 9
14:55:17   UPDATING data to tables `time2vie_cirruscommon`.`login` fields ( login, last_time ) values (0, 2020-10-13 14:55:17) on conditions username = 
14:55:17   UPDATING data to tables `log_login` fields ( logout_time ) values (2020-10-13:12:55:17) on conditions id =  AND username = 
14:56:12   UPDATING data to tables `time2vie_cirruscommon`.`login` fields ( login, last_time ) values (0, 2020-10-13 14:56:12) on conditions username = 
14:56:12   UPDATING data to tables `log_login` fields ( logout_time ) values (2020-10-13:12:56:12) on conditions id =  AND username = 
14:56:26 ezkr001  UPDATING data to tables `time2vie_cirruscommon`.`secondary_login` fields ( error ) values (1) on conditions username = ezkr001 AND company_id = 3
14:57:33   UPDATING data to tables `time2vie_cirruscommon`.`login` fields ( login, last_time ) values (0, 2020-10-13 14:57:33) on conditions username = 
14:57:33   UPDATING data to tables `log_login` fields ( logout_time ) values (2020-10-13:12:57:33) on conditions id =  AND username = 
14:57:42 sabi002  UPDATING data to tables `time2vie_cirruscommon`.`secondary_login` fields ( error ) values (1) on conditions username = sabi002 AND company_id = 7
15:01:05   UPDATING data to tables `time2vie_cirruscommon`.`login` fields ( login, last_time ) values (0, 2020-10-13 15:01:05) on conditions username = 
15:01:05   UPDATING data to tables `log_login` fields ( logout_time ) values (2020-10-13:13:01:05) on conditions id =  AND username = 
15:16:24   UPDATING data to tables `time2vie_cirruscommon`.`login` fields ( login, last_time ) values (0, 2020-10-13 15:16:24) on conditions username = 
15:16:24   UPDATING data to tables `log_login` fields ( logout_time ) values (2020-10-13:13:16:24) on conditions id =  AND username = 
15:16:33 ansj001  UPDATING data to tables `time2vie_cirruscommon`.`secondary_login` fields ( error ) values (1) on conditions username = ansj001 AND company_id = 5
15:43:03   UPDATING data to tables `time2vie_cirruscommon`.`secondary_login` fields ( error ) values (1) on conditions username = masa011 AND company_id = 9
15:44:27   UPDATING data to tables `log_login` fields ( logout_time ) values (2020-10-13:13:44:27) on conditions id = 54053 AND username = inlj001
15:45:16   UPDATING data to tables `time2vie_cirruscommon`.`login` fields ( login, last_time ) values (0, 2020-10-13 15:45:16) on conditions username = 
15:45:16   UPDATING data to tables `log_login` fields ( logout_time ) values (2020-10-13:13:45:16) on conditions id =  AND username = 
16:08:48   UPDATING data to tables `time2vie_cirruscommon`.`login` fields ( login, last_time ) values (0, 2020-10-13 16:08:48) on conditions username = 
16:08:48   UPDATING data to tables `log_login` fields ( logout_time ) values (2020-10-13:14:08:48) on conditions id =  AND username = 
16:17:05   UPDATING data to tables `time2vie_cirruscommon`.`login` fields ( login, last_time ) values (0, 2020-10-13 16:17:05) on conditions username = 
16:17:05   UPDATING data to tables `log_login` fields ( logout_time ) values (2020-10-13:14:17:05) on conditions id =  AND username = 
16:24:39   UPDATING data to tables `time2vie_cirruscommon`.`secondary_login` fields ( error ) values (1) on conditions username = besl001 AND company_id = 3
16:32:33   UPDATING data to tables `time2vie_cirruscommon`.`login` fields ( login, last_time ) values (0, 2020-10-13 16:32:33) on conditions username = 
16:32:33   UPDATING data to tables `log_login` fields ( logout_time ) values (2020-10-13:14:32:33) on conditions id =  AND username = 
16:32:44   UPDATING data to tables `time2vie_cirruscommon`.`login` fields ( login, last_time ) values (0, 2020-10-13 16:32:44) on conditions username = 
16:32:44   UPDATING data to tables `log_login` fields ( logout_time ) values (2020-10-13:14:32:44) on conditions id =  AND username = 
16:45:46   UPDATING data to tables `time2vie_cirruscommon`.`login` fields ( login, last_time ) values (0, 2020-10-13 16:45:46) on conditions username = 
16:45:46   UPDATING data to tables `log_login` fields ( logout_time ) values (2020-10-13:14:45:46) on conditions id =  AND username = 
16:54:00   UPDATING data to tables `time2vie_cirruscommon`.`login` fields ( login, last_time ) values (0, 2020-10-13 16:54:00) on conditions username = 
16:54:00   UPDATING data to tables `log_login` fields ( logout_time ) values (2020-10-13:14:54:00) on conditions id =  AND username = 
16:55:05   UPDATING data to tables `time2vie_cirruscommon`.`login` fields ( login, last_time ) values (0, 2020-10-13 16:55:05) on conditions username = 
16:55:05   UPDATING data to tables `log_login` fields ( logout_time ) values (2020-10-13:14:55:05) on conditions id =  AND username = 
17:09:10   UPDATING data to tables `time2vie_cirruscommon`.`login` fields ( login, last_time ) values (0, 2020-10-13 17:09:10) on conditions username = 
17:09:10   UPDATING data to tables `log_login` fields ( logout_time ) values (2020-10-13:15:09:10) on conditions id =  AND username = 
17:25:08   UPDATING data to tables `time2vie_cirruscommon`.`login` fields ( login, last_time ) values (0, 2020-10-13 17:25:08) on conditions username = 
17:25:08   UPDATING data to tables `log_login` fields ( logout_time ) values (2020-10-13:15:25:08) on conditions id =  AND username = 
17:47:01   UPDATING data to tables `time2vie_cirruscommon`.`login` fields ( login, last_time ) values (0, 2020-10-13 17:47:01) on conditions username = 
17:47:01   UPDATING data to tables `log_login` fields ( logout_time ) values (2020-10-13:15:47:01) on conditions id =  AND username = 
17:49:56   UPDATING data to tables `time2vie_cirruscommon`.`login` fields ( login, last_time ) values (0, 2020-10-13 17:49:56) on conditions username = 
17:49:56   UPDATING data to tables `log_login` fields ( logout_time ) values (2020-10-13:15:49:56) on conditions id =  AND username = 
17:51:04   UPDATING data to tables `time2vie_cirruscommon`.`login` fields ( login, last_time ) values (0, 2020-10-13 17:51:04) on conditions username = 
17:51:04   UPDATING data to tables `log_login` fields ( logout_time ) values (2020-10-13:15:51:04) on conditions id =  AND username = 
17:53:23   UPDATING data to tables `time2vie_cirruscommon`.`secondary_login` fields ( error ) values (1) on conditions username = masa011 AND company_id = 9
17:59:54   UPDATING data to tables `time2vie_cirruscommon`.`login` fields ( login, last_time ) values (0, 2020-10-13 17:59:54) on conditions username = 
17:59:54   UPDATING data to tables `log_login` fields ( logout_time ) values (2020-10-13:15:59:54) on conditions id =  AND username = 
18:11:55   UPDATING data to tables `time2vie_cirruscommon`.`login` fields ( login, last_time ) values (0, 2020-10-13 18:11:55) on conditions username = 
18:11:55   UPDATING data to tables `log_login` fields ( logout_time ) values (2020-10-13:16:11:55) on conditions id =  AND username = 
18:16:34   UPDATING data to tables `time2vie_cirruscommon`.`login` fields ( login, last_time ) values (0, 2020-10-13 18:16:34) on conditions username = 
18:16:34   UPDATING data to tables `log_login` fields ( logout_time ) values (2020-10-13:16:16:34) on conditions id =  AND username = 
18:22:29   UPDATING data to tables `time2vie_cirruscommon`.`secondary_login` fields ( error ) values (1) on conditions username = sast004 AND company_id = 7
18:28:09   UPDATING data to tables `time2vie_cirruscommon`.`login` fields ( login, last_time ) values (0, 2020-10-13 18:28:09) on conditions username = 
18:28:09   UPDATING data to tables `log_login` fields ( logout_time ) values (2020-10-13:16:28:09) on conditions id =  AND username = 
18:41:46   UPDATING data to tables `time2vie_cirruscommon`.`secondary_login` fields ( error ) values (1) on conditions username = masa011 AND company_id = 9
18:48:23   UPDATING data to tables `time2vie_cirruscommon`.`login` fields ( login, last_time ) values (0, 2020-10-13 18:48:23) on conditions username = 
18:48:23   UPDATING data to tables `log_login` fields ( logout_time ) values (2020-10-13:16:48:23) on conditions id =  AND username = 
19:35:58   UPDATING data to tables `time2vie_cirruscommon`.`login` fields ( login, last_time ) values (0, 2020-10-13 19:35:58) on conditions username = 
19:35:58   UPDATING data to tables `log_login` fields ( logout_time ) values (2020-10-13:17:35:58) on conditions id =  AND username = 
19:57:36   UPDATING data to tables `time2vie_cirruscommon`.`login` fields ( login, last_time ) values (0, 2020-10-13 19:57:36) on conditions username = 
19:57:36   UPDATING data to tables `log_login` fields ( logout_time ) values (2020-10-13:17:57:36) on conditions id =  AND username = 
20:03:39   UPDATING data to tables `time2vie_cirruscommon`.`login` fields ( login, last_time ) values (0, 2020-10-13 20:03:39) on conditions username = 
20:03:39   UPDATING data to tables `log_login` fields ( logout_time ) values (2020-10-13:18:03:39) on conditions id =  AND username = 
20:16:08   UPDATING data to tables `time2vie_cirruscommon`.`login` fields ( login, last_time ) values (0, 2020-10-13 20:16:08) on conditions username = 
20:16:08   UPDATING data to tables `log_login` fields ( logout_time ) values (2020-10-13:18:16:08) on conditions id =  AND username = 
20:27:44   UPDATING data to tables `time2vie_cirruscommon`.`secondary_login` fields ( error ) values (1) on conditions username = masa011 AND company_id = 9
20:48:16   UPDATING data to tables `time2vie_cirruscommon`.`login` fields ( login, last_time ) values (0, 2020-10-13 20:48:16) on conditions username = 
20:48:16   UPDATING data to tables `log_login` fields ( logout_time ) values (2020-10-13:18:48:16) on conditions id =  AND username = 
20:55:36   UPDATING data to tables `time2vie_cirruscommon`.`login` fields ( login, last_time ) values (0, 2020-10-13 20:55:36) on conditions username = 
20:55:36   UPDATING data to tables `log_login` fields ( logout_time ) values (2020-10-13:18:55:36) on conditions id =  AND username = 
20:56:14   UPDATING data to tables `time2vie_cirruscommon`.`login` fields ( login, last_time ) values (0, 2020-10-13 20:56:14) on conditions username = 
20:56:14   UPDATING data to tables `log_login` fields ( logout_time ) values (2020-10-13:18:56:14) on conditions id =  AND username = 
21:07:32   UPDATING data to tables `time2vie_cirruscommon`.`login` fields ( login, last_time ) values (0, 2020-10-13 21:07:32) on conditions username = 
21:07:32   UPDATING data to tables `log_login` fields ( logout_time ) values (2020-10-13:19:07:32) on conditions id =  AND username = 
22:03:13   UPDATING data to tables `time2vie_cirruscommon`.`login` fields ( login, last_time ) values (0, 2020-10-13 22:03:13) on conditions username = 
22:03:13   UPDATING data to tables `log_login` fields ( logout_time ) values (2020-10-13:20:03:13) on conditions id =  AND username = 
22:03:34 bipe002  UPDATING data to tables `time2vie_cirruscommon`.`secondary_login` fields ( error ) values (1) on conditions username = bipe002 AND company_id = 12
22:04:30   UPDATING data to tables `time2vie_cirruscommon`.`login` fields ( login, last_time ) values (0, 2020-10-13 22:04:30) on conditions username = 
22:04:30   UPDATING data to tables `log_login` fields ( logout_time ) values (2020-10-13:20:04:30) on conditions id =  AND username = 
22:09:18   UPDATING data to tables `time2vie_cirruscommon`.`login` fields ( login, last_time ) values (0, 2020-10-13 22:09:18) on conditions username = 
22:09:18   UPDATING data to tables `log_login` fields ( logout_time ) values (2020-10-13:20:09:18) on conditions id =  AND username = 
22:13:57   UPDATING data to tables `log_login` fields ( logout_time ) values (2020-10-13:20:13:57) on conditions id = 310710 AND username = emni001
22:19:35   UPDATING data to tables `time2vie_cirruscommon`.`login` fields ( login, last_time ) values (0, 2020-10-13 22:19:35) on conditions username = 
22:19:35   UPDATING data to tables `log_login` fields ( logout_time ) values (2020-10-13:20:19:35) on conditions id =  AND username = 
22:34:38   UPDATING data to tables `time2vie_cirruscommon`.`secondary_login` fields ( error ) values (1) on conditions username = time002 AND company_id = 20
22:35:25   UPDATING data to tables `time2vie_cirruscommon`.`secondary_login` fields ( error ) values (1) on conditions username = time002 AND company_id = 20
23:06:22   UPDATING data to tables `time2vie_cirruscommon`.`login` fields ( login, last_time ) values (0, 2020-10-13 23:06:22) on conditions username = 
23:06:22   UPDATING data to tables `log_login` fields ( logout_time ) values (2020-10-13:21:06:22) on conditions id =  AND username = 
00:59:43   UPDATING data to tables `time2vie_cirruscommon`.`login` fields ( login, last_time ) values (0, 2020-10-14 00:59:43) on conditions username = 
00:59:43   UPDATING data to tables `log_login` fields ( logout_time ) values (2020-10-13:22:59:43) on conditions id =  AND username = 
