05:36:05   UPDATING data to tables `log_login` fields ( logout_time ) values (2020-10-06:03:36:05) on conditions id = 53832 AND username = irfl001
06:43:37   UPDATING data to tables `time2vie_cirruscommon`.`login` fields ( login, last_time ) values (0, 2020-10-06 06:43:37) on conditions username = 
06:43:37   UPDATING data to tables `log_login` fields ( logout_time ) values (2020-10-06:04:43:37) on conditions id =  AND username = 
06:45:24   UPDATING data to tables `time2vie_cirruscommon`.`login` fields ( login, last_time ) values (0, 2020-10-06 06:45:24) on conditions username = 
06:45:24   UPDATING data to tables `log_login` fields ( logout_time ) values (2020-10-06:04:45:24) on conditions id =  AND username = 
06:47:05   UPDATING data to tables `time2vie_cirruscommon`.`login` fields ( login, last_time ) values (0, 2020-10-06 06:47:05) on conditions username = 
06:47:05   UPDATING data to tables `log_login` fields ( logout_time ) values (2020-10-06:04:47:05) on conditions id =  AND username = 
07:13:32   UPDATING data to tables `time2vie_cirruscommon`.`login` fields ( login, last_time ) values (0, 2020-10-06 07:13:32) on conditions username = 
07:13:32   UPDATING data to tables `log_login` fields ( logout_time ) values (2020-10-06:05:13:32) on conditions id =  AND username = 
07:21:37   UPDATING data to tables `time2vie_cirruscommon`.`secondary_login` fields ( error ) values (1) on conditions username = tokl001 AND company_id = 9
07:22:21 tokl001  UPDATING data to tables `time2vie_cirruscommon`.`secondary_login` fields ( error ) values (2) on conditions username = tokl001 AND company_id = 9
07:36:45   UPDATING data to tables `time2vie_cirruscommon`.`login` fields ( login, last_time ) values (0, 2020-10-06 07:36:45) on conditions username = 
07:36:45   UPDATING data to tables `log_login` fields ( logout_time ) values (2020-10-06:05:36:45) on conditions id =  AND username = 
07:43:05   UPDATING data to tables `time2vie_cirruscommon`.`login` fields ( login, last_time ) values (0, 2020-10-06 07:43:05) on conditions username = 
07:43:05   UPDATING data to tables `log_login` fields ( logout_time ) values (2020-10-06:05:43:05) on conditions id =  AND username = 
07:47:24   UPDATING data to tables `time2vie_cirruscommon`.`secondary_login` fields ( error ) values (1) on conditions username = erer003 AND company_id = 12
08:10:58   UPDATING data to tables `time2vie_cirruscommon`.`login` fields ( login, last_time ) values (0, 2020-10-06 08:10:58) on conditions username = 
08:10:58   UPDATING data to tables `log_login` fields ( logout_time ) values (2020-10-06:06:10:58) on conditions id =  AND username = 
08:29:32   UPDATING data to tables `time2vie_cirruscommon`.`login` fields ( login, last_time ) values (0, 2020-10-06 08:29:32) on conditions username = 
08:29:32   UPDATING data to tables `log_login` fields ( logout_time ) values (2020-10-06:06:29:32) on conditions id =  AND username = 
08:30:24   UPDATING data to tables `time2vie_cirruscommon`.`login` fields ( login, last_time ) values (0, 2020-10-06 08:30:24) on conditions username = 
08:30:24   UPDATING data to tables `log_login` fields ( logout_time ) values (2020-10-06:06:30:24) on conditions id =  AND username = 
08:48:29   UPDATING data to tables `time2vie_cirruscommon`.`login` fields ( login, last_time ) values (0, 2020-10-06 08:48:29) on conditions username = 
08:48:29   UPDATING data to tables `log_login` fields ( logout_time ) values (2020-10-06:06:48:29) on conditions id =  AND username = 
08:51:52   UPDATING data to tables `time2vie_cirruscommon`.`login` fields ( login, last_time ) values (0, 2020-10-06 08:51:52) on conditions username = 
08:51:52   UPDATING data to tables `log_login` fields ( logout_time ) values (2020-10-06:06:51:52) on conditions id =  AND username = 
08:59:02   UPDATING data to tables `log_login` fields ( logout_time ) values (2020-10-06:06:59:02) on conditions id = 53837 AND username = inlj001
09:28:01   UPDATING data to tables `time2vie_cirruscommon`.`login` fields ( login, last_time ) values (0, 2020-10-06 09:28:01) on conditions username = 
09:28:01   UPDATING data to tables `log_login` fields ( logout_time ) values (2020-10-06:07:28:01) on conditions id =  AND username = 
09:42:15   UPDATING data to tables `time2vie_cirruscommon`.`secondary_login` fields ( error ) values (1) on conditions username = masa011 AND company_id = 9
10:08:14   UPDATING data to tables `time2vie_cirruscommon`.`login` fields ( login, last_time ) values (0, 2020-10-06 10:08:14) on conditions username = 
10:08:14   UPDATING data to tables `log_login` fields ( logout_time ) values (2020-10-06:08:08:14) on conditions id =  AND username = 
10:12:48   UPDATING data to tables `time2vie_cirruscommon`.`secondary_login` fields ( error ) values (1) on conditions username = masa011 AND company_id = 9
10:20:21   UPDATING data to tables `time2vie_cirruscommon`.`login` fields ( login, last_time ) values (0, 2020-10-06 10:20:21) on conditions username = 
10:20:21   UPDATING data to tables `log_login` fields ( logout_time ) values (2020-10-06:08:20:21) on conditions id =  AND username = 
10:37:33   UPDATING data to tables `time2vie_cirruscommon`.`login` fields ( login, last_time ) values (0, 2020-10-06 10:37:33) on conditions username = 
10:37:33   UPDATING data to tables `log_login` fields ( logout_time ) values (2020-10-06:08:37:33) on conditions id =  AND username = 
10:42:50   UPDATING data to tables `time2vie_cirruscommon`.`login` fields ( login, last_time ) values (0, 2020-10-06 10:42:50) on conditions username = 
10:42:50   UPDATING data to tables `log_login` fields ( logout_time ) values (2020-10-06:08:42:50) on conditions id =  AND username = 
10:57:13   UPDATING data to tables `time2vie_cirruscommon`.`login` fields ( login, last_time ) values (0, 2020-10-06 10:57:13) on conditions username = 
10:57:13   UPDATING data to tables `log_login` fields ( logout_time ) values (2020-10-06:08:57:13) on conditions id =  AND username = 
10:59:23   UPDATING data to tables `time2vie_cirruscommon`.`login` fields ( login, last_time ) values (0, 2020-10-06 10:59:23) on conditions username = 
10:59:23   UPDATING data to tables `log_login` fields ( logout_time ) values (2020-10-06:08:59:23) on conditions id =  AND username = 
11:02:14   UPDATING data to tables `time2vie_cirruscommon`.`login` fields ( login, last_time ) values (0, 2020-10-06 11:02:14) on conditions username = 
11:02:14   UPDATING data to tables `log_login` fields ( logout_time ) values (2020-10-06:09:02:14) on conditions id =  AND username = 
11:02:18   UPDATING data to tables `time2vie_cirruscommon`.`login` fields ( login, last_time ) values (0, 2020-10-06 11:02:18) on conditions username = 
11:02:18   UPDATING data to tables `log_login` fields ( logout_time ) values (2020-10-06:09:02:18) on conditions id =  AND username = 
11:12:13   UPDATING data to tables `time2vie_cirruscommon`.`login` fields ( login, last_time ) values (0, 2020-10-06 11:12:13) on conditions username = 
11:12:13   UPDATING data to tables `log_login` fields ( logout_time ) values (2020-10-06:09:12:13) on conditions id =  AND username = 
11:13:19   UPDATING data to tables `time2vie_cirruscommon`.`login` fields ( login, last_time ) values (0, 2020-10-06 11:13:19) on conditions username = 
11:13:19   UPDATING data to tables `log_login` fields ( logout_time ) values (2020-10-06:09:13:19) on conditions id =  AND username = 
11:36:07   UPDATING data to tables `time2vie_cirruscommon`.`login` fields ( login, last_time ) values (0, 2020-10-06 11:36:07) on conditions username = 
11:36:07   UPDATING data to tables `log_login` fields ( logout_time ) values (2020-10-06:09:36:07) on conditions id =  AND username = 
11:39:51   UPDATING data to tables `time2vie_cirruscommon`.`login` fields ( login, last_time ) values (0, 2020-10-06 11:39:51) on conditions username = 
11:39:51   UPDATING data to tables `log_login` fields ( logout_time ) values (2020-10-06:09:39:51) on conditions id =  AND username = 
11:44:10   UPDATING data to tables `time2vie_cirruscommon`.`login` fields ( login, last_time ) values (0, 2020-10-06 11:44:10) on conditions username = 
11:44:10   UPDATING data to tables `log_login` fields ( logout_time ) values (2020-10-06:09:44:10) on conditions id =  AND username = 
11:45:01   UPDATING data to tables `time2vie_cirruscommon`.`login` fields ( login, last_time ) values (0, 2020-10-06 11:45:01) on conditions username = 
11:45:01   UPDATING data to tables `log_login` fields ( logout_time ) values (2020-10-06:09:45:01) on conditions id =  AND username = 
12:09:44   UPDATING data to tables `time2vie_cirruscommon`.`login` fields ( login, last_time ) values (0, 2020-10-06 12:09:44) on conditions username = 
12:09:44   UPDATING data to tables `log_login` fields ( logout_time ) values (2020-10-06:10:09:44) on conditions id =  AND username = 
12:21:03   UPDATING data to tables `time2vie_cirruscommon`.`login` fields ( login, last_time ) values (0, 2020-10-06 12:21:03) on conditions username = 
12:21:03   UPDATING data to tables `log_login` fields ( logout_time ) values (2020-10-06:10:21:03) on conditions id =  AND username = 
12:40:07   UPDATING data to tables `time2vie_cirruscommon`.`login` fields ( login, last_time ) values (0, 2020-10-06 12:40:07) on conditions username = 
12:40:07   UPDATING data to tables `log_login` fields ( logout_time ) values (2020-10-06:10:40:07) on conditions id =  AND username = 
13:01:29   UPDATING data to tables `time2vie_cirruscommon`.`login` fields ( login, last_time ) values (0, 2020-10-06 13:01:29) on conditions username = 
13:01:29   UPDATING data to tables `log_login` fields ( logout_time ) values (2020-10-06:11:01:29) on conditions id =  AND username = 
13:13:14   UPDATING data to tables `time2vie_cirruscommon`.`login` fields ( login, last_time ) values (0, 2020-10-06 13:13:14) on conditions username = 
13:13:14   UPDATING data to tables `log_login` fields ( logout_time ) values (2020-10-06:11:13:14) on conditions id =  AND username = 
13:19:43   UPDATING data to tables `time2vie_cirruscommon`.`secondary_login` fields ( error ) values (1) on conditions username = ezkr001 AND company_id = 3
13:20:28   UPDATING data to tables `time2vie_cirruscommon`.`login` fields ( login, last_time ) values (0, 2020-10-06 13:20:28) on conditions username = 
13:20:28   UPDATING data to tables `log_login` fields ( logout_time ) values (2020-10-06:11:20:28) on conditions id =  AND username = 
13:21:49 ezkr001  UPDATING data to tables `time2vie_cirruscommon`.`secondary_login` fields ( error ) values (2) on conditions username = ezkr001 AND company_id = 3
13:46:06   UPDATING data to tables `time2vie_cirruscommon`.`login` fields ( login, last_time ) values (0, 2020-10-06 13:46:06) on conditions username = 
13:46:06   UPDATING data to tables `log_login` fields ( logout_time ) values (2020-10-06:11:46:06) on conditions id =  AND username = 
13:46:15   UPDATING data to tables `time2vie_cirruscommon`.`login` fields ( login, last_time ) values (0, 2020-10-06 13:46:15) on conditions username = 
13:46:15   UPDATING data to tables `log_login` fields ( logout_time ) values (2020-10-06:11:46:15) on conditions id =  AND username = 
13:51:26   UPDATING data to tables `time2vie_cirruscommon`.`secondary_login` fields ( error ) values (1) on conditions username = maol008 AND company_id = 13
13:51:26   UPDATING data to tables `time2vie_cirruscommon`.`secondary_login` fields ( error ) values (2) on conditions username = maol008 AND company_id = 13
13:51:26   UPDATING data to tables `time2vie_cirruscommon`.`secondary_login` fields ( error ) values (3) on conditions username = maol008 AND company_id = 13
13:51:26   UPDATING data to tables `time2vie_cirruscommon`.`secondary_login` fields ( error ) values (4) on conditions username = maol008 AND company_id = 13
13:51:27   UPDATING data to tables `time2vie_cirruscommon`.`secondary_login` fields ( error ) values (5) on conditions username = maol008 AND company_id = 13
13:51:27   UPDATING data to tables `time2vie_cirruscommon`.`secondary_login` fields ( error ) values (6) on conditions username = maol008 AND company_id = 13
13:51:27   UPDATING data to tables `time2vie_cirruscommon`.`secondary_login` fields ( error ) values (7) on conditions username = maol008 AND company_id = 13
13:51:27   UPDATING data to tables `time2vie_cirruscommon`.`secondary_login` fields ( error ) values (8) on conditions username = maol008 AND company_id = 13
13:51:27   UPDATING data to tables `time2vie_cirruscommon`.`secondary_login` fields ( error ) values (9) on conditions username = maol008 AND company_id = 13
13:51:28   UPDATING data to tables `time2vie_cirruscommon`.`secondary_login` fields ( error ) values (10) on conditions username = maol008 AND company_id = 13
13:51:28   UPDATING data to tables `time2vie_cirruscommon`.`secondary_login` fields ( error ) values (11) on conditions username = maol008 AND company_id = 13
13:51:28   UPDATING data to tables `time2vie_cirruscommon`.`secondary_login` fields ( error ) values (12) on conditions username = maol008 AND company_id = 13
13:51:28   UPDATING data to tables `time2vie_cirruscommon`.`secondary_login` fields ( error ) values (13) on conditions username = maol008 AND company_id = 13
13:51:29   UPDATING data to tables `time2vie_cirruscommon`.`secondary_login` fields ( error ) values (14) on conditions username = maol008 AND company_id = 13
13:51:29   UPDATING data to tables `time2vie_cirruscommon`.`secondary_login` fields ( error ) values (15) on conditions username = maol008 AND company_id = 13
13:51:29   UPDATING data to tables `time2vie_cirruscommon`.`secondary_login` fields ( error ) values (16) on conditions username = maol008 AND company_id = 13
13:51:29   UPDATING data to tables `time2vie_cirruscommon`.`secondary_login` fields ( error ) values (17) on conditions username = maol008 AND company_id = 13
13:58:07   UPDATING data to tables `time2vie_cirruscommon`.`login` fields ( login, last_time ) values (0, 2020-10-06 13:58:07) on conditions username = 
13:58:07   UPDATING data to tables `log_login` fields ( logout_time ) values (2020-10-06:11:58:07) on conditions id =  AND username = 
14:09:04   UPDATING data to tables `time2vie_cirruscommon`.`login` fields ( login, last_time ) values (0, 2020-10-06 14:09:04) on conditions username = 
14:09:04   UPDATING data to tables `log_login` fields ( logout_time ) values (2020-10-06:12:09:04) on conditions id =  AND username = 
14:14:14   UPDATING data to tables `time2vie_cirruscommon`.`login` fields ( login, last_time ) values (0, 2020-10-06 14:14:14) on conditions username = 
14:14:14   UPDATING data to tables `log_login` fields ( logout_time ) values (2020-10-06:12:14:14) on conditions id =  AND username = 
14:39:11   UPDATING data to tables `time2vie_cirruscommon`.`login` fields ( login, last_time ) values (0, 2020-10-06 14:39:11) on conditions username = 
14:39:11   UPDATING data to tables `log_login` fields ( logout_time ) values (2020-10-06:12:39:11) on conditions id =  AND username = 
14:42:15   UPDATING data to tables `time2vie_cirruscommon`.`login` fields ( login, last_time ) values (0, 2020-10-06 14:42:15) on conditions username = 
14:42:15   UPDATING data to tables `log_login` fields ( logout_time ) values (2020-10-06:12:42:15) on conditions id =  AND username = 
14:52:36   UPDATING data to tables `time2vie_cirruscommon`.`login` fields ( login, last_time ) values (0, 2020-10-06 14:52:36) on conditions username = 
14:52:36   UPDATING data to tables `log_login` fields ( logout_time ) values (2020-10-06:12:52:36) on conditions id =  AND username = 
15:21:32   UPDATING data to tables `time2vie_cirruscommon`.`login` fields ( login, last_time ) values (0, 2020-10-06 15:21:32) on conditions username = 
15:21:32   UPDATING data to tables `log_login` fields ( logout_time ) values (2020-10-06:13:21:32) on conditions id =  AND username = 
15:22:47   UPDATING data to tables `time2vie_cirruscommon`.`login` fields ( login, last_time ) values (0, 2020-10-06 15:22:47) on conditions username = 
15:22:47   UPDATING data to tables `log_login` fields ( logout_time ) values (2020-10-06:13:22:47) on conditions id =  AND username = 
15:26:09   UPDATING data to tables `time2vie_cirruscommon`.`login` fields ( login, last_time ) values (0, 2020-10-06 15:26:09) on conditions username = 
15:26:09   UPDATING data to tables `log_login` fields ( logout_time ) values (2020-10-06:13:26:09) on conditions id =  AND username = 
15:30:31   UPDATING data to tables `time2vie_cirruscommon`.`login` fields ( login, last_time ) values (0, 2020-10-06 15:30:31) on conditions username = 
15:30:31   UPDATING data to tables `log_login` fields ( logout_time ) values (2020-10-06:13:30:31) on conditions id =  AND username = 
15:47:33   UPDATING data to tables `time2vie_cirruscommon`.`login` fields ( login, last_time ) values (0, 2020-10-06 15:47:33) on conditions username = 
15:47:33   UPDATING data to tables `log_login` fields ( logout_time ) values (2020-10-06:13:47:33) on conditions id =  AND username = 
15:56:38   UPDATING data to tables `time2vie_cirruscommon`.`secondary_login` fields ( error ) values (1) on conditions username = pioh001 AND company_id = 9
15:57:44 pioh001  UPDATING data to tables `time2vie_cirruscommon`.`secondary_login` fields ( error ) values (2) on conditions username = pioh001 AND company_id = 9
16:10:17   UPDATING data to tables `time2vie_cirruscommon`.`login` fields ( login, last_time ) values (0, 2020-10-06 16:10:17) on conditions username = 
16:10:17   UPDATING data to tables `log_login` fields ( logout_time ) values (2020-10-06:14:10:17) on conditions id =  AND username = 
16:16:43   UPDATING data to tables `time2vie_cirruscommon`.`login` fields ( login, last_time ) values (0, 2020-10-06 16:16:43) on conditions username = 
16:16:43   UPDATING data to tables `log_login` fields ( logout_time ) values (2020-10-06:14:16:43) on conditions id =  AND username = 
16:19:41   UPDATING data to tables `time2vie_cirruscommon`.`login` fields ( login, last_time ) values (0, 2020-10-06 16:19:41) on conditions username = 
16:19:41   UPDATING data to tables `log_login` fields ( logout_time ) values (2020-10-06:14:19:41) on conditions id =  AND username = 
16:38:24   UPDATING data to tables `time2vie_cirruscommon`.`login` fields ( login, last_time ) values (0, 2020-10-06 16:38:24) on conditions username = 
16:38:24   UPDATING data to tables `log_login` fields ( logout_time ) values (2020-10-06:14:38:24) on conditions id =  AND username = 
16:40:39   UPDATING data to tables `time2vie_cirruscommon`.`login` fields ( login, last_time ) values (0, 2020-10-06 16:40:39) on conditions username = 
16:40:39   UPDATING data to tables `log_login` fields ( logout_time ) values (2020-10-06:14:40:39) on conditions id =  AND username = 
16:40:47 idak001  UPDATING data to tables `time2vie_cirruscommon`.`secondary_login` fields ( error ) values (1) on conditions username = idak001 AND company_id = 9
16:41:09   UPDATING data to tables `time2vie_cirruscommon`.`login` fields ( login, last_time ) values (0, 2020-10-06 16:41:09) on conditions username = 
16:41:09   UPDATING data to tables `log_login` fields ( logout_time ) values (2020-10-06:14:41:09) on conditions id =  AND username = 
16:45:19   UPDATING data to tables `log_login` fields ( logout_time ) values (2020-10-06:14:45:19) on conditions id = 309675 AND username = idak001
16:52:42   UPDATING data to tables `time2vie_cirruscommon`.`login` fields ( login, last_time ) values (0, 2020-10-06 16:52:42) on conditions username = 
16:52:42   UPDATING data to tables `log_login` fields ( logout_time ) values (2020-10-06:14:52:42) on conditions id =  AND username = 
16:56:28   UPDATING data to tables `time2vie_cirruscommon`.`login` fields ( login, last_time ) values (0, 2020-10-06 16:56:28) on conditions username = 
16:56:28   UPDATING data to tables `log_login` fields ( logout_time ) values (2020-10-06:14:56:28) on conditions id =  AND username = 
17:15:43   UPDATING data to tables `time2vie_cirruscommon`.`login` fields ( login, last_time ) values (0, 2020-10-06 17:15:43) on conditions username = 
17:15:43   UPDATING data to tables `log_login` fields ( logout_time ) values (2020-10-06:15:15:43) on conditions id =  AND username = 
17:26:05   UPDATING data to tables `time2vie_cirruscommon`.`login` fields ( login, last_time ) values (0, 2020-10-06 17:26:05) on conditions username = 
17:26:05   UPDATING data to tables `log_login` fields ( logout_time ) values (2020-10-06:15:26:05) on conditions id =  AND username = 
17:33:50   UPDATING data to tables `time2vie_cirruscommon`.`login` fields ( login, last_time ) values (0, 2020-10-06 17:33:50) on conditions username = 
17:33:50   UPDATING data to tables `log_login` fields ( logout_time ) values (2020-10-06:15:33:50) on conditions id =  AND username = 
17:40:33   UPDATING data to tables `time2vie_cirruscommon`.`secondary_login` fields ( error ) values (2) on conditions username = suot001 AND company_id = 8
17:42:40   UPDATING data to tables `time2vie_cirruscommon`.`login` fields ( login, last_time ) values (0, 2020-10-06 17:42:40) on conditions username = 
17:42:40   UPDATING data to tables `log_login` fields ( logout_time ) values (2020-10-06:15:42:40) on conditions id =  AND username = 
17:51:06   UPDATING data to tables `time2vie_cirruscommon`.`secondary_login` fields ( error ) values (1) on conditions username = time002 AND company_id = 20
18:32:35   UPDATING data to tables `time2vie_cirruscommon`.`login` fields ( login, last_time ) values (0, 2020-10-06 18:32:35) on conditions username = 
18:32:35   UPDATING data to tables `log_login` fields ( logout_time ) values (2020-10-06:16:32:35) on conditions id =  AND username = 
18:51:06   UPDATING data to tables `time2vie_cirruscommon`.`login` fields ( login, last_time ) values (0, 2020-10-06 18:51:06) on conditions username = 
18:51:06   UPDATING data to tables `log_login` fields ( logout_time ) values (2020-10-06:16:51:06) on conditions id =  AND username = 
18:53:24   UPDATING data to tables `time2vie_cirruscommon`.`login` fields ( login, last_time ) values (0, 2020-10-06 18:53:24) on conditions username = 
18:53:24   UPDATING data to tables `log_login` fields ( logout_time ) values (2020-10-06:16:53:24) on conditions id =  AND username = 
19:15:11   UPDATING data to tables `time2vie_cirruscommon`.`login` fields ( login, last_time ) values (0, 2020-10-06 19:15:11) on conditions username = 
19:15:11   UPDATING data to tables `log_login` fields ( logout_time ) values (2020-10-06:17:15:11) on conditions id =  AND username = 
19:39:13   UPDATING data to tables `time2vie_cirruscommon`.`login` fields ( login, last_time ) values (0, 2020-10-06 19:39:13) on conditions username = 
19:39:13   UPDATING data to tables `log_login` fields ( logout_time ) values (2020-10-06:17:39:13) on conditions id =  AND username = 
19:40:11   UPDATING data to tables `time2vie_cirruscommon`.`login` fields ( login, last_time ) values (0, 2020-10-06 19:40:11) on conditions username = 
19:40:11   UPDATING data to tables `log_login` fields ( logout_time ) values (2020-10-06:17:40:11) on conditions id =  AND username = 
19:40:26   UPDATING data to tables `time2vie_cirruscommon`.`login` fields ( login, last_time ) values (0, 2020-10-06 19:40:26) on conditions username = 
19:40:26   UPDATING data to tables `log_login` fields ( logout_time ) values (2020-10-06:17:40:26) on conditions id =  AND username = 
19:40:46 sabi002  UPDATING data to tables `time2vie_cirruscommon`.`secondary_login` fields ( error ) values (1) on conditions username = sabi002 AND company_id = 7
19:40:47 sabi002  UPDATING data to tables `time2vie_cirruscommon`.`secondary_login` fields ( error ) values (2) on conditions username = sabi002 AND company_id = 7
19:44:12   UPDATING data to tables `time2vie_cirruscommon`.`login` fields ( login, last_time ) values (0, 2020-10-06 19:44:12) on conditions username = 
19:44:12   UPDATING data to tables `log_login` fields ( logout_time ) values (2020-10-06:17:44:12) on conditions id =  AND username = 
19:50:38   UPDATING data to tables `time2vie_cirruscommon`.`login` fields ( login, last_time ) values (0, 2020-10-06 19:50:38) on conditions username = 
19:50:38   UPDATING data to tables `log_login` fields ( logout_time ) values (2020-10-06:17:50:38) on conditions id =  AND username = 
19:58:48   UPDATING data to tables `log_login` fields ( logout_time ) values (2020-10-06:17:58:48) on conditions id = 262213 AND username = suse002
20:40:21   UPDATING data to tables `time2vie_cirruscommon`.`login` fields ( login, last_time ) values (0, 2020-10-06 20:40:21) on conditions username = 
20:40:21   UPDATING data to tables `log_login` fields ( logout_time ) values (2020-10-06:18:40:21) on conditions id =  AND username = 
21:12:29   UPDATING data to tables `time2vie_cirruscommon`.`login` fields ( login, last_time ) values (0, 2020-10-06 21:12:29) on conditions username = 
21:12:29   UPDATING data to tables `log_login` fields ( logout_time ) values (2020-10-06:19:12:29) on conditions id =  AND username = 
21:20:14   UPDATING data to tables `time2vie_cirruscommon`.`login` fields ( login, last_time ) values (0, 2020-10-06 21:20:14) on conditions username = 
21:20:14   UPDATING data to tables `log_login` fields ( logout_time ) values (2020-10-06:19:20:14) on conditions id =  AND username = 
21:25:25   UPDATING data to tables `time2vie_cirruscommon`.`login` fields ( login, last_time ) values (0, 2020-10-06 21:25:25) on conditions username = 
21:25:25   UPDATING data to tables `log_login` fields ( logout_time ) values (2020-10-06:19:25:25) on conditions id =  AND username = 
21:30:51   UPDATING data to tables `time2vie_cirruscommon`.`login` fields ( login, last_time ) values (0, 2020-10-06 21:30:51) on conditions username = 
21:30:51   UPDATING data to tables `log_login` fields ( logout_time ) values (2020-10-06:19:30:51) on conditions id =  AND username = 
21:33:20   UPDATING data to tables `time2vie_cirruscommon`.`login` fields ( login, last_time ) values (0, 2020-10-06 21:33:20) on conditions username = 
21:33:20   UPDATING data to tables `log_login` fields ( logout_time ) values (2020-10-06:19:33:20) on conditions id =  AND username = 
21:47:29   UPDATING data to tables `time2vie_cirruscommon`.`login` fields ( login, last_time ) values (0, 2020-10-06 21:47:29) on conditions username = 
21:47:29   UPDATING data to tables `log_login` fields ( logout_time ) values (2020-10-06:19:47:29) on conditions id =  AND username = 
21:50:02   UPDATING data to tables `time2vie_cirruscommon`.`login` fields ( login, last_time ) values (0, 2020-10-06 21:50:02) on conditions username = 
21:50:02   UPDATING data to tables `log_login` fields ( logout_time ) values (2020-10-06:19:50:02) on conditions id =  AND username = 
21:50:10 nama002  UPDATING data to tables `time2vie_cirruscommon`.`secondary_login` fields ( error ) values (1) on conditions username = nama002 AND company_id = 9
21:50:11 nama002  UPDATING data to tables `time2vie_cirruscommon`.`secondary_login` fields ( error ) values (2) on conditions username = nama002 AND company_id = 9
21:54:03   UPDATING data to tables `log_login` fields ( logout_time ) values (2020-10-06:19:54:03) on conditions id = 309736 AND username = beto001
21:54:14 beto001  UPDATING data to tables `time2vie_cirruscommon`.`secondary_login` fields ( error ) values (1) on conditions username = beto001 AND company_id = 9
22:07:19   UPDATING data to tables `time2vie_cirruscommon`.`login` fields ( login, last_time ) values (0, 2020-10-06 22:07:19) on conditions username = 
22:07:19   UPDATING data to tables `log_login` fields ( logout_time ) values (2020-10-06:20:07:19) on conditions id =  AND username = 
22:08:10   UPDATING data to tables `time2vie_cirruscommon`.`login` fields ( login, last_time ) values (0, 2020-10-06 22:08:10) on conditions username = 
22:08:10   UPDATING data to tables `log_login` fields ( logout_time ) values (2020-10-06:20:08:10) on conditions id =  AND username = 
22:22:16   UPDATING data to tables `time2vie_cirruscommon`.`login` fields ( login, last_time ) values (0, 2020-10-06 22:22:16) on conditions username = 
22:22:16   UPDATING data to tables `log_login` fields ( logout_time ) values (2020-10-06:20:22:16) on conditions id =  AND username = 
22:37:40   UPDATING data to tables `time2vie_cirruscommon`.`login` fields ( login, last_time ) values (0, 2020-10-06 22:37:40) on conditions username = 
22:37:40   UPDATING data to tables `log_login` fields ( logout_time ) values (2020-10-06:20:37:40) on conditions id =  AND username = 
22:37:45 anwa006  UPDATING data to tables `time2vie_cirruscommon`.`secondary_login` fields ( error ) values (1) on conditions username = anwa006 AND company_id = 20
23:09:30   UPDATING data to tables `time2vie_cirruscommon`.`login` fields ( login, last_time ) values (0, 2020-10-06 23:09:30) on conditions username = 
23:09:30   UPDATING data to tables `log_login` fields ( logout_time ) values (2020-10-06:21:09:30) on conditions id =  AND username = 
23:25:11   UPDATING data to tables `time2vie_cirruscommon`.`login` fields ( login, last_time ) values (0, 2020-10-06 23:25:11) on conditions username = 
23:25:11   UPDATING data to tables `log_login` fields ( logout_time ) values (2020-10-06:21:25:11) on conditions id =  AND username = 
23:41:08   UPDATING data to tables `time2vie_cirruscommon`.`secondary_login` fields ( error ) values (1) on conditions username = erer003 AND company_id = 12
23:50:49   UPDATING data to tables `time2vie_cirruscommon`.`login` fields ( login, last_time ) values (0, 2020-10-06 23:50:49) on conditions username = 
23:50:49   UPDATING data to tables `log_login` fields ( logout_time ) values (2020-10-06:21:50:49) on conditions id =  AND username = 
23:50:55 idfo001  UPDATING data to tables `time2vie_cirruscommon`.`secondary_login` fields ( error ) values (1) on conditions username = idfo001 AND company_id = 7
01:42:24   UPDATING data to tables `time2vie_cirruscommon`.`login` fields ( login, last_time ) values (0, 2020-10-07 01:42:24) on conditions username = 
01:42:24   UPDATING data to tables `log_login` fields ( logout_time ) values (2020-10-06:23:42:24) on conditions id =  AND username = 
01:48:19   UPDATING data to tables `time2vie_cirruscommon`.`login` fields ( login, last_time ) values (0, 2020-10-07 01:48:19) on conditions username = 
01:48:19   UPDATING data to tables `log_login` fields ( logout_time ) values (2020-10-06:23:48:19) on conditions id =  AND username = 
