06:09:42   UPDATING data to tables `time2vie_cirruscommon`.`login` fields ( login, last_time ) values (0, 2020-09-09 06:09:42) on conditions username = 
06:09:42   UPDATING data to tables `log_login` fields ( logout_time ) values (2020-09-09:04:09:42) on conditions id =  AND username = 
06:29:57   UPDATING data to tables `time2vie_cirruscommon`.`login` fields ( login, last_time ) values (0, 2020-09-09 06:29:57) on conditions username = 
06:29:57   UPDATING data to tables `log_login` fields ( logout_time ) values (2020-09-09:04:29:57) on conditions id =  AND username = 
06:48:15   UPDATING data to tables `time2vie_cirruscommon`.`login` fields ( login, last_time ) values (0, 2020-09-09 06:48:15) on conditions username = 
06:48:15   UPDATING data to tables `log_login` fields ( logout_time ) values (2020-09-09:04:48:15) on conditions id =  AND username = 
06:55:59   UPDATING data to tables `time2vie_cirruscommon`.`login` fields ( login, last_time ) values (0, 2020-09-09 06:55:59) on conditions username = 
06:55:59   UPDATING data to tables `log_login` fields ( logout_time ) values (2020-09-09:04:55:59) on conditions id =  AND username = 
07:32:27   UPDATING data to tables `time2vie_cirruscommon`.`login` fields ( login, last_time ) values (0, 2020-09-09 07:32:27) on conditions username = 
07:32:27   UPDATING data to tables `log_login` fields ( logout_time ) values (2020-09-09:05:32:27) on conditions id =  AND username = 
07:52:15   UPDATING data to tables `time2vie_cirruscommon`.`login` fields ( login, last_time ) values (0, 2020-09-09 07:52:15) on conditions username = 
07:52:15   UPDATING data to tables `log_login` fields ( logout_time ) values (2020-09-09:05:52:15) on conditions id =  AND username = 
08:17:56   UPDATING data to tables `time2vie_cirruscommon`.`secondary_login` fields ( error ) values (1) on conditions username = anga001 AND company_id = 8
08:22:08   UPDATING data to tables `time2vie_cirruscommon`.`login` fields ( login, last_time ) values (0, 2020-09-09 08:22:08) on conditions username = 
08:22:08   UPDATING data to tables `log_login` fields ( logout_time ) values (2020-09-09:06:22:08) on conditions id =  AND username = 
08:32:36   UPDATING data to tables `log_login` fields ( logout_time ) values (2020-09-09:06:32:36) on conditions id = 303779 AND username = caob001
08:37:59   UPDATING data to tables `time2vie_cirruscommon`.`login` fields ( login, last_time ) values (0, 2020-09-09 08:37:59) on conditions username = 
08:37:59   UPDATING data to tables `log_login` fields ( logout_time ) values (2020-09-09:06:37:59) on conditions id =  AND username = 
08:55:02   UPDATING data to tables `time2vie_cirruscommon`.`login` fields ( login, last_time ) values (0, 2020-09-09 08:55:02) on conditions username = 
08:55:02   UPDATING data to tables `log_login` fields ( logout_time ) values (2020-09-09:06:55:02) on conditions id =  AND username = 
08:57:33   UPDATING data to tables `time2vie_cirruscommon`.`login` fields ( login, last_time ) values (0, 2020-09-09 08:57:33) on conditions username = 
08:57:33   UPDATING data to tables `log_login` fields ( logout_time ) values (2020-09-09:06:57:33) on conditions id =  AND username = 
09:13:30   UPDATING data to tables `time2vie_cirruscommon`.`login` fields ( login, last_time ) values (0, 2020-09-09 09:13:30) on conditions username = 
09:13:30   UPDATING data to tables `log_login` fields ( logout_time ) values (2020-09-09:07:13:30) on conditions id =  AND username = 
09:16:14   UPDATING data to tables `time2vie_cirruscommon`.`login` fields ( login, last_time ) values (0, 2020-09-09 09:16:14) on conditions username = 
09:16:14   UPDATING data to tables `log_login` fields ( logout_time ) values (2020-09-09:07:16:14) on conditions id =  AND username = 
09:32:10   UPDATING data to tables `time2vie_cirruscommon`.`login` fields ( login, last_time ) values (0, 2020-09-09 09:32:10) on conditions username = 
09:32:10   UPDATING data to tables `log_login` fields ( logout_time ) values (2020-09-09:07:32:10) on conditions id =  AND username = 
09:34:18   UPDATING data to tables `time2vie_cirruscommon`.`login` fields ( login, last_time ) values (0, 2020-09-09 09:34:18) on conditions username = 
09:34:18   UPDATING data to tables `log_login` fields ( logout_time ) values (2020-09-09:07:34:18) on conditions id =  AND username = 
09:46:27   UPDATING data to tables `time2vie_cirruscommon`.`secondary_login` fields ( error ) values (1) on conditions username = stst002 AND company_id = 9
09:49:51   UPDATING data to tables `time2vie_cirruscommon`.`login` fields ( login, last_time ) values (0, 2020-09-09 09:49:51) on conditions username = 
09:49:51   UPDATING data to tables `log_login` fields ( logout_time ) values (2020-09-09:07:49:51) on conditions id =  AND username = 
10:04:12   UPDATING data to tables `time2vie_cirruscommon`.`login` fields ( login, last_time ) values (0, 2020-09-09 10:04:12) on conditions username = 
10:04:12   UPDATING data to tables `log_login` fields ( logout_time ) values (2020-09-09:08:04:12) on conditions id =  AND username = 
10:04:26 hejo003  UPDATING data to tables `time2vie_cirruscommon`.`secondary_login` fields ( error ) values (1) on conditions username = hejo003 AND company_id = 20
10:17:16   UPDATING data to tables `time2vie_cirruscommon`.`login` fields ( login, last_time ) values (0, 2020-09-09 10:17:16) on conditions username = 
10:17:16   UPDATING data to tables `log_login` fields ( logout_time ) values (2020-09-09:08:17:16) on conditions id =  AND username = 
10:20:29   UPDATING data to tables `time2vie_cirruscommon`.`login` fields ( login, last_time ) values (0, 2020-09-09 10:20:29) on conditions username = 
10:20:29   UPDATING data to tables `log_login` fields ( logout_time ) values (2020-09-09:08:20:29) on conditions id =  AND username = 
10:20:38 najo003  UPDATING data to tables `time2vie_cirruscommon`.`secondary_login` fields ( error ) values (1) on conditions username = najo003 AND company_id = 7
10:20:52 najo003  UPDATING data to tables `time2vie_cirruscommon`.`secondary_login` fields ( error ) values (2) on conditions username = najo003 AND company_id = 7
10:24:13   UPDATING data to tables `log_login` fields ( logout_time ) values (2020-09-09:08:24:13) on conditions id = 52741 AND username = inlj001
10:35:16   UPDATING data to tables `time2vie_cirruscommon`.`login` fields ( login, last_time ) values (0, 2020-09-09 10:35:16) on conditions username = 
10:35:16   UPDATING data to tables `log_login` fields ( logout_time ) values (2020-09-09:08:35:16) on conditions id =  AND username = 
10:40:00   UPDATING data to tables `time2vie_cirruscommon`.`login` fields ( login, last_time ) values (0, 2020-09-09 10:40:00) on conditions username = 
10:40:00   UPDATING data to tables `log_login` fields ( logout_time ) values (2020-09-09:08:40:00) on conditions id =  AND username = 
10:46:14   UPDATING data to tables `time2vie_cirruscommon`.`login` fields ( login, last_time ) values (0, 2020-09-09 10:46:14) on conditions username = 
10:46:14   UPDATING data to tables `log_login` fields ( logout_time ) values (2020-09-09:08:46:14) on conditions id =  AND username = 
10:54:07   UPDATING data to tables `time2vie_cirruscommon`.`login` fields ( login, last_time ) values (0, 2020-09-09 10:54:07) on conditions username = 
10:54:07   UPDATING data to tables `log_login` fields ( logout_time ) values (2020-09-09:08:54:07) on conditions id =  AND username = 
10:56:32   UPDATING data to tables `time2vie_cirruscommon`.`login` fields ( login, last_time ) values (0, 2020-09-09 10:56:32) on conditions username = 
10:56:32   UPDATING data to tables `log_login` fields ( logout_time ) values (2020-09-09:08:56:32) on conditions id =  AND username = 
10:57:35   UPDATING data to tables `time2vie_cirruscommon`.`login` fields ( login, last_time ) values (0, 2020-09-09 10:57:35) on conditions username = 
10:57:35   UPDATING data to tables `log_login` fields ( logout_time ) values (2020-09-09:08:57:35) on conditions id =  AND username = 
11:09:19   UPDATING data to tables `time2vie_cirruscommon`.`login` fields ( login, last_time ) values (0, 2020-09-09 11:09:19) on conditions username = 
11:09:19   UPDATING data to tables `log_login` fields ( logout_time ) values (2020-09-09:09:09:19) on conditions id =  AND username = 
11:19:02   UPDATING data to tables `time2vie_cirruscommon`.`login` fields ( login, last_time ) values (0, 2020-09-09 11:19:02) on conditions username = 
11:19:02   UPDATING data to tables `log_login` fields ( logout_time ) values (2020-09-09:09:19:02) on conditions id =  AND username = 
11:25:08   UPDATING data to tables `time2vie_cirruscommon`.`login` fields ( login, last_time ) values (0, 2020-09-09 11:25:08) on conditions username = 
11:25:08   UPDATING data to tables `log_login` fields ( logout_time ) values (2020-09-09:09:25:08) on conditions id =  AND username = 
11:34:26   UPDATING data to tables `time2vie_cirruscommon`.`login` fields ( login, last_time ) values (0, 2020-09-09 11:34:26) on conditions username = 
11:34:26   UPDATING data to tables `log_login` fields ( logout_time ) values (2020-09-09:09:34:26) on conditions id =  AND username = 
11:35:28   UPDATING data to tables `time2vie_cirruscommon`.`login` fields ( login, last_time ) values (0, 2020-09-09 11:35:28) on conditions username = 
11:35:28   UPDATING data to tables `log_login` fields ( logout_time ) values (2020-09-09:09:35:28) on conditions id =  AND username = 
11:35:32   UPDATING data to tables `time2vie_cirruscommon`.`login` fields ( login, last_time ) values (0, 2020-09-09 11:35:32) on conditions username = 
11:35:32   UPDATING data to tables `log_login` fields ( logout_time ) values (2020-09-09:09:35:32) on conditions id =  AND username = 
11:36:31   UPDATING data to tables `time2vie_cirruscommon`.`login` fields ( login, last_time ) values (0, 2020-09-09 11:36:31) on conditions username = 
11:36:31   UPDATING data to tables `log_login` fields ( logout_time ) values (2020-09-09:09:36:31) on conditions id =  AND username = 
11:39:23 ezkr001  UPDATING data to tables `time2vie_cirruscommon`.`secondary_login` fields ( error ) values (1) on conditions username = ezkr001 AND company_id = 3
11:39:40 ezkr001  UPDATING data to tables `time2vie_cirruscommon`.`secondary_login` fields ( error ) values (2) on conditions username = ezkr001 AND company_id = 3
11:40:38 ezkr001  UPDATING data to tables `time2vie_cirruscommon`.`secondary_login` fields ( error ) values (3) on conditions username = ezkr001 AND company_id = 3
11:41:00 ezkr001  UPDATING data to tables `time2vie_cirruscommon`.`secondary_login` fields ( error ) values (4) on conditions username = ezkr001 AND company_id = 3
11:46:11   UPDATING data to tables `log_login` fields ( logout_time ) values (2020-09-09:09:46:11) on conditions id = 211527 AND username = anan020
11:47:06 ezkr001  UPDATING data to tables `time2vie_cirruscommon`.`secondary_login` fields ( error ) values (5) on conditions username = ezkr001 AND company_id = 3
11:47:30 ezkr001  UPDATING data to tables `time2vie_cirruscommon`.`secondary_login` fields ( error ) values (6) on conditions username = ezkr001 AND company_id = 3
11:58:44   UPDATING data to tables `time2vie_cirruscommon`.`login` fields ( login, last_time ) values (0, 2020-09-09 11:58:44) on conditions username = 
11:58:44   UPDATING data to tables `log_login` fields ( logout_time ) values (2020-09-09:09:58:44) on conditions id =  AND username = 
12:00:49   UPDATING data to tables `time2vie_cirruscommon`.`login` fields ( login, last_time ) values (0, 2020-09-09 12:00:49) on conditions username = 
12:00:49   UPDATING data to tables `log_login` fields ( logout_time ) values (2020-09-09:10:00:49) on conditions id =  AND username = 
12:02:23   UPDATING data to tables `time2vie_cirruscommon`.`login` fields ( login, last_time ) values (0, 2020-09-09 12:02:23) on conditions username = 
12:02:23   UPDATING data to tables `log_login` fields ( logout_time ) values (2020-09-09:10:02:23) on conditions id =  AND username = 
12:02:34   UPDATING data to tables `time2vie_cirruscommon`.`login` fields ( login, last_time ) values (0, 2020-09-09 12:02:34) on conditions username = 
12:02:34   UPDATING data to tables `log_login` fields ( logout_time ) values (2020-09-09:10:02:34) on conditions id =  AND username = 
12:10:30   UPDATING data to tables `log_login` fields ( logout_time ) values (2020-09-09:10:10:30) on conditions id = 27177 AND username = ezkr001
12:13:17   UPDATING data to tables `log_login` fields ( logout_time ) values (2020-09-09:10:13:17) on conditions id = 27179 AND username = ezkr001
12:13:58 ezkr001  UPDATING data to tables `time2vie_cirruscommon`.`secondary_login` fields ( error ) values (1) on conditions username = ezkr001 AND company_id = 3
12:15:45   UPDATING data to tables `log_login` fields ( logout_time ) values (2020-09-09:10:15:45) on conditions id = 27180 AND username = ezkr001
12:26:26   UPDATING data to tables `time2vie_cirruscommon`.`login` fields ( login, last_time ) values (0, 2020-09-09 12:26:26) on conditions username = 
12:26:26   UPDATING data to tables `log_login` fields ( logout_time ) values (2020-09-09:10:26:26) on conditions id =  AND username = 
12:26:42   UPDATING data to tables `time2vie_cirruscommon`.`login` fields ( login, last_time ) values (0, 2020-09-09 12:26:42) on conditions username = 
12:26:42   UPDATING data to tables `log_login` fields ( logout_time ) values (2020-09-09:10:26:42) on conditions id =  AND username = 
12:36:09   UPDATING data to tables `log_login` fields ( logout_time ) values (2020-09-09:10:36:09) on conditions id = 27181 AND username = ezkr001
12:37:16 ezkr001  UPDATING data to tables `time2vie_cirruscommon`.`secondary_login` fields ( error ) values (1) on conditions username = ezkr001 AND company_id = 3
13:12:14   UPDATING data to tables `time2vie_cirruscommon`.`login` fields ( login, last_time ) values (0, 2020-09-09 13:12:14) on conditions username = 
13:12:14   UPDATING data to tables `log_login` fields ( logout_time ) values (2020-09-09:11:12:14) on conditions id =  AND username = 
13:13:06   UPDATING data to tables `time2vie_cirruscommon`.`login` fields ( login, last_time ) values (0, 2020-09-09 13:13:06) on conditions username = 
13:13:06   UPDATING data to tables `log_login` fields ( logout_time ) values (2020-09-09:11:13:06) on conditions id =  AND username = 
13:25:50   UPDATING data to tables `time2vie_cirruscommon`.`login` fields ( login, last_time ) values (0, 2020-09-09 13:25:50) on conditions username = 
13:25:50   UPDATING data to tables `log_login` fields ( logout_time ) values (2020-09-09:11:25:50) on conditions id =  AND username = 
13:27:40   UPDATING data to tables `time2vie_cirruscommon`.`login` fields ( login, last_time ) values (0, 2020-09-09 13:27:40) on conditions username = 
13:27:40   UPDATING data to tables `log_login` fields ( logout_time ) values (2020-09-09:11:27:40) on conditions id =  AND username = 
13:27:45   UPDATING data to tables `time2vie_cirruscommon`.`login` fields ( login, last_time ) values (0, 2020-09-09 13:27:45) on conditions username = 
13:27:45   UPDATING data to tables `log_login` fields ( logout_time ) values (2020-09-09:11:27:45) on conditions id =  AND username = 
13:41:47   UPDATING data to tables `log_login` fields ( logout_time ) values (2020-09-09:11:41:47) on conditions id = 185374 AND username = svre001
13:46:24   UPDATING data to tables `time2vie_cirruscommon`.`login` fields ( login, last_time ) values (0, 2020-09-09 13:46:24) on conditions username = 
13:46:24   UPDATING data to tables `log_login` fields ( logout_time ) values (2020-09-09:11:46:24) on conditions id =  AND username = 
13:48:18   UPDATING data to tables `time2vie_cirruscommon`.`login` fields ( login, last_time ) values (0, 2020-09-09 13:48:18) on conditions username = 
13:48:18   UPDATING data to tables `log_login` fields ( logout_time ) values (2020-09-09:11:48:18) on conditions id =  AND username = 
14:05:50   UPDATING data to tables `time2vie_cirruscommon`.`login` fields ( login, last_time ) values (0, 2020-09-09 14:05:50) on conditions username = 
14:05:50   UPDATING data to tables `log_login` fields ( logout_time ) values (2020-09-09:12:05:50) on conditions id =  AND username = 
14:08:06   UPDATING data to tables `time2vie_cirruscommon`.`login` fields ( login, last_time ) values (0, 2020-09-09 14:08:06) on conditions username = 
14:08:06   UPDATING data to tables `log_login` fields ( logout_time ) values (2020-09-09:12:08:06) on conditions id =  AND username = 
14:09:17   UPDATING data to tables `time2vie_cirruscommon`.`login` fields ( login, last_time ) values (0, 2020-09-09 14:09:17) on conditions username = 
14:09:17   UPDATING data to tables `log_login` fields ( logout_time ) values (2020-09-09:12:09:17) on conditions id =  AND username = 
14:31:31   UPDATING data to tables `time2vie_cirruscommon`.`secondary_login` fields ( error ) values (1) on conditions username = cahe003 AND company_id = 9
14:31:47 cahe003  UPDATING data to tables `time2vie_cirruscommon`.`secondary_login` fields ( error ) values (2) on conditions username = cahe003 AND company_id = 9
14:31:58 cahe003  UPDATING data to tables `time2vie_cirruscommon`.`secondary_login` fields ( error ) values (3) on conditions username = cahe003 AND company_id = 9
14:32:19 cahe003  UPDATING data to tables `time2vie_cirruscommon`.`secondary_login` fields ( error ) values (4) on conditions username = cahe003 AND company_id = 9
14:47:37   UPDATING data to tables `time2vie_cirruscommon`.`login` fields ( login, last_time ) values (0, 2020-09-09 14:47:37) on conditions username = 
14:47:37   UPDATING data to tables `log_login` fields ( logout_time ) values (2020-09-09:12:47:37) on conditions id =  AND username = 
14:48:09   UPDATING data to tables `time2vie_cirruscommon`.`login` fields ( login, last_time ) values (0, 2020-09-09 14:48:09) on conditions username = 
14:48:09   UPDATING data to tables `log_login` fields ( logout_time ) values (2020-09-09:12:48:09) on conditions id =  AND username = 
14:51:18   UPDATING data to tables `time2vie_cirruscommon`.`login` fields ( login, last_time ) values (0, 2020-09-09 14:51:18) on conditions username = 
14:51:18   UPDATING data to tables `log_login` fields ( logout_time ) values (2020-09-09:12:51:18) on conditions id =  AND username = 
15:06:16   UPDATING data to tables `log_login` fields ( logout_time ) values (2020-09-09:13:06:16) on conditions id = 13607 AND username = anka020
15:08:54   UPDATING data to tables `time2vie_cirruscommon`.`login` fields ( login, last_time ) values (0, 2020-09-09 15:08:54) on conditions username = 
15:08:54   UPDATING data to tables `log_login` fields ( logout_time ) values (2020-09-09:13:08:54) on conditions id =  AND username = 
15:11:06   UPDATING data to tables `time2vie_cirruscommon`.`login` fields ( login, last_time ) values (0, 2020-09-09 15:11:06) on conditions username = 
15:11:06   UPDATING data to tables `log_login` fields ( logout_time ) values (2020-09-09:13:11:06) on conditions id =  AND username = 
15:30:15   UPDATING data to tables `log_login` fields ( logout_time ) values (2020-09-09:13:30:15) on conditions id = 211540 AND username = pipe003
15:31:05   UPDATING data to tables `time2vie_cirruscommon`.`login` fields ( login, last_time ) values (0, 2020-09-09 15:31:05) on conditions username = 
15:31:05   UPDATING data to tables `log_login` fields ( logout_time ) values (2020-09-09:13:31:05) on conditions id =  AND username = 
15:45:00   UPDATING data to tables `time2vie_cirruscommon`.`secondary_login` fields ( error ) values (1) on conditions username = anka019 AND company_id = 20
15:46:37   UPDATING data to tables `time2vie_cirruscommon`.`login` fields ( login, last_time ) values (0, 2020-09-09 15:46:37) on conditions username = 
15:46:37   UPDATING data to tables `log_login` fields ( logout_time ) values (2020-09-09:13:46:37) on conditions id =  AND username = 
15:57:44   UPDATING data to tables `time2vie_cirruscommon`.`login` fields ( login, last_time ) values (0, 2020-09-09 15:57:44) on conditions username = 
15:57:44   UPDATING data to tables `log_login` fields ( logout_time ) values (2020-09-09:13:57:44) on conditions id =  AND username = 
15:59:50   UPDATING data to tables `time2vie_cirruscommon`.`login` fields ( login, last_time ) values (0, 2020-09-09 15:59:50) on conditions username = 
15:59:50   UPDATING data to tables `log_login` fields ( logout_time ) values (2020-09-09:13:59:50) on conditions id =  AND username = 
16:25:56   UPDATING data to tables `time2vie_cirruscommon`.`login` fields ( login, last_time ) values (0, 2020-09-09 16:25:56) on conditions username = 
16:25:56   UPDATING data to tables `log_login` fields ( logout_time ) values (2020-09-09:14:25:56) on conditions id =  AND username = 
16:58:24   UPDATING data to tables `time2vie_cirruscommon`.`login` fields ( login, last_time ) values (0, 2020-09-09 16:58:24) on conditions username = 
16:58:24   UPDATING data to tables `log_login` fields ( logout_time ) values (2020-09-09:14:58:24) on conditions id =  AND username = 
17:15:20   UPDATING data to tables `time2vie_cirruscommon`.`login` fields ( login, last_time ) values (0, 2020-09-09 17:15:20) on conditions username = 
17:15:20   UPDATING data to tables `log_login` fields ( logout_time ) values (2020-09-09:15:15:20) on conditions id =  AND username = 
17:41:00   UPDATING data to tables `time2vie_cirruscommon`.`login` fields ( login, last_time ) values (0, 2020-09-09 17:41:00) on conditions username = 
17:41:00   UPDATING data to tables `log_login` fields ( logout_time ) values (2020-09-09:15:41:00) on conditions id =  AND username = 
17:41:18 lisa004  UPDATING data to tables `time2vie_cirruscommon`.`secondary_login` fields ( error ) values (1) on conditions username = lisa004 AND company_id = 7
17:41:25   UPDATING data to tables `time2vie_cirruscommon`.`login` fields ( login, last_time ) values (0, 2020-09-09 17:41:25) on conditions username = 
17:41:25   UPDATING data to tables `log_login` fields ( logout_time ) values (2020-09-09:15:41:25) on conditions id =  AND username = 
17:42:32   UPDATING data to tables `log_login` fields ( logout_time ) values (2020-09-09:15:42:32) on conditions id = 211557 AND username = anan020
18:07:17   UPDATING data to tables `time2vie_cirruscommon`.`login` fields ( login, last_time ) values (0, 2020-09-09 18:07:17) on conditions username = 
18:07:17   UPDATING data to tables `log_login` fields ( logout_time ) values (2020-09-09:16:07:17) on conditions id =  AND username = 
18:09:14   UPDATING data to tables `time2vie_cirruscommon`.`login` fields ( login, last_time ) values (0, 2020-09-09 18:09:14) on conditions username = 
18:09:14   UPDATING data to tables `log_login` fields ( logout_time ) values (2020-09-09:16:09:14) on conditions id =  AND username = 
18:35:34   UPDATING data to tables `time2vie_cirruscommon`.`login` fields ( login, last_time ) values (0, 2020-09-09 18:35:34) on conditions username = 
18:35:34   UPDATING data to tables `log_login` fields ( logout_time ) values (2020-09-09:16:35:34) on conditions id =  AND username = 
18:52:14   UPDATING data to tables `time2vie_cirruscommon`.`login` fields ( login, last_time ) values (0, 2020-09-09 18:52:14) on conditions username = 
18:52:14   UPDATING data to tables `log_login` fields ( logout_time ) values (2020-09-09:16:52:14) on conditions id =  AND username = 
18:53:06   UPDATING data to tables `time2vie_cirruscommon`.`secondary_login` fields ( error ) values (1) on conditions username = besl001 AND company_id = 3
19:01:19   UPDATING data to tables `time2vie_cirruscommon`.`login` fields ( login, last_time ) values (0, 2020-09-09 19:01:19) on conditions username = 
19:01:19   UPDATING data to tables `log_login` fields ( logout_time ) values (2020-09-09:17:01:19) on conditions id =  AND username = 
19:11:39   UPDATING data to tables `time2vie_cirruscommon`.`login` fields ( login, last_time ) values (0, 2020-09-09 19:11:39) on conditions username = 
19:11:39   UPDATING data to tables `log_login` fields ( logout_time ) values (2020-09-09:17:11:39) on conditions id =  AND username = 
19:13:41   UPDATING data to tables `time2vie_cirruscommon`.`login` fields ( login, last_time ) values (0, 2020-09-09 19:13:41) on conditions username = 
19:13:41   UPDATING data to tables `log_login` fields ( logout_time ) values (2020-09-09:17:13:41) on conditions id =  AND username = 
19:16:22   UPDATING data to tables `time2vie_cirruscommon`.`login` fields ( login, last_time ) values (0, 2020-09-09 19:16:21) on conditions username = 
19:16:22   UPDATING data to tables `log_login` fields ( logout_time ) values (2020-09-09:17:16:22) on conditions id =  AND username = 
19:17:23   UPDATING data to tables `time2vie_cirruscommon`.`login` fields ( login, last_time ) values (0, 2020-09-09 19:17:23) on conditions username = 
19:17:23   UPDATING data to tables `log_login` fields ( logout_time ) values (2020-09-09:17:17:23) on conditions id =  AND username = 
19:21:19   UPDATING data to tables `time2vie_cirruscommon`.`login` fields ( login, last_time ) values (0, 2020-09-09 19:21:19) on conditions username = 
19:21:19   UPDATING data to tables `log_login` fields ( logout_time ) values (2020-09-09:17:21:19) on conditions id =  AND username = 
19:45:23   UPDATING data to tables `time2vie_cirruscommon`.`login` fields ( login, last_time ) values (0, 2020-09-09 19:45:23) on conditions username = 
19:45:23   UPDATING data to tables `log_login` fields ( logout_time ) values (2020-09-09:17:45:23) on conditions id =  AND username = 
19:45:59 kajo002  UPDATING data to tables `time2vie_cirruscommon`.`secondary_login` fields ( error ) values (2) on conditions username = kajo002 AND company_id = 8
19:58:51   UPDATING data to tables `time2vie_cirruscommon`.`login` fields ( login, last_time ) values (0, 2020-09-09 19:58:51) on conditions username = 
19:58:51   UPDATING data to tables `log_login` fields ( logout_time ) values (2020-09-09:17:58:51) on conditions id =  AND username = 
19:59:00   UPDATING data to tables `time2vie_cirruscommon`.`secondary_login` fields ( error ) values (1) on conditions username = anha011 AND company_id = 9
20:14:44   UPDATING data to tables `time2vie_cirruscommon`.`login` fields ( login, last_time ) values (0, 2020-09-09 20:14:44) on conditions username = 
20:14:44   UPDATING data to tables `log_login` fields ( logout_time ) values (2020-09-09:18:14:44) on conditions id =  AND username = 
20:27:40   UPDATING data to tables `time2vie_cirruscommon`.`login` fields ( login, last_time ) values (0, 2020-09-09 20:27:40) on conditions username = 
20:27:40   UPDATING data to tables `log_login` fields ( logout_time ) values (2020-09-09:18:27:40) on conditions id =  AND username = 
20:28:48   UPDATING data to tables `time2vie_cirruscommon`.`login` fields ( login, last_time ) values (0, 2020-09-09 20:28:48) on conditions username = 
20:28:48   UPDATING data to tables `log_login` fields ( logout_time ) values (2020-09-09:18:28:48) on conditions id =  AND username = 
20:32:23   UPDATING data to tables `time2vie_cirruscommon`.`login` fields ( login, last_time ) values (0, 2020-09-09 20:32:23) on conditions username = 
20:32:23   UPDATING data to tables `log_login` fields ( logout_time ) values (2020-09-09:18:32:23) on conditions id =  AND username = 
20:39:55   UPDATING data to tables `time2vie_cirruscommon`.`login` fields ( login, last_time ) values (0, 2020-09-09 20:39:55) on conditions username = 
20:39:55   UPDATING data to tables `log_login` fields ( logout_time ) values (2020-09-09:18:39:55) on conditions id =  AND username = 
20:41:05   UPDATING data to tables `time2vie_cirruscommon`.`login` fields ( login, last_time ) values (0, 2020-09-09 20:41:05) on conditions username = 
20:41:05   UPDATING data to tables `log_login` fields ( logout_time ) values (2020-09-09:18:41:05) on conditions id =  AND username = 
20:53:34   UPDATING data to tables `time2vie_cirruscommon`.`login` fields ( login, last_time ) values (0, 2020-09-09 20:53:34) on conditions username = 
20:53:34   UPDATING data to tables `log_login` fields ( logout_time ) values (2020-09-09:18:53:34) on conditions id =  AND username = 
21:16:11   UPDATING data to tables `time2vie_cirruscommon`.`login` fields ( login, last_time ) values (0, 2020-09-09 21:16:11) on conditions username = 
21:16:11   UPDATING data to tables `log_login` fields ( logout_time ) values (2020-09-09:19:16:11) on conditions id =  AND username = 
21:32:25   UPDATING data to tables `time2vie_cirruscommon`.`secondary_login` fields ( error ) values (1) on conditions username = jufr001 AND company_id = 9
22:10:35   UPDATING data to tables `time2vie_cirruscommon`.`login` fields ( login, last_time ) values (0, 2020-09-09 22:10:35) on conditions username = 
22:10:35   UPDATING data to tables `log_login` fields ( logout_time ) values (2020-09-09:20:10:35) on conditions id =  AND username = 
22:14:01   UPDATING data to tables `time2vie_cirruscommon`.`login` fields ( login, last_time ) values (0, 2020-09-09 22:14:01) on conditions username = 
22:14:01   UPDATING data to tables `log_login` fields ( logout_time ) values (2020-09-09:20:14:01) on conditions id =  AND username = 
22:25:21   UPDATING data to tables `time2vie_cirruscommon`.`login` fields ( login, last_time ) values (0, 2020-09-09 22:25:21) on conditions username = 
22:25:21   UPDATING data to tables `log_login` fields ( logout_time ) values (2020-09-09:20:25:21) on conditions id =  AND username = 
22:31:58   UPDATING data to tables `time2vie_cirruscommon`.`login` fields ( login, last_time ) values (0, 2020-09-09 22:31:58) on conditions username = 
22:31:58   UPDATING data to tables `log_login` fields ( logout_time ) values (2020-09-09:20:31:58) on conditions id =  AND username = 
22:32:07 anni011  UPDATING data to tables `time2vie_cirruscommon`.`secondary_login` fields ( error ) values (1) on conditions username = anni011 AND company_id = 9
22:37:10   UPDATING data to tables `time2vie_cirruscommon`.`secondary_login` fields ( error ) values (1) on conditions username = jufr001 AND company_id = 9
23:01:19   UPDATING data to tables `time2vie_cirruscommon`.`login` fields ( login, last_time ) values (0, 2020-09-09 23:01:19) on conditions username = 
23:01:19   UPDATING data to tables `log_login` fields ( logout_time ) values (2020-09-09:21:01:19) on conditions id =  AND username = 
23:05:19   UPDATING data to tables `log_login` fields ( logout_time ) values (2020-09-09:21:05:19) on conditions id = 211592 AND username = anan020
23:06:45   UPDATING data to tables `time2vie_cirruscommon`.`login` fields ( login, last_time ) values (0, 2020-09-09 23:06:45) on conditions username = 
23:06:45   UPDATING data to tables `log_login` fields ( logout_time ) values (2020-09-09:21:06:45) on conditions id =  AND username = 
23:54:34   UPDATING data to tables `time2vie_cirruscommon`.`login` fields ( login, last_time ) values (0, 2020-09-09 23:54:34) on conditions username = 
23:54:34   UPDATING data to tables `log_login` fields ( logout_time ) values (2020-09-09:21:54:34) on conditions id =  AND username = 
