02:23:26   UPDATING data to tables `time2vie_cirruscommon`.`login` fields ( login, last_time ) values (0, 2020-08-11 02:23:26) on conditions username = 
02:23:33   UPDATING data to tables `log_login` fields ( logout_time ) values (2020-08-11:00:23:27) on conditions id =  AND username = 
02:23:51   UPDATING data to tables `time2vie_cirruscommon`.`login` fields ( login, last_time ) values (0, 2020-08-11 02:23:51) on conditions username = 
02:23:51   UPDATING data to tables `log_login` fields ( logout_time ) values (2020-08-11:00:23:51) on conditions id =  AND username = 
06:08:22   UPDATING data to tables `time2vie_cirruscommon`.`login` fields ( login, last_time ) values (0, 2020-08-11 06:08:22) on conditions username = 
06:08:23   UPDATING data to tables `log_login` fields ( logout_time ) values (2020-08-11:04:08:23) on conditions id =  AND username = 
06:08:37 paer001  UPDATING data to tables `time2vie_cirruscommon`.`secondary_login` fields ( error ) values (1) on conditions username = paer001 AND company_id = 9
06:17:17   UPDATING data to tables `time2vie_cirruscommon`.`login` fields ( login, last_time ) values (0, 2020-08-11 06:17:17) on conditions username = 
06:17:17   UPDATING data to tables `log_login` fields ( logout_time ) values (2020-08-11:04:17:17) on conditions id =  AND username = 
06:58:47   UPDATING data to tables `time2vie_cirruscommon`.`login` fields ( login, last_time ) values (0, 2020-08-11 06:58:47) on conditions username = 
06:58:47   UPDATING data to tables `log_login` fields ( logout_time ) values (2020-08-11:04:58:47) on conditions id =  AND username = 
07:00:28   UPDATING data to tables `time2vie_cirruscommon`.`login` fields ( login, last_time ) values (0, 2020-08-11 07:00:28) on conditions username = 
07:00:28   UPDATING data to tables `log_login` fields ( logout_time ) values (2020-08-11:05:00:28) on conditions id =  AND username = 
07:17:56   UPDATING data to tables `time2vie_cirruscommon`.`login` fields ( login, last_time ) values (0, 2020-08-11 07:17:56) on conditions username = 
07:17:56   UPDATING data to tables `log_login` fields ( logout_time ) values (2020-08-11:05:17:56) on conditions id =  AND username = 
07:33:27   UPDATING data to tables `time2vie_cirruscommon`.`login` fields ( login, last_time ) values (0, 2020-08-11 07:33:27) on conditions username = 
07:33:27   UPDATING data to tables `log_login` fields ( logout_time ) values (2020-08-11:05:33:27) on conditions id =  AND username = 
07:35:17   UPDATING data to tables `time2vie_cirruscommon`.`login` fields ( login, last_time ) values (0, 2020-08-11 07:35:17) on conditions username = 
07:35:17   UPDATING data to tables `log_login` fields ( logout_time ) values (2020-08-11:05:35:17) on conditions id =  AND username = 
08:11:16   UPDATING data to tables `time2vie_cirruscommon`.`login` fields ( login, last_time ) values (0, 2020-08-11 08:11:16) on conditions username = 
08:11:16   UPDATING data to tables `log_login` fields ( logout_time ) values (2020-08-11:06:11:16) on conditions id =  AND username = 
08:19:26   UPDATING data to tables `time2vie_cirruscommon`.`login` fields ( login, last_time ) values (0, 2020-08-11 08:19:26) on conditions username = 
08:19:26   UPDATING data to tables `log_login` fields ( logout_time ) values (2020-08-11:06:19:26) on conditions id =  AND username = 
08:27:00   UPDATING data to tables `time2vie_cirruscommon`.`login` fields ( login, last_time ) values (0, 2020-08-11 08:27:00) on conditions username = 
08:27:00   UPDATING data to tables `log_login` fields ( logout_time ) values (2020-08-11:06:27:00) on conditions id =  AND username = 
08:28:54   UPDATING data to tables `time2vie_cirruscommon`.`login` fields ( login, last_time ) values (0, 2020-08-11 08:28:54) on conditions username = 
08:28:54   UPDATING data to tables `log_login` fields ( logout_time ) values (2020-08-11:06:28:54) on conditions id =  AND username = 
08:35:32   UPDATING data to tables `time2vie_cirruscommon`.`login` fields ( login, last_time ) values (0, 2020-08-11 08:35:32) on conditions username = 
08:35:32   UPDATING data to tables `log_login` fields ( logout_time ) values (2020-08-11:06:35:32) on conditions id =  AND username = 
08:38:41   UPDATING data to tables `time2vie_cirruscommon`.`login` fields ( login, last_time ) values (0, 2020-08-11 08:38:41) on conditions username = 
08:38:41   UPDATING data to tables `log_login` fields ( logout_time ) values (2020-08-11:06:38:41) on conditions id =  AND username = 
08:51:50   UPDATING data to tables `log_login` fields ( logout_time ) values (2020-08-11:06:51:50) on conditions id = 278132 AND username = thho002
09:13:41   UPDATING data to tables `time2vie_cirruscommon`.`login` fields ( login, last_time ) values (0, 2020-08-11 09:13:41) on conditions username = 
09:13:41   UPDATING data to tables `log_login` fields ( logout_time ) values (2020-08-11:07:13:41) on conditions id =  AND username = 
09:17:24   UPDATING data to tables `log_login` fields ( logout_time ) values (2020-08-11:07:17:24) on conditions id = 278148 AND username = solu003
09:17:37   UPDATING data to tables `time2vie_cirruscommon`.`login` fields ( login, last_time ) values (0, 2020-08-11 09:17:37) on conditions username = 
09:17:37   UPDATING data to tables `log_login` fields ( logout_time ) values (2020-08-11:07:17:37) on conditions id =  AND username = 
09:19:23   UPDATING data to tables `time2vie_cirruscommon`.`login` fields ( login, last_time ) values (0, 2020-08-11 09:19:23) on conditions username = 
09:19:23   UPDATING data to tables `log_login` fields ( logout_time ) values (2020-08-11:07:19:23) on conditions id =  AND username = 
09:26:34   UPDATING data to tables `time2vie_cirruscommon`.`login` fields ( login, last_time ) values (0, 2020-08-11 09:26:34) on conditions username = 
09:26:34   UPDATING data to tables `log_login` fields ( logout_time ) values (2020-08-11:07:26:34) on conditions id =  AND username = 
09:26:52 maon001  UPDATING data to tables `time2vie_cirruscommon`.`secondary_login` fields ( error ) values (1) on conditions username = maon001 AND company_id = 4
09:38:52   UPDATING data to tables `log_login` fields ( logout_time ) values (2020-08-11:07:38:52) on conditions id = 50323 AND username = inlj001
09:52:08   UPDATING data to tables `time2vie_cirruscommon`.`login` fields ( login, last_time ) values (0, 2020-08-11 09:52:08) on conditions username = 
09:52:08   UPDATING data to tables `log_login` fields ( logout_time ) values (2020-08-11:07:52:08) on conditions id =  AND username = 
09:56:45   UPDATING data to tables `time2vie_cirruscommon`.`login` fields ( login, last_time ) values (0, 2020-08-11 09:56:45) on conditions username = 
09:56:45   UPDATING data to tables `log_login` fields ( logout_time ) values (2020-08-11:07:56:45) on conditions id =  AND username = 
09:58:42   UPDATING data to tables `time2vie_cirruscommon`.`login` fields ( login, last_time ) values (0, 2020-08-11 09:58:42) on conditions username = 
09:58:42   UPDATING data to tables `log_login` fields ( logout_time ) values (2020-08-11:07:58:42) on conditions id =  AND username = 
10:12:37   UPDATING data to tables `time2vie_cirruscommon`.`login` fields ( login, last_time ) values (0, 2020-08-11 10:12:37) on conditions username = 
10:12:37   UPDATING data to tables `log_login` fields ( logout_time ) values (2020-08-11:08:12:37) on conditions id =  AND username = 
10:19:32   UPDATING data to tables `time2vie_cirruscommon`.`login` fields ( login, last_time ) values (0, 2020-08-11 10:19:32) on conditions username = 
10:19:32   UPDATING data to tables `log_login` fields ( logout_time ) values (2020-08-11:08:19:32) on conditions id =  AND username = 
10:21:30   UPDATING data to tables `time2vie_cirruscommon`.`login` fields ( login, last_time ) values (0, 2020-08-11 10:21:30) on conditions username = 
10:21:30   UPDATING data to tables `log_login` fields ( logout_time ) values (2020-08-11:08:21:30) on conditions id =  AND username = 
10:21:43 hesa003  UPDATING data to tables `time2vie_cirruscommon`.`secondary_login` fields ( error ) values (1) on conditions username = hesa003 AND company_id = 3
10:28:57   UPDATING data to tables `time2vie_cirruscommon`.`login` fields ( login, last_time ) values (0, 2020-08-11 10:28:57) on conditions username = 
10:28:57   UPDATING data to tables `log_login` fields ( logout_time ) values (2020-08-11:08:28:57) on conditions id =  AND username = 
10:30:35   UPDATING data to tables `time2vie_cirruscommon`.`secondary_login` fields ( error ) values (2) on conditions username = stsv001 AND company_id = 7
11:33:04   UPDATING data to tables `time2vie_cirruscommon`.`login` fields ( login, last_time ) values (0, 2020-08-11 11:33:04) on conditions username = 
11:33:04   UPDATING data to tables `log_login` fields ( logout_time ) values (2020-08-11:09:33:04) on conditions id =  AND username = 
11:33:34 emho004  UPDATING data to tables `time2vie_cirruscommon`.`secondary_login` fields ( error ) values (1) on conditions username = emho004 AND company_id = 9
11:35:41   UPDATING data to tables `time2vie_cirruscommon`.`login` fields ( login, last_time ) values (0, 2020-08-11 11:35:41) on conditions username = 
11:35:41   UPDATING data to tables `log_login` fields ( logout_time ) values (2020-08-11:09:35:41) on conditions id =  AND username = 
11:44:45   UPDATING data to tables `time2vie_cirruscommon`.`login` fields ( login, last_time ) values (0, 2020-08-11 11:44:45) on conditions username = 
11:44:45   UPDATING data to tables `log_login` fields ( logout_time ) values (2020-08-11:09:44:45) on conditions id =  AND username = 
11:49:22   UPDATING data to tables `time2vie_cirruscommon`.`login` fields ( login, last_time ) values (0, 2020-08-11 11:49:22) on conditions username = 
11:49:22   UPDATING data to tables `log_login` fields ( logout_time ) values (2020-08-11:09:49:22) on conditions id =  AND username = 
11:51:00   UPDATING data to tables `time2vie_cirruscommon`.`secondary_login` fields ( error ) values (1) on conditions username = masa011 AND company_id = 9
11:55:23   UPDATING data to tables `time2vie_cirruscommon`.`login` fields ( login, last_time ) values (0, 2020-08-11 11:55:23) on conditions username = 
11:55:23   UPDATING data to tables `log_login` fields ( logout_time ) values (2020-08-11:09:55:23) on conditions id =  AND username = 
12:03:34   UPDATING data to tables `time2vie_cirruscommon`.`login` fields ( login, last_time ) values (0, 2020-08-11 12:03:34) on conditions username = 
12:03:34   UPDATING data to tables `log_login` fields ( logout_time ) values (2020-08-11:10:03:34) on conditions id =  AND username = 
12:15:12   UPDATING data to tables `time2vie_cirruscommon`.`login` fields ( login, last_time ) values (0, 2020-08-11 12:15:12) on conditions username = 
12:15:12   UPDATING data to tables `log_login` fields ( logout_time ) values (2020-08-11:10:15:12) on conditions id =  AND username = 
12:33:15   UPDATING data to tables `time2vie_cirruscommon`.`login` fields ( login, last_time ) values (0, 2020-08-11 12:33:15) on conditions username = 
12:33:15   UPDATING data to tables `log_login` fields ( logout_time ) values (2020-08-11:10:33:15) on conditions id =  AND username = 
12:35:09   UPDATING data to tables `time2vie_cirruscommon`.`login` fields ( login, last_time ) values (0, 2020-08-11 12:35:09) on conditions username = 
12:35:09   UPDATING data to tables `log_login` fields ( logout_time ) values (2020-08-11:10:35:09) on conditions id =  AND username = 
12:45:09   UPDATING data to tables `time2vie_cirruscommon`.`login` fields ( login, last_time ) values (0, 2020-08-11 12:45:09) on conditions username = 
12:45:09   UPDATING data to tables `log_login` fields ( logout_time ) values (2020-08-11:10:45:09) on conditions id =  AND username = 
12:49:44   UPDATING data to tables `time2vie_cirruscommon`.`login` fields ( login, last_time ) values (0, 2020-08-11 12:49:44) on conditions username = 
12:49:44   UPDATING data to tables `log_login` fields ( logout_time ) values (2020-08-11:10:49:44) on conditions id =  AND username = 
12:58:59   UPDATING data to tables `time2vie_cirruscommon`.`login` fields ( login, last_time ) values (0, 2020-08-11 12:58:59) on conditions username = 
12:58:59   UPDATING data to tables `log_login` fields ( logout_time ) values (2020-08-11:10:58:59) on conditions id =  AND username = 
13:01:19   UPDATING data to tables `log_login` fields ( logout_time ) values (2020-08-11:11:01:19) on conditions id = 201173 AND username = nafr002
13:02:04   UPDATING data to tables `time2vie_cirruscommon`.`login` fields ( login, last_time ) values (0, 2020-08-11 13:02:04) on conditions username = 
13:02:04   UPDATING data to tables `log_login` fields ( logout_time ) values (2020-08-11:11:02:04) on conditions id =  AND username = 
13:04:40   UPDATING data to tables `time2vie_cirruscommon`.`login` fields ( login, last_time ) values (0, 2020-08-11 13:04:40) on conditions username = 
13:04:40   UPDATING data to tables `log_login` fields ( logout_time ) values (2020-08-11:11:04:40) on conditions id =  AND username = 
13:05:44   UPDATING data to tables `time2vie_cirruscommon`.`login` fields ( login, last_time ) values (0, 2020-08-11 13:05:44) on conditions username = 
13:05:44   UPDATING data to tables `log_login` fields ( logout_time ) values (2020-08-11:11:05:44) on conditions id =  AND username = 
13:08:47   UPDATING data to tables `time2vie_cirruscommon`.`login` fields ( login, last_time ) values (0, 2020-08-11 13:08:47) on conditions username = 
13:08:47   UPDATING data to tables `log_login` fields ( logout_time ) values (2020-08-11:11:08:47) on conditions id =  AND username = 
13:10:04   UPDATING data to tables `time2vie_cirruscommon`.`login` fields ( login, last_time ) values (0, 2020-08-11 13:10:04) on conditions username = 
13:10:04   UPDATING data to tables `log_login` fields ( logout_time ) values (2020-08-11:11:10:04) on conditions id =  AND username = 
13:10:41   UPDATING data to tables `time2vie_cirruscommon`.`login` fields ( login, last_time ) values (0, 2020-08-11 13:10:41) on conditions username = 
13:10:41   UPDATING data to tables `log_login` fields ( logout_time ) values (2020-08-11:11:10:41) on conditions id =  AND username = 
13:13:22   UPDATING data to tables `time2vie_cirruscommon`.`login` fields ( login, last_time ) values (0, 2020-08-11 13:13:22) on conditions username = 
13:13:22   UPDATING data to tables `log_login` fields ( logout_time ) values (2020-08-11:11:13:22) on conditions id =  AND username = 
13:18:17   UPDATING data to tables `time2vie_cirruscommon`.`login` fields ( login, last_time ) values (0, 2020-08-11 13:18:17) on conditions username = 
13:18:17   UPDATING data to tables `log_login` fields ( logout_time ) values (2020-08-11:11:18:17) on conditions id =  AND username = 
13:19:15   UPDATING data to tables `time2vie_cirruscommon`.`login` fields ( login, last_time ) values (0, 2020-08-11 13:19:15) on conditions username = 
13:19:15   UPDATING data to tables `log_login` fields ( logout_time ) values (2020-08-11:11:19:15) on conditions id =  AND username = 
13:20:12   UPDATING data to tables `time2vie_cirruscommon`.`login` fields ( login, last_time ) values (0, 2020-08-11 13:20:12) on conditions username = 
13:20:12   UPDATING data to tables `log_login` fields ( logout_time ) values (2020-08-11:11:20:12) on conditions id =  AND username = 
13:23:28   UPDATING data to tables `time2vie_cirruscommon`.`login` fields ( login, last_time ) values (0, 2020-08-11 13:23:28) on conditions username = 
13:23:28   UPDATING data to tables `log_login` fields ( logout_time ) values (2020-08-11:11:23:28) on conditions id =  AND username = 
13:27:13   UPDATING data to tables `time2vie_cirruscommon`.`login` fields ( login, last_time ) values (0, 2020-08-11 13:27:13) on conditions username = 
13:27:13   UPDATING data to tables `log_login` fields ( logout_time ) values (2020-08-11:11:27:13) on conditions id =  AND username = 
13:31:52   UPDATING data to tables `time2vie_cirruscommon`.`login` fields ( login, last_time ) values (0, 2020-08-11 13:31:52) on conditions username = 
13:31:52   UPDATING data to tables `log_login` fields ( logout_time ) values (2020-08-11:11:31:52) on conditions id =  AND username = 
13:49:25   UPDATING data to tables `time2vie_cirruscommon`.`login` fields ( login, last_time ) values (0, 2020-08-11 13:49:25) on conditions username = 
13:49:25   UPDATING data to tables `log_login` fields ( logout_time ) values (2020-08-11:11:49:25) on conditions id =  AND username = 
13:50:08   UPDATING data to tables `time2vie_cirruscommon`.`login` fields ( login, last_time ) values (0, 2020-08-11 13:50:08) on conditions username = 
13:50:08   UPDATING data to tables `log_login` fields ( logout_time ) values (2020-08-11:11:50:08) on conditions id =  AND username = 
14:03:46   UPDATING data to tables `time2vie_cirruscommon`.`login` fields ( login, last_time ) values (0, 2020-08-11 14:03:46) on conditions username = 
14:03:46   UPDATING data to tables `log_login` fields ( logout_time ) values (2020-08-11:12:03:46) on conditions id =  AND username = 
14:04:04 leli007  UPDATING data to tables `time2vie_cirruscommon`.`secondary_login` fields ( error ) values (1) on conditions username = leli007 AND company_id = 9
14:04:33   UPDATING data to tables `time2vie_cirruscommon`.`login` fields ( login, last_time ) values (0, 2020-08-11 14:04:33) on conditions username = 
14:04:33   UPDATING data to tables `log_login` fields ( logout_time ) values (2020-08-11:12:04:33) on conditions id =  AND username = 
14:12:45   UPDATING data to tables `time2vie_cirruscommon`.`login` fields ( login, last_time ) values (0, 2020-08-11 14:12:45) on conditions username = 
14:12:45   UPDATING data to tables `log_login` fields ( logout_time ) values (2020-08-11:12:12:45) on conditions id =  AND username = 
14:13:01 mico001  UPDATING data to tables `time2vie_cirruscommon`.`secondary_login` fields ( error ) values (1) on conditions username = mico001 AND company_id = 8
14:13:20 mico001  UPDATING data to tables `time2vie_cirruscommon`.`secondary_login` fields ( error ) values (2) on conditions username = mico001 AND company_id = 8
14:16:34   UPDATING data to tables `time2vie_cirruscommon`.`login` fields ( login, last_time ) values (0, 2020-08-11 14:16:34) on conditions username = 
14:16:34   UPDATING data to tables `log_login` fields ( logout_time ) values (2020-08-11:12:16:34) on conditions id =  AND username = 
14:22:12   UPDATING data to tables `time2vie_cirruscommon`.`login` fields ( login, last_time ) values (0, 2020-08-11 14:22:12) on conditions username = 
14:22:12   UPDATING data to tables `log_login` fields ( logout_time ) values (2020-08-11:12:22:12) on conditions id =  AND username = 
14:27:42   UPDATING data to tables `time2vie_cirruscommon`.`login` fields ( login, last_time ) values (0, 2020-08-11 14:27:42) on conditions username = 
14:27:42   UPDATING data to tables `log_login` fields ( logout_time ) values (2020-08-11:12:27:42) on conditions id =  AND username = 
14:28:22 gine001  UPDATING data to tables `time2vie_cirruscommon`.`secondary_login` fields ( error ) values (1) on conditions username = gine001 AND company_id = 21
14:28:31 gine001  UPDATING data to tables `time2vie_cirruscommon`.`secondary_login` fields ( error ) values (2) on conditions username = gine001 AND company_id = 21
14:28:42 gine001  UPDATING data to tables `time2vie_cirruscommon`.`secondary_login` fields ( error ) values (3) on conditions username = gine001 AND company_id = 21
14:42:49   UPDATING data to tables `time2vie_cirruscommon`.`secondary_login` fields ( error ) values (1) on conditions username = anma014 AND company_id = 9
15:06:53   UPDATING data to tables `time2vie_cirruscommon`.`login` fields ( login, last_time ) values (0, 2020-08-11 15:06:53) on conditions username = 
15:06:53   UPDATING data to tables `log_login` fields ( logout_time ) values (2020-08-11:13:06:53) on conditions id =  AND username = 
15:10:01   UPDATING data to tables `time2vie_cirruscommon`.`login` fields ( login, last_time ) values (0, 2020-08-11 15:10:01) on conditions username = 
15:10:01   UPDATING data to tables `log_login` fields ( logout_time ) values (2020-08-11:13:10:01) on conditions id =  AND username = 
15:16:42   UPDATING data to tables `time2vie_cirruscommon`.`login` fields ( login, last_time ) values (0, 2020-08-11 15:16:42) on conditions username = 
15:16:42   UPDATING data to tables `log_login` fields ( logout_time ) values (2020-08-11:13:16:42) on conditions id =  AND username = 
15:16:55 inid001  UPDATING data to tables `time2vie_cirruscommon`.`secondary_login` fields ( error ) values (1) on conditions username = inid001 AND company_id = 12
15:20:14   UPDATING data to tables `time2vie_cirruscommon`.`login` fields ( login, last_time ) values (0, 2020-08-11 15:20:14) on conditions username = 
15:20:14   UPDATING data to tables `log_login` fields ( logout_time ) values (2020-08-11:13:20:14) on conditions id =  AND username = 
15:25:09   UPDATING data to tables `time2vie_cirruscommon`.`login` fields ( login, last_time ) values (0, 2020-08-11 15:25:09) on conditions username = 
15:25:09   UPDATING data to tables `log_login` fields ( logout_time ) values (2020-08-11:13:25:09) on conditions id =  AND username = 
15:36:16   UPDATING data to tables `time2vie_cirruscommon`.`login` fields ( login, last_time ) values (0, 2020-08-11 15:36:16) on conditions username = 
15:36:16   UPDATING data to tables `log_login` fields ( logout_time ) values (2020-08-11:13:36:16) on conditions id =  AND username = 
15:37:49   UPDATING data to tables `time2vie_cirruscommon`.`login` fields ( login, last_time ) values (0, 2020-08-11 15:37:49) on conditions username = 
15:37:49   UPDATING data to tables `log_login` fields ( logout_time ) values (2020-08-11:13:37:49) on conditions id =  AND username = 
15:48:49   UPDATING data to tables `time2vie_cirruscommon`.`login` fields ( login, last_time ) values (0, 2020-08-11 15:48:49) on conditions username = 
15:48:49   UPDATING data to tables `log_login` fields ( logout_time ) values (2020-08-11:13:48:49) on conditions id =  AND username = 
16:21:30   UPDATING data to tables `time2vie_cirruscommon`.`login` fields ( login, last_time ) values (0, 2020-08-11 16:21:30) on conditions username = 
16:21:30   UPDATING data to tables `log_login` fields ( logout_time ) values (2020-08-11:14:21:30) on conditions id =  AND username = 
16:26:58   UPDATING data to tables `time2vie_cirruscommon`.`login` fields ( login, last_time ) values (0, 2020-08-11 16:26:58) on conditions username = 
16:26:58   UPDATING data to tables `log_login` fields ( logout_time ) values (2020-08-11:14:26:58) on conditions id =  AND username = 
16:37:28   UPDATING data to tables `time2vie_cirruscommon`.`login` fields ( login, last_time ) values (0, 2020-08-11 16:37:28) on conditions username = 
16:37:28   UPDATING data to tables `log_login` fields ( logout_time ) values (2020-08-11:14:37:28) on conditions id =  AND username = 
16:38:10   UPDATING data to tables `time2vie_cirruscommon`.`login` fields ( login, last_time ) values (0, 2020-08-11 16:38:10) on conditions username = 
16:38:10   UPDATING data to tables `log_login` fields ( logout_time ) values (2020-08-11:14:38:10) on conditions id =  AND username = 
16:41:21   UPDATING data to tables `time2vie_cirruscommon`.`login` fields ( login, last_time ) values (0, 2020-08-11 16:41:21) on conditions username = 
16:41:21   UPDATING data to tables `log_login` fields ( logout_time ) values (2020-08-11:14:41:21) on conditions id =  AND username = 
16:41:28   UPDATING data to tables `time2vie_cirruscommon`.`login` fields ( login, last_time ) values (0, 2020-08-11 16:41:28) on conditions username = 
16:41:28   UPDATING data to tables `log_login` fields ( logout_time ) values (2020-08-11:14:41:28) on conditions id =  AND username = 
16:41:49   UPDATING data to tables `time2vie_cirruscommon`.`login` fields ( login, last_time ) values (0, 2020-08-11 16:41:49) on conditions username = 
16:41:49   UPDATING data to tables `log_login` fields ( logout_time ) values (2020-08-11:14:41:49) on conditions id =  AND username = 
16:43:28   UPDATING data to tables `time2vie_cirruscommon`.`login` fields ( login, last_time ) values (0, 2020-08-11 16:43:28) on conditions username = 
16:43:28   UPDATING data to tables `log_login` fields ( logout_time ) values (2020-08-11:14:43:28) on conditions id =  AND username = 
17:05:22   UPDATING data to tables `time2vie_cirruscommon`.`login` fields ( login, last_time ) values (0, 2020-08-11 17:05:22) on conditions username = 
17:05:22   UPDATING data to tables `log_login` fields ( logout_time ) values (2020-08-11:15:05:22) on conditions id =  AND username = 
17:20:51   UPDATING data to tables `time2vie_cirruscommon`.`secondary_login` fields ( error ) values (1) on conditions username = masa011 AND company_id = 9
17:28:58   UPDATING data to tables `time2vie_cirruscommon`.`login` fields ( login, last_time ) values (0, 2020-08-11 17:28:58) on conditions username = 
17:28:58   UPDATING data to tables `log_login` fields ( logout_time ) values (2020-08-11:15:28:58) on conditions id =  AND username = 
17:29:47   UPDATING data to tables `time2vie_cirruscommon`.`login` fields ( login, last_time ) values (0, 2020-08-11 17:29:47) on conditions username = 
17:29:47   UPDATING data to tables `log_login` fields ( logout_time ) values (2020-08-11:15:29:47) on conditions id =  AND username = 
17:36:32   UPDATING data to tables `time2vie_cirruscommon`.`login` fields ( login, last_time ) values (0, 2020-08-11 17:36:32) on conditions username = 
17:36:32   UPDATING data to tables `log_login` fields ( logout_time ) values (2020-08-11:15:36:32) on conditions id =  AND username = 
17:40:54   UPDATING data to tables `time2vie_cirruscommon`.`login` fields ( login, last_time ) values (0, 2020-08-11 17:40:54) on conditions username = 
17:40:54   UPDATING data to tables `log_login` fields ( logout_time ) values (2020-08-11:15:40:54) on conditions id =  AND username = 
17:52:01   UPDATING data to tables `time2vie_cirruscommon`.`secondary_login` fields ( error ) values (1) on conditions username = thwo001 AND company_id = 7
17:57:00   UPDATING data to tables `time2vie_cirruscommon`.`login` fields ( login, last_time ) values (0, 2020-08-11 17:57:00) on conditions username = 
17:57:00   UPDATING data to tables `log_login` fields ( logout_time ) values (2020-08-11:15:57:00) on conditions id =  AND username = 
18:01:51   UPDATING data to tables `time2vie_cirruscommon`.`login` fields ( login, last_time ) values (0, 2020-08-11 18:01:51) on conditions username = 
18:01:51   UPDATING data to tables `log_login` fields ( logout_time ) values (2020-08-11:16:01:51) on conditions id =  AND username = 
18:18:53   UPDATING data to tables `time2vie_cirruscommon`.`login` fields ( login, last_time ) values (0, 2020-08-11 18:18:53) on conditions username = 
18:18:53   UPDATING data to tables `log_login` fields ( logout_time ) values (2020-08-11:16:18:53) on conditions id =  AND username = 
18:19:07   UPDATING data to tables `time2vie_cirruscommon`.`login` fields ( login, last_time ) values (0, 2020-08-11 18:19:07) on conditions username = 
18:19:07   UPDATING data to tables `log_login` fields ( logout_time ) values (2020-08-11:16:19:07) on conditions id =  AND username = 
18:22:14   UPDATING data to tables `time2vie_cirruscommon`.`login` fields ( login, last_time ) values (0, 2020-08-11 18:22:14) on conditions username = 
18:22:14   UPDATING data to tables `log_login` fields ( logout_time ) values (2020-08-11:16:22:14) on conditions id =  AND username = 
18:22:26 maan008  UPDATING data to tables `time2vie_cirruscommon`.`secondary_login` fields ( error ) values (1) on conditions username = maan008 AND company_id = 9
18:22:29 maan008  UPDATING data to tables `time2vie_cirruscommon`.`secondary_login` fields ( error ) values (2) on conditions username = maan008 AND company_id = 9
18:25:14   UPDATING data to tables `time2vie_cirruscommon`.`login` fields ( login, last_time ) values (0, 2020-08-11 18:25:14) on conditions username = 
18:25:14   UPDATING data to tables `log_login` fields ( logout_time ) values (2020-08-11:16:25:14) on conditions id =  AND username = 
18:28:50   UPDATING data to tables `time2vie_cirruscommon`.`login` fields ( login, last_time ) values (0, 2020-08-11 18:28:50) on conditions username = 
18:28:50   UPDATING data to tables `log_login` fields ( logout_time ) values (2020-08-11:16:28:50) on conditions id =  AND username = 
18:30:16   UPDATING data to tables `time2vie_cirruscommon`.`login` fields ( login, last_time ) values (0, 2020-08-11 18:30:16) on conditions username = 
18:30:16   UPDATING data to tables `log_login` fields ( logout_time ) values (2020-08-11:16:30:16) on conditions id =  AND username = 
18:32:40   UPDATING data to tables `time2vie_cirruscommon`.`login` fields ( login, last_time ) values (0, 2020-08-11 18:32:40) on conditions username = 
18:32:40   UPDATING data to tables `log_login` fields ( logout_time ) values (2020-08-11:16:32:40) on conditions id =  AND username = 
18:34:30   UPDATING data to tables `time2vie_cirruscommon`.`login` fields ( login, last_time ) values (0, 2020-08-11 18:34:30) on conditions username = 
18:34:30   UPDATING data to tables `log_login` fields ( logout_time ) values (2020-08-11:16:34:30) on conditions id =  AND username = 
18:51:56   UPDATING data to tables `time2vie_cirruscommon`.`login` fields ( login, last_time ) values (0, 2020-08-11 18:51:56) on conditions username = 
18:51:56   UPDATING data to tables `log_login` fields ( logout_time ) values (2020-08-11:16:51:56) on conditions id =  AND username = 
18:52:11 riry001  UPDATING data to tables `time2vie_cirruscommon`.`secondary_login` fields ( error ) values (1) on conditions username = riry001 AND company_id = 9
18:53:11   UPDATING data to tables `time2vie_cirruscommon`.`login` fields ( login, last_time ) values (0, 2020-08-11 18:53:11) on conditions username = 
18:53:11   UPDATING data to tables `log_login` fields ( logout_time ) values (2020-08-11:16:53:11) on conditions id =  AND username = 
18:53:24   UPDATING data to tables `time2vie_cirruscommon`.`login` fields ( login, last_time ) values (0, 2020-08-11 18:53:24) on conditions username = 
18:53:24   UPDATING data to tables `log_login` fields ( logout_time ) values (2020-08-11:16:53:24) on conditions id =  AND username = 
18:54:00   UPDATING data to tables `time2vie_cirruscommon`.`login` fields ( login, last_time ) values (0, 2020-08-11 18:54:00) on conditions username = 
18:54:00   UPDATING data to tables `log_login` fields ( logout_time ) values (2020-08-11:16:54:00) on conditions id =  AND username = 
19:14:11   UPDATING data to tables `time2vie_cirruscommon`.`login` fields ( login, last_time ) values (0, 2020-08-11 19:14:11) on conditions username = 
19:14:11   UPDATING data to tables `log_login` fields ( logout_time ) values (2020-08-11:17:14:11) on conditions id =  AND username = 
19:16:33   UPDATING data to tables `time2vie_cirruscommon`.`login` fields ( login, last_time ) values (0, 2020-08-11 19:16:33) on conditions username = 
19:16:33   UPDATING data to tables `log_login` fields ( logout_time ) values (2020-08-11:17:16:33) on conditions id =  AND username = 
19:19:35   UPDATING data to tables `time2vie_cirruscommon`.`login` fields ( login, last_time ) values (0, 2020-08-11 19:19:35) on conditions username = 
19:19:35   UPDATING data to tables `log_login` fields ( logout_time ) values (2020-08-11:17:19:35) on conditions id =  AND username = 
19:20:03   UPDATING data to tables `time2vie_cirruscommon`.`login` fields ( login, last_time ) values (0, 2020-08-11 19:20:03) on conditions username = 
19:20:03   UPDATING data to tables `log_login` fields ( logout_time ) values (2020-08-11:17:20:03) on conditions id =  AND username = 
19:20:11   UPDATING data to tables `time2vie_cirruscommon`.`login` fields ( login, last_time ) values (0, 2020-08-11 19:20:11) on conditions username = 
19:20:11   UPDATING data to tables `log_login` fields ( logout_time ) values (2020-08-11:17:20:11) on conditions id =  AND username = 
19:21:15   UPDATING data to tables `log_login` fields ( logout_time ) values (2020-08-11:17:21:15) on conditions id = 278237 AND username = rola004
19:21:51   UPDATING data to tables `time2vie_cirruscommon`.`login` fields ( login, last_time ) values (0, 2020-08-11 19:21:51) on conditions username = 
19:21:51   UPDATING data to tables `log_login` fields ( logout_time ) values (2020-08-11:17:21:51) on conditions id =  AND username = 
19:46:06   UPDATING data to tables `time2vie_cirruscommon`.`login` fields ( login, last_time ) values (0, 2020-08-11 19:46:06) on conditions username = 
19:46:06   UPDATING data to tables `log_login` fields ( logout_time ) values (2020-08-11:17:46:06) on conditions id =  AND username = 
20:03:45   UPDATING data to tables `time2vie_cirruscommon`.`login` fields ( login, last_time ) values (0, 2020-08-11 20:03:45) on conditions username = 
20:03:45   UPDATING data to tables `log_login` fields ( logout_time ) values (2020-08-11:18:03:45) on conditions id =  AND username = 
20:17:04   UPDATING data to tables `time2vie_cirruscommon`.`login` fields ( login, last_time ) values (0, 2020-08-11 20:17:04) on conditions username = 
20:17:04   UPDATING data to tables `log_login` fields ( logout_time ) values (2020-08-11:18:17:04) on conditions id =  AND username = 
20:18:54   UPDATING data to tables `time2vie_cirruscommon`.`login` fields ( login, last_time ) values (0, 2020-08-11 20:18:54) on conditions username = 
20:18:54   UPDATING data to tables `log_login` fields ( logout_time ) values (2020-08-11:18:18:54) on conditions id =  AND username = 
20:27:23   UPDATING data to tables `time2vie_cirruscommon`.`login` fields ( login, last_time ) values (0, 2020-08-11 20:27:23) on conditions username = 
20:27:23   UPDATING data to tables `log_login` fields ( logout_time ) values (2020-08-11:18:27:23) on conditions id =  AND username = 
20:31:30   UPDATING data to tables `time2vie_cirruscommon`.`secondary_login` fields ( error ) values (1) on conditions username = time002 AND company_id = 20
20:46:59   UPDATING data to tables `time2vie_cirruscommon`.`login` fields ( login, last_time ) values (0, 2020-08-11 20:46:59) on conditions username = 
20:46:59   UPDATING data to tables `log_login` fields ( logout_time ) values (2020-08-11:18:46:59) on conditions id =  AND username = 
20:47:13 vego002  UPDATING data to tables `time2vie_cirruscommon`.`secondary_login` fields ( error ) values (1) on conditions username = vego002 AND company_id = 7
20:56:14   UPDATING data to tables `time2vie_cirruscommon`.`login` fields ( login, last_time ) values (0, 2020-08-11 20:56:14) on conditions username = 
20:56:14   UPDATING data to tables `log_login` fields ( logout_time ) values (2020-08-11:18:56:14) on conditions id =  AND username = 
21:03:01   UPDATING data to tables `time2vie_cirruscommon`.`login` fields ( login, last_time ) values (0, 2020-08-11 21:03:01) on conditions username = 
21:03:01   UPDATING data to tables `log_login` fields ( logout_time ) values (2020-08-11:19:03:01) on conditions id =  AND username = 
21:18:16   UPDATING data to tables `time2vie_cirruscommon`.`login` fields ( login, last_time ) values (0, 2020-08-11 21:18:16) on conditions username = 
21:18:16   UPDATING data to tables `log_login` fields ( logout_time ) values (2020-08-11:19:18:16) on conditions id =  AND username = 
21:23:28   UPDATING data to tables `time2vie_cirruscommon`.`login` fields ( login, last_time ) values (0, 2020-08-11 21:23:28) on conditions username = 
21:23:28   UPDATING data to tables `log_login` fields ( logout_time ) values (2020-08-11:19:23:28) on conditions id =  AND username = 
21:23:35   UPDATING data to tables `time2vie_cirruscommon`.`login` fields ( login, last_time ) values (0, 2020-08-11 21:23:35) on conditions username = 
21:23:35   UPDATING data to tables `log_login` fields ( logout_time ) values (2020-08-11:19:23:35) on conditions id =  AND username = 
21:34:34   UPDATING data to tables `time2vie_cirruscommon`.`login` fields ( login, last_time ) values (0, 2020-08-11 21:34:34) on conditions username = 
21:34:34   UPDATING data to tables `log_login` fields ( logout_time ) values (2020-08-11:19:34:34) on conditions id =  AND username = 
21:43:45   UPDATING data to tables `time2vie_cirruscommon`.`login` fields ( login, last_time ) values (0, 2020-08-11 21:43:45) on conditions username = 
21:43:45   UPDATING data to tables `log_login` fields ( logout_time ) values (2020-08-11:19:43:45) on conditions id =  AND username = 
22:12:20   UPDATING data to tables `time2vie_cirruscommon`.`login` fields ( login, last_time ) values (0, 2020-08-11 22:12:20) on conditions username = 
22:12:20   UPDATING data to tables `log_login` fields ( logout_time ) values (2020-08-11:20:12:20) on conditions id =  AND username = 
22:16:50   UPDATING data to tables `time2vie_cirruscommon`.`login` fields ( login, last_time ) values (0, 2020-08-11 22:16:50) on conditions username = 
22:16:50   UPDATING data to tables `log_login` fields ( logout_time ) values (2020-08-11:20:16:50) on conditions id =  AND username = 
22:36:21   UPDATING data to tables `time2vie_cirruscommon`.`login` fields ( login, last_time ) values (0, 2020-08-11 22:36:21) on conditions username = 
22:36:21   UPDATING data to tables `log_login` fields ( logout_time ) values (2020-08-11:20:36:21) on conditions id =  AND username = 
22:40:33   UPDATING data to tables `time2vie_cirruscommon`.`login` fields ( login, last_time ) values (0, 2020-08-11 22:40:33) on conditions username = 
22:40:33   UPDATING data to tables `log_login` fields ( logout_time ) values (2020-08-11:20:40:33) on conditions id =  AND username = 
22:57:19   UPDATING data to tables `time2vie_cirruscommon`.`login` fields ( login, last_time ) values (0, 2020-08-11 22:57:19) on conditions username = 
22:57:19   UPDATING data to tables `log_login` fields ( logout_time ) values (2020-08-11:20:57:19) on conditions id =  AND username = 
23:01:19   UPDATING data to tables `time2vie_cirruscommon`.`login` fields ( login, last_time ) values (0, 2020-08-11 23:01:19) on conditions username = 
23:01:19   UPDATING data to tables `log_login` fields ( logout_time ) values (2020-08-11:21:01:19) on conditions id =  AND username = 
23:05:16   UPDATING data to tables `time2vie_cirruscommon`.`login` fields ( login, last_time ) values (0, 2020-08-11 23:05:16) on conditions username = 
23:05:16   UPDATING data to tables `log_login` fields ( logout_time ) values (2020-08-11:21:05:16) on conditions id =  AND username = 
23:47:52   UPDATING data to tables `time2vie_cirruscommon`.`login` fields ( login, last_time ) values (0, 2020-08-11 23:47:52) on conditions username = 
23:47:52   UPDATING data to tables `log_login` fields ( logout_time ) values (2020-08-11:21:47:52) on conditions id =  AND username = 
23:49:53   UPDATING data to tables `time2vie_cirruscommon`.`login` fields ( login, last_time ) values (0, 2020-08-11 23:49:53) on conditions username = 
23:49:53   UPDATING data to tables `log_login` fields ( logout_time ) values (2020-08-11:21:49:53) on conditions id =  AND username = 
23:50:20   UPDATING data to tables `time2vie_cirruscommon`.`login` fields ( login, last_time ) values (0, 2020-08-11 23:50:20) on conditions username = 
23:50:20   UPDATING data to tables `log_login` fields ( logout_time ) values (2020-08-11:21:50:20) on conditions id =  AND username = 
00:26:30   UPDATING data to tables `log_login` fields ( logout_time ) values (2020-08-11:22:26:30) on conditions id = 39000 AND username = piko001
01:00:51   UPDATING data to tables `time2vie_cirruscommon`.`login` fields ( login, last_time ) values (0, 2020-08-12 01:00:51) on conditions username = 
01:00:51   UPDATING data to tables `log_login` fields ( logout_time ) values (2020-08-11:23:00:51) on conditions id =  AND username = 
01:17:54   UPDATING data to tables `time2vie_cirruscommon`.`secondary_login` fields ( error ) values (1) on conditions username = thwo001 AND company_id = 7
