04:06:49   UPDATING data to tables `time2vie_cirruscommon`.`login` fields ( login, last_time ) values (0, 2020-09-25 04:06:49) on conditions username = 
04:06:49   UPDATING data to tables `log_login` fields ( logout_time ) values (2020-09-25:02:06:49) on conditions id =  AND username = 
05:05:34   UPDATING data to tables `time2vie_cirruscommon`.`login` fields ( login, last_time ) values (0, 2020-09-25 05:05:34) on conditions username = 
05:05:34   UPDATING data to tables `log_login` fields ( logout_time ) values (2020-09-25:03:05:34) on conditions id =  AND username = 
05:42:07   UPDATING data to tables `time2vie_cirruscommon`.`login` fields ( login, last_time ) values (0, 2020-09-25 05:42:07) on conditions username = 
05:42:07   UPDATING data to tables `log_login` fields ( logout_time ) values (2020-09-25:03:42:07) on conditions id =  AND username = 
06:42:13   UPDATING data to tables `time2vie_cirruscommon`.`login` fields ( login, last_time ) values (0, 2020-09-25 06:42:13) on conditions username = 
06:42:13   UPDATING data to tables `log_login` fields ( logout_time ) values (2020-09-25:04:42:13) on conditions id =  AND username = 
07:08:16   UPDATING data to tables `time2vie_cirruscommon`.`secondary_login` fields ( error ) values (1) on conditions username = anha011 AND company_id = 9
07:08:54   UPDATING data to tables `time2vie_cirruscommon`.`login` fields ( login, last_time ) values (0, 2020-09-25 07:08:54) on conditions username = 
07:08:54   UPDATING data to tables `log_login` fields ( logout_time ) values (2020-09-25:05:08:54) on conditions id =  AND username = 
07:53:23   UPDATING data to tables `time2vie_cirruscommon`.`login` fields ( login, last_time ) values (0, 2020-09-25 07:53:23) on conditions username = 
07:53:23   UPDATING data to tables `log_login` fields ( logout_time ) values (2020-09-25:05:53:23) on conditions id =  AND username = 
07:56:37   UPDATING data to tables `time2vie_cirruscommon`.`login` fields ( login, last_time ) values (0, 2020-09-25 07:56:37) on conditions username = 
07:56:37   UPDATING data to tables `log_login` fields ( logout_time ) values (2020-09-25:05:56:37) on conditions id =  AND username = 
08:13:55   UPDATING data to tables `time2vie_cirruscommon`.`login` fields ( login, last_time ) values (0, 2020-09-25 08:13:55) on conditions username = 
08:13:55   UPDATING data to tables `log_login` fields ( logout_time ) values (2020-09-25:06:13:55) on conditions id =  AND username = 
08:14:06 eris001  UPDATING data to tables `time2vie_cirruscommon`.`secondary_login` fields ( error ) values (1) on conditions username = eris001 AND company_id = 9
08:16:10   UPDATING data to tables `time2vie_cirruscommon`.`login` fields ( login, last_time ) values (0, 2020-09-25 08:16:10) on conditions username = 
08:16:10   UPDATING data to tables `log_login` fields ( logout_time ) values (2020-09-25:06:16:10) on conditions id =  AND username = 
08:35:30   UPDATING data to tables `time2vie_cirruscommon`.`login` fields ( login, last_time ) values (0, 2020-09-25 08:35:30) on conditions username = 
08:35:30   UPDATING data to tables `log_login` fields ( logout_time ) values (2020-09-25:06:35:30) on conditions id =  AND username = 
08:48:34   UPDATING data to tables `time2vie_cirruscommon`.`login` fields ( login, last_time ) values (0, 2020-09-25 08:48:34) on conditions username = 
08:48:34   UPDATING data to tables `log_login` fields ( logout_time ) values (2020-09-25:06:48:34) on conditions id =  AND username = 
08:51:28   UPDATING data to tables `time2vie_cirruscommon`.`login` fields ( login, last_time ) values (0, 2020-09-25 08:51:28) on conditions username = 
08:51:28   UPDATING data to tables `log_login` fields ( logout_time ) values (2020-09-25:06:51:28) on conditions id =  AND username = 
09:01:01   UPDATING data to tables `time2vie_cirruscommon`.`login` fields ( login, last_time ) values (0, 2020-09-25 09:01:01) on conditions username = 
09:01:01   UPDATING data to tables `log_login` fields ( logout_time ) values (2020-09-25:07:01:01) on conditions id =  AND username = 
09:23:13   UPDATING data to tables `time2vie_cirruscommon`.`login` fields ( login, last_time ) values (0, 2020-09-25 09:23:13) on conditions username = 
09:23:13   UPDATING data to tables `log_login` fields ( logout_time ) values (2020-09-25:07:23:13) on conditions id =  AND username = 
09:28:26   UPDATING data to tables `time2vie_cirruscommon`.`login` fields ( login, last_time ) values (0, 2020-09-25 09:28:26) on conditions username = 
09:28:26   UPDATING data to tables `log_login` fields ( logout_time ) values (2020-09-25:07:28:26) on conditions id =  AND username = 
09:35:07   UPDATING data to tables `time2vie_cirruscommon`.`login` fields ( login, last_time ) values (0, 2020-09-25 09:35:07) on conditions username = 
09:35:07   UPDATING data to tables `log_login` fields ( logout_time ) values (2020-09-25:07:35:07) on conditions id =  AND username = 
09:57:12   UPDATING data to tables `time2vie_cirruscommon`.`login` fields ( login, last_time ) values (0, 2020-09-25 09:57:12) on conditions username = 
09:57:12   UPDATING data to tables `log_login` fields ( logout_time ) values (2020-09-25:07:57:12) on conditions id =  AND username = 
10:03:01   UPDATING data to tables `log_login` fields ( logout_time ) values (2020-09-25:08:03:01) on conditions id = 186838 AND username = suse002
10:37:33   UPDATING data to tables `time2vie_cirruscommon`.`login` fields ( login, last_time ) values (0, 2020-09-25 10:37:33) on conditions username = 
10:37:33   UPDATING data to tables `log_login` fields ( logout_time ) values (2020-09-25:08:37:33) on conditions id =  AND username = 
10:47:20   UPDATING data to tables `time2vie_cirruscommon`.`login` fields ( login, last_time ) values (0, 2020-09-25 10:47:20) on conditions username = 
10:47:20   UPDATING data to tables `log_login` fields ( logout_time ) values (2020-09-25:08:47:20) on conditions id =  AND username = 
10:55:36   UPDATING data to tables `time2vie_cirruscommon`.`login` fields ( login, last_time ) values (0, 2020-09-25 10:55:36) on conditions username = 
10:55:36   UPDATING data to tables `log_login` fields ( logout_time ) values (2020-09-25:08:55:36) on conditions id =  AND username = 
11:00:52   UPDATING data to tables `time2vie_cirruscommon`.`login` fields ( login, last_time ) values (0, 2020-09-25 11:00:52) on conditions username = 
11:00:52   UPDATING data to tables `log_login` fields ( logout_time ) values (2020-09-25:09:00:52) on conditions id =  AND username = 
11:02:10   UPDATING data to tables `time2vie_cirruscommon`.`login` fields ( login, last_time ) values (0, 2020-09-25 11:02:10) on conditions username = 
11:02:10   UPDATING data to tables `log_login` fields ( logout_time ) values (2020-09-25:09:02:10) on conditions id =  AND username = 
11:07:12   UPDATING data to tables `time2vie_cirruscommon`.`login` fields ( login, last_time ) values (0, 2020-09-25 11:07:12) on conditions username = 
11:07:12   UPDATING data to tables `log_login` fields ( logout_time ) values (2020-09-25:09:07:12) on conditions id =  AND username = 
11:07:44 lipe008  UPDATING data to tables `time2vie_cirruscommon`.`secondary_login` fields ( error ) values (1) on conditions username = lipe008 AND company_id = 9
11:08:18   UPDATING data to tables `log_login` fields ( logout_time ) values (2020-09-25:09:08:18) on conditions id = 306565 AND username = lipe008
11:09:39 lipe008  UPDATING data to tables `time2vie_cirruscommon`.`secondary_login` fields ( error ) values (1) on conditions username = lipe008 AND company_id = 9
11:09:45 lipe008  UPDATING data to tables `time2vie_cirruscommon`.`secondary_login` fields ( error ) values (2) on conditions username = lipe008 AND company_id = 9
11:09:57 lipe008  UPDATING data to tables `time2vie_cirruscommon`.`secondary_login` fields ( error ) values (3) on conditions username = lipe008 AND company_id = 9
11:10:34   UPDATING data to tables `time2vie_cirruscommon`.`login` fields ( login, last_time ) values (0, 2020-09-25 11:10:34) on conditions username = 
11:10:34   UPDATING data to tables `log_login` fields ( logout_time ) values (2020-09-25:09:10:34) on conditions id =  AND username = 
11:10:45 inma001  UPDATING data to tables `time2vie_cirruscommon`.`secondary_login` fields ( error ) values (1) on conditions username = inma001 AND company_id = 9
11:10:52 inma001  UPDATING data to tables `time2vie_cirruscommon`.`secondary_login` fields ( error ) values (2) on conditions username = inma001 AND company_id = 9
11:11:09 inma001  UPDATING data to tables `time2vie_cirruscommon`.`secondary_login` fields ( error ) values (3) on conditions username = inma001 AND company_id = 9
11:11:23 inma001  UPDATING data to tables `time2vie_cirruscommon`.`secondary_login` fields ( error ) values (4) on conditions username = inma001 AND company_id = 9
11:14:52   UPDATING data to tables `time2vie_cirruscommon`.`login` fields ( login, last_time ) values (0, 2020-09-25 11:14:52) on conditions username = 
11:14:52   UPDATING data to tables `log_login` fields ( logout_time ) values (2020-09-25:09:14:52) on conditions id =  AND username = 
11:16:31   UPDATING data to tables `time2vie_cirruscommon`.`login` fields ( login, last_time ) values (0, 2020-09-25 11:16:31) on conditions username = 
11:16:31   UPDATING data to tables `log_login` fields ( logout_time ) values (2020-09-25:09:16:31) on conditions id =  AND username = 
11:18:02   UPDATING data to tables `time2vie_cirruscommon`.`login` fields ( login, last_time ) values (0, 2020-09-25 11:18:02) on conditions username = 
11:18:02   UPDATING data to tables `log_login` fields ( logout_time ) values (2020-09-25:09:18:02) on conditions id =  AND username = 
11:20:22   UPDATING data to tables `log_login` fields ( logout_time ) values (2020-09-25:09:20:22) on conditions id = 40246 AND username = telo001
11:20:38 frlo001  UPDATING data to tables `time2vie_cirruscommon`.`secondary_login` fields ( error ) values (1) on conditions username = frlo001 AND company_id = 5
11:20:43 frlo001  UPDATING data to tables `time2vie_cirruscommon`.`secondary_login` fields ( error ) values (2) on conditions username = frlo001 AND company_id = 5
11:21:35 frlo001  UPDATING data to tables `time2vie_cirruscommon`.`secondary_login` fields ( error ) values (3) on conditions username = frlo001 AND company_id = 5
11:22:40 frlo001  UPDATING data to tables `time2vie_cirruscommon`.`secondary_login` fields ( error ) values (4) on conditions username = frlo001 AND company_id = 5
11:22:48 frlo001  UPDATING data to tables `time2vie_cirruscommon`.`secondary_login` fields ( error ) values (5) on conditions username = frlo001 AND company_id = 5
11:23:02 frlo001  UPDATING data to tables `time2vie_cirruscommon`.`secondary_login` fields ( error ) values (6) on conditions username = frlo001 AND company_id = 5
11:24:24   UPDATING data to tables `time2vie_cirruscommon`.`login` fields ( login, last_time ) values (0, 2020-09-25 11:24:24) on conditions username = 
11:24:24   UPDATING data to tables `log_login` fields ( logout_time ) values (2020-09-25:09:24:24) on conditions id =  AND username = 
11:24:54 telo001  UPDATING data to tables `time2vie_cirruscommon`.`secondary_login` fields ( error ) values (1) on conditions username = telo001 AND company_id = 5
11:28:03   UPDATING data to tables `time2vie_cirruscommon`.`login` fields ( login, last_time ) values (0, 2020-09-25 11:28:03) on conditions username = 
11:28:03   UPDATING data to tables `log_login` fields ( logout_time ) values (2020-09-25:09:28:03) on conditions id =  AND username = 
11:28:54   UPDATING data to tables `time2vie_cirruscommon`.`login` fields ( login, last_time ) values (0, 2020-09-25 11:28:54) on conditions username = 
11:28:54   UPDATING data to tables `log_login` fields ( logout_time ) values (2020-09-25:09:28:54) on conditions id =  AND username = 
11:29:44   UPDATING data to tables `log_login` fields ( logout_time ) values (2020-09-25:09:29:44) on conditions id = 40248 AND username = telo001
11:37:54   UPDATING data to tables `time2vie_cirruscommon`.`login` fields ( login, last_time ) values (0, 2020-09-25 11:37:54) on conditions username = 
11:37:55   UPDATING data to tables `log_login` fields ( logout_time ) values (2020-09-25:09:37:54) on conditions id =  AND username = 
11:40:23   UPDATING data to tables `time2vie_cirruscommon`.`login` fields ( login, last_time ) values (0, 2020-09-25 11:40:23) on conditions username = 
11:40:23   UPDATING data to tables `log_login` fields ( logout_time ) values (2020-09-25:09:40:23) on conditions id =  AND username = 
11:47:11   UPDATING data to tables `log_login` fields ( logout_time ) values (2020-09-25:09:47:11) on conditions id = 27315 AND username = muad001
12:07:34   UPDATING data to tables `time2vie_cirruscommon`.`login` fields ( login, last_time ) values (0, 2020-09-25 12:07:34) on conditions username = 
12:07:34   UPDATING data to tables `log_login` fields ( logout_time ) values (2020-09-25:10:07:34) on conditions id =  AND username = 
12:07:55 liid002  UPDATING data to tables `time2vie_cirruscommon`.`secondary_login` fields ( error ) values (1) on conditions username = liid002 AND company_id = 12
12:10:44   UPDATING data to tables `time2vie_cirruscommon`.`login` fields ( login, last_time ) values (0, 2020-09-25 12:10:44) on conditions username = 
12:10:44   UPDATING data to tables `log_login` fields ( logout_time ) values (2020-09-25:10:10:44) on conditions id =  AND username = 
12:13:05   UPDATING data to tables `time2vie_cirruscommon`.`login` fields ( login, last_time ) values (0, 2020-09-25 12:13:05) on conditions username = 
12:13:05   UPDATING data to tables `log_login` fields ( logout_time ) values (2020-09-25:10:13:05) on conditions id =  AND username = 
12:38:31   UPDATING data to tables `time2vie_cirruscommon`.`login` fields ( login, last_time ) values (0, 2020-09-25 12:38:31) on conditions username = 
12:38:31   UPDATING data to tables `log_login` fields ( logout_time ) values (2020-09-25:10:38:31) on conditions id =  AND username = 
12:42:29   UPDATING data to tables `time2vie_cirruscommon`.`login` fields ( login, last_time ) values (0, 2020-09-25 12:42:29) on conditions username = 
12:42:29   UPDATING data to tables `log_login` fields ( logout_time ) values (2020-09-25:10:42:29) on conditions id =  AND username = 
12:43:33   UPDATING data to tables `time2vie_cirruscommon`.`login` fields ( login, last_time ) values (0, 2020-09-25 12:43:33) on conditions username = 
12:43:33   UPDATING data to tables `log_login` fields ( logout_time ) values (2020-09-25:10:43:33) on conditions id =  AND username = 
12:45:59   UPDATING data to tables `time2vie_cirruscommon`.`login` fields ( login, last_time ) values (0, 2020-09-25 12:45:59) on conditions username = 
12:45:59   UPDATING data to tables `log_login` fields ( logout_time ) values (2020-09-25:10:45:59) on conditions id =  AND username = 
12:46:40   UPDATING data to tables `time2vie_cirruscommon`.`login` fields ( login, last_time ) values (0, 2020-09-25 12:46:40) on conditions username = 
12:46:40   UPDATING data to tables `log_login` fields ( logout_time ) values (2020-09-25:10:46:40) on conditions id =  AND username = 
12:48:03   UPDATING data to tables `time2vie_cirruscommon`.`login` fields ( login, last_time ) values (0, 2020-09-25 12:48:03) on conditions username = 
12:48:03   UPDATING data to tables `log_login` fields ( logout_time ) values (2020-09-25:10:48:03) on conditions id =  AND username = 
12:49:08   UPDATING data to tables `time2vie_cirruscommon`.`login` fields ( login, last_time ) values (0, 2020-09-25 12:49:08) on conditions username = 
12:49:08   UPDATING data to tables `log_login` fields ( logout_time ) values (2020-09-25:10:49:08) on conditions id =  AND username = 
12:49:14 dalu002  UPDATING data to tables `time2vie_cirruscommon`.`secondary_login` fields ( error ) values (1) on conditions username = dalu002 AND company_id = 7
13:21:52   UPDATING data to tables `log_login` fields ( logout_time ) values (2020-09-25:11:21:52) on conditions id = 212845 AND username = pipe003
13:23:28   UPDATING data to tables `time2vie_cirruscommon`.`login` fields ( login, last_time ) values (0, 2020-09-25 13:23:28) on conditions username = 
13:23:28   UPDATING data to tables `log_login` fields ( logout_time ) values (2020-09-25:11:23:28) on conditions id =  AND username = 
13:31:33   UPDATING data to tables `time2vie_cirruscommon`.`login` fields ( login, last_time ) values (0, 2020-09-25 13:31:33) on conditions username = 
13:31:33   UPDATING data to tables `log_login` fields ( logout_time ) values (2020-09-25:11:31:33) on conditions id =  AND username = 
13:32:24   UPDATING data to tables `time2vie_cirruscommon`.`login` fields ( login, last_time ) values (0, 2020-09-25 13:32:24) on conditions username = 
13:32:24   UPDATING data to tables `log_login` fields ( logout_time ) values (2020-09-25:11:32:24) on conditions id =  AND username = 
13:38:19   UPDATING data to tables `time2vie_cirruscommon`.`login` fields ( login, last_time ) values (0, 2020-09-25 13:38:19) on conditions username = 
13:38:19   UPDATING data to tables `log_login` fields ( logout_time ) values (2020-09-25:11:38:19) on conditions id =  AND username = 
13:49:35   UPDATING data to tables `time2vie_cirruscommon`.`login` fields ( login, last_time ) values (0, 2020-09-25 13:49:35) on conditions username = 
13:49:35   UPDATING data to tables `log_login` fields ( logout_time ) values (2020-09-25:11:49:35) on conditions id =  AND username = 
13:50:32 maab006  UPDATING data to tables `time2vie_cirruscommon`.`secondary_login` fields ( error ) values (1) on conditions username = maab006 AND company_id = 4
13:58:06   UPDATING data to tables `time2vie_cirruscommon`.`secondary_login` fields ( error ) values (1) on conditions username = time002 AND company_id = 20
14:03:00   UPDATING data to tables `log_login` fields ( logout_time ) values (2020-09-25:12:03:00) on conditions id = 306597 AND username = kean001
14:06:13   UPDATING data to tables `time2vie_cirruscommon`.`login` fields ( login, last_time ) values (0, 2020-09-25 14:06:13) on conditions username = 
14:06:13   UPDATING data to tables `log_login` fields ( logout_time ) values (2020-09-25:12:06:13) on conditions id =  AND username = 
14:07:01   UPDATING data to tables `time2vie_cirruscommon`.`login` fields ( login, last_time ) values (0, 2020-09-25 14:07:01) on conditions username = 
14:07:01   UPDATING data to tables `log_login` fields ( logout_time ) values (2020-09-25:12:07:01) on conditions id =  AND username = 
14:16:20   UPDATING data to tables `time2vie_cirruscommon`.`login` fields ( login, last_time ) values (0, 2020-09-25 14:16:20) on conditions username = 
14:16:20   UPDATING data to tables `log_login` fields ( logout_time ) values (2020-09-25:12:16:20) on conditions id =  AND username = 
14:24:14   UPDATING data to tables `time2vie_cirruscommon`.`login` fields ( login, last_time ) values (0, 2020-09-25 14:24:14) on conditions username = 
14:24:14   UPDATING data to tables `log_login` fields ( logout_time ) values (2020-09-25:12:24:14) on conditions id =  AND username = 
14:24:23 joto002  UPDATING data to tables `time2vie_cirruscommon`.`secondary_login` fields ( error ) values (1) on conditions username = joto002 AND company_id = 9
14:51:51   UPDATING data to tables `time2vie_cirruscommon`.`login` fields ( login, last_time ) values (0, 2020-09-25 14:51:51) on conditions username = 
14:51:51   UPDATING data to tables `log_login` fields ( logout_time ) values (2020-09-25:12:51:51) on conditions id =  AND username = 
15:01:51   UPDATING data to tables `time2vie_cirruscommon`.`login` fields ( login, last_time ) values (0, 2020-09-25 15:01:51) on conditions username = 
15:01:51   UPDATING data to tables `log_login` fields ( logout_time ) values (2020-09-25:13:01:51) on conditions id =  AND username = 
15:21:45   UPDATING data to tables `time2vie_cirruscommon`.`login` fields ( login, last_time ) values (0, 2020-09-25 15:21:45) on conditions username = 
15:21:45   UPDATING data to tables `log_login` fields ( logout_time ) values (2020-09-25:13:21:45) on conditions id =  AND username = 
15:22:13 clha001  UPDATING data to tables `time2vie_cirruscommon`.`secondary_login` fields ( error ) values (1) on conditions username = clha001 AND company_id = 9
15:22:34   UPDATING data to tables `log_login` fields ( logout_time ) values (2020-09-25:13:22:34) on conditions id = 306628 AND username = evda006
15:26:51   UPDATING data to tables `time2vie_cirruscommon`.`login` fields ( login, last_time ) values (0, 2020-09-25 15:26:51) on conditions username = 
15:26:51   UPDATING data to tables `log_login` fields ( logout_time ) values (2020-09-25:13:26:51) on conditions id =  AND username = 
15:37:28   UPDATING data to tables `time2vie_cirruscommon`.`login` fields ( login, last_time ) values (0, 2020-09-25 15:37:28) on conditions username = 
15:37:28   UPDATING data to tables `log_login` fields ( logout_time ) values (2020-09-25:13:37:28) on conditions id =  AND username = 
16:13:50   UPDATING data to tables `time2vie_cirruscommon`.`login` fields ( login, last_time ) values (0, 2020-09-25 16:13:50) on conditions username = 
16:13:50   UPDATING data to tables `log_login` fields ( logout_time ) values (2020-09-25:14:13:50) on conditions id =  AND username = 
16:14:50   UPDATING data to tables `log_login` fields ( logout_time ) values (2020-09-25:14:14:50) on conditions id = 53320 AND username = inlj001
16:16:44   UPDATING data to tables `time2vie_cirruscommon`.`login` fields ( login, last_time ) values (0, 2020-09-25 16:16:44) on conditions username = 
16:16:44   UPDATING data to tables `log_login` fields ( logout_time ) values (2020-09-25:14:16:44) on conditions id =  AND username = 
17:03:10   UPDATING data to tables `time2vie_cirruscommon`.`login` fields ( login, last_time ) values (0, 2020-09-25 17:03:10) on conditions username = 
17:03:10   UPDATING data to tables `log_login` fields ( logout_time ) values (2020-09-25:15:03:10) on conditions id =  AND username = 
17:22:38   UPDATING data to tables `time2vie_cirruscommon`.`login` fields ( login, last_time ) values (0, 2020-09-25 17:22:38) on conditions username = 
17:22:38   UPDATING data to tables `log_login` fields ( logout_time ) values (2020-09-25:15:22:38) on conditions id =  AND username = 
17:27:43   UPDATING data to tables `time2vie_cirruscommon`.`login` fields ( login, last_time ) values (0, 2020-09-25 17:27:43) on conditions username = 
17:27:43   UPDATING data to tables `log_login` fields ( logout_time ) values (2020-09-25:15:27:43) on conditions id =  AND username = 
17:27:53 toas001  UPDATING data to tables `time2vie_cirruscommon`.`secondary_login` fields ( error ) values (1) on conditions username = toas001 AND company_id = 9
17:56:00   UPDATING data to tables `time2vie_cirruscommon`.`login` fields ( login, last_time ) values (0, 2020-09-25 17:56:00) on conditions username = 
17:56:00   UPDATING data to tables `log_login` fields ( logout_time ) values (2020-09-25:15:56:00) on conditions id =  AND username = 
18:23:28   UPDATING data to tables `time2vie_cirruscommon`.`login` fields ( login, last_time ) values (0, 2020-09-25 18:23:28) on conditions username = 
18:23:28   UPDATING data to tables `log_login` fields ( logout_time ) values (2020-09-25:16:23:28) on conditions id =  AND username = 
18:49:16   UPDATING data to tables `time2vie_cirruscommon`.`login` fields ( login, last_time ) values (0, 2020-09-25 18:49:16) on conditions username = 
18:49:16   UPDATING data to tables `log_login` fields ( logout_time ) values (2020-09-25:16:49:16) on conditions id =  AND username = 
18:57:57   UPDATING data to tables `time2vie_cirruscommon`.`login` fields ( login, last_time ) values (0, 2020-09-25 18:57:57) on conditions username = 
18:57:57   UPDATING data to tables `log_login` fields ( logout_time ) values (2020-09-25:16:57:57) on conditions id =  AND username = 
19:00:54   UPDATING data to tables `time2vie_cirruscommon`.`login` fields ( login, last_time ) values (0, 2020-09-25 19:00:54) on conditions username = 
19:00:54   UPDATING data to tables `log_login` fields ( logout_time ) values (2020-09-25:17:00:54) on conditions id =  AND username = 
19:12:04   UPDATING data to tables `time2vie_cirruscommon`.`login` fields ( login, last_time ) values (0, 2020-09-25 19:12:04) on conditions username = 
19:12:04   UPDATING data to tables `log_login` fields ( logout_time ) values (2020-09-25:17:12:04) on conditions id =  AND username = 
19:22:05   UPDATING data to tables `time2vie_cirruscommon`.`login` fields ( login, last_time ) values (0, 2020-09-25 19:22:05) on conditions username = 
19:22:05   UPDATING data to tables `log_login` fields ( logout_time ) values (2020-09-25:17:22:05) on conditions id =  AND username = 
19:22:15 najo003  UPDATING data to tables `time2vie_cirruscommon`.`secondary_login` fields ( error ) values (1) on conditions username = najo003 AND company_id = 7
19:22:23 najo003  UPDATING data to tables `time2vie_cirruscommon`.`secondary_login` fields ( error ) values (2) on conditions username = najo003 AND company_id = 7
20:07:34   UPDATING data to tables `time2vie_cirruscommon`.`login` fields ( login, last_time ) values (0, 2020-09-25 20:07:34) on conditions username = 
20:07:34   UPDATING data to tables `log_login` fields ( logout_time ) values (2020-09-25:18:07:34) on conditions id =  AND username = 
20:26:01   UPDATING data to tables `time2vie_cirruscommon`.`login` fields ( login, last_time ) values (0, 2020-09-25 20:26:01) on conditions username = 
20:26:01   UPDATING data to tables `log_login` fields ( logout_time ) values (2020-09-25:18:26:01) on conditions id =  AND username = 
20:26:14 lisa004  UPDATING data to tables `time2vie_cirruscommon`.`secondary_login` fields ( error ) values (1) on conditions username = lisa004 AND company_id = 7
20:35:13   UPDATING data to tables `time2vie_cirruscommon`.`login` fields ( login, last_time ) values (0, 2020-09-25 20:35:13) on conditions username = 
20:35:13   UPDATING data to tables `log_login` fields ( logout_time ) values (2020-09-25:18:35:13) on conditions id =  AND username = 
20:52:01   UPDATING data to tables `time2vie_cirruscommon`.`secondary_login` fields ( error ) values (1) on conditions username = frlo001 AND company_id = 5
21:04:32   UPDATING data to tables `time2vie_cirruscommon`.`login` fields ( login, last_time ) values (0, 2020-09-25 21:04:32) on conditions username = 
21:04:32   UPDATING data to tables `log_login` fields ( logout_time ) values (2020-09-25:19:04:32) on conditions id =  AND username = 
21:12:44   UPDATING data to tables `time2vie_cirruscommon`.`login` fields ( login, last_time ) values (0, 2020-09-25 21:12:44) on conditions username = 
21:12:44   UPDATING data to tables `log_login` fields ( logout_time ) values (2020-09-25:19:12:44) on conditions id =  AND username = 
21:26:05   UPDATING data to tables `time2vie_cirruscommon`.`login` fields ( login, last_time ) values (0, 2020-09-25 21:26:05) on conditions username = 
21:26:05   UPDATING data to tables `log_login` fields ( logout_time ) values (2020-09-25:19:26:05) on conditions id =  AND username = 
21:36:56   UPDATING data to tables `time2vie_cirruscommon`.`login` fields ( login, last_time ) values (0, 2020-09-25 21:36:56) on conditions username = 
21:36:56   UPDATING data to tables `log_login` fields ( logout_time ) values (2020-09-25:19:36:56) on conditions id =  AND username = 
22:14:37   UPDATING data to tables `time2vie_cirruscommon`.`login` fields ( login, last_time ) values (0, 2020-09-25 22:14:37) on conditions username = 
22:14:37   UPDATING data to tables `log_login` fields ( logout_time ) values (2020-09-25:20:14:37) on conditions id =  AND username = 
22:22:37   UPDATING data to tables `time2vie_cirruscommon`.`login` fields ( login, last_time ) values (0, 2020-09-25 22:22:37) on conditions username = 
22:22:37   UPDATING data to tables `log_login` fields ( logout_time ) values (2020-09-25:20:22:37) on conditions id =  AND username = 
22:24:15   UPDATING data to tables `time2vie_cirruscommon`.`secondary_login` fields ( error ) values (1) on conditions username = masa011 AND company_id = 9
23:09:41   UPDATING data to tables `time2vie_cirruscommon`.`login` fields ( login, last_time ) values (0, 2020-09-25 23:09:41) on conditions username = 
23:09:41   UPDATING data to tables `log_login` fields ( logout_time ) values (2020-09-25:21:09:41) on conditions id =  AND username = 
00:27:46   UPDATING data to tables `time2vie_cirruscommon`.`login` fields ( login, last_time ) values (0, 2020-09-26 00:27:46) on conditions username = 
00:27:46   UPDATING data to tables `log_login` fields ( logout_time ) values (2020-09-25:22:27:46) on conditions id =  AND username = 
00:30:55   UPDATING data to tables `time2vie_cirruscommon`.`login` fields ( login, last_time ) values (0, 2020-09-26 00:30:55) on conditions username = 
00:30:55   UPDATING data to tables `log_login` fields ( logout_time ) values (2020-09-25:22:30:55) on conditions id =  AND username = 
00:31:06 riry001  UPDATING data to tables `time2vie_cirruscommon`.`secondary_login` fields ( error ) values (1) on conditions username = riry001 AND company_id = 9
00:31:42   UPDATING data to tables `time2vie_cirruscommon`.`login` fields ( login, last_time ) values (0, 2020-09-26 00:31:42) on conditions username = 
00:31:42   UPDATING data to tables `log_login` fields ( logout_time ) values (2020-09-25:22:31:42) on conditions id =  AND username = 
