05:34:20   UPDATING data to tables `time2vie_cirruscommon`.`login` fields ( login, last_time ) values (0, 2020-12-19 05:34:20) on conditions username = 
05:34:20   UPDATING data to tables `log_login` fields ( logout_time ) values (2020-12-19:04:34:20) on conditions id =  AND username = 
06:22:23   UPDATING data to tables `time2vie_cirruscommon`.`login` fields ( login, last_time ) values (0, 2020-12-19 06:22:23) on conditions username = 
06:22:23   UPDATING data to tables `log_login` fields ( logout_time ) values (2020-12-19:05:22:23) on conditions id =  AND username = 
06:24:22   UPDATING data to tables `time2vie_cirruscommon`.`login` fields ( login, last_time ) values (0, 2020-12-19 06:24:22) on conditions username = 
06:24:22   UPDATING data to tables `log_login` fields ( logout_time ) values (2020-12-19:05:24:22) on conditions id =  AND username = 
08:12:07   UPDATING data to tables `time2vie_cirruscommon`.`login` fields ( login, last_time ) values (0, 2020-12-19 08:12:07) on conditions username = 
08:12:07   UPDATING data to tables `log_login` fields ( logout_time ) values (2020-12-19:07:12:07) on conditions id =  AND username = 
08:23:12   UPDATING data to tables `time2vie_cirruscommon`.`login` fields ( login, last_time ) values (0, 2020-12-19 08:23:12) on conditions username = 
08:23:12   UPDATING data to tables `log_login` fields ( logout_time ) values (2020-12-19:07:23:12) on conditions id =  AND username = 
08:28:58   UPDATING data to tables `time2vie_cirruscommon`.`login` fields ( login, last_time ) values (0, 2020-12-19 08:28:58) on conditions username = 
08:28:58   UPDATING data to tables `log_login` fields ( logout_time ) values (2020-12-19:07:28:58) on conditions id =  AND username = 
08:57:22   UPDATING data to tables `time2vie_cirruscommon`.`login` fields ( login, last_time ) values (0, 2020-12-19 08:57:22) on conditions username = 
08:57:22   UPDATING data to tables `log_login` fields ( logout_time ) values (2020-12-19:07:57:22) on conditions id =  AND username = 
08:58:16   UPDATING data to tables `time2vie_cirruscommon`.`login` fields ( login, last_time ) values (0, 2020-12-19 08:58:16) on conditions username = 
08:58:16   UPDATING data to tables `log_login` fields ( logout_time ) values (2020-12-19:07:58:16) on conditions id =  AND username = 
09:11:26   UPDATING data to tables `time2vie_cirruscommon`.`login` fields ( login, last_time ) values (0, 2020-12-19 09:11:26) on conditions username = 
09:11:26   UPDATING data to tables `log_login` fields ( logout_time ) values (2020-12-19:08:11:26) on conditions id =  AND username = 
09:11:41   UPDATING data to tables `time2vie_cirruscommon`.`login` fields ( login, last_time ) values (0, 2020-12-19 09:11:41) on conditions username = 
09:11:41   UPDATING data to tables `log_login` fields ( logout_time ) values (2020-12-19:08:11:41) on conditions id =  AND username = 
09:19:28   UPDATING data to tables `time2vie_cirruscommon`.`login` fields ( login, last_time ) values (0, 2020-12-19 09:19:28) on conditions username = 
09:19:28   UPDATING data to tables `log_login` fields ( logout_time ) values (2020-12-19:08:19:28) on conditions id =  AND username = 
10:26:09   UPDATING data to tables `time2vie_cirruscommon`.`login` fields ( login, last_time ) values (0, 2020-12-19 10:26:09) on conditions username = 
10:26:09   UPDATING data to tables `log_login` fields ( logout_time ) values (2020-12-19:09:26:09) on conditions id =  AND username = 
10:27:44   UPDATING data to tables `time2vie_cirruscommon`.`login` fields ( login, last_time ) values (0, 2020-12-19 10:27:44) on conditions username = 
10:27:44   UPDATING data to tables `log_login` fields ( logout_time ) values (2020-12-19:09:27:44) on conditions id =  AND username = 
10:37:59   UPDATING data to tables `time2vie_cirruscommon`.`login` fields ( login, last_time ) values (0, 2020-12-19 10:37:59) on conditions username = 
10:37:59   UPDATING data to tables `log_login` fields ( logout_time ) values (2020-12-19:09:37:59) on conditions id =  AND username = 
10:41:24   UPDATING data to tables `time2vie_cirruscommon`.`login` fields ( login, last_time ) values (0, 2020-12-19 10:41:24) on conditions username = 
10:41:24   UPDATING data to tables `log_login` fields ( logout_time ) values (2020-12-19:09:41:24) on conditions id =  AND username = 
10:42:42   UPDATING data to tables `time2vie_cirruscommon`.`login` fields ( login, last_time ) values (0, 2020-12-19 10:42:42) on conditions username = 
10:42:42   UPDATING data to tables `log_login` fields ( logout_time ) values (2020-12-19:09:42:42) on conditions id =  AND username = 
11:26:53   UPDATING data to tables `time2vie_cirruscommon`.`login` fields ( login, last_time ) values (0, 2020-12-19 11:26:53) on conditions username = 
11:26:53   UPDATING data to tables `log_login` fields ( logout_time ) values (2020-12-19:10:26:53) on conditions id =  AND username = 
11:39:00   UPDATING data to tables `time2vie_cirruscommon`.`login` fields ( login, last_time ) values (0, 2020-12-19 11:39:00) on conditions username = 
11:39:00   UPDATING data to tables `log_login` fields ( logout_time ) values (2020-12-19:10:39:00) on conditions id =  AND username = 
11:41:49   UPDATING data to tables `log_login` fields ( logout_time ) values (2020-12-19:10:41:49) on conditions id = 285512 AND username = mala027
11:43:07   UPDATING data to tables `time2vie_cirruscommon`.`login` fields ( login, last_time ) values (0, 2020-12-19 11:43:07) on conditions username = 
11:43:07   UPDATING data to tables `log_login` fields ( logout_time ) values (2020-12-19:10:43:07) on conditions id =  AND username = 
11:49:56   UPDATING data to tables `time2vie_cirruscommon`.`login` fields ( login, last_time ) values (0, 2020-12-19 11:49:56) on conditions username = 
11:49:56   UPDATING data to tables `log_login` fields ( logout_time ) values (2020-12-19:10:49:56) on conditions id =  AND username = 
11:51:02   UPDATING data to tables `time2vie_cirruscommon`.`login` fields ( login, last_time ) values (0, 2020-12-19 11:51:02) on conditions username = 
11:51:02   UPDATING data to tables `log_login` fields ( logout_time ) values (2020-12-19:10:51:02) on conditions id =  AND username = 
11:59:03   UPDATING data to tables `time2vie_cirruscommon`.`login` fields ( login, last_time ) values (0, 2020-12-19 11:59:03) on conditions username = 
11:59:03   UPDATING data to tables `log_login` fields ( logout_time ) values (2020-12-19:10:59:03) on conditions id =  AND username = 
12:27:38   UPDATING data to tables `time2vie_cirruscommon`.`login` fields ( login, last_time ) values (0, 2020-12-19 12:27:38) on conditions username = 
12:27:38   UPDATING data to tables `log_login` fields ( logout_time ) values (2020-12-19:11:27:38) on conditions id =  AND username = 
12:29:08   UPDATING data to tables `time2vie_cirruscommon`.`login` fields ( login, last_time ) values (0, 2020-12-19 12:29:08) on conditions username = 
12:29:08   UPDATING data to tables `log_login` fields ( logout_time ) values (2020-12-19:11:29:08) on conditions id =  AND username = 
12:29:19 beto001  UPDATING data to tables `time2vie_cirruscommon`.`secondary_login` fields ( error ) values (1) on conditions username = beto001 AND company_id = 9
12:29:29   UPDATING data to tables `time2vie_cirruscommon`.`login` fields ( login, last_time ) values (0, 2020-12-19 12:29:29) on conditions username = 
12:29:29   UPDATING data to tables `log_login` fields ( logout_time ) values (2020-12-19:11:29:29) on conditions id =  AND username = 
12:29:34   UPDATING data to tables `time2vie_cirruscommon`.`login` fields ( login, last_time ) values (0, 2020-12-19 12:29:34) on conditions username = 
12:29:34   UPDATING data to tables `log_login` fields ( logout_time ) values (2020-12-19:11:29:34) on conditions id =  AND username = 
12:29:34   UPDATING data to tables `time2vie_cirruscommon`.`login` fields ( login, last_time ) values (0, 2020-12-19 12:29:34) on conditions username = 
12:29:34   UPDATING data to tables `log_login` fields ( logout_time ) values (2020-12-19:11:29:34) on conditions id =  AND username = 
12:35:33   UPDATING data to tables `time2vie_cirruscommon`.`login` fields ( login, last_time ) values (0, 2020-12-19 12:35:33) on conditions username = 
12:35:33   UPDATING data to tables `log_login` fields ( logout_time ) values (2020-12-19:11:35:33) on conditions id =  AND username = 
13:00:34   UPDATING data to tables `time2vie_cirruscommon`.`login` fields ( login, last_time ) values (0, 2020-12-19 13:00:34) on conditions username = 
13:00:34   UPDATING data to tables `log_login` fields ( logout_time ) values (2020-12-19:12:00:34) on conditions id =  AND username = 
13:00:53   UPDATING data to tables `log_login` fields ( logout_time ) values (2020-12-19:12:00:53) on conditions id = 285522 AND username = lisa004
13:01:03 lisa004  UPDATING data to tables `time2vie_cirruscommon`.`secondary_login` fields ( error ) values (1) on conditions username = lisa004 AND company_id = 7
13:20:09   UPDATING data to tables `time2vie_cirruscommon`.`login` fields ( login, last_time ) values (0, 2020-12-19 13:20:09) on conditions username = 
13:20:09   UPDATING data to tables `log_login` fields ( logout_time ) values (2020-12-19:12:20:09) on conditions id =  AND username = 
13:43:19   UPDATING data to tables `time2vie_cirruscommon`.`login` fields ( login, last_time ) values (0, 2020-12-19 13:43:19) on conditions username = 
13:43:19   UPDATING data to tables `log_login` fields ( logout_time ) values (2020-12-19:12:43:19) on conditions id =  AND username = 
14:19:45   UPDATING data to tables `time2vie_cirruscommon`.`login` fields ( login, last_time ) values (0, 2020-12-19 14:19:45) on conditions username = 
14:19:45   UPDATING data to tables `log_login` fields ( logout_time ) values (2020-12-19:13:19:45) on conditions id =  AND username = 
14:20:52   UPDATING data to tables `time2vie_cirruscommon`.`login` fields ( login, last_time ) values (0, 2020-12-19 14:20:52) on conditions username = 
14:20:52   UPDATING data to tables `log_login` fields ( logout_time ) values (2020-12-19:13:20:52) on conditions id =  AND username = 
14:21:58   UPDATING data to tables `time2vie_cirruscommon`.`login` fields ( login, last_time ) values (0, 2020-12-19 14:21:58) on conditions username = 
14:21:58   UPDATING data to tables `log_login` fields ( logout_time ) values (2020-12-19:13:21:58) on conditions id =  AND username = 
14:45:57   UPDATING data to tables `time2vie_cirruscommon`.`login` fields ( login, last_time ) values (0, 2020-12-19 14:45:57) on conditions username = 
14:45:57   UPDATING data to tables `log_login` fields ( logout_time ) values (2020-12-19:13:45:57) on conditions id =  AND username = 
14:51:44   UPDATING data to tables `time2vie_cirruscommon`.`login` fields ( login, last_time ) values (0, 2020-12-19 14:51:44) on conditions username = 
14:51:44   UPDATING data to tables `log_login` fields ( logout_time ) values (2020-12-19:13:51:44) on conditions id =  AND username = 
15:16:50   UPDATING data to tables `time2vie_cirruscommon`.`login` fields ( login, last_time ) values (0, 2020-12-19 15:16:50) on conditions username = 
15:16:50   UPDATING data to tables `log_login` fields ( logout_time ) values (2020-12-19:14:16:50) on conditions id =  AND username = 
15:35:10   UPDATING data to tables `time2vie_cirruscommon`.`login` fields ( login, last_time ) values (0, 2020-12-19 15:35:10) on conditions username = 
15:35:10   UPDATING data to tables `log_login` fields ( logout_time ) values (2020-12-19:14:35:10) on conditions id =  AND username = 
15:36:35   UPDATING data to tables `log_login` fields ( logout_time ) values (2020-12-19:14:36:35) on conditions id = 285528 AND username = krda003
15:39:05   UPDATING data to tables `time2vie_cirruscommon`.`login` fields ( login, last_time ) values (0, 2020-12-19 15:39:05) on conditions username = 
15:39:05   UPDATING data to tables `log_login` fields ( logout_time ) values (2020-12-19:14:39:05) on conditions id =  AND username = 
15:41:55   UPDATING data to tables `time2vie_cirruscommon`.`login` fields ( login, last_time ) values (0, 2020-12-19 15:41:55) on conditions username = 
15:41:55   UPDATING data to tables `log_login` fields ( logout_time ) values (2020-12-19:14:41:55) on conditions id =  AND username = 
16:03:19   UPDATING data to tables `time2vie_cirruscommon`.`login` fields ( login, last_time ) values (0, 2020-12-19 16:03:19) on conditions username = 
16:03:19   UPDATING data to tables `log_login` fields ( logout_time ) values (2020-12-19:15:03:19) on conditions id =  AND username = 
16:27:17   UPDATING data to tables `time2vie_cirruscommon`.`login` fields ( login, last_time ) values (0, 2020-12-19 16:27:17) on conditions username = 
16:27:17   UPDATING data to tables `log_login` fields ( logout_time ) values (2020-12-19:15:27:17) on conditions id =  AND username = 
17:10:38   UPDATING data to tables `time2vie_cirruscommon`.`login` fields ( login, last_time ) values (0, 2020-12-19 17:10:38) on conditions username = 
17:10:38   UPDATING data to tables `log_login` fields ( logout_time ) values (2020-12-19:16:10:38) on conditions id =  AND username = 
17:10:53 hesa003  UPDATING data to tables `time2vie_cirruscommon`.`secondary_login` fields ( error ) values (1) on conditions username = hesa003 AND company_id = 3
17:10:58 hesa003  UPDATING data to tables `time2vie_cirruscommon`.`secondary_login` fields ( error ) values (2) on conditions username = hesa003 AND company_id = 3
17:35:36   UPDATING data to tables `time2vie_cirruscommon`.`login` fields ( login, last_time ) values (0, 2020-12-19 17:35:36) on conditions username = 
17:35:36   UPDATING data to tables `log_login` fields ( logout_time ) values (2020-12-19:16:35:36) on conditions id =  AND username = 
17:58:00   UPDATING data to tables `time2vie_cirruscommon`.`login` fields ( login, last_time ) values (0, 2020-12-19 17:58:00) on conditions username = 
17:58:00   UPDATING data to tables `log_login` fields ( logout_time ) values (2020-12-19:16:58:00) on conditions id =  AND username = 
18:12:36   UPDATING data to tables `time2vie_cirruscommon`.`login` fields ( login, last_time ) values (0, 2020-12-19 18:12:36) on conditions username = 
18:12:36   UPDATING data to tables `log_login` fields ( logout_time ) values (2020-12-19:17:12:36) on conditions id =  AND username = 
19:00:24   UPDATING data to tables `time2vie_cirruscommon`.`login` fields ( login, last_time ) values (0, 2020-12-19 19:00:24) on conditions username = 
19:00:24   UPDATING data to tables `log_login` fields ( logout_time ) values (2020-12-19:18:00:24) on conditions id =  AND username = 
19:05:35   UPDATING data to tables `time2vie_cirruscommon`.`login` fields ( login, last_time ) values (0, 2020-12-19 19:05:35) on conditions username = 
19:05:35   UPDATING data to tables `log_login` fields ( logout_time ) values (2020-12-19:18:05:35) on conditions id =  AND username = 
19:07:06   UPDATING data to tables `time2vie_cirruscommon`.`login` fields ( login, last_time ) values (0, 2020-12-19 19:07:06) on conditions username = 
19:07:06   UPDATING data to tables `log_login` fields ( logout_time ) values (2020-12-19:18:07:06) on conditions id =  AND username = 
19:16:14   UPDATING data to tables `time2vie_cirruscommon`.`login` fields ( login, last_time ) values (0, 2020-12-19 19:16:14) on conditions username = 
19:16:14   UPDATING data to tables `log_login` fields ( logout_time ) values (2020-12-19:18:16:14) on conditions id =  AND username = 
19:20:40   UPDATING data to tables `time2vie_cirruscommon`.`login` fields ( login, last_time ) values (0, 2020-12-19 19:20:40) on conditions username = 
19:20:40   UPDATING data to tables `log_login` fields ( logout_time ) values (2020-12-19:18:20:40) on conditions id =  AND username = 
19:46:08   UPDATING data to tables `time2vie_cirruscommon`.`login` fields ( login, last_time ) values (0, 2020-12-19 19:46:08) on conditions username = 
19:46:08   UPDATING data to tables `log_login` fields ( logout_time ) values (2020-12-19:18:46:08) on conditions id =  AND username = 
19:47:14   UPDATING data to tables `time2vie_cirruscommon`.`login` fields ( login, last_time ) values (0, 2020-12-19 19:47:14) on conditions username = 
19:47:14   UPDATING data to tables `log_login` fields ( logout_time ) values (2020-12-19:18:47:14) on conditions id =  AND username = 
19:59:17   UPDATING data to tables `time2vie_cirruscommon`.`login` fields ( login, last_time ) values (0, 2020-12-19 19:59:17) on conditions username = 
19:59:17   UPDATING data to tables `log_login` fields ( logout_time ) values (2020-12-19:18:59:17) on conditions id =  AND username = 
20:28:19   UPDATING data to tables `time2vie_cirruscommon`.`login` fields ( login, last_time ) values (0, 2020-12-19 20:28:19) on conditions username = 
20:28:19   UPDATING data to tables `log_login` fields ( logout_time ) values (2020-12-19:19:28:19) on conditions id =  AND username = 
20:36:11   UPDATING data to tables `time2vie_cirruscommon`.`login` fields ( login, last_time ) values (0, 2020-12-19 20:36:11) on conditions username = 
20:36:11   UPDATING data to tables `log_login` fields ( logout_time ) values (2020-12-19:19:36:11) on conditions id =  AND username = 
20:42:30   UPDATING data to tables `time2vie_cirruscommon`.`login` fields ( login, last_time ) values (0, 2020-12-19 20:42:30) on conditions username = 
20:42:30   UPDATING data to tables `log_login` fields ( logout_time ) values (2020-12-19:19:42:30) on conditions id =  AND username = 
21:13:06   UPDATING data to tables `time2vie_cirruscommon`.`login` fields ( login, last_time ) values (0, 2020-12-19 21:13:06) on conditions username = 
21:13:06   UPDATING data to tables `log_login` fields ( logout_time ) values (2020-12-19:20:13:06) on conditions id =  AND username = 
21:39:36   UPDATING data to tables `time2vie_cirruscommon`.`login` fields ( login, last_time ) values (0, 2020-12-19 21:39:36) on conditions username = 
21:39:36   UPDATING data to tables `log_login` fields ( logout_time ) values (2020-12-19:20:39:36) on conditions id =  AND username = 
21:41:11   UPDATING data to tables `time2vie_cirruscommon`.`login` fields ( login, last_time ) values (0, 2020-12-19 21:41:11) on conditions username = 
21:41:11   UPDATING data to tables `log_login` fields ( logout_time ) values (2020-12-19:20:41:11) on conditions id =  AND username = 
21:43:23   UPDATING data to tables `time2vie_cirruscommon`.`login` fields ( login, last_time ) values (0, 2020-12-19 21:43:23) on conditions username = 
21:43:23   UPDATING data to tables `log_login` fields ( logout_time ) values (2020-12-19:20:43:23) on conditions id =  AND username = 
22:01:53   UPDATING data to tables `time2vie_cirruscommon`.`login` fields ( login, last_time ) values (0, 2020-12-19 22:01:53) on conditions username = 
22:01:53   UPDATING data to tables `log_login` fields ( logout_time ) values (2020-12-19:21:01:53) on conditions id =  AND username = 
22:03:40   UPDATING data to tables `time2vie_cirruscommon`.`login` fields ( login, last_time ) values (0, 2020-12-19 22:03:40) on conditions username = 
22:03:40   UPDATING data to tables `log_login` fields ( logout_time ) values (2020-12-19:21:03:40) on conditions id =  AND username = 
22:04:51   UPDATING data to tables `time2vie_cirruscommon`.`login` fields ( login, last_time ) values (0, 2020-12-19 22:04:51) on conditions username = 
22:04:51   UPDATING data to tables `log_login` fields ( logout_time ) values (2020-12-19:21:04:51) on conditions id =  AND username = 
22:12:14   UPDATING data to tables `time2vie_cirruscommon`.`login` fields ( login, last_time ) values (0, 2020-12-19 22:12:14) on conditions username = 
22:12:14   UPDATING data to tables `log_login` fields ( logout_time ) values (2020-12-19:21:12:14) on conditions id =  AND username = 
00:49:24   UPDATING data to tables `time2vie_cirruscommon`.`login` fields ( login, last_time ) values (0, 2020-12-20 00:49:24) on conditions username = 
00:49:24   UPDATING data to tables `log_login` fields ( logout_time ) values (2020-12-19:23:49:24) on conditions id =  AND username = 
00:49:50   UPDATING data to tables `time2vie_cirruscommon`.`login` fields ( login, last_time ) values (0, 2020-12-20 00:49:50) on conditions username = 
00:49:50   UPDATING data to tables `log_login` fields ( logout_time ) values (2020-12-19:23:49:50) on conditions id =  AND username = 
