02:23:03   UPDATING data to tables `time2vie_cirruscommon`.`login` fields ( login, last_time ) values (0, 2020-09-19 02:23:03) on conditions username = 
02:23:03   UPDATING data to tables `log_login` fields ( logout_time ) values (2020-09-19:00:23:03) on conditions id =  AND username = 
04:51:33 mala008  UPDATING data to tables `time2vie_cirruscommon`.`secondary_login` fields ( error ) values (1) on conditions username = mala008 AND company_id = 9
05:16:28   UPDATING data to tables `time2vie_cirruscommon`.`login` fields ( login, last_time ) values (0, 2020-09-19 05:16:28) on conditions username = 
05:16:28   UPDATING data to tables `log_login` fields ( logout_time ) values (2020-09-19:03:16:28) on conditions id =  AND username = 
06:12:46   UPDATING data to tables `time2vie_cirruscommon`.`login` fields ( login, last_time ) values (0, 2020-09-19 06:12:46) on conditions username = 
06:12:46   UPDATING data to tables `log_login` fields ( logout_time ) values (2020-09-19:04:12:46) on conditions id =  AND username = 
06:19:14   UPDATING data to tables `time2vie_cirruscommon`.`login` fields ( login, last_time ) values (0, 2020-09-19 06:19:14) on conditions username = 
06:19:14   UPDATING data to tables `log_login` fields ( logout_time ) values (2020-09-19:04:19:14) on conditions id =  AND username = 
06:37:08   UPDATING data to tables `time2vie_cirruscommon`.`login` fields ( login, last_time ) values (0, 2020-09-19 06:37:08) on conditions username = 
06:37:08   UPDATING data to tables `log_login` fields ( logout_time ) values (2020-09-19:04:37:08) on conditions id =  AND username = 
07:02:47   UPDATING data to tables `time2vie_cirruscommon`.`login` fields ( login, last_time ) values (0, 2020-09-19 07:02:47) on conditions username = 
07:02:47   UPDATING data to tables `log_login` fields ( logout_time ) values (2020-09-19:05:02:47) on conditions id =  AND username = 
08:13:16   UPDATING data to tables `time2vie_cirruscommon`.`login` fields ( login, last_time ) values (0, 2020-09-19 08:13:16) on conditions username = 
08:13:16   UPDATING data to tables `log_login` fields ( logout_time ) values (2020-09-19:06:13:16) on conditions id =  AND username = 
08:23:47   UPDATING data to tables `time2vie_cirruscommon`.`login` fields ( login, last_time ) values (0, 2020-09-19 08:23:47) on conditions username = 
08:23:47   UPDATING data to tables `log_login` fields ( logout_time ) values (2020-09-19:06:23:47) on conditions id =  AND username = 
09:10:04   UPDATING data to tables `time2vie_cirruscommon`.`login` fields ( login, last_time ) values (0, 2020-09-19 09:10:04) on conditions username = 
09:10:04   UPDATING data to tables `log_login` fields ( logout_time ) values (2020-09-19:07:10:04) on conditions id =  AND username = 
09:22:22   UPDATING data to tables `time2vie_cirruscommon`.`login` fields ( login, last_time ) values (0, 2020-09-19 09:22:22) on conditions username = 
09:22:22   UPDATING data to tables `log_login` fields ( logout_time ) values (2020-09-19:07:22:22) on conditions id =  AND username = 
09:38:49   UPDATING data to tables `time2vie_cirruscommon`.`login` fields ( login, last_time ) values (0, 2020-09-19 09:38:49) on conditions username = 
09:38:49   UPDATING data to tables `log_login` fields ( logout_time ) values (2020-09-19:07:38:49) on conditions id =  AND username = 
10:12:05   UPDATING data to tables `time2vie_cirruscommon`.`login` fields ( login, last_time ) values (0, 2020-09-19 10:12:05) on conditions username = 
10:12:05   UPDATING data to tables `log_login` fields ( logout_time ) values (2020-09-19:08:12:05) on conditions id =  AND username = 
11:00:21   UPDATING data to tables `time2vie_cirruscommon`.`login` fields ( login, last_time ) values (0, 2020-09-19 11:00:21) on conditions username = 
11:00:21   UPDATING data to tables `log_login` fields ( logout_time ) values (2020-09-19:09:00:21) on conditions id =  AND username = 
11:04:48   UPDATING data to tables `time2vie_cirruscommon`.`login` fields ( login, last_time ) values (0, 2020-09-19 11:04:48) on conditions username = 
11:04:48   UPDATING data to tables `log_login` fields ( logout_time ) values (2020-09-19:09:04:48) on conditions id =  AND username = 
11:29:28   UPDATING data to tables `time2vie_cirruscommon`.`login` fields ( login, last_time ) values (0, 2020-09-19 11:29:28) on conditions username = 
11:29:28   UPDATING data to tables `log_login` fields ( logout_time ) values (2020-09-19:09:29:28) on conditions id =  AND username = 
11:45:22   UPDATING data to tables `time2vie_cirruscommon`.`login` fields ( login, last_time ) values (0, 2020-09-19 11:45:22) on conditions username = 
11:45:22   UPDATING data to tables `log_login` fields ( logout_time ) values (2020-09-19:09:45:22) on conditions id =  AND username = 
11:58:56   UPDATING data to tables `time2vie_cirruscommon`.`login` fields ( login, last_time ) values (0, 2020-09-19 11:58:56) on conditions username = 
11:58:56   UPDATING data to tables `log_login` fields ( logout_time ) values (2020-09-19:09:58:56) on conditions id =  AND username = 
12:04:37   UPDATING data to tables `time2vie_cirruscommon`.`login` fields ( login, last_time ) values (0, 2020-09-19 12:04:37) on conditions username = 
12:04:37   UPDATING data to tables `log_login` fields ( logout_time ) values (2020-09-19:10:04:37) on conditions id =  AND username = 
12:05:46   UPDATING data to tables `time2vie_cirruscommon`.`login` fields ( login, last_time ) values (0, 2020-09-19 12:05:46) on conditions username = 
12:05:46   UPDATING data to tables `log_login` fields ( logout_time ) values (2020-09-19:10:05:46) on conditions id =  AND username = 
12:10:17   UPDATING data to tables `time2vie_cirruscommon`.`login` fields ( login, last_time ) values (0, 2020-09-19 12:10:17) on conditions username = 
12:10:17   UPDATING data to tables `log_login` fields ( logout_time ) values (2020-09-19:10:10:17) on conditions id =  AND username = 
12:12:41   UPDATING data to tables `log_login` fields ( logout_time ) values (2020-09-19:10:12:41) on conditions id = 212341 AND username = anan020
12:15:38   UPDATING data to tables `time2vie_cirruscommon`.`login` fields ( login, last_time ) values (0, 2020-09-19 12:15:38) on conditions username = 
12:15:38   UPDATING data to tables `log_login` fields ( logout_time ) values (2020-09-19:10:15:38) on conditions id =  AND username = 
12:30:52   UPDATING data to tables `log_login` fields ( logout_time ) values (2020-09-19:10:30:52) on conditions id = 305470 AND username = evda006
12:59:49   UPDATING data to tables `time2vie_cirruscommon`.`login` fields ( login, last_time ) values (0, 2020-09-19 12:59:49) on conditions username = 
12:59:49   UPDATING data to tables `log_login` fields ( logout_time ) values (2020-09-19:10:59:49) on conditions id =  AND username = 
13:01:25   UPDATING data to tables `time2vie_cirruscommon`.`login` fields ( login, last_time ) values (0, 2020-09-19 13:01:25) on conditions username = 
13:01:25   UPDATING data to tables `log_login` fields ( logout_time ) values (2020-09-19:11:01:25) on conditions id =  AND username = 
13:04:41   UPDATING data to tables `time2vie_cirruscommon`.`login` fields ( login, last_time ) values (0, 2020-09-19 13:04:41) on conditions username = 
13:04:41   UPDATING data to tables `log_login` fields ( logout_time ) values (2020-09-19:11:04:41) on conditions id =  AND username = 
13:04:53 eris001  UPDATING data to tables `time2vie_cirruscommon`.`secondary_login` fields ( error ) values (1) on conditions username = eris001 AND company_id = 9
13:14:38   UPDATING data to tables `time2vie_cirruscommon`.`login` fields ( login, last_time ) values (0, 2020-09-19 13:14:38) on conditions username = 
13:14:38   UPDATING data to tables `log_login` fields ( logout_time ) values (2020-09-19:11:14:38) on conditions id =  AND username = 
13:38:21   UPDATING data to tables `time2vie_cirruscommon`.`login` fields ( login, last_time ) values (0, 2020-09-19 13:38:21) on conditions username = 
13:38:21   UPDATING data to tables `log_login` fields ( logout_time ) values (2020-09-19:11:38:21) on conditions id =  AND username = 
13:39:53   UPDATING data to tables `time2vie_cirruscommon`.`login` fields ( login, last_time ) values (0, 2020-09-19 13:39:53) on conditions username = 
13:39:53   UPDATING data to tables `log_login` fields ( logout_time ) values (2020-09-19:11:39:53) on conditions id =  AND username = 
13:40:19   UPDATING data to tables `time2vie_cirruscommon`.`login` fields ( login, last_time ) values (0, 2020-09-19 13:40:19) on conditions username = 
13:40:19   UPDATING data to tables `log_login` fields ( logout_time ) values (2020-09-19:11:40:19) on conditions id =  AND username = 
13:47:12   UPDATING data to tables `time2vie_cirruscommon`.`login` fields ( login, last_time ) values (0, 2020-09-19 13:47:12) on conditions username = 
13:47:12   UPDATING data to tables `log_login` fields ( logout_time ) values (2020-09-19:11:47:12) on conditions id =  AND username = 
13:47:33 feza001  UPDATING data to tables `time2vie_cirruscommon`.`secondary_login` fields ( error ) values (1) on conditions username = feza001 AND company_id = 3
13:49:21   UPDATING data to tables `time2vie_cirruscommon`.`login` fields ( login, last_time ) values (0, 2020-09-19 13:49:21) on conditions username = 
13:49:21   UPDATING data to tables `log_login` fields ( logout_time ) values (2020-09-19:11:49:21) on conditions id =  AND username = 
14:12:58   UPDATING data to tables `time2vie_cirruscommon`.`login` fields ( login, last_time ) values (0, 2020-09-19 14:12:58) on conditions username = 
14:12:58   UPDATING data to tables `log_login` fields ( logout_time ) values (2020-09-19:12:12:58) on conditions id =  AND username = 
14:17:45   UPDATING data to tables `log_login` fields ( logout_time ) values (2020-09-19:12:17:45) on conditions id = 305489 AND username = lino002
14:32:11   UPDATING data to tables `time2vie_cirruscommon`.`login` fields ( login, last_time ) values (0, 2020-09-19 14:32:11) on conditions username = 
14:32:11   UPDATING data to tables `log_login` fields ( logout_time ) values (2020-09-19:12:32:11) on conditions id =  AND username = 
14:41:35   UPDATING data to tables `time2vie_cirruscommon`.`login` fields ( login, last_time ) values (0, 2020-09-19 14:41:35) on conditions username = 
14:41:35   UPDATING data to tables `log_login` fields ( logout_time ) values (2020-09-19:12:41:35) on conditions id =  AND username = 
15:20:16   UPDATING data to tables `time2vie_cirruscommon`.`login` fields ( login, last_time ) values (0, 2020-09-19 15:20:16) on conditions username = 
15:20:16   UPDATING data to tables `log_login` fields ( logout_time ) values (2020-09-19:13:20:16) on conditions id =  AND username = 
15:21:20   UPDATING data to tables `time2vie_cirruscommon`.`login` fields ( login, last_time ) values (0, 2020-09-19 15:21:20) on conditions username = 
15:21:20   UPDATING data to tables `log_login` fields ( logout_time ) values (2020-09-19:13:21:20) on conditions id =  AND username = 
15:21:31 beto001  UPDATING data to tables `time2vie_cirruscommon`.`secondary_login` fields ( error ) values (1) on conditions username = beto001 AND company_id = 9
15:21:40 beto001  UPDATING data to tables `time2vie_cirruscommon`.`secondary_login` fields ( error ) values (2) on conditions username = beto001 AND company_id = 9
15:23:54   UPDATING data to tables `log_login` fields ( logout_time ) values (2020-09-19:13:23:54) on conditions id = 186331 AND username = lian007
15:32:00   UPDATING data to tables `time2vie_cirruscommon`.`login` fields ( login, last_time ) values (0, 2020-09-19 15:32:00) on conditions username = 
15:32:00   UPDATING data to tables `log_login` fields ( logout_time ) values (2020-09-19:13:32:00) on conditions id =  AND username = 
15:53:38   UPDATING data to tables `time2vie_cirruscommon`.`login` fields ( login, last_time ) values (0, 2020-09-19 15:53:38) on conditions username = 
15:53:38   UPDATING data to tables `log_login` fields ( logout_time ) values (2020-09-19:13:53:38) on conditions id =  AND username = 
15:54:27   UPDATING data to tables `time2vie_cirruscommon`.`login` fields ( login, last_time ) values (0, 2020-09-19 15:54:27) on conditions username = 
15:54:27   UPDATING data to tables `log_login` fields ( logout_time ) values (2020-09-19:13:54:27) on conditions id =  AND username = 
15:55:28   UPDATING data to tables `time2vie_cirruscommon`.`login` fields ( login, last_time ) values (0, 2020-09-19 15:55:28) on conditions username = 
15:55:28   UPDATING data to tables `log_login` fields ( logout_time ) values (2020-09-19:13:55:28) on conditions id =  AND username = 
16:15:31   UPDATING data to tables `time2vie_cirruscommon`.`login` fields ( login, last_time ) values (0, 2020-09-19 16:15:31) on conditions username = 
16:15:31   UPDATING data to tables `log_login` fields ( logout_time ) values (2020-09-19:14:15:31) on conditions id =  AND username = 
16:33:39   UPDATING data to tables `time2vie_cirruscommon`.`login` fields ( login, last_time ) values (0, 2020-09-19 16:33:39) on conditions username = 
16:33:39   UPDATING data to tables `log_login` fields ( logout_time ) values (2020-09-19:14:33:39) on conditions id =  AND username = 
16:33:47 flde001  UPDATING data to tables `time2vie_cirruscommon`.`secondary_login` fields ( error ) values (1) on conditions username = flde001 AND company_id = 13
16:34:07   UPDATING data to tables `time2vie_cirruscommon`.`login` fields ( login, last_time ) values (0, 2020-09-19 16:34:07) on conditions username = 
16:34:07   UPDATING data to tables `log_login` fields ( logout_time ) values (2020-09-19:14:34:07) on conditions id =  AND username = 
16:39:33   UPDATING data to tables `time2vie_cirruscommon`.`login` fields ( login, last_time ) values (0, 2020-09-19 16:39:33) on conditions username = 
16:39:33   UPDATING data to tables `log_login` fields ( logout_time ) values (2020-09-19:14:39:33) on conditions id =  AND username = 
16:57:06   UPDATING data to tables `time2vie_cirruscommon`.`login` fields ( login, last_time ) values (0, 2020-09-19 16:57:06) on conditions username = 
16:57:06   UPDATING data to tables `log_login` fields ( logout_time ) values (2020-09-19:14:57:06) on conditions id =  AND username = 
17:24:46   UPDATING data to tables `log_login` fields ( logout_time ) values (2020-09-19:15:24:46) on conditions id = 40122 AND username = ansj001
17:56:19   UPDATING data to tables `time2vie_cirruscommon`.`login` fields ( login, last_time ) values (0, 2020-09-19 17:56:19) on conditions username = 
17:56:19   UPDATING data to tables `log_login` fields ( logout_time ) values (2020-09-19:15:56:19) on conditions id =  AND username = 
18:07:48   UPDATING data to tables `time2vie_cirruscommon`.`login` fields ( login, last_time ) values (0, 2020-09-19 18:07:48) on conditions username = 
18:07:48   UPDATING data to tables `log_login` fields ( logout_time ) values (2020-09-19:16:07:48) on conditions id =  AND username = 
18:16:49   UPDATING data to tables `time2vie_cirruscommon`.`login` fields ( login, last_time ) values (0, 2020-09-19 18:16:49) on conditions username = 
18:16:49   UPDATING data to tables `log_login` fields ( logout_time ) values (2020-09-19:16:16:49) on conditions id =  AND username = 
18:18:26   UPDATING data to tables `time2vie_cirruscommon`.`login` fields ( login, last_time ) values (0, 2020-09-19 18:18:26) on conditions username = 
18:18:26   UPDATING data to tables `log_login` fields ( logout_time ) values (2020-09-19:16:18:26) on conditions id =  AND username = 
18:21:24   UPDATING data to tables `time2vie_cirruscommon`.`login` fields ( login, last_time ) values (0, 2020-09-19 18:21:24) on conditions username = 
18:21:24   UPDATING data to tables `log_login` fields ( logout_time ) values (2020-09-19:16:21:24) on conditions id =  AND username = 
18:21:38 dalu002  UPDATING data to tables `time2vie_cirruscommon`.`secondary_login` fields ( error ) values (1) on conditions username = dalu002 AND company_id = 7
18:21:47 dalu002  UPDATING data to tables `time2vie_cirruscommon`.`secondary_login` fields ( error ) values (2) on conditions username = dalu002 AND company_id = 7
18:55:09   UPDATING data to tables `time2vie_cirruscommon`.`login` fields ( login, last_time ) values (0, 2020-09-19 18:55:09) on conditions username = 
18:55:09   UPDATING data to tables `log_login` fields ( logout_time ) values (2020-09-19:16:55:09) on conditions id =  AND username = 
19:18:11   UPDATING data to tables `time2vie_cirruscommon`.`login` fields ( login, last_time ) values (0, 2020-09-19 19:18:11) on conditions username = 
19:18:11   UPDATING data to tables `log_login` fields ( logout_time ) values (2020-09-19:17:18:11) on conditions id =  AND username = 
19:53:10   UPDATING data to tables `time2vie_cirruscommon`.`login` fields ( login, last_time ) values (0, 2020-09-19 19:53:10) on conditions username = 
19:53:10   UPDATING data to tables `log_login` fields ( logout_time ) values (2020-09-19:17:53:10) on conditions id =  AND username = 
20:00:40   UPDATING data to tables `time2vie_cirruscommon`.`login` fields ( login, last_time ) values (0, 2020-09-19 20:00:40) on conditions username = 
20:00:40   UPDATING data to tables `log_login` fields ( logout_time ) values (2020-09-19:18:00:40) on conditions id =  AND username = 
20:09:25   UPDATING data to tables `time2vie_cirruscommon`.`login` fields ( login, last_time ) values (0, 2020-09-19 20:09:25) on conditions username = 
20:09:25   UPDATING data to tables `log_login` fields ( logout_time ) values (2020-09-19:18:09:25) on conditions id =  AND username = 
20:18:47 anho001  UPDATING data to tables `time2vie_cirruscommon`.`secondary_login` fields ( error ) values (1) on conditions username = anho001 AND company_id = 7
20:20:08   UPDATING data to tables `log_login` fields ( logout_time ) values (2020-09-19:18:20:08) on conditions id = 186349 AND username = anho001
20:37:53   UPDATING data to tables `time2vie_cirruscommon`.`login` fields ( login, last_time ) values (0, 2020-09-19 20:37:53) on conditions username = 
20:37:53   UPDATING data to tables `log_login` fields ( logout_time ) values (2020-09-19:18:37:53) on conditions id =  AND username = 
20:44:06   UPDATING data to tables `time2vie_cirruscommon`.`login` fields ( login, last_time ) values (0, 2020-09-19 20:44:06) on conditions username = 
20:44:06   UPDATING data to tables `log_login` fields ( logout_time ) values (2020-09-19:18:44:06) on conditions id =  AND username = 
20:59:25   UPDATING data to tables `time2vie_cirruscommon`.`login` fields ( login, last_time ) values (0, 2020-09-19 20:59:25) on conditions username = 
20:59:25   UPDATING data to tables `log_login` fields ( logout_time ) values (2020-09-19:18:59:25) on conditions id =  AND username = 
20:59:37 ambe001  UPDATING data to tables `time2vie_cirruscommon`.`secondary_login` fields ( error ) values (1) on conditions username = ambe001 AND company_id = 7
20:59:42 ambe001  UPDATING data to tables `time2vie_cirruscommon`.`secondary_login` fields ( error ) values (2) on conditions username = ambe001 AND company_id = 7
21:34:10   UPDATING data to tables `time2vie_cirruscommon`.`login` fields ( login, last_time ) values (0, 2020-09-19 21:34:10) on conditions username = 
21:34:10   UPDATING data to tables `log_login` fields ( logout_time ) values (2020-09-19:19:34:10) on conditions id =  AND username = 
21:34:23   UPDATING data to tables `log_login` fields ( logout_time ) values (2020-09-19:19:34:23) on conditions id = 53133 AND username = inlj001
21:47:49   UPDATING data to tables `time2vie_cirruscommon`.`login` fields ( login, last_time ) values (0, 2020-09-19 21:47:49) on conditions username = 
21:47:49   UPDATING data to tables `log_login` fields ( logout_time ) values (2020-09-19:19:47:49) on conditions id =  AND username = 
21:48:57   UPDATING data to tables `time2vie_cirruscommon`.`login` fields ( login, last_time ) values (0, 2020-09-19 21:48:57) on conditions username = 
21:48:57   UPDATING data to tables `log_login` fields ( logout_time ) values (2020-09-19:19:48:57) on conditions id =  AND username = 
21:49:21   UPDATING data to tables `log_login` fields ( logout_time ) values (2020-09-19:19:49:21) on conditions id = 186361 AND username = lisa004
21:49:32 lisa004  UPDATING data to tables `time2vie_cirruscommon`.`secondary_login` fields ( error ) values (1) on conditions username = lisa004 AND company_id = 7
22:06:54   UPDATING data to tables `time2vie_cirruscommon`.`login` fields ( login, last_time ) values (0, 2020-09-19 22:06:54) on conditions username = 
22:06:54   UPDATING data to tables `log_login` fields ( logout_time ) values (2020-09-19:20:06:54) on conditions id =  AND username = 
23:04:55   UPDATING data to tables `time2vie_cirruscommon`.`login` fields ( login, last_time ) values (0, 2020-09-19 23:04:55) on conditions username = 
23:04:55   UPDATING data to tables `log_login` fields ( logout_time ) values (2020-09-19:21:04:55) on conditions id =  AND username = 
23:09:36   UPDATING data to tables `time2vie_cirruscommon`.`login` fields ( login, last_time ) values (0, 2020-09-19 23:09:36) on conditions username = 
23:09:36   UPDATING data to tables `log_login` fields ( logout_time ) values (2020-09-19:21:09:36) on conditions id =  AND username = 
23:11:28   UPDATING data to tables `time2vie_cirruscommon`.`login` fields ( login, last_time ) values (0, 2020-09-19 23:11:28) on conditions username = 
23:11:28   UPDATING data to tables `log_login` fields ( logout_time ) values (2020-09-19:21:11:28) on conditions id =  AND username = 
23:38:31   UPDATING data to tables `time2vie_cirruscommon`.`login` fields ( login, last_time ) values (0, 2020-09-19 23:38:31) on conditions username = 
23:38:31   UPDATING data to tables `log_login` fields ( logout_time ) values (2020-09-19:21:38:31) on conditions id =  AND username = 
23:45:37   UPDATING data to tables `time2vie_cirruscommon`.`login` fields ( login, last_time ) values (0, 2020-09-19 23:45:37) on conditions username = 
23:45:37   UPDATING data to tables `log_login` fields ( logout_time ) values (2020-09-19:21:45:37) on conditions id =  AND username = 
01:01:29   UPDATING data to tables `time2vie_cirruscommon`.`login` fields ( login, last_time ) values (0, 2020-09-20 01:01:29) on conditions username = 
01:01:29   UPDATING data to tables `log_login` fields ( logout_time ) values (2020-09-19:23:01:29) on conditions id =  AND username = 
