04:12:03   UPDATING data to tables `time2vie_cirruscommon`.`login` fields ( login, last_time ) values (0, 2020-10-25 04:12:03) on conditions username = 
04:12:03   UPDATING data to tables `log_login` fields ( logout_time ) values (2020-10-25:03:12:03) on conditions id =  AND username = 
05:21:00   UPDATING data to tables `time2vie_cirruscommon`.`login` fields ( login, last_time ) values (0, 2020-10-25 05:21:00) on conditions username = 
05:21:00   UPDATING data to tables `log_login` fields ( logout_time ) values (2020-10-25:04:21:00) on conditions id =  AND username = 
06:31:21 lino002  UPDATING data to tables `time2vie_cirruscommon`.`secondary_login` fields ( error ) values (1) on conditions username = lino002 AND company_id = 9
06:33:41   UPDATING data to tables `log_login` fields ( logout_time ) values (2020-10-25:05:33:41) on conditions id = 584233 AND username = lino002
07:21:30   UPDATING data to tables `time2vie_cirruscommon`.`login` fields ( login, last_time ) values (0, 2020-10-25 07:21:30) on conditions username = 
07:21:30   UPDATING data to tables `log_login` fields ( logout_time ) values (2020-10-25:06:21:30) on conditions id =  AND username = 
07:21:38 johe004  UPDATING data to tables `time2vie_cirruscommon`.`secondary_login` fields ( error ) values (1) on conditions username = johe004 AND company_id = 7
07:34:12   UPDATING data to tables `time2vie_cirruscommon`.`login` fields ( login, last_time ) values (0, 2020-10-25 07:34:12) on conditions username = 
07:34:12   UPDATING data to tables `log_login` fields ( logout_time ) values (2020-10-25:06:34:12) on conditions id =  AND username = 
07:44:08   UPDATING data to tables `time2vie_cirruscommon`.`login` fields ( login, last_time ) values (0, 2020-10-25 07:44:08) on conditions username = 
07:44:08   UPDATING data to tables `log_login` fields ( logout_time ) values (2020-10-25:06:44:08) on conditions id =  AND username = 
08:23:55   UPDATING data to tables `time2vie_cirruscommon`.`login` fields ( login, last_time ) values (0, 2020-10-25 08:23:55) on conditions username = 
08:23:55   UPDATING data to tables `log_login` fields ( logout_time ) values (2020-10-25:07:23:55) on conditions id =  AND username = 
08:35:44   UPDATING data to tables `log_login` fields ( logout_time ) values (2020-10-25:07:35:44) on conditions id = 23926 AND username = edsh002
08:51:37   UPDATING data to tables `time2vie_cirruscommon`.`login` fields ( login, last_time ) values (0, 2020-10-25 08:51:37) on conditions username = 
08:51:37   UPDATING data to tables `log_login` fields ( logout_time ) values (2020-10-25:07:51:37) on conditions id =  AND username = 
09:00:35   UPDATING data to tables `time2vie_cirruscommon`.`login` fields ( login, last_time ) values (0, 2020-10-25 09:00:35) on conditions username = 
09:00:35   UPDATING data to tables `log_login` fields ( logout_time ) values (2020-10-25:08:00:35) on conditions id =  AND username = 
09:01:15   UPDATING data to tables `time2vie_cirruscommon`.`login` fields ( login, last_time ) values (0, 2020-10-25 09:01:15) on conditions username = 
09:01:15   UPDATING data to tables `log_login` fields ( logout_time ) values (2020-10-25:08:01:15) on conditions id =  AND username = 
09:15:37   UPDATING data to tables `time2vie_cirruscommon`.`login` fields ( login, last_time ) values (0, 2020-10-25 09:15:37) on conditions username = 
09:15:37   UPDATING data to tables `log_login` fields ( logout_time ) values (2020-10-25:08:15:37) on conditions id =  AND username = 
09:16:38   UPDATING data to tables `time2vie_cirruscommon`.`login` fields ( login, last_time ) values (0, 2020-10-25 09:16:38) on conditions username = 
09:16:38   UPDATING data to tables `log_login` fields ( logout_time ) values (2020-10-25:08:16:38) on conditions id =  AND username = 
09:17:00   UPDATING data to tables `time2vie_cirruscommon`.`login` fields ( login, last_time ) values (0, 2020-10-25 09:17:00) on conditions username = 
09:17:00   UPDATING data to tables `log_login` fields ( logout_time ) values (2020-10-25:08:17:00) on conditions id =  AND username = 
09:28:39   UPDATING data to tables `time2vie_cirruscommon`.`login` fields ( login, last_time ) values (0, 2020-10-25 09:28:39) on conditions username = 
09:28:39   UPDATING data to tables `log_login` fields ( logout_time ) values (2020-10-25:08:28:39) on conditions id =  AND username = 
09:30:25   UPDATING data to tables `log_login` fields ( logout_time ) values (2020-10-25:08:30:25) on conditions id = 584248 AND username = krer004
09:34:27   UPDATING data to tables `time2vie_cirruscommon`.`login` fields ( login, last_time ) values (0, 2020-10-25 09:34:27) on conditions username = 
09:34:27   UPDATING data to tables `log_login` fields ( logout_time ) values (2020-10-25:08:34:27) on conditions id =  AND username = 
09:41:11   UPDATING data to tables `time2vie_cirruscommon`.`login` fields ( login, last_time ) values (0, 2020-10-25 09:41:11) on conditions username = 
09:41:11   UPDATING data to tables `log_login` fields ( logout_time ) values (2020-10-25:08:41:11) on conditions id =  AND username = 
10:11:47   UPDATING data to tables `time2vie_cirruscommon`.`login` fields ( login, last_time ) values (0, 2020-10-25 10:11:47) on conditions username = 
10:11:47   UPDATING data to tables `log_login` fields ( logout_time ) values (2020-10-25:09:11:47) on conditions id =  AND username = 
10:13:04   UPDATING data to tables `time2vie_cirruscommon`.`login` fields ( login, last_time ) values (0, 2020-10-25 10:13:04) on conditions username = 
10:13:04   UPDATING data to tables `log_login` fields ( logout_time ) values (2020-10-25:09:13:04) on conditions id =  AND username = 
10:15:02   UPDATING data to tables `time2vie_cirruscommon`.`login` fields ( login, last_time ) values (0, 2020-10-25 10:15:02) on conditions username = 
10:15:02   UPDATING data to tables `log_login` fields ( logout_time ) values (2020-10-25:09:15:02) on conditions id =  AND username = 
10:15:29 maer011  UPDATING data to tables `time2vie_cirruscommon`.`secondary_login` fields ( error ) values (1) on conditions username = maer011 AND company_id = 5
10:18:54   UPDATING data to tables `time2vie_cirruscommon`.`login` fields ( login, last_time ) values (0, 2020-10-25 10:18:54) on conditions username = 
10:18:54   UPDATING data to tables `log_login` fields ( logout_time ) values (2020-10-25:09:18:54) on conditions id =  AND username = 
10:55:17   UPDATING data to tables `time2vie_cirruscommon`.`login` fields ( login, last_time ) values (0, 2020-10-25 10:55:17) on conditions username = 
10:55:17   UPDATING data to tables `log_login` fields ( logout_time ) values (2020-10-25:09:55:17) on conditions id =  AND username = 
10:58:58   UPDATING data to tables `time2vie_cirruscommon`.`login` fields ( login, last_time ) values (0, 2020-10-25 10:58:58) on conditions username = 
10:58:58   UPDATING data to tables `log_login` fields ( logout_time ) values (2020-10-25:09:58:58) on conditions id =  AND username = 
11:41:37   UPDATING data to tables `time2vie_cirruscommon`.`login` fields ( login, last_time ) values (0, 2020-10-25 11:41:37) on conditions username = 
11:41:37   UPDATING data to tables `log_login` fields ( logout_time ) values (2020-10-25:10:41:37) on conditions id =  AND username = 
11:49:20   UPDATING data to tables `time2vie_cirruscommon`.`login` fields ( login, last_time ) values (0, 2020-10-25 11:49:20) on conditions username = 
11:49:20   UPDATING data to tables `log_login` fields ( logout_time ) values (2020-10-25:10:49:20) on conditions id =  AND username = 
12:16:53   UPDATING data to tables `log_login` fields ( logout_time ) values (2020-10-25:11:16:53) on conditions id = 21037 AND username = yuat001
12:27:09   UPDATING data to tables `time2vie_cirruscommon`.`login` fields ( login, last_time ) values (0, 2020-10-25 12:27:09) on conditions username = 
12:27:09   UPDATING data to tables `log_login` fields ( logout_time ) values (2020-10-25:11:27:09) on conditions id =  AND username = 
12:27:14 nama002  UPDATING data to tables `time2vie_cirruscommon`.`secondary_login` fields ( error ) values (1) on conditions username = nama002 AND company_id = 9
12:41:11   UPDATING data to tables `time2vie_cirruscommon`.`login` fields ( login, last_time ) values (0, 2020-10-25 12:41:11) on conditions username = 
12:41:11   UPDATING data to tables `log_login` fields ( logout_time ) values (2020-10-25:11:41:11) on conditions id =  AND username = 
12:43:20   UPDATING data to tables `time2vie_cirruscommon`.`login` fields ( login, last_time ) values (0, 2020-10-25 12:43:20) on conditions username = 
12:43:20   UPDATING data to tables `log_login` fields ( logout_time ) values (2020-10-25:11:43:20) on conditions id =  AND username = 
12:44:56   UPDATING data to tables `time2vie_cirruscommon`.`login` fields ( login, last_time ) values (0, 2020-10-25 12:44:56) on conditions username = 
12:44:56   UPDATING data to tables `log_login` fields ( logout_time ) values (2020-10-25:11:44:56) on conditions id =  AND username = 
12:50:01   UPDATING data to tables `time2vie_cirruscommon`.`login` fields ( login, last_time ) values (0, 2020-10-25 12:50:01) on conditions username = 
12:50:01   UPDATING data to tables `log_login` fields ( logout_time ) values (2020-10-25:11:50:01) on conditions id =  AND username = 
12:53:02   UPDATING data to tables `log_login` fields ( logout_time ) values (2020-10-25:11:53:02) on conditions id = 264023 AND username = najo003
12:59:40   UPDATING data to tables `time2vie_cirruscommon`.`login` fields ( login, last_time ) values (0, 2020-10-25 12:59:40) on conditions username = 
12:59:40   UPDATING data to tables `log_login` fields ( logout_time ) values (2020-10-25:11:59:40) on conditions id =  AND username = 
13:03:22   UPDATING data to tables `time2vie_cirruscommon`.`login` fields ( login, last_time ) values (0, 2020-10-25 13:03:22) on conditions username = 
13:03:22   UPDATING data to tables `log_login` fields ( logout_time ) values (2020-10-25:12:03:22) on conditions id =  AND username = 
13:05:58   UPDATING data to tables `time2vie_cirruscommon`.`login` fields ( login, last_time ) values (0, 2020-10-25 13:05:58) on conditions username = 
13:05:58   UPDATING data to tables `log_login` fields ( logout_time ) values (2020-10-25:12:05:58) on conditions id =  AND username = 
13:21:56   UPDATING data to tables `time2vie_cirruscommon`.`login` fields ( login, last_time ) values (0, 2020-10-25 13:21:56) on conditions username = 
13:21:56   UPDATING data to tables `log_login` fields ( logout_time ) values (2020-10-25:12:21:56) on conditions id =  AND username = 
13:42:13   UPDATING data to tables `time2vie_cirruscommon`.`login` fields ( login, last_time ) values (0, 2020-10-25 13:42:13) on conditions username = 
13:42:13   UPDATING data to tables `log_login` fields ( logout_time ) values (2020-10-25:12:42:13) on conditions id =  AND username = 
13:42:21   UPDATING data to tables `time2vie_cirruscommon`.`login` fields ( login, last_time ) values (0, 2020-10-25 13:42:21) on conditions username = 
13:42:21   UPDATING data to tables `log_login` fields ( logout_time ) values (2020-10-25:12:42:21) on conditions id =  AND username = 
13:43:43   UPDATING data to tables `time2vie_cirruscommon`.`login` fields ( login, last_time ) values (0, 2020-10-25 13:43:43) on conditions username = 
13:43:43   UPDATING data to tables `log_login` fields ( logout_time ) values (2020-10-25:12:43:43) on conditions id =  AND username = 
13:46:45   UPDATING data to tables `time2vie_cirruscommon`.`login` fields ( login, last_time ) values (0, 2020-10-25 13:46:45) on conditions username = 
13:46:45   UPDATING data to tables `log_login` fields ( logout_time ) values (2020-10-25:12:46:45) on conditions id =  AND username = 
13:48:05   UPDATING data to tables `time2vie_cirruscommon`.`login` fields ( login, last_time ) values (0, 2020-10-25 13:48:05) on conditions username = 
13:48:05   UPDATING data to tables `log_login` fields ( logout_time ) values (2020-10-25:12:48:05) on conditions id =  AND username = 
14:03:52   UPDATING data to tables `time2vie_cirruscommon`.`login` fields ( login, last_time ) values (0, 2020-10-25 14:03:52) on conditions username = 
14:03:52   UPDATING data to tables `log_login` fields ( logout_time ) values (2020-10-25:13:03:52) on conditions id =  AND username = 
14:58:49   UPDATING data to tables `time2vie_cirruscommon`.`login` fields ( login, last_time ) values (0, 2020-10-25 14:58:49) on conditions username = 
14:58:49   UPDATING data to tables `log_login` fields ( logout_time ) values (2020-10-25:13:58:49) on conditions id =  AND username = 
15:04:32   UPDATING data to tables `log_login` fields ( logout_time ) values (2020-10-25:14:04:32) on conditions id = 21039 AND username = yuat001
15:07:49   UPDATING data to tables `time2vie_cirruscommon`.`login` fields ( login, last_time ) values (0, 2020-10-25 15:07:49) on conditions username = 
15:07:49   UPDATING data to tables `log_login` fields ( logout_time ) values (2020-10-25:14:07:49) on conditions id =  AND username = 
15:27:40   UPDATING data to tables `time2vie_cirruscommon`.`login` fields ( login, last_time ) values (0, 2020-10-25 15:27:40) on conditions username = 
15:27:40   UPDATING data to tables `log_login` fields ( logout_time ) values (2020-10-25:14:27:40) on conditions id =  AND username = 
15:40:59   UPDATING data to tables `time2vie_cirruscommon`.`login` fields ( login, last_time ) values (0, 2020-10-25 15:40:59) on conditions username = 
15:40:59   UPDATING data to tables `log_login` fields ( logout_time ) values (2020-10-25:14:40:59) on conditions id =  AND username = 
15:55:03   UPDATING data to tables `time2vie_cirruscommon`.`login` fields ( login, last_time ) values (0, 2020-10-25 15:55:03) on conditions username = 
15:55:03   UPDATING data to tables `log_login` fields ( logout_time ) values (2020-10-25:14:55:03) on conditions id =  AND username = 
15:58:09   UPDATING data to tables `time2vie_cirruscommon`.`login` fields ( login, last_time ) values (0, 2020-10-25 15:58:09) on conditions username = 
15:58:09   UPDATING data to tables `log_login` fields ( logout_time ) values (2020-10-25:14:58:09) on conditions id =  AND username = 
15:58:29 riry001  UPDATING data to tables `time2vie_cirruscommon`.`secondary_login` fields ( error ) values (1) on conditions username = riry001 AND company_id = 9
15:58:30 riry001  UPDATING data to tables `time2vie_cirruscommon`.`secondary_login` fields ( error ) values (2) on conditions username = riry001 AND company_id = 9
15:59:03   UPDATING data to tables `time2vie_cirruscommon`.`login` fields ( login, last_time ) values (0, 2020-10-25 15:59:03) on conditions username = 
15:59:03   UPDATING data to tables `log_login` fields ( logout_time ) values (2020-10-25:14:59:03) on conditions id =  AND username = 
16:14:46   UPDATING data to tables `time2vie_cirruscommon`.`login` fields ( login, last_time ) values (0, 2020-10-25 16:14:46) on conditions username = 
16:14:46   UPDATING data to tables `log_login` fields ( logout_time ) values (2020-10-25:15:14:46) on conditions id =  AND username = 
16:22:01   UPDATING data to tables `time2vie_cirruscommon`.`login` fields ( login, last_time ) values (0, 2020-10-25 16:22:01) on conditions username = 
16:22:01   UPDATING data to tables `log_login` fields ( logout_time ) values (2020-10-25:15:22:01) on conditions id =  AND username = 
16:23:11   UPDATING data to tables `time2vie_cirruscommon`.`login` fields ( login, last_time ) values (0, 2020-10-25 16:23:11) on conditions username = 
16:23:11   UPDATING data to tables `log_login` fields ( logout_time ) values (2020-10-25:15:23:11) on conditions id =  AND username = 
16:46:05   UPDATING data to tables `log_login` fields ( logout_time ) values (2020-10-25:15:46:05) on conditions id = 591270 AND username = joha007
16:47:10   UPDATING data to tables `time2vie_cirruscommon`.`login` fields ( login, last_time ) values (0, 2020-10-25 16:47:10) on conditions username = 
16:47:10   UPDATING data to tables `log_login` fields ( logout_time ) values (2020-10-25:15:47:10) on conditions id =  AND username = 
16:52:10   UPDATING data to tables `time2vie_cirruscommon`.`login` fields ( login, last_time ) values (0, 2020-10-25 16:52:10) on conditions username = 
16:52:10   UPDATING data to tables `log_login` fields ( logout_time ) values (2020-10-25:15:52:10) on conditions id =  AND username = 
17:15:50   UPDATING data to tables `log_login` fields ( logout_time ) values (2020-10-25:16:15:50) on conditions id = 264040 AND username = toli003
17:17:27   UPDATING data to tables `time2vie_cirruscommon`.`login` fields ( login, last_time ) values (0, 2020-10-25 17:17:27) on conditions username = 
17:17:27   UPDATING data to tables `log_login` fields ( logout_time ) values (2020-10-25:16:17:27) on conditions id =  AND username = 
17:32:46   UPDATING data to tables `time2vie_cirruscommon`.`login` fields ( login, last_time ) values (0, 2020-10-25 17:32:46) on conditions username = 
17:32:46   UPDATING data to tables `log_login` fields ( logout_time ) values (2020-10-25:16:32:46) on conditions id =  AND username = 
17:57:41   UPDATING data to tables `time2vie_cirruscommon`.`login` fields ( login, last_time ) values (0, 2020-10-25 17:57:41) on conditions username = 
17:57:41   UPDATING data to tables `log_login` fields ( logout_time ) values (2020-10-25:16:57:41) on conditions id =  AND username = 
18:01:52   UPDATING data to tables `time2vie_cirruscommon`.`login` fields ( login, last_time ) values (0, 2020-10-25 18:01:52) on conditions username = 
18:01:52   UPDATING data to tables `log_login` fields ( logout_time ) values (2020-10-25:17:01:52) on conditions id =  AND username = 
18:02:35   UPDATING data to tables `time2vie_cirruscommon`.`login` fields ( login, last_time ) values (0, 2020-10-25 18:02:35) on conditions username = 
18:02:35   UPDATING data to tables `log_login` fields ( logout_time ) values (2020-10-25:17:02:35) on conditions id =  AND username = 
18:04:25   UPDATING data to tables `time2vie_cirruscommon`.`login` fields ( login, last_time ) values (0, 2020-10-25 18:04:25) on conditions username = 
18:04:25   UPDATING data to tables `log_login` fields ( logout_time ) values (2020-10-25:17:04:25) on conditions id =  AND username = 
18:04:33   UPDATING data to tables `time2vie_cirruscommon`.`login` fields ( login, last_time ) values (0, 2020-10-25 18:04:33) on conditions username = 
18:04:33   UPDATING data to tables `log_login` fields ( logout_time ) values (2020-10-25:17:04:33) on conditions id =  AND username = 
18:22:00   UPDATING data to tables `log_login` fields ( logout_time ) values (2020-10-25:17:22:00) on conditions id = 264047 AND username = majo032
18:28:36   UPDATING data to tables `time2vie_cirruscommon`.`login` fields ( login, last_time ) values (0, 2020-10-25 18:28:36) on conditions username = 
18:28:36   UPDATING data to tables `log_login` fields ( logout_time ) values (2020-10-25:17:28:36) on conditions id =  AND username = 
18:44:10   UPDATING data to tables `log_login` fields ( logout_time ) values (2020-10-25:17:44:10) on conditions id = 21047 AND username = yuat001
18:44:20 yuat001  UPDATING data to tables `time2vie_cirruscommon`.`secondary_login` fields ( error ) values (1) on conditions username = yuat001 AND company_id = 4
18:44:22 yuat001  UPDATING data to tables `time2vie_cirruscommon`.`secondary_login` fields ( error ) values (2) on conditions username = yuat001 AND company_id = 4
18:44:23 yuat001  UPDATING data to tables `time2vie_cirruscommon`.`secondary_login` fields ( error ) values (3) on conditions username = yuat001 AND company_id = 4
18:46:21   UPDATING data to tables `time2vie_cirruscommon`.`login` fields ( login, last_time ) values (0, 2020-10-25 18:46:21) on conditions username = 
18:46:21   UPDATING data to tables `log_login` fields ( logout_time ) values (2020-10-25:17:46:21) on conditions id =  AND username = 
18:47:30   UPDATING data to tables `time2vie_cirruscommon`.`login` fields ( login, last_time ) values (0, 2020-10-25 18:47:30) on conditions username = 
18:47:30   UPDATING data to tables `log_login` fields ( logout_time ) values (2020-10-25:17:47:30) on conditions id =  AND username = 
18:53:25   UPDATING data to tables `time2vie_cirruscommon`.`login` fields ( login, last_time ) values (0, 2020-10-25 18:53:25) on conditions username = 
18:53:25   UPDATING data to tables `log_login` fields ( logout_time ) values (2020-10-25:17:53:25) on conditions id =  AND username = 
19:08:59   UPDATING data to tables `time2vie_cirruscommon`.`login` fields ( login, last_time ) values (0, 2020-10-25 19:08:59) on conditions username = 
19:08:59   UPDATING data to tables `log_login` fields ( logout_time ) values (2020-10-25:18:08:59) on conditions id =  AND username = 
19:23:47   UPDATING data to tables `time2vie_cirruscommon`.`login` fields ( login, last_time ) values (0, 2020-10-25 19:23:47) on conditions username = 
19:23:47   UPDATING data to tables `log_login` fields ( logout_time ) values (2020-10-25:18:23:47) on conditions id =  AND username = 
19:27:20   UPDATING data to tables `time2vie_cirruscommon`.`login` fields ( login, last_time ) values (0, 2020-10-25 19:27:20) on conditions username = 
19:27:20   UPDATING data to tables `log_login` fields ( logout_time ) values (2020-10-25:18:27:20) on conditions id =  AND username = 
19:28:40   UPDATING data to tables `time2vie_cirruscommon`.`login` fields ( login, last_time ) values (0, 2020-10-25 19:28:40) on conditions username = 
19:28:40   UPDATING data to tables `log_login` fields ( logout_time ) values (2020-10-25:18:28:40) on conditions id =  AND username = 
19:46:51   UPDATING data to tables `time2vie_cirruscommon`.`login` fields ( login, last_time ) values (0, 2020-10-25 19:46:51) on conditions username = 
19:46:51   UPDATING data to tables `log_login` fields ( logout_time ) values (2020-10-25:18:46:51) on conditions id =  AND username = 
19:48:20   UPDATING data to tables `time2vie_cirruscommon`.`login` fields ( login, last_time ) values (0, 2020-10-25 19:48:20) on conditions username = 
19:48:20   UPDATING data to tables `log_login` fields ( logout_time ) values (2020-10-25:18:48:20) on conditions id =  AND username = 
20:10:05   UPDATING data to tables `time2vie_cirruscommon`.`login` fields ( login, last_time ) values (0, 2020-10-25 20:10:05) on conditions username = 
20:10:05   UPDATING data to tables `log_login` fields ( logout_time ) values (2020-10-25:19:10:05) on conditions id =  AND username = 
20:23:24   UPDATING data to tables `time2vie_cirruscommon`.`login` fields ( login, last_time ) values (0, 2020-10-25 20:23:24) on conditions username = 
20:23:24   UPDATING data to tables `log_login` fields ( logout_time ) values (2020-10-25:19:23:24) on conditions id =  AND username = 
20:28:50   UPDATING data to tables `time2vie_cirruscommon`.`login` fields ( login, last_time ) values (0, 2020-10-25 20:28:50) on conditions username = 
20:28:50   UPDATING data to tables `log_login` fields ( logout_time ) values (2020-10-25:19:28:50) on conditions id =  AND username = 
20:34:42   UPDATING data to tables `time2vie_cirruscommon`.`login` fields ( login, last_time ) values (0, 2020-10-25 20:34:42) on conditions username = 
20:34:42   UPDATING data to tables `log_login` fields ( logout_time ) values (2020-10-25:19:34:42) on conditions id =  AND username = 
20:42:47   UPDATING data to tables `time2vie_cirruscommon`.`login` fields ( login, last_time ) values (0, 2020-10-25 20:42:47) on conditions username = 
20:42:47   UPDATING data to tables `log_login` fields ( logout_time ) values (2020-10-25:19:42:47) on conditions id =  AND username = 
20:48:04   UPDATING data to tables `time2vie_cirruscommon`.`login` fields ( login, last_time ) values (0, 2020-10-25 20:48:04) on conditions username = 
20:48:04   UPDATING data to tables `log_login` fields ( logout_time ) values (2020-10-25:19:48:04) on conditions id =  AND username = 
20:58:00   UPDATING data to tables `time2vie_cirruscommon`.`login` fields ( login, last_time ) values (0, 2020-10-25 20:58:00) on conditions username = 
20:58:00   UPDATING data to tables `log_login` fields ( logout_time ) values (2020-10-25:19:58:00) on conditions id =  AND username = 
20:58:15 leho001  UPDATING data to tables `time2vie_cirruscommon`.`secondary_login` fields ( error ) values (1) on conditions username = leho001 AND company_id = 5
20:58:27 leho001  UPDATING data to tables `time2vie_cirruscommon`.`secondary_login` fields ( error ) values (2) on conditions username = leho001 AND company_id = 5
21:07:11   UPDATING data to tables `time2vie_cirruscommon`.`login` fields ( login, last_time ) values (0, 2020-10-25 21:07:11) on conditions username = 
21:07:11   UPDATING data to tables `log_login` fields ( logout_time ) values (2020-10-25:20:07:11) on conditions id =  AND username = 
21:46:19   UPDATING data to tables `time2vie_cirruscommon`.`login` fields ( login, last_time ) values (0, 2020-10-25 21:46:19) on conditions username = 
21:46:19   UPDATING data to tables `log_login` fields ( logout_time ) values (2020-10-25:20:46:19) on conditions id =  AND username = 
22:40:48   UPDATING data to tables `time2vie_cirruscommon`.`login` fields ( login, last_time ) values (0, 2020-10-25 22:40:48) on conditions username = 
22:40:48   UPDATING data to tables `log_login` fields ( logout_time ) values (2020-10-25:21:40:48) on conditions id =  AND username = 
22:40:52   UPDATING data to tables `time2vie_cirruscommon`.`login` fields ( login, last_time ) values (0, 2020-10-25 22:40:52) on conditions username = 
22:40:52   UPDATING data to tables `log_login` fields ( logout_time ) values (2020-10-25:21:40:52) on conditions id =  AND username = 
22:41:53   UPDATING data to tables `time2vie_cirruscommon`.`login` fields ( login, last_time ) values (0, 2020-10-25 22:41:53) on conditions username = 
22:41:53   UPDATING data to tables `log_login` fields ( logout_time ) values (2020-10-25:21:41:53) on conditions id =  AND username = 
22:44:26   UPDATING data to tables `log_login` fields ( logout_time ) values (2020-10-25:21:44:26) on conditions id = 27672 AND username = maed002
22:56:42   UPDATING data to tables `time2vie_cirruscommon`.`login` fields ( login, last_time ) values (0, 2020-10-25 22:56:42) on conditions username = 
22:56:42   UPDATING data to tables `log_login` fields ( logout_time ) values (2020-10-25:21:56:42) on conditions id =  AND username = 
00:12:27   UPDATING data to tables `time2vie_cirruscommon`.`login` fields ( login, last_time ) values (0, 2020-10-26 00:12:27) on conditions username = 
00:12:27   UPDATING data to tables `log_login` fields ( logout_time ) values (2020-10-25:23:12:27) on conditions id =  AND username = 
00:14:36   UPDATING data to tables `time2vie_cirruscommon`.`login` fields ( login, last_time ) values (0, 2020-10-26 00:14:36) on conditions username = 
00:14:36   UPDATING data to tables `log_login` fields ( logout_time ) values (2020-10-25:23:14:36) on conditions id =  AND username = 
00:35:48   UPDATING data to tables `time2vie_cirruscommon`.`login` fields ( login, last_time ) values (0, 2020-10-26 00:35:48) on conditions username = 
00:35:48   UPDATING data to tables `log_login` fields ( logout_time ) values (2020-10-25:23:35:48) on conditions id =  AND username = 
00:35:54 majo032  UPDATING data to tables `time2vie_cirruscommon`.`secondary_login` fields ( error ) values (1) on conditions username = majo032 AND company_id = 7
