05:33:13   UPDATING data to tables `time2vie_cirruscommon`.`login` fields ( login, last_time ) values (0, 2020-12-02 05:33:13) on conditions username = 
05:33:13   UPDATING data to tables `log_login` fields ( logout_time ) values (2020-12-02:04:33:13) on conditions id =  AND username = 
05:33:19 pher001  UPDATING data to tables `time2vie_cirruscommon`.`secondary_login` fields ( error ) values (1) on conditions username = pher001 AND company_id = 7
05:33:23 pher001  UPDATING data to tables `time2vie_cirruscommon`.`secondary_login` fields ( error ) values (2) on conditions username = pher001 AND company_id = 7
07:03:13   UPDATING data to tables `time2vie_cirruscommon`.`login` fields ( login, last_time ) values (0, 2020-12-02 07:03:13) on conditions username = 
07:03:13   UPDATING data to tables `log_login` fields ( logout_time ) values (2020-12-02:06:03:13) on conditions id =  AND username = 
07:23:24   UPDATING data to tables `time2vie_cirruscommon`.`login` fields ( login, last_time ) values (0, 2020-12-02 07:23:24) on conditions username = 
07:23:24   UPDATING data to tables `log_login` fields ( logout_time ) values (2020-12-02:06:23:24) on conditions id =  AND username = 
07:52:20   UPDATING data to tables `time2vie_cirruscommon`.`login` fields ( login, last_time ) values (0, 2020-12-02 07:52:20) on conditions username = 
07:52:20   UPDATING data to tables `log_login` fields ( logout_time ) values (2020-12-02:06:52:20) on conditions id =  AND username = 
07:59:33   UPDATING data to tables `time2vie_cirruscommon`.`login` fields ( login, last_time ) values (0, 2020-12-02 07:59:33) on conditions username = 
07:59:33   UPDATING data to tables `log_login` fields ( logout_time ) values (2020-12-02:06:59:33) on conditions id =  AND username = 
08:12:26   UPDATING data to tables `log_login` fields ( logout_time ) values (2020-12-02:07:12:26) on conditions id = 283606 AND username = mala027
08:13:54   UPDATING data to tables `log_login` fields ( logout_time ) values (2020-12-02:07:13:54) on conditions id = 283607 AND username = mala027
08:14:04   UPDATING data to tables `time2vie_cirruscommon`.`login` fields ( login, last_time ) values (0, 2020-12-02 08:14:04) on conditions username = 
08:14:04   UPDATING data to tables `log_login` fields ( logout_time ) values (2020-12-02:07:14:04) on conditions id =  AND username = 
08:17:17   UPDATING data to tables `time2vie_cirruscommon`.`login` fields ( login, last_time ) values (0, 2020-12-02 08:17:17) on conditions username = 
08:17:17   UPDATING data to tables `log_login` fields ( logout_time ) values (2020-12-02:07:17:17) on conditions id =  AND username = 
08:19:06   UPDATING data to tables `time2vie_cirruscommon`.`login` fields ( login, last_time ) values (0, 2020-12-02 08:19:06) on conditions username = 
08:19:06   UPDATING data to tables `log_login` fields ( logout_time ) values (2020-12-02:07:19:06) on conditions id =  AND username = 
08:19:54   UPDATING data to tables `time2vie_cirruscommon`.`login` fields ( login, last_time ) values (0, 2020-12-02 08:19:54) on conditions username = 
08:19:54   UPDATING data to tables `log_login` fields ( logout_time ) values (2020-12-02:07:19:54) on conditions id =  AND username = 
08:20:03 izje001  UPDATING data to tables `time2vie_cirruscommon`.`secondary_login` fields ( error ) values (1) on conditions username = izje001 AND company_id = 9
08:31:56   UPDATING data to tables `time2vie_cirruscommon`.`login` fields ( login, last_time ) values (0, 2020-12-02 08:31:56) on conditions username = 
08:31:56   UPDATING data to tables `log_login` fields ( logout_time ) values (2020-12-02:07:31:56) on conditions id =  AND username = 
08:37:06   UPDATING data to tables `time2vie_cirruscommon`.`login` fields ( login, last_time ) values (0, 2020-12-02 08:37:06) on conditions username = 
08:37:06   UPDATING data to tables `log_login` fields ( logout_time ) values (2020-12-02:07:37:06) on conditions id =  AND username = 
08:37:43   UPDATING data to tables `time2vie_cirruscommon`.`login` fields ( login, last_time ) values (0, 2020-12-02 08:37:43) on conditions username = 
08:37:43   UPDATING data to tables `log_login` fields ( logout_time ) values (2020-12-02:07:37:43) on conditions id =  AND username = 
08:38:43   UPDATING data to tables `time2vie_cirruscommon`.`login` fields ( login, last_time ) values (0, 2020-12-02 08:38:43) on conditions username = 
08:38:43   UPDATING data to tables `log_login` fields ( logout_time ) values (2020-12-02:07:38:43) on conditions id =  AND username = 
08:40:42   UPDATING data to tables `log_login` fields ( logout_time ) values (2020-12-02:07:40:42) on conditions id = 603126 AND username = napo002
08:40:42   UPDATING data to tables `time2vie_cirruscommon`.`login` fields ( login, last_time ) values (0, 2020-12-02 08:40:42) on conditions username = 
08:40:42   UPDATING data to tables `log_login` fields ( logout_time ) values (2020-12-02:07:40:42) on conditions id =  AND username = 
08:45:19   UPDATING data to tables `time2vie_cirruscommon`.`login` fields ( login, last_time ) values (0, 2020-12-02 08:45:19) on conditions username = 
08:45:19   UPDATING data to tables `log_login` fields ( logout_time ) values (2020-12-02:07:45:19) on conditions id =  AND username = 
08:45:31 aner019  UPDATING data to tables `time2vie_cirruscommon`.`secondary_login` fields ( error ) values (1) on conditions username = aner019 AND company_id = 5
08:45:37   UPDATING data to tables `time2vie_cirruscommon`.`login` fields ( login, last_time ) values (0, 2020-12-02 08:45:37) on conditions username = 
08:45:37   UPDATING data to tables `log_login` fields ( logout_time ) values (2020-12-02:07:45:37) on conditions id =  AND username = 
08:51:46   UPDATING data to tables `time2vie_cirruscommon`.`login` fields ( login, last_time ) values (0, 2020-12-02 08:51:46) on conditions username = 
08:51:46   UPDATING data to tables `log_login` fields ( logout_time ) values (2020-12-02:07:51:46) on conditions id =  AND username = 
08:51:59 anjo027  UPDATING data to tables `time2vie_cirruscommon`.`secondary_login` fields ( error ) values (1) on conditions username = anjo027 AND company_id = 5
08:53:30   UPDATING data to tables `time2vie_cirruscommon`.`login` fields ( login, last_time ) values (0, 2020-12-02 08:53:30) on conditions username = 
08:53:30   UPDATING data to tables `log_login` fields ( logout_time ) values (2020-12-02:07:53:30) on conditions id =  AND username = 
08:54:23   UPDATING data to tables `time2vie_cirruscommon`.`login` fields ( login, last_time ) values (0, 2020-12-02 08:54:23) on conditions username = 
08:54:23   UPDATING data to tables `log_login` fields ( logout_time ) values (2020-12-02:07:54:23) on conditions id =  AND username = 
08:58:34   UPDATING data to tables `time2vie_cirruscommon`.`login` fields ( login, last_time ) values (0, 2020-12-02 08:58:34) on conditions username = 
08:58:34   UPDATING data to tables `log_login` fields ( logout_time ) values (2020-12-02:07:58:34) on conditions id =  AND username = 
09:00:44   UPDATING data to tables `time2vie_cirruscommon`.`login` fields ( login, last_time ) values (0, 2020-12-02 09:00:44) on conditions username = 
09:00:44   UPDATING data to tables `log_login` fields ( logout_time ) values (2020-12-02:08:00:44) on conditions id =  AND username = 
09:02:06   UPDATING data to tables `time2vie_cirruscommon`.`login` fields ( login, last_time ) values (0, 2020-12-02 09:02:06) on conditions username = 
09:02:06   UPDATING data to tables `log_login` fields ( logout_time ) values (2020-12-02:08:02:06) on conditions id =  AND username = 
09:11:00   UPDATING data to tables `time2vie_cirruscommon`.`login` fields ( login, last_time ) values (0, 2020-12-02 09:11:00) on conditions username = 
09:11:00   UPDATING data to tables `log_login` fields ( logout_time ) values (2020-12-02:08:11:00) on conditions id =  AND username = 
09:11:36   UPDATING data to tables `time2vie_cirruscommon`.`login` fields ( login, last_time ) values (0, 2020-12-02 09:11:36) on conditions username = 
09:11:36   UPDATING data to tables `log_login` fields ( logout_time ) values (2020-12-02:08:11:36) on conditions id =  AND username = 
09:13:24   UPDATING data to tables `time2vie_cirruscommon`.`login` fields ( login, last_time ) values (0, 2020-12-02 09:13:24) on conditions username = 
09:13:24   UPDATING data to tables `log_login` fields ( logout_time ) values (2020-12-02:08:13:24) on conditions id =  AND username = 
09:16:31   UPDATING data to tables `time2vie_cirruscommon`.`login` fields ( login, last_time ) values (0, 2020-12-02 09:16:31) on conditions username = 
09:16:31   UPDATING data to tables `log_login` fields ( logout_time ) values (2020-12-02:08:16:31) on conditions id =  AND username = 
09:16:34   UPDATING data to tables `time2vie_cirruscommon`.`login` fields ( login, last_time ) values (0, 2020-12-02 09:16:34) on conditions username = 
09:16:34   UPDATING data to tables `log_login` fields ( logout_time ) values (2020-12-02:08:16:34) on conditions id =  AND username = 
09:18:11 jato001  UPDATING data to tables `time2vie_cirruscommon`.`secondary_login` fields ( error ) values (1) on conditions username = jato001 AND company_id = 7
09:18:39 jato001  UPDATING data to tables `time2vie_cirruscommon`.`secondary_login` fields ( error ) values (2) on conditions username = jato001 AND company_id = 7
09:18:45   UPDATING data to tables `time2vie_cirruscommon`.`login` fields ( login, last_time ) values (0, 2020-12-02 09:18:45) on conditions username = 
09:18:45   UPDATING data to tables `log_login` fields ( logout_time ) values (2020-12-02:08:18:45) on conditions id =  AND username = 
09:19:18 jato001  UPDATING data to tables `time2vie_cirruscommon`.`secondary_login` fields ( error ) values (3) on conditions username = jato001 AND company_id = 7
09:20:18   UPDATING data to tables `time2vie_cirruscommon`.`login` fields ( login, last_time ) values (0, 2020-12-02 09:20:18) on conditions username = 
09:20:18   UPDATING data to tables `log_login` fields ( logout_time ) values (2020-12-02:08:20:18) on conditions id =  AND username = 
09:21:32   UPDATING data to tables `time2vie_cirruscommon`.`login` fields ( login, last_time ) values (0, 2020-12-02 09:21:32) on conditions username = 
09:21:32   UPDATING data to tables `log_login` fields ( logout_time ) values (2020-12-02:08:21:32) on conditions id =  AND username = 
09:41:20   UPDATING data to tables `time2vie_cirruscommon`.`login` fields ( login, last_time ) values (0, 2020-12-02 09:41:20) on conditions username = 
09:41:20   UPDATING data to tables `log_login` fields ( logout_time ) values (2020-12-02:08:41:20) on conditions id =  AND username = 
09:41:51   UPDATING data to tables `time2vie_cirruscommon`.`login` fields ( login, last_time ) values (0, 2020-12-02 09:41:51) on conditions username = 
09:41:51   UPDATING data to tables `log_login` fields ( logout_time ) values (2020-12-02:08:41:51) on conditions id =  AND username = 
09:50:43   UPDATING data to tables `time2vie_cirruscommon`.`login` fields ( login, last_time ) values (0, 2020-12-02 09:50:43) on conditions username = 
09:50:43   UPDATING data to tables `log_login` fields ( logout_time ) values (2020-12-02:08:50:43) on conditions id =  AND username = 
09:58:08   UPDATING data to tables `time2vie_cirruscommon`.`login` fields ( login, last_time ) values (0, 2020-12-02 09:58:08) on conditions username = 
09:58:08   UPDATING data to tables `log_login` fields ( logout_time ) values (2020-12-02:08:58:08) on conditions id =  AND username = 
10:26:31   UPDATING data to tables `time2vie_cirruscommon`.`login` fields ( login, last_time ) values (0, 2020-12-02 10:26:31) on conditions username = 
10:26:31   UPDATING data to tables `log_login` fields ( logout_time ) values (2020-12-02:09:26:31) on conditions id =  AND username = 
10:26:51 sile002  UPDATING data to tables `time2vie_cirruscommon`.`secondary_login` fields ( error ) values (1) on conditions username = sile002 AND company_id = 7
10:27:16 sile002  UPDATING data to tables `time2vie_cirruscommon`.`secondary_login` fields ( error ) values (2) on conditions username = sile002 AND company_id = 7
10:33:46   UPDATING data to tables `time2vie_cirruscommon`.`login` fields ( login, last_time ) values (0, 2020-12-02 10:33:46) on conditions username = 
10:33:46   UPDATING data to tables `log_login` fields ( logout_time ) values (2020-12-02:09:33:46) on conditions id =  AND username = 
10:35:28   UPDATING data to tables `time2vie_cirruscommon`.`login` fields ( login, last_time ) values (0, 2020-12-02 10:35:28) on conditions username = 
10:35:28   UPDATING data to tables `log_login` fields ( logout_time ) values (2020-12-02:09:35:28) on conditions id =  AND username = 
10:35:50   UPDATING data to tables `log_login` fields ( logout_time ) values (2020-12-02:09:35:50) on conditions id = 283647 AND username = sile002
10:39:15   UPDATING data to tables `time2vie_cirruscommon`.`login` fields ( login, last_time ) values (0, 2020-12-02 10:39:15) on conditions username = 
10:39:15   UPDATING data to tables `log_login` fields ( logout_time ) values (2020-12-02:09:39:15) on conditions id =  AND username = 
10:43:27   UPDATING data to tables `time2vie_cirruscommon`.`login` fields ( login, last_time ) values (0, 2020-12-02 10:43:27) on conditions username = 
10:43:27   UPDATING data to tables `log_login` fields ( logout_time ) values (2020-12-02:09:43:27) on conditions id =  AND username = 
10:46:04   UPDATING data to tables `time2vie_cirruscommon`.`login` fields ( login, last_time ) values (0, 2020-12-02 10:46:04) on conditions username = 
10:46:04   UPDATING data to tables `log_login` fields ( logout_time ) values (2020-12-02:09:46:04) on conditions id =  AND username = 
10:47:05   UPDATING data to tables `time2vie_cirruscommon`.`login` fields ( login, last_time ) values (0, 2020-12-02 10:47:05) on conditions username = 
10:47:05   UPDATING data to tables `log_login` fields ( logout_time ) values (2020-12-02:09:47:05) on conditions id =  AND username = 
10:47:24   UPDATING data to tables `log_login` fields ( logout_time ) values (2020-12-02:09:47:24) on conditions id = 603178 AND username = izje001
10:47:38 izje001  UPDATING data to tables `time2vie_cirruscommon`.`secondary_login` fields ( error ) values (1) on conditions username = izje001 AND company_id = 9
10:50:28   UPDATING data to tables `log_login` fields ( logout_time ) values (2020-12-02:09:50:28) on conditions id = 283651 AND username = sile002
10:55:29   UPDATING data to tables `log_login` fields ( logout_time ) values (2020-12-02:09:55:29) on conditions id = 283660 AND username = sile002
10:58:46   UPDATING data to tables `log_login` fields ( logout_time ) values (2020-12-02:09:58:46) on conditions id = 283661 AND username = sile002
11:27:21   UPDATING data to tables `time2vie_cirruscommon`.`login` fields ( login, last_time ) values (0, 2020-12-02 11:27:21) on conditions username = 
11:27:21   UPDATING data to tables `log_login` fields ( logout_time ) values (2020-12-02:10:27:21) on conditions id =  AND username = 
11:38:22   UPDATING data to tables `time2vie_cirruscommon`.`login` fields ( login, last_time ) values (0, 2020-12-02 11:38:22) on conditions username = 
11:38:22   UPDATING data to tables `log_login` fields ( logout_time ) values (2020-12-02:10:38:22) on conditions id =  AND username = 
11:46:58   UPDATING data to tables `time2vie_cirruscommon`.`login` fields ( login, last_time ) values (0, 2020-12-02 11:46:58) on conditions username = 
11:46:58   UPDATING data to tables `log_login` fields ( logout_time ) values (2020-12-02:10:46:58) on conditions id =  AND username = 
12:00:24   UPDATING data to tables `log_login` fields ( logout_time ) values (2020-12-02:11:00:24) on conditions id = 603182 AND username = izje001
12:09:29   UPDATING data to tables `time2vie_cirruscommon`.`login` fields ( login, last_time ) values (0, 2020-12-02 12:09:29) on conditions username = 
12:09:30   UPDATING data to tables `log_login` fields ( logout_time ) values (2020-12-02:11:09:30) on conditions id =  AND username = 
12:09:43 maer015  UPDATING data to tables `time2vie_cirruscommon`.`secondary_login` fields ( error ) values (1) on conditions username = maer015 AND company_id = 7
12:21:31   UPDATING data to tables `log_login` fields ( logout_time ) values (2020-12-02:11:21:31) on conditions id = 603204 AND username = sost005
12:26:38   UPDATING data to tables `log_login` fields ( logout_time ) values (2020-12-02:11:26:38) on conditions id = 603200 AND username = izje001
12:31:10   UPDATING data to tables `time2vie_cirruscommon`.`login` fields ( login, last_time ) values (0, 2020-12-02 12:31:10) on conditions username = 
12:31:10   UPDATING data to tables `log_login` fields ( logout_time ) values (2020-12-02:11:31:10) on conditions id =  AND username = 
12:54:31   UPDATING data to tables `time2vie_cirruscommon`.`login` fields ( login, last_time ) values (0, 2020-12-02 12:54:31) on conditions username = 
12:54:31   UPDATING data to tables `log_login` fields ( logout_time ) values (2020-12-02:11:54:31) on conditions id =  AND username = 
12:55:11   UPDATING data to tables `time2vie_cirruscommon`.`login` fields ( login, last_time ) values (0, 2020-12-02 12:55:11) on conditions username = 
12:55:11   UPDATING data to tables `log_login` fields ( logout_time ) values (2020-12-02:11:55:11) on conditions id =  AND username = 
12:55:33   UPDATING data to tables `time2vie_cirruscommon`.`login` fields ( login, last_time ) values (0, 2020-12-02 12:55:33) on conditions username = 
12:55:33   UPDATING data to tables `log_login` fields ( logout_time ) values (2020-12-02:11:55:33) on conditions id =  AND username = 
12:58:26   UPDATING data to tables `time2vie_cirruscommon`.`login` fields ( login, last_time ) values (0, 2020-12-02 12:58:26) on conditions username = 
12:58:26   UPDATING data to tables `log_login` fields ( logout_time ) values (2020-12-02:11:58:26) on conditions id =  AND username = 
12:59:04   UPDATING data to tables `log_login` fields ( logout_time ) values (2020-12-02:11:59:04) on conditions id = 42345 AND username = moli003
12:59:31   UPDATING data to tables `log_login` fields ( logout_time ) values (2020-12-02:11:59:31) on conditions id = 42348 AND username = anbj008
13:02:04   UPDATING data to tables `log_login` fields ( logout_time ) values (2020-12-02:12:02:04) on conditions id = 42350 AND username = anbj008
13:05:12   UPDATING data to tables `time2vie_cirruscommon`.`login` fields ( login, last_time ) values (0, 2020-12-02 13:05:12) on conditions username = 
13:05:12   UPDATING data to tables `log_login` fields ( logout_time ) values (2020-12-02:12:05:12) on conditions id =  AND username = 
13:15:10   UPDATING data to tables `time2vie_cirruscommon`.`login` fields ( login, last_time ) values (0, 2020-12-02 13:15:10) on conditions username = 
13:15:10   UPDATING data to tables `log_login` fields ( logout_time ) values (2020-12-02:12:15:10) on conditions id =  AND username = 
13:19:47   UPDATING data to tables `time2vie_cirruscommon`.`login` fields ( login, last_time ) values (0, 2020-12-02 13:19:47) on conditions username = 
13:19:47   UPDATING data to tables `log_login` fields ( logout_time ) values (2020-12-02:12:19:47) on conditions id =  AND username = 
13:27:04   UPDATING data to tables `time2vie_cirruscommon`.`login` fields ( login, last_time ) values (0, 2020-12-02 13:27:04) on conditions username = 
13:27:04   UPDATING data to tables `log_login` fields ( logout_time ) values (2020-12-02:12:27:04) on conditions id =  AND username = 
13:28:05   UPDATING data to tables `time2vie_cirruscommon`.`login` fields ( login, last_time ) values (0, 2020-12-02 13:28:05) on conditions username = 
13:28:05   UPDATING data to tables `log_login` fields ( logout_time ) values (2020-12-02:12:28:05) on conditions id =  AND username = 
13:28:15 svre001  UPDATING data to tables `time2vie_cirruscommon`.`secondary_login` fields ( error ) values (1) on conditions username = svre001 AND company_id = 7
13:34:58   UPDATING data to tables `log_login` fields ( logout_time ) values (2020-12-02:12:34:58) on conditions id = 603226 AND username = beto001
13:35:39   UPDATING data to tables `log_login` fields ( logout_time ) values (2020-12-02:12:35:39) on conditions id = 603227 AND username = beto001
13:35:51 beto001  UPDATING data to tables `time2vie_cirruscommon`.`secondary_login` fields ( error ) values (1) on conditions username = beto001 AND company_id = 9
13:44:26   UPDATING data to tables `time2vie_cirruscommon`.`login` fields ( login, last_time ) values (0, 2020-12-02 13:44:26) on conditions username = 
13:44:26   UPDATING data to tables `log_login` fields ( logout_time ) values (2020-12-02:12:44:26) on conditions id =  AND username = 
13:44:45   UPDATING data to tables `time2vie_cirruscommon`.`login` fields ( login, last_time ) values (0, 2020-12-02 13:44:45) on conditions username = 
13:44:45   UPDATING data to tables `log_login` fields ( logout_time ) values (2020-12-02:12:44:45) on conditions id =  AND username = 
13:45:14 inid001  UPDATING data to tables `time2vie_cirruscommon`.`secondary_login` fields ( error ) values (1) on conditions username = inid001 AND company_id = 12
13:45:37   UPDATING data to tables `time2vie_cirruscommon`.`login` fields ( login, last_time ) values (0, 2020-12-02 13:45:37) on conditions username = 
13:45:37   UPDATING data to tables `log_login` fields ( logout_time ) values (2020-12-02:12:45:37) on conditions id =  AND username = 
13:51:30   UPDATING data to tables `time2vie_cirruscommon`.`login` fields ( login, last_time ) values (0, 2020-12-02 13:51:30) on conditions username = 
13:51:30   UPDATING data to tables `log_login` fields ( logout_time ) values (2020-12-02:12:51:30) on conditions id =  AND username = 
13:58:21   UPDATING data to tables `log_login` fields ( logout_time ) values (2020-12-02:12:58:21) on conditions id = 28353 AND username = sosa003
13:59:37   UPDATING data to tables `time2vie_cirruscommon`.`login` fields ( login, last_time ) values (0, 2020-12-02 13:59:37) on conditions username = 
13:59:37   UPDATING data to tables `log_login` fields ( logout_time ) values (2020-12-02:12:59:37) on conditions id =  AND username = 
14:00:16   UPDATING data to tables `time2vie_cirruscommon`.`login` fields ( login, last_time ) values (0, 2020-12-02 14:00:16) on conditions username = 
14:00:16   UPDATING data to tables `log_login` fields ( logout_time ) values (2020-12-02:13:00:16) on conditions id =  AND username = 
14:07:51   UPDATING data to tables `time2vie_cirruscommon`.`login` fields ( login, last_time ) values (0, 2020-12-02 14:07:51) on conditions username = 
14:07:51   UPDATING data to tables `log_login` fields ( logout_time ) values (2020-12-02:13:07:51) on conditions id =  AND username = 
14:13:25   UPDATING data to tables `time2vie_cirruscommon`.`login` fields ( login, last_time ) values (0, 2020-12-02 14:13:25) on conditions username = 
14:13:25   UPDATING data to tables `log_login` fields ( logout_time ) values (2020-12-02:13:13:25) on conditions id =  AND username = 
14:14:36   UPDATING data to tables `time2vie_cirruscommon`.`login` fields ( login, last_time ) values (0, 2020-12-02 14:14:36) on conditions username = 
14:14:36   UPDATING data to tables `log_login` fields ( logout_time ) values (2020-12-02:13:14:36) on conditions id =  AND username = 
14:17:59   UPDATING data to tables `time2vie_cirruscommon`.`login` fields ( login, last_time ) values (0, 2020-12-02 14:17:59) on conditions username = 
14:17:59   UPDATING data to tables `log_login` fields ( logout_time ) values (2020-12-02:13:17:59) on conditions id =  AND username = 
14:21:52   UPDATING data to tables `time2vie_cirruscommon`.`login` fields ( login, last_time ) values (0, 2020-12-02 14:21:52) on conditions username = 
14:21:52   UPDATING data to tables `log_login` fields ( logout_time ) values (2020-12-02:13:21:52) on conditions id =  AND username = 
14:24:27   UPDATING data to tables `time2vie_cirruscommon`.`login` fields ( login, last_time ) values (0, 2020-12-02 14:24:27) on conditions username = 
14:24:27   UPDATING data to tables `log_login` fields ( logout_time ) values (2020-12-02:13:24:27) on conditions id =  AND username = 
14:25:10   UPDATING data to tables `time2vie_cirruscommon`.`login` fields ( login, last_time ) values (0, 2020-12-02 14:25:10) on conditions username = 
14:25:10   UPDATING data to tables `log_login` fields ( logout_time ) values (2020-12-02:13:25:10) on conditions id =  AND username = 
14:35:51   UPDATING data to tables `time2vie_cirruscommon`.`login` fields ( login, last_time ) values (0, 2020-12-02 14:35:51) on conditions username = 
14:35:51   UPDATING data to tables `log_login` fields ( logout_time ) values (2020-12-02:13:35:51) on conditions id =  AND username = 
14:37:57   UPDATING data to tables `time2vie_cirruscommon`.`login` fields ( login, last_time ) values (0, 2020-12-02 14:37:57) on conditions username = 
14:37:57   UPDATING data to tables `log_login` fields ( logout_time ) values (2020-12-02:13:37:57) on conditions id =  AND username = 
14:38:08 inla003  UPDATING data to tables `time2vie_cirruscommon`.`secondary_login` fields ( error ) values (1) on conditions username = inla003 AND company_id = 9
14:39:33   UPDATING data to tables `time2vie_cirruscommon`.`login` fields ( login, last_time ) values (0, 2020-12-02 14:39:33) on conditions username = 
14:39:33   UPDATING data to tables `log_login` fields ( logout_time ) values (2020-12-02:13:39:33) on conditions id =  AND username = 
14:39:48   UPDATING data to tables `time2vie_cirruscommon`.`login` fields ( login, last_time ) values (0, 2020-12-02 14:39:48) on conditions username = 
14:39:48   UPDATING data to tables `log_login` fields ( logout_time ) values (2020-12-02:13:39:48) on conditions id =  AND username = 
14:54:03   UPDATING data to tables `time2vie_cirruscommon`.`login` fields ( login, last_time ) values (0, 2020-12-02 14:54:03) on conditions username = 
14:54:03   UPDATING data to tables `log_login` fields ( logout_time ) values (2020-12-02:13:54:03) on conditions id =  AND username = 
15:05:21   UPDATING data to tables `time2vie_cirruscommon`.`login` fields ( login, last_time ) values (0, 2020-12-02 15:05:21) on conditions username = 
15:05:21   UPDATING data to tables `log_login` fields ( logout_time ) values (2020-12-02:14:05:21) on conditions id =  AND username = 
15:13:57   UPDATING data to tables `time2vie_cirruscommon`.`login` fields ( login, last_time ) values (0, 2020-12-02 15:13:57) on conditions username = 
15:13:57   UPDATING data to tables `log_login` fields ( logout_time ) values (2020-12-02:14:13:57) on conditions id =  AND username = 
15:14:01   UPDATING data to tables `time2vie_cirruscommon`.`login` fields ( login, last_time ) values (0, 2020-12-02 15:14:01) on conditions username = 
15:14:01   UPDATING data to tables `log_login` fields ( logout_time ) values (2020-12-02:14:14:01) on conditions id =  AND username = 
15:14:28 erap001  UPDATING data to tables `time2vie_cirruscommon`.`secondary_login` fields ( error ) values (1) on conditions username = erap001 AND company_id = 13
15:14:54   UPDATING data to tables `time2vie_cirruscommon`.`login` fields ( login, last_time ) values (0, 2020-12-02 15:14:54) on conditions username = 
15:14:54   UPDATING data to tables `log_login` fields ( logout_time ) values (2020-12-02:14:14:54) on conditions id =  AND username = 
15:15:58   UPDATING data to tables `time2vie_cirruscommon`.`login` fields ( login, last_time ) values (0, 2020-12-02 15:15:58) on conditions username = 
15:15:58   UPDATING data to tables `log_login` fields ( logout_time ) values (2020-12-02:14:15:58) on conditions id =  AND username = 
15:18:48   UPDATING data to tables `time2vie_cirruscommon`.`login` fields ( login, last_time ) values (0, 2020-12-02 15:18:48) on conditions username = 
15:18:48   UPDATING data to tables `log_login` fields ( logout_time ) values (2020-12-02:14:18:48) on conditions id =  AND username = 
15:25:53   UPDATING data to tables `time2vie_cirruscommon`.`login` fields ( login, last_time ) values (0, 2020-12-02 15:25:53) on conditions username = 
15:25:53   UPDATING data to tables `log_login` fields ( logout_time ) values (2020-12-02:14:25:53) on conditions id =  AND username = 
15:32:52   UPDATING data to tables `time2vie_cirruscommon`.`login` fields ( login, last_time ) values (0, 2020-12-02 15:32:52) on conditions username = 
15:32:52   UPDATING data to tables `log_login` fields ( logout_time ) values (2020-12-02:14:32:52) on conditions id =  AND username = 
15:33:40   UPDATING data to tables `log_login` fields ( logout_time ) values (2020-12-02:14:33:40) on conditions id = 603244 AND username = izje001
15:34:41   UPDATING data to tables `time2vie_cirruscommon`.`login` fields ( login, last_time ) values (0, 2020-12-02 15:34:41) on conditions username = 
15:34:41   UPDATING data to tables `log_login` fields ( logout_time ) values (2020-12-02:14:34:41) on conditions id =  AND username = 
15:39:38   UPDATING data to tables `time2vie_cirruscommon`.`login` fields ( login, last_time ) values (0, 2020-12-02 15:39:38) on conditions username = 
15:39:38   UPDATING data to tables `log_login` fields ( logout_time ) values (2020-12-02:14:39:38) on conditions id =  AND username = 
15:41:43   UPDATING data to tables `time2vie_cirruscommon`.`login` fields ( login, last_time ) values (0, 2020-12-02 15:41:43) on conditions username = 
15:41:43   UPDATING data to tables `log_login` fields ( logout_time ) values (2020-12-02:14:41:43) on conditions id =  AND username = 
15:42:01 maro007  UPDATING data to tables `time2vie_cirruscommon`.`secondary_login` fields ( error ) values (1) on conditions username = maro007 AND company_id = 7
15:44:00   UPDATING data to tables `log_login` fields ( logout_time ) values (2020-12-02:14:44:00) on conditions id = 603253 AND username = beto001
16:02:30   UPDATING data to tables `time2vie_cirruscommon`.`login` fields ( login, last_time ) values (0, 2020-12-02 16:02:30) on conditions username = 
16:02:30   UPDATING data to tables `log_login` fields ( logout_time ) values (2020-12-02:15:02:30) on conditions id =  AND username = 
16:08:00   UPDATING data to tables `time2vie_cirruscommon`.`login` fields ( login, last_time ) values (0, 2020-12-02 16:08:00) on conditions username = 
16:08:00   UPDATING data to tables `log_login` fields ( logout_time ) values (2020-12-02:15:08:00) on conditions id =  AND username = 
16:08:03   UPDATING data to tables `time2vie_cirruscommon`.`login` fields ( login, last_time ) values (0, 2020-12-02 16:08:03) on conditions username = 
16:08:03   UPDATING data to tables `log_login` fields ( logout_time ) values (2020-12-02:15:08:03) on conditions id =  AND username = 
16:08:35   UPDATING data to tables `time2vie_cirruscommon`.`login` fields ( login, last_time ) values (0, 2020-12-02 16:08:35) on conditions username = 
16:08:35   UPDATING data to tables `log_login` fields ( logout_time ) values (2020-12-02:15:08:35) on conditions id =  AND username = 
16:09:51   UPDATING data to tables `time2vie_cirruscommon`.`login` fields ( login, last_time ) values (0, 2020-12-02 16:09:51) on conditions username = 
16:09:51   UPDATING data to tables `log_login` fields ( logout_time ) values (2020-12-02:15:09:51) on conditions id =  AND username = 
16:15:15   UPDATING data to tables `time2vie_cirruscommon`.`login` fields ( login, last_time ) values (0, 2020-12-02 16:15:15) on conditions username = 
16:15:15   UPDATING data to tables `log_login` fields ( logout_time ) values (2020-12-02:15:15:15) on conditions id =  AND username = 
16:16:24   UPDATING data to tables `time2vie_cirruscommon`.`login` fields ( login, last_time ) values (0, 2020-12-02 16:16:24) on conditions username = 
16:16:24   UPDATING data to tables `log_login` fields ( logout_time ) values (2020-12-02:15:16:24) on conditions id =  AND username = 
16:17:28   UPDATING data to tables `time2vie_cirruscommon`.`login` fields ( login, last_time ) values (0, 2020-12-02 16:17:28) on conditions username = 
16:17:28   UPDATING data to tables `log_login` fields ( logout_time ) values (2020-12-02:15:17:28) on conditions id =  AND username = 
16:33:17   UPDATING data to tables `time2vie_cirruscommon`.`login` fields ( login, last_time ) values (0, 2020-12-02 16:33:17) on conditions username = 
16:33:17   UPDATING data to tables `log_login` fields ( logout_time ) values (2020-12-02:15:33:17) on conditions id =  AND username = 
16:33:49   UPDATING data to tables `time2vie_cirruscommon`.`login` fields ( login, last_time ) values (0, 2020-12-02 16:33:49) on conditions username = 
16:33:49   UPDATING data to tables `log_login` fields ( logout_time ) values (2020-12-02:15:33:49) on conditions id =  AND username = 
16:53:09   UPDATING data to tables `time2vie_cirruscommon`.`login` fields ( login, last_time ) values (0, 2020-12-02 16:53:09) on conditions username = 
16:53:09   UPDATING data to tables `log_login` fields ( logout_time ) values (2020-12-02:15:53:09) on conditions id =  AND username = 
17:14:35   UPDATING data to tables `time2vie_cirruscommon`.`login` fields ( login, last_time ) values (0, 2020-12-02 17:14:35) on conditions username = 
17:14:35   UPDATING data to tables `log_login` fields ( logout_time ) values (2020-12-02:16:14:35) on conditions id =  AND username = 
17:22:44   UPDATING data to tables `log_login` fields ( logout_time ) values (2020-12-02:16:22:44) on conditions id = 42367 AND username = lafi001
17:49:30   UPDATING data to tables `time2vie_cirruscommon`.`login` fields ( login, last_time ) values (0, 2020-12-02 17:49:30) on conditions username = 
17:49:30   UPDATING data to tables `log_login` fields ( logout_time ) values (2020-12-02:16:49:30) on conditions id =  AND username = 
17:58:31   UPDATING data to tables `time2vie_cirruscommon`.`login` fields ( login, last_time ) values (0, 2020-12-02 17:58:31) on conditions username = 
17:58:31   UPDATING data to tables `log_login` fields ( logout_time ) values (2020-12-02:16:58:31) on conditions id =  AND username = 
18:00:53   UPDATING data to tables `time2vie_cirruscommon`.`login` fields ( login, last_time ) values (0, 2020-12-02 18:00:53) on conditions username = 
18:00:53   UPDATING data to tables `log_login` fields ( logout_time ) values (2020-12-02:17:00:53) on conditions id =  AND username = 
18:27:28   UPDATING data to tables `time2vie_cirruscommon`.`login` fields ( login, last_time ) values (0, 2020-12-02 18:27:28) on conditions username = 
18:27:28   UPDATING data to tables `log_login` fields ( logout_time ) values (2020-12-02:17:27:28) on conditions id =  AND username = 
18:38:57   UPDATING data to tables `time2vie_cirruscommon`.`login` fields ( login, last_time ) values (0, 2020-12-02 18:38:57) on conditions username = 
18:38:57   UPDATING data to tables `log_login` fields ( logout_time ) values (2020-12-02:17:38:57) on conditions id =  AND username = 
18:43:51   UPDATING data to tables `time2vie_cirruscommon`.`login` fields ( login, last_time ) values (0, 2020-12-02 18:43:51) on conditions username = 
18:43:51   UPDATING data to tables `log_login` fields ( logout_time ) values (2020-12-02:17:43:51) on conditions id =  AND username = 
18:50:44   UPDATING data to tables `time2vie_cirruscommon`.`login` fields ( login, last_time ) values (0, 2020-12-02 18:50:44) on conditions username = 
18:50:44   UPDATING data to tables `log_login` fields ( logout_time ) values (2020-12-02:17:50:44) on conditions id =  AND username = 
18:50:49 dalu002  UPDATING data to tables `time2vie_cirruscommon`.`secondary_login` fields ( error ) values (1) on conditions username = dalu002 AND company_id = 7
19:01:14   UPDATING data to tables `time2vie_cirruscommon`.`login` fields ( login, last_time ) values (0, 2020-12-02 19:01:14) on conditions username = 
19:01:14   UPDATING data to tables `log_login` fields ( logout_time ) values (2020-12-02:18:01:14) on conditions id =  AND username = 
19:13:44   UPDATING data to tables `time2vie_cirruscommon`.`login` fields ( login, last_time ) values (0, 2020-12-02 19:13:44) on conditions username = 
19:13:44   UPDATING data to tables `log_login` fields ( logout_time ) values (2020-12-02:18:13:44) on conditions id =  AND username = 
19:23:18   UPDATING data to tables `time2vie_cirruscommon`.`login` fields ( login, last_time ) values (0, 2020-12-02 19:23:18) on conditions username = 
19:23:18   UPDATING data to tables `log_login` fields ( logout_time ) values (2020-12-02:18:23:18) on conditions id =  AND username = 
19:30:00   UPDATING data to tables `time2vie_cirruscommon`.`login` fields ( login, last_time ) values (0, 2020-12-02 19:30:00) on conditions username = 
19:30:00   UPDATING data to tables `log_login` fields ( logout_time ) values (2020-12-02:18:30:00) on conditions id =  AND username = 
19:45:14   UPDATING data to tables `time2vie_cirruscommon`.`login` fields ( login, last_time ) values (0, 2020-12-02 19:45:14) on conditions username = 
19:45:14   UPDATING data to tables `log_login` fields ( logout_time ) values (2020-12-02:18:45:14) on conditions id =  AND username = 
20:00:34   UPDATING data to tables `time2vie_cirruscommon`.`login` fields ( login, last_time ) values (0, 2020-12-02 20:00:34) on conditions username = 
20:00:34   UPDATING data to tables `log_login` fields ( logout_time ) values (2020-12-02:19:00:34) on conditions id =  AND username = 
20:26:41   UPDATING data to tables `time2vie_cirruscommon`.`login` fields ( login, last_time ) values (0, 2020-12-02 20:26:41) on conditions username = 
20:26:41   UPDATING data to tables `log_login` fields ( logout_time ) values (2020-12-02:19:26:41) on conditions id =  AND username = 
20:45:35   UPDATING data to tables `time2vie_cirruscommon`.`login` fields ( login, last_time ) values (0, 2020-12-02 20:45:35) on conditions username = 
20:45:35   UPDATING data to tables `log_login` fields ( logout_time ) values (2020-12-02:19:45:35) on conditions id =  AND username = 
20:45:57 helu001  UPDATING data to tables `time2vie_cirruscommon`.`secondary_login` fields ( error ) values (1) on conditions username = helu001 AND company_id = 7
20:46:06 helu001  UPDATING data to tables `time2vie_cirruscommon`.`secondary_login` fields ( error ) values (2) on conditions username = helu001 AND company_id = 7
21:17:14   UPDATING data to tables `time2vie_cirruscommon`.`login` fields ( login, last_time ) values (0, 2020-12-02 21:17:14) on conditions username = 
21:17:14   UPDATING data to tables `log_login` fields ( logout_time ) values (2020-12-02:20:17:14) on conditions id =  AND username = 
21:21:08   UPDATING data to tables `time2vie_cirruscommon`.`login` fields ( login, last_time ) values (0, 2020-12-02 21:21:08) on conditions username = 
21:21:08   UPDATING data to tables `log_login` fields ( logout_time ) values (2020-12-02:20:21:08) on conditions id =  AND username = 
21:23:04   UPDATING data to tables `time2vie_cirruscommon`.`login` fields ( login, last_time ) values (0, 2020-12-02 21:23:04) on conditions username = 
21:23:04   UPDATING data to tables `log_login` fields ( logout_time ) values (2020-12-02:20:23:04) on conditions id =  AND username = 
21:23:49   UPDATING data to tables `log_login` fields ( logout_time ) values (2020-12-02:20:23:49) on conditions id = 283796 AND username = suse002
21:37:58   UPDATING data to tables `time2vie_cirruscommon`.`login` fields ( login, last_time ) values (0, 2020-12-02 21:37:58) on conditions username = 
21:37:58   UPDATING data to tables `log_login` fields ( logout_time ) values (2020-12-02:20:37:58) on conditions id =  AND username = 
21:53:47   UPDATING data to tables `time2vie_cirruscommon`.`login` fields ( login, last_time ) values (0, 2020-12-02 21:53:47) on conditions username = 
21:53:47   UPDATING data to tables `log_login` fields ( logout_time ) values (2020-12-02:20:53:47) on conditions id =  AND username = 
22:07:58   UPDATING data to tables `time2vie_cirruscommon`.`login` fields ( login, last_time ) values (0, 2020-12-02 22:07:58) on conditions username = 
22:07:58   UPDATING data to tables `log_login` fields ( logout_time ) values (2020-12-02:21:07:58) on conditions id =  AND username = 
22:11:16   UPDATING data to tables `time2vie_cirruscommon`.`login` fields ( login, last_time ) values (0, 2020-12-02 22:11:16) on conditions username = 
22:11:16   UPDATING data to tables `log_login` fields ( logout_time ) values (2020-12-02:21:11:16) on conditions id =  AND username = 
22:11:45   UPDATING data to tables `time2vie_cirruscommon`.`login` fields ( login, last_time ) values (0, 2020-12-02 22:11:45) on conditions username = 
22:11:45   UPDATING data to tables `log_login` fields ( logout_time ) values (2020-12-02:21:11:45) on conditions id =  AND username = 
22:28:30   UPDATING data to tables `time2vie_cirruscommon`.`login` fields ( login, last_time ) values (0, 2020-12-02 22:28:30) on conditions username = 
22:28:30   UPDATING data to tables `log_login` fields ( logout_time ) values (2020-12-02:21:28:30) on conditions id =  AND username = 
22:37:36   UPDATING data to tables `time2vie_cirruscommon`.`login` fields ( login, last_time ) values (0, 2020-12-02 22:37:36) on conditions username = 
22:37:36   UPDATING data to tables `log_login` fields ( logout_time ) values (2020-12-02:21:37:36) on conditions id =  AND username = 
22:38:42   UPDATING data to tables `log_login` fields ( logout_time ) values (2020-12-02:21:38:42) on conditions id = 283806 AND username = suse002
23:02:15   UPDATING data to tables `time2vie_cirruscommon`.`login` fields ( login, last_time ) values (0, 2020-12-02 23:02:15) on conditions username = 
23:02:15   UPDATING data to tables `log_login` fields ( logout_time ) values (2020-12-02:22:02:15) on conditions id =  AND username = 
23:02:30 awgh001  UPDATING data to tables `time2vie_cirruscommon`.`secondary_login` fields ( error ) values (1) on conditions username = awgh001 AND company_id = 3
23:04:48   UPDATING data to tables `time2vie_cirruscommon`.`login` fields ( login, last_time ) values (0, 2020-12-02 23:04:48) on conditions username = 
23:04:48   UPDATING data to tables `log_login` fields ( logout_time ) values (2020-12-02:22:04:48) on conditions id =  AND username = 
23:05:46   UPDATING data to tables `time2vie_cirruscommon`.`login` fields ( login, last_time ) values (0, 2020-12-02 23:05:46) on conditions username = 
23:05:46   UPDATING data to tables `log_login` fields ( logout_time ) values (2020-12-02:22:05:46) on conditions id =  AND username = 
23:14:13   UPDATING data to tables `log_login` fields ( logout_time ) values (2020-12-02:22:14:13) on conditions id = 28373 AND username = awgh001
23:24:05   UPDATING data to tables `time2vie_cirruscommon`.`login` fields ( login, last_time ) values (0, 2020-12-02 23:24:05) on conditions username = 
23:24:05   UPDATING data to tables `log_login` fields ( logout_time ) values (2020-12-02:22:24:05) on conditions id =  AND username = 
23:28:19   UPDATING data to tables `time2vie_cirruscommon`.`login` fields ( login, last_time ) values (0, 2020-12-02 23:28:19) on conditions username = 
23:28:19   UPDATING data to tables `log_login` fields ( logout_time ) values (2020-12-02:22:28:19) on conditions id =  AND username = 
23:28:33 anbj008  UPDATING data to tables `time2vie_cirruscommon`.`secondary_login` fields ( error ) values (1) on conditions username = anbj008 AND company_id = 5
00:04:46   UPDATING data to tables `time2vie_cirruscommon`.`login` fields ( login, last_time ) values (0, 2020-12-03 00:04:46) on conditions username = 
00:04:46   UPDATING data to tables `log_login` fields ( logout_time ) values (2020-12-02:23:04:46) on conditions id =  AND username = 
