04:10:25   UPDATING data to tables `time2vie_cirruscommon`.`login` fields ( login, last_time ) values (0, 2020-12-20 04:10:25) on conditions username = 
04:10:25   UPDATING data to tables `log_login` fields ( logout_time ) values (2020-12-20:03:10:25) on conditions id =  AND username = 
04:10:35 mayu003  UPDATING data to tables `time2vie_cirruscommon`.`secondary_login` fields ( error ) values (1) on conditions username = mayu003 AND company_id = 8
07:08:48   UPDATING data to tables `time2vie_cirruscommon`.`login` fields ( login, last_time ) values (0, 2020-12-20 07:08:48) on conditions username = 
07:08:48   UPDATING data to tables `log_login` fields ( logout_time ) values (2020-12-20:06:08:48) on conditions id =  AND username = 
08:05:24   UPDATING data to tables `time2vie_cirruscommon`.`login` fields ( login, last_time ) values (0, 2020-12-20 08:05:24) on conditions username = 
08:05:24   UPDATING data to tables `log_login` fields ( logout_time ) values (2020-12-20:07:05:24) on conditions id =  AND username = 
08:38:16   UPDATING data to tables `time2vie_cirruscommon`.`login` fields ( login, last_time ) values (0, 2020-12-20 08:38:16) on conditions username = 
08:38:16   UPDATING data to tables `log_login` fields ( logout_time ) values (2020-12-20:07:38:16) on conditions id =  AND username = 
08:46:29   UPDATING data to tables `time2vie_cirruscommon`.`login` fields ( login, last_time ) values (0, 2020-12-20 08:46:29) on conditions username = 
08:46:29   UPDATING data to tables `log_login` fields ( logout_time ) values (2020-12-20:07:46:29) on conditions id =  AND username = 
09:38:01   UPDATING data to tables `time2vie_cirruscommon`.`login` fields ( login, last_time ) values (0, 2020-12-20 09:38:01) on conditions username = 
09:38:01   UPDATING data to tables `log_login` fields ( logout_time ) values (2020-12-20:08:38:01) on conditions id =  AND username = 
09:54:21   UPDATING data to tables `time2vie_cirruscommon`.`login` fields ( login, last_time ) values (0, 2020-12-20 09:54:21) on conditions username = 
09:54:21   UPDATING data to tables `log_login` fields ( logout_time ) values (2020-12-20:08:54:21) on conditions id =  AND username = 
10:09:06   UPDATING data to tables `time2vie_cirruscommon`.`login` fields ( login, last_time ) values (0, 2020-12-20 10:09:06) on conditions username = 
10:09:06   UPDATING data to tables `log_login` fields ( logout_time ) values (2020-12-20:09:09:06) on conditions id =  AND username = 
10:10:10   UPDATING data to tables `log_login` fields ( logout_time ) values (2020-12-20:09:10:09) on conditions id = 606215 AND username = napo002
10:16:07   UPDATING data to tables `time2vie_cirruscommon`.`login` fields ( login, last_time ) values (0, 2020-12-20 10:16:07) on conditions username = 
10:16:07   UPDATING data to tables `log_login` fields ( logout_time ) values (2020-12-20:09:16:07) on conditions id =  AND username = 
10:17:19   UPDATING data to tables `time2vie_cirruscommon`.`login` fields ( login, last_time ) values (0, 2020-12-20 10:17:19) on conditions username = 
10:17:19   UPDATING data to tables `log_login` fields ( logout_time ) values (2020-12-20:09:17:19) on conditions id =  AND username = 
10:27:48   UPDATING data to tables `time2vie_cirruscommon`.`login` fields ( login, last_time ) values (0, 2020-12-20 10:27:48) on conditions username = 
10:27:48   UPDATING data to tables `log_login` fields ( logout_time ) values (2020-12-20:09:27:48) on conditions id =  AND username = 
10:53:44   UPDATING data to tables `time2vie_cirruscommon`.`login` fields ( login, last_time ) values (0, 2020-12-20 10:53:44) on conditions username = 
10:53:44   UPDATING data to tables `log_login` fields ( logout_time ) values (2020-12-20:09:53:44) on conditions id =  AND username = 
11:26:35   UPDATING data to tables `time2vie_cirruscommon`.`login` fields ( login, last_time ) values (0, 2020-12-20 11:26:35) on conditions username = 
11:26:35   UPDATING data to tables `log_login` fields ( logout_time ) values (2020-12-20:10:26:35) on conditions id =  AND username = 
11:56:30   UPDATING data to tables `time2vie_cirruscommon`.`login` fields ( login, last_time ) values (0, 2020-12-20 11:56:30) on conditions username = 
11:56:30   UPDATING data to tables `log_login` fields ( logout_time ) values (2020-12-20:10:56:30) on conditions id =  AND username = 
11:57:45   UPDATING data to tables `time2vie_cirruscommon`.`login` fields ( login, last_time ) values (0, 2020-12-20 11:57:45) on conditions username = 
11:57:45   UPDATING data to tables `log_login` fields ( logout_time ) values (2020-12-20:10:57:45) on conditions id =  AND username = 
11:57:58 lisa004  UPDATING data to tables `time2vie_cirruscommon`.`secondary_login` fields ( error ) values (1) on conditions username = lisa004 AND company_id = 7
12:35:57   UPDATING data to tables `time2vie_cirruscommon`.`login` fields ( login, last_time ) values (0, 2020-12-20 12:35:57) on conditions username = 
12:35:57   UPDATING data to tables `log_login` fields ( logout_time ) values (2020-12-20:11:35:57) on conditions id =  AND username = 
12:36:56   UPDATING data to tables `time2vie_cirruscommon`.`login` fields ( login, last_time ) values (0, 2020-12-20 12:36:56) on conditions username = 
12:36:56   UPDATING data to tables `log_login` fields ( logout_time ) values (2020-12-20:11:36:56) on conditions id =  AND username = 
12:47:05   UPDATING data to tables `time2vie_cirruscommon`.`login` fields ( login, last_time ) values (0, 2020-12-20 12:47:05) on conditions username = 
12:47:05   UPDATING data to tables `log_login` fields ( logout_time ) values (2020-12-20:11:47:05) on conditions id =  AND username = 
12:50:38   UPDATING data to tables `time2vie_cirruscommon`.`login` fields ( login, last_time ) values (0, 2020-12-20 12:50:38) on conditions username = 
12:50:38   UPDATING data to tables `log_login` fields ( logout_time ) values (2020-12-20:11:50:38) on conditions id =  AND username = 
12:57:29   UPDATING data to tables `time2vie_cirruscommon`.`login` fields ( login, last_time ) values (0, 2020-12-20 12:57:29) on conditions username = 
12:57:29   UPDATING data to tables `log_login` fields ( logout_time ) values (2020-12-20:11:57:29) on conditions id =  AND username = 
13:04:55   UPDATING data to tables `time2vie_cirruscommon`.`login` fields ( login, last_time ) values (0, 2020-12-20 13:04:55) on conditions username = 
13:04:55   UPDATING data to tables `log_login` fields ( logout_time ) values (2020-12-20:12:04:55) on conditions id =  AND username = 
13:07:49   UPDATING data to tables `time2vie_cirruscommon`.`login` fields ( login, last_time ) values (0, 2020-12-20 13:07:49) on conditions username = 
13:07:49   UPDATING data to tables `log_login` fields ( logout_time ) values (2020-12-20:12:07:49) on conditions id =  AND username = 
13:12:04   UPDATING data to tables `time2vie_cirruscommon`.`login` fields ( login, last_time ) values (0, 2020-12-20 13:12:04) on conditions username = 
13:12:04   UPDATING data to tables `log_login` fields ( logout_time ) values (2020-12-20:12:12:04) on conditions id =  AND username = 
13:51:25   UPDATING data to tables `time2vie_cirruscommon`.`login` fields ( login, last_time ) values (0, 2020-12-20 13:51:25) on conditions username = 
13:51:25   UPDATING data to tables `log_login` fields ( logout_time ) values (2020-12-20:12:51:25) on conditions id =  AND username = 
13:56:27   UPDATING data to tables `time2vie_cirruscommon`.`login` fields ( login, last_time ) values (0, 2020-12-20 13:56:27) on conditions username = 
13:56:27   UPDATING data to tables `log_login` fields ( logout_time ) values (2020-12-20:12:56:27) on conditions id =  AND username = 
13:56:34 sima003  UPDATING data to tables `time2vie_cirruscommon`.`secondary_login` fields ( error ) values (1) on conditions username = sima003 AND company_id = 13
13:58:57   UPDATING data to tables `time2vie_cirruscommon`.`login` fields ( login, last_time ) values (0, 2020-12-20 13:58:57) on conditions username = 
13:58:57   UPDATING data to tables `log_login` fields ( logout_time ) values (2020-12-20:12:58:57) on conditions id =  AND username = 
14:23:34   UPDATING data to tables `time2vie_cirruscommon`.`login` fields ( login, last_time ) values (0, 2020-12-20 14:23:34) on conditions username = 
14:23:34   UPDATING data to tables `log_login` fields ( logout_time ) values (2020-12-20:13:23:34) on conditions id =  AND username = 
14:30:14   UPDATING data to tables `time2vie_cirruscommon`.`login` fields ( login, last_time ) values (0, 2020-12-20 14:30:14) on conditions username = 
14:30:14   UPDATING data to tables `log_login` fields ( logout_time ) values (2020-12-20:13:30:14) on conditions id =  AND username = 
14:30:23 thka002  UPDATING data to tables `time2vie_cirruscommon`.`secondary_login` fields ( error ) values (1) on conditions username = thka002 AND company_id = 9
14:42:21   UPDATING data to tables `time2vie_cirruscommon`.`login` fields ( login, last_time ) values (0, 2020-12-20 14:42:21) on conditions username = 
14:42:21   UPDATING data to tables `log_login` fields ( logout_time ) values (2020-12-20:13:42:21) on conditions id =  AND username = 
15:04:28   UPDATING data to tables `time2vie_cirruscommon`.`login` fields ( login, last_time ) values (0, 2020-12-20 15:04:28) on conditions username = 
15:04:28   UPDATING data to tables `log_login` fields ( logout_time ) values (2020-12-20:14:04:28) on conditions id =  AND username = 
15:19:44   UPDATING data to tables `time2vie_cirruscommon`.`login` fields ( login, last_time ) values (0, 2020-12-20 15:19:44) on conditions username = 
15:19:44   UPDATING data to tables `log_login` fields ( logout_time ) values (2020-12-20:14:19:44) on conditions id =  AND username = 
15:41:27   UPDATING data to tables `time2vie_cirruscommon`.`login` fields ( login, last_time ) values (0, 2020-12-20 15:41:27) on conditions username = 
15:41:27   UPDATING data to tables `log_login` fields ( logout_time ) values (2020-12-20:14:41:27) on conditions id =  AND username = 
15:46:21   UPDATING data to tables `time2vie_cirruscommon`.`login` fields ( login, last_time ) values (0, 2020-12-20 15:46:21) on conditions username = 
15:46:21   UPDATING data to tables `log_login` fields ( logout_time ) values (2020-12-20:14:46:21) on conditions id =  AND username = 
15:49:19   UPDATING data to tables `time2vie_cirruscommon`.`login` fields ( login, last_time ) values (0, 2020-12-20 15:49:19) on conditions username = 
15:49:19   UPDATING data to tables `log_login` fields ( logout_time ) values (2020-12-20:14:49:19) on conditions id =  AND username = 
15:55:04   UPDATING data to tables `time2vie_cirruscommon`.`login` fields ( login, last_time ) values (0, 2020-12-20 15:55:04) on conditions username = 
15:55:04   UPDATING data to tables `log_login` fields ( logout_time ) values (2020-12-20:14:55:04) on conditions id =  AND username = 
15:55:22 suan002  UPDATING data to tables `time2vie_cirruscommon`.`secondary_login` fields ( error ) values (1) on conditions username = suan002 AND company_id = 9
15:57:52   UPDATING data to tables `time2vie_cirruscommon`.`login` fields ( login, last_time ) values (0, 2020-12-20 15:57:52) on conditions username = 
15:57:52   UPDATING data to tables `log_login` fields ( logout_time ) values (2020-12-20:14:57:52) on conditions id =  AND username = 
15:58:17   UPDATING data to tables `time2vie_cirruscommon`.`login` fields ( login, last_time ) values (0, 2020-12-20 15:58:17) on conditions username = 
15:58:17   UPDATING data to tables `log_login` fields ( logout_time ) values (2020-12-20:14:58:17) on conditions id =  AND username = 
16:01:33   UPDATING data to tables `time2vie_cirruscommon`.`login` fields ( login, last_time ) values (0, 2020-12-20 16:01:33) on conditions username = 
16:01:33   UPDATING data to tables `log_login` fields ( logout_time ) values (2020-12-20:15:01:33) on conditions id =  AND username = 
16:02:57   UPDATING data to tables `time2vie_cirruscommon`.`login` fields ( login, last_time ) values (0, 2020-12-20 16:02:57) on conditions username = 
16:02:57   UPDATING data to tables `log_login` fields ( logout_time ) values (2020-12-20:15:02:57) on conditions id =  AND username = 
16:05:14   UPDATING data to tables `time2vie_cirruscommon`.`login` fields ( login, last_time ) values (0, 2020-12-20 16:05:14) on conditions username = 
16:05:14   UPDATING data to tables `log_login` fields ( logout_time ) values (2020-12-20:15:05:14) on conditions id =  AND username = 
16:09:10   UPDATING data to tables `time2vie_cirruscommon`.`login` fields ( login, last_time ) values (0, 2020-12-20 16:09:10) on conditions username = 
16:09:10   UPDATING data to tables `log_login` fields ( logout_time ) values (2020-12-20:15:09:10) on conditions id =  AND username = 
16:12:25   UPDATING data to tables `time2vie_cirruscommon`.`login` fields ( login, last_time ) values (0, 2020-12-20 16:12:25) on conditions username = 
16:12:25   UPDATING data to tables `log_login` fields ( logout_time ) values (2020-12-20:15:12:25) on conditions id =  AND username = 
16:22:38   UPDATING data to tables `time2vie_cirruscommon`.`login` fields ( login, last_time ) values (0, 2020-12-20 16:22:38) on conditions username = 
16:22:38   UPDATING data to tables `log_login` fields ( logout_time ) values (2020-12-20:15:22:38) on conditions id =  AND username = 
16:30:27   UPDATING data to tables `time2vie_cirruscommon`.`login` fields ( login, last_time ) values (0, 2020-12-20 16:30:27) on conditions username = 
16:30:27   UPDATING data to tables `log_login` fields ( logout_time ) values (2020-12-20:15:30:27) on conditions id =  AND username = 
16:37:22   UPDATING data to tables `time2vie_cirruscommon`.`login` fields ( login, last_time ) values (0, 2020-12-20 16:37:22) on conditions username = 
16:37:22   UPDATING data to tables `log_login` fields ( logout_time ) values (2020-12-20:15:37:22) on conditions id =  AND username = 
16:38:15   UPDATING data to tables `time2vie_cirruscommon`.`login` fields ( login, last_time ) values (0, 2020-12-20 16:38:15) on conditions username = 
16:38:15   UPDATING data to tables `log_login` fields ( logout_time ) values (2020-12-20:15:38:15) on conditions id =  AND username = 
16:39:47   UPDATING data to tables `time2vie_cirruscommon`.`login` fields ( login, last_time ) values (0, 2020-12-20 16:39:47) on conditions username = 
16:39:47   UPDATING data to tables `log_login` fields ( logout_time ) values (2020-12-20:15:39:47) on conditions id =  AND username = 
16:41:21   UPDATING data to tables `time2vie_cirruscommon`.`login` fields ( login, last_time ) values (0, 2020-12-20 16:41:21) on conditions username = 
16:41:21   UPDATING data to tables `log_login` fields ( logout_time ) values (2020-12-20:15:41:21) on conditions id =  AND username = 
16:45:21   UPDATING data to tables `time2vie_cirruscommon`.`login` fields ( login, last_time ) values (0, 2020-12-20 16:45:21) on conditions username = 
16:45:21   UPDATING data to tables `log_login` fields ( logout_time ) values (2020-12-20:15:45:21) on conditions id =  AND username = 
16:48:20   UPDATING data to tables `time2vie_cirruscommon`.`login` fields ( login, last_time ) values (0, 2020-12-20 16:48:20) on conditions username = 
16:48:20   UPDATING data to tables `log_login` fields ( logout_time ) values (2020-12-20:15:48:20) on conditions id =  AND username = 
16:59:44   UPDATING data to tables `log_login` fields ( logout_time ) values (2020-12-20:15:59:44) on conditions id = 56798 AND username = lelu003
17:18:23   UPDATING data to tables `time2vie_cirruscommon`.`login` fields ( login, last_time ) values (0, 2020-12-20 17:18:23) on conditions username = 
17:18:23   UPDATING data to tables `log_login` fields ( logout_time ) values (2020-12-20:16:18:23) on conditions id =  AND username = 
17:34:03   UPDATING data to tables `time2vie_cirruscommon`.`login` fields ( login, last_time ) values (0, 2020-12-20 17:34:03) on conditions username = 
17:34:03   UPDATING data to tables `log_login` fields ( logout_time ) values (2020-12-20:16:34:03) on conditions id =  AND username = 
17:50:17   UPDATING data to tables `time2vie_cirruscommon`.`login` fields ( login, last_time ) values (0, 2020-12-20 17:50:17) on conditions username = 
17:50:17   UPDATING data to tables `log_login` fields ( logout_time ) values (2020-12-20:16:50:17) on conditions id =  AND username = 
17:53:02   UPDATING data to tables `time2vie_cirruscommon`.`login` fields ( login, last_time ) values (0, 2020-12-20 17:53:02) on conditions username = 
17:53:02   UPDATING data to tables `log_login` fields ( logout_time ) values (2020-12-20:16:53:02) on conditions id =  AND username = 
18:00:28   UPDATING data to tables `time2vie_cirruscommon`.`login` fields ( login, last_time ) values (0, 2020-12-20 18:00:28) on conditions username = 
18:00:28   UPDATING data to tables `log_login` fields ( logout_time ) values (2020-12-20:17:00:28) on conditions id =  AND username = 
18:11:39   UPDATING data to tables `time2vie_cirruscommon`.`login` fields ( login, last_time ) values (0, 2020-12-20 18:11:39) on conditions username = 
18:11:39   UPDATING data to tables `log_login` fields ( logout_time ) values (2020-12-20:17:11:39) on conditions id =  AND username = 
18:56:41   UPDATING data to tables `time2vie_cirruscommon`.`login` fields ( login, last_time ) values (0, 2020-12-20 18:56:41) on conditions username = 
18:56:41   UPDATING data to tables `log_login` fields ( logout_time ) values (2020-12-20:17:56:41) on conditions id =  AND username = 
18:57:54   UPDATING data to tables `time2vie_cirruscommon`.`login` fields ( login, last_time ) values (0, 2020-12-20 18:57:54) on conditions username = 
18:57:54   UPDATING data to tables `log_login` fields ( logout_time ) values (2020-12-20:17:57:54) on conditions id =  AND username = 
19:05:09   UPDATING data to tables `time2vie_cirruscommon`.`login` fields ( login, last_time ) values (0, 2020-12-20 19:05:09) on conditions username = 
19:05:09   UPDATING data to tables `log_login` fields ( logout_time ) values (2020-12-20:18:05:09) on conditions id =  AND username = 
19:37:58   UPDATING data to tables `time2vie_cirruscommon`.`login` fields ( login, last_time ) values (0, 2020-12-20 19:37:58) on conditions username = 
19:37:58   UPDATING data to tables `log_login` fields ( logout_time ) values (2020-12-20:18:37:58) on conditions id =  AND username = 
19:45:40   UPDATING data to tables `time2vie_cirruscommon`.`login` fields ( login, last_time ) values (0, 2020-12-20 19:45:40) on conditions username = 
19:45:40   UPDATING data to tables `log_login` fields ( logout_time ) values (2020-12-20:18:45:40) on conditions id =  AND username = 
19:58:50   UPDATING data to tables `time2vie_cirruscommon`.`login` fields ( login, last_time ) values (0, 2020-12-20 19:58:50) on conditions username = 
19:58:50   UPDATING data to tables `log_login` fields ( logout_time ) values (2020-12-20:18:58:50) on conditions id =  AND username = 
20:14:16   UPDATING data to tables `time2vie_cirruscommon`.`login` fields ( login, last_time ) values (0, 2020-12-20 20:14:16) on conditions username = 
20:14:16   UPDATING data to tables `log_login` fields ( logout_time ) values (2020-12-20:19:14:16) on conditions id =  AND username = 
20:15:43   UPDATING data to tables `time2vie_cirruscommon`.`login` fields ( login, last_time ) values (0, 2020-12-20 20:15:43) on conditions username = 
20:15:43   UPDATING data to tables `log_login` fields ( logout_time ) values (2020-12-20:19:15:43) on conditions id =  AND username = 
20:55:52   UPDATING data to tables `time2vie_cirruscommon`.`login` fields ( login, last_time ) values (0, 2020-12-20 20:55:52) on conditions username = 
20:55:52   UPDATING data to tables `log_login` fields ( logout_time ) values (2020-12-20:19:55:52) on conditions id =  AND username = 
21:07:44   UPDATING data to tables `time2vie_cirruscommon`.`login` fields ( login, last_time ) values (0, 2020-12-20 21:07:44) on conditions username = 
21:07:44   UPDATING data to tables `log_login` fields ( logout_time ) values (2020-12-20:20:07:44) on conditions id =  AND username = 
21:45:45   UPDATING data to tables `time2vie_cirruscommon`.`login` fields ( login, last_time ) values (0, 2020-12-20 21:45:45) on conditions username = 
21:45:45   UPDATING data to tables `log_login` fields ( logout_time ) values (2020-12-20:20:45:45) on conditions id =  AND username = 
21:54:58   UPDATING data to tables `time2vie_cirruscommon`.`login` fields ( login, last_time ) values (0, 2020-12-20 21:54:58) on conditions username = 
21:54:58   UPDATING data to tables `log_login` fields ( logout_time ) values (2020-12-20:20:54:58) on conditions id =  AND username = 
22:17:49   UPDATING data to tables `time2vie_cirruscommon`.`login` fields ( login, last_time ) values (0, 2020-12-20 22:17:49) on conditions username = 
22:17:49   UPDATING data to tables `log_login` fields ( logout_time ) values (2020-12-20:21:17:49) on conditions id =  AND username = 
22:20:04   UPDATING data to tables `time2vie_cirruscommon`.`login` fields ( login, last_time ) values (0, 2020-12-20 22:20:04) on conditions username = 
22:20:04   UPDATING data to tables `log_login` fields ( logout_time ) values (2020-12-20:21:20:04) on conditions id =  AND username = 
23:13:43   UPDATING data to tables `time2vie_cirruscommon`.`login` fields ( login, last_time ) values (0, 2020-12-20 23:13:43) on conditions username = 
23:13:43   UPDATING data to tables `log_login` fields ( logout_time ) values (2020-12-20:22:13:43) on conditions id =  AND username = 
23:14:04   UPDATING data to tables `time2vie_cirruscommon`.`login` fields ( login, last_time ) values (0, 2020-12-20 23:14:04) on conditions username = 
23:14:04   UPDATING data to tables `log_login` fields ( logout_time ) values (2020-12-20:22:14:04) on conditions id =  AND username = 
23:21:13   UPDATING data to tables `time2vie_cirruscommon`.`login` fields ( login, last_time ) values (0, 2020-12-20 23:21:13) on conditions username = 
23:21:13   UPDATING data to tables `log_login` fields ( logout_time ) values (2020-12-20:22:21:13) on conditions id =  AND username = 
23:29:29   UPDATING data to tables `time2vie_cirruscommon`.`login` fields ( login, last_time ) values (0, 2020-12-20 23:29:29) on conditions username = 
23:29:29   UPDATING data to tables `log_login` fields ( logout_time ) values (2020-12-20:22:29:29) on conditions id =  AND username = 
00:24:49   UPDATING data to tables `time2vie_cirruscommon`.`login` fields ( login, last_time ) values (0, 2020-12-21 00:24:49) on conditions username = 
00:24:49   UPDATING data to tables `log_login` fields ( logout_time ) values (2020-12-20:23:24:49) on conditions id =  AND username = 
00:31:27   UPDATING data to tables `time2vie_cirruscommon`.`login` fields ( login, last_time ) values (0, 2020-12-21 00:31:27) on conditions username = 
00:31:27   UPDATING data to tables `log_login` fields ( logout_time ) values (2020-12-20:23:31:27) on conditions id =  AND username = 
00:54:40   UPDATING data to tables `time2vie_cirruscommon`.`login` fields ( login, last_time ) values (0, 2020-12-21 00:54:40) on conditions username = 
00:54:40   UPDATING data to tables `log_login` fields ( logout_time ) values (2020-12-20:23:54:40) on conditions id =  AND username = 
00:58:49   UPDATING data to tables `time2vie_cirruscommon`.`login` fields ( login, last_time ) values (0, 2020-12-21 00:58:49) on conditions username = 
00:58:49   UPDATING data to tables `log_login` fields ( logout_time ) values (2020-12-20:23:58:49) on conditions id =  AND username = 
