01:03:22   UPDATING data to tables `time2vie_cirruscommon`.`login` fields ( login, last_time ) values (0, 2020-12-06 01:03:22) on conditions username = 
01:03:22   UPDATING data to tables `log_login` fields ( logout_time ) values (2020-12-06:00:03:22) on conditions id =  AND username = 
02:17:48   UPDATING data to tables `time2vie_cirruscommon`.`login` fields ( login, last_time ) values (0, 2020-12-06 02:17:48) on conditions username = 
02:17:48   UPDATING data to tables `log_login` fields ( logout_time ) values (2020-12-06:01:17:48) on conditions id =  AND username = 
02:18:28   UPDATING data to tables `time2vie_cirruscommon`.`login` fields ( login, last_time ) values (0, 2020-12-06 02:18:28) on conditions username = 
02:18:28   UPDATING data to tables `log_login` fields ( logout_time ) values (2020-12-06:01:18:28) on conditions id =  AND username = 
06:21:19   UPDATING data to tables `time2vie_cirruscommon`.`login` fields ( login, last_time ) values (0, 2020-12-06 06:21:19) on conditions username = 
06:21:19   UPDATING data to tables `log_login` fields ( logout_time ) values (2020-12-06:05:21:19) on conditions id =  AND username = 
06:38:44   UPDATING data to tables `log_login` fields ( logout_time ) values (2020-12-06:05:38:44) on conditions id = 284139 AND username = majo032
07:44:23   UPDATING data to tables `time2vie_cirruscommon`.`login` fields ( login, last_time ) values (0, 2020-12-06 07:44:23) on conditions username = 
07:44:23   UPDATING data to tables `log_login` fields ( logout_time ) values (2020-12-06:06:44:23) on conditions id =  AND username = 
07:57:30   UPDATING data to tables `time2vie_cirruscommon`.`login` fields ( login, last_time ) values (0, 2020-12-06 07:57:30) on conditions username = 
07:57:30   UPDATING data to tables `log_login` fields ( logout_time ) values (2020-12-06:06:57:30) on conditions id =  AND username = 
08:26:52   UPDATING data to tables `time2vie_cirruscommon`.`login` fields ( login, last_time ) values (0, 2020-12-06 08:26:52) on conditions username = 
08:26:52   UPDATING data to tables `log_login` fields ( logout_time ) values (2020-12-06:07:26:52) on conditions id =  AND username = 
08:27:05 dalu002  UPDATING data to tables `time2vie_cirruscommon`.`secondary_login` fields ( error ) values (1) on conditions username = dalu002 AND company_id = 7
08:30:09   UPDATING data to tables `time2vie_cirruscommon`.`login` fields ( login, last_time ) values (0, 2020-12-06 08:30:09) on conditions username = 
08:30:09   UPDATING data to tables `log_login` fields ( logout_time ) values (2020-12-06:07:30:09) on conditions id =  AND username = 
08:35:31   UPDATING data to tables `time2vie_cirruscommon`.`login` fields ( login, last_time ) values (0, 2020-12-06 08:35:31) on conditions username = 
08:35:31   UPDATING data to tables `log_login` fields ( logout_time ) values (2020-12-06:07:35:31) on conditions id =  AND username = 
09:13:18   UPDATING data to tables `time2vie_cirruscommon`.`login` fields ( login, last_time ) values (0, 2020-12-06 09:13:18) on conditions username = 
09:13:18   UPDATING data to tables `log_login` fields ( logout_time ) values (2020-12-06:08:13:18) on conditions id =  AND username = 
09:13:46   UPDATING data to tables `time2vie_cirruscommon`.`login` fields ( login, last_time ) values (0, 2020-12-06 09:13:46) on conditions username = 
09:13:46   UPDATING data to tables `log_login` fields ( logout_time ) values (2020-12-06:08:13:46) on conditions id =  AND username = 
09:15:41   UPDATING data to tables `time2vie_cirruscommon`.`login` fields ( login, last_time ) values (0, 2020-12-06 09:15:41) on conditions username = 
09:15:41   UPDATING data to tables `log_login` fields ( logout_time ) values (2020-12-06:08:15:41) on conditions id =  AND username = 
09:17:05   UPDATING data to tables `time2vie_cirruscommon`.`login` fields ( login, last_time ) values (0, 2020-12-06 09:17:05) on conditions username = 
09:17:05   UPDATING data to tables `log_login` fields ( logout_time ) values (2020-12-06:08:17:05) on conditions id =  AND username = 
09:19:06   UPDATING data to tables `time2vie_cirruscommon`.`login` fields ( login, last_time ) values (0, 2020-12-06 09:19:06) on conditions username = 
09:19:06   UPDATING data to tables `log_login` fields ( logout_time ) values (2020-12-06:08:19:06) on conditions id =  AND username = 
09:39:05   UPDATING data to tables `time2vie_cirruscommon`.`login` fields ( login, last_time ) values (0, 2020-12-06 09:39:05) on conditions username = 
09:39:05   UPDATING data to tables `log_login` fields ( logout_time ) values (2020-12-06:08:39:05) on conditions id =  AND username = 
10:01:10   UPDATING data to tables `time2vie_cirruscommon`.`login` fields ( login, last_time ) values (0, 2020-12-06 10:01:10) on conditions username = 
10:01:10   UPDATING data to tables `log_login` fields ( logout_time ) values (2020-12-06:09:01:10) on conditions id =  AND username = 
10:08:02   UPDATING data to tables `time2vie_cirruscommon`.`login` fields ( login, last_time ) values (0, 2020-12-06 10:08:02) on conditions username = 
10:08:02   UPDATING data to tables `log_login` fields ( logout_time ) values (2020-12-06:09:08:02) on conditions id =  AND username = 
10:30:16   UPDATING data to tables `time2vie_cirruscommon`.`login` fields ( login, last_time ) values (0, 2020-12-06 10:30:16) on conditions username = 
10:30:16   UPDATING data to tables `log_login` fields ( logout_time ) values (2020-12-06:09:30:16) on conditions id =  AND username = 
10:30:30 mama019  UPDATING data to tables `time2vie_cirruscommon`.`secondary_login` fields ( error ) values (1) on conditions username = mama019 AND company_id = 7
10:33:21   UPDATING data to tables `time2vie_cirruscommon`.`login` fields ( login, last_time ) values (0, 2020-12-06 10:33:21) on conditions username = 
10:33:21   UPDATING data to tables `log_login` fields ( logout_time ) values (2020-12-06:09:33:21) on conditions id =  AND username = 
10:39:16   UPDATING data to tables `time2vie_cirruscommon`.`login` fields ( login, last_time ) values (0, 2020-12-06 10:39:16) on conditions username = 
10:39:16   UPDATING data to tables `log_login` fields ( logout_time ) values (2020-12-06:09:39:16) on conditions id =  AND username = 
10:49:14   UPDATING data to tables `time2vie_cirruscommon`.`login` fields ( login, last_time ) values (0, 2020-12-06 10:49:14) on conditions username = 
10:49:14   UPDATING data to tables `log_login` fields ( logout_time ) values (2020-12-06:09:49:14) on conditions id =  AND username = 
11:04:29   UPDATING data to tables `time2vie_cirruscommon`.`login` fields ( login, last_time ) values (0, 2020-12-06 11:04:29) on conditions username = 
11:04:29   UPDATING data to tables `log_login` fields ( logout_time ) values (2020-12-06:10:04:29) on conditions id =  AND username = 
11:05:31   UPDATING data to tables `time2vie_cirruscommon`.`login` fields ( login, last_time ) values (0, 2020-12-06 11:05:31) on conditions username = 
11:05:31   UPDATING data to tables `log_login` fields ( logout_time ) values (2020-12-06:10:05:31) on conditions id =  AND username = 
11:19:19   UPDATING data to tables `time2vie_cirruscommon`.`login` fields ( login, last_time ) values (0, 2020-12-06 11:19:19) on conditions username = 
11:19:19   UPDATING data to tables `log_login` fields ( logout_time ) values (2020-12-06:10:19:19) on conditions id =  AND username = 
11:36:56   UPDATING data to tables `time2vie_cirruscommon`.`login` fields ( login, last_time ) values (0, 2020-12-06 11:36:56) on conditions username = 
11:36:56   UPDATING data to tables `log_login` fields ( logout_time ) values (2020-12-06:10:36:56) on conditions id =  AND username = 
11:40:19 inid001  UPDATING data to tables `time2vie_cirruscommon`.`secondary_login` fields ( error ) values (1) on conditions username = inid001 AND company_id = 12
11:40:22   UPDATING data to tables `time2vie_cirruscommon`.`login` fields ( login, last_time ) values (0, 2020-12-06 11:40:22) on conditions username = 
11:40:22   UPDATING data to tables `log_login` fields ( logout_time ) values (2020-12-06:10:40:22) on conditions id =  AND username = 
11:41:26   UPDATING data to tables `time2vie_cirruscommon`.`login` fields ( login, last_time ) values (0, 2020-12-06 11:41:26) on conditions username = 
11:41:26   UPDATING data to tables `log_login` fields ( logout_time ) values (2020-12-06:10:41:26) on conditions id =  AND username = 
12:04:46   UPDATING data to tables `time2vie_cirruscommon`.`login` fields ( login, last_time ) values (0, 2020-12-06 12:04:46) on conditions username = 
12:04:46   UPDATING data to tables `log_login` fields ( logout_time ) values (2020-12-06:11:04:46) on conditions id =  AND username = 
13:06:40   UPDATING data to tables `time2vie_cirruscommon`.`login` fields ( login, last_time ) values (0, 2020-12-06 13:06:40) on conditions username = 
13:06:40   UPDATING data to tables `log_login` fields ( logout_time ) values (2020-12-06:12:06:40) on conditions id =  AND username = 
13:07:19   UPDATING data to tables `time2vie_cirruscommon`.`login` fields ( login, last_time ) values (0, 2020-12-06 13:07:19) on conditions username = 
13:07:19   UPDATING data to tables `log_login` fields ( logout_time ) values (2020-12-06:12:07:19) on conditions id =  AND username = 
13:31:13   UPDATING data to tables `time2vie_cirruscommon`.`login` fields ( login, last_time ) values (0, 2020-12-06 13:31:13) on conditions username = 
13:31:13   UPDATING data to tables `log_login` fields ( logout_time ) values (2020-12-06:12:31:13) on conditions id =  AND username = 
13:32:46   UPDATING data to tables `time2vie_cirruscommon`.`login` fields ( login, last_time ) values (0, 2020-12-06 13:32:46) on conditions username = 
13:32:46   UPDATING data to tables `log_login` fields ( logout_time ) values (2020-12-06:12:32:46) on conditions id =  AND username = 
13:33:00 inla003  UPDATING data to tables `time2vie_cirruscommon`.`secondary_login` fields ( error ) values (1) on conditions username = inla003 AND company_id = 9
13:33:12 inla003  UPDATING data to tables `time2vie_cirruscommon`.`secondary_login` fields ( error ) values (2) on conditions username = inla003 AND company_id = 9
13:58:29   UPDATING data to tables `log_login` fields ( logout_time ) values (2020-12-06:12:58:29) on conditions id = 284172 AND username = lice003
14:01:20   UPDATING data to tables `time2vie_cirruscommon`.`login` fields ( login, last_time ) values (0, 2020-12-06 14:01:20) on conditions username = 
14:01:20   UPDATING data to tables `log_login` fields ( logout_time ) values (2020-12-06:13:01:20) on conditions id =  AND username = 
14:09:51   UPDATING data to tables `time2vie_cirruscommon`.`login` fields ( login, last_time ) values (0, 2020-12-06 14:09:51) on conditions username = 
14:09:51   UPDATING data to tables `log_login` fields ( logout_time ) values (2020-12-06:13:09:51) on conditions id =  AND username = 
14:16:02   UPDATING data to tables `time2vie_cirruscommon`.`login` fields ( login, last_time ) values (0, 2020-12-06 14:16:02) on conditions username = 
14:16:02   UPDATING data to tables `log_login` fields ( logout_time ) values (2020-12-06:13:16:02) on conditions id =  AND username = 
14:17:11   UPDATING data to tables `time2vie_cirruscommon`.`login` fields ( login, last_time ) values (0, 2020-12-06 14:17:11) on conditions username = 
14:17:11   UPDATING data to tables `log_login` fields ( logout_time ) values (2020-12-06:13:17:11) on conditions id =  AND username = 
14:20:45   UPDATING data to tables `time2vie_cirruscommon`.`login` fields ( login, last_time ) values (0, 2020-12-06 14:20:45) on conditions username = 
14:20:45   UPDATING data to tables `log_login` fields ( logout_time ) values (2020-12-06:13:20:45) on conditions id =  AND username = 
14:20:56 emle001  UPDATING data to tables `time2vie_cirruscommon`.`secondary_login` fields ( error ) values (1) on conditions username = emle001 AND company_id = 7
14:20:58 emle001  UPDATING data to tables `time2vie_cirruscommon`.`secondary_login` fields ( error ) values (2) on conditions username = emle001 AND company_id = 7
14:42:17   UPDATING data to tables `time2vie_cirruscommon`.`login` fields ( login, last_time ) values (0, 2020-12-06 14:42:17) on conditions username = 
14:42:17   UPDATING data to tables `log_login` fields ( logout_time ) values (2020-12-06:13:42:17) on conditions id =  AND username = 
14:54:38   UPDATING data to tables `time2vie_cirruscommon`.`login` fields ( login, last_time ) values (0, 2020-12-06 14:54:38) on conditions username = 
14:54:38   UPDATING data to tables `log_login` fields ( logout_time ) values (2020-12-06:13:54:38) on conditions id =  AND username = 
15:18:09   UPDATING data to tables `time2vie_cirruscommon`.`login` fields ( login, last_time ) values (0, 2020-12-06 15:18:09) on conditions username = 
15:18:09   UPDATING data to tables `log_login` fields ( logout_time ) values (2020-12-06:14:18:09) on conditions id =  AND username = 
15:56:09   UPDATING data to tables `time2vie_cirruscommon`.`login` fields ( login, last_time ) values (0, 2020-12-06 15:56:09) on conditions username = 
15:56:09   UPDATING data to tables `log_login` fields ( logout_time ) values (2020-12-06:14:56:09) on conditions id =  AND username = 
16:33:07   UPDATING data to tables `time2vie_cirruscommon`.`login` fields ( login, last_time ) values (0, 2020-12-06 16:33:07) on conditions username = 
16:33:07   UPDATING data to tables `log_login` fields ( logout_time ) values (2020-12-06:15:33:07) on conditions id =  AND username = 
16:55:50   UPDATING data to tables `time2vie_cirruscommon`.`login` fields ( login, last_time ) values (0, 2020-12-06 16:55:50) on conditions username = 
16:55:50   UPDATING data to tables `log_login` fields ( logout_time ) values (2020-12-06:15:55:50) on conditions id =  AND username = 
16:56:43   UPDATING data to tables `time2vie_cirruscommon`.`login` fields ( login, last_time ) values (0, 2020-12-06 16:56:43) on conditions username = 
16:56:43   UPDATING data to tables `log_login` fields ( logout_time ) values (2020-12-06:15:56:43) on conditions id =  AND username = 
17:09:10   UPDATING data to tables `time2vie_cirruscommon`.`login` fields ( login, last_time ) values (0, 2020-12-06 17:09:10) on conditions username = 
17:09:10   UPDATING data to tables `log_login` fields ( logout_time ) values (2020-12-06:16:09:10) on conditions id =  AND username = 
17:09:46   UPDATING data to tables `time2vie_cirruscommon`.`login` fields ( login, last_time ) values (0, 2020-12-06 17:09:46) on conditions username = 
17:09:46   UPDATING data to tables `log_login` fields ( logout_time ) values (2020-12-06:16:09:46) on conditions id =  AND username = 
17:10:54   UPDATING data to tables `time2vie_cirruscommon`.`login` fields ( login, last_time ) values (0, 2020-12-06 17:10:54) on conditions username = 
17:10:54   UPDATING data to tables `log_login` fields ( logout_time ) values (2020-12-06:16:10:54) on conditions id =  AND username = 
17:13:51   UPDATING data to tables `log_login` fields ( logout_time ) values (2020-12-06:16:13:51) on conditions id = 603805 AND username = beto001
17:24:33   UPDATING data to tables `time2vie_cirruscommon`.`login` fields ( login, last_time ) values (0, 2020-12-06 17:24:33) on conditions username = 
17:24:33   UPDATING data to tables `log_login` fields ( logout_time ) values (2020-12-06:16:24:33) on conditions id =  AND username = 
17:27:54   UPDATING data to tables `time2vie_cirruscommon`.`login` fields ( login, last_time ) values (0, 2020-12-06 17:27:54) on conditions username = 
17:27:54   UPDATING data to tables `log_login` fields ( logout_time ) values (2020-12-06:16:27:54) on conditions id =  AND username = 
17:30:18   UPDATING data to tables `time2vie_cirruscommon`.`login` fields ( login, last_time ) values (0, 2020-12-06 17:30:18) on conditions username = 
17:30:18   UPDATING data to tables `log_login` fields ( logout_time ) values (2020-12-06:16:30:18) on conditions id =  AND username = 
17:56:50   UPDATING data to tables `time2vie_cirruscommon`.`login` fields ( login, last_time ) values (0, 2020-12-06 17:56:50) on conditions username = 
17:56:50   UPDATING data to tables `log_login` fields ( logout_time ) values (2020-12-06:16:56:50) on conditions id =  AND username = 
18:06:01   UPDATING data to tables `time2vie_cirruscommon`.`login` fields ( login, last_time ) values (0, 2020-12-06 18:06:01) on conditions username = 
18:06:01   UPDATING data to tables `log_login` fields ( logout_time ) values (2020-12-06:17:06:01) on conditions id =  AND username = 
18:24:28   UPDATING data to tables `time2vie_cirruscommon`.`login` fields ( login, last_time ) values (0, 2020-12-06 18:24:28) on conditions username = 
18:24:28   UPDATING data to tables `log_login` fields ( logout_time ) values (2020-12-06:17:24:28) on conditions id =  AND username = 
18:25:13   UPDATING data to tables `time2vie_cirruscommon`.`login` fields ( login, last_time ) values (0, 2020-12-06 18:25:13) on conditions username = 
18:25:13   UPDATING data to tables `log_login` fields ( logout_time ) values (2020-12-06:17:25:13) on conditions id =  AND username = 
18:40:56   UPDATING data to tables `time2vie_cirruscommon`.`login` fields ( login, last_time ) values (0, 2020-12-06 18:40:56) on conditions username = 
18:40:56   UPDATING data to tables `log_login` fields ( logout_time ) values (2020-12-06:17:40:56) on conditions id =  AND username = 
18:56:30   UPDATING data to tables `log_login` fields ( logout_time ) values (2020-12-06:17:56:30) on conditions id = 42429 AND username = lean002
18:56:54 lean002  UPDATING data to tables `time2vie_cirruscommon`.`secondary_login` fields ( error ) values (1) on conditions username = lean002 AND company_id = 5
18:58:31   UPDATING data to tables `time2vie_cirruscommon`.`login` fields ( login, last_time ) values (0, 2020-12-06 18:58:31) on conditions username = 
18:58:31   UPDATING data to tables `log_login` fields ( logout_time ) values (2020-12-06:17:58:31) on conditions id =  AND username = 
19:14:54   UPDATING data to tables `time2vie_cirruscommon`.`login` fields ( login, last_time ) values (0, 2020-12-06 19:14:54) on conditions username = 
19:14:54   UPDATING data to tables `log_login` fields ( logout_time ) values (2020-12-06:18:14:54) on conditions id =  AND username = 
19:15:43   UPDATING data to tables `time2vie_cirruscommon`.`login` fields ( login, last_time ) values (0, 2020-12-06 19:15:43) on conditions username = 
19:15:43   UPDATING data to tables `log_login` fields ( logout_time ) values (2020-12-06:18:15:43) on conditions id =  AND username = 
19:17:04   UPDATING data to tables `time2vie_cirruscommon`.`login` fields ( login, last_time ) values (0, 2020-12-06 19:17:04) on conditions username = 
19:17:04   UPDATING data to tables `log_login` fields ( logout_time ) values (2020-12-06:18:17:04) on conditions id =  AND username = 
19:17:39 lisa004  UPDATING data to tables `time2vie_cirruscommon`.`secondary_login` fields ( error ) values (1) on conditions username = lisa004 AND company_id = 7
19:32:33   UPDATING data to tables `time2vie_cirruscommon`.`login` fields ( login, last_time ) values (0, 2020-12-06 19:32:33) on conditions username = 
19:32:33   UPDATING data to tables `log_login` fields ( logout_time ) values (2020-12-06:18:32:33) on conditions id =  AND username = 
19:32:43 jeka009  UPDATING data to tables `time2vie_cirruscommon`.`secondary_login` fields ( error ) values (1) on conditions username = jeka009 AND company_id = 7
19:38:03   UPDATING data to tables `time2vie_cirruscommon`.`login` fields ( login, last_time ) values (0, 2020-12-06 19:38:03) on conditions username = 
19:38:03   UPDATING data to tables `log_login` fields ( logout_time ) values (2020-12-06:18:38:03) on conditions id =  AND username = 
20:36:23   UPDATING data to tables `time2vie_cirruscommon`.`login` fields ( login, last_time ) values (0, 2020-12-06 20:36:23) on conditions username = 
20:36:23   UPDATING data to tables `log_login` fields ( logout_time ) values (2020-12-06:19:36:23) on conditions id =  AND username = 
20:38:14   UPDATING data to tables `time2vie_cirruscommon`.`login` fields ( login, last_time ) values (0, 2020-12-06 20:38:14) on conditions username = 
20:38:14   UPDATING data to tables `log_login` fields ( logout_time ) values (2020-12-06:19:38:14) on conditions id =  AND username = 
20:38:27 inla003  UPDATING data to tables `time2vie_cirruscommon`.`secondary_login` fields ( error ) values (1) on conditions username = inla003 AND company_id = 9
20:38:31 inla003  UPDATING data to tables `time2vie_cirruscommon`.`secondary_login` fields ( error ) values (2) on conditions username = inla003 AND company_id = 9
20:39:25   UPDATING data to tables `time2vie_cirruscommon`.`login` fields ( login, last_time ) values (0, 2020-12-06 20:39:25) on conditions username = 
20:39:25   UPDATING data to tables `log_login` fields ( logout_time ) values (2020-12-06:19:39:25) on conditions id =  AND username = 
20:45:34   UPDATING data to tables `log_login` fields ( logout_time ) values (2020-12-06:19:45:34) on conditions id = 603832 AND username = inla003
20:50:52   UPDATING data to tables `time2vie_cirruscommon`.`login` fields ( login, last_time ) values (0, 2020-12-06 20:50:52) on conditions username = 
20:50:52   UPDATING data to tables `log_login` fields ( logout_time ) values (2020-12-06:19:50:52) on conditions id =  AND username = 
21:35:07   UPDATING data to tables `time2vie_cirruscommon`.`login` fields ( login, last_time ) values (0, 2020-12-06 21:35:07) on conditions username = 
21:35:07   UPDATING data to tables `log_login` fields ( logout_time ) values (2020-12-06:20:35:07) on conditions id =  AND username = 
21:57:13   UPDATING data to tables `time2vie_cirruscommon`.`login` fields ( login, last_time ) values (0, 2020-12-06 21:57:13) on conditions username = 
21:57:13   UPDATING data to tables `log_login` fields ( logout_time ) values (2020-12-06:20:57:13) on conditions id =  AND username = 
22:00:14   UPDATING data to tables `time2vie_cirruscommon`.`login` fields ( login, last_time ) values (0, 2020-12-06 22:00:14) on conditions username = 
22:00:14   UPDATING data to tables `log_login` fields ( logout_time ) values (2020-12-06:21:00:14) on conditions id =  AND username = 
22:09:51   UPDATING data to tables `time2vie_cirruscommon`.`login` fields ( login, last_time ) values (0, 2020-12-06 22:09:51) on conditions username = 
22:09:51   UPDATING data to tables `log_login` fields ( logout_time ) values (2020-12-06:21:09:51) on conditions id =  AND username = 
22:10:34   UPDATING data to tables `time2vie_cirruscommon`.`login` fields ( login, last_time ) values (0, 2020-12-06 22:10:34) on conditions username = 
22:10:34   UPDATING data to tables `log_login` fields ( logout_time ) values (2020-12-06:21:10:34) on conditions id =  AND username = 
22:13:55   UPDATING data to tables `time2vie_cirruscommon`.`login` fields ( login, last_time ) values (0, 2020-12-06 22:13:55) on conditions username = 
22:13:55   UPDATING data to tables `log_login` fields ( logout_time ) values (2020-12-06:21:13:55) on conditions id =  AND username = 
22:16:28   UPDATING data to tables `time2vie_cirruscommon`.`login` fields ( login, last_time ) values (0, 2020-12-06 22:16:28) on conditions username = 
22:16:28   UPDATING data to tables `log_login` fields ( logout_time ) values (2020-12-06:21:16:28) on conditions id =  AND username = 
22:21:04   UPDATING data to tables `log_login` fields ( logout_time ) values (2020-12-06:21:21:04) on conditions id = 284224 AND username = suse002
22:25:06   UPDATING data to tables `time2vie_cirruscommon`.`login` fields ( login, last_time ) values (0, 2020-12-06 22:25:06) on conditions username = 
22:25:06   UPDATING data to tables `log_login` fields ( logout_time ) values (2020-12-06:21:25:06) on conditions id =  AND username = 
22:28:15   UPDATING data to tables `time2vie_cirruscommon`.`login` fields ( login, last_time ) values (0, 2020-12-06 22:28:15) on conditions username = 
22:28:15   UPDATING data to tables `log_login` fields ( logout_time ) values (2020-12-06:21:28:15) on conditions id =  AND username = 
22:28:47   UPDATING data to tables `time2vie_cirruscommon`.`login` fields ( login, last_time ) values (0, 2020-12-06 22:28:47) on conditions username = 
22:28:47   UPDATING data to tables `log_login` fields ( logout_time ) values (2020-12-06:21:28:47) on conditions id =  AND username = 
23:15:08   UPDATING data to tables `time2vie_cirruscommon`.`login` fields ( login, last_time ) values (0, 2020-12-06 23:15:08) on conditions username = 
23:15:08   UPDATING data to tables `log_login` fields ( logout_time ) values (2020-12-06:22:15:08) on conditions id =  AND username = 
23:33:52   UPDATING data to tables `time2vie_cirruscommon`.`login` fields ( login, last_time ) values (0, 2020-12-06 23:33:52) on conditions username = 
23:33:52   UPDATING data to tables `log_login` fields ( logout_time ) values (2020-12-06:22:33:52) on conditions id =  AND username = 
23:34:07 olgu001  UPDATING data to tables `time2vie_cirruscommon`.`secondary_login` fields ( error ) values (1) on conditions username = olgu001 AND company_id = 8
23:34:09 olgu001  UPDATING data to tables `time2vie_cirruscommon`.`secondary_login` fields ( error ) values (2) on conditions username = olgu001 AND company_id = 8
23:34:20 olgu001  UPDATING data to tables `time2vie_cirruscommon`.`secondary_login` fields ( error ) values (3) on conditions username = olgu001 AND company_id = 8
23:34:33 olgu001  UPDATING data to tables `time2vie_cirruscommon`.`secondary_login` fields ( error ) values (4) on conditions username = olgu001 AND company_id = 8
23:34:54 olgu001  UPDATING data to tables `time2vie_cirruscommon`.`secondary_login` fields ( error ) values (5) on conditions username = olgu001 AND company_id = 8
23:38:40   UPDATING data to tables `time2vie_cirruscommon`.`login` fields ( login, last_time ) values (0, 2020-12-06 23:38:40) on conditions username = 
23:38:40   UPDATING data to tables `log_login` fields ( logout_time ) values (2020-12-06:22:38:40) on conditions id =  AND username = 
