06:54:09   UPDATING data to tables `time2vie_cirruscommon`.`login` fields ( login, last_time ) values (0, 2020-09-22 06:54:09) on conditions username = 
06:54:09   UPDATING data to tables `log_login` fields ( logout_time ) values (2020-09-22:04:54:09) on conditions id =  AND username = 
06:54:29 feza001  UPDATING data to tables `time2vie_cirruscommon`.`secondary_login` fields ( error ) values (1) on conditions username = feza001 AND company_id = 3
06:55:05   UPDATING data to tables `time2vie_cirruscommon`.`login` fields ( login, last_time ) values (0, 2020-09-22 06:55:05) on conditions username = 
06:55:05   UPDATING data to tables `log_login` fields ( logout_time ) values (2020-09-22:04:55:05) on conditions id =  AND username = 
06:58:24   UPDATING data to tables `time2vie_cirruscommon`.`login` fields ( login, last_time ) values (0, 2020-09-22 06:58:24) on conditions username = 
06:58:24   UPDATING data to tables `log_login` fields ( logout_time ) values (2020-09-22:04:58:24) on conditions id =  AND username = 
07:20:32   UPDATING data to tables `time2vie_cirruscommon`.`login` fields ( login, last_time ) values (0, 2020-09-22 07:20:32) on conditions username = 
07:20:32   UPDATING data to tables `log_login` fields ( logout_time ) values (2020-09-22:05:20:32) on conditions id =  AND username = 
07:23:54   UPDATING data to tables `time2vie_cirruscommon`.`login` fields ( login, last_time ) values (0, 2020-09-22 07:23:54) on conditions username = 
07:23:54   UPDATING data to tables `log_login` fields ( logout_time ) values (2020-09-22:05:23:54) on conditions id =  AND username = 
07:34:34 thvi001  UPDATING data to tables `time2vie_cirruscommon`.`secondary_login` fields ( error ) values (1) on conditions username = thvi001 AND company_id = 13
07:34:58 thvi001  UPDATING data to tables `time2vie_cirruscommon`.`secondary_login` fields ( error ) values (2) on conditions username = thvi001 AND company_id = 13
07:59:54   UPDATING data to tables `time2vie_cirruscommon`.`login` fields ( login, last_time ) values (0, 2020-09-22 07:59:54) on conditions username = 
07:59:54   UPDATING data to tables `log_login` fields ( logout_time ) values (2020-09-22:05:59:54) on conditions id =  AND username = 
08:31:23   UPDATING data to tables `time2vie_cirruscommon`.`login` fields ( login, last_time ) values (0, 2020-09-22 08:31:23) on conditions username = 
08:31:23   UPDATING data to tables `log_login` fields ( logout_time ) values (2020-09-22:06:31:23) on conditions id =  AND username = 
08:37:06   UPDATING data to tables `time2vie_cirruscommon`.`login` fields ( login, last_time ) values (0, 2020-09-22 08:37:06) on conditions username = 
08:37:06   UPDATING data to tables `log_login` fields ( logout_time ) values (2020-09-22:06:37:06) on conditions id =  AND username = 
08:47:19   UPDATING data to tables `time2vie_cirruscommon`.`secondary_login` fields ( error ) values (1) on conditions username = erer003 AND company_id = 12
09:13:22   UPDATING data to tables `time2vie_cirruscommon`.`login` fields ( login, last_time ) values (0, 2020-09-22 09:13:22) on conditions username = 
09:13:22   UPDATING data to tables `log_login` fields ( logout_time ) values (2020-09-22:07:13:22) on conditions id =  AND username = 
09:20:22   UPDATING data to tables `time2vie_cirruscommon`.`login` fields ( login, last_time ) values (0, 2020-09-22 09:20:22) on conditions username = 
09:20:22   UPDATING data to tables `log_login` fields ( logout_time ) values (2020-09-22:07:20:22) on conditions id =  AND username = 
09:22:06   UPDATING data to tables `log_login` fields ( logout_time ) values (2020-09-22:07:22:06) on conditions id = 305957 AND username = kabj002
09:36:09   UPDATING data to tables `time2vie_cirruscommon`.`login` fields ( login, last_time ) values (0, 2020-09-22 09:36:09) on conditions username = 
09:36:09   UPDATING data to tables `log_login` fields ( logout_time ) values (2020-09-22:07:36:09) on conditions id =  AND username = 
09:47:30   UPDATING data to tables `time2vie_cirruscommon`.`login` fields ( login, last_time ) values (0, 2020-09-22 09:47:30) on conditions username = 
09:47:30   UPDATING data to tables `log_login` fields ( logout_time ) values (2020-09-22:07:47:30) on conditions id =  AND username = 
10:04:20   UPDATING data to tables `time2vie_cirruscommon`.`login` fields ( login, last_time ) values (0, 2020-09-22 10:04:20) on conditions username = 
10:04:20   UPDATING data to tables `log_login` fields ( logout_time ) values (2020-09-22:08:04:20) on conditions id =  AND username = 
10:05:57   UPDATING data to tables `time2vie_cirruscommon`.`login` fields ( login, last_time ) values (0, 2020-09-22 10:05:57) on conditions username = 
10:05:57   UPDATING data to tables `log_login` fields ( logout_time ) values (2020-09-22:08:05:57) on conditions id =  AND username = 
10:25:37   UPDATING data to tables `time2vie_cirruscommon`.`login` fields ( login, last_time ) values (0, 2020-09-22 10:25:37) on conditions username = 
10:25:37   UPDATING data to tables `log_login` fields ( logout_time ) values (2020-09-22:08:25:37) on conditions id =  AND username = 
10:31:32   UPDATING data to tables `time2vie_cirruscommon`.`login` fields ( login, last_time ) values (0, 2020-09-22 10:31:32) on conditions username = 
10:31:32   UPDATING data to tables `log_login` fields ( logout_time ) values (2020-09-22:08:31:32) on conditions id =  AND username = 
10:33:59   UPDATING data to tables `time2vie_cirruscommon`.`login` fields ( login, last_time ) values (0, 2020-09-22 10:33:59) on conditions username = 
10:33:59   UPDATING data to tables `log_login` fields ( logout_time ) values (2020-09-22:08:33:59) on conditions id =  AND username = 
10:45:42   UPDATING data to tables `time2vie_cirruscommon`.`login` fields ( login, last_time ) values (0, 2020-09-22 10:45:42) on conditions username = 
10:45:42   UPDATING data to tables `log_login` fields ( logout_time ) values (2020-09-22:08:45:42) on conditions id =  AND username = 
10:52:36   UPDATING data to tables `time2vie_cirruscommon`.`login` fields ( login, last_time ) values (0, 2020-09-22 10:52:36) on conditions username = 
10:52:36   UPDATING data to tables `log_login` fields ( logout_time ) values (2020-09-22:08:52:36) on conditions id =  AND username = 
10:52:50   UPDATING data to tables `time2vie_cirruscommon`.`login` fields ( login, last_time ) values (0, 2020-09-22 10:52:50) on conditions username = 
10:52:50   UPDATING data to tables `log_login` fields ( logout_time ) values (2020-09-22:08:52:50) on conditions id =  AND username = 
10:57:18   UPDATING data to tables `time2vie_cirruscommon`.`login` fields ( login, last_time ) values (0, 2020-09-22 10:57:18) on conditions username = 
10:57:18   UPDATING data to tables `log_login` fields ( logout_time ) values (2020-09-22:08:57:18) on conditions id =  AND username = 
10:58:18   UPDATING data to tables `time2vie_cirruscommon`.`login` fields ( login, last_time ) values (0, 2020-09-22 10:58:18) on conditions username = 
10:58:18   UPDATING data to tables `log_login` fields ( logout_time ) values (2020-09-22:08:58:18) on conditions id =  AND username = 
11:07:08   UPDATING data to tables `time2vie_cirruscommon`.`secondary_login` fields ( error ) values (1) on conditions username = anha011 AND company_id = 9
11:09:17   UPDATING data to tables `time2vie_cirruscommon`.`login` fields ( login, last_time ) values (0, 2020-09-22 11:09:17) on conditions username = 
11:09:17   UPDATING data to tables `log_login` fields ( logout_time ) values (2020-09-22:09:09:17) on conditions id =  AND username = 
11:17:07   UPDATING data to tables `log_login` fields ( logout_time ) values (2020-09-22:09:17:07) on conditions id = 305965 AND username = solu003
11:28:18   UPDATING data to tables `time2vie_cirruscommon`.`login` fields ( login, last_time ) values (0, 2020-09-22 11:28:18) on conditions username = 
11:28:18   UPDATING data to tables `log_login` fields ( logout_time ) values (2020-09-22:09:28:18) on conditions id =  AND username = 
11:37:04   UPDATING data to tables `time2vie_cirruscommon`.`login` fields ( login, last_time ) values (0, 2020-09-22 11:37:04) on conditions username = 
11:37:04   UPDATING data to tables `log_login` fields ( logout_time ) values (2020-09-22:09:37:04) on conditions id =  AND username = 
11:37:25 stst002  UPDATING data to tables `time2vie_cirruscommon`.`secondary_login` fields ( error ) values (1) on conditions username = stst002 AND company_id = 9
11:38:14   UPDATING data to tables `time2vie_cirruscommon`.`login` fields ( login, last_time ) values (0, 2020-09-22 11:38:14) on conditions username = 
11:38:14   UPDATING data to tables `log_login` fields ( logout_time ) values (2020-09-22:09:38:14) on conditions id =  AND username = 
11:39:33   UPDATING data to tables `time2vie_cirruscommon`.`login` fields ( login, last_time ) values (0, 2020-09-22 11:39:33) on conditions username = 
11:39:33   UPDATING data to tables `log_login` fields ( logout_time ) values (2020-09-22:09:39:33) on conditions id =  AND username = 
11:51:55   UPDATING data to tables `time2vie_cirruscommon`.`login` fields ( login, last_time ) values (0, 2020-09-22 11:51:55) on conditions username = 
11:51:55   UPDATING data to tables `log_login` fields ( logout_time ) values (2020-09-22:09:51:55) on conditions id =  AND username = 
12:09:25   UPDATING data to tables `time2vie_cirruscommon`.`login` fields ( login, last_time ) values (0, 2020-09-22 12:09:25) on conditions username = 
12:09:25   UPDATING data to tables `log_login` fields ( logout_time ) values (2020-09-22:10:09:25) on conditions id =  AND username = 
12:10:50   UPDATING data to tables `time2vie_cirruscommon`.`login` fields ( login, last_time ) values (0, 2020-09-22 12:10:50) on conditions username = 
12:10:50   UPDATING data to tables `log_login` fields ( logout_time ) values (2020-09-22:10:10:50) on conditions id =  AND username = 
12:41:11   UPDATING data to tables `time2vie_cirruscommon`.`login` fields ( login, last_time ) values (0, 2020-09-22 12:41:11) on conditions username = 
12:41:11   UPDATING data to tables `log_login` fields ( logout_time ) values (2020-09-22:10:41:11) on conditions id =  AND username = 
12:42:00   UPDATING data to tables `log_login` fields ( logout_time ) values (2020-09-22:10:42:00) on conditions id = 27299 AND username = sofa003
12:49:57   UPDATING data to tables `time2vie_cirruscommon`.`login` fields ( login, last_time ) values (0, 2020-09-22 12:49:57) on conditions username = 
12:49:57   UPDATING data to tables `log_login` fields ( logout_time ) values (2020-09-22:10:49:57) on conditions id =  AND username = 
12:52:11   UPDATING data to tables `time2vie_cirruscommon`.`login` fields ( login, last_time ) values (0, 2020-09-22 12:52:11) on conditions username = 
12:52:11   UPDATING data to tables `log_login` fields ( logout_time ) values (2020-09-22:10:52:11) on conditions id =  AND username = 
12:55:33   UPDATING data to tables `time2vie_cirruscommon`.`login` fields ( login, last_time ) values (0, 2020-09-22 12:55:33) on conditions username = 
12:55:33   UPDATING data to tables `log_login` fields ( logout_time ) values (2020-09-22:10:55:33) on conditions id =  AND username = 
13:02:01   UPDATING data to tables `time2vie_cirruscommon`.`login` fields ( login, last_time ) values (0, 2020-09-22 13:02:01) on conditions username = 
13:02:01   UPDATING data to tables `log_login` fields ( logout_time ) values (2020-09-22:11:02:01) on conditions id =  AND username = 
13:03:01   UPDATING data to tables `log_login` fields ( logout_time ) values (2020-09-22:11:03:01) on conditions id = 186568 AND username = maer015
13:04:03   UPDATING data to tables `time2vie_cirruscommon`.`login` fields ( login, last_time ) values (0, 2020-09-22 13:04:03) on conditions username = 
13:04:03   UPDATING data to tables `log_login` fields ( logout_time ) values (2020-09-22:11:04:03) on conditions id =  AND username = 
13:16:23   UPDATING data to tables `time2vie_cirruscommon`.`login` fields ( login, last_time ) values (0, 2020-09-22 13:16:23) on conditions username = 
13:16:23   UPDATING data to tables `log_login` fields ( logout_time ) values (2020-09-22:11:16:23) on conditions id =  AND username = 
13:33:03   UPDATING data to tables `time2vie_cirruscommon`.`login` fields ( login, last_time ) values (0, 2020-09-22 13:33:03) on conditions username = 
13:33:03   UPDATING data to tables `log_login` fields ( logout_time ) values (2020-09-22:11:33:03) on conditions id =  AND username = 
13:38:08   UPDATING data to tables `time2vie_cirruscommon`.`login` fields ( login, last_time ) values (0, 2020-09-22 13:38:08) on conditions username = 
13:38:08   UPDATING data to tables `log_login` fields ( logout_time ) values (2020-09-22:11:38:08) on conditions id =  AND username = 
13:46:08   UPDATING data to tables `time2vie_cirruscommon`.`login` fields ( login, last_time ) values (0, 2020-09-22 13:46:08) on conditions username = 
13:46:08   UPDATING data to tables `log_login` fields ( logout_time ) values (2020-09-22:11:46:08) on conditions id =  AND username = 
13:59:46   UPDATING data to tables `time2vie_cirruscommon`.`login` fields ( login, last_time ) values (0, 2020-09-22 13:59:46) on conditions username = 
13:59:46   UPDATING data to tables `log_login` fields ( logout_time ) values (2020-09-22:11:59:46) on conditions id =  AND username = 
14:02:49   UPDATING data to tables `time2vie_cirruscommon`.`login` fields ( login, last_time ) values (0, 2020-09-22 14:02:49) on conditions username = 
14:02:49   UPDATING data to tables `log_login` fields ( logout_time ) values (2020-09-22:12:02:49) on conditions id =  AND username = 
14:03:40   UPDATING data to tables `time2vie_cirruscommon`.`login` fields ( login, last_time ) values (0, 2020-09-22 14:03:40) on conditions username = 
14:03:40   UPDATING data to tables `log_login` fields ( logout_time ) values (2020-09-22:12:03:40) on conditions id =  AND username = 
14:21:32   UPDATING data to tables `time2vie_cirruscommon`.`secondary_login` fields ( error ) values (1) on conditions username = hesv003 AND company_id = 5
14:25:41   UPDATING data to tables `time2vie_cirruscommon`.`login` fields ( login, last_time ) values (0, 2020-09-22 14:25:41) on conditions username = 
14:25:41   UPDATING data to tables `log_login` fields ( logout_time ) values (2020-09-22:12:25:41) on conditions id =  AND username = 
14:27:09   UPDATING data to tables `time2vie_cirruscommon`.`login` fields ( login, last_time ) values (0, 2020-09-22 14:27:09) on conditions username = 
14:27:09   UPDATING data to tables `log_login` fields ( logout_time ) values (2020-09-22:12:27:09) on conditions id =  AND username = 
14:32:27   UPDATING data to tables `log_login` fields ( logout_time ) values (2020-09-22:12:32:27) on conditions id = 306011 AND username = nama002
14:41:34   UPDATING data to tables `time2vie_cirruscommon`.`login` fields ( login, last_time ) values (0, 2020-09-22 14:41:34) on conditions username = 
14:41:34   UPDATING data to tables `log_login` fields ( logout_time ) values (2020-09-22:12:41:34) on conditions id =  AND username = 
14:56:05   UPDATING data to tables `time2vie_cirruscommon`.`login` fields ( login, last_time ) values (0, 2020-09-22 14:56:05) on conditions username = 
14:56:05   UPDATING data to tables `log_login` fields ( logout_time ) values (2020-09-22:12:56:05) on conditions id =  AND username = 
14:56:43   UPDATING data to tables `time2vie_cirruscommon`.`login` fields ( login, last_time ) values (0, 2020-09-22 14:56:43) on conditions username = 
14:56:43   UPDATING data to tables `log_login` fields ( logout_time ) values (2020-09-22:12:56:43) on conditions id =  AND username = 
14:57:26   UPDATING data to tables `log_login` fields ( logout_time ) values (2020-09-22:12:57:26) on conditions id = 186576 AND username = makv002
14:57:38   UPDATING data to tables `time2vie_cirruscommon`.`login` fields ( login, last_time ) values (0, 2020-09-22 14:57:38) on conditions username = 
14:57:38   UPDATING data to tables `log_login` fields ( logout_time ) values (2020-09-22:12:57:38) on conditions id =  AND username = 
14:58:16   UPDATING data to tables `log_login` fields ( logout_time ) values (2020-09-22:12:58:16) on conditions id = 306019 AND username = kabj002
14:59:21   UPDATING data to tables `time2vie_cirruscommon`.`login` fields ( login, last_time ) values (0, 2020-09-22 14:59:21) on conditions username = 
14:59:21   UPDATING data to tables `log_login` fields ( logout_time ) values (2020-09-22:12:59:21) on conditions id =  AND username = 
15:06:48   UPDATING data to tables `time2vie_cirruscommon`.`login` fields ( login, last_time ) values (0, 2020-09-22 15:06:48) on conditions username = 
15:06:48   UPDATING data to tables `log_login` fields ( logout_time ) values (2020-09-22:13:06:48) on conditions id =  AND username = 
15:09:27   UPDATING data to tables `log_login` fields ( logout_time ) values (2020-09-22:13:09:27) on conditions id = 186578 AND username = beek002
15:28:49   UPDATING data to tables `time2vie_cirruscommon`.`login` fields ( login, last_time ) values (0, 2020-09-22 15:28:49) on conditions username = 
15:28:49   UPDATING data to tables `log_login` fields ( logout_time ) values (2020-09-22:13:28:49) on conditions id =  AND username = 
15:29:19   UPDATING data to tables `time2vie_cirruscommon`.`login` fields ( login, last_time ) values (0, 2020-09-22 15:29:19) on conditions username = 
15:29:19   UPDATING data to tables `log_login` fields ( logout_time ) values (2020-09-22:13:29:19) on conditions id =  AND username = 
15:30:37   UPDATING data to tables `time2vie_cirruscommon`.`login` fields ( login, last_time ) values (0, 2020-09-22 15:30:37) on conditions username = 
15:30:37   UPDATING data to tables `log_login` fields ( logout_time ) values (2020-09-22:13:30:37) on conditions id =  AND username = 
15:35:50   UPDATING data to tables `time2vie_cirruscommon`.`login` fields ( login, last_time ) values (0, 2020-09-22 15:35:50) on conditions username = 
15:35:50   UPDATING data to tables `log_login` fields ( logout_time ) values (2020-09-22:13:35:50) on conditions id =  AND username = 
15:56:41   UPDATING data to tables `time2vie_cirruscommon`.`login` fields ( login, last_time ) values (0, 2020-09-22 15:56:41) on conditions username = 
15:56:41   UPDATING data to tables `log_login` fields ( logout_time ) values (2020-09-22:13:56:41) on conditions id =  AND username = 
16:00:51   UPDATING data to tables `time2vie_cirruscommon`.`login` fields ( login, last_time ) values (0, 2020-09-22 16:00:51) on conditions username = 
16:00:51   UPDATING data to tables `log_login` fields ( logout_time ) values (2020-09-22:14:00:51) on conditions id =  AND username = 
16:01:33   UPDATING data to tables `time2vie_cirruscommon`.`login` fields ( login, last_time ) values (0, 2020-09-22 16:01:33) on conditions username = 
16:01:33   UPDATING data to tables `log_login` fields ( logout_time ) values (2020-09-22:14:01:33) on conditions id =  AND username = 
16:04:46   UPDATING data to tables `time2vie_cirruscommon`.`login` fields ( login, last_time ) values (0, 2020-09-22 16:04:46) on conditions username = 
16:04:46   UPDATING data to tables `log_login` fields ( logout_time ) values (2020-09-22:14:04:46) on conditions id =  AND username = 
16:13:30   UPDATING data to tables `time2vie_cirruscommon`.`login` fields ( login, last_time ) values (0, 2020-09-22 16:13:30) on conditions username = 
16:13:30   UPDATING data to tables `log_login` fields ( logout_time ) values (2020-09-22:14:13:30) on conditions id =  AND username = 
16:24:47   UPDATING data to tables `log_login` fields ( logout_time ) values (2020-09-22:14:24:47) on conditions id = 306035 AND username = solu003
16:27:24   UPDATING data to tables `time2vie_cirruscommon`.`login` fields ( login, last_time ) values (0, 2020-09-22 16:27:24) on conditions username = 
16:27:24   UPDATING data to tables `log_login` fields ( logout_time ) values (2020-09-22:14:27:24) on conditions id =  AND username = 
16:44:43   UPDATING data to tables `time2vie_cirruscommon`.`login` fields ( login, last_time ) values (0, 2020-09-22 16:44:43) on conditions username = 
16:44:43   UPDATING data to tables `log_login` fields ( logout_time ) values (2020-09-22:14:44:43) on conditions id =  AND username = 
16:45:46   UPDATING data to tables `time2vie_cirruscommon`.`login` fields ( login, last_time ) values (0, 2020-09-22 16:45:46) on conditions username = 
16:45:46   UPDATING data to tables `log_login` fields ( logout_time ) values (2020-09-22:14:45:46) on conditions id =  AND username = 
16:50:04   UPDATING data to tables `time2vie_cirruscommon`.`login` fields ( login, last_time ) values (0, 2020-09-22 16:50:04) on conditions username = 
16:50:04   UPDATING data to tables `log_login` fields ( logout_time ) values (2020-09-22:14:50:04) on conditions id =  AND username = 
16:50:14 lice003  UPDATING data to tables `time2vie_cirruscommon`.`secondary_login` fields ( error ) values (1) on conditions username = lice003 AND company_id = 7
16:51:59   UPDATING data to tables `time2vie_cirruscommon`.`login` fields ( login, last_time ) values (0, 2020-09-22 16:51:59) on conditions username = 
16:51:59   UPDATING data to tables `log_login` fields ( logout_time ) values (2020-09-22:14:51:59) on conditions id =  AND username = 
17:03:40   UPDATING data to tables `time2vie_cirruscommon`.`login` fields ( login, last_time ) values (0, 2020-09-22 17:03:40) on conditions username = 
17:03:40   UPDATING data to tables `log_login` fields ( logout_time ) values (2020-09-22:15:03:40) on conditions id =  AND username = 
17:16:24   UPDATING data to tables `time2vie_cirruscommon`.`login` fields ( login, last_time ) values (0, 2020-09-22 17:16:24) on conditions username = 
17:16:24   UPDATING data to tables `log_login` fields ( logout_time ) values (2020-09-22:15:16:24) on conditions id =  AND username = 
18:03:38   UPDATING data to tables `time2vie_cirruscommon`.`login` fields ( login, last_time ) values (0, 2020-09-22 18:03:38) on conditions username = 
18:03:38   UPDATING data to tables `log_login` fields ( logout_time ) values (2020-09-22:16:03:38) on conditions id =  AND username = 
18:06:48   UPDATING data to tables `log_login` fields ( logout_time ) values (2020-09-22:16:06:48) on conditions id = 306054 AND username = jeha004
18:24:35   UPDATING data to tables `time2vie_cirruscommon`.`login` fields ( login, last_time ) values (0, 2020-09-22 18:24:35) on conditions username = 
18:24:35   UPDATING data to tables `log_login` fields ( logout_time ) values (2020-09-22:16:24:35) on conditions id =  AND username = 
18:29:18   UPDATING data to tables `time2vie_cirruscommon`.`login` fields ( login, last_time ) values (0, 2020-09-22 18:29:18) on conditions username = 
18:29:18   UPDATING data to tables `log_login` fields ( logout_time ) values (2020-09-22:16:29:18) on conditions id =  AND username = 
18:44:44   UPDATING data to tables `time2vie_cirruscommon`.`login` fields ( login, last_time ) values (0, 2020-09-22 18:44:44) on conditions username = 
18:44:44   UPDATING data to tables `log_login` fields ( logout_time ) values (2020-09-22:16:44:44) on conditions id =  AND username = 
18:47:14   UPDATING data to tables `log_login` fields ( logout_time ) values (2020-09-22:16:47:14) on conditions id = 13953 AND username = anwa006
19:09:21   UPDATING data to tables `time2vie_cirruscommon`.`login` fields ( login, last_time ) values (0, 2020-09-22 19:09:21) on conditions username = 
19:09:21   UPDATING data to tables `log_login` fields ( logout_time ) values (2020-09-22:17:09:21) on conditions id =  AND username = 
19:09:45   UPDATING data to tables `time2vie_cirruscommon`.`login` fields ( login, last_time ) values (0, 2020-09-22 19:09:45) on conditions username = 
19:09:45   UPDATING data to tables `log_login` fields ( logout_time ) values (2020-09-22:17:09:45) on conditions id =  AND username = 
19:13:47   UPDATING data to tables `time2vie_cirruscommon`.`login` fields ( login, last_time ) values (0, 2020-09-22 19:13:47) on conditions username = 
19:13:47   UPDATING data to tables `log_login` fields ( logout_time ) values (2020-09-22:17:13:47) on conditions id =  AND username = 
19:18:07   UPDATING data to tables `log_login` fields ( logout_time ) values (2020-09-22:17:18:07) on conditions id = 53251 AND username = inlj001
19:19:19   UPDATING data to tables `time2vie_cirruscommon`.`login` fields ( login, last_time ) values (0, 2020-09-22 19:19:19) on conditions username = 
19:19:19   UPDATING data to tables `log_login` fields ( logout_time ) values (2020-09-22:17:19:19) on conditions id =  AND username = 
19:24:24   UPDATING data to tables `time2vie_cirruscommon`.`login` fields ( login, last_time ) values (0, 2020-09-22 19:24:24) on conditions username = 
19:24:24   UPDATING data to tables `log_login` fields ( logout_time ) values (2020-09-22:17:24:24) on conditions id =  AND username = 
19:37:39   UPDATING data to tables `log_login` fields ( logout_time ) values (2020-09-22:17:37:39) on conditions id = 186605 AND username = lice003
19:48:06   UPDATING data to tables `time2vie_cirruscommon`.`login` fields ( login, last_time ) values (0, 2020-09-22 19:48:06) on conditions username = 
19:48:06   UPDATING data to tables `log_login` fields ( logout_time ) values (2020-09-22:17:48:06) on conditions id =  AND username = 
19:48:11   UPDATING data to tables `time2vie_cirruscommon`.`login` fields ( login, last_time ) values (0, 2020-09-22 19:48:11) on conditions username = 
19:48:11   UPDATING data to tables `log_login` fields ( logout_time ) values (2020-09-22:17:48:11) on conditions id =  AND username = 
19:50:35   UPDATING data to tables `time2vie_cirruscommon`.`login` fields ( login, last_time ) values (0, 2020-09-22 19:50:35) on conditions username = 
19:50:35   UPDATING data to tables `log_login` fields ( logout_time ) values (2020-09-22:17:50:35) on conditions id =  AND username = 
20:03:27   UPDATING data to tables `time2vie_cirruscommon`.`login` fields ( login, last_time ) values (0, 2020-09-22 20:03:27) on conditions username = 
20:03:27   UPDATING data to tables `log_login` fields ( logout_time ) values (2020-09-22:18:03:27) on conditions id =  AND username = 
20:15:12   UPDATING data to tables `time2vie_cirruscommon`.`login` fields ( login, last_time ) values (0, 2020-09-22 20:15:12) on conditions username = 
20:15:12   UPDATING data to tables `log_login` fields ( logout_time ) values (2020-09-22:18:15:12) on conditions id =  AND username = 
20:15:59   UPDATING data to tables `time2vie_cirruscommon`.`login` fields ( login, last_time ) values (0, 2020-09-22 20:15:59) on conditions username = 
20:15:59   UPDATING data to tables `log_login` fields ( logout_time ) values (2020-09-22:18:15:59) on conditions id =  AND username = 
20:28:11   UPDATING data to tables `time2vie_cirruscommon`.`login` fields ( login, last_time ) values (0, 2020-09-22 20:28:11) on conditions username = 
20:28:11   UPDATING data to tables `log_login` fields ( logout_time ) values (2020-09-22:18:28:11) on conditions id =  AND username = 
20:32:49   UPDATING data to tables `time2vie_cirruscommon`.`login` fields ( login, last_time ) values (0, 2020-09-22 20:32:49) on conditions username = 
20:32:49   UPDATING data to tables `log_login` fields ( logout_time ) values (2020-09-22:18:32:49) on conditions id =  AND username = 
20:34:13   UPDATING data to tables `time2vie_cirruscommon`.`secondary_login` fields ( error ) values (1) on conditions username = masa011 AND company_id = 9
20:53:55   UPDATING data to tables `time2vie_cirruscommon`.`login` fields ( login, last_time ) values (0, 2020-09-22 20:53:55) on conditions username = 
20:53:55   UPDATING data to tables `log_login` fields ( logout_time ) values (2020-09-22:18:53:55) on conditions id =  AND username = 
21:08:37   UPDATING data to tables `time2vie_cirruscommon`.`login` fields ( login, last_time ) values (0, 2020-09-22 21:08:37) on conditions username = 
21:08:37   UPDATING data to tables `log_login` fields ( logout_time ) values (2020-09-22:19:08:37) on conditions id =  AND username = 
21:24:14   UPDATING data to tables `time2vie_cirruscommon`.`login` fields ( login, last_time ) values (0, 2020-09-22 21:24:14) on conditions username = 
21:24:14   UPDATING data to tables `log_login` fields ( logout_time ) values (2020-09-22:19:24:14) on conditions id =  AND username = 
21:24:22 idak001  UPDATING data to tables `time2vie_cirruscommon`.`secondary_login` fields ( error ) values (1) on conditions username = idak001 AND company_id = 9
21:32:49   UPDATING data to tables `time2vie_cirruscommon`.`login` fields ( login, last_time ) values (0, 2020-09-22 21:32:49) on conditions username = 
21:32:49   UPDATING data to tables `log_login` fields ( logout_time ) values (2020-09-22:19:32:49) on conditions id =  AND username = 
21:44:36   UPDATING data to tables `time2vie_cirruscommon`.`login` fields ( login, last_time ) values (0, 2020-09-22 21:44:36) on conditions username = 
21:44:36   UPDATING data to tables `log_login` fields ( logout_time ) values (2020-09-22:19:44:36) on conditions id =  AND username = 
22:26:41   UPDATING data to tables `log_login` fields ( logout_time ) values (2020-09-22:20:26:41) on conditions id = 186632 AND username = lian007
22:30:44   UPDATING data to tables `time2vie_cirruscommon`.`login` fields ( login, last_time ) values (0, 2020-09-22 22:30:44) on conditions username = 
22:30:44   UPDATING data to tables `log_login` fields ( logout_time ) values (2020-09-22:20:30:44) on conditions id =  AND username = 
22:34:30   UPDATING data to tables `time2vie_cirruscommon`.`secondary_login` fields ( error ) values (1) on conditions username = anha011 AND company_id = 9
23:38:49   UPDATING data to tables `time2vie_cirruscommon`.`login` fields ( login, last_time ) values (0, 2020-09-22 23:38:49) on conditions username = 
23:38:49   UPDATING data to tables `log_login` fields ( logout_time ) values (2020-09-22:21:38:49) on conditions id =  AND username = 
23:39:26   UPDATING data to tables `time2vie_cirruscommon`.`login` fields ( login, last_time ) values (0, 2020-09-22 23:39:26) on conditions username = 
23:39:26   UPDATING data to tables `log_login` fields ( logout_time ) values (2020-09-22:21:39:26) on conditions id =  AND username = 
23:40:30   UPDATING data to tables `time2vie_cirruscommon`.`login` fields ( login, last_time ) values (0, 2020-09-22 23:40:30) on conditions username = 
23:40:30   UPDATING data to tables `log_login` fields ( logout_time ) values (2020-09-22:21:40:30) on conditions id =  AND username = 
00:32:01   UPDATING data to tables `time2vie_cirruscommon`.`login` fields ( login, last_time ) values (0, 2020-09-23 00:32:01) on conditions username = 
00:32:01   UPDATING data to tables `log_login` fields ( logout_time ) values (2020-09-22:22:32:01) on conditions id =  AND username = 
00:32:07 mayu003  UPDATING data to tables `time2vie_cirruscommon`.`secondary_login` fields ( error ) values (1) on conditions username = mayu003 AND company_id = 8
