03:31:34   UPDATING data to tables `time2vie_cirruscommon`.`login` fields ( login, last_time ) values (0, 2020-10-24 03:31:34) on conditions username = 
03:31:34   UPDATING data to tables `log_login` fields ( logout_time ) values (2020-10-24:01:31:34) on conditions id =  AND username = 
03:32:12   UPDATING data to tables `time2vie_cirruscommon`.`login` fields ( login, last_time ) values (0, 2020-10-24 03:32:12) on conditions username = 
03:32:12   UPDATING data to tables `log_login` fields ( logout_time ) values (2020-10-24:01:32:12) on conditions id =  AND username = 
03:37:54   UPDATING data to tables `time2vie_cirruscommon`.`login` fields ( login, last_time ) values (0, 2020-10-24 03:37:54) on conditions username = 
03:37:54   UPDATING data to tables `log_login` fields ( logout_time ) values (2020-10-24:01:37:54) on conditions id =  AND username = 
06:15:42   UPDATING data to tables `time2vie_cirruscommon`.`login` fields ( login, last_time ) values (0, 2020-10-24 06:15:42) on conditions username = 
06:15:42   UPDATING data to tables `log_login` fields ( logout_time ) values (2020-10-24:04:15:42) on conditions id =  AND username = 
06:16:01 inid001  UPDATING data to tables `time2vie_cirruscommon`.`secondary_login` fields ( error ) values (1) on conditions username = inid001 AND company_id = 12
06:19:05   UPDATING data to tables `time2vie_cirruscommon`.`login` fields ( login, last_time ) values (0, 2020-10-24 06:19:05) on conditions username = 
06:19:05   UPDATING data to tables `log_login` fields ( logout_time ) values (2020-10-24:04:19:05) on conditions id =  AND username = 
06:44:37   UPDATING data to tables `time2vie_cirruscommon`.`login` fields ( login, last_time ) values (0, 2020-10-24 06:44:37) on conditions username = 
06:44:37   UPDATING data to tables `log_login` fields ( logout_time ) values (2020-10-24:04:44:37) on conditions id =  AND username = 
07:21:18   UPDATING data to tables `time2vie_cirruscommon`.`login` fields ( login, last_time ) values (0, 2020-10-24 07:21:18) on conditions username = 
07:21:18   UPDATING data to tables `log_login` fields ( logout_time ) values (2020-10-24:05:21:18) on conditions id =  AND username = 
08:03:05   UPDATING data to tables `time2vie_cirruscommon`.`login` fields ( login, last_time ) values (0, 2020-10-24 08:03:05) on conditions username = 
08:03:05   UPDATING data to tables `log_login` fields ( logout_time ) values (2020-10-24:06:03:05) on conditions id =  AND username = 
08:37:42   UPDATING data to tables `time2vie_cirruscommon`.`login` fields ( login, last_time ) values (0, 2020-10-24 08:37:42) on conditions username = 
08:37:42   UPDATING data to tables `log_login` fields ( logout_time ) values (2020-10-24:06:37:42) on conditions id =  AND username = 
08:39:21   UPDATING data to tables `time2vie_cirruscommon`.`login` fields ( login, last_time ) values (0, 2020-10-24 08:39:21) on conditions username = 
08:39:21   UPDATING data to tables `log_login` fields ( logout_time ) values (2020-10-24:06:39:21) on conditions id =  AND username = 
08:40:10 ditr001  UPDATING data to tables `time2vie_cirruscommon`.`secondary_login` fields ( error ) values (1) on conditions username = ditr001 AND company_id = 8
08:40:17 ditr001  UPDATING data to tables `time2vie_cirruscommon`.`secondary_login` fields ( error ) values (2) on conditions username = ditr001 AND company_id = 8
08:40:54   UPDATING data to tables `time2vie_cirruscommon`.`login` fields ( login, last_time ) values (0, 2020-10-24 08:40:54) on conditions username = 
08:40:54   UPDATING data to tables `log_login` fields ( logout_time ) values (2020-10-24:06:40:54) on conditions id =  AND username = 
08:47:33   UPDATING data to tables `time2vie_cirruscommon`.`login` fields ( login, last_time ) values (0, 2020-10-24 08:47:33) on conditions username = 
08:47:33   UPDATING data to tables `log_login` fields ( logout_time ) values (2020-10-24:06:47:33) on conditions id =  AND username = 
08:47:41   UPDATING data to tables `time2vie_cirruscommon`.`login` fields ( login, last_time ) values (0, 2020-10-24 08:47:41) on conditions username = 
08:47:41   UPDATING data to tables `log_login` fields ( logout_time ) values (2020-10-24:06:47:41) on conditions id =  AND username = 
08:49:04   UPDATING data to tables `time2vie_cirruscommon`.`login` fields ( login, last_time ) values (0, 2020-10-24 08:49:04) on conditions username = 
08:49:04   UPDATING data to tables `log_login` fields ( logout_time ) values (2020-10-24:06:49:04) on conditions id =  AND username = 
08:59:46   UPDATING data to tables `time2vie_cirruscommon`.`login` fields ( login, last_time ) values (0, 2020-10-24 08:59:46) on conditions username = 
08:59:46   UPDATING data to tables `log_login` fields ( logout_time ) values (2020-10-24:06:59:46) on conditions id =  AND username = 
09:11:10   UPDATING data to tables `time2vie_cirruscommon`.`login` fields ( login, last_time ) values (0, 2020-10-24 09:11:10) on conditions username = 
09:11:10   UPDATING data to tables `log_login` fields ( logout_time ) values (2020-10-24:07:11:10) on conditions id =  AND username = 
09:16:25   UPDATING data to tables `time2vie_cirruscommon`.`login` fields ( login, last_time ) values (0, 2020-10-24 09:16:25) on conditions username = 
09:16:25   UPDATING data to tables `log_login` fields ( logout_time ) values (2020-10-24:07:16:25) on conditions id =  AND username = 
09:21:41   UPDATING data to tables `time2vie_cirruscommon`.`login` fields ( login, last_time ) values (0, 2020-10-24 09:21:41) on conditions username = 
09:21:41   UPDATING data to tables `log_login` fields ( logout_time ) values (2020-10-24:07:21:41) on conditions id =  AND username = 
09:26:31   UPDATING data to tables `time2vie_cirruscommon`.`login` fields ( login, last_time ) values (0, 2020-10-24 09:26:31) on conditions username = 
09:26:31   UPDATING data to tables `log_login` fields ( logout_time ) values (2020-10-24:07:26:31) on conditions id =  AND username = 
09:37:32   UPDATING data to tables `time2vie_cirruscommon`.`login` fields ( login, last_time ) values (0, 2020-10-24 09:37:32) on conditions username = 
09:37:32   UPDATING data to tables `log_login` fields ( logout_time ) values (2020-10-24:07:37:32) on conditions id =  AND username = 
09:45:59   UPDATING data to tables `time2vie_cirruscommon`.`login` fields ( login, last_time ) values (0, 2020-10-24 09:45:59) on conditions username = 
09:45:59   UPDATING data to tables `log_login` fields ( logout_time ) values (2020-10-24:07:45:59) on conditions id =  AND username = 
09:48:16   UPDATING data to tables `time2vie_cirruscommon`.`login` fields ( login, last_time ) values (0, 2020-10-24 09:48:16) on conditions username = 
09:48:16   UPDATING data to tables `log_login` fields ( logout_time ) values (2020-10-24:07:48:16) on conditions id =  AND username = 
09:51:48   UPDATING data to tables `time2vie_cirruscommon`.`login` fields ( login, last_time ) values (0, 2020-10-24 09:51:48) on conditions username = 
09:51:48   UPDATING data to tables `log_login` fields ( logout_time ) values (2020-10-24:07:51:48) on conditions id =  AND username = 
10:02:42   UPDATING data to tables `time2vie_cirruscommon`.`secondary_login` fields ( error ) values (1) on conditions username = mabr001 AND company_id = 9
10:10:31   UPDATING data to tables `time2vie_cirruscommon`.`login` fields ( login, last_time ) values (0, 2020-10-24 10:10:31) on conditions username = 
10:10:31   UPDATING data to tables `log_login` fields ( logout_time ) values (2020-10-24:08:10:31) on conditions id =  AND username = 
10:12:11   UPDATING data to tables `time2vie_cirruscommon`.`login` fields ( login, last_time ) values (0, 2020-10-24 10:12:11) on conditions username = 
10:12:11   UPDATING data to tables `log_login` fields ( logout_time ) values (2020-10-24:08:12:11) on conditions id =  AND username = 
10:25:22   UPDATING data to tables `time2vie_cirruscommon`.`login` fields ( login, last_time ) values (0, 2020-10-24 10:25:22) on conditions username = 
10:25:22   UPDATING data to tables `log_login` fields ( logout_time ) values (2020-10-24:08:25:22) on conditions id =  AND username = 
10:40:19   UPDATING data to tables `time2vie_cirruscommon`.`login` fields ( login, last_time ) values (0, 2020-10-24 10:40:19) on conditions username = 
10:40:19   UPDATING data to tables `log_login` fields ( logout_time ) values (2020-10-24:08:40:19) on conditions id =  AND username = 
10:40:55   UPDATING data to tables `time2vie_cirruscommon`.`login` fields ( login, last_time ) values (0, 2020-10-24 10:40:55) on conditions username = 
10:40:55   UPDATING data to tables `log_login` fields ( logout_time ) values (2020-10-24:08:40:55) on conditions id =  AND username = 
10:56:58   UPDATING data to tables `time2vie_cirruscommon`.`login` fields ( login, last_time ) values (0, 2020-10-24 10:56:58) on conditions username = 
10:56:58   UPDATING data to tables `log_login` fields ( logout_time ) values (2020-10-24:08:56:58) on conditions id =  AND username = 
11:06:49   UPDATING data to tables `time2vie_cirruscommon`.`login` fields ( login, last_time ) values (0, 2020-10-24 11:06:49) on conditions username = 
11:06:49   UPDATING data to tables `log_login` fields ( logout_time ) values (2020-10-24:09:06:49) on conditions id =  AND username = 
11:10:14   UPDATING data to tables `time2vie_cirruscommon`.`login` fields ( login, last_time ) values (0, 2020-10-24 11:10:14) on conditions username = 
11:10:14   UPDATING data to tables `log_login` fields ( logout_time ) values (2020-10-24:09:10:14) on conditions id =  AND username = 
11:15:41   UPDATING data to tables `time2vie_cirruscommon`.`login` fields ( login, last_time ) values (0, 2020-10-24 11:15:41) on conditions username = 
11:15:41   UPDATING data to tables `log_login` fields ( logout_time ) values (2020-10-24:09:15:41) on conditions id =  AND username = 
11:17:01   UPDATING data to tables `time2vie_cirruscommon`.`login` fields ( login, last_time ) values (0, 2020-10-24 11:17:01) on conditions username = 
11:17:01   UPDATING data to tables `log_login` fields ( logout_time ) values (2020-10-24:09:17:01) on conditions id =  AND username = 
11:17:12 yuat001  UPDATING data to tables `time2vie_cirruscommon`.`secondary_login` fields ( error ) values (1) on conditions username = yuat001 AND company_id = 4
11:17:15 yuat001  UPDATING data to tables `time2vie_cirruscommon`.`secondary_login` fields ( error ) values (2) on conditions username = yuat001 AND company_id = 4
11:17:16 yuat001  UPDATING data to tables `time2vie_cirruscommon`.`secondary_login` fields ( error ) values (3) on conditions username = yuat001 AND company_id = 4
11:46:12   UPDATING data to tables `time2vie_cirruscommon`.`login` fields ( login, last_time ) values (0, 2020-10-24 11:46:12) on conditions username = 
11:46:12   UPDATING data to tables `log_login` fields ( logout_time ) values (2020-10-24:09:46:12) on conditions id =  AND username = 
11:51:29   UPDATING data to tables `time2vie_cirruscommon`.`login` fields ( login, last_time ) values (0, 2020-10-24 11:51:29) on conditions username = 
11:51:29   UPDATING data to tables `log_login` fields ( logout_time ) values (2020-10-24:09:51:29) on conditions id =  AND username = 
12:11:32   UPDATING data to tables `time2vie_cirruscommon`.`login` fields ( login, last_time ) values (0, 2020-10-24 12:11:32) on conditions username = 
12:11:32   UPDATING data to tables `log_login` fields ( logout_time ) values (2020-10-24:10:11:32) on conditions id =  AND username = 
12:14:03   UPDATING data to tables `log_login` fields ( logout_time ) values (2020-10-24:10:14:03) on conditions id = 54317 AND username = inlj001
12:44:43   UPDATING data to tables `time2vie_cirruscommon`.`login` fields ( login, last_time ) values (0, 2020-10-24 12:44:43) on conditions username = 
12:44:43   UPDATING data to tables `log_login` fields ( logout_time ) values (2020-10-24:10:44:43) on conditions id =  AND username = 
12:44:54 armu001  UPDATING data to tables `time2vie_cirruscommon`.`secondary_login` fields ( error ) values (1) on conditions username = armu001 AND company_id = 13
12:45:49   UPDATING data to tables `time2vie_cirruscommon`.`login` fields ( login, last_time ) values (0, 2020-10-24 12:45:49) on conditions username = 
12:45:49   UPDATING data to tables `log_login` fields ( logout_time ) values (2020-10-24:10:45:49) on conditions id =  AND username = 
12:55:31   UPDATING data to tables `time2vie_cirruscommon`.`login` fields ( login, last_time ) values (0, 2020-10-24 12:55:31) on conditions username = 
12:55:31   UPDATING data to tables `log_login` fields ( logout_time ) values (2020-10-24:10:55:31) on conditions id =  AND username = 
13:06:56   UPDATING data to tables `time2vie_cirruscommon`.`login` fields ( login, last_time ) values (0, 2020-10-24 13:06:56) on conditions username = 
13:06:56   UPDATING data to tables `log_login` fields ( logout_time ) values (2020-10-24:11:06:56) on conditions id =  AND username = 
13:13:36   UPDATING data to tables `time2vie_cirruscommon`.`login` fields ( login, last_time ) values (0, 2020-10-24 13:13:36) on conditions username = 
13:13:36   UPDATING data to tables `log_login` fields ( logout_time ) values (2020-10-24:11:13:36) on conditions id =  AND username = 
13:14:37   UPDATING data to tables `time2vie_cirruscommon`.`login` fields ( login, last_time ) values (0, 2020-10-24 13:14:37) on conditions username = 
13:14:37   UPDATING data to tables `log_login` fields ( logout_time ) values (2020-10-24:11:14:37) on conditions id =  AND username = 
13:30:55   UPDATING data to tables `time2vie_cirruscommon`.`login` fields ( login, last_time ) values (0, 2020-10-24 13:30:55) on conditions username = 
13:30:55   UPDATING data to tables `log_login` fields ( logout_time ) values (2020-10-24:11:30:55) on conditions id =  AND username = 
13:48:17   UPDATING data to tables `time2vie_cirruscommon`.`login` fields ( login, last_time ) values (0, 2020-10-24 13:48:17) on conditions username = 
13:48:17   UPDATING data to tables `log_login` fields ( logout_time ) values (2020-10-24:11:48:17) on conditions id =  AND username = 
13:51:14   UPDATING data to tables `time2vie_cirruscommon`.`login` fields ( login, last_time ) values (0, 2020-10-24 13:51:14) on conditions username = 
13:51:14   UPDATING data to tables `log_login` fields ( logout_time ) values (2020-10-24:11:51:14) on conditions id =  AND username = 
13:52:00   UPDATING data to tables `time2vie_cirruscommon`.`login` fields ( login, last_time ) values (0, 2020-10-24 13:52:00) on conditions username = 
13:52:00   UPDATING data to tables `log_login` fields ( logout_time ) values (2020-10-24:11:52:00) on conditions id =  AND username = 
14:00:08   UPDATING data to tables `time2vie_cirruscommon`.`login` fields ( login, last_time ) values (0, 2020-10-24 14:00:08) on conditions username = 
14:00:08   UPDATING data to tables `log_login` fields ( logout_time ) values (2020-10-24:12:00:08) on conditions id =  AND username = 
14:25:47   UPDATING data to tables `time2vie_cirruscommon`.`login` fields ( login, last_time ) values (0, 2020-10-24 14:25:47) on conditions username = 
14:25:47   UPDATING data to tables `log_login` fields ( logout_time ) values (2020-10-24:12:25:47) on conditions id =  AND username = 
15:05:05   UPDATING data to tables `time2vie_cirruscommon`.`login` fields ( login, last_time ) values (0, 2020-10-24 15:05:05) on conditions username = 
15:05:05   UPDATING data to tables `log_login` fields ( logout_time ) values (2020-10-24:13:05:05) on conditions id =  AND username = 
16:02:10   UPDATING data to tables `time2vie_cirruscommon`.`login` fields ( login, last_time ) values (0, 2020-10-24 16:02:10) on conditions username = 
16:02:10   UPDATING data to tables `log_login` fields ( logout_time ) values (2020-10-24:14:02:10) on conditions id =  AND username = 
16:11:36   UPDATING data to tables `time2vie_cirruscommon`.`login` fields ( login, last_time ) values (0, 2020-10-24 16:11:36) on conditions username = 
16:11:36   UPDATING data to tables `log_login` fields ( logout_time ) values (2020-10-24:14:11:36) on conditions id =  AND username = 
16:13:32   UPDATING data to tables `time2vie_cirruscommon`.`login` fields ( login, last_time ) values (0, 2020-10-24 16:13:32) on conditions username = 
16:13:32   UPDATING data to tables `log_login` fields ( logout_time ) values (2020-10-24:14:13:32) on conditions id =  AND username = 
16:33:39   UPDATING data to tables `time2vie_cirruscommon`.`login` fields ( login, last_time ) values (0, 2020-10-24 16:33:39) on conditions username = 
16:33:39   UPDATING data to tables `log_login` fields ( logout_time ) values (2020-10-24:14:33:39) on conditions id =  AND username = 
16:34:17   UPDATING data to tables `time2vie_cirruscommon`.`login` fields ( login, last_time ) values (0, 2020-10-24 16:34:17) on conditions username = 
16:34:17   UPDATING data to tables `log_login` fields ( logout_time ) values (2020-10-24:14:34:17) on conditions id =  AND username = 
16:53:55   UPDATING data to tables `time2vie_cirruscommon`.`login` fields ( login, last_time ) values (0, 2020-10-24 16:53:55) on conditions username = 
16:53:55   UPDATING data to tables `log_login` fields ( logout_time ) values (2020-10-24:14:53:55) on conditions id =  AND username = 
17:22:07   UPDATING data to tables `time2vie_cirruscommon`.`login` fields ( login, last_time ) values (0, 2020-10-24 17:22:07) on conditions username = 
17:22:07   UPDATING data to tables `log_login` fields ( logout_time ) values (2020-10-24:15:22:07) on conditions id =  AND username = 
17:22:33 mala008  UPDATING data to tables `time2vie_cirruscommon`.`secondary_login` fields ( error ) values (1) on conditions username = mala008 AND company_id = 9
17:22:51 mala008  UPDATING data to tables `time2vie_cirruscommon`.`secondary_login` fields ( error ) values (2) on conditions username = mala008 AND company_id = 9
17:31:03   UPDATING data to tables `time2vie_cirruscommon`.`login` fields ( login, last_time ) values (0, 2020-10-24 17:31:03) on conditions username = 
17:31:03   UPDATING data to tables `log_login` fields ( logout_time ) values (2020-10-24:15:31:03) on conditions id =  AND username = 
17:33:26   UPDATING data to tables `time2vie_cirruscommon`.`login` fields ( login, last_time ) values (0, 2020-10-24 17:33:26) on conditions username = 
17:33:26   UPDATING data to tables `log_login` fields ( logout_time ) values (2020-10-24:15:33:26) on conditions id =  AND username = 
18:02:46   UPDATING data to tables `time2vie_cirruscommon`.`login` fields ( login, last_time ) values (0, 2020-10-24 18:02:46) on conditions username = 
18:02:46   UPDATING data to tables `log_login` fields ( logout_time ) values (2020-10-24:16:02:46) on conditions id =  AND username = 
18:03:35   UPDATING data to tables `time2vie_cirruscommon`.`login` fields ( login, last_time ) values (0, 2020-10-24 18:03:35) on conditions username = 
18:03:35   UPDATING data to tables `log_login` fields ( logout_time ) values (2020-10-24:16:03:35) on conditions id =  AND username = 
18:17:58   UPDATING data to tables `time2vie_cirruscommon`.`login` fields ( login, last_time ) values (0, 2020-10-24 18:17:58) on conditions username = 
18:17:58   UPDATING data to tables `log_login` fields ( logout_time ) values (2020-10-24:16:17:58) on conditions id =  AND username = 
18:26:56   UPDATING data to tables `time2vie_cirruscommon`.`login` fields ( login, last_time ) values (0, 2020-10-24 18:26:56) on conditions username = 
18:26:56   UPDATING data to tables `log_login` fields ( logout_time ) values (2020-10-24:16:26:56) on conditions id =  AND username = 
18:51:23   UPDATING data to tables `time2vie_cirruscommon`.`login` fields ( login, last_time ) values (0, 2020-10-24 18:51:23) on conditions username = 
18:51:23   UPDATING data to tables `log_login` fields ( logout_time ) values (2020-10-24:16:51:23) on conditions id =  AND username = 
19:07:59   UPDATING data to tables `time2vie_cirruscommon`.`login` fields ( login, last_time ) values (0, 2020-10-24 19:07:59) on conditions username = 
19:07:59   UPDATING data to tables `log_login` fields ( logout_time ) values (2020-10-24:17:07:59) on conditions id =  AND username = 
19:16:09   UPDATING data to tables `time2vie_cirruscommon`.`login` fields ( login, last_time ) values (0, 2020-10-24 19:16:09) on conditions username = 
19:16:09   UPDATING data to tables `log_login` fields ( logout_time ) values (2020-10-24:17:16:09) on conditions id =  AND username = 
19:20:27   UPDATING data to tables `time2vie_cirruscommon`.`login` fields ( login, last_time ) values (0, 2020-10-24 19:20:27) on conditions username = 
19:20:27   UPDATING data to tables `log_login` fields ( logout_time ) values (2020-10-24:17:20:27) on conditions id =  AND username = 
19:20:44   UPDATING data to tables `time2vie_cirruscommon`.`login` fields ( login, last_time ) values (0, 2020-10-24 19:20:44) on conditions username = 
19:20:44   UPDATING data to tables `log_login` fields ( logout_time ) values (2020-10-24:17:20:44) on conditions id =  AND username = 
19:30:34   UPDATING data to tables `time2vie_cirruscommon`.`login` fields ( login, last_time ) values (0, 2020-10-24 19:30:34) on conditions username = 
19:30:34   UPDATING data to tables `log_login` fields ( logout_time ) values (2020-10-24:17:30:34) on conditions id =  AND username = 
19:40:22   UPDATING data to tables `time2vie_cirruscommon`.`login` fields ( login, last_time ) values (0, 2020-10-24 19:40:22) on conditions username = 
19:40:22   UPDATING data to tables `log_login` fields ( logout_time ) values (2020-10-24:17:40:22) on conditions id =  AND username = 
19:59:43   UPDATING data to tables `log_login` fields ( logout_time ) values (2020-10-24:17:59:43) on conditions id = 584215 AND username = beto001
20:19:12   UPDATING data to tables `time2vie_cirruscommon`.`login` fields ( login, last_time ) values (0, 2020-10-24 20:19:12) on conditions username = 
20:19:12   UPDATING data to tables `log_login` fields ( logout_time ) values (2020-10-24:18:19:12) on conditions id =  AND username = 
20:19:28 cagu001  UPDATING data to tables `time2vie_cirruscommon`.`secondary_login` fields ( error ) values (1) on conditions username = cagu001 AND company_id = 20
21:42:03   UPDATING data to tables `time2vie_cirruscommon`.`login` fields ( login, last_time ) values (0, 2020-10-24 21:42:03) on conditions username = 
21:42:03   UPDATING data to tables `log_login` fields ( logout_time ) values (2020-10-24:19:42:03) on conditions id =  AND username = 
21:43:07   UPDATING data to tables `log_login` fields ( logout_time ) values (2020-10-24:19:43:07) on conditions id = 584223 AND username = evda006
22:13:07   UPDATING data to tables `time2vie_cirruscommon`.`login` fields ( login, last_time ) values (0, 2020-10-24 22:13:07) on conditions username = 
22:13:07   UPDATING data to tables `log_login` fields ( logout_time ) values (2020-10-24:20:13:07) on conditions id =  AND username = 
22:24:50   UPDATING data to tables `time2vie_cirruscommon`.`login` fields ( login, last_time ) values (0, 2020-10-24 22:24:50) on conditions username = 
22:24:50   UPDATING data to tables `log_login` fields ( logout_time ) values (2020-10-24:20:24:50) on conditions id =  AND username = 
22:49:44   UPDATING data to tables `time2vie_cirruscommon`.`login` fields ( login, last_time ) values (0, 2020-10-24 22:49:44) on conditions username = 
22:49:44   UPDATING data to tables `log_login` fields ( logout_time ) values (2020-10-24:20:49:44) on conditions id =  AND username = 
22:53:29   UPDATING data to tables `time2vie_cirruscommon`.`login` fields ( login, last_time ) values (0, 2020-10-24 22:53:29) on conditions username = 
22:53:29   UPDATING data to tables `log_login` fields ( logout_time ) values (2020-10-24:20:53:29) on conditions id =  AND username = 
23:05:48   UPDATING data to tables `time2vie_cirruscommon`.`login` fields ( login, last_time ) values (0, 2020-10-24 23:05:48) on conditions username = 
23:05:48   UPDATING data to tables `log_login` fields ( logout_time ) values (2020-10-24:21:05:48) on conditions id =  AND username = 
23:07:55   UPDATING data to tables `time2vie_cirruscommon`.`login` fields ( login, last_time ) values (0, 2020-10-24 23:07:55) on conditions username = 
23:07:55   UPDATING data to tables `log_login` fields ( logout_time ) values (2020-10-24:21:07:55) on conditions id =  AND username = 
23:09:40   UPDATING data to tables `time2vie_cirruscommon`.`login` fields ( login, last_time ) values (0, 2020-10-24 23:09:40) on conditions username = 
23:09:40   UPDATING data to tables `log_login` fields ( logout_time ) values (2020-10-24:21:09:40) on conditions id =  AND username = 
00:26:04   UPDATING data to tables `time2vie_cirruscommon`.`login` fields ( login, last_time ) values (0, 2020-10-25 00:26:04) on conditions username = 
00:26:04   UPDATING data to tables `log_login` fields ( logout_time ) values (2020-10-24:22:26:04) on conditions id =  AND username = 
00:47:51   UPDATING data to tables `time2vie_cirruscommon`.`login` fields ( login, last_time ) values (0, 2020-10-25 00:47:51) on conditions username = 
00:47:51   UPDATING data to tables `log_login` fields ( logout_time ) values (2020-10-24:22:47:51) on conditions id =  AND username = 
