01:00:58   UPDATING data to tables `time2vie_cirruscommon`.`login` fields ( login, last_time ) values (0, 2020-11-01 01:00:58) on conditions username = 
01:00:58   UPDATING data to tables `log_login` fields ( logout_time ) values (2020-11-01:00:00:58) on conditions id =  AND username = 
01:04:01   UPDATING data to tables `time2vie_cirruscommon`.`login` fields ( login, last_time ) values (0, 2020-11-01 01:04:01) on conditions username = 
01:04:01   UPDATING data to tables `log_login` fields ( logout_time ) values (2020-11-01:00:04:01) on conditions id =  AND username = 
01:04:10 dojo002  UPDATING data to tables `time2vie_cirruscommon`.`secondary_login` fields ( error ) values (1) on conditions username = dojo002 AND company_id = 9
01:06:51   UPDATING data to tables `log_login` fields ( logout_time ) values (2020-11-01:00:06:51) on conditions id = 269495 AND username = lian007
01:06:59   UPDATING data to tables `log_login` fields ( logout_time ) values (2020-11-01:00:06:59) on conditions id = 592659 AND username = hela003
02:49:34 fish001  UPDATING data to tables `time2vie_cirruscommon`.`secondary_login` fields ( error ) values (2) on conditions username = fish001 AND company_id = 12
02:51:27   UPDATING data to tables `log_login` fields ( logout_time ) values (2020-11-01:01:51:27) on conditions id = 24051 AND username = fish001
04:22:02   UPDATING data to tables `time2vie_cirruscommon`.`login` fields ( login, last_time ) values (0, 2020-11-01 04:22:02) on conditions username = 
04:22:02   UPDATING data to tables `log_login` fields ( logout_time ) values (2020-11-01:03:22:02) on conditions id =  AND username = 
06:12:22   UPDATING data to tables `time2vie_cirruscommon`.`login` fields ( login, last_time ) values (0, 2020-11-01 06:12:22) on conditions username = 
06:12:22   UPDATING data to tables `log_login` fields ( logout_time ) values (2020-11-01:05:12:22) on conditions id =  AND username = 
06:51:20   UPDATING data to tables `log_login` fields ( logout_time ) values (2020-11-01:05:51:20) on conditions id = 592683 AND username = beto001
07:04:29   UPDATING data to tables `time2vie_cirruscommon`.`login` fields ( login, last_time ) values (0, 2020-11-01 07:04:29) on conditions username = 
07:04:29   UPDATING data to tables `log_login` fields ( logout_time ) values (2020-11-01:06:04:29) on conditions id =  AND username = 
07:07:20   UPDATING data to tables `log_login` fields ( logout_time ) values (2020-11-01:06:07:20) on conditions id = 592688 AND username = anra003
07:24:09   UPDATING data to tables `time2vie_cirruscommon`.`login` fields ( login, last_time ) values (0, 2020-11-01 07:24:09) on conditions username = 
07:24:09   UPDATING data to tables `log_login` fields ( logout_time ) values (2020-11-01:06:24:09) on conditions id =  AND username = 
07:26:04   UPDATING data to tables `time2vie_cirruscommon`.`login` fields ( login, last_time ) values (0, 2020-11-01 07:26:04) on conditions username = 
07:26:04   UPDATING data to tables `log_login` fields ( logout_time ) values (2020-11-01:06:26:04) on conditions id =  AND username = 
07:42:59   UPDATING data to tables `time2vie_cirruscommon`.`login` fields ( login, last_time ) values (0, 2020-11-01 07:42:59) on conditions username = 
07:42:59   UPDATING data to tables `log_login` fields ( logout_time ) values (2020-11-01:06:42:59) on conditions id =  AND username = 
07:51:17   UPDATING data to tables `time2vie_cirruscommon`.`login` fields ( login, last_time ) values (0, 2020-11-01 07:51:17) on conditions username = 
07:51:17   UPDATING data to tables `log_login` fields ( logout_time ) values (2020-11-01:06:51:17) on conditions id =  AND username = 
08:03:46   UPDATING data to tables `time2vie_cirruscommon`.`login` fields ( login, last_time ) values (0, 2020-11-01 08:03:46) on conditions username = 
08:03:46   UPDATING data to tables `log_login` fields ( logout_time ) values (2020-11-01:07:03:46) on conditions id =  AND username = 
08:04:10   UPDATING data to tables `time2vie_cirruscommon`.`login` fields ( login, last_time ) values (0, 2020-11-01 08:04:10) on conditions username = 
08:04:10   UPDATING data to tables `log_login` fields ( logout_time ) values (2020-11-01:07:04:10) on conditions id =  AND username = 
08:09:05   UPDATING data to tables `log_login` fields ( logout_time ) values (2020-11-01:07:09:05) on conditions id = 592710 AND username = jome001
08:09:22   UPDATING data to tables `time2vie_cirruscommon`.`login` fields ( login, last_time ) values (0, 2020-11-01 08:09:22) on conditions username = 
08:09:22   UPDATING data to tables `log_login` fields ( logout_time ) values (2020-11-01:07:09:22) on conditions id =  AND username = 
08:14:02   UPDATING data to tables `time2vie_cirruscommon`.`login` fields ( login, last_time ) values (0, 2020-11-01 08:14:02) on conditions username = 
08:14:02   UPDATING data to tables `log_login` fields ( logout_time ) values (2020-11-01:07:14:02) on conditions id =  AND username = 
08:14:33 maer011  UPDATING data to tables `time2vie_cirruscommon`.`secondary_login` fields ( error ) values (1) on conditions username = maer011 AND company_id = 5
08:14:47 maer011  UPDATING data to tables `time2vie_cirruscommon`.`secondary_login` fields ( error ) values (2) on conditions username = maer011 AND company_id = 5
08:17:34   UPDATING data to tables `time2vie_cirruscommon`.`login` fields ( login, last_time ) values (0, 2020-11-01 08:17:34) on conditions username = 
08:17:34   UPDATING data to tables `log_login` fields ( logout_time ) values (2020-11-01:07:17:34) on conditions id =  AND username = 
08:20:26   UPDATING data to tables `log_login` fields ( logout_time ) values (2020-11-01:07:20:26) on conditions id = 24057 AND username = inid001
08:20:27   UPDATING data to tables `time2vie_cirruscommon`.`login` fields ( login, last_time ) values (0, 2020-11-01 08:20:27) on conditions username = 
08:20:27   UPDATING data to tables `log_login` fields ( logout_time ) values (2020-11-01:07:20:27) on conditions id =  AND username = 
08:20:38   UPDATING data to tables `time2vie_cirruscommon`.`login` fields ( login, last_time ) values (0, 2020-11-01 08:20:38) on conditions username = 
08:20:38   UPDATING data to tables `log_login` fields ( logout_time ) values (2020-11-01:07:20:38) on conditions id =  AND username = 
08:21:23   UPDATING data to tables `time2vie_cirruscommon`.`login` fields ( login, last_time ) values (0, 2020-11-01 08:21:23) on conditions username = 
08:21:23   UPDATING data to tables `log_login` fields ( logout_time ) values (2020-11-01:07:21:23) on conditions id =  AND username = 
08:22:26   UPDATING data to tables `time2vie_cirruscommon`.`login` fields ( login, last_time ) values (0, 2020-11-01 08:22:26) on conditions username = 
08:22:26   UPDATING data to tables `log_login` fields ( logout_time ) values (2020-11-01:07:22:26) on conditions id =  AND username = 
08:24:40   UPDATING data to tables `time2vie_cirruscommon`.`login` fields ( login, last_time ) values (0, 2020-11-01 08:24:40) on conditions username = 
08:24:40   UPDATING data to tables `log_login` fields ( logout_time ) values (2020-11-01:07:24:40) on conditions id =  AND username = 
08:25:13   UPDATING data to tables `time2vie_cirruscommon`.`login` fields ( login, last_time ) values (0, 2020-11-01 08:25:13) on conditions username = 
08:25:13   UPDATING data to tables `log_login` fields ( logout_time ) values (2020-11-01:07:25:13) on conditions id =  AND username = 
08:35:51   UPDATING data to tables `time2vie_cirruscommon`.`login` fields ( login, last_time ) values (0, 2020-11-01 08:35:51) on conditions username = 
08:35:51   UPDATING data to tables `log_login` fields ( logout_time ) values (2020-11-01:07:35:51) on conditions id =  AND username = 
08:35:52   UPDATING data to tables `time2vie_cirruscommon`.`login` fields ( login, last_time ) values (0, 2020-11-01 08:35:52) on conditions username = 
08:35:52   UPDATING data to tables `log_login` fields ( logout_time ) values (2020-11-01:07:35:52) on conditions id =  AND username = 
08:37:04   UPDATING data to tables `time2vie_cirruscommon`.`login` fields ( login, last_time ) values (0, 2020-11-01 08:37:04) on conditions username = 
08:37:04   UPDATING data to tables `log_login` fields ( logout_time ) values (2020-11-01:07:37:04) on conditions id =  AND username = 
08:38:13   UPDATING data to tables `time2vie_cirruscommon`.`login` fields ( login, last_time ) values (0, 2020-11-01 08:38:13) on conditions username = 
08:38:13   UPDATING data to tables `log_login` fields ( logout_time ) values (2020-11-01:07:38:13) on conditions id =  AND username = 
08:41:39   UPDATING data to tables `log_login` fields ( logout_time ) values (2020-11-01:07:41:39) on conditions id = 269589 AND username = toli003
08:42:04   UPDATING data to tables `time2vie_cirruscommon`.`login` fields ( login, last_time ) values (0, 2020-11-01 08:42:04) on conditions username = 
08:42:04   UPDATING data to tables `log_login` fields ( logout_time ) values (2020-11-01:07:42:04) on conditions id =  AND username = 
08:48:32   UPDATING data to tables `time2vie_cirruscommon`.`login` fields ( login, last_time ) values (0, 2020-11-01 08:48:32) on conditions username = 
08:48:32   UPDATING data to tables `log_login` fields ( logout_time ) values (2020-11-01:07:48:32) on conditions id =  AND username = 
08:52:32 svre001  UPDATING data to tables `time2vie_cirruscommon`.`secondary_login` fields ( error ) values (1) on conditions username = svre001 AND company_id = 7
08:53:06   UPDATING data to tables `time2vie_cirruscommon`.`login` fields ( login, last_time ) values (0, 2020-11-01 08:53:06) on conditions username = 
08:53:06   UPDATING data to tables `log_login` fields ( logout_time ) values (2020-11-01:07:53:06) on conditions id =  AND username = 
08:58:45   UPDATING data to tables `time2vie_cirruscommon`.`login` fields ( login, last_time ) values (0, 2020-11-01 08:58:45) on conditions username = 
08:58:45   UPDATING data to tables `log_login` fields ( logout_time ) values (2020-11-01:07:58:45) on conditions id =  AND username = 
08:59:42   UPDATING data to tables `log_login` fields ( logout_time ) values (2020-11-01:07:59:42) on conditions id = 592736 AND username = vema001
09:01:13   UPDATING data to tables `time2vie_cirruscommon`.`login` fields ( login, last_time ) values (0, 2020-11-01 09:01:13) on conditions username = 
09:01:13   UPDATING data to tables `log_login` fields ( logout_time ) values (2020-11-01:08:01:13) on conditions id =  AND username = 
09:02:01   UPDATING data to tables `time2vie_cirruscommon`.`login` fields ( login, last_time ) values (0, 2020-11-01 09:02:01) on conditions username = 
09:02:01   UPDATING data to tables `log_login` fields ( logout_time ) values (2020-11-01:08:02:01) on conditions id =  AND username = 
09:02:11   UPDATING data to tables `log_login` fields ( logout_time ) values (2020-11-01:08:02:11) on conditions id = 269591 AND username = toli003
09:02:18   UPDATING data to tables `time2vie_cirruscommon`.`secondary_login` fields ( error ) values (2) on conditions username = mabr001 AND company_id = 9
09:03:05   UPDATING data to tables `time2vie_cirruscommon`.`login` fields ( login, last_time ) values (0, 2020-11-01 09:03:05) on conditions username = 
09:03:05   UPDATING data to tables `log_login` fields ( logout_time ) values (2020-11-01:08:03:05) on conditions id =  AND username = 
09:03:19   UPDATING data to tables `time2vie_cirruscommon`.`login` fields ( login, last_time ) values (0, 2020-11-01 09:03:19) on conditions username = 
09:03:19   UPDATING data to tables `log_login` fields ( logout_time ) values (2020-11-01:08:03:19) on conditions id =  AND username = 
09:03:26   UPDATING data to tables `time2vie_cirruscommon`.`secondary_login` fields ( error ) values (1) on conditions username = mabr001 AND company_id = 9
09:04:17   UPDATING data to tables `log_login` fields ( logout_time ) values (2020-11-01:08:04:17) on conditions id = 24074 AND username = inid001
09:04:26   UPDATING data to tables `time2vie_cirruscommon`.`login` fields ( login, last_time ) values (0, 2020-11-01 09:04:26) on conditions username = 
09:04:26   UPDATING data to tables `log_login` fields ( logout_time ) values (2020-11-01:08:04:26) on conditions id =  AND username = 
09:05:22   UPDATING data to tables `time2vie_cirruscommon`.`login` fields ( login, last_time ) values (0, 2020-11-01 09:05:22) on conditions username = 
09:05:22   UPDATING data to tables `log_login` fields ( logout_time ) values (2020-11-01:08:05:22) on conditions id =  AND username = 
09:10:20   UPDATING data to tables `time2vie_cirruscommon`.`secondary_login` fields ( error ) values (1) on conditions username = okru001 AND company_id = 8
09:21:11   UPDATING data to tables `time2vie_cirruscommon`.`secondary_login` fields ( error ) values (1) on conditions username = okru001 AND company_id = 8
09:29:37   UPDATING data to tables `time2vie_cirruscommon`.`login` fields ( login, last_time ) values (0, 2020-11-01 09:29:37) on conditions username = 
09:29:37   UPDATING data to tables `log_login` fields ( logout_time ) values (2020-11-01:08:29:37) on conditions id =  AND username = 
09:32:24   UPDATING data to tables `time2vie_cirruscommon`.`login` fields ( login, last_time ) values (0, 2020-11-01 09:32:24) on conditions username = 
09:32:24   UPDATING data to tables `log_login` fields ( logout_time ) values (2020-11-01:08:32:24) on conditions id =  AND username = 
09:34:28   UPDATING data to tables `time2vie_cirruscommon`.`login` fields ( login, last_time ) values (0, 2020-11-01 09:34:28) on conditions username = 
09:34:28   UPDATING data to tables `log_login` fields ( logout_time ) values (2020-11-01:08:34:28) on conditions id =  AND username = 
09:36:48   UPDATING data to tables `time2vie_cirruscommon`.`login` fields ( login, last_time ) values (0, 2020-11-01 09:36:48) on conditions username = 
09:36:48   UPDATING data to tables `log_login` fields ( logout_time ) values (2020-11-01:08:36:48) on conditions id =  AND username = 
09:36:56 nibe005  UPDATING data to tables `time2vie_cirruscommon`.`secondary_login` fields ( error ) values (1) on conditions username = nibe005 AND company_id = 9
09:48:06   UPDATING data to tables `time2vie_cirruscommon`.`login` fields ( login, last_time ) values (0, 2020-11-01 09:48:06) on conditions username = 
09:48:06   UPDATING data to tables `log_login` fields ( logout_time ) values (2020-11-01:08:48:06) on conditions id =  AND username = 
09:52:22   UPDATING data to tables `time2vie_cirruscommon`.`login` fields ( login, last_time ) values (0, 2020-11-01 09:52:22) on conditions username = 
09:52:22   UPDATING data to tables `log_login` fields ( logout_time ) values (2020-11-01:08:52:22) on conditions id =  AND username = 
09:52:53 anro002  UPDATING data to tables `time2vie_cirruscommon`.`secondary_login` fields ( error ) values (1) on conditions username = anro002 AND company_id = 9
09:53:22   UPDATING data to tables `time2vie_cirruscommon`.`login` fields ( login, last_time ) values (0, 2020-11-01 09:53:22) on conditions username = 
09:53:22   UPDATING data to tables `log_login` fields ( logout_time ) values (2020-11-01:08:53:22) on conditions id =  AND username = 
09:53:26 pioh001  UPDATING data to tables `time2vie_cirruscommon`.`secondary_login` fields ( error ) values (5) on conditions username = pioh001 AND company_id = 9
09:53:45 pioh001  UPDATING data to tables `time2vie_cirruscommon`.`secondary_login` fields ( error ) values (6) on conditions username = pioh001 AND company_id = 9
09:53:50   UPDATING data to tables `log_login` fields ( logout_time ) values (2020-11-01:08:53:50) on conditions id = 269623 AND username = file001
09:54:14 anro002  UPDATING data to tables `time2vie_cirruscommon`.`secondary_login` fields ( error ) values (2) on conditions username = anro002 AND company_id = 9
09:54:18 pioh001  UPDATING data to tables `time2vie_cirruscommon`.`secondary_login` fields ( error ) values (7) on conditions username = pioh001 AND company_id = 9
09:54:32   UPDATING data to tables `time2vie_cirruscommon`.`login` fields ( login, last_time ) values (0, 2020-11-01 09:54:32) on conditions username = 
09:54:32   UPDATING data to tables `log_login` fields ( logout_time ) values (2020-11-01:08:54:32) on conditions id =  AND username = 
09:56:16   UPDATING data to tables `time2vie_cirruscommon`.`secondary_login` fields ( error ) values (1) on conditions username = anha011 AND company_id = 9
09:56:58   UPDATING data to tables `time2vie_cirruscommon`.`login` fields ( login, last_time ) values (0, 2020-11-01 09:56:58) on conditions username = 
09:56:58   UPDATING data to tables `log_login` fields ( logout_time ) values (2020-11-01:08:56:58) on conditions id =  AND username = 
09:58:06 mola004  INSERTING data into tables `time2vie_cirruscommon`.`sms_otp` fields ( user_id, company_id, mobile, otp, purpose, date ) values ( mola004, 9, 709400988, 100192, PASSWORD_RECOVERY, 2020-11-01 09:58:06 ) => {inserted_id = 1421}
09:58:06 mola004  INSERTING data into tables `time2vie_cirrus9`.`log_sms` fields ( from_user, to_user, to_no, message, status ) values ( unknown, mola004, 709400988, %0ADitt engångslösenord är 100192.%0AAnvändarnamn : mola004%0AFöretag : Libra assistans AB%0ATänk på att lösenordet är en personlig värdehandling. Hälsningar Time2view CIRRUS, 1 ) => {inserted_id = 11056}
09:58:55   UPDATING data to tables `time2vie_cirruscommon`.`login` fields ( login, last_time ) values (0, 2020-11-01 09:58:55) on conditions username = 
09:58:55   UPDATING data to tables `log_login` fields ( logout_time ) values (2020-11-01:08:58:55) on conditions id =  AND username = 
10:04:45   UPDATING data to tables `time2vie_cirruscommon`.`login` fields ( login, last_time ) values (0, 2020-11-01 10:04:45) on conditions username = 
10:04:45   UPDATING data to tables `log_login` fields ( logout_time ) values (2020-11-01:09:04:45) on conditions id =  AND username = 
10:05:02   UPDATING data to tables `time2vie_cirruscommon`.`login` fields ( login, last_time ) values (0, 2020-11-01 10:05:02) on conditions username = 
10:05:02   UPDATING data to tables `log_login` fields ( logout_time ) values (2020-11-01:09:05:02) on conditions id =  AND username = 
10:08:11 tope002  UPDATING data to tables `time2vie_cirruscommon`.`secondary_login` fields ( error ) values (1) on conditions username = tope002 AND company_id = 9
10:08:35   UPDATING data to tables `time2vie_cirruscommon`.`login` fields ( login, last_time ) values (0, 2020-11-01 10:08:35) on conditions username = 
10:08:35   UPDATING data to tables `log_login` fields ( logout_time ) values (2020-11-01:09:08:35) on conditions id =  AND username = 
10:09:52   UPDATING data to tables `time2vie_cirruscommon`.`login` fields ( login, last_time ) values (0, 2020-11-01 10:09:52) on conditions username = 
10:09:52   UPDATING data to tables `log_login` fields ( logout_time ) values (2020-11-01:09:09:52) on conditions id =  AND username = 
10:12:19   UPDATING data to tables `log_login` fields ( logout_time ) values (2020-11-01:09:12:19) on conditions id = 269628 AND username = sotu001
10:15:27   UPDATING data to tables `time2vie_cirruscommon`.`login` fields ( login, last_time ) values (0, 2020-11-01 10:15:27) on conditions username = 
10:15:27   UPDATING data to tables `log_login` fields ( logout_time ) values (2020-11-01:09:15:27) on conditions id =  AND username = 
10:16:25   UPDATING data to tables `time2vie_cirruscommon`.`login` fields ( login, last_time ) values (0, 2020-11-01 10:16:25) on conditions username = 
10:16:25   UPDATING data to tables `log_login` fields ( logout_time ) values (2020-11-01:09:16:25) on conditions id =  AND username = 
10:16:47   UPDATING data to tables `time2vie_cirruscommon`.`login` fields ( login, last_time ) values (0, 2020-11-01 10:16:47) on conditions username = 
10:16:47   UPDATING data to tables `log_login` fields ( logout_time ) values (2020-11-01:09:16:47) on conditions id =  AND username = 
10:17:06   UPDATING data to tables `time2vie_cirruscommon`.`login` fields ( login, last_time ) values (0, 2020-11-01 10:17:06) on conditions username = 
10:17:06   UPDATING data to tables `log_login` fields ( logout_time ) values (2020-11-01:09:17:06) on conditions id =  AND username = 
10:17:34   UPDATING data to tables `time2vie_cirruscommon`.`login` fields ( login, last_time ) values (0, 2020-11-01 10:17:34) on conditions username = 
10:17:34   UPDATING data to tables `log_login` fields ( logout_time ) values (2020-11-01:09:17:34) on conditions id =  AND username = 
10:17:55 peso001  UPDATING data to tables `time2vie_cirruscommon`.`secondary_login` fields ( error ) values (1) on conditions username = peso001 AND company_id = 7
10:18:35   UPDATING data to tables `time2vie_cirruscommon`.`login` fields ( login, last_time ) values (0, 2020-11-01 10:18:35) on conditions username = 
10:18:35   UPDATING data to tables `log_login` fields ( logout_time ) values (2020-11-01:09:18:35) on conditions id =  AND username = 
10:18:38   UPDATING data to tables `time2vie_cirruscommon`.`login` fields ( login, last_time ) values (0, 2020-11-01 10:18:38) on conditions username = 
10:18:38   UPDATING data to tables `log_login` fields ( logout_time ) values (2020-11-01:09:18:38) on conditions id =  AND username = 
10:18:43   UPDATING data to tables `log_login` fields ( logout_time ) values (2020-11-01:09:18:43) on conditions id = 27736 AND username = hesa003
10:19:02   UPDATING data to tables `time2vie_cirruscommon`.`login` fields ( login, last_time ) values (0, 2020-11-01 10:19:02) on conditions username = 
10:19:02   UPDATING data to tables `log_login` fields ( logout_time ) values (2020-11-01:09:19:02) on conditions id =  AND username = 
10:20:19   UPDATING data to tables `time2vie_cirruscommon`.`login` fields ( login, last_time ) values (0, 2020-11-01 10:20:19) on conditions username = 
10:20:19   UPDATING data to tables `log_login` fields ( logout_time ) values (2020-11-01:09:20:19) on conditions id =  AND username = 
10:22:57 shmo001  UPDATING data to tables `time2vie_cirruscommon`.`secondary_login` fields ( error ) values (1) on conditions username = shmo001 AND company_id = 9
10:23:06 shmo001  UPDATING data to tables `time2vie_cirruscommon`.`secondary_login` fields ( error ) values (2) on conditions username = shmo001 AND company_id = 9
10:23:12 shmo001  UPDATING data to tables `time2vie_cirruscommon`.`secondary_login` fields ( error ) values (3) on conditions username = shmo001 AND company_id = 9
10:23:24   UPDATING data to tables `time2vie_cirruscommon`.`login` fields ( login, last_time ) values (0, 2020-11-01 10:23:24) on conditions username = 
10:23:24   UPDATING data to tables `log_login` fields ( logout_time ) values (2020-11-01:09:23:24) on conditions id =  AND username = 
10:24:18   UPDATING data to tables `time2vie_cirruscommon`.`login` fields ( login, last_time ) values (0, 2020-11-01 10:24:18) on conditions username = 
10:24:18   UPDATING data to tables `log_login` fields ( logout_time ) values (2020-11-01:09:24:18) on conditions id =  AND username = 
10:24:28   UPDATING data to tables `time2vie_cirruscommon`.`login` fields ( login, last_time ) values (0, 2020-11-01 10:24:28) on conditions username = 
10:24:28   UPDATING data to tables `log_login` fields ( logout_time ) values (2020-11-01:09:24:28) on conditions id =  AND username = 
10:26:30   UPDATING data to tables `log_login` fields ( logout_time ) values (2020-11-01:09:26:30) on conditions id = 592928 AND username = evda006
10:36:25   UPDATING data to tables `log_login` fields ( logout_time ) values (2020-11-01:09:36:25) on conditions id = 592930 AND username = evda006
10:36:33   UPDATING data to tables `time2vie_cirruscommon`.`login` fields ( login, last_time ) values (0, 2020-11-01 10:36:33) on conditions username = 
10:36:33   UPDATING data to tables `log_login` fields ( logout_time ) values (2020-11-01:09:36:33) on conditions id =  AND username = 
10:37:20   UPDATING data to tables `time2vie_cirruscommon`.`login` fields ( login, last_time ) values (0, 2020-11-01 10:37:20) on conditions username = 
10:37:20   UPDATING data to tables `log_login` fields ( logout_time ) values (2020-11-01:09:37:20) on conditions id =  AND username = 
10:38:24   UPDATING data to tables `log_login` fields ( logout_time ) values (2020-11-01:09:38:24) on conditions id = 592954 AND username = evda006
10:39:44   UPDATING data to tables `time2vie_cirruscommon`.`login` fields ( login, last_time ) values (0, 2020-11-01 10:39:44) on conditions username = 
10:39:44   UPDATING data to tables `log_login` fields ( logout_time ) values (2020-11-01:09:39:44) on conditions id =  AND username = 
10:40:05   UPDATING data to tables `time2vie_cirruscommon`.`login` fields ( login, last_time ) values (0, 2020-11-01 10:40:05) on conditions username = 
10:40:05   UPDATING data to tables `log_login` fields ( logout_time ) values (2020-11-01:09:40:05) on conditions id =  AND username = 
10:40:41 towa001  UPDATING data to tables `time2vie_cirruscommon`.`secondary_login` fields ( error ) values (1) on conditions username = towa001 AND company_id = 20
10:41:00 towa001  UPDATING data to tables `time2vie_cirruscommon`.`secondary_login` fields ( error ) values (2) on conditions username = towa001 AND company_id = 20
10:41:39 towa001  UPDATING data to tables `time2vie_cirruscommon`.`secondary_login` fields ( error ) values (3) on conditions username = towa001 AND company_id = 20
10:44:10   UPDATING data to tables `time2vie_cirruscommon`.`login` fields ( login, last_time ) values (0, 2020-11-01 10:44:10) on conditions username = 
10:44:10   UPDATING data to tables `log_login` fields ( logout_time ) values (2020-11-01:09:44:10) on conditions id =  AND username = 
10:44:31   UPDATING data to tables `log_login` fields ( logout_time ) values (2020-11-01:09:44:31) on conditions id = 15138 AND username = towa001
10:45:46   UPDATING data to tables `log_login` fields ( logout_time ) values (2020-11-01:09:45:46) on conditions id = 592970 AND username = evda006
10:49:13   UPDATING data to tables `time2vie_cirruscommon`.`login` fields ( login, last_time ) values (0, 2020-11-01 10:49:13) on conditions username = 
10:49:13   UPDATING data to tables `log_login` fields ( logout_time ) values (2020-11-01:09:49:13) on conditions id =  AND username = 
10:50:14 ruga001  UPDATING data to tables `time2vie_cirruscommon`.`secondary_login` fields ( error ) values (1) on conditions username = ruga001 AND company_id = 8
10:51:42   UPDATING data to tables `time2vie_cirruscommon`.`login` fields ( login, last_time ) values (0, 2020-11-01 10:51:42) on conditions username = 
10:51:42   UPDATING data to tables `log_login` fields ( logout_time ) values (2020-11-01:09:51:42) on conditions id =  AND username = 
10:52:31   UPDATING data to tables `time2vie_cirruscommon`.`login` fields ( login, last_time ) values (0, 2020-11-01 10:52:31) on conditions username = 
10:52:31   UPDATING data to tables `log_login` fields ( logout_time ) values (2020-11-01:09:52:31) on conditions id =  AND username = 
10:53:04 mola004  UPDATING data to tables `time2vie_cirruscommon`.`secondary_login` fields ( error ) values (13) on conditions username = mola004 AND company_id = 9
10:53:24 mola004  UPDATING data to tables `time2vie_cirruscommon`.`secondary_login` fields ( error ) values (14) on conditions username = mola004 AND company_id = 9
10:57:55   UPDATING data to tables `time2vie_cirruscommon`.`login` fields ( login, last_time ) values (0, 2020-11-01 10:57:55) on conditions username = 
10:57:55   UPDATING data to tables `log_login` fields ( logout_time ) values (2020-11-01:09:57:55) on conditions id =  AND username = 
10:58:27 mola004  UPDATING data to tables `time2vie_cirruscommon`.`secondary_login` fields ( error ) values (15) on conditions username = mola004 AND company_id = 9
10:58:29 mola004  UPDATING data to tables `time2vie_cirruscommon`.`secondary_login` fields ( error ) values (16) on conditions username = mola004 AND company_id = 9
10:59:04   UPDATING data to tables `time2vie_cirruscommon`.`login` fields ( login, last_time ) values (0, 2020-11-01 10:59:04) on conditions username = 
10:59:04   UPDATING data to tables `log_login` fields ( logout_time ) values (2020-11-01:09:59:04) on conditions id =  AND username = 
10:59:14 emse002  UPDATING data to tables `time2vie_cirruscommon`.`secondary_login` fields ( error ) values (1) on conditions username = emse002 AND company_id = 7
11:00:50   UPDATING data to tables `time2vie_cirruscommon`.`login` fields ( login, last_time ) values (0, 2020-11-01 11:00:50) on conditions username = 
11:00:50   UPDATING data to tables `log_login` fields ( logout_time ) values (2020-11-01:10:00:50) on conditions id =  AND username = 
11:02:45   UPDATING data to tables `time2vie_cirruscommon`.`login` fields ( login, last_time ) values (0, 2020-11-01 11:02:45) on conditions username = 
11:02:45   UPDATING data to tables `log_login` fields ( logout_time ) values (2020-11-01:10:02:45) on conditions id =  AND username = 
11:03:27   UPDATING data to tables `time2vie_cirruscommon`.`login` fields ( login, last_time ) values (0, 2020-11-01 11:03:27) on conditions username = 
11:03:27   UPDATING data to tables `log_login` fields ( logout_time ) values (2020-11-01:10:03:27) on conditions id =  AND username = 
11:04:04 mola004  UPDATING data to tables `time2vie_cirruscommon`.`secondary_login` fields ( error ) values (17) on conditions username = mola004 AND company_id = 9
11:05:38   UPDATING data to tables `log_login` fields ( logout_time ) values (2020-11-01:10:05:38) on conditions id = 596477 AND username = evda006
11:08:15   UPDATING data to tables `time2vie_cirruscommon`.`login` fields ( login, last_time ) values (0, 2020-11-01 11:08:15) on conditions username = 
11:08:15   UPDATING data to tables `log_login` fields ( logout_time ) values (2020-11-01:10:08:15) on conditions id =  AND username = 
11:08:23   UPDATING data to tables `time2vie_cirruscommon`.`login` fields ( login, last_time ) values (0, 2020-11-01 11:08:23) on conditions username = 
11:08:23   UPDATING data to tables `log_login` fields ( logout_time ) values (2020-11-01:10:08:23) on conditions id =  AND username = 
11:09:17   UPDATING data to tables `time2vie_cirruscommon`.`login` fields ( login, last_time ) values (0, 2020-11-01 11:09:17) on conditions username = 
11:09:17   UPDATING data to tables `log_login` fields ( logout_time ) values (2020-11-01:10:09:17) on conditions id =  AND username = 
11:10:26   UPDATING data to tables `time2vie_cirruscommon`.`login` fields ( login, last_time ) values (0, 2020-11-01 11:10:26) on conditions username = 
11:10:26   UPDATING data to tables `log_login` fields ( logout_time ) values (2020-11-01:10:10:26) on conditions id =  AND username = 
11:11:13   UPDATING data to tables `time2vie_cirruscommon`.`login` fields ( login, last_time ) values (0, 2020-11-01 11:11:13) on conditions username = 
11:11:13   UPDATING data to tables `log_login` fields ( logout_time ) values (2020-11-01:10:11:13) on conditions id =  AND username = 
11:13:14   UPDATING data to tables `time2vie_cirruscommon`.`login` fields ( login, last_time ) values (0, 2020-11-01 11:13:14) on conditions username = 
11:13:14   UPDATING data to tables `log_login` fields ( logout_time ) values (2020-11-01:10:13:14) on conditions id =  AND username = 
11:16:22   UPDATING data to tables `time2vie_cirruscommon`.`login` fields ( login, last_time ) values (0, 2020-11-01 11:16:22) on conditions username = 
11:16:22   UPDATING data to tables `log_login` fields ( logout_time ) values (2020-11-01:10:16:22) on conditions id =  AND username = 
11:17:45   UPDATING data to tables `time2vie_cirruscommon`.`login` fields ( login, last_time ) values (0, 2020-11-01 11:17:45) on conditions username = 
11:17:45   UPDATING data to tables `log_login` fields ( logout_time ) values (2020-11-01:10:17:45) on conditions id =  AND username = 
11:18:17 mola004  UPDATING data to tables `time2vie_cirruscommon`.`secondary_login` fields ( error ) values (18) on conditions username = mola004 AND company_id = 9
11:24:33   UPDATING data to tables `time2vie_cirruscommon`.`login` fields ( login, last_time ) values (0, 2020-11-01 11:24:33) on conditions username = 
11:24:33   UPDATING data to tables `log_login` fields ( logout_time ) values (2020-11-01:10:24:33) on conditions id =  AND username = 
11:25:46   UPDATING data to tables `time2vie_cirruscommon`.`login` fields ( login, last_time ) values (0, 2020-11-01 11:25:46) on conditions username = 
11:25:46   UPDATING data to tables `log_login` fields ( logout_time ) values (2020-11-01:10:25:46) on conditions id =  AND username = 
11:29:20   UPDATING data to tables `time2vie_cirruscommon`.`login` fields ( login, last_time ) values (0, 2020-11-01 11:29:20) on conditions username = 
11:29:20   UPDATING data to tables `log_login` fields ( logout_time ) values (2020-11-01:10:29:20) on conditions id =  AND username = 
11:32:13   UPDATING data to tables `time2vie_cirruscommon`.`login` fields ( login, last_time ) values (0, 2020-11-01 11:32:13) on conditions username = 
11:32:13   UPDATING data to tables `log_login` fields ( logout_time ) values (2020-11-01:10:32:13) on conditions id =  AND username = 
11:32:59   UPDATING data to tables `time2vie_cirruscommon`.`login` fields ( login, last_time ) values (0, 2020-11-01 11:32:59) on conditions username = 
11:32:59   UPDATING data to tables `log_login` fields ( logout_time ) values (2020-11-01:10:32:59) on conditions id =  AND username = 
11:34:18   UPDATING data to tables `time2vie_cirruscommon`.`login` fields ( login, last_time ) values (0, 2020-11-01 11:34:18) on conditions username = 
11:34:18   UPDATING data to tables `log_login` fields ( logout_time ) values (2020-11-01:10:34:18) on conditions id =  AND username = 
11:35:07   UPDATING data to tables `time2vie_cirruscommon`.`login` fields ( login, last_time ) values (0, 2020-11-01 11:35:07) on conditions username = 
11:35:07   UPDATING data to tables `log_login` fields ( logout_time ) values (2020-11-01:10:35:07) on conditions id =  AND username = 
11:35:38   UPDATING data to tables `time2vie_cirruscommon`.`login` fields ( login, last_time ) values (0, 2020-11-01 11:35:38) on conditions username = 
11:35:38   UPDATING data to tables `log_login` fields ( logout_time ) values (2020-11-01:10:35:38) on conditions id =  AND username = 
11:38:18   UPDATING data to tables `time2vie_cirruscommon`.`login` fields ( login, last_time ) values (0, 2020-11-01 11:38:18) on conditions username = 
11:38:18   UPDATING data to tables `log_login` fields ( logout_time ) values (2020-11-01:10:38:18) on conditions id =  AND username = 
11:41:49   UPDATING data to tables `time2vie_cirruscommon`.`login` fields ( login, last_time ) values (0, 2020-11-01 11:41:49) on conditions username = 
11:41:49   UPDATING data to tables `log_login` fields ( logout_time ) values (2020-11-01:10:41:49) on conditions id =  AND username = 
11:43:14   UPDATING data to tables `time2vie_cirruscommon`.`login` fields ( login, last_time ) values (0, 2020-11-01 11:43:14) on conditions username = 
11:43:14   UPDATING data to tables `log_login` fields ( logout_time ) values (2020-11-01:10:43:14) on conditions id =  AND username = 
11:46:02   UPDATING data to tables `log_login` fields ( logout_time ) values (2020-11-01:10:46:02) on conditions id = 54614 AND username = inlj001
11:54:58   UPDATING data to tables `time2vie_cirruscommon`.`login` fields ( login, last_time ) values (0, 2020-11-01 11:54:58) on conditions username = 
11:54:58   UPDATING data to tables `log_login` fields ( logout_time ) values (2020-11-01:10:54:58) on conditions id =  AND username = 
12:00:26   UPDATING data to tables `time2vie_cirruscommon`.`login` fields ( login, last_time ) values (0, 2020-11-01 12:00:26) on conditions username = 
12:00:26   UPDATING data to tables `log_login` fields ( logout_time ) values (2020-11-01:11:00:26) on conditions id =  AND username = 
12:00:31   UPDATING data to tables `time2vie_cirruscommon`.`login` fields ( login, last_time ) values (0, 2020-11-01 12:00:31) on conditions username = 
12:00:31   UPDATING data to tables `log_login` fields ( logout_time ) values (2020-11-01:11:00:31) on conditions id =  AND username = 
12:01:16   UPDATING data to tables `log_login` fields ( logout_time ) values (2020-11-01:11:01:16) on conditions id = 596544 AND username = anfr002
12:16:30   UPDATING data to tables `time2vie_cirruscommon`.`login` fields ( login, last_time ) values (0, 2020-11-01 12:16:30) on conditions username = 
12:16:30   UPDATING data to tables `log_login` fields ( logout_time ) values (2020-11-01:11:16:30) on conditions id =  AND username = 
12:16:36 pher001  UPDATING data to tables `time2vie_cirruscommon`.`secondary_login` fields ( error ) values (1) on conditions username = pher001 AND company_id = 7
12:16:40 pher001  UPDATING data to tables `time2vie_cirruscommon`.`secondary_login` fields ( error ) values (2) on conditions username = pher001 AND company_id = 7
12:20:30   UPDATING data to tables `time2vie_cirruscommon`.`login` fields ( login, last_time ) values (0, 2020-11-01 12:20:30) on conditions username = 
12:20:30   UPDATING data to tables `log_login` fields ( logout_time ) values (2020-11-01:11:20:30) on conditions id =  AND username = 
12:21:47   UPDATING data to tables `time2vie_cirruscommon`.`login` fields ( login, last_time ) values (0, 2020-11-01 12:21:47) on conditions username = 
12:21:47   UPDATING data to tables `log_login` fields ( logout_time ) values (2020-11-01:11:21:47) on conditions id =  AND username = 
12:22:06   UPDATING data to tables `log_login` fields ( logout_time ) values (2020-11-01:11:22:06) on conditions id = 596575 AND username = evda006
12:24:28   UPDATING data to tables `time2vie_cirruscommon`.`login` fields ( login, last_time ) values (0, 2020-11-01 12:24:28) on conditions username = 
12:24:28   UPDATING data to tables `log_login` fields ( logout_time ) values (2020-11-01:11:24:28) on conditions id =  AND username = 
12:26:15   UPDATING data to tables `time2vie_cirruscommon`.`login` fields ( login, last_time ) values (0, 2020-11-01 12:26:15) on conditions username = 
12:26:15   UPDATING data to tables `log_login` fields ( logout_time ) values (2020-11-01:11:26:15) on conditions id =  AND username = 
12:27:21   UPDATING data to tables `time2vie_cirruscommon`.`login` fields ( login, last_time ) values (0, 2020-11-01 12:27:21) on conditions username = 
12:27:21   UPDATING data to tables `log_login` fields ( logout_time ) values (2020-11-01:11:27:21) on conditions id =  AND username = 
12:35:57   UPDATING data to tables `time2vie_cirruscommon`.`login` fields ( login, last_time ) values (0, 2020-11-01 12:35:57) on conditions username = 
12:35:57   UPDATING data to tables `log_login` fields ( logout_time ) values (2020-11-01:11:35:57) on conditions id =  AND username = 
12:37:24   UPDATING data to tables `time2vie_cirruscommon`.`login` fields ( login, last_time ) values (0, 2020-11-01 12:37:24) on conditions username = 
12:37:24   UPDATING data to tables `log_login` fields ( logout_time ) values (2020-11-01:11:37:24) on conditions id =  AND username = 
12:37:48   UPDATING data to tables `time2vie_cirruscommon`.`login` fields ( login, last_time ) values (0, 2020-11-01 12:37:48) on conditions username = 
12:37:48   UPDATING data to tables `log_login` fields ( logout_time ) values (2020-11-01:11:37:48) on conditions id =  AND username = 
12:40:24   UPDATING data to tables `time2vie_cirruscommon`.`login` fields ( login, last_time ) values (0, 2020-11-01 12:40:24) on conditions username = 
12:40:24   UPDATING data to tables `log_login` fields ( logout_time ) values (2020-11-01:11:40:24) on conditions id =  AND username = 
12:55:30   UPDATING data to tables `time2vie_cirruscommon`.`login` fields ( login, last_time ) values (0, 2020-11-01 12:55:30) on conditions username = 
12:55:30   UPDATING data to tables `log_login` fields ( logout_time ) values (2020-11-01:11:55:30) on conditions id =  AND username = 
12:55:48   UPDATING data to tables `time2vie_cirruscommon`.`login` fields ( login, last_time ) values (0, 2020-11-01 12:55:48) on conditions username = 
12:55:48   UPDATING data to tables `log_login` fields ( logout_time ) values (2020-11-01:11:55:48) on conditions id =  AND username = 
12:56:04 anbj008  UPDATING data to tables `time2vie_cirruscommon`.`secondary_login` fields ( error ) values (1) on conditions username = anbj008 AND company_id = 5
12:56:14   UPDATING data to tables `log_login` fields ( logout_time ) values (2020-11-01:11:56:14) on conditions id = 15145 AND username = elbe006
13:05:39   UPDATING data to tables `time2vie_cirruscommon`.`login` fields ( login, last_time ) values (0, 2020-11-01 13:05:39) on conditions username = 
13:05:39   UPDATING data to tables `log_login` fields ( logout_time ) values (2020-11-01:12:05:39) on conditions id =  AND username = 
13:08:27   UPDATING data to tables `time2vie_cirruscommon`.`login` fields ( login, last_time ) values (0, 2020-11-01 13:08:27) on conditions username = 
13:08:27   UPDATING data to tables `log_login` fields ( logout_time ) values (2020-11-01:12:08:27) on conditions id =  AND username = 
13:13:29   UPDATING data to tables `time2vie_cirruscommon`.`login` fields ( login, last_time ) values (0, 2020-11-01 13:13:29) on conditions username = 
13:13:29   UPDATING data to tables `log_login` fields ( logout_time ) values (2020-11-01:12:13:29) on conditions id =  AND username = 
13:14:24 jato001  UPDATING data to tables `time2vie_cirruscommon`.`secondary_login` fields ( error ) values (1) on conditions username = jato001 AND company_id = 7
13:16:21   UPDATING data to tables `time2vie_cirruscommon`.`login` fields ( login, last_time ) values (0, 2020-11-01 13:16:21) on conditions username = 
13:16:21   UPDATING data to tables `log_login` fields ( logout_time ) values (2020-11-01:12:16:21) on conditions id =  AND username = 
13:16:40   UPDATING data to tables `time2vie_cirruscommon`.`login` fields ( login, last_time ) values (0, 2020-11-01 13:16:40) on conditions username = 
13:16:40   UPDATING data to tables `log_login` fields ( logout_time ) values (2020-11-01:12:16:40) on conditions id =  AND username = 
13:17:23 aner023  UPDATING data to tables `time2vie_cirruscommon`.`secondary_login` fields ( error ) values (1) on conditions username = aner023 AND company_id = 7
13:17:46 aner023  UPDATING data to tables `time2vie_cirruscommon`.`secondary_login` fields ( error ) values (2) on conditions username = aner023 AND company_id = 7
13:18:02 aner023  UPDATING data to tables `time2vie_cirruscommon`.`secondary_login` fields ( error ) values (3) on conditions username = aner023 AND company_id = 7
13:18:20 aner023  UPDATING data to tables `time2vie_cirruscommon`.`secondary_login` fields ( error ) values (4) on conditions username = aner023 AND company_id = 7
13:19:00   UPDATING data to tables `time2vie_cirruscommon`.`login` fields ( login, last_time ) values (0, 2020-11-01 13:19:00) on conditions username = 
13:19:00   UPDATING data to tables `log_login` fields ( logout_time ) values (2020-11-01:12:19:00) on conditions id =  AND username = 
13:19:42   UPDATING data to tables `log_login` fields ( logout_time ) values (2020-11-01:12:19:42) on conditions id = 596624 AND username = anra003
13:21:23   UPDATING data to tables `time2vie_cirruscommon`.`login` fields ( login, last_time ) values (0, 2020-11-01 13:21:23) on conditions username = 
13:21:23   UPDATING data to tables `log_login` fields ( logout_time ) values (2020-11-01:12:21:23) on conditions id =  AND username = 
13:28:14   UPDATING data to tables `time2vie_cirruscommon`.`login` fields ( login, last_time ) values (0, 2020-11-01 13:28:14) on conditions username = 
13:28:14   UPDATING data to tables `log_login` fields ( logout_time ) values (2020-11-01:12:28:14) on conditions id =  AND username = 
13:28:22   UPDATING data to tables `time2vie_cirruscommon`.`login` fields ( login, last_time ) values (0, 2020-11-01 13:28:22) on conditions username = 
13:28:22   UPDATING data to tables `log_login` fields ( logout_time ) values (2020-11-01:12:28:22) on conditions id =  AND username = 
13:28:39 naan003  UPDATING data to tables `time2vie_cirruscommon`.`secondary_login` fields ( error ) values (1) on conditions username = naan003 AND company_id = 9
13:28:45 naan003  UPDATING data to tables `time2vie_cirruscommon`.`secondary_login` fields ( error ) values (2) on conditions username = naan003 AND company_id = 9
13:28:47 naan003  UPDATING data to tables `time2vie_cirruscommon`.`secondary_login` fields ( error ) values (3) on conditions username = naan003 AND company_id = 9
13:33:22   UPDATING data to tables `time2vie_cirruscommon`.`secondary_login` fields ( error ) values (1) on conditions username = erer003 AND company_id = 12
13:34:08   UPDATING data to tables `log_login` fields ( logout_time ) values (2020-11-01:12:34:08) on conditions id = 24130 AND username = lipe005
13:43:13   UPDATING data to tables `time2vie_cirruscommon`.`login` fields ( login, last_time ) values (0, 2020-11-01 13:43:13) on conditions username = 
13:43:13   UPDATING data to tables `log_login` fields ( logout_time ) values (2020-11-01:12:43:13) on conditions id =  AND username = 
13:45:06   UPDATING data to tables `time2vie_cirruscommon`.`login` fields ( login, last_time ) values (0, 2020-11-01 13:45:06) on conditions username = 
13:45:06   UPDATING data to tables `log_login` fields ( logout_time ) values (2020-11-01:12:45:06) on conditions id =  AND username = 
13:47:11   UPDATING data to tables `time2vie_cirruscommon`.`login` fields ( login, last_time ) values (0, 2020-11-01 13:47:11) on conditions username = 
13:47:11   UPDATING data to tables `log_login` fields ( logout_time ) values (2020-11-01:12:47:11) on conditions id =  AND username = 
13:50:58   UPDATING data to tables `time2vie_cirruscommon`.`login` fields ( login, last_time ) values (0, 2020-11-01 13:50:58) on conditions username = 
13:50:58   UPDATING data to tables `log_login` fields ( logout_time ) values (2020-11-01:12:50:58) on conditions id =  AND username = 
13:53:16   UPDATING data to tables `time2vie_cirruscommon`.`login` fields ( login, last_time ) values (0, 2020-11-01 13:53:16) on conditions username = 
13:53:16   UPDATING data to tables `log_login` fields ( logout_time ) values (2020-11-01:12:53:16) on conditions id =  AND username = 
13:54:22   UPDATING data to tables `time2vie_cirruscommon`.`login` fields ( login, last_time ) values (0, 2020-11-01 13:54:22) on conditions username = 
13:54:22   UPDATING data to tables `log_login` fields ( logout_time ) values (2020-11-01:12:54:22) on conditions id =  AND username = 
13:54:34   UPDATING data to tables `time2vie_cirruscommon`.`login` fields ( login, last_time ) values (0, 2020-11-01 13:54:34) on conditions username = 
13:54:34   UPDATING data to tables `log_login` fields ( logout_time ) values (2020-11-01:12:54:34) on conditions id =  AND username = 
13:55:00   UPDATING data to tables `log_login` fields ( logout_time ) values (2020-11-01:12:55:00) on conditions id = 596625 AND username = anra003
13:55:11   UPDATING data to tables `log_login` fields ( logout_time ) values (2020-11-01:12:55:11) on conditions id = 596683 AND username = anra003
13:55:54   UPDATING data to tables `time2vie_cirruscommon`.`login` fields ( login, last_time ) values (0, 2020-11-01 13:55:54) on conditions username = 
13:55:54   UPDATING data to tables `log_login` fields ( logout_time ) values (2020-11-01:12:55:54) on conditions id =  AND username = 
13:59:37   UPDATING data to tables `time2vie_cirruscommon`.`login` fields ( login, last_time ) values (0, 2020-11-01 13:59:37) on conditions username = 
13:59:37   UPDATING data to tables `log_login` fields ( logout_time ) values (2020-11-01:12:59:37) on conditions id =  AND username = 
14:01:29   UPDATING data to tables `time2vie_cirruscommon`.`login` fields ( login, last_time ) values (0, 2020-11-01 14:01:29) on conditions username = 
14:01:29   UPDATING data to tables `log_login` fields ( logout_time ) values (2020-11-01:13:01:29) on conditions id =  AND username = 
14:02:25   UPDATING data to tables `time2vie_cirruscommon`.`login` fields ( login, last_time ) values (0, 2020-11-01 14:02:25) on conditions username = 
14:02:25   UPDATING data to tables `log_login` fields ( logout_time ) values (2020-11-01:13:02:25) on conditions id =  AND username = 
14:28:09   UPDATING data to tables `time2vie_cirruscommon`.`login` fields ( login, last_time ) values (0, 2020-11-01 14:28:09) on conditions username = 
14:28:09   UPDATING data to tables `log_login` fields ( logout_time ) values (2020-11-01:13:28:09) on conditions id =  AND username = 
14:31:21   UPDATING data to tables `time2vie_cirruscommon`.`login` fields ( login, last_time ) values (0, 2020-11-01 14:31:21) on conditions username = 
14:31:21   UPDATING data to tables `log_login` fields ( logout_time ) values (2020-11-01:13:31:21) on conditions id =  AND username = 
14:33:55   UPDATING data to tables `time2vie_cirruscommon`.`login` fields ( login, last_time ) values (0, 2020-11-01 14:33:55) on conditions username = 
14:33:55   UPDATING data to tables `log_login` fields ( logout_time ) values (2020-11-01:13:33:55) on conditions id =  AND username = 
14:40:04   UPDATING data to tables `time2vie_cirruscommon`.`login` fields ( login, last_time ) values (0, 2020-11-01 14:40:04) on conditions username = 
14:40:04   UPDATING data to tables `log_login` fields ( logout_time ) values (2020-11-01:13:40:04) on conditions id =  AND username = 
14:40:58   UPDATING data to tables `time2vie_cirruscommon`.`login` fields ( login, last_time ) values (0, 2020-11-01 14:40:58) on conditions username = 
14:40:58   UPDATING data to tables `log_login` fields ( logout_time ) values (2020-11-01:13:40:58) on conditions id =  AND username = 
14:57:09   UPDATING data to tables `log_login` fields ( logout_time ) values (2020-11-01:13:57:09) on conditions id = 596742 AND username = evda006
14:59:07   UPDATING data to tables `log_login` fields ( logout_time ) values (2020-11-01:13:59:07) on conditions id = 21140 AND username = yuat001
14:59:37   UPDATING data to tables `log_login` fields ( logout_time ) values (2020-11-01:13:59:37) on conditions id = 596743 AND username = evda006
15:00:20   UPDATING data to tables `log_login` fields ( logout_time ) values (2020-11-01:14:00:20) on conditions id = 596744 AND username = evda006
15:18:11   UPDATING data to tables `time2vie_cirruscommon`.`login` fields ( login, last_time ) values (0, 2020-11-01 15:18:11) on conditions username = 
15:18:11   UPDATING data to tables `log_login` fields ( logout_time ) values (2020-11-01:14:18:11) on conditions id =  AND username = 
15:19:49   UPDATING data to tables `log_login` fields ( logout_time ) values (2020-11-01:14:19:49) on conditions id = 596752 AND username = olka001
15:28:00   UPDATING data to tables `time2vie_cirruscommon`.`login` fields ( login, last_time ) values (0, 2020-11-01 15:28:00) on conditions username = 
15:28:00   UPDATING data to tables `log_login` fields ( logout_time ) values (2020-11-01:14:28:00) on conditions id =  AND username = 
15:30:29   UPDATING data to tables `time2vie_cirruscommon`.`login` fields ( login, last_time ) values (0, 2020-11-01 15:30:29) on conditions username = 
15:30:29   UPDATING data to tables `log_login` fields ( logout_time ) values (2020-11-01:14:30:29) on conditions id =  AND username = 
15:30:34   UPDATING data to tables `log_login` fields ( logout_time ) values (2020-11-01:14:30:34) on conditions id = 216455 AND username = chkj001
15:35:27   UPDATING data to tables `log_login` fields ( logout_time ) values (2020-11-01:14:35:27) on conditions id = 216473 AND username = mesj003
15:41:46   UPDATING data to tables `log_login` fields ( logout_time ) values (2020-11-01:14:41:46) on conditions id = 216478 AND username = chkj001
15:42:19   UPDATING data to tables `time2vie_cirruscommon`.`login` fields ( login, last_time ) values (0, 2020-11-01 15:42:19) on conditions username = 
15:42:19   UPDATING data to tables `log_login` fields ( logout_time ) values (2020-11-01:14:42:19) on conditions id =  AND username = 
15:43:19   UPDATING data to tables `time2vie_cirruscommon`.`login` fields ( login, last_time ) values (0, 2020-11-01 15:43:19) on conditions username = 
15:43:19   UPDATING data to tables `log_login` fields ( logout_time ) values (2020-11-01:14:43:19) on conditions id =  AND username = 
15:56:39   UPDATING data to tables `time2vie_cirruscommon`.`login` fields ( login, last_time ) values (0, 2020-11-01 15:56:39) on conditions username = 
15:56:39   UPDATING data to tables `log_login` fields ( logout_time ) values (2020-11-01:14:56:39) on conditions id =  AND username = 
16:07:23   UPDATING data to tables `time2vie_cirruscommon`.`login` fields ( login, last_time ) values (0, 2020-11-01 16:07:23) on conditions username = 
16:07:23   UPDATING data to tables `log_login` fields ( logout_time ) values (2020-11-01:15:07:23) on conditions id =  AND username = 
16:09:59   UPDATING data to tables `time2vie_cirruscommon`.`secondary_login` fields ( error ) values (2) on conditions username = wilu001 AND company_id = 9
16:09:59   UPDATING data to tables `time2vie_cirruscommon`.`secondary_login` fields ( error ) values (3) on conditions username = wilu001 AND company_id = 9
16:09:59   UPDATING data to tables `time2vie_cirruscommon`.`secondary_login` fields ( error ) values (4) on conditions username = wilu001 AND company_id = 9
16:09:59   UPDATING data to tables `time2vie_cirruscommon`.`secondary_login` fields ( error ) values (5) on conditions username = wilu001 AND company_id = 9
16:10:00   UPDATING data to tables `time2vie_cirruscommon`.`secondary_login` fields ( error ) values (6) on conditions username = wilu001 AND company_id = 9
16:10:00   UPDATING data to tables `time2vie_cirruscommon`.`secondary_login` fields ( error ) values (7) on conditions username = wilu001 AND company_id = 9
16:10:01   UPDATING data to tables `time2vie_cirruscommon`.`secondary_login` fields ( error ) values (8) on conditions username = wilu001 AND company_id = 9
16:10:01   UPDATING data to tables `time2vie_cirruscommon`.`secondary_login` fields ( error ) values (9) on conditions username = wilu001 AND company_id = 9
16:10:01   UPDATING data to tables `time2vie_cirruscommon`.`secondary_login` fields ( error ) values (10) on conditions username = wilu001 AND company_id = 9
16:10:01   UPDATING data to tables `time2vie_cirruscommon`.`secondary_login` fields ( error ) values (11) on conditions username = wilu001 AND company_id = 9
16:10:02   UPDATING data to tables `time2vie_cirruscommon`.`secondary_login` fields ( error ) values (12) on conditions username = wilu001 AND company_id = 9
16:10:02   UPDATING data to tables `time2vie_cirruscommon`.`secondary_login` fields ( error ) values (13) on conditions username = wilu001 AND company_id = 9
16:10:02   UPDATING data to tables `time2vie_cirruscommon`.`secondary_login` fields ( error ) values (14) on conditions username = wilu001 AND company_id = 9
16:10:03   UPDATING data to tables `time2vie_cirruscommon`.`secondary_login` fields ( error ) values (15) on conditions username = wilu001 AND company_id = 9
16:10:03   UPDATING data to tables `time2vie_cirruscommon`.`secondary_login` fields ( error ) values (16) on conditions username = wilu001 AND company_id = 9
16:10:04   UPDATING data to tables `time2vie_cirruscommon`.`secondary_login` fields ( error ) values (17) on conditions username = wilu001 AND company_id = 9
16:10:04   UPDATING data to tables `time2vie_cirruscommon`.`secondary_login` fields ( error ) values (18) on conditions username = wilu001 AND company_id = 9
16:10:04   UPDATING data to tables `time2vie_cirruscommon`.`secondary_login` fields ( error ) values (19) on conditions username = wilu001 AND company_id = 9
16:10:05   UPDATING data to tables `time2vie_cirruscommon`.`secondary_login` fields ( error ) values (20) on conditions username = wilu001 AND company_id = 9
16:10:05   UPDATING data to tables `time2vie_cirruscommon`.`secondary_login` fields ( error ) values (21) on conditions username = wilu001 AND company_id = 9
16:10:05   UPDATING data to tables `time2vie_cirruscommon`.`secondary_login` fields ( error ) values (22) on conditions username = wilu001 AND company_id = 9
16:10:06   UPDATING data to tables `time2vie_cirruscommon`.`secondary_login` fields ( error ) values (23) on conditions username = wilu001 AND company_id = 9
16:10:06   UPDATING data to tables `time2vie_cirruscommon`.`secondary_login` fields ( error ) values (24) on conditions username = wilu001 AND company_id = 9
16:10:07   UPDATING data to tables `time2vie_cirruscommon`.`secondary_login` fields ( error ) values (25) on conditions username = wilu001 AND company_id = 9
16:10:07   UPDATING data to tables `time2vie_cirruscommon`.`secondary_login` fields ( error ) values (26) on conditions username = wilu001 AND company_id = 9
16:10:08   UPDATING data to tables `time2vie_cirruscommon`.`secondary_login` fields ( error ) values (27) on conditions username = wilu001 AND company_id = 9
16:10:08   UPDATING data to tables `time2vie_cirruscommon`.`secondary_login` fields ( error ) values (28) on conditions username = wilu001 AND company_id = 9
16:10:08   UPDATING data to tables `time2vie_cirruscommon`.`secondary_login` fields ( error ) values (29) on conditions username = wilu001 AND company_id = 9
16:10:09   UPDATING data to tables `time2vie_cirruscommon`.`secondary_login` fields ( error ) values (30) on conditions username = wilu001 AND company_id = 9
16:10:09   UPDATING data to tables `time2vie_cirruscommon`.`secondary_login` fields ( error ) values (31) on conditions username = wilu001 AND company_id = 9
16:10:10   UPDATING data to tables `time2vie_cirruscommon`.`secondary_login` fields ( error ) values (32) on conditions username = wilu001 AND company_id = 9
16:10:11   UPDATING data to tables `time2vie_cirruscommon`.`secondary_login` fields ( error ) values (33) on conditions username = wilu001 AND company_id = 9
16:10:11   UPDATING data to tables `time2vie_cirruscommon`.`secondary_login` fields ( error ) values (34) on conditions username = wilu001 AND company_id = 9
16:10:11   UPDATING data to tables `time2vie_cirruscommon`.`secondary_login` fields ( error ) values (35) on conditions username = wilu001 AND company_id = 9
16:10:12   UPDATING data to tables `time2vie_cirruscommon`.`secondary_login` fields ( error ) values (36) on conditions username = wilu001 AND company_id = 9
16:10:12   UPDATING data to tables `time2vie_cirruscommon`.`secondary_login` fields ( error ) values (37) on conditions username = wilu001 AND company_id = 9
16:10:12   UPDATING data to tables `time2vie_cirruscommon`.`secondary_login` fields ( error ) values (38) on conditions username = wilu001 AND company_id = 9
16:10:13   UPDATING data to tables `time2vie_cirruscommon`.`secondary_login` fields ( error ) values (39) on conditions username = wilu001 AND company_id = 9
16:10:13   UPDATING data to tables `time2vie_cirruscommon`.`secondary_login` fields ( error ) values (40) on conditions username = wilu001 AND company_id = 9
16:10:13   UPDATING data to tables `time2vie_cirruscommon`.`secondary_login` fields ( error ) values (41) on conditions username = wilu001 AND company_id = 9
16:10:13   UPDATING data to tables `time2vie_cirruscommon`.`secondary_login` fields ( error ) values (42) on conditions username = wilu001 AND company_id = 9
16:10:14   UPDATING data to tables `time2vie_cirruscommon`.`secondary_login` fields ( error ) values (43) on conditions username = wilu001 AND company_id = 9
16:10:14   UPDATING data to tables `time2vie_cirruscommon`.`secondary_login` fields ( error ) values (44) on conditions username = wilu001 AND company_id = 9
16:10:14   UPDATING data to tables `time2vie_cirruscommon`.`secondary_login` fields ( error ) values (45) on conditions username = wilu001 AND company_id = 9
16:10:14   UPDATING data to tables `time2vie_cirruscommon`.`secondary_login` fields ( error ) values (46) on conditions username = wilu001 AND company_id = 9
16:10:14   UPDATING data to tables `time2vie_cirruscommon`.`secondary_login` fields ( error ) values (47) on conditions username = wilu001 AND company_id = 9
16:10:15   UPDATING data to tables `time2vie_cirruscommon`.`secondary_login` fields ( error ) values (48) on conditions username = wilu001 AND company_id = 9
16:10:15   UPDATING data to tables `time2vie_cirruscommon`.`secondary_login` fields ( error ) values (49) on conditions username = wilu001 AND company_id = 9
16:10:15   UPDATING data to tables `time2vie_cirruscommon`.`secondary_login` fields ( error ) values (50) on conditions username = wilu001 AND company_id = 9
16:10:16   UPDATING data to tables `time2vie_cirruscommon`.`secondary_login` fields ( error ) values (51) on conditions username = wilu001 AND company_id = 9
16:10:16   UPDATING data to tables `time2vie_cirruscommon`.`secondary_login` fields ( error ) values (52) on conditions username = wilu001 AND company_id = 9
16:10:16   UPDATING data to tables `time2vie_cirruscommon`.`secondary_login` fields ( error ) values (53) on conditions username = wilu001 AND company_id = 9
16:10:16   UPDATING data to tables `time2vie_cirruscommon`.`secondary_login` fields ( error ) values (54) on conditions username = wilu001 AND company_id = 9
16:10:17   UPDATING data to tables `time2vie_cirruscommon`.`secondary_login` fields ( error ) values (55) on conditions username = wilu001 AND company_id = 9
16:10:17   UPDATING data to tables `time2vie_cirruscommon`.`secondary_login` fields ( error ) values (56) on conditions username = wilu001 AND company_id = 9
16:10:17   UPDATING data to tables `time2vie_cirruscommon`.`secondary_login` fields ( error ) values (57) on conditions username = wilu001 AND company_id = 9
16:10:17   UPDATING data to tables `time2vie_cirruscommon`.`secondary_login` fields ( error ) values (58) on conditions username = wilu001 AND company_id = 9
16:10:18   UPDATING data to tables `time2vie_cirruscommon`.`secondary_login` fields ( error ) values (59) on conditions username = wilu001 AND company_id = 9
16:10:18   UPDATING data to tables `time2vie_cirruscommon`.`secondary_login` fields ( error ) values (60) on conditions username = wilu001 AND company_id = 9
16:10:18   UPDATING data to tables `time2vie_cirruscommon`.`secondary_login` fields ( error ) values (61) on conditions username = wilu001 AND company_id = 9
16:10:18   UPDATING data to tables `time2vie_cirruscommon`.`secondary_login` fields ( error ) values (62) on conditions username = wilu001 AND company_id = 9
16:10:19   UPDATING data to tables `time2vie_cirruscommon`.`secondary_login` fields ( error ) values (63) on conditions username = wilu001 AND company_id = 9
16:10:19   UPDATING data to tables `time2vie_cirruscommon`.`secondary_login` fields ( error ) values (64) on conditions username = wilu001 AND company_id = 9
16:10:19   UPDATING data to tables `time2vie_cirruscommon`.`secondary_login` fields ( error ) values (65) on conditions username = wilu001 AND company_id = 9
16:10:19   UPDATING data to tables `time2vie_cirruscommon`.`secondary_login` fields ( error ) values (66) on conditions username = wilu001 AND company_id = 9
16:10:20   UPDATING data to tables `time2vie_cirruscommon`.`secondary_login` fields ( error ) values (67) on conditions username = wilu001 AND company_id = 9
16:10:20   UPDATING data to tables `time2vie_cirruscommon`.`secondary_login` fields ( error ) values (68) on conditions username = wilu001 AND company_id = 9
16:10:20   UPDATING data to tables `time2vie_cirruscommon`.`secondary_login` fields ( error ) values (69) on conditions username = wilu001 AND company_id = 9
16:10:20   UPDATING data to tables `time2vie_cirruscommon`.`secondary_login` fields ( error ) values (70) on conditions username = wilu001 AND company_id = 9
16:10:20   UPDATING data to tables `time2vie_cirruscommon`.`secondary_login` fields ( error ) values (71) on conditions username = wilu001 AND company_id = 9
16:10:21   UPDATING data to tables `time2vie_cirruscommon`.`secondary_login` fields ( error ) values (72) on conditions username = wilu001 AND company_id = 9
16:10:21   UPDATING data to tables `time2vie_cirruscommon`.`secondary_login` fields ( error ) values (73) on conditions username = wilu001 AND company_id = 9
16:10:21   UPDATING data to tables `time2vie_cirruscommon`.`secondary_login` fields ( error ) values (74) on conditions username = wilu001 AND company_id = 9
16:10:21   UPDATING data to tables `time2vie_cirruscommon`.`secondary_login` fields ( error ) values (75) on conditions username = wilu001 AND company_id = 9
16:10:22   UPDATING data to tables `time2vie_cirruscommon`.`secondary_login` fields ( error ) values (76) on conditions username = wilu001 AND company_id = 9
16:10:22   UPDATING data to tables `time2vie_cirruscommon`.`secondary_login` fields ( error ) values (77) on conditions username = wilu001 AND company_id = 9
16:10:22   UPDATING data to tables `time2vie_cirruscommon`.`secondary_login` fields ( error ) values (78) on conditions username = wilu001 AND company_id = 9
16:10:22   UPDATING data to tables `time2vie_cirruscommon`.`secondary_login` fields ( error ) values (79) on conditions username = wilu001 AND company_id = 9
16:10:23   UPDATING data to tables `time2vie_cirruscommon`.`secondary_login` fields ( error ) values (80) on conditions username = wilu001 AND company_id = 9
16:10:23   UPDATING data to tables `time2vie_cirruscommon`.`secondary_login` fields ( error ) values (81) on conditions username = wilu001 AND company_id = 9
16:10:23   UPDATING data to tables `time2vie_cirruscommon`.`secondary_login` fields ( error ) values (82) on conditions username = wilu001 AND company_id = 9
16:10:23   UPDATING data to tables `time2vie_cirruscommon`.`secondary_login` fields ( error ) values (83) on conditions username = wilu001 AND company_id = 9
16:10:24   UPDATING data to tables `time2vie_cirruscommon`.`secondary_login` fields ( error ) values (84) on conditions username = wilu001 AND company_id = 9
16:10:24   UPDATING data to tables `time2vie_cirruscommon`.`secondary_login` fields ( error ) values (85) on conditions username = wilu001 AND company_id = 9
16:10:25   UPDATING data to tables `time2vie_cirruscommon`.`secondary_login` fields ( error ) values (86) on conditions username = wilu001 AND company_id = 9
16:10:25   UPDATING data to tables `time2vie_cirruscommon`.`secondary_login` fields ( error ) values (87) on conditions username = wilu001 AND company_id = 9
16:10:25   UPDATING data to tables `time2vie_cirruscommon`.`secondary_login` fields ( error ) values (88) on conditions username = wilu001 AND company_id = 9
16:10:25   UPDATING data to tables `time2vie_cirruscommon`.`secondary_login` fields ( error ) values (89) on conditions username = wilu001 AND company_id = 9
16:10:25   UPDATING data to tables `time2vie_cirruscommon`.`secondary_login` fields ( error ) values (90) on conditions username = wilu001 AND company_id = 9
16:10:26   UPDATING data to tables `time2vie_cirruscommon`.`secondary_login` fields ( error ) values (91) on conditions username = wilu001 AND company_id = 9
16:10:26   UPDATING data to tables `time2vie_cirruscommon`.`secondary_login` fields ( error ) values (92) on conditions username = wilu001 AND company_id = 9
16:12:33   UPDATING data to tables `time2vie_cirruscommon`.`login` fields ( login, last_time ) values (0, 2020-11-01 16:12:33) on conditions username = 
16:12:33   UPDATING data to tables `log_login` fields ( logout_time ) values (2020-11-01:15:12:33) on conditions id =  AND username = 
16:15:28   UPDATING data to tables `log_login` fields ( logout_time ) values (2020-11-01:15:15:28) on conditions id = 596780 AND username = krfa001
16:16:28   UPDATING data to tables `time2vie_cirruscommon`.`login` fields ( login, last_time ) values (0, 2020-11-01 16:16:28) on conditions username = 
16:16:28   UPDATING data to tables `log_login` fields ( logout_time ) values (2020-11-01:15:16:28) on conditions id =  AND username = 
16:16:29   UPDATING data to tables `time2vie_cirruscommon`.`login` fields ( login, last_time ) values (0, 2020-11-01 16:16:29) on conditions username = 
16:16:29   UPDATING data to tables `log_login` fields ( logout_time ) values (2020-11-01:15:16:29) on conditions id =  AND username = 
16:16:37 anel005  UPDATING data to tables `time2vie_cirruscommon`.`secondary_login` fields ( error ) values (1) on conditions username = anel005 AND company_id = 7
16:16:51 anel005  UPDATING data to tables `time2vie_cirruscommon`.`secondary_login` fields ( error ) values (2) on conditions username = anel005 AND company_id = 7
16:27:03   UPDATING data to tables `time2vie_cirruscommon`.`login` fields ( login, last_time ) values (0, 2020-11-01 16:27:03) on conditions username = 
16:27:03   UPDATING data to tables `log_login` fields ( logout_time ) values (2020-11-01:15:27:03) on conditions id =  AND username = 
16:28:08   UPDATING data to tables `time2vie_cirruscommon`.`login` fields ( login, last_time ) values (0, 2020-11-01 16:28:08) on conditions username = 
16:28:08   UPDATING data to tables `log_login` fields ( logout_time ) values (2020-11-01:15:28:08) on conditions id =  AND username = 
16:37:26   UPDATING data to tables `time2vie_cirruscommon`.`login` fields ( login, last_time ) values (0, 2020-11-01 16:37:26) on conditions username = 
16:37:26   UPDATING data to tables `log_login` fields ( logout_time ) values (2020-11-01:15:37:26) on conditions id =  AND username = 
16:47:36   UPDATING data to tables `time2vie_cirruscommon`.`login` fields ( login, last_time ) values (0, 2020-11-01 16:47:36) on conditions username = 
16:47:36   UPDATING data to tables `log_login` fields ( logout_time ) values (2020-11-01:15:47:36) on conditions id =  AND username = 
17:03:36   UPDATING data to tables `time2vie_cirruscommon`.`login` fields ( login, last_time ) values (0, 2020-11-01 17:03:36) on conditions username = 
17:03:36   UPDATING data to tables `log_login` fields ( logout_time ) values (2020-11-01:16:03:36) on conditions id =  AND username = 
17:05:15   UPDATING data to tables `time2vie_cirruscommon`.`login` fields ( login, last_time ) values (0, 2020-11-01 17:05:15) on conditions username = 
17:05:15   UPDATING data to tables `log_login` fields ( logout_time ) values (2020-11-01:16:05:15) on conditions id =  AND username = 
17:07:38   UPDATING data to tables `time2vie_cirruscommon`.`login` fields ( login, last_time ) values (0, 2020-11-01 17:07:38) on conditions username = 
17:07:38   UPDATING data to tables `log_login` fields ( logout_time ) values (2020-11-01:16:07:38) on conditions id =  AND username = 
17:08:29   UPDATING data to tables `time2vie_cirruscommon`.`login` fields ( login, last_time ) values (0, 2020-11-01 17:08:29) on conditions username = 
17:08:29   UPDATING data to tables `log_login` fields ( logout_time ) values (2020-11-01:16:08:29) on conditions id =  AND username = 
17:16:16   UPDATING data to tables `time2vie_cirruscommon`.`login` fields ( login, last_time ) values (0, 2020-11-01 17:16:16) on conditions username = 
17:16:16   UPDATING data to tables `log_login` fields ( logout_time ) values (2020-11-01:16:16:16) on conditions id =  AND username = 
17:16:33 pipe002  UPDATING data to tables `time2vie_cirruscommon`.`secondary_login` fields ( error ) values (1) on conditions username = pipe002 AND company_id = 5
17:20:23   UPDATING data to tables `time2vie_cirruscommon`.`login` fields ( login, last_time ) values (0, 2020-11-01 17:20:23) on conditions username = 
17:20:23   UPDATING data to tables `log_login` fields ( logout_time ) values (2020-11-01:16:20:23) on conditions id =  AND username = 
17:30:43   UPDATING data to tables `time2vie_cirruscommon`.`login` fields ( login, last_time ) values (0, 2020-11-01 17:30:43) on conditions username = 
17:30:43   UPDATING data to tables `log_login` fields ( logout_time ) values (2020-11-01:16:30:43) on conditions id =  AND username = 
17:32:43   UPDATING data to tables `time2vie_cirruscommon`.`login` fields ( login, last_time ) values (0, 2020-11-01 17:32:43) on conditions username = 
17:32:43   UPDATING data to tables `log_login` fields ( logout_time ) values (2020-11-01:16:32:43) on conditions id =  AND username = 
17:32:55 mala008  UPDATING data to tables `time2vie_cirruscommon`.`secondary_login` fields ( error ) values (1) on conditions username = mala008 AND company_id = 9
17:33:04   UPDATING data to tables `time2vie_cirruscommon`.`login` fields ( login, last_time ) values (0, 2020-11-01 17:33:04) on conditions username = 
17:33:04   UPDATING data to tables `log_login` fields ( logout_time ) values (2020-11-01:16:33:04) on conditions id =  AND username = 
17:38:49   UPDATING data to tables `time2vie_cirruscommon`.`login` fields ( login, last_time ) values (0, 2020-11-01 17:38:49) on conditions username = 
17:38:49   UPDATING data to tables `log_login` fields ( logout_time ) values (2020-11-01:16:38:49) on conditions id =  AND username = 
17:39:56   UPDATING data to tables `log_login` fields ( logout_time ) values (2020-11-01:16:39:56) on conditions id = 596828 AND username = tilu001
17:40:07   UPDATING data to tables `time2vie_cirruscommon`.`login` fields ( login, last_time ) values (0, 2020-11-01 17:40:07) on conditions username = 
17:40:07   UPDATING data to tables `log_login` fields ( logout_time ) values (2020-11-01:16:40:07) on conditions id =  AND username = 
17:41:43   UPDATING data to tables `log_login` fields ( logout_time ) values (2020-11-01:16:41:43) on conditions id = 15174 AND username = anja007
17:42:08   UPDATING data to tables `time2vie_cirruscommon`.`login` fields ( login, last_time ) values (0, 2020-11-01 17:42:08) on conditions username = 
17:42:08   UPDATING data to tables `log_login` fields ( logout_time ) values (2020-11-01:16:42:08) on conditions id =  AND username = 
18:03:23 dahg001  UPDATING data to tables `time2vie_cirruscommon`.`secondary_login` fields ( error ) values (1) on conditions username = dahg001 AND company_id = 9
18:06:35   UPDATING data to tables `time2vie_cirruscommon`.`login` fields ( login, last_time ) values (0, 2020-11-01 18:06:35) on conditions username = 
18:06:35   UPDATING data to tables `log_login` fields ( logout_time ) values (2020-11-01:17:06:35) on conditions id =  AND username = 
18:06:50   UPDATING data to tables `time2vie_cirruscommon`.`login` fields ( login, last_time ) values (0, 2020-11-01 18:06:50) on conditions username = 
18:06:50   UPDATING data to tables `log_login` fields ( logout_time ) values (2020-11-01:17:06:50) on conditions id =  AND username = 
18:12:36   UPDATING data to tables `time2vie_cirruscommon`.`login` fields ( login, last_time ) values (0, 2020-11-01 18:12:36) on conditions username = 
18:12:36   UPDATING data to tables `log_login` fields ( logout_time ) values (2020-11-01:17:12:36) on conditions id =  AND username = 
18:13:23   UPDATING data to tables `time2vie_cirruscommon`.`login` fields ( login, last_time ) values (0, 2020-11-01 18:13:23) on conditions username = 
18:13:23   UPDATING data to tables `log_login` fields ( logout_time ) values (2020-11-01:17:13:23) on conditions id =  AND username = 
18:13:28   UPDATING data to tables `time2vie_cirruscommon`.`login` fields ( login, last_time ) values (0, 2020-11-01 18:13:28) on conditions username = 
18:13:28   UPDATING data to tables `log_login` fields ( logout_time ) values (2020-11-01:17:13:28) on conditions id =  AND username = 
18:20:21   UPDATING data to tables `time2vie_cirruscommon`.`login` fields ( login, last_time ) values (0, 2020-11-01 18:20:21) on conditions username = 
18:20:21   UPDATING data to tables `log_login` fields ( logout_time ) values (2020-11-01:17:20:21) on conditions id =  AND username = 
18:24:05   UPDATING data to tables `log_login` fields ( logout_time ) values (2020-11-01:17:24:05) on conditions id = 15176 AND username = anja007
18:28:57   UPDATING data to tables `time2vie_cirruscommon`.`login` fields ( login, last_time ) values (0, 2020-11-01 18:28:57) on conditions username = 
18:28:57   UPDATING data to tables `log_login` fields ( logout_time ) values (2020-11-01:17:28:57) on conditions id =  AND username = 
18:29:54   UPDATING data to tables `time2vie_cirruscommon`.`login` fields ( login, last_time ) values (0, 2020-11-01 18:29:54) on conditions username = 
18:29:54   UPDATING data to tables `log_login` fields ( logout_time ) values (2020-11-01:17:29:54) on conditions id =  AND username = 
18:30:46 lipe009  UPDATING data to tables `time2vie_cirruscommon`.`secondary_login` fields ( error ) values (1) on conditions username = lipe009 AND company_id = 9
18:31:05 lipe009  UPDATING data to tables `time2vie_cirruscommon`.`secondary_login` fields ( error ) values (2) on conditions username = lipe009 AND company_id = 9
18:31:14 lipe009  UPDATING data to tables `time2vie_cirruscommon`.`secondary_login` fields ( error ) values (3) on conditions username = lipe009 AND company_id = 9
18:32:56 lipe009  INSERTING data into tables `time2vie_cirruscommon`.`sms_otp` fields ( user_id, company_id, mobile, otp, purpose, date ) values ( lipe009, 9, 706846184, 310138, PASSWORD_RECOVERY, 2020-11-01 18:32:56 ) => {inserted_id = 1442}
18:32:56 lipe009  INSERTING data into tables `time2vie_cirrus9`.`log_sms` fields ( from_user, to_user, to_no, message, status ) values ( unknown, lipe009, 706846184, %0ADitt engångslösenord är 310138.%0AAnvändarnamn : lipe009%0AFöretag : Libra assistans AB%0ATänk på att lösenordet är en personlig värdehandling. Hälsningar Time2view CIRRUS, 1 ) => {inserted_id = 11071}
18:34:10 lipe009  INSERTING data into tables `time2vie_cirruscommon`.`sms_otp` fields ( user_id, company_id, mobile, otp, purpose, date ) values ( lipe009, 9, 706846184, 387116, PASSWORD_RECOVERY, 2020-11-01 18:34:10 ) => {inserted_id = 1443}
18:34:10 lipe009  INSERTING data into tables `time2vie_cirrus9`.`log_sms` fields ( from_user, to_user, to_no, message, status ) values ( unknown, lipe009, 706846184, %0ADitt engångslösenord är 387116.%0AAnvändarnamn : lipe009%0AFöretag : Libra assistans AB%0ATänk på att lösenordet är en personlig värdehandling. Hälsningar Time2view CIRRUS, 1 ) => {inserted_id = 11072}
18:34:29   UPDATING data to tables `time2vie_cirruscommon`.`login` fields ( login, last_time ) values (0, 2020-11-01 18:34:29) on conditions username = 
18:34:29   UPDATING data to tables `log_login` fields ( logout_time ) values (2020-11-01:17:34:29) on conditions id =  AND username = 
18:34:41   UPDATING data to tables `time2vie_cirruscommon`.`login` fields ( login, last_time ) values (0, 2020-11-01 18:34:41) on conditions username = 
18:34:41   UPDATING data to tables `log_login` fields ( logout_time ) values (2020-11-01:17:34:41) on conditions id =  AND username = 
18:34:49 lipe009  UPDATING data to tables `time2vie_cirruscommon`.`secondary_login` fields ( error ) values (4) on conditions username = lipe009 AND company_id = 9
18:35:18 lipe009  UPDATING data to tables `time2vie_cirruscommon`.`secondary_login` fields ( error ) values (5) on conditions username = lipe009 AND company_id = 9
18:35:38 lipe009  INSERTING data into tables `time2vie_cirruscommon`.`sms_otp` fields ( user_id, company_id, mobile, otp, purpose, date ) values ( lipe009, 9, 706846184, 797532, PASSWORD_RECOVERY, 2020-11-01 18:35:38 ) => {inserted_id = 1444}
18:35:38 lipe009  INSERTING data into tables `time2vie_cirrus9`.`log_sms` fields ( from_user, to_user, to_no, message, status ) values ( unknown, lipe009, 706846184, %0ADitt engångslösenord är 797532.%0AAnvändarnamn : lipe009%0AFöretag : Libra assistans AB%0ATänk på att lösenordet är en personlig värdehandling. Hälsningar Time2view CIRRUS, 1 ) => {inserted_id = 11073}
18:37:03   UPDATING data to tables `time2vie_cirruscommon`.`login` fields ( login, last_time ) values (0, 2020-11-01 18:37:03) on conditions username = 
18:37:03   UPDATING data to tables `log_login` fields ( logout_time ) values (2020-11-01:17:37:03) on conditions id =  AND username = 
18:40:35   UPDATING data to tables `time2vie_cirruscommon`.`login` fields ( login, last_time ) values (0, 2020-11-01 18:40:35) on conditions username = 
18:40:35   UPDATING data to tables `log_login` fields ( logout_time ) values (2020-11-01:17:40:35) on conditions id =  AND username = 
18:40:41   UPDATING data to tables `time2vie_cirruscommon`.`login` fields ( login, last_time ) values (0, 2020-11-01 18:40:41) on conditions username = 
18:40:41   UPDATING data to tables `log_login` fields ( logout_time ) values (2020-11-01:17:40:41) on conditions id =  AND username = 
18:43:25   UPDATING data to tables `time2vie_cirruscommon`.`login` fields ( login, last_time ) values (0, 2020-11-01 18:43:25) on conditions username = 
18:43:25   UPDATING data to tables `log_login` fields ( logout_time ) values (2020-11-01:17:43:25) on conditions id =  AND username = 
18:48:46   UPDATING data to tables `time2vie_cirruscommon`.`login` fields ( login, last_time ) values (0, 2020-11-01 18:48:46) on conditions username = 
18:48:46   UPDATING data to tables `log_login` fields ( logout_time ) values (2020-11-01:17:48:46) on conditions id =  AND username = 
18:51:28   UPDATING data to tables `time2vie_cirruscommon`.`login` fields ( login, last_time ) values (0, 2020-11-01 18:51:28) on conditions username = 
18:51:28   UPDATING data to tables `log_login` fields ( logout_time ) values (2020-11-01:17:51:28) on conditions id =  AND username = 
18:52:51   UPDATING data to tables `time2vie_cirruscommon`.`login` fields ( login, last_time ) values (0, 2020-11-01 18:52:51) on conditions username = 
18:52:51   UPDATING data to tables `log_login` fields ( logout_time ) values (2020-11-01:17:52:51) on conditions id =  AND username = 
18:54:59   UPDATING data to tables `time2vie_cirruscommon`.`login` fields ( login, last_time ) values (0, 2020-11-01 18:54:59) on conditions username = 
18:54:59   UPDATING data to tables `log_login` fields ( logout_time ) values (2020-11-01:17:54:59) on conditions id =  AND username = 
18:55:13 sael002  UPDATING data to tables `time2vie_cirruscommon`.`secondary_login` fields ( error ) values (1) on conditions username = sael002 AND company_id = 13
19:09:43   UPDATING data to tables `time2vie_cirruscommon`.`login` fields ( login, last_time ) values (0, 2020-11-01 19:09:43) on conditions username = 
19:09:43   UPDATING data to tables `log_login` fields ( logout_time ) values (2020-11-01:18:09:43) on conditions id =  AND username = 
19:14:03 yaah001  UPDATING data to tables `time2vie_cirruscommon`.`secondary_login` fields ( error ) values (5) on conditions username = yaah001 AND company_id = 3
19:14:09 yaah001  UPDATING data to tables `time2vie_cirruscommon`.`secondary_login` fields ( error ) values (6) on conditions username = yaah001 AND company_id = 3
19:25:50   UPDATING data to tables `time2vie_cirruscommon`.`login` fields ( login, last_time ) values (0, 2020-11-01 19:25:50) on conditions username = 
19:25:50   UPDATING data to tables `log_login` fields ( logout_time ) values (2020-11-01:18:25:50) on conditions id =  AND username = 
19:25:50   UPDATING data to tables `log_login` fields ( logout_time ) values (2020-11-01:18:25:50) on conditions id = 6105 AND username = miju002
19:43:32   UPDATING data to tables `time2vie_cirruscommon`.`login` fields ( login, last_time ) values (0, 2020-11-01 19:43:32) on conditions username = 
19:43:32   UPDATING data to tables `log_login` fields ( logout_time ) values (2020-11-01:18:43:32) on conditions id =  AND username = 
19:44:01   UPDATING data to tables `time2vie_cirruscommon`.`login` fields ( login, last_time ) values (0, 2020-11-01 19:44:01) on conditions username = 
19:44:01   UPDATING data to tables `log_login` fields ( logout_time ) values (2020-11-01:18:44:01) on conditions id =  AND username = 
19:44:24 caha005  UPDATING data to tables `time2vie_cirruscommon`.`secondary_login` fields ( error ) values (5) on conditions username = caha005 AND company_id = 7
19:45:19   UPDATING data to tables `time2vie_cirruscommon`.`login` fields ( login, last_time ) values (0, 2020-11-01 19:45:19) on conditions username = 
19:45:19   UPDATING data to tables `log_login` fields ( logout_time ) values (2020-11-01:18:45:19) on conditions id =  AND username = 
19:47:24   UPDATING data to tables `time2vie_cirruscommon`.`login` fields ( login, last_time ) values (0, 2020-11-01 19:47:24) on conditions username = 
19:47:24   UPDATING data to tables `log_login` fields ( logout_time ) values (2020-11-01:18:47:24) on conditions id =  AND username = 
19:51:24   UPDATING data to tables `time2vie_cirruscommon`.`login` fields ( login, last_time ) values (0, 2020-11-01 19:51:24) on conditions username = 
19:51:24   UPDATING data to tables `log_login` fields ( logout_time ) values (2020-11-01:18:51:24) on conditions id =  AND username = 
19:55:52   UPDATING data to tables `log_login` fields ( logout_time ) values (2020-11-01:18:55:52) on conditions id = 269770 AND username = sahe006
20:00:29   UPDATING data to tables `time2vie_cirruscommon`.`login` fields ( login, last_time ) values (0, 2020-11-01 20:00:29) on conditions username = 
20:00:29   UPDATING data to tables `log_login` fields ( logout_time ) values (2020-11-01:19:00:29) on conditions id =  AND username = 
20:00:39 youg001  UPDATING data to tables `time2vie_cirruscommon`.`secondary_login` fields ( error ) values (1) on conditions username = youg001 AND company_id = 3
20:04:34   UPDATING data to tables `time2vie_cirruscommon`.`login` fields ( login, last_time ) values (0, 2020-11-01 20:04:34) on conditions username = 
20:04:34   UPDATING data to tables `log_login` fields ( logout_time ) values (2020-11-01:19:04:34) on conditions id =  AND username = 
20:06:14   UPDATING data to tables `log_login` fields ( logout_time ) values (2020-11-01:19:06:14) on conditions id = 41374 AND username = gaca001
20:08:25   UPDATING data to tables `time2vie_cirruscommon`.`login` fields ( login, last_time ) values (0, 2020-11-01 20:08:25) on conditions username = 
20:08:25   UPDATING data to tables `log_login` fields ( logout_time ) values (2020-11-01:19:08:25) on conditions id =  AND username = 
20:08:38 sask001  UPDATING data to tables `time2vie_cirruscommon`.`secondary_login` fields ( error ) values (1) on conditions username = sask001 AND company_id = 9
20:08:39 sask001  UPDATING data to tables `time2vie_cirruscommon`.`secondary_login` fields ( error ) values (2) on conditions username = sask001 AND company_id = 9
20:08:54 sask001  UPDATING data to tables `time2vie_cirruscommon`.`secondary_login` fields ( error ) values (3) on conditions username = sask001 AND company_id = 9
20:09:01   UPDATING data to tables `time2vie_cirruscommon`.`login` fields ( login, last_time ) values (0, 2020-11-01 20:09:01) on conditions username = 
20:09:01   UPDATING data to tables `log_login` fields ( logout_time ) values (2020-11-01:19:09:01) on conditions id =  AND username = 
20:09:15 sask001  UPDATING data to tables `time2vie_cirruscommon`.`secondary_login` fields ( error ) values (4) on conditions username = sask001 AND company_id = 9
20:09:17 sask001  UPDATING data to tables `time2vie_cirruscommon`.`secondary_login` fields ( error ) values (5) on conditions username = sask001 AND company_id = 9
20:09:39 caha005  UPDATING data to tables `time2vie_cirruscommon`.`secondary_login` fields ( error ) values (6) on conditions username = caha005 AND company_id = 7
20:09:50 caha005  UPDATING data to tables `time2vie_cirruscommon`.`secondary_login` fields ( error ) values (7) on conditions username = caha005 AND company_id = 7
20:10:02 caha005  UPDATING data to tables `time2vie_cirruscommon`.`secondary_login` fields ( error ) values (8) on conditions username = caha005 AND company_id = 7
20:10:08 caha005  UPDATING data to tables `time2vie_cirruscommon`.`secondary_login` fields ( error ) values (9) on conditions username = caha005 AND company_id = 7
20:10:10 caha005  UPDATING data to tables `time2vie_cirruscommon`.`secondary_login` fields ( error ) values (10) on conditions username = caha005 AND company_id = 7
20:10:11 sask001  UPDATING data to tables `time2vie_cirruscommon`.`secondary_login` fields ( error ) values (6) on conditions username = sask001 AND company_id = 9
20:10:17 caha005  UPDATING data to tables `time2vie_cirruscommon`.`secondary_login` fields ( error ) values (11) on conditions username = caha005 AND company_id = 7
20:13:49   UPDATING data to tables `log_login` fields ( logout_time ) values (2020-11-01:19:13:49) on conditions id = 596861 AND username = mala008
20:14:27   UPDATING data to tables `time2vie_cirruscommon`.`login` fields ( login, last_time ) values (0, 2020-11-01 20:14:27) on conditions username = 
20:14:27   UPDATING data to tables `log_login` fields ( logout_time ) values (2020-11-01:19:14:27) on conditions id =  AND username = 
20:18:27   UPDATING data to tables `time2vie_cirruscommon`.`login` fields ( login, last_time ) values (0, 2020-11-01 20:18:27) on conditions username = 
20:18:27   UPDATING data to tables `log_login` fields ( logout_time ) values (2020-11-01:19:18:27) on conditions id =  AND username = 
20:42:06   UPDATING data to tables `log_login` fields ( logout_time ) values (2020-11-01:19:42:06) on conditions id = 596871 AND username = mala008
20:51:27   UPDATING data to tables `time2vie_cirruscommon`.`login` fields ( login, last_time ) values (0, 2020-11-01 20:51:27) on conditions username = 
20:51:27   UPDATING data to tables `log_login` fields ( logout_time ) values (2020-11-01:19:51:27) on conditions id =  AND username = 
20:52:43   UPDATING data to tables `time2vie_cirruscommon`.`login` fields ( login, last_time ) values (0, 2020-11-01 20:52:43) on conditions username = 
20:52:43   UPDATING data to tables `log_login` fields ( logout_time ) values (2020-11-01:19:52:43) on conditions id =  AND username = 
21:01:40   UPDATING data to tables `time2vie_cirruscommon`.`secondary_login` fields ( error ) values (1) on conditions username = soru001 AND company_id = 7
21:01:53 soru001  UPDATING data to tables `time2vie_cirruscommon`.`secondary_login` fields ( error ) values (2) on conditions username = soru001 AND company_id = 7
21:18:36   UPDATING data to tables `log_login` fields ( logout_time ) values (2020-11-01:20:18:36) on conditions id = 596904 AND username = evda006
21:19:31   UPDATING data to tables `time2vie_cirruscommon`.`login` fields ( login, last_time ) values (0, 2020-11-01 21:19:31) on conditions username = 
21:19:31   UPDATING data to tables `log_login` fields ( logout_time ) values (2020-11-01:20:19:31) on conditions id =  AND username = 
21:20:24   UPDATING data to tables `time2vie_cirruscommon`.`login` fields ( login, last_time ) values (0, 2020-11-01 21:20:24) on conditions username = 
21:20:24   UPDATING data to tables `log_login` fields ( logout_time ) values (2020-11-01:20:20:24) on conditions id =  AND username = 
21:31:02   UPDATING data to tables `time2vie_cirruscommon`.`login` fields ( login, last_time ) values (0, 2020-11-01 21:31:02) on conditions username = 
21:31:02   UPDATING data to tables `log_login` fields ( logout_time ) values (2020-11-01:20:31:02) on conditions id =  AND username = 
21:31:29 lean002  UPDATING data to tables `time2vie_cirruscommon`.`secondary_login` fields ( error ) values (1) on conditions username = lean002 AND company_id = 5
21:31:39   UPDATING data to tables `time2vie_cirruscommon`.`login` fields ( login, last_time ) values (0, 2020-11-01 21:31:39) on conditions username = 
21:31:39   UPDATING data to tables `log_login` fields ( logout_time ) values (2020-11-01:20:31:39) on conditions id =  AND username = 
21:31:39 lean002  UPDATING data to tables `time2vie_cirruscommon`.`secondary_login` fields ( error ) values (2) on conditions username = lean002 AND company_id = 5
21:33:22   UPDATING data to tables `time2vie_cirruscommon`.`login` fields ( login, last_time ) values (0, 2020-11-01 21:33:22) on conditions username = 
21:33:22   UPDATING data to tables `log_login` fields ( logout_time ) values (2020-11-01:20:33:22) on conditions id =  AND username = 
21:35:06   UPDATING data to tables `time2vie_cirruscommon`.`login` fields ( login, last_time ) values (0, 2020-11-01 21:35:06) on conditions username = 
21:35:06   UPDATING data to tables `log_login` fields ( logout_time ) values (2020-11-01:20:35:06) on conditions id =  AND username = 
21:58:43   UPDATING data to tables `time2vie_cirruscommon`.`login` fields ( login, last_time ) values (0, 2020-11-01 21:58:43) on conditions username = 
21:58:43   UPDATING data to tables `log_login` fields ( logout_time ) values (2020-11-01:20:58:43) on conditions id =  AND username = 
21:58:44   UPDATING data to tables `time2vie_cirruscommon`.`login` fields ( login, last_time ) values (0, 2020-11-01 21:58:44) on conditions username = 
21:58:44   UPDATING data to tables `log_login` fields ( logout_time ) values (2020-11-01:20:58:44) on conditions id =  AND username = 
22:07:02   UPDATING data to tables `time2vie_cirruscommon`.`login` fields ( login, last_time ) values (0, 2020-11-01 22:07:02) on conditions username = 
22:07:02   UPDATING data to tables `log_login` fields ( logout_time ) values (2020-11-01:21:07:02) on conditions id =  AND username = 
22:07:14 mota002  UPDATING data to tables `time2vie_cirruscommon`.`secondary_login` fields ( error ) values (1) on conditions username = mota002 AND company_id = 4
22:20:37   UPDATING data to tables `time2vie_cirruscommon`.`login` fields ( login, last_time ) values (0, 2020-11-01 22:20:37) on conditions username = 
22:20:37   UPDATING data to tables `log_login` fields ( logout_time ) values (2020-11-01:21:20:37) on conditions id =  AND username = 
22:30:20   UPDATING data to tables `time2vie_cirruscommon`.`login` fields ( login, last_time ) values (0, 2020-11-01 22:30:20) on conditions username = 
22:30:20   UPDATING data to tables `log_login` fields ( logout_time ) values (2020-11-01:21:30:20) on conditions id =  AND username = 
22:39:31   UPDATING data to tables `log_login` fields ( logout_time ) values (2020-11-01:21:39:31) on conditions id = 21148 AND username = yuat001
22:39:32   UPDATING data to tables `time2vie_cirruscommon`.`login` fields ( login, last_time ) values (0, 2020-11-01 22:39:32) on conditions username = 
22:39:32   UPDATING data to tables `log_login` fields ( logout_time ) values (2020-11-01:21:39:32) on conditions id =  AND username = 
22:49:03   UPDATING data to tables `time2vie_cirruscommon`.`login` fields ( login, last_time ) values (0, 2020-11-01 22:49:03) on conditions username = 
22:49:03   UPDATING data to tables `log_login` fields ( logout_time ) values (2020-11-01:21:49:03) on conditions id =  AND username = 
23:02:58   UPDATING data to tables `time2vie_cirruscommon`.`login` fields ( login, last_time ) values (0, 2020-11-01 23:02:58) on conditions username = 
23:02:58   UPDATING data to tables `log_login` fields ( logout_time ) values (2020-11-01:22:02:58) on conditions id =  AND username = 
23:17:14   UPDATING data to tables `time2vie_cirruscommon`.`login` fields ( login, last_time ) values (0, 2020-11-01 23:17:14) on conditions username = 
23:17:14   UPDATING data to tables `log_login` fields ( logout_time ) values (2020-11-01:22:17:14) on conditions id =  AND username = 
00:02:14   UPDATING data to tables `time2vie_cirruscommon`.`login` fields ( login, last_time ) values (0, 2020-11-02 00:02:14) on conditions username = 
00:02:14   UPDATING data to tables `log_login` fields ( logout_time ) values (2020-11-01:23:02:14) on conditions id =  AND username = 
00:05:08   UPDATING data to tables `time2vie_cirruscommon`.`login` fields ( login, last_time ) values (0, 2020-11-02 00:05:08) on conditions username = 
00:05:08   UPDATING data to tables `log_login` fields ( logout_time ) values (2020-11-01:23:05:08) on conditions id =  AND username = 
00:06:35   UPDATING data to tables `time2vie_cirruscommon`.`login` fields ( login, last_time ) values (0, 2020-11-02 00:06:35) on conditions username = 
00:06:35   UPDATING data to tables `log_login` fields ( logout_time ) values (2020-11-01:23:06:35) on conditions id =  AND username = 
00:07:04   UPDATING data to tables `time2vie_cirruscommon`.`login` fields ( login, last_time ) values (0, 2020-11-02 00:07:04) on conditions username = 
00:07:04   UPDATING data to tables `log_login` fields ( logout_time ) values (2020-11-01:23:07:04) on conditions id =  AND username = 
00:08:26   UPDATING data to tables `log_login` fields ( logout_time ) values (2020-11-01:23:08:26) on conditions id = 21153 AND username = abal006
00:10:06   UPDATING data to tables `time2vie_cirruscommon`.`login` fields ( login, last_time ) values (0, 2020-11-02 00:10:06) on conditions username = 
00:10:06   UPDATING data to tables `log_login` fields ( logout_time ) values (2020-11-01:23:10:06) on conditions id =  AND username = 
