02:05:44   UPDATING data to tables `time2vie_cirruscommon`.`login` fields ( login, last_time ) values (0, 2020-09-24 02:05:44) on conditions username = 
02:05:44   UPDATING data to tables `log_login` fields ( logout_time ) values (2020-09-24:00:05:44) on conditions id =  AND username = 
02:08:02   UPDATING data to tables `time2vie_cirruscommon`.`login` fields ( login, last_time ) values (0, 2020-09-24 02:08:02) on conditions username = 
02:08:02   UPDATING data to tables `log_login` fields ( logout_time ) values (2020-09-24:00:08:02) on conditions id =  AND username = 
02:18:31   UPDATING data to tables `log_login` fields ( logout_time ) values (2020-09-24:00:18:31) on conditions id = 212712 AND username = anan020
05:16:32   UPDATING data to tables `time2vie_cirruscommon`.`login` fields ( login, last_time ) values (0, 2020-09-24 05:16:32) on conditions username = 
05:16:32   UPDATING data to tables `log_login` fields ( logout_time ) values (2020-09-24:03:16:32) on conditions id =  AND username = 
06:07:14   UPDATING data to tables `time2vie_cirruscommon`.`login` fields ( login, last_time ) values (0, 2020-09-24 06:07:14) on conditions username = 
06:07:14   UPDATING data to tables `log_login` fields ( logout_time ) values (2020-09-24:04:07:14) on conditions id =  AND username = 
06:07:37 mayu003  UPDATING data to tables `time2vie_cirruscommon`.`secondary_login` fields ( error ) values (1) on conditions username = mayu003 AND company_id = 8
06:39:10   UPDATING data to tables `time2vie_cirruscommon`.`secondary_login` fields ( error ) values (1) on conditions username = anha011 AND company_id = 9
06:40:46   UPDATING data to tables `time2vie_cirruscommon`.`login` fields ( login, last_time ) values (0, 2020-09-24 06:40:46) on conditions username = 
06:40:46   UPDATING data to tables `log_login` fields ( logout_time ) values (2020-09-24:04:40:46) on conditions id =  AND username = 
06:57:18   UPDATING data to tables `time2vie_cirruscommon`.`login` fields ( login, last_time ) values (0, 2020-09-24 06:57:18) on conditions username = 
06:57:18   UPDATING data to tables `log_login` fields ( logout_time ) values (2020-09-24:04:57:18) on conditions id =  AND username = 
07:19:08   UPDATING data to tables `time2vie_cirruscommon`.`login` fields ( login, last_time ) values (0, 2020-09-24 07:19:08) on conditions username = 
07:19:08   UPDATING data to tables `log_login` fields ( logout_time ) values (2020-09-24:05:19:08) on conditions id =  AND username = 
07:29:11   UPDATING data to tables `time2vie_cirruscommon`.`login` fields ( login, last_time ) values (0, 2020-09-24 07:29:11) on conditions username = 
07:29:11   UPDATING data to tables `log_login` fields ( logout_time ) values (2020-09-24:05:29:11) on conditions id =  AND username = 
07:29:20   UPDATING data to tables `time2vie_cirruscommon`.`login` fields ( login, last_time ) values (0, 2020-09-24 07:29:20) on conditions username = 
07:29:20   UPDATING data to tables `log_login` fields ( logout_time ) values (2020-09-24:05:29:20) on conditions id =  AND username = 
07:33:52   UPDATING data to tables `time2vie_cirruscommon`.`login` fields ( login, last_time ) values (0, 2020-09-24 07:33:52) on conditions username = 
07:33:52   UPDATING data to tables `log_login` fields ( logout_time ) values (2020-09-24:05:33:52) on conditions id =  AND username = 
07:37:34 caan004  UPDATING data to tables `time2vie_cirruscommon`.`secondary_login` fields ( error ) values (3) on conditions username = caan004 AND company_id = 9
07:57:58   UPDATING data to tables `time2vie_cirruscommon`.`login` fields ( login, last_time ) values (0, 2020-09-24 07:57:58) on conditions username = 
07:57:58   UPDATING data to tables `log_login` fields ( logout_time ) values (2020-09-24:05:57:58) on conditions id =  AND username = 
07:59:59   UPDATING data to tables `log_login` fields ( logout_time ) values (2020-09-24:05:59:59) on conditions id = 186736 AND username = anhe012
08:20:03   UPDATING data to tables `log_login` fields ( logout_time ) values (2020-09-24:06:20:03) on conditions id = 6027 AND username = mafo007
08:29:48   UPDATING data to tables `time2vie_cirruscommon`.`secondary_login` fields ( error ) values (1) on conditions username = thwo001 AND company_id = 7
08:29:59   UPDATING data to tables `time2vie_cirruscommon`.`login` fields ( login, last_time ) values (0, 2020-09-24 08:29:59) on conditions username = 
08:29:59   UPDATING data to tables `log_login` fields ( logout_time ) values (2020-09-24:06:29:59) on conditions id =  AND username = 
08:32:54   UPDATING data to tables `time2vie_cirruscommon`.`login` fields ( login, last_time ) values (0, 2020-09-24 08:32:54) on conditions username = 
08:32:54   UPDATING data to tables `log_login` fields ( logout_time ) values (2020-09-24:06:32:54) on conditions id =  AND username = 
08:37:15   UPDATING data to tables `time2vie_cirruscommon`.`login` fields ( login, last_time ) values (0, 2020-09-24 08:37:15) on conditions username = 
08:37:15   UPDATING data to tables `log_login` fields ( logout_time ) values (2020-09-24:06:37:15) on conditions id =  AND username = 
08:59:37   UPDATING data to tables `time2vie_cirruscommon`.`login` fields ( login, last_time ) values (0, 2020-09-24 08:59:37) on conditions username = 
08:59:37   UPDATING data to tables `log_login` fields ( logout_time ) values (2020-09-24:06:59:37) on conditions id =  AND username = 
09:01:11   UPDATING data to tables `time2vie_cirruscommon`.`login` fields ( login, last_time ) values (0, 2020-09-24 09:01:11) on conditions username = 
09:01:11   UPDATING data to tables `log_login` fields ( logout_time ) values (2020-09-24:07:01:11) on conditions id =  AND username = 
09:04:20   UPDATING data to tables `time2vie_cirruscommon`.`login` fields ( login, last_time ) values (0, 2020-09-24 09:04:20) on conditions username = 
09:04:20   UPDATING data to tables `log_login` fields ( logout_time ) values (2020-09-24:07:04:20) on conditions id =  AND username = 
09:08:41   UPDATING data to tables `time2vie_cirruscommon`.`login` fields ( login, last_time ) values (0, 2020-09-24 09:08:41) on conditions username = 
09:08:41   UPDATING data to tables `log_login` fields ( logout_time ) values (2020-09-24:07:08:41) on conditions id =  AND username = 
09:13:40   UPDATING data to tables `time2vie_cirruscommon`.`secondary_login` fields ( error ) values (1) on conditions username = anha011 AND company_id = 9
09:14:12 anha011  UPDATING data to tables `time2vie_cirruscommon`.`secondary_login` fields ( error ) values (2) on conditions username = anha011 AND company_id = 9
09:23:35   UPDATING data to tables `time2vie_cirruscommon`.`login` fields ( login, last_time ) values (0, 2020-09-24 09:23:35) on conditions username = 
09:23:35   UPDATING data to tables `log_login` fields ( logout_time ) values (2020-09-24:07:23:35) on conditions id =  AND username = 
09:34:53   UPDATING data to tables `time2vie_cirruscommon`.`login` fields ( login, last_time ) values (0, 2020-09-24 09:34:53) on conditions username = 
09:34:53   UPDATING data to tables `log_login` fields ( logout_time ) values (2020-09-24:07:34:53) on conditions id =  AND username = 
09:38:16   UPDATING data to tables `time2vie_cirruscommon`.`login` fields ( login, last_time ) values (0, 2020-09-24 09:38:16) on conditions username = 
09:38:16   UPDATING data to tables `log_login` fields ( logout_time ) values (2020-09-24:07:38:16) on conditions id =  AND username = 
09:41:54   UPDATING data to tables `time2vie_cirruscommon`.`login` fields ( login, last_time ) values (0, 2020-09-24 09:41:54) on conditions username = 
09:41:54   UPDATING data to tables `log_login` fields ( logout_time ) values (2020-09-24:07:41:54) on conditions id =  AND username = 
09:42:27   UPDATING data to tables `time2vie_cirruscommon`.`secondary_login` fields ( error ) values (1) on conditions username = masa011 AND company_id = 9
10:10:24   UPDATING data to tables `log_login` fields ( logout_time ) values (2020-09-24:08:10:24) on conditions id = 186749 AND username = veja001
10:14:27   UPDATING data to tables `time2vie_cirruscommon`.`login` fields ( login, last_time ) values (0, 2020-09-24 10:14:27) on conditions username = 
10:14:27   UPDATING data to tables `log_login` fields ( logout_time ) values (2020-09-24:08:14:27) on conditions id =  AND username = 
10:19:43   UPDATING data to tables `time2vie_cirruscommon`.`login` fields ( login, last_time ) values (0, 2020-09-24 10:19:43) on conditions username = 
10:19:43   UPDATING data to tables `log_login` fields ( logout_time ) values (2020-09-24:08:19:43) on conditions id =  AND username = 
10:36:24   UPDATING data to tables `time2vie_cirruscommon`.`login` fields ( login, last_time ) values (0, 2020-09-24 10:36:24) on conditions username = 
10:36:24   UPDATING data to tables `log_login` fields ( logout_time ) values (2020-09-24:08:36:24) on conditions id =  AND username = 
10:44:50   UPDATING data to tables `time2vie_cirruscommon`.`login` fields ( login, last_time ) values (0, 2020-09-24 10:44:50) on conditions username = 
10:44:50   UPDATING data to tables `log_login` fields ( logout_time ) values (2020-09-24:08:44:50) on conditions id =  AND username = 
10:53:11   UPDATING data to tables `time2vie_cirruscommon`.`login` fields ( login, last_time ) values (0, 2020-09-24 10:53:11) on conditions username = 
10:53:11   UPDATING data to tables `log_login` fields ( logout_time ) values (2020-09-24:08:53:11) on conditions id =  AND username = 
10:57:22   UPDATING data to tables `time2vie_cirruscommon`.`login` fields ( login, last_time ) values (0, 2020-09-24 10:57:22) on conditions username = 
10:57:22   UPDATING data to tables `log_login` fields ( logout_time ) values (2020-09-24:08:57:22) on conditions id =  AND username = 
11:06:05   UPDATING data to tables `time2vie_cirruscommon`.`login` fields ( login, last_time ) values (0, 2020-09-24 11:06:05) on conditions username = 
11:06:05   UPDATING data to tables `log_login` fields ( logout_time ) values (2020-09-24:09:06:05) on conditions id =  AND username = 
11:13:18   UPDATING data to tables `time2vie_cirruscommon`.`login` fields ( login, last_time ) values (0, 2020-09-24 11:13:18) on conditions username = 
11:13:18   UPDATING data to tables `log_login` fields ( logout_time ) values (2020-09-24:09:13:18) on conditions id =  AND username = 
11:20:09   UPDATING data to tables `time2vie_cirruscommon`.`login` fields ( login, last_time ) values (0, 2020-09-24 11:20:09) on conditions username = 
11:20:09   UPDATING data to tables `log_login` fields ( logout_time ) values (2020-09-24:09:20:09) on conditions id =  AND username = 
11:22:59   UPDATING data to tables `time2vie_cirruscommon`.`login` fields ( login, last_time ) values (0, 2020-09-24 11:22:59) on conditions username = 
11:22:59   UPDATING data to tables `log_login` fields ( logout_time ) values (2020-09-24:09:22:59) on conditions id =  AND username = 
11:28:20   UPDATING data to tables `time2vie_cirruscommon`.`login` fields ( login, last_time ) values (0, 2020-09-24 11:28:20) on conditions username = 
11:28:20   UPDATING data to tables `log_login` fields ( logout_time ) values (2020-09-24:09:28:20) on conditions id =  AND username = 
11:29:11   UPDATING data to tables `time2vie_cirruscommon`.`login` fields ( login, last_time ) values (0, 2020-09-24 11:29:11) on conditions username = 
11:29:11   UPDATING data to tables `log_login` fields ( logout_time ) values (2020-09-24:09:29:11) on conditions id =  AND username = 
11:31:09   UPDATING data to tables `time2vie_cirruscommon`.`login` fields ( login, last_time ) values (0, 2020-09-24 11:31:09) on conditions username = 
11:31:09   UPDATING data to tables `log_login` fields ( logout_time ) values (2020-09-24:09:31:09) on conditions id =  AND username = 
11:32:59   UPDATING data to tables `time2vie_cirruscommon`.`login` fields ( login, last_time ) values (0, 2020-09-24 11:32:59) on conditions username = 
11:32:59   UPDATING data to tables `log_login` fields ( logout_time ) values (2020-09-24:09:32:59) on conditions id =  AND username = 
11:40:57   UPDATING data to tables `time2vie_cirruscommon`.`login` fields ( login, last_time ) values (0, 2020-09-24 11:40:57) on conditions username = 
11:40:57   UPDATING data to tables `log_login` fields ( logout_time ) values (2020-09-24:09:40:57) on conditions id =  AND username = 
11:53:31   UPDATING data to tables `time2vie_cirruscommon`.`login` fields ( login, last_time ) values (0, 2020-09-24 11:53:31) on conditions username = 
11:53:31   UPDATING data to tables `log_login` fields ( logout_time ) values (2020-09-24:09:53:31) on conditions id =  AND username = 
11:54:35   UPDATING data to tables `time2vie_cirruscommon`.`login` fields ( login, last_time ) values (0, 2020-09-24 11:54:35) on conditions username = 
11:54:35   UPDATING data to tables `log_login` fields ( logout_time ) values (2020-09-24:09:54:35) on conditions id =  AND username = 
12:26:37   UPDATING data to tables `time2vie_cirruscommon`.`login` fields ( login, last_time ) values (0, 2020-09-24 12:26:37) on conditions username = 
12:26:37   UPDATING data to tables `log_login` fields ( logout_time ) values (2020-09-24:10:26:37) on conditions id =  AND username = 
12:31:45   UPDATING data to tables `time2vie_cirruscommon`.`login` fields ( login, last_time ) values (0, 2020-09-24 12:31:45) on conditions username = 
12:31:45   UPDATING data to tables `log_login` fields ( logout_time ) values (2020-09-24:10:31:45) on conditions id =  AND username = 
12:41:43   UPDATING data to tables `time2vie_cirruscommon`.`login` fields ( login, last_time ) values (0, 2020-09-24 12:41:43) on conditions username = 
12:41:43   UPDATING data to tables `log_login` fields ( logout_time ) values (2020-09-24:10:41:43) on conditions id =  AND username = 
13:04:58   UPDATING data to tables `time2vie_cirruscommon`.`login` fields ( login, last_time ) values (0, 2020-09-24 13:04:58) on conditions username = 
13:04:58   UPDATING data to tables `log_login` fields ( logout_time ) values (2020-09-24:11:04:58) on conditions id =  AND username = 
13:07:20   UPDATING data to tables `time2vie_cirruscommon`.`login` fields ( login, last_time ) values (0, 2020-09-24 13:07:20) on conditions username = 
13:07:20   UPDATING data to tables `log_login` fields ( logout_time ) values (2020-09-24:11:07:20) on conditions id =  AND username = 
13:13:45   UPDATING data to tables `time2vie_cirruscommon`.`login` fields ( login, last_time ) values (0, 2020-09-24 13:13:45) on conditions username = 
13:13:45   UPDATING data to tables `log_login` fields ( logout_time ) values (2020-09-24:11:13:45) on conditions id =  AND username = 
13:14:01   UPDATING data to tables `time2vie_cirruscommon`.`login` fields ( login, last_time ) values (0, 2020-09-24 13:14:01) on conditions username = 
13:14:01   UPDATING data to tables `log_login` fields ( logout_time ) values (2020-09-24:11:14:01) on conditions id =  AND username = 
13:26:24   UPDATING data to tables `time2vie_cirruscommon`.`login` fields ( login, last_time ) values (0, 2020-09-24 13:26:24) on conditions username = 
13:26:24   UPDATING data to tables `log_login` fields ( logout_time ) values (2020-09-24:11:26:24) on conditions id =  AND username = 
13:33:37   UPDATING data to tables `time2vie_cirruscommon`.`login` fields ( login, last_time ) values (0, 2020-09-24 13:33:37) on conditions username = 
13:33:37   UPDATING data to tables `log_login` fields ( logout_time ) values (2020-09-24:11:33:37) on conditions id =  AND username = 
13:33:56   UPDATING data to tables `time2vie_cirruscommon`.`login` fields ( login, last_time ) values (0, 2020-09-24 13:33:56) on conditions username = 
13:33:56   UPDATING data to tables `log_login` fields ( logout_time ) values (2020-09-24:11:33:56) on conditions id =  AND username = 
13:34:35 inma001  UPDATING data to tables `time2vie_cirruscommon`.`secondary_login` fields ( error ) values (1) on conditions username = inma001 AND company_id = 9
13:42:36   UPDATING data to tables `time2vie_cirruscommon`.`login` fields ( login, last_time ) values (0, 2020-09-24 13:42:36) on conditions username = 
13:42:36   UPDATING data to tables `log_login` fields ( logout_time ) values (2020-09-24:11:42:36) on conditions id =  AND username = 
13:42:54   UPDATING data to tables `time2vie_cirruscommon`.`login` fields ( login, last_time ) values (0, 2020-09-24 13:42:54) on conditions username = 
13:42:54   UPDATING data to tables `log_login` fields ( logout_time ) values (2020-09-24:11:42:54) on conditions id =  AND username = 
13:44:29   UPDATING data to tables `time2vie_cirruscommon`.`login` fields ( login, last_time ) values (0, 2020-09-24 13:44:29) on conditions username = 
13:44:29   UPDATING data to tables `log_login` fields ( logout_time ) values (2020-09-24:11:44:29) on conditions id =  AND username = 
13:48:29   UPDATING data to tables `time2vie_cirruscommon`.`login` fields ( login, last_time ) values (0, 2020-09-24 13:48:29) on conditions username = 
13:48:29   UPDATING data to tables `log_login` fields ( logout_time ) values (2020-09-24:11:48:29) on conditions id =  AND username = 
14:01:56   UPDATING data to tables `time2vie_cirruscommon`.`login` fields ( login, last_time ) values (0, 2020-09-24 14:01:56) on conditions username = 
14:01:56   UPDATING data to tables `log_login` fields ( logout_time ) values (2020-09-24:12:01:56) on conditions id =  AND username = 
14:15:27   UPDATING data to tables `log_login` fields ( logout_time ) values (2020-09-24:12:15:27) on conditions id = 53285 AND username = inlj001
14:24:30   UPDATING data to tables `log_login` fields ( logout_time ) values (2020-09-24:12:24:30) on conditions id = 306404 AND username = idak001
14:30:41   UPDATING data to tables `time2vie_cirruscommon`.`login` fields ( login, last_time ) values (0, 2020-09-24 14:30:41) on conditions username = 
14:30:41   UPDATING data to tables `log_login` fields ( logout_time ) values (2020-09-24:12:30:41) on conditions id =  AND username = 
14:41:22   UPDATING data to tables `time2vie_cirruscommon`.`login` fields ( login, last_time ) values (0, 2020-09-24 14:41:22) on conditions username = 
14:41:22   UPDATING data to tables `log_login` fields ( logout_time ) values (2020-09-24:12:41:22) on conditions id =  AND username = 
15:22:12   UPDATING data to tables `time2vie_cirruscommon`.`login` fields ( login, last_time ) values (0, 2020-09-24 15:22:12) on conditions username = 
15:22:12   UPDATING data to tables `log_login` fields ( logout_time ) values (2020-09-24:13:22:12) on conditions id =  AND username = 
15:33:12   UPDATING data to tables `log_login` fields ( logout_time ) values (2020-09-24:13:33:11) on conditions id = 53288 AND username = inlj001
15:35:41   UPDATING data to tables `time2vie_cirruscommon`.`login` fields ( login, last_time ) values (0, 2020-09-24 15:35:41) on conditions username = 
15:35:41   UPDATING data to tables `log_login` fields ( logout_time ) values (2020-09-24:13:35:41) on conditions id =  AND username = 
15:36:01 jost004  UPDATING data to tables `time2vie_cirruscommon`.`secondary_login` fields ( error ) values (1) on conditions username = jost004 AND company_id = 5
15:36:28   UPDATING data to tables `time2vie_cirruscommon`.`login` fields ( login, last_time ) values (0, 2020-09-24 15:36:28) on conditions username = 
15:36:28   UPDATING data to tables `log_login` fields ( logout_time ) values (2020-09-24:13:36:28) on conditions id =  AND username = 
15:37:47   UPDATING data to tables `log_login` fields ( logout_time ) values (2020-09-24:13:37:47) on conditions id = 53289 AND username = inlj001
15:56:02   UPDATING data to tables `time2vie_cirruscommon`.`login` fields ( login, last_time ) values (0, 2020-09-24 15:56:02) on conditions username = 
15:56:02   UPDATING data to tables `log_login` fields ( logout_time ) values (2020-09-24:13:56:02) on conditions id =  AND username = 
16:06:55   UPDATING data to tables `log_login` fields ( logout_time ) values (2020-09-24:14:06:55) on conditions id = 306430 AND username = napo002
16:35:36   UPDATING data to tables `time2vie_cirruscommon`.`login` fields ( login, last_time ) values (0, 2020-09-24 16:35:36) on conditions username = 
16:35:36   UPDATING data to tables `log_login` fields ( logout_time ) values (2020-09-24:14:35:36) on conditions id =  AND username = 
16:38:43   UPDATING data to tables `time2vie_cirruscommon`.`login` fields ( login, last_time ) values (0, 2020-09-24 16:38:43) on conditions username = 
16:38:43   UPDATING data to tables `log_login` fields ( logout_time ) values (2020-09-24:14:38:43) on conditions id =  AND username = 
16:43:29   UPDATING data to tables `time2vie_cirruscommon`.`login` fields ( login, last_time ) values (0, 2020-09-24 16:43:29) on conditions username = 
16:43:29   UPDATING data to tables `log_login` fields ( logout_time ) values (2020-09-24:14:43:29) on conditions id =  AND username = 
16:44:06   UPDATING data to tables `time2vie_cirruscommon`.`login` fields ( login, last_time ) values (0, 2020-09-24 16:44:06) on conditions username = 
16:44:06   UPDATING data to tables `log_login` fields ( logout_time ) values (2020-09-24:14:44:06) on conditions id =  AND username = 
16:52:35   UPDATING data to tables `time2vie_cirruscommon`.`login` fields ( login, last_time ) values (0, 2020-09-24 16:52:35) on conditions username = 
16:52:35   UPDATING data to tables `log_login` fields ( logout_time ) values (2020-09-24:14:52:35) on conditions id =  AND username = 
16:53:36   UPDATING data to tables `log_login` fields ( logout_time ) values (2020-09-24:14:53:36) on conditions id = 40231 AND username = lafi001
17:00:55   UPDATING data to tables `time2vie_cirruscommon`.`login` fields ( login, last_time ) values (0, 2020-09-24 17:00:55) on conditions username = 
17:00:55   UPDATING data to tables `log_login` fields ( logout_time ) values (2020-09-24:15:00:55) on conditions id =  AND username = 
17:04:09   UPDATING data to tables `time2vie_cirruscommon`.`login` fields ( login, last_time ) values (0, 2020-09-24 17:04:09) on conditions username = 
17:04:09   UPDATING data to tables `log_login` fields ( logout_time ) values (2020-09-24:15:04:09) on conditions id =  AND username = 
17:10:01   UPDATING data to tables `time2vie_cirruscommon`.`login` fields ( login, last_time ) values (0, 2020-09-24 17:10:01) on conditions username = 
17:10:01   UPDATING data to tables `log_login` fields ( logout_time ) values (2020-09-24:15:10:01) on conditions id =  AND username = 
17:14:24   UPDATING data to tables `time2vie_cirruscommon`.`login` fields ( login, last_time ) values (0, 2020-09-24 17:14:24) on conditions username = 
17:14:24   UPDATING data to tables `log_login` fields ( logout_time ) values (2020-09-24:15:14:24) on conditions id =  AND username = 
17:28:53   UPDATING data to tables `time2vie_cirruscommon`.`login` fields ( login, last_time ) values (0, 2020-09-24 17:28:53) on conditions username = 
17:28:53   UPDATING data to tables `log_login` fields ( logout_time ) values (2020-09-24:15:28:53) on conditions id =  AND username = 
17:50:31   UPDATING data to tables `time2vie_cirruscommon`.`login` fields ( login, last_time ) values (0, 2020-09-24 17:50:31) on conditions username = 
17:50:31   UPDATING data to tables `log_login` fields ( logout_time ) values (2020-09-24:15:50:31) on conditions id =  AND username = 
17:55:39   UPDATING data to tables `time2vie_cirruscommon`.`login` fields ( login, last_time ) values (0, 2020-09-24 17:55:39) on conditions username = 
17:55:39   UPDATING data to tables `log_login` fields ( logout_time ) values (2020-09-24:15:55:39) on conditions id =  AND username = 
18:11:01   UPDATING data to tables `log_login` fields ( logout_time ) values (2020-09-24:16:11:01) on conditions id = 306456 AND username = rola004
18:12:20   UPDATING data to tables `time2vie_cirruscommon`.`login` fields ( login, last_time ) values (0, 2020-09-24 18:12:20) on conditions username = 
18:12:20   UPDATING data to tables `log_login` fields ( logout_time ) values (2020-09-24:16:12:20) on conditions id =  AND username = 
18:35:04   UPDATING data to tables `time2vie_cirruscommon`.`login` fields ( login, last_time ) values (0, 2020-09-24 18:35:04) on conditions username = 
18:35:04   UPDATING data to tables `log_login` fields ( logout_time ) values (2020-09-24:16:35:04) on conditions id =  AND username = 
18:35:23 mama019  UPDATING data to tables `time2vie_cirruscommon`.`secondary_login` fields ( error ) values (1) on conditions username = mama019 AND company_id = 7
18:36:47   UPDATING data to tables `time2vie_cirruscommon`.`login` fields ( login, last_time ) values (0, 2020-09-24 18:36:47) on conditions username = 
18:36:47   UPDATING data to tables `log_login` fields ( logout_time ) values (2020-09-24:16:36:47) on conditions id =  AND username = 
18:38:53   UPDATING data to tables `time2vie_cirruscommon`.`secondary_login` fields ( error ) values (1) on conditions username = time002 AND company_id = 20
18:45:02   UPDATING data to tables `time2vie_cirruscommon`.`login` fields ( login, last_time ) values (0, 2020-09-24 18:45:02) on conditions username = 
18:45:02   UPDATING data to tables `log_login` fields ( logout_time ) values (2020-09-24:16:45:02) on conditions id =  AND username = 
18:47:31   UPDATING data to tables `time2vie_cirruscommon`.`login` fields ( login, last_time ) values (0, 2020-09-24 18:47:31) on conditions username = 
18:47:31   UPDATING data to tables `log_login` fields ( logout_time ) values (2020-09-24:16:47:31) on conditions id =  AND username = 
19:20:34   UPDATING data to tables `time2vie_cirruscommon`.`login` fields ( login, last_time ) values (0, 2020-09-24 19:20:34) on conditions username = 
19:20:34   UPDATING data to tables `log_login` fields ( logout_time ) values (2020-09-24:17:20:34) on conditions id =  AND username = 
19:21:00 hela003  UPDATING data to tables `time2vie_cirruscommon`.`secondary_login` fields ( error ) values (1) on conditions username = hela003 AND company_id = 9
19:35:21   UPDATING data to tables `time2vie_cirruscommon`.`login` fields ( login, last_time ) values (0, 2020-09-24 19:35:21) on conditions username = 
19:35:21   UPDATING data to tables `log_login` fields ( logout_time ) values (2020-09-24:17:35:21) on conditions id =  AND username = 
19:35:37 pipe002  UPDATING data to tables `time2vie_cirruscommon`.`secondary_login` fields ( error ) values (1) on conditions username = pipe002 AND company_id = 5
19:35:50 pipe002  UPDATING data to tables `time2vie_cirruscommon`.`secondary_login` fields ( error ) values (2) on conditions username = pipe002 AND company_id = 5
19:36:17 pipe002  UPDATING data to tables `time2vie_cirruscommon`.`secondary_login` fields ( error ) values (3) on conditions username = pipe002 AND company_id = 5
20:01:57   UPDATING data to tables `log_login` fields ( logout_time ) values (2020-09-24:18:01:57) on conditions id = 306482 AND username = jeha004
20:23:06   UPDATING data to tables `log_login` fields ( logout_time ) values (2020-09-24:18:23:06) on conditions id = 53297 AND username = inlj001
20:36:55   UPDATING data to tables `time2vie_cirruscommon`.`login` fields ( login, last_time ) values (0, 2020-09-24 20:36:55) on conditions username = 
20:36:55   UPDATING data to tables `log_login` fields ( logout_time ) values (2020-09-24:18:36:55) on conditions id =  AND username = 
20:37:43   UPDATING data to tables `time2vie_cirruscommon`.`login` fields ( login, last_time ) values (0, 2020-09-24 20:37:43) on conditions username = 
20:37:43   UPDATING data to tables `log_login` fields ( logout_time ) values (2020-09-24:18:37:43) on conditions id =  AND username = 
20:41:05   UPDATING data to tables `time2vie_cirruscommon`.`login` fields ( login, last_time ) values (0, 2020-09-24 20:41:05) on conditions username = 
20:41:05   UPDATING data to tables `log_login` fields ( logout_time ) values (2020-09-24:18:41:05) on conditions id =  AND username = 
20:46:47   UPDATING data to tables `time2vie_cirruscommon`.`login` fields ( login, last_time ) values (0, 2020-09-24 20:46:47) on conditions username = 
20:46:47   UPDATING data to tables `log_login` fields ( logout_time ) values (2020-09-24:18:46:47) on conditions id =  AND username = 
20:51:04   UPDATING data to tables `time2vie_cirruscommon`.`login` fields ( login, last_time ) values (0, 2020-09-24 20:51:04) on conditions username = 
20:51:04   UPDATING data to tables `log_login` fields ( logout_time ) values (2020-09-24:18:51:04) on conditions id =  AND username = 
20:51:13 myma001  UPDATING data to tables `time2vie_cirruscommon`.`secondary_login` fields ( error ) values (1) on conditions username = myma001 AND company_id = 9
21:41:17   UPDATING data to tables `time2vie_cirruscommon`.`login` fields ( login, last_time ) values (0, 2020-09-24 21:41:17) on conditions username = 
21:41:17   UPDATING data to tables `log_login` fields ( logout_time ) values (2020-09-24:19:41:17) on conditions id =  AND username = 
22:08:50   UPDATING data to tables `time2vie_cirruscommon`.`login` fields ( login, last_time ) values (0, 2020-09-24 22:08:50) on conditions username = 
22:08:50   UPDATING data to tables `log_login` fields ( logout_time ) values (2020-09-24:20:08:50) on conditions id =  AND username = 
22:11:21   UPDATING data to tables `time2vie_cirruscommon`.`login` fields ( login, last_time ) values (0, 2020-09-24 22:11:21) on conditions username = 
22:11:21   UPDATING data to tables `log_login` fields ( logout_time ) values (2020-09-24:20:11:21) on conditions id =  AND username = 
22:14:38   UPDATING data to tables `time2vie_cirruscommon`.`login` fields ( login, last_time ) values (0, 2020-09-24 22:14:38) on conditions username = 
22:14:38   UPDATING data to tables `log_login` fields ( logout_time ) values (2020-09-24:20:14:38) on conditions id =  AND username = 
22:20:14   UPDATING data to tables `time2vie_cirruscommon`.`login` fields ( login, last_time ) values (0, 2020-09-24 22:20:14) on conditions username = 
22:20:14   UPDATING data to tables `log_login` fields ( logout_time ) values (2020-09-24:20:20:14) on conditions id =  AND username = 
22:24:48   UPDATING data to tables `time2vie_cirruscommon`.`login` fields ( login, last_time ) values (0, 2020-09-24 22:24:48) on conditions username = 
22:24:48   UPDATING data to tables `log_login` fields ( logout_time ) values (2020-09-24:20:24:48) on conditions id =  AND username = 
22:29:39   UPDATING data to tables `time2vie_cirruscommon`.`login` fields ( login, last_time ) values (0, 2020-09-24 22:29:39) on conditions username = 
22:29:39   UPDATING data to tables `log_login` fields ( logout_time ) values (2020-09-24:20:29:39) on conditions id =  AND username = 
22:39:25   UPDATING data to tables `time2vie_cirruscommon`.`login` fields ( login, last_time ) values (0, 2020-09-24 22:39:25) on conditions username = 
22:39:25   UPDATING data to tables `log_login` fields ( logout_time ) values (2020-09-24:20:39:25) on conditions id =  AND username = 
22:41:02   UPDATING data to tables `time2vie_cirruscommon`.`login` fields ( login, last_time ) values (0, 2020-09-24 22:41:02) on conditions username = 
22:41:02   UPDATING data to tables `log_login` fields ( logout_time ) values (2020-09-24:20:41:02) on conditions id =  AND username = 
22:54:52   UPDATING data to tables `time2vie_cirruscommon`.`login` fields ( login, last_time ) values (0, 2020-09-24 22:54:52) on conditions username = 
22:54:52   UPDATING data to tables `log_login` fields ( logout_time ) values (2020-09-24:20:54:52) on conditions id =  AND username = 
22:55:03 maer015  UPDATING data to tables `time2vie_cirruscommon`.`secondary_login` fields ( error ) values (1) on conditions username = maer015 AND company_id = 7
23:06:56   UPDATING data to tables `time2vie_cirruscommon`.`login` fields ( login, last_time ) values (0, 2020-09-24 23:06:56) on conditions username = 
23:06:56   UPDATING data to tables `log_login` fields ( logout_time ) values (2020-09-24:21:06:56) on conditions id =  AND username = 
23:54:48   UPDATING data to tables `time2vie_cirruscommon`.`login` fields ( login, last_time ) values (0, 2020-09-24 23:54:48) on conditions username = 
23:54:48   UPDATING data to tables `log_login` fields ( logout_time ) values (2020-09-24:21:54:48) on conditions id =  AND username = 
23:55:00 toas001  UPDATING data to tables `time2vie_cirruscommon`.`secondary_login` fields ( error ) values (1) on conditions username = toas001 AND company_id = 9
00:06:52   UPDATING data to tables `time2vie_cirruscommon`.`login` fields ( login, last_time ) values (0, 2020-09-25 00:06:52) on conditions username = 
00:06:52   UPDATING data to tables `log_login` fields ( logout_time ) values (2020-09-24:22:06:52) on conditions id =  AND username = 
00:07:22 ansv003  UPDATING data to tables `time2vie_cirruscommon`.`secondary_login` fields ( error ) values (1) on conditions username = ansv003 AND company_id = 7
00:59:29   UPDATING data to tables `time2vie_cirruscommon`.`login` fields ( login, last_time ) values (0, 2020-09-25 00:59:29) on conditions username = 
00:59:29   UPDATING data to tables `log_login` fields ( logout_time ) values (2020-09-24:22:59:29) on conditions id =  AND username = 
01:00:34   UPDATING data to tables `time2vie_cirruscommon`.`login` fields ( login, last_time ) values (0, 2020-09-25 01:00:34) on conditions username = 
01:00:34   UPDATING data to tables `log_login` fields ( logout_time ) values (2020-09-24:23:00:34) on conditions id =  AND username = 
