05:44:32   UPDATING data to tables `time2vie_cirruscommon`.`login` fields ( login, last_time ) values (0, 2020-08-23 05:44:32) on conditions username = 
05:44:32   UPDATING data to tables `log_login` fields ( logout_time ) values (2020-08-23:03:44:32) on conditions id =  AND username = 
06:38:37   UPDATING data to tables `time2vie_cirruscommon`.`login` fields ( login, last_time ) values (0, 2020-08-23 06:38:37) on conditions username = 
06:38:37   UPDATING data to tables `log_login` fields ( logout_time ) values (2020-08-23:04:38:37) on conditions id =  AND username = 
06:58:52   UPDATING data to tables `time2vie_cirruscommon`.`login` fields ( login, last_time ) values (0, 2020-08-23 06:58:52) on conditions username = 
06:58:52   UPDATING data to tables `log_login` fields ( logout_time ) values (2020-08-23:04:58:52) on conditions id =  AND username = 
06:59:02 besj003  UPDATING data to tables `time2vie_cirruscommon`.`secondary_login` fields ( error ) values (1) on conditions username = besj003 AND company_id = 13
07:08:54   UPDATING data to tables `time2vie_cirruscommon`.`login` fields ( login, last_time ) values (0, 2020-08-23 07:08:54) on conditions username = 
07:08:54   UPDATING data to tables `log_login` fields ( logout_time ) values (2020-08-23:05:08:54) on conditions id =  AND username = 
07:50:42   UPDATING data to tables `time2vie_cirruscommon`.`login` fields ( login, last_time ) values (0, 2020-08-23 07:50:42) on conditions username = 
07:50:42   UPDATING data to tables `log_login` fields ( logout_time ) values (2020-08-23:05:50:42) on conditions id =  AND username = 
08:45:57   UPDATING data to tables `time2vie_cirruscommon`.`login` fields ( login, last_time ) values (0, 2020-08-23 08:45:57) on conditions username = 
08:45:57   UPDATING data to tables `log_login` fields ( logout_time ) values (2020-08-23:06:45:57) on conditions id =  AND username = 
08:46:09 kajo002  UPDATING data to tables `time2vie_cirruscommon`.`secondary_login` fields ( error ) values (1) on conditions username = kajo002 AND company_id = 8
08:54:15   UPDATING data to tables `time2vie_cirruscommon`.`login` fields ( login, last_time ) values (0, 2020-08-23 08:54:15) on conditions username = 
08:54:15   UPDATING data to tables `log_login` fields ( logout_time ) values (2020-08-23:06:54:15) on conditions id =  AND username = 
09:07:05   UPDATING data to tables `time2vie_cirruscommon`.`login` fields ( login, last_time ) values (0, 2020-08-23 09:07:05) on conditions username = 
09:07:05   UPDATING data to tables `log_login` fields ( logout_time ) values (2020-08-23:07:07:05) on conditions id =  AND username = 
09:34:34   UPDATING data to tables `time2vie_cirruscommon`.`login` fields ( login, last_time ) values (0, 2020-08-23 09:34:34) on conditions username = 
09:34:34   UPDATING data to tables `log_login` fields ( logout_time ) values (2020-08-23:07:34:34) on conditions id =  AND username = 
09:40:07   UPDATING data to tables `time2vie_cirruscommon`.`login` fields ( login, last_time ) values (0, 2020-08-23 09:40:07) on conditions username = 
09:40:07   UPDATING data to tables `log_login` fields ( logout_time ) values (2020-08-23:07:40:07) on conditions id =  AND username = 
09:41:41   UPDATING data to tables `time2vie_cirruscommon`.`login` fields ( login, last_time ) values (0, 2020-08-23 09:41:41) on conditions username = 
09:41:41   UPDATING data to tables `log_login` fields ( logout_time ) values (2020-08-23:07:41:41) on conditions id =  AND username = 
09:45:11   UPDATING data to tables `time2vie_cirruscommon`.`login` fields ( login, last_time ) values (0, 2020-08-23 09:45:11) on conditions username = 
09:45:11   UPDATING data to tables `log_login` fields ( logout_time ) values (2020-08-23:07:45:11) on conditions id =  AND username = 
09:46:15   UPDATING data to tables `time2vie_cirruscommon`.`login` fields ( login, last_time ) values (0, 2020-08-23 09:46:15) on conditions username = 
09:46:15   UPDATING data to tables `log_login` fields ( logout_time ) values (2020-08-23:07:46:15) on conditions id =  AND username = 
09:47:50   UPDATING data to tables `time2vie_cirruscommon`.`login` fields ( login, last_time ) values (0, 2020-08-23 09:47:50) on conditions username = 
09:47:50   UPDATING data to tables `log_login` fields ( logout_time ) values (2020-08-23:07:47:50) on conditions id =  AND username = 
09:53:07   UPDATING data to tables `time2vie_cirruscommon`.`login` fields ( login, last_time ) values (0, 2020-08-23 09:53:07) on conditions username = 
09:53:07   UPDATING data to tables `log_login` fields ( logout_time ) values (2020-08-23:07:53:07) on conditions id =  AND username = 
09:53:29   UPDATING data to tables `time2vie_cirruscommon`.`login` fields ( login, last_time ) values (0, 2020-08-23 09:53:29) on conditions username = 
09:53:29   UPDATING data to tables `log_login` fields ( logout_time ) values (2020-08-23:07:53:29) on conditions id =  AND username = 
10:01:07   UPDATING data to tables `time2vie_cirruscommon`.`login` fields ( login, last_time ) values (0, 2020-08-23 10:01:07) on conditions username = 
10:01:07   UPDATING data to tables `log_login` fields ( logout_time ) values (2020-08-23:08:01:07) on conditions id =  AND username = 
10:09:42   UPDATING data to tables `time2vie_cirruscommon`.`login` fields ( login, last_time ) values (0, 2020-08-23 10:09:42) on conditions username = 
10:09:42   UPDATING data to tables `log_login` fields ( logout_time ) values (2020-08-23:08:09:42) on conditions id =  AND username = 
10:09:49 kabj002  UPDATING data to tables `time2vie_cirruscommon`.`secondary_login` fields ( error ) values (1) on conditions username = kabj002 AND company_id = 9
10:09:51 kabj002  UPDATING data to tables `time2vie_cirruscommon`.`secondary_login` fields ( error ) values (2) on conditions username = kabj002 AND company_id = 9
10:51:51   UPDATING data to tables `time2vie_cirruscommon`.`login` fields ( login, last_time ) values (0, 2020-08-23 10:51:51) on conditions username = 
10:51:51   UPDATING data to tables `log_login` fields ( logout_time ) values (2020-08-23:08:51:51) on conditions id =  AND username = 
10:58:37   UPDATING data to tables `time2vie_cirruscommon`.`login` fields ( login, last_time ) values (0, 2020-08-23 10:58:37) on conditions username = 
10:58:37   UPDATING data to tables `log_login` fields ( logout_time ) values (2020-08-23:08:58:37) on conditions id =  AND username = 
10:59:45   UPDATING data to tables `time2vie_cirruscommon`.`login` fields ( login, last_time ) values (0, 2020-08-23 10:59:45) on conditions username = 
10:59:45   UPDATING data to tables `log_login` fields ( logout_time ) values (2020-08-23:08:59:45) on conditions id =  AND username = 
11:20:20   UPDATING data to tables `time2vie_cirruscommon`.`login` fields ( login, last_time ) values (0, 2020-08-23 11:20:20) on conditions username = 
11:20:20   UPDATING data to tables `log_login` fields ( logout_time ) values (2020-08-23:09:20:20) on conditions id =  AND username = 
11:21:20   UPDATING data to tables `time2vie_cirruscommon`.`login` fields ( login, last_time ) values (0, 2020-08-23 11:21:20) on conditions username = 
11:21:20   UPDATING data to tables `log_login` fields ( logout_time ) values (2020-08-23:09:21:20) on conditions id =  AND username = 
11:28:58   UPDATING data to tables `time2vie_cirruscommon`.`login` fields ( login, last_time ) values (0, 2020-08-23 11:28:58) on conditions username = 
11:28:58   UPDATING data to tables `log_login` fields ( logout_time ) values (2020-08-23:09:28:58) on conditions id =  AND username = 
11:42:49   UPDATING data to tables `time2vie_cirruscommon`.`login` fields ( login, last_time ) values (0, 2020-08-23 11:42:49) on conditions username = 
11:42:49   UPDATING data to tables `log_login` fields ( logout_time ) values (2020-08-23:09:42:49) on conditions id =  AND username = 
11:56:47   UPDATING data to tables `log_login` fields ( logout_time ) values (2020-08-23:09:56:47) on conditions id = 279845 AND username = nama002
11:59:00   UPDATING data to tables `time2vie_cirruscommon`.`login` fields ( login, last_time ) values (0, 2020-08-23 11:59:00) on conditions username = 
11:59:00   UPDATING data to tables `log_login` fields ( logout_time ) values (2020-08-23:09:59:00) on conditions id =  AND username = 
12:36:17   UPDATING data to tables `time2vie_cirruscommon`.`login` fields ( login, last_time ) values (0, 2020-08-23 12:36:17) on conditions username = 
12:36:17   UPDATING data to tables `log_login` fields ( logout_time ) values (2020-08-23:10:36:17) on conditions id =  AND username = 
12:38:15   UPDATING data to tables `time2vie_cirruscommon`.`login` fields ( login, last_time ) values (0, 2020-08-23 12:38:15) on conditions username = 
12:38:15   UPDATING data to tables `log_login` fields ( logout_time ) values (2020-08-23:10:38:15) on conditions id =  AND username = 
12:39:26   UPDATING data to tables `time2vie_cirruscommon`.`login` fields ( login, last_time ) values (0, 2020-08-23 12:39:26) on conditions username = 
12:39:26   UPDATING data to tables `log_login` fields ( logout_time ) values (2020-08-23:10:39:26) on conditions id =  AND username = 
12:58:08   UPDATING data to tables `time2vie_cirruscommon`.`login` fields ( login, last_time ) values (0, 2020-08-23 12:58:08) on conditions username = 
12:58:08   UPDATING data to tables `log_login` fields ( logout_time ) values (2020-08-23:10:58:08) on conditions id =  AND username = 
13:02:50   UPDATING data to tables `time2vie_cirruscommon`.`login` fields ( login, last_time ) values (0, 2020-08-23 13:02:50) on conditions username = 
13:02:50   UPDATING data to tables `log_login` fields ( logout_time ) values (2020-08-23:11:02:50) on conditions id =  AND username = 
13:21:47   UPDATING data to tables `time2vie_cirruscommon`.`login` fields ( login, last_time ) values (0, 2020-08-23 13:21:47) on conditions username = 
13:21:47   UPDATING data to tables `log_login` fields ( logout_time ) values (2020-08-23:11:21:47) on conditions id =  AND username = 
13:34:31   UPDATING data to tables `time2vie_cirruscommon`.`login` fields ( login, last_time ) values (0, 2020-08-23 13:34:31) on conditions username = 
13:34:31   UPDATING data to tables `log_login` fields ( logout_time ) values (2020-08-23:11:34:31) on conditions id =  AND username = 
13:49:05   UPDATING data to tables `time2vie_cirruscommon`.`login` fields ( login, last_time ) values (0, 2020-08-23 13:49:05) on conditions username = 
13:49:05   UPDATING data to tables `log_login` fields ( logout_time ) values (2020-08-23:11:49:05) on conditions id =  AND username = 
13:52:36   UPDATING data to tables `time2vie_cirruscommon`.`login` fields ( login, last_time ) values (0, 2020-08-23 13:52:36) on conditions username = 
13:52:36   UPDATING data to tables `log_login` fields ( logout_time ) values (2020-08-23:11:52:36) on conditions id =  AND username = 
14:37:57   UPDATING data to tables `time2vie_cirruscommon`.`login` fields ( login, last_time ) values (0, 2020-08-23 14:37:57) on conditions username = 
14:37:57   UPDATING data to tables `log_login` fields ( logout_time ) values (2020-08-23:12:37:57) on conditions id =  AND username = 
14:39:23   UPDATING data to tables `time2vie_cirruscommon`.`secondary_login` fields ( error ) values (1) on conditions username = zaal005 AND company_id = 8
14:59:51   UPDATING data to tables `time2vie_cirruscommon`.`login` fields ( login, last_time ) values (0, 2020-08-23 14:59:51) on conditions username = 
14:59:51   UPDATING data to tables `log_login` fields ( logout_time ) values (2020-08-23:12:59:51) on conditions id =  AND username = 
15:00:14 muad001  UPDATING data to tables `time2vie_cirruscommon`.`secondary_login` fields ( error ) values (1) on conditions username = muad001 AND company_id = 3
15:00:55   UPDATING data to tables `time2vie_cirruscommon`.`login` fields ( login, last_time ) values (0, 2020-08-23 15:00:55) on conditions username = 
15:00:55   UPDATING data to tables `log_login` fields ( logout_time ) values (2020-08-23:13:00:55) on conditions id =  AND username = 
15:01:14 peso001  UPDATING data to tables `time2vie_cirruscommon`.`secondary_login` fields ( error ) values (1) on conditions username = peso001 AND company_id = 7
15:03:23   UPDATING data to tables `time2vie_cirruscommon`.`login` fields ( login, last_time ) values (0, 2020-08-23 15:03:23) on conditions username = 
15:03:23   UPDATING data to tables `log_login` fields ( logout_time ) values (2020-08-23:13:03:23) on conditions id =  AND username = 
15:05:54   UPDATING data to tables `time2vie_cirruscommon`.`login` fields ( login, last_time ) values (0, 2020-08-23 15:05:54) on conditions username = 
15:05:54   UPDATING data to tables `log_login` fields ( logout_time ) values (2020-08-23:13:05:54) on conditions id =  AND username = 
15:06:35   UPDATING data to tables `time2vie_cirruscommon`.`login` fields ( login, last_time ) values (0, 2020-08-23 15:06:35) on conditions username = 
15:06:35   UPDATING data to tables `log_login` fields ( logout_time ) values (2020-08-23:13:06:35) on conditions id =  AND username = 
16:10:48   UPDATING data to tables `time2vie_cirruscommon`.`login` fields ( login, last_time ) values (0, 2020-08-23 16:10:48) on conditions username = 
16:10:48   UPDATING data to tables `log_login` fields ( logout_time ) values (2020-08-23:14:10:48) on conditions id =  AND username = 
16:40:56   UPDATING data to tables `time2vie_cirruscommon`.`login` fields ( login, last_time ) values (0, 2020-08-23 16:40:56) on conditions username = 
16:40:56   UPDATING data to tables `log_login` fields ( logout_time ) values (2020-08-23:14:40:56) on conditions id =  AND username = 
16:41:19   UPDATING data to tables `time2vie_cirruscommon`.`login` fields ( login, last_time ) values (0, 2020-08-23 16:41:19) on conditions username = 
16:41:19   UPDATING data to tables `log_login` fields ( logout_time ) values (2020-08-23:14:41:19) on conditions id =  AND username = 
17:06:33   UPDATING data to tables `time2vie_cirruscommon`.`secondary_login` fields ( error ) values (1) on conditions username = zano001 AND company_id = 5
17:07:57   UPDATING data to tables `time2vie_cirruscommon`.`login` fields ( login, last_time ) values (0, 2020-08-23 17:07:57) on conditions username = 
17:07:57   UPDATING data to tables `log_login` fields ( logout_time ) values (2020-08-23:15:07:57) on conditions id =  AND username = 
17:15:30   UPDATING data to tables `time2vie_cirruscommon`.`login` fields ( login, last_time ) values (0, 2020-08-23 17:15:30) on conditions username = 
17:15:30   UPDATING data to tables `log_login` fields ( logout_time ) values (2020-08-23:15:15:30) on conditions id =  AND username = 
17:45:03   UPDATING data to tables `time2vie_cirruscommon`.`login` fields ( login, last_time ) values (0, 2020-08-23 17:45:03) on conditions username = 
17:45:03   UPDATING data to tables `log_login` fields ( logout_time ) values (2020-08-23:15:45:03) on conditions id =  AND username = 
18:04:54   UPDATING data to tables `time2vie_cirruscommon`.`login` fields ( login, last_time ) values (0, 2020-08-23 18:04:54) on conditions username = 
18:04:54   UPDATING data to tables `log_login` fields ( logout_time ) values (2020-08-23:16:04:54) on conditions id =  AND username = 
18:14:57   UPDATING data to tables `time2vie_cirruscommon`.`login` fields ( login, last_time ) values (0, 2020-08-23 18:14:57) on conditions username = 
18:14:57   UPDATING data to tables `log_login` fields ( logout_time ) values (2020-08-23:16:14:57) on conditions id =  AND username = 
18:35:06   UPDATING data to tables `time2vie_cirruscommon`.`login` fields ( login, last_time ) values (0, 2020-08-23 18:35:06) on conditions username = 
18:35:06   UPDATING data to tables `log_login` fields ( logout_time ) values (2020-08-23:16:35:06) on conditions id =  AND username = 
18:35:13 majo032  UPDATING data to tables `time2vie_cirruscommon`.`secondary_login` fields ( error ) values (1) on conditions username = majo032 AND company_id = 7
18:37:34   UPDATING data to tables `time2vie_cirruscommon`.`login` fields ( login, last_time ) values (0, 2020-08-23 18:37:34) on conditions username = 
18:37:34   UPDATING data to tables `log_login` fields ( logout_time ) values (2020-08-23:16:37:34) on conditions id =  AND username = 
19:04:43   UPDATING data to tables `time2vie_cirruscommon`.`login` fields ( login, last_time ) values (0, 2020-08-23 19:04:43) on conditions username = 
19:04:43   UPDATING data to tables `log_login` fields ( logout_time ) values (2020-08-23:17:04:43) on conditions id =  AND username = 
19:19:08   UPDATING data to tables `time2vie_cirruscommon`.`secondary_login` fields ( error ) values (1) on conditions username = masa011 AND company_id = 9
19:34:10   UPDATING data to tables `time2vie_cirruscommon`.`login` fields ( login, last_time ) values (0, 2020-08-23 19:34:10) on conditions username = 
19:34:10   UPDATING data to tables `log_login` fields ( logout_time ) values (2020-08-23:17:34:10) on conditions id =  AND username = 
19:34:25   UPDATING data to tables `time2vie_cirruscommon`.`login` fields ( login, last_time ) values (0, 2020-08-23 19:34:25) on conditions username = 
19:34:25   UPDATING data to tables `log_login` fields ( logout_time ) values (2020-08-23:17:34:25) on conditions id =  AND username = 
19:37:55   UPDATING data to tables `time2vie_cirruscommon`.`login` fields ( login, last_time ) values (0, 2020-08-23 19:37:55) on conditions username = 
19:37:55   UPDATING data to tables `log_login` fields ( logout_time ) values (2020-08-23:17:37:55) on conditions id =  AND username = 
19:44:51   UPDATING data to tables `time2vie_cirruscommon`.`login` fields ( login, last_time ) values (0, 2020-08-23 19:44:51) on conditions username = 
19:44:51   UPDATING data to tables `log_login` fields ( logout_time ) values (2020-08-23:17:44:51) on conditions id =  AND username = 
19:45:14   UPDATING data to tables `time2vie_cirruscommon`.`secondary_login` fields ( error ) values (1) on conditions username = thwo001 AND company_id = 7
19:50:02   UPDATING data to tables `time2vie_cirruscommon`.`login` fields ( login, last_time ) values (0, 2020-08-23 19:50:02) on conditions username = 
19:50:02   UPDATING data to tables `log_login` fields ( logout_time ) values (2020-08-23:17:50:02) on conditions id =  AND username = 
20:15:44   UPDATING data to tables `time2vie_cirruscommon`.`login` fields ( login, last_time ) values (0, 2020-08-23 20:15:44) on conditions username = 
20:15:44   UPDATING data to tables `log_login` fields ( logout_time ) values (2020-08-23:18:15:44) on conditions id =  AND username = 
21:15:13   UPDATING data to tables `log_login` fields ( logout_time ) values (2020-08-23:19:15:13) on conditions id = 279923 AND username = nago001
21:21:38   UPDATING data to tables `time2vie_cirruscommon`.`login` fields ( login, last_time ) values (0, 2020-08-23 21:21:38) on conditions username = 
21:21:38   UPDATING data to tables `log_login` fields ( logout_time ) values (2020-08-23:19:21:38) on conditions id =  AND username = 
21:23:37   UPDATING data to tables `log_login` fields ( logout_time ) values (2020-08-23:19:23:37) on conditions id = 279925 AND username = lian007
21:32:56   UPDATING data to tables `log_login` fields ( logout_time ) values (2020-08-23:19:32:56) on conditions id = 39302 AND username = nago001
21:33:01   UPDATING data to tables `time2vie_cirruscommon`.`secondary_login` fields ( error ) values (1) on conditions username = masa011 AND company_id = 9
21:33:22 nago001  UPDATING data to tables `time2vie_cirruscommon`.`secondary_login` fields ( error ) values (1) on conditions username = nago001 AND company_id = 9
21:35:45   UPDATING data to tables `time2vie_cirruscommon`.`login` fields ( login, last_time ) values (0, 2020-08-23 21:35:45) on conditions username = 
21:35:45   UPDATING data to tables `log_login` fields ( logout_time ) values (2020-08-23:19:35:45) on conditions id =  AND username = 
21:35:50   UPDATING data to tables `time2vie_cirruscommon`.`login` fields ( login, last_time ) values (0, 2020-08-23 21:35:50) on conditions username = 
21:35:50   UPDATING data to tables `log_login` fields ( logout_time ) values (2020-08-23:19:35:50) on conditions id =  AND username = 
21:36:26   UPDATING data to tables `time2vie_cirruscommon`.`login` fields ( login, last_time ) values (0, 2020-08-23 21:36:26) on conditions username = 
21:36:26   UPDATING data to tables `log_login` fields ( logout_time ) values (2020-08-23:19:36:26) on conditions id =  AND username = 
21:43:32   UPDATING data to tables `log_login` fields ( logout_time ) values (2020-08-23:19:43:32) on conditions id = 279933 AND username = nago001
21:47:31   UPDATING data to tables `time2vie_cirruscommon`.`login` fields ( login, last_time ) values (0, 2020-08-23 21:47:31) on conditions username = 
21:47:31   UPDATING data to tables `log_login` fields ( logout_time ) values (2020-08-23:19:47:31) on conditions id =  AND username = 
22:17:14   UPDATING data to tables `time2vie_cirruscommon`.`login` fields ( login, last_time ) values (0, 2020-08-23 22:17:14) on conditions username = 
22:17:14   UPDATING data to tables `log_login` fields ( logout_time ) values (2020-08-23:20:17:14) on conditions id =  AND username = 
22:22:05   UPDATING data to tables `time2vie_cirruscommon`.`login` fields ( login, last_time ) values (0, 2020-08-23 22:22:05) on conditions username = 
22:22:05   UPDATING data to tables `log_login` fields ( logout_time ) values (2020-08-23:20:22:05) on conditions id =  AND username = 
22:25:49   UPDATING data to tables `time2vie_cirruscommon`.`login` fields ( login, last_time ) values (0, 2020-08-23 22:25:49) on conditions username = 
22:25:49   UPDATING data to tables `log_login` fields ( logout_time ) values (2020-08-23:20:25:49) on conditions id =  AND username = 
22:50:02   UPDATING data to tables `time2vie_cirruscommon`.`login` fields ( login, last_time ) values (0, 2020-08-23 22:50:02) on conditions username = 
22:50:02   UPDATING data to tables `log_login` fields ( logout_time ) values (2020-08-23:20:50:02) on conditions id =  AND username = 
22:59:42   UPDATING data to tables `time2vie_cirruscommon`.`login` fields ( login, last_time ) values (0, 2020-08-23 22:59:42) on conditions username = 
22:59:42   UPDATING data to tables `log_login` fields ( logout_time ) values (2020-08-23:20:59:42) on conditions id =  AND username = 
23:20:53   UPDATING data to tables `time2vie_cirruscommon`.`login` fields ( login, last_time ) values (0, 2020-08-23 23:20:53) on conditions username = 
23:20:53   UPDATING data to tables `log_login` fields ( logout_time ) values (2020-08-23:21:20:53) on conditions id =  AND username = 
23:53:32   UPDATING data to tables `time2vie_cirruscommon`.`login` fields ( login, last_time ) values (0, 2020-08-23 23:53:32) on conditions username = 
23:53:32   UPDATING data to tables `log_login` fields ( logout_time ) values (2020-08-23:21:53:32) on conditions id =  AND username = 
