02:00:30   UPDATING data to tables `time2vie_cirruscommon`.`secondary_login` fields ( error ) values (1) on conditions username = masa011 AND company_id = 9
04:16:50   UPDATING data to tables `time2vie_cirruscommon`.`login` fields ( login, last_time ) values (0, 2020-09-08 04:16:50) on conditions username = 
04:16:50   UPDATING data to tables `log_login` fields ( logout_time ) values (2020-09-08:02:16:50) on conditions id =  AND username = 
07:13:43   UPDATING data to tables `time2vie_cirruscommon`.`login` fields ( login, last_time ) values (0, 2020-09-08 07:13:43) on conditions username = 
07:13:43   UPDATING data to tables `log_login` fields ( logout_time ) values (2020-09-08:05:13:43) on conditions id =  AND username = 
07:21:06   UPDATING data to tables `time2vie_cirruscommon`.`login` fields ( login, last_time ) values (0, 2020-09-08 07:21:06) on conditions username = 
07:21:06   UPDATING data to tables `log_login` fields ( logout_time ) values (2020-09-08:05:21:06) on conditions id =  AND username = 
07:23:24   UPDATING data to tables `time2vie_cirruscommon`.`login` fields ( login, last_time ) values (0, 2020-09-08 07:23:24) on conditions username = 
07:23:24   UPDATING data to tables `log_login` fields ( logout_time ) values (2020-09-08:05:23:24) on conditions id =  AND username = 
07:29:57   UPDATING data to tables `time2vie_cirruscommon`.`login` fields ( login, last_time ) values (0, 2020-09-08 07:29:57) on conditions username = 
07:29:57   UPDATING data to tables `log_login` fields ( logout_time ) values (2020-09-08:05:29:57) on conditions id =  AND username = 
07:43:55   UPDATING data to tables `time2vie_cirruscommon`.`secondary_login` fields ( error ) values (1) on conditions username = anha011 AND company_id = 9
07:52:30   UPDATING data to tables `time2vie_cirruscommon`.`login` fields ( login, last_time ) values (0, 2020-09-08 07:52:30) on conditions username = 
07:52:30   UPDATING data to tables `log_login` fields ( logout_time ) values (2020-09-08:05:52:30) on conditions id =  AND username = 
07:55:49   UPDATING data to tables `time2vie_cirruscommon`.`login` fields ( login, last_time ) values (0, 2020-09-08 07:55:49) on conditions username = 
07:55:49   UPDATING data to tables `log_login` fields ( logout_time ) values (2020-09-08:05:55:49) on conditions id =  AND username = 
08:08:07   UPDATING data to tables `time2vie_cirruscommon`.`login` fields ( login, last_time ) values (0, 2020-09-08 08:08:07) on conditions username = 
08:08:07   UPDATING data to tables `log_login` fields ( logout_time ) values (2020-09-08:06:08:07) on conditions id =  AND username = 
08:12:09   UPDATING data to tables `time2vie_cirruscommon`.`login` fields ( login, last_time ) values (0, 2020-09-08 08:12:09) on conditions username = 
08:12:09   UPDATING data to tables `log_login` fields ( logout_time ) values (2020-09-08:06:12:09) on conditions id =  AND username = 
08:17:56   UPDATING data to tables `time2vie_cirruscommon`.`login` fields ( login, last_time ) values (0, 2020-09-08 08:17:56) on conditions username = 
08:17:56   UPDATING data to tables `log_login` fields ( logout_time ) values (2020-09-08:06:17:56) on conditions id =  AND username = 
08:18:58   UPDATING data to tables `log_login` fields ( logout_time ) values (2020-09-08:06:18:58) on conditions id = 185186 AND username = majo032
08:19:25   UPDATING data to tables `log_login` fields ( logout_time ) values (2020-09-08:06:19:25) on conditions id = 185184 AND username = rian003
08:28:54   UPDATING data to tables `time2vie_cirruscommon`.`login` fields ( login, last_time ) values (0, 2020-09-08 08:28:54) on conditions username = 
08:28:54   UPDATING data to tables `log_login` fields ( logout_time ) values (2020-09-08:06:28:54) on conditions id =  AND username = 
08:38:20   UPDATING data to tables `time2vie_cirruscommon`.`login` fields ( login, last_time ) values (0, 2020-09-08 08:38:20) on conditions username = 
08:38:20   UPDATING data to tables `log_login` fields ( logout_time ) values (2020-09-08:06:38:20) on conditions id =  AND username = 
08:39:01 jobe008  UPDATING data to tables `time2vie_cirruscommon`.`secondary_login` fields ( error ) values (1) on conditions username = jobe008 AND company_id = 20
08:39:39   UPDATING data to tables `time2vie_cirruscommon`.`login` fields ( login, last_time ) values (0, 2020-09-08 08:39:39) on conditions username = 
08:39:39   UPDATING data to tables `log_login` fields ( logout_time ) values (2020-09-08:06:39:39) on conditions id =  AND username = 
08:39:57 jobe008  UPDATING data to tables `time2vie_cirruscommon`.`secondary_login` fields ( error ) values (2) on conditions username = jobe008 AND company_id = 20
09:04:01   UPDATING data to tables `time2vie_cirruscommon`.`login` fields ( login, last_time ) values (0, 2020-09-08 09:04:01) on conditions username = 
09:04:01   UPDATING data to tables `log_login` fields ( logout_time ) values (2020-09-08:07:04:01) on conditions id =  AND username = 
09:23:03   UPDATING data to tables `time2vie_cirruscommon`.`login` fields ( login, last_time ) values (0, 2020-09-08 09:23:03) on conditions username = 
09:23:03   UPDATING data to tables `log_login` fields ( logout_time ) values (2020-09-08:07:23:03) on conditions id =  AND username = 
09:24:17   UPDATING data to tables `time2vie_cirruscommon`.`login` fields ( login, last_time ) values (0, 2020-09-08 09:24:17) on conditions username = 
09:24:17   UPDATING data to tables `log_login` fields ( logout_time ) values (2020-09-08:07:24:17) on conditions id =  AND username = 
09:29:29   UPDATING data to tables `time2vie_cirruscommon`.`login` fields ( login, last_time ) values (0, 2020-09-08 09:29:29) on conditions username = 
09:29:29   UPDATING data to tables `log_login` fields ( logout_time ) values (2020-09-08:07:29:29) on conditions id =  AND username = 
09:32:13   UPDATING data to tables `time2vie_cirruscommon`.`login` fields ( login, last_time ) values (0, 2020-09-08 09:32:13) on conditions username = 
09:32:13   UPDATING data to tables `log_login` fields ( logout_time ) values (2020-09-08:07:32:13) on conditions id =  AND username = 
09:37:32   UPDATING data to tables `log_login` fields ( logout_time ) values (2020-09-08:07:37:32) on conditions id = 303545 AND username = lino002
09:48:03   UPDATING data to tables `time2vie_cirruscommon`.`login` fields ( login, last_time ) values (0, 2020-09-08 09:48:03) on conditions username = 
09:48:03   UPDATING data to tables `log_login` fields ( logout_time ) values (2020-09-08:07:48:03) on conditions id =  AND username = 
09:52:31   UPDATING data to tables `time2vie_cirruscommon`.`login` fields ( login, last_time ) values (0, 2020-09-08 09:52:31) on conditions username = 
09:52:31   UPDATING data to tables `log_login` fields ( logout_time ) values (2020-09-08:07:52:31) on conditions id =  AND username = 
09:55:32   UPDATING data to tables `time2vie_cirruscommon`.`login` fields ( login, last_time ) values (0, 2020-09-08 09:55:32) on conditions username = 
09:55:32   UPDATING data to tables `log_login` fields ( logout_time ) values (2020-09-08:07:55:32) on conditions id =  AND username = 
10:01:01   UPDATING data to tables `log_login` fields ( logout_time ) values (2020-09-08:08:01:01) on conditions id = 39887 AND username = maol006
10:12:40   UPDATING data to tables `time2vie_cirruscommon`.`login` fields ( login, last_time ) values (0, 2020-09-08 10:12:40) on conditions username = 
10:12:40   UPDATING data to tables `log_login` fields ( logout_time ) values (2020-09-08:08:12:40) on conditions id =  AND username = 
10:13:16   UPDATING data to tables `log_login` fields ( logout_time ) values (2020-09-08:08:13:16) on conditions id = 185224 AND username = majo032
10:22:14   UPDATING data to tables `time2vie_cirruscommon`.`login` fields ( login, last_time ) values (0, 2020-09-08 10:22:14) on conditions username = 
10:22:14   UPDATING data to tables `log_login` fields ( logout_time ) values (2020-09-08:08:22:14) on conditions id =  AND username = 
10:24:25   UPDATING data to tables `time2vie_cirruscommon`.`login` fields ( login, last_time ) values (0, 2020-09-08 10:24:25) on conditions username = 
10:24:25   UPDATING data to tables `log_login` fields ( logout_time ) values (2020-09-08:08:24:25) on conditions id =  AND username = 
10:31:11   UPDATING data to tables `time2vie_cirruscommon`.`login` fields ( login, last_time ) values (0, 2020-09-08 10:31:11) on conditions username = 
10:31:11   UPDATING data to tables `log_login` fields ( logout_time ) values (2020-09-08:08:31:11) on conditions id =  AND username = 
10:37:15   UPDATING data to tables `log_login` fields ( logout_time ) values (2020-09-08:08:37:15) on conditions id = 39888 AND username = maol006
10:38:57   UPDATING data to tables `time2vie_cirruscommon`.`login` fields ( login, last_time ) values (0, 2020-09-08 10:38:57) on conditions username = 
10:38:57   UPDATING data to tables `log_login` fields ( logout_time ) values (2020-09-08:08:38:57) on conditions id =  AND username = 
10:40:11   UPDATING data to tables `time2vie_cirruscommon`.`login` fields ( login, last_time ) values (0, 2020-09-08 10:40:11) on conditions username = 
10:40:11   UPDATING data to tables `log_login` fields ( logout_time ) values (2020-09-08:08:40:11) on conditions id =  AND username = 
10:41:13   UPDATING data to tables `time2vie_cirruscommon`.`login` fields ( login, last_time ) values (0, 2020-09-08 10:41:13) on conditions username = 
10:41:13   UPDATING data to tables `log_login` fields ( logout_time ) values (2020-09-08:08:41:13) on conditions id =  AND username = 
10:48:04   UPDATING data to tables `time2vie_cirruscommon`.`login` fields ( login, last_time ) values (0, 2020-09-08 10:48:04) on conditions username = 
10:48:04   UPDATING data to tables `log_login` fields ( logout_time ) values (2020-09-08:08:48:04) on conditions id =  AND username = 
10:51:42   UPDATING data to tables `time2vie_cirruscommon`.`login` fields ( login, last_time ) values (0, 2020-09-08 10:51:42) on conditions username = 
10:51:42   UPDATING data to tables `log_login` fields ( logout_time ) values (2020-09-08:08:51:42) on conditions id =  AND username = 
10:52:43   UPDATING data to tables `log_login` fields ( logout_time ) values (2020-09-08:08:52:43) on conditions id = 39890 AND username = lafi001
11:10:42   UPDATING data to tables `time2vie_cirruscommon`.`login` fields ( login, last_time ) values (0, 2020-09-08 11:10:42) on conditions username = 
11:10:42   UPDATING data to tables `log_login` fields ( logout_time ) values (2020-09-08:09:10:42) on conditions id =  AND username = 
11:16:36   UPDATING data to tables `time2vie_cirruscommon`.`secondary_login` fields ( error ) values (1) on conditions username = jufr001 AND company_id = 9
11:38:10   UPDATING data to tables `time2vie_cirruscommon`.`login` fields ( login, last_time ) values (0, 2020-09-08 11:38:10) on conditions username = 
11:38:10   UPDATING data to tables `log_login` fields ( logout_time ) values (2020-09-08:09:38:10) on conditions id =  AND username = 
11:38:27 kajo002  UPDATING data to tables `time2vie_cirruscommon`.`secondary_login` fields ( error ) values (1) on conditions username = kajo002 AND company_id = 8
11:42:23   UPDATING data to tables `log_login` fields ( logout_time ) values (2020-09-08:09:42:23) on conditions id = 52726 AND username = inlj001
11:46:15   UPDATING data to tables `time2vie_cirruscommon`.`login` fields ( login, last_time ) values (0, 2020-09-08 11:46:15) on conditions username = 
11:46:15   UPDATING data to tables `log_login` fields ( logout_time ) values (2020-09-08:09:46:15) on conditions id =  AND username = 
11:51:19   UPDATING data to tables `time2vie_cirruscommon`.`login` fields ( login, last_time ) values (0, 2020-09-08 11:51:19) on conditions username = 
11:51:19   UPDATING data to tables `log_login` fields ( logout_time ) values (2020-09-08:09:51:19) on conditions id =  AND username = 
11:58:05   UPDATING data to tables `time2vie_cirruscommon`.`login` fields ( login, last_time ) values (0, 2020-09-08 11:58:05) on conditions username = 
11:58:05   UPDATING data to tables `log_login` fields ( logout_time ) values (2020-09-08:09:58:05) on conditions id =  AND username = 
12:05:16   UPDATING data to tables `time2vie_cirruscommon`.`login` fields ( login, last_time ) values (0, 2020-09-08 12:05:16) on conditions username = 
12:05:16   UPDATING data to tables `log_login` fields ( logout_time ) values (2020-09-08:10:05:16) on conditions id =  AND username = 
12:12:37   UPDATING data to tables `time2vie_cirruscommon`.`login` fields ( login, last_time ) values (0, 2020-09-08 12:12:37) on conditions username = 
12:12:37   UPDATING data to tables `log_login` fields ( logout_time ) values (2020-09-08:10:12:37) on conditions id =  AND username = 
12:14:19   UPDATING data to tables `time2vie_cirruscommon`.`login` fields ( login, last_time ) values (0, 2020-09-08 12:14:19) on conditions username = 
12:14:19   UPDATING data to tables `log_login` fields ( logout_time ) values (2020-09-08:10:14:19) on conditions id =  AND username = 
12:26:03   UPDATING data to tables `time2vie_cirruscommon`.`login` fields ( login, last_time ) values (0, 2020-09-08 12:26:03) on conditions username = 
12:26:03   UPDATING data to tables `log_login` fields ( logout_time ) values (2020-09-08:10:26:03) on conditions id =  AND username = 
12:37:01   UPDATING data to tables `time2vie_cirruscommon`.`login` fields ( login, last_time ) values (0, 2020-09-08 12:37:01) on conditions username = 
12:37:01   UPDATING data to tables `log_login` fields ( logout_time ) values (2020-09-08:10:37:01) on conditions id =  AND username = 
12:37:44   UPDATING data to tables `time2vie_cirruscommon`.`login` fields ( login, last_time ) values (0, 2020-09-08 12:37:44) on conditions username = 
12:37:44   UPDATING data to tables `log_login` fields ( logout_time ) values (2020-09-08:10:37:44) on conditions id =  AND username = 
12:39:48   UPDATING data to tables `time2vie_cirruscommon`.`login` fields ( login, last_time ) values (0, 2020-09-08 12:39:48) on conditions username = 
12:39:48   UPDATING data to tables `log_login` fields ( logout_time ) values (2020-09-08:10:39:48) on conditions id =  AND username = 
12:40:02 mehe001  UPDATING data to tables `time2vie_cirruscommon`.`secondary_login` fields ( error ) values (1) on conditions username = mehe001 AND company_id = 8
12:40:09 mehe001  UPDATING data to tables `time2vie_cirruscommon`.`secondary_login` fields ( error ) values (2) on conditions username = mehe001 AND company_id = 8
12:40:32 mehe001  INSERTING data into tables `time2vie_cirruscommon`.`sms_otp` fields ( user_id, company_id, mobile, otp, purpose, date ) values ( mehe001, 8, 765554727, 129733, PASSWORD_RECOVERY, 2020-09-08 12:40:32 ) => {inserted_id = 1250}
12:40:32 mehe001  INSERTING data into tables `time2vie_cirrus8`.`log_sms` fields ( from_user, to_user, to_no, message, status ) values ( unknown, mehe001, 765554727, %0ADitt engångslösenord är 129733.%0AAnvändarnamn : mehe001%0AFöretag : Optimal Assistans i GBG AB%0ATänk på att lösenordet är en personlig värdehandling. Hälsningar Time2view CIRRUS, 1 ) => {inserted_id = 824}
12:42:19   UPDATING data to tables `time2vie_cirruscommon`.`login` fields ( login, last_time ) values (0, 2020-09-08 12:42:19) on conditions username = 
12:42:19   UPDATING data to tables `log_login` fields ( logout_time ) values (2020-09-08:10:42:19) on conditions id =  AND username = 
12:42:37 mehe001  UPDATING data to tables `time2vie_cirruscommon`.`secondary_login` fields ( error ) values (3) on conditions username = mehe001 AND company_id = 8
12:42:45 mehe001  UPDATING data to tables `time2vie_cirruscommon`.`secondary_login` fields ( error ) values (4) on conditions username = mehe001 AND company_id = 8
12:46:35   UPDATING data to tables `time2vie_cirruscommon`.`login` fields ( login, last_time ) values (0, 2020-09-08 12:46:35) on conditions username = 
12:46:35   UPDATING data to tables `log_login` fields ( logout_time ) values (2020-09-08:10:46:35) on conditions id =  AND username = 
12:59:59   UPDATING data to tables `time2vie_cirruscommon`.`login` fields ( login, last_time ) values (0, 2020-09-08 12:59:59) on conditions username = 
12:59:59   UPDATING data to tables `log_login` fields ( logout_time ) values (2020-09-08:10:59:59) on conditions id =  AND username = 
13:01:13   UPDATING data to tables `time2vie_cirruscommon`.`login` fields ( login, last_time ) values (0, 2020-09-08 13:01:13) on conditions username = 
13:01:13   UPDATING data to tables `log_login` fields ( logout_time ) values (2020-09-08:11:01:13) on conditions id =  AND username = 
13:08:43   UPDATING data to tables `time2vie_cirruscommon`.`login` fields ( login, last_time ) values (0, 2020-09-08 13:08:43) on conditions username = 
13:08:43   UPDATING data to tables `log_login` fields ( logout_time ) values (2020-09-08:11:08:43) on conditions id =  AND username = 
13:10:21   UPDATING data to tables `time2vie_cirruscommon`.`login` fields ( login, last_time ) values (0, 2020-09-08 13:10:21) on conditions username = 
13:10:21   UPDATING data to tables `log_login` fields ( logout_time ) values (2020-09-08:11:10:21) on conditions id =  AND username = 
13:15:21   UPDATING data to tables `time2vie_cirruscommon`.`login` fields ( login, last_time ) values (0, 2020-09-08 13:15:21) on conditions username = 
13:15:21   UPDATING data to tables `log_login` fields ( logout_time ) values (2020-09-08:11:15:21) on conditions id =  AND username = 
13:15:23   UPDATING data to tables `time2vie_cirruscommon`.`login` fields ( login, last_time ) values (0, 2020-09-08 13:15:23) on conditions username = 
13:15:23   UPDATING data to tables `log_login` fields ( logout_time ) values (2020-09-08:11:15:23) on conditions id =  AND username = 
13:16:21   UPDATING data to tables `time2vie_cirruscommon`.`login` fields ( login, last_time ) values (0, 2020-09-08 13:16:21) on conditions username = 
13:16:21   UPDATING data to tables `log_login` fields ( logout_time ) values (2020-09-08:11:16:21) on conditions id =  AND username = 
13:22:23   UPDATING data to tables `time2vie_cirruscommon`.`login` fields ( login, last_time ) values (0, 2020-09-08 13:22:23) on conditions username = 
13:22:23   UPDATING data to tables `log_login` fields ( logout_time ) values (2020-09-08:11:22:23) on conditions id =  AND username = 
13:22:42 poer002  UPDATING data to tables `time2vie_cirruscommon`.`secondary_login` fields ( error ) values (1) on conditions username = poer002 AND company_id = 9
13:27:44   UPDATING data to tables `time2vie_cirruscommon`.`login` fields ( login, last_time ) values (0, 2020-09-08 13:27:44) on conditions username = 
13:27:44   UPDATING data to tables `log_login` fields ( logout_time ) values (2020-09-08:11:27:44) on conditions id =  AND username = 
13:34:52   UPDATING data to tables `time2vie_cirruscommon`.`login` fields ( login, last_time ) values (0, 2020-09-08 13:34:52) on conditions username = 
13:34:52   UPDATING data to tables `log_login` fields ( logout_time ) values (2020-09-08:11:34:52) on conditions id =  AND username = 
13:35:37   UPDATING data to tables `time2vie_cirruscommon`.`login` fields ( login, last_time ) values (0, 2020-09-08 13:35:37) on conditions username = 
13:35:37   UPDATING data to tables `log_login` fields ( logout_time ) values (2020-09-08:11:35:37) on conditions id =  AND username = 
13:37:54   UPDATING data to tables `time2vie_cirruscommon`.`login` fields ( login, last_time ) values (0, 2020-09-08 13:37:54) on conditions username = 
13:37:54   UPDATING data to tables `log_login` fields ( logout_time ) values (2020-09-08:11:37:54) on conditions id =  AND username = 
13:40:18   UPDATING data to tables `time2vie_cirruscommon`.`login` fields ( login, last_time ) values (0, 2020-09-08 13:40:18) on conditions username = 
13:40:18   UPDATING data to tables `log_login` fields ( logout_time ) values (2020-09-08:11:40:18) on conditions id =  AND username = 
13:47:43   UPDATING data to tables `time2vie_cirruscommon`.`login` fields ( login, last_time ) values (0, 2020-09-08 13:47:43) on conditions username = 
13:47:43   UPDATING data to tables `log_login` fields ( logout_time ) values (2020-09-08:11:47:43) on conditions id =  AND username = 
13:57:40   UPDATING data to tables `time2vie_cirruscommon`.`login` fields ( login, last_time ) values (0, 2020-09-08 13:57:40) on conditions username = 
13:57:40   UPDATING data to tables `log_login` fields ( logout_time ) values (2020-09-08:11:57:40) on conditions id =  AND username = 
14:18:38   UPDATING data to tables `time2vie_cirruscommon`.`secondary_login` fields ( error ) values (1) on conditions username = zaal005 AND company_id = 8
14:27:33   UPDATING data to tables `time2vie_cirruscommon`.`login` fields ( login, last_time ) values (0, 2020-09-08 14:27:33) on conditions username = 
14:27:33   UPDATING data to tables `log_login` fields ( logout_time ) values (2020-09-08:12:27:33) on conditions id =  AND username = 
14:43:59   UPDATING data to tables `time2vie_cirruscommon`.`login` fields ( login, last_time ) values (0, 2020-09-08 14:43:59) on conditions username = 
14:43:59   UPDATING data to tables `log_login` fields ( logout_time ) values (2020-09-08:12:43:59) on conditions id =  AND username = 
14:47:03   UPDATING data to tables `time2vie_cirruscommon`.`login` fields ( login, last_time ) values (0, 2020-09-08 14:47:03) on conditions username = 
14:47:03   UPDATING data to tables `log_login` fields ( logout_time ) values (2020-09-08:12:47:03) on conditions id =  AND username = 
14:47:22   UPDATING data to tables `log_login` fields ( logout_time ) values (2020-09-08:12:47:22) on conditions id = 303666 AND username = nago001
15:17:07   UPDATING data to tables `time2vie_cirruscommon`.`login` fields ( login, last_time ) values (0, 2020-09-08 15:17:07) on conditions username = 
15:17:07   UPDATING data to tables `log_login` fields ( logout_time ) values (2020-09-08:13:17:07) on conditions id =  AND username = 
15:26:35   UPDATING data to tables `time2vie_cirruscommon`.`login` fields ( login, last_time ) values (0, 2020-09-08 15:26:35) on conditions username = 
15:26:35   UPDATING data to tables `log_login` fields ( logout_time ) values (2020-09-08:13:26:35) on conditions id =  AND username = 
15:30:23   UPDATING data to tables `time2vie_cirruscommon`.`login` fields ( login, last_time ) values (0, 2020-09-08 15:30:23) on conditions username = 
15:30:23   UPDATING data to tables `log_login` fields ( logout_time ) values (2020-09-08:13:30:23) on conditions id =  AND username = 
15:36:51   UPDATING data to tables `time2vie_cirruscommon`.`login` fields ( login, last_time ) values (0, 2020-09-08 15:36:51) on conditions username = 
15:36:51   UPDATING data to tables `log_login` fields ( logout_time ) values (2020-09-08:13:36:51) on conditions id =  AND username = 
15:42:01   UPDATING data to tables `time2vie_cirruscommon`.`login` fields ( login, last_time ) values (0, 2020-09-08 15:42:01) on conditions username = 
15:42:01   UPDATING data to tables `log_login` fields ( logout_time ) values (2020-09-08:13:42:01) on conditions id =  AND username = 
15:50:49   UPDATING data to tables `log_login` fields ( logout_time ) values (2020-09-08:13:50:49) on conditions id = 303678 AND username = evda006
16:02:02   UPDATING data to tables `time2vie_cirruscommon`.`login` fields ( login, last_time ) values (0, 2020-09-08 16:02:02) on conditions username = 
16:02:02   UPDATING data to tables `log_login` fields ( logout_time ) values (2020-09-08:14:02:02) on conditions id =  AND username = 
16:15:16   UPDATING data to tables `time2vie_cirruscommon`.`login` fields ( login, last_time ) values (0, 2020-09-08 16:15:16) on conditions username = 
16:15:16   UPDATING data to tables `log_login` fields ( logout_time ) values (2020-09-08:14:15:16) on conditions id =  AND username = 
16:30:19   UPDATING data to tables `time2vie_cirruscommon`.`login` fields ( login, last_time ) values (0, 2020-09-08 16:30:19) on conditions username = 
16:30:19   UPDATING data to tables `log_login` fields ( logout_time ) values (2020-09-08:14:30:19) on conditions id =  AND username = 
16:31:52   UPDATING data to tables `time2vie_cirruscommon`.`login` fields ( login, last_time ) values (0, 2020-09-08 16:31:52) on conditions username = 
16:31:52   UPDATING data to tables `log_login` fields ( logout_time ) values (2020-09-08:14:31:52) on conditions id =  AND username = 
16:40:31   UPDATING data to tables `time2vie_cirruscommon`.`login` fields ( login, last_time ) values (0, 2020-09-08 16:40:31) on conditions username = 
16:40:31   UPDATING data to tables `log_login` fields ( logout_time ) values (2020-09-08:14:40:31) on conditions id =  AND username = 
16:40:48   UPDATING data to tables `time2vie_cirruscommon`.`login` fields ( login, last_time ) values (0, 2020-09-08 16:40:48) on conditions username = 
16:40:48   UPDATING data to tables `log_login` fields ( logout_time ) values (2020-09-08:14:40:48) on conditions id =  AND username = 
16:42:03   UPDATING data to tables `time2vie_cirruscommon`.`login` fields ( login, last_time ) values (0, 2020-09-08 16:42:03) on conditions username = 
16:42:03   UPDATING data to tables `log_login` fields ( logout_time ) values (2020-09-08:14:42:03) on conditions id =  AND username = 
16:43:45   UPDATING data to tables `log_login` fields ( logout_time ) values (2020-09-08:14:43:45) on conditions id = 303689 AND username = solu003
16:50:26   UPDATING data to tables `time2vie_cirruscommon`.`login` fields ( login, last_time ) values (0, 2020-09-08 16:50:26) on conditions username = 
16:50:26   UPDATING data to tables `log_login` fields ( logout_time ) values (2020-09-08:14:50:26) on conditions id =  AND username = 
17:24:57   UPDATING data to tables `time2vie_cirruscommon`.`login` fields ( login, last_time ) values (0, 2020-09-08 17:24:57) on conditions username = 
17:24:57   UPDATING data to tables `log_login` fields ( logout_time ) values (2020-09-08:15:24:57) on conditions id =  AND username = 
17:29:03   UPDATING data to tables `time2vie_cirruscommon`.`login` fields ( login, last_time ) values (0, 2020-09-08 17:29:03) on conditions username = 
17:29:03   UPDATING data to tables `log_login` fields ( logout_time ) values (2020-09-08:15:29:03) on conditions id =  AND username = 
17:35:12   UPDATING data to tables `time2vie_cirruscommon`.`login` fields ( login, last_time ) values (0, 2020-09-08 17:35:12) on conditions username = 
17:35:12   UPDATING data to tables `log_login` fields ( logout_time ) values (2020-09-08:15:35:12) on conditions id =  AND username = 
17:50:54   UPDATING data to tables `time2vie_cirruscommon`.`login` fields ( login, last_time ) values (0, 2020-09-08 17:50:54) on conditions username = 
17:50:54   UPDATING data to tables `log_login` fields ( logout_time ) values (2020-09-08:15:50:54) on conditions id =  AND username = 
18:17:02   UPDATING data to tables `time2vie_cirruscommon`.`login` fields ( login, last_time ) values (0, 2020-09-08 18:17:02) on conditions username = 
18:17:02   UPDATING data to tables `log_login` fields ( logout_time ) values (2020-09-08:16:17:02) on conditions id =  AND username = 
18:31:17   UPDATING data to tables `time2vie_cirruscommon`.`login` fields ( login, last_time ) values (0, 2020-09-08 18:31:17) on conditions username = 
18:31:17   UPDATING data to tables `log_login` fields ( logout_time ) values (2020-09-08:16:31:17) on conditions id =  AND username = 
18:31:23   UPDATING data to tables `time2vie_cirruscommon`.`login` fields ( login, last_time ) values (0, 2020-09-08 18:31:23) on conditions username = 
18:31:23   UPDATING data to tables `log_login` fields ( logout_time ) values (2020-09-08:16:31:23) on conditions id =  AND username = 
18:33:46   UPDATING data to tables `time2vie_cirruscommon`.`login` fields ( login, last_time ) values (0, 2020-09-08 18:33:46) on conditions username = 
18:33:46   UPDATING data to tables `log_login` fields ( logout_time ) values (2020-09-08:16:33:46) on conditions id =  AND username = 
18:36:23   UPDATING data to tables `time2vie_cirruscommon`.`login` fields ( login, last_time ) values (0, 2020-09-08 18:36:23) on conditions username = 
18:36:23   UPDATING data to tables `log_login` fields ( logout_time ) values (2020-09-08:16:36:23) on conditions id =  AND username = 
18:37:02   UPDATING data to tables `time2vie_cirruscommon`.`login` fields ( login, last_time ) values (0, 2020-09-08 18:37:02) on conditions username = 
18:37:02   UPDATING data to tables `log_login` fields ( logout_time ) values (2020-09-08:16:37:02) on conditions id =  AND username = 
18:37:16   UPDATING data to tables `time2vie_cirruscommon`.`login` fields ( login, last_time ) values (0, 2020-09-08 18:37:16) on conditions username = 
18:37:16   UPDATING data to tables `log_login` fields ( logout_time ) values (2020-09-08:16:37:16) on conditions id =  AND username = 
18:50:42   UPDATING data to tables `time2vie_cirruscommon`.`login` fields ( login, last_time ) values (0, 2020-09-08 18:50:42) on conditions username = 
18:50:42   UPDATING data to tables `log_login` fields ( logout_time ) values (2020-09-08:16:50:42) on conditions id =  AND username = 
19:08:59   UPDATING data to tables `time2vie_cirruscommon`.`login` fields ( login, last_time ) values (0, 2020-09-08 19:08:59) on conditions username = 
19:08:59   UPDATING data to tables `log_login` fields ( logout_time ) values (2020-09-08:17:08:59) on conditions id =  AND username = 
19:14:16   UPDATING data to tables `time2vie_cirruscommon`.`login` fields ( login, last_time ) values (0, 2020-09-08 19:14:16) on conditions username = 
19:14:16   UPDATING data to tables `log_login` fields ( logout_time ) values (2020-09-08:17:14:16) on conditions id =  AND username = 
19:25:49   UPDATING data to tables `time2vie_cirruscommon`.`login` fields ( login, last_time ) values (0, 2020-09-08 19:25:49) on conditions username = 
19:25:49   UPDATING data to tables `log_login` fields ( logout_time ) values (2020-09-08:17:25:49) on conditions id =  AND username = 
19:26:01 haen001  UPDATING data to tables `time2vie_cirruscommon`.`secondary_login` fields ( error ) values (1) on conditions username = haen001 AND company_id = 5
19:40:40   UPDATING data to tables `time2vie_cirruscommon`.`login` fields ( login, last_time ) values (0, 2020-09-08 19:40:40) on conditions username = 
19:40:40   UPDATING data to tables `log_login` fields ( logout_time ) values (2020-09-08:17:40:40) on conditions id =  AND username = 
19:44:46   UPDATING data to tables `time2vie_cirruscommon`.`login` fields ( login, last_time ) values (0, 2020-09-08 19:44:46) on conditions username = 
19:44:46   UPDATING data to tables `log_login` fields ( logout_time ) values (2020-09-08:17:44:46) on conditions id =  AND username = 
19:46:19   UPDATING data to tables `time2vie_cirruscommon`.`login` fields ( login, last_time ) values (0, 2020-09-08 19:46:19) on conditions username = 
19:46:19   UPDATING data to tables `log_login` fields ( logout_time ) values (2020-09-08:17:46:19) on conditions id =  AND username = 
19:47:38   UPDATING data to tables `time2vie_cirruscommon`.`login` fields ( login, last_time ) values (0, 2020-09-08 19:47:38) on conditions username = 
19:47:38   UPDATING data to tables `log_login` fields ( logout_time ) values (2020-09-08:17:47:38) on conditions id =  AND username = 
19:51:49   UPDATING data to tables `time2vie_cirruscommon`.`login` fields ( login, last_time ) values (0, 2020-09-08 19:51:49) on conditions username = 
19:51:49   UPDATING data to tables `log_login` fields ( logout_time ) values (2020-09-08:17:51:49) on conditions id =  AND username = 
20:01:24   UPDATING data to tables `time2vie_cirruscommon`.`login` fields ( login, last_time ) values (0, 2020-09-08 20:01:24) on conditions username = 
20:01:24   UPDATING data to tables `log_login` fields ( logout_time ) values (2020-09-08:18:01:24) on conditions id =  AND username = 
21:00:35   UPDATING data to tables `time2vie_cirruscommon`.`login` fields ( login, last_time ) values (0, 2020-09-08 21:00:35) on conditions username = 
21:00:35   UPDATING data to tables `log_login` fields ( logout_time ) values (2020-09-08:19:00:35) on conditions id =  AND username = 
21:06:11   UPDATING data to tables `time2vie_cirruscommon`.`login` fields ( login, last_time ) values (0, 2020-09-08 21:06:11) on conditions username = 
21:06:11   UPDATING data to tables `log_login` fields ( logout_time ) values (2020-09-08:19:06:11) on conditions id =  AND username = 
21:10:34   UPDATING data to tables `time2vie_cirruscommon`.`login` fields ( login, last_time ) values (0, 2020-09-08 21:10:34) on conditions username = 
21:10:34   UPDATING data to tables `log_login` fields ( logout_time ) values (2020-09-08:19:10:34) on conditions id =  AND username = 
21:20:16   UPDATING data to tables `time2vie_cirruscommon`.`login` fields ( login, last_time ) values (0, 2020-09-08 21:20:16) on conditions username = 
21:20:16   UPDATING data to tables `log_login` fields ( logout_time ) values (2020-09-08:19:20:16) on conditions id =  AND username = 
21:21:43   UPDATING data to tables `time2vie_cirruscommon`.`login` fields ( login, last_time ) values (0, 2020-09-08 21:21:43) on conditions username = 
21:21:43   UPDATING data to tables `log_login` fields ( logout_time ) values (2020-09-08:19:21:43) on conditions id =  AND username = 
21:24:46   UPDATING data to tables `time2vie_cirruscommon`.`login` fields ( login, last_time ) values (0, 2020-09-08 21:24:46) on conditions username = 
21:24:46   UPDATING data to tables `log_login` fields ( logout_time ) values (2020-09-08:19:24:46) on conditions id =  AND username = 
21:26:55   UPDATING data to tables `time2vie_cirruscommon`.`login` fields ( login, last_time ) values (0, 2020-09-08 21:26:55) on conditions username = 
21:26:55   UPDATING data to tables `log_login` fields ( logout_time ) values (2020-09-08:19:26:55) on conditions id =  AND username = 
21:39:57   UPDATING data to tables `time2vie_cirruscommon`.`login` fields ( login, last_time ) values (0, 2020-09-08 21:39:57) on conditions username = 
21:39:57   UPDATING data to tables `log_login` fields ( logout_time ) values (2020-09-08:19:39:57) on conditions id =  AND username = 
21:40:14 lisa004  UPDATING data to tables `time2vie_cirruscommon`.`secondary_login` fields ( error ) values (1) on conditions username = lisa004 AND company_id = 7
21:49:19   UPDATING data to tables `time2vie_cirruscommon`.`login` fields ( login, last_time ) values (0, 2020-09-08 21:49:19) on conditions username = 
21:49:19   UPDATING data to tables `log_login` fields ( logout_time ) values (2020-09-08:19:49:19) on conditions id =  AND username = 
21:50:47 toas001  UPDATING data to tables `time2vie_cirruscommon`.`secondary_login` fields ( error ) values (5) on conditions username = toas001 AND company_id = 9
21:51:09   UPDATING data to tables `time2vie_cirruscommon`.`login` fields ( login, last_time ) values (0, 2020-09-08 21:51:09) on conditions username = 
21:51:09   UPDATING data to tables `log_login` fields ( logout_time ) values (2020-09-08:19:51:09) on conditions id =  AND username = 
21:51:55   UPDATING data to tables `time2vie_cirruscommon`.`secondary_login` fields ( error ) values (1) on conditions username = evar001 AND company_id = 7
22:13:54   UPDATING data to tables `time2vie_cirruscommon`.`login` fields ( login, last_time ) values (0, 2020-09-08 22:13:54) on conditions username = 
22:13:54   UPDATING data to tables `log_login` fields ( logout_time ) values (2020-09-08:20:13:54) on conditions id =  AND username = 
22:52:42   UPDATING data to tables `time2vie_cirruscommon`.`login` fields ( login, last_time ) values (0, 2020-09-08 22:52:42) on conditions username = 
22:52:42   UPDATING data to tables `log_login` fields ( logout_time ) values (2020-09-08:20:52:42) on conditions id =  AND username = 
22:53:48   UPDATING data to tables `time2vie_cirruscommon`.`login` fields ( login, last_time ) values (0, 2020-09-08 22:53:48) on conditions username = 
22:53:48   UPDATING data to tables `log_login` fields ( logout_time ) values (2020-09-08:20:53:48) on conditions id =  AND username = 
00:01:49   UPDATING data to tables `time2vie_cirruscommon`.`login` fields ( login, last_time ) values (0, 2020-09-09 00:01:49) on conditions username = 
00:01:49   UPDATING data to tables `log_login` fields ( logout_time ) values (2020-09-08:22:01:49) on conditions id =  AND username = 
00:02:40   UPDATING data to tables `time2vie_cirruscommon`.`login` fields ( login, last_time ) values (0, 2020-09-09 00:02:40) on conditions username = 
00:02:40   UPDATING data to tables `log_login` fields ( logout_time ) values (2020-09-08:22:02:40) on conditions id =  AND username = 
00:03:34   UPDATING data to tables `time2vie_cirruscommon`.`login` fields ( login, last_time ) values (0, 2020-09-09 00:03:34) on conditions username = 
00:03:34   UPDATING data to tables `log_login` fields ( logout_time ) values (2020-09-08:22:03:34) on conditions id =  AND username = 
