05:27:57   UPDATING data to tables `time2vie_cirruscommon`.`login` fields ( login, last_time ) values (0, 2020-10-14 05:27:57) on conditions username = 
05:27:57   UPDATING data to tables `log_login` fields ( logout_time ) values (2020-10-14:03:27:57) on conditions id =  AND username = 
07:09:29   UPDATING data to tables `time2vie_cirruscommon`.`login` fields ( login, last_time ) values (0, 2020-10-14 07:09:29) on conditions username = 
07:09:29   UPDATING data to tables `log_login` fields ( logout_time ) values (2020-10-14:05:09:29) on conditions id =  AND username = 
07:09:38 maol006  UPDATING data to tables `time2vie_cirruscommon`.`secondary_login` fields ( error ) values (1) on conditions username = maol006 AND company_id = 5
07:13:04   UPDATING data to tables `time2vie_cirruscommon`.`login` fields ( login, last_time ) values (0, 2020-10-14 07:13:04) on conditions username = 
07:13:04   UPDATING data to tables `log_login` fields ( logout_time ) values (2020-10-14:05:13:04) on conditions id =  AND username = 
07:18:30   UPDATING data to tables `time2vie_cirruscommon`.`login` fields ( login, last_time ) values (0, 2020-10-14 07:18:30) on conditions username = 
07:18:30   UPDATING data to tables `log_login` fields ( logout_time ) values (2020-10-14:05:18:30) on conditions id =  AND username = 
07:37:15   UPDATING data to tables `time2vie_cirruscommon`.`login` fields ( login, last_time ) values (0, 2020-10-14 07:37:15) on conditions username = 
07:37:15   UPDATING data to tables `log_login` fields ( logout_time ) values (2020-10-14:05:37:15) on conditions id =  AND username = 
08:04:57   UPDATING data to tables `time2vie_cirruscommon`.`login` fields ( login, last_time ) values (0, 2020-10-14 08:04:57) on conditions username = 
08:04:57   UPDATING data to tables `log_login` fields ( logout_time ) values (2020-10-14:06:04:57) on conditions id =  AND username = 
08:05:15 peso001  UPDATING data to tables `time2vie_cirruscommon`.`secondary_login` fields ( error ) values (1) on conditions username = peso001 AND company_id = 7
08:05:40   UPDATING data to tables `time2vie_cirruscommon`.`login` fields ( login, last_time ) values (0, 2020-10-14 08:05:40) on conditions username = 
08:05:40   UPDATING data to tables `log_login` fields ( logout_time ) values (2020-10-14:06:05:40) on conditions id =  AND username = 
08:06:38   UPDATING data to tables `time2vie_cirruscommon`.`login` fields ( login, last_time ) values (0, 2020-10-14 08:06:38) on conditions username = 
08:06:38   UPDATING data to tables `log_login` fields ( logout_time ) values (2020-10-14:06:06:38) on conditions id =  AND username = 
08:44:33   UPDATING data to tables `time2vie_cirruscommon`.`login` fields ( login, last_time ) values (0, 2020-10-14 08:44:33) on conditions username = 
08:44:33   UPDATING data to tables `log_login` fields ( logout_time ) values (2020-10-14:06:44:33) on conditions id =  AND username = 
08:46:52   UPDATING data to tables `time2vie_cirruscommon`.`login` fields ( login, last_time ) values (0, 2020-10-14 08:46:52) on conditions username = 
08:46:52   UPDATING data to tables `log_login` fields ( logout_time ) values (2020-10-14:06:46:52) on conditions id =  AND username = 
09:05:04   UPDATING data to tables `log_login` fields ( logout_time ) values (2020-10-14:07:05:03) on conditions id = 214721 AND username = bima001
09:20:40   UPDATING data to tables `time2vie_cirruscommon`.`login` fields ( login, last_time ) values (0, 2020-10-14 09:20:40) on conditions username = 
09:20:40   UPDATING data to tables `log_login` fields ( logout_time ) values (2020-10-14:07:20:40) on conditions id =  AND username = 
09:28:12   UPDATING data to tables `time2vie_cirruscommon`.`login` fields ( login, last_time ) values (0, 2020-10-14 09:28:12) on conditions username = 
09:28:12   UPDATING data to tables `log_login` fields ( logout_time ) values (2020-10-14:07:28:12) on conditions id =  AND username = 
09:33:59   UPDATING data to tables `time2vie_cirruscommon`.`login` fields ( login, last_time ) values (0, 2020-10-14 09:33:59) on conditions username = 
09:33:59   UPDATING data to tables `log_login` fields ( logout_time ) values (2020-10-14:07:33:59) on conditions id =  AND username = 
09:37:27   UPDATING data to tables `log_login` fields ( logout_time ) values (2020-10-14:07:37:27) on conditions id = 214724 AND username = bima001
09:41:32   UPDATING data to tables `time2vie_cirruscommon`.`login` fields ( login, last_time ) values (0, 2020-10-14 09:41:32) on conditions username = 
09:41:32   UPDATING data to tables `log_login` fields ( logout_time ) values (2020-10-14:07:41:32) on conditions id =  AND username = 
09:55:57   UPDATING data to tables `time2vie_cirruscommon`.`login` fields ( login, last_time ) values (0, 2020-10-14 09:55:57) on conditions username = 
09:55:57   UPDATING data to tables `log_login` fields ( logout_time ) values (2020-10-14:07:55:57) on conditions id =  AND username = 
09:57:02   UPDATING data to tables `time2vie_cirruscommon`.`login` fields ( login, last_time ) values (0, 2020-10-14 09:57:02) on conditions username = 
09:57:02   UPDATING data to tables `log_login` fields ( logout_time ) values (2020-10-14:07:57:02) on conditions id =  AND username = 
10:00:33   UPDATING data to tables `time2vie_cirruscommon`.`login` fields ( login, last_time ) values (0, 2020-10-14 10:00:33) on conditions username = 
10:00:33   UPDATING data to tables `log_login` fields ( logout_time ) values (2020-10-14:08:00:33) on conditions id =  AND username = 
10:00:41   UPDATING data to tables `time2vie_cirruscommon`.`login` fields ( login, last_time ) values (0, 2020-10-14 10:00:41) on conditions username = 
10:00:41   UPDATING data to tables `log_login` fields ( logout_time ) values (2020-10-14:08:00:41) on conditions id =  AND username = 
10:04:13   UPDATING data to tables `time2vie_cirruscommon`.`secondary_login` fields ( error ) values (1) on conditions username = anha011 AND company_id = 9
10:04:21   UPDATING data to tables `time2vie_cirruscommon`.`login` fields ( login, last_time ) values (0, 2020-10-14 10:04:21) on conditions username = 
10:04:21   UPDATING data to tables `log_login` fields ( logout_time ) values (2020-10-14:08:04:21) on conditions id =  AND username = 
10:06:06   UPDATING data to tables `time2vie_cirruscommon`.`login` fields ( login, last_time ) values (0, 2020-10-14 10:06:06) on conditions username = 
10:06:06   UPDATING data to tables `log_login` fields ( logout_time ) values (2020-10-14:08:06:06) on conditions id =  AND username = 
10:07:11   UPDATING data to tables `time2vie_cirruscommon`.`login` fields ( login, last_time ) values (0, 2020-10-14 10:07:11) on conditions username = 
10:07:11   UPDATING data to tables `log_login` fields ( logout_time ) values (2020-10-14:08:07:11) on conditions id =  AND username = 
10:09:25   UPDATING data to tables `time2vie_cirruscommon`.`login` fields ( login, last_time ) values (0, 2020-10-14 10:09:25) on conditions username = 
10:09:25   UPDATING data to tables `log_login` fields ( logout_time ) values (2020-10-14:08:09:25) on conditions id =  AND username = 
10:14:39   UPDATING data to tables `time2vie_cirruscommon`.`login` fields ( login, last_time ) values (0, 2020-10-14 10:14:39) on conditions username = 
10:14:39   UPDATING data to tables `log_login` fields ( logout_time ) values (2020-10-14:08:14:39) on conditions id =  AND username = 
10:16:23   UPDATING data to tables `time2vie_cirruscommon`.`login` fields ( login, last_time ) values (0, 2020-10-14 10:16:23) on conditions username = 
10:16:23   UPDATING data to tables `log_login` fields ( logout_time ) values (2020-10-14:08:16:23) on conditions id =  AND username = 
10:17:39   UPDATING data to tables `time2vie_cirruscommon`.`login` fields ( login, last_time ) values (0, 2020-10-14 10:17:39) on conditions username = 
10:17:39   UPDATING data to tables `log_login` fields ( logout_time ) values (2020-10-14:08:17:39) on conditions id =  AND username = 
10:33:24   UPDATING data to tables `time2vie_cirruscommon`.`login` fields ( login, last_time ) values (0, 2020-10-14 10:33:24) on conditions username = 
10:33:24   UPDATING data to tables `log_login` fields ( logout_time ) values (2020-10-14:08:33:24) on conditions id =  AND username = 
10:46:46   UPDATING data to tables `time2vie_cirruscommon`.`login` fields ( login, last_time ) values (0, 2020-10-14 10:46:46) on conditions username = 
10:46:46   UPDATING data to tables `log_login` fields ( logout_time ) values (2020-10-14:08:46:46) on conditions id =  AND username = 
10:55:45   UPDATING data to tables `log_login` fields ( logout_time ) values (2020-10-14:08:55:45) on conditions id = 54068 AND username = fejo001
11:11:14   UPDATING data to tables `time2vie_cirruscommon`.`login` fields ( login, last_time ) values (0, 2020-10-14 11:11:14) on conditions username = 
11:11:14   UPDATING data to tables `log_login` fields ( logout_time ) values (2020-10-14:09:11:14) on conditions id =  AND username = 
11:13:26   UPDATING data to tables `time2vie_cirruscommon`.`login` fields ( login, last_time ) values (0, 2020-10-14 11:13:26) on conditions username = 
11:13:26   UPDATING data to tables `log_login` fields ( logout_time ) values (2020-10-14:09:13:26) on conditions id =  AND username = 
11:16:43   UPDATING data to tables `log_login` fields ( logout_time ) values (2020-10-14:09:16:43) on conditions id = 54070 AND username = fejo001
11:34:14   UPDATING data to tables `time2vie_cirruscommon`.`login` fields ( login, last_time ) values (0, 2020-10-14 11:34:14) on conditions username = 
11:34:14   UPDATING data to tables `log_login` fields ( logout_time ) values (2020-10-14:09:34:14) on conditions id =  AND username = 
11:36:38   UPDATING data to tables `log_login` fields ( logout_time ) values (2020-10-14:09:36:38) on conditions id = 214744 AND username = roma006
11:36:59   UPDATING data to tables `time2vie_cirruscommon`.`login` fields ( login, last_time ) values (0, 2020-10-14 11:36:59) on conditions username = 
11:36:59   UPDATING data to tables `log_login` fields ( logout_time ) values (2020-10-14:09:36:59) on conditions id =  AND username = 
11:46:53   UPDATING data to tables `log_login` fields ( logout_time ) values (2020-10-14:09:46:53) on conditions id = 262940 AND username = makv002
11:53:30   UPDATING data to tables `log_login` fields ( logout_time ) values (2020-10-14:09:53:30) on conditions id = 262942 AND username = makv002
11:54:18   UPDATING data to tables `time2vie_cirruscommon`.`login` fields ( login, last_time ) values (0, 2020-10-14 11:54:18) on conditions username = 
11:54:18   UPDATING data to tables `log_login` fields ( logout_time ) values (2020-10-14:09:54:18) on conditions id =  AND username = 
11:59:11   UPDATING data to tables `time2vie_cirruscommon`.`login` fields ( login, last_time ) values (0, 2020-10-14 11:59:11) on conditions username = 
11:59:11   UPDATING data to tables `log_login` fields ( logout_time ) values (2020-10-14:09:59:11) on conditions id =  AND username = 
12:40:23   UPDATING data to tables `time2vie_cirruscommon`.`login` fields ( login, last_time ) values (0, 2020-10-14 12:40:23) on conditions username = 
12:40:23   UPDATING data to tables `log_login` fields ( logout_time ) values (2020-10-14:10:40:23) on conditions id =  AND username = 
12:46:28   UPDATING data to tables `time2vie_cirruscommon`.`login` fields ( login, last_time ) values (0, 2020-10-14 12:46:28) on conditions username = 
12:46:28   UPDATING data to tables `log_login` fields ( logout_time ) values (2020-10-14:10:46:28) on conditions id =  AND username = 
12:47:09   UPDATING data to tables `time2vie_cirruscommon`.`login` fields ( login, last_time ) values (0, 2020-10-14 12:47:09) on conditions username = 
12:47:09   UPDATING data to tables `log_login` fields ( logout_time ) values (2020-10-14:10:47:09) on conditions id =  AND username = 
12:58:34   UPDATING data to tables `time2vie_cirruscommon`.`login` fields ( login, last_time ) values (0, 2020-10-14 12:58:34) on conditions username = 
12:58:34   UPDATING data to tables `log_login` fields ( logout_time ) values (2020-10-14:10:58:34) on conditions id =  AND username = 
13:32:34   UPDATING data to tables `time2vie_cirruscommon`.`login` fields ( login, last_time ) values (0, 2020-10-14 13:32:34) on conditions username = 
13:32:34   UPDATING data to tables `log_login` fields ( logout_time ) values (2020-10-14:11:32:34) on conditions id =  AND username = 
13:32:49 idak001  UPDATING data to tables `time2vie_cirruscommon`.`secondary_login` fields ( error ) values (1) on conditions username = idak001 AND company_id = 9
13:40:20   UPDATING data to tables `time2vie_cirruscommon`.`login` fields ( login, last_time ) values (0, 2020-10-14 13:40:20) on conditions username = 
13:40:20   UPDATING data to tables `log_login` fields ( logout_time ) values (2020-10-14:11:40:20) on conditions id =  AND username = 
13:41:23   UPDATING data to tables `time2vie_cirruscommon`.`login` fields ( login, last_time ) values (0, 2020-10-14 13:41:23) on conditions username = 
13:41:23   UPDATING data to tables `log_login` fields ( logout_time ) values (2020-10-14:11:41:23) on conditions id =  AND username = 
13:43:36   UPDATING data to tables `time2vie_cirruscommon`.`login` fields ( login, last_time ) values (0, 2020-10-14 13:43:36) on conditions username = 
13:43:36   UPDATING data to tables `log_login` fields ( logout_time ) values (2020-10-14:11:43:36) on conditions id =  AND username = 
13:53:54   UPDATING data to tables `log_login` fields ( logout_time ) values (2020-10-14:11:53:54) on conditions id = 214757 AND username = pilo001
14:14:42   UPDATING data to tables `time2vie_cirruscommon`.`login` fields ( login, last_time ) values (0, 2020-10-14 14:14:42) on conditions username = 
14:14:42   UPDATING data to tables `log_login` fields ( logout_time ) values (2020-10-14:12:14:42) on conditions id =  AND username = 
14:19:15   UPDATING data to tables `time2vie_cirruscommon`.`login` fields ( login, last_time ) values (0, 2020-10-14 14:19:15) on conditions username = 
14:19:15   UPDATING data to tables `log_login` fields ( logout_time ) values (2020-10-14:12:19:15) on conditions id =  AND username = 
14:19:19   UPDATING data to tables `time2vie_cirruscommon`.`login` fields ( login, last_time ) values (0, 2020-10-14 14:19:19) on conditions username = 
14:19:19   UPDATING data to tables `log_login` fields ( logout_time ) values (2020-10-14:12:19:19) on conditions id =  AND username = 
14:19:25 anwa006  UPDATING data to tables `time2vie_cirruscommon`.`secondary_login` fields ( error ) values (1) on conditions username = anwa006 AND company_id = 20
14:28:03   UPDATING data to tables `time2vie_cirruscommon`.`login` fields ( login, last_time ) values (0, 2020-10-14 14:28:03) on conditions username = 
14:28:03   UPDATING data to tables `log_login` fields ( logout_time ) values (2020-10-14:12:28:03) on conditions id =  AND username = 
14:51:56   UPDATING data to tables `time2vie_cirruscommon`.`login` fields ( login, last_time ) values (0, 2020-10-14 14:51:56) on conditions username = 
14:51:56   UPDATING data to tables `log_login` fields ( logout_time ) values (2020-10-14:12:51:56) on conditions id =  AND username = 
14:53:37   UPDATING data to tables `time2vie_cirruscommon`.`login` fields ( login, last_time ) values (0, 2020-10-14 14:53:37) on conditions username = 
14:53:37   UPDATING data to tables `log_login` fields ( logout_time ) values (2020-10-14:12:53:37) on conditions id =  AND username = 
15:03:05   UPDATING data to tables `time2vie_cirruscommon`.`login` fields ( login, last_time ) values (0, 2020-10-14 15:03:05) on conditions username = 
15:03:05   UPDATING data to tables `log_login` fields ( logout_time ) values (2020-10-14:13:03:05) on conditions id =  AND username = 
15:09:38   UPDATING data to tables `time2vie_cirruscommon`.`login` fields ( login, last_time ) values (0, 2020-10-14 15:09:38) on conditions username = 
15:09:38   UPDATING data to tables `log_login` fields ( logout_time ) values (2020-10-14:13:09:38) on conditions id =  AND username = 
15:17:17   UPDATING data to tables `time2vie_cirruscommon`.`login` fields ( login, last_time ) values (0, 2020-10-14 15:17:17) on conditions username = 
15:17:17   UPDATING data to tables `log_login` fields ( logout_time ) values (2020-10-14:13:17:17) on conditions id =  AND username = 
15:25:21   UPDATING data to tables `time2vie_cirruscommon`.`login` fields ( login, last_time ) values (0, 2020-10-14 15:25:21) on conditions username = 
15:25:21   UPDATING data to tables `log_login` fields ( logout_time ) values (2020-10-14:13:25:21) on conditions id =  AND username = 
15:26:55   UPDATING data to tables `time2vie_cirruscommon`.`login` fields ( login, last_time ) values (0, 2020-10-14 15:26:55) on conditions username = 
15:26:55   UPDATING data to tables `log_login` fields ( logout_time ) values (2020-10-14:13:26:55) on conditions id =  AND username = 
15:27:31   UPDATING data to tables `time2vie_cirruscommon`.`login` fields ( login, last_time ) values (0, 2020-10-14 15:27:31) on conditions username = 
15:27:31   UPDATING data to tables `log_login` fields ( logout_time ) values (2020-10-14:13:27:31) on conditions id =  AND username = 
15:28:45   UPDATING data to tables `time2vie_cirruscommon`.`login` fields ( login, last_time ) values (0, 2020-10-14 15:28:45) on conditions username = 
15:28:45   UPDATING data to tables `log_login` fields ( logout_time ) values (2020-10-14:13:28:45) on conditions id =  AND username = 
15:39:15   UPDATING data to tables `time2vie_cirruscommon`.`login` fields ( login, last_time ) values (0, 2020-10-14 15:39:15) on conditions username = 
15:39:15   UPDATING data to tables `log_login` fields ( logout_time ) values (2020-10-14:13:39:15) on conditions id =  AND username = 
15:39:35   UPDATING data to tables `time2vie_cirruscommon`.`login` fields ( login, last_time ) values (0, 2020-10-14 15:39:35) on conditions username = 
15:39:35   UPDATING data to tables `log_login` fields ( logout_time ) values (2020-10-14:13:39:35) on conditions id =  AND username = 
15:39:42 sabi002  UPDATING data to tables `time2vie_cirruscommon`.`secondary_login` fields ( error ) values (1) on conditions username = sabi002 AND company_id = 7
15:50:02   UPDATING data to tables `time2vie_cirruscommon`.`login` fields ( login, last_time ) values (0, 2020-10-14 15:50:02) on conditions username = 
15:50:02   UPDATING data to tables `log_login` fields ( logout_time ) values (2020-10-14:13:50:02) on conditions id =  AND username = 
15:50:13   UPDATING data to tables `time2vie_cirruscommon`.`login` fields ( login, last_time ) values (0, 2020-10-14 15:50:13) on conditions username = 
15:50:13   UPDATING data to tables `log_login` fields ( logout_time ) values (2020-10-14:13:50:13) on conditions id =  AND username = 
15:51:56   UPDATING data to tables `time2vie_cirruscommon`.`login` fields ( login, last_time ) values (0, 2020-10-14 15:51:56) on conditions username = 
15:51:56   UPDATING data to tables `log_login` fields ( logout_time ) values (2020-10-14:13:51:56) on conditions id =  AND username = 
15:52:04   UPDATING data to tables `time2vie_cirruscommon`.`login` fields ( login, last_time ) values (0, 2020-10-14 15:52:04) on conditions username = 
15:52:04   UPDATING data to tables `log_login` fields ( logout_time ) values (2020-10-14:13:52:04) on conditions id =  AND username = 
15:53:18   UPDATING data to tables `time2vie_cirruscommon`.`login` fields ( login, last_time ) values (0, 2020-10-14 15:53:18) on conditions username = 
15:53:18   UPDATING data to tables `log_login` fields ( logout_time ) values (2020-10-14:13:53:18) on conditions id =  AND username = 
16:19:59   UPDATING data to tables `time2vie_cirruscommon`.`login` fields ( login, last_time ) values (0, 2020-10-14 16:19:59) on conditions username = 
16:19:59   UPDATING data to tables `log_login` fields ( logout_time ) values (2020-10-14:14:19:59) on conditions id =  AND username = 
16:27:54   UPDATING data to tables `time2vie_cirruscommon`.`login` fields ( login, last_time ) values (0, 2020-10-14 16:27:54) on conditions username = 
16:27:54   UPDATING data to tables `log_login` fields ( logout_time ) values (2020-10-14:14:27:54) on conditions id =  AND username = 
16:29:17   UPDATING data to tables `time2vie_cirruscommon`.`login` fields ( login, last_time ) values (0, 2020-10-14 16:29:17) on conditions username = 
16:29:17   UPDATING data to tables `log_login` fields ( logout_time ) values (2020-10-14:14:29:17) on conditions id =  AND username = 
16:48:25   UPDATING data to tables `time2vie_cirruscommon`.`login` fields ( login, last_time ) values (0, 2020-10-14 16:48:25) on conditions username = 
16:48:25   UPDATING data to tables `log_login` fields ( logout_time ) values (2020-10-14:14:48:25) on conditions id =  AND username = 
17:02:23   UPDATING data to tables `time2vie_cirruscommon`.`login` fields ( login, last_time ) values (0, 2020-10-14 17:02:23) on conditions username = 
17:02:23   UPDATING data to tables `log_login` fields ( logout_time ) values (2020-10-14:15:02:23) on conditions id =  AND username = 
17:10:11   UPDATING data to tables `time2vie_cirruscommon`.`login` fields ( login, last_time ) values (0, 2020-10-14 17:10:11) on conditions username = 
17:10:11   UPDATING data to tables `log_login` fields ( logout_time ) values (2020-10-14:15:10:11) on conditions id =  AND username = 
17:19:05   UPDATING data to tables `time2vie_cirruscommon`.`login` fields ( login, last_time ) values (0, 2020-10-14 17:19:05) on conditions username = 
17:19:05   UPDATING data to tables `log_login` fields ( logout_time ) values (2020-10-14:15:19:05) on conditions id =  AND username = 
17:20:43   UPDATING data to tables `time2vie_cirruscommon`.`login` fields ( login, last_time ) values (0, 2020-10-14 17:20:43) on conditions username = 
17:20:43   UPDATING data to tables `log_login` fields ( logout_time ) values (2020-10-14:15:20:43) on conditions id =  AND username = 
17:39:54   UPDATING data to tables `time2vie_cirruscommon`.`login` fields ( login, last_time ) values (0, 2020-10-14 17:39:54) on conditions username = 
17:39:54   UPDATING data to tables `log_login` fields ( logout_time ) values (2020-10-14:15:39:54) on conditions id =  AND username = 
17:40:45   UPDATING data to tables `time2vie_cirruscommon`.`login` fields ( login, last_time ) values (0, 2020-10-14 17:40:45) on conditions username = 
17:40:45   UPDATING data to tables `log_login` fields ( logout_time ) values (2020-10-14:15:40:45) on conditions id =  AND username = 
18:07:55   UPDATING data to tables `time2vie_cirruscommon`.`login` fields ( login, last_time ) values (0, 2020-10-14 18:07:55) on conditions username = 
18:07:55   UPDATING data to tables `log_login` fields ( logout_time ) values (2020-10-14:16:07:55) on conditions id =  AND username = 
18:26:13   UPDATING data to tables `time2vie_cirruscommon`.`login` fields ( login, last_time ) values (0, 2020-10-14 18:26:13) on conditions username = 
18:26:13   UPDATING data to tables `log_login` fields ( logout_time ) values (2020-10-14:16:26:13) on conditions id =  AND username = 
18:27:52   UPDATING data to tables `time2vie_cirruscommon`.`secondary_login` fields ( error ) values (1) on conditions username = mabr001 AND company_id = 9
18:28:23   UPDATING data to tables `time2vie_cirruscommon`.`login` fields ( login, last_time ) values (0, 2020-10-14 18:28:23) on conditions username = 
18:28:23   UPDATING data to tables `log_login` fields ( logout_time ) values (2020-10-14:16:28:23) on conditions id =  AND username = 
18:29:02   UPDATING data to tables `time2vie_cirruscommon`.`login` fields ( login, last_time ) values (0, 2020-10-14 18:29:02) on conditions username = 
18:29:02   UPDATING data to tables `log_login` fields ( logout_time ) values (2020-10-14:16:29:02) on conditions id =  AND username = 
18:37:59   UPDATING data to tables `time2vie_cirruscommon`.`login` fields ( login, last_time ) values (0, 2020-10-14 18:37:59) on conditions username = 
18:37:59   UPDATING data to tables `log_login` fields ( logout_time ) values (2020-10-14:16:37:59) on conditions id =  AND username = 
18:38:12   UPDATING data to tables `time2vie_cirruscommon`.`login` fields ( login, last_time ) values (0, 2020-10-14 18:38:12) on conditions username = 
18:38:12   UPDATING data to tables `log_login` fields ( logout_time ) values (2020-10-14:16:38:12) on conditions id =  AND username = 
18:39:11   UPDATING data to tables `log_login` fields ( logout_time ) values (2020-10-14:16:39:11) on conditions id = 23823 AND username = inid001
18:39:51   UPDATING data to tables `time2vie_cirruscommon`.`login` fields ( login, last_time ) values (0, 2020-10-14 18:39:51) on conditions username = 
18:39:51   UPDATING data to tables `log_login` fields ( logout_time ) values (2020-10-14:16:39:51) on conditions id =  AND username = 
18:48:17   UPDATING data to tables `time2vie_cirruscommon`.`login` fields ( login, last_time ) values (0, 2020-10-14 18:48:17) on conditions username = 
18:48:17   UPDATING data to tables `log_login` fields ( logout_time ) values (2020-10-14:16:48:17) on conditions id =  AND username = 
19:16:12   UPDATING data to tables `time2vie_cirruscommon`.`login` fields ( login, last_time ) values (0, 2020-10-14 19:16:12) on conditions username = 
19:16:12   UPDATING data to tables `log_login` fields ( logout_time ) values (2020-10-14:17:16:12) on conditions id =  AND username = 
19:45:53   UPDATING data to tables `log_login` fields ( logout_time ) values (2020-10-14:17:45:53) on conditions id = 54092 AND username = inlj001
19:46:30   UPDATING data to tables `time2vie_cirruscommon`.`login` fields ( login, last_time ) values (0, 2020-10-14 19:46:30) on conditions username = 
19:46:30   UPDATING data to tables `log_login` fields ( logout_time ) values (2020-10-14:17:46:30) on conditions id =  AND username = 
19:57:31   UPDATING data to tables `time2vie_cirruscommon`.`login` fields ( login, last_time ) values (0, 2020-10-14 19:57:31) on conditions username = 
19:57:31   UPDATING data to tables `log_login` fields ( logout_time ) values (2020-10-14:17:57:31) on conditions id =  AND username = 
20:17:19   UPDATING data to tables `time2vie_cirruscommon`.`login` fields ( login, last_time ) values (0, 2020-10-14 20:17:19) on conditions username = 
20:17:19   UPDATING data to tables `log_login` fields ( logout_time ) values (2020-10-14:18:17:19) on conditions id =  AND username = 
20:19:35   UPDATING data to tables `time2vie_cirruscommon`.`login` fields ( login, last_time ) values (0, 2020-10-14 20:19:35) on conditions username = 
20:19:35   UPDATING data to tables `log_login` fields ( logout_time ) values (2020-10-14:18:19:35) on conditions id =  AND username = 
20:25:39   UPDATING data to tables `time2vie_cirruscommon`.`login` fields ( login, last_time ) values (0, 2020-10-14 20:25:39) on conditions username = 
20:25:39   UPDATING data to tables `log_login` fields ( logout_time ) values (2020-10-14:18:25:39) on conditions id =  AND username = 
20:27:31   UPDATING data to tables `time2vie_cirruscommon`.`login` fields ( login, last_time ) values (0, 2020-10-14 20:27:31) on conditions username = 
20:27:31   UPDATING data to tables `log_login` fields ( logout_time ) values (2020-10-14:18:27:31) on conditions id =  AND username = 
20:38:22   UPDATING data to tables `time2vie_cirruscommon`.`login` fields ( login, last_time ) values (0, 2020-10-14 20:38:22) on conditions username = 
20:38:22   UPDATING data to tables `log_login` fields ( logout_time ) values (2020-10-14:18:38:22) on conditions id =  AND username = 
20:40:13   UPDATING data to tables `time2vie_cirruscommon`.`secondary_login` fields ( error ) values (1) on conditions username = sask001 AND company_id = 9
20:40:25   UPDATING data to tables `time2vie_cirruscommon`.`login` fields ( login, last_time ) values (0, 2020-10-14 20:40:25) on conditions username = 
20:40:25   UPDATING data to tables `log_login` fields ( logout_time ) values (2020-10-14:18:40:25) on conditions id =  AND username = 
20:49:49   UPDATING data to tables `time2vie_cirruscommon`.`login` fields ( login, last_time ) values (0, 2020-10-14 20:49:49) on conditions username = 
20:49:49   UPDATING data to tables `log_login` fields ( logout_time ) values (2020-10-14:18:49:49) on conditions id =  AND username = 
20:54:27   UPDATING data to tables `log_login` fields ( logout_time ) values (2020-10-14:18:54:27) on conditions id = 14598 AND username = hejo003
20:55:02   UPDATING data to tables `time2vie_cirruscommon`.`login` fields ( login, last_time ) values (0, 2020-10-14 20:55:02) on conditions username = 
20:55:02   UPDATING data to tables `log_login` fields ( logout_time ) values (2020-10-14:18:55:02) on conditions id =  AND username = 
20:59:45   UPDATING data to tables `time2vie_cirruscommon`.`login` fields ( login, last_time ) values (0, 2020-10-14 20:59:45) on conditions username = 
20:59:45   UPDATING data to tables `log_login` fields ( logout_time ) values (2020-10-14:18:59:45) on conditions id =  AND username = 
21:03:22   UPDATING data to tables `log_login` fields ( logout_time ) values (2020-10-14:19:03:22) on conditions id = 14601 AND username = hejo003
21:16:59   UPDATING data to tables `time2vie_cirruscommon`.`login` fields ( login, last_time ) values (0, 2020-10-14 21:16:59) on conditions username = 
21:16:59   UPDATING data to tables `log_login` fields ( logout_time ) values (2020-10-14:19:16:59) on conditions id =  AND username = 
21:38:51   UPDATING data to tables `time2vie_cirruscommon`.`login` fields ( login, last_time ) values (0, 2020-10-14 21:38:51) on conditions username = 
21:38:51   UPDATING data to tables `log_login` fields ( logout_time ) values (2020-10-14:19:38:51) on conditions id =  AND username = 
21:56:57   UPDATING data to tables `time2vie_cirruscommon`.`login` fields ( login, last_time ) values (0, 2020-10-14 21:56:57) on conditions username = 
21:56:57   UPDATING data to tables `log_login` fields ( logout_time ) values (2020-10-14:19:56:57) on conditions id =  AND username = 
22:07:38   UPDATING data to tables `time2vie_cirruscommon`.`login` fields ( login, last_time ) values (0, 2020-10-14 22:07:38) on conditions username = 
22:07:38   UPDATING data to tables `log_login` fields ( logout_time ) values (2020-10-14:20:07:38) on conditions id =  AND username = 
22:08:58   UPDATING data to tables `time2vie_cirruscommon`.`login` fields ( login, last_time ) values (0, 2020-10-14 22:08:58) on conditions username = 
22:08:58   UPDATING data to tables `log_login` fields ( logout_time ) values (2020-10-14:20:08:58) on conditions id =  AND username = 
22:10:11   UPDATING data to tables `time2vie_cirruscommon`.`login` fields ( login, last_time ) values (0, 2020-10-14 22:10:11) on conditions username = 
22:10:11   UPDATING data to tables `log_login` fields ( logout_time ) values (2020-10-14:20:10:11) on conditions id =  AND username = 
22:16:57   UPDATING data to tables `time2vie_cirruscommon`.`login` fields ( login, last_time ) values (0, 2020-10-14 22:16:57) on conditions username = 
22:16:57   UPDATING data to tables `log_login` fields ( logout_time ) values (2020-10-14:20:16:57) on conditions id =  AND username = 
22:22:55   UPDATING data to tables `time2vie_cirruscommon`.`login` fields ( login, last_time ) values (0, 2020-10-14 22:22:55) on conditions username = 
22:22:55   UPDATING data to tables `log_login` fields ( logout_time ) values (2020-10-14:20:22:55) on conditions id =  AND username = 
22:28:08   UPDATING data to tables `time2vie_cirruscommon`.`login` fields ( login, last_time ) values (0, 2020-10-14 22:28:08) on conditions username = 
22:28:08   UPDATING data to tables `log_login` fields ( logout_time ) values (2020-10-14:20:28:08) on conditions id =  AND username = 
22:28:32   UPDATING data to tables `time2vie_cirruscommon`.`login` fields ( login, last_time ) values (0, 2020-10-14 22:28:32) on conditions username = 
22:28:32   UPDATING data to tables `log_login` fields ( logout_time ) values (2020-10-14:20:28:32) on conditions id =  AND username = 
22:36:23   UPDATING data to tables `time2vie_cirruscommon`.`login` fields ( login, last_time ) values (0, 2020-10-14 22:36:23) on conditions username = 
22:36:23   UPDATING data to tables `log_login` fields ( logout_time ) values (2020-10-14:20:36:23) on conditions id =  AND username = 
23:13:52   UPDATING data to tables `log_login` fields ( logout_time ) values (2020-10-14:21:13:52) on conditions id = 310850 AND username = sost005
23:21:06   UPDATING data to tables `time2vie_cirruscommon`.`login` fields ( login, last_time ) values (0, 2020-10-14 23:21:06) on conditions username = 
23:21:06   UPDATING data to tables `log_login` fields ( logout_time ) values (2020-10-14:21:21:06) on conditions id =  AND username = 
23:53:34   UPDATING data to tables `time2vie_cirruscommon`.`login` fields ( login, last_time ) values (0, 2020-10-14 23:53:34) on conditions username = 
23:53:34   UPDATING data to tables `log_login` fields ( logout_time ) values (2020-10-14:21:53:34) on conditions id =  AND username = 
23:55:19   UPDATING data to tables `time2vie_cirruscommon`.`login` fields ( login, last_time ) values (0, 2020-10-14 23:55:19) on conditions username = 
23:55:19   UPDATING data to tables `log_login` fields ( logout_time ) values (2020-10-14:21:55:19) on conditions id =  AND username = 
