05:20:49   UPDATING data to tables `time2vie_cirruscommon`.`login` fields ( login, last_time ) values (0, 2020-08-13 05:20:49) on conditions username = 
05:20:50   UPDATING data to tables `log_login` fields ( logout_time ) values (2020-08-13:03:20:50) on conditions id =  AND username = 
06:03:11   UPDATING data to tables `time2vie_cirruscommon`.`login` fields ( login, last_time ) values (0, 2020-08-13 06:03:10) on conditions username = 
06:03:11   UPDATING data to tables `log_login` fields ( logout_time ) values (2020-08-13:04:03:11) on conditions id =  AND username = 
06:33:22   UPDATING data to tables `time2vie_cirruscommon`.`login` fields ( login, last_time ) values (0, 2020-08-13 06:33:22) on conditions username = 
06:33:22   UPDATING data to tables `log_login` fields ( logout_time ) values (2020-08-13:04:33:22) on conditions id =  AND username = 
06:33:35 bema001  UPDATING data to tables `time2vie_cirruscommon`.`secondary_login` fields ( error ) values (1) on conditions username = bema001 AND company_id = 8
07:51:26   UPDATING data to tables `time2vie_cirruscommon`.`login` fields ( login, last_time ) values (0, 2020-08-13 07:51:26) on conditions username = 
07:51:26   UPDATING data to tables `log_login` fields ( logout_time ) values (2020-08-13:05:51:26) on conditions id =  AND username = 
07:52:09   UPDATING data to tables `time2vie_cirruscommon`.`login` fields ( login, last_time ) values (0, 2020-08-13 07:52:09) on conditions username = 
07:52:09   UPDATING data to tables `log_login` fields ( logout_time ) values (2020-08-13:05:52:09) on conditions id =  AND username = 
08:07:50   UPDATING data to tables `time2vie_cirruscommon`.`login` fields ( login, last_time ) values (0, 2020-08-13 08:07:50) on conditions username = 
08:07:50   UPDATING data to tables `log_login` fields ( logout_time ) values (2020-08-13:06:07:50) on conditions id =  AND username = 
08:08:00 krda003  UPDATING data to tables `time2vie_cirruscommon`.`secondary_login` fields ( error ) values (1) on conditions username = krda003 AND company_id = 7
08:08:56   UPDATING data to tables `time2vie_cirruscommon`.`login` fields ( login, last_time ) values (0, 2020-08-13 08:08:56) on conditions username = 
08:08:56   UPDATING data to tables `log_login` fields ( logout_time ) values (2020-08-13:06:08:56) on conditions id =  AND username = 
08:34:12 edsh002  UPDATING data to tables `time2vie_cirruscommon`.`secondary_login` fields ( error ) values (6) on conditions username = edsh002 AND company_id = 12
08:34:32 izsh001  UPDATING data to tables `time2vie_cirruscommon`.`secondary_login` fields ( error ) values (1) on conditions username = izsh001 AND company_id = 12
08:34:46   UPDATING data to tables `log_login` fields ( logout_time ) values (2020-08-13:06:34:46) on conditions id = 22066 AND username = izsh001
08:37:54   UPDATING data to tables `time2vie_cirruscommon`.`login` fields ( login, last_time ) values (0, 2020-08-13 08:37:54) on conditions username = 
08:37:54   UPDATING data to tables `log_login` fields ( logout_time ) values (2020-08-13:06:37:54) on conditions id =  AND username = 
09:10:05   UPDATING data to tables `log_login` fields ( logout_time ) values (2020-08-13:07:10:05) on conditions id = 22067 AND username = omze001
09:17:06   UPDATING data to tables `time2vie_cirruscommon`.`login` fields ( login, last_time ) values (0, 2020-08-13 09:17:06) on conditions username = 
09:17:06   UPDATING data to tables `log_login` fields ( logout_time ) values (2020-08-13:07:17:06) on conditions id =  AND username = 
09:25:10   UPDATING data to tables `time2vie_cirruscommon`.`login` fields ( login, last_time ) values (0, 2020-08-13 09:25:10) on conditions username = 
09:25:10   UPDATING data to tables `log_login` fields ( logout_time ) values (2020-08-13:07:25:10) on conditions id =  AND username = 
09:25:18 rian003  UPDATING data to tables `time2vie_cirruscommon`.`secondary_login` fields ( error ) values (1) on conditions username = rian003 AND company_id = 7
09:53:38   UPDATING data to tables `time2vie_cirruscommon`.`login` fields ( login, last_time ) values (0, 2020-08-13 09:53:38) on conditions username = 
09:53:38   UPDATING data to tables `log_login` fields ( logout_time ) values (2020-08-13:07:53:38) on conditions id =  AND username = 
09:54:36   UPDATING data to tables `log_login` fields ( logout_time ) values (2020-08-13:07:54:36) on conditions id = 278442 AND username = jeha004
09:54:37   UPDATING data to tables `log_login` fields ( logout_time ) values (2020-08-13:07:54:37) on conditions id = 278442 AND username = jeha004
09:54:37   UPDATING data to tables `log_login` fields ( logout_time ) values (2020-08-13:07:54:37) on conditions id = 278442 AND username = jeha004
10:03:41   UPDATING data to tables `log_login` fields ( logout_time ) values (2020-08-13:08:03:41) on conditions id = 12972 AND username = hejo003
10:04:03 thob001  UPDATING data to tables `time2vie_cirruscommon`.`secondary_login` fields ( error ) values (3) on conditions username = thob001 AND company_id = 7
10:07:05   UPDATING data to tables `time2vie_cirruscommon`.`login` fields ( login, last_time ) values (0, 2020-08-13 10:07:05) on conditions username = 
10:07:05   UPDATING data to tables `log_login` fields ( logout_time ) values (2020-08-13:08:07:05) on conditions id =  AND username = 
10:07:18   UPDATING data to tables `time2vie_cirruscommon`.`login` fields ( login, last_time ) values (0, 2020-08-13 10:07:18) on conditions username = 
10:07:18   UPDATING data to tables `log_login` fields ( logout_time ) values (2020-08-13:08:07:18) on conditions id =  AND username = 
10:09:30   UPDATING data to tables `time2vie_cirruscommon`.`login` fields ( login, last_time ) values (0, 2020-08-13 10:09:30) on conditions username = 
10:09:30   UPDATING data to tables `log_login` fields ( logout_time ) values (2020-08-13:08:09:30) on conditions id =  AND username = 
10:11:47   UPDATING data to tables `time2vie_cirruscommon`.`login` fields ( login, last_time ) values (0, 2020-08-13 10:11:47) on conditions username = 
10:11:47   UPDATING data to tables `log_login` fields ( logout_time ) values (2020-08-13:08:11:47) on conditions id =  AND username = 
10:13:57   UPDATING data to tables `time2vie_cirruscommon`.`login` fields ( login, last_time ) values (0, 2020-08-13 10:13:57) on conditions username = 
10:13:57   UPDATING data to tables `log_login` fields ( logout_time ) values (2020-08-13:08:13:57) on conditions id =  AND username = 
10:16:33   UPDATING data to tables `time2vie_cirruscommon`.`login` fields ( login, last_time ) values (0, 2020-08-13 10:16:33) on conditions username = 
10:16:33   UPDATING data to tables `log_login` fields ( logout_time ) values (2020-08-13:08:16:33) on conditions id =  AND username = 
10:17:47   UPDATING data to tables `time2vie_cirruscommon`.`login` fields ( login, last_time ) values (0, 2020-08-13 10:17:47) on conditions username = 
10:17:47   UPDATING data to tables `log_login` fields ( logout_time ) values (2020-08-13:08:17:47) on conditions id =  AND username = 
10:20:54   UPDATING data to tables `time2vie_cirruscommon`.`login` fields ( login, last_time ) values (0, 2020-08-13 10:20:54) on conditions username = 
10:20:54   UPDATING data to tables `log_login` fields ( logout_time ) values (2020-08-13:08:20:54) on conditions id =  AND username = 
10:31:09   UPDATING data to tables `time2vie_cirruscommon`.`login` fields ( login, last_time ) values (0, 2020-08-13 10:31:09) on conditions username = 
10:31:09   UPDATING data to tables `log_login` fields ( logout_time ) values (2020-08-13:08:31:09) on conditions id =  AND username = 
10:43:12   UPDATING data to tables `time2vie_cirruscommon`.`login` fields ( login, last_time ) values (0, 2020-08-13 10:43:12) on conditions username = 
10:43:12   UPDATING data to tables `log_login` fields ( logout_time ) values (2020-08-13:08:43:12) on conditions id =  AND username = 
10:45:02   UPDATING data to tables `time2vie_cirruscommon`.`login` fields ( login, last_time ) values (0, 2020-08-13 10:45:02) on conditions username = 
10:45:02   UPDATING data to tables `log_login` fields ( logout_time ) values (2020-08-13:08:45:02) on conditions id =  AND username = 
10:46:25   UPDATING data to tables `time2vie_cirruscommon`.`login` fields ( login, last_time ) values (0, 2020-08-13 10:46:25) on conditions username = 
10:46:25   UPDATING data to tables `log_login` fields ( logout_time ) values (2020-08-13:08:46:25) on conditions id =  AND username = 
10:48:48   UPDATING data to tables `time2vie_cirruscommon`.`login` fields ( login, last_time ) values (0, 2020-08-13 10:48:48) on conditions username = 
10:48:48   UPDATING data to tables `log_login` fields ( logout_time ) values (2020-08-13:08:48:48) on conditions id =  AND username = 
10:52:42   UPDATING data to tables `time2vie_cirruscommon`.`login` fields ( login, last_time ) values (0, 2020-08-13 10:52:42) on conditions username = 
10:52:42   UPDATING data to tables `log_login` fields ( logout_time ) values (2020-08-13:08:52:42) on conditions id =  AND username = 
10:52:58   UPDATING data to tables `time2vie_cirruscommon`.`login` fields ( login, last_time ) values (0, 2020-08-13 10:52:58) on conditions username = 
10:52:58   UPDATING data to tables `log_login` fields ( logout_time ) values (2020-08-13:08:52:58) on conditions id =  AND username = 
11:04:07   UPDATING data to tables `time2vie_cirruscommon`.`login` fields ( login, last_time ) values (0, 2020-08-13 11:04:07) on conditions username = 
11:04:07   UPDATING data to tables `log_login` fields ( logout_time ) values (2020-08-13:09:04:07) on conditions id =  AND username = 
11:12:47   UPDATING data to tables `time2vie_cirruscommon`.`login` fields ( login, last_time ) values (0, 2020-08-13 11:12:47) on conditions username = 
11:12:47   UPDATING data to tables `log_login` fields ( logout_time ) values (2020-08-13:09:12:47) on conditions id =  AND username = 
11:16:54   UPDATING data to tables `time2vie_cirruscommon`.`login` fields ( login, last_time ) values (0, 2020-08-13 11:16:54) on conditions username = 
11:16:54   UPDATING data to tables `log_login` fields ( logout_time ) values (2020-08-13:09:16:54) on conditions id =  AND username = 
11:25:26   UPDATING data to tables `time2vie_cirruscommon`.`login` fields ( login, last_time ) values (0, 2020-08-13 11:25:26) on conditions username = 
11:25:26   UPDATING data to tables `log_login` fields ( logout_time ) values (2020-08-13:09:25:26) on conditions id =  AND username = 
11:25:49   UPDATING data to tables `time2vie_cirruscommon`.`secondary_login` fields ( error ) values (1) on conditions username = masa011 AND company_id = 9
11:29:21   UPDATING data to tables `time2vie_cirruscommon`.`login` fields ( login, last_time ) values (0, 2020-08-13 11:29:21) on conditions username = 
11:29:21   UPDATING data to tables `log_login` fields ( logout_time ) values (2020-08-13:09:29:21) on conditions id =  AND username = 
11:31:00   UPDATING data to tables `time2vie_cirruscommon`.`login` fields ( login, last_time ) values (0, 2020-08-13 11:31:00) on conditions username = 
11:31:00   UPDATING data to tables `log_login` fields ( logout_time ) values (2020-08-13:09:31:00) on conditions id =  AND username = 
11:31:48 maab006  UPDATING data to tables `time2vie_cirruscommon`.`secondary_login` fields ( error ) values (1) on conditions username = maab006 AND company_id = 4
11:43:50   UPDATING data to tables `time2vie_cirruscommon`.`secondary_login` fields ( error ) values (1) on conditions username = masa011 AND company_id = 9
11:50:18   UPDATING data to tables `time2vie_cirruscommon`.`secondary_login` fields ( error ) values (1) on conditions username = cahe003 AND company_id = 9
11:50:54   UPDATING data to tables `time2vie_cirruscommon`.`login` fields ( login, last_time ) values (0, 2020-08-13 11:50:54) on conditions username = 
11:50:54   UPDATING data to tables `log_login` fields ( logout_time ) values (2020-08-13:09:50:54) on conditions id =  AND username = 
11:52:34   UPDATING data to tables `time2vie_cirruscommon`.`login` fields ( login, last_time ) values (0, 2020-08-13 11:52:34) on conditions username = 
11:52:34   UPDATING data to tables `log_login` fields ( logout_time ) values (2020-08-13:09:52:34) on conditions id =  AND username = 
11:54:04   UPDATING data to tables `time2vie_cirruscommon`.`login` fields ( login, last_time ) values (0, 2020-08-13 11:54:04) on conditions username = 
11:54:04   UPDATING data to tables `log_login` fields ( logout_time ) values (2020-08-13:09:54:04) on conditions id =  AND username = 
12:01:04   UPDATING data to tables `time2vie_cirruscommon`.`login` fields ( login, last_time ) values (0, 2020-08-13 12:01:04) on conditions username = 
12:01:04   UPDATING data to tables `log_login` fields ( logout_time ) values (2020-08-13:10:01:04) on conditions id =  AND username = 
12:09:40   UPDATING data to tables `time2vie_cirruscommon`.`secondary_login` fields ( error ) values (1) on conditions username = hesv003 AND company_id = 5
12:25:21   UPDATING data to tables `time2vie_cirruscommon`.`login` fields ( login, last_time ) values (0, 2020-08-13 12:25:21) on conditions username = 
12:25:21   UPDATING data to tables `log_login` fields ( logout_time ) values (2020-08-13:10:25:21) on conditions id =  AND username = 
12:25:30 joli005  UPDATING data to tables `time2vie_cirruscommon`.`secondary_login` fields ( error ) values (1) on conditions username = joli005 AND company_id = 5
12:27:44   UPDATING data to tables `time2vie_cirruscommon`.`login` fields ( login, last_time ) values (0, 2020-08-13 12:27:44) on conditions username = 
12:27:44   UPDATING data to tables `log_login` fields ( logout_time ) values (2020-08-13:10:27:44) on conditions id =  AND username = 
12:36:07   UPDATING data to tables `time2vie_cirruscommon`.`login` fields ( login, last_time ) values (0, 2020-08-13 12:36:07) on conditions username = 
12:36:07   UPDATING data to tables `log_login` fields ( logout_time ) values (2020-08-13:10:36:07) on conditions id =  AND username = 
12:49:58   UPDATING data to tables `log_login` fields ( logout_time ) values (2020-08-13:10:49:58) on conditions id = 50374 AND username = inlj001
12:50:28   UPDATING data to tables `time2vie_cirruscommon`.`login` fields ( login, last_time ) values (0, 2020-08-13 12:50:28) on conditions username = 
12:50:28   UPDATING data to tables `log_login` fields ( logout_time ) values (2020-08-13:10:50:28) on conditions id =  AND username = 
12:53:50   UPDATING data to tables `time2vie_cirruscommon`.`login` fields ( login, last_time ) values (0, 2020-08-13 12:53:50) on conditions username = 
12:53:50   UPDATING data to tables `log_login` fields ( logout_time ) values (2020-08-13:10:53:50) on conditions id =  AND username = 
12:56:12   UPDATING data to tables `time2vie_cirruscommon`.`login` fields ( login, last_time ) values (0, 2020-08-13 12:56:12) on conditions username = 
12:56:12   UPDATING data to tables `log_login` fields ( logout_time ) values (2020-08-13:10:56:12) on conditions id =  AND username = 
13:06:33   UPDATING data to tables `time2vie_cirruscommon`.`login` fields ( login, last_time ) values (0, 2020-08-13 13:06:33) on conditions username = 
13:06:33   UPDATING data to tables `log_login` fields ( logout_time ) values (2020-08-13:11:06:33) on conditions id =  AND username = 
13:08:31   UPDATING data to tables `time2vie_cirruscommon`.`secondary_login` fields ( error ) values (1) on conditions username = thwo001 AND company_id = 7
13:17:22   UPDATING data to tables `time2vie_cirruscommon`.`login` fields ( login, last_time ) values (0, 2020-08-13 13:17:22) on conditions username = 
13:17:22   UPDATING data to tables `log_login` fields ( logout_time ) values (2020-08-13:11:17:22) on conditions id =  AND username = 
13:22:12   UPDATING data to tables `time2vie_cirruscommon`.`login` fields ( login, last_time ) values (0, 2020-08-13 13:22:12) on conditions username = 
13:22:12   UPDATING data to tables `log_login` fields ( logout_time ) values (2020-08-13:11:22:12) on conditions id =  AND username = 
13:30:24   UPDATING data to tables `time2vie_cirruscommon`.`login` fields ( login, last_time ) values (0, 2020-08-13 13:30:24) on conditions username = 
13:30:24   UPDATING data to tables `log_login` fields ( logout_time ) values (2020-08-13:11:30:24) on conditions id =  AND username = 
13:32:33   UPDATING data to tables `time2vie_cirruscommon`.`login` fields ( login, last_time ) values (0, 2020-08-13 13:32:33) on conditions username = 
13:32:33   UPDATING data to tables `log_login` fields ( logout_time ) values (2020-08-13:11:32:33) on conditions id =  AND username = 
13:34:01   UPDATING data to tables `time2vie_cirruscommon`.`login` fields ( login, last_time ) values (0, 2020-08-13 13:34:01) on conditions username = 
13:34:01   UPDATING data to tables `log_login` fields ( logout_time ) values (2020-08-13:11:34:01) on conditions id =  AND username = 
13:38:56   UPDATING data to tables `time2vie_cirruscommon`.`login` fields ( login, last_time ) values (0, 2020-08-13 13:38:56) on conditions username = 
13:38:56   UPDATING data to tables `log_login` fields ( logout_time ) values (2020-08-13:11:38:56) on conditions id =  AND username = 
13:44:57   UPDATING data to tables `time2vie_cirruscommon`.`secondary_login` fields ( error ) values (1) on conditions username = amar001 AND company_id = 8
13:54:52   UPDATING data to tables `time2vie_cirruscommon`.`login` fields ( login, last_time ) values (0, 2020-08-13 13:54:52) on conditions username = 
13:54:52   UPDATING data to tables `log_login` fields ( logout_time ) values (2020-08-13:11:54:52) on conditions id =  AND username = 
13:58:29   UPDATING data to tables `time2vie_cirruscommon`.`login` fields ( login, last_time ) values (0, 2020-08-13 13:58:29) on conditions username = 
13:58:29   UPDATING data to tables `log_login` fields ( logout_time ) values (2020-08-13:11:58:29) on conditions id =  AND username = 
14:07:48   UPDATING data to tables `time2vie_cirruscommon`.`login` fields ( login, last_time ) values (0, 2020-08-13 14:07:48) on conditions username = 
14:07:48   UPDATING data to tables `log_login` fields ( logout_time ) values (2020-08-13:12:07:48) on conditions id =  AND username = 
14:09:55   UPDATING data to tables `time2vie_cirruscommon`.`login` fields ( login, last_time ) values (0, 2020-08-13 14:09:55) on conditions username = 
14:09:55   UPDATING data to tables `log_login` fields ( logout_time ) values (2020-08-13:12:09:55) on conditions id =  AND username = 
14:11:11   UPDATING data to tables `time2vie_cirruscommon`.`login` fields ( login, last_time ) values (0, 2020-08-13 14:11:11) on conditions username = 
14:11:11   UPDATING data to tables `log_login` fields ( logout_time ) values (2020-08-13:12:11:11) on conditions id =  AND username = 
14:11:18   UPDATING data to tables `log_login` fields ( logout_time ) values (2020-08-13:12:11:18) on conditions id = 278500 AND username = emho004
14:21:34   UPDATING data to tables `time2vie_cirruscommon`.`login` fields ( login, last_time ) values (0, 2020-08-13 14:21:34) on conditions username = 
14:21:34   UPDATING data to tables `log_login` fields ( logout_time ) values (2020-08-13:12:21:34) on conditions id =  AND username = 
14:27:53   UPDATING data to tables `time2vie_cirruscommon`.`login` fields ( login, last_time ) values (0, 2020-08-13 14:27:53) on conditions username = 
14:27:53   UPDATING data to tables `log_login` fields ( logout_time ) values (2020-08-13:12:27:53) on conditions id =  AND username = 
14:28:27   UPDATING data to tables `time2vie_cirruscommon`.`secondary_login` fields ( error ) values (1) on conditions username = mija001 AND company_id = 13
14:29:10   UPDATING data to tables `time2vie_cirruscommon`.`secondary_login` fields ( error ) values (1) on conditions username = mija001 AND company_id = 13
14:37:37   UPDATING data to tables `time2vie_cirruscommon`.`login` fields ( login, last_time ) values (0, 2020-08-13 14:37:37) on conditions username = 
14:37:37   UPDATING data to tables `log_login` fields ( logout_time ) values (2020-08-13:12:37:37) on conditions id =  AND username = 
14:46:02   UPDATING data to tables `time2vie_cirruscommon`.`login` fields ( login, last_time ) values (0, 2020-08-13 14:46:02) on conditions username = 
14:46:02   UPDATING data to tables `log_login` fields ( logout_time ) values (2020-08-13:12:46:02) on conditions id =  AND username = 
14:47:02   UPDATING data to tables `time2vie_cirruscommon`.`login` fields ( login, last_time ) values (0, 2020-08-13 14:47:02) on conditions username = 
14:47:02   UPDATING data to tables `log_login` fields ( logout_time ) values (2020-08-13:12:47:02) on conditions id =  AND username = 
14:48:48   UPDATING data to tables `time2vie_cirruscommon`.`login` fields ( login, last_time ) values (0, 2020-08-13 14:48:48) on conditions username = 
14:48:48   UPDATING data to tables `log_login` fields ( logout_time ) values (2020-08-13:12:48:48) on conditions id =  AND username = 
14:55:20   UPDATING data to tables `time2vie_cirruscommon`.`login` fields ( login, last_time ) values (0, 2020-08-13 14:55:20) on conditions username = 
14:55:20   UPDATING data to tables `log_login` fields ( logout_time ) values (2020-08-13:12:55:20) on conditions id =  AND username = 
14:56:57   UPDATING data to tables `time2vie_cirruscommon`.`login` fields ( login, last_time ) values (0, 2020-08-13 14:56:57) on conditions username = 
14:56:57   UPDATING data to tables `log_login` fields ( logout_time ) values (2020-08-13:12:56:57) on conditions id =  AND username = 
14:57:15   UPDATING data to tables `time2vie_cirruscommon`.`login` fields ( login, last_time ) values (0, 2020-08-13 14:57:15) on conditions username = 
14:57:15   UPDATING data to tables `log_login` fields ( logout_time ) values (2020-08-13:12:57:15) on conditions id =  AND username = 
14:57:48   UPDATING data to tables `time2vie_cirruscommon`.`login` fields ( login, last_time ) values (0, 2020-08-13 14:57:48) on conditions username = 
14:57:48   UPDATING data to tables `log_login` fields ( logout_time ) values (2020-08-13:12:57:48) on conditions id =  AND username = 
15:04:58   UPDATING data to tables `time2vie_cirruscommon`.`login` fields ( login, last_time ) values (0, 2020-08-13 15:04:58) on conditions username = 
15:04:58   UPDATING data to tables `log_login` fields ( logout_time ) values (2020-08-13:13:04:58) on conditions id =  AND username = 
15:15:33   UPDATING data to tables `log_login` fields ( logout_time ) values (2020-08-13:13:15:33) on conditions id = 201316 AND username = anan020
15:20:04   UPDATING data to tables `time2vie_cirruscommon`.`secondary_login` fields ( error ) values (1) on conditions username = cahe003 AND company_id = 9
15:21:52   UPDATING data to tables `time2vie_cirruscommon`.`login` fields ( login, last_time ) values (0, 2020-08-13 15:21:52) on conditions username = 
15:21:52   UPDATING data to tables `log_login` fields ( logout_time ) values (2020-08-13:13:21:52) on conditions id =  AND username = 
15:22:46   UPDATING data to tables `time2vie_cirruscommon`.`login` fields ( login, last_time ) values (0, 2020-08-13 15:22:46) on conditions username = 
15:22:46   UPDATING data to tables `log_login` fields ( logout_time ) values (2020-08-13:13:22:46) on conditions id =  AND username = 
15:38:34   UPDATING data to tables `time2vie_cirruscommon`.`login` fields ( login, last_time ) values (0, 2020-08-13 15:38:34) on conditions username = 
15:38:34   UPDATING data to tables `log_login` fields ( logout_time ) values (2020-08-13:13:38:34) on conditions id =  AND username = 
16:01:38   UPDATING data to tables `time2vie_cirruscommon`.`login` fields ( login, last_time ) values (0, 2020-08-13 16:01:38) on conditions username = 
16:01:38   UPDATING data to tables `log_login` fields ( logout_time ) values (2020-08-13:14:01:38) on conditions id =  AND username = 
16:19:03   UPDATING data to tables `time2vie_cirruscommon`.`login` fields ( login, last_time ) values (0, 2020-08-13 16:19:03) on conditions username = 
16:19:03   UPDATING data to tables `log_login` fields ( logout_time ) values (2020-08-13:14:19:03) on conditions id =  AND username = 
16:28:14   UPDATING data to tables `time2vie_cirruscommon`.`login` fields ( login, last_time ) values (0, 2020-08-13 16:28:14) on conditions username = 
16:28:14   UPDATING data to tables `log_login` fields ( logout_time ) values (2020-08-13:14:28:14) on conditions id =  AND username = 
16:38:13   UPDATING data to tables `time2vie_cirruscommon`.`login` fields ( login, last_time ) values (0, 2020-08-13 16:38:13) on conditions username = 
16:38:13   UPDATING data to tables `log_login` fields ( logout_time ) values (2020-08-13:14:38:13) on conditions id =  AND username = 
16:40:00   UPDATING data to tables `time2vie_cirruscommon`.`login` fields ( login, last_time ) values (0, 2020-08-13 16:40:00) on conditions username = 
16:40:00   UPDATING data to tables `log_login` fields ( logout_time ) values (2020-08-13:14:40:00) on conditions id =  AND username = 
16:46:53   UPDATING data to tables `time2vie_cirruscommon`.`login` fields ( login, last_time ) values (0, 2020-08-13 16:46:53) on conditions username = 
16:46:53   UPDATING data to tables `log_login` fields ( logout_time ) values (2020-08-13:14:46:53) on conditions id =  AND username = 
16:52:33   UPDATING data to tables `time2vie_cirruscommon`.`login` fields ( login, last_time ) values (0, 2020-08-13 16:52:33) on conditions username = 
16:52:33   UPDATING data to tables `log_login` fields ( logout_time ) values (2020-08-13:14:52:33) on conditions id =  AND username = 
17:05:49   UPDATING data to tables `time2vie_cirruscommon`.`login` fields ( login, last_time ) values (0, 2020-08-13 17:05:49) on conditions username = 
17:05:49   UPDATING data to tables `log_login` fields ( logout_time ) values (2020-08-13:15:05:49) on conditions id =  AND username = 
17:15:56   UPDATING data to tables `time2vie_cirruscommon`.`login` fields ( login, last_time ) values (0, 2020-08-13 17:15:56) on conditions username = 
17:15:56   UPDATING data to tables `log_login` fields ( logout_time ) values (2020-08-13:15:15:56) on conditions id =  AND username = 
17:40:52   UPDATING data to tables `time2vie_cirruscommon`.`login` fields ( login, last_time ) values (0, 2020-08-13 17:40:52) on conditions username = 
17:40:52   UPDATING data to tables `log_login` fields ( logout_time ) values (2020-08-13:15:40:52) on conditions id =  AND username = 
18:10:34   UPDATING data to tables `time2vie_cirruscommon`.`login` fields ( login, last_time ) values (0, 2020-08-13 18:10:34) on conditions username = 
18:10:34   UPDATING data to tables `log_login` fields ( logout_time ) values (2020-08-13:16:10:34) on conditions id =  AND username = 
19:35:07   UPDATING data to tables `time2vie_cirruscommon`.`secondary_login` fields ( error ) values (1) on conditions username = yoel001 AND company_id = 13
19:35:27   UPDATING data to tables `time2vie_cirruscommon`.`secondary_login` fields ( error ) values (1) on conditions username = yoel001 AND company_id = 13
19:50:45   UPDATING data to tables `time2vie_cirruscommon`.`login` fields ( login, last_time ) values (0, 2020-08-13 19:50:45) on conditions username = 
19:50:45   UPDATING data to tables `log_login` fields ( logout_time ) values (2020-08-13:17:50:45) on conditions id =  AND username = 
19:55:17   UPDATING data to tables `time2vie_cirruscommon`.`login` fields ( login, last_time ) values (0, 2020-08-13 19:55:17) on conditions username = 
19:55:17   UPDATING data to tables `log_login` fields ( logout_time ) values (2020-08-13:17:55:17) on conditions id =  AND username = 
19:58:54   UPDATING data to tables `time2vie_cirruscommon`.`login` fields ( login, last_time ) values (0, 2020-08-13 19:58:54) on conditions username = 
19:58:54   UPDATING data to tables `log_login` fields ( logout_time ) values (2020-08-13:17:58:54) on conditions id =  AND username = 
20:00:02   UPDATING data to tables `time2vie_cirruscommon`.`login` fields ( login, last_time ) values (0, 2020-08-13 20:00:02) on conditions username = 
20:00:02   UPDATING data to tables `log_login` fields ( logout_time ) values (2020-08-13:18:00:02) on conditions id =  AND username = 
20:21:02   UPDATING data to tables `time2vie_cirruscommon`.`login` fields ( login, last_time ) values (0, 2020-08-13 20:21:02) on conditions username = 
20:21:02   UPDATING data to tables `log_login` fields ( logout_time ) values (2020-08-13:18:21:02) on conditions id =  AND username = 
20:37:21   UPDATING data to tables `time2vie_cirruscommon`.`secondary_login` fields ( error ) values (3) on conditions username = emel002 AND company_id = 20
20:45:58   UPDATING data to tables `time2vie_cirruscommon`.`login` fields ( login, last_time ) values (0, 2020-08-13 20:45:58) on conditions username = 
20:45:58   UPDATING data to tables `log_login` fields ( logout_time ) values (2020-08-13:18:45:58) on conditions id =  AND username = 
20:46:50 muad001  UPDATING data to tables `time2vie_cirruscommon`.`secondary_login` fields ( error ) values (1) on conditions username = muad001 AND company_id = 3
21:15:41   UPDATING data to tables `time2vie_cirruscommon`.`login` fields ( login, last_time ) values (0, 2020-08-13 21:15:41) on conditions username = 
21:15:41   UPDATING data to tables `log_login` fields ( logout_time ) values (2020-08-13:19:15:41) on conditions id =  AND username = 
21:23:22   UPDATING data to tables `time2vie_cirruscommon`.`login` fields ( login, last_time ) values (0, 2020-08-13 21:23:22) on conditions username = 
21:23:22   UPDATING data to tables `log_login` fields ( logout_time ) values (2020-08-13:19:23:22) on conditions id =  AND username = 
21:27:21   UPDATING data to tables `time2vie_cirruscommon`.`login` fields ( login, last_time ) values (0, 2020-08-13 21:27:21) on conditions username = 
21:27:21   UPDATING data to tables `log_login` fields ( logout_time ) values (2020-08-13:19:27:21) on conditions id =  AND username = 
21:58:37   UPDATING data to tables `time2vie_cirruscommon`.`login` fields ( login, last_time ) values (0, 2020-08-13 21:58:37) on conditions username = 
21:58:37   UPDATING data to tables `log_login` fields ( logout_time ) values (2020-08-13:19:58:37) on conditions id =  AND username = 
22:06:11   UPDATING data to tables `time2vie_cirruscommon`.`login` fields ( login, last_time ) values (0, 2020-08-13 22:06:11) on conditions username = 
22:06:11   UPDATING data to tables `log_login` fields ( logout_time ) values (2020-08-13:20:06:11) on conditions id =  AND username = 
22:07:57   UPDATING data to tables `time2vie_cirruscommon`.`login` fields ( login, last_time ) values (0, 2020-08-13 22:07:57) on conditions username = 
22:07:57   UPDATING data to tables `log_login` fields ( logout_time ) values (2020-08-13:20:07:57) on conditions id =  AND username = 
22:23:48   UPDATING data to tables `time2vie_cirruscommon`.`login` fields ( login, last_time ) values (0, 2020-08-13 22:23:48) on conditions username = 
22:23:48   UPDATING data to tables `log_login` fields ( logout_time ) values (2020-08-13:20:23:48) on conditions id =  AND username = 
22:23:58 beto001  UPDATING data to tables `time2vie_cirruscommon`.`secondary_login` fields ( error ) values (1) on conditions username = beto001 AND company_id = 9
22:24:23 beto001  UPDATING data to tables `time2vie_cirruscommon`.`secondary_login` fields ( error ) values (2) on conditions username = beto001 AND company_id = 9
22:32:14   UPDATING data to tables `time2vie_cirruscommon`.`login` fields ( login, last_time ) values (0, 2020-08-13 22:32:14) on conditions username = 
22:32:14   UPDATING data to tables `log_login` fields ( logout_time ) values (2020-08-13:20:32:14) on conditions id =  AND username = 
22:35:34   UPDATING data to tables `time2vie_cirruscommon`.`login` fields ( login, last_time ) values (0, 2020-08-13 22:35:34) on conditions username = 
22:35:34   UPDATING data to tables `log_login` fields ( logout_time ) values (2020-08-13:20:35:34) on conditions id =  AND username = 
23:23:51   UPDATING data to tables `time2vie_cirruscommon`.`secondary_login` fields ( error ) values (1) on conditions username = anol012 AND company_id = 9
23:42:06   UPDATING data to tables `time2vie_cirruscommon`.`login` fields ( login, last_time ) values (0, 2020-08-13 23:42:06) on conditions username = 
23:42:06   UPDATING data to tables `log_login` fields ( logout_time ) values (2020-08-13:21:42:06) on conditions id =  AND username = 
00:03:43   UPDATING data to tables `time2vie_cirruscommon`.`login` fields ( login, last_time ) values (0, 2020-08-14 00:03:43) on conditions username = 
00:03:43   UPDATING data to tables `log_login` fields ( logout_time ) values (2020-08-13:22:03:43) on conditions id =  AND username = 
00:21:56   UPDATING data to tables `time2vie_cirruscommon`.`secondary_login` fields ( error ) values (1) on conditions username = thwo001 AND company_id = 7
00:23:49   UPDATING data to tables `time2vie_cirruscommon`.`login` fields ( login, last_time ) values (0, 2020-08-14 00:23:49) on conditions username = 
00:23:49   UPDATING data to tables `log_login` fields ( logout_time ) values (2020-08-13:22:23:49) on conditions id =  AND username = 
00:24:00 toas001  UPDATING data to tables `time2vie_cirruscommon`.`secondary_login` fields ( error ) values (1) on conditions username = toas001 AND company_id = 9
00:24:10 toas001  UPDATING data to tables `time2vie_cirruscommon`.`secondary_login` fields ( error ) values (2) on conditions username = toas001 AND company_id = 9
00:24:11 toas001  UPDATING data to tables `time2vie_cirruscommon`.`secondary_login` fields ( error ) values (3) on conditions username = toas001 AND company_id = 9
00:25:47   UPDATING data to tables `time2vie_cirruscommon`.`login` fields ( login, last_time ) values (0, 2020-08-14 00:25:47) on conditions username = 
00:25:47   UPDATING data to tables `log_login` fields ( logout_time ) values (2020-08-13:22:25:47) on conditions id =  AND username = 
00:26:04 toas001  UPDATING data to tables `time2vie_cirruscommon`.`secondary_login` fields ( error ) values (1) on conditions username = toas001 AND company_id = 9
00:26:13 toas001  UPDATING data to tables `time2vie_cirruscommon`.`secondary_login` fields ( error ) values (2) on conditions username = toas001 AND company_id = 9
