01:48:23   UPDATING data to tables `time2vie_cirruscommon`.`login` fields ( login, last_time ) values (0, 2020-11-18 01:48:23) on conditions username = 
01:48:23   UPDATING data to tables `log_login` fields ( logout_time ) values (2020-11-18:00:48:23) on conditions id =  AND username = 
05:02:12   UPDATING data to tables `time2vie_cirruscommon`.`login` fields ( login, last_time ) values (0, 2020-11-18 05:02:12) on conditions username = 
05:02:12   UPDATING data to tables `log_login` fields ( logout_time ) values (2020-11-18:04:02:12) on conditions id =  AND username = 
07:15:32   UPDATING data to tables `time2vie_cirruscommon`.`login` fields ( login, last_time ) values (0, 2020-11-18 07:15:32) on conditions username = 
07:15:32   UPDATING data to tables `log_login` fields ( logout_time ) values (2020-11-18:06:15:32) on conditions id =  AND username = 
07:15:48 thka002  UPDATING data to tables `time2vie_cirruscommon`.`secondary_login` fields ( error ) values (1) on conditions username = thka002 AND company_id = 9
07:16:21   UPDATING data to tables `time2vie_cirruscommon`.`login` fields ( login, last_time ) values (0, 2020-11-18 07:16:21) on conditions username = 
07:16:21   UPDATING data to tables `log_login` fields ( logout_time ) values (2020-11-18:06:16:21) on conditions id =  AND username = 
07:57:13   UPDATING data to tables `time2vie_cirruscommon`.`login` fields ( login, last_time ) values (0, 2020-11-18 07:57:13) on conditions username = 
07:57:13   UPDATING data to tables `log_login` fields ( logout_time ) values (2020-11-18:06:57:13) on conditions id =  AND username = 
08:02:08   UPDATING data to tables `time2vie_cirruscommon`.`login` fields ( login, last_time ) values (0, 2020-11-18 08:02:08) on conditions username = 
08:02:08   UPDATING data to tables `log_login` fields ( logout_time ) values (2020-11-18:07:02:08) on conditions id =  AND username = 
08:02:26   UPDATING data to tables `time2vie_cirruscommon`.`login` fields ( login, last_time ) values (0, 2020-11-18 08:02:26) on conditions username = 
08:02:26   UPDATING data to tables `log_login` fields ( logout_time ) values (2020-11-18:07:02:26) on conditions id =  AND username = 
08:13:20   UPDATING data to tables `time2vie_cirruscommon`.`login` fields ( login, last_time ) values (0, 2020-11-18 08:13:20) on conditions username = 
08:13:20   UPDATING data to tables `log_login` fields ( logout_time ) values (2020-11-18:07:13:20) on conditions id =  AND username = 
08:28:02   UPDATING data to tables `time2vie_cirruscommon`.`login` fields ( login, last_time ) values (0, 2020-11-18 08:28:02) on conditions username = 
08:28:02   UPDATING data to tables `log_login` fields ( logout_time ) values (2020-11-18:07:28:02) on conditions id =  AND username = 
08:50:46   UPDATING data to tables `time2vie_cirruscommon`.`login` fields ( login, last_time ) values (0, 2020-11-18 08:50:46) on conditions username = 
08:50:46   UPDATING data to tables `log_login` fields ( logout_time ) values (2020-11-18:07:50:46) on conditions id =  AND username = 
08:55:13   UPDATING data to tables `time2vie_cirruscommon`.`login` fields ( login, last_time ) values (0, 2020-11-18 08:55:13) on conditions username = 
08:55:13   UPDATING data to tables `log_login` fields ( logout_time ) values (2020-11-18:07:55:13) on conditions id =  AND username = 
09:21:07   UPDATING data to tables `time2vie_cirruscommon`.`login` fields ( login, last_time ) values (0, 2020-11-18 09:21:07) on conditions username = 
09:21:07   UPDATING data to tables `log_login` fields ( logout_time ) values (2020-11-18:08:21:07) on conditions id =  AND username = 
09:29:02   UPDATING data to tables `time2vie_cirruscommon`.`login` fields ( login, last_time ) values (0, 2020-11-18 09:29:02) on conditions username = 
09:29:02   UPDATING data to tables `log_login` fields ( logout_time ) values (2020-11-18:08:29:02) on conditions id =  AND username = 
09:32:49   UPDATING data to tables `time2vie_cirruscommon`.`login` fields ( login, last_time ) values (0, 2020-11-18 09:32:49) on conditions username = 
09:32:49   UPDATING data to tables `log_login` fields ( logout_time ) values (2020-11-18:08:32:49) on conditions id =  AND username = 
09:49:51   UPDATING data to tables `time2vie_cirruscommon`.`login` fields ( login, last_time ) values (0, 2020-11-18 09:49:51) on conditions username = 
09:49:52   UPDATING data to tables `log_login` fields ( logout_time ) values (2020-11-18:08:49:51) on conditions id =  AND username = 
10:00:04   UPDATING data to tables `time2vie_cirruscommon`.`login` fields ( login, last_time ) values (0, 2020-11-18 10:00:04) on conditions username = 
10:00:04   UPDATING data to tables `log_login` fields ( logout_time ) values (2020-11-18:09:00:04) on conditions id =  AND username = 
10:02:39   UPDATING data to tables `time2vie_cirruscommon`.`login` fields ( login, last_time ) values (0, 2020-11-18 10:02:39) on conditions username = 
10:02:39   UPDATING data to tables `log_login` fields ( logout_time ) values (2020-11-18:09:02:39) on conditions id =  AND username = 
10:02:47   UPDATING data to tables `time2vie_cirruscommon`.`login` fields ( login, last_time ) values (0, 2020-11-18 10:02:47) on conditions username = 
10:02:47   UPDATING data to tables `log_login` fields ( logout_time ) values (2020-11-18:09:02:47) on conditions id =  AND username = 
10:04:46   UPDATING data to tables `time2vie_cirruscommon`.`login` fields ( login, last_time ) values (0, 2020-11-18 10:04:46) on conditions username = 
10:04:46   UPDATING data to tables `log_login` fields ( logout_time ) values (2020-11-18:09:04:46) on conditions id =  AND username = 
10:16:22   UPDATING data to tables `time2vie_cirruscommon`.`login` fields ( login, last_time ) values (0, 2020-11-18 10:16:22) on conditions username = 
10:16:22   UPDATING data to tables `log_login` fields ( logout_time ) values (2020-11-18:09:16:22) on conditions id =  AND username = 
10:18:15   UPDATING data to tables `time2vie_cirruscommon`.`login` fields ( login, last_time ) values (0, 2020-11-18 10:18:15) on conditions username = 
10:18:15   UPDATING data to tables `log_login` fields ( logout_time ) values (2020-11-18:09:18:15) on conditions id =  AND username = 
10:21:03   UPDATING data to tables `time2vie_cirruscommon`.`login` fields ( login, last_time ) values (0, 2020-11-18 10:21:03) on conditions username = 
10:21:03   UPDATING data to tables `log_login` fields ( logout_time ) values (2020-11-18:09:21:03) on conditions id =  AND username = 
10:24:17   UPDATING data to tables `time2vie_cirruscommon`.`login` fields ( login, last_time ) values (0, 2020-11-18 10:24:17) on conditions username = 
10:24:17   UPDATING data to tables `log_login` fields ( logout_time ) values (2020-11-18:09:24:17) on conditions id =  AND username = 
10:24:28 paen002  UPDATING data to tables `time2vie_cirruscommon`.`secondary_login` fields ( error ) values (1) on conditions username = paen002 AND company_id = 13
10:27:57   UPDATING data to tables `time2vie_cirruscommon`.`login` fields ( login, last_time ) values (0, 2020-11-18 10:27:57) on conditions username = 
10:27:57   UPDATING data to tables `log_login` fields ( logout_time ) values (2020-11-18:09:27:57) on conditions id =  AND username = 
10:34:48   UPDATING data to tables `time2vie_cirruscommon`.`login` fields ( login, last_time ) values (0, 2020-11-18 10:34:48) on conditions username = 
10:34:48   UPDATING data to tables `log_login` fields ( logout_time ) values (2020-11-18:09:34:48) on conditions id =  AND username = 
10:43:52   UPDATING data to tables `time2vie_cirruscommon`.`login` fields ( login, last_time ) values (0, 2020-11-18 10:43:52) on conditions username = 
10:43:52   UPDATING data to tables `log_login` fields ( logout_time ) values (2020-11-18:09:43:52) on conditions id =  AND username = 
10:48:33   UPDATING data to tables `time2vie_cirruscommon`.`login` fields ( login, last_time ) values (0, 2020-11-18 10:48:32) on conditions username = 
10:48:33   UPDATING data to tables `log_login` fields ( logout_time ) values (2020-11-18:09:48:33) on conditions id =  AND username = 
10:48:42 anhe012  UPDATING data to tables `time2vie_cirruscommon`.`secondary_login` fields ( error ) values (1) on conditions username = anhe012 AND company_id = 7
10:48:43 anhe012  UPDATING data to tables `time2vie_cirruscommon`.`secondary_login` fields ( error ) values (2) on conditions username = anhe012 AND company_id = 7
10:57:02   UPDATING data to tables `log_login` fields ( logout_time ) values (2020-11-18:09:57:02) on conditions id = 271576 AND username = najo003
11:08:50   UPDATING data to tables `time2vie_cirruscommon`.`login` fields ( login, last_time ) values (0, 2020-11-18 11:08:50) on conditions username = 
11:08:50   UPDATING data to tables `log_login` fields ( logout_time ) values (2020-11-18:10:08:50) on conditions id =  AND username = 
11:10:09   UPDATING data to tables `log_login` fields ( logout_time ) values (2020-11-18:10:10:09) on conditions id = 271579 AND username = najo003
11:10:57   UPDATING data to tables `time2vie_cirruscommon`.`login` fields ( login, last_time ) values (0, 2020-11-18 11:10:57) on conditions username = 
11:10:57   UPDATING data to tables `log_login` fields ( logout_time ) values (2020-11-18:10:10:57) on conditions id =  AND username = 
11:51:38   UPDATING data to tables `time2vie_cirruscommon`.`login` fields ( login, last_time ) values (0, 2020-11-18 11:51:38) on conditions username = 
11:51:38   UPDATING data to tables `log_login` fields ( logout_time ) values (2020-11-18:10:51:38) on conditions id =  AND username = 
12:08:59   UPDATING data to tables `time2vie_cirruscommon`.`login` fields ( login, last_time ) values (0, 2020-11-18 12:08:59) on conditions username = 
12:08:59   UPDATING data to tables `log_login` fields ( logout_time ) values (2020-11-18:11:08:59) on conditions id =  AND username = 
12:15:10   UPDATING data to tables `log_login` fields ( logout_time ) values (2020-11-18:11:15:10) on conditions id = 271586 AND username = malu006
12:42:53   UPDATING data to tables `time2vie_cirruscommon`.`login` fields ( login, last_time ) values (0, 2020-11-18 12:42:53) on conditions username = 
12:42:53   UPDATING data to tables `log_login` fields ( logout_time ) values (2020-11-18:11:42:53) on conditions id =  AND username = 
13:01:38   UPDATING data to tables `time2vie_cirruscommon`.`login` fields ( login, last_time ) values (0, 2020-11-18 13:01:38) on conditions username = 
13:01:38   UPDATING data to tables `log_login` fields ( logout_time ) values (2020-11-18:12:01:38) on conditions id =  AND username = 
13:05:45   UPDATING data to tables `time2vie_cirruscommon`.`login` fields ( login, last_time ) values (0, 2020-11-18 13:05:45) on conditions username = 
13:05:45   UPDATING data to tables `log_login` fields ( logout_time ) values (2020-11-18:12:05:45) on conditions id =  AND username = 
13:06:32 kean001  UPDATING data to tables `time2vie_cirruscommon`.`secondary_login` fields ( error ) values (1) on conditions username = kean001 AND company_id = 9
13:06:32 kean001  UPDATING data to tables `time2vie_cirruscommon`.`secondary_login` fields ( error ) values (2) on conditions username = kean001 AND company_id = 9
13:06:45   UPDATING data to tables `time2vie_cirruscommon`.`login` fields ( login, last_time ) values (0, 2020-11-18 13:06:45) on conditions username = 
13:06:45   UPDATING data to tables `log_login` fields ( logout_time ) values (2020-11-18:12:06:45) on conditions id =  AND username = 
13:06:52 kean001  UPDATING data to tables `time2vie_cirruscommon`.`secondary_login` fields ( error ) values (3) on conditions username = kean001 AND company_id = 9
13:07:13 kean001  UPDATING data to tables `time2vie_cirruscommon`.`secondary_login` fields ( error ) values (4) on conditions username = kean001 AND company_id = 9
13:07:43 kean001  UPDATING data to tables `time2vie_cirruscommon`.`secondary_login` fields ( error ) values (5) on conditions username = kean001 AND company_id = 9
13:07:44 kean001  UPDATING data to tables `time2vie_cirruscommon`.`secondary_login` fields ( error ) values (6) on conditions username = kean001 AND company_id = 9
13:07:45 kean001  UPDATING data to tables `time2vie_cirruscommon`.`secondary_login` fields ( error ) values (7) on conditions username = kean001 AND company_id = 9
13:07:46 kean001  UPDATING data to tables `time2vie_cirruscommon`.`secondary_login` fields ( error ) values (8) on conditions username = kean001 AND company_id = 9
13:08:53   UPDATING data to tables `time2vie_cirruscommon`.`login` fields ( login, last_time ) values (0, 2020-11-18 13:08:53) on conditions username = 
13:08:53   UPDATING data to tables `log_login` fields ( logout_time ) values (2020-11-18:12:08:53) on conditions id =  AND username = 
13:09:13 kean001  UPDATING data to tables `time2vie_cirruscommon`.`secondary_login` fields ( error ) values (9) on conditions username = kean001 AND company_id = 9
13:09:50 kean001  INSERTING data into tables `time2vie_cirruscommon`.`sms_otp` fields ( user_id, company_id, mobile, otp, purpose, date ) values ( kean001, 9, 762179604, 564426, PASSWORD_RECOVERY, 2020-11-18 13:09:50 ) => {inserted_id = 1478}
13:09:50 kean001  INSERTING data into tables `time2vie_cirrus9`.`log_sms` fields ( from_user, to_user, to_no, message, status ) values ( unknown, kean001, 762179604, %0ADitt engångslösenord är 564426.%0AAnvändarnamn : kean001%0AFöretag : Libra assistans AB%0ATänk på att lösenordet är en personlig värdehandling. Hälsningar Time2view CIRRUS, 1 ) => {inserted_id = 12061}
13:10:11 kean001  INSERTING data into tables `time2vie_cirruscommon`.`sms_otp` fields ( user_id, company_id, mobile, otp, purpose, date ) values ( kean001, 9, 762179604, 294808, PASSWORD_RECOVERY, 2020-11-18 13:10:11 ) => {inserted_id = 1479}
13:10:11 kean001  INSERTING data into tables `time2vie_cirrus9`.`log_sms` fields ( from_user, to_user, to_no, message, status ) values ( unknown, kean001, 762179604, %0ADitt engångslösenord är 294808.%0AAnvändarnamn : kean001%0AFöretag : Libra assistans AB%0ATänk på att lösenordet är en personlig värdehandling. Hälsningar Time2view CIRRUS, 1 ) => {inserted_id = 12062}
13:11:01 kean001  INSERTING data into tables `time2vie_cirruscommon`.`sms_otp` fields ( user_id, company_id, mobile, otp, purpose, date ) values ( kean001, 9, 762179604, 312965, PASSWORD_RECOVERY, 2020-11-18 13:11:01 ) => {inserted_id = 1480}
13:11:01 kean001  INSERTING data into tables `time2vie_cirrus9`.`log_sms` fields ( from_user, to_user, to_no, message, status ) values ( unknown, kean001, 762179604, %0ADitt engångslösenord är 312965.%0AAnvändarnamn : kean001%0AFöretag : Libra assistans AB%0ATänk på att lösenordet är en personlig värdehandling. Hälsningar Time2view CIRRUS, 1 ) => {inserted_id = 12063}
13:11:07 kean001  INSERTING data into tables `time2vie_cirruscommon`.`sms_otp` fields ( user_id, company_id, mobile, otp, purpose, date ) values ( kean001, 9, 762179604, 660165, PASSWORD_RECOVERY, 2020-11-18 13:11:07 ) => {inserted_id = 1481}
13:11:07 kean001  INSERTING data into tables `time2vie_cirrus9`.`log_sms` fields ( from_user, to_user, to_no, message, status ) values ( unknown, kean001, 762179604, %0ADitt engångslösenord är 660165.%0AAnvändarnamn : kean001%0AFöretag : Libra assistans AB%0ATänk på att lösenordet är en personlig värdehandling. Hälsningar Time2view CIRRUS, 1 ) => {inserted_id = 12064}
13:11:33 kean001  UPDATING data to tables `time2vie_cirruscommon`.`secondary_login` fields ( error ) values (10) on conditions username = kean001 AND company_id = 9
13:12:24 kean001  INSERTING data into tables `time2vie_cirruscommon`.`sms_otp` fields ( user_id, company_id, mobile, otp, purpose, date ) values ( kean001, 9, 762179604, 137708, PASSWORD_RECOVERY, 2020-11-18 13:12:24 ) => {inserted_id = 1482}
13:12:24 kean001  INSERTING data into tables `time2vie_cirrus9`.`log_sms` fields ( from_user, to_user, to_no, message, status ) values ( unknown, kean001, 762179604, %0ADitt engångslösenord är 137708.%0AAnvändarnamn : kean001%0AFöretag : Libra assistans AB%0ATänk på att lösenordet är en personlig värdehandling. Hälsningar Time2view CIRRUS, 1 ) => {inserted_id = 12065}
13:20:16   UPDATING data to tables `time2vie_cirruscommon`.`login` fields ( login, last_time ) values (0, 2020-11-18 13:20:16) on conditions username = 
13:20:16   UPDATING data to tables `log_login` fields ( logout_time ) values (2020-11-18:12:20:16) on conditions id =  AND username = 
13:20:43 kean001  UPDATING data to tables `time2vie_cirruscommon`.`secondary_login` fields ( error ) values (1) on conditions username = kean001 AND company_id = 9
13:21:10 kean001  INSERTING data into tables `time2vie_cirruscommon`.`sms_otp` fields ( user_id, company_id, mobile, otp, purpose, date ) values ( kean001, 9, 762179604, 199538, PASSWORD_RECOVERY, 2020-11-18 13:21:10 ) => {inserted_id = 1483}
13:21:10 kean001  INSERTING data into tables `time2vie_cirrus9`.`log_sms` fields ( from_user, to_user, to_no, message, status ) values ( unknown, kean001, 762179604, %0ADitt engångslösenord är 199538.%0AAnvändarnamn : kean001%0AFöretag : Libra assistans AB%0ATänk på att lösenordet är en personlig värdehandling. Hälsningar Time2view CIRRUS, 1 ) => {inserted_id = 12066}
13:23:19   UPDATING data to tables `time2vie_cirruscommon`.`login` fields ( login, last_time ) values (0, 2020-11-18 13:23:19) on conditions username = 
13:23:19   UPDATING data to tables `log_login` fields ( logout_time ) values (2020-11-18:12:23:19) on conditions id =  AND username = 
13:40:09   UPDATING data to tables `time2vie_cirruscommon`.`login` fields ( login, last_time ) values (0, 2020-11-18 13:40:09) on conditions username = 
13:40:09   UPDATING data to tables `log_login` fields ( logout_time ) values (2020-11-18:12:40:09) on conditions id =  AND username = 
13:44:09   UPDATING data to tables `time2vie_cirruscommon`.`login` fields ( login, last_time ) values (0, 2020-11-18 13:44:09) on conditions username = 
13:44:09   UPDATING data to tables `log_login` fields ( logout_time ) values (2020-11-18:12:44:09) on conditions id =  AND username = 
13:49:12   UPDATING data to tables `time2vie_cirruscommon`.`login` fields ( login, last_time ) values (0, 2020-11-18 13:49:12) on conditions username = 
13:49:12   UPDATING data to tables `log_login` fields ( logout_time ) values (2020-11-18:12:49:12) on conditions id =  AND username = 
13:59:49   UPDATING data to tables `time2vie_cirruscommon`.`login` fields ( login, last_time ) values (0, 2020-11-18 13:59:49) on conditions username = 
13:59:49   UPDATING data to tables `log_login` fields ( logout_time ) values (2020-11-18:12:59:49) on conditions id =  AND username = 
13:59:57   UPDATING data to tables `time2vie_cirruscommon`.`login` fields ( login, last_time ) values (0, 2020-11-18 13:59:57) on conditions username = 
13:59:57   UPDATING data to tables `log_login` fields ( logout_time ) values (2020-11-18:12:59:57) on conditions id =  AND username = 
14:01:20   UPDATING data to tables `time2vie_cirruscommon`.`login` fields ( login, last_time ) values (0, 2020-11-18 14:01:20) on conditions username = 
14:01:20   UPDATING data to tables `log_login` fields ( logout_time ) values (2020-11-18:13:01:20) on conditions id =  AND username = 
14:12:00   UPDATING data to tables `time2vie_cirruscommon`.`login` fields ( login, last_time ) values (0, 2020-11-18 14:12:00) on conditions username = 
14:12:00   UPDATING data to tables `log_login` fields ( logout_time ) values (2020-11-18:13:12:00) on conditions id =  AND username = 
14:18:21   UPDATING data to tables `time2vie_cirruscommon`.`login` fields ( login, last_time ) values (0, 2020-11-18 14:18:21) on conditions username = 
14:18:21   UPDATING data to tables `log_login` fields ( logout_time ) values (2020-11-18:13:18:21) on conditions id =  AND username = 
14:27:36   UPDATING data to tables `time2vie_cirruscommon`.`login` fields ( login, last_time ) values (0, 2020-11-18 14:27:36) on conditions username = 
14:27:36   UPDATING data to tables `log_login` fields ( logout_time ) values (2020-11-18:13:27:36) on conditions id =  AND username = 
14:28:48   UPDATING data to tables `time2vie_cirruscommon`.`login` fields ( login, last_time ) values (0, 2020-11-18 14:28:48) on conditions username = 
14:28:48   UPDATING data to tables `log_login` fields ( logout_time ) values (2020-11-18:13:28:48) on conditions id =  AND username = 
14:28:57   UPDATING data to tables `time2vie_cirruscommon`.`login` fields ( login, last_time ) values (0, 2020-11-18 14:28:57) on conditions username = 
14:28:57   UPDATING data to tables `log_login` fields ( logout_time ) values (2020-11-18:13:28:57) on conditions id =  AND username = 
14:28:58 saan013  UPDATING data to tables `time2vie_cirruscommon`.`secondary_login` fields ( error ) values (1) on conditions username = saan013 AND company_id = 7
14:29:24 anli021  UPDATING data to tables `time2vie_cirruscommon`.`secondary_login` fields ( error ) values (9) on conditions username = anli021 AND company_id = 9
14:29:44 anli021  UPDATING data to tables `time2vie_cirruscommon`.`secondary_login` fields ( error ) values (10) on conditions username = anli021 AND company_id = 9
14:38:09 anli021  UPDATING data to tables `time2vie_cirruscommon`.`secondary_login` fields ( error ) values (1) on conditions username = anli021 AND company_id = 9
14:38:13   UPDATING data to tables `time2vie_cirruscommon`.`login` fields ( login, last_time ) values (0, 2020-11-18 14:38:13) on conditions username = 
14:38:13   UPDATING data to tables `log_login` fields ( logout_time ) values (2020-11-18:13:38:13) on conditions id =  AND username = 
14:38:31 anli021  UPDATING data to tables `time2vie_cirruscommon`.`secondary_login` fields ( error ) values (2) on conditions username = anli021 AND company_id = 9
14:39:03   UPDATING data to tables `time2vie_cirruscommon`.`login` fields ( login, last_time ) values (0, 2020-11-18 14:39:03) on conditions username = 
14:39:03   UPDATING data to tables `log_login` fields ( logout_time ) values (2020-11-18:13:39:03) on conditions id =  AND username = 
14:40:47   UPDATING data to tables `time2vie_cirruscommon`.`login` fields ( login, last_time ) values (0, 2020-11-18 14:40:47) on conditions username = 
14:40:47   UPDATING data to tables `log_login` fields ( logout_time ) values (2020-11-18:13:40:47) on conditions id =  AND username = 
14:43:00   UPDATING data to tables `time2vie_cirruscommon`.`login` fields ( login, last_time ) values (0, 2020-11-18 14:43:00) on conditions username = 
14:43:00   UPDATING data to tables `log_login` fields ( logout_time ) values (2020-11-18:13:43:00) on conditions id =  AND username = 
14:43:56   UPDATING data to tables `time2vie_cirruscommon`.`login` fields ( login, last_time ) values (0, 2020-11-18 14:43:56) on conditions username = 
14:43:56   UPDATING data to tables `log_login` fields ( logout_time ) values (2020-11-18:13:43:56) on conditions id =  AND username = 
14:44:41 anli021  UPDATING data to tables `time2vie_cirruscommon`.`secondary_login` fields ( error ) values (3) on conditions username = anli021 AND company_id = 9
14:50:47   UPDATING data to tables `time2vie_cirruscommon`.`login` fields ( login, last_time ) values (0, 2020-11-18 14:50:47) on conditions username = 
14:50:47   UPDATING data to tables `log_login` fields ( logout_time ) values (2020-11-18:13:50:47) on conditions id =  AND username = 
14:52:31   UPDATING data to tables `time2vie_cirruscommon`.`login` fields ( login, last_time ) values (0, 2020-11-18 14:52:31) on conditions username = 
14:52:31   UPDATING data to tables `log_login` fields ( logout_time ) values (2020-11-18:13:52:31) on conditions id =  AND username = 
15:04:09   UPDATING data to tables `time2vie_cirruscommon`.`login` fields ( login, last_time ) values (0, 2020-11-18 15:04:09) on conditions username = 
15:04:09   UPDATING data to tables `log_login` fields ( logout_time ) values (2020-11-18:14:04:09) on conditions id =  AND username = 
15:06:38   UPDATING data to tables `time2vie_cirruscommon`.`login` fields ( login, last_time ) values (0, 2020-11-18 15:06:38) on conditions username = 
15:06:38   UPDATING data to tables `log_login` fields ( logout_time ) values (2020-11-18:14:06:38) on conditions id =  AND username = 
15:13:26   UPDATING data to tables `time2vie_cirruscommon`.`login` fields ( login, last_time ) values (0, 2020-11-18 15:13:26) on conditions username = 
15:13:26   UPDATING data to tables `log_login` fields ( logout_time ) values (2020-11-18:14:13:26) on conditions id =  AND username = 
15:13:47 kean001  UPDATING data to tables `time2vie_cirruscommon`.`secondary_login` fields ( error ) values (1) on conditions username = kean001 AND company_id = 9
15:34:13   UPDATING data to tables `time2vie_cirruscommon`.`login` fields ( login, last_time ) values (0, 2020-11-18 15:34:13) on conditions username = 
15:34:13   UPDATING data to tables `log_login` fields ( logout_time ) values (2020-11-18:14:34:13) on conditions id =  AND username = 
15:43:23   UPDATING data to tables `time2vie_cirruscommon`.`login` fields ( login, last_time ) values (0, 2020-11-18 15:43:23) on conditions username = 
15:43:23   UPDATING data to tables `log_login` fields ( logout_time ) values (2020-11-18:14:43:23) on conditions id =  AND username = 
15:54:21   UPDATING data to tables `time2vie_cirruscommon`.`login` fields ( login, last_time ) values (0, 2020-11-18 15:54:21) on conditions username = 
15:54:21   UPDATING data to tables `log_login` fields ( logout_time ) values (2020-11-18:14:54:21) on conditions id =  AND username = 
15:54:31 flde001  UPDATING data to tables `time2vie_cirruscommon`.`secondary_login` fields ( error ) values (1) on conditions username = flde001 AND company_id = 13
16:03:08   UPDATING data to tables `time2vie_cirruscommon`.`login` fields ( login, last_time ) values (0, 2020-11-18 16:03:08) on conditions username = 
16:03:08   UPDATING data to tables `log_login` fields ( logout_time ) values (2020-11-18:15:03:08) on conditions id =  AND username = 
16:03:43   UPDATING data to tables `time2vie_cirruscommon`.`login` fields ( login, last_time ) values (0, 2020-11-18 16:03:43) on conditions username = 
16:03:43   UPDATING data to tables `log_login` fields ( logout_time ) values (2020-11-18:15:03:43) on conditions id =  AND username = 
16:04:51   UPDATING data to tables `time2vie_cirruscommon`.`login` fields ( login, last_time ) values (0, 2020-11-18 16:04:51) on conditions username = 
16:04:51   UPDATING data to tables `log_login` fields ( logout_time ) values (2020-11-18:15:04:51) on conditions id =  AND username = 
16:05:38   UPDATING data to tables `time2vie_cirruscommon`.`login` fields ( login, last_time ) values (0, 2020-11-18 16:05:38) on conditions username = 
16:05:38   UPDATING data to tables `log_login` fields ( logout_time ) values (2020-11-18:15:05:38) on conditions id =  AND username = 
16:07:56   UPDATING data to tables `time2vie_cirruscommon`.`login` fields ( login, last_time ) values (0, 2020-11-18 16:07:56) on conditions username = 
16:07:56   UPDATING data to tables `log_login` fields ( logout_time ) values (2020-11-18:15:07:56) on conditions id =  AND username = 
16:44:51   UPDATING data to tables `time2vie_cirruscommon`.`login` fields ( login, last_time ) values (0, 2020-11-18 16:44:51) on conditions username = 
16:44:51   UPDATING data to tables `log_login` fields ( logout_time ) values (2020-11-18:15:44:51) on conditions id =  AND username = 
16:45:05 dojo002  UPDATING data to tables `time2vie_cirruscommon`.`secondary_login` fields ( error ) values (1) on conditions username = dojo002 AND company_id = 9
16:50:06   UPDATING data to tables `time2vie_cirruscommon`.`login` fields ( login, last_time ) values (0, 2020-11-18 16:50:06) on conditions username = 
16:50:06   UPDATING data to tables `log_login` fields ( logout_time ) values (2020-11-18:15:50:06) on conditions id =  AND username = 
16:50:18 alfr004  UPDATING data to tables `time2vie_cirruscommon`.`secondary_login` fields ( error ) values (1) on conditions username = alfr004 AND company_id = 8
16:58:29   UPDATING data to tables `time2vie_cirruscommon`.`login` fields ( login, last_time ) values (0, 2020-11-18 16:58:29) on conditions username = 
16:58:29   UPDATING data to tables `log_login` fields ( logout_time ) values (2020-11-18:15:58:29) on conditions id =  AND username = 
17:00:20   UPDATING data to tables `time2vie_cirruscommon`.`login` fields ( login, last_time ) values (0, 2020-11-18 17:00:20) on conditions username = 
17:00:20   UPDATING data to tables `log_login` fields ( logout_time ) values (2020-11-18:16:00:20) on conditions id =  AND username = 
17:00:44 anni009  UPDATING data to tables `time2vie_cirruscommon`.`secondary_login` fields ( error ) values (1) on conditions username = anni009 AND company_id = 7
17:02:35   UPDATING data to tables `time2vie_cirruscommon`.`login` fields ( login, last_time ) values (0, 2020-11-18 17:02:35) on conditions username = 
17:02:35   UPDATING data to tables `log_login` fields ( logout_time ) values (2020-11-18:16:02:35) on conditions id =  AND username = 
17:03:46   UPDATING data to tables `time2vie_cirruscommon`.`login` fields ( login, last_time ) values (0, 2020-11-18 17:03:46) on conditions username = 
17:03:46   UPDATING data to tables `log_login` fields ( logout_time ) values (2020-11-18:16:03:46) on conditions id =  AND username = 
17:03:57 svre001  UPDATING data to tables `time2vie_cirruscommon`.`secondary_login` fields ( error ) values (1) on conditions username = svre001 AND company_id = 7
17:04:05   UPDATING data to tables `time2vie_cirruscommon`.`login` fields ( login, last_time ) values (0, 2020-11-18 17:04:05) on conditions username = 
17:04:05   UPDATING data to tables `log_login` fields ( logout_time ) values (2020-11-18:16:04:05) on conditions id =  AND username = 
17:54:13   UPDATING data to tables `time2vie_cirruscommon`.`login` fields ( login, last_time ) values (0, 2020-11-18 17:54:13) on conditions username = 
17:54:13   UPDATING data to tables `log_login` fields ( logout_time ) values (2020-11-18:16:54:13) on conditions id =  AND username = 
17:55:04 pipe002  UPDATING data to tables `time2vie_cirruscommon`.`secondary_login` fields ( error ) values (1) on conditions username = pipe002 AND company_id = 5
17:59:38   UPDATING data to tables `time2vie_cirruscommon`.`login` fields ( login, last_time ) values (0, 2020-11-18 17:59:38) on conditions username = 
17:59:38   UPDATING data to tables `log_login` fields ( logout_time ) values (2020-11-18:16:59:38) on conditions id =  AND username = 
18:10:05   UPDATING data to tables `time2vie_cirruscommon`.`login` fields ( login, last_time ) values (0, 2020-11-18 18:10:05) on conditions username = 
18:10:05   UPDATING data to tables `log_login` fields ( logout_time ) values (2020-11-18:17:10:05) on conditions id =  AND username = 
18:15:17   UPDATING data to tables `time2vie_cirruscommon`.`login` fields ( login, last_time ) values (0, 2020-11-18 18:15:17) on conditions username = 
18:15:17   UPDATING data to tables `log_login` fields ( logout_time ) values (2020-11-18:17:15:17) on conditions id =  AND username = 
18:17:02   UPDATING data to tables `time2vie_cirruscommon`.`login` fields ( login, last_time ) values (0, 2020-11-18 18:17:02) on conditions username = 
18:17:02   UPDATING data to tables `log_login` fields ( logout_time ) values (2020-11-18:17:17:02) on conditions id =  AND username = 
18:57:58   UPDATING data to tables `time2vie_cirruscommon`.`login` fields ( login, last_time ) values (0, 2020-11-18 18:57:58) on conditions username = 
18:57:58   UPDATING data to tables `log_login` fields ( logout_time ) values (2020-11-18:17:57:58) on conditions id =  AND username = 
19:06:43   UPDATING data to tables `time2vie_cirruscommon`.`login` fields ( login, last_time ) values (0, 2020-11-18 19:06:43) on conditions username = 
19:06:43   UPDATING data to tables `log_login` fields ( logout_time ) values (2020-11-18:18:06:43) on conditions id =  AND username = 
19:10:21   UPDATING data to tables `time2vie_cirruscommon`.`login` fields ( login, last_time ) values (0, 2020-11-18 19:10:21) on conditions username = 
19:10:21   UPDATING data to tables `log_login` fields ( logout_time ) values (2020-11-18:18:10:21) on conditions id =  AND username = 
19:29:45   UPDATING data to tables `time2vie_cirruscommon`.`login` fields ( login, last_time ) values (0, 2020-11-18 19:29:45) on conditions username = 
19:29:45   UPDATING data to tables `log_login` fields ( logout_time ) values (2020-11-18:18:29:45) on conditions id =  AND username = 
19:30:10   UPDATING data to tables `log_login` fields ( logout_time ) values (2020-11-18:18:30:10) on conditions id = 599738 AND username = izje001
19:30:16 izje001  UPDATING data to tables `time2vie_cirruscommon`.`secondary_login` fields ( error ) values (1) on conditions username = izje001 AND company_id = 9
19:30:21 izje001  UPDATING data to tables `time2vie_cirruscommon`.`secondary_login` fields ( error ) values (2) on conditions username = izje001 AND company_id = 9
20:11:47   UPDATING data to tables `time2vie_cirruscommon`.`login` fields ( login, last_time ) values (0, 2020-11-18 20:11:47) on conditions username = 
20:11:47   UPDATING data to tables `log_login` fields ( logout_time ) values (2020-11-18:19:11:47) on conditions id =  AND username = 
20:16:40   UPDATING data to tables `time2vie_cirruscommon`.`login` fields ( login, last_time ) values (0, 2020-11-18 20:16:40) on conditions username = 
20:16:40   UPDATING data to tables `log_login` fields ( logout_time ) values (2020-11-18:19:16:40) on conditions id =  AND username = 
20:29:05   UPDATING data to tables `time2vie_cirruscommon`.`login` fields ( login, last_time ) values (0, 2020-11-18 20:29:05) on conditions username = 
20:29:05   UPDATING data to tables `log_login` fields ( logout_time ) values (2020-11-18:19:29:05) on conditions id =  AND username = 
20:35:16   UPDATING data to tables `time2vie_cirruscommon`.`login` fields ( login, last_time ) values (0, 2020-11-18 20:35:16) on conditions username = 
20:35:16   UPDATING data to tables `log_login` fields ( logout_time ) values (2020-11-18:19:35:16) on conditions id =  AND username = 
20:35:28 mala008  UPDATING data to tables `time2vie_cirruscommon`.`secondary_login` fields ( error ) values (1) on conditions username = mala008 AND company_id = 9
20:40:21   UPDATING data to tables `time2vie_cirruscommon`.`login` fields ( login, last_time ) values (0, 2020-11-18 20:40:21) on conditions username = 
20:40:21   UPDATING data to tables `log_login` fields ( logout_time ) values (2020-11-18:19:40:21) on conditions id =  AND username = 
20:44:51   UPDATING data to tables `time2vie_cirruscommon`.`login` fields ( login, last_time ) values (0, 2020-11-18 20:44:51) on conditions username = 
20:44:51   UPDATING data to tables `log_login` fields ( logout_time ) values (2020-11-18:19:44:51) on conditions id =  AND username = 
20:46:21   UPDATING data to tables `time2vie_cirruscommon`.`login` fields ( login, last_time ) values (0, 2020-11-18 20:46:21) on conditions username = 
20:46:21   UPDATING data to tables `log_login` fields ( logout_time ) values (2020-11-18:19:46:21) on conditions id =  AND username = 
20:48:53   UPDATING data to tables `log_login` fields ( logout_time ) values (2020-11-18:19:48:53) on conditions id = 599753 AND username = solu003
20:50:53   UPDATING data to tables `time2vie_cirruscommon`.`login` fields ( login, last_time ) values (0, 2020-11-18 20:50:53) on conditions username = 
20:50:53   UPDATING data to tables `log_login` fields ( logout_time ) values (2020-11-18:19:50:53) on conditions id =  AND username = 
21:06:04   UPDATING data to tables `log_login` fields ( logout_time ) values (2020-11-18:20:06:04) on conditions id = 599759 AND username = solu003
21:18:00   UPDATING data to tables `time2vie_cirruscommon`.`login` fields ( login, last_time ) values (0, 2020-11-18 21:18:00) on conditions username = 
21:18:00   UPDATING data to tables `log_login` fields ( logout_time ) values (2020-11-18:20:18:00) on conditions id =  AND username = 
21:18:43   UPDATING data to tables `time2vie_cirruscommon`.`login` fields ( login, last_time ) values (0, 2020-11-18 21:18:43) on conditions username = 
21:18:43   UPDATING data to tables `log_login` fields ( logout_time ) values (2020-11-18:20:18:43) on conditions id =  AND username = 
21:22:18   UPDATING data to tables `time2vie_cirruscommon`.`login` fields ( login, last_time ) values (0, 2020-11-18 21:22:18) on conditions username = 
21:22:18   UPDATING data to tables `log_login` fields ( logout_time ) values (2020-11-18:20:22:18) on conditions id =  AND username = 
21:28:47   UPDATING data to tables `time2vie_cirruscommon`.`login` fields ( login, last_time ) values (0, 2020-11-18 21:28:47) on conditions username = 
21:28:47   UPDATING data to tables `log_login` fields ( logout_time ) values (2020-11-18:20:28:47) on conditions id =  AND username = 
21:46:38   UPDATING data to tables `time2vie_cirruscommon`.`login` fields ( login, last_time ) values (0, 2020-11-18 21:46:38) on conditions username = 
21:46:38   UPDATING data to tables `log_login` fields ( logout_time ) values (2020-11-18:20:46:38) on conditions id =  AND username = 
21:54:38   UPDATING data to tables `time2vie_cirruscommon`.`login` fields ( login, last_time ) values (0, 2020-11-18 21:54:38) on conditions username = 
21:54:38   UPDATING data to tables `log_login` fields ( logout_time ) values (2020-11-18:20:54:38) on conditions id =  AND username = 
21:54:54 saan013  UPDATING data to tables `time2vie_cirruscommon`.`secondary_login` fields ( error ) values (1) on conditions username = saan013 AND company_id = 7
21:55:00 saan013  UPDATING data to tables `time2vie_cirruscommon`.`secondary_login` fields ( error ) values (2) on conditions username = saan013 AND company_id = 7
22:22:39   UPDATING data to tables `time2vie_cirruscommon`.`login` fields ( login, last_time ) values (0, 2020-11-18 22:22:39) on conditions username = 
22:22:39   UPDATING data to tables `log_login` fields ( logout_time ) values (2020-11-18:21:22:39) on conditions id =  AND username = 
22:24:08   UPDATING data to tables `time2vie_cirruscommon`.`login` fields ( login, last_time ) values (0, 2020-11-18 22:24:08) on conditions username = 
22:24:08   UPDATING data to tables `log_login` fields ( logout_time ) values (2020-11-18:21:24:08) on conditions id =  AND username = 
22:24:55   UPDATING data to tables `time2vie_cirruscommon`.`login` fields ( login, last_time ) values (0, 2020-11-18 22:24:55) on conditions username = 
22:24:55   UPDATING data to tables `log_login` fields ( logout_time ) values (2020-11-18:21:24:55) on conditions id =  AND username = 
22:35:02   UPDATING data to tables `time2vie_cirruscommon`.`login` fields ( login, last_time ) values (0, 2020-11-18 22:35:02) on conditions username = 
22:35:02   UPDATING data to tables `log_login` fields ( logout_time ) values (2020-11-18:21:35:02) on conditions id =  AND username = 
22:39:11   UPDATING data to tables `time2vie_cirruscommon`.`login` fields ( login, last_time ) values (0, 2020-11-18 22:39:11) on conditions username = 
22:39:11   UPDATING data to tables `log_login` fields ( logout_time ) values (2020-11-18:21:39:11) on conditions id =  AND username = 
22:40:01   UPDATING data to tables `time2vie_cirruscommon`.`login` fields ( login, last_time ) values (0, 2020-11-18 22:40:01) on conditions username = 
22:40:01   UPDATING data to tables `log_login` fields ( logout_time ) values (2020-11-18:21:40:01) on conditions id =  AND username = 
23:10:14   UPDATING data to tables `time2vie_cirruscommon`.`login` fields ( login, last_time ) values (0, 2020-11-18 23:10:14) on conditions username = 
23:10:14   UPDATING data to tables `log_login` fields ( logout_time ) values (2020-11-18:22:10:14) on conditions id =  AND username = 
23:11:44   UPDATING data to tables `time2vie_cirruscommon`.`login` fields ( login, last_time ) values (0, 2020-11-18 23:11:44) on conditions username = 
23:11:44   UPDATING data to tables `log_login` fields ( logout_time ) values (2020-11-18:22:11:44) on conditions id =  AND username = 
23:27:13   UPDATING data to tables `time2vie_cirruscommon`.`login` fields ( login, last_time ) values (0, 2020-11-18 23:27:13) on conditions username = 
23:27:13   UPDATING data to tables `log_login` fields ( logout_time ) values (2020-11-18:22:27:13) on conditions id =  AND username = 
23:28:45   UPDATING data to tables `time2vie_cirruscommon`.`login` fields ( login, last_time ) values (0, 2020-11-18 23:28:45) on conditions username = 
23:28:45   UPDATING data to tables `log_login` fields ( logout_time ) values (2020-11-18:22:28:45) on conditions id =  AND username = 
00:07:47   UPDATING data to tables `time2vie_cirruscommon`.`login` fields ( login, last_time ) values (0, 2020-11-19 00:07:47) on conditions username = 
00:07:47   UPDATING data to tables `log_login` fields ( logout_time ) values (2020-11-18:23:07:47) on conditions id =  AND username = 
