05:38:45   UPDATING data to tables `time2vie_cirruscommon`.`login` fields ( login, last_time ) values (0, 2020-10-10 05:38:45) on conditions username = 
05:38:45   UPDATING data to tables `log_login` fields ( logout_time ) values (2020-10-10:03:38:45) on conditions id =  AND username = 
05:52:44   UPDATING data to tables `log_login` fields ( logout_time ) values (2020-10-10:03:52:44) on conditions id = 214436 AND username = chkj001
07:41:50   UPDATING data to tables `time2vie_cirruscommon`.`login` fields ( login, last_time ) values (0, 2020-10-10 07:41:50) on conditions username = 
07:41:50   UPDATING data to tables `log_login` fields ( logout_time ) values (2020-10-10:05:41:50) on conditions id =  AND username = 
07:43:32   UPDATING data to tables `time2vie_cirruscommon`.`login` fields ( login, last_time ) values (0, 2020-10-10 07:43:32) on conditions username = 
07:43:32   UPDATING data to tables `log_login` fields ( logout_time ) values (2020-10-10:05:43:32) on conditions id =  AND username = 
07:53:16   UPDATING data to tables `time2vie_cirruscommon`.`secondary_login` fields ( error ) values (1) on conditions username = kaol006 AND company_id = 20
08:10:28   UPDATING data to tables `time2vie_cirruscommon`.`login` fields ( login, last_time ) values (0, 2020-10-10 08:10:28) on conditions username = 
08:10:28   UPDATING data to tables `log_login` fields ( logout_time ) values (2020-10-10:06:10:28) on conditions id =  AND username = 
08:38:58   UPDATING data to tables `log_login` fields ( logout_time ) values (2020-10-10:06:38:58) on conditions id = 53965 AND username = inlj001
08:59:46   UPDATING data to tables `time2vie_cirruscommon`.`login` fields ( login, last_time ) values (0, 2020-10-10 08:59:46) on conditions username = 
08:59:46   UPDATING data to tables `log_login` fields ( logout_time ) values (2020-10-10:06:59:46) on conditions id =  AND username = 
09:00:27   UPDATING data to tables `time2vie_cirruscommon`.`login` fields ( login, last_time ) values (0, 2020-10-10 09:00:27) on conditions username = 
09:00:27   UPDATING data to tables `log_login` fields ( logout_time ) values (2020-10-10:07:00:27) on conditions id =  AND username = 
09:00:38 svre001  UPDATING data to tables `time2vie_cirruscommon`.`secondary_login` fields ( error ) values (1) on conditions username = svre001 AND company_id = 7
09:00:49 svre001  UPDATING data to tables `time2vie_cirruscommon`.`secondary_login` fields ( error ) values (2) on conditions username = svre001 AND company_id = 7
09:00:59 svre001  UPDATING data to tables `time2vie_cirruscommon`.`secondary_login` fields ( error ) values (3) on conditions username = svre001 AND company_id = 7
09:01:07 svre001  UPDATING data to tables `time2vie_cirruscommon`.`secondary_login` fields ( error ) values (4) on conditions username = svre001 AND company_id = 7
09:01:17 svre001  UPDATING data to tables `time2vie_cirruscommon`.`secondary_login` fields ( error ) values (5) on conditions username = svre001 AND company_id = 7
09:27:28 evda006  UPDATING data to tables `time2vie_cirruscommon`.`secondary_login` fields ( error ) values (22) on conditions username = evda006 AND company_id = 9
09:38:16   UPDATING data to tables `time2vie_cirruscommon`.`login` fields ( login, last_time ) values (0, 2020-10-10 09:38:16) on conditions username = 
09:38:16   UPDATING data to tables `log_login` fields ( logout_time ) values (2020-10-10:07:38:16) on conditions id =  AND username = 
09:39:41   UPDATING data to tables `time2vie_cirruscommon`.`login` fields ( login, last_time ) values (0, 2020-10-10 09:39:41) on conditions username = 
09:39:41   UPDATING data to tables `log_login` fields ( logout_time ) values (2020-10-10:07:39:41) on conditions id =  AND username = 
09:39:47 pher001  UPDATING data to tables `time2vie_cirruscommon`.`secondary_login` fields ( error ) values (1) on conditions username = pher001 AND company_id = 7
09:39:49 pher001  UPDATING data to tables `time2vie_cirruscommon`.`secondary_login` fields ( error ) values (2) on conditions username = pher001 AND company_id = 7
09:42:17   UPDATING data to tables `time2vie_cirruscommon`.`secondary_login` fields ( error ) values (1) on conditions username = anha011 AND company_id = 9
09:44:07   UPDATING data to tables `time2vie_cirruscommon`.`login` fields ( login, last_time ) values (0, 2020-10-10 09:44:07) on conditions username = 
09:44:07   UPDATING data to tables `log_login` fields ( logout_time ) values (2020-10-10:07:44:07) on conditions id =  AND username = 
10:03:59   UPDATING data to tables `log_login` fields ( logout_time ) values (2020-10-10:08:03:59) on conditions id = 262534 AND username = pher001
10:15:36   UPDATING data to tables `time2vie_cirruscommon`.`login` fields ( login, last_time ) values (0, 2020-10-10 10:15:36) on conditions username = 
10:15:36   UPDATING data to tables `log_login` fields ( logout_time ) values (2020-10-10:08:15:36) on conditions id =  AND username = 
10:55:40   UPDATING data to tables `time2vie_cirruscommon`.`login` fields ( login, last_time ) values (0, 2020-10-10 10:55:40) on conditions username = 
10:55:40   UPDATING data to tables `log_login` fields ( logout_time ) values (2020-10-10:08:55:40) on conditions id =  AND username = 
10:55:48 pher001  UPDATING data to tables `time2vie_cirruscommon`.`secondary_login` fields ( error ) values (1) on conditions username = pher001 AND company_id = 7
11:12:29   UPDATING data to tables `time2vie_cirruscommon`.`login` fields ( login, last_time ) values (0, 2020-10-10 11:12:29) on conditions username = 
11:12:29   UPDATING data to tables `log_login` fields ( logout_time ) values (2020-10-10:09:12:29) on conditions id =  AND username = 
11:14:40   UPDATING data to tables `time2vie_cirruscommon`.`login` fields ( login, last_time ) values (0, 2020-10-10 11:14:40) on conditions username = 
11:14:40   UPDATING data to tables `log_login` fields ( logout_time ) values (2020-10-10:09:14:40) on conditions id =  AND username = 
11:21:26   UPDATING data to tables `time2vie_cirruscommon`.`login` fields ( login, last_time ) values (0, 2020-10-10 11:21:26) on conditions username = 
11:21:26   UPDATING data to tables `log_login` fields ( logout_time ) values (2020-10-10:09:21:26) on conditions id =  AND username = 
11:28:07   UPDATING data to tables `log_login` fields ( logout_time ) values (2020-10-10:09:28:07) on conditions id = 14478 AND username = towa001
11:36:22   UPDATING data to tables `time2vie_cirruscommon`.`login` fields ( login, last_time ) values (0, 2020-10-10 11:36:22) on conditions username = 
11:36:22   UPDATING data to tables `log_login` fields ( logout_time ) values (2020-10-10:09:36:22) on conditions id =  AND username = 
11:38:10   UPDATING data to tables `time2vie_cirruscommon`.`login` fields ( login, last_time ) values (0, 2020-10-10 11:38:10) on conditions username = 
11:38:10   UPDATING data to tables `log_login` fields ( logout_time ) values (2020-10-10:09:38:10) on conditions id =  AND username = 
11:39:00   UPDATING data to tables `time2vie_cirruscommon`.`login` fields ( login, last_time ) values (0, 2020-10-10 11:39:00) on conditions username = 
11:39:00   UPDATING data to tables `log_login` fields ( logout_time ) values (2020-10-10:09:39:00) on conditions id =  AND username = 
12:04:55   UPDATING data to tables `time2vie_cirruscommon`.`login` fields ( login, last_time ) values (0, 2020-10-10 12:04:55) on conditions username = 
12:04:55   UPDATING data to tables `log_login` fields ( logout_time ) values (2020-10-10:10:04:55) on conditions id =  AND username = 
12:24:44   UPDATING data to tables `time2vie_cirruscommon`.`login` fields ( login, last_time ) values (0, 2020-10-10 12:24:44) on conditions username = 
12:24:44   UPDATING data to tables `log_login` fields ( logout_time ) values (2020-10-10:10:24:44) on conditions id =  AND username = 
12:58:39   UPDATING data to tables `time2vie_cirruscommon`.`login` fields ( login, last_time ) values (0, 2020-10-10 12:58:39) on conditions username = 
12:58:39   UPDATING data to tables `log_login` fields ( logout_time ) values (2020-10-10:10:58:39) on conditions id =  AND username = 
13:04:12   UPDATING data to tables `time2vie_cirruscommon`.`login` fields ( login, last_time ) values (0, 2020-10-10 13:04:12) on conditions username = 
13:04:12   UPDATING data to tables `log_login` fields ( logout_time ) values (2020-10-10:11:04:12) on conditions id =  AND username = 
13:12:48   UPDATING data to tables `time2vie_cirruscommon`.`login` fields ( login, last_time ) values (0, 2020-10-10 13:12:48) on conditions username = 
13:12:48   UPDATING data to tables `log_login` fields ( logout_time ) values (2020-10-10:11:12:48) on conditions id =  AND username = 
13:39:38   UPDATING data to tables `time2vie_cirruscommon`.`login` fields ( login, last_time ) values (0, 2020-10-10 13:39:38) on conditions username = 
13:39:38   UPDATING data to tables `log_login` fields ( logout_time ) values (2020-10-10:11:39:38) on conditions id =  AND username = 
13:41:38   UPDATING data to tables `time2vie_cirruscommon`.`login` fields ( login, last_time ) values (0, 2020-10-10 13:41:38) on conditions username = 
13:41:38   UPDATING data to tables `log_login` fields ( logout_time ) values (2020-10-10:11:41:38) on conditions id =  AND username = 
14:14:10   UPDATING data to tables `time2vie_cirruscommon`.`secondary_login` fields ( error ) values (1) on conditions username = masa011 AND company_id = 9
14:34:20   UPDATING data to tables `time2vie_cirruscommon`.`login` fields ( login, last_time ) values (0, 2020-10-10 14:34:20) on conditions username = 
14:34:20   UPDATING data to tables `log_login` fields ( logout_time ) values (2020-10-10:12:34:20) on conditions id =  AND username = 
14:58:41   UPDATING data to tables `time2vie_cirruscommon`.`login` fields ( login, last_time ) values (0, 2020-10-10 14:58:41) on conditions username = 
14:58:41   UPDATING data to tables `log_login` fields ( logout_time ) values (2020-10-10:12:58:41) on conditions id =  AND username = 
15:01:55   UPDATING data to tables `time2vie_cirruscommon`.`login` fields ( login, last_time ) values (0, 2020-10-10 15:01:55) on conditions username = 
15:01:55   UPDATING data to tables `log_login` fields ( logout_time ) values (2020-10-10:13:01:55) on conditions id =  AND username = 
15:02:12 beto001  UPDATING data to tables `time2vie_cirruscommon`.`secondary_login` fields ( error ) values (1) on conditions username = beto001 AND company_id = 9
15:03:12   UPDATING data to tables `time2vie_cirruscommon`.`login` fields ( login, last_time ) values (0, 2020-10-10 15:03:12) on conditions username = 
15:03:12   UPDATING data to tables `log_login` fields ( logout_time ) values (2020-10-10:13:03:12) on conditions id =  AND username = 
15:04:28   UPDATING data to tables `time2vie_cirruscommon`.`login` fields ( login, last_time ) values (0, 2020-10-10 15:04:28) on conditions username = 
15:04:28   UPDATING data to tables `log_login` fields ( logout_time ) values (2020-10-10:13:04:28) on conditions id =  AND username = 
15:06:58   UPDATING data to tables `time2vie_cirruscommon`.`login` fields ( login, last_time ) values (0, 2020-10-10 15:06:58) on conditions username = 
15:06:58   UPDATING data to tables `log_login` fields ( logout_time ) values (2020-10-10:13:06:58) on conditions id =  AND username = 
15:08:39   UPDATING data to tables `time2vie_cirruscommon`.`login` fields ( login, last_time ) values (0, 2020-10-10 15:08:39) on conditions username = 
15:08:39   UPDATING data to tables `log_login` fields ( logout_time ) values (2020-10-10:13:08:39) on conditions id =  AND username = 
15:20:04   UPDATING data to tables `log_login` fields ( logout_time ) values (2020-10-10:13:20:04) on conditions id = 40742 AND username = moli003
15:53:14   UPDATING data to tables `time2vie_cirruscommon`.`login` fields ( login, last_time ) values (0, 2020-10-10 15:53:14) on conditions username = 
15:53:14   UPDATING data to tables `log_login` fields ( logout_time ) values (2020-10-10:13:53:14) on conditions id =  AND username = 
16:06:59   UPDATING data to tables `time2vie_cirruscommon`.`login` fields ( login, last_time ) values (0, 2020-10-10 16:06:59) on conditions username = 
16:06:59   UPDATING data to tables `log_login` fields ( logout_time ) values (2020-10-10:14:06:59) on conditions id =  AND username = 
16:08:11   UPDATING data to tables `time2vie_cirruscommon`.`login` fields ( login, last_time ) values (0, 2020-10-10 16:08:11) on conditions username = 
16:08:11   UPDATING data to tables `log_login` fields ( logout_time ) values (2020-10-10:14:08:11) on conditions id =  AND username = 
16:09:26   UPDATING data to tables `time2vie_cirruscommon`.`login` fields ( login, last_time ) values (0, 2020-10-10 16:09:26) on conditions username = 
16:09:26   UPDATING data to tables `log_login` fields ( logout_time ) values (2020-10-10:14:09:26) on conditions id =  AND username = 
16:15:33   UPDATING data to tables `time2vie_cirruscommon`.`login` fields ( login, last_time ) values (0, 2020-10-10 16:15:33) on conditions username = 
16:15:33   UPDATING data to tables `log_login` fields ( logout_time ) values (2020-10-10:14:15:33) on conditions id =  AND username = 
16:16:05   UPDATING data to tables `time2vie_cirruscommon`.`login` fields ( login, last_time ) values (0, 2020-10-10 16:16:05) on conditions username = 
16:16:05   UPDATING data to tables `log_login` fields ( logout_time ) values (2020-10-10:14:16:05) on conditions id =  AND username = 
16:28:51   UPDATING data to tables `log_login` fields ( logout_time ) values (2020-10-10:14:28:51) on conditions id = 310269 AND username = mala008
16:30:08   UPDATING data to tables `log_login` fields ( logout_time ) values (2020-10-10:14:30:08) on conditions id = 310276 AND username = mala008
16:31:59   UPDATING data to tables `time2vie_cirruscommon`.`login` fields ( login, last_time ) values (0, 2020-10-10 16:31:59) on conditions username = 
16:31:59   UPDATING data to tables `log_login` fields ( logout_time ) values (2020-10-10:14:31:59) on conditions id =  AND username = 
16:32:30   UPDATING data to tables `time2vie_cirruscommon`.`login` fields ( login, last_time ) values (0, 2020-10-10 16:32:30) on conditions username = 
16:32:30   UPDATING data to tables `log_login` fields ( logout_time ) values (2020-10-10:14:32:30) on conditions id =  AND username = 
16:44:47   UPDATING data to tables `time2vie_cirruscommon`.`login` fields ( login, last_time ) values (0, 2020-10-10 16:44:47) on conditions username = 
16:44:47   UPDATING data to tables `log_login` fields ( logout_time ) values (2020-10-10:14:44:47) on conditions id =  AND username = 
16:45:37   UPDATING data to tables `time2vie_cirruscommon`.`login` fields ( login, last_time ) values (0, 2020-10-10 16:45:37) on conditions username = 
16:45:37   UPDATING data to tables `log_login` fields ( logout_time ) values (2020-10-10:14:45:37) on conditions id =  AND username = 
16:45:43 caha009  UPDATING data to tables `time2vie_cirruscommon`.`secondary_login` fields ( error ) values (1) on conditions username = caha009 AND company_id = 5
16:47:38   UPDATING data to tables `time2vie_cirruscommon`.`login` fields ( login, last_time ) values (0, 2020-10-10 16:47:38) on conditions username = 
16:47:38   UPDATING data to tables `log_login` fields ( logout_time ) values (2020-10-10:14:47:38) on conditions id =  AND username = 
16:48:36   UPDATING data to tables `time2vie_cirruscommon`.`login` fields ( login, last_time ) values (0, 2020-10-10 16:48:36) on conditions username = 
16:48:36   UPDATING data to tables `log_login` fields ( logout_time ) values (2020-10-10:14:48:36) on conditions id =  AND username = 
16:50:42   UPDATING data to tables `time2vie_cirruscommon`.`login` fields ( login, last_time ) values (0, 2020-10-10 16:50:42) on conditions username = 
16:50:42   UPDATING data to tables `log_login` fields ( logout_time ) values (2020-10-10:14:50:42) on conditions id =  AND username = 
16:54:29   UPDATING data to tables `log_login` fields ( logout_time ) values (2020-10-10:14:54:29) on conditions id = 310281 AND username = inla003
16:55:12   UPDATING data to tables `time2vie_cirruscommon`.`login` fields ( login, last_time ) values (0, 2020-10-10 16:55:12) on conditions username = 
16:55:12   UPDATING data to tables `log_login` fields ( logout_time ) values (2020-10-10:14:55:12) on conditions id =  AND username = 
16:56:44   UPDATING data to tables `time2vie_cirruscommon`.`login` fields ( login, last_time ) values (0, 2020-10-10 16:56:44) on conditions username = 
16:56:44   UPDATING data to tables `log_login` fields ( logout_time ) values (2020-10-10:14:56:44) on conditions id =  AND username = 
17:02:17   UPDATING data to tables `time2vie_cirruscommon`.`login` fields ( login, last_time ) values (0, 2020-10-10 17:02:17) on conditions username = 
17:02:17   UPDATING data to tables `log_login` fields ( logout_time ) values (2020-10-10:15:02:17) on conditions id =  AND username = 
17:06:59   UPDATING data to tables `log_login` fields ( logout_time ) values (2020-10-10:15:06:59) on conditions id = 310278 AND username = mala008
17:15:49   UPDATING data to tables `time2vie_cirruscommon`.`login` fields ( login, last_time ) values (0, 2020-10-10 17:15:49) on conditions username = 
17:15:49   UPDATING data to tables `log_login` fields ( logout_time ) values (2020-10-10:15:15:49) on conditions id =  AND username = 
17:30:38   UPDATING data to tables `time2vie_cirruscommon`.`login` fields ( login, last_time ) values (0, 2020-10-10 17:30:38) on conditions username = 
17:30:38   UPDATING data to tables `log_login` fields ( logout_time ) values (2020-10-10:15:30:38) on conditions id =  AND username = 
17:58:23   UPDATING data to tables `time2vie_cirruscommon`.`login` fields ( login, last_time ) values (0, 2020-10-10 17:58:23) on conditions username = 
17:58:23   UPDATING data to tables `log_login` fields ( logout_time ) values (2020-10-10:15:58:23) on conditions id =  AND username = 
18:09:24   UPDATING data to tables `time2vie_cirruscommon`.`login` fields ( login, last_time ) values (0, 2020-10-10 18:09:24) on conditions username = 
18:09:24   UPDATING data to tables `log_login` fields ( logout_time ) values (2020-10-10:16:09:24) on conditions id =  AND username = 
18:30:42   UPDATING data to tables `time2vie_cirruscommon`.`login` fields ( login, last_time ) values (0, 2020-10-10 18:30:42) on conditions username = 
18:30:42   UPDATING data to tables `log_login` fields ( logout_time ) values (2020-10-10:16:30:42) on conditions id =  AND username = 
18:31:15 inhe001  UPDATING data to tables `time2vie_cirruscommon`.`secondary_login` fields ( error ) values (1) on conditions username = inhe001 AND company_id = 7
18:47:46   UPDATING data to tables `time2vie_cirruscommon`.`login` fields ( login, last_time ) values (0, 2020-10-10 18:47:46) on conditions username = 
18:47:46   UPDATING data to tables `log_login` fields ( logout_time ) values (2020-10-10:16:47:46) on conditions id =  AND username = 
19:06:18   UPDATING data to tables `time2vie_cirruscommon`.`secondary_login` fields ( error ) values (1) on conditions username = masa011 AND company_id = 9
19:06:34   UPDATING data to tables `time2vie_cirruscommon`.`login` fields ( login, last_time ) values (0, 2020-10-10 19:06:34) on conditions username = 
19:06:34   UPDATING data to tables `log_login` fields ( logout_time ) values (2020-10-10:17:06:34) on conditions id =  AND username = 
19:08:40   UPDATING data to tables `time2vie_cirruscommon`.`secondary_login` fields ( error ) values (1) on conditions username = time002 AND company_id = 20
19:24:39   UPDATING data to tables `time2vie_cirruscommon`.`login` fields ( login, last_time ) values (0, 2020-10-10 19:24:39) on conditions username = 
19:24:39   UPDATING data to tables `log_login` fields ( logout_time ) values (2020-10-10:17:24:39) on conditions id =  AND username = 
19:33:33   UPDATING data to tables `time2vie_cirruscommon`.`login` fields ( login, last_time ) values (0, 2020-10-10 19:33:33) on conditions username = 
19:33:33   UPDATING data to tables `log_login` fields ( logout_time ) values (2020-10-10:17:33:33) on conditions id =  AND username = 
20:11:38   UPDATING data to tables `time2vie_cirruscommon`.`login` fields ( login, last_time ) values (0, 2020-10-10 20:11:38) on conditions username = 
20:11:38   UPDATING data to tables `log_login` fields ( logout_time ) values (2020-10-10:18:11:38) on conditions id =  AND username = 
20:40:21   UPDATING data to tables `time2vie_cirruscommon`.`login` fields ( login, last_time ) values (0, 2020-10-10 20:40:21) on conditions username = 
20:40:21   UPDATING data to tables `log_login` fields ( logout_time ) values (2020-10-10:18:40:21) on conditions id =  AND username = 
20:43:48   UPDATING data to tables `time2vie_cirruscommon`.`login` fields ( login, last_time ) values (0, 2020-10-10 20:43:48) on conditions username = 
20:43:48   UPDATING data to tables `log_login` fields ( logout_time ) values (2020-10-10:18:43:48) on conditions id =  AND username = 
20:46:33   UPDATING data to tables `time2vie_cirruscommon`.`login` fields ( login, last_time ) values (0, 2020-10-10 20:46:33) on conditions username = 
20:46:33   UPDATING data to tables `log_login` fields ( logout_time ) values (2020-10-10:18:46:33) on conditions id =  AND username = 
20:49:24 evda006  UPDATING data to tables `time2vie_cirruscommon`.`secondary_login` fields ( error ) values (23) on conditions username = evda006 AND company_id = 9
20:49:32 evda006  UPDATING data to tables `time2vie_cirruscommon`.`secondary_login` fields ( error ) values (24) on conditions username = evda006 AND company_id = 9
21:36:34 inlj001  UPDATING data to tables `time2vie_cirruscommon`.`secondary_login` fields ( error ) values (1) on conditions username = inlj001 AND company_id = 13
22:01:27   UPDATING data to tables `time2vie_cirruscommon`.`login` fields ( login, last_time ) values (0, 2020-10-10 22:01:27) on conditions username = 
22:01:27   UPDATING data to tables `log_login` fields ( logout_time ) values (2020-10-10:20:01:27) on conditions id =  AND username = 
22:05:25   UPDATING data to tables `time2vie_cirruscommon`.`login` fields ( login, last_time ) values (0, 2020-10-10 22:05:25) on conditions username = 
22:05:25   UPDATING data to tables `log_login` fields ( logout_time ) values (2020-10-10:20:05:25) on conditions id =  AND username = 
22:18:38 yaah001  UPDATING data to tables `time2vie_cirruscommon`.`secondary_login` fields ( error ) values (3) on conditions username = yaah001 AND company_id = 3
22:39:27   UPDATING data to tables `time2vie_cirruscommon`.`login` fields ( login, last_time ) values (0, 2020-10-10 22:39:27) on conditions username = 
22:39:27   UPDATING data to tables `log_login` fields ( logout_time ) values (2020-10-10:20:39:27) on conditions id =  AND username = 
22:39:35 sabi002  UPDATING data to tables `time2vie_cirruscommon`.`secondary_login` fields ( error ) values (1) on conditions username = sabi002 AND company_id = 7
23:50:49   UPDATING data to tables `time2vie_cirruscommon`.`login` fields ( login, last_time ) values (0, 2020-10-10 23:50:49) on conditions username = 
23:50:49   UPDATING data to tables `log_login` fields ( logout_time ) values (2020-10-10:21:50:49) on conditions id =  AND username = 
23:51:36   UPDATING data to tables `time2vie_cirruscommon`.`login` fields ( login, last_time ) values (0, 2020-10-10 23:51:36) on conditions username = 
23:51:36   UPDATING data to tables `log_login` fields ( logout_time ) values (2020-10-10:21:51:36) on conditions id =  AND username = 
23:59:03   UPDATING data to tables `time2vie_cirruscommon`.`login` fields ( login, last_time ) values (0, 2020-10-10 23:59:03) on conditions username = 
23:59:03   UPDATING data to tables `log_login` fields ( logout_time ) values (2020-10-10:21:59:03) on conditions id =  AND username = 
23:59:12 beto001  UPDATING data to tables `time2vie_cirruscommon`.`secondary_login` fields ( error ) values (1) on conditions username = beto001 AND company_id = 9
00:14:15   UPDATING data to tables `log_login` fields ( logout_time ) values (2020-10-10:22:14:15) on conditions id = 310313 AND username = beto001
00:27:43   UPDATING data to tables `time2vie_cirruscommon`.`login` fields ( login, last_time ) values (0, 2020-10-11 00:27:43) on conditions username = 
00:27:43   UPDATING data to tables `log_login` fields ( logout_time ) values (2020-10-10:22:27:43) on conditions id =  AND username = 
00:30:28   UPDATING data to tables `time2vie_cirruscommon`.`login` fields ( login, last_time ) values (0, 2020-10-11 00:30:28) on conditions username = 
00:30:28   UPDATING data to tables `log_login` fields ( logout_time ) values (2020-10-10:22:30:28) on conditions id =  AND username = 
