02:09:20   UPDATING data to tables `time2vie_cirruscommon`.`login` fields ( login, last_time ) values (0, 2020-08-25 02:09:20) on conditions username = 
02:09:20   UPDATING data to tables `log_login` fields ( logout_time ) values (2020-08-25:00:09:20) on conditions id =  AND username = 
02:12:04   UPDATING data to tables `time2vie_cirruscommon`.`login` fields ( login, last_time ) values (0, 2020-08-25 02:12:04) on conditions username = 
02:12:04   UPDATING data to tables `log_login` fields ( logout_time ) values (2020-08-25:00:12:04) on conditions id =  AND username = 
04:11:38   UPDATING data to tables `time2vie_cirruscommon`.`secondary_login` fields ( error ) values (1) on conditions username = besl001 AND company_id = 3
06:24:46   UPDATING data to tables `time2vie_cirruscommon`.`login` fields ( login, last_time ) values (0, 2020-08-25 06:24:46) on conditions username = 
06:24:46   UPDATING data to tables `log_login` fields ( logout_time ) values (2020-08-25:04:24:46) on conditions id =  AND username = 
07:14:06   UPDATING data to tables `time2vie_cirruscommon`.`login` fields ( login, last_time ) values (0, 2020-08-25 07:14:06) on conditions username = 
07:14:06   UPDATING data to tables `log_login` fields ( logout_time ) values (2020-08-25:05:14:06) on conditions id =  AND username = 
07:16:55   UPDATING data to tables `time2vie_cirruscommon`.`login` fields ( login, last_time ) values (0, 2020-08-25 07:16:55) on conditions username = 
07:16:55   UPDATING data to tables `log_login` fields ( logout_time ) values (2020-08-25:05:16:55) on conditions id =  AND username = 
07:19:13   UPDATING data to tables `time2vie_cirruscommon`.`login` fields ( login, last_time ) values (0, 2020-08-25 07:19:13) on conditions username = 
07:19:13   UPDATING data to tables `log_login` fields ( logout_time ) values (2020-08-25:05:19:13) on conditions id =  AND username = 
07:21:53   UPDATING data to tables `time2vie_cirruscommon`.`login` fields ( login, last_time ) values (0, 2020-08-25 07:21:53) on conditions username = 
07:21:53   UPDATING data to tables `log_login` fields ( logout_time ) values (2020-08-25:05:21:53) on conditions id =  AND username = 
07:42:16   UPDATING data to tables `time2vie_cirruscommon`.`login` fields ( login, last_time ) values (0, 2020-08-25 07:42:16) on conditions username = 
07:42:16   UPDATING data to tables `log_login` fields ( logout_time ) values (2020-08-25:05:42:16) on conditions id =  AND username = 
08:15:07   UPDATING data to tables `time2vie_cirruscommon`.`login` fields ( login, last_time ) values (0, 2020-08-25 08:15:07) on conditions username = 
08:15:07   UPDATING data to tables `log_login` fields ( logout_time ) values (2020-08-25:06:15:07) on conditions id =  AND username = 
08:36:02   UPDATING data to tables `time2vie_cirruscommon`.`login` fields ( login, last_time ) values (0, 2020-08-25 08:36:02) on conditions username = 
08:36:02   UPDATING data to tables `log_login` fields ( logout_time ) values (2020-08-25:06:36:02) on conditions id =  AND username = 
08:37:47   UPDATING data to tables `time2vie_cirruscommon`.`login` fields ( login, last_time ) values (0, 2020-08-25 08:37:47) on conditions username = 
08:37:47   UPDATING data to tables `log_login` fields ( logout_time ) values (2020-08-25:06:37:47) on conditions id =  AND username = 
08:45:55   UPDATING data to tables `time2vie_cirruscommon`.`login` fields ( login, last_time ) values (0, 2020-08-25 08:45:55) on conditions username = 
08:45:55   UPDATING data to tables `log_login` fields ( logout_time ) values (2020-08-25:06:45:55) on conditions id =  AND username = 
08:46:21   UPDATING data to tables `time2vie_cirruscommon`.`login` fields ( login, last_time ) values (0, 2020-08-25 08:46:21) on conditions username = 
08:46:21   UPDATING data to tables `log_login` fields ( logout_time ) values (2020-08-25:06:46:21) on conditions id =  AND username = 
08:48:21   UPDATING data to tables `log_login` fields ( logout_time ) values (2020-08-25:06:48:21) on conditions id = 149506 AND username = vego002
08:49:07   UPDATING data to tables `time2vie_cirruscommon`.`login` fields ( login, last_time ) values (0, 2020-08-25 08:49:07) on conditions username = 
08:49:07   UPDATING data to tables `log_login` fields ( logout_time ) values (2020-08-25:06:49:07) on conditions id =  AND username = 
08:57:59   UPDATING data to tables `time2vie_cirruscommon`.`login` fields ( login, last_time ) values (0, 2020-08-25 08:57:59) on conditions username = 
08:57:59   UPDATING data to tables `log_login` fields ( logout_time ) values (2020-08-25:06:57:59) on conditions id =  AND username = 
08:58:06 dalu002  UPDATING data to tables `time2vie_cirruscommon`.`secondary_login` fields ( error ) values (1) on conditions username = dalu002 AND company_id = 7
09:01:46   UPDATING data to tables `time2vie_cirruscommon`.`login` fields ( login, last_time ) values (0, 2020-08-25 09:01:46) on conditions username = 
09:01:46   UPDATING data to tables `log_login` fields ( logout_time ) values (2020-08-25:07:01:46) on conditions id =  AND username = 
09:05:59   UPDATING data to tables `time2vie_cirruscommon`.`login` fields ( login, last_time ) values (0, 2020-08-25 09:05:59) on conditions username = 
09:05:59   UPDATING data to tables `log_login` fields ( logout_time ) values (2020-08-25:07:05:59) on conditions id =  AND username = 
09:06:07   UPDATING data to tables `log_login` fields ( logout_time ) values (2020-08-25:07:06:07) on conditions id = 280169 AND username = eris001
09:06:35 gine001  UPDATING data to tables `time2vie_cirruscommon`.`secondary_login` fields ( error ) values (1) on conditions username = gine001 AND company_id = 6
09:07:10 gine001  UPDATING data to tables `time2vie_cirruscommon`.`secondary_login` fields ( error ) values (2) on conditions username = gine001 AND company_id = 6
09:08:48   UPDATING data to tables `time2vie_cirruscommon`.`login` fields ( login, last_time ) values (0, 2020-08-25 09:08:48) on conditions username = 
09:08:48   UPDATING data to tables `log_login` fields ( logout_time ) values (2020-08-25:07:08:48) on conditions id =  AND username = 
09:09:19   UPDATING data to tables `time2vie_cirruscommon`.`login` fields ( login, last_time ) values (0, 2020-08-25 09:09:19) on conditions username = 
09:09:19   UPDATING data to tables `log_login` fields ( logout_time ) values (2020-08-25:07:09:19) on conditions id =  AND username = 
09:12:54   UPDATING data to tables `time2vie_cirruscommon`.`secondary_login` fields ( error ) values (1) on conditions username = cahe003 AND company_id = 9
09:14:13   UPDATING data to tables `time2vie_cirruscommon`.`secondary_login` fields ( error ) values (1) on conditions username = mabr001 AND company_id = 9
09:26:24   UPDATING data to tables `time2vie_cirruscommon`.`login` fields ( login, last_time ) values (0, 2020-08-25 09:26:24) on conditions username = 
09:26:24   UPDATING data to tables `log_login` fields ( logout_time ) values (2020-08-25:07:26:24) on conditions id =  AND username = 
09:32:14   UPDATING data to tables `time2vie_cirruscommon`.`login` fields ( login, last_time ) values (0, 2020-08-25 09:32:14) on conditions username = 
09:32:14   UPDATING data to tables `log_login` fields ( logout_time ) values (2020-08-25:07:32:14) on conditions id =  AND username = 
09:37:14   UPDATING data to tables `time2vie_cirruscommon`.`login` fields ( login, last_time ) values (0, 2020-08-25 09:37:14) on conditions username = 
09:37:14   UPDATING data to tables `log_login` fields ( logout_time ) values (2020-08-25:07:37:14) on conditions id =  AND username = 
09:49:53   UPDATING data to tables `log_login` fields ( logout_time ) values (2020-08-25:07:49:53) on conditions id = 202168 AND username = pipe003
09:54:26   UPDATING data to tables `time2vie_cirruscommon`.`login` fields ( login, last_time ) values (0, 2020-08-25 09:54:26) on conditions username = 
09:54:26   UPDATING data to tables `log_login` fields ( logout_time ) values (2020-08-25:07:54:26) on conditions id =  AND username = 
09:58:22   UPDATING data to tables `time2vie_cirruscommon`.`login` fields ( login, last_time ) values (0, 2020-08-25 09:58:22) on conditions username = 
09:58:22   UPDATING data to tables `log_login` fields ( logout_time ) values (2020-08-25:07:58:22) on conditions id =  AND username = 
09:59:02   UPDATING data to tables `time2vie_cirruscommon`.`login` fields ( login, last_time ) values (0, 2020-08-25 09:59:02) on conditions username = 
09:59:02   UPDATING data to tables `log_login` fields ( logout_time ) values (2020-08-25:07:59:02) on conditions id =  AND username = 
10:16:15   UPDATING data to tables `log_login` fields ( logout_time ) values (2020-08-25:08:16:15) on conditions id = 149527 AND username = jegu004
10:23:20   UPDATING data to tables `time2vie_cirruscommon`.`login` fields ( login, last_time ) values (0, 2020-08-25 10:23:20) on conditions username = 
10:23:20   UPDATING data to tables `log_login` fields ( logout_time ) values (2020-08-25:08:23:20) on conditions id =  AND username = 
10:23:47   UPDATING data to tables `time2vie_cirruscommon`.`login` fields ( login, last_time ) values (0, 2020-08-25 10:23:47) on conditions username = 
10:23:47   UPDATING data to tables `log_login` fields ( logout_time ) values (2020-08-25:08:23:47) on conditions id =  AND username = 
10:24:25 sofa001  UPDATING data to tables `time2vie_cirruscommon`.`secondary_login` fields ( error ) values (1) on conditions username = sofa001 AND company_id = 2
10:24:46 sofa001  UPDATING data to tables `time2vie_cirruscommon`.`secondary_login` fields ( error ) values (2) on conditions username = sofa001 AND company_id = 2
10:25:00 sofa001  UPDATING data to tables `time2vie_cirruscommon`.`secondary_login` fields ( error ) values (3) on conditions username = sofa001 AND company_id = 2
10:30:32   UPDATING data to tables `time2vie_cirruscommon`.`login` fields ( login, last_time ) values (0, 2020-08-25 10:30:32) on conditions username = 
10:30:32   UPDATING data to tables `log_login` fields ( logout_time ) values (2020-08-25:08:30:32) on conditions id =  AND username = 
10:43:29   UPDATING data to tables `time2vie_cirruscommon`.`login` fields ( login, last_time ) values (0, 2020-08-25 10:43:29) on conditions username = 
10:43:29   UPDATING data to tables `log_login` fields ( logout_time ) values (2020-08-25:08:43:29) on conditions id =  AND username = 
10:44:20   UPDATING data to tables `time2vie_cirruscommon`.`login` fields ( login, last_time ) values (0, 2020-08-25 10:44:20) on conditions username = 
10:44:20   UPDATING data to tables `log_login` fields ( logout_time ) values (2020-08-25:08:44:20) on conditions id =  AND username = 
10:57:04   UPDATING data to tables `time2vie_cirruscommon`.`login` fields ( login, last_time ) values (0, 2020-08-25 10:57:04) on conditions username = 
10:57:04   UPDATING data to tables `log_login` fields ( logout_time ) values (2020-08-25:08:57:04) on conditions id =  AND username = 
11:00:47   UPDATING data to tables `time2vie_cirruscommon`.`login` fields ( login, last_time ) values (0, 2020-08-25 11:00:47) on conditions username = 
11:00:47   UPDATING data to tables `log_login` fields ( logout_time ) values (2020-08-25:09:00:47) on conditions id =  AND username = 
11:06:55   UPDATING data to tables `log_login` fields ( logout_time ) values (2020-08-25:09:06:55) on conditions id = 280198 AND username = biek001
11:07:20   UPDATING data to tables `time2vie_cirruscommon`.`login` fields ( login, last_time ) values (0, 2020-08-25 11:07:20) on conditions username = 
11:07:20   UPDATING data to tables `log_login` fields ( logout_time ) values (2020-08-25:09:07:20) on conditions id =  AND username = 
11:08:09   UPDATING data to tables `time2vie_cirruscommon`.`login` fields ( login, last_time ) values (0, 2020-08-25 11:08:09) on conditions username = 
11:08:09   UPDATING data to tables `log_login` fields ( logout_time ) values (2020-08-25:09:08:09) on conditions id =  AND username = 
11:08:45   UPDATING data to tables `time2vie_cirruscommon`.`login` fields ( login, last_time ) values (0, 2020-08-25 11:08:45) on conditions username = 
11:08:45   UPDATING data to tables `log_login` fields ( logout_time ) values (2020-08-25:09:08:45) on conditions id =  AND username = 
11:25:52   UPDATING data to tables `time2vie_cirruscommon`.`login` fields ( login, last_time ) values (0, 2020-08-25 11:25:52) on conditions username = 
11:25:52   UPDATING data to tables `log_login` fields ( logout_time ) values (2020-08-25:09:25:52) on conditions id =  AND username = 
11:36:45   UPDATING data to tables `time2vie_cirruscommon`.`login` fields ( login, last_time ) values (0, 2020-08-25 11:36:45) on conditions username = 
11:36:45   UPDATING data to tables `log_login` fields ( logout_time ) values (2020-08-25:09:36:45) on conditions id =  AND username = 
11:49:47   UPDATING data to tables `time2vie_cirruscommon`.`login` fields ( login, last_time ) values (0, 2020-08-25 11:49:47) on conditions username = 
11:49:47   UPDATING data to tables `log_login` fields ( logout_time ) values (2020-08-25:09:49:47) on conditions id =  AND username = 
11:59:40   UPDATING data to tables `time2vie_cirruscommon`.`login` fields ( login, last_time ) values (0, 2020-08-25 11:59:40) on conditions username = 
11:59:40   UPDATING data to tables `log_login` fields ( logout_time ) values (2020-08-25:09:59:40) on conditions id =  AND username = 
12:23:04   UPDATING data to tables `time2vie_cirruscommon`.`login` fields ( login, last_time ) values (0, 2020-08-25 12:23:04) on conditions username = 
12:23:04   UPDATING data to tables `log_login` fields ( logout_time ) values (2020-08-25:10:23:04) on conditions id =  AND username = 
12:31:46   UPDATING data to tables `time2vie_cirruscommon`.`login` fields ( login, last_time ) values (0, 2020-08-25 12:31:46) on conditions username = 
12:31:46   UPDATING data to tables `log_login` fields ( logout_time ) values (2020-08-25:10:31:46) on conditions id =  AND username = 
12:35:26   UPDATING data to tables `time2vie_cirruscommon`.`login` fields ( login, last_time ) values (0, 2020-08-25 12:35:26) on conditions username = 
12:35:26   UPDATING data to tables `log_login` fields ( logout_time ) values (2020-08-25:10:35:26) on conditions id =  AND username = 
12:35:45 sahe006  UPDATING data to tables `time2vie_cirruscommon`.`secondary_login` fields ( error ) values (1) on conditions username = sahe006 AND company_id = 7
12:35:51 sahe006  UPDATING data to tables `time2vie_cirruscommon`.`secondary_login` fields ( error ) values (2) on conditions username = sahe006 AND company_id = 7
12:36:32   UPDATING data to tables `time2vie_cirruscommon`.`login` fields ( login, last_time ) values (0, 2020-08-25 12:36:32) on conditions username = 
12:36:32   UPDATING data to tables `log_login` fields ( logout_time ) values (2020-08-25:10:36:32) on conditions id =  AND username = 
12:42:55   UPDATING data to tables `log_login` fields ( logout_time ) values (2020-08-25:10:42:55) on conditions id = 25642 AND username = kamo003
12:43:06   UPDATING data to tables `time2vie_cirruscommon`.`login` fields ( login, last_time ) values (0, 2020-08-25 12:43:06) on conditions username = 
12:43:06   UPDATING data to tables `log_login` fields ( logout_time ) values (2020-08-25:10:43:06) on conditions id =  AND username = 
13:02:58   UPDATING data to tables `time2vie_cirruscommon`.`login` fields ( login, last_time ) values (0, 2020-08-25 13:02:58) on conditions username = 
13:02:58   UPDATING data to tables `log_login` fields ( logout_time ) values (2020-08-25:11:02:58) on conditions id =  AND username = 
13:27:38   UPDATING data to tables `time2vie_cirruscommon`.`login` fields ( login, last_time ) values (0, 2020-08-25 13:27:38) on conditions username = 
13:27:38   UPDATING data to tables `log_login` fields ( logout_time ) values (2020-08-25:11:27:38) on conditions id =  AND username = 
13:27:58   UPDATING data to tables `time2vie_cirruscommon`.`login` fields ( login, last_time ) values (0, 2020-08-25 13:27:58) on conditions username = 
13:27:58   UPDATING data to tables `log_login` fields ( logout_time ) values (2020-08-25:11:27:58) on conditions id =  AND username = 
13:44:26   UPDATING data to tables `log_login` fields ( logout_time ) values (2020-08-25:11:44:26) on conditions id = 280225 AND username = nago001
13:44:35   UPDATING data to tables `time2vie_cirruscommon`.`login` fields ( login, last_time ) values (0, 2020-08-25 13:44:35) on conditions username = 
13:44:35   UPDATING data to tables `log_login` fields ( logout_time ) values (2020-08-25:11:44:35) on conditions id =  AND username = 
13:45:17   UPDATING data to tables `time2vie_cirruscommon`.`login` fields ( login, last_time ) values (0, 2020-08-25 13:45:17) on conditions username = 
13:45:17   UPDATING data to tables `log_login` fields ( logout_time ) values (2020-08-25:11:45:17) on conditions id =  AND username = 
13:49:02   UPDATING data to tables `time2vie_cirruscommon`.`login` fields ( login, last_time ) values (0, 2020-08-25 13:49:02) on conditions username = 
13:49:02   UPDATING data to tables `log_login` fields ( logout_time ) values (2020-08-25:11:49:02) on conditions id =  AND username = 
13:49:47   UPDATING data to tables `time2vie_cirruscommon`.`login` fields ( login, last_time ) values (0, 2020-08-25 13:49:47) on conditions username = 
13:49:47   UPDATING data to tables `log_login` fields ( logout_time ) values (2020-08-25:11:49:47) on conditions id =  AND username = 
13:50:21   UPDATING data to tables `time2vie_cirruscommon`.`login` fields ( login, last_time ) values (0, 2020-08-25 13:50:21) on conditions username = 
13:50:21   UPDATING data to tables `log_login` fields ( logout_time ) values (2020-08-25:11:50:21) on conditions id =  AND username = 
14:12:45   UPDATING data to tables `time2vie_cirruscommon`.`login` fields ( login, last_time ) values (0, 2020-08-25 14:12:45) on conditions username = 
14:12:45   UPDATING data to tables `log_login` fields ( logout_time ) values (2020-08-25:12:12:45) on conditions id =  AND username = 
14:16:13   UPDATING data to tables `time2vie_cirruscommon`.`login` fields ( login, last_time ) values (0, 2020-08-25 14:16:13) on conditions username = 
14:16:13   UPDATING data to tables `log_login` fields ( logout_time ) values (2020-08-25:12:16:13) on conditions id =  AND username = 
14:16:22   UPDATING data to tables `time2vie_cirruscommon`.`login` fields ( login, last_time ) values (0, 2020-08-25 14:16:22) on conditions username = 
14:16:22   UPDATING data to tables `log_login` fields ( logout_time ) values (2020-08-25:12:16:22) on conditions id =  AND username = 
14:38:00   UPDATING data to tables `time2vie_cirruscommon`.`login` fields ( login, last_time ) values (0, 2020-08-25 14:38:00) on conditions username = 
14:38:00   UPDATING data to tables `log_login` fields ( logout_time ) values (2020-08-25:12:38:00) on conditions id =  AND username = 
14:38:09 kabj002  UPDATING data to tables `time2vie_cirruscommon`.`secondary_login` fields ( error ) values (1) on conditions username = kabj002 AND company_id = 9
14:38:10 kabj002  UPDATING data to tables `time2vie_cirruscommon`.`secondary_login` fields ( error ) values (2) on conditions username = kabj002 AND company_id = 9
14:45:27   UPDATING data to tables `time2vie_cirruscommon`.`login` fields ( login, last_time ) values (0, 2020-08-25 14:45:27) on conditions username = 
14:45:27   UPDATING data to tables `log_login` fields ( logout_time ) values (2020-08-25:12:45:27) on conditions id =  AND username = 
14:46:08   UPDATING data to tables `time2vie_cirruscommon`.`login` fields ( login, last_time ) values (0, 2020-08-25 14:46:08) on conditions username = 
14:46:08   UPDATING data to tables `log_login` fields ( logout_time ) values (2020-08-25:12:46:08) on conditions id =  AND username = 
15:00:54   UPDATING data to tables `time2vie_cirruscommon`.`secondary_login` fields ( error ) values (1) on conditions username = jufr001 AND company_id = 9
15:00:57   UPDATING data to tables `time2vie_cirruscommon`.`login` fields ( login, last_time ) values (0, 2020-08-25 15:00:57) on conditions username = 
15:00:57   UPDATING data to tables `log_login` fields ( logout_time ) values (2020-08-25:13:00:57) on conditions id =  AND username = 
15:01:05 jufr001  UPDATING data to tables `time2vie_cirruscommon`.`secondary_login` fields ( error ) values (2) on conditions username = jufr001 AND company_id = 9
15:01:17 jufr001  UPDATING data to tables `time2vie_cirruscommon`.`secondary_login` fields ( error ) values (3) on conditions username = jufr001 AND company_id = 9
15:02:18   UPDATING data to tables `time2vie_cirruscommon`.`login` fields ( login, last_time ) values (0, 2020-08-25 15:02:18) on conditions username = 
15:02:18   UPDATING data to tables `log_login` fields ( logout_time ) values (2020-08-25:13:02:18) on conditions id =  AND username = 
15:02:54   UPDATING data to tables `time2vie_cirruscommon`.`login` fields ( login, last_time ) values (0, 2020-08-25 15:02:54) on conditions username = 
15:02:54   UPDATING data to tables `log_login` fields ( logout_time ) values (2020-08-25:13:02:54) on conditions id =  AND username = 
15:03:05   UPDATING data to tables `time2vie_cirruscommon`.`login` fields ( login, last_time ) values (0, 2020-08-25 15:03:05) on conditions username = 
15:03:05   UPDATING data to tables `log_login` fields ( logout_time ) values (2020-08-25:13:03:05) on conditions id =  AND username = 
15:18:09   UPDATING data to tables `time2vie_cirruscommon`.`login` fields ( login, last_time ) values (0, 2020-08-25 15:18:09) on conditions username = 
15:18:09   UPDATING data to tables `log_login` fields ( logout_time ) values (2020-08-25:13:18:09) on conditions id =  AND username = 
15:19:16   UPDATING data to tables `time2vie_cirruscommon`.`login` fields ( login, last_time ) values (0, 2020-08-25 15:19:16) on conditions username = 
15:19:16   UPDATING data to tables `log_login` fields ( logout_time ) values (2020-08-25:13:19:16) on conditions id =  AND username = 
15:28:44   UPDATING data to tables `time2vie_cirruscommon`.`secondary_login` fields ( error ) values (1) on conditions username = thwo001 AND company_id = 7
15:28:59 thwo001  UPDATING data to tables `time2vie_cirruscommon`.`secondary_login` fields ( error ) values (2) on conditions username = thwo001 AND company_id = 7
15:43:29 fafl001  UPDATING data to tables `time2vie_cirruscommon`.`secondary_login` fields ( error ) values (8) on conditions username = fafl001 AND company_id = 9
15:43:33 fafl001  UPDATING data to tables `time2vie_cirruscommon`.`secondary_login` fields ( error ) values (9) on conditions username = fafl001 AND company_id = 9
15:43:43 fafl001  UPDATING data to tables `time2vie_cirruscommon`.`secondary_login` fields ( error ) values (10) on conditions username = fafl001 AND company_id = 9
15:43:54 fafl001  UPDATING data to tables `time2vie_cirruscommon`.`secondary_login` fields ( error ) values (11) on conditions username = fafl001 AND company_id = 9
15:44:05 fafl001  UPDATING data to tables `time2vie_cirruscommon`.`secondary_login` fields ( error ) values (12) on conditions username = fafl001 AND company_id = 9
15:44:09 fafl001  UPDATING data to tables `time2vie_cirruscommon`.`secondary_login` fields ( error ) values (13) on conditions username = fafl001 AND company_id = 9
15:44:24 fafl001  UPDATING data to tables `time2vie_cirruscommon`.`secondary_login` fields ( error ) values (14) on conditions username = fafl001 AND company_id = 9
15:44:29 fafl001  UPDATING data to tables `time2vie_cirruscommon`.`secondary_login` fields ( error ) values (15) on conditions username = fafl001 AND company_id = 9
15:44:34 fafl001  UPDATING data to tables `time2vie_cirruscommon`.`secondary_login` fields ( error ) values (16) on conditions username = fafl001 AND company_id = 9
15:44:41 fafl001  UPDATING data to tables `time2vie_cirruscommon`.`secondary_login` fields ( error ) values (17) on conditions username = fafl001 AND company_id = 9
15:44:46 fafl001  UPDATING data to tables `time2vie_cirruscommon`.`secondary_login` fields ( error ) values (18) on conditions username = fafl001 AND company_id = 9
15:44:53 fafl001  UPDATING data to tables `time2vie_cirruscommon`.`secondary_login` fields ( error ) values (19) on conditions username = fafl001 AND company_id = 9
15:44:57 fafl001  UPDATING data to tables `time2vie_cirruscommon`.`secondary_login` fields ( error ) values (20) on conditions username = fafl001 AND company_id = 9
15:56:21   UPDATING data to tables `time2vie_cirruscommon`.`login` fields ( login, last_time ) values (0, 2020-08-25 15:56:21) on conditions username = 
15:56:21   UPDATING data to tables `log_login` fields ( logout_time ) values (2020-08-25:13:56:21) on conditions id =  AND username = 
16:01:53   UPDATING data to tables `time2vie_cirruscommon`.`login` fields ( login, last_time ) values (0, 2020-08-25 16:01:53) on conditions username = 
16:01:53   UPDATING data to tables `log_login` fields ( logout_time ) values (2020-08-25:14:01:53) on conditions id =  AND username = 
16:07:53   UPDATING data to tables `time2vie_cirruscommon`.`login` fields ( login, last_time ) values (0, 2020-08-25 16:07:53) on conditions username = 
16:07:53   UPDATING data to tables `log_login` fields ( logout_time ) values (2020-08-25:14:07:53) on conditions id =  AND username = 
16:20:39 sier003  UPDATING data to tables `time2vie_cirruscommon`.`secondary_login` fields ( error ) values (1) on conditions username = sier003 AND company_id = 13
16:25:31   UPDATING data to tables `time2vie_cirruscommon`.`secondary_login` fields ( error ) values (1) on conditions username = anka019 AND company_id = 20
16:25:48 anka019  UPDATING data to tables `time2vie_cirruscommon`.`secondary_login` fields ( error ) values (2) on conditions username = anka019 AND company_id = 20
16:40:52   UPDATING data to tables `time2vie_cirruscommon`.`login` fields ( login, last_time ) values (0, 2020-08-25 16:40:52) on conditions username = 
16:40:52   UPDATING data to tables `log_login` fields ( logout_time ) values (2020-08-25:14:40:52) on conditions id =  AND username = 
16:43:14   UPDATING data to tables `time2vie_cirruscommon`.`login` fields ( login, last_time ) values (0, 2020-08-25 16:43:14) on conditions username = 
16:43:14   UPDATING data to tables `log_login` fields ( logout_time ) values (2020-08-25:14:43:14) on conditions id =  AND username = 
16:44:28   UPDATING data to tables `time2vie_cirruscommon`.`login` fields ( login, last_time ) values (0, 2020-08-25 16:44:28) on conditions username = 
16:44:28   UPDATING data to tables `log_login` fields ( logout_time ) values (2020-08-25:14:44:28) on conditions id =  AND username = 
16:53:31   UPDATING data to tables `time2vie_cirruscommon`.`login` fields ( login, last_time ) values (0, 2020-08-25 16:53:31) on conditions username = 
16:53:31   UPDATING data to tables `log_login` fields ( logout_time ) values (2020-08-25:14:53:31) on conditions id =  AND username = 
16:55:30   UPDATING data to tables `time2vie_cirruscommon`.`login` fields ( login, last_time ) values (0, 2020-08-25 16:55:30) on conditions username = 
16:55:30   UPDATING data to tables `log_login` fields ( logout_time ) values (2020-08-25:14:55:30) on conditions id =  AND username = 
16:58:39   UPDATING data to tables `time2vie_cirruscommon`.`login` fields ( login, last_time ) values (0, 2020-08-25 16:58:39) on conditions username = 
16:58:39   UPDATING data to tables `log_login` fields ( logout_time ) values (2020-08-25:14:58:39) on conditions id =  AND username = 
17:03:00   UPDATING data to tables `time2vie_cirruscommon`.`login` fields ( login, last_time ) values (0, 2020-08-25 17:03:00) on conditions username = 
17:03:00   UPDATING data to tables `log_login` fields ( logout_time ) values (2020-08-25:15:03:00) on conditions id =  AND username = 
17:03:52   UPDATING data to tables `time2vie_cirruscommon`.`login` fields ( login, last_time ) values (0, 2020-08-25 17:03:52) on conditions username = 
17:03:52   UPDATING data to tables `log_login` fields ( logout_time ) values (2020-08-25:15:03:52) on conditions id =  AND username = 
17:32:59   UPDATING data to tables `time2vie_cirruscommon`.`login` fields ( login, last_time ) values (0, 2020-08-25 17:32:59) on conditions username = 
17:32:59   UPDATING data to tables `log_login` fields ( logout_time ) values (2020-08-25:15:32:59) on conditions id =  AND username = 
17:40:06   UPDATING data to tables `time2vie_cirruscommon`.`login` fields ( login, last_time ) values (0, 2020-08-25 17:40:06) on conditions username = 
17:40:06   UPDATING data to tables `log_login` fields ( logout_time ) values (2020-08-25:15:40:06) on conditions id =  AND username = 
17:55:52   UPDATING data to tables `time2vie_cirruscommon`.`login` fields ( login, last_time ) values (0, 2020-08-25 17:55:52) on conditions username = 
17:55:52   UPDATING data to tables `log_login` fields ( logout_time ) values (2020-08-25:15:55:52) on conditions id =  AND username = 
18:01:46   UPDATING data to tables `time2vie_cirruscommon`.`secondary_login` fields ( error ) values (1) on conditions username = masa011 AND company_id = 9
18:04:22   UPDATING data to tables `time2vie_cirruscommon`.`login` fields ( login, last_time ) values (0, 2020-08-25 18:04:22) on conditions username = 
18:04:22   UPDATING data to tables `log_login` fields ( logout_time ) values (2020-08-25:16:04:22) on conditions id =  AND username = 
18:08:56   UPDATING data to tables `time2vie_cirruscommon`.`login` fields ( login, last_time ) values (0, 2020-08-25 18:08:56) on conditions username = 
18:08:56   UPDATING data to tables `log_login` fields ( logout_time ) values (2020-08-25:16:08:56) on conditions id =  AND username = 
18:30:47   UPDATING data to tables `time2vie_cirruscommon`.`login` fields ( login, last_time ) values (0, 2020-08-25 18:30:47) on conditions username = 
18:30:47   UPDATING data to tables `log_login` fields ( logout_time ) values (2020-08-25:16:30:47) on conditions id =  AND username = 
18:32:16   UPDATING data to tables `time2vie_cirruscommon`.`login` fields ( login, last_time ) values (0, 2020-08-25 18:32:16) on conditions username = 
18:32:16   UPDATING data to tables `log_login` fields ( logout_time ) values (2020-08-25:16:32:16) on conditions id =  AND username = 
18:41:44   UPDATING data to tables `time2vie_cirruscommon`.`login` fields ( login, last_time ) values (0, 2020-08-25 18:41:44) on conditions username = 
18:41:44   UPDATING data to tables `log_login` fields ( logout_time ) values (2020-08-25:16:41:44) on conditions id =  AND username = 
18:42:13   UPDATING data to tables `time2vie_cirruscommon`.`login` fields ( login, last_time ) values (0, 2020-08-25 18:42:13) on conditions username = 
18:42:13   UPDATING data to tables `log_login` fields ( logout_time ) values (2020-08-25:16:42:13) on conditions id =  AND username = 
19:02:14   UPDATING data to tables `time2vie_cirruscommon`.`login` fields ( login, last_time ) values (0, 2020-08-25 19:02:14) on conditions username = 
19:02:14   UPDATING data to tables `log_login` fields ( logout_time ) values (2020-08-25:17:02:14) on conditions id =  AND username = 
19:21:06   UPDATING data to tables `time2vie_cirruscommon`.`login` fields ( login, last_time ) values (0, 2020-08-25 19:21:06) on conditions username = 
19:21:06   UPDATING data to tables `log_login` fields ( logout_time ) values (2020-08-25:17:21:06) on conditions id =  AND username = 
19:25:16   UPDATING data to tables `time2vie_cirruscommon`.`login` fields ( login, last_time ) values (0, 2020-08-25 19:25:16) on conditions username = 
19:25:16   UPDATING data to tables `log_login` fields ( logout_time ) values (2020-08-25:17:25:16) on conditions id =  AND username = 
19:25:27 chha003  UPDATING data to tables `time2vie_cirruscommon`.`secondary_login` fields ( error ) values (1) on conditions username = chha003 AND company_id = 9
19:37:12   UPDATING data to tables `time2vie_cirruscommon`.`login` fields ( login, last_time ) values (0, 2020-08-25 19:37:12) on conditions username = 
19:37:12   UPDATING data to tables `log_login` fields ( logout_time ) values (2020-08-25:17:37:12) on conditions id =  AND username = 
20:06:06   UPDATING data to tables `time2vie_cirruscommon`.`login` fields ( login, last_time ) values (0, 2020-08-25 20:06:06) on conditions username = 
20:06:06   UPDATING data to tables `log_login` fields ( logout_time ) values (2020-08-25:18:06:06) on conditions id =  AND username = 
20:09:55   UPDATING data to tables `time2vie_cirruscommon`.`login` fields ( login, last_time ) values (0, 2020-08-25 20:09:55) on conditions username = 
20:09:55   UPDATING data to tables `log_login` fields ( logout_time ) values (2020-08-25:18:09:55) on conditions id =  AND username = 
20:15:38   UPDATING data to tables `time2vie_cirruscommon`.`login` fields ( login, last_time ) values (0, 2020-08-25 20:15:38) on conditions username = 
20:15:38   UPDATING data to tables `log_login` fields ( logout_time ) values (2020-08-25:18:15:38) on conditions id =  AND username = 
20:27:34   UPDATING data to tables `time2vie_cirruscommon`.`login` fields ( login, last_time ) values (0, 2020-08-25 20:27:34) on conditions username = 
20:27:34   UPDATING data to tables `log_login` fields ( logout_time ) values (2020-08-25:18:27:34) on conditions id =  AND username = 
20:27:54   UPDATING data to tables `time2vie_cirruscommon`.`login` fields ( login, last_time ) values (0, 2020-08-25 20:27:54) on conditions username = 
20:27:54   UPDATING data to tables `log_login` fields ( logout_time ) values (2020-08-25:18:27:54) on conditions id =  AND username = 
20:36:40   UPDATING data to tables `time2vie_cirruscommon`.`secondary_login` fields ( error ) values (1) on conditions username = jufr001 AND company_id = 9
20:53:22   UPDATING data to tables `log_login` fields ( logout_time ) values (2020-08-25:18:53:22) on conditions id = 39363 AND username = piko001
21:00:24   UPDATING data to tables `time2vie_cirruscommon`.`login` fields ( login, last_time ) values (0, 2020-08-25 21:00:24) on conditions username = 
21:00:24   UPDATING data to tables `log_login` fields ( logout_time ) values (2020-08-25:19:00:24) on conditions id =  AND username = 
21:11:39   UPDATING data to tables `time2vie_cirruscommon`.`login` fields ( login, last_time ) values (0, 2020-08-25 21:11:39) on conditions username = 
21:11:39   UPDATING data to tables `log_login` fields ( logout_time ) values (2020-08-25:19:11:39) on conditions id =  AND username = 
21:12:12   UPDATING data to tables `time2vie_cirruscommon`.`secondary_login` fields ( error ) values (1) on conditions username = jufr001 AND company_id = 9
21:12:34   UPDATING data to tables `time2vie_cirruscommon`.`login` fields ( login, last_time ) values (0, 2020-08-25 21:12:34) on conditions username = 
21:12:34   UPDATING data to tables `log_login` fields ( logout_time ) values (2020-08-25:19:12:34) on conditions id =  AND username = 
21:34:24   UPDATING data to tables `time2vie_cirruscommon`.`login` fields ( login, last_time ) values (0, 2020-08-25 21:34:24) on conditions username = 
21:34:24   UPDATING data to tables `log_login` fields ( logout_time ) values (2020-08-25:19:34:24) on conditions id =  AND username = 
21:43:09   UPDATING data to tables `time2vie_cirruscommon`.`login` fields ( login, last_time ) values (0, 2020-08-25 21:43:09) on conditions username = 
21:43:09   UPDATING data to tables `log_login` fields ( logout_time ) values (2020-08-25:19:43:09) on conditions id =  AND username = 
21:43:15   UPDATING data to tables `time2vie_cirruscommon`.`login` fields ( login, last_time ) values (0, 2020-08-25 21:43:15) on conditions username = 
21:43:15   UPDATING data to tables `log_login` fields ( logout_time ) values (2020-08-25:19:43:15) on conditions id =  AND username = 
21:44:04   UPDATING data to tables `time2vie_cirruscommon`.`login` fields ( login, last_time ) values (0, 2020-08-25 21:44:04) on conditions username = 
21:44:04   UPDATING data to tables `log_login` fields ( logout_time ) values (2020-08-25:19:44:04) on conditions id =  AND username = 
21:59:46   UPDATING data to tables `time2vie_cirruscommon`.`login` fields ( login, last_time ) values (0, 2020-08-25 21:59:46) on conditions username = 
21:59:46   UPDATING data to tables `log_login` fields ( logout_time ) values (2020-08-25:19:59:46) on conditions id =  AND username = 
22:16:58   UPDATING data to tables `time2vie_cirruscommon`.`login` fields ( login, last_time ) values (0, 2020-08-25 22:16:58) on conditions username = 
22:16:58   UPDATING data to tables `log_login` fields ( logout_time ) values (2020-08-25:20:16:58) on conditions id =  AND username = 
22:20:04   UPDATING data to tables `time2vie_cirruscommon`.`login` fields ( login, last_time ) values (0, 2020-08-25 22:20:04) on conditions username = 
22:20:04   UPDATING data to tables `log_login` fields ( logout_time ) values (2020-08-25:20:20:04) on conditions id =  AND username = 
22:20:16 mali009  UPDATING data to tables `time2vie_cirruscommon`.`secondary_login` fields ( error ) values (1) on conditions username = mali009 AND company_id = 9
22:20:57   UPDATING data to tables `time2vie_cirruscommon`.`login` fields ( login, last_time ) values (0, 2020-08-25 22:20:57) on conditions username = 
22:20:57   UPDATING data to tables `log_login` fields ( logout_time ) values (2020-08-25:20:20:57) on conditions id =  AND username = 
22:22:12   UPDATING data to tables `time2vie_cirruscommon`.`secondary_login` fields ( error ) values (1) on conditions username = liba002 AND company_id = 13
22:28:00   UPDATING data to tables `time2vie_cirruscommon`.`login` fields ( login, last_time ) values (0, 2020-08-25 22:28:00) on conditions username = 
22:28:00   UPDATING data to tables `log_login` fields ( logout_time ) values (2020-08-25:20:28:00) on conditions id =  AND username = 
22:28:14 sier003  UPDATING data to tables `time2vie_cirruscommon`.`secondary_login` fields ( error ) values (1) on conditions username = sier003 AND company_id = 13
22:28:18 sier003  UPDATING data to tables `time2vie_cirruscommon`.`secondary_login` fields ( error ) values (2) on conditions username = sier003 AND company_id = 13
22:32:34   UPDATING data to tables `time2vie_cirruscommon`.`login` fields ( login, last_time ) values (0, 2020-08-25 22:32:34) on conditions username = 
22:32:34   UPDATING data to tables `log_login` fields ( logout_time ) values (2020-08-25:20:32:34) on conditions id =  AND username = 
22:58:30   UPDATING data to tables `time2vie_cirruscommon`.`login` fields ( login, last_time ) values (0, 2020-08-25 22:58:30) on conditions username = 
22:58:30   UPDATING data to tables `log_login` fields ( logout_time ) values (2020-08-25:20:58:30) on conditions id =  AND username = 
23:43:35   UPDATING data to tables `time2vie_cirruscommon`.`secondary_login` fields ( error ) values (1) on conditions username = zaal005 AND company_id = 8
23:43:46 zaal005  UPDATING data to tables `time2vie_cirruscommon`.`secondary_login` fields ( error ) values (2) on conditions username = zaal005 AND company_id = 8
23:54:56   UPDATING data to tables `time2vie_cirruscommon`.`login` fields ( login, last_time ) values (0, 2020-08-25 23:54:56) on conditions username = 
23:54:56   UPDATING data to tables `log_login` fields ( logout_time ) values (2020-08-25:21:54:56) on conditions id =  AND username = 
23:55:03   UPDATING data to tables `time2vie_cirruscommon`.`login` fields ( login, last_time ) values (0, 2020-08-25 23:55:03) on conditions username = 
23:55:03   UPDATING data to tables `log_login` fields ( logout_time ) values (2020-08-25:21:55:03) on conditions id =  AND username = 
