01:44:56   UPDATING data to tables `time2vie_cirruscommon`.`login` fields ( login, last_time ) values (0, 2020-11-28 01:44:56) on conditions username = 
01:44:56   UPDATING data to tables `log_login` fields ( logout_time ) values (2020-11-28:00:44:56) on conditions id =  AND username = 
05:48:41   UPDATING data to tables `time2vie_cirruscommon`.`login` fields ( login, last_time ) values (0, 2020-11-28 05:48:41) on conditions username = 
05:48:41   UPDATING data to tables `log_login` fields ( logout_time ) values (2020-11-28:04:48:41) on conditions id =  AND username = 
05:51:31   UPDATING data to tables `time2vie_cirruscommon`.`login` fields ( login, last_time ) values (0, 2020-11-28 05:51:31) on conditions username = 
05:51:31   UPDATING data to tables `log_login` fields ( logout_time ) values (2020-11-28:04:51:31) on conditions id =  AND username = 
06:29:32   UPDATING data to tables `time2vie_cirruscommon`.`login` fields ( login, last_time ) values (0, 2020-11-28 06:29:32) on conditions username = 
06:29:32   UPDATING data to tables `log_login` fields ( logout_time ) values (2020-11-28:05:29:32) on conditions id =  AND username = 
06:51:38   UPDATING data to tables `time2vie_cirruscommon`.`login` fields ( login, last_time ) values (0, 2020-11-28 06:51:38) on conditions username = 
06:51:38   UPDATING data to tables `log_login` fields ( logout_time ) values (2020-11-28:05:51:38) on conditions id =  AND username = 
06:53:05   UPDATING data to tables `time2vie_cirruscommon`.`login` fields ( login, last_time ) values (0, 2020-11-28 06:53:05) on conditions username = 
06:53:05   UPDATING data to tables `log_login` fields ( logout_time ) values (2020-11-28:05:53:05) on conditions id =  AND username = 
07:14:24   UPDATING data to tables `time2vie_cirruscommon`.`login` fields ( login, last_time ) values (0, 2020-11-28 07:14:24) on conditions username = 
07:14:24   UPDATING data to tables `log_login` fields ( logout_time ) values (2020-11-28:06:14:24) on conditions id =  AND username = 
07:19:52   UPDATING data to tables `time2vie_cirruscommon`.`login` fields ( login, last_time ) values (0, 2020-11-28 07:19:52) on conditions username = 
07:19:52   UPDATING data to tables `log_login` fields ( logout_time ) values (2020-11-28:06:19:52) on conditions id =  AND username = 
07:20:02 boso001  UPDATING data to tables `time2vie_cirruscommon`.`secondary_login` fields ( error ) values (1) on conditions username = boso001 AND company_id = 8
08:06:16   UPDATING data to tables `time2vie_cirruscommon`.`login` fields ( login, last_time ) values (0, 2020-11-28 08:06:16) on conditions username = 
08:06:16   UPDATING data to tables `log_login` fields ( logout_time ) values (2020-11-28:07:06:16) on conditions id =  AND username = 
08:13:43   UPDATING data to tables `time2vie_cirruscommon`.`login` fields ( login, last_time ) values (0, 2020-11-28 08:13:43) on conditions username = 
08:13:43   UPDATING data to tables `log_login` fields ( logout_time ) values (2020-11-28:07:13:43) on conditions id =  AND username = 
08:15:40   UPDATING data to tables `time2vie_cirruscommon`.`login` fields ( login, last_time ) values (0, 2020-11-28 08:15:40) on conditions username = 
08:15:40   UPDATING data to tables `log_login` fields ( logout_time ) values (2020-11-28:07:15:40) on conditions id =  AND username = 
08:19:51   UPDATING data to tables `time2vie_cirruscommon`.`login` fields ( login, last_time ) values (0, 2020-11-28 08:19:51) on conditions username = 
08:19:51   UPDATING data to tables `log_login` fields ( logout_time ) values (2020-11-28:07:19:51) on conditions id =  AND username = 
08:38:46   UPDATING data to tables `time2vie_cirruscommon`.`login` fields ( login, last_time ) values (0, 2020-11-28 08:38:46) on conditions username = 
08:38:46   UPDATING data to tables `log_login` fields ( logout_time ) values (2020-11-28:07:38:46) on conditions id =  AND username = 
08:38:51   UPDATING data to tables `time2vie_cirruscommon`.`login` fields ( login, last_time ) values (0, 2020-11-28 08:38:51) on conditions username = 
08:38:51   UPDATING data to tables `log_login` fields ( logout_time ) values (2020-11-28:07:38:51) on conditions id =  AND username = 
08:39:06   UPDATING data to tables `time2vie_cirruscommon`.`login` fields ( login, last_time ) values (0, 2020-11-28 08:39:06) on conditions username = 
08:39:06   UPDATING data to tables `log_login` fields ( logout_time ) values (2020-11-28:07:39:06) on conditions id =  AND username = 
08:39:22   UPDATING data to tables `time2vie_cirruscommon`.`login` fields ( login, last_time ) values (0, 2020-11-28 08:39:22) on conditions username = 
08:39:22   UPDATING data to tables `log_login` fields ( logout_time ) values (2020-11-28:07:39:22) on conditions id =  AND username = 
08:40:02 sael002  UPDATING data to tables `time2vie_cirruscommon`.`secondary_login` fields ( error ) values (1) on conditions username = sael002 AND company_id = 13
08:44:43   UPDATING data to tables `time2vie_cirruscommon`.`login` fields ( login, last_time ) values (0, 2020-11-28 08:44:43) on conditions username = 
08:44:43   UPDATING data to tables `log_login` fields ( logout_time ) values (2020-11-28:07:44:43) on conditions id =  AND username = 
08:54:43   UPDATING data to tables `time2vie_cirruscommon`.`login` fields ( login, last_time ) values (0, 2020-11-28 08:54:43) on conditions username = 
08:54:43   UPDATING data to tables `log_login` fields ( logout_time ) values (2020-11-28:07:54:43) on conditions id =  AND username = 
09:28:49   UPDATING data to tables `log_login` fields ( logout_time ) values (2020-11-28:08:28:49) on conditions id = 15918 AND username = hejo003
09:29:21 sael002  UPDATING data to tables `time2vie_cirruscommon`.`secondary_login` fields ( error ) values (1) on conditions username = sael002 AND company_id = 13
09:29:23 sael002  UPDATING data to tables `time2vie_cirruscommon`.`secondary_login` fields ( error ) values (2) on conditions username = sael002 AND company_id = 13
09:29:27 sael002  UPDATING data to tables `time2vie_cirruscommon`.`secondary_login` fields ( error ) values (3) on conditions username = sael002 AND company_id = 13
09:29:47 sael002  UPDATING data to tables `time2vie_cirruscommon`.`secondary_login` fields ( error ) values (4) on conditions username = sael002 AND company_id = 13
09:29:55 sael002  UPDATING data to tables `time2vie_cirruscommon`.`secondary_login` fields ( error ) values (5) on conditions username = sael002 AND company_id = 13
09:29:56 sael002  UPDATING data to tables `time2vie_cirruscommon`.`secondary_login` fields ( error ) values (6) on conditions username = sael002 AND company_id = 13
09:30:24 sael002  UPDATING data to tables `time2vie_cirruscommon`.`secondary_login` fields ( error ) values (7) on conditions username = sael002 AND company_id = 13
09:30:28 sael002  UPDATING data to tables `time2vie_cirruscommon`.`secondary_login` fields ( error ) values (8) on conditions username = sael002 AND company_id = 13
09:30:46 sael002  UPDATING data to tables `time2vie_cirruscommon`.`secondary_login` fields ( error ) values (9) on conditions username = sael002 AND company_id = 13
09:30:48 sael002  UPDATING data to tables `time2vie_cirruscommon`.`secondary_login` fields ( error ) values (10) on conditions username = sael002 AND company_id = 13
10:04:58   UPDATING data to tables `time2vie_cirruscommon`.`login` fields ( login, last_time ) values (0, 2020-11-28 10:04:58) on conditions username = 
10:04:58   UPDATING data to tables `log_login` fields ( logout_time ) values (2020-11-28:09:04:58) on conditions id =  AND username = 
10:05:49   UPDATING data to tables `time2vie_cirruscommon`.`login` fields ( login, last_time ) values (0, 2020-11-28 10:05:49) on conditions username = 
10:05:49   UPDATING data to tables `log_login` fields ( logout_time ) values (2020-11-28:09:05:49) on conditions id =  AND username = 
10:43:08   UPDATING data to tables `time2vie_cirruscommon`.`login` fields ( login, last_time ) values (0, 2020-11-28 10:43:08) on conditions username = 
10:43:08   UPDATING data to tables `log_login` fields ( logout_time ) values (2020-11-28:09:43:08) on conditions id =  AND username = 
10:53:33   UPDATING data to tables `time2vie_cirruscommon`.`login` fields ( login, last_time ) values (0, 2020-11-28 10:53:33) on conditions username = 
10:53:33   UPDATING data to tables `log_login` fields ( logout_time ) values (2020-11-28:09:53:33) on conditions id =  AND username = 
10:59:03   UPDATING data to tables `time2vie_cirruscommon`.`login` fields ( login, last_time ) values (0, 2020-11-28 10:59:03) on conditions username = 
10:59:03   UPDATING data to tables `log_login` fields ( logout_time ) values (2020-11-28:09:59:03) on conditions id =  AND username = 
11:20:02   UPDATING data to tables `time2vie_cirruscommon`.`login` fields ( login, last_time ) values (0, 2020-11-28 11:20:02) on conditions username = 
11:20:02   UPDATING data to tables `log_login` fields ( logout_time ) values (2020-11-28:10:20:02) on conditions id =  AND username = 
11:22:30   UPDATING data to tables `time2vie_cirruscommon`.`login` fields ( login, last_time ) values (0, 2020-11-28 11:22:30) on conditions username = 
11:22:30   UPDATING data to tables `log_login` fields ( logout_time ) values (2020-11-28:10:22:30) on conditions id =  AND username = 
11:34:34   UPDATING data to tables `time2vie_cirruscommon`.`login` fields ( login, last_time ) values (0, 2020-11-28 11:34:34) on conditions username = 
11:34:34   UPDATING data to tables `log_login` fields ( logout_time ) values (2020-11-28:10:34:34) on conditions id =  AND username = 
12:03:40   UPDATING data to tables `time2vie_cirruscommon`.`login` fields ( login, last_time ) values (0, 2020-11-28 12:03:40) on conditions username = 
12:03:40   UPDATING data to tables `log_login` fields ( logout_time ) values (2020-11-28:11:03:40) on conditions id =  AND username = 
12:16:19   UPDATING data to tables `log_login` fields ( logout_time ) values (2020-11-28:11:16:19) on conditions id = 601395 AND username = idak001
12:23:40   UPDATING data to tables `time2vie_cirruscommon`.`login` fields ( login, last_time ) values (0, 2020-11-28 12:23:40) on conditions username = 
12:23:40   UPDATING data to tables `log_login` fields ( logout_time ) values (2020-11-28:11:23:40) on conditions id =  AND username = 
12:32:11   UPDATING data to tables `time2vie_cirruscommon`.`login` fields ( login, last_time ) values (0, 2020-11-28 12:32:11) on conditions username = 
12:32:11   UPDATING data to tables `log_login` fields ( logout_time ) values (2020-11-28:11:32:11) on conditions id =  AND username = 
12:32:51   UPDATING data to tables `time2vie_cirruscommon`.`login` fields ( login, last_time ) values (0, 2020-11-28 12:32:51) on conditions username = 
12:32:51   UPDATING data to tables `log_login` fields ( logout_time ) values (2020-11-28:11:32:51) on conditions id =  AND username = 
12:57:16   UPDATING data to tables `time2vie_cirruscommon`.`login` fields ( login, last_time ) values (0, 2020-11-28 12:57:16) on conditions username = 
12:57:16   UPDATING data to tables `log_login` fields ( logout_time ) values (2020-11-28:11:57:16) on conditions id =  AND username = 
13:18:50   UPDATING data to tables `time2vie_cirruscommon`.`login` fields ( login, last_time ) values (0, 2020-11-28 13:18:50) on conditions username = 
13:18:50   UPDATING data to tables `log_login` fields ( logout_time ) values (2020-11-28:12:18:50) on conditions id =  AND username = 
13:38:15   UPDATING data to tables `time2vie_cirruscommon`.`login` fields ( login, last_time ) values (0, 2020-11-28 13:38:15) on conditions username = 
13:38:15   UPDATING data to tables `log_login` fields ( logout_time ) values (2020-11-28:12:38:15) on conditions id =  AND username = 
13:57:25   UPDATING data to tables `time2vie_cirruscommon`.`login` fields ( login, last_time ) values (0, 2020-11-28 13:57:25) on conditions username = 
13:57:25   UPDATING data to tables `log_login` fields ( logout_time ) values (2020-11-28:12:57:25) on conditions id =  AND username = 
13:58:39   UPDATING data to tables `time2vie_cirruscommon`.`login` fields ( login, last_time ) values (0, 2020-11-28 13:58:39) on conditions username = 
13:58:39   UPDATING data to tables `log_login` fields ( logout_time ) values (2020-11-28:12:58:39) on conditions id =  AND username = 
14:05:09   UPDATING data to tables `time2vie_cirruscommon`.`login` fields ( login, last_time ) values (0, 2020-11-28 14:05:09) on conditions username = 
14:05:09   UPDATING data to tables `log_login` fields ( logout_time ) values (2020-11-28:13:05:09) on conditions id =  AND username = 
14:13:15   UPDATING data to tables `time2vie_cirruscommon`.`login` fields ( login, last_time ) values (0, 2020-11-28 14:13:15) on conditions username = 
14:13:15   UPDATING data to tables `log_login` fields ( logout_time ) values (2020-11-28:13:13:15) on conditions id =  AND username = 
14:13:21 majo032  UPDATING data to tables `time2vie_cirruscommon`.`secondary_login` fields ( error ) values (1) on conditions username = majo032 AND company_id = 7
14:17:11   UPDATING data to tables `time2vie_cirruscommon`.`login` fields ( login, last_time ) values (0, 2020-11-28 14:17:11) on conditions username = 
14:17:11   UPDATING data to tables `log_login` fields ( logout_time ) values (2020-11-28:13:17:11) on conditions id =  AND username = 
14:17:24 joli005  UPDATING data to tables `time2vie_cirruscommon`.`secondary_login` fields ( error ) values (1) on conditions username = joli005 AND company_id = 5
14:26:26   UPDATING data to tables `time2vie_cirruscommon`.`login` fields ( login, last_time ) values (0, 2020-11-28 14:26:26) on conditions username = 
14:26:26   UPDATING data to tables `log_login` fields ( logout_time ) values (2020-11-28:13:26:26) on conditions id =  AND username = 
14:26:42 maon001  UPDATING data to tables `time2vie_cirruscommon`.`secondary_login` fields ( error ) values (1) on conditions username = maon001 AND company_id = 4
14:27:03 maon001  UPDATING data to tables `time2vie_cirruscommon`.`secondary_login` fields ( error ) values (2) on conditions username = maon001 AND company_id = 4
14:39:29   UPDATING data to tables `time2vie_cirruscommon`.`login` fields ( login, last_time ) values (0, 2020-11-28 14:39:29) on conditions username = 
14:39:29   UPDATING data to tables `log_login` fields ( logout_time ) values (2020-11-28:13:39:29) on conditions id =  AND username = 
14:49:35   UPDATING data to tables `time2vie_cirruscommon`.`login` fields ( login, last_time ) values (0, 2020-11-28 14:49:35) on conditions username = 
14:49:35   UPDATING data to tables `log_login` fields ( logout_time ) values (2020-11-28:13:49:35) on conditions id =  AND username = 
15:58:16   UPDATING data to tables `time2vie_cirruscommon`.`login` fields ( login, last_time ) values (0, 2020-11-28 15:58:16) on conditions username = 
15:58:16   UPDATING data to tables `log_login` fields ( logout_time ) values (2020-11-28:14:58:16) on conditions id =  AND username = 
15:59:28   UPDATING data to tables `time2vie_cirruscommon`.`login` fields ( login, last_time ) values (0, 2020-11-28 15:59:28) on conditions username = 
15:59:28   UPDATING data to tables `log_login` fields ( logout_time ) values (2020-11-28:14:59:28) on conditions id =  AND username = 
16:21:56   UPDATING data to tables `time2vie_cirruscommon`.`login` fields ( login, last_time ) values (0, 2020-11-28 16:21:56) on conditions username = 
16:21:56   UPDATING data to tables `log_login` fields ( logout_time ) values (2020-11-28:15:21:56) on conditions id =  AND username = 
16:24:14   UPDATING data to tables `time2vie_cirruscommon`.`login` fields ( login, last_time ) values (0, 2020-11-28 16:24:14) on conditions username = 
16:24:14   UPDATING data to tables `log_login` fields ( logout_time ) values (2020-11-28:15:24:14) on conditions id =  AND username = 
16:29:37   UPDATING data to tables `time2vie_cirruscommon`.`login` fields ( login, last_time ) values (0, 2020-11-28 16:29:37) on conditions username = 
16:29:37   UPDATING data to tables `log_login` fields ( logout_time ) values (2020-11-28:15:29:37) on conditions id =  AND username = 
16:36:54   UPDATING data to tables `time2vie_cirruscommon`.`login` fields ( login, last_time ) values (0, 2020-11-28 16:36:54) on conditions username = 
16:36:54   UPDATING data to tables `log_login` fields ( logout_time ) values (2020-11-28:15:36:54) on conditions id =  AND username = 
16:38:46   UPDATING data to tables `log_login` fields ( logout_time ) values (2020-11-28:15:38:46) on conditions id = 28244 AND username = maed002
16:39:41   UPDATING data to tables `time2vie_cirruscommon`.`login` fields ( login, last_time ) values (0, 2020-11-28 16:39:41) on conditions username = 
16:39:41   UPDATING data to tables `log_login` fields ( logout_time ) values (2020-11-28:15:39:41) on conditions id =  AND username = 
17:42:40   UPDATING data to tables `time2vie_cirruscommon`.`login` fields ( login, last_time ) values (0, 2020-11-28 17:42:40) on conditions username = 
17:42:40   UPDATING data to tables `log_login` fields ( logout_time ) values (2020-11-28:16:42:40) on conditions id =  AND username = 
17:51:52 liid002  UPDATING data to tables `time2vie_cirruscommon`.`secondary_login` fields ( error ) values (1) on conditions username = liid002 AND company_id = 12
17:54:23   UPDATING data to tables `time2vie_cirruscommon`.`login` fields ( login, last_time ) values (0, 2020-11-28 17:54:23) on conditions username = 
17:54:23   UPDATING data to tables `log_login` fields ( logout_time ) values (2020-11-28:16:54:23) on conditions id =  AND username = 
18:51:53   UPDATING data to tables `time2vie_cirruscommon`.`login` fields ( login, last_time ) values (0, 2020-11-28 18:51:53) on conditions username = 
18:51:53   UPDATING data to tables `log_login` fields ( logout_time ) values (2020-11-28:17:51:53) on conditions id =  AND username = 
18:53:21   UPDATING data to tables `time2vie_cirruscommon`.`login` fields ( login, last_time ) values (0, 2020-11-28 18:53:21) on conditions username = 
18:53:21   UPDATING data to tables `log_login` fields ( logout_time ) values (2020-11-28:17:53:21) on conditions id =  AND username = 
18:56:07   UPDATING data to tables `time2vie_cirruscommon`.`login` fields ( login, last_time ) values (0, 2020-11-28 18:56:07) on conditions username = 
18:56:07   UPDATING data to tables `log_login` fields ( logout_time ) values (2020-11-28:17:56:07) on conditions id =  AND username = 
18:57:15   UPDATING data to tables `time2vie_cirruscommon`.`login` fields ( login, last_time ) values (0, 2020-11-28 18:57:15) on conditions username = 
18:57:15   UPDATING data to tables `log_login` fields ( logout_time ) values (2020-11-28:17:57:15) on conditions id =  AND username = 
19:30:45   UPDATING data to tables `time2vie_cirruscommon`.`login` fields ( login, last_time ) values (0, 2020-11-28 19:30:45) on conditions username = 
19:30:45   UPDATING data to tables `log_login` fields ( logout_time ) values (2020-11-28:18:30:45) on conditions id =  AND username = 
19:31:07 alba002  UPDATING data to tables `time2vie_cirruscommon`.`secondary_login` fields ( error ) values (1) on conditions username = alba002 AND company_id = 7
19:31:25 alba002  UPDATING data to tables `time2vie_cirruscommon`.`secondary_login` fields ( error ) values (2) on conditions username = alba002 AND company_id = 7
19:33:40   UPDATING data to tables `time2vie_cirruscommon`.`login` fields ( login, last_time ) values (0, 2020-11-28 19:33:40) on conditions username = 
19:33:40   UPDATING data to tables `log_login` fields ( logout_time ) values (2020-11-28:18:33:40) on conditions id =  AND username = 
20:06:40   UPDATING data to tables `time2vie_cirruscommon`.`login` fields ( login, last_time ) values (0, 2020-11-28 20:06:40) on conditions username = 
20:06:40   UPDATING data to tables `log_login` fields ( logout_time ) values (2020-11-28:19:06:40) on conditions id =  AND username = 
20:28:18   UPDATING data to tables `time2vie_cirruscommon`.`login` fields ( login, last_time ) values (0, 2020-11-28 20:28:18) on conditions username = 
20:28:18   UPDATING data to tables `log_login` fields ( logout_time ) values (2020-11-28:19:28:18) on conditions id =  AND username = 
20:51:49   UPDATING data to tables `time2vie_cirruscommon`.`login` fields ( login, last_time ) values (0, 2020-11-28 20:51:49) on conditions username = 
20:51:49   UPDATING data to tables `log_login` fields ( logout_time ) values (2020-11-28:19:51:49) on conditions id =  AND username = 
20:55:41   UPDATING data to tables `time2vie_cirruscommon`.`login` fields ( login, last_time ) values (0, 2020-11-28 20:55:41) on conditions username = 
20:55:41   UPDATING data to tables `log_login` fields ( logout_time ) values (2020-11-28:19:55:41) on conditions id =  AND username = 
21:12:17   UPDATING data to tables `time2vie_cirruscommon`.`login` fields ( login, last_time ) values (0, 2020-11-28 21:12:17) on conditions username = 
21:12:17   UPDATING data to tables `log_login` fields ( logout_time ) values (2020-11-28:20:12:17) on conditions id =  AND username = 
21:19:57   UPDATING data to tables `time2vie_cirruscommon`.`login` fields ( login, last_time ) values (0, 2020-11-28 21:19:57) on conditions username = 
21:19:57   UPDATING data to tables `log_login` fields ( logout_time ) values (2020-11-28:20:19:57) on conditions id =  AND username = 
21:20:43   UPDATING data to tables `time2vie_cirruscommon`.`login` fields ( login, last_time ) values (0, 2020-11-28 21:20:43) on conditions username = 
21:20:43   UPDATING data to tables `log_login` fields ( logout_time ) values (2020-11-28:20:20:43) on conditions id =  AND username = 
21:44:57   UPDATING data to tables `time2vie_cirruscommon`.`login` fields ( login, last_time ) values (0, 2020-11-28 21:44:57) on conditions username = 
21:44:57   UPDATING data to tables `log_login` fields ( logout_time ) values (2020-11-28:20:44:57) on conditions id =  AND username = 
22:40:49   UPDATING data to tables `time2vie_cirruscommon`.`login` fields ( login, last_time ) values (0, 2020-11-28 22:40:49) on conditions username = 
22:40:49   UPDATING data to tables `log_login` fields ( logout_time ) values (2020-11-28:21:40:49) on conditions id =  AND username = 
22:49:26   UPDATING data to tables `time2vie_cirruscommon`.`login` fields ( login, last_time ) values (0, 2020-11-28 22:49:26) on conditions username = 
22:49:26   UPDATING data to tables `log_login` fields ( logout_time ) values (2020-11-28:21:49:26) on conditions id =  AND username = 
22:49:35 kabo002  UPDATING data to tables `time2vie_cirruscommon`.`secondary_login` fields ( error ) values (1) on conditions username = kabo002 AND company_id = 5
22:51:11   UPDATING data to tables `time2vie_cirruscommon`.`login` fields ( login, last_time ) values (0, 2020-11-28 22:51:11) on conditions username = 
22:51:11   UPDATING data to tables `log_login` fields ( logout_time ) values (2020-11-28:21:51:11) on conditions id =  AND username = 
22:56:42   UPDATING data to tables `time2vie_cirruscommon`.`login` fields ( login, last_time ) values (0, 2020-11-28 22:56:42) on conditions username = 
22:56:42   UPDATING data to tables `log_login` fields ( logout_time ) values (2020-11-28:21:56:42) on conditions id =  AND username = 
22:59:33   UPDATING data to tables `time2vie_cirruscommon`.`login` fields ( login, last_time ) values (0, 2020-11-28 22:59:33) on conditions username = 
22:59:33   UPDATING data to tables `log_login` fields ( logout_time ) values (2020-11-28:21:59:33) on conditions id =  AND username = 
23:21:22   UPDATING data to tables `time2vie_cirruscommon`.`login` fields ( login, last_time ) values (0, 2020-11-28 23:21:22) on conditions username = 
23:21:22   UPDATING data to tables `log_login` fields ( logout_time ) values (2020-11-28:22:21:22) on conditions id =  AND username = 
00:09:46   UPDATING data to tables `time2vie_cirruscommon`.`login` fields ( login, last_time ) values (0, 2020-11-29 00:09:46) on conditions username = 
00:09:46   UPDATING data to tables `log_login` fields ( logout_time ) values (2020-11-28:23:09:46) on conditions id =  AND username = 
