06:03:51   UPDATING data to tables `time2vie_cirruscommon`.`login` fields ( login, last_time ) values (0, 2020-10-20 06:03:51) on conditions username = 
06:03:51   UPDATING data to tables `log_login` fields ( logout_time ) values (2020-10-20:04:03:51) on conditions id =  AND username = 
06:07:22   UPDATING data to tables `time2vie_cirruscommon`.`login` fields ( login, last_time ) values (0, 2020-10-20 06:07:22) on conditions username = 
06:07:22   UPDATING data to tables `log_login` fields ( logout_time ) values (2020-10-20:04:07:22) on conditions id =  AND username = 
07:11:55   UPDATING data to tables `time2vie_cirruscommon`.`login` fields ( login, last_time ) values (0, 2020-10-20 07:11:55) on conditions username = 
07:11:55   UPDATING data to tables `log_login` fields ( logout_time ) values (2020-10-20:05:11:55) on conditions id =  AND username = 
07:40:39   UPDATING data to tables `log_login` fields ( logout_time ) values (2020-10-20:05:40:39) on conditions id = 311579 AND username = lian007
08:21:00   UPDATING data to tables `time2vie_cirruscommon`.`login` fields ( login, last_time ) values (0, 2020-10-20 08:21:00) on conditions username = 
08:21:00   UPDATING data to tables `log_login` fields ( logout_time ) values (2020-10-20:06:21:00) on conditions id =  AND username = 
08:27:54   UPDATING data to tables `time2vie_cirruscommon`.`login` fields ( login, last_time ) values (0, 2020-10-20 08:27:54) on conditions username = 
08:27:54   UPDATING data to tables `log_login` fields ( logout_time ) values (2020-10-20:06:27:54) on conditions id =  AND username = 
08:28:07 jujo001  UPDATING data to tables `time2vie_cirruscommon`.`secondary_login` fields ( error ) values (1) on conditions username = jujo001 AND company_id = 9
08:31:41   UPDATING data to tables `log_login` fields ( logout_time ) values (2020-10-20:06:31:41) on conditions id = 311585 AND username = krfa001
09:01:38   UPDATING data to tables `time2vie_cirruscommon`.`login` fields ( login, last_time ) values (0, 2020-10-20 09:01:38) on conditions username = 
09:01:38   UPDATING data to tables `log_login` fields ( logout_time ) values (2020-10-20:07:01:38) on conditions id =  AND username = 
09:05:20   UPDATING data to tables `time2vie_cirruscommon`.`login` fields ( login, last_time ) values (0, 2020-10-20 09:05:20) on conditions username = 
09:05:20   UPDATING data to tables `log_login` fields ( logout_time ) values (2020-10-20:07:05:20) on conditions id =  AND username = 
09:22:50   UPDATING data to tables `time2vie_cirruscommon`.`login` fields ( login, last_time ) values (0, 2020-10-20 09:22:50) on conditions username = 
09:22:50   UPDATING data to tables `log_login` fields ( logout_time ) values (2020-10-20:07:22:50) on conditions id =  AND username = 
09:24:51   UPDATING data to tables `time2vie_cirruscommon`.`login` fields ( login, last_time ) values (0, 2020-10-20 09:24:51) on conditions username = 
09:24:51   UPDATING data to tables `log_login` fields ( logout_time ) values (2020-10-20:07:24:51) on conditions id =  AND username = 
09:35:33   UPDATING data to tables `log_login` fields ( logout_time ) values (2020-10-20:07:35:33) on conditions id = 263547 AND username = sabi002
09:35:43 sabi002  UPDATING data to tables `time2vie_cirruscommon`.`secondary_login` fields ( error ) values (1) on conditions username = sabi002 AND company_id = 7
09:51:38   UPDATING data to tables `time2vie_cirruscommon`.`login` fields ( login, last_time ) values (0, 2020-10-20 09:51:38) on conditions username = 
09:51:38   UPDATING data to tables `log_login` fields ( logout_time ) values (2020-10-20:07:51:38) on conditions id =  AND username = 
10:07:12   UPDATING data to tables `time2vie_cirruscommon`.`login` fields ( login, last_time ) values (0, 2020-10-20 10:07:12) on conditions username = 
10:07:12   UPDATING data to tables `log_login` fields ( logout_time ) values (2020-10-20:08:07:12) on conditions id =  AND username = 
10:09:30   UPDATING data to tables `time2vie_cirruscommon`.`login` fields ( login, last_time ) values (0, 2020-10-20 10:09:30) on conditions username = 
10:09:30   UPDATING data to tables `log_login` fields ( logout_time ) values (2020-10-20:08:09:30) on conditions id =  AND username = 
10:27:53   UPDATING data to tables `time2vie_cirruscommon`.`login` fields ( login, last_time ) values (0, 2020-10-20 10:27:53) on conditions username = 
10:27:53   UPDATING data to tables `log_login` fields ( logout_time ) values (2020-10-20:08:27:53) on conditions id =  AND username = 
10:28:11 dalu002  UPDATING data to tables `time2vie_cirruscommon`.`secondary_login` fields ( error ) values (1) on conditions username = dalu002 AND company_id = 7
10:33:52   UPDATING data to tables `time2vie_cirruscommon`.`login` fields ( login, last_time ) values (0, 2020-10-20 10:33:52) on conditions username = 
10:33:52   UPDATING data to tables `log_login` fields ( logout_time ) values (2020-10-20:08:33:52) on conditions id =  AND username = 
10:44:02   UPDATING data to tables `time2vie_cirruscommon`.`login` fields ( login, last_time ) values (0, 2020-10-20 10:44:02) on conditions username = 
10:44:02   UPDATING data to tables `log_login` fields ( logout_time ) values (2020-10-20:08:44:02) on conditions id =  AND username = 
10:57:34   UPDATING data to tables `time2vie_cirruscommon`.`login` fields ( login, last_time ) values (0, 2020-10-20 10:57:34) on conditions username = 
10:57:34   UPDATING data to tables `log_login` fields ( logout_time ) values (2020-10-20:08:57:34) on conditions id =  AND username = 
10:59:17   UPDATING data to tables `time2vie_cirruscommon`.`login` fields ( login, last_time ) values (0, 2020-10-20 10:59:17) on conditions username = 
10:59:17   UPDATING data to tables `log_login` fields ( logout_time ) values (2020-10-20:08:59:17) on conditions id =  AND username = 
11:02:00   UPDATING data to tables `time2vie_cirruscommon`.`login` fields ( login, last_time ) values (0, 2020-10-20 11:02:00) on conditions username = 
11:02:00   UPDATING data to tables `log_login` fields ( logout_time ) values (2020-10-20:09:02:00) on conditions id =  AND username = 
11:09:16   UPDATING data to tables `time2vie_cirruscommon`.`login` fields ( login, last_time ) values (0, 2020-10-20 11:09:16) on conditions username = 
11:09:16   UPDATING data to tables `log_login` fields ( logout_time ) values (2020-10-20:09:09:16) on conditions id =  AND username = 
11:09:55   UPDATING data to tables `time2vie_cirruscommon`.`login` fields ( login, last_time ) values (0, 2020-10-20 11:09:55) on conditions username = 
11:09:55   UPDATING data to tables `log_login` fields ( logout_time ) values (2020-10-20:09:09:55) on conditions id =  AND username = 
11:17:59   UPDATING data to tables `time2vie_cirruscommon`.`login` fields ( login, last_time ) values (0, 2020-10-20 11:17:59) on conditions username = 
11:17:59   UPDATING data to tables `log_login` fields ( logout_time ) values (2020-10-20:09:17:59) on conditions id =  AND username = 
11:40:35   UPDATING data to tables `time2vie_cirruscommon`.`login` fields ( login, last_time ) values (0, 2020-10-20 11:40:35) on conditions username = 
11:40:35   UPDATING data to tables `log_login` fields ( logout_time ) values (2020-10-20:09:40:35) on conditions id =  AND username = 
11:46:37   UPDATING data to tables `time2vie_cirruscommon`.`login` fields ( login, last_time ) values (0, 2020-10-20 11:46:37) on conditions username = 
11:46:37   UPDATING data to tables `log_login` fields ( logout_time ) values (2020-10-20:09:46:37) on conditions id =  AND username = 
11:46:47 krda003  UPDATING data to tables `time2vie_cirruscommon`.`secondary_login` fields ( error ) values (1) on conditions username = krda003 AND company_id = 7
12:16:36   UPDATING data to tables `time2vie_cirruscommon`.`login` fields ( login, last_time ) values (0, 2020-10-20 12:16:36) on conditions username = 
12:16:36   UPDATING data to tables `log_login` fields ( logout_time ) values (2020-10-20:10:16:36) on conditions id =  AND username = 
12:18:25   UPDATING data to tables `time2vie_cirruscommon`.`login` fields ( login, last_time ) values (0, 2020-10-20 12:18:25) on conditions username = 
12:18:25   UPDATING data to tables `log_login` fields ( logout_time ) values (2020-10-20:10:18:25) on conditions id =  AND username = 
12:18:33 kabj002  UPDATING data to tables `time2vie_cirruscommon`.`secondary_login` fields ( error ) values (1) on conditions username = kabj002 AND company_id = 9
12:27:05   UPDATING data to tables `time2vie_cirruscommon`.`login` fields ( login, last_time ) values (0, 2020-10-20 12:27:05) on conditions username = 
12:27:05   UPDATING data to tables `log_login` fields ( logout_time ) values (2020-10-20:10:27:05) on conditions id =  AND username = 
12:55:52   UPDATING data to tables `time2vie_cirruscommon`.`login` fields ( login, last_time ) values (0, 2020-10-20 12:55:52) on conditions username = 
12:55:52   UPDATING data to tables `log_login` fields ( logout_time ) values (2020-10-20:10:55:52) on conditions id =  AND username = 
12:55:58 nama002  UPDATING data to tables `time2vie_cirruscommon`.`secondary_login` fields ( error ) values (1) on conditions username = nama002 AND company_id = 9
12:57:08   UPDATING data to tables `time2vie_cirruscommon`.`login` fields ( login, last_time ) values (0, 2020-10-20 12:57:08) on conditions username = 
12:57:08   UPDATING data to tables `log_login` fields ( logout_time ) values (2020-10-20:10:57:08) on conditions id =  AND username = 
12:59:26   UPDATING data to tables `time2vie_cirruscommon`.`login` fields ( login, last_time ) values (0, 2020-10-20 12:59:26) on conditions username = 
12:59:26   UPDATING data to tables `log_login` fields ( logout_time ) values (2020-10-20:10:59:26) on conditions id =  AND username = 
13:00:34   UPDATING data to tables `time2vie_cirruscommon`.`login` fields ( login, last_time ) values (0, 2020-10-20 13:00:34) on conditions username = 
13:00:34   UPDATING data to tables `log_login` fields ( logout_time ) values (2020-10-20:11:00:34) on conditions id =  AND username = 
13:04:39   UPDATING data to tables `time2vie_cirruscommon`.`login` fields ( login, last_time ) values (0, 2020-10-20 13:04:39) on conditions username = 
13:04:39   UPDATING data to tables `log_login` fields ( logout_time ) values (2020-10-20:11:04:39) on conditions id =  AND username = 
13:16:03   UPDATING data to tables `time2vie_cirruscommon`.`login` fields ( login, last_time ) values (0, 2020-10-20 13:16:03) on conditions username = 
13:16:03   UPDATING data to tables `log_login` fields ( logout_time ) values (2020-10-20:11:16:03) on conditions id =  AND username = 
13:17:15   UPDATING data to tables `time2vie_cirruscommon`.`login` fields ( login, last_time ) values (0, 2020-10-20 13:17:15) on conditions username = 
13:17:15   UPDATING data to tables `log_login` fields ( logout_time ) values (2020-10-20:11:17:15) on conditions id =  AND username = 
13:20:06   UPDATING data to tables `time2vie_cirruscommon`.`login` fields ( login, last_time ) values (0, 2020-10-20 13:20:06) on conditions username = 
13:20:06   UPDATING data to tables `log_login` fields ( logout_time ) values (2020-10-20:11:20:06) on conditions id =  AND username = 
13:22:56   UPDATING data to tables `time2vie_cirruscommon`.`login` fields ( login, last_time ) values (0, 2020-10-20 13:22:56) on conditions username = 
13:22:56   UPDATING data to tables `log_login` fields ( logout_time ) values (2020-10-20:11:22:56) on conditions id =  AND username = 
13:30:31   UPDATING data to tables `time2vie_cirruscommon`.`login` fields ( login, last_time ) values (0, 2020-10-20 13:30:31) on conditions username = 
13:30:31   UPDATING data to tables `log_login` fields ( logout_time ) values (2020-10-20:11:30:31) on conditions id =  AND username = 
13:32:38   UPDATING data to tables `time2vie_cirruscommon`.`login` fields ( login, last_time ) values (0, 2020-10-20 13:32:38) on conditions username = 
13:32:38   UPDATING data to tables `log_login` fields ( logout_time ) values (2020-10-20:11:32:38) on conditions id =  AND username = 
13:35:12   UPDATING data to tables `time2vie_cirruscommon`.`login` fields ( login, last_time ) values (0, 2020-10-20 13:35:12) on conditions username = 
13:35:12   UPDATING data to tables `log_login` fields ( logout_time ) values (2020-10-20:11:35:12) on conditions id =  AND username = 
13:35:25   UPDATING data to tables `time2vie_cirruscommon`.`login` fields ( login, last_time ) values (0, 2020-10-20 13:35:25) on conditions username = 
13:35:25   UPDATING data to tables `log_login` fields ( logout_time ) values (2020-10-20:11:35:25) on conditions id =  AND username = 
13:35:54 armu001  UPDATING data to tables `time2vie_cirruscommon`.`secondary_login` fields ( error ) values (1) on conditions username = armu001 AND company_id = 13
13:36:08 armu001  UPDATING data to tables `time2vie_cirruscommon`.`secondary_login` fields ( error ) values (2) on conditions username = armu001 AND company_id = 13
13:42:21   UPDATING data to tables `time2vie_cirruscommon`.`login` fields ( login, last_time ) values (0, 2020-10-20 13:42:21) on conditions username = 
13:42:21   UPDATING data to tables `log_login` fields ( logout_time ) values (2020-10-20:11:42:21) on conditions id =  AND username = 
13:45:11   UPDATING data to tables `time2vie_cirruscommon`.`login` fields ( login, last_time ) values (0, 2020-10-20 13:45:11) on conditions username = 
13:45:11   UPDATING data to tables `log_login` fields ( logout_time ) values (2020-10-20:11:45:11) on conditions id =  AND username = 
13:45:46 nabe005  UPDATING data to tables `time2vie_cirruscommon`.`secondary_login` fields ( error ) values (6) on conditions username = nabe005 AND company_id = 8
13:46:46 nabe005  UPDATING data to tables `time2vie_cirruscommon`.`secondary_login` fields ( error ) values (7) on conditions username = nabe005 AND company_id = 8
13:47:10 nabe005  UPDATING data to tables `time2vie_cirruscommon`.`secondary_login` fields ( error ) values (8) on conditions username = nabe005 AND company_id = 8
13:47:20 nabe005  UPDATING data to tables `time2vie_cirruscommon`.`secondary_login` fields ( error ) values (9) on conditions username = nabe005 AND company_id = 8
13:56:35   UPDATING data to tables `time2vie_cirruscommon`.`login` fields ( login, last_time ) values (0, 2020-10-20 13:56:35) on conditions username = 
13:56:35   UPDATING data to tables `log_login` fields ( logout_time ) values (2020-10-20:11:56:35) on conditions id =  AND username = 
13:57:02   UPDATING data to tables `time2vie_cirruscommon`.`login` fields ( login, last_time ) values (0, 2020-10-20 13:57:02) on conditions username = 
13:57:02   UPDATING data to tables `log_login` fields ( logout_time ) values (2020-10-20:11:57:02) on conditions id =  AND username = 
13:57:07   UPDATING data to tables `time2vie_cirruscommon`.`login` fields ( login, last_time ) values (0, 2020-10-20 13:57:07) on conditions username = 
13:57:07   UPDATING data to tables `log_login` fields ( logout_time ) values (2020-10-20:11:57:07) on conditions id =  AND username = 
14:05:58   UPDATING data to tables `time2vie_cirruscommon`.`login` fields ( login, last_time ) values (0, 2020-10-20 14:05:58) on conditions username = 
14:05:58   UPDATING data to tables `log_login` fields ( logout_time ) values (2020-10-20:12:05:58) on conditions id =  AND username = 
14:28:22   UPDATING data to tables `time2vie_cirruscommon`.`login` fields ( login, last_time ) values (0, 2020-10-20 14:28:22) on conditions username = 
14:28:22   UPDATING data to tables `log_login` fields ( logout_time ) values (2020-10-20:12:28:22) on conditions id =  AND username = 
14:30:29   UPDATING data to tables `time2vie_cirruscommon`.`login` fields ( login, last_time ) values (0, 2020-10-20 14:30:29) on conditions username = 
14:30:29   UPDATING data to tables `log_login` fields ( logout_time ) values (2020-10-20:12:30:29) on conditions id =  AND username = 
14:40:31   UPDATING data to tables `log_login` fields ( logout_time ) values (2020-10-20:12:40:31) on conditions id = 54243 AND username = inlj001
14:47:12   UPDATING data to tables `log_login` fields ( logout_time ) values (2020-10-20:12:47:12) on conditions id = 263593 AND username = jegu004
15:08:03   UPDATING data to tables `time2vie_cirruscommon`.`login` fields ( login, last_time ) values (0, 2020-10-20 15:08:03) on conditions username = 
15:08:03   UPDATING data to tables `log_login` fields ( logout_time ) values (2020-10-20:13:08:03) on conditions id =  AND username = 
15:14:59   UPDATING data to tables `time2vie_cirruscommon`.`login` fields ( login, last_time ) values (0, 2020-10-20 15:14:59) on conditions username = 
15:14:59   UPDATING data to tables `log_login` fields ( logout_time ) values (2020-10-20:13:14:59) on conditions id =  AND username = 
15:17:00   UPDATING data to tables `time2vie_cirruscommon`.`login` fields ( login, last_time ) values (0, 2020-10-20 15:17:00) on conditions username = 
15:17:00   UPDATING data to tables `log_login` fields ( logout_time ) values (2020-10-20:13:17:00) on conditions id =  AND username = 
15:25:55   UPDATING data to tables `time2vie_cirruscommon`.`login` fields ( login, last_time ) values (0, 2020-10-20 15:25:55) on conditions username = 
15:25:55   UPDATING data to tables `log_login` fields ( logout_time ) values (2020-10-20:13:25:55) on conditions id =  AND username = 
15:32:58   UPDATING data to tables `time2vie_cirruscommon`.`login` fields ( login, last_time ) values (0, 2020-10-20 15:32:58) on conditions username = 
15:32:58   UPDATING data to tables `log_login` fields ( logout_time ) values (2020-10-20:13:32:58) on conditions id =  AND username = 
15:36:22   UPDATING data to tables `time2vie_cirruscommon`.`login` fields ( login, last_time ) values (0, 2020-10-20 15:36:22) on conditions username = 
15:36:22   UPDATING data to tables `log_login` fields ( logout_time ) values (2020-10-20:13:36:22) on conditions id =  AND username = 
15:39:18   UPDATING data to tables `time2vie_cirruscommon`.`login` fields ( login, last_time ) values (0, 2020-10-20 15:39:18) on conditions username = 
15:39:18   UPDATING data to tables `log_login` fields ( logout_time ) values (2020-10-20:13:39:18) on conditions id =  AND username = 
15:44:20   UPDATING data to tables `time2vie_cirruscommon`.`login` fields ( login, last_time ) values (0, 2020-10-20 15:44:20) on conditions username = 
15:44:20   UPDATING data to tables `log_login` fields ( logout_time ) values (2020-10-20:13:44:20) on conditions id =  AND username = 
15:46:20   UPDATING data to tables `time2vie_cirruscommon`.`login` fields ( login, last_time ) values (0, 2020-10-20 15:46:20) on conditions username = 
15:46:20   UPDATING data to tables `log_login` fields ( logout_time ) values (2020-10-20:13:46:20) on conditions id =  AND username = 
15:47:37   UPDATING data to tables `time2vie_cirruscommon`.`login` fields ( login, last_time ) values (0, 2020-10-20 15:47:37) on conditions username = 
15:47:37   UPDATING data to tables `log_login` fields ( logout_time ) values (2020-10-20:13:47:37) on conditions id =  AND username = 
15:50:57   UPDATING data to tables `time2vie_cirruscommon`.`login` fields ( login, last_time ) values (0, 2020-10-20 15:50:57) on conditions username = 
15:50:57   UPDATING data to tables `log_login` fields ( logout_time ) values (2020-10-20:13:50:57) on conditions id =  AND username = 
15:53:55   UPDATING data to tables `time2vie_cirruscommon`.`login` fields ( login, last_time ) values (0, 2020-10-20 15:53:55) on conditions username = 
15:53:55   UPDATING data to tables `log_login` fields ( logout_time ) values (2020-10-20:13:53:55) on conditions id =  AND username = 
15:57:05   UPDATING data to tables `time2vie_cirruscommon`.`login` fields ( login, last_time ) values (0, 2020-10-20 15:57:05) on conditions username = 
15:57:05   UPDATING data to tables `log_login` fields ( logout_time ) values (2020-10-20:13:57:05) on conditions id =  AND username = 
15:59:42   UPDATING data to tables `time2vie_cirruscommon`.`login` fields ( login, last_time ) values (0, 2020-10-20 15:59:42) on conditions username = 
15:59:42   UPDATING data to tables `log_login` fields ( logout_time ) values (2020-10-20:13:59:42) on conditions id =  AND username = 
16:01:14   UPDATING data to tables `time2vie_cirruscommon`.`login` fields ( login, last_time ) values (0, 2020-10-20 16:01:14) on conditions username = 
16:01:14   UPDATING data to tables `log_login` fields ( logout_time ) values (2020-10-20:14:01:14) on conditions id =  AND username = 
16:16:38   UPDATING data to tables `time2vie_cirruscommon`.`login` fields ( login, last_time ) values (0, 2020-10-20 16:16:38) on conditions username = 
16:16:38   UPDATING data to tables `log_login` fields ( logout_time ) values (2020-10-20:14:16:38) on conditions id =  AND username = 
16:21:15   UPDATING data to tables `time2vie_cirruscommon`.`login` fields ( login, last_time ) values (0, 2020-10-20 16:21:15) on conditions username = 
16:21:15   UPDATING data to tables `log_login` fields ( logout_time ) values (2020-10-20:14:21:15) on conditions id =  AND username = 
16:35:41   UPDATING data to tables `time2vie_cirruscommon`.`login` fields ( login, last_time ) values (0, 2020-10-20 16:35:41) on conditions username = 
16:35:41   UPDATING data to tables `log_login` fields ( logout_time ) values (2020-10-20:14:35:41) on conditions id =  AND username = 
16:35:53   UPDATING data to tables `time2vie_cirruscommon`.`login` fields ( login, last_time ) values (0, 2020-10-20 16:35:53) on conditions username = 
16:35:53   UPDATING data to tables `log_login` fields ( logout_time ) values (2020-10-20:14:35:53) on conditions id =  AND username = 
16:42:12   UPDATING data to tables `time2vie_cirruscommon`.`login` fields ( login, last_time ) values (0, 2020-10-20 16:42:12) on conditions username = 
16:42:12   UPDATING data to tables `log_login` fields ( logout_time ) values (2020-10-20:14:42:12) on conditions id =  AND username = 
16:45:48   UPDATING data to tables `time2vie_cirruscommon`.`login` fields ( login, last_time ) values (0, 2020-10-20 16:45:48) on conditions username = 
16:45:48   UPDATING data to tables `log_login` fields ( logout_time ) values (2020-10-20:14:45:48) on conditions id =  AND username = 
16:53:10   UPDATING data to tables `time2vie_cirruscommon`.`login` fields ( login, last_time ) values (0, 2020-10-20 16:53:10) on conditions username = 
16:53:10   UPDATING data to tables `log_login` fields ( logout_time ) values (2020-10-20:14:53:10) on conditions id =  AND username = 
16:56:50   UPDATING data to tables `time2vie_cirruscommon`.`login` fields ( login, last_time ) values (0, 2020-10-20 16:56:50) on conditions username = 
16:56:50   UPDATING data to tables `log_login` fields ( logout_time ) values (2020-10-20:14:56:50) on conditions id =  AND username = 
17:24:50   UPDATING data to tables `time2vie_cirruscommon`.`login` fields ( login, last_time ) values (0, 2020-10-20 17:24:50) on conditions username = 
17:24:50   UPDATING data to tables `log_login` fields ( logout_time ) values (2020-10-20:15:24:50) on conditions id =  AND username = 
17:26:41   UPDATING data to tables `log_login` fields ( logout_time ) values (2020-10-20:15:26:41) on conditions id = 311684 AND username = krer004
17:34:41   UPDATING data to tables `time2vie_cirruscommon`.`login` fields ( login, last_time ) values (0, 2020-10-20 17:34:41) on conditions username = 
17:34:41   UPDATING data to tables `log_login` fields ( logout_time ) values (2020-10-20:15:34:41) on conditions id =  AND username = 
17:40:28   UPDATING data to tables `time2vie_cirruscommon`.`login` fields ( login, last_time ) values (0, 2020-10-20 17:40:28) on conditions username = 
17:40:28   UPDATING data to tables `log_login` fields ( logout_time ) values (2020-10-20:15:40:28) on conditions id =  AND username = 
17:50:07   UPDATING data to tables `time2vie_cirruscommon`.`login` fields ( login, last_time ) values (0, 2020-10-20 17:50:07) on conditions username = 
17:50:07   UPDATING data to tables `log_login` fields ( logout_time ) values (2020-10-20:15:50:07) on conditions id =  AND username = 
18:04:53   UPDATING data to tables `time2vie_cirruscommon`.`secondary_login` fields ( error ) values (1) on conditions username = anha011 AND company_id = 9
18:15:14   UPDATING data to tables `time2vie_cirruscommon`.`login` fields ( login, last_time ) values (0, 2020-10-20 18:15:14) on conditions username = 
18:15:14   UPDATING data to tables `log_login` fields ( logout_time ) values (2020-10-20:16:15:14) on conditions id =  AND username = 
18:16:44   UPDATING data to tables `time2vie_cirruscommon`.`login` fields ( login, last_time ) values (0, 2020-10-20 18:16:44) on conditions username = 
18:16:44   UPDATING data to tables `log_login` fields ( logout_time ) values (2020-10-20:16:16:44) on conditions id =  AND username = 
18:26:54   UPDATING data to tables `time2vie_cirruscommon`.`login` fields ( login, last_time ) values (0, 2020-10-20 18:26:54) on conditions username = 
18:26:54   UPDATING data to tables `log_login` fields ( logout_time ) values (2020-10-20:16:26:54) on conditions id =  AND username = 
18:29:28   UPDATING data to tables `time2vie_cirruscommon`.`login` fields ( login, last_time ) values (0, 2020-10-20 18:29:28) on conditions username = 
18:29:28   UPDATING data to tables `log_login` fields ( logout_time ) values (2020-10-20:16:29:28) on conditions id =  AND username = 
18:30:22   UPDATING data to tables `time2vie_cirruscommon`.`secondary_login` fields ( error ) values (1) on conditions username = alsu001 AND company_id = 9
18:55:49   UPDATING data to tables `time2vie_cirruscommon`.`login` fields ( login, last_time ) values (0, 2020-10-20 18:55:49) on conditions username = 
18:55:49   UPDATING data to tables `log_login` fields ( logout_time ) values (2020-10-20:16:55:49) on conditions id =  AND username = 
19:09:19   UPDATING data to tables `time2vie_cirruscommon`.`login` fields ( login, last_time ) values (0, 2020-10-20 19:09:19) on conditions username = 
19:09:19   UPDATING data to tables `log_login` fields ( logout_time ) values (2020-10-20:17:09:19) on conditions id =  AND username = 
19:18:56   UPDATING data to tables `log_login` fields ( logout_time ) values (2020-10-20:17:18:56) on conditions id = 263622 AND username = makv002
19:20:57   UPDATING data to tables `time2vie_cirruscommon`.`login` fields ( login, last_time ) values (0, 2020-10-20 19:20:57) on conditions username = 
19:20:57   UPDATING data to tables `log_login` fields ( logout_time ) values (2020-10-20:17:20:57) on conditions id =  AND username = 
19:21:10 anka020  UPDATING data to tables `time2vie_cirruscommon`.`secondary_login` fields ( error ) values (1) on conditions username = anka020 AND company_id = 20
19:21:12 anka020  UPDATING data to tables `time2vie_cirruscommon`.`secondary_login` fields ( error ) values (2) on conditions username = anka020 AND company_id = 20
19:22:10   UPDATING data to tables `time2vie_cirruscommon`.`login` fields ( login, last_time ) values (0, 2020-10-20 19:22:10) on conditions username = 
19:22:10   UPDATING data to tables `log_login` fields ( logout_time ) values (2020-10-20:17:22:10) on conditions id =  AND username = 
19:25:59   UPDATING data to tables `time2vie_cirruscommon`.`login` fields ( login, last_time ) values (0, 2020-10-20 19:25:59) on conditions username = 
19:25:59   UPDATING data to tables `log_login` fields ( logout_time ) values (2020-10-20:17:25:59) on conditions id =  AND username = 
19:26:27   UPDATING data to tables `time2vie_cirruscommon`.`login` fields ( login, last_time ) values (0, 2020-10-20 19:26:27) on conditions username = 
19:26:27   UPDATING data to tables `log_login` fields ( logout_time ) values (2020-10-20:17:26:27) on conditions id =  AND username = 
19:28:16   UPDATING data to tables `time2vie_cirruscommon`.`login` fields ( login, last_time ) values (0, 2020-10-20 19:28:16) on conditions username = 
19:28:16   UPDATING data to tables `log_login` fields ( logout_time ) values (2020-10-20:17:28:16) on conditions id =  AND username = 
19:30:36   UPDATING data to tables `time2vie_cirruscommon`.`login` fields ( login, last_time ) values (0, 2020-10-20 19:30:36) on conditions username = 
19:30:36   UPDATING data to tables `log_login` fields ( logout_time ) values (2020-10-20:17:30:36) on conditions id =  AND username = 
19:53:57   UPDATING data to tables `log_login` fields ( logout_time ) values (2020-10-20:17:53:57) on conditions id = 263625 AND username = makv002
19:54:32   UPDATING data to tables `time2vie_cirruscommon`.`login` fields ( login, last_time ) values (0, 2020-10-20 19:54:32) on conditions username = 
19:54:32   UPDATING data to tables `log_login` fields ( logout_time ) values (2020-10-20:17:54:32) on conditions id =  AND username = 
20:04:56   UPDATING data to tables `time2vie_cirruscommon`.`login` fields ( login, last_time ) values (0, 2020-10-20 20:04:56) on conditions username = 
20:04:56   UPDATING data to tables `log_login` fields ( logout_time ) values (2020-10-20:18:04:56) on conditions id =  AND username = 
20:06:12   UPDATING data to tables `time2vie_cirruscommon`.`login` fields ( login, last_time ) values (0, 2020-10-20 20:06:12) on conditions username = 
20:06:12   UPDATING data to tables `log_login` fields ( logout_time ) values (2020-10-20:18:06:12) on conditions id =  AND username = 
20:06:38 bipe002  UPDATING data to tables `time2vie_cirruscommon`.`secondary_login` fields ( error ) values (1) on conditions username = bipe002 AND company_id = 12
20:08:17   UPDATING data to tables `time2vie_cirruscommon`.`login` fields ( login, last_time ) values (0, 2020-10-20 20:08:17) on conditions username = 
20:08:17   UPDATING data to tables `log_login` fields ( logout_time ) values (2020-10-20:18:08:17) on conditions id =  AND username = 
20:28:13   UPDATING data to tables `time2vie_cirruscommon`.`login` fields ( login, last_time ) values (0, 2020-10-20 20:28:13) on conditions username = 
20:28:13   UPDATING data to tables `log_login` fields ( logout_time ) values (2020-10-20:18:28:13) on conditions id =  AND username = 
20:33:27   UPDATING data to tables `time2vie_cirruscommon`.`login` fields ( login, last_time ) values (0, 2020-10-20 20:33:27) on conditions username = 
20:33:27   UPDATING data to tables `log_login` fields ( logout_time ) values (2020-10-20:18:33:27) on conditions id =  AND username = 
20:34:02   UPDATING data to tables `time2vie_cirruscommon`.`login` fields ( login, last_time ) values (0, 2020-10-20 20:34:02) on conditions username = 
20:34:02   UPDATING data to tables `log_login` fields ( logout_time ) values (2020-10-20:18:34:02) on conditions id =  AND username = 
20:34:45   UPDATING data to tables `time2vie_cirruscommon`.`login` fields ( login, last_time ) values (0, 2020-10-20 20:34:45) on conditions username = 
20:34:45   UPDATING data to tables `log_login` fields ( logout_time ) values (2020-10-20:18:34:45) on conditions id =  AND username = 
20:36:06   UPDATING data to tables `time2vie_cirruscommon`.`login` fields ( login, last_time ) values (0, 2020-10-20 20:36:06) on conditions username = 
20:36:06   UPDATING data to tables `log_login` fields ( logout_time ) values (2020-10-20:18:36:06) on conditions id =  AND username = 
20:39:19   UPDATING data to tables `log_login` fields ( logout_time ) values (2020-10-20:18:39:19) on conditions id = 215215 AND username = bema001
20:46:57   UPDATING data to tables `time2vie_cirruscommon`.`login` fields ( login, last_time ) values (0, 2020-10-20 20:46:57) on conditions username = 
20:46:57   UPDATING data to tables `log_login` fields ( logout_time ) values (2020-10-20:18:46:57) on conditions id =  AND username = 
20:49:50   UPDATING data to tables `log_login` fields ( logout_time ) values (2020-10-20:18:49:50) on conditions id = 215216 AND username = bema001
20:51:57   UPDATING data to tables `time2vie_cirruscommon`.`login` fields ( login, last_time ) values (0, 2020-10-20 20:51:57) on conditions username = 
20:51:57   UPDATING data to tables `log_login` fields ( logout_time ) values (2020-10-20:18:51:57) on conditions id =  AND username = 
21:01:15 urli001  UPDATING data to tables `time2vie_cirruscommon`.`secondary_login` fields ( error ) values (2) on conditions username = urli001 AND company_id = 7
21:01:26 urli001  UPDATING data to tables `time2vie_cirruscommon`.`secondary_login` fields ( error ) values (3) on conditions username = urli001 AND company_id = 7
21:01:34 urli001  UPDATING data to tables `time2vie_cirruscommon`.`secondary_login` fields ( error ) values (4) on conditions username = urli001 AND company_id = 7
21:01:38 urli001  UPDATING data to tables `time2vie_cirruscommon`.`secondary_login` fields ( error ) values (5) on conditions username = urli001 AND company_id = 7
21:10:31   UPDATING data to tables `time2vie_cirruscommon`.`login` fields ( login, last_time ) values (0, 2020-10-20 21:10:31) on conditions username = 
21:10:31   UPDATING data to tables `log_login` fields ( logout_time ) values (2020-10-20:19:10:31) on conditions id =  AND username = 
21:11:50   UPDATING data to tables `time2vie_cirruscommon`.`login` fields ( login, last_time ) values (0, 2020-10-20 21:11:50) on conditions username = 
21:11:50   UPDATING data to tables `log_login` fields ( logout_time ) values (2020-10-20:19:11:50) on conditions id =  AND username = 
21:28:32   UPDATING data to tables `time2vie_cirruscommon`.`login` fields ( login, last_time ) values (0, 2020-10-20 21:28:32) on conditions username = 
21:28:32   UPDATING data to tables `log_login` fields ( logout_time ) values (2020-10-20:19:28:32) on conditions id =  AND username = 
22:00:59   UPDATING data to tables `time2vie_cirruscommon`.`login` fields ( login, last_time ) values (0, 2020-10-20 22:00:59) on conditions username = 
22:00:59   UPDATING data to tables `log_login` fields ( logout_time ) values (2020-10-20:20:00:59) on conditions id =  AND username = 
22:12:14   UPDATING data to tables `time2vie_cirruscommon`.`login` fields ( login, last_time ) values (0, 2020-10-20 22:12:14) on conditions username = 
22:12:14   UPDATING data to tables `log_login` fields ( logout_time ) values (2020-10-20:20:12:14) on conditions id =  AND username = 
22:26:41   UPDATING data to tables `time2vie_cirruscommon`.`login` fields ( login, last_time ) values (0, 2020-10-20 22:26:41) on conditions username = 
22:26:41   UPDATING data to tables `log_login` fields ( logout_time ) values (2020-10-20:20:26:41) on conditions id =  AND username = 
22:29:13   UPDATING data to tables `time2vie_cirruscommon`.`login` fields ( login, last_time ) values (0, 2020-10-20 22:29:13) on conditions username = 
22:29:13   UPDATING data to tables `log_login` fields ( logout_time ) values (2020-10-20:20:29:13) on conditions id =  AND username = 
22:33:03   UPDATING data to tables `time2vie_cirruscommon`.`login` fields ( login, last_time ) values (0, 2020-10-20 22:33:03) on conditions username = 
22:33:03   UPDATING data to tables `log_login` fields ( logout_time ) values (2020-10-20:20:33:03) on conditions id =  AND username = 
23:09:01   UPDATING data to tables `time2vie_cirruscommon`.`login` fields ( login, last_time ) values (0, 2020-10-20 23:09:01) on conditions username = 
23:09:01   UPDATING data to tables `log_login` fields ( logout_time ) values (2020-10-20:21:09:01) on conditions id =  AND username = 
00:01:23   UPDATING data to tables `time2vie_cirruscommon`.`login` fields ( login, last_time ) values (0, 2020-10-21 00:01:23) on conditions username = 
00:01:23   UPDATING data to tables `log_login` fields ( logout_time ) values (2020-10-20:22:01:23) on conditions id =  AND username = 
01:50:55   UPDATING data to tables `time2vie_cirruscommon`.`login` fields ( login, last_time ) values (0, 2020-10-21 01:50:55) on conditions username = 
01:50:55   UPDATING data to tables `log_login` fields ( logout_time ) values (2020-10-20:23:50:55) on conditions id =  AND username = 
