01:24:17   UPDATING data to tables `time2vie_cirruscommon`.`login` fields ( login, last_time ) values (0, 2020-11-04 01:24:17) on conditions username = 
01:24:17   UPDATING data to tables `log_login` fields ( logout_time ) values (2020-11-04:00:24:17) on conditions id =  AND username = 
01:40:25   UPDATING data to tables `time2vie_cirruscommon`.`login` fields ( login, last_time ) values (0, 2020-11-04 01:40:25) on conditions username = 
01:40:25   UPDATING data to tables `log_login` fields ( logout_time ) values (2020-11-04:00:40:25) on conditions id =  AND username = 
04:50:08   UPDATING data to tables `time2vie_cirruscommon`.`login` fields ( login, last_time ) values (0, 2020-11-04 04:50:08) on conditions username = 
04:50:08   UPDATING data to tables `log_login` fields ( logout_time ) values (2020-11-04:03:50:08) on conditions id =  AND username = 
05:26:04   UPDATING data to tables `time2vie_cirruscommon`.`login` fields ( login, last_time ) values (0, 2020-11-04 05:26:04) on conditions username = 
05:26:04   UPDATING data to tables `log_login` fields ( logout_time ) values (2020-11-04:04:26:04) on conditions id =  AND username = 
07:38:39   UPDATING data to tables `time2vie_cirruscommon`.`login` fields ( login, last_time ) values (0, 2020-11-04 07:38:39) on conditions username = 
07:38:39   UPDATING data to tables `log_login` fields ( logout_time ) values (2020-11-04:06:38:39) on conditions id =  AND username = 
07:39:02 mibe008  UPDATING data to tables `time2vie_cirruscommon`.`secondary_login` fields ( error ) values (1) on conditions username = mibe008 AND company_id = 9
07:39:17 mibe008  UPDATING data to tables `time2vie_cirruscommon`.`secondary_login` fields ( error ) values (2) on conditions username = mibe008 AND company_id = 9
07:41:33   UPDATING data to tables `time2vie_cirruscommon`.`login` fields ( login, last_time ) values (0, 2020-11-04 07:41:33) on conditions username = 
07:41:33   UPDATING data to tables `log_login` fields ( logout_time ) values (2020-11-04:06:41:33) on conditions id =  AND username = 
07:44:21   UPDATING data to tables `time2vie_cirruscommon`.`login` fields ( login, last_time ) values (0, 2020-11-04 07:44:21) on conditions username = 
07:44:21   UPDATING data to tables `log_login` fields ( logout_time ) values (2020-11-04:06:44:21) on conditions id =  AND username = 
07:49:26   UPDATING data to tables `time2vie_cirruscommon`.`login` fields ( login, last_time ) values (0, 2020-11-04 07:49:26) on conditions username = 
07:49:26   UPDATING data to tables `log_login` fields ( logout_time ) values (2020-11-04:06:49:26) on conditions id =  AND username = 
07:49:41 makv002  UPDATING data to tables `time2vie_cirruscommon`.`secondary_login` fields ( error ) values (1) on conditions username = makv002 AND company_id = 7
07:53:24   UPDATING data to tables `time2vie_cirruscommon`.`login` fields ( login, last_time ) values (0, 2020-11-04 07:53:24) on conditions username = 
07:53:24   UPDATING data to tables `log_login` fields ( logout_time ) values (2020-11-04:06:53:24) on conditions id =  AND username = 
07:54:50   UPDATING data to tables `time2vie_cirruscommon`.`login` fields ( login, last_time ) values (0, 2020-11-04 07:54:50) on conditions username = 
07:54:50   UPDATING data to tables `log_login` fields ( logout_time ) values (2020-11-04:06:54:50) on conditions id =  AND username = 
07:56:20   UPDATING data to tables `time2vie_cirruscommon`.`login` fields ( login, last_time ) values (0, 2020-11-04 07:56:20) on conditions username = 
07:56:20   UPDATING data to tables `log_login` fields ( logout_time ) values (2020-11-04:06:56:20) on conditions id =  AND username = 
08:18:14   UPDATING data to tables `time2vie_cirruscommon`.`login` fields ( login, last_time ) values (0, 2020-11-04 08:18:14) on conditions username = 
08:18:14   UPDATING data to tables `log_login` fields ( logout_time ) values (2020-11-04:07:18:14) on conditions id =  AND username = 
08:19:19   UPDATING data to tables `time2vie_cirruscommon`.`login` fields ( login, last_time ) values (0, 2020-11-04 08:19:19) on conditions username = 
08:19:19   UPDATING data to tables `log_login` fields ( logout_time ) values (2020-11-04:07:19:19) on conditions id =  AND username = 
08:20:47   UPDATING data to tables `time2vie_cirruscommon`.`login` fields ( login, last_time ) values (0, 2020-11-04 08:20:47) on conditions username = 
08:20:47   UPDATING data to tables `log_login` fields ( logout_time ) values (2020-11-04:07:20:47) on conditions id =  AND username = 
08:35:28   UPDATING data to tables `time2vie_cirruscommon`.`login` fields ( login, last_time ) values (0, 2020-11-04 08:35:28) on conditions username = 
08:35:28   UPDATING data to tables `log_login` fields ( logout_time ) values (2020-11-04:07:35:28) on conditions id =  AND username = 
08:35:53 casv004  UPDATING data to tables `time2vie_cirruscommon`.`secondary_login` fields ( error ) values (1) on conditions username = casv004 AND company_id = 7
08:36:46   UPDATING data to tables `time2vie_cirruscommon`.`login` fields ( login, last_time ) values (0, 2020-11-04 08:36:46) on conditions username = 
08:36:46   UPDATING data to tables `log_login` fields ( logout_time ) values (2020-11-04:07:36:46) on conditions id =  AND username = 
08:39:02   UPDATING data to tables `time2vie_cirruscommon`.`login` fields ( login, last_time ) values (0, 2020-11-04 08:39:02) on conditions username = 
08:39:02   UPDATING data to tables `log_login` fields ( logout_time ) values (2020-11-04:07:39:02) on conditions id =  AND username = 
08:40:32   UPDATING data to tables `time2vie_cirruscommon`.`login` fields ( login, last_time ) values (0, 2020-11-04 08:40:32) on conditions username = 
08:40:32   UPDATING data to tables `log_login` fields ( logout_time ) values (2020-11-04:07:40:32) on conditions id =  AND username = 
08:56:40   UPDATING data to tables `time2vie_cirruscommon`.`login` fields ( login, last_time ) values (0, 2020-11-04 08:56:40) on conditions username = 
08:56:40   UPDATING data to tables `log_login` fields ( logout_time ) values (2020-11-04:07:56:40) on conditions id =  AND username = 
09:00:12   UPDATING data to tables `time2vie_cirruscommon`.`login` fields ( login, last_time ) values (0, 2020-11-04 09:00:12) on conditions username = 
09:00:12   UPDATING data to tables `log_login` fields ( logout_time ) values (2020-11-04:08:00:12) on conditions id =  AND username = 
09:00:58 inli002  UPDATING data to tables `time2vie_cirruscommon`.`secondary_login` fields ( error ) values (1) on conditions username = inli002 AND company_id = 5
09:04:07   UPDATING data to tables `log_login` fields ( logout_time ) values (2020-11-04:08:04:07) on conditions id = 597382 AND username = krer004
09:06:54   UPDATING data to tables `time2vie_cirruscommon`.`login` fields ( login, last_time ) values (0, 2020-11-04 09:06:54) on conditions username = 
09:06:54   UPDATING data to tables `log_login` fields ( logout_time ) values (2020-11-04:08:06:54) on conditions id =  AND username = 
09:10:43   UPDATING data to tables `time2vie_cirruscommon`.`login` fields ( login, last_time ) values (0, 2020-11-04 09:10:43) on conditions username = 
09:10:43   UPDATING data to tables `log_login` fields ( logout_time ) values (2020-11-04:08:10:43) on conditions id =  AND username = 
09:20:16   UPDATING data to tables `time2vie_cirruscommon`.`login` fields ( login, last_time ) values (0, 2020-11-04 09:20:16) on conditions username = 
09:20:16   UPDATING data to tables `log_login` fields ( logout_time ) values (2020-11-04:08:20:16) on conditions id =  AND username = 
09:22:03   UPDATING data to tables `log_login` fields ( logout_time ) values (2020-11-04:08:22:03) on conditions id = 270256 AND username = makv002
09:22:58   UPDATING data to tables `time2vie_cirruscommon`.`login` fields ( login, last_time ) values (0, 2020-11-04 09:22:58) on conditions username = 
09:22:58   UPDATING data to tables `log_login` fields ( logout_time ) values (2020-11-04:08:22:58) on conditions id =  AND username = 
09:23:42   UPDATING data to tables `log_login` fields ( logout_time ) values (2020-11-04:08:23:42) on conditions id = 216692 AND username = pipe003
09:24:55   UPDATING data to tables `time2vie_cirruscommon`.`login` fields ( login, last_time ) values (0, 2020-11-04 09:24:55) on conditions username = 
09:24:55   UPDATING data to tables `log_login` fields ( logout_time ) values (2020-11-04:08:24:55) on conditions id =  AND username = 
09:32:27   UPDATING data to tables `time2vie_cirruscommon`.`login` fields ( login, last_time ) values (0, 2020-11-04 09:32:27) on conditions username = 
09:32:27   UPDATING data to tables `log_login` fields ( logout_time ) values (2020-11-04:08:32:27) on conditions id =  AND username = 
09:34:11   UPDATING data to tables `time2vie_cirruscommon`.`login` fields ( login, last_time ) values (0, 2020-11-04 09:34:11) on conditions username = 
09:34:11   UPDATING data to tables `log_login` fields ( logout_time ) values (2020-11-04:08:34:11) on conditions id =  AND username = 
09:47:15   UPDATING data to tables `time2vie_cirruscommon`.`login` fields ( login, last_time ) values (0, 2020-11-04 09:47:15) on conditions username = 
09:47:15   UPDATING data to tables `log_login` fields ( logout_time ) values (2020-11-04:08:47:15) on conditions id =  AND username = 
09:53:11   UPDATING data to tables `time2vie_cirruscommon`.`login` fields ( login, last_time ) values (0, 2020-11-04 09:53:11) on conditions username = 
09:53:11   UPDATING data to tables `log_login` fields ( logout_time ) values (2020-11-04:08:53:11) on conditions id =  AND username = 
09:59:22   UPDATING data to tables `time2vie_cirruscommon`.`login` fields ( login, last_time ) values (0, 2020-11-04 09:59:22) on conditions username = 
09:59:22   UPDATING data to tables `log_login` fields ( logout_time ) values (2020-11-04:08:59:22) on conditions id =  AND username = 
10:07:32   UPDATING data to tables `time2vie_cirruscommon`.`login` fields ( login, last_time ) values (0, 2020-11-04 10:07:32) on conditions username = 
10:07:32   UPDATING data to tables `log_login` fields ( logout_time ) values (2020-11-04:09:07:32) on conditions id =  AND username = 
10:07:41 caha009  UPDATING data to tables `time2vie_cirruscommon`.`secondary_login` fields ( error ) values (1) on conditions username = caha009 AND company_id = 5
10:26:15   UPDATING data to tables `log_login` fields ( logout_time ) values (2020-11-04:09:26:15) on conditions id = 21184 AND username = yuat001
10:31:00   UPDATING data to tables `time2vie_cirruscommon`.`login` fields ( login, last_time ) values (0, 2020-11-04 10:31:00) on conditions username = 
10:31:00   UPDATING data to tables `log_login` fields ( logout_time ) values (2020-11-04:09:31:00) on conditions id =  AND username = 
10:48:56   UPDATING data to tables `log_login` fields ( logout_time ) values (2020-11-04:09:48:56) on conditions id = 27875 AND username = soga002
10:54:22   UPDATING data to tables `time2vie_cirruscommon`.`login` fields ( login, last_time ) values (0, 2020-11-04 10:54:22) on conditions username = 
10:54:22   UPDATING data to tables `log_login` fields ( logout_time ) values (2020-11-04:09:54:22) on conditions id =  AND username = 
10:56:05   UPDATING data to tables `time2vie_cirruscommon`.`login` fields ( login, last_time ) values (0, 2020-11-04 10:56:05) on conditions username = 
10:56:05   UPDATING data to tables `log_login` fields ( logout_time ) values (2020-11-04:09:56:05) on conditions id =  AND username = 
10:56:36   UPDATING data to tables `time2vie_cirruscommon`.`login` fields ( login, last_time ) values (0, 2020-11-04 10:56:36) on conditions username = 
10:56:36   UPDATING data to tables `log_login` fields ( logout_time ) values (2020-11-04:09:56:36) on conditions id =  AND username = 
11:12:50   UPDATING data to tables `time2vie_cirruscommon`.`login` fields ( login, last_time ) values (0, 2020-11-04 11:12:50) on conditions username = 
11:12:50   UPDATING data to tables `log_login` fields ( logout_time ) values (2020-11-04:10:12:50) on conditions id =  AND username = 
11:14:47   UPDATING data to tables `time2vie_cirruscommon`.`login` fields ( login, last_time ) values (0, 2020-11-04 11:14:47) on conditions username = 
11:14:47   UPDATING data to tables `log_login` fields ( logout_time ) values (2020-11-04:10:14:47) on conditions id =  AND username = 
11:21:59   UPDATING data to tables `time2vie_cirruscommon`.`login` fields ( login, last_time ) values (0, 2020-11-04 11:21:59) on conditions username = 
11:21:59   UPDATING data to tables `log_login` fields ( logout_time ) values (2020-11-04:10:21:59) on conditions id =  AND username = 
11:35:38   UPDATING data to tables `time2vie_cirruscommon`.`login` fields ( login, last_time ) values (0, 2020-11-04 11:35:38) on conditions username = 
11:35:38   UPDATING data to tables `log_login` fields ( logout_time ) values (2020-11-04:10:35:38) on conditions id =  AND username = 
11:43:04   UPDATING data to tables `time2vie_cirruscommon`.`login` fields ( login, last_time ) values (0, 2020-11-04 11:43:04) on conditions username = 
11:43:04   UPDATING data to tables `log_login` fields ( logout_time ) values (2020-11-04:10:43:04) on conditions id =  AND username = 
12:02:40   UPDATING data to tables `time2vie_cirruscommon`.`login` fields ( login, last_time ) values (0, 2020-11-04 12:02:40) on conditions username = 
12:02:40   UPDATING data to tables `log_login` fields ( logout_time ) values (2020-11-04:11:02:40) on conditions id =  AND username = 
12:05:42   UPDATING data to tables `time2vie_cirruscommon`.`login` fields ( login, last_time ) values (0, 2020-11-04 12:05:42) on conditions username = 
12:05:42   UPDATING data to tables `log_login` fields ( logout_time ) values (2020-11-04:11:05:42) on conditions id =  AND username = 
12:07:24   UPDATING data to tables `time2vie_cirruscommon`.`login` fields ( login, last_time ) values (0, 2020-11-04 12:07:24) on conditions username = 
12:07:24   UPDATING data to tables `log_login` fields ( logout_time ) values (2020-11-04:11:07:24) on conditions id =  AND username = 
12:07:45   UPDATING data to tables `time2vie_cirruscommon`.`login` fields ( login, last_time ) values (0, 2020-11-04 12:07:45) on conditions username = 
12:07:45   UPDATING data to tables `log_login` fields ( logout_time ) values (2020-11-04:11:07:45) on conditions id =  AND username = 
12:14:44   UPDATING data to tables `log_login` fields ( logout_time ) values (2020-11-04:11:14:44) on conditions id = 27884 AND username = soga002
12:26:56 mali020  UPDATING data to tables `time2vie_cirruscommon`.`secondary_login` fields ( error ) values (1) on conditions username = mali020 AND company_id = 3
12:27:11 mali020  UPDATING data to tables `time2vie_cirruscommon`.`secondary_login` fields ( error ) values (2) on conditions username = mali020 AND company_id = 3
12:27:36 mali020  UPDATING data to tables `time2vie_cirruscommon`.`secondary_login` fields ( error ) values (3) on conditions username = mali020 AND company_id = 3
12:27:49 mali020  UPDATING data to tables `time2vie_cirruscommon`.`secondary_login` fields ( error ) values (4) on conditions username = mali020 AND company_id = 3
12:28:03 mali020  UPDATING data to tables `time2vie_cirruscommon`.`secondary_login` fields ( error ) values (5) on conditions username = mali020 AND company_id = 3
12:28:25   UPDATING data to tables `time2vie_cirruscommon`.`login` fields ( login, last_time ) values (0, 2020-11-04 12:28:25) on conditions username = 
12:28:25   UPDATING data to tables `log_login` fields ( logout_time ) values (2020-11-04:11:28:25) on conditions id =  AND username = 
12:29:52 mali020  UPDATING data to tables `time2vie_cirruscommon`.`secondary_login` fields ( error ) values (6) on conditions username = mali020 AND company_id = 3
12:32:45   UPDATING data to tables `time2vie_cirruscommon`.`login` fields ( login, last_time ) values (0, 2020-11-04 12:32:45) on conditions username = 
12:32:45   UPDATING data to tables `log_login` fields ( logout_time ) values (2020-11-04:11:32:45) on conditions id =  AND username = 
12:34:32   UPDATING data to tables `log_login` fields ( logout_time ) values (2020-11-04:11:34:32) on conditions id = 27891 AND username = nasa005
12:35:51 mali020  UPDATING data to tables `time2vie_cirruscommon`.`secondary_login` fields ( error ) values (1) on conditions username = mali020 AND company_id = 3
12:36:06 mali020  UPDATING data to tables `time2vie_cirruscommon`.`secondary_login` fields ( error ) values (2) on conditions username = mali020 AND company_id = 3
12:36:19 mali020  UPDATING data to tables `time2vie_cirruscommon`.`secondary_login` fields ( error ) values (3) on conditions username = mali020 AND company_id = 3
12:36:34 mali020  UPDATING data to tables `time2vie_cirruscommon`.`secondary_login` fields ( error ) values (4) on conditions username = mali020 AND company_id = 3
12:38:15   UPDATING data to tables `time2vie_cirruscommon`.`login` fields ( login, last_time ) values (0, 2020-11-04 12:38:15) on conditions username = 
12:38:15   UPDATING data to tables `log_login` fields ( logout_time ) values (2020-11-04:11:38:15) on conditions id =  AND username = 
12:41:03   UPDATING data to tables `log_login` fields ( logout_time ) values (2020-11-04:11:41:03) on conditions id = 54824 AND username = inlj001
12:47:59   UPDATING data to tables `time2vie_cirruscommon`.`login` fields ( login, last_time ) values (0, 2020-11-04 12:47:59) on conditions username = 
12:47:59   UPDATING data to tables `log_login` fields ( logout_time ) values (2020-11-04:11:47:59) on conditions id =  AND username = 
12:50:45   UPDATING data to tables `time2vie_cirruscommon`.`login` fields ( login, last_time ) values (0, 2020-11-04 12:50:45) on conditions username = 
12:50:45   UPDATING data to tables `log_login` fields ( logout_time ) values (2020-11-04:11:50:45) on conditions id =  AND username = 
13:03:07   UPDATING data to tables `time2vie_cirruscommon`.`login` fields ( login, last_time ) values (0, 2020-11-04 13:03:07) on conditions username = 
13:03:07   UPDATING data to tables `log_login` fields ( logout_time ) values (2020-11-04:12:03:07) on conditions id =  AND username = 
13:03:39   UPDATING data to tables `time2vie_cirruscommon`.`login` fields ( login, last_time ) values (0, 2020-11-04 13:03:39) on conditions username = 
13:03:39   UPDATING data to tables `log_login` fields ( logout_time ) values (2020-11-04:12:03:39) on conditions id =  AND username = 
13:03:49   UPDATING data to tables `time2vie_cirruscommon`.`login` fields ( login, last_time ) values (0, 2020-11-04 13:03:49) on conditions username = 
13:03:49   UPDATING data to tables `log_login` fields ( logout_time ) values (2020-11-04:12:03:49) on conditions id =  AND username = 
13:17:11   UPDATING data to tables `time2vie_cirruscommon`.`login` fields ( login, last_time ) values (0, 2020-11-04 13:17:11) on conditions username = 
13:17:11   UPDATING data to tables `log_login` fields ( logout_time ) values (2020-11-04:12:17:11) on conditions id =  AND username = 
13:20:17   UPDATING data to tables `time2vie_cirruscommon`.`login` fields ( login, last_time ) values (0, 2020-11-04 13:20:17) on conditions username = 
13:20:17   UPDATING data to tables `log_login` fields ( logout_time ) values (2020-11-04:12:20:17) on conditions id =  AND username = 
13:24:14   UPDATING data to tables `time2vie_cirruscommon`.`login` fields ( login, last_time ) values (0, 2020-11-04 13:24:14) on conditions username = 
13:24:14   UPDATING data to tables `log_login` fields ( logout_time ) values (2020-11-04:12:24:14) on conditions id =  AND username = 
13:27:56   UPDATING data to tables `log_login` fields ( logout_time ) values (2020-11-04:12:27:56) on conditions id = 597419 AND username = solu003
14:05:58   UPDATING data to tables `time2vie_cirruscommon`.`login` fields ( login, last_time ) values (0, 2020-11-04 14:05:58) on conditions username = 
14:05:58   UPDATING data to tables `log_login` fields ( logout_time ) values (2020-11-04:13:05:58) on conditions id =  AND username = 
14:23:08   UPDATING data to tables `time2vie_cirruscommon`.`login` fields ( login, last_time ) values (0, 2020-11-04 14:23:08) on conditions username = 
14:23:08   UPDATING data to tables `log_login` fields ( logout_time ) values (2020-11-04:13:23:08) on conditions id =  AND username = 
14:26:22   UPDATING data to tables `time2vie_cirruscommon`.`login` fields ( login, last_time ) values (0, 2020-11-04 14:26:22) on conditions username = 
14:26:22   UPDATING data to tables `log_login` fields ( logout_time ) values (2020-11-04:13:26:22) on conditions id =  AND username = 
14:29:34   UPDATING data to tables `time2vie_cirruscommon`.`login` fields ( login, last_time ) values (0, 2020-11-04 14:29:34) on conditions username = 
14:29:34   UPDATING data to tables `log_login` fields ( logout_time ) values (2020-11-04:13:29:34) on conditions id =  AND username = 
14:36:36   UPDATING data to tables `time2vie_cirruscommon`.`login` fields ( login, last_time ) values (0, 2020-11-04 14:36:36) on conditions username = 
14:36:36   UPDATING data to tables `log_login` fields ( logout_time ) values (2020-11-04:13:36:36) on conditions id =  AND username = 
14:38:30   UPDATING data to tables `time2vie_cirruscommon`.`login` fields ( login, last_time ) values (0, 2020-11-04 14:38:30) on conditions username = 
14:38:30   UPDATING data to tables `log_login` fields ( logout_time ) values (2020-11-04:13:38:30) on conditions id =  AND username = 
14:40:24   UPDATING data to tables `log_login` fields ( logout_time ) values (2020-11-04:13:40:24) on conditions id = 597436 AND username = krfa001
14:43:35   UPDATING data to tables `log_login` fields ( logout_time ) values (2020-11-04:13:43:35) on conditions id = 597453 AND username = evda006
14:44:25   UPDATING data to tables `log_login` fields ( logout_time ) values (2020-11-04:13:44:25) on conditions id = 597458 AND username = evda006
14:49:12   UPDATING data to tables `time2vie_cirruscommon`.`login` fields ( login, last_time ) values (0, 2020-11-04 14:49:12) on conditions username = 
14:49:12   UPDATING data to tables `log_login` fields ( logout_time ) values (2020-11-04:13:49:12) on conditions id =  AND username = 
15:32:27   UPDATING data to tables `time2vie_cirruscommon`.`login` fields ( login, last_time ) values (0, 2020-11-04 15:32:27) on conditions username = 
15:32:27   UPDATING data to tables `log_login` fields ( logout_time ) values (2020-11-04:14:32:27) on conditions id =  AND username = 
15:50:11   UPDATING data to tables `time2vie_cirruscommon`.`login` fields ( login, last_time ) values (0, 2020-11-04 15:50:11) on conditions username = 
15:50:11   UPDATING data to tables `log_login` fields ( logout_time ) values (2020-11-04:14:50:11) on conditions id =  AND username = 
15:50:28 sisu002  UPDATING data to tables `time2vie_cirruscommon`.`secondary_login` fields ( error ) values (1) on conditions username = sisu002 AND company_id = 14
15:50:30 sisu002  UPDATING data to tables `time2vie_cirruscommon`.`secondary_login` fields ( error ) values (2) on conditions username = sisu002 AND company_id = 14
15:50:52 sisu002  UPDATING data to tables `time2vie_cirruscommon`.`secondary_login` fields ( error ) values (3) on conditions username = sisu002 AND company_id = 14
15:52:54   UPDATING data to tables `log_login` fields ( logout_time ) values (2020-11-04:14:52:54) on conditions id = 21190 AND username = yuat001
16:02:18   UPDATING data to tables `log_login` fields ( logout_time ) values (2020-11-04:15:02:18) on conditions id = 218283 AND username = sisu002
16:02:54   UPDATING data to tables `time2vie_cirruscommon`.`login` fields ( login, last_time ) values (0, 2020-11-04 16:02:54) on conditions username = 
16:02:54   UPDATING data to tables `log_login` fields ( logout_time ) values (2020-11-04:15:02:54) on conditions id =  AND username = 
16:03:07   UPDATING data to tables `log_login` fields ( logout_time ) values (2020-11-04:15:03:07) on conditions id = 27897 AND username = reka005
16:07:07   UPDATING data to tables `time2vie_cirruscommon`.`login` fields ( login, last_time ) values (0, 2020-11-04 16:07:07) on conditions username = 
16:07:07   UPDATING data to tables `log_login` fields ( logout_time ) values (2020-11-04:15:07:07) on conditions id =  AND username = 
16:09:20   UPDATING data to tables `time2vie_cirruscommon`.`login` fields ( login, last_time ) values (0, 2020-11-04 16:09:20) on conditions username = 
16:09:20   UPDATING data to tables `log_login` fields ( logout_time ) values (2020-11-04:15:09:20) on conditions id =  AND username = 
16:36:19   UPDATING data to tables `time2vie_cirruscommon`.`login` fields ( login, last_time ) values (0, 2020-11-04 16:36:19) on conditions username = 
16:36:19   UPDATING data to tables `log_login` fields ( logout_time ) values (2020-11-04:15:36:19) on conditions id =  AND username = 
16:38:59   UPDATING data to tables `time2vie_cirruscommon`.`login` fields ( login, last_time ) values (0, 2020-11-04 16:38:59) on conditions username = 
16:38:59   UPDATING data to tables `log_login` fields ( logout_time ) values (2020-11-04:15:38:59) on conditions id =  AND username = 
17:04:40   UPDATING data to tables `time2vie_cirruscommon`.`login` fields ( login, last_time ) values (0, 2020-11-04 17:04:40) on conditions username = 
17:04:40   UPDATING data to tables `log_login` fields ( logout_time ) values (2020-11-04:16:04:40) on conditions id =  AND username = 
17:28:32   UPDATING data to tables `time2vie_cirruscommon`.`login` fields ( login, last_time ) values (0, 2020-11-04 17:28:32) on conditions username = 
17:28:32   UPDATING data to tables `log_login` fields ( logout_time ) values (2020-11-04:16:28:32) on conditions id =  AND username = 
17:48:37   UPDATING data to tables `time2vie_cirruscommon`.`login` fields ( login, last_time ) values (0, 2020-11-04 17:48:37) on conditions username = 
17:48:37   UPDATING data to tables `log_login` fields ( logout_time ) values (2020-11-04:16:48:37) on conditions id =  AND username = 
17:59:42   UPDATING data to tables `time2vie_cirruscommon`.`login` fields ( login, last_time ) values (0, 2020-11-04 17:59:42) on conditions username = 
17:59:42   UPDATING data to tables `log_login` fields ( logout_time ) values (2020-11-04:16:59:42) on conditions id =  AND username = 
18:23:55   UPDATING data to tables `time2vie_cirruscommon`.`login` fields ( login, last_time ) values (0, 2020-11-04 18:23:55) on conditions username = 
18:23:55   UPDATING data to tables `log_login` fields ( logout_time ) values (2020-11-04:17:23:55) on conditions id =  AND username = 
18:32:18   UPDATING data to tables `time2vie_cirruscommon`.`login` fields ( login, last_time ) values (0, 2020-11-04 18:32:18) on conditions username = 
18:32:18   UPDATING data to tables `log_login` fields ( logout_time ) values (2020-11-04:17:32:18) on conditions id =  AND username = 
19:20:53   UPDATING data to tables `time2vie_cirruscommon`.`login` fields ( login, last_time ) values (0, 2020-11-04 19:20:53) on conditions username = 
19:20:53   UPDATING data to tables `log_login` fields ( logout_time ) values (2020-11-04:18:20:53) on conditions id =  AND username = 
19:30:10   UPDATING data to tables `time2vie_cirruscommon`.`login` fields ( login, last_time ) values (0, 2020-11-04 19:30:10) on conditions username = 
19:30:10   UPDATING data to tables `log_login` fields ( logout_time ) values (2020-11-04:18:30:10) on conditions id =  AND username = 
19:31:28   UPDATING data to tables `time2vie_cirruscommon`.`login` fields ( login, last_time ) values (0, 2020-11-04 19:31:28) on conditions username = 
19:31:28   UPDATING data to tables `log_login` fields ( logout_time ) values (2020-11-04:18:31:28) on conditions id =  AND username = 
19:37:46   UPDATING data to tables `time2vie_cirruscommon`.`login` fields ( login, last_time ) values (0, 2020-11-04 19:37:46) on conditions username = 
19:37:46   UPDATING data to tables `log_login` fields ( logout_time ) values (2020-11-04:18:37:46) on conditions id =  AND username = 
19:38:02   UPDATING data to tables `time2vie_cirruscommon`.`login` fields ( login, last_time ) values (0, 2020-11-04 19:38:02) on conditions username = 
19:38:02   UPDATING data to tables `log_login` fields ( logout_time ) values (2020-11-04:18:38:02) on conditions id =  AND username = 
19:40:01   UPDATING data to tables `time2vie_cirruscommon`.`login` fields ( login, last_time ) values (0, 2020-11-04 19:40:01) on conditions username = 
19:40:01   UPDATING data to tables `log_login` fields ( logout_time ) values (2020-11-04:18:40:01) on conditions id =  AND username = 
19:41:57   UPDATING data to tables `time2vie_cirruscommon`.`login` fields ( login, last_time ) values (0, 2020-11-04 19:41:57) on conditions username = 
19:41:57   UPDATING data to tables `log_login` fields ( logout_time ) values (2020-11-04:18:41:57) on conditions id =  AND username = 
19:43:01   UPDATING data to tables `time2vie_cirruscommon`.`login` fields ( login, last_time ) values (0, 2020-11-04 19:43:01) on conditions username = 
19:43:01   UPDATING data to tables `log_login` fields ( logout_time ) values (2020-11-04:18:43:01) on conditions id =  AND username = 
19:59:14   UPDATING data to tables `time2vie_cirruscommon`.`login` fields ( login, last_time ) values (0, 2020-11-04 19:59:14) on conditions username = 
19:59:14   UPDATING data to tables `log_login` fields ( logout_time ) values (2020-11-04:18:59:14) on conditions id =  AND username = 
20:05:33   UPDATING data to tables `time2vie_cirruscommon`.`login` fields ( login, last_time ) values (0, 2020-11-04 20:05:33) on conditions username = 
20:05:33   UPDATING data to tables `log_login` fields ( logout_time ) values (2020-11-04:19:05:33) on conditions id =  AND username = 
20:09:45   UPDATING data to tables `time2vie_cirruscommon`.`login` fields ( login, last_time ) values (0, 2020-11-04 20:09:45) on conditions username = 
20:09:45   UPDATING data to tables `log_login` fields ( logout_time ) values (2020-11-04:19:09:45) on conditions id =  AND username = 
20:13:05   UPDATING data to tables `time2vie_cirruscommon`.`login` fields ( login, last_time ) values (0, 2020-11-04 20:13:05) on conditions username = 
20:13:05   UPDATING data to tables `log_login` fields ( logout_time ) values (2020-11-04:19:13:05) on conditions id =  AND username = 
20:13:54 sagh003  UPDATING data to tables `time2vie_cirruscommon`.`secondary_login` fields ( error ) values (1) on conditions username = sagh003 AND company_id = 13
20:14:03 sagh003  UPDATING data to tables `time2vie_cirruscommon`.`secondary_login` fields ( error ) values (2) on conditions username = sagh003 AND company_id = 13
20:14:57 sagh003  UPDATING data to tables `time2vie_cirruscommon`.`secondary_login` fields ( error ) values (3) on conditions username = sagh003 AND company_id = 13
20:26:27   UPDATING data to tables `time2vie_cirruscommon`.`login` fields ( login, last_time ) values (0, 2020-11-04 20:26:27) on conditions username = 
20:26:27   UPDATING data to tables `log_login` fields ( logout_time ) values (2020-11-04:19:26:27) on conditions id =  AND username = 
20:32:04   UPDATING data to tables `time2vie_cirruscommon`.`login` fields ( login, last_time ) values (0, 2020-11-04 20:32:04) on conditions username = 
20:32:04   UPDATING data to tables `log_login` fields ( logout_time ) values (2020-11-04:19:32:04) on conditions id =  AND username = 
20:32:13   UPDATING data to tables `log_login` fields ( logout_time ) values (2020-11-04:19:32:13) on conditions id = 216754 AND username = pilo001
21:02:43   UPDATING data to tables `time2vie_cirruscommon`.`login` fields ( login, last_time ) values (0, 2020-11-04 21:02:43) on conditions username = 
21:02:43   UPDATING data to tables `log_login` fields ( logout_time ) values (2020-11-04:20:02:43) on conditions id =  AND username = 
21:32:16   UPDATING data to tables `time2vie_cirruscommon`.`login` fields ( login, last_time ) values (0, 2020-11-04 21:32:16) on conditions username = 
21:32:16   UPDATING data to tables `log_login` fields ( logout_time ) values (2020-11-04:20:32:16) on conditions id =  AND username = 
22:10:25   UPDATING data to tables `time2vie_cirruscommon`.`login` fields ( login, last_time ) values (0, 2020-11-04 22:10:25) on conditions username = 
22:10:25   UPDATING data to tables `log_login` fields ( logout_time ) values (2020-11-04:21:10:25) on conditions id =  AND username = 
22:11:56   UPDATING data to tables `time2vie_cirruscommon`.`login` fields ( login, last_time ) values (0, 2020-11-04 22:11:56) on conditions username = 
22:11:56   UPDATING data to tables `log_login` fields ( logout_time ) values (2020-11-04:21:11:56) on conditions id =  AND username = 
22:18:00   UPDATING data to tables `log_login` fields ( logout_time ) values (2020-11-04:21:18:00) on conditions id = 216759 AND username = cape007
22:28:09   UPDATING data to tables `time2vie_cirruscommon`.`login` fields ( login, last_time ) values (0, 2020-11-04 22:28:09) on conditions username = 
22:28:09   UPDATING data to tables `log_login` fields ( logout_time ) values (2020-11-04:21:28:09) on conditions id =  AND username = 
22:28:40   UPDATING data to tables `time2vie_cirruscommon`.`secondary_login` fields ( error ) values (1) on conditions username = alal010 AND company_id = 7
22:28:54 alal010  UPDATING data to tables `time2vie_cirruscommon`.`secondary_login` fields ( error ) values (2) on conditions username = alal010 AND company_id = 7
22:29:03 alal010  UPDATING data to tables `time2vie_cirruscommon`.`secondary_login` fields ( error ) values (3) on conditions username = alal010 AND company_id = 7
22:29:10 alal010  UPDATING data to tables `time2vie_cirruscommon`.`secondary_login` fields ( error ) values (4) on conditions username = alal010 AND company_id = 7
22:29:18 alal010  UPDATING data to tables `time2vie_cirruscommon`.`secondary_login` fields ( error ) values (5) on conditions username = alal010 AND company_id = 7
22:29:38 alal010  UPDATING data to tables `time2vie_cirruscommon`.`secondary_login` fields ( error ) values (6) on conditions username = alal010 AND company_id = 7
22:32:12 alal010  UPDATING data to tables `time2vie_cirruscommon`.`secondary_login` fields ( error ) values (7) on conditions username = alal010 AND company_id = 7
22:32:24 alal001  UPDATING data to tables `time2vie_cirruscommon`.`secondary_login` fields ( error ) values (48) on conditions username = alal001 AND company_id = 2
22:45:19   UPDATING data to tables `time2vie_cirruscommon`.`login` fields ( login, last_time ) values (0, 2020-11-04 22:45:19) on conditions username = 
22:45:19   UPDATING data to tables `log_login` fields ( logout_time ) values (2020-11-04:21:45:19) on conditions id =  AND username = 
23:31:40   UPDATING data to tables `time2vie_cirruscommon`.`login` fields ( login, last_time ) values (0, 2020-11-04 23:31:40) on conditions username = 
23:31:40   UPDATING data to tables `log_login` fields ( logout_time ) values (2020-11-04:22:31:40) on conditions id =  AND username = 
23:39:20   UPDATING data to tables `time2vie_cirruscommon`.`login` fields ( login, last_time ) values (0, 2020-11-04 23:39:20) on conditions username = 
23:39:20   UPDATING data to tables `log_login` fields ( logout_time ) values (2020-11-04:22:39:20) on conditions id =  AND username = 
