03:53:53   UPDATING data to tables `time2vie_cirruscommon`.`login` fields ( login, last_time ) values (0, 2020-11-06 03:53:53) on conditions username = 
03:53:53   UPDATING data to tables `log_login` fields ( logout_time ) values (2020-11-06:02:53:53) on conditions id =  AND username = 
04:42:11   UPDATING data to tables `time2vie_cirruscommon`.`login` fields ( login, last_time ) values (0, 2020-11-06 04:42:11) on conditions username = 
04:42:11   UPDATING data to tables `log_login` fields ( logout_time ) values (2020-11-06:03:42:11) on conditions id =  AND username = 
06:23:25   UPDATING data to tables `time2vie_cirruscommon`.`login` fields ( login, last_time ) values (0, 2020-11-06 06:23:25) on conditions username = 
06:23:25   UPDATING data to tables `log_login` fields ( logout_time ) values (2020-11-06:05:23:25) on conditions id =  AND username = 
06:25:05   UPDATING data to tables `time2vie_cirruscommon`.`login` fields ( login, last_time ) values (0, 2020-11-06 06:25:05) on conditions username = 
06:25:05   UPDATING data to tables `log_login` fields ( logout_time ) values (2020-11-06:05:25:05) on conditions id =  AND username = 
06:30:06   UPDATING data to tables `time2vie_cirruscommon`.`login` fields ( login, last_time ) values (0, 2020-11-06 06:30:06) on conditions username = 
06:30:06   UPDATING data to tables `log_login` fields ( logout_time ) values (2020-11-06:05:30:06) on conditions id =  AND username = 
07:10:22   UPDATING data to tables `time2vie_cirruscommon`.`login` fields ( login, last_time ) values (0, 2020-11-06 07:10:22) on conditions username = 
07:10:22   UPDATING data to tables `log_login` fields ( logout_time ) values (2020-11-06:06:10:22) on conditions id =  AND username = 
07:21:28   UPDATING data to tables `time2vie_cirruscommon`.`login` fields ( login, last_time ) values (0, 2020-11-06 07:21:28) on conditions username = 
07:21:28   UPDATING data to tables `log_login` fields ( logout_time ) values (2020-11-06:06:21:28) on conditions id =  AND username = 
07:29:09   UPDATING data to tables `time2vie_cirruscommon`.`login` fields ( login, last_time ) values (0, 2020-11-06 07:29:09) on conditions username = 
07:29:09   UPDATING data to tables `log_login` fields ( logout_time ) values (2020-11-06:06:29:09) on conditions id =  AND username = 
07:38:32   UPDATING data to tables `time2vie_cirruscommon`.`login` fields ( login, last_time ) values (0, 2020-11-06 07:38:32) on conditions username = 
07:38:32   UPDATING data to tables `log_login` fields ( logout_time ) values (2020-11-06:06:38:32) on conditions id =  AND username = 
08:02:25   UPDATING data to tables `time2vie_cirruscommon`.`login` fields ( login, last_time ) values (0, 2020-11-06 08:02:25) on conditions username = 
08:02:25   UPDATING data to tables `log_login` fields ( logout_time ) values (2020-11-06:07:02:25) on conditions id =  AND username = 
08:02:36 paen002  UPDATING data to tables `time2vie_cirruscommon`.`secondary_login` fields ( error ) values (1) on conditions username = paen002 AND company_id = 13
08:09:57   UPDATING data to tables `time2vie_cirruscommon`.`login` fields ( login, last_time ) values (0, 2020-11-06 08:09:57) on conditions username = 
08:09:57   UPDATING data to tables `log_login` fields ( logout_time ) values (2020-11-06:07:09:57) on conditions id =  AND username = 
08:10:35   UPDATING data to tables `log_login` fields ( logout_time ) values (2020-11-06:07:10:35) on conditions id = 54892 AND username = paen002
08:13:03   UPDATING data to tables `log_login` fields ( logout_time ) values (2020-11-06:07:13:03) on conditions id = 54894 AND username = paen002
08:24:55   UPDATING data to tables `time2vie_cirruscommon`.`login` fields ( login, last_time ) values (0, 2020-11-06 08:24:55) on conditions username = 
08:24:55   UPDATING data to tables `log_login` fields ( logout_time ) values (2020-11-06:07:24:55) on conditions id =  AND username = 
08:26:37   UPDATING data to tables `time2vie_cirruscommon`.`login` fields ( login, last_time ) values (0, 2020-11-06 08:26:37) on conditions username = 
08:26:37   UPDATING data to tables `log_login` fields ( logout_time ) values (2020-11-06:07:26:37) on conditions id =  AND username = 
08:45:42   UPDATING data to tables `time2vie_cirruscommon`.`login` fields ( login, last_time ) values (0, 2020-11-06 08:45:42) on conditions username = 
08:45:42   UPDATING data to tables `log_login` fields ( logout_time ) values (2020-11-06:07:45:42) on conditions id =  AND username = 
09:04:54   UPDATING data to tables `time2vie_cirruscommon`.`login` fields ( login, last_time ) values (0, 2020-11-06 09:04:54) on conditions username = 
09:04:54   UPDATING data to tables `log_login` fields ( logout_time ) values (2020-11-06:08:04:54) on conditions id =  AND username = 
09:24:07   UPDATING data to tables `time2vie_cirruscommon`.`login` fields ( login, last_time ) values (0, 2020-11-06 09:24:07) on conditions username = 
09:24:07   UPDATING data to tables `log_login` fields ( logout_time ) values (2020-11-06:08:24:07) on conditions id =  AND username = 
09:25:08   UPDATING data to tables `time2vie_cirruscommon`.`login` fields ( login, last_time ) values (0, 2020-11-06 09:25:08) on conditions username = 
09:25:08   UPDATING data to tables `log_login` fields ( logout_time ) values (2020-11-06:08:25:08) on conditions id =  AND username = 
09:32:56   UPDATING data to tables `time2vie_cirruscommon`.`login` fields ( login, last_time ) values (0, 2020-11-06 09:32:56) on conditions username = 
09:32:56   UPDATING data to tables `log_login` fields ( logout_time ) values (2020-11-06:08:32:56) on conditions id =  AND username = 
09:42:21   UPDATING data to tables `time2vie_cirruscommon`.`login` fields ( login, last_time ) values (0, 2020-11-06 09:42:21) on conditions username = 
09:42:21   UPDATING data to tables `log_login` fields ( logout_time ) values (2020-11-06:08:42:21) on conditions id =  AND username = 
09:42:38 reha003  UPDATING data to tables `time2vie_cirruscommon`.`secondary_login` fields ( error ) values (1) on conditions username = reha003 AND company_id = 8
09:46:15   UPDATING data to tables `time2vie_cirruscommon`.`login` fields ( login, last_time ) values (0, 2020-11-06 09:46:15) on conditions username = 
09:46:15   UPDATING data to tables `log_login` fields ( logout_time ) values (2020-11-06:08:46:15) on conditions id =  AND username = 
09:49:43   UPDATING data to tables `time2vie_cirruscommon`.`login` fields ( login, last_time ) values (0, 2020-11-06 09:49:43) on conditions username = 
09:49:43   UPDATING data to tables `log_login` fields ( logout_time ) values (2020-11-06:08:49:43) on conditions id =  AND username = 
09:57:25   UPDATING data to tables `time2vie_cirruscommon`.`login` fields ( login, last_time ) values (0, 2020-11-06 09:57:25) on conditions username = 
09:57:25   UPDATING data to tables `log_login` fields ( logout_time ) values (2020-11-06:08:57:25) on conditions id =  AND username = 
09:57:36 anni009  UPDATING data to tables `time2vie_cirruscommon`.`secondary_login` fields ( error ) values (1) on conditions username = anni009 AND company_id = 7
09:58:26   UPDATING data to tables `time2vie_cirruscommon`.`login` fields ( login, last_time ) values (0, 2020-11-06 09:58:26) on conditions username = 
09:58:26   UPDATING data to tables `log_login` fields ( logout_time ) values (2020-11-06:08:58:26) on conditions id =  AND username = 
09:58:35 kabo002  UPDATING data to tables `time2vie_cirruscommon`.`secondary_login` fields ( error ) values (1) on conditions username = kabo002 AND company_id = 5
09:58:43 kabo002  UPDATING data to tables `time2vie_cirruscommon`.`secondary_login` fields ( error ) values (2) on conditions username = kabo002 AND company_id = 5
09:59:27   UPDATING data to tables `time2vie_cirruscommon`.`login` fields ( login, last_time ) values (0, 2020-11-06 09:59:27) on conditions username = 
09:59:27   UPDATING data to tables `log_login` fields ( logout_time ) values (2020-11-06:08:59:27) on conditions id =  AND username = 
10:17:17   UPDATING data to tables `time2vie_cirruscommon`.`login` fields ( login, last_time ) values (0, 2020-11-06 10:17:17) on conditions username = 
10:17:17   UPDATING data to tables `log_login` fields ( logout_time ) values (2020-11-06:09:17:17) on conditions id =  AND username = 
10:23:31   UPDATING data to tables `time2vie_cirruscommon`.`login` fields ( login, last_time ) values (0, 2020-11-06 10:23:31) on conditions username = 
10:23:31   UPDATING data to tables `log_login` fields ( logout_time ) values (2020-11-06:09:23:31) on conditions id =  AND username = 
10:26:02   UPDATING data to tables `time2vie_cirruscommon`.`login` fields ( login, last_time ) values (0, 2020-11-06 10:26:02) on conditions username = 
10:26:02   UPDATING data to tables `log_login` fields ( logout_time ) values (2020-11-06:09:26:02) on conditions id =  AND username = 
10:31:07   UPDATING data to tables `time2vie_cirruscommon`.`login` fields ( login, last_time ) values (0, 2020-11-06 10:31:07) on conditions username = 
10:31:07   UPDATING data to tables `log_login` fields ( logout_time ) values (2020-11-06:09:31:07) on conditions id =  AND username = 
10:33:04   UPDATING data to tables `time2vie_cirruscommon`.`login` fields ( login, last_time ) values (0, 2020-11-06 10:33:04) on conditions username = 
10:33:04   UPDATING data to tables `log_login` fields ( logout_time ) values (2020-11-06:09:33:04) on conditions id =  AND username = 
10:40:53   UPDATING data to tables `time2vie_cirruscommon`.`login` fields ( login, last_time ) values (0, 2020-11-06 10:40:53) on conditions username = 
10:40:53   UPDATING data to tables `log_login` fields ( logout_time ) values (2020-11-06:09:40:53) on conditions id =  AND username = 
11:11:44   UPDATING data to tables `time2vie_cirruscommon`.`login` fields ( login, last_time ) values (0, 2020-11-06 11:11:44) on conditions username = 
11:11:44   UPDATING data to tables `log_login` fields ( logout_time ) values (2020-11-06:10:11:44) on conditions id =  AND username = 
11:19:16   UPDATING data to tables `time2vie_cirruscommon`.`login` fields ( login, last_time ) values (0, 2020-11-06 11:19:16) on conditions username = 
11:19:16   UPDATING data to tables `log_login` fields ( logout_time ) values (2020-11-06:10:19:16) on conditions id =  AND username = 
11:26:04   UPDATING data to tables `time2vie_cirruscommon`.`login` fields ( login, last_time ) values (0, 2020-11-06 11:26:04) on conditions username = 
11:26:04   UPDATING data to tables `log_login` fields ( logout_time ) values (2020-11-06:10:26:04) on conditions id =  AND username = 
11:28:37   UPDATING data to tables `time2vie_cirruscommon`.`login` fields ( login, last_time ) values (0, 2020-11-06 11:28:37) on conditions username = 
11:28:37   UPDATING data to tables `log_login` fields ( logout_time ) values (2020-11-06:10:28:37) on conditions id =  AND username = 
11:33:59   UPDATING data to tables `time2vie_cirruscommon`.`login` fields ( login, last_time ) values (0, 2020-11-06 11:33:59) on conditions username = 
11:33:59   UPDATING data to tables `log_login` fields ( logout_time ) values (2020-11-06:10:33:59) on conditions id =  AND username = 
11:49:42   UPDATING data to tables `time2vie_cirruscommon`.`login` fields ( login, last_time ) values (0, 2020-11-06 11:49:42) on conditions username = 
11:49:42   UPDATING data to tables `log_login` fields ( logout_time ) values (2020-11-06:10:49:42) on conditions id =  AND username = 
11:58:42   UPDATING data to tables `time2vie_cirruscommon`.`login` fields ( login, last_time ) values (0, 2020-11-06 11:58:42) on conditions username = 
11:58:42   UPDATING data to tables `log_login` fields ( logout_time ) values (2020-11-06:10:58:42) on conditions id =  AND username = 
12:35:29   UPDATING data to tables `time2vie_cirruscommon`.`login` fields ( login, last_time ) values (0, 2020-11-06 12:35:29) on conditions username = 
12:35:29   UPDATING data to tables `log_login` fields ( logout_time ) values (2020-11-06:11:35:29) on conditions id =  AND username = 
12:42:26   UPDATING data to tables `time2vie_cirruscommon`.`login` fields ( login, last_time ) values (0, 2020-11-06 12:42:26) on conditions username = 
12:42:26   UPDATING data to tables `log_login` fields ( logout_time ) values (2020-11-06:11:42:26) on conditions id =  AND username = 
12:50:14   UPDATING data to tables `time2vie_cirruscommon`.`login` fields ( login, last_time ) values (0, 2020-11-06 12:50:14) on conditions username = 
12:50:14   UPDATING data to tables `log_login` fields ( logout_time ) values (2020-11-06:11:50:14) on conditions id =  AND username = 
12:51:15   UPDATING data to tables `time2vie_cirruscommon`.`login` fields ( login, last_time ) values (0, 2020-11-06 12:51:15) on conditions username = 
12:51:15   UPDATING data to tables `log_login` fields ( logout_time ) values (2020-11-06:11:51:15) on conditions id =  AND username = 
12:52:09   UPDATING data to tables `time2vie_cirruscommon`.`login` fields ( login, last_time ) values (0, 2020-11-06 12:52:09) on conditions username = 
12:52:09   UPDATING data to tables `log_login` fields ( logout_time ) values (2020-11-06:11:52:09) on conditions id =  AND username = 
13:09:43   UPDATING data to tables `time2vie_cirruscommon`.`login` fields ( login, last_time ) values (0, 2020-11-06 13:09:43) on conditions username = 
13:09:43   UPDATING data to tables `log_login` fields ( logout_time ) values (2020-11-06:12:09:43) on conditions id =  AND username = 
13:13:41   UPDATING data to tables `time2vie_cirruscommon`.`login` fields ( login, last_time ) values (0, 2020-11-06 13:13:41) on conditions username = 
13:13:41   UPDATING data to tables `log_login` fields ( logout_time ) values (2020-11-06:12:13:41) on conditions id =  AND username = 
13:19:23   UPDATING data to tables `time2vie_cirruscommon`.`login` fields ( login, last_time ) values (0, 2020-11-06 13:19:23) on conditions username = 
13:19:23   UPDATING data to tables `log_login` fields ( logout_time ) values (2020-11-06:12:19:23) on conditions id =  AND username = 
13:21:06   UPDATING data to tables `time2vie_cirruscommon`.`login` fields ( login, last_time ) values (0, 2020-11-06 13:21:06) on conditions username = 
13:21:06   UPDATING data to tables `log_login` fields ( logout_time ) values (2020-11-06:12:21:06) on conditions id =  AND username = 
13:25:54   UPDATING data to tables `time2vie_cirruscommon`.`login` fields ( login, last_time ) values (0, 2020-11-06 13:25:54) on conditions username = 
13:25:54   UPDATING data to tables `log_login` fields ( logout_time ) values (2020-11-06:12:25:54) on conditions id =  AND username = 
13:33:12   UPDATING data to tables `time2vie_cirruscommon`.`login` fields ( login, last_time ) values (0, 2020-11-06 13:33:12) on conditions username = 
13:33:12   UPDATING data to tables `log_login` fields ( logout_time ) values (2020-11-06:12:33:12) on conditions id =  AND username = 
13:42:38   UPDATING data to tables `time2vie_cirruscommon`.`login` fields ( login, last_time ) values (0, 2020-11-06 13:42:38) on conditions username = 
13:42:38   UPDATING data to tables `log_login` fields ( logout_time ) values (2020-11-06:12:42:38) on conditions id =  AND username = 
13:48:48   UPDATING data to tables `time2vie_cirruscommon`.`login` fields ( login, last_time ) values (0, 2020-11-06 13:48:48) on conditions username = 
13:48:48   UPDATING data to tables `log_login` fields ( logout_time ) values (2020-11-06:12:48:48) on conditions id =  AND username = 
14:22:41   UPDATING data to tables `time2vie_cirruscommon`.`login` fields ( login, last_time ) values (0, 2020-11-06 14:22:41) on conditions username = 
14:22:41   UPDATING data to tables `log_login` fields ( logout_time ) values (2020-11-06:13:22:41) on conditions id =  AND username = 
14:28:21   UPDATING data to tables `time2vie_cirruscommon`.`login` fields ( login, last_time ) values (0, 2020-11-06 14:28:21) on conditions username = 
14:28:21   UPDATING data to tables `log_login` fields ( logout_time ) values (2020-11-06:13:28:21) on conditions id =  AND username = 
14:29:45   UPDATING data to tables `time2vie_cirruscommon`.`login` fields ( login, last_time ) values (0, 2020-11-06 14:29:45) on conditions username = 
14:29:45   UPDATING data to tables `log_login` fields ( logout_time ) values (2020-11-06:13:29:45) on conditions id =  AND username = 
14:32:48   UPDATING data to tables `time2vie_cirruscommon`.`login` fields ( login, last_time ) values (0, 2020-11-06 14:32:48) on conditions username = 
14:32:48   UPDATING data to tables `log_login` fields ( logout_time ) values (2020-11-06:13:32:48) on conditions id =  AND username = 
14:33:21   UPDATING data to tables `time2vie_cirruscommon`.`login` fields ( login, last_time ) values (0, 2020-11-06 14:33:21) on conditions username = 
14:33:21   UPDATING data to tables `log_login` fields ( logout_time ) values (2020-11-06:13:33:21) on conditions id =  AND username = 
14:56:49   UPDATING data to tables `time2vie_cirruscommon`.`login` fields ( login, last_time ) values (0, 2020-11-06 14:56:49) on conditions username = 
14:56:49   UPDATING data to tables `log_login` fields ( logout_time ) values (2020-11-06:13:56:49) on conditions id =  AND username = 
15:03:30   UPDATING data to tables `time2vie_cirruscommon`.`login` fields ( login, last_time ) values (0, 2020-11-06 15:03:30) on conditions username = 
15:03:30   UPDATING data to tables `log_login` fields ( logout_time ) values (2020-11-06:14:03:30) on conditions id =  AND username = 
15:07:12   UPDATING data to tables `time2vie_cirruscommon`.`login` fields ( login, last_time ) values (0, 2020-11-06 15:07:12) on conditions username = 
15:07:12   UPDATING data to tables `log_login` fields ( logout_time ) values (2020-11-06:14:07:12) on conditions id =  AND username = 
15:07:38   UPDATING data to tables `time2vie_cirruscommon`.`login` fields ( login, last_time ) values (0, 2020-11-06 15:07:38) on conditions username = 
15:07:38   UPDATING data to tables `log_login` fields ( logout_time ) values (2020-11-06:14:07:38) on conditions id =  AND username = 
15:13:00   UPDATING data to tables `time2vie_cirruscommon`.`login` fields ( login, last_time ) values (0, 2020-11-06 15:13:00) on conditions username = 
15:13:00   UPDATING data to tables `log_login` fields ( logout_time ) values (2020-11-06:14:13:00) on conditions id =  AND username = 
15:15:44   UPDATING data to tables `time2vie_cirruscommon`.`login` fields ( login, last_time ) values (0, 2020-11-06 15:15:44) on conditions username = 
15:15:44   UPDATING data to tables `log_login` fields ( logout_time ) values (2020-11-06:14:15:44) on conditions id =  AND username = 
15:26:45   UPDATING data to tables `time2vie_cirruscommon`.`login` fields ( login, last_time ) values (0, 2020-11-06 15:26:45) on conditions username = 
15:26:45   UPDATING data to tables `log_login` fields ( logout_time ) values (2020-11-06:14:26:45) on conditions id =  AND username = 
15:50:47   UPDATING data to tables `time2vie_cirruscommon`.`login` fields ( login, last_time ) values (0, 2020-11-06 15:50:47) on conditions username = 
15:50:47   UPDATING data to tables `log_login` fields ( logout_time ) values (2020-11-06:14:50:47) on conditions id =  AND username = 
16:16:56   UPDATING data to tables `time2vie_cirruscommon`.`login` fields ( login, last_time ) values (0, 2020-11-06 16:16:56) on conditions username = 
16:16:56   UPDATING data to tables `log_login` fields ( logout_time ) values (2020-11-06:15:16:56) on conditions id =  AND username = 
16:22:31   UPDATING data to tables `time2vie_cirruscommon`.`login` fields ( login, last_time ) values (0, 2020-11-06 16:22:31) on conditions username = 
16:22:31   UPDATING data to tables `log_login` fields ( logout_time ) values (2020-11-06:15:22:31) on conditions id =  AND username = 
16:23:22   UPDATING data to tables `time2vie_cirruscommon`.`login` fields ( login, last_time ) values (0, 2020-11-06 16:23:22) on conditions username = 
16:23:22   UPDATING data to tables `log_login` fields ( logout_time ) values (2020-11-06:15:23:22) on conditions id =  AND username = 
16:32:50   UPDATING data to tables `time2vie_cirruscommon`.`login` fields ( login, last_time ) values (0, 2020-11-06 16:32:50) on conditions username = 
16:32:50   UPDATING data to tables `log_login` fields ( logout_time ) values (2020-11-06:15:32:50) on conditions id =  AND username = 
16:39:30   UPDATING data to tables `time2vie_cirruscommon`.`login` fields ( login, last_time ) values (0, 2020-11-06 16:39:30) on conditions username = 
16:39:30   UPDATING data to tables `log_login` fields ( logout_time ) values (2020-11-06:15:39:30) on conditions id =  AND username = 
16:55:05   UPDATING data to tables `time2vie_cirruscommon`.`login` fields ( login, last_time ) values (0, 2020-11-06 16:55:05) on conditions username = 
16:55:05   UPDATING data to tables `log_login` fields ( logout_time ) values (2020-11-06:15:55:05) on conditions id =  AND username = 
17:20:33   UPDATING data to tables `time2vie_cirruscommon`.`login` fields ( login, last_time ) values (0, 2020-11-06 17:20:33) on conditions username = 
17:20:33   UPDATING data to tables `log_login` fields ( logout_time ) values (2020-11-06:16:20:33) on conditions id =  AND username = 
17:34:56   UPDATING data to tables `time2vie_cirruscommon`.`login` fields ( login, last_time ) values (0, 2020-11-06 17:34:56) on conditions username = 
17:34:56   UPDATING data to tables `log_login` fields ( logout_time ) values (2020-11-06:16:34:56) on conditions id =  AND username = 
17:35:04 maol006  UPDATING data to tables `time2vie_cirruscommon`.`secondary_login` fields ( error ) values (1) on conditions username = maol006 AND company_id = 5
17:35:15 maol006  UPDATING data to tables `time2vie_cirruscommon`.`secondary_login` fields ( error ) values (2) on conditions username = maol006 AND company_id = 5
17:35:27   UPDATING data to tables `time2vie_cirruscommon`.`login` fields ( login, last_time ) values (0, 2020-11-06 17:35:27) on conditions username = 
17:35:27   UPDATING data to tables `log_login` fields ( logout_time ) values (2020-11-06:16:35:27) on conditions id =  AND username = 
17:49:08   UPDATING data to tables `time2vie_cirruscommon`.`login` fields ( login, last_time ) values (0, 2020-11-06 17:49:08) on conditions username = 
17:49:08   UPDATING data to tables `log_login` fields ( logout_time ) values (2020-11-06:16:49:08) on conditions id =  AND username = 
17:49:21   UPDATING data to tables `time2vie_cirruscommon`.`login` fields ( login, last_time ) values (0, 2020-11-06 17:49:21) on conditions username = 
17:49:21   UPDATING data to tables `log_login` fields ( logout_time ) values (2020-11-06:16:49:21) on conditions id =  AND username = 
17:49:47   UPDATING data to tables `time2vie_cirruscommon`.`login` fields ( login, last_time ) values (0, 2020-11-06 17:49:47) on conditions username = 
17:49:47   UPDATING data to tables `log_login` fields ( logout_time ) values (2020-11-06:16:49:47) on conditions id =  AND username = 
19:02:04   UPDATING data to tables `time2vie_cirruscommon`.`login` fields ( login, last_time ) values (0, 2020-11-06 19:02:04) on conditions username = 
19:02:04   UPDATING data to tables `log_login` fields ( logout_time ) values (2020-11-06:18:02:04) on conditions id =  AND username = 
19:23:35   UPDATING data to tables `time2vie_cirruscommon`.`login` fields ( login, last_time ) values (0, 2020-11-06 19:23:35) on conditions username = 
19:23:35   UPDATING data to tables `log_login` fields ( logout_time ) values (2020-11-06:18:23:35) on conditions id =  AND username = 
19:28:07   UPDATING data to tables `time2vie_cirruscommon`.`login` fields ( login, last_time ) values (0, 2020-11-06 19:28:07) on conditions username = 
19:28:07   UPDATING data to tables `log_login` fields ( logout_time ) values (2020-11-06:18:28:07) on conditions id =  AND username = 
19:58:56   UPDATING data to tables `time2vie_cirruscommon`.`login` fields ( login, last_time ) values (0, 2020-11-06 19:58:56) on conditions username = 
19:58:56   UPDATING data to tables `log_login` fields ( logout_time ) values (2020-11-06:18:58:56) on conditions id =  AND username = 
20:43:58   UPDATING data to tables `time2vie_cirruscommon`.`login` fields ( login, last_time ) values (0, 2020-11-06 20:43:58) on conditions username = 
20:43:58   UPDATING data to tables `log_login` fields ( logout_time ) values (2020-11-06:19:43:58) on conditions id =  AND username = 
20:56:06   UPDATING data to tables `time2vie_cirruscommon`.`login` fields ( login, last_time ) values (0, 2020-11-06 20:56:06) on conditions username = 
20:56:06   UPDATING data to tables `log_login` fields ( logout_time ) values (2020-11-06:19:56:06) on conditions id =  AND username = 
21:15:43   UPDATING data to tables `time2vie_cirruscommon`.`login` fields ( login, last_time ) values (0, 2020-11-06 21:15:43) on conditions username = 
21:15:43   UPDATING data to tables `log_login` fields ( logout_time ) values (2020-11-06:20:15:43) on conditions id =  AND username = 
22:13:54   UPDATING data to tables `time2vie_cirruscommon`.`login` fields ( login, last_time ) values (0, 2020-11-06 22:13:54) on conditions username = 
22:13:54   UPDATING data to tables `log_login` fields ( logout_time ) values (2020-11-06:21:13:54) on conditions id =  AND username = 
22:30:00   UPDATING data to tables `time2vie_cirruscommon`.`login` fields ( login, last_time ) values (0, 2020-11-06 22:30:00) on conditions username = 
22:30:00   UPDATING data to tables `log_login` fields ( logout_time ) values (2020-11-06:21:30:00) on conditions id =  AND username = 
22:30:17 napo002  UPDATING data to tables `time2vie_cirruscommon`.`secondary_login` fields ( error ) values (1) on conditions username = napo002 AND company_id = 9
22:44:59   UPDATING data to tables `time2vie_cirruscommon`.`login` fields ( login, last_time ) values (0, 2020-11-06 22:44:59) on conditions username = 
22:44:59   UPDATING data to tables `log_login` fields ( logout_time ) values (2020-11-06:21:44:59) on conditions id =  AND username = 
23:07:41   UPDATING data to tables `time2vie_cirruscommon`.`login` fields ( login, last_time ) values (0, 2020-11-06 23:07:41) on conditions username = 
23:07:41   UPDATING data to tables `log_login` fields ( logout_time ) values (2020-11-06:22:07:41) on conditions id =  AND username = 
23:09:02   UPDATING data to tables `time2vie_cirruscommon`.`login` fields ( login, last_time ) values (0, 2020-11-06 23:09:02) on conditions username = 
23:09:02   UPDATING data to tables `log_login` fields ( logout_time ) values (2020-11-06:22:09:02) on conditions id =  AND username = 
23:24:17   UPDATING data to tables `time2vie_cirruscommon`.`login` fields ( login, last_time ) values (0, 2020-11-06 23:24:17) on conditions username = 
23:24:17   UPDATING data to tables `log_login` fields ( logout_time ) values (2020-11-06:22:24:17) on conditions id =  AND username = 
23:44:21   UPDATING data to tables `time2vie_cirruscommon`.`login` fields ( login, last_time ) values (0, 2020-11-06 23:44:21) on conditions username = 
23:44:21   UPDATING data to tables `log_login` fields ( logout_time ) values (2020-11-06:22:44:21) on conditions id =  AND username = 
00:30:18   UPDATING data to tables `log_login` fields ( logout_time ) values (2020-11-06:23:30:18) on conditions id = 597885 AND username = evda006
