01:07:39   UPDATING data to tables `time2vie_cirruscommon`.`login` fields ( login, last_time ) values (0, 2020-12-17 01:07:39) on conditions username = 
01:07:39   UPDATING data to tables `log_login` fields ( logout_time ) values (2020-12-17:00:07:39) on conditions id =  AND username = 
01:09:41   UPDATING data to tables `time2vie_cirruscommon`.`login` fields ( login, last_time ) values (0, 2020-12-17 01:09:41) on conditions username = 
01:09:41   UPDATING data to tables `log_login` fields ( logout_time ) values (2020-12-17:00:09:41) on conditions id =  AND username = 
01:09:56 nama002  UPDATING data to tables `time2vie_cirruscommon`.`secondary_login` fields ( error ) values (14) on conditions username = nama002 AND company_id = 9
01:10:05 nama002  UPDATING data to tables `time2vie_cirruscommon`.`secondary_login` fields ( error ) values (15) on conditions username = nama002 AND company_id = 9
01:10:26 nama002  INSERTING data into tables `time2vie_cirruscommon`.`sms_otp` fields ( user_id, company_id, mobile, otp, purpose, date ) values ( nama002, 9, 704649074, 933188, PASSWORD_RECOVERY, 2020-12-17 01:10:26 ) => {inserted_id = 1533}
01:10:26 nama002  INSERTING data into tables `time2vie_cirrus9`.`log_sms` fields ( from_user, to_user, to_no, message, status ) values ( unknown, nama002, 704649074, %0ADitt engångslösenord är 933188.%0AAnvändarnamn : nama002%0AFöretag : Libra assistans AB%0ATänk på att lösenordet är en personlig värdehandling. Hälsningar Time2view CIRRUS, 1 ) => {inserted_id = 12457}
01:11:54 nama002  INSERTING data into tables `time2vie_cirruscommon`.`sms_otp` fields ( user_id, company_id, mobile, otp, purpose, date ) values ( nama002, 9, 704649074, 248540, PASSWORD_RECOVERY, 2020-12-17 01:11:54 ) => {inserted_id = 1534}
01:11:54 nama002  INSERTING data into tables `time2vie_cirrus9`.`log_sms` fields ( from_user, to_user, to_no, message, status ) values ( unknown, nama002, 704649074, %0ADitt engångslösenord är 248540.%0AAnvändarnamn : nama002%0AFöretag : Libra assistans AB%0ATänk på att lösenordet är en personlig värdehandling. Hälsningar Time2view CIRRUS, 1 ) => {inserted_id = 12458}
06:40:17   UPDATING data to tables `time2vie_cirruscommon`.`login` fields ( login, last_time ) values (0, 2020-12-17 06:40:17) on conditions username = 
06:40:17   UPDATING data to tables `log_login` fields ( logout_time ) values (2020-12-17:05:40:17) on conditions id =  AND username = 
06:51:15   UPDATING data to tables `time2vie_cirruscommon`.`login` fields ( login, last_time ) values (0, 2020-12-17 06:51:15) on conditions username = 
06:51:15   UPDATING data to tables `log_login` fields ( logout_time ) values (2020-12-17:05:51:15) on conditions id =  AND username = 
07:03:31   UPDATING data to tables `time2vie_cirruscommon`.`login` fields ( login, last_time ) values (0, 2020-12-17 07:03:31) on conditions username = 
07:03:31   UPDATING data to tables `log_login` fields ( logout_time ) values (2020-12-17:06:03:31) on conditions id =  AND username = 
07:43:26   UPDATING data to tables `time2vie_cirruscommon`.`login` fields ( login, last_time ) values (0, 2020-12-17 07:43:26) on conditions username = 
07:43:26   UPDATING data to tables `log_login` fields ( logout_time ) values (2020-12-17:06:43:26) on conditions id =  AND username = 
07:49:34   UPDATING data to tables `time2vie_cirruscommon`.`login` fields ( login, last_time ) values (0, 2020-12-17 07:49:34) on conditions username = 
07:49:34   UPDATING data to tables `log_login` fields ( logout_time ) values (2020-12-17:06:49:34) on conditions id =  AND username = 
09:05:01   UPDATING data to tables `time2vie_cirruscommon`.`login` fields ( login, last_time ) values (0, 2020-12-17 09:05:01) on conditions username = 
09:05:01   UPDATING data to tables `log_login` fields ( logout_time ) values (2020-12-17:08:05:01) on conditions id =  AND username = 
09:20:33   UPDATING data to tables `time2vie_cirruscommon`.`login` fields ( login, last_time ) values (0, 2020-12-17 09:20:33) on conditions username = 
09:20:33   UPDATING data to tables `log_login` fields ( logout_time ) values (2020-12-17:08:20:33) on conditions id =  AND username = 
09:40:45   UPDATING data to tables `time2vie_cirruscommon`.`login` fields ( login, last_time ) values (0, 2020-12-17 09:40:45) on conditions username = 
09:40:45   UPDATING data to tables `log_login` fields ( logout_time ) values (2020-12-17:08:40:45) on conditions id =  AND username = 
09:53:23   UPDATING data to tables `time2vie_cirruscommon`.`login` fields ( login, last_time ) values (0, 2020-12-17 09:53:23) on conditions username = 
09:53:23   UPDATING data to tables `log_login` fields ( logout_time ) values (2020-12-17:08:53:23) on conditions id =  AND username = 
10:03:24   UPDATING data to tables `time2vie_cirruscommon`.`login` fields ( login, last_time ) values (0, 2020-12-17 10:03:24) on conditions username = 
10:03:24   UPDATING data to tables `log_login` fields ( logout_time ) values (2020-12-17:09:03:24) on conditions id =  AND username = 
10:08:16   UPDATING data to tables `time2vie_cirruscommon`.`login` fields ( login, last_time ) values (0, 2020-12-17 10:08:16) on conditions username = 
10:08:16   UPDATING data to tables `log_login` fields ( logout_time ) values (2020-12-17:09:08:16) on conditions id =  AND username = 
10:08:52   UPDATING data to tables `time2vie_cirruscommon`.`login` fields ( login, last_time ) values (0, 2020-12-17 10:08:52) on conditions username = 
10:08:52   UPDATING data to tables `log_login` fields ( logout_time ) values (2020-12-17:09:08:52) on conditions id =  AND username = 
10:31:07   UPDATING data to tables `time2vie_cirruscommon`.`login` fields ( login, last_time ) values (0, 2020-12-17 10:31:07) on conditions username = 
10:31:07   UPDATING data to tables `log_login` fields ( logout_time ) values (2020-12-17:09:31:07) on conditions id =  AND username = 
10:31:20   UPDATING data to tables `time2vie_cirruscommon`.`login` fields ( login, last_time ) values (0, 2020-12-17 10:31:20) on conditions username = 
10:31:20   UPDATING data to tables `log_login` fields ( logout_time ) values (2020-12-17:09:31:20) on conditions id =  AND username = 
10:35:58   UPDATING data to tables `time2vie_cirruscommon`.`login` fields ( login, last_time ) values (0, 2020-12-17 10:35:58) on conditions username = 
10:35:58   UPDATING data to tables `log_login` fields ( logout_time ) values (2020-12-17:09:35:58) on conditions id =  AND username = 
10:49:48   UPDATING data to tables `log_login` fields ( logout_time ) values (2020-12-17:09:49:48) on conditions id = 605769 AND username = idak001
11:03:15   UPDATING data to tables `log_login` fields ( logout_time ) values (2020-12-17:10:03:15) on conditions id = 285322 AND username = malu006
11:05:47   UPDATING data to tables `log_login` fields ( logout_time ) values (2020-12-17:10:05:47) on conditions id = 220235 AND username = anma012
11:14:11   UPDATING data to tables `time2vie_cirruscommon`.`login` fields ( login, last_time ) values (0, 2020-12-17 11:14:11) on conditions username = 
11:14:11   UPDATING data to tables `log_login` fields ( logout_time ) values (2020-12-17:10:14:11) on conditions id =  AND username = 
11:14:57   UPDATING data to tables `time2vie_cirruscommon`.`login` fields ( login, last_time ) values (0, 2020-12-17 11:14:57) on conditions username = 
11:14:57   UPDATING data to tables `log_login` fields ( logout_time ) values (2020-12-17:10:14:57) on conditions id =  AND username = 
11:26:36   UPDATING data to tables `time2vie_cirruscommon`.`login` fields ( login, last_time ) values (0, 2020-12-17 11:26:36) on conditions username = 
11:26:36   UPDATING data to tables `log_login` fields ( logout_time ) values (2020-12-17:10:26:36) on conditions id =  AND username = 
11:29:04   UPDATING data to tables `time2vie_cirruscommon`.`login` fields ( login, last_time ) values (0, 2020-12-17 11:29:04) on conditions username = 
11:29:04   UPDATING data to tables `log_login` fields ( logout_time ) values (2020-12-17:10:29:04) on conditions id =  AND username = 
11:29:53   UPDATING data to tables `time2vie_cirruscommon`.`login` fields ( login, last_time ) values (0, 2020-12-17 11:29:53) on conditions username = 
11:29:53   UPDATING data to tables `log_login` fields ( logout_time ) values (2020-12-17:10:29:53) on conditions id =  AND username = 
11:34:19   UPDATING data to tables `time2vie_cirruscommon`.`login` fields ( login, last_time ) values (0, 2020-12-17 11:34:19) on conditions username = 
11:34:19   UPDATING data to tables `log_login` fields ( logout_time ) values (2020-12-17:10:34:19) on conditions id =  AND username = 
11:34:20   UPDATING data to tables `time2vie_cirruscommon`.`login` fields ( login, last_time ) values (0, 2020-12-17 11:34:20) on conditions username = 
11:34:20   UPDATING data to tables `log_login` fields ( logout_time ) values (2020-12-17:10:34:20) on conditions id =  AND username = 
11:35:13   UPDATING data to tables `time2vie_cirruscommon`.`login` fields ( login, last_time ) values (0, 2020-12-17 11:35:13) on conditions username = 
11:35:13   UPDATING data to tables `log_login` fields ( logout_time ) values (2020-12-17:10:35:13) on conditions id =  AND username = 
12:10:09   UPDATING data to tables `time2vie_cirruscommon`.`login` fields ( login, last_time ) values (0, 2020-12-17 12:10:09) on conditions username = 
12:10:09   UPDATING data to tables `log_login` fields ( logout_time ) values (2020-12-17:11:10:09) on conditions id =  AND username = 
12:11:48   UPDATING data to tables `time2vie_cirruscommon`.`login` fields ( login, last_time ) values (0, 2020-12-17 12:11:48) on conditions username = 
12:11:48   UPDATING data to tables `log_login` fields ( logout_time ) values (2020-12-17:11:11:48) on conditions id =  AND username = 
12:14:47   UPDATING data to tables `time2vie_cirruscommon`.`login` fields ( login, last_time ) values (0, 2020-12-17 12:14:47) on conditions username = 
12:14:47   UPDATING data to tables `log_login` fields ( logout_time ) values (2020-12-17:11:14:47) on conditions id =  AND username = 
12:15:23   UPDATING data to tables `time2vie_cirruscommon`.`login` fields ( login, last_time ) values (0, 2020-12-17 12:15:23) on conditions username = 
12:15:23   UPDATING data to tables `log_login` fields ( logout_time ) values (2020-12-17:11:15:23) on conditions id =  AND username = 
12:48:13   UPDATING data to tables `time2vie_cirruscommon`.`login` fields ( login, last_time ) values (0, 2020-12-17 12:48:13) on conditions username = 
12:48:13   UPDATING data to tables `log_login` fields ( logout_time ) values (2020-12-17:11:48:13) on conditions id =  AND username = 
13:00:50   UPDATING data to tables `time2vie_cirruscommon`.`login` fields ( login, last_time ) values (0, 2020-12-17 13:00:50) on conditions username = 
13:00:50   UPDATING data to tables `log_login` fields ( logout_time ) values (2020-12-17:12:00:50) on conditions id =  AND username = 
13:04:01   UPDATING data to tables `time2vie_cirruscommon`.`login` fields ( login, last_time ) values (0, 2020-12-17 13:04:01) on conditions username = 
13:04:01   UPDATING data to tables `log_login` fields ( logout_time ) values (2020-12-17:12:04:01) on conditions id =  AND username = 
13:11:42   UPDATING data to tables `time2vie_cirruscommon`.`login` fields ( login, last_time ) values (0, 2020-12-17 13:11:42) on conditions username = 
13:11:42   UPDATING data to tables `log_login` fields ( logout_time ) values (2020-12-17:12:11:42) on conditions id =  AND username = 
13:30:33   UPDATING data to tables `time2vie_cirruscommon`.`login` fields ( login, last_time ) values (0, 2020-12-17 13:30:33) on conditions username = 
13:30:33   UPDATING data to tables `log_login` fields ( logout_time ) values (2020-12-17:12:30:33) on conditions id =  AND username = 
13:32:29   UPDATING data to tables `time2vie_cirruscommon`.`login` fields ( login, last_time ) values (0, 2020-12-17 13:32:29) on conditions username = 
13:32:29   UPDATING data to tables `log_login` fields ( logout_time ) values (2020-12-17:12:32:29) on conditions id =  AND username = 
13:36:25   UPDATING data to tables `time2vie_cirruscommon`.`login` fields ( login, last_time ) values (0, 2020-12-17 13:36:25) on conditions username = 
13:36:25   UPDATING data to tables `log_login` fields ( logout_time ) values (2020-12-17:12:36:25) on conditions id =  AND username = 
13:38:32   UPDATING data to tables `time2vie_cirruscommon`.`login` fields ( login, last_time ) values (0, 2020-12-17 13:38:32) on conditions username = 
13:38:32   UPDATING data to tables `log_login` fields ( logout_time ) values (2020-12-17:12:38:32) on conditions id =  AND username = 
13:45:36   UPDATING data to tables `time2vie_cirruscommon`.`login` fields ( login, last_time ) values (0, 2020-12-17 13:45:36) on conditions username = 
13:45:36   UPDATING data to tables `log_login` fields ( logout_time ) values (2020-12-17:12:45:36) on conditions id =  AND username = 
14:04:31   UPDATING data to tables `time2vie_cirruscommon`.`login` fields ( login, last_time ) values (0, 2020-12-17 14:04:31) on conditions username = 
14:04:31   UPDATING data to tables `log_login` fields ( logout_time ) values (2020-12-17:13:04:31) on conditions id =  AND username = 
14:19:49   UPDATING data to tables `time2vie_cirruscommon`.`login` fields ( login, last_time ) values (0, 2020-12-17 14:19:49) on conditions username = 
14:19:49   UPDATING data to tables `log_login` fields ( logout_time ) values (2020-12-17:13:19:49) on conditions id =  AND username = 
14:29:17   UPDATING data to tables `time2vie_cirruscommon`.`login` fields ( login, last_time ) values (0, 2020-12-17 14:29:17) on conditions username = 
14:29:17   UPDATING data to tables `log_login` fields ( logout_time ) values (2020-12-17:13:29:17) on conditions id =  AND username = 
14:44:19   UPDATING data to tables `time2vie_cirruscommon`.`login` fields ( login, last_time ) values (0, 2020-12-17 14:44:19) on conditions username = 
14:44:19   UPDATING data to tables `log_login` fields ( logout_time ) values (2020-12-17:13:44:19) on conditions id =  AND username = 
14:59:16   UPDATING data to tables `time2vie_cirruscommon`.`login` fields ( login, last_time ) values (0, 2020-12-17 14:59:16) on conditions username = 
14:59:16   UPDATING data to tables `log_login` fields ( logout_time ) values (2020-12-17:13:59:16) on conditions id =  AND username = 
15:00:21   UPDATING data to tables `time2vie_cirruscommon`.`login` fields ( login, last_time ) values (0, 2020-12-17 15:00:21) on conditions username = 
15:00:21   UPDATING data to tables `log_login` fields ( logout_time ) values (2020-12-17:14:00:21) on conditions id =  AND username = 
15:07:14   UPDATING data to tables `time2vie_cirruscommon`.`login` fields ( login, last_time ) values (0, 2020-12-17 15:07:14) on conditions username = 
15:07:14   UPDATING data to tables `log_login` fields ( logout_time ) values (2020-12-17:14:07:14) on conditions id =  AND username = 
15:08:12   UPDATING data to tables `time2vie_cirruscommon`.`login` fields ( login, last_time ) values (0, 2020-12-17 15:08:12) on conditions username = 
15:08:12   UPDATING data to tables `log_login` fields ( logout_time ) values (2020-12-17:14:08:12) on conditions id =  AND username = 
15:18:58   UPDATING data to tables `time2vie_cirruscommon`.`login` fields ( login, last_time ) values (0, 2020-12-17 15:18:58) on conditions username = 
15:18:58   UPDATING data to tables `log_login` fields ( logout_time ) values (2020-12-17:14:18:58) on conditions id =  AND username = 
15:20:15   UPDATING data to tables `time2vie_cirruscommon`.`login` fields ( login, last_time ) values (0, 2020-12-17 15:20:15) on conditions username = 
15:20:15   UPDATING data to tables `log_login` fields ( logout_time ) values (2020-12-17:14:20:15) on conditions id =  AND username = 
15:20:44   UPDATING data to tables `time2vie_cirruscommon`.`login` fields ( login, last_time ) values (0, 2020-12-17 15:20:44) on conditions username = 
15:20:44   UPDATING data to tables `log_login` fields ( logout_time ) values (2020-12-17:14:20:44) on conditions id =  AND username = 
15:26:08   UPDATING data to tables `time2vie_cirruscommon`.`login` fields ( login, last_time ) values (0, 2020-12-17 15:26:08) on conditions username = 
15:26:08   UPDATING data to tables `log_login` fields ( logout_time ) values (2020-12-17:14:26:08) on conditions id =  AND username = 
15:30:17   UPDATING data to tables `time2vie_cirruscommon`.`login` fields ( login, last_time ) values (0, 2020-12-17 15:30:17) on conditions username = 
15:30:17   UPDATING data to tables `log_login` fields ( logout_time ) values (2020-12-17:14:30:17) on conditions id =  AND username = 
17:01:56   UPDATING data to tables `time2vie_cirruscommon`.`login` fields ( login, last_time ) values (0, 2020-12-17 17:01:56) on conditions username = 
17:01:56   UPDATING data to tables `log_login` fields ( logout_time ) values (2020-12-17:16:01:56) on conditions id =  AND username = 
17:10:38   UPDATING data to tables `time2vie_cirruscommon`.`login` fields ( login, last_time ) values (0, 2020-12-17 17:10:38) on conditions username = 
17:10:38   UPDATING data to tables `log_login` fields ( logout_time ) values (2020-12-17:16:10:38) on conditions id =  AND username = 
17:18:16   UPDATING data to tables `time2vie_cirruscommon`.`login` fields ( login, last_time ) values (0, 2020-12-17 17:18:16) on conditions username = 
17:18:16   UPDATING data to tables `log_login` fields ( logout_time ) values (2020-12-17:16:18:16) on conditions id =  AND username = 
18:02:06   UPDATING data to tables `time2vie_cirruscommon`.`login` fields ( login, last_time ) values (0, 2020-12-17 18:02:06) on conditions username = 
18:02:06   UPDATING data to tables `log_login` fields ( logout_time ) values (2020-12-17:17:02:06) on conditions id =  AND username = 
18:06:39   UPDATING data to tables `time2vie_cirruscommon`.`login` fields ( login, last_time ) values (0, 2020-12-17 18:06:39) on conditions username = 
18:06:39   UPDATING data to tables `log_login` fields ( logout_time ) values (2020-12-17:17:06:39) on conditions id =  AND username = 
18:14:34   UPDATING data to tables `time2vie_cirruscommon`.`login` fields ( login, last_time ) values (0, 2020-12-17 18:14:34) on conditions username = 
18:14:34   UPDATING data to tables `log_login` fields ( logout_time ) values (2020-12-17:17:14:34) on conditions id =  AND username = 
18:14:52 maha027  UPDATING data to tables `time2vie_cirruscommon`.`secondary_login` fields ( error ) values (1) on conditions username = maha027 AND company_id = 7
18:26:27   UPDATING data to tables `time2vie_cirruscommon`.`login` fields ( login, last_time ) values (0, 2020-12-17 18:26:27) on conditions username = 
18:26:27   UPDATING data to tables `log_login` fields ( logout_time ) values (2020-12-17:17:26:27) on conditions id =  AND username = 
18:27:17   UPDATING data to tables `log_login` fields ( logout_time ) values (2020-12-17:17:27:17) on conditions id = 21578 AND username = abal006
18:28:35   UPDATING data to tables `log_login` fields ( logout_time ) values (2020-12-17:17:28:35) on conditions id = 21579 AND username = abal006
18:30:17   UPDATING data to tables `time2vie_cirruscommon`.`login` fields ( login, last_time ) values (0, 2020-12-17 18:30:17) on conditions username = 
18:30:17   UPDATING data to tables `log_login` fields ( logout_time ) values (2020-12-17:17:30:17) on conditions id =  AND username = 
19:34:47   UPDATING data to tables `time2vie_cirruscommon`.`login` fields ( login, last_time ) values (0, 2020-12-17 19:34:47) on conditions username = 
19:34:47   UPDATING data to tables `log_login` fields ( logout_time ) values (2020-12-17:18:34:47) on conditions id =  AND username = 
19:37:23   UPDATING data to tables `time2vie_cirruscommon`.`login` fields ( login, last_time ) values (0, 2020-12-17 19:37:23) on conditions username = 
19:37:23   UPDATING data to tables `log_login` fields ( logout_time ) values (2020-12-17:18:37:23) on conditions id =  AND username = 
20:37:46   UPDATING data to tables `time2vie_cirruscommon`.`login` fields ( login, last_time ) values (0, 2020-12-17 20:37:46) on conditions username = 
20:37:46   UPDATING data to tables `log_login` fields ( logout_time ) values (2020-12-17:19:37:46) on conditions id =  AND username = 
20:39:29   UPDATING data to tables `time2vie_cirruscommon`.`login` fields ( login, last_time ) values (0, 2020-12-17 20:39:29) on conditions username = 
20:39:29   UPDATING data to tables `log_login` fields ( logout_time ) values (2020-12-17:19:39:29) on conditions id =  AND username = 
20:56:03   UPDATING data to tables `time2vie_cirruscommon`.`login` fields ( login, last_time ) values (0, 2020-12-17 20:56:03) on conditions username = 
20:56:03   UPDATING data to tables `log_login` fields ( logout_time ) values (2020-12-17:19:56:03) on conditions id =  AND username = 
21:22:44   UPDATING data to tables `time2vie_cirruscommon`.`login` fields ( login, last_time ) values (0, 2020-12-17 21:22:44) on conditions username = 
21:22:44   UPDATING data to tables `log_login` fields ( logout_time ) values (2020-12-17:20:22:44) on conditions id =  AND username = 
22:05:36   UPDATING data to tables `time2vie_cirruscommon`.`login` fields ( login, last_time ) values (0, 2020-12-17 22:05:36) on conditions username = 
22:05:36   UPDATING data to tables `log_login` fields ( logout_time ) values (2020-12-17:21:05:36) on conditions id =  AND username = 
22:59:28   UPDATING data to tables `time2vie_cirruscommon`.`login` fields ( login, last_time ) values (0, 2020-12-17 22:59:28) on conditions username = 
22:59:28   UPDATING data to tables `log_login` fields ( logout_time ) values (2020-12-17:21:59:28) on conditions id =  AND username = 
