02:08:45   UPDATING data to tables `time2vie_cirruscommon`.`login` fields ( login, last_time ) values (0, 2020-09-21 02:08:45) on conditions username = 
02:08:45   UPDATING data to tables `log_login` fields ( logout_time ) values (2020-09-21:00:08:45) on conditions id =  AND username = 
02:09:06 anli021  UPDATING data to tables `time2vie_cirruscommon`.`secondary_login` fields ( error ) values (1) on conditions username = anli021 AND company_id = 9
02:12:46 anli021  UPDATING data to tables `time2vie_cirruscommon`.`secondary_login` fields ( error ) values (2) on conditions username = anli021 AND company_id = 9
06:30:32   UPDATING data to tables `time2vie_cirruscommon`.`secondary_login` fields ( error ) values (1) on conditions username = time002 AND company_id = 20
06:47:35   UPDATING data to tables `time2vie_cirruscommon`.`login` fields ( login, last_time ) values (0, 2020-09-21 06:47:35) on conditions username = 
06:47:35   UPDATING data to tables `log_login` fields ( logout_time ) values (2020-09-21:04:47:35) on conditions id =  AND username = 
06:47:46 mayu003  UPDATING data to tables `time2vie_cirruscommon`.`secondary_login` fields ( error ) values (1) on conditions username = mayu003 AND company_id = 8
06:54:25   UPDATING data to tables `time2vie_cirruscommon`.`secondary_login` fields ( error ) values (2) on conditions username = anha011 AND company_id = 9
06:59:35   UPDATING data to tables `time2vie_cirruscommon`.`login` fields ( login, last_time ) values (0, 2020-09-21 06:59:35) on conditions username = 
06:59:35   UPDATING data to tables `log_login` fields ( logout_time ) values (2020-09-21:04:59:35) on conditions id =  AND username = 
07:00:44 jeny002  UPDATING data to tables `time2vie_cirruscommon`.`secondary_login` fields ( error ) values (1) on conditions username = jeny002 AND company_id = 9
07:03:17   UPDATING data to tables `time2vie_cirruscommon`.`login` fields ( login, last_time ) values (0, 2020-09-21 07:03:17) on conditions username = 
07:03:17   UPDATING data to tables `log_login` fields ( logout_time ) values (2020-09-21:05:03:17) on conditions id =  AND username = 
07:29:16   UPDATING data to tables `time2vie_cirruscommon`.`login` fields ( login, last_time ) values (0, 2020-09-21 07:29:16) on conditions username = 
07:29:16   UPDATING data to tables `log_login` fields ( logout_time ) values (2020-09-21:05:29:16) on conditions id =  AND username = 
07:36:57   UPDATING data to tables `time2vie_cirruscommon`.`login` fields ( login, last_time ) values (0, 2020-09-21 07:36:57) on conditions username = 
07:36:57   UPDATING data to tables `log_login` fields ( logout_time ) values (2020-09-21:05:36:57) on conditions id =  AND username = 
07:42:49   UPDATING data to tables `time2vie_cirruscommon`.`login` fields ( login, last_time ) values (0, 2020-09-21 07:42:49) on conditions username = 
07:42:49   UPDATING data to tables `log_login` fields ( logout_time ) values (2020-09-21:05:42:49) on conditions id =  AND username = 
07:51:31   UPDATING data to tables `time2vie_cirruscommon`.`login` fields ( login, last_time ) values (0, 2020-09-21 07:51:31) on conditions username = 
07:51:31   UPDATING data to tables `log_login` fields ( logout_time ) values (2020-09-21:05:51:31) on conditions id =  AND username = 
07:54:09   UPDATING data to tables `time2vie_cirruscommon`.`login` fields ( login, last_time ) values (0, 2020-09-21 07:54:09) on conditions username = 
07:54:09   UPDATING data to tables `log_login` fields ( logout_time ) values (2020-09-21:05:54:09) on conditions id =  AND username = 
07:55:33   UPDATING data to tables `time2vie_cirruscommon`.`login` fields ( login, last_time ) values (0, 2020-09-21 07:55:33) on conditions username = 
07:55:33   UPDATING data to tables `log_login` fields ( logout_time ) values (2020-09-21:05:55:33) on conditions id =  AND username = 
08:13:17   UPDATING data to tables `log_login` fields ( logout_time ) values (2020-09-21:06:13:17) on conditions id = 53172 AND username = inlj001
08:16:38   UPDATING data to tables `time2vie_cirruscommon`.`secondary_login` fields ( error ) values (1) on conditions username = masa011 AND company_id = 9
08:25:42   UPDATING data to tables `time2vie_cirruscommon`.`login` fields ( login, last_time ) values (0, 2020-09-21 08:25:42) on conditions username = 
08:25:42   UPDATING data to tables `log_login` fields ( logout_time ) values (2020-09-21:06:25:42) on conditions id =  AND username = 
08:26:30   UPDATING data to tables `time2vie_cirruscommon`.`login` fields ( login, last_time ) values (0, 2020-09-21 08:26:30) on conditions username = 
08:26:30   UPDATING data to tables `log_login` fields ( logout_time ) values (2020-09-21:06:26:30) on conditions id =  AND username = 
08:29:51   UPDATING data to tables `time2vie_cirruscommon`.`login` fields ( login, last_time ) values (0, 2020-09-21 08:29:51) on conditions username = 
08:29:51   UPDATING data to tables `log_login` fields ( logout_time ) values (2020-09-21:06:29:51) on conditions id =  AND username = 
08:34:48   UPDATING data to tables `time2vie_cirruscommon`.`login` fields ( login, last_time ) values (0, 2020-09-21 08:34:48) on conditions username = 
08:34:48   UPDATING data to tables `log_login` fields ( logout_time ) values (2020-09-21:06:34:48) on conditions id =  AND username = 
08:34:54 myma001  UPDATING data to tables `time2vie_cirruscommon`.`secondary_login` fields ( error ) values (1) on conditions username = myma001 AND company_id = 9
08:38:44 cahe003  UPDATING data to tables `time2vie_cirruscommon`.`secondary_login` fields ( error ) values (1) on conditions username = cahe003 AND company_id = 9
08:39:06 cahe003  UPDATING data to tables `time2vie_cirruscommon`.`secondary_login` fields ( error ) values (2) on conditions username = cahe003 AND company_id = 9
08:39:24 cahe003  UPDATING data to tables `time2vie_cirruscommon`.`secondary_login` fields ( error ) values (3) on conditions username = cahe003 AND company_id = 9
08:59:51   UPDATING data to tables `time2vie_cirruscommon`.`login` fields ( login, last_time ) values (0, 2020-09-21 08:59:51) on conditions username = 
08:59:51   UPDATING data to tables `log_login` fields ( logout_time ) values (2020-09-21:06:59:51) on conditions id =  AND username = 
09:07:23   UPDATING data to tables `log_login` fields ( logout_time ) values (2020-09-21:07:07:23) on conditions id = 40144 AND username = mala025
09:29:38   UPDATING data to tables `time2vie_cirruscommon`.`login` fields ( login, last_time ) values (0, 2020-09-21 09:29:38) on conditions username = 
09:29:38   UPDATING data to tables `log_login` fields ( logout_time ) values (2020-09-21:07:29:38) on conditions id =  AND username = 
09:54:11   UPDATING data to tables `time2vie_cirruscommon`.`login` fields ( login, last_time ) values (0, 2020-09-21 09:54:11) on conditions username = 
09:54:11   UPDATING data to tables `log_login` fields ( logout_time ) values (2020-09-21:07:54:11) on conditions id =  AND username = 
09:57:43   UPDATING data to tables `time2vie_cirruscommon`.`login` fields ( login, last_time ) values (0, 2020-09-21 09:57:43) on conditions username = 
09:57:43   UPDATING data to tables `log_login` fields ( logout_time ) values (2020-09-21:07:57:43) on conditions id =  AND username = 
10:00:23   UPDATING data to tables `time2vie_cirruscommon`.`login` fields ( login, last_time ) values (0, 2020-09-21 10:00:23) on conditions username = 
10:00:23   UPDATING data to tables `log_login` fields ( logout_time ) values (2020-09-21:08:00:23) on conditions id =  AND username = 
10:10:23   UPDATING data to tables `time2vie_cirruscommon`.`login` fields ( login, last_time ) values (0, 2020-09-21 10:10:23) on conditions username = 
10:10:23   UPDATING data to tables `log_login` fields ( logout_time ) values (2020-09-21:08:10:23) on conditions id =  AND username = 
10:10:39   UPDATING data to tables `time2vie_cirruscommon`.`login` fields ( login, last_time ) values (0, 2020-09-21 10:10:39) on conditions username = 
10:10:39   UPDATING data to tables `log_login` fields ( logout_time ) values (2020-09-21:08:10:39) on conditions id =  AND username = 
10:11:50   UPDATING data to tables `time2vie_cirruscommon`.`login` fields ( login, last_time ) values (0, 2020-09-21 10:11:50) on conditions username = 
10:11:50   UPDATING data to tables `log_login` fields ( logout_time ) values (2020-09-21:08:11:50) on conditions id =  AND username = 
10:12:25   UPDATING data to tables `time2vie_cirruscommon`.`login` fields ( login, last_time ) values (0, 2020-09-21 10:12:25) on conditions username = 
10:12:25   UPDATING data to tables `log_login` fields ( logout_time ) values (2020-09-21:08:12:25) on conditions id =  AND username = 
10:13:01   UPDATING data to tables `time2vie_cirruscommon`.`login` fields ( login, last_time ) values (0, 2020-09-21 10:13:01) on conditions username = 
10:13:01   UPDATING data to tables `log_login` fields ( logout_time ) values (2020-09-21:08:13:01) on conditions id =  AND username = 
10:17:51   UPDATING data to tables `time2vie_cirruscommon`.`login` fields ( login, last_time ) values (0, 2020-09-21 10:17:51) on conditions username = 
10:17:51   UPDATING data to tables `log_login` fields ( logout_time ) values (2020-09-21:08:17:51) on conditions id =  AND username = 
10:19:31   UPDATING data to tables `time2vie_cirruscommon`.`login` fields ( login, last_time ) values (0, 2020-09-21 10:19:31) on conditions username = 
10:19:31   UPDATING data to tables `log_login` fields ( logout_time ) values (2020-09-21:08:19:31) on conditions id =  AND username = 
10:52:20   UPDATING data to tables `time2vie_cirruscommon`.`login` fields ( login, last_time ) values (0, 2020-09-21 10:52:20) on conditions username = 
10:52:20   UPDATING data to tables `log_login` fields ( logout_time ) values (2020-09-21:08:52:20) on conditions id =  AND username = 
11:04:06   UPDATING data to tables `time2vie_cirruscommon`.`login` fields ( login, last_time ) values (0, 2020-09-21 11:04:06) on conditions username = 
11:04:06   UPDATING data to tables `log_login` fields ( logout_time ) values (2020-09-21:09:04:06) on conditions id =  AND username = 
11:26:24   UPDATING data to tables `time2vie_cirruscommon`.`login` fields ( login, last_time ) values (0, 2020-09-21 11:26:24) on conditions username = 
11:26:24   UPDATING data to tables `log_login` fields ( logout_time ) values (2020-09-21:09:26:24) on conditions id =  AND username = 
11:28:15   UPDATING data to tables `time2vie_cirruscommon`.`login` fields ( login, last_time ) values (0, 2020-09-21 11:28:15) on conditions username = 
11:28:15   UPDATING data to tables `log_login` fields ( logout_time ) values (2020-09-21:09:28:15) on conditions id =  AND username = 
11:38:03   UPDATING data to tables `time2vie_cirruscommon`.`login` fields ( login, last_time ) values (0, 2020-09-21 11:38:03) on conditions username = 
11:38:03   UPDATING data to tables `log_login` fields ( logout_time ) values (2020-09-21:09:38:03) on conditions id =  AND username = 
11:39:36   UPDATING data to tables `time2vie_cirruscommon`.`login` fields ( login, last_time ) values (0, 2020-09-21 11:39:36) on conditions username = 
11:39:36   UPDATING data to tables `log_login` fields ( logout_time ) values (2020-09-21:09:39:36) on conditions id =  AND username = 
11:46:33   UPDATING data to tables `time2vie_cirruscommon`.`login` fields ( login, last_time ) values (0, 2020-09-21 11:46:33) on conditions username = 
11:46:33   UPDATING data to tables `log_login` fields ( logout_time ) values (2020-09-21:09:46:33) on conditions id =  AND username = 
11:58:24   UPDATING data to tables `time2vie_cirruscommon`.`login` fields ( login, last_time ) values (0, 2020-09-21 11:58:24) on conditions username = 
11:58:24   UPDATING data to tables `log_login` fields ( logout_time ) values (2020-09-21:09:58:24) on conditions id =  AND username = 
12:06:02   UPDATING data to tables `time2vie_cirruscommon`.`login` fields ( login, last_time ) values (0, 2020-09-21 12:06:02) on conditions username = 
12:06:02   UPDATING data to tables `log_login` fields ( logout_time ) values (2020-09-21:10:06:02) on conditions id =  AND username = 
12:07:35   UPDATING data to tables `time2vie_cirruscommon`.`login` fields ( login, last_time ) values (0, 2020-09-21 12:07:35) on conditions username = 
12:07:35   UPDATING data to tables `log_login` fields ( logout_time ) values (2020-09-21:10:07:35) on conditions id =  AND username = 
12:25:33   UPDATING data to tables `time2vie_cirruscommon`.`login` fields ( login, last_time ) values (0, 2020-09-21 12:25:33) on conditions username = 
12:25:33   UPDATING data to tables `log_login` fields ( logout_time ) values (2020-09-21:10:25:33) on conditions id =  AND username = 
12:38:52   UPDATING data to tables `time2vie_cirruscommon`.`login` fields ( login, last_time ) values (0, 2020-09-21 12:38:52) on conditions username = 
12:38:52   UPDATING data to tables `log_login` fields ( logout_time ) values (2020-09-21:10:38:52) on conditions id =  AND username = 
12:41:12   UPDATING data to tables `time2vie_cirruscommon`.`login` fields ( login, last_time ) values (0, 2020-09-21 12:41:12) on conditions username = 
12:41:12   UPDATING data to tables `log_login` fields ( logout_time ) values (2020-09-21:10:41:12) on conditions id =  AND username = 
12:52:25   UPDATING data to tables `time2vie_cirruscommon`.`login` fields ( login, last_time ) values (0, 2020-09-21 12:52:25) on conditions username = 
12:52:25   UPDATING data to tables `log_login` fields ( logout_time ) values (2020-09-21:10:52:25) on conditions id =  AND username = 
12:53:06   UPDATING data to tables `time2vie_cirruscommon`.`login` fields ( login, last_time ) values (0, 2020-09-21 12:53:06) on conditions username = 
12:53:06   UPDATING data to tables `log_login` fields ( logout_time ) values (2020-09-21:10:53:06) on conditions id =  AND username = 
12:55:13   UPDATING data to tables `time2vie_cirruscommon`.`login` fields ( login, last_time ) values (0, 2020-09-21 12:55:13) on conditions username = 
12:55:13   UPDATING data to tables `log_login` fields ( logout_time ) values (2020-09-21:10:55:13) on conditions id =  AND username = 
13:03:54   UPDATING data to tables `time2vie_cirruscommon`.`login` fields ( login, last_time ) values (0, 2020-09-21 13:03:54) on conditions username = 
13:03:54   UPDATING data to tables `log_login` fields ( logout_time ) values (2020-09-21:11:03:54) on conditions id =  AND username = 
13:28:59   UPDATING data to tables `time2vie_cirruscommon`.`login` fields ( login, last_time ) values (0, 2020-09-21 13:28:59) on conditions username = 
13:28:59   UPDATING data to tables `log_login` fields ( logout_time ) values (2020-09-21:11:28:59) on conditions id =  AND username = 
13:29:38 bama001  UPDATING data to tables `time2vie_cirruscommon`.`secondary_login` fields ( error ) values (13) on conditions username = bama001 AND company_id = 2
13:30:11 bama001  UPDATING data to tables `time2vie_cirruscommon`.`secondary_login` fields ( error ) values (14) on conditions username = bama001 AND company_id = 2
13:30:21   UPDATING data to tables `time2vie_cirruscommon`.`login` fields ( login, last_time ) values (0, 2020-09-21 13:30:21) on conditions username = 
13:30:21   UPDATING data to tables `log_login` fields ( logout_time ) values (2020-09-21:11:30:21) on conditions id =  AND username = 
13:30:28 bama001  UPDATING data to tables `time2vie_cirruscommon`.`secondary_login` fields ( error ) values (15) on conditions username = bama001 AND company_id = 2
13:31:25   UPDATING data to tables `log_login` fields ( logout_time ) values (2020-09-21:11:31:25) on conditions id = 212495 AND username = bema001
13:35:53   UPDATING data to tables `time2vie_cirruscommon`.`login` fields ( login, last_time ) values (0, 2020-09-21 13:35:53) on conditions username = 
13:35:53   UPDATING data to tables `log_login` fields ( logout_time ) values (2020-09-21:11:35:53) on conditions id =  AND username = 
13:36:02 joto002  UPDATING data to tables `time2vie_cirruscommon`.`secondary_login` fields ( error ) values (1) on conditions username = joto002 AND company_id = 9
13:40:37   UPDATING data to tables `time2vie_cirruscommon`.`login` fields ( login, last_time ) values (0, 2020-09-21 13:40:37) on conditions username = 
13:40:37   UPDATING data to tables `log_login` fields ( logout_time ) values (2020-09-21:11:40:37) on conditions id =  AND username = 
14:09:10   UPDATING data to tables `time2vie_cirruscommon`.`login` fields ( login, last_time ) values (0, 2020-09-21 14:09:10) on conditions username = 
14:09:10   UPDATING data to tables `log_login` fields ( logout_time ) values (2020-09-21:12:09:10) on conditions id =  AND username = 
14:12:12   UPDATING data to tables `time2vie_cirruscommon`.`login` fields ( login, last_time ) values (0, 2020-09-21 14:12:12) on conditions username = 
14:12:12   UPDATING data to tables `log_login` fields ( logout_time ) values (2020-09-21:12:12:12) on conditions id =  AND username = 
14:13:12   UPDATING data to tables `time2vie_cirruscommon`.`login` fields ( login, last_time ) values (0, 2020-09-21 14:13:12) on conditions username = 
14:13:12   UPDATING data to tables `log_login` fields ( logout_time ) values (2020-09-21:12:13:12) on conditions id =  AND username = 
14:19:22   UPDATING data to tables `time2vie_cirruscommon`.`login` fields ( login, last_time ) values (0, 2020-09-21 14:19:22) on conditions username = 
14:19:22   UPDATING data to tables `log_login` fields ( logout_time ) values (2020-09-21:12:19:22) on conditions id =  AND username = 
14:25:26   UPDATING data to tables `time2vie_cirruscommon`.`login` fields ( login, last_time ) values (0, 2020-09-21 14:25:26) on conditions username = 
14:25:26   UPDATING data to tables `log_login` fields ( logout_time ) values (2020-09-21:12:25:26) on conditions id =  AND username = 
14:32:46   UPDATING data to tables `time2vie_cirruscommon`.`login` fields ( login, last_time ) values (0, 2020-09-21 14:32:46) on conditions username = 
14:32:46   UPDATING data to tables `log_login` fields ( logout_time ) values (2020-09-21:12:32:46) on conditions id =  AND username = 
14:37:48   UPDATING data to tables `time2vie_cirruscommon`.`login` fields ( login, last_time ) values (0, 2020-09-21 14:37:48) on conditions username = 
14:37:48   UPDATING data to tables `log_login` fields ( logout_time ) values (2020-09-21:12:37:48) on conditions id =  AND username = 
14:40:45   UPDATING data to tables `time2vie_cirruscommon`.`login` fields ( login, last_time ) values (0, 2020-09-21 14:40:45) on conditions username = 
14:40:45   UPDATING data to tables `log_login` fields ( logout_time ) values (2020-09-21:12:40:45) on conditions id =  AND username = 
14:53:06   UPDATING data to tables `time2vie_cirruscommon`.`login` fields ( login, last_time ) values (0, 2020-09-21 14:53:06) on conditions username = 
14:53:06   UPDATING data to tables `log_login` fields ( logout_time ) values (2020-09-21:12:53:06) on conditions id =  AND username = 
14:54:03   UPDATING data to tables `time2vie_cirruscommon`.`login` fields ( login, last_time ) values (0, 2020-09-21 14:54:03) on conditions username = 
14:54:03   UPDATING data to tables `log_login` fields ( logout_time ) values (2020-09-21:12:54:03) on conditions id =  AND username = 
14:54:42   UPDATING data to tables `time2vie_cirruscommon`.`secondary_login` fields ( error ) values (1) on conditions username = caan004 AND company_id = 9
14:55:03 caan004  UPDATING data to tables `time2vie_cirruscommon`.`secondary_login` fields ( error ) values (2) on conditions username = caan004 AND company_id = 9
15:22:41   UPDATING data to tables `time2vie_cirruscommon`.`login` fields ( login, last_time ) values (0, 2020-09-21 15:22:41) on conditions username = 
15:22:41   UPDATING data to tables `log_login` fields ( logout_time ) values (2020-09-21:13:22:41) on conditions id =  AND username = 
15:25:07   UPDATING data to tables `time2vie_cirruscommon`.`login` fields ( login, last_time ) values (0, 2020-09-21 15:25:07) on conditions username = 
15:25:07   UPDATING data to tables `log_login` fields ( logout_time ) values (2020-09-21:13:25:07) on conditions id =  AND username = 
15:25:35   UPDATING data to tables `time2vie_cirruscommon`.`login` fields ( login, last_time ) values (0, 2020-09-21 15:25:35) on conditions username = 
15:25:35   UPDATING data to tables `log_login` fields ( logout_time ) values (2020-09-21:13:25:35) on conditions id =  AND username = 
15:26:24   UPDATING data to tables `time2vie_cirruscommon`.`login` fields ( login, last_time ) values (0, 2020-09-21 15:26:24) on conditions username = 
15:26:24   UPDATING data to tables `log_login` fields ( logout_time ) values (2020-09-21:13:26:24) on conditions id =  AND username = 
15:34:55   UPDATING data to tables `time2vie_cirruscommon`.`login` fields ( login, last_time ) values (0, 2020-09-21 15:34:55) on conditions username = 
15:34:55   UPDATING data to tables `log_login` fields ( logout_time ) values (2020-09-21:13:34:55) on conditions id =  AND username = 
15:46:33   UPDATING data to tables `time2vie_cirruscommon`.`login` fields ( login, last_time ) values (0, 2020-09-21 15:46:33) on conditions username = 
15:46:33   UPDATING data to tables `log_login` fields ( logout_time ) values (2020-09-21:13:46:33) on conditions id =  AND username = 
15:59:39   UPDATING data to tables `time2vie_cirruscommon`.`login` fields ( login, last_time ) values (0, 2020-09-21 15:59:39) on conditions username = 
15:59:39   UPDATING data to tables `log_login` fields ( logout_time ) values (2020-09-21:13:59:39) on conditions id =  AND username = 
16:01:21   UPDATING data to tables `time2vie_cirruscommon`.`login` fields ( login, last_time ) values (0, 2020-09-21 16:01:21) on conditions username = 
16:01:21   UPDATING data to tables `log_login` fields ( logout_time ) values (2020-09-21:14:01:21) on conditions id =  AND username = 
16:40:40   UPDATING data to tables `time2vie_cirruscommon`.`login` fields ( login, last_time ) values (0, 2020-09-21 16:40:40) on conditions username = 
16:40:40   UPDATING data to tables `log_login` fields ( logout_time ) values (2020-09-21:14:40:40) on conditions id =  AND username = 
16:43:38   UPDATING data to tables `time2vie_cirruscommon`.`login` fields ( login, last_time ) values (0, 2020-09-21 16:43:38) on conditions username = 
16:43:38   UPDATING data to tables `log_login` fields ( logout_time ) values (2020-09-21:14:43:38) on conditions id =  AND username = 
16:49:00   UPDATING data to tables `time2vie_cirruscommon`.`login` fields ( login, last_time ) values (0, 2020-09-21 16:49:00) on conditions username = 
16:49:00   UPDATING data to tables `log_login` fields ( logout_time ) values (2020-09-21:14:49:00) on conditions id =  AND username = 
16:50:23   UPDATING data to tables `time2vie_cirruscommon`.`login` fields ( login, last_time ) values (0, 2020-09-21 16:50:23) on conditions username = 
16:50:23   UPDATING data to tables `log_login` fields ( logout_time ) values (2020-09-21:14:50:23) on conditions id =  AND username = 
16:55:49   UPDATING data to tables `time2vie_cirruscommon`.`login` fields ( login, last_time ) values (0, 2020-09-21 16:55:49) on conditions username = 
16:55:49   UPDATING data to tables `log_login` fields ( logout_time ) values (2020-09-21:14:55:49) on conditions id =  AND username = 
17:00:34   UPDATING data to tables `time2vie_cirruscommon`.`login` fields ( login, last_time ) values (0, 2020-09-21 17:00:34) on conditions username = 
17:00:34   UPDATING data to tables `log_login` fields ( logout_time ) values (2020-09-21:15:00:34) on conditions id =  AND username = 
17:04:56   UPDATING data to tables `time2vie_cirruscommon`.`login` fields ( login, last_time ) values (0, 2020-09-21 17:04:56) on conditions username = 
17:04:56   UPDATING data to tables `log_login` fields ( logout_time ) values (2020-09-21:15:04:56) on conditions id =  AND username = 
17:04:58   UPDATING data to tables `time2vie_cirruscommon`.`login` fields ( login, last_time ) values (0, 2020-09-21 17:04:58) on conditions username = 
17:04:58   UPDATING data to tables `log_login` fields ( logout_time ) values (2020-09-21:15:04:58) on conditions id =  AND username = 
17:27:22   UPDATING data to tables `log_login` fields ( logout_time ) values (2020-09-21:15:27:22) on conditions id = 186499 AND username = sabi002
17:56:15   UPDATING data to tables `time2vie_cirruscommon`.`login` fields ( login, last_time ) values (0, 2020-09-21 17:56:15) on conditions username = 
17:56:15   UPDATING data to tables `log_login` fields ( logout_time ) values (2020-09-21:15:56:15) on conditions id =  AND username = 
18:09:24   UPDATING data to tables `time2vie_cirruscommon`.`login` fields ( login, last_time ) values (0, 2020-09-21 18:09:24) on conditions username = 
18:09:24   UPDATING data to tables `log_login` fields ( logout_time ) values (2020-09-21:16:09:24) on conditions id =  AND username = 
18:10:45   UPDATING data to tables `time2vie_cirruscommon`.`login` fields ( login, last_time ) values (0, 2020-09-21 18:10:45) on conditions username = 
18:10:45   UPDATING data to tables `log_login` fields ( logout_time ) values (2020-09-21:16:10:45) on conditions id =  AND username = 
18:17:03   UPDATING data to tables `log_login` fields ( logout_time ) values (2020-09-21:16:17:03) on conditions id = 212522 AND username = bema001
18:29:28   UPDATING data to tables `time2vie_cirruscommon`.`login` fields ( login, last_time ) values (0, 2020-09-21 18:29:28) on conditions username = 
18:29:28   UPDATING data to tables `log_login` fields ( logout_time ) values (2020-09-21:16:29:28) on conditions id =  AND username = 
19:04:18   UPDATING data to tables `time2vie_cirruscommon`.`login` fields ( login, last_time ) values (0, 2020-09-21 19:04:18) on conditions username = 
19:04:18   UPDATING data to tables `log_login` fields ( logout_time ) values (2020-09-21:17:04:18) on conditions id =  AND username = 
19:13:22   UPDATING data to tables `time2vie_cirruscommon`.`login` fields ( login, last_time ) values (0, 2020-09-21 19:13:22) on conditions username = 
19:13:22   UPDATING data to tables `log_login` fields ( logout_time ) values (2020-09-21:17:13:22) on conditions id =  AND username = 
19:13:38 mehe001  UPDATING data to tables `time2vie_cirruscommon`.`secondary_login` fields ( error ) values (1) on conditions username = mehe001 AND company_id = 8
19:15:45   UPDATING data to tables `time2vie_cirruscommon`.`login` fields ( login, last_time ) values (0, 2020-09-21 19:15:45) on conditions username = 
19:15:45   UPDATING data to tables `log_login` fields ( logout_time ) values (2020-09-21:17:15:45) on conditions id =  AND username = 
19:51:17   UPDATING data to tables `time2vie_cirruscommon`.`login` fields ( login, last_time ) values (0, 2020-09-21 19:51:17) on conditions username = 
19:51:17   UPDATING data to tables `log_login` fields ( logout_time ) values (2020-09-21:17:51:17) on conditions id =  AND username = 
19:51:31   UPDATING data to tables `time2vie_cirruscommon`.`login` fields ( login, last_time ) values (0, 2020-09-21 19:51:31) on conditions username = 
19:51:31   UPDATING data to tables `log_login` fields ( logout_time ) values (2020-09-21:17:51:31) on conditions id =  AND username = 
20:22:11   UPDATING data to tables `time2vie_cirruscommon`.`login` fields ( login, last_time ) values (0, 2020-09-21 20:22:11) on conditions username = 
20:22:11   UPDATING data to tables `log_login` fields ( logout_time ) values (2020-09-21:18:22:11) on conditions id =  AND username = 
20:33:15   UPDATING data to tables `time2vie_cirruscommon`.`login` fields ( login, last_time ) values (0, 2020-09-21 20:33:15) on conditions username = 
20:33:15   UPDATING data to tables `log_login` fields ( logout_time ) values (2020-09-21:18:33:15) on conditions id =  AND username = 
20:54:16   UPDATING data to tables `time2vie_cirruscommon`.`login` fields ( login, last_time ) values (0, 2020-09-21 20:54:16) on conditions username = 
20:54:16   UPDATING data to tables `log_login` fields ( logout_time ) values (2020-09-21:18:54:16) on conditions id =  AND username = 
20:59:10   UPDATING data to tables `time2vie_cirruscommon`.`login` fields ( login, last_time ) values (0, 2020-09-21 20:59:10) on conditions username = 
20:59:10   UPDATING data to tables `log_login` fields ( logout_time ) values (2020-09-21:18:59:10) on conditions id =  AND username = 
21:14:25   UPDATING data to tables `time2vie_cirruscommon`.`login` fields ( login, last_time ) values (0, 2020-09-21 21:14:25) on conditions username = 
21:14:25   UPDATING data to tables `log_login` fields ( logout_time ) values (2020-09-21:19:14:25) on conditions id =  AND username = 
21:33:49   UPDATING data to tables `time2vie_cirruscommon`.`login` fields ( login, last_time ) values (0, 2020-09-21 21:33:49) on conditions username = 
21:33:49   UPDATING data to tables `log_login` fields ( logout_time ) values (2020-09-21:19:33:49) on conditions id =  AND username = 
21:50:28   UPDATING data to tables `time2vie_cirruscommon`.`login` fields ( login, last_time ) values (0, 2020-09-21 21:50:28) on conditions username = 
21:50:28   UPDATING data to tables `log_login` fields ( logout_time ) values (2020-09-21:19:50:28) on conditions id =  AND username = 
22:25:36   UPDATING data to tables `time2vie_cirruscommon`.`secondary_login` fields ( error ) values (1) on conditions username = mija001 AND company_id = 13
22:25:50 mija001  UPDATING data to tables `time2vie_cirruscommon`.`secondary_login` fields ( error ) values (2) on conditions username = mija001 AND company_id = 13
22:27:30   UPDATING data to tables `time2vie_cirruscommon`.`secondary_login` fields ( error ) values (1) on conditions username = mija001 AND company_id = 13
22:30:45   UPDATING data to tables `time2vie_cirruscommon`.`secondary_login` fields ( error ) values (1) on conditions username = mija001 AND company_id = 13
22:41:19   UPDATING data to tables `time2vie_cirruscommon`.`login` fields ( login, last_time ) values (0, 2020-09-21 22:41:19) on conditions username = 
22:41:19   UPDATING data to tables `log_login` fields ( logout_time ) values (2020-09-21:20:41:19) on conditions id =  AND username = 
22:46:51   UPDATING data to tables `time2vie_cirruscommon`.`login` fields ( login, last_time ) values (0, 2020-09-21 22:46:51) on conditions username = 
22:46:51   UPDATING data to tables `log_login` fields ( logout_time ) values (2020-09-21:20:46:51) on conditions id =  AND username = 
23:29:30   UPDATING data to tables `time2vie_cirruscommon`.`secondary_login` fields ( error ) values (1) on conditions username = hesv003 AND company_id = 5
