06:02:38   UPDATING data to tables `log_login` fields ( logout_time ) values (2020-10-21:04:02:38) on conditions id = 27641 AND username = muad001
06:24:53   UPDATING data to tables `time2vie_cirruscommon`.`login` fields ( login, last_time ) values (0, 2020-10-21 06:24:53) on conditions username = 
06:24:53   UPDATING data to tables `log_login` fields ( logout_time ) values (2020-10-21:04:24:53) on conditions id =  AND username = 
06:47:24   UPDATING data to tables `time2vie_cirruscommon`.`login` fields ( login, last_time ) values (0, 2020-10-21 06:47:24) on conditions username = 
06:47:24   UPDATING data to tables `log_login` fields ( logout_time ) values (2020-10-21:04:47:24) on conditions id =  AND username = 
06:53:01   UPDATING data to tables `time2vie_cirruscommon`.`login` fields ( login, last_time ) values (0, 2020-10-21 06:53:01) on conditions username = 
06:53:01   UPDATING data to tables `log_login` fields ( logout_time ) values (2020-10-21:04:53:01) on conditions id =  AND username = 
06:57:04   UPDATING data to tables `time2vie_cirruscommon`.`login` fields ( login, last_time ) values (0, 2020-10-21 06:57:04) on conditions username = 
06:57:04   UPDATING data to tables `log_login` fields ( logout_time ) values (2020-10-21:04:57:04) on conditions id =  AND username = 
07:19:31   UPDATING data to tables `time2vie_cirruscommon`.`login` fields ( login, last_time ) values (0, 2020-10-21 07:19:31) on conditions username = 
07:19:31   UPDATING data to tables `log_login` fields ( logout_time ) values (2020-10-21:05:19:31) on conditions id =  AND username = 
07:29:25   UPDATING data to tables `time2vie_cirruscommon`.`login` fields ( login, last_time ) values (0, 2020-10-21 07:29:25) on conditions username = 
07:29:25   UPDATING data to tables `log_login` fields ( logout_time ) values (2020-10-21:05:29:25) on conditions id =  AND username = 
07:56:07   UPDATING data to tables `time2vie_cirruscommon`.`login` fields ( login, last_time ) values (0, 2020-10-21 07:56:07) on conditions username = 
07:56:07   UPDATING data to tables `log_login` fields ( logout_time ) values (2020-10-21:05:56:07) on conditions id =  AND username = 
07:58:44   UPDATING data to tables `time2vie_cirruscommon`.`login` fields ( login, last_time ) values (0, 2020-10-21 07:58:44) on conditions username = 
07:58:44   UPDATING data to tables `log_login` fields ( logout_time ) values (2020-10-21:05:58:44) on conditions id =  AND username = 
08:20:22   UPDATING data to tables `time2vie_cirruscommon`.`login` fields ( login, last_time ) values (0, 2020-10-21 08:20:22) on conditions username = 
08:20:22   UPDATING data to tables `log_login` fields ( logout_time ) values (2020-10-21:06:20:22) on conditions id =  AND username = 
08:30:13   UPDATING data to tables `time2vie_cirruscommon`.`login` fields ( login, last_time ) values (0, 2020-10-21 08:30:13) on conditions username = 
08:30:13   UPDATING data to tables `log_login` fields ( logout_time ) values (2020-10-21:06:30:13) on conditions id =  AND username = 
08:46:41   UPDATING data to tables `time2vie_cirruscommon`.`login` fields ( login, last_time ) values (0, 2020-10-21 08:46:41) on conditions username = 
08:46:41   UPDATING data to tables `log_login` fields ( logout_time ) values (2020-10-21:06:46:41) on conditions id =  AND username = 
08:50:24   UPDATING data to tables `time2vie_cirruscommon`.`login` fields ( login, last_time ) values (0, 2020-10-21 08:50:24) on conditions username = 
08:50:24   UPDATING data to tables `log_login` fields ( logout_time ) values (2020-10-21:06:50:24) on conditions id =  AND username = 
08:54:48   UPDATING data to tables `log_login` fields ( logout_time ) values (2020-10-21:06:54:48) on conditions id = 54257 AND username = inlj001
08:55:08   UPDATING data to tables `log_login` fields ( logout_time ) values (2020-10-21:06:55:08) on conditions id = 263669 AND username = makv002
08:55:35   UPDATING data to tables `time2vie_cirruscommon`.`login` fields ( login, last_time ) values (0, 2020-10-21 08:55:35) on conditions username = 
08:55:35   UPDATING data to tables `log_login` fields ( logout_time ) values (2020-10-21:06:55:35) on conditions id =  AND username = 
08:55:53   UPDATING data to tables `time2vie_cirruscommon`.`login` fields ( login, last_time ) values (0, 2020-10-21 08:55:53) on conditions username = 
08:55:53   UPDATING data to tables `log_login` fields ( logout_time ) values (2020-10-21:06:55:53) on conditions id =  AND username = 
09:36:42   UPDATING data to tables `time2vie_cirruscommon`.`login` fields ( login, last_time ) values (0, 2020-10-21 09:36:42) on conditions username = 
09:36:42   UPDATING data to tables `log_login` fields ( logout_time ) values (2020-10-21:07:36:42) on conditions id =  AND username = 
10:04:11   UPDATING data to tables `log_login` fields ( logout_time ) values (2020-10-21:08:04:11) on conditions id = 27643 AND username = muad001
10:22:45   UPDATING data to tables `time2vie_cirruscommon`.`login` fields ( login, last_time ) values (0, 2020-10-21 10:22:45) on conditions username = 
10:22:45   UPDATING data to tables `log_login` fields ( logout_time ) values (2020-10-21:08:22:45) on conditions id =  AND username = 
10:32:41   UPDATING data to tables `time2vie_cirruscommon`.`login` fields ( login, last_time ) values (0, 2020-10-21 10:32:41) on conditions username = 
10:32:41   UPDATING data to tables `log_login` fields ( logout_time ) values (2020-10-21:08:32:41) on conditions id =  AND username = 
11:05:10   UPDATING data to tables `time2vie_cirruscommon`.`login` fields ( login, last_time ) values (0, 2020-10-21 11:05:10) on conditions username = 
11:05:10   UPDATING data to tables `log_login` fields ( logout_time ) values (2020-10-21:09:05:10) on conditions id =  AND username = 
11:15:03   UPDATING data to tables `time2vie_cirruscommon`.`login` fields ( login, last_time ) values (0, 2020-10-21 11:15:03) on conditions username = 
11:15:03   UPDATING data to tables `log_login` fields ( logout_time ) values (2020-10-21:09:15:03) on conditions id =  AND username = 
11:15:36 azsk001  UPDATING data to tables `time2vie_cirruscommon`.`secondary_login` fields ( error ) values (1) on conditions username = azsk001 AND company_id = 12
11:16:19 azsk001  UPDATING data to tables `time2vie_cirruscommon`.`secondary_login` fields ( error ) values (2) on conditions username = azsk001 AND company_id = 12
12:07:20   UPDATING data to tables `log_login` fields ( logout_time ) values (2020-10-21:10:07:20) on conditions id = 311811 AND username = krfa001
12:11:10   UPDATING data to tables `time2vie_cirruscommon`.`login` fields ( login, last_time ) values (0, 2020-10-21 12:11:10) on conditions username = 
12:11:10   UPDATING data to tables `log_login` fields ( logout_time ) values (2020-10-21:10:11:10) on conditions id =  AND username = 
12:26:11   UPDATING data to tables `time2vie_cirruscommon`.`login` fields ( login, last_time ) values (0, 2020-10-21 12:26:11) on conditions username = 
12:26:11   UPDATING data to tables `log_login` fields ( logout_time ) values (2020-10-21:10:26:11) on conditions id =  AND username = 
12:59:14   UPDATING data to tables `time2vie_cirruscommon`.`login` fields ( login, last_time ) values (0, 2020-10-21 12:59:14) on conditions username = 
12:59:14   UPDATING data to tables `log_login` fields ( logout_time ) values (2020-10-21:10:59:14) on conditions id =  AND username = 
13:01:17   UPDATING data to tables `time2vie_cirruscommon`.`login` fields ( login, last_time ) values (0, 2020-10-21 13:01:17) on conditions username = 
13:01:17   UPDATING data to tables `log_login` fields ( logout_time ) values (2020-10-21:11:01:17) on conditions id =  AND username = 
13:03:50   UPDATING data to tables `time2vie_cirruscommon`.`login` fields ( login, last_time ) values (0, 2020-10-21 13:03:50) on conditions username = 
13:03:50   UPDATING data to tables `log_login` fields ( logout_time ) values (2020-10-21:11:03:50) on conditions id =  AND username = 
13:04:06   UPDATING data to tables `time2vie_cirruscommon`.`login` fields ( login, last_time ) values (0, 2020-10-21 13:04:06) on conditions username = 
13:04:06   UPDATING data to tables `log_login` fields ( logout_time ) values (2020-10-21:11:04:06) on conditions id =  AND username = 
13:04:35   UPDATING data to tables `time2vie_cirruscommon`.`login` fields ( login, last_time ) values (0, 2020-10-21 13:04:35) on conditions username = 
13:04:35   UPDATING data to tables `log_login` fields ( logout_time ) values (2020-10-21:11:04:35) on conditions id =  AND username = 
13:05:38   UPDATING data to tables `time2vie_cirruscommon`.`login` fields ( login, last_time ) values (0, 2020-10-21 13:05:38) on conditions username = 
13:05:38   UPDATING data to tables `log_login` fields ( logout_time ) values (2020-10-21:11:05:38) on conditions id =  AND username = 
13:14:04   UPDATING data to tables `time2vie_cirruscommon`.`login` fields ( login, last_time ) values (0, 2020-10-21 13:14:04) on conditions username = 
13:14:04   UPDATING data to tables `log_login` fields ( logout_time ) values (2020-10-21:11:14:04) on conditions id =  AND username = 
13:14:12 kabj002  UPDATING data to tables `time2vie_cirruscommon`.`secondary_login` fields ( error ) values (1) on conditions username = kabj002 AND company_id = 9
13:16:32   UPDATING data to tables `time2vie_cirruscommon`.`login` fields ( login, last_time ) values (0, 2020-10-21 13:16:32) on conditions username = 
13:16:32   UPDATING data to tables `log_login` fields ( logout_time ) values (2020-10-21:11:16:32) on conditions id =  AND username = 
13:17:26   UPDATING data to tables `time2vie_cirruscommon`.`login` fields ( login, last_time ) values (0, 2020-10-21 13:17:26) on conditions username = 
13:17:26   UPDATING data to tables `log_login` fields ( logout_time ) values (2020-10-21:11:17:26) on conditions id =  AND username = 
13:26:07   UPDATING data to tables `time2vie_cirruscommon`.`login` fields ( login, last_time ) values (0, 2020-10-21 13:26:07) on conditions username = 
13:26:07   UPDATING data to tables `log_login` fields ( logout_time ) values (2020-10-21:11:26:07) on conditions id =  AND username = 
13:44:10   UPDATING data to tables `time2vie_cirruscommon`.`login` fields ( login, last_time ) values (0, 2020-10-21 13:44:10) on conditions username = 
13:44:10   UPDATING data to tables `log_login` fields ( logout_time ) values (2020-10-21:11:44:10) on conditions id =  AND username = 
13:45:39   UPDATING data to tables `time2vie_cirruscommon`.`login` fields ( login, last_time ) values (0, 2020-10-21 13:45:39) on conditions username = 
13:45:39   UPDATING data to tables `log_login` fields ( logout_time ) values (2020-10-21:11:45:39) on conditions id =  AND username = 
13:53:07   UPDATING data to tables `time2vie_cirruscommon`.`login` fields ( login, last_time ) values (0, 2020-10-21 13:53:07) on conditions username = 
13:53:08   UPDATING data to tables `log_login` fields ( logout_time ) values (2020-10-21:11:53:07) on conditions id =  AND username = 
13:56:02   UPDATING data to tables `time2vie_cirruscommon`.`login` fields ( login, last_time ) values (0, 2020-10-21 13:56:02) on conditions username = 
13:56:02   UPDATING data to tables `log_login` fields ( logout_time ) values (2020-10-21:11:56:02) on conditions id =  AND username = 
14:02:25   UPDATING data to tables `log_login` fields ( logout_time ) values (2020-10-21:12:02:25) on conditions id = 263707 AND username = rian003
14:05:19   UPDATING data to tables `time2vie_cirruscommon`.`login` fields ( login, last_time ) values (0, 2020-10-21 14:05:19) on conditions username = 
14:05:19   UPDATING data to tables `log_login` fields ( logout_time ) values (2020-10-21:12:05:19) on conditions id =  AND username = 
14:10:59   UPDATING data to tables `time2vie_cirruscommon`.`login` fields ( login, last_time ) values (0, 2020-10-21 14:10:59) on conditions username = 
14:10:59   UPDATING data to tables `log_login` fields ( logout_time ) values (2020-10-21:12:10:59) on conditions id =  AND username = 
14:19:10   UPDATING data to tables `time2vie_cirruscommon`.`login` fields ( login, last_time ) values (0, 2020-10-21 14:19:10) on conditions username = 
14:19:10   UPDATING data to tables `log_login` fields ( logout_time ) values (2020-10-21:12:19:10) on conditions id =  AND username = 
15:04:10   UPDATING data to tables `time2vie_cirruscommon`.`login` fields ( login, last_time ) values (0, 2020-10-21 15:04:10) on conditions username = 
15:04:10   UPDATING data to tables `log_login` fields ( logout_time ) values (2020-10-21:13:04:10) on conditions id =  AND username = 
15:09:17   UPDATING data to tables `time2vie_cirruscommon`.`login` fields ( login, last_time ) values (0, 2020-10-21 15:09:17) on conditions username = 
15:09:17   UPDATING data to tables `log_login` fields ( logout_time ) values (2020-10-21:13:09:17) on conditions id =  AND username = 
15:10:38   UPDATING data to tables `time2vie_cirruscommon`.`login` fields ( login, last_time ) values (0, 2020-10-21 15:10:38) on conditions username = 
15:10:38   UPDATING data to tables `log_login` fields ( logout_time ) values (2020-10-21:13:10:38) on conditions id =  AND username = 
15:38:26   UPDATING data to tables `time2vie_cirruscommon`.`login` fields ( login, last_time ) values (0, 2020-10-21 15:38:26) on conditions username = 
15:38:26   UPDATING data to tables `log_login` fields ( logout_time ) values (2020-10-21:13:38:26) on conditions id =  AND username = 
15:52:56   UPDATING data to tables `time2vie_cirruscommon`.`login` fields ( login, last_time ) values (0, 2020-10-21 15:52:56) on conditions username = 
15:52:56   UPDATING data to tables `log_login` fields ( logout_time ) values (2020-10-21:13:52:56) on conditions id =  AND username = 
15:55:12   UPDATING data to tables `time2vie_cirruscommon`.`login` fields ( login, last_time ) values (0, 2020-10-21 15:55:12) on conditions username = 
15:55:12   UPDATING data to tables `log_login` fields ( logout_time ) values (2020-10-21:13:55:12) on conditions id =  AND username = 
15:55:24   UPDATING data to tables `time2vie_cirruscommon`.`login` fields ( login, last_time ) values (0, 2020-10-21 15:55:24) on conditions username = 
15:55:24   UPDATING data to tables `log_login` fields ( logout_time ) values (2020-10-21:13:55:24) on conditions id =  AND username = 
15:55:52   UPDATING data to tables `time2vie_cirruscommon`.`login` fields ( login, last_time ) values (0, 2020-10-21 15:55:52) on conditions username = 
15:55:52   UPDATING data to tables `log_login` fields ( logout_time ) values (2020-10-21:13:55:52) on conditions id =  AND username = 
15:56:32   UPDATING data to tables `time2vie_cirruscommon`.`login` fields ( login, last_time ) values (0, 2020-10-21 15:56:32) on conditions username = 
15:56:32   UPDATING data to tables `log_login` fields ( logout_time ) values (2020-10-21:13:56:32) on conditions id =  AND username = 
15:57:40   UPDATING data to tables `time2vie_cirruscommon`.`login` fields ( login, last_time ) values (0, 2020-10-21 15:57:40) on conditions username = 
15:57:40   UPDATING data to tables `log_login` fields ( logout_time ) values (2020-10-21:13:57:40) on conditions id =  AND username = 
16:03:54   UPDATING data to tables `time2vie_cirruscommon`.`login` fields ( login, last_time ) values (0, 2020-10-21 16:03:54) on conditions username = 
16:03:54   UPDATING data to tables `log_login` fields ( logout_time ) values (2020-10-21:14:03:54) on conditions id =  AND username = 
16:18:05   UPDATING data to tables `time2vie_cirruscommon`.`login` fields ( login, last_time ) values (0, 2020-10-21 16:18:05) on conditions username = 
16:18:05   UPDATING data to tables `log_login` fields ( logout_time ) values (2020-10-21:14:18:05) on conditions id =  AND username = 
16:22:16   UPDATING data to tables `time2vie_cirruscommon`.`login` fields ( login, last_time ) values (0, 2020-10-21 16:22:16) on conditions username = 
16:22:16   UPDATING data to tables `log_login` fields ( logout_time ) values (2020-10-21:14:22:16) on conditions id =  AND username = 
16:23:48   UPDATING data to tables `time2vie_cirruscommon`.`login` fields ( login, last_time ) values (0, 2020-10-21 16:23:48) on conditions username = 
16:23:48   UPDATING data to tables `log_login` fields ( logout_time ) values (2020-10-21:14:23:48) on conditions id =  AND username = 
16:25:44   UPDATING data to tables `time2vie_cirruscommon`.`login` fields ( login, last_time ) values (0, 2020-10-21 16:25:44) on conditions username = 
16:25:44   UPDATING data to tables `log_login` fields ( logout_time ) values (2020-10-21:14:25:44) on conditions id =  AND username = 
17:29:56   UPDATING data to tables `time2vie_cirruscommon`.`login` fields ( login, last_time ) values (0, 2020-10-21 17:29:56) on conditions username = 
17:29:56   UPDATING data to tables `log_login` fields ( logout_time ) values (2020-10-21:15:29:56) on conditions id =  AND username = 
17:49:37   UPDATING data to tables `time2vie_cirruscommon`.`login` fields ( login, last_time ) values (0, 2020-10-21 17:49:37) on conditions username = 
17:49:37   UPDATING data to tables `log_login` fields ( logout_time ) values (2020-10-21:15:49:37) on conditions id =  AND username = 
17:50:39   UPDATING data to tables `time2vie_cirruscommon`.`login` fields ( login, last_time ) values (0, 2020-10-21 17:50:39) on conditions username = 
17:50:39   UPDATING data to tables `log_login` fields ( logout_time ) values (2020-10-21:15:50:39) on conditions id =  AND username = 
18:00:50   UPDATING data to tables `time2vie_cirruscommon`.`login` fields ( login, last_time ) values (0, 2020-10-21 18:00:50) on conditions username = 
18:00:50   UPDATING data to tables `log_login` fields ( logout_time ) values (2020-10-21:16:00:50) on conditions id =  AND username = 
18:01:02 riry001  UPDATING data to tables `time2vie_cirruscommon`.`secondary_login` fields ( error ) values (1) on conditions username = riry001 AND company_id = 9
18:01:46   UPDATING data to tables `time2vie_cirruscommon`.`login` fields ( login, last_time ) values (0, 2020-10-21 18:01:46) on conditions username = 
18:01:46   UPDATING data to tables `log_login` fields ( logout_time ) values (2020-10-21:16:01:46) on conditions id =  AND username = 
18:02:59   UPDATING data to tables `time2vie_cirruscommon`.`login` fields ( login, last_time ) values (0, 2020-10-21 18:02:59) on conditions username = 
18:02:59   UPDATING data to tables `log_login` fields ( logout_time ) values (2020-10-21:16:02:59) on conditions id =  AND username = 
18:15:01   UPDATING data to tables `time2vie_cirruscommon`.`login` fields ( login, last_time ) values (0, 2020-10-21 18:15:01) on conditions username = 
18:15:01   UPDATING data to tables `log_login` fields ( logout_time ) values (2020-10-21:16:15:01) on conditions id =  AND username = 
18:23:06   UPDATING data to tables `time2vie_cirruscommon`.`login` fields ( login, last_time ) values (0, 2020-10-21 18:23:06) on conditions username = 
18:23:06   UPDATING data to tables `log_login` fields ( logout_time ) values (2020-10-21:16:23:06) on conditions id =  AND username = 
18:23:59   UPDATING data to tables `log_login` fields ( logout_time ) values (2020-10-21:16:23:59) on conditions id = 215269 AND username = sope001
18:36:48   UPDATING data to tables `time2vie_cirruscommon`.`login` fields ( login, last_time ) values (0, 2020-10-21 18:36:48) on conditions username = 
18:36:48   UPDATING data to tables `log_login` fields ( logout_time ) values (2020-10-21:16:36:48) on conditions id =  AND username = 
18:42:34   UPDATING data to tables `time2vie_cirruscommon`.`login` fields ( login, last_time ) values (0, 2020-10-21 18:42:34) on conditions username = 
18:42:34   UPDATING data to tables `log_login` fields ( logout_time ) values (2020-10-21:16:42:34) on conditions id =  AND username = 
18:53:10   UPDATING data to tables `log_login` fields ( logout_time ) values (2020-10-21:16:53:10) on conditions id = 14786 AND username = jobe008
18:57:46   UPDATING data to tables `time2vie_cirruscommon`.`login` fields ( login, last_time ) values (0, 2020-10-21 18:57:46) on conditions username = 
18:57:46   UPDATING data to tables `log_login` fields ( logout_time ) values (2020-10-21:16:57:46) on conditions id =  AND username = 
19:03:15   UPDATING data to tables `time2vie_cirruscommon`.`login` fields ( login, last_time ) values (0, 2020-10-21 19:03:15) on conditions username = 
19:03:15   UPDATING data to tables `log_login` fields ( logout_time ) values (2020-10-21:17:03:15) on conditions id =  AND username = 
19:17:53   UPDATING data to tables `time2vie_cirruscommon`.`login` fields ( login, last_time ) values (0, 2020-10-21 19:17:53) on conditions username = 
19:17:53   UPDATING data to tables `log_login` fields ( logout_time ) values (2020-10-21:17:17:53) on conditions id =  AND username = 
19:22:38   UPDATING data to tables `time2vie_cirruscommon`.`login` fields ( login, last_time ) values (0, 2020-10-21 19:22:38) on conditions username = 
19:22:38   UPDATING data to tables `log_login` fields ( logout_time ) values (2020-10-21:17:22:38) on conditions id =  AND username = 
19:48:36   UPDATING data to tables `time2vie_cirruscommon`.`login` fields ( login, last_time ) values (0, 2020-10-21 19:48:36) on conditions username = 
19:48:36   UPDATING data to tables `log_login` fields ( logout_time ) values (2020-10-21:17:48:36) on conditions id =  AND username = 
19:55:00   UPDATING data to tables `time2vie_cirruscommon`.`login` fields ( login, last_time ) values (0, 2020-10-21 19:55:00) on conditions username = 
19:55:00   UPDATING data to tables `log_login` fields ( logout_time ) values (2020-10-21:17:55:00) on conditions id =  AND username = 
20:11:48   UPDATING data to tables `time2vie_cirruscommon`.`login` fields ( login, last_time ) values (0, 2020-10-21 20:11:48) on conditions username = 
20:11:48   UPDATING data to tables `log_login` fields ( logout_time ) values (2020-10-21:18:11:48) on conditions id =  AND username = 
20:12:24   UPDATING data to tables `time2vie_cirruscommon`.`login` fields ( login, last_time ) values (0, 2020-10-21 20:12:24) on conditions username = 
20:12:24   UPDATING data to tables `log_login` fields ( logout_time ) values (2020-10-21:18:12:24) on conditions id =  AND username = 
20:28:14   UPDATING data to tables `time2vie_cirruscommon`.`login` fields ( login, last_time ) values (0, 2020-10-21 20:28:14) on conditions username = 
20:28:14   UPDATING data to tables `log_login` fields ( logout_time ) values (2020-10-21:18:28:14) on conditions id =  AND username = 
20:30:36   UPDATING data to tables `time2vie_cirruscommon`.`login` fields ( login, last_time ) values (0, 2020-10-21 20:30:36) on conditions username = 
20:30:36   UPDATING data to tables `log_login` fields ( logout_time ) values (2020-10-21:18:30:36) on conditions id =  AND username = 
20:32:55   UPDATING data to tables `time2vie_cirruscommon`.`login` fields ( login, last_time ) values (0, 2020-10-21 20:32:55) on conditions username = 
20:32:55   UPDATING data to tables `log_login` fields ( logout_time ) values (2020-10-21:18:32:55) on conditions id =  AND username = 
20:34:56   UPDATING data to tables `log_login` fields ( logout_time ) values (2020-10-21:18:34:56) on conditions id = 311896 AND username = napo002
20:35:22 napo002  UPDATING data to tables `time2vie_cirruscommon`.`secondary_login` fields ( error ) values (1) on conditions username = napo002 AND company_id = 9
20:35:24 napo002  UPDATING data to tables `time2vie_cirruscommon`.`secondary_login` fields ( error ) values (2) on conditions username = napo002 AND company_id = 9
20:39:44   UPDATING data to tables `time2vie_cirruscommon`.`login` fields ( login, last_time ) values (0, 2020-10-21 20:39:44) on conditions username = 
20:39:44   UPDATING data to tables `log_login` fields ( logout_time ) values (2020-10-21:18:39:44) on conditions id =  AND username = 
21:02:17   UPDATING data to tables `time2vie_cirruscommon`.`login` fields ( login, last_time ) values (0, 2020-10-21 21:02:17) on conditions username = 
21:02:17   UPDATING data to tables `log_login` fields ( logout_time ) values (2020-10-21:19:02:17) on conditions id =  AND username = 
21:15:44   UPDATING data to tables `time2vie_cirruscommon`.`login` fields ( login, last_time ) values (0, 2020-10-21 21:15:44) on conditions username = 
21:15:44   UPDATING data to tables `log_login` fields ( logout_time ) values (2020-10-21:19:15:44) on conditions id =  AND username = 
21:15:50   UPDATING data to tables `time2vie_cirruscommon`.`login` fields ( login, last_time ) values (0, 2020-10-21 21:15:50) on conditions username = 
21:15:50   UPDATING data to tables `log_login` fields ( logout_time ) values (2020-10-21:19:15:50) on conditions id =  AND username = 
21:42:09   UPDATING data to tables `time2vie_cirruscommon`.`login` fields ( login, last_time ) values (0, 2020-10-21 21:42:09) on conditions username = 
21:42:09   UPDATING data to tables `log_login` fields ( logout_time ) values (2020-10-21:19:42:09) on conditions id =  AND username = 
21:44:39   UPDATING data to tables `time2vie_cirruscommon`.`login` fields ( login, last_time ) values (0, 2020-10-21 21:44:39) on conditions username = 
21:44:39   UPDATING data to tables `log_login` fields ( logout_time ) values (2020-10-21:19:44:39) on conditions id =  AND username = 
22:09:58   UPDATING data to tables `time2vie_cirruscommon`.`login` fields ( login, last_time ) values (0, 2020-10-21 22:09:58) on conditions username = 
22:09:58   UPDATING data to tables `log_login` fields ( logout_time ) values (2020-10-21:20:09:58) on conditions id =  AND username = 
22:16:31   UPDATING data to tables `time2vie_cirruscommon`.`secondary_login` fields ( error ) values (2) on conditions username = kaol006 AND company_id = 20
22:46:54   UPDATING data to tables `time2vie_cirruscommon`.`login` fields ( login, last_time ) values (0, 2020-10-21 22:46:54) on conditions username = 
22:46:54   UPDATING data to tables `log_login` fields ( logout_time ) values (2020-10-21:20:46:54) on conditions id =  AND username = 
22:55:29   UPDATING data to tables `time2vie_cirruscommon`.`login` fields ( login, last_time ) values (0, 2020-10-21 22:55:29) on conditions username = 
22:55:29   UPDATING data to tables `log_login` fields ( logout_time ) values (2020-10-21:20:55:29) on conditions id =  AND username = 
23:46:17   UPDATING data to tables `time2vie_cirruscommon`.`login` fields ( login, last_time ) values (0, 2020-10-21 23:46:17) on conditions username = 
23:46:17   UPDATING data to tables `log_login` fields ( logout_time ) values (2020-10-21:21:46:17) on conditions id =  AND username = 
23:46:28 reha003  UPDATING data to tables `time2vie_cirruscommon`.`secondary_login` fields ( error ) values (1) on conditions username = reha003 AND company_id = 8
23:46:38 reha003  UPDATING data to tables `time2vie_cirruscommon`.`secondary_login` fields ( error ) values (2) on conditions username = reha003 AND company_id = 8
23:52:23   UPDATING data to tables `time2vie_cirruscommon`.`login` fields ( login, last_time ) values (0, 2020-10-21 23:52:23) on conditions username = 
23:52:23   UPDATING data to tables `log_login` fields ( logout_time ) values (2020-10-21:21:52:23) on conditions id =  AND username = 
23:53:03   UPDATING data to tables `time2vie_cirruscommon`.`login` fields ( login, last_time ) values (0, 2020-10-21 23:53:03) on conditions username = 
23:53:03   UPDATING data to tables `log_login` fields ( logout_time ) values (2020-10-21:21:53:03) on conditions id =  AND username = 
00:17:30   UPDATING data to tables `time2vie_cirruscommon`.`login` fields ( login, last_time ) values (0, 2020-10-22 00:17:30) on conditions username = 
00:17:30   UPDATING data to tables `log_login` fields ( logout_time ) values (2020-10-21:22:17:30) on conditions id =  AND username = 
00:56:29   UPDATING data to tables `time2vie_cirruscommon`.`login` fields ( login, last_time ) values (0, 2020-10-22 00:56:29) on conditions username = 
00:56:29   UPDATING data to tables `log_login` fields ( logout_time ) values (2020-10-21:22:56:29) on conditions id =  AND username = 
00:56:39 armu001  UPDATING data to tables `time2vie_cirruscommon`.`secondary_login` fields ( error ) values (1) on conditions username = armu001 AND company_id = 13
