02:51:15   UPDATING data to tables `log_login` fields ( logout_time ) values (2020-10-19:00:51:15) on conditions id = 215082 AND username = chkj001
03:10:00   UPDATING data to tables `time2vie_cirruscommon`.`login` fields ( login, last_time ) values (0, 2020-10-19 03:10:00) on conditions username = 
03:10:00   UPDATING data to tables `log_login` fields ( logout_time ) values (2020-10-19:01:10:00) on conditions id =  AND username = 
05:01:15   UPDATING data to tables `time2vie_cirruscommon`.`login` fields ( login, last_time ) values (0, 2020-10-19 05:01:15) on conditions username = 
05:01:15   UPDATING data to tables `log_login` fields ( logout_time ) values (2020-10-19:03:01:15) on conditions id =  AND username = 
05:01:27 pasv001  UPDATING data to tables `time2vie_cirruscommon`.`secondary_login` fields ( error ) values (1) on conditions username = pasv001 AND company_id = 8
05:02:42   UPDATING data to tables `log_login` fields ( logout_time ) values (2020-10-19:03:02:42) on conditions id = 215084 AND username = pasv001
05:02:50 pasv001  UPDATING data to tables `time2vie_cirruscommon`.`secondary_login` fields ( error ) values (1) on conditions username = pasv001 AND company_id = 8
05:58:10   UPDATING data to tables `time2vie_cirruscommon`.`login` fields ( login, last_time ) values (0, 2020-10-19 05:58:10) on conditions username = 
05:58:10   UPDATING data to tables `log_login` fields ( logout_time ) values (2020-10-19:03:58:10) on conditions id =  AND username = 
05:58:28 reha003  UPDATING data to tables `time2vie_cirruscommon`.`secondary_login` fields ( error ) values (1) on conditions username = reha003 AND company_id = 8
06:05:15   UPDATING data to tables `time2vie_cirruscommon`.`login` fields ( login, last_time ) values (0, 2020-10-19 06:05:15) on conditions username = 
06:05:15   UPDATING data to tables `log_login` fields ( logout_time ) values (2020-10-19:04:05:15) on conditions id =  AND username = 
06:05:58   UPDATING data to tables `time2vie_cirruscommon`.`login` fields ( login, last_time ) values (0, 2020-10-19 06:05:58) on conditions username = 
06:05:58   UPDATING data to tables `log_login` fields ( logout_time ) values (2020-10-19:04:05:58) on conditions id =  AND username = 
06:11:06   UPDATING data to tables `time2vie_cirruscommon`.`login` fields ( login, last_time ) values (0, 2020-10-19 06:11:06) on conditions username = 
06:11:06   UPDATING data to tables `log_login` fields ( logout_time ) values (2020-10-19:04:11:06) on conditions id =  AND username = 
06:38:41   UPDATING data to tables `time2vie_cirruscommon`.`login` fields ( login, last_time ) values (0, 2020-10-19 06:38:41) on conditions username = 
06:38:41   UPDATING data to tables `log_login` fields ( logout_time ) values (2020-10-19:04:38:41) on conditions id =  AND username = 
06:47:28   UPDATING data to tables `time2vie_cirruscommon`.`login` fields ( login, last_time ) values (0, 2020-10-19 06:47:28) on conditions username = 
06:47:28   UPDATING data to tables `log_login` fields ( logout_time ) values (2020-10-19:04:47:28) on conditions id =  AND username = 
06:48:24   UPDATING data to tables `time2vie_cirruscommon`.`login` fields ( login, last_time ) values (0, 2020-10-19 06:48:24) on conditions username = 
06:48:24   UPDATING data to tables `log_login` fields ( logout_time ) values (2020-10-19:04:48:24) on conditions id =  AND username = 
07:15:57   UPDATING data to tables `time2vie_cirruscommon`.`login` fields ( login, last_time ) values (0, 2020-10-19 07:15:57) on conditions username = 
07:15:57   UPDATING data to tables `log_login` fields ( logout_time ) values (2020-10-19:05:15:57) on conditions id =  AND username = 
07:23:42   UPDATING data to tables `time2vie_cirruscommon`.`login` fields ( login, last_time ) values (0, 2020-10-19 07:23:42) on conditions username = 
07:23:42   UPDATING data to tables `log_login` fields ( logout_time ) values (2020-10-19:05:23:42) on conditions id =  AND username = 
07:23:52 ligo001  UPDATING data to tables `time2vie_cirruscommon`.`secondary_login` fields ( error ) values (1) on conditions username = ligo001 AND company_id = 7
07:23:59 ligo001  UPDATING data to tables `time2vie_cirruscommon`.`secondary_login` fields ( error ) values (2) on conditions username = ligo001 AND company_id = 7
07:24:57   UPDATING data to tables `time2vie_cirruscommon`.`login` fields ( login, last_time ) values (0, 2020-10-19 07:24:57) on conditions username = 
07:24:57   UPDATING data to tables `log_login` fields ( logout_time ) values (2020-10-19:05:24:57) on conditions id =  AND username = 
07:29:33   UPDATING data to tables `time2vie_cirruscommon`.`login` fields ( login, last_time ) values (0, 2020-10-19 07:29:33) on conditions username = 
07:29:33   UPDATING data to tables `log_login` fields ( logout_time ) values (2020-10-19:05:29:33) on conditions id =  AND username = 
07:50:42   UPDATING data to tables `time2vie_cirruscommon`.`login` fields ( login, last_time ) values (0, 2020-10-19 07:50:42) on conditions username = 
07:50:42   UPDATING data to tables `log_login` fields ( logout_time ) values (2020-10-19:05:50:42) on conditions id =  AND username = 
08:09:15   UPDATING data to tables `time2vie_cirruscommon`.`login` fields ( login, last_time ) values (0, 2020-10-19 08:09:15) on conditions username = 
08:09:15   UPDATING data to tables `log_login` fields ( logout_time ) values (2020-10-19:06:09:15) on conditions id =  AND username = 
08:10:54   UPDATING data to tables `time2vie_cirruscommon`.`login` fields ( login, last_time ) values (0, 2020-10-19 08:10:54) on conditions username = 
08:10:54   UPDATING data to tables `log_login` fields ( logout_time ) values (2020-10-19:06:10:54) on conditions id =  AND username = 
08:11:47   UPDATING data to tables `log_login` fields ( logout_time ) values (2020-10-19:06:11:47) on conditions id = 311352 AND username = insv002
08:20:44   UPDATING data to tables `time2vie_cirruscommon`.`login` fields ( login, last_time ) values (0, 2020-10-19 08:20:44) on conditions username = 
08:20:44   UPDATING data to tables `log_login` fields ( logout_time ) values (2020-10-19:06:20:44) on conditions id =  AND username = 
08:28:37   UPDATING data to tables `time2vie_cirruscommon`.`login` fields ( login, last_time ) values (0, 2020-10-19 08:28:37) on conditions username = 
08:28:37   UPDATING data to tables `log_login` fields ( logout_time ) values (2020-10-19:06:28:37) on conditions id =  AND username = 
08:28:53   UPDATING data to tables `time2vie_cirruscommon`.`login` fields ( login, last_time ) values (0, 2020-10-19 08:28:53) on conditions username = 
08:28:53   UPDATING data to tables `log_login` fields ( logout_time ) values (2020-10-19:06:28:53) on conditions id =  AND username = 
08:33:11   UPDATING data to tables `time2vie_cirruscommon`.`login` fields ( login, last_time ) values (0, 2020-10-19 08:33:11) on conditions username = 
08:33:11   UPDATING data to tables `log_login` fields ( logout_time ) values (2020-10-19:06:33:11) on conditions id =  AND username = 
08:49:16   UPDATING data to tables `time2vie_cirruscommon`.`login` fields ( login, last_time ) values (0, 2020-10-19 08:49:16) on conditions username = 
08:49:16   UPDATING data to tables `log_login` fields ( logout_time ) values (2020-10-19:06:49:16) on conditions id =  AND username = 
09:00:22   UPDATING data to tables `time2vie_cirruscommon`.`login` fields ( login, last_time ) values (0, 2020-10-19 09:00:22) on conditions username = 
09:00:22   UPDATING data to tables `log_login` fields ( logout_time ) values (2020-10-19:07:00:22) on conditions id =  AND username = 
09:09:26   UPDATING data to tables `time2vie_cirruscommon`.`login` fields ( login, last_time ) values (0, 2020-10-19 09:09:26) on conditions username = 
09:09:26   UPDATING data to tables `log_login` fields ( logout_time ) values (2020-10-19:07:09:26) on conditions id =  AND username = 
09:12:59   UPDATING data to tables `time2vie_cirruscommon`.`login` fields ( login, last_time ) values (0, 2020-10-19 09:12:59) on conditions username = 
09:12:59   UPDATING data to tables `log_login` fields ( logout_time ) values (2020-10-19:07:12:59) on conditions id =  AND username = 
09:23:08   UPDATING data to tables `time2vie_cirruscommon`.`login` fields ( login, last_time ) values (0, 2020-10-19 09:23:08) on conditions username = 
09:23:08   UPDATING data to tables `log_login` fields ( logout_time ) values (2020-10-19:07:23:08) on conditions id =  AND username = 
09:25:51   UPDATING data to tables `time2vie_cirruscommon`.`login` fields ( login, last_time ) values (0, 2020-10-19 09:25:51) on conditions username = 
09:25:51   UPDATING data to tables `log_login` fields ( logout_time ) values (2020-10-19:07:25:51) on conditions id =  AND username = 
09:32:54   UPDATING data to tables `time2vie_cirruscommon`.`login` fields ( login, last_time ) values (0, 2020-10-19 09:32:54) on conditions username = 
09:32:54   UPDATING data to tables `log_login` fields ( logout_time ) values (2020-10-19:07:32:54) on conditions id =  AND username = 
09:38:01 masa001  UPDATING data to tables `time2vie_cirruscommon`.`secondary_login` fields ( error ) values (41) on conditions username = masa001 AND company_id = 6
09:45:40   UPDATING data to tables `time2vie_cirruscommon`.`login` fields ( login, last_time ) values (0, 2020-10-19 09:45:40) on conditions username = 
09:45:40   UPDATING data to tables `log_login` fields ( logout_time ) values (2020-10-19:07:45:40) on conditions id =  AND username = 
09:50:57   UPDATING data to tables `time2vie_cirruscommon`.`login` fields ( login, last_time ) values (0, 2020-10-19 09:50:57) on conditions username = 
09:50:57   UPDATING data to tables `log_login` fields ( logout_time ) values (2020-10-19:07:50:57) on conditions id =  AND username = 
09:51:11 jujo001  UPDATING data to tables `time2vie_cirruscommon`.`secondary_login` fields ( error ) values (1) on conditions username = jujo001 AND company_id = 9
09:51:22 jujo001  UPDATING data to tables `time2vie_cirruscommon`.`secondary_login` fields ( error ) values (2) on conditions username = jujo001 AND company_id = 9
09:55:17   UPDATING data to tables `time2vie_cirruscommon`.`login` fields ( login, last_time ) values (0, 2020-10-19 09:55:17) on conditions username = 
09:55:17   UPDATING data to tables `log_login` fields ( logout_time ) values (2020-10-19:07:55:17) on conditions id =  AND username = 
09:57:18   UPDATING data to tables `time2vie_cirruscommon`.`login` fields ( login, last_time ) values (0, 2020-10-19 09:57:18) on conditions username = 
09:57:18   UPDATING data to tables `log_login` fields ( logout_time ) values (2020-10-19:07:57:18) on conditions id =  AND username = 
09:57:48   UPDATING data to tables `time2vie_cirruscommon`.`login` fields ( login, last_time ) values (0, 2020-10-19 09:57:48) on conditions username = 
09:57:48   UPDATING data to tables `log_login` fields ( logout_time ) values (2020-10-19:07:57:48) on conditions id =  AND username = 
10:09:11 masa001  UPDATING data to tables `time2vie_cirruscommon`.`secondary_login` fields ( error ) values (42) on conditions username = masa001 AND company_id = 6
10:13:23   UPDATING data to tables `time2vie_cirruscommon`.`login` fields ( login, last_time ) values (0, 2020-10-19 10:13:23) on conditions username = 
10:13:23   UPDATING data to tables `log_login` fields ( logout_time ) values (2020-10-19:08:13:23) on conditions id =  AND username = 
10:22:08   UPDATING data to tables `time2vie_cirruscommon`.`secondary_login` fields ( error ) values (1) on conditions username = anha011 AND company_id = 9
10:24:06   UPDATING data to tables `time2vie_cirruscommon`.`login` fields ( login, last_time ) values (0, 2020-10-19 10:24:06) on conditions username = 
10:24:06   UPDATING data to tables `log_login` fields ( logout_time ) values (2020-10-19:08:24:06) on conditions id =  AND username = 
10:25:15 masa001  UPDATING data to tables `time2vie_cirruscommon`.`secondary_login` fields ( error ) values (43) on conditions username = masa001 AND company_id = 6
10:25:24 masa001  UPDATING data to tables `time2vie_cirruscommon`.`secondary_login` fields ( error ) values (44) on conditions username = masa001 AND company_id = 6
10:26:46   UPDATING data to tables `time2vie_cirruscommon`.`login` fields ( login, last_time ) values (0, 2020-10-19 10:26:46) on conditions username = 
10:26:46   UPDATING data to tables `log_login` fields ( logout_time ) values (2020-10-19:08:26:46) on conditions id =  AND username = 
10:32:00   UPDATING data to tables `log_login` fields ( logout_time ) values (2020-10-19:08:32:00) on conditions id = 311410 AND username = lian007
10:44:34   UPDATING data to tables `time2vie_cirruscommon`.`login` fields ( login, last_time ) values (0, 2020-10-19 10:44:34) on conditions username = 
10:44:34   UPDATING data to tables `log_login` fields ( logout_time ) values (2020-10-19:08:44:34) on conditions id =  AND username = 
10:55:34   UPDATING data to tables `time2vie_cirruscommon`.`login` fields ( login, last_time ) values (0, 2020-10-19 10:55:34) on conditions username = 
10:55:34   UPDATING data to tables `log_login` fields ( logout_time ) values (2020-10-19:08:55:34) on conditions id =  AND username = 
10:55:37   UPDATING data to tables `log_login` fields ( logout_time ) values (2020-10-19:08:55:37) on conditions id = 311420 AND username = anol010
11:07:39   UPDATING data to tables `time2vie_cirruscommon`.`login` fields ( login, last_time ) values (0, 2020-10-19 11:07:39) on conditions username = 
11:07:39   UPDATING data to tables `log_login` fields ( logout_time ) values (2020-10-19:09:07:39) on conditions id =  AND username = 
11:13:51   UPDATING data to tables `time2vie_cirruscommon`.`login` fields ( login, last_time ) values (0, 2020-10-19 11:13:51) on conditions username = 
11:13:51   UPDATING data to tables `log_login` fields ( logout_time ) values (2020-10-19:09:13:51) on conditions id =  AND username = 
11:26:58   UPDATING data to tables `time2vie_cirruscommon`.`login` fields ( login, last_time ) values (0, 2020-10-19 11:26:58) on conditions username = 
11:26:58   UPDATING data to tables `log_login` fields ( logout_time ) values (2020-10-19:09:26:58) on conditions id =  AND username = 
11:35:47   UPDATING data to tables `time2vie_cirruscommon`.`login` fields ( login, last_time ) values (0, 2020-10-19 11:35:47) on conditions username = 
11:35:47   UPDATING data to tables `log_login` fields ( logout_time ) values (2020-10-19:09:35:47) on conditions id =  AND username = 
11:36:44   UPDATING data to tables `log_login` fields ( logout_time ) values (2020-10-19:09:36:44) on conditions id = 54217 AND username = inlj001
11:59:06   UPDATING data to tables `time2vie_cirruscommon`.`secondary_login` fields ( error ) values (3) on conditions username = hesv003 AND company_id = 5
12:07:32   UPDATING data to tables `time2vie_cirruscommon`.`login` fields ( login, last_time ) values (0, 2020-10-19 12:07:32) on conditions username = 
12:07:32   UPDATING data to tables `log_login` fields ( logout_time ) values (2020-10-19:10:07:32) on conditions id =  AND username = 
12:07:49 hejo003  UPDATING data to tables `time2vie_cirruscommon`.`secondary_login` fields ( error ) values (1) on conditions username = hejo003 AND company_id = 20
12:10:48   UPDATING data to tables `time2vie_cirruscommon`.`login` fields ( login, last_time ) values (0, 2020-10-19 12:10:48) on conditions username = 
12:10:48   UPDATING data to tables `log_login` fields ( logout_time ) values (2020-10-19:10:10:48) on conditions id =  AND username = 
12:14:38   UPDATING data to tables `time2vie_cirruscommon`.`login` fields ( login, last_time ) values (0, 2020-10-19 12:14:38) on conditions username = 
12:14:38   UPDATING data to tables `log_login` fields ( logout_time ) values (2020-10-19:10:14:38) on conditions id =  AND username = 
12:36:53   UPDATING data to tables `time2vie_cirruscommon`.`login` fields ( login, last_time ) values (0, 2020-10-19 12:36:53) on conditions username = 
12:36:53   UPDATING data to tables `log_login` fields ( logout_time ) values (2020-10-19:10:36:53) on conditions id =  AND username = 
12:37:06 mala008  UPDATING data to tables `time2vie_cirruscommon`.`secondary_login` fields ( error ) values (1) on conditions username = mala008 AND company_id = 9
12:37:13 mala008  UPDATING data to tables `time2vie_cirruscommon`.`secondary_login` fields ( error ) values (2) on conditions username = mala008 AND company_id = 9
13:08:11   UPDATING data to tables `log_login` fields ( logout_time ) values (2020-10-19:11:08:11) on conditions id = 311464 AND username = krfa001
13:08:14   UPDATING data to tables `time2vie_cirruscommon`.`login` fields ( login, last_time ) values (0, 2020-10-19 13:08:14) on conditions username = 
13:08:14   UPDATING data to tables `log_login` fields ( logout_time ) values (2020-10-19:11:08:14) on conditions id =  AND username = 
13:58:33   UPDATING data to tables `log_login` fields ( logout_time ) values (2020-10-19:11:58:33) on conditions id = 27630 AND username = muad001
14:12:52   UPDATING data to tables `time2vie_cirruscommon`.`login` fields ( login, last_time ) values (0, 2020-10-19 14:12:52) on conditions username = 
14:12:52   UPDATING data to tables `log_login` fields ( logout_time ) values (2020-10-19:12:12:52) on conditions id =  AND username = 
14:16:13   UPDATING data to tables `time2vie_cirruscommon`.`login` fields ( login, last_time ) values (0, 2020-10-19 14:16:13) on conditions username = 
14:16:13   UPDATING data to tables `log_login` fields ( logout_time ) values (2020-10-19:12:16:13) on conditions id =  AND username = 
14:16:39 leho001  UPDATING data to tables `time2vie_cirruscommon`.`secondary_login` fields ( error ) values (1) on conditions username = leho001 AND company_id = 5
14:16:50 leho001  UPDATING data to tables `time2vie_cirruscommon`.`secondary_login` fields ( error ) values (2) on conditions username = leho001 AND company_id = 5
14:17:06   UPDATING data to tables `time2vie_cirruscommon`.`login` fields ( login, last_time ) values (0, 2020-10-19 14:17:06) on conditions username = 
14:17:06   UPDATING data to tables `log_login` fields ( logout_time ) values (2020-10-19:12:17:06) on conditions id =  AND username = 
14:19:47   UPDATING data to tables `time2vie_cirruscommon`.`login` fields ( login, last_time ) values (0, 2020-10-19 14:19:47) on conditions username = 
14:19:47   UPDATING data to tables `log_login` fields ( logout_time ) values (2020-10-19:12:19:47) on conditions id =  AND username = 
14:27:51   UPDATING data to tables `time2vie_cirruscommon`.`login` fields ( login, last_time ) values (0, 2020-10-19 14:27:51) on conditions username = 
14:27:51   UPDATING data to tables `log_login` fields ( logout_time ) values (2020-10-19:12:27:51) on conditions id =  AND username = 
14:31:07   UPDATING data to tables `time2vie_cirruscommon`.`login` fields ( login, last_time ) values (0, 2020-10-19 14:31:07) on conditions username = 
14:31:07   UPDATING data to tables `log_login` fields ( logout_time ) values (2020-10-19:12:31:07) on conditions id =  AND username = 
14:34:50   UPDATING data to tables `time2vie_cirruscommon`.`login` fields ( login, last_time ) values (0, 2020-10-19 14:34:50) on conditions username = 
14:34:50   UPDATING data to tables `log_login` fields ( logout_time ) values (2020-10-19:12:34:50) on conditions id =  AND username = 
14:35:02 najo003  UPDATING data to tables `time2vie_cirruscommon`.`secondary_login` fields ( error ) values (1) on conditions username = najo003 AND company_id = 7
14:44:15   UPDATING data to tables `time2vie_cirruscommon`.`secondary_login` fields ( error ) values (1) on conditions username = emth002 AND company_id = 9
14:44:40 emth002  UPDATING data to tables `time2vie_cirruscommon`.`secondary_login` fields ( error ) values (2) on conditions username = emth002 AND company_id = 9
14:50:00   UPDATING data to tables `time2vie_cirruscommon`.`login` fields ( login, last_time ) values (0, 2020-10-19 14:50:00) on conditions username = 
14:50:00   UPDATING data to tables `log_login` fields ( logout_time ) values (2020-10-19:12:50:00) on conditions id =  AND username = 
15:17:02   UPDATING data to tables `time2vie_cirruscommon`.`login` fields ( login, last_time ) values (0, 2020-10-19 15:17:02) on conditions username = 
15:17:02   UPDATING data to tables `log_login` fields ( logout_time ) values (2020-10-19:13:17:02) on conditions id =  AND username = 
15:17:17 suhe003  UPDATING data to tables `time2vie_cirruscommon`.`secondary_login` fields ( error ) values (1) on conditions username = suhe003 AND company_id = 9
15:29:31   UPDATING data to tables `time2vie_cirruscommon`.`login` fields ( login, last_time ) values (0, 2020-10-19 15:29:31) on conditions username = 
15:29:31   UPDATING data to tables `log_login` fields ( logout_time ) values (2020-10-19:13:29:31) on conditions id =  AND username = 
15:34:49   UPDATING data to tables `time2vie_cirruscommon`.`login` fields ( login, last_time ) values (0, 2020-10-19 15:34:49) on conditions username = 
15:34:49   UPDATING data to tables `log_login` fields ( logout_time ) values (2020-10-19:13:34:49) on conditions id =  AND username = 
15:35:06 pipe002  UPDATING data to tables `time2vie_cirruscommon`.`secondary_login` fields ( error ) values (1) on conditions username = pipe002 AND company_id = 5
15:35:18 pipe002  UPDATING data to tables `time2vie_cirruscommon`.`secondary_login` fields ( error ) values (2) on conditions username = pipe002 AND company_id = 5
15:38:11   UPDATING data to tables `time2vie_cirruscommon`.`login` fields ( login, last_time ) values (0, 2020-10-19 15:38:11) on conditions username = 
15:38:11   UPDATING data to tables `log_login` fields ( logout_time ) values (2020-10-19:13:38:11) on conditions id =  AND username = 
15:39:20   UPDATING data to tables `time2vie_cirruscommon`.`login` fields ( login, last_time ) values (0, 2020-10-19 15:39:20) on conditions username = 
15:39:20   UPDATING data to tables `log_login` fields ( logout_time ) values (2020-10-19:13:39:20) on conditions id =  AND username = 
15:40:37 chkj001  UPDATING data to tables `time2vie_cirruscommon`.`secondary_login` fields ( error ) values (1) on conditions username = chkj001 AND company_id = 8
15:42:13   UPDATING data to tables `time2vie_cirruscommon`.`login` fields ( login, last_time ) values (0, 2020-10-19 15:42:13) on conditions username = 
15:42:13   UPDATING data to tables `log_login` fields ( logout_time ) values (2020-10-19:13:42:13) on conditions id =  AND username = 
15:42:16   UPDATING data to tables `time2vie_cirruscommon`.`login` fields ( login, last_time ) values (0, 2020-10-19 15:42:16) on conditions username = 
15:42:16   UPDATING data to tables `log_login` fields ( logout_time ) values (2020-10-19:13:42:16) on conditions id =  AND username = 
15:42:20   UPDATING data to tables `time2vie_cirruscommon`.`login` fields ( login, last_time ) values (0, 2020-10-19 15:42:20) on conditions username = 
15:42:20   UPDATING data to tables `log_login` fields ( logout_time ) values (2020-10-19:13:42:20) on conditions id =  AND username = 
15:43:16   UPDATING data to tables `log_login` fields ( logout_time ) values (2020-10-19:13:43:16) on conditions id = 215129 AND username = chkj001
15:43:56   UPDATING data to tables `time2vie_cirruscommon`.`login` fields ( login, last_time ) values (0, 2020-10-19 15:43:56) on conditions username = 
15:43:56   UPDATING data to tables `log_login` fields ( logout_time ) values (2020-10-19:13:43:56) on conditions id =  AND username = 
15:44:18   UPDATING data to tables `time2vie_cirruscommon`.`login` fields ( login, last_time ) values (0, 2020-10-19 15:44:18) on conditions username = 
15:44:18   UPDATING data to tables `log_login` fields ( logout_time ) values (2020-10-19:13:44:18) on conditions id =  AND username = 
15:46:23   UPDATING data to tables `time2vie_cirruscommon`.`login` fields ( login, last_time ) values (0, 2020-10-19 15:46:23) on conditions username = 
15:46:23   UPDATING data to tables `log_login` fields ( logout_time ) values (2020-10-19:13:46:23) on conditions id =  AND username = 
15:55:19   UPDATING data to tables `time2vie_cirruscommon`.`login` fields ( login, last_time ) values (0, 2020-10-19 15:55:19) on conditions username = 
15:55:19   UPDATING data to tables `log_login` fields ( logout_time ) values (2020-10-19:13:55:19) on conditions id =  AND username = 
16:11:10   UPDATING data to tables `time2vie_cirruscommon`.`login` fields ( login, last_time ) values (0, 2020-10-19 16:11:10) on conditions username = 
16:11:10   UPDATING data to tables `log_login` fields ( logout_time ) values (2020-10-19:14:11:10) on conditions id =  AND username = 
16:18:01   UPDATING data to tables `time2vie_cirruscommon`.`login` fields ( login, last_time ) values (0, 2020-10-19 16:18:01) on conditions username = 
16:18:01   UPDATING data to tables `log_login` fields ( logout_time ) values (2020-10-19:14:18:01) on conditions id =  AND username = 
16:18:06 nama002  UPDATING data to tables `time2vie_cirruscommon`.`secondary_login` fields ( error ) values (1) on conditions username = nama002 AND company_id = 9
16:24:34   UPDATING data to tables `time2vie_cirruscommon`.`login` fields ( login, last_time ) values (0, 2020-10-19 16:24:34) on conditions username = 
16:24:34   UPDATING data to tables `log_login` fields ( logout_time ) values (2020-10-19:14:24:34) on conditions id =  AND username = 
16:47:09   UPDATING data to tables `log_login` fields ( logout_time ) values (2020-10-19:14:47:09) on conditions id = 215134 AND username = pilo001
16:57:38   UPDATING data to tables `time2vie_cirruscommon`.`login` fields ( login, last_time ) values (0, 2020-10-19 16:57:38) on conditions username = 
16:57:38   UPDATING data to tables `log_login` fields ( logout_time ) values (2020-10-19:14:57:38) on conditions id =  AND username = 
16:58:08 fewe001  UPDATING data to tables `time2vie_cirruscommon`.`secondary_login` fields ( error ) values (1) on conditions username = fewe001 AND company_id = 9
16:58:16 fewe001  UPDATING data to tables `time2vie_cirruscommon`.`secondary_login` fields ( error ) values (2) on conditions username = fewe001 AND company_id = 9
17:03:40 fewe001  UPDATING data to tables `time2vie_cirruscommon`.`secondary_login` fields ( error ) values (3) on conditions username = fewe001 AND company_id = 9
17:03:49 fewe001  UPDATING data to tables `time2vie_cirruscommon`.`secondary_login` fields ( error ) values (4) on conditions username = fewe001 AND company_id = 9
17:04:00 fewe001  UPDATING data to tables `time2vie_cirruscommon`.`secondary_login` fields ( error ) values (5) on conditions username = fewe001 AND company_id = 9
17:04:05 fewe001  UPDATING data to tables `time2vie_cirruscommon`.`secondary_login` fields ( error ) values (6) on conditions username = fewe001 AND company_id = 9
17:04:19 fewe001  UPDATING data to tables `time2vie_cirruscommon`.`secondary_login` fields ( error ) values (7) on conditions username = fewe001 AND company_id = 9
17:05:04 fewe001  INSERTING data into tables `time2vie_cirruscommon`.`sms_otp` fields ( user_id, company_id, mobile, otp, purpose, date ) values ( fewe001, 9, 768083742, 995121, PASSWORD_RECOVERY, 2020-10-19 17:05:04 ) => {inserted_id = 1361}
17:05:04 fewe001  INSERTING data into tables `time2vie_cirrus9`.`log_sms` fields ( from_user, to_user, to_no, message, status ) values ( unknown, fewe001, 768083742, %0ADitt engångslösenord är 995121.%0AAnvändarnamn : fewe001%0AFöretag : Libra assistans AB%0ATänk på att lösenordet är en personlig värdehandling. Hälsningar Time2view CIRRUS, 1 ) => {inserted_id = 10802}
17:05:19 fewe001  INSERTING data into tables `time2vie_cirruscommon`.`sms_otp` fields ( user_id, company_id, mobile, otp, purpose, date ) values ( fewe001, 9, 768083742, 401070, PASSWORD_RECOVERY, 2020-10-19 17:05:19 ) => {inserted_id = 1362}
17:05:19 fewe001  INSERTING data into tables `time2vie_cirrus9`.`log_sms` fields ( from_user, to_user, to_no, message, status ) values ( unknown, fewe001, 768083742, %0ADitt engångslösenord är 401070.%0AAnvändarnamn : fewe001%0AFöretag : Libra assistans AB%0ATänk på att lösenordet är en personlig värdehandling. Hälsningar Time2view CIRRUS, 1 ) => {inserted_id = 10803}
17:05:45 fewe001  INSERTING data into tables `time2vie_cirruscommon`.`sms_otp` fields ( user_id, company_id, mobile, otp, purpose, date ) values ( fewe001, 9, 768083742, 649437, PASSWORD_RECOVERY, 2020-10-19 17:05:45 ) => {inserted_id = 1363}
17:05:45 fewe001  INSERTING data into tables `time2vie_cirrus9`.`log_sms` fields ( from_user, to_user, to_no, message, status ) values ( unknown, fewe001, 768083742, %0ADitt engångslösenord är 649437.%0AAnvändarnamn : fewe001%0AFöretag : Libra assistans AB%0ATänk på att lösenordet är en personlig värdehandling. Hälsningar Time2view CIRRUS, 1 ) => {inserted_id = 10804}
17:05:46 fewe001  INSERTING data into tables `time2vie_cirruscommon`.`sms_otp` fields ( user_id, company_id, mobile, otp, purpose, date ) values ( fewe001, 9, 768083742, 487444, PASSWORD_RECOVERY, 2020-10-19 17:05:46 ) => {inserted_id = 1364}
17:05:46 fewe001  INSERTING data into tables `time2vie_cirrus9`.`log_sms` fields ( from_user, to_user, to_no, message, status ) values ( unknown, fewe001, 768083742, %0ADitt engångslösenord är 487444.%0AAnvändarnamn : fewe001%0AFöretag : Libra assistans AB%0ATänk på att lösenordet är en personlig värdehandling. Hälsningar Time2view CIRRUS, 1 ) => {inserted_id = 10805}
17:05:46 fewe001  INSERTING data into tables `time2vie_cirruscommon`.`sms_otp` fields ( user_id, company_id, mobile, otp, purpose, date ) values ( fewe001, 9, 768083742, 106492, PASSWORD_RECOVERY, 2020-10-19 17:05:46 ) => {inserted_id = 1365}
17:05:46 fewe001  INSERTING data into tables `time2vie_cirrus9`.`log_sms` fields ( from_user, to_user, to_no, message, status ) values ( unknown, fewe001, 768083742, %0ADitt engångslösenord är 106492.%0AAnvändarnamn : fewe001%0AFöretag : Libra assistans AB%0ATänk på att lösenordet är en personlig värdehandling. Hälsningar Time2view CIRRUS, 1 ) => {inserted_id = 10806}
17:06:27 fewe001  INSERTING data into tables `time2vie_cirruscommon`.`sms_otp` fields ( user_id, company_id, mobile, otp, purpose, date ) values ( fewe001, 9, 768083742, 171808, PASSWORD_RECOVERY, 2020-10-19 17:06:27 ) => {inserted_id = 1366}
17:06:27 fewe001  INSERTING data into tables `time2vie_cirrus9`.`log_sms` fields ( from_user, to_user, to_no, message, status ) values ( unknown, fewe001, 768083742, %0ADitt engångslösenord är 171808.%0AAnvändarnamn : fewe001%0AFöretag : Libra assistans AB%0ATänk på att lösenordet är en personlig värdehandling. Hälsningar Time2view CIRRUS, 1 ) => {inserted_id = 10807}
17:08:38   UPDATING data to tables `time2vie_cirruscommon`.`login` fields ( login, last_time ) values (0, 2020-10-19 17:08:38) on conditions username = 
17:08:38   UPDATING data to tables `log_login` fields ( logout_time ) values (2020-10-19:15:08:38) on conditions id =  AND username = 
17:08:58 fewe001  UPDATING data to tables `time2vie_cirruscommon`.`secondary_login` fields ( error ) values (8) on conditions username = fewe001 AND company_id = 9
17:14:30   UPDATING data to tables `time2vie_cirruscommon`.`login` fields ( login, last_time ) values (0, 2020-10-19 17:14:30) on conditions username = 
17:14:30   UPDATING data to tables `log_login` fields ( logout_time ) values (2020-10-19:15:14:30) on conditions id =  AND username = 
17:15:43   UPDATING data to tables `time2vie_cirruscommon`.`login` fields ( login, last_time ) values (0, 2020-10-19 17:15:43) on conditions username = 
17:15:43   UPDATING data to tables `log_login` fields ( logout_time ) values (2020-10-19:15:15:43) on conditions id =  AND username = 
17:21:52   UPDATING data to tables `time2vie_cirruscommon`.`login` fields ( login, last_time ) values (0, 2020-10-19 17:21:52) on conditions username = 
17:21:52   UPDATING data to tables `log_login` fields ( logout_time ) values (2020-10-19:15:21:52) on conditions id =  AND username = 
17:23:51   UPDATING data to tables `time2vie_cirruscommon`.`login` fields ( login, last_time ) values (0, 2020-10-19 17:23:51) on conditions username = 
17:23:51   UPDATING data to tables `log_login` fields ( logout_time ) values (2020-10-19:15:23:51) on conditions id =  AND username = 
17:24:32   UPDATING data to tables `log_login` fields ( logout_time ) values (2020-10-19:15:24:32) on conditions id = 263493 AND username = lice003
17:39:58   UPDATING data to tables `time2vie_cirruscommon`.`login` fields ( login, last_time ) values (0, 2020-10-19 17:39:58) on conditions username = 
17:39:58   UPDATING data to tables `log_login` fields ( logout_time ) values (2020-10-19:15:39:58) on conditions id =  AND username = 
17:42:05   UPDATING data to tables `time2vie_cirruscommon`.`login` fields ( login, last_time ) values (0, 2020-10-19 17:42:05) on conditions username = 
17:42:05   UPDATING data to tables `log_login` fields ( logout_time ) values (2020-10-19:15:42:05) on conditions id =  AND username = 
17:44:10   UPDATING data to tables `time2vie_cirruscommon`.`login` fields ( login, last_time ) values (0, 2020-10-19 17:44:10) on conditions username = 
17:44:10   UPDATING data to tables `log_login` fields ( logout_time ) values (2020-10-19:15:44:10) on conditions id =  AND username = 
17:57:13   UPDATING data to tables `time2vie_cirruscommon`.`login` fields ( login, last_time ) values (0, 2020-10-19 17:57:13) on conditions username = 
17:57:13   UPDATING data to tables `log_login` fields ( logout_time ) values (2020-10-19:15:57:13) on conditions id =  AND username = 
18:28:25   UPDATING data to tables `time2vie_cirruscommon`.`login` fields ( login, last_time ) values (0, 2020-10-19 18:28:25) on conditions username = 
18:28:25   UPDATING data to tables `log_login` fields ( logout_time ) values (2020-10-19:16:28:25) on conditions id =  AND username = 
18:35:44   UPDATING data to tables `time2vie_cirruscommon`.`login` fields ( login, last_time ) values (0, 2020-10-19 18:35:44) on conditions username = 
18:35:44   UPDATING data to tables `log_login` fields ( logout_time ) values (2020-10-19:16:35:44) on conditions id =  AND username = 
18:54:25   UPDATING data to tables `time2vie_cirruscommon`.`login` fields ( login, last_time ) values (0, 2020-10-19 18:54:25) on conditions username = 
18:54:25   UPDATING data to tables `log_login` fields ( logout_time ) values (2020-10-19:16:54:25) on conditions id =  AND username = 
19:14:50   UPDATING data to tables `log_login` fields ( logout_time ) values (2020-10-19:17:14:50) on conditions id = 215139 AND username = chkj001
19:23:47   UPDATING data to tables `time2vie_cirruscommon`.`login` fields ( login, last_time ) values (0, 2020-10-19 19:23:47) on conditions username = 
19:23:47   UPDATING data to tables `log_login` fields ( logout_time ) values (2020-10-19:17:23:47) on conditions id =  AND username = 
19:25:13   UPDATING data to tables `time2vie_cirruscommon`.`login` fields ( login, last_time ) values (0, 2020-10-19 19:25:13) on conditions username = 
19:25:13   UPDATING data to tables `log_login` fields ( logout_time ) values (2020-10-19:17:25:13) on conditions id =  AND username = 
19:26:53   UPDATING data to tables `time2vie_cirruscommon`.`login` fields ( login, last_time ) values (0, 2020-10-19 19:26:53) on conditions username = 
19:26:53   UPDATING data to tables `log_login` fields ( logout_time ) values (2020-10-19:17:26:53) on conditions id =  AND username = 
20:03:58   UPDATING data to tables `time2vie_cirruscommon`.`login` fields ( login, last_time ) values (0, 2020-10-19 20:03:58) on conditions username = 
20:03:58   UPDATING data to tables `log_login` fields ( logout_time ) values (2020-10-19:18:03:58) on conditions id =  AND username = 
20:17:43   UPDATING data to tables `time2vie_cirruscommon`.`login` fields ( login, last_time ) values (0, 2020-10-19 20:17:43) on conditions username = 
20:17:43   UPDATING data to tables `log_login` fields ( logout_time ) values (2020-10-19:18:17:43) on conditions id =  AND username = 
20:31:40   UPDATING data to tables `time2vie_cirruscommon`.`login` fields ( login, last_time ) values (0, 2020-10-19 20:31:40) on conditions username = 
20:31:40   UPDATING data to tables `log_login` fields ( logout_time ) values (2020-10-19:18:31:40) on conditions id =  AND username = 
20:38:14   UPDATING data to tables `time2vie_cirruscommon`.`login` fields ( login, last_time ) values (0, 2020-10-19 20:38:14) on conditions username = 
20:38:14   UPDATING data to tables `log_login` fields ( logout_time ) values (2020-10-19:18:38:14) on conditions id =  AND username = 
20:52:42   UPDATING data to tables `time2vie_cirruscommon`.`login` fields ( login, last_time ) values (0, 2020-10-19 20:52:42) on conditions username = 
20:52:42   UPDATING data to tables `log_login` fields ( logout_time ) values (2020-10-19:18:52:42) on conditions id =  AND username = 
20:59:40   UPDATING data to tables `time2vie_cirruscommon`.`login` fields ( login, last_time ) values (0, 2020-10-19 20:59:40) on conditions username = 
20:59:40   UPDATING data to tables `log_login` fields ( logout_time ) values (2020-10-19:18:59:40) on conditions id =  AND username = 
21:00:16   UPDATING data to tables `time2vie_cirruscommon`.`login` fields ( login, last_time ) values (0, 2020-10-19 21:00:16) on conditions username = 
21:00:16   UPDATING data to tables `log_login` fields ( logout_time ) values (2020-10-19:19:00:16) on conditions id =  AND username = 
21:00:29   UPDATING data to tables `time2vie_cirruscommon`.`login` fields ( login, last_time ) values (0, 2020-10-19 21:00:29) on conditions username = 
21:00:29   UPDATING data to tables `log_login` fields ( logout_time ) values (2020-10-19:19:00:29) on conditions id =  AND username = 
21:01:52   UPDATING data to tables `time2vie_cirruscommon`.`login` fields ( login, last_time ) values (0, 2020-10-19 21:01:52) on conditions username = 
21:01:52   UPDATING data to tables `log_login` fields ( logout_time ) values (2020-10-19:19:01:52) on conditions id =  AND username = 
21:03:51   UPDATING data to tables `time2vie_cirruscommon`.`login` fields ( login, last_time ) values (0, 2020-10-19 21:03:51) on conditions username = 
21:03:51   UPDATING data to tables `log_login` fields ( logout_time ) values (2020-10-19:19:03:51) on conditions id =  AND username = 
21:09:51   UPDATING data to tables `time2vie_cirruscommon`.`login` fields ( login, last_time ) values (0, 2020-10-19 21:09:51) on conditions username = 
21:09:51   UPDATING data to tables `log_login` fields ( logout_time ) values (2020-10-19:19:09:51) on conditions id =  AND username = 
21:10:40   UPDATING data to tables `time2vie_cirruscommon`.`login` fields ( login, last_time ) values (0, 2020-10-19 21:10:40) on conditions username = 
21:10:40   UPDATING data to tables `log_login` fields ( logout_time ) values (2020-10-19:19:10:40) on conditions id =  AND username = 
21:20:58   UPDATING data to tables `time2vie_cirruscommon`.`login` fields ( login, last_time ) values (0, 2020-10-19 21:20:58) on conditions username = 
21:20:58   UPDATING data to tables `log_login` fields ( logout_time ) values (2020-10-19:19:20:58) on conditions id =  AND username = 
21:25:29   UPDATING data to tables `time2vie_cirruscommon`.`login` fields ( login, last_time ) values (0, 2020-10-19 21:25:29) on conditions username = 
21:25:29   UPDATING data to tables `log_login` fields ( logout_time ) values (2020-10-19:19:25:29) on conditions id =  AND username = 
21:25:37 jour001  UPDATING data to tables `time2vie_cirruscommon`.`secondary_login` fields ( error ) values (1) on conditions username = jour001 AND company_id = 9
21:32:32   UPDATING data to tables `time2vie_cirruscommon`.`login` fields ( login, last_time ) values (0, 2020-10-19 21:32:32) on conditions username = 
21:32:32   UPDATING data to tables `log_login` fields ( logout_time ) values (2020-10-19:19:32:32) on conditions id =  AND username = 
21:35:21   UPDATING data to tables `time2vie_cirruscommon`.`login` fields ( login, last_time ) values (0, 2020-10-19 21:35:21) on conditions username = 
21:35:21   UPDATING data to tables `log_login` fields ( logout_time ) values (2020-10-19:19:35:21) on conditions id =  AND username = 
21:38:35   UPDATING data to tables `time2vie_cirruscommon`.`login` fields ( login, last_time ) values (0, 2020-10-19 21:38:35) on conditions username = 
21:38:35   UPDATING data to tables `log_login` fields ( logout_time ) values (2020-10-19:19:38:35) on conditions id =  AND username = 
22:08:14   UPDATING data to tables `time2vie_cirruscommon`.`login` fields ( login, last_time ) values (0, 2020-10-19 22:08:14) on conditions username = 
22:08:14   UPDATING data to tables `log_login` fields ( logout_time ) values (2020-10-19:20:08:14) on conditions id =  AND username = 
22:15:07   UPDATING data to tables `time2vie_cirruscommon`.`login` fields ( login, last_time ) values (0, 2020-10-19 22:15:07) on conditions username = 
22:15:07   UPDATING data to tables `log_login` fields ( logout_time ) values (2020-10-19:20:15:07) on conditions id =  AND username = 
22:19:25   UPDATING data to tables `time2vie_cirruscommon`.`login` fields ( login, last_time ) values (0, 2020-10-19 22:19:25) on conditions username = 
22:19:25   UPDATING data to tables `log_login` fields ( logout_time ) values (2020-10-19:20:19:25) on conditions id =  AND username = 
22:49:28   UPDATING data to tables `log_login` fields ( logout_time ) values (2020-10-19:20:49:28) on conditions id = 311565 AND username = evda006
22:50:26   UPDATING data to tables `log_login` fields ( logout_time ) values (2020-10-19:20:50:26) on conditions id = 311566 AND username = evda006
22:52:11   UPDATING data to tables `time2vie_cirruscommon`.`login` fields ( login, last_time ) values (0, 2020-10-19 22:52:11) on conditions username = 
22:52:11   UPDATING data to tables `log_login` fields ( logout_time ) values (2020-10-19:20:52:11) on conditions id =  AND username = 
23:16:30   UPDATING data to tables `time2vie_cirruscommon`.`login` fields ( login, last_time ) values (0, 2020-10-19 23:16:30) on conditions username = 
23:16:30   UPDATING data to tables `log_login` fields ( logout_time ) values (2020-10-19:21:16:30) on conditions id =  AND username = 
23:43:57   UPDATING data to tables `log_login` fields ( logout_time ) values (2020-10-19:21:43:57) on conditions id = 40990 AND username = moli003
00:31:51   UPDATING data to tables `time2vie_cirruscommon`.`login` fields ( login, last_time ) values (0, 2020-10-20 00:31:51) on conditions username = 
00:31:51   UPDATING data to tables `log_login` fields ( logout_time ) values (2020-10-19:22:31:51) on conditions id =  AND username = 
00:34:38   UPDATING data to tables `time2vie_cirruscommon`.`login` fields ( login, last_time ) values (0, 2020-10-20 00:34:38) on conditions username = 
00:34:38   UPDATING data to tables `log_login` fields ( logout_time ) values (2020-10-19:22:34:38) on conditions id =  AND username = 
01:48:31   UPDATING data to tables `time2vie_cirruscommon`.`login` fields ( login, last_time ) values (0, 2020-10-20 01:48:31) on conditions username = 
01:48:31   UPDATING data to tables `log_login` fields ( logout_time ) values (2020-10-19:23:48:31) on conditions id =  AND username = 
