06:55:41   UPDATING data to tables `time2vie_cirruscommon`.`login` fields ( login, last_time ) values (0, 2020-12-28 06:55:41) on conditions username = 
06:55:41   UPDATING data to tables `log_login` fields ( logout_time ) values (2020-12-28:05:55:41) on conditions id =  AND username = 
07:13:06   UPDATING data to tables `time2vie_cirruscommon`.`login` fields ( login, last_time ) values (0, 2020-12-28 07:13:06) on conditions username = 
07:13:06   UPDATING data to tables `log_login` fields ( logout_time ) values (2020-12-28:06:13:06) on conditions id =  AND username = 
07:13:56   UPDATING data to tables `time2vie_cirruscommon`.`login` fields ( login, last_time ) values (0, 2020-12-28 07:13:56) on conditions username = 
07:13:56   UPDATING data to tables `log_login` fields ( logout_time ) values (2020-12-28:06:13:56) on conditions id =  AND username = 
07:23:00   UPDATING data to tables `log_login` fields ( logout_time ) values (2020-12-28:06:23:00) on conditions id = 220991 AND username = erna001
07:23:42   UPDATING data to tables `time2vie_cirruscommon`.`login` fields ( login, last_time ) values (0, 2020-12-28 07:23:42) on conditions username = 
07:23:42   UPDATING data to tables `log_login` fields ( logout_time ) values (2020-12-28:06:23:42) on conditions id =  AND username = 
07:35:47   UPDATING data to tables `time2vie_cirruscommon`.`login` fields ( login, last_time ) values (0, 2020-12-28 07:35:47) on conditions username = 
07:35:47   UPDATING data to tables `log_login` fields ( logout_time ) values (2020-12-28:06:35:47) on conditions id =  AND username = 
07:37:40   UPDATING data to tables `time2vie_cirruscommon`.`login` fields ( login, last_time ) values (0, 2020-12-28 07:37:40) on conditions username = 
07:37:40   UPDATING data to tables `log_login` fields ( logout_time ) values (2020-12-28:06:37:40) on conditions id =  AND username = 
08:09:14   UPDATING data to tables `time2vie_cirruscommon`.`login` fields ( login, last_time ) values (0, 2020-12-28 08:09:14) on conditions username = 
08:09:14   UPDATING data to tables `log_login` fields ( logout_time ) values (2020-12-28:07:09:14) on conditions id =  AND username = 
08:18:12   UPDATING data to tables `time2vie_cirruscommon`.`login` fields ( login, last_time ) values (0, 2020-12-28 08:18:12) on conditions username = 
08:18:12   UPDATING data to tables `log_login` fields ( logout_time ) values (2020-12-28:07:18:12) on conditions id =  AND username = 
08:23:34   UPDATING data to tables `time2vie_cirruscommon`.`login` fields ( login, last_time ) values (0, 2020-12-28 08:23:34) on conditions username = 
08:23:34   UPDATING data to tables `log_login` fields ( logout_time ) values (2020-12-28:07:23:34) on conditions id =  AND username = 
08:39:30   UPDATING data to tables `time2vie_cirruscommon`.`login` fields ( login, last_time ) values (0, 2020-12-28 08:39:30) on conditions username = 
08:39:30   UPDATING data to tables `log_login` fields ( logout_time ) values (2020-12-28:07:39:30) on conditions id =  AND username = 
08:42:57   UPDATING data to tables `time2vie_cirruscommon`.`login` fields ( login, last_time ) values (0, 2020-12-28 08:42:57) on conditions username = 
08:42:57   UPDATING data to tables `log_login` fields ( logout_time ) values (2020-12-28:07:42:57) on conditions id =  AND username = 
08:51:44   UPDATING data to tables `time2vie_cirruscommon`.`login` fields ( login, last_time ) values (0, 2020-12-28 08:51:44) on conditions username = 
08:51:44   UPDATING data to tables `log_login` fields ( logout_time ) values (2020-12-28:07:51:44) on conditions id =  AND username = 
08:54:40   UPDATING data to tables `time2vie_cirruscommon`.`login` fields ( login, last_time ) values (0, 2020-12-28 08:54:40) on conditions username = 
08:54:40   UPDATING data to tables `log_login` fields ( logout_time ) values (2020-12-28:07:54:40) on conditions id =  AND username = 
08:55:22   UPDATING data to tables `time2vie_cirruscommon`.`login` fields ( login, last_time ) values (0, 2020-12-28 08:55:22) on conditions username = 
08:55:22   UPDATING data to tables `log_login` fields ( logout_time ) values (2020-12-28:07:55:22) on conditions id =  AND username = 
09:06:06   UPDATING data to tables `time2vie_cirruscommon`.`login` fields ( login, last_time ) values (0, 2020-12-28 09:06:06) on conditions username = 
09:06:06   UPDATING data to tables `log_login` fields ( logout_time ) values (2020-12-28:08:06:06) on conditions id =  AND username = 
09:09:23   UPDATING data to tables `time2vie_cirruscommon`.`login` fields ( login, last_time ) values (0, 2020-12-28 09:09:23) on conditions username = 
09:09:23   UPDATING data to tables `log_login` fields ( logout_time ) values (2020-12-28:08:09:23) on conditions id =  AND username = 
09:13:42   UPDATING data to tables `time2vie_cirruscommon`.`login` fields ( login, last_time ) values (0, 2020-12-28 09:13:42) on conditions username = 
09:13:42   UPDATING data to tables `log_login` fields ( logout_time ) values (2020-12-28:08:13:42) on conditions id =  AND username = 
09:22:01   UPDATING data to tables `time2vie_cirruscommon`.`login` fields ( login, last_time ) values (0, 2020-12-28 09:22:01) on conditions username = 
09:22:01   UPDATING data to tables `log_login` fields ( logout_time ) values (2020-12-28:08:22:01) on conditions id =  AND username = 
09:22:55   UPDATING data to tables `log_login` fields ( logout_time ) values (2020-12-28:08:22:55) on conditions id = 24971 AND username = mave004
09:49:20   UPDATING data to tables `log_login` fields ( logout_time ) values (2020-12-28:08:49:20) on conditions id = 286228 AND username = suse002
09:50:56   UPDATING data to tables `time2vie_cirruscommon`.`login` fields ( login, last_time ) values (0, 2020-12-28 09:50:56) on conditions username = 
09:50:56   UPDATING data to tables `log_login` fields ( logout_time ) values (2020-12-28:08:50:56) on conditions id =  AND username = 
09:52:52   UPDATING data to tables `time2vie_cirruscommon`.`login` fields ( login, last_time ) values (0, 2020-12-28 09:52:52) on conditions username = 
09:52:52   UPDATING data to tables `log_login` fields ( logout_time ) values (2020-12-28:08:52:52) on conditions id =  AND username = 
09:53:33   UPDATING data to tables `time2vie_cirruscommon`.`login` fields ( login, last_time ) values (0, 2020-12-28 09:53:33) on conditions username = 
09:53:33   UPDATING data to tables `log_login` fields ( logout_time ) values (2020-12-28:08:53:33) on conditions id =  AND username = 
10:20:52   UPDATING data to tables `time2vie_cirruscommon`.`login` fields ( login, last_time ) values (0, 2020-12-28 10:20:52) on conditions username = 
10:20:52   UPDATING data to tables `log_login` fields ( logout_time ) values (2020-12-28:09:20:52) on conditions id =  AND username = 
10:31:16   UPDATING data to tables `time2vie_cirruscommon`.`login` fields ( login, last_time ) values (0, 2020-12-28 10:31:16) on conditions username = 
10:31:16   UPDATING data to tables `log_login` fields ( logout_time ) values (2020-12-28:09:31:16) on conditions id =  AND username = 
10:40:55   UPDATING data to tables `time2vie_cirruscommon`.`login` fields ( login, last_time ) values (0, 2020-12-28 10:40:55) on conditions username = 
10:40:55   UPDATING data to tables `log_login` fields ( logout_time ) values (2020-12-28:09:40:55) on conditions id =  AND username = 
10:46:27   UPDATING data to tables `time2vie_cirruscommon`.`login` fields ( login, last_time ) values (0, 2020-12-28 10:46:27) on conditions username = 
10:46:27   UPDATING data to tables `log_login` fields ( logout_time ) values (2020-12-28:09:46:27) on conditions id =  AND username = 
10:50:50   UPDATING data to tables `time2vie_cirruscommon`.`login` fields ( login, last_time ) values (0, 2020-12-28 10:50:50) on conditions username = 
10:50:50   UPDATING data to tables `log_login` fields ( logout_time ) values (2020-12-28:09:50:50) on conditions id =  AND username = 
10:52:37   UPDATING data to tables `time2vie_cirruscommon`.`login` fields ( login, last_time ) values (0, 2020-12-28 10:52:37) on conditions username = 
10:52:37   UPDATING data to tables `log_login` fields ( logout_time ) values (2020-12-28:09:52:37) on conditions id =  AND username = 
10:52:40   UPDATING data to tables `time2vie_cirruscommon`.`login` fields ( login, last_time ) values (0, 2020-12-28 10:52:40) on conditions username = 
10:52:40   UPDATING data to tables `log_login` fields ( logout_time ) values (2020-12-28:09:52:40) on conditions id =  AND username = 
10:52:47   UPDATING data to tables `time2vie_cirruscommon`.`login` fields ( login, last_time ) values (0, 2020-12-28 10:52:47) on conditions username = 
10:52:47   UPDATING data to tables `log_login` fields ( logout_time ) values (2020-12-28:09:52:47) on conditions id =  AND username = 
10:52:49   UPDATING data to tables `time2vie_cirruscommon`.`login` fields ( login, last_time ) values (0, 2020-12-28 10:52:49) on conditions username = 
10:52:49   UPDATING data to tables `log_login` fields ( logout_time ) values (2020-12-28:09:52:49) on conditions id =  AND username = 
10:53:48   UPDATING data to tables `time2vie_cirruscommon`.`login` fields ( login, last_time ) values (0, 2020-12-28 10:53:48) on conditions username = 
10:53:48   UPDATING data to tables `log_login` fields ( logout_time ) values (2020-12-28:09:53:48) on conditions id =  AND username = 
10:53:54   UPDATING data to tables `time2vie_cirruscommon`.`login` fields ( login, last_time ) values (0, 2020-12-28 10:53:54) on conditions username = 
10:53:54   UPDATING data to tables `log_login` fields ( logout_time ) values (2020-12-28:09:53:54) on conditions id =  AND username = 
10:54:35   UPDATING data to tables `time2vie_cirruscommon`.`login` fields ( login, last_time ) values (0, 2020-12-28 10:54:35) on conditions username = 
10:54:35   UPDATING data to tables `log_login` fields ( logout_time ) values (2020-12-28:09:54:35) on conditions id =  AND username = 
10:58:57   UPDATING data to tables `time2vie_cirruscommon`.`login` fields ( login, last_time ) values (0, 2020-12-28 10:58:57) on conditions username = 
10:58:57   UPDATING data to tables `log_login` fields ( logout_time ) values (2020-12-28:09:58:57) on conditions id =  AND username = 
11:17:29   UPDATING data to tables `time2vie_cirruscommon`.`login` fields ( login, last_time ) values (0, 2020-12-28 11:17:29) on conditions username = 
11:17:29   UPDATING data to tables `log_login` fields ( logout_time ) values (2020-12-28:10:17:29) on conditions id =  AND username = 
11:20:00   UPDATING data to tables `time2vie_cirruscommon`.`login` fields ( login, last_time ) values (0, 2020-12-28 11:20:00) on conditions username = 
11:20:00   UPDATING data to tables `log_login` fields ( logout_time ) values (2020-12-28:10:20:00) on conditions id =  AND username = 
11:22:10   UPDATING data to tables `log_login` fields ( logout_time ) values (2020-12-28:10:22:10) on conditions id = 286251 AND username = rian003
11:29:43   UPDATING data to tables `time2vie_cirruscommon`.`login` fields ( login, last_time ) values (0, 2020-12-28 11:29:43) on conditions username = 
11:29:43   UPDATING data to tables `log_login` fields ( logout_time ) values (2020-12-28:10:29:43) on conditions id =  AND username = 
11:32:11   UPDATING data to tables `time2vie_cirruscommon`.`login` fields ( login, last_time ) values (0, 2020-12-28 11:32:11) on conditions username = 
11:32:11   UPDATING data to tables `log_login` fields ( logout_time ) values (2020-12-28:10:32:11) on conditions id =  AND username = 
11:41:27   UPDATING data to tables `time2vie_cirruscommon`.`login` fields ( login, last_time ) values (0, 2020-12-28 11:41:27) on conditions username = 
11:41:27   UPDATING data to tables `log_login` fields ( logout_time ) values (2020-12-28:10:41:27) on conditions id =  AND username = 
11:42:35   UPDATING data to tables `time2vie_cirruscommon`.`login` fields ( login, last_time ) values (0, 2020-12-28 11:42:35) on conditions username = 
11:42:35   UPDATING data to tables `log_login` fields ( logout_time ) values (2020-12-28:10:42:35) on conditions id =  AND username = 
11:45:35   UPDATING data to tables `time2vie_cirruscommon`.`login` fields ( login, last_time ) values (0, 2020-12-28 11:45:35) on conditions username = 
11:45:35   UPDATING data to tables `log_login` fields ( logout_time ) values (2020-12-28:10:45:35) on conditions id =  AND username = 
11:46:00   UPDATING data to tables `time2vie_cirruscommon`.`login` fields ( login, last_time ) values (0, 2020-12-28 11:46:00) on conditions username = 
11:46:00   UPDATING data to tables `log_login` fields ( logout_time ) values (2020-12-28:10:46:00) on conditions id =  AND username = 
11:53:28   UPDATING data to tables `time2vie_cirruscommon`.`login` fields ( login, last_time ) values (0, 2020-12-28 11:53:28) on conditions username = 
11:53:28   UPDATING data to tables `log_login` fields ( logout_time ) values (2020-12-28:10:53:28) on conditions id =  AND username = 
11:54:28   UPDATING data to tables `time2vie_cirruscommon`.`login` fields ( login, last_time ) values (0, 2020-12-28 11:54:28) on conditions username = 
11:54:28   UPDATING data to tables `log_login` fields ( logout_time ) values (2020-12-28:10:54:28) on conditions id =  AND username = 
11:58:59   UPDATING data to tables `time2vie_cirruscommon`.`login` fields ( login, last_time ) values (0, 2020-12-28 11:58:59) on conditions username = 
11:58:59   UPDATING data to tables `log_login` fields ( logout_time ) values (2020-12-28:10:58:59) on conditions id =  AND username = 
12:15:31   UPDATING data to tables `time2vie_cirruscommon`.`login` fields ( login, last_time ) values (0, 2020-12-28 12:15:31) on conditions username = 
12:15:31   UPDATING data to tables `log_login` fields ( logout_time ) values (2020-12-28:11:15:31) on conditions id =  AND username = 
12:20:52   UPDATING data to tables `log_login` fields ( logout_time ) values (2020-12-28:11:20:52) on conditions id = 607387 AND username = solu003
12:23:12   UPDATING data to tables `time2vie_cirruscommon`.`login` fields ( login, last_time ) values (0, 2020-12-28 12:23:12) on conditions username = 
12:23:12   UPDATING data to tables `log_login` fields ( logout_time ) values (2020-12-28:11:23:12) on conditions id =  AND username = 
12:25:02   UPDATING data to tables `time2vie_cirruscommon`.`login` fields ( login, last_time ) values (0, 2020-12-28 12:25:02) on conditions username = 
12:25:02   UPDATING data to tables `log_login` fields ( logout_time ) values (2020-12-28:11:25:02) on conditions id =  AND username = 
12:35:36   UPDATING data to tables `time2vie_cirruscommon`.`login` fields ( login, last_time ) values (0, 2020-12-28 12:35:36) on conditions username = 
12:35:36   UPDATING data to tables `log_login` fields ( logout_time ) values (2020-12-28:11:35:36) on conditions id =  AND username = 
12:39:02   UPDATING data to tables `time2vie_cirruscommon`.`login` fields ( login, last_time ) values (0, 2020-12-28 12:39:02) on conditions username = 
12:39:02   UPDATING data to tables `log_login` fields ( logout_time ) values (2020-12-28:11:39:02) on conditions id =  AND username = 
12:41:41   UPDATING data to tables `time2vie_cirruscommon`.`login` fields ( login, last_time ) values (0, 2020-12-28 12:41:41) on conditions username = 
12:41:41   UPDATING data to tables `log_login` fields ( logout_time ) values (2020-12-28:11:41:41) on conditions id =  AND username = 
12:42:34   UPDATING data to tables `log_login` fields ( logout_time ) values (2020-12-28:11:42:33) on conditions id = 286272 AND username = makv002
12:50:04   UPDATING data to tables `time2vie_cirruscommon`.`login` fields ( login, last_time ) values (0, 2020-12-28 12:50:04) on conditions username = 
12:50:04   UPDATING data to tables `log_login` fields ( logout_time ) values (2020-12-28:11:50:04) on conditions id =  AND username = 
12:54:51   UPDATING data to tables `time2vie_cirruscommon`.`login` fields ( login, last_time ) values (0, 2020-12-28 12:54:51) on conditions username = 
12:54:51   UPDATING data to tables `log_login` fields ( logout_time ) values (2020-12-28:11:54:51) on conditions id =  AND username = 
12:56:54   UPDATING data to tables `time2vie_cirruscommon`.`login` fields ( login, last_time ) values (0, 2020-12-28 12:56:54) on conditions username = 
12:56:54   UPDATING data to tables `log_login` fields ( logout_time ) values (2020-12-28:11:56:54) on conditions id =  AND username = 
12:57:20   UPDATING data to tables `time2vie_cirruscommon`.`login` fields ( login, last_time ) values (0, 2020-12-28 12:57:20) on conditions username = 
12:57:20   UPDATING data to tables `log_login` fields ( logout_time ) values (2020-12-28:11:57:20) on conditions id =  AND username = 
13:05:01   UPDATING data to tables `log_login` fields ( logout_time ) values (2020-12-28:12:05:01) on conditions id = 24975 AND username = inid001
13:07:23   UPDATING data to tables `time2vie_cirruscommon`.`login` fields ( login, last_time ) values (0, 2020-12-28 13:07:23) on conditions username = 
13:07:23   UPDATING data to tables `log_login` fields ( logout_time ) values (2020-12-28:12:07:23) on conditions id =  AND username = 
13:08:26   UPDATING data to tables `time2vie_cirruscommon`.`login` fields ( login, last_time ) values (0, 2020-12-28 13:08:26) on conditions username = 
13:08:26   UPDATING data to tables `log_login` fields ( logout_time ) values (2020-12-28:12:08:26) on conditions id =  AND username = 
13:08:43   UPDATING data to tables `time2vie_cirruscommon`.`login` fields ( login, last_time ) values (0, 2020-12-28 13:08:43) on conditions username = 
13:08:43   UPDATING data to tables `log_login` fields ( logout_time ) values (2020-12-28:12:08:43) on conditions id =  AND username = 
13:11:14   UPDATING data to tables `time2vie_cirruscommon`.`login` fields ( login, last_time ) values (0, 2020-12-28 13:11:14) on conditions username = 
13:11:14   UPDATING data to tables `log_login` fields ( logout_time ) values (2020-12-28:12:11:14) on conditions id =  AND username = 
13:13:09   UPDATING data to tables `time2vie_cirruscommon`.`login` fields ( login, last_time ) values (0, 2020-12-28 13:13:09) on conditions username = 
13:13:09   UPDATING data to tables `log_login` fields ( logout_time ) values (2020-12-28:12:13:09) on conditions id =  AND username = 
13:26:48 inid001  UPDATING data to tables `time2vie_cirruscommon`.`secondary_login` fields ( error ) values (1) on conditions username = inid001 AND company_id = 12
13:27:13   UPDATING data to tables `time2vie_cirruscommon`.`login` fields ( login, last_time ) values (0, 2020-12-28 13:27:13) on conditions username = 
13:27:13   UPDATING data to tables `log_login` fields ( logout_time ) values (2020-12-28:12:27:13) on conditions id =  AND username = 
13:27:54   UPDATING data to tables `time2vie_cirruscommon`.`login` fields ( login, last_time ) values (0, 2020-12-28 13:27:54) on conditions username = 
13:27:54   UPDATING data to tables `log_login` fields ( logout_time ) values (2020-12-28:12:27:54) on conditions id =  AND username = 
13:29:39 pipe002  UPDATING data to tables `time2vie_cirruscommon`.`secondary_login` fields ( error ) values (1) on conditions username = pipe002 AND company_id = 5
13:31:41   UPDATING data to tables `time2vie_cirruscommon`.`login` fields ( login, last_time ) values (0, 2020-12-28 13:31:41) on conditions username = 
13:31:41   UPDATING data to tables `log_login` fields ( logout_time ) values (2020-12-28:12:31:41) on conditions id =  AND username = 
13:36:01   UPDATING data to tables `time2vie_cirruscommon`.`login` fields ( login, last_time ) values (0, 2020-12-28 13:36:01) on conditions username = 
13:36:01   UPDATING data to tables `log_login` fields ( logout_time ) values (2020-12-28:12:36:01) on conditions id =  AND username = 
13:36:44   UPDATING data to tables `time2vie_cirruscommon`.`login` fields ( login, last_time ) values (0, 2020-12-28 13:36:44) on conditions username = 
13:36:44   UPDATING data to tables `log_login` fields ( logout_time ) values (2020-12-28:12:36:44) on conditions id =  AND username = 
13:41:07   UPDATING data to tables `time2vie_cirruscommon`.`login` fields ( login, last_time ) values (0, 2020-12-28 13:41:07) on conditions username = 
13:41:07   UPDATING data to tables `log_login` fields ( logout_time ) values (2020-12-28:12:41:07) on conditions id =  AND username = 
13:42:23   UPDATING data to tables `time2vie_cirruscommon`.`login` fields ( login, last_time ) values (0, 2020-12-28 13:42:23) on conditions username = 
13:42:23   UPDATING data to tables `log_login` fields ( logout_time ) values (2020-12-28:12:42:23) on conditions id =  AND username = 
14:10:36   UPDATING data to tables `time2vie_cirruscommon`.`login` fields ( login, last_time ) values (0, 2020-12-28 14:10:36) on conditions username = 
14:10:36   UPDATING data to tables `log_login` fields ( logout_time ) values (2020-12-28:13:10:36) on conditions id =  AND username = 
14:11:07   UPDATING data to tables `time2vie_cirruscommon`.`login` fields ( login, last_time ) values (0, 2020-12-28 14:11:07) on conditions username = 
14:11:07   UPDATING data to tables `log_login` fields ( logout_time ) values (2020-12-28:13:11:07) on conditions id =  AND username = 
14:19:34   UPDATING data to tables `time2vie_cirruscommon`.`login` fields ( login, last_time ) values (0, 2020-12-28 14:19:34) on conditions username = 
14:19:34   UPDATING data to tables `log_login` fields ( logout_time ) values (2020-12-28:13:19:34) on conditions id =  AND username = 
14:19:56   UPDATING data to tables `time2vie_cirruscommon`.`login` fields ( login, last_time ) values (0, 2020-12-28 14:19:56) on conditions username = 
14:19:56   UPDATING data to tables `log_login` fields ( logout_time ) values (2020-12-28:13:19:56) on conditions id =  AND username = 
14:20:57   UPDATING data to tables `log_login` fields ( logout_time ) values (2020-12-28:13:20:57) on conditions id = 286286 AND username = malu006
14:21:03   UPDATING data to tables `time2vie_cirruscommon`.`login` fields ( login, last_time ) values (0, 2020-12-28 14:21:03) on conditions username = 
14:21:03   UPDATING data to tables `log_login` fields ( logout_time ) values (2020-12-28:13:21:03) on conditions id =  AND username = 
14:22:04   UPDATING data to tables `log_login` fields ( logout_time ) values (2020-12-28:13:22:04) on conditions id = 24980 AND username = inid001
14:24:02   UPDATING data to tables `time2vie_cirruscommon`.`login` fields ( login, last_time ) values (0, 2020-12-28 14:24:02) on conditions username = 
14:24:02   UPDATING data to tables `log_login` fields ( logout_time ) values (2020-12-28:13:24:02) on conditions id =  AND username = 
14:31:10   UPDATING data to tables `time2vie_cirruscommon`.`login` fields ( login, last_time ) values (0, 2020-12-28 14:31:10) on conditions username = 
14:31:10   UPDATING data to tables `log_login` fields ( logout_time ) values (2020-12-28:13:31:10) on conditions id =  AND username = 
14:36:21   UPDATING data to tables `time2vie_cirruscommon`.`login` fields ( login, last_time ) values (0, 2020-12-28 14:36:21) on conditions username = 
14:36:21   UPDATING data to tables `log_login` fields ( logout_time ) values (2020-12-28:13:36:21) on conditions id =  AND username = 
14:39:54   UPDATING data to tables `log_login` fields ( logout_time ) values (2020-12-28:13:39:54) on conditions id = 24982 AND username = inid001
14:41:18   UPDATING data to tables `time2vie_cirruscommon`.`login` fields ( login, last_time ) values (0, 2020-12-28 14:41:18) on conditions username = 
14:41:18   UPDATING data to tables `log_login` fields ( logout_time ) values (2020-12-28:13:41:18) on conditions id =  AND username = 
14:41:45 inid001  UPDATING data to tables `time2vie_cirruscommon`.`secondary_login` fields ( error ) values (1) on conditions username = inid001 AND company_id = 12
14:42:43   UPDATING data to tables `time2vie_cirruscommon`.`login` fields ( login, last_time ) values (0, 2020-12-28 14:42:43) on conditions username = 
14:42:43   UPDATING data to tables `log_login` fields ( logout_time ) values (2020-12-28:13:42:43) on conditions id =  AND username = 
14:46:32   UPDATING data to tables `time2vie_cirruscommon`.`login` fields ( login, last_time ) values (0, 2020-12-28 14:46:32) on conditions username = 
14:46:32   UPDATING data to tables `log_login` fields ( logout_time ) values (2020-12-28:13:46:32) on conditions id =  AND username = 
14:50:11   UPDATING data to tables `log_login` fields ( logout_time ) values (2020-12-28:13:50:11) on conditions id = 286289 AND username = malu006
14:52:58   UPDATING data to tables `time2vie_cirruscommon`.`login` fields ( login, last_time ) values (0, 2020-12-28 14:52:58) on conditions username = 
14:52:58   UPDATING data to tables `log_login` fields ( logout_time ) values (2020-12-28:13:52:58) on conditions id =  AND username = 
14:55:18   UPDATING data to tables `time2vie_cirruscommon`.`login` fields ( login, last_time ) values (0, 2020-12-28 14:55:18) on conditions username = 
14:55:18   UPDATING data to tables `log_login` fields ( logout_time ) values (2020-12-28:13:55:18) on conditions id =  AND username = 
14:55:35   UPDATING data to tables `time2vie_cirruscommon`.`login` fields ( login, last_time ) values (0, 2020-12-28 14:55:35) on conditions username = 
14:55:35   UPDATING data to tables `log_login` fields ( logout_time ) values (2020-12-28:13:55:35) on conditions id =  AND username = 
14:57:58   UPDATING data to tables `time2vie_cirruscommon`.`login` fields ( login, last_time ) values (0, 2020-12-28 14:57:58) on conditions username = 
14:57:58   UPDATING data to tables `log_login` fields ( logout_time ) values (2020-12-28:13:57:58) on conditions id =  AND username = 
15:00:25   UPDATING data to tables `time2vie_cirruscommon`.`login` fields ( login, last_time ) values (0, 2020-12-28 15:00:25) on conditions username = 
15:00:25   UPDATING data to tables `log_login` fields ( logout_time ) values (2020-12-28:14:00:25) on conditions id =  AND username = 
15:08:43   UPDATING data to tables `log_login` fields ( logout_time ) values (2020-12-28:14:08:43) on conditions id = 286301 AND username = toli003
15:10:30   UPDATING data to tables `time2vie_cirruscommon`.`login` fields ( login, last_time ) values (0, 2020-12-28 15:10:30) on conditions username = 
15:10:30   UPDATING data to tables `log_login` fields ( logout_time ) values (2020-12-28:14:10:30) on conditions id =  AND username = 
15:31:22   UPDATING data to tables `time2vie_cirruscommon`.`login` fields ( login, last_time ) values (0, 2020-12-28 15:31:22) on conditions username = 
15:31:22   UPDATING data to tables `log_login` fields ( logout_time ) values (2020-12-28:14:31:22) on conditions id =  AND username = 
15:50:46   UPDATING data to tables `time2vie_cirruscommon`.`login` fields ( login, last_time ) values (0, 2020-12-28 15:50:46) on conditions username = 
15:50:46   UPDATING data to tables `log_login` fields ( logout_time ) values (2020-12-28:14:50:46) on conditions id =  AND username = 
15:51:20   UPDATING data to tables `time2vie_cirruscommon`.`login` fields ( login, last_time ) values (0, 2020-12-28 15:51:20) on conditions username = 
15:51:20   UPDATING data to tables `log_login` fields ( logout_time ) values (2020-12-28:14:51:20) on conditions id =  AND username = 
15:53:33   UPDATING data to tables `time2vie_cirruscommon`.`login` fields ( login, last_time ) values (0, 2020-12-28 15:53:33) on conditions username = 
15:53:33   UPDATING data to tables `log_login` fields ( logout_time ) values (2020-12-28:14:53:33) on conditions id =  AND username = 
15:54:47   UPDATING data to tables `time2vie_cirruscommon`.`login` fields ( login, last_time ) values (0, 2020-12-28 15:54:47) on conditions username = 
15:54:47   UPDATING data to tables `log_login` fields ( logout_time ) values (2020-12-28:14:54:47) on conditions id =  AND username = 
15:56:31   UPDATING data to tables `time2vie_cirruscommon`.`login` fields ( login, last_time ) values (0, 2020-12-28 15:56:31) on conditions username = 
15:56:31   UPDATING data to tables `log_login` fields ( logout_time ) values (2020-12-28:14:56:31) on conditions id =  AND username = 
15:58:40   UPDATING data to tables `time2vie_cirruscommon`.`login` fields ( login, last_time ) values (0, 2020-12-28 15:58:40) on conditions username = 
15:58:40   UPDATING data to tables `log_login` fields ( logout_time ) values (2020-12-28:14:58:40) on conditions id =  AND username = 
15:58:59   UPDATING data to tables `time2vie_cirruscommon`.`login` fields ( login, last_time ) values (0, 2020-12-28 15:58:59) on conditions username = 
15:58:59   UPDATING data to tables `log_login` fields ( logout_time ) values (2020-12-28:14:58:59) on conditions id =  AND username = 
16:06:48   UPDATING data to tables `time2vie_cirruscommon`.`login` fields ( login, last_time ) values (0, 2020-12-28 16:06:48) on conditions username = 
16:06:48   UPDATING data to tables `log_login` fields ( logout_time ) values (2020-12-28:15:06:48) on conditions id =  AND username = 
16:23:47   UPDATING data to tables `log_login` fields ( logout_time ) values (2020-12-28:15:23:47) on conditions id = 607461 AND username = anol010
16:25:32   UPDATING data to tables `time2vie_cirruscommon`.`login` fields ( login, last_time ) values (0, 2020-12-28 16:25:32) on conditions username = 
16:25:32   UPDATING data to tables `log_login` fields ( logout_time ) values (2020-12-28:15:25:32) on conditions id =  AND username = 
16:57:18   UPDATING data to tables `time2vie_cirruscommon`.`login` fields ( login, last_time ) values (0, 2020-12-28 16:57:18) on conditions username = 
16:57:18   UPDATING data to tables `log_login` fields ( logout_time ) values (2020-12-28:15:57:18) on conditions id =  AND username = 
17:00:28   UPDATING data to tables `time2vie_cirruscommon`.`login` fields ( login, last_time ) values (0, 2020-12-28 17:00:28) on conditions username = 
17:00:28   UPDATING data to tables `log_login` fields ( logout_time ) values (2020-12-28:16:00:28) on conditions id =  AND username = 
17:03:49   UPDATING data to tables `time2vie_cirruscommon`.`login` fields ( login, last_time ) values (0, 2020-12-28 17:03:49) on conditions username = 
17:03:49   UPDATING data to tables `log_login` fields ( logout_time ) values (2020-12-28:16:03:49) on conditions id =  AND username = 
17:17:23   UPDATING data to tables `time2vie_cirruscommon`.`login` fields ( login, last_time ) values (0, 2020-12-28 17:17:23) on conditions username = 
17:17:23   UPDATING data to tables `log_login` fields ( logout_time ) values (2020-12-28:16:17:23) on conditions id =  AND username = 
17:18:46   UPDATING data to tables `time2vie_cirruscommon`.`login` fields ( login, last_time ) values (0, 2020-12-28 17:18:46) on conditions username = 
17:18:46   UPDATING data to tables `log_login` fields ( logout_time ) values (2020-12-28:16:18:46) on conditions id =  AND username = 
17:18:58   UPDATING data to tables `time2vie_cirruscommon`.`login` fields ( login, last_time ) values (0, 2020-12-28 17:18:58) on conditions username = 
17:18:58   UPDATING data to tables `log_login` fields ( logout_time ) values (2020-12-28:16:18:58) on conditions id =  AND username = 
17:21:58   UPDATING data to tables `time2vie_cirruscommon`.`login` fields ( login, last_time ) values (0, 2020-12-28 17:21:58) on conditions username = 
17:21:58   UPDATING data to tables `log_login` fields ( logout_time ) values (2020-12-28:16:21:58) on conditions id =  AND username = 
17:31:41   UPDATING data to tables `time2vie_cirruscommon`.`login` fields ( login, last_time ) values (0, 2020-12-28 17:31:41) on conditions username = 
17:31:41   UPDATING data to tables `log_login` fields ( logout_time ) values (2020-12-28:16:31:41) on conditions id =  AND username = 
17:34:08   UPDATING data to tables `time2vie_cirruscommon`.`login` fields ( login, last_time ) values (0, 2020-12-28 17:34:08) on conditions username = 
17:34:08   UPDATING data to tables `log_login` fields ( logout_time ) values (2020-12-28:16:34:08) on conditions id =  AND username = 
17:36:25   UPDATING data to tables `time2vie_cirruscommon`.`login` fields ( login, last_time ) values (0, 2020-12-28 17:36:25) on conditions username = 
17:36:25   UPDATING data to tables `log_login` fields ( logout_time ) values (2020-12-28:16:36:25) on conditions id =  AND username = 
17:41:10   UPDATING data to tables `time2vie_cirruscommon`.`login` fields ( login, last_time ) values (0, 2020-12-28 17:41:10) on conditions username = 
17:41:10   UPDATING data to tables `log_login` fields ( logout_time ) values (2020-12-28:16:41:10) on conditions id =  AND username = 
17:43:04   UPDATING data to tables `time2vie_cirruscommon`.`login` fields ( login, last_time ) values (0, 2020-12-28 17:43:04) on conditions username = 
17:43:04   UPDATING data to tables `log_login` fields ( logout_time ) values (2020-12-28:16:43:04) on conditions id =  AND username = 
17:43:24   UPDATING data to tables `time2vie_cirruscommon`.`login` fields ( login, last_time ) values (0, 2020-12-28 17:43:24) on conditions username = 
17:43:24   UPDATING data to tables `log_login` fields ( logout_time ) values (2020-12-28:16:43:24) on conditions id =  AND username = 
18:10:39   UPDATING data to tables `time2vie_cirruscommon`.`login` fields ( login, last_time ) values (0, 2020-12-28 18:10:39) on conditions username = 
18:10:39   UPDATING data to tables `log_login` fields ( logout_time ) values (2020-12-28:17:10:39) on conditions id =  AND username = 
18:27:16   UPDATING data to tables `time2vie_cirruscommon`.`login` fields ( login, last_time ) values (0, 2020-12-28 18:27:16) on conditions username = 
18:27:16   UPDATING data to tables `log_login` fields ( logout_time ) values (2020-12-28:17:27:16) on conditions id =  AND username = 
18:41:54   UPDATING data to tables `time2vie_cirruscommon`.`login` fields ( login, last_time ) values (0, 2020-12-28 18:41:54) on conditions username = 
18:41:54   UPDATING data to tables `log_login` fields ( logout_time ) values (2020-12-28:17:41:54) on conditions id =  AND username = 
18:48:54   UPDATING data to tables `log_login` fields ( logout_time ) values (2020-12-28:17:48:54) on conditions id = 607499 AND username = izje001
18:49:04 izje001  UPDATING data to tables `time2vie_cirruscommon`.`secondary_login` fields ( error ) values (1) on conditions username = izje001 AND company_id = 9
18:49:04 izje001  UPDATING data to tables `time2vie_cirruscommon`.`secondary_login` fields ( error ) values (2) on conditions username = izje001 AND company_id = 9
18:49:15 izje001  UPDATING data to tables `time2vie_cirruscommon`.`secondary_login` fields ( error ) values (3) on conditions username = izje001 AND company_id = 9
18:51:23   UPDATING data to tables `time2vie_cirruscommon`.`login` fields ( login, last_time ) values (0, 2020-12-28 18:51:23) on conditions username = 
18:51:23   UPDATING data to tables `log_login` fields ( logout_time ) values (2020-12-28:17:51:23) on conditions id =  AND username = 
18:55:03   UPDATING data to tables `time2vie_cirruscommon`.`login` fields ( login, last_time ) values (0, 2020-12-28 18:55:03) on conditions username = 
18:55:03   UPDATING data to tables `log_login` fields ( logout_time ) values (2020-12-28:17:55:03) on conditions id =  AND username = 
18:55:49   UPDATING data to tables `time2vie_cirruscommon`.`login` fields ( login, last_time ) values (0, 2020-12-28 18:55:49) on conditions username = 
18:55:49   UPDATING data to tables `log_login` fields ( logout_time ) values (2020-12-28:17:55:49) on conditions id =  AND username = 
19:14:59   UPDATING data to tables `log_login` fields ( logout_time ) values (2020-12-28:18:14:59) on conditions id = 607503 AND username = mala008
19:46:36   UPDATING data to tables `time2vie_cirruscommon`.`login` fields ( login, last_time ) values (0, 2020-12-28 19:46:36) on conditions username = 
19:46:36   UPDATING data to tables `log_login` fields ( logout_time ) values (2020-12-28:18:46:36) on conditions id =  AND username = 
19:54:59   UPDATING data to tables `time2vie_cirruscommon`.`login` fields ( login, last_time ) values (0, 2020-12-28 19:54:59) on conditions username = 
19:54:59   UPDATING data to tables `log_login` fields ( logout_time ) values (2020-12-28:18:54:59) on conditions id =  AND username = 
19:55:25   UPDATING data to tables `time2vie_cirruscommon`.`login` fields ( login, last_time ) values (0, 2020-12-28 19:55:25) on conditions username = 
19:55:25   UPDATING data to tables `log_login` fields ( logout_time ) values (2020-12-28:18:55:25) on conditions id =  AND username = 
20:04:57   UPDATING data to tables `time2vie_cirruscommon`.`login` fields ( login, last_time ) values (0, 2020-12-28 20:04:57) on conditions username = 
20:04:57   UPDATING data to tables `log_login` fields ( logout_time ) values (2020-12-28:19:04:57) on conditions id =  AND username = 
20:05:23   UPDATING data to tables `time2vie_cirruscommon`.`login` fields ( login, last_time ) values (0, 2020-12-28 20:05:23) on conditions username = 
20:05:23   UPDATING data to tables `log_login` fields ( logout_time ) values (2020-12-28:19:05:23) on conditions id =  AND username = 
20:09:39   UPDATING data to tables `time2vie_cirruscommon`.`login` fields ( login, last_time ) values (0, 2020-12-28 20:09:39) on conditions username = 
20:09:39   UPDATING data to tables `log_login` fields ( logout_time ) values (2020-12-28:19:09:39) on conditions id =  AND username = 
20:10:50   UPDATING data to tables `time2vie_cirruscommon`.`login` fields ( login, last_time ) values (0, 2020-12-28 20:10:50) on conditions username = 
20:10:50   UPDATING data to tables `log_login` fields ( logout_time ) values (2020-12-28:19:10:50) on conditions id =  AND username = 
20:32:53   UPDATING data to tables `time2vie_cirruscommon`.`login` fields ( login, last_time ) values (0, 2020-12-28 20:32:53) on conditions username = 
20:32:53   UPDATING data to tables `log_login` fields ( logout_time ) values (2020-12-28:19:32:53) on conditions id =  AND username = 
20:33:27   UPDATING data to tables `time2vie_cirruscommon`.`login` fields ( login, last_time ) values (0, 2020-12-28 20:33:27) on conditions username = 
20:33:27   UPDATING data to tables `log_login` fields ( logout_time ) values (2020-12-28:19:33:27) on conditions id =  AND username = 
20:33:59   UPDATING data to tables `time2vie_cirruscommon`.`login` fields ( login, last_time ) values (0, 2020-12-28 20:33:59) on conditions username = 
20:33:59   UPDATING data to tables `log_login` fields ( logout_time ) values (2020-12-28:19:33:59) on conditions id =  AND username = 
20:35:04   UPDATING data to tables `time2vie_cirruscommon`.`login` fields ( login, last_time ) values (0, 2020-12-28 20:35:04) on conditions username = 
20:35:04   UPDATING data to tables `log_login` fields ( logout_time ) values (2020-12-28:19:35:04) on conditions id =  AND username = 
20:49:26   UPDATING data to tables `time2vie_cirruscommon`.`login` fields ( login, last_time ) values (0, 2020-12-28 20:49:26) on conditions username = 
20:49:26   UPDATING data to tables `log_login` fields ( logout_time ) values (2020-12-28:19:49:26) on conditions id =  AND username = 
21:07:09   UPDATING data to tables `time2vie_cirruscommon`.`login` fields ( login, last_time ) values (0, 2020-12-28 21:07:09) on conditions username = 
21:07:09   UPDATING data to tables `log_login` fields ( logout_time ) values (2020-12-28:20:07:09) on conditions id =  AND username = 
21:12:06   UPDATING data to tables `time2vie_cirruscommon`.`login` fields ( login, last_time ) values (0, 2020-12-28 21:12:06) on conditions username = 
21:12:06   UPDATING data to tables `log_login` fields ( logout_time ) values (2020-12-28:20:12:06) on conditions id =  AND username = 
21:27:15   UPDATING data to tables `time2vie_cirruscommon`.`login` fields ( login, last_time ) values (0, 2020-12-28 21:27:15) on conditions username = 
21:27:15   UPDATING data to tables `log_login` fields ( logout_time ) values (2020-12-28:20:27:15) on conditions id =  AND username = 
21:34:26   UPDATING data to tables `time2vie_cirruscommon`.`login` fields ( login, last_time ) values (0, 2020-12-28 21:34:26) on conditions username = 
21:34:26   UPDATING data to tables `log_login` fields ( logout_time ) values (2020-12-28:20:34:26) on conditions id =  AND username = 
21:36:31   UPDATING data to tables `time2vie_cirruscommon`.`login` fields ( login, last_time ) values (0, 2020-12-28 21:36:31) on conditions username = 
21:36:31   UPDATING data to tables `log_login` fields ( logout_time ) values (2020-12-28:20:36:31) on conditions id =  AND username = 
21:44:57   UPDATING data to tables `time2vie_cirruscommon`.`login` fields ( login, last_time ) values (0, 2020-12-28 21:44:57) on conditions username = 
21:44:57   UPDATING data to tables `log_login` fields ( logout_time ) values (2020-12-28:20:44:57) on conditions id =  AND username = 
22:31:14   UPDATING data to tables `time2vie_cirruscommon`.`login` fields ( login, last_time ) values (0, 2020-12-28 22:31:14) on conditions username = 
22:31:14   UPDATING data to tables `log_login` fields ( logout_time ) values (2020-12-28:21:31:14) on conditions id =  AND username = 
22:42:33   UPDATING data to tables `time2vie_cirruscommon`.`login` fields ( login, last_time ) values (0, 2020-12-28 22:42:33) on conditions username = 
22:42:33   UPDATING data to tables `log_login` fields ( logout_time ) values (2020-12-28:21:42:33) on conditions id =  AND username = 
22:46:13   UPDATING data to tables `time2vie_cirruscommon`.`login` fields ( login, last_time ) values (0, 2020-12-28 22:46:13) on conditions username = 
22:46:13   UPDATING data to tables `log_login` fields ( logout_time ) values (2020-12-28:21:46:13) on conditions id =  AND username = 
23:29:39   UPDATING data to tables `time2vie_cirruscommon`.`login` fields ( login, last_time ) values (0, 2020-12-28 23:29:39) on conditions username = 
23:29:39   UPDATING data to tables `log_login` fields ( logout_time ) values (2020-12-28:22:29:39) on conditions id =  AND username = 
23:30:28   UPDATING data to tables `time2vie_cirruscommon`.`login` fields ( login, last_time ) values (0, 2020-12-28 23:30:28) on conditions username = 
23:30:28   UPDATING data to tables `log_login` fields ( logout_time ) values (2020-12-28:22:30:28) on conditions id =  AND username = 
