02:29:56   UPDATING data to tables `time2vie_cirruscommon`.`login` fields ( login, last_time ) values (0, 2020-09-06 02:29:56) on conditions username = 
02:29:56   UPDATING data to tables `log_login` fields ( logout_time ) values (2020-09-06:00:29:56) on conditions id =  AND username = 
02:30:36   UPDATING data to tables `time2vie_cirruscommon`.`login` fields ( login, last_time ) values (0, 2020-09-06 02:30:36) on conditions username = 
02:30:36   UPDATING data to tables `log_login` fields ( logout_time ) values (2020-09-06:00:30:36) on conditions id =  AND username = 
02:41:54   UPDATING data to tables `time2vie_cirruscommon`.`login` fields ( login, last_time ) values (0, 2020-09-06 02:41:54) on conditions username = 
02:41:54   UPDATING data to tables `log_login` fields ( logout_time ) values (2020-09-06:00:41:54) on conditions id =  AND username = 
02:43:18   UPDATING data to tables `time2vie_cirruscommon`.`login` fields ( login, last_time ) values (0, 2020-09-06 02:43:18) on conditions username = 
02:43:18   UPDATING data to tables `log_login` fields ( logout_time ) values (2020-09-06:00:43:18) on conditions id =  AND username = 
06:57:36   UPDATING data to tables `time2vie_cirruscommon`.`login` fields ( login, last_time ) values (0, 2020-09-06 06:57:36) on conditions username = 
06:57:36   UPDATING data to tables `log_login` fields ( logout_time ) values (2020-09-06:04:57:36) on conditions id =  AND username = 
07:46:39   UPDATING data to tables `time2vie_cirruscommon`.`login` fields ( login, last_time ) values (0, 2020-09-06 07:46:39) on conditions username = 
07:46:39   UPDATING data to tables `log_login` fields ( logout_time ) values (2020-09-06:05:46:39) on conditions id =  AND username = 
08:20:45   UPDATING data to tables `time2vie_cirruscommon`.`login` fields ( login, last_time ) values (0, 2020-09-06 08:20:45) on conditions username = 
08:20:45   UPDATING data to tables `log_login` fields ( logout_time ) values (2020-09-06:06:20:45) on conditions id =  AND username = 
08:20:55 mehe001  UPDATING data to tables `time2vie_cirruscommon`.`secondary_login` fields ( error ) values (1) on conditions username = mehe001 AND company_id = 8
08:21:08 mehe001  UPDATING data to tables `time2vie_cirruscommon`.`secondary_login` fields ( error ) values (2) on conditions username = mehe001 AND company_id = 8
08:21:22 mehe001  UPDATING data to tables `time2vie_cirruscommon`.`secondary_login` fields ( error ) values (3) on conditions username = mehe001 AND company_id = 8
08:21:31 mehe001  UPDATING data to tables `time2vie_cirruscommon`.`secondary_login` fields ( error ) values (4) on conditions username = mehe001 AND company_id = 8
08:21:34   UPDATING data to tables `time2vie_cirruscommon`.`login` fields ( login, last_time ) values (0, 2020-09-06 08:21:34) on conditions username = 
08:21:34   UPDATING data to tables `log_login` fields ( logout_time ) values (2020-09-06:06:21:34) on conditions id =  AND username = 
08:21:49 mehe001  UPDATING data to tables `time2vie_cirruscommon`.`secondary_login` fields ( error ) values (5) on conditions username = mehe001 AND company_id = 8
08:52:53   UPDATING data to tables `time2vie_cirruscommon`.`login` fields ( login, last_time ) values (0, 2020-09-06 08:52:53) on conditions username = 
08:52:53   UPDATING data to tables `log_login` fields ( logout_time ) values (2020-09-06:06:52:53) on conditions id =  AND username = 
09:04:09   UPDATING data to tables `time2vie_cirruscommon`.`login` fields ( login, last_time ) values (0, 2020-09-06 09:04:09) on conditions username = 
09:04:09   UPDATING data to tables `log_login` fields ( logout_time ) values (2020-09-06:07:04:09) on conditions id =  AND username = 
09:04:28 malu006  UPDATING data to tables `time2vie_cirruscommon`.`secondary_login` fields ( error ) values (1) on conditions username = malu006 AND company_id = 7
09:15:37   UPDATING data to tables `time2vie_cirruscommon`.`login` fields ( login, last_time ) values (0, 2020-09-06 09:15:37) on conditions username = 
09:15:37   UPDATING data to tables `log_login` fields ( logout_time ) values (2020-09-06:07:15:37) on conditions id =  AND username = 
09:17:32   UPDATING data to tables `time2vie_cirruscommon`.`login` fields ( login, last_time ) values (0, 2020-09-06 09:17:32) on conditions username = 
09:17:32   UPDATING data to tables `log_login` fields ( logout_time ) values (2020-09-06:07:17:32) on conditions id =  AND username = 
09:55:05   UPDATING data to tables `time2vie_cirruscommon`.`login` fields ( login, last_time ) values (0, 2020-09-06 09:55:05) on conditions username = 
09:55:05   UPDATING data to tables `log_login` fields ( logout_time ) values (2020-09-06:07:55:05) on conditions id =  AND username = 
10:10:02   UPDATING data to tables `log_login` fields ( logout_time ) values (2020-09-06:08:10:02) on conditions id = 184937 AND username = alba002
10:16:16   UPDATING data to tables `time2vie_cirruscommon`.`login` fields ( login, last_time ) values (0, 2020-09-06 10:16:16) on conditions username = 
10:16:16   UPDATING data to tables `log_login` fields ( logout_time ) values (2020-09-06:08:16:16) on conditions id =  AND username = 
10:18:25   UPDATING data to tables `time2vie_cirruscommon`.`login` fields ( login, last_time ) values (0, 2020-09-06 10:18:25) on conditions username = 
10:18:25   UPDATING data to tables `log_login` fields ( logout_time ) values (2020-09-06:08:18:25) on conditions id =  AND username = 
10:33:59   UPDATING data to tables `time2vie_cirruscommon`.`login` fields ( login, last_time ) values (0, 2020-09-06 10:33:59) on conditions username = 
10:33:59   UPDATING data to tables `log_login` fields ( logout_time ) values (2020-09-06:08:33:59) on conditions id =  AND username = 
10:41:19   UPDATING data to tables `time2vie_cirruscommon`.`login` fields ( login, last_time ) values (0, 2020-09-06 10:41:19) on conditions username = 
10:41:19   UPDATING data to tables `log_login` fields ( logout_time ) values (2020-09-06:08:41:19) on conditions id =  AND username = 
10:41:53 roav001  UPDATING data to tables `time2vie_cirruscommon`.`secondary_login` fields ( error ) values (1) on conditions username = roav001 AND company_id = 5
10:52:35   UPDATING data to tables `log_login` fields ( logout_time ) values (2020-09-06:08:52:35) on conditions id = 13524 AND username = mowa002
11:06:02   UPDATING data to tables `time2vie_cirruscommon`.`login` fields ( login, last_time ) values (0, 2020-09-06 11:06:02) on conditions username = 
11:06:02   UPDATING data to tables `log_login` fields ( logout_time ) values (2020-09-06:09:06:02) on conditions id =  AND username = 
11:15:13   UPDATING data to tables `log_login` fields ( logout_time ) values (2020-09-06:09:15:13) on conditions id = 184943 AND username = veja001
11:28:39   UPDATING data to tables `time2vie_cirruscommon`.`login` fields ( login, last_time ) values (0, 2020-09-06 11:28:39) on conditions username = 
11:28:39   UPDATING data to tables `log_login` fields ( logout_time ) values (2020-09-06:09:28:39) on conditions id =  AND username = 
11:29:25   UPDATING data to tables `time2vie_cirruscommon`.`secondary_login` fields ( error ) values (1) on conditions username = sulj001 AND company_id = 13
11:29:33   UPDATING data to tables `time2vie_cirruscommon`.`login` fields ( login, last_time ) values (0, 2020-09-06 11:29:33) on conditions username = 
11:29:33   UPDATING data to tables `log_login` fields ( logout_time ) values (2020-09-06:09:29:33) on conditions id =  AND username = 
11:34:21   UPDATING data to tables `time2vie_cirruscommon`.`login` fields ( login, last_time ) values (0, 2020-09-06 11:34:21) on conditions username = 
11:34:21   UPDATING data to tables `log_login` fields ( logout_time ) values (2020-09-06:09:34:21) on conditions id =  AND username = 
11:35:30   UPDATING data to tables `log_login` fields ( logout_time ) values (2020-09-06:09:35:30) on conditions id = 303068 AND username = evda006
11:47:48   UPDATING data to tables `time2vie_cirruscommon`.`login` fields ( login, last_time ) values (0, 2020-09-06 11:47:48) on conditions username = 
11:47:48   UPDATING data to tables `log_login` fields ( logout_time ) values (2020-09-06:09:47:48) on conditions id =  AND username = 
11:48:53   UPDATING data to tables `time2vie_cirruscommon`.`login` fields ( login, last_time ) values (0, 2020-09-06 11:48:53) on conditions username = 
11:48:53   UPDATING data to tables `log_login` fields ( logout_time ) values (2020-09-06:09:48:53) on conditions id =  AND username = 
11:50:07   UPDATING data to tables `time2vie_cirruscommon`.`login` fields ( login, last_time ) values (0, 2020-09-06 11:50:07) on conditions username = 
11:50:07   UPDATING data to tables `log_login` fields ( logout_time ) values (2020-09-06:09:50:07) on conditions id =  AND username = 
11:51:22   UPDATING data to tables `log_login` fields ( logout_time ) values (2020-09-06:09:51:22) on conditions id = 211203 AND username = elra002
12:03:04 anho001  UPDATING data to tables `time2vie_cirruscommon`.`secondary_login` fields ( error ) values (1) on conditions username = anho001 AND company_id = 7
12:07:25   UPDATING data to tables `time2vie_cirruscommon`.`login` fields ( login, last_time ) values (0, 2020-09-06 12:07:25) on conditions username = 
12:07:25   UPDATING data to tables `log_login` fields ( logout_time ) values (2020-09-06:10:07:25) on conditions id =  AND username = 
12:14:37   UPDATING data to tables `time2vie_cirruscommon`.`login` fields ( login, last_time ) values (0, 2020-09-06 12:14:37) on conditions username = 
12:14:37   UPDATING data to tables `log_login` fields ( logout_time ) values (2020-09-06:10:14:37) on conditions id =  AND username = 
12:14:46 anmi002  UPDATING data to tables `time2vie_cirruscommon`.`secondary_login` fields ( error ) values (1) on conditions username = anmi002 AND company_id = 5
12:30:33   UPDATING data to tables `time2vie_cirruscommon`.`login` fields ( login, last_time ) values (0, 2020-09-06 12:30:33) on conditions username = 
12:30:33   UPDATING data to tables `log_login` fields ( logout_time ) values (2020-09-06:10:30:33) on conditions id =  AND username = 
12:31:20   UPDATING data to tables `time2vie_cirruscommon`.`login` fields ( login, last_time ) values (0, 2020-09-06 12:31:20) on conditions username = 
12:31:20   UPDATING data to tables `log_login` fields ( logout_time ) values (2020-09-06:10:31:20) on conditions id =  AND username = 
13:08:58   UPDATING data to tables `time2vie_cirruscommon`.`login` fields ( login, last_time ) values (0, 2020-09-06 13:08:58) on conditions username = 
13:08:58   UPDATING data to tables `log_login` fields ( logout_time ) values (2020-09-06:11:08:58) on conditions id =  AND username = 
14:13:58   UPDATING data to tables `time2vie_cirruscommon`.`login` fields ( login, last_time ) values (0, 2020-09-06 14:13:58) on conditions username = 
14:13:58   UPDATING data to tables `log_login` fields ( logout_time ) values (2020-09-06:12:13:58) on conditions id =  AND username = 
14:14:11 adsj002  UPDATING data to tables `time2vie_cirruscommon`.`secondary_login` fields ( error ) values (1) on conditions username = adsj002 AND company_id = 7
14:23:47   UPDATING data to tables `time2vie_cirruscommon`.`login` fields ( login, last_time ) values (0, 2020-09-06 14:23:47) on conditions username = 
14:23:47   UPDATING data to tables `log_login` fields ( logout_time ) values (2020-09-06:12:23:47) on conditions id =  AND username = 
14:23:55 muki001  UPDATING data to tables `time2vie_cirruscommon`.`secondary_login` fields ( error ) values (1) on conditions username = muki001 AND company_id = 4
15:15:22   UPDATING data to tables `time2vie_cirruscommon`.`login` fields ( login, last_time ) values (0, 2020-09-06 15:15:22) on conditions username = 
15:15:22   UPDATING data to tables `log_login` fields ( logout_time ) values (2020-09-06:13:15:22) on conditions id =  AND username = 
15:32:43   UPDATING data to tables `time2vie_cirruscommon`.`login` fields ( login, last_time ) values (0, 2020-09-06 15:32:43) on conditions username = 
15:32:43   UPDATING data to tables `log_login` fields ( logout_time ) values (2020-09-06:13:32:43) on conditions id =  AND username = 
15:32:48 besj003  UPDATING data to tables `time2vie_cirruscommon`.`secondary_login` fields ( error ) values (1) on conditions username = besj003 AND company_id = 13
15:38:47   UPDATING data to tables `time2vie_cirruscommon`.`login` fields ( login, last_time ) values (0, 2020-09-06 15:38:47) on conditions username = 
15:38:47   UPDATING data to tables `log_login` fields ( logout_time ) values (2020-09-06:13:38:47) on conditions id =  AND username = 
15:42:47   UPDATING data to tables `time2vie_cirruscommon`.`login` fields ( login, last_time ) values (0, 2020-09-06 15:42:47) on conditions username = 
15:42:47   UPDATING data to tables `log_login` fields ( logout_time ) values (2020-09-06:13:42:47) on conditions id =  AND username = 
15:57:27   UPDATING data to tables `time2vie_cirruscommon`.`login` fields ( login, last_time ) values (0, 2020-09-06 15:57:27) on conditions username = 
15:57:27   UPDATING data to tables `log_login` fields ( logout_time ) values (2020-09-06:13:57:27) on conditions id =  AND username = 
15:59:41   UPDATING data to tables `time2vie_cirruscommon`.`login` fields ( login, last_time ) values (0, 2020-09-06 15:59:41) on conditions username = 
15:59:41   UPDATING data to tables `log_login` fields ( logout_time ) values (2020-09-06:13:59:41) on conditions id =  AND username = 
16:01:25   UPDATING data to tables `time2vie_cirruscommon`.`login` fields ( login, last_time ) values (0, 2020-09-06 16:01:25) on conditions username = 
16:01:25   UPDATING data to tables `log_login` fields ( logout_time ) values (2020-09-06:14:01:25) on conditions id =  AND username = 
16:04:27   UPDATING data to tables `time2vie_cirruscommon`.`secondary_login` fields ( error ) values (1) on conditions username = sawa002 AND company_id = 8
16:04:55   UPDATING data to tables `time2vie_cirruscommon`.`secondary_login` fields ( error ) values (1) on conditions username = sawa002 AND company_id = 8
16:09:07   UPDATING data to tables `time2vie_cirruscommon`.`login` fields ( login, last_time ) values (0, 2020-09-06 16:09:07) on conditions username = 
16:09:07   UPDATING data to tables `log_login` fields ( logout_time ) values (2020-09-06:14:09:07) on conditions id =  AND username = 
16:09:17 beto001  UPDATING data to tables `time2vie_cirruscommon`.`secondary_login` fields ( error ) values (1) on conditions username = beto001 AND company_id = 9
16:18:32   UPDATING data to tables `time2vie_cirruscommon`.`login` fields ( login, last_time ) values (0, 2020-09-06 16:18:32) on conditions username = 
16:18:32   UPDATING data to tables `log_login` fields ( logout_time ) values (2020-09-06:14:18:32) on conditions id =  AND username = 
16:18:57 feza001  UPDATING data to tables `time2vie_cirruscommon`.`secondary_login` fields ( error ) values (1) on conditions username = feza001 AND company_id = 3
16:18:59 feza001  UPDATING data to tables `time2vie_cirruscommon`.`secondary_login` fields ( error ) values (2) on conditions username = feza001 AND company_id = 3
16:20:09   UPDATING data to tables `time2vie_cirruscommon`.`login` fields ( login, last_time ) values (0, 2020-09-06 16:20:09) on conditions username = 
16:20:09   UPDATING data to tables `log_login` fields ( logout_time ) values (2020-09-06:14:20:09) on conditions id =  AND username = 
17:15:40   UPDATING data to tables `time2vie_cirruscommon`.`login` fields ( login, last_time ) values (0, 2020-09-06 17:15:40) on conditions username = 
17:15:40   UPDATING data to tables `log_login` fields ( logout_time ) values (2020-09-06:15:15:40) on conditions id =  AND username = 
17:15:56 kido001  UPDATING data to tables `time2vie_cirruscommon`.`secondary_login` fields ( error ) values (1) on conditions username = kido001 AND company_id = 13
17:17:01   UPDATING data to tables `time2vie_cirruscommon`.`login` fields ( login, last_time ) values (0, 2020-09-06 17:17:01) on conditions username = 
17:17:01   UPDATING data to tables `log_login` fields ( logout_time ) values (2020-09-06:15:17:01) on conditions id =  AND username = 
17:18:25   UPDATING data to tables `time2vie_cirruscommon`.`login` fields ( login, last_time ) values (0, 2020-09-06 17:18:25) on conditions username = 
17:18:25   UPDATING data to tables `log_login` fields ( logout_time ) values (2020-09-06:15:18:25) on conditions id =  AND username = 
17:28:05   UPDATING data to tables `time2vie_cirruscommon`.`login` fields ( login, last_time ) values (0, 2020-09-06 17:28:05) on conditions username = 
17:28:05   UPDATING data to tables `log_login` fields ( logout_time ) values (2020-09-06:15:28:05) on conditions id =  AND username = 
17:35:36   UPDATING data to tables `time2vie_cirruscommon`.`login` fields ( login, last_time ) values (0, 2020-09-06 17:35:36) on conditions username = 
17:35:36   UPDATING data to tables `log_login` fields ( logout_time ) values (2020-09-06:15:35:36) on conditions id =  AND username = 
17:37:04   UPDATING data to tables `time2vie_cirruscommon`.`login` fields ( login, last_time ) values (0, 2020-09-06 17:37:04) on conditions username = 
17:37:04   UPDATING data to tables `log_login` fields ( logout_time ) values (2020-09-06:15:37:04) on conditions id =  AND username = 
17:43:37   UPDATING data to tables `time2vie_cirruscommon`.`login` fields ( login, last_time ) values (0, 2020-09-06 17:43:37) on conditions username = 
17:43:37   UPDATING data to tables `log_login` fields ( logout_time ) values (2020-09-06:15:43:37) on conditions id =  AND username = 
17:44:30   UPDATING data to tables `time2vie_cirruscommon`.`login` fields ( login, last_time ) values (0, 2020-09-06 17:44:30) on conditions username = 
17:44:30   UPDATING data to tables `log_login` fields ( logout_time ) values (2020-09-06:15:44:30) on conditions id =  AND username = 
17:45:03   UPDATING data to tables `time2vie_cirruscommon`.`login` fields ( login, last_time ) values (0, 2020-09-06 17:45:03) on conditions username = 
17:45:03   UPDATING data to tables `log_login` fields ( logout_time ) values (2020-09-06:15:45:03) on conditions id =  AND username = 
17:56:46   UPDATING data to tables `time2vie_cirruscommon`.`login` fields ( login, last_time ) values (0, 2020-09-06 17:56:46) on conditions username = 
17:56:46   UPDATING data to tables `log_login` fields ( logout_time ) values (2020-09-06:15:56:46) on conditions id =  AND username = 
18:16:56   UPDATING data to tables `time2vie_cirruscommon`.`login` fields ( login, last_time ) values (0, 2020-09-06 18:16:56) on conditions username = 
18:16:56   UPDATING data to tables `log_login` fields ( logout_time ) values (2020-09-06:16:16:56) on conditions id =  AND username = 
18:30:53   UPDATING data to tables `time2vie_cirruscommon`.`login` fields ( login, last_time ) values (0, 2020-09-06 18:30:53) on conditions username = 
18:30:53   UPDATING data to tables `log_login` fields ( logout_time ) values (2020-09-06:16:30:53) on conditions id =  AND username = 
18:37:57   UPDATING data to tables `time2vie_cirruscommon`.`login` fields ( login, last_time ) values (0, 2020-09-06 18:37:57) on conditions username = 
18:37:57   UPDATING data to tables `log_login` fields ( logout_time ) values (2020-09-06:16:37:57) on conditions id =  AND username = 
18:52:30   UPDATING data to tables `time2vie_cirruscommon`.`login` fields ( login, last_time ) values (0, 2020-09-06 18:52:30) on conditions username = 
18:52:30   UPDATING data to tables `log_login` fields ( logout_time ) values (2020-09-06:16:52:30) on conditions id =  AND username = 
19:00:39   UPDATING data to tables `time2vie_cirruscommon`.`login` fields ( login, last_time ) values (0, 2020-09-06 19:00:39) on conditions username = 
19:00:39   UPDATING data to tables `log_login` fields ( logout_time ) values (2020-09-06:17:00:39) on conditions id =  AND username = 
19:04:07   UPDATING data to tables `time2vie_cirruscommon`.`login` fields ( login, last_time ) values (0, 2020-09-06 19:04:07) on conditions username = 
19:04:07   UPDATING data to tables `log_login` fields ( logout_time ) values (2020-09-06:17:04:07) on conditions id =  AND username = 
19:08:00   UPDATING data to tables `time2vie_cirruscommon`.`login` fields ( login, last_time ) values (0, 2020-09-06 19:08:00) on conditions username = 
19:08:00   UPDATING data to tables `log_login` fields ( logout_time ) values (2020-09-06:17:08:00) on conditions id =  AND username = 
19:08:21 toas001  UPDATING data to tables `time2vie_cirruscommon`.`secondary_login` fields ( error ) values (17) on conditions username = toas001 AND company_id = 9
19:16:41   UPDATING data to tables `time2vie_cirruscommon`.`login` fields ( login, last_time ) values (0, 2020-09-06 19:16:41) on conditions username = 
19:16:41   UPDATING data to tables `log_login` fields ( logout_time ) values (2020-09-06:17:16:41) on conditions id =  AND username = 
19:18:08   UPDATING data to tables `time2vie_cirruscommon`.`login` fields ( login, last_time ) values (0, 2020-09-06 19:18:08) on conditions username = 
19:18:08   UPDATING data to tables `log_login` fields ( logout_time ) values (2020-09-06:17:18:08) on conditions id =  AND username = 
19:25:29   UPDATING data to tables `log_login` fields ( logout_time ) values (2020-09-06:17:25:29) on conditions id = 211233 AND username = pipe003
20:23:27   UPDATING data to tables `time2vie_cirruscommon`.`login` fields ( login, last_time ) values (0, 2020-09-06 20:23:27) on conditions username = 
20:23:27   UPDATING data to tables `log_login` fields ( logout_time ) values (2020-09-06:18:23:27) on conditions id =  AND username = 
20:50:01   UPDATING data to tables `time2vie_cirruscommon`.`secondary_login` fields ( error ) values (1) on conditions username = stsv001 AND company_id = 7
21:22:07   UPDATING data to tables `time2vie_cirruscommon`.`login` fields ( login, last_time ) values (0, 2020-09-06 21:22:07) on conditions username = 
21:22:07   UPDATING data to tables `log_login` fields ( logout_time ) values (2020-09-06:19:22:07) on conditions id =  AND username = 
21:46:30   UPDATING data to tables `time2vie_cirruscommon`.`login` fields ( login, last_time ) values (0, 2020-09-06 21:46:30) on conditions username = 
21:46:30   UPDATING data to tables `log_login` fields ( logout_time ) values (2020-09-06:19:46:30) on conditions id =  AND username = 
21:46:46 bema001  UPDATING data to tables `time2vie_cirruscommon`.`secondary_login` fields ( error ) values (1) on conditions username = bema001 AND company_id = 8
22:06:37   UPDATING data to tables `time2vie_cirruscommon`.`login` fields ( login, last_time ) values (0, 2020-09-06 22:06:37) on conditions username = 
22:06:37   UPDATING data to tables `log_login` fields ( logout_time ) values (2020-09-06:20:06:37) on conditions id =  AND username = 
22:06:53 eris001  UPDATING data to tables `time2vie_cirruscommon`.`secondary_login` fields ( error ) values (8) on conditions username = eris001 AND company_id = 9
22:06:55 eris001  UPDATING data to tables `time2vie_cirruscommon`.`secondary_login` fields ( error ) values (9) on conditions username = eris001 AND company_id = 9
22:12:20   UPDATING data to tables `time2vie_cirruscommon`.`login` fields ( login, last_time ) values (0, 2020-09-06 22:12:20) on conditions username = 
22:12:20   UPDATING data to tables `log_login` fields ( logout_time ) values (2020-09-06:20:12:20) on conditions id =  AND username = 
22:12:37   UPDATING data to tables `time2vie_cirruscommon`.`login` fields ( login, last_time ) values (0, 2020-09-06 22:12:37) on conditions username = 
22:12:37   UPDATING data to tables `log_login` fields ( logout_time ) values (2020-09-06:20:12:37) on conditions id =  AND username = 
22:12:38 sope001  UPDATING data to tables `time2vie_cirruscommon`.`secondary_login` fields ( error ) values (1) on conditions username = sope001 AND company_id = 8
22:16:11   UPDATING data to tables `time2vie_cirruscommon`.`login` fields ( login, last_time ) values (0, 2020-09-06 22:16:11) on conditions username = 
22:16:11   UPDATING data to tables `log_login` fields ( logout_time ) values (2020-09-06:20:16:11) on conditions id =  AND username = 
22:19:33   UPDATING data to tables `time2vie_cirruscommon`.`secondary_login` fields ( error ) values (1) on conditions username = masa011 AND company_id = 9
22:44:04   UPDATING data to tables `time2vie_cirruscommon`.`login` fields ( login, last_time ) values (0, 2020-09-06 22:44:04) on conditions username = 
22:44:04   UPDATING data to tables `log_login` fields ( logout_time ) values (2020-09-06:20:44:04) on conditions id =  AND username = 
22:44:46 mico001  UPDATING data to tables `time2vie_cirruscommon`.`secondary_login` fields ( error ) values (1) on conditions username = mico001 AND company_id = 8
22:46:25   UPDATING data to tables `time2vie_cirruscommon`.`login` fields ( login, last_time ) values (0, 2020-09-06 22:46:25) on conditions username = 
22:46:25   UPDATING data to tables `log_login` fields ( logout_time ) values (2020-09-06:20:46:25) on conditions id =  AND username = 
23:10:02   UPDATING data to tables `time2vie_cirruscommon`.`login` fields ( login, last_time ) values (0, 2020-09-06 23:10:02) on conditions username = 
23:10:02   UPDATING data to tables `log_login` fields ( logout_time ) values (2020-09-06:21:10:02) on conditions id =  AND username = 
23:10:14   UPDATING data to tables `time2vie_cirruscommon`.`login` fields ( login, last_time ) values (0, 2020-09-06 23:10:14) on conditions username = 
23:10:14   UPDATING data to tables `log_login` fields ( logout_time ) values (2020-09-06:21:10:14) on conditions id =  AND username = 
23:12:32   UPDATING data to tables `time2vie_cirruscommon`.`login` fields ( login, last_time ) values (0, 2020-09-06 23:12:32) on conditions username = 
23:12:32   UPDATING data to tables `log_login` fields ( logout_time ) values (2020-09-06:21:12:32) on conditions id =  AND username = 
00:16:12   UPDATING data to tables `time2vie_cirruscommon`.`login` fields ( login, last_time ) values (0, 2020-09-07 00:16:12) on conditions username = 
00:16:12   UPDATING data to tables `log_login` fields ( logout_time ) values (2020-09-06:22:16:12) on conditions id =  AND username = 
