07:16:23   UPDATING data to tables `time2vie_cirruscommon`.`secondary_login` fields ( error ) values (1) on conditions username = thwo001 AND company_id = 7
07:36:03   UPDATING data to tables `time2vie_cirruscommon`.`login` fields ( login, last_time ) values (0, 2020-10-03 07:36:03) on conditions username = 
07:36:03   UPDATING data to tables `log_login` fields ( logout_time ) values (2020-10-03:05:36:03) on conditions id =  AND username = 
07:44:36   UPDATING data to tables `time2vie_cirruscommon`.`login` fields ( login, last_time ) values (0, 2020-10-03 07:44:36) on conditions username = 
07:44:36   UPDATING data to tables `log_login` fields ( logout_time ) values (2020-10-03:05:44:36) on conditions id =  AND username = 
07:47:26   UPDATING data to tables `time2vie_cirruscommon`.`login` fields ( login, last_time ) values (0, 2020-10-03 07:47:26) on conditions username = 
07:47:26   UPDATING data to tables `log_login` fields ( logout_time ) values (2020-10-03:05:47:26) on conditions id =  AND username = 
08:22:39   UPDATING data to tables `time2vie_cirruscommon`.`login` fields ( login, last_time ) values (0, 2020-10-03 08:22:39) on conditions username = 
08:22:39   UPDATING data to tables `log_login` fields ( logout_time ) values (2020-10-03:06:22:39) on conditions id =  AND username = 
08:31:05   UPDATING data to tables `time2vie_cirruscommon`.`login` fields ( login, last_time ) values (0, 2020-10-03 08:31:05) on conditions username = 
08:31:05   UPDATING data to tables `log_login` fields ( logout_time ) values (2020-10-03:06:31:05) on conditions id =  AND username = 
08:31:16 armu001  UPDATING data to tables `time2vie_cirruscommon`.`secondary_login` fields ( error ) values (1) on conditions username = armu001 AND company_id = 13
08:59:31   UPDATING data to tables `time2vie_cirruscommon`.`secondary_login` fields ( error ) values (1) on conditions username = suot001 AND company_id = 8
09:00:16   UPDATING data to tables `time2vie_cirruscommon`.`login` fields ( login, last_time ) values (0, 2020-10-03 09:00:16) on conditions username = 
09:00:16   UPDATING data to tables `log_login` fields ( logout_time ) values (2020-10-03:07:00:16) on conditions id =  AND username = 
09:17:18   UPDATING data to tables `time2vie_cirruscommon`.`secondary_login` fields ( error ) values (1) on conditions username = besl001 AND company_id = 3
09:18:13   UPDATING data to tables `time2vie_cirruscommon`.`login` fields ( login, last_time ) values (0, 2020-10-03 09:18:13) on conditions username = 
09:18:13   UPDATING data to tables `log_login` fields ( logout_time ) values (2020-10-03:07:18:13) on conditions id =  AND username = 
09:18:28 mala008  UPDATING data to tables `time2vie_cirruscommon`.`secondary_login` fields ( error ) values (1) on conditions username = mala008 AND company_id = 9
09:20:10   UPDATING data to tables `time2vie_cirruscommon`.`login` fields ( login, last_time ) values (0, 2020-10-03 09:20:10) on conditions username = 
09:20:10   UPDATING data to tables `log_login` fields ( logout_time ) values (2020-10-03:07:20:10) on conditions id =  AND username = 
09:23:23   UPDATING data to tables `log_login` fields ( logout_time ) values (2020-10-03:07:23:23) on conditions id = 309212 AND username = mala008
09:47:21   UPDATING data to tables `time2vie_cirruscommon`.`login` fields ( login, last_time ) values (0, 2020-10-03 09:47:21) on conditions username = 
09:47:21   UPDATING data to tables `log_login` fields ( logout_time ) values (2020-10-03:07:47:21) on conditions id =  AND username = 
09:49:04   UPDATING data to tables `log_login` fields ( logout_time ) values (2020-10-03:07:49:04) on conditions id = 40564 AND username = lono005
10:15:42   UPDATING data to tables `time2vie_cirruscommon`.`login` fields ( login, last_time ) values (0, 2020-10-03 10:15:42) on conditions username = 
10:15:42   UPDATING data to tables `log_login` fields ( logout_time ) values (2020-10-03:08:15:42) on conditions id =  AND username = 
10:21:20   UPDATING data to tables `time2vie_cirruscommon`.`secondary_login` fields ( error ) values (1) on conditions username = suot001 AND company_id = 8
10:26:49   UPDATING data to tables `time2vie_cirruscommon`.`login` fields ( login, last_time ) values (0, 2020-10-03 10:26:49) on conditions username = 
10:26:49   UPDATING data to tables `log_login` fields ( logout_time ) values (2020-10-03:08:26:49) on conditions id =  AND username = 
10:27:20 ezkr001  UPDATING data to tables `time2vie_cirruscommon`.`secondary_login` fields ( error ) values (10) on conditions username = ezkr001 AND company_id = 3
10:27:45 ezkr001  UPDATING data to tables `time2vie_cirruscommon`.`secondary_login` fields ( error ) values (11) on conditions username = ezkr001 AND company_id = 3
10:33:10   UPDATING data to tables `time2vie_cirruscommon`.`login` fields ( login, last_time ) values (0, 2020-10-03 10:33:10) on conditions username = 
10:33:10   UPDATING data to tables `log_login` fields ( logout_time ) values (2020-10-03:08:33:10) on conditions id =  AND username = 
10:37:21   UPDATING data to tables `time2vie_cirruscommon`.`login` fields ( login, last_time ) values (0, 2020-10-03 10:37:21) on conditions username = 
10:37:21   UPDATING data to tables `log_login` fields ( logout_time ) values (2020-10-03:08:37:21) on conditions id =  AND username = 
10:40:03   UPDATING data to tables `time2vie_cirruscommon`.`login` fields ( login, last_time ) values (0, 2020-10-03 10:40:03) on conditions username = 
10:40:03   UPDATING data to tables `log_login` fields ( logout_time ) values (2020-10-03:08:40:03) on conditions id =  AND username = 
10:42:52   UPDATING data to tables `time2vie_cirruscommon`.`login` fields ( login, last_time ) values (0, 2020-10-03 10:42:52) on conditions username = 
10:42:52   UPDATING data to tables `log_login` fields ( logout_time ) values (2020-10-03:08:42:52) on conditions id =  AND username = 
10:44:49   UPDATING data to tables `time2vie_cirruscommon`.`login` fields ( login, last_time ) values (0, 2020-10-03 10:44:49) on conditions username = 
10:44:49   UPDATING data to tables `log_login` fields ( logout_time ) values (2020-10-03:08:44:49) on conditions id =  AND username = 
10:47:07   UPDATING data to tables `time2vie_cirruscommon`.`login` fields ( login, last_time ) values (0, 2020-10-03 10:47:07) on conditions username = 
10:47:07   UPDATING data to tables `log_login` fields ( logout_time ) values (2020-10-03:08:47:07) on conditions id =  AND username = 
10:53:04   UPDATING data to tables `time2vie_cirruscommon`.`login` fields ( login, last_time ) values (0, 2020-10-03 10:53:04) on conditions username = 
10:53:04   UPDATING data to tables `log_login` fields ( logout_time ) values (2020-10-03:08:53:04) on conditions id =  AND username = 
11:09:00   UPDATING data to tables `time2vie_cirruscommon`.`login` fields ( login, last_time ) values (0, 2020-10-03 11:09:00) on conditions username = 
11:09:00   UPDATING data to tables `log_login` fields ( logout_time ) values (2020-10-03:09:09:00) on conditions id =  AND username = 
11:30:41   UPDATING data to tables `time2vie_cirruscommon`.`login` fields ( login, last_time ) values (0, 2020-10-03 11:30:41) on conditions username = 
11:30:41   UPDATING data to tables `log_login` fields ( logout_time ) values (2020-10-03:09:30:41) on conditions id =  AND username = 
11:40:19   UPDATING data to tables `log_login` fields ( logout_time ) values (2020-10-03:09:40:19) on conditions id = 261875 AND username = makv002
11:52:22   UPDATING data to tables `time2vie_cirruscommon`.`login` fields ( login, last_time ) values (0, 2020-10-03 11:52:22) on conditions username = 
11:52:22   UPDATING data to tables `log_login` fields ( logout_time ) values (2020-10-03:09:52:22) on conditions id =  AND username = 
12:06:40   UPDATING data to tables `time2vie_cirruscommon`.`login` fields ( login, last_time ) values (0, 2020-10-03 12:06:40) on conditions username = 
12:06:40   UPDATING data to tables `log_login` fields ( logout_time ) values (2020-10-03:10:06:40) on conditions id =  AND username = 
12:10:48   UPDATING data to tables `log_login` fields ( logout_time ) values (2020-10-03:10:10:48) on conditions id = 40568 AND username = lafi001
12:13:16   UPDATING data to tables `time2vie_cirruscommon`.`login` fields ( login, last_time ) values (0, 2020-10-03 12:13:16) on conditions username = 
12:13:16   UPDATING data to tables `log_login` fields ( logout_time ) values (2020-10-03:10:13:16) on conditions id =  AND username = 
12:17:04   UPDATING data to tables `log_login` fields ( logout_time ) values (2020-10-03:10:17:04) on conditions id = 40570 AND username = lafi001
12:24:48   UPDATING data to tables `log_login` fields ( logout_time ) values (2020-10-03:10:24:48) on conditions id = 40571 AND username = lafi001
12:46:38   UPDATING data to tables `time2vie_cirruscommon`.`login` fields ( login, last_time ) values (0, 2020-10-03 12:46:38) on conditions username = 
12:46:38   UPDATING data to tables `log_login` fields ( logout_time ) values (2020-10-03:10:46:38) on conditions id =  AND username = 
13:26:52   UPDATING data to tables `time2vie_cirruscommon`.`login` fields ( login, last_time ) values (0, 2020-10-03 13:26:52) on conditions username = 
13:26:52   UPDATING data to tables `log_login` fields ( logout_time ) values (2020-10-03:11:26:52) on conditions id =  AND username = 
13:27:08   UPDATING data to tables `time2vie_cirruscommon`.`login` fields ( login, last_time ) values (0, 2020-10-03 13:27:08) on conditions username = 
13:27:08   UPDATING data to tables `log_login` fields ( logout_time ) values (2020-10-03:11:27:08) on conditions id =  AND username = 
13:27:24   UPDATING data to tables `time2vie_cirruscommon`.`login` fields ( login, last_time ) values (0, 2020-10-03 13:27:24) on conditions username = 
13:27:24   UPDATING data to tables `log_login` fields ( logout_time ) values (2020-10-03:11:27:24) on conditions id =  AND username = 
13:30:37   UPDATING data to tables `time2vie_cirruscommon`.`login` fields ( login, last_time ) values (0, 2020-10-03 13:30:37) on conditions username = 
13:30:37   UPDATING data to tables `log_login` fields ( logout_time ) values (2020-10-03:11:30:37) on conditions id =  AND username = 
13:39:48 fusl001  UPDATING data to tables `time2vie_cirruscommon`.`secondary_login` fields ( error ) values (1) on conditions username = fusl001 AND company_id = 3
13:51:17   UPDATING data to tables `time2vie_cirruscommon`.`login` fields ( login, last_time ) values (0, 2020-10-03 13:51:17) on conditions username = 
13:51:17   UPDATING data to tables `log_login` fields ( logout_time ) values (2020-10-03:11:51:17) on conditions id =  AND username = 
13:59:43   UPDATING data to tables `time2vie_cirruscommon`.`secondary_login` fields ( error ) values (1) on conditions username = zaal005 AND company_id = 8
15:05:51   UPDATING data to tables `time2vie_cirruscommon`.`login` fields ( login, last_time ) values (0, 2020-10-03 15:05:51) on conditions username = 
15:05:51   UPDATING data to tables `log_login` fields ( logout_time ) values (2020-10-03:13:05:51) on conditions id =  AND username = 
15:06:56   UPDATING data to tables `time2vie_cirruscommon`.`login` fields ( login, last_time ) values (0, 2020-10-03 15:06:56) on conditions username = 
15:06:56   UPDATING data to tables `log_login` fields ( logout_time ) values (2020-10-03:13:06:56) on conditions id =  AND username = 
15:20:14   UPDATING data to tables `time2vie_cirruscommon`.`login` fields ( login, last_time ) values (0, 2020-10-03 15:20:14) on conditions username = 
15:20:14   UPDATING data to tables `log_login` fields ( logout_time ) values (2020-10-03:13:20:14) on conditions id =  AND username = 
15:30:16   UPDATING data to tables `time2vie_cirruscommon`.`login` fields ( login, last_time ) values (0, 2020-10-03 15:30:16) on conditions username = 
15:30:16   UPDATING data to tables `log_login` fields ( logout_time ) values (2020-10-03:13:30:16) on conditions id =  AND username = 
15:35:13   UPDATING data to tables `time2vie_cirruscommon`.`login` fields ( login, last_time ) values (0, 2020-10-03 15:35:13) on conditions username = 
15:35:13   UPDATING data to tables `log_login` fields ( logout_time ) values (2020-10-03:13:35:13) on conditions id =  AND username = 
15:46:39   UPDATING data to tables `time2vie_cirruscommon`.`login` fields ( login, last_time ) values (0, 2020-10-03 15:46:39) on conditions username = 
15:46:39   UPDATING data to tables `log_login` fields ( logout_time ) values (2020-10-03:13:46:39) on conditions id =  AND username = 
15:51:33   UPDATING data to tables `time2vie_cirruscommon`.`login` fields ( login, last_time ) values (0, 2020-10-03 15:51:33) on conditions username = 
15:51:33   UPDATING data to tables `log_login` fields ( logout_time ) values (2020-10-03:13:51:33) on conditions id =  AND username = 
16:30:48   UPDATING data to tables `time2vie_cirruscommon`.`login` fields ( login, last_time ) values (0, 2020-10-03 16:30:48) on conditions username = 
16:30:48   UPDATING data to tables `log_login` fields ( logout_time ) values (2020-10-03:14:30:48) on conditions id =  AND username = 
16:34:55   UPDATING data to tables `time2vie_cirruscommon`.`login` fields ( login, last_time ) values (0, 2020-10-03 16:34:55) on conditions username = 
16:34:55   UPDATING data to tables `log_login` fields ( logout_time ) values (2020-10-03:14:34:55) on conditions id =  AND username = 
16:35:53   UPDATING data to tables `time2vie_cirruscommon`.`login` fields ( login, last_time ) values (0, 2020-10-03 16:35:53) on conditions username = 
16:35:53   UPDATING data to tables `log_login` fields ( logout_time ) values (2020-10-03:14:35:53) on conditions id =  AND username = 
16:36:30   UPDATING data to tables `time2vie_cirruscommon`.`login` fields ( login, last_time ) values (0, 2020-10-03 16:36:30) on conditions username = 
16:36:30   UPDATING data to tables `log_login` fields ( logout_time ) values (2020-10-03:14:36:30) on conditions id =  AND username = 
17:08:34   UPDATING data to tables `time2vie_cirruscommon`.`login` fields ( login, last_time ) values (0, 2020-10-03 17:08:34) on conditions username = 
17:08:34   UPDATING data to tables `log_login` fields ( logout_time ) values (2020-10-03:15:08:34) on conditions id =  AND username = 
17:11:46   UPDATING data to tables `time2vie_cirruscommon`.`secondary_login` fields ( error ) values (1) on conditions username = alta002 AND company_id = 9
17:14:08   UPDATING data to tables `time2vie_cirruscommon`.`login` fields ( login, last_time ) values (0, 2020-10-03 17:14:08) on conditions username = 
17:14:08   UPDATING data to tables `log_login` fields ( logout_time ) values (2020-10-03:15:14:08) on conditions id =  AND username = 
17:38:46   UPDATING data to tables `time2vie_cirruscommon`.`login` fields ( login, last_time ) values (0, 2020-10-03 17:38:46) on conditions username = 
17:38:46   UPDATING data to tables `log_login` fields ( logout_time ) values (2020-10-03:15:38:46) on conditions id =  AND username = 
17:49:03   UPDATING data to tables `time2vie_cirruscommon`.`login` fields ( login, last_time ) values (0, 2020-10-03 17:49:02) on conditions username = 
17:49:03   UPDATING data to tables `log_login` fields ( logout_time ) values (2020-10-03:15:49:03) on conditions id =  AND username = 
17:50:50   UPDATING data to tables `time2vie_cirruscommon`.`login` fields ( login, last_time ) values (0, 2020-10-03 17:50:50) on conditions username = 
17:50:50   UPDATING data to tables `log_login` fields ( logout_time ) values (2020-10-03:15:50:50) on conditions id =  AND username = 
18:08:07   UPDATING data to tables `log_login` fields ( logout_time ) values (2020-10-03:16:08:07) on conditions id = 53693 AND username = pera001
19:13:12   UPDATING data to tables `time2vie_cirruscommon`.`login` fields ( login, last_time ) values (0, 2020-10-03 19:13:12) on conditions username = 
19:13:12   UPDATING data to tables `log_login` fields ( logout_time ) values (2020-10-03:17:13:12) on conditions id =  AND username = 
19:19:45   UPDATING data to tables `time2vie_cirruscommon`.`login` fields ( login, last_time ) values (0, 2020-10-03 19:19:45) on conditions username = 
19:19:45   UPDATING data to tables `log_login` fields ( logout_time ) values (2020-10-03:17:19:45) on conditions id =  AND username = 
19:43:26   UPDATING data to tables `time2vie_cirruscommon`.`login` fields ( login, last_time ) values (0, 2020-10-03 19:43:26) on conditions username = 
19:43:26   UPDATING data to tables `log_login` fields ( logout_time ) values (2020-10-03:17:43:26) on conditions id =  AND username = 
19:47:40   UPDATING data to tables `time2vie_cirruscommon`.`login` fields ( login, last_time ) values (0, 2020-10-03 19:47:40) on conditions username = 
19:47:40   UPDATING data to tables `log_login` fields ( logout_time ) values (2020-10-03:17:47:40) on conditions id =  AND username = 
19:54:30   UPDATING data to tables `time2vie_cirruscommon`.`login` fields ( login, last_time ) values (0, 2020-10-03 19:54:30) on conditions username = 
19:54:30   UPDATING data to tables `log_login` fields ( logout_time ) values (2020-10-03:17:54:30) on conditions id =  AND username = 
20:02:14   UPDATING data to tables `time2vie_cirruscommon`.`login` fields ( login, last_time ) values (0, 2020-10-03 20:02:14) on conditions username = 
20:02:14   UPDATING data to tables `log_login` fields ( logout_time ) values (2020-10-03:18:02:14) on conditions id =  AND username = 
20:14:59   UPDATING data to tables `time2vie_cirruscommon`.`secondary_login` fields ( error ) values (1) on conditions username = stsv001 AND company_id = 7
20:18:57   UPDATING data to tables `time2vie_cirruscommon`.`login` fields ( login, last_time ) values (0, 2020-10-03 20:18:57) on conditions username = 
20:18:57   UPDATING data to tables `log_login` fields ( logout_time ) values (2020-10-03:18:18:57) on conditions id =  AND username = 
20:19:16   UPDATING data to tables `time2vie_cirruscommon`.`login` fields ( login, last_time ) values (0, 2020-10-03 20:19:16) on conditions username = 
20:19:16   UPDATING data to tables `log_login` fields ( logout_time ) values (2020-10-03:18:19:16) on conditions id =  AND username = 
20:33:34 anan020  UPDATING data to tables `time2vie_cirruscommon`.`secondary_login` fields ( error ) values (1) on conditions username = anan020 AND company_id = 8
20:34:34   UPDATING data to tables `log_login` fields ( logout_time ) values (2020-10-03:18:34:34) on conditions id = 213971 AND username = anan020
20:34:53   UPDATING data to tables `time2vie_cirruscommon`.`login` fields ( login, last_time ) values (0, 2020-10-03 20:34:53) on conditions username = 
20:34:53   UPDATING data to tables `log_login` fields ( logout_time ) values (2020-10-03:18:34:53) on conditions id =  AND username = 
20:39:55   UPDATING data to tables `time2vie_cirruscommon`.`login` fields ( login, last_time ) values (0, 2020-10-03 20:39:55) on conditions username = 
20:39:55   UPDATING data to tables `log_login` fields ( logout_time ) values (2020-10-03:18:39:55) on conditions id =  AND username = 
20:42:11   UPDATING data to tables `time2vie_cirruscommon`.`login` fields ( login, last_time ) values (0, 2020-10-03 20:42:11) on conditions username = 
20:42:11   UPDATING data to tables `log_login` fields ( logout_time ) values (2020-10-03:18:42:11) on conditions id =  AND username = 
21:16:49   UPDATING data to tables `time2vie_cirruscommon`.`login` fields ( login, last_time ) values (0, 2020-10-03 21:16:49) on conditions username = 
21:16:49   UPDATING data to tables `log_login` fields ( logout_time ) values (2020-10-03:19:16:49) on conditions id =  AND username = 
21:22:45   UPDATING data to tables `time2vie_cirruscommon`.`login` fields ( login, last_time ) values (0, 2020-10-03 21:22:45) on conditions username = 
21:22:45   UPDATING data to tables `log_login` fields ( logout_time ) values (2020-10-03:19:22:45) on conditions id =  AND username = 
21:22:53 ambe001  UPDATING data to tables `time2vie_cirruscommon`.`secondary_login` fields ( error ) values (1) on conditions username = ambe001 AND company_id = 7
21:26:49   UPDATING data to tables `time2vie_cirruscommon`.`login` fields ( login, last_time ) values (0, 2020-10-03 21:26:49) on conditions username = 
21:26:49   UPDATING data to tables `log_login` fields ( logout_time ) values (2020-10-03:19:26:49) on conditions id =  AND username = 
21:26:58   UPDATING data to tables `time2vie_cirruscommon`.`login` fields ( login, last_time ) values (0, 2020-10-03 21:26:58) on conditions username = 
21:26:58   UPDATING data to tables `log_login` fields ( logout_time ) values (2020-10-03:19:26:58) on conditions id =  AND username = 
21:53:57   UPDATING data to tables `time2vie_cirruscommon`.`secondary_login` fields ( error ) values (1) on conditions username = sast004 AND company_id = 7
21:54:10 sast004  UPDATING data to tables `time2vie_cirruscommon`.`secondary_login` fields ( error ) values (2) on conditions username = sast004 AND company_id = 7
21:54:35 sast004  UPDATING data to tables `time2vie_cirruscommon`.`secondary_login` fields ( error ) values (3) on conditions username = sast004 AND company_id = 7
21:54:47 sast004  UPDATING data to tables `time2vie_cirruscommon`.`secondary_login` fields ( error ) values (4) on conditions username = sast004 AND company_id = 7
21:54:50 sast004  UPDATING data to tables `time2vie_cirruscommon`.`secondary_login` fields ( error ) values (5) on conditions username = sast004 AND company_id = 7
21:54:58 sast004  UPDATING data to tables `time2vie_cirruscommon`.`secondary_login` fields ( error ) values (6) on conditions username = sast004 AND company_id = 7
21:55:02 sast004  UPDATING data to tables `time2vie_cirruscommon`.`secondary_login` fields ( error ) values (7) on conditions username = sast004 AND company_id = 7
21:55:05 sast004  UPDATING data to tables `time2vie_cirruscommon`.`secondary_login` fields ( error ) values (8) on conditions username = sast004 AND company_id = 7
22:28:44   UPDATING data to tables `time2vie_cirruscommon`.`login` fields ( login, last_time ) values (0, 2020-10-03 22:28:44) on conditions username = 
22:28:44   UPDATING data to tables `log_login` fields ( logout_time ) values (2020-10-03:20:28:44) on conditions id =  AND username = 
22:34:27   UPDATING data to tables `time2vie_cirruscommon`.`login` fields ( login, last_time ) values (0, 2020-10-03 22:34:27) on conditions username = 
22:34:27   UPDATING data to tables `log_login` fields ( logout_time ) values (2020-10-03:20:34:27) on conditions id =  AND username = 
23:00:54   UPDATING data to tables `time2vie_cirruscommon`.`login` fields ( login, last_time ) values (0, 2020-10-03 23:00:54) on conditions username = 
23:00:54   UPDATING data to tables `log_login` fields ( logout_time ) values (2020-10-03:21:00:54) on conditions id =  AND username = 
23:36:27   UPDATING data to tables `time2vie_cirruscommon`.`login` fields ( login, last_time ) values (0, 2020-10-03 23:36:27) on conditions username = 
23:36:27   UPDATING data to tables `log_login` fields ( logout_time ) values (2020-10-03:21:36:27) on conditions id =  AND username = 
00:02:54   UPDATING data to tables `time2vie_cirruscommon`.`login` fields ( login, last_time ) values (0, 2020-10-04 00:02:54) on conditions username = 
00:02:54   UPDATING data to tables `log_login` fields ( logout_time ) values (2020-10-03:22:02:54) on conditions id =  AND username = 
00:48:27   UPDATING data to tables `time2vie_cirruscommon`.`login` fields ( login, last_time ) values (0, 2020-10-04 00:48:27) on conditions username = 
00:48:27   UPDATING data to tables `log_login` fields ( logout_time ) values (2020-10-03:22:48:27) on conditions id =  AND username = 
