02:33:24   UPDATING data to tables `time2vie_cirruscommon`.`login` fields ( login, last_time ) values (0, 2021-01-22 02:33:24) on conditions username = 
02:33:24   UPDATING data to tables `log_login` fields ( logout_time ) values (2021-01-22:01:33:24) on conditions id =  AND username = 
02:50:07   UPDATING data to tables `time2vie_cirruscommon`.`login` fields ( login, last_time ) values (0, 2021-01-22 02:50:07) on conditions username = 
02:50:07   UPDATING data to tables `log_login` fields ( logout_time ) values (2021-01-22:01:50:07) on conditions id =  AND username = 
05:47:11   UPDATING data to tables `time2vie_cirruscommon`.`login` fields ( login, last_time ) values (0, 2021-01-22 05:47:11) on conditions username = 
05:47:11   UPDATING data to tables `log_login` fields ( logout_time ) values (2021-01-22:04:47:11) on conditions id =  AND username = 
05:47:22 anli021  UPDATING data to tables `time2vie_cirruscommon`.`secondary_login` fields ( error ) values (1) on conditions username = anli021 AND company_id = 9
07:10:20   UPDATING data to tables `time2vie_cirruscommon`.`login` fields ( login, last_time ) values (0, 2021-01-22 07:10:20) on conditions username = 
07:10:20   UPDATING data to tables `log_login` fields ( logout_time ) values (2021-01-22:06:10:20) on conditions id =  AND username = 
07:33:24   UPDATING data to tables `time2vie_cirruscommon`.`login` fields ( login, last_time ) values (0, 2021-01-22 07:33:24) on conditions username = 
07:33:24   UPDATING data to tables `log_login` fields ( logout_time ) values (2021-01-22:06:33:24) on conditions id =  AND username = 
07:42:43   UPDATING data to tables `time2vie_cirruscommon`.`login` fields ( login, last_time ) values (0, 2021-01-22 07:42:43) on conditions username = 
07:42:43   UPDATING data to tables `log_login` fields ( logout_time ) values (2021-01-22:06:42:43) on conditions id =  AND username = 
07:44:02 suan002  UPDATING data to tables `time2vie_cirruscommon`.`secondary_login` fields ( error ) values (1) on conditions username = suan002 AND company_id = 9
07:45:17   UPDATING data to tables `time2vie_cirruscommon`.`login` fields ( login, last_time ) values (0, 2021-01-22 07:45:17) on conditions username = 
07:45:17   UPDATING data to tables `log_login` fields ( logout_time ) values (2021-01-22:06:45:17) on conditions id =  AND username = 
07:45:37 suan002  UPDATING data to tables `time2vie_cirruscommon`.`secondary_login` fields ( error ) values (2) on conditions username = suan002 AND company_id = 9
08:02:14   UPDATING data to tables `time2vie_cirruscommon`.`login` fields ( login, last_time ) values (0, 2021-01-22 08:02:14) on conditions username = 
08:02:14   UPDATING data to tables `log_login` fields ( logout_time ) values (2021-01-22:07:02:14) on conditions id =  AND username = 
08:21:13   UPDATING data to tables `time2vie_cirruscommon`.`login` fields ( login, last_time ) values (0, 2021-01-22 08:21:13) on conditions username = 
08:21:13   UPDATING data to tables `log_login` fields ( logout_time ) values (2021-01-22:07:21:13) on conditions id =  AND username = 
08:22:53   UPDATING data to tables `time2vie_cirruscommon`.`login` fields ( login, last_time ) values (0, 2021-01-22 08:22:53) on conditions username = 
08:22:53   UPDATING data to tables `log_login` fields ( logout_time ) values (2021-01-22:07:22:53) on conditions id =  AND username = 
08:44:44   UPDATING data to tables `time2vie_cirruscommon`.`login` fields ( login, last_time ) values (0, 2021-01-22 08:44:44) on conditions username = 
08:44:44   UPDATING data to tables `log_login` fields ( logout_time ) values (2021-01-22:07:44:44) on conditions id =  AND username = 
08:58:22   UPDATING data to tables `time2vie_cirruscommon`.`login` fields ( login, last_time ) values (0, 2021-01-22 08:58:22) on conditions username = 
08:58:22   UPDATING data to tables `log_login` fields ( logout_time ) values (2021-01-22:07:58:22) on conditions id =  AND username = 
08:58:37 sofa003  UPDATING data to tables `time2vie_cirruscommon`.`secondary_login` fields ( error ) values (1) on conditions username = sofa003 AND company_id = 3
08:59:13   UPDATING data to tables `time2vie_cirruscommon`.`login` fields ( login, last_time ) values (0, 2021-01-22 08:59:13) on conditions username = 
08:59:13   UPDATING data to tables `log_login` fields ( logout_time ) values (2021-01-22:07:59:13) on conditions id =  AND username = 
09:01:25   UPDATING data to tables `time2vie_cirruscommon`.`login` fields ( login, last_time ) values (0, 2021-01-22 09:01:25) on conditions username = 
09:01:25   UPDATING data to tables `log_login` fields ( logout_time ) values (2021-01-22:08:01:25) on conditions id =  AND username = 
09:07:15   UPDATING data to tables `time2vie_cirruscommon`.`login` fields ( login, last_time ) values (0, 2021-01-22 09:07:15) on conditions username = 
09:07:15   UPDATING data to tables `log_login` fields ( logout_time ) values (2021-01-22:08:07:15) on conditions id =  AND username = 
09:12:19   UPDATING data to tables `time2vie_cirruscommon`.`login` fields ( login, last_time ) values (0, 2021-01-22 09:12:19) on conditions username = 
09:12:19   UPDATING data to tables `log_login` fields ( logout_time ) values (2021-01-22:08:12:19) on conditions id =  AND username = 
09:28:52   UPDATING data to tables `time2vie_cirruscommon`.`login` fields ( login, last_time ) values (0, 2021-01-22 09:28:52) on conditions username = 
09:28:52   UPDATING data to tables `log_login` fields ( logout_time ) values (2021-01-22:08:28:52) on conditions id =  AND username = 
09:34:09   UPDATING data to tables `log_login` fields ( logout_time ) values (2021-01-22:08:34:09) on conditions id = 43545 AND username = emso004
09:43:45   UPDATING data to tables `time2vie_cirruscommon`.`login` fields ( login, last_time ) values (0, 2021-01-22 09:43:45) on conditions username = 
09:43:45   UPDATING data to tables `log_login` fields ( logout_time ) values (2021-01-22:08:43:45) on conditions id =  AND username = 
09:49:25   UPDATING data to tables `time2vie_cirruscommon`.`login` fields ( login, last_time ) values (0, 2021-01-22 09:49:25) on conditions username = 
09:49:25   UPDATING data to tables `log_login` fields ( logout_time ) values (2021-01-22:08:49:25) on conditions id =  AND username = 
09:57:03   UPDATING data to tables `time2vie_cirruscommon`.`login` fields ( login, last_time ) values (0, 2021-01-22 09:57:03) on conditions username = 
09:57:03   UPDATING data to tables `log_login` fields ( logout_time ) values (2021-01-22:08:57:03) on conditions id =  AND username = 
09:57:57   UPDATING data to tables `time2vie_cirruscommon`.`login` fields ( login, last_time ) values (0, 2021-01-22 09:57:57) on conditions username = 
09:57:57   UPDATING data to tables `log_login` fields ( logout_time ) values (2021-01-22:08:57:57) on conditions id =  AND username = 
10:11:40   UPDATING data to tables `time2vie_cirruscommon`.`login` fields ( login, last_time ) values (0, 2021-01-22 10:11:40) on conditions username = 
10:11:40   UPDATING data to tables `log_login` fields ( logout_time ) values (2021-01-22:09:11:40) on conditions id =  AND username = 
10:14:33   UPDATING data to tables `time2vie_cirruscommon`.`login` fields ( login, last_time ) values (0, 2021-01-22 10:14:33) on conditions username = 
10:14:33   UPDATING data to tables `log_login` fields ( logout_time ) values (2021-01-22:09:14:33) on conditions id =  AND username = 
10:17:23   UPDATING data to tables `time2vie_cirruscommon`.`login` fields ( login, last_time ) values (0, 2021-01-22 10:17:23) on conditions username = 
10:17:23   UPDATING data to tables `log_login` fields ( logout_time ) values (2021-01-22:09:17:23) on conditions id =  AND username = 
10:28:59   UPDATING data to tables `time2vie_cirruscommon`.`login` fields ( login, last_time ) values (0, 2021-01-22 10:28:59) on conditions username = 
10:28:59   UPDATING data to tables `log_login` fields ( logout_time ) values (2021-01-22:09:28:59) on conditions id =  AND username = 
10:29:07 eris001  UPDATING data to tables `time2vie_cirruscommon`.`secondary_login` fields ( error ) values (1) on conditions username = eris001 AND company_id = 9
10:35:15   UPDATING data to tables `time2vie_cirruscommon`.`login` fields ( login, last_time ) values (0, 2021-01-22 10:35:15) on conditions username = 
10:35:15   UPDATING data to tables `log_login` fields ( logout_time ) values (2021-01-22:09:35:15) on conditions id =  AND username = 
10:44:51   UPDATING data to tables `time2vie_cirruscommon`.`login` fields ( login, last_time ) values (0, 2021-01-22 10:44:51) on conditions username = 
10:44:51   UPDATING data to tables `log_login` fields ( logout_time ) values (2021-01-22:09:44:51) on conditions id =  AND username = 
10:48:20   UPDATING data to tables `time2vie_cirruscommon`.`login` fields ( login, last_time ) values (0, 2021-01-22 10:48:20) on conditions username = 
10:48:20   UPDATING data to tables `log_login` fields ( logout_time ) values (2021-01-22:09:48:20) on conditions id =  AND username = 
10:57:07   UPDATING data to tables `time2vie_cirruscommon`.`login` fields ( login, last_time ) values (0, 2021-01-22 10:57:07) on conditions username = 
10:57:07   UPDATING data to tables `log_login` fields ( logout_time ) values (2021-01-22:09:57:07) on conditions id =  AND username = 
11:07:04   UPDATING data to tables `time2vie_cirruscommon`.`login` fields ( login, last_time ) values (0, 2021-01-22 11:07:04) on conditions username = 
11:07:04   UPDATING data to tables `log_login` fields ( logout_time ) values (2021-01-22:10:07:04) on conditions id =  AND username = 
11:07:13   UPDATING data to tables `time2vie_cirruscommon`.`login` fields ( login, last_time ) values (0, 2021-01-22 11:07:13) on conditions username = 
11:07:13   UPDATING data to tables `log_login` fields ( logout_time ) values (2021-01-22:10:07:13) on conditions id =  AND username = 
11:07:21 emse002  UPDATING data to tables `time2vie_cirruscommon`.`secondary_login` fields ( error ) values (1) on conditions username = emse002 AND company_id = 7
11:26:19   UPDATING data to tables `time2vie_cirruscommon`.`login` fields ( login, last_time ) values (0, 2021-01-22 11:26:19) on conditions username = 
11:26:19   UPDATING data to tables `log_login` fields ( logout_time ) values (2021-01-22:10:26:19) on conditions id =  AND username = 
11:29:34   UPDATING data to tables `time2vie_cirruscommon`.`login` fields ( login, last_time ) values (0, 2021-01-22 11:29:34) on conditions username = 
11:29:34   UPDATING data to tables `log_login` fields ( logout_time ) values (2021-01-22:10:29:34) on conditions id =  AND username = 
11:32:03   UPDATING data to tables `log_login` fields ( logout_time ) values (2021-01-22:10:32:03) on conditions id = 223109 AND username = jero001
11:41:44   UPDATING data to tables `time2vie_cirruscommon`.`login` fields ( login, last_time ) values (0, 2021-01-22 11:41:44) on conditions username = 
11:41:44   UPDATING data to tables `log_login` fields ( logout_time ) values (2021-01-22:10:41:44) on conditions id =  AND username = 
11:56:04   UPDATING data to tables `time2vie_cirruscommon`.`login` fields ( login, last_time ) values (0, 2021-01-22 11:56:04) on conditions username = 
11:56:04   UPDATING data to tables `log_login` fields ( logout_time ) values (2021-01-22:10:56:04) on conditions id =  AND username = 
11:56:16 mibe008  UPDATING data to tables `time2vie_cirruscommon`.`secondary_login` fields ( error ) values (1) on conditions username = mibe008 AND company_id = 9
12:07:16   UPDATING data to tables `time2vie_cirruscommon`.`login` fields ( login, last_time ) values (0, 2021-01-22 12:07:16) on conditions username = 
12:07:16   UPDATING data to tables `log_login` fields ( logout_time ) values (2021-01-22:11:07:16) on conditions id =  AND username = 
12:10:55   UPDATING data to tables `time2vie_cirruscommon`.`login` fields ( login, last_time ) values (0, 2021-01-22 12:10:55) on conditions username = 
12:10:55   UPDATING data to tables `log_login` fields ( logout_time ) values (2021-01-22:11:10:55) on conditions id =  AND username = 
12:23:34   UPDATING data to tables `time2vie_cirruscommon`.`login` fields ( login, last_time ) values (0, 2021-01-22 12:23:34) on conditions username = 
12:23:34   UPDATING data to tables `log_login` fields ( logout_time ) values (2021-01-22:11:23:34) on conditions id =  AND username = 
12:28:37   UPDATING data to tables `log_login` fields ( logout_time ) values (2021-01-22:11:28:37) on conditions id = 290321 AND username = emle001
12:33:57   UPDATING data to tables `log_login` fields ( logout_time ) values (2021-01-22:11:33:57) on conditions id = 612122 AND username = mibe008
13:54:41   UPDATING data to tables `time2vie_cirruscommon`.`login` fields ( login, last_time ) values (0, 2021-01-22 13:54:41) on conditions username = 
13:54:41   UPDATING data to tables `log_login` fields ( logout_time ) values (2021-01-22:12:54:41) on conditions id =  AND username = 
15:16:34   UPDATING data to tables `time2vie_cirruscommon`.`login` fields ( login, last_time ) values (0, 2021-01-22 15:16:34) on conditions username = 
15:16:34   UPDATING data to tables `log_login` fields ( logout_time ) values (2021-01-22:14:16:34) on conditions id =  AND username = 
15:19:57   UPDATING data to tables `time2vie_cirruscommon`.`login` fields ( login, last_time ) values (0, 2021-01-22 15:19:57) on conditions username = 
15:19:57   UPDATING data to tables `log_login` fields ( logout_time ) values (2021-01-22:14:19:57) on conditions id =  AND username = 
15:21:47   UPDATING data to tables `time2vie_cirruscommon`.`login` fields ( login, last_time ) values (0, 2021-01-22 15:21:47) on conditions username = 
15:21:47   UPDATING data to tables `log_login` fields ( logout_time ) values (2021-01-22:14:21:47) on conditions id =  AND username = 
15:31:20   UPDATING data to tables `time2vie_cirruscommon`.`login` fields ( login, last_time ) values (0, 2021-01-22 15:31:20) on conditions username = 
15:31:20   UPDATING data to tables `log_login` fields ( logout_time ) values (2021-01-22:14:31:20) on conditions id =  AND username = 
15:31:37 maon001  UPDATING data to tables `time2vie_cirruscommon`.`secondary_login` fields ( error ) values (1) on conditions username = maon001 AND company_id = 4
15:37:06   UPDATING data to tables `time2vie_cirruscommon`.`login` fields ( login, last_time ) values (0, 2021-01-22 15:37:06) on conditions username = 
15:37:06   UPDATING data to tables `log_login` fields ( logout_time ) values (2021-01-22:14:37:06) on conditions id =  AND username = 
16:04:11   UPDATING data to tables `log_login` fields ( logout_time ) values (2021-01-22:15:04:11) on conditions id = 17475 AND username = hejo003
16:07:22   UPDATING data to tables `time2vie_cirruscommon`.`login` fields ( login, last_time ) values (0, 2021-01-22 16:07:22) on conditions username = 
16:07:22   UPDATING data to tables `log_login` fields ( logout_time ) values (2021-01-22:15:07:22) on conditions id =  AND username = 
16:10:00   UPDATING data to tables `time2vie_cirruscommon`.`login` fields ( login, last_time ) values (0, 2021-01-22 16:10:00) on conditions username = 
16:10:00   UPDATING data to tables `log_login` fields ( logout_time ) values (2021-01-22:15:10:00) on conditions id =  AND username = 
16:10:23   UPDATING data to tables `time2vie_cirruscommon`.`login` fields ( login, last_time ) values (0, 2021-01-22 16:10:23) on conditions username = 
16:10:23   UPDATING data to tables `log_login` fields ( logout_time ) values (2021-01-22:15:10:23) on conditions id =  AND username = 
16:13:43   UPDATING data to tables `time2vie_cirruscommon`.`login` fields ( login, last_time ) values (0, 2021-01-22 16:13:43) on conditions username = 
16:13:43   UPDATING data to tables `log_login` fields ( logout_time ) values (2021-01-22:15:13:43) on conditions id =  AND username = 
16:17:17   UPDATING data to tables `time2vie_cirruscommon`.`login` fields ( login, last_time ) values (0, 2021-01-22 16:17:17) on conditions username = 
16:17:17   UPDATING data to tables `log_login` fields ( logout_time ) values (2021-01-22:15:17:17) on conditions id =  AND username = 
16:19:18   UPDATING data to tables `time2vie_cirruscommon`.`login` fields ( login, last_time ) values (0, 2021-01-22 16:19:18) on conditions username = 
16:19:18   UPDATING data to tables `log_login` fields ( logout_time ) values (2021-01-22:15:19:18) on conditions id =  AND username = 
16:27:32   UPDATING data to tables `time2vie_cirruscommon`.`login` fields ( login, last_time ) values (0, 2021-01-22 16:27:32) on conditions username = 
16:27:32   UPDATING data to tables `log_login` fields ( logout_time ) values (2021-01-22:15:27:32) on conditions id =  AND username = 
16:30:17   UPDATING data to tables `time2vie_cirruscommon`.`login` fields ( login, last_time ) values (0, 2021-01-22 16:30:17) on conditions username = 
16:30:17   UPDATING data to tables `log_login` fields ( logout_time ) values (2021-01-22:15:30:17) on conditions id =  AND username = 
16:49:51   UPDATING data to tables `time2vie_cirruscommon`.`login` fields ( login, last_time ) values (0, 2021-01-22 16:49:51) on conditions username = 
16:49:51   UPDATING data to tables `log_login` fields ( logout_time ) values (2021-01-22:15:49:51) on conditions id =  AND username = 
16:50:40   UPDATING data to tables `time2vie_cirruscommon`.`login` fields ( login, last_time ) values (0, 2021-01-22 16:50:40) on conditions username = 
16:50:40   UPDATING data to tables `log_login` fields ( logout_time ) values (2021-01-22:15:50:40) on conditions id =  AND username = 
17:30:21   UPDATING data to tables `time2vie_cirruscommon`.`login` fields ( login, last_time ) values (0, 2021-01-22 17:30:21) on conditions username = 
17:30:21   UPDATING data to tables `log_login` fields ( logout_time ) values (2021-01-22:16:30:21) on conditions id =  AND username = 
17:32:51   UPDATING data to tables `time2vie_cirruscommon`.`login` fields ( login, last_time ) values (0, 2021-01-22 17:32:51) on conditions username = 
17:32:51   UPDATING data to tables `log_login` fields ( logout_time ) values (2021-01-22:16:32:51) on conditions id =  AND username = 
17:45:19   UPDATING data to tables `time2vie_cirruscommon`.`login` fields ( login, last_time ) values (0, 2021-01-22 17:45:19) on conditions username = 
17:45:19   UPDATING data to tables `log_login` fields ( logout_time ) values (2021-01-22:16:45:19) on conditions id =  AND username = 
18:21:06   UPDATING data to tables `time2vie_cirruscommon`.`login` fields ( login, last_time ) values (0, 2021-01-22 18:21:06) on conditions username = 
18:21:06   UPDATING data to tables `log_login` fields ( logout_time ) values (2021-01-22:17:21:06) on conditions id =  AND username = 
19:08:10   UPDATING data to tables `time2vie_cirruscommon`.`login` fields ( login, last_time ) values (0, 2021-01-22 19:08:10) on conditions username = 
19:08:10   UPDATING data to tables `log_login` fields ( logout_time ) values (2021-01-22:18:08:10) on conditions id =  AND username = 
19:21:08   UPDATING data to tables `time2vie_cirruscommon`.`login` fields ( login, last_time ) values (0, 2021-01-22 19:21:08) on conditions username = 
19:21:08   UPDATING data to tables `log_login` fields ( logout_time ) values (2021-01-22:18:21:08) on conditions id =  AND username = 
19:48:13   UPDATING data to tables `time2vie_cirruscommon`.`login` fields ( login, last_time ) values (0, 2021-01-22 19:48:13) on conditions username = 
19:48:13   UPDATING data to tables `log_login` fields ( logout_time ) values (2021-01-22:18:48:13) on conditions id =  AND username = 
19:52:02   UPDATING data to tables `time2vie_cirruscommon`.`login` fields ( login, last_time ) values (0, 2021-01-22 19:52:02) on conditions username = 
19:52:02   UPDATING data to tables `log_login` fields ( logout_time ) values (2021-01-22:18:52:02) on conditions id =  AND username = 
19:58:09   UPDATING data to tables `time2vie_cirruscommon`.`login` fields ( login, last_time ) values (0, 2021-01-22 19:58:09) on conditions username = 
19:58:09   UPDATING data to tables `log_login` fields ( logout_time ) values (2021-01-22:18:58:09) on conditions id =  AND username = 
20:13:59   UPDATING data to tables `log_login` fields ( logout_time ) values (2021-01-22:19:13:59) on conditions id = 17485 AND username = hejo003
20:18:54   UPDATING data to tables `time2vie_cirruscommon`.`login` fields ( login, last_time ) values (0, 2021-01-22 20:18:54) on conditions username = 
20:18:54   UPDATING data to tables `log_login` fields ( logout_time ) values (2021-01-22:19:18:54) on conditions id =  AND username = 
20:35:10   UPDATING data to tables `time2vie_cirruscommon`.`login` fields ( login, last_time ) values (0, 2021-01-22 20:35:10) on conditions username = 
20:35:10   UPDATING data to tables `log_login` fields ( logout_time ) values (2021-01-22:19:35:10) on conditions id =  AND username = 
21:10:43   UPDATING data to tables `time2vie_cirruscommon`.`login` fields ( login, last_time ) values (0, 2021-01-22 21:10:43) on conditions username = 
21:10:43   UPDATING data to tables `log_login` fields ( logout_time ) values (2021-01-22:20:10:43) on conditions id =  AND username = 
21:35:23   UPDATING data to tables `time2vie_cirruscommon`.`login` fields ( login, last_time ) values (0, 2021-01-22 21:35:23) on conditions username = 
21:35:23   UPDATING data to tables `log_login` fields ( logout_time ) values (2021-01-22:20:35:23) on conditions id =  AND username = 
21:56:11   UPDATING data to tables `time2vie_cirruscommon`.`login` fields ( login, last_time ) values (0, 2021-01-22 21:56:11) on conditions username = 
21:56:11   UPDATING data to tables `log_login` fields ( logout_time ) values (2021-01-22:20:56:11) on conditions id =  AND username = 
21:56:18 rian003  UPDATING data to tables `time2vie_cirruscommon`.`secondary_login` fields ( error ) values (1) on conditions username = rian003 AND company_id = 7
22:22:07   UPDATING data to tables `time2vie_cirruscommon`.`login` fields ( login, last_time ) values (0, 2021-01-22 22:22:07) on conditions username = 
22:22:07   UPDATING data to tables `log_login` fields ( logout_time ) values (2021-01-22:21:22:07) on conditions id =  AND username = 
23:01:24   UPDATING data to tables `time2vie_cirruscommon`.`login` fields ( login, last_time ) values (0, 2021-01-22 23:01:24) on conditions username = 
23:01:24   UPDATING data to tables `log_login` fields ( logout_time ) values (2021-01-22:22:01:24) on conditions id =  AND username = 
23:39:54   UPDATING data to tables `time2vie_cirruscommon`.`login` fields ( login, last_time ) values (0, 2021-01-22 23:39:54) on conditions username = 
23:39:54   UPDATING data to tables `log_login` fields ( logout_time ) values (2021-01-22:22:39:54) on conditions id =  AND username = 
23:44:11   UPDATING data to tables `time2vie_cirruscommon`.`login` fields ( login, last_time ) values (0, 2021-01-22 23:44:11) on conditions username = 
23:44:11   UPDATING data to tables `log_login` fields ( logout_time ) values (2021-01-22:22:44:11) on conditions id =  AND username = 
