01:49:38   UPDATING data to tables `time2vie_cirruscommon`.`login` fields ( login, last_time ) values (0, 2021-02-16 01:49:38) on conditions username = 
01:49:38   UPDATING data to tables `log_login` fields ( logout_time ) values (2021-02-16:00:49:38) on conditions id =  AND username = 
04:01:22   UPDATING data to tables `time2vie_cirruscommon`.`login` fields ( login, last_time ) values (0, 2021-02-16 04:01:22) on conditions username = 
04:01:22   UPDATING data to tables `log_login` fields ( logout_time ) values (2021-02-16:03:01:22) on conditions id =  AND username = 
04:48:30   UPDATING data to tables `time2vie_cirruscommon`.`login` fields ( login, last_time ) values (0, 2021-02-16 04:48:30) on conditions username = 
04:48:30   UPDATING data to tables `log_login` fields ( logout_time ) values (2021-02-16:03:48:30) on conditions id =  AND username = 
04:49:19   UPDATING data to tables `time2vie_cirruscommon`.`login` fields ( login, last_time ) values (0, 2021-02-16 04:49:19) on conditions username = 
04:49:19   UPDATING data to tables `log_login` fields ( logout_time ) values (2021-02-16:03:49:19) on conditions id =  AND username = 
05:51:04   UPDATING data to tables `time2vie_cirruscommon`.`login` fields ( login, last_time ) values (0, 2021-02-16 05:51:04) on conditions username = 
05:51:04   UPDATING data to tables `log_login` fields ( logout_time ) values (2021-02-16:04:51:04) on conditions id =  AND username = 
07:01:18   UPDATING data to tables `time2vie_cirruscommon`.`login` fields ( login, last_time ) values (0, 2021-02-16 07:01:18) on conditions username = 
07:01:18   UPDATING data to tables `log_login` fields ( logout_time ) values (2021-02-16:06:01:18) on conditions id =  AND username = 
07:45:54   UPDATING data to tables `time2vie_cirruscommon`.`login` fields ( login, last_time ) values (0, 2021-02-16 07:45:54) on conditions username = 
07:45:54   UPDATING data to tables `log_login` fields ( logout_time ) values (2021-02-16:06:45:54) on conditions id =  AND username = 
08:37:07   UPDATING data to tables `time2vie_cirruscommon`.`login` fields ( login, last_time ) values (0, 2021-02-16 08:37:07) on conditions username = 
08:37:07   UPDATING data to tables `log_login` fields ( logout_time ) values (2021-02-16:07:37:07) on conditions id =  AND username = 
08:43:14   UPDATING data to tables `time2vie_cirruscommon`.`login` fields ( login, last_time ) values (0, 2021-02-16 08:43:14) on conditions username = 
08:43:14   UPDATING data to tables `log_login` fields ( logout_time ) values (2021-02-16:07:43:14) on conditions id =  AND username = 
08:45:32   UPDATING data to tables `time2vie_cirruscommon`.`login` fields ( login, last_time ) values (0, 2021-02-16 08:45:32) on conditions username = 
08:45:32   UPDATING data to tables `log_login` fields ( logout_time ) values (2021-02-16:07:45:32) on conditions id =  AND username = 
08:56:44   UPDATING data to tables `time2vie_cirruscommon`.`login` fields ( login, last_time ) values (0, 2021-02-16 08:56:44) on conditions username = 
08:56:44   UPDATING data to tables `log_login` fields ( logout_time ) values (2021-02-16:07:56:44) on conditions id =  AND username = 
08:59:42   UPDATING data to tables `time2vie_cirruscommon`.`login` fields ( login, last_time ) values (0, 2021-02-16 08:59:42) on conditions username = 
08:59:42   UPDATING data to tables `log_login` fields ( logout_time ) values (2021-02-16:07:59:42) on conditions id =  AND username = 
09:01:21   UPDATING data to tables `log_login` fields ( logout_time ) values (2021-02-16:08:01:21) on conditions id = 294172 AND username = malu006
09:02:36   UPDATING data to tables `time2vie_cirruscommon`.`login` fields ( login, last_time ) values (0, 2021-02-16 09:02:36) on conditions username = 
09:02:36   UPDATING data to tables `log_login` fields ( logout_time ) values (2021-02-16:08:02:36) on conditions id =  AND username = 
09:05:33   UPDATING data to tables `time2vie_cirruscommon`.`login` fields ( login, last_time ) values (0, 2021-02-16 09:05:33) on conditions username = 
09:05:33   UPDATING data to tables `log_login` fields ( logout_time ) values (2021-02-16:08:05:33) on conditions id =  AND username = 
09:14:53   UPDATING data to tables `time2vie_cirruscommon`.`login` fields ( login, last_time ) values (0, 2021-02-16 09:14:53) on conditions username = 
09:14:53   UPDATING data to tables `log_login` fields ( logout_time ) values (2021-02-16:08:14:53) on conditions id =  AND username = 
09:22:07   UPDATING data to tables `time2vie_cirruscommon`.`login` fields ( login, last_time ) values (0, 2021-02-16 09:22:07) on conditions username = 
09:22:07   UPDATING data to tables `log_login` fields ( logout_time ) values (2021-02-16:08:22:07) on conditions id =  AND username = 
09:24:45   UPDATING data to tables `time2vie_cirruscommon`.`login` fields ( login, last_time ) values (0, 2021-02-16 09:24:45) on conditions username = 
09:24:45   UPDATING data to tables `log_login` fields ( logout_time ) values (2021-02-16:08:24:45) on conditions id =  AND username = 
09:29:35   UPDATING data to tables `time2vie_cirruscommon`.`login` fields ( login, last_time ) values (0, 2021-02-16 09:29:35) on conditions username = 
09:29:35   UPDATING data to tables `log_login` fields ( logout_time ) values (2021-02-16:08:29:35) on conditions id =  AND username = 
09:31:01   UPDATING data to tables `log_login` fields ( logout_time ) values (2021-02-16:08:31:01) on conditions id = 44274 AND username = dasi003
09:38:17   UPDATING data to tables `time2vie_cirruscommon`.`login` fields ( login, last_time ) values (0, 2021-02-16 09:38:17) on conditions username = 
09:38:17   UPDATING data to tables `log_login` fields ( logout_time ) values (2021-02-16:08:38:17) on conditions id =  AND username = 
09:46:27   UPDATING data to tables `time2vie_cirruscommon`.`login` fields ( login, last_time ) values (0, 2021-02-16 09:46:27) on conditions username = 
09:46:27   UPDATING data to tables `log_login` fields ( logout_time ) values (2021-02-16:08:46:27) on conditions id =  AND username = 
09:58:37   UPDATING data to tables `log_login` fields ( logout_time ) values (2021-02-16:08:58:37) on conditions id = 617210 AND username = solu003
10:06:21   UPDATING data to tables `time2vie_cirruscommon`.`login` fields ( login, last_time ) values (0, 2021-02-16 10:06:21) on conditions username = 
10:06:21   UPDATING data to tables `log_login` fields ( logout_time ) values (2021-02-16:09:06:21) on conditions id =  AND username = 
10:55:36   UPDATING data to tables `time2vie_cirruscommon`.`login` fields ( login, last_time ) values (0, 2021-02-16 10:55:36) on conditions username = 
10:55:36   UPDATING data to tables `log_login` fields ( logout_time ) values (2021-02-16:09:55:36) on conditions id =  AND username = 
10:55:46 lisa004  UPDATING data to tables `time2vie_cirruscommon`.`secondary_login` fields ( error ) values (1) on conditions username = lisa004 AND company_id = 7
10:59:06   UPDATING data to tables `time2vie_cirruscommon`.`login` fields ( login, last_time ) values (0, 2021-02-16 10:59:06) on conditions username = 
10:59:06   UPDATING data to tables `log_login` fields ( logout_time ) values (2021-02-16:09:59:06) on conditions id =  AND username = 
11:02:20   UPDATING data to tables `time2vie_cirruscommon`.`login` fields ( login, last_time ) values (0, 2021-02-16 11:02:20) on conditions username = 
11:02:20   UPDATING data to tables `log_login` fields ( logout_time ) values (2021-02-16:10:02:20) on conditions id =  AND username = 
11:02:21   UPDATING data to tables `time2vie_cirruscommon`.`login` fields ( login, last_time ) values (0, 2021-02-16 11:02:21) on conditions username = 
11:02:21   UPDATING data to tables `log_login` fields ( logout_time ) values (2021-02-16:10:02:21) on conditions id =  AND username = 
11:02:37 suan002  UPDATING data to tables `time2vie_cirruscommon`.`secondary_login` fields ( error ) values (1) on conditions username = suan002 AND company_id = 9
11:03:40   UPDATING data to tables `time2vie_cirruscommon`.`login` fields ( login, last_time ) values (0, 2021-02-16 11:03:40) on conditions username = 
11:03:40   UPDATING data to tables `log_login` fields ( logout_time ) values (2021-02-16:10:03:40) on conditions id =  AND username = 
11:08:15   UPDATING data to tables `time2vie_cirruscommon`.`login` fields ( login, last_time ) values (0, 2021-02-16 11:08:15) on conditions username = 
11:08:15   UPDATING data to tables `log_login` fields ( logout_time ) values (2021-02-16:10:08:15) on conditions id =  AND username = 
11:14:46   UPDATING data to tables `log_login` fields ( logout_time ) values (2021-02-16:10:14:46) on conditions id = 617226 AND username = joha007
11:16:08   UPDATING data to tables `time2vie_cirruscommon`.`login` fields ( login, last_time ) values (0, 2021-02-16 11:16:08) on conditions username = 
11:16:08   UPDATING data to tables `log_login` fields ( logout_time ) values (2021-02-16:10:16:08) on conditions id =  AND username = 
11:23:57   UPDATING data to tables `time2vie_cirruscommon`.`login` fields ( login, last_time ) values (0, 2021-02-16 11:23:57) on conditions username = 
11:23:57   UPDATING data to tables `log_login` fields ( logout_time ) values (2021-02-16:10:23:57) on conditions id =  AND username = 
11:24:04 majo032  UPDATING data to tables `time2vie_cirruscommon`.`secondary_login` fields ( error ) values (1) on conditions username = majo032 AND company_id = 7
11:37:25   UPDATING data to tables `time2vie_cirruscommon`.`login` fields ( login, last_time ) values (0, 2021-02-16 11:37:25) on conditions username = 
11:37:25   UPDATING data to tables `log_login` fields ( logout_time ) values (2021-02-16:10:37:25) on conditions id =  AND username = 
11:39:50   UPDATING data to tables `time2vie_cirruscommon`.`login` fields ( login, last_time ) values (0, 2021-02-16 11:39:50) on conditions username = 
11:39:50   UPDATING data to tables `log_login` fields ( logout_time ) values (2021-02-16:10:39:50) on conditions id =  AND username = 
11:39:57 alro002  UPDATING data to tables `time2vie_cirruscommon`.`secondary_login` fields ( error ) values (1) on conditions username = alro002 AND company_id = 9
11:40:03 alro002  UPDATING data to tables `time2vie_cirruscommon`.`secondary_login` fields ( error ) values (2) on conditions username = alro002 AND company_id = 9
11:41:22   UPDATING data to tables `time2vie_cirruscommon`.`login` fields ( login, last_time ) values (0, 2021-02-16 11:41:22) on conditions username = 
11:41:22   UPDATING data to tables `log_login` fields ( logout_time ) values (2021-02-16:10:41:22) on conditions id =  AND username = 
11:41:35 malu006  UPDATING data to tables `time2vie_cirruscommon`.`secondary_login` fields ( error ) values (1) on conditions username = malu006 AND company_id = 7
11:45:10   UPDATING data to tables `time2vie_cirruscommon`.`login` fields ( login, last_time ) values (0, 2021-02-16 11:45:10) on conditions username = 
11:45:10   UPDATING data to tables `log_login` fields ( logout_time ) values (2021-02-16:10:45:10) on conditions id =  AND username = 
11:47:11   UPDATING data to tables `time2vie_cirruscommon`.`login` fields ( login, last_time ) values (0, 2021-02-16 11:47:11) on conditions username = 
11:47:11   UPDATING data to tables `log_login` fields ( logout_time ) values (2021-02-16:10:47:11) on conditions id =  AND username = 
11:48:01   UPDATING data to tables `time2vie_cirruscommon`.`login` fields ( login, last_time ) values (0, 2021-02-16 11:48:01) on conditions username = 
11:48:01   UPDATING data to tables `log_login` fields ( logout_time ) values (2021-02-16:10:48:01) on conditions id =  AND username = 
11:58:00   UPDATING data to tables `time2vie_cirruscommon`.`login` fields ( login, last_time ) values (0, 2021-02-16 11:58:00) on conditions username = 
11:58:00   UPDATING data to tables `log_login` fields ( logout_time ) values (2021-02-16:10:58:00) on conditions id =  AND username = 
11:58:09   UPDATING data to tables `time2vie_cirruscommon`.`login` fields ( login, last_time ) values (0, 2021-02-16 11:58:09) on conditions username = 
11:58:09   UPDATING data to tables `log_login` fields ( logout_time ) values (2021-02-16:10:58:09) on conditions id =  AND username = 
11:58:35   UPDATING data to tables `time2vie_cirruscommon`.`login` fields ( login, last_time ) values (0, 2021-02-16 11:58:35) on conditions username = 
11:58:35   UPDATING data to tables `log_login` fields ( logout_time ) values (2021-02-16:10:58:35) on conditions id =  AND username = 
12:02:50   UPDATING data to tables `time2vie_cirruscommon`.`login` fields ( login, last_time ) values (0, 2021-02-16 12:02:50) on conditions username = 
12:02:50   UPDATING data to tables `log_login` fields ( logout_time ) values (2021-02-16:11:02:50) on conditions id =  AND username = 
12:13:28   UPDATING data to tables `time2vie_cirruscommon`.`login` fields ( login, last_time ) values (0, 2021-02-16 12:13:28) on conditions username = 
12:13:28   UPDATING data to tables `log_login` fields ( logout_time ) values (2021-02-16:11:13:28) on conditions id =  AND username = 
12:18:01   UPDATING data to tables `time2vie_cirruscommon`.`login` fields ( login, last_time ) values (0, 2021-02-16 12:18:01) on conditions username = 
12:18:01   UPDATING data to tables `log_login` fields ( logout_time ) values (2021-02-16:11:18:01) on conditions id =  AND username = 
12:19:20   UPDATING data to tables `log_login` fields ( logout_time ) values (2021-02-16:11:19:20) on conditions id = 294213 AND username = johe004
13:13:51   UPDATING data to tables `time2vie_cirruscommon`.`login` fields ( login, last_time ) values (0, 2021-02-16 13:13:51) on conditions username = 
13:13:51   UPDATING data to tables `log_login` fields ( logout_time ) values (2021-02-16:12:13:51) on conditions id =  AND username = 
13:22:49   UPDATING data to tables `time2vie_cirruscommon`.`login` fields ( login, last_time ) values (0, 2021-02-16 13:22:49) on conditions username = 
13:22:49   UPDATING data to tables `log_login` fields ( logout_time ) values (2021-02-16:12:22:49) on conditions id =  AND username = 
13:37:39   UPDATING data to tables `time2vie_cirruscommon`.`login` fields ( login, last_time ) values (0, 2021-02-16 13:37:39) on conditions username = 
13:37:39   UPDATING data to tables `log_login` fields ( logout_time ) values (2021-02-16:12:37:39) on conditions id =  AND username = 
13:42:52   UPDATING data to tables `time2vie_cirruscommon`.`login` fields ( login, last_time ) values (0, 2021-02-16 13:42:52) on conditions username = 
13:42:52   UPDATING data to tables `log_login` fields ( logout_time ) values (2021-02-16:12:42:52) on conditions id =  AND username = 
13:55:01   UPDATING data to tables `log_login` fields ( logout_time ) values (2021-02-16:12:55:01) on conditions id = 617257 AND username = beto001
13:55:09 beto001  UPDATING data to tables `time2vie_cirruscommon`.`secondary_login` fields ( error ) values (1) on conditions username = beto001 AND company_id = 9
14:00:26   UPDATING data to tables `log_login` fields ( logout_time ) values (2021-02-16:13:00:26) on conditions id = 617258 AND username = beto001
14:00:35 beto001  UPDATING data to tables `time2vie_cirruscommon`.`secondary_login` fields ( error ) values (1) on conditions username = beto001 AND company_id = 9
14:13:19   UPDATING data to tables `time2vie_cirruscommon`.`login` fields ( login, last_time ) values (0, 2021-02-16 14:13:19) on conditions username = 
14:13:19   UPDATING data to tables `log_login` fields ( logout_time ) values (2021-02-16:13:13:19) on conditions id =  AND username = 
14:25:05   UPDATING data to tables `time2vie_cirruscommon`.`login` fields ( login, last_time ) values (0, 2021-02-16 14:25:05) on conditions username = 
14:25:05   UPDATING data to tables `log_login` fields ( logout_time ) values (2021-02-16:13:25:05) on conditions id =  AND username = 
14:29:27   UPDATING data to tables `time2vie_cirruscommon`.`login` fields ( login, last_time ) values (0, 2021-02-16 14:29:27) on conditions username = 
14:29:27   UPDATING data to tables `log_login` fields ( logout_time ) values (2021-02-16:13:29:27) on conditions id =  AND username = 
14:43:59   UPDATING data to tables `time2vie_cirruscommon`.`login` fields ( login, last_time ) values (0, 2021-02-16 14:43:59) on conditions username = 
14:43:59   UPDATING data to tables `log_login` fields ( logout_time ) values (2021-02-16:13:43:59) on conditions id =  AND username = 
14:45:23   UPDATING data to tables `log_login` fields ( logout_time ) values (2021-02-16:13:45:23) on conditions id = 617269 AND username = solu003
15:16:07   UPDATING data to tables `time2vie_cirruscommon`.`login` fields ( login, last_time ) values (0, 2021-02-16 15:16:07) on conditions username = 
15:16:07   UPDATING data to tables `log_login` fields ( logout_time ) values (2021-02-16:14:16:07) on conditions id =  AND username = 
15:17:24   UPDATING data to tables `time2vie_cirruscommon`.`login` fields ( login, last_time ) values (0, 2021-02-16 15:17:24) on conditions username = 
15:17:24   UPDATING data to tables `log_login` fields ( logout_time ) values (2021-02-16:14:17:24) on conditions id =  AND username = 
15:18:36   UPDATING data to tables `time2vie_cirruscommon`.`login` fields ( login, last_time ) values (0, 2021-02-16 15:18:36) on conditions username = 
15:18:36   UPDATING data to tables `log_login` fields ( logout_time ) values (2021-02-16:14:18:36) on conditions id =  AND username = 
15:21:00   UPDATING data to tables `time2vie_cirruscommon`.`login` fields ( login, last_time ) values (0, 2021-02-16 15:21:00) on conditions username = 
15:21:00   UPDATING data to tables `log_login` fields ( logout_time ) values (2021-02-16:14:21:00) on conditions id =  AND username = 
15:24:29   UPDATING data to tables `time2vie_cirruscommon`.`login` fields ( login, last_time ) values (0, 2021-02-16 15:24:29) on conditions username = 
15:24:29   UPDATING data to tables `log_login` fields ( logout_time ) values (2021-02-16:14:24:29) on conditions id =  AND username = 
16:08:45   UPDATING data to tables `time2vie_cirruscommon`.`login` fields ( login, last_time ) values (0, 2021-02-16 16:08:45) on conditions username = 
16:08:45   UPDATING data to tables `log_login` fields ( logout_time ) values (2021-02-16:15:08:45) on conditions id =  AND username = 
16:35:28   UPDATING data to tables `time2vie_cirruscommon`.`login` fields ( login, last_time ) values (0, 2021-02-16 16:35:28) on conditions username = 
16:35:28   UPDATING data to tables `log_login` fields ( logout_time ) values (2021-02-16:15:35:28) on conditions id =  AND username = 
16:35:54 brha001  UPDATING data to tables `time2vie_cirruscommon`.`secondary_login` fields ( error ) values (1) on conditions username = brha001 AND company_id = 8
16:36:45 brha001  UPDATING data to tables `time2vie_cirruscommon`.`secondary_login` fields ( error ) values (2) on conditions username = brha001 AND company_id = 8
16:38:12 brha001  UPDATING data to tables `time2vie_cirruscommon`.`secondary_login` fields ( error ) values (3) on conditions username = brha001 AND company_id = 8
16:38:51 brha001  UPDATING data to tables `time2vie_cirruscommon`.`secondary_login` fields ( error ) values (4) on conditions username = brha001 AND company_id = 8
16:39:08 brha001  UPDATING data to tables `time2vie_cirruscommon`.`secondary_login` fields ( error ) values (5) on conditions username = brha001 AND company_id = 8
16:52:07   UPDATING data to tables `time2vie_cirruscommon`.`login` fields ( login, last_time ) values (0, 2021-02-16 16:52:07) on conditions username = 
16:52:07   UPDATING data to tables `log_login` fields ( logout_time ) values (2021-02-16:15:52:07) on conditions id =  AND username = 
16:53:01   UPDATING data to tables `time2vie_cirruscommon`.`login` fields ( login, last_time ) values (0, 2021-02-16 16:53:01) on conditions username = 
16:53:01   UPDATING data to tables `log_login` fields ( logout_time ) values (2021-02-16:15:53:01) on conditions id =  AND username = 
16:55:08   UPDATING data to tables `time2vie_cirruscommon`.`login` fields ( login, last_time ) values (0, 2021-02-16 16:55:08) on conditions username = 
16:55:08   UPDATING data to tables `log_login` fields ( logout_time ) values (2021-02-16:15:55:08) on conditions id =  AND username = 
16:55:15 juju001  UPDATING data to tables `time2vie_cirruscommon`.`secondary_login` fields ( error ) values (1) on conditions username = juju001 AND company_id = 9
17:03:31   UPDATING data to tables `time2vie_cirruscommon`.`login` fields ( login, last_time ) values (0, 2021-02-16 17:03:31) on conditions username = 
17:03:31   UPDATING data to tables `log_login` fields ( logout_time ) values (2021-02-16:16:03:31) on conditions id =  AND username = 
17:06:49   UPDATING data to tables `time2vie_cirruscommon`.`login` fields ( login, last_time ) values (0, 2021-02-16 17:06:49) on conditions username = 
17:06:49   UPDATING data to tables `log_login` fields ( logout_time ) values (2021-02-16:16:06:49) on conditions id =  AND username = 
17:08:32   UPDATING data to tables `time2vie_cirruscommon`.`login` fields ( login, last_time ) values (0, 2021-02-16 17:08:32) on conditions username = 
17:08:32   UPDATING data to tables `log_login` fields ( logout_time ) values (2021-02-16:16:08:32) on conditions id =  AND username = 
17:08:39   UPDATING data to tables `log_login` fields ( logout_time ) values (2021-02-16:16:08:39) on conditions id = 44293 AND username = lafi001
17:08:48 mibe009  UPDATING data to tables `time2vie_cirruscommon`.`secondary_login` fields ( error ) values (1) on conditions username = mibe009 AND company_id = 7
17:09:00 mibe009  UPDATING data to tables `time2vie_cirruscommon`.`secondary_login` fields ( error ) values (2) on conditions username = mibe009 AND company_id = 7
17:09:24 mibe009  UPDATING data to tables `time2vie_cirruscommon`.`secondary_login` fields ( error ) values (3) on conditions username = mibe009 AND company_id = 7
17:11:57   UPDATING data to tables `log_login` fields ( logout_time ) values (2021-02-16:16:11:57) on conditions id = 44295 AND username = lafi001
17:18:29   UPDATING data to tables `log_login` fields ( logout_time ) values (2021-02-16:16:18:29) on conditions id = 44294 AND username = dasi003
17:44:37   UPDATING data to tables `time2vie_cirruscommon`.`login` fields ( login, last_time ) values (0, 2021-02-16 17:44:37) on conditions username = 
17:44:37   UPDATING data to tables `log_login` fields ( logout_time ) values (2021-02-16:16:44:37) on conditions id =  AND username = 
17:47:46   UPDATING data to tables `time2vie_cirruscommon`.`login` fields ( login, last_time ) values (0, 2021-02-16 17:47:46) on conditions username = 
17:47:46   UPDATING data to tables `log_login` fields ( logout_time ) values (2021-02-16:16:47:46) on conditions id =  AND username = 
17:52:44   UPDATING data to tables `time2vie_cirruscommon`.`login` fields ( login, last_time ) values (0, 2021-02-16 17:52:44) on conditions username = 
17:52:44   UPDATING data to tables `log_login` fields ( logout_time ) values (2021-02-16:16:52:44) on conditions id =  AND username = 
17:59:45   UPDATING data to tables `time2vie_cirruscommon`.`login` fields ( login, last_time ) values (0, 2021-02-16 17:59:45) on conditions username = 
17:59:45   UPDATING data to tables `log_login` fields ( logout_time ) values (2021-02-16:16:59:45) on conditions id =  AND username = 
18:22:10   UPDATING data to tables `time2vie_cirruscommon`.`login` fields ( login, last_time ) values (0, 2021-02-16 18:22:10) on conditions username = 
18:22:10   UPDATING data to tables `log_login` fields ( logout_time ) values (2021-02-16:17:22:10) on conditions id =  AND username = 
18:40:46   UPDATING data to tables `time2vie_cirruscommon`.`login` fields ( login, last_time ) values (0, 2021-02-16 18:40:46) on conditions username = 
18:40:46   UPDATING data to tables `log_login` fields ( logout_time ) values (2021-02-16:17:40:46) on conditions id =  AND username = 
18:56:47   UPDATING data to tables `time2vie_cirruscommon`.`login` fields ( login, last_time ) values (0, 2021-02-16 18:56:47) on conditions username = 
18:56:47   UPDATING data to tables `log_login` fields ( logout_time ) values (2021-02-16:17:56:47) on conditions id =  AND username = 
19:03:06   UPDATING data to tables `time2vie_cirruscommon`.`login` fields ( login, last_time ) values (0, 2021-02-16 19:03:06) on conditions username = 
19:03:06   UPDATING data to tables `log_login` fields ( logout_time ) values (2021-02-16:18:03:06) on conditions id =  AND username = 
19:03:32 brha001  UPDATING data to tables `time2vie_cirruscommon`.`secondary_login` fields ( error ) values (6) on conditions username = brha001 AND company_id = 8
19:04:01 brha001  UPDATING data to tables `time2vie_cirruscommon`.`secondary_login` fields ( error ) values (7) on conditions username = brha001 AND company_id = 8
19:04:06   UPDATING data to tables `time2vie_cirruscommon`.`login` fields ( login, last_time ) values (0, 2021-02-16 19:04:06) on conditions username = 
19:04:06   UPDATING data to tables `log_login` fields ( logout_time ) values (2021-02-16:18:04:06) on conditions id =  AND username = 
19:04:32   UPDATING data to tables `time2vie_cirruscommon`.`login` fields ( login, last_time ) values (0, 2021-02-16 19:04:32) on conditions username = 
19:04:32   UPDATING data to tables `log_login` fields ( logout_time ) values (2021-02-16:18:04:32) on conditions id =  AND username = 
19:04:36 brha001  UPDATING data to tables `time2vie_cirruscommon`.`secondary_login` fields ( error ) values (8) on conditions username = brha001 AND company_id = 8
19:04:40 majo032  UPDATING data to tables `time2vie_cirruscommon`.`secondary_login` fields ( error ) values (1) on conditions username = majo032 AND company_id = 7
19:04:41 majo032  UPDATING data to tables `time2vie_cirruscommon`.`secondary_login` fields ( error ) values (2) on conditions username = majo032 AND company_id = 7
19:04:58 brha001  UPDATING data to tables `time2vie_cirruscommon`.`secondary_login` fields ( error ) values (9) on conditions username = brha001 AND company_id = 8
19:05:19 brha001  UPDATING data to tables `time2vie_cirruscommon`.`secondary_login` fields ( error ) values (10) on conditions username = brha001 AND company_id = 8
19:05:20 brha001  UPDATING data to tables `time2vie_cirruscommon`.`secondary_login` fields ( error ) values (11) on conditions username = brha001 AND company_id = 8
19:05:22 brha001  UPDATING data to tables `time2vie_cirruscommon`.`secondary_login` fields ( error ) values (12) on conditions username = brha001 AND company_id = 8
19:07:46   UPDATING data to tables `time2vie_cirruscommon`.`login` fields ( login, last_time ) values (0, 2021-02-16 19:07:46) on conditions username = 
19:07:46   UPDATING data to tables `log_login` fields ( logout_time ) values (2021-02-16:18:07:46) on conditions id =  AND username = 
19:23:58   UPDATING data to tables `time2vie_cirruscommon`.`login` fields ( login, last_time ) values (0, 2021-02-16 19:23:58) on conditions username = 
19:23:58   UPDATING data to tables `log_login` fields ( logout_time ) values (2021-02-16:18:23:58) on conditions id =  AND username = 
19:29:38   UPDATING data to tables `time2vie_cirruscommon`.`login` fields ( login, last_time ) values (0, 2021-02-16 19:29:38) on conditions username = 
19:29:38   UPDATING data to tables `log_login` fields ( logout_time ) values (2021-02-16:18:29:38) on conditions id =  AND username = 
19:52:54   UPDATING data to tables `time2vie_cirruscommon`.`login` fields ( login, last_time ) values (0, 2021-02-16 19:52:54) on conditions username = 
19:52:54   UPDATING data to tables `log_login` fields ( logout_time ) values (2021-02-16:18:52:54) on conditions id =  AND username = 
19:57:31   UPDATING data to tables `time2vie_cirruscommon`.`login` fields ( login, last_time ) values (0, 2021-02-16 19:57:31) on conditions username = 
19:57:31   UPDATING data to tables `log_login` fields ( logout_time ) values (2021-02-16:18:57:31) on conditions id =  AND username = 
19:57:54 mehe001  UPDATING data to tables `time2vie_cirruscommon`.`secondary_login` fields ( error ) values (1) on conditions username = mehe001 AND company_id = 8
20:38:49   UPDATING data to tables `time2vie_cirruscommon`.`login` fields ( login, last_time ) values (0, 2021-02-16 20:38:49) on conditions username = 
20:38:49   UPDATING data to tables `log_login` fields ( logout_time ) values (2021-02-16:19:38:49) on conditions id =  AND username = 
20:39:38   UPDATING data to tables `time2vie_cirruscommon`.`login` fields ( login, last_time ) values (0, 2021-02-16 20:39:38) on conditions username = 
20:39:38   UPDATING data to tables `log_login` fields ( logout_time ) values (2021-02-16:19:39:38) on conditions id =  AND username = 
20:48:22   UPDATING data to tables `time2vie_cirruscommon`.`login` fields ( login, last_time ) values (0, 2021-02-16 20:48:22) on conditions username = 
20:48:22   UPDATING data to tables `log_login` fields ( logout_time ) values (2021-02-16:19:48:22) on conditions id =  AND username = 
20:56:20   UPDATING data to tables `time2vie_cirruscommon`.`login` fields ( login, last_time ) values (0, 2021-02-16 20:56:20) on conditions username = 
20:56:20   UPDATING data to tables `log_login` fields ( logout_time ) values (2021-02-16:19:56:20) on conditions id =  AND username = 
20:56:34   UPDATING data to tables `time2vie_cirruscommon`.`login` fields ( login, last_time ) values (0, 2021-02-16 20:56:34) on conditions username = 
20:56:34   UPDATING data to tables `log_login` fields ( logout_time ) values (2021-02-16:19:56:34) on conditions id =  AND username = 
21:05:15   UPDATING data to tables `time2vie_cirruscommon`.`login` fields ( login, last_time ) values (0, 2021-02-16 21:05:15) on conditions username = 
21:05:15   UPDATING data to tables `log_login` fields ( logout_time ) values (2021-02-16:20:05:15) on conditions id =  AND username = 
21:11:58   UPDATING data to tables `time2vie_cirruscommon`.`login` fields ( login, last_time ) values (0, 2021-02-16 21:11:58) on conditions username = 
21:11:58   UPDATING data to tables `log_login` fields ( logout_time ) values (2021-02-16:20:11:58) on conditions id =  AND username = 
21:25:15   UPDATING data to tables `time2vie_cirruscommon`.`login` fields ( login, last_time ) values (0, 2021-02-16 21:25:15) on conditions username = 
21:25:15   UPDATING data to tables `log_login` fields ( logout_time ) values (2021-02-16:20:25:15) on conditions id =  AND username = 
21:26:16   UPDATING data to tables `time2vie_cirruscommon`.`login` fields ( login, last_time ) values (0, 2021-02-16 21:26:16) on conditions username = 
21:26:16   UPDATING data to tables `log_login` fields ( logout_time ) values (2021-02-16:20:26:16) on conditions id =  AND username = 
21:43:41   UPDATING data to tables `time2vie_cirruscommon`.`login` fields ( login, last_time ) values (0, 2021-02-16 21:43:41) on conditions username = 
21:43:41   UPDATING data to tables `log_login` fields ( logout_time ) values (2021-02-16:20:43:41) on conditions id =  AND username = 
21:55:20   UPDATING data to tables `time2vie_cirruscommon`.`login` fields ( login, last_time ) values (0, 2021-02-16 21:55:20) on conditions username = 
21:55:20   UPDATING data to tables `log_login` fields ( logout_time ) values (2021-02-16:20:55:20) on conditions id =  AND username = 
22:25:56   UPDATING data to tables `time2vie_cirruscommon`.`login` fields ( login, last_time ) values (0, 2021-02-16 22:25:56) on conditions username = 
22:25:56   UPDATING data to tables `log_login` fields ( logout_time ) values (2021-02-16:21:25:56) on conditions id =  AND username = 
22:27:06   UPDATING data to tables `time2vie_cirruscommon`.`login` fields ( login, last_time ) values (0, 2021-02-16 22:27:06) on conditions username = 
22:27:06   UPDATING data to tables `log_login` fields ( logout_time ) values (2021-02-16:21:27:06) on conditions id =  AND username = 
23:00:33   UPDATING data to tables `time2vie_cirruscommon`.`login` fields ( login, last_time ) values (0, 2021-02-16 23:00:33) on conditions username = 
23:00:33   UPDATING data to tables `log_login` fields ( logout_time ) values (2021-02-16:22:00:33) on conditions id =  AND username = 
23:26:05   UPDATING data to tables `time2vie_cirruscommon`.`login` fields ( login, last_time ) values (0, 2021-02-16 23:26:05) on conditions username = 
23:26:05   UPDATING data to tables `log_login` fields ( logout_time ) values (2021-02-16:22:26:05) on conditions id =  AND username = 
23:43:17   UPDATING data to tables `log_login` fields ( logout_time ) values (2021-02-16:22:43:17) on conditions id = 294292 AND username = lisa004
23:49:57   UPDATING data to tables `time2vie_cirruscommon`.`login` fields ( login, last_time ) values (0, 2021-02-16 23:49:57) on conditions username = 
23:49:57   UPDATING data to tables `log_login` fields ( logout_time ) values (2021-02-16:22:49:57) on conditions id =  AND username = 
00:21:03   UPDATING data to tables `time2vie_cirruscommon`.`login` fields ( login, last_time ) values (0, 2021-02-17 00:21:03) on conditions username = 
00:21:03   UPDATING data to tables `log_login` fields ( logout_time ) values (2021-02-16:23:21:03) on conditions id =  AND username = 
