01:05:41   UPDATING data to tables `time2vie_cirruscommon`.`login` fields ( login, last_time ) values (0, 2021-01-04 01:05:41) on conditions username = 
01:05:41   UPDATING data to tables `log_login` fields ( logout_time ) values (2021-01-04:00:05:41) on conditions id =  AND username = 
05:21:15   UPDATING data to tables `time2vie_cirruscommon`.`login` fields ( login, last_time ) values (0, 2021-01-04 05:21:15) on conditions username = 
05:21:15   UPDATING data to tables `log_login` fields ( logout_time ) values (2021-01-04:04:21:15) on conditions id =  AND username = 
05:59:51   UPDATING data to tables `time2vie_cirruscommon`.`login` fields ( login, last_time ) values (0, 2021-01-04 05:59:51) on conditions username = 
05:59:51   UPDATING data to tables `log_login` fields ( logout_time ) values (2021-01-04:04:59:51) on conditions id =  AND username = 
07:18:21   UPDATING data to tables `time2vie_cirruscommon`.`login` fields ( login, last_time ) values (0, 2021-01-04 07:18:21) on conditions username = 
07:18:21   UPDATING data to tables `log_login` fields ( logout_time ) values (2021-01-04:06:18:21) on conditions id =  AND username = 
07:49:07   UPDATING data to tables `time2vie_cirruscommon`.`login` fields ( login, last_time ) values (0, 2021-01-04 07:49:07) on conditions username = 
07:49:07   UPDATING data to tables `log_login` fields ( logout_time ) values (2021-01-04:06:49:07) on conditions id =  AND username = 
07:49:14 dalu002  UPDATING data to tables `time2vie_cirruscommon`.`secondary_login` fields ( error ) values (1) on conditions username = dalu002 AND company_id = 7
08:11:14   UPDATING data to tables `time2vie_cirruscommon`.`login` fields ( login, last_time ) values (0, 2021-01-04 08:11:14) on conditions username = 
08:11:14   UPDATING data to tables `log_login` fields ( logout_time ) values (2021-01-04:07:11:14) on conditions id =  AND username = 
08:32:58   UPDATING data to tables `time2vie_cirruscommon`.`login` fields ( login, last_time ) values (0, 2021-01-04 08:32:58) on conditions username = 
08:32:58   UPDATING data to tables `log_login` fields ( logout_time ) values (2021-01-04:07:32:58) on conditions id =  AND username = 
08:33:55   UPDATING data to tables `time2vie_cirruscommon`.`login` fields ( login, last_time ) values (0, 2021-01-04 08:33:55) on conditions username = 
08:33:55   UPDATING data to tables `log_login` fields ( logout_time ) values (2021-01-04:07:33:55) on conditions id =  AND username = 
08:43:54   UPDATING data to tables `time2vie_cirruscommon`.`login` fields ( login, last_time ) values (0, 2021-01-04 08:43:54) on conditions username = 
08:43:54   UPDATING data to tables `log_login` fields ( logout_time ) values (2021-01-04:07:43:54) on conditions id =  AND username = 
09:05:39   UPDATING data to tables `time2vie_cirruscommon`.`login` fields ( login, last_time ) values (0, 2021-01-04 09:05:39) on conditions username = 
09:05:39   UPDATING data to tables `log_login` fields ( logout_time ) values (2021-01-04:08:05:39) on conditions id =  AND username = 
09:10:15   UPDATING data to tables `time2vie_cirruscommon`.`login` fields ( login, last_time ) values (0, 2021-01-04 09:10:15) on conditions username = 
09:10:15   UPDATING data to tables `log_login` fields ( logout_time ) values (2021-01-04:08:10:15) on conditions id =  AND username = 
09:21:21   UPDATING data to tables `time2vie_cirruscommon`.`login` fields ( login, last_time ) values (0, 2021-01-04 09:21:21) on conditions username = 
09:21:21   UPDATING data to tables `log_login` fields ( logout_time ) values (2021-01-04:08:21:21) on conditions id =  AND username = 
09:23:53   UPDATING data to tables `time2vie_cirruscommon`.`login` fields ( login, last_time ) values (0, 2021-01-04 09:23:53) on conditions username = 
09:23:53   UPDATING data to tables `log_login` fields ( logout_time ) values (2021-01-04:08:23:53) on conditions id =  AND username = 
09:24:34   UPDATING data to tables `time2vie_cirruscommon`.`login` fields ( login, last_time ) values (0, 2021-01-04 09:24:34) on conditions username = 
09:24:34   UPDATING data to tables `log_login` fields ( logout_time ) values (2021-01-04:08:24:34) on conditions id =  AND username = 
09:27:36   UPDATING data to tables `time2vie_cirruscommon`.`login` fields ( login, last_time ) values (0, 2021-01-04 09:27:36) on conditions username = 
09:27:36   UPDATING data to tables `log_login` fields ( logout_time ) values (2021-01-04:08:27:36) on conditions id =  AND username = 
09:27:43 dali001  UPDATING data to tables `time2vie_cirruscommon`.`secondary_login` fields ( error ) values (1) on conditions username = dali001 AND company_id = 1
09:42:37   UPDATING data to tables `time2vie_cirruscommon`.`login` fields ( login, last_time ) values (0, 2021-01-04 09:42:37) on conditions username = 
09:42:37   UPDATING data to tables `log_login` fields ( logout_time ) values (2021-01-04:08:42:37) on conditions id =  AND username = 
09:47:00   UPDATING data to tables `time2vie_cirruscommon`.`login` fields ( login, last_time ) values (0, 2021-01-04 09:47:00) on conditions username = 
09:47:00   UPDATING data to tables `log_login` fields ( logout_time ) values (2021-01-04:08:47:00) on conditions id =  AND username = 
09:47:13 najo003  UPDATING data to tables `time2vie_cirruscommon`.`secondary_login` fields ( error ) values (1) on conditions username = najo003 AND company_id = 7
09:51:53   UPDATING data to tables `time2vie_cirruscommon`.`login` fields ( login, last_time ) values (0, 2021-01-04 09:51:53) on conditions username = 
09:51:53   UPDATING data to tables `log_login` fields ( logout_time ) values (2021-01-04:08:51:53) on conditions id =  AND username = 
09:52:24   UPDATING data to tables `time2vie_cirruscommon`.`login` fields ( login, last_time ) values (0, 2021-01-04 09:52:24) on conditions username = 
09:52:24   UPDATING data to tables `log_login` fields ( logout_time ) values (2021-01-04:08:52:24) on conditions id =  AND username = 
09:57:53   UPDATING data to tables `time2vie_cirruscommon`.`login` fields ( login, last_time ) values (0, 2021-01-04 09:57:53) on conditions username = 
09:57:53   UPDATING data to tables `log_login` fields ( logout_time ) values (2021-01-04:08:57:53) on conditions id =  AND username = 
09:59:48   UPDATING data to tables `time2vie_cirruscommon`.`login` fields ( login, last_time ) values (0, 2021-01-04 09:59:48) on conditions username = 
09:59:48   UPDATING data to tables `log_login` fields ( logout_time ) values (2021-01-04:08:59:48) on conditions id =  AND username = 
10:00:24   UPDATING data to tables `time2vie_cirruscommon`.`login` fields ( login, last_time ) values (0, 2021-01-04 10:00:24) on conditions username = 
10:00:24   UPDATING data to tables `log_login` fields ( logout_time ) values (2021-01-04:09:00:24) on conditions id =  AND username = 
10:00:45   UPDATING data to tables `time2vie_cirruscommon`.`login` fields ( login, last_time ) values (0, 2021-01-04 10:00:45) on conditions username = 
10:00:45   UPDATING data to tables `log_login` fields ( logout_time ) values (2021-01-04:09:00:45) on conditions id =  AND username = 
10:04:39   UPDATING data to tables `time2vie_cirruscommon`.`login` fields ( login, last_time ) values (0, 2021-01-04 10:04:39) on conditions username = 
10:04:39   UPDATING data to tables `log_login` fields ( logout_time ) values (2021-01-04:09:04:39) on conditions id =  AND username = 
10:24:05   UPDATING data to tables `time2vie_cirruscommon`.`login` fields ( login, last_time ) values (0, 2021-01-04 10:24:05) on conditions username = 
10:24:05   UPDATING data to tables `log_login` fields ( logout_time ) values (2021-01-04:09:24:05) on conditions id =  AND username = 
10:30:47   UPDATING data to tables `time2vie_cirruscommon`.`login` fields ( login, last_time ) values (0, 2021-01-04 10:30:47) on conditions username = 
10:30:47   UPDATING data to tables `log_login` fields ( logout_time ) values (2021-01-04:09:30:47) on conditions id =  AND username = 
10:31:32   UPDATING data to tables `time2vie_cirruscommon`.`login` fields ( login, last_time ) values (0, 2021-01-04 10:31:32) on conditions username = 
10:31:32   UPDATING data to tables `log_login` fields ( logout_time ) values (2021-01-04:09:31:32) on conditions id =  AND username = 
10:43:04   UPDATING data to tables `time2vie_cirruscommon`.`login` fields ( login, last_time ) values (0, 2021-01-04 10:43:04) on conditions username = 
10:43:04   UPDATING data to tables `log_login` fields ( logout_time ) values (2021-01-04:09:43:04) on conditions id =  AND username = 
10:46:41   UPDATING data to tables `time2vie_cirruscommon`.`login` fields ( login, last_time ) values (0, 2021-01-04 10:46:41) on conditions username = 
10:46:41   UPDATING data to tables `log_login` fields ( logout_time ) values (2021-01-04:09:46:41) on conditions id =  AND username = 
10:47:40   UPDATING data to tables `time2vie_cirruscommon`.`login` fields ( login, last_time ) values (0, 2021-01-04 10:47:40) on conditions username = 
10:47:40   UPDATING data to tables `log_login` fields ( logout_time ) values (2021-01-04:09:47:40) on conditions id =  AND username = 
10:48:31   UPDATING data to tables `time2vie_cirruscommon`.`login` fields ( login, last_time ) values (0, 2021-01-04 10:48:31) on conditions username = 
10:48:31   UPDATING data to tables `log_login` fields ( logout_time ) values (2021-01-04:09:48:31) on conditions id =  AND username = 
10:51:02   UPDATING data to tables `time2vie_cirruscommon`.`login` fields ( login, last_time ) values (0, 2021-01-04 10:51:02) on conditions username = 
10:51:02   UPDATING data to tables `log_login` fields ( logout_time ) values (2021-01-04:09:51:02) on conditions id =  AND username = 
10:51:13   UPDATING data to tables `time2vie_cirruscommon`.`login` fields ( login, last_time ) values (0, 2021-01-04 10:51:13) on conditions username = 
10:51:13   UPDATING data to tables `log_login` fields ( logout_time ) values (2021-01-04:09:51:13) on conditions id =  AND username = 
10:52:06   UPDATING data to tables `time2vie_cirruscommon`.`login` fields ( login, last_time ) values (0, 2021-01-04 10:52:06) on conditions username = 
10:52:06   UPDATING data to tables `log_login` fields ( logout_time ) values (2021-01-04:09:52:06) on conditions id =  AND username = 
10:54:13   UPDATING data to tables `time2vie_cirruscommon`.`login` fields ( login, last_time ) values (0, 2021-01-04 10:54:13) on conditions username = 
10:54:13   UPDATING data to tables `log_login` fields ( logout_time ) values (2021-01-04:09:54:13) on conditions id =  AND username = 
11:02:18   UPDATING data to tables `time2vie_cirruscommon`.`login` fields ( login, last_time ) values (0, 2021-01-04 11:02:18) on conditions username = 
11:02:18   UPDATING data to tables `log_login` fields ( logout_time ) values (2021-01-04:10:02:18) on conditions id =  AND username = 
11:03:14   UPDATING data to tables `time2vie_cirruscommon`.`login` fields ( login, last_time ) values (0, 2021-01-04 11:03:14) on conditions username = 
11:03:14   UPDATING data to tables `log_login` fields ( logout_time ) values (2021-01-04:10:03:14) on conditions id =  AND username = 
11:04:24   UPDATING data to tables `time2vie_cirruscommon`.`login` fields ( login, last_time ) values (0, 2021-01-04 11:04:24) on conditions username = 
11:04:24   UPDATING data to tables `log_login` fields ( logout_time ) values (2021-01-04:10:04:24) on conditions id =  AND username = 
11:06:32   UPDATING data to tables `time2vie_cirruscommon`.`login` fields ( login, last_time ) values (0, 2021-01-04 11:06:32) on conditions username = 
11:06:32   UPDATING data to tables `log_login` fields ( logout_time ) values (2021-01-04:10:06:32) on conditions id =  AND username = 
11:14:13   UPDATING data to tables `time2vie_cirruscommon`.`login` fields ( login, last_time ) values (0, 2021-01-04 11:14:13) on conditions username = 
11:14:13   UPDATING data to tables `log_login` fields ( logout_time ) values (2021-01-04:10:14:13) on conditions id =  AND username = 
11:25:20   UPDATING data to tables `time2vie_cirruscommon`.`login` fields ( login, last_time ) values (0, 2021-01-04 11:25:20) on conditions username = 
11:25:20   UPDATING data to tables `log_login` fields ( logout_time ) values (2021-01-04:10:25:20) on conditions id =  AND username = 
11:30:09   UPDATING data to tables `time2vie_cirruscommon`.`login` fields ( login, last_time ) values (0, 2021-01-04 11:30:09) on conditions username = 
11:30:09   UPDATING data to tables `log_login` fields ( logout_time ) values (2021-01-04:10:30:09) on conditions id =  AND username = 
11:30:53 soah002  UPDATING data to tables `time2vie_cirruscommon`.`secondary_login` fields ( error ) values (1) on conditions username = soah002 AND company_id = 3
11:34:23   UPDATING data to tables `time2vie_cirruscommon`.`login` fields ( login, last_time ) values (0, 2021-01-04 11:34:23) on conditions username = 
11:34:23   UPDATING data to tables `log_login` fields ( logout_time ) values (2021-01-04:10:34:23) on conditions id =  AND username = 
11:39:55   UPDATING data to tables `time2vie_cirruscommon`.`login` fields ( login, last_time ) values (0, 2021-01-04 11:39:55) on conditions username = 
11:39:55   UPDATING data to tables `log_login` fields ( logout_time ) values (2021-01-04:10:39:55) on conditions id =  AND username = 
11:41:09   UPDATING data to tables `time2vie_cirruscommon`.`login` fields ( login, last_time ) values (0, 2021-01-04 11:41:09) on conditions username = 
11:41:09   UPDATING data to tables `log_login` fields ( logout_time ) values (2021-01-04:10:41:09) on conditions id =  AND username = 
11:41:40   UPDATING data to tables `time2vie_cirruscommon`.`login` fields ( login, last_time ) values (0, 2021-01-04 11:41:40) on conditions username = 
11:41:40   UPDATING data to tables `log_login` fields ( logout_time ) values (2021-01-04:10:41:40) on conditions id =  AND username = 
11:43:44   UPDATING data to tables `time2vie_cirruscommon`.`login` fields ( login, last_time ) values (0, 2021-01-04 11:43:44) on conditions username = 
11:43:44   UPDATING data to tables `log_login` fields ( logout_time ) values (2021-01-04:10:43:44) on conditions id =  AND username = 
11:47:42   UPDATING data to tables `time2vie_cirruscommon`.`login` fields ( login, last_time ) values (0, 2021-01-04 11:47:42) on conditions username = 
11:47:42   UPDATING data to tables `log_login` fields ( logout_time ) values (2021-01-04:10:47:42) on conditions id =  AND username = 
11:52:16   UPDATING data to tables `time2vie_cirruscommon`.`login` fields ( login, last_time ) values (0, 2021-01-04 11:52:16) on conditions username = 
11:52:16   UPDATING data to tables `log_login` fields ( logout_time ) values (2021-01-04:10:52:16) on conditions id =  AND username = 
11:52:36   UPDATING data to tables `time2vie_cirruscommon`.`login` fields ( login, last_time ) values (0, 2021-01-04 11:52:36) on conditions username = 
11:52:36   UPDATING data to tables `log_login` fields ( logout_time ) values (2021-01-04:10:52:36) on conditions id =  AND username = 
11:52:50   UPDATING data to tables `time2vie_cirruscommon`.`login` fields ( login, last_time ) values (0, 2021-01-04 11:52:50) on conditions username = 
11:52:50   UPDATING data to tables `log_login` fields ( logout_time ) values (2021-01-04:10:52:50) on conditions id =  AND username = 
12:00:33   UPDATING data to tables `time2vie_cirruscommon`.`login` fields ( login, last_time ) values (0, 2021-01-04 12:00:33) on conditions username = 
12:00:33   UPDATING data to tables `log_login` fields ( logout_time ) values (2021-01-04:11:00:33) on conditions id =  AND username = 
12:01:20   UPDATING data to tables `time2vie_cirruscommon`.`login` fields ( login, last_time ) values (0, 2021-01-04 12:01:20) on conditions username = 
12:01:20   UPDATING data to tables `log_login` fields ( logout_time ) values (2021-01-04:11:01:20) on conditions id =  AND username = 
12:01:53   UPDATING data to tables `time2vie_cirruscommon`.`login` fields ( login, last_time ) values (0, 2021-01-04 12:01:53) on conditions username = 
12:01:53   UPDATING data to tables `log_login` fields ( logout_time ) values (2021-01-04:11:01:53) on conditions id =  AND username = 
12:02:58   UPDATING data to tables `time2vie_cirruscommon`.`login` fields ( login, last_time ) values (0, 2021-01-04 12:02:58) on conditions username = 
12:02:58   UPDATING data to tables `log_login` fields ( logout_time ) values (2021-01-04:11:02:58) on conditions id =  AND username = 
12:03:59   UPDATING data to tables `log_login` fields ( logout_time ) values (2021-01-04:11:03:59) on conditions id = 43229 AND username = emso004
12:04:44   UPDATING data to tables `time2vie_cirruscommon`.`login` fields ( login, last_time ) values (0, 2021-01-04 12:04:44) on conditions username = 
12:04:44   UPDATING data to tables `log_login` fields ( logout_time ) values (2021-01-04:11:04:44) on conditions id =  AND username = 
12:08:35   UPDATING data to tables `time2vie_cirruscommon`.`login` fields ( login, last_time ) values (0, 2021-01-04 12:08:35) on conditions username = 
12:08:35   UPDATING data to tables `log_login` fields ( logout_time ) values (2021-01-04:11:08:35) on conditions id =  AND username = 
12:20:23   UPDATING data to tables `time2vie_cirruscommon`.`login` fields ( login, last_time ) values (0, 2021-01-04 12:20:23) on conditions username = 
12:20:23   UPDATING data to tables `log_login` fields ( logout_time ) values (2021-01-04:11:20:23) on conditions id =  AND username = 
12:25:47   UPDATING data to tables `time2vie_cirruscommon`.`login` fields ( login, last_time ) values (0, 2021-01-04 12:25:47) on conditions username = 
12:25:47   UPDATING data to tables `log_login` fields ( logout_time ) values (2021-01-04:11:25:47) on conditions id =  AND username = 
12:27:50   UPDATING data to tables `time2vie_cirruscommon`.`login` fields ( login, last_time ) values (0, 2021-01-04 12:27:50) on conditions username = 
12:27:50   UPDATING data to tables `log_login` fields ( logout_time ) values (2021-01-04:11:27:50) on conditions id =  AND username = 
12:30:55   UPDATING data to tables `time2vie_cirruscommon`.`login` fields ( login, last_time ) values (0, 2021-01-04 12:30:55) on conditions username = 
12:30:55   UPDATING data to tables `log_login` fields ( logout_time ) values (2021-01-04:11:30:55) on conditions id =  AND username = 
12:33:09   UPDATING data to tables `time2vie_cirruscommon`.`login` fields ( login, last_time ) values (0, 2021-01-04 12:33:09) on conditions username = 
12:33:09   UPDATING data to tables `log_login` fields ( logout_time ) values (2021-01-04:11:33:09) on conditions id =  AND username = 
12:44:28   UPDATING data to tables `time2vie_cirruscommon`.`login` fields ( login, last_time ) values (0, 2021-01-04 12:44:28) on conditions username = 
12:44:28   UPDATING data to tables `log_login` fields ( logout_time ) values (2021-01-04:11:44:28) on conditions id =  AND username = 
12:48:19   UPDATING data to tables `time2vie_cirruscommon`.`login` fields ( login, last_time ) values (0, 2021-01-04 12:48:19) on conditions username = 
12:48:19   UPDATING data to tables `log_login` fields ( logout_time ) values (2021-01-04:11:48:19) on conditions id =  AND username = 
12:48:26 leer001  UPDATING data to tables `time2vie_cirruscommon`.`secondary_login` fields ( error ) values (1) on conditions username = leer001 AND company_id = 9
12:55:00   UPDATING data to tables `time2vie_cirruscommon`.`login` fields ( login, last_time ) values (0, 2021-01-04 12:55:00) on conditions username = 
12:55:00   UPDATING data to tables `log_login` fields ( logout_time ) values (2021-01-04:11:55:00) on conditions id =  AND username = 
12:56:12   UPDATING data to tables `time2vie_cirruscommon`.`login` fields ( login, last_time ) values (0, 2021-01-04 12:56:12) on conditions username = 
12:56:12   UPDATING data to tables `log_login` fields ( logout_time ) values (2021-01-04:11:56:12) on conditions id =  AND username = 
13:05:52   UPDATING data to tables `log_login` fields ( logout_time ) values (2021-01-04:12:05:52) on conditions id = 288508 AND username = lice003
13:13:54   UPDATING data to tables `time2vie_cirruscommon`.`login` fields ( login, last_time ) values (0, 2021-01-04 13:13:54) on conditions username = 
13:13:54   UPDATING data to tables `log_login` fields ( logout_time ) values (2021-01-04:12:13:54) on conditions id =  AND username = 
13:14:40   UPDATING data to tables `time2vie_cirruscommon`.`login` fields ( login, last_time ) values (0, 2021-01-04 13:14:40) on conditions username = 
13:14:40   UPDATING data to tables `log_login` fields ( logout_time ) values (2021-01-04:12:14:40) on conditions id =  AND username = 
13:18:28   UPDATING data to tables `time2vie_cirruscommon`.`login` fields ( login, last_time ) values (0, 2021-01-04 13:18:28) on conditions username = 
13:18:28   UPDATING data to tables `log_login` fields ( logout_time ) values (2021-01-04:12:18:28) on conditions id =  AND username = 
13:19:47   UPDATING data to tables `time2vie_cirruscommon`.`login` fields ( login, last_time ) values (0, 2021-01-04 13:19:47) on conditions username = 
13:19:47   UPDATING data to tables `log_login` fields ( logout_time ) values (2021-01-04:12:19:47) on conditions id =  AND username = 
13:24:04   UPDATING data to tables `time2vie_cirruscommon`.`login` fields ( login, last_time ) values (0, 2021-01-04 13:24:04) on conditions username = 
13:24:04   UPDATING data to tables `log_login` fields ( logout_time ) values (2021-01-04:12:24:04) on conditions id =  AND username = 
13:26:26   UPDATING data to tables `time2vie_cirruscommon`.`login` fields ( login, last_time ) values (0, 2021-01-04 13:26:26) on conditions username = 
13:26:26   UPDATING data to tables `log_login` fields ( logout_time ) values (2021-01-04:12:26:26) on conditions id =  AND username = 
13:27:49   UPDATING data to tables `time2vie_cirruscommon`.`login` fields ( login, last_time ) values (0, 2021-01-04 13:27:49) on conditions username = 
13:27:49   UPDATING data to tables `log_login` fields ( logout_time ) values (2021-01-04:12:27:49) on conditions id =  AND username = 
13:29:00   UPDATING data to tables `time2vie_cirruscommon`.`login` fields ( login, last_time ) values (0, 2021-01-04 13:29:00) on conditions username = 
13:29:00   UPDATING data to tables `log_login` fields ( logout_time ) values (2021-01-04:12:29:00) on conditions id =  AND username = 
13:30:14   UPDATING data to tables `time2vie_cirruscommon`.`login` fields ( login, last_time ) values (0, 2021-01-04 13:30:14) on conditions username = 
13:30:14   UPDATING data to tables `log_login` fields ( logout_time ) values (2021-01-04:12:30:14) on conditions id =  AND username = 
13:30:45   UPDATING data to tables `time2vie_cirruscommon`.`login` fields ( login, last_time ) values (0, 2021-01-04 13:30:45) on conditions username = 
13:30:45   UPDATING data to tables `log_login` fields ( logout_time ) values (2021-01-04:12:30:45) on conditions id =  AND username = 
13:37:03   UPDATING data to tables `time2vie_cirruscommon`.`login` fields ( login, last_time ) values (0, 2021-01-04 13:37:03) on conditions username = 
13:37:03   UPDATING data to tables `log_login` fields ( logout_time ) values (2021-01-04:12:37:03) on conditions id =  AND username = 
13:37:30   UPDATING data to tables `log_login` fields ( logout_time ) values (2021-01-04:12:37:30) on conditions id = 43237 AND username = moli003
13:41:03   UPDATING data to tables `time2vie_cirruscommon`.`login` fields ( login, last_time ) values (0, 2021-01-04 13:41:03) on conditions username = 
13:41:03   UPDATING data to tables `log_login` fields ( logout_time ) values (2021-01-04:12:41:03) on conditions id =  AND username = 
13:42:23   UPDATING data to tables `log_login` fields ( logout_time ) values (2021-01-04:12:42:23) on conditions id = 43242 AND username = anbj008
13:42:33   UPDATING data to tables `time2vie_cirruscommon`.`login` fields ( login, last_time ) values (0, 2021-01-04 13:42:33) on conditions username = 
13:42:33   UPDATING data to tables `log_login` fields ( logout_time ) values (2021-01-04:12:42:33) on conditions id =  AND username = 
13:42:58 kaha002  UPDATING data to tables `time2vie_cirruscommon`.`secondary_login` fields ( error ) values (1) on conditions username = kaha002 AND company_id = 5
13:43:00   UPDATING data to tables `time2vie_cirruscommon`.`login` fields ( login, last_time ) values (0, 2021-01-04 13:43:00) on conditions username = 
13:43:00   UPDATING data to tables `log_login` fields ( logout_time ) values (2021-01-04:12:43:00) on conditions id =  AND username = 
13:43:01 kaha002  UPDATING data to tables `time2vie_cirruscommon`.`secondary_login` fields ( error ) values (2) on conditions username = kaha002 AND company_id = 5
13:45:24   UPDATING data to tables `time2vie_cirruscommon`.`login` fields ( login, last_time ) values (0, 2021-01-04 13:45:24) on conditions username = 
13:45:24   UPDATING data to tables `log_login` fields ( logout_time ) values (2021-01-04:12:45:24) on conditions id =  AND username = 
14:03:37   UPDATING data to tables `time2vie_cirruscommon`.`login` fields ( login, last_time ) values (0, 2021-01-04 14:03:37) on conditions username = 
14:03:37   UPDATING data to tables `log_login` fields ( logout_time ) values (2021-01-04:13:03:37) on conditions id =  AND username = 
14:11:33   UPDATING data to tables `time2vie_cirruscommon`.`login` fields ( login, last_time ) values (0, 2021-01-04 14:11:33) on conditions username = 
14:11:33   UPDATING data to tables `log_login` fields ( logout_time ) values (2021-01-04:13:11:33) on conditions id =  AND username = 
14:12:11   UPDATING data to tables `time2vie_cirruscommon`.`login` fields ( login, last_time ) values (0, 2021-01-04 14:12:11) on conditions username = 
14:12:11   UPDATING data to tables `log_login` fields ( logout_time ) values (2021-01-04:13:12:11) on conditions id =  AND username = 
14:15:03   UPDATING data to tables `log_login` fields ( logout_time ) values (2021-01-04:13:15:03) on conditions id = 57442 AND username = flde001
14:29:18   UPDATING data to tables `time2vie_cirruscommon`.`login` fields ( login, last_time ) values (0, 2021-01-04 14:29:18) on conditions username = 
14:29:18   UPDATING data to tables `log_login` fields ( logout_time ) values (2021-01-04:13:29:18) on conditions id =  AND username = 
14:29:34 awgh001  UPDATING data to tables `time2vie_cirruscommon`.`secondary_login` fields ( error ) values (1) on conditions username = awgh001 AND company_id = 3
14:29:54 awgh001  UPDATING data to tables `time2vie_cirruscommon`.`secondary_login` fields ( error ) values (2) on conditions username = awgh001 AND company_id = 3
14:40:02   UPDATING data to tables `time2vie_cirruscommon`.`login` fields ( login, last_time ) values (0, 2021-01-04 14:40:02) on conditions username = 
14:40:02   UPDATING data to tables `log_login` fields ( logout_time ) values (2021-01-04:13:40:02) on conditions id =  AND username = 
14:47:36   UPDATING data to tables `time2vie_cirruscommon`.`login` fields ( login, last_time ) values (0, 2021-01-04 14:47:36) on conditions username = 
14:47:36   UPDATING data to tables `log_login` fields ( logout_time ) values (2021-01-04:13:47:36) on conditions id =  AND username = 
14:48:40   UPDATING data to tables `time2vie_cirruscommon`.`login` fields ( login, last_time ) values (0, 2021-01-04 14:48:40) on conditions username = 
14:48:40   UPDATING data to tables `log_login` fields ( logout_time ) values (2021-01-04:13:48:40) on conditions id =  AND username = 
14:51:41   UPDATING data to tables `time2vie_cirruscommon`.`login` fields ( login, last_time ) values (0, 2021-01-04 14:51:41) on conditions username = 
14:51:41   UPDATING data to tables `log_login` fields ( logout_time ) values (2021-01-04:13:51:41) on conditions id =  AND username = 
14:52:29   UPDATING data to tables `time2vie_cirruscommon`.`login` fields ( login, last_time ) values (0, 2021-01-04 14:52:29) on conditions username = 
14:52:29   UPDATING data to tables `log_login` fields ( logout_time ) values (2021-01-04:13:52:29) on conditions id =  AND username = 
14:59:12   UPDATING data to tables `log_login` fields ( logout_time ) values (2021-01-04:13:59:12) on conditions id = 29009 AND username = awgh001
15:01:24   UPDATING data to tables `time2vie_cirruscommon`.`login` fields ( login, last_time ) values (0, 2021-01-04 15:01:24) on conditions username = 
15:01:24   UPDATING data to tables `log_login` fields ( logout_time ) values (2021-01-04:14:01:24) on conditions id =  AND username = 
15:05:34   UPDATING data to tables `time2vie_cirruscommon`.`login` fields ( login, last_time ) values (0, 2021-01-04 15:05:34) on conditions username = 
15:05:34   UPDATING data to tables `log_login` fields ( logout_time ) values (2021-01-04:14:05:34) on conditions id =  AND username = 
15:08:50 alsa006  UPDATING data to tables `time2vie_cirruscommon`.`secondary_login` fields ( error ) values (1) on conditions username = alsa006 AND company_id = 3
15:09:08 alsa006  UPDATING data to tables `time2vie_cirruscommon`.`secondary_login` fields ( error ) values (2) on conditions username = alsa006 AND company_id = 3
15:09:09 alsa006  UPDATING data to tables `time2vie_cirruscommon`.`secondary_login` fields ( error ) values (3) on conditions username = alsa006 AND company_id = 3
15:09:49   UPDATING data to tables `log_login` fields ( logout_time ) values (2021-01-04:14:09:49) on conditions id = 29019 AND username = awgh001
15:11:04   UPDATING data to tables `log_login` fields ( logout_time ) values (2021-01-04:14:11:04) on conditions id = 29032 AND username = mual003
15:12:46   UPDATING data to tables `log_login` fields ( logout_time ) values (2021-01-04:14:12:46) on conditions id = 29035 AND username = awgh001
15:41:16   UPDATING data to tables `time2vie_cirruscommon`.`login` fields ( login, last_time ) values (0, 2021-01-04 15:41:16) on conditions username = 
15:41:16   UPDATING data to tables `log_login` fields ( logout_time ) values (2021-01-04:14:41:16) on conditions id =  AND username = 
15:43:32   UPDATING data to tables `time2vie_cirruscommon`.`login` fields ( login, last_time ) values (0, 2021-01-04 15:43:32) on conditions username = 
15:43:32   UPDATING data to tables `log_login` fields ( logout_time ) values (2021-01-04:14:43:32) on conditions id =  AND username = 
15:43:38   UPDATING data to tables `log_login` fields ( logout_time ) values (2021-01-04:14:43:38) on conditions id = 17002 AND username = pagu001
15:49:05   UPDATING data to tables `time2vie_cirruscommon`.`login` fields ( login, last_time ) values (0, 2021-01-04 15:49:05) on conditions username = 
15:49:05   UPDATING data to tables `log_login` fields ( logout_time ) values (2021-01-04:14:49:05) on conditions id =  AND username = 
15:49:30   UPDATING data to tables `time2vie_cirruscommon`.`login` fields ( login, last_time ) values (0, 2021-01-04 15:49:30) on conditions username = 
15:49:30   UPDATING data to tables `log_login` fields ( logout_time ) values (2021-01-04:14:49:30) on conditions id =  AND username = 
15:57:00   UPDATING data to tables `time2vie_cirruscommon`.`login` fields ( login, last_time ) values (0, 2021-01-04 15:57:00) on conditions username = 
15:57:00   UPDATING data to tables `log_login` fields ( logout_time ) values (2021-01-04:14:57:00) on conditions id =  AND username = 
15:57:28 hiad001  INSERTING data into tables `time2vie_cirruscommon`.`sms_otp` fields ( user_id, company_id, mobile, otp, purpose, date ) values ( hiad001, 9, 765940070, 975901, PASSWORD_RECOVERY, 2021-01-04 15:57:28 ) => {inserted_id = 1552}
15:57:28 hiad001  INSERTING data into tables `time2vie_cirrus9`.`log_sms` fields ( from_user, to_user, to_no, message, status ) values ( unknown, hiad001, 765940070, %0ADitt engångslösenord är 975901.%0AAnvändarnamn : hiad001%0AFöretag : Libra assistans AB%0ATänk på att lösenordet är en personlig värdehandling. Hälsningar Time2view CIRRUS, 1 ) => {inserted_id = 12891}
15:58:43   UPDATING data to tables `time2vie_cirruscommon`.`login` fields ( login, last_time ) values (0, 2021-01-04 15:58:43) on conditions username = 
15:58:43   UPDATING data to tables `log_login` fields ( logout_time ) values (2021-01-04:14:58:43) on conditions id =  AND username = 
16:17:23   UPDATING data to tables `time2vie_cirruscommon`.`login` fields ( login, last_time ) values (0, 2021-01-04 16:17:23) on conditions username = 
16:17:23   UPDATING data to tables `log_login` fields ( logout_time ) values (2021-01-04:15:17:23) on conditions id =  AND username = 
16:21:22   UPDATING data to tables `time2vie_cirruscommon`.`login` fields ( login, last_time ) values (0, 2021-01-04 16:21:22) on conditions username = 
16:21:22   UPDATING data to tables `log_login` fields ( logout_time ) values (2021-01-04:15:21:22) on conditions id =  AND username = 
16:27:35   UPDATING data to tables `time2vie_cirruscommon`.`login` fields ( login, last_time ) values (0, 2021-01-04 16:27:35) on conditions username = 
16:27:35   UPDATING data to tables `log_login` fields ( logout_time ) values (2021-01-04:15:27:35) on conditions id =  AND username = 
16:30:00   UPDATING data to tables `time2vie_cirruscommon`.`login` fields ( login, last_time ) values (0, 2021-01-04 16:30:00) on conditions username = 
16:30:00   UPDATING data to tables `log_login` fields ( logout_time ) values (2021-01-04:15:30:00) on conditions id =  AND username = 
16:36:18   UPDATING data to tables `time2vie_cirruscommon`.`login` fields ( login, last_time ) values (0, 2021-01-04 16:36:18) on conditions username = 
16:36:18   UPDATING data to tables `log_login` fields ( logout_time ) values (2021-01-04:15:36:18) on conditions id =  AND username = 
16:37:43   UPDATING data to tables `time2vie_cirruscommon`.`login` fields ( login, last_time ) values (0, 2021-01-04 16:37:43) on conditions username = 
16:37:43   UPDATING data to tables `log_login` fields ( logout_time ) values (2021-01-04:15:37:43) on conditions id =  AND username = 
16:38:28   UPDATING data to tables `time2vie_cirruscommon`.`login` fields ( login, last_time ) values (0, 2021-01-04 16:38:28) on conditions username = 
16:38:28   UPDATING data to tables `log_login` fields ( logout_time ) values (2021-01-04:15:38:28) on conditions id =  AND username = 
16:45:30   UPDATING data to tables `time2vie_cirruscommon`.`login` fields ( login, last_time ) values (0, 2021-01-04 16:45:30) on conditions username = 
16:45:30   UPDATING data to tables `log_login` fields ( logout_time ) values (2021-01-04:15:45:30) on conditions id =  AND username = 
16:56:39   UPDATING data to tables `time2vie_cirruscommon`.`login` fields ( login, last_time ) values (0, 2021-01-04 16:56:39) on conditions username = 
16:56:39   UPDATING data to tables `log_login` fields ( logout_time ) values (2021-01-04:15:56:39) on conditions id =  AND username = 
17:15:27   UPDATING data to tables `time2vie_cirruscommon`.`login` fields ( login, last_time ) values (0, 2021-01-04 17:15:27) on conditions username = 
17:15:27   UPDATING data to tables `log_login` fields ( logout_time ) values (2021-01-04:16:15:27) on conditions id =  AND username = 
17:44:23   UPDATING data to tables `time2vie_cirruscommon`.`login` fields ( login, last_time ) values (0, 2021-01-04 17:44:23) on conditions username = 
17:44:23   UPDATING data to tables `log_login` fields ( logout_time ) values (2021-01-04:16:44:23) on conditions id =  AND username = 
18:14:01   UPDATING data to tables `time2vie_cirruscommon`.`login` fields ( login, last_time ) values (0, 2021-01-04 18:14:01) on conditions username = 
18:14:01   UPDATING data to tables `log_login` fields ( logout_time ) values (2021-01-04:17:14:01) on conditions id =  AND username = 
18:23:53   UPDATING data to tables `time2vie_cirruscommon`.`login` fields ( login, last_time ) values (0, 2021-01-04 18:23:53) on conditions username = 
18:23:53   UPDATING data to tables `log_login` fields ( logout_time ) values (2021-01-04:17:23:53) on conditions id =  AND username = 
18:45:33   UPDATING data to tables `time2vie_cirruscommon`.`login` fields ( login, last_time ) values (0, 2021-01-04 18:45:33) on conditions username = 
18:45:33   UPDATING data to tables `log_login` fields ( logout_time ) values (2021-01-04:17:45:33) on conditions id =  AND username = 
18:45:52 inid001  UPDATING data to tables `time2vie_cirruscommon`.`secondary_login` fields ( error ) values (1) on conditions username = inid001 AND company_id = 12
18:47:49   UPDATING data to tables `time2vie_cirruscommon`.`login` fields ( login, last_time ) values (0, 2021-01-04 18:47:49) on conditions username = 
18:47:49   UPDATING data to tables `log_login` fields ( logout_time ) values (2021-01-04:17:47:49) on conditions id =  AND username = 
19:03:23   UPDATING data to tables `time2vie_cirruscommon`.`login` fields ( login, last_time ) values (0, 2021-01-04 19:03:23) on conditions username = 
19:03:23   UPDATING data to tables `log_login` fields ( logout_time ) values (2021-01-04:18:03:23) on conditions id =  AND username = 
19:09:50   UPDATING data to tables `time2vie_cirruscommon`.`login` fields ( login, last_time ) values (0, 2021-01-04 19:09:50) on conditions username = 
19:09:50   UPDATING data to tables `log_login` fields ( logout_time ) values (2021-01-04:18:09:50) on conditions id =  AND username = 
19:39:45   UPDATING data to tables `time2vie_cirruscommon`.`login` fields ( login, last_time ) values (0, 2021-01-04 19:39:45) on conditions username = 
19:39:45   UPDATING data to tables `log_login` fields ( logout_time ) values (2021-01-04:18:39:45) on conditions id =  AND username = 
19:52:43   UPDATING data to tables `time2vie_cirruscommon`.`login` fields ( login, last_time ) values (0, 2021-01-04 19:52:43) on conditions username = 
19:52:43   UPDATING data to tables `log_login` fields ( logout_time ) values (2021-01-04:18:52:43) on conditions id =  AND username = 
19:57:58   UPDATING data to tables `time2vie_cirruscommon`.`login` fields ( login, last_time ) values (0, 2021-01-04 19:57:58) on conditions username = 
19:57:58   UPDATING data to tables `log_login` fields ( logout_time ) values (2021-01-04:18:57:58) on conditions id =  AND username = 
20:09:03   UPDATING data to tables `time2vie_cirruscommon`.`login` fields ( login, last_time ) values (0, 2021-01-04 20:09:03) on conditions username = 
20:09:03   UPDATING data to tables `log_login` fields ( logout_time ) values (2021-01-04:19:09:03) on conditions id =  AND username = 
20:10:40   UPDATING data to tables `time2vie_cirruscommon`.`login` fields ( login, last_time ) values (0, 2021-01-04 20:10:40) on conditions username = 
20:10:40   UPDATING data to tables `log_login` fields ( logout_time ) values (2021-01-04:19:10:40) on conditions id =  AND username = 
20:11:10   UPDATING data to tables `time2vie_cirruscommon`.`login` fields ( login, last_time ) values (0, 2021-01-04 20:11:10) on conditions username = 
20:11:10   UPDATING data to tables `log_login` fields ( logout_time ) values (2021-01-04:19:11:10) on conditions id =  AND username = 
20:20:58   UPDATING data to tables `time2vie_cirruscommon`.`login` fields ( login, last_time ) values (0, 2021-01-04 20:20:58) on conditions username = 
20:20:58   UPDATING data to tables `log_login` fields ( logout_time ) values (2021-01-04:19:20:58) on conditions id =  AND username = 
20:23:36   UPDATING data to tables `time2vie_cirruscommon`.`login` fields ( login, last_time ) values (0, 2021-01-04 20:23:36) on conditions username = 
20:23:36   UPDATING data to tables `log_login` fields ( logout_time ) values (2021-01-04:19:23:36) on conditions id =  AND username = 
20:36:38   UPDATING data to tables `log_login` fields ( logout_time ) values (2021-01-04:19:36:38) on conditions id = 609460 AND username = mala008
20:36:51 mala008  UPDATING data to tables `time2vie_cirruscommon`.`secondary_login` fields ( error ) values (1) on conditions username = mala008 AND company_id = 9
21:04:43   UPDATING data to tables `time2vie_cirruscommon`.`login` fields ( login, last_time ) values (0, 2021-01-04 21:04:43) on conditions username = 
21:04:43   UPDATING data to tables `log_login` fields ( logout_time ) values (2021-01-04:20:04:43) on conditions id =  AND username = 
21:10:30   UPDATING data to tables `time2vie_cirruscommon`.`login` fields ( login, last_time ) values (0, 2021-01-04 21:10:30) on conditions username = 
21:10:30   UPDATING data to tables `log_login` fields ( logout_time ) values (2021-01-04:20:10:30) on conditions id =  AND username = 
21:15:11   UPDATING data to tables `time2vie_cirruscommon`.`login` fields ( login, last_time ) values (0, 2021-01-04 21:15:11) on conditions username = 
21:15:11   UPDATING data to tables `log_login` fields ( logout_time ) values (2021-01-04:20:15:11) on conditions id =  AND username = 
21:40:09   UPDATING data to tables `time2vie_cirruscommon`.`login` fields ( login, last_time ) values (0, 2021-01-04 21:40:09) on conditions username = 
21:40:09   UPDATING data to tables `log_login` fields ( logout_time ) values (2021-01-04:20:40:09) on conditions id =  AND username = 
21:44:41   UPDATING data to tables `time2vie_cirruscommon`.`login` fields ( login, last_time ) values (0, 2021-01-04 21:44:41) on conditions username = 
21:44:41   UPDATING data to tables `log_login` fields ( logout_time ) values (2021-01-04:20:44:41) on conditions id =  AND username = 
22:05:01   UPDATING data to tables `time2vie_cirruscommon`.`login` fields ( login, last_time ) values (0, 2021-01-04 22:05:01) on conditions username = 
22:05:01   UPDATING data to tables `log_login` fields ( logout_time ) values (2021-01-04:21:05:01) on conditions id =  AND username = 
22:06:50   UPDATING data to tables `time2vie_cirruscommon`.`login` fields ( login, last_time ) values (0, 2021-01-04 22:06:50) on conditions username = 
22:06:50   UPDATING data to tables `log_login` fields ( logout_time ) values (2021-01-04:21:06:50) on conditions id =  AND username = 
22:43:32   UPDATING data to tables `time2vie_cirruscommon`.`login` fields ( login, last_time ) values (0, 2021-01-04 22:43:32) on conditions username = 
22:43:32   UPDATING data to tables `log_login` fields ( logout_time ) values (2021-01-04:21:43:32) on conditions id =  AND username = 
23:33:31   UPDATING data to tables `time2vie_cirruscommon`.`login` fields ( login, last_time ) values (0, 2021-01-04 23:33:31) on conditions username = 
23:33:31   UPDATING data to tables `log_login` fields ( logout_time ) values (2021-01-04:22:33:31) on conditions id =  AND username = 
23:36:49 lisa004  UPDATING data to tables `time2vie_cirruscommon`.`secondary_login` fields ( error ) values (1) on conditions username = lisa004 AND company_id = 7
23:44:12   UPDATING data to tables `time2vie_cirruscommon`.`login` fields ( login, last_time ) values (0, 2021-01-04 23:44:12) on conditions username = 
23:44:12   UPDATING data to tables `log_login` fields ( logout_time ) values (2021-01-04:22:44:12) on conditions id =  AND username = 
00:00:15   UPDATING data to tables `time2vie_cirruscommon`.`login` fields ( login, last_time ) values (0, 2021-01-05 00:00:15) on conditions username = 
00:00:15   UPDATING data to tables `log_login` fields ( logout_time ) values (2021-01-04:23:00:15) on conditions id =  AND username = 
00:02:44   UPDATING data to tables `time2vie_cirruscommon`.`login` fields ( login, last_time ) values (0, 2021-01-05 00:02:44) on conditions username = 
00:02:44   UPDATING data to tables `log_login` fields ( logout_time ) values (2021-01-04:23:02:44) on conditions id =  AND username = 
00:14:52   UPDATING data to tables `time2vie_cirruscommon`.`login` fields ( login, last_time ) values (0, 2021-01-05 00:14:52) on conditions username = 
00:14:52   UPDATING data to tables `log_login` fields ( logout_time ) values (2021-01-04:23:14:52) on conditions id =  AND username = 
00:40:16   UPDATING data to tables `time2vie_cirruscommon`.`login` fields ( login, last_time ) values (0, 2021-01-05 00:40:16) on conditions username = 
00:40:16   UPDATING data to tables `log_login` fields ( logout_time ) values (2021-01-04:23:40:16) on conditions id =  AND username = 
