02:29:19   UPDATING data to tables `time2vie_cirruscommon`.`login` fields ( login, last_time ) values (0, 2021-01-10 02:29:19) on conditions username = 
02:29:19   UPDATING data to tables `log_login` fields ( logout_time ) values (2021-01-10:01:29:19) on conditions id =  AND username = 
02:29:40 maer015  UPDATING data to tables `time2vie_cirruscommon`.`secondary_login` fields ( error ) values (11) on conditions username = maer015 AND company_id = 7
02:29:58 maer015  UPDATING data to tables `time2vie_cirruscommon`.`secondary_login` fields ( error ) values (12) on conditions username = maer015 AND company_id = 7
02:30:04 maer015  UPDATING data to tables `time2vie_cirruscommon`.`secondary_login` fields ( error ) values (13) on conditions username = maer015 AND company_id = 7
06:41:27   UPDATING data to tables `time2vie_cirruscommon`.`login` fields ( login, last_time ) values (0, 2021-01-10 06:41:27) on conditions username = 
06:41:27   UPDATING data to tables `log_login` fields ( logout_time ) values (2021-01-10:05:41:27) on conditions id =  AND username = 
06:54:00   UPDATING data to tables `time2vie_cirruscommon`.`login` fields ( login, last_time ) values (0, 2021-01-10 06:54:00) on conditions username = 
06:54:00   UPDATING data to tables `log_login` fields ( logout_time ) values (2021-01-10:05:54:00) on conditions id =  AND username = 
06:54:18 napo002  UPDATING data to tables `time2vie_cirruscommon`.`secondary_login` fields ( error ) values (1) on conditions username = napo002 AND company_id = 9
07:34:35   UPDATING data to tables `time2vie_cirruscommon`.`login` fields ( login, last_time ) values (0, 2021-01-10 07:34:35) on conditions username = 
07:34:35   UPDATING data to tables `log_login` fields ( logout_time ) values (2021-01-10:06:34:35) on conditions id =  AND username = 
07:54:16   UPDATING data to tables `time2vie_cirruscommon`.`login` fields ( login, last_time ) values (0, 2021-01-10 07:54:16) on conditions username = 
07:54:16   UPDATING data to tables `log_login` fields ( logout_time ) values (2021-01-10:06:54:16) on conditions id =  AND username = 
08:36:26   UPDATING data to tables `time2vie_cirruscommon`.`login` fields ( login, last_time ) values (0, 2021-01-10 08:36:26) on conditions username = 
08:36:26   UPDATING data to tables `log_login` fields ( logout_time ) values (2021-01-10:07:36:26) on conditions id =  AND username = 
09:08:17   UPDATING data to tables `time2vie_cirruscommon`.`login` fields ( login, last_time ) values (0, 2021-01-10 09:08:17) on conditions username = 
09:08:17   UPDATING data to tables `log_login` fields ( logout_time ) values (2021-01-10:08:08:17) on conditions id =  AND username = 
09:11:54   UPDATING data to tables `time2vie_cirruscommon`.`login` fields ( login, last_time ) values (0, 2021-01-10 09:11:54) on conditions username = 
09:11:54   UPDATING data to tables `log_login` fields ( logout_time ) values (2021-01-10:08:11:54) on conditions id =  AND username = 
09:22:29   UPDATING data to tables `time2vie_cirruscommon`.`login` fields ( login, last_time ) values (0, 2021-01-10 09:22:29) on conditions username = 
09:22:29   UPDATING data to tables `log_login` fields ( logout_time ) values (2021-01-10:08:22:29) on conditions id =  AND username = 
09:22:38   UPDATING data to tables `time2vie_cirruscommon`.`login` fields ( login, last_time ) values (0, 2021-01-10 09:22:38) on conditions username = 
09:22:38   UPDATING data to tables `log_login` fields ( logout_time ) values (2021-01-10:08:22:38) on conditions id =  AND username = 
09:25:17   UPDATING data to tables `time2vie_cirruscommon`.`login` fields ( login, last_time ) values (0, 2021-01-10 09:25:17) on conditions username = 
09:25:17   UPDATING data to tables `log_login` fields ( logout_time ) values (2021-01-10:08:25:17) on conditions id =  AND username = 
09:26:01   UPDATING data to tables `time2vie_cirruscommon`.`login` fields ( login, last_time ) values (0, 2021-01-10 09:26:01) on conditions username = 
09:26:01   UPDATING data to tables `log_login` fields ( logout_time ) values (2021-01-10:08:26:01) on conditions id =  AND username = 
09:35:04   UPDATING data to tables `time2vie_cirruscommon`.`login` fields ( login, last_time ) values (0, 2021-01-10 09:35:04) on conditions username = 
09:35:04   UPDATING data to tables `log_login` fields ( logout_time ) values (2021-01-10:08:35:04) on conditions id =  AND username = 
10:06:40   UPDATING data to tables `time2vie_cirruscommon`.`login` fields ( login, last_time ) values (0, 2021-01-10 10:06:40) on conditions username = 
10:06:40   UPDATING data to tables `log_login` fields ( logout_time ) values (2021-01-10:09:06:40) on conditions id =  AND username = 
10:17:38   UPDATING data to tables `time2vie_cirruscommon`.`login` fields ( login, last_time ) values (0, 2021-01-10 10:17:38) on conditions username = 
10:17:38   UPDATING data to tables `log_login` fields ( logout_time ) values (2021-01-10:09:17:38) on conditions id =  AND username = 
10:48:58   UPDATING data to tables `time2vie_cirruscommon`.`login` fields ( login, last_time ) values (0, 2021-01-10 10:48:58) on conditions username = 
10:48:58   UPDATING data to tables `log_login` fields ( logout_time ) values (2021-01-10:09:48:58) on conditions id =  AND username = 
10:53:08   UPDATING data to tables `time2vie_cirruscommon`.`login` fields ( login, last_time ) values (0, 2021-01-10 10:53:08) on conditions username = 
10:53:08   UPDATING data to tables `log_login` fields ( logout_time ) values (2021-01-10:09:53:08) on conditions id =  AND username = 
10:55:28   UPDATING data to tables `time2vie_cirruscommon`.`login` fields ( login, last_time ) values (0, 2021-01-10 10:55:28) on conditions username = 
10:55:28   UPDATING data to tables `log_login` fields ( logout_time ) values (2021-01-10:09:55:28) on conditions id =  AND username = 
10:56:25   UPDATING data to tables `time2vie_cirruscommon`.`login` fields ( login, last_time ) values (0, 2021-01-10 10:56:25) on conditions username = 
10:56:25   UPDATING data to tables `log_login` fields ( logout_time ) values (2021-01-10:09:56:25) on conditions id =  AND username = 
11:02:32   UPDATING data to tables `time2vie_cirruscommon`.`login` fields ( login, last_time ) values (0, 2021-01-10 11:02:32) on conditions username = 
11:02:32   UPDATING data to tables `log_login` fields ( logout_time ) values (2021-01-10:10:02:32) on conditions id =  AND username = 
11:09:21   UPDATING data to tables `log_login` fields ( logout_time ) values (2021-01-10:10:09:21) on conditions id = 17153 AND username = hejo003
11:19:56   UPDATING data to tables `log_login` fields ( logout_time ) values (2021-01-10:10:19:56) on conditions id = 17154 AND username = hejo003
11:37:14   UPDATING data to tables `time2vie_cirruscommon`.`login` fields ( login, last_time ) values (0, 2021-01-10 11:37:14) on conditions username = 
11:37:14   UPDATING data to tables `log_login` fields ( logout_time ) values (2021-01-10:10:37:14) on conditions id =  AND username = 
11:37:47   UPDATING data to tables `time2vie_cirruscommon`.`login` fields ( login, last_time ) values (0, 2021-01-10 11:37:47) on conditions username = 
11:37:47   UPDATING data to tables `log_login` fields ( logout_time ) values (2021-01-10:10:37:47) on conditions id =  AND username = 
11:38:29   UPDATING data to tables `time2vie_cirruscommon`.`login` fields ( login, last_time ) values (0, 2021-01-10 11:38:29) on conditions username = 
11:38:29   UPDATING data to tables `log_login` fields ( logout_time ) values (2021-01-10:10:38:29) on conditions id =  AND username = 
11:45:35   UPDATING data to tables `log_login` fields ( logout_time ) values (2021-01-10:10:45:35) on conditions id = 17155 AND username = hejo003
12:32:56   UPDATING data to tables `log_login` fields ( logout_time ) values (2021-01-10:11:32:56) on conditions id = 17156 AND username = hejo003
12:33:09 hejo003  UPDATING data to tables `time2vie_cirruscommon`.`secondary_login` fields ( error ) values (1) on conditions username = hejo003 AND company_id = 20
12:48:31   UPDATING data to tables `log_login` fields ( logout_time ) values (2021-01-10:11:48:31) on conditions id = 17157 AND username = hejo003
13:10:51   UPDATING data to tables `log_login` fields ( logout_time ) values (2021-01-10:12:10:51) on conditions id = 17160 AND username = hejo003
13:34:54   UPDATING data to tables `log_login` fields ( logout_time ) values (2021-01-10:12:34:54) on conditions id = 17161 AND username = hejo003
13:54:01   UPDATING data to tables `time2vie_cirruscommon`.`login` fields ( login, last_time ) values (0, 2021-01-10 13:54:01) on conditions username = 
13:54:01   UPDATING data to tables `log_login` fields ( logout_time ) values (2021-01-10:12:54:01) on conditions id =  AND username = 
13:54:10   UPDATING data to tables `log_login` fields ( logout_time ) values (2021-01-10:12:54:10) on conditions id = 17164 AND username = hejo003
14:03:21   UPDATING data to tables `time2vie_cirruscommon`.`login` fields ( login, last_time ) values (0, 2021-01-10 14:03:21) on conditions username = 
14:03:21   UPDATING data to tables `log_login` fields ( logout_time ) values (2021-01-10:13:03:21) on conditions id =  AND username = 
14:06:16   UPDATING data to tables `time2vie_cirruscommon`.`login` fields ( login, last_time ) values (0, 2021-01-10 14:06:16) on conditions username = 
14:06:16   UPDATING data to tables `log_login` fields ( logout_time ) values (2021-01-10:13:06:16) on conditions id =  AND username = 
14:14:33   UPDATING data to tables `log_login` fields ( logout_time ) values (2021-01-10:13:14:33) on conditions id = 17165 AND username = hejo003
14:15:31   UPDATING data to tables `time2vie_cirruscommon`.`login` fields ( login, last_time ) values (0, 2021-01-10 14:15:31) on conditions username = 
14:15:31   UPDATING data to tables `log_login` fields ( logout_time ) values (2021-01-10:13:15:31) on conditions id =  AND username = 
14:27:32   UPDATING data to tables `time2vie_cirruscommon`.`login` fields ( login, last_time ) values (0, 2021-01-10 14:27:32) on conditions username = 
14:27:32   UPDATING data to tables `log_login` fields ( logout_time ) values (2021-01-10:13:27:32) on conditions id =  AND username = 
14:27:50 casv004  UPDATING data to tables `time2vie_cirruscommon`.`secondary_login` fields ( error ) values (1) on conditions username = casv004 AND company_id = 7
14:28:56   UPDATING data to tables `time2vie_cirruscommon`.`login` fields ( login, last_time ) values (0, 2021-01-10 14:28:56) on conditions username = 
14:28:56   UPDATING data to tables `log_login` fields ( logout_time ) values (2021-01-10:13:28:56) on conditions id =  AND username = 
14:32:15   UPDATING data to tables `time2vie_cirruscommon`.`login` fields ( login, last_time ) values (0, 2021-01-10 14:32:15) on conditions username = 
14:32:15   UPDATING data to tables `log_login` fields ( logout_time ) values (2021-01-10:13:32:15) on conditions id =  AND username = 
14:41:13   UPDATING data to tables `log_login` fields ( logout_time ) values (2021-01-10:13:41:13) on conditions id = 17166 AND username = hejo003
14:54:24   UPDATING data to tables `time2vie_cirruscommon`.`login` fields ( login, last_time ) values (0, 2021-01-10 14:54:24) on conditions username = 
14:54:24   UPDATING data to tables `log_login` fields ( logout_time ) values (2021-01-10:13:54:24) on conditions id =  AND username = 
14:57:23   UPDATING data to tables `time2vie_cirruscommon`.`login` fields ( login, last_time ) values (0, 2021-01-10 14:57:23) on conditions username = 
14:57:23   UPDATING data to tables `log_login` fields ( logout_time ) values (2021-01-10:13:57:23) on conditions id =  AND username = 
15:00:41   UPDATING data to tables `log_login` fields ( logout_time ) values (2021-01-10:14:00:41) on conditions id = 17167 AND username = hejo003
15:06:47   UPDATING data to tables `time2vie_cirruscommon`.`login` fields ( login, last_time ) values (0, 2021-01-10 15:06:47) on conditions username = 
15:06:47   UPDATING data to tables `log_login` fields ( logout_time ) values (2021-01-10:14:06:47) on conditions id =  AND username = 
15:36:54   UPDATING data to tables `time2vie_cirruscommon`.`login` fields ( login, last_time ) values (0, 2021-01-10 15:36:54) on conditions username = 
15:36:54   UPDATING data to tables `log_login` fields ( logout_time ) values (2021-01-10:14:36:54) on conditions id =  AND username = 
16:17:51   UPDATING data to tables `time2vie_cirruscommon`.`login` fields ( login, last_time ) values (0, 2021-01-10 16:17:51) on conditions username = 
16:17:51   UPDATING data to tables `log_login` fields ( logout_time ) values (2021-01-10:15:17:51) on conditions id =  AND username = 
16:28:41   UPDATING data to tables `time2vie_cirruscommon`.`login` fields ( login, last_time ) values (0, 2021-01-10 16:28:41) on conditions username = 
16:28:41   UPDATING data to tables `log_login` fields ( logout_time ) values (2021-01-10:15:28:41) on conditions id =  AND username = 
16:33:48   UPDATING data to tables `time2vie_cirruscommon`.`login` fields ( login, last_time ) values (0, 2021-01-10 16:33:48) on conditions username = 
16:33:48   UPDATING data to tables `log_login` fields ( logout_time ) values (2021-01-10:15:33:48) on conditions id =  AND username = 
16:35:24   UPDATING data to tables `time2vie_cirruscommon`.`login` fields ( login, last_time ) values (0, 2021-01-10 16:35:24) on conditions username = 
16:35:24   UPDATING data to tables `log_login` fields ( logout_time ) values (2021-01-10:15:35:24) on conditions id =  AND username = 
16:37:06   UPDATING data to tables `time2vie_cirruscommon`.`login` fields ( login, last_time ) values (0, 2021-01-10 16:37:06) on conditions username = 
16:37:06   UPDATING data to tables `log_login` fields ( logout_time ) values (2021-01-10:15:37:06) on conditions id =  AND username = 
16:39:17   UPDATING data to tables `time2vie_cirruscommon`.`login` fields ( login, last_time ) values (0, 2021-01-10 16:39:17) on conditions username = 
16:39:17   UPDATING data to tables `log_login` fields ( logout_time ) values (2021-01-10:15:39:17) on conditions id =  AND username = 
16:43:37   UPDATING data to tables `time2vie_cirruscommon`.`login` fields ( login, last_time ) values (0, 2021-01-10 16:43:37) on conditions username = 
16:43:37   UPDATING data to tables `log_login` fields ( logout_time ) values (2021-01-10:15:43:37) on conditions id =  AND username = 
16:55:16   UPDATING data to tables `time2vie_cirruscommon`.`login` fields ( login, last_time ) values (0, 2021-01-10 16:55:16) on conditions username = 
16:55:16   UPDATING data to tables `log_login` fields ( logout_time ) values (2021-01-10:15:55:16) on conditions id =  AND username = 
16:56:43   UPDATING data to tables `time2vie_cirruscommon`.`login` fields ( login, last_time ) values (0, 2021-01-10 16:56:43) on conditions username = 
16:56:43   UPDATING data to tables `log_login` fields ( logout_time ) values (2021-01-10:15:56:43) on conditions id =  AND username = 
17:47:59   UPDATING data to tables `time2vie_cirruscommon`.`login` fields ( login, last_time ) values (0, 2021-01-10 17:47:59) on conditions username = 
17:47:59   UPDATING data to tables `log_login` fields ( logout_time ) values (2021-01-10:16:47:59) on conditions id =  AND username = 
17:49:58   UPDATING data to tables `time2vie_cirruscommon`.`login` fields ( login, last_time ) values (0, 2021-01-10 17:49:58) on conditions username = 
17:49:58   UPDATING data to tables `log_login` fields ( logout_time ) values (2021-01-10:16:49:58) on conditions id =  AND username = 
17:57:46   UPDATING data to tables `time2vie_cirruscommon`.`login` fields ( login, last_time ) values (0, 2021-01-10 17:57:46) on conditions username = 
17:57:46   UPDATING data to tables `log_login` fields ( logout_time ) values (2021-01-10:16:57:46) on conditions id =  AND username = 
18:00:46   UPDATING data to tables `time2vie_cirruscommon`.`login` fields ( login, last_time ) values (0, 2021-01-10 18:00:46) on conditions username = 
18:00:46   UPDATING data to tables `log_login` fields ( logout_time ) values (2021-01-10:17:00:46) on conditions id =  AND username = 
19:22:53   UPDATING data to tables `time2vie_cirruscommon`.`login` fields ( login, last_time ) values (0, 2021-01-10 19:22:53) on conditions username = 
19:22:53   UPDATING data to tables `log_login` fields ( logout_time ) values (2021-01-10:18:22:53) on conditions id =  AND username = 
19:23:18 lisa004  UPDATING data to tables `time2vie_cirruscommon`.`secondary_login` fields ( error ) values (1) on conditions username = lisa004 AND company_id = 7
19:29:04   UPDATING data to tables `time2vie_cirruscommon`.`login` fields ( login, last_time ) values (0, 2021-01-10 19:29:04) on conditions username = 
19:29:04   UPDATING data to tables `log_login` fields ( logout_time ) values (2021-01-10:18:29:04) on conditions id =  AND username = 
19:32:19   UPDATING data to tables `time2vie_cirruscommon`.`login` fields ( login, last_time ) values (0, 2021-01-10 19:32:19) on conditions username = 
19:32:19   UPDATING data to tables `log_login` fields ( logout_time ) values (2021-01-10:18:32:19) on conditions id =  AND username = 
19:42:22   UPDATING data to tables `time2vie_cirruscommon`.`login` fields ( login, last_time ) values (0, 2021-01-10 19:42:22) on conditions username = 
19:42:22   UPDATING data to tables `log_login` fields ( logout_time ) values (2021-01-10:18:42:22) on conditions id =  AND username = 
20:02:43   UPDATING data to tables `time2vie_cirruscommon`.`login` fields ( login, last_time ) values (0, 2021-01-10 20:02:43) on conditions username = 
20:02:43   UPDATING data to tables `log_login` fields ( logout_time ) values (2021-01-10:19:02:43) on conditions id =  AND username = 
20:05:38   UPDATING data to tables `time2vie_cirruscommon`.`login` fields ( login, last_time ) values (0, 2021-01-10 20:05:38) on conditions username = 
20:05:38   UPDATING data to tables `log_login` fields ( logout_time ) values (2021-01-10:19:05:38) on conditions id =  AND username = 
20:22:25   UPDATING data to tables `time2vie_cirruscommon`.`login` fields ( login, last_time ) values (0, 2021-01-10 20:22:25) on conditions username = 
20:22:25   UPDATING data to tables `log_login` fields ( logout_time ) values (2021-01-10:19:22:25) on conditions id =  AND username = 
21:12:21   UPDATING data to tables `time2vie_cirruscommon`.`login` fields ( login, last_time ) values (0, 2021-01-10 21:12:21) on conditions username = 
21:12:21   UPDATING data to tables `log_login` fields ( logout_time ) values (2021-01-10:20:12:21) on conditions id =  AND username = 
21:13:31   UPDATING data to tables `time2vie_cirruscommon`.`login` fields ( login, last_time ) values (0, 2021-01-10 21:13:31) on conditions username = 
21:13:31   UPDATING data to tables `log_login` fields ( logout_time ) values (2021-01-10:20:13:31) on conditions id =  AND username = 
21:32:56   UPDATING data to tables `time2vie_cirruscommon`.`login` fields ( login, last_time ) values (0, 2021-01-10 21:32:56) on conditions username = 
21:32:56   UPDATING data to tables `log_login` fields ( logout_time ) values (2021-01-10:20:32:56) on conditions id =  AND username = 
21:34:23   UPDATING data to tables `time2vie_cirruscommon`.`login` fields ( login, last_time ) values (0, 2021-01-10 21:34:23) on conditions username = 
21:34:23   UPDATING data to tables `log_login` fields ( logout_time ) values (2021-01-10:20:34:23) on conditions id =  AND username = 
21:34:44   UPDATING data to tables `time2vie_cirruscommon`.`login` fields ( login, last_time ) values (0, 2021-01-10 21:34:44) on conditions username = 
21:34:44   UPDATING data to tables `log_login` fields ( logout_time ) values (2021-01-10:20:34:44) on conditions id =  AND username = 
21:35:47   UPDATING data to tables `time2vie_cirruscommon`.`login` fields ( login, last_time ) values (0, 2021-01-10 21:35:47) on conditions username = 
21:35:47   UPDATING data to tables `log_login` fields ( logout_time ) values (2021-01-10:20:35:47) on conditions id =  AND username = 
21:36:38   UPDATING data to tables `time2vie_cirruscommon`.`login` fields ( login, last_time ) values (0, 2021-01-10 21:36:38) on conditions username = 
21:36:38   UPDATING data to tables `log_login` fields ( logout_time ) values (2021-01-10:20:36:38) on conditions id =  AND username = 
21:42:44   UPDATING data to tables `time2vie_cirruscommon`.`login` fields ( login, last_time ) values (0, 2021-01-10 21:42:44) on conditions username = 
21:42:44   UPDATING data to tables `log_login` fields ( logout_time ) values (2021-01-10:20:42:44) on conditions id =  AND username = 
21:42:57   UPDATING data to tables `time2vie_cirruscommon`.`login` fields ( login, last_time ) values (0, 2021-01-10 21:42:57) on conditions username = 
21:42:57   UPDATING data to tables `log_login` fields ( logout_time ) values (2021-01-10:20:42:57) on conditions id =  AND username = 
22:20:55   UPDATING data to tables `time2vie_cirruscommon`.`login` fields ( login, last_time ) values (0, 2021-01-10 22:20:55) on conditions username = 
22:20:55   UPDATING data to tables `log_login` fields ( logout_time ) values (2021-01-10:21:20:55) on conditions id =  AND username = 
22:22:21   UPDATING data to tables `time2vie_cirruscommon`.`login` fields ( login, last_time ) values (0, 2021-01-10 22:22:21) on conditions username = 
22:22:21   UPDATING data to tables `log_login` fields ( logout_time ) values (2021-01-10:21:22:21) on conditions id =  AND username = 
22:27:15   UPDATING data to tables `time2vie_cirruscommon`.`login` fields ( login, last_time ) values (0, 2021-01-10 22:27:15) on conditions username = 
22:27:15   UPDATING data to tables `log_login` fields ( logout_time ) values (2021-01-10:21:27:15) on conditions id =  AND username = 
23:06:50   UPDATING data to tables `time2vie_cirruscommon`.`login` fields ( login, last_time ) values (0, 2021-01-10 23:06:50) on conditions username = 
23:06:50   UPDATING data to tables `log_login` fields ( logout_time ) values (2021-01-10:22:06:50) on conditions id =  AND username = 
23:54:43   UPDATING data to tables `time2vie_cirruscommon`.`login` fields ( login, last_time ) values (0, 2021-01-10 23:54:43) on conditions username = 
23:54:43   UPDATING data to tables `log_login` fields ( logout_time ) values (2021-01-10:22:54:43) on conditions id =  AND username = 
00:49:30   UPDATING data to tables `time2vie_cirruscommon`.`login` fields ( login, last_time ) values (0, 2021-01-11 00:49:30) on conditions username = 
00:49:30   UPDATING data to tables `log_login` fields ( logout_time ) values (2021-01-10:23:49:30) on conditions id =  AND username = 
