01:02:49   UPDATING data to tables `time2vie_cirruscommon`.`login` fields ( login, last_time ) values (0, 2021-01-14 01:02:49) on conditions username = 
01:02:49   UPDATING data to tables `log_login` fields ( logout_time ) values (2021-01-14:00:02:49) on conditions id =  AND username = 
07:45:41   UPDATING data to tables `time2vie_cirruscommon`.`login` fields ( login, last_time ) values (0, 2021-01-14 07:45:41) on conditions username = 
07:45:41   UPDATING data to tables `log_login` fields ( logout_time ) values (2021-01-14:06:45:41) on conditions id =  AND username = 
08:06:08   UPDATING data to tables `time2vie_cirruscommon`.`login` fields ( login, last_time ) values (0, 2021-01-14 08:06:08) on conditions username = 
08:06:08   UPDATING data to tables `log_login` fields ( logout_time ) values (2021-01-14:07:06:08) on conditions id =  AND username = 
08:08:49   UPDATING data to tables `time2vie_cirruscommon`.`login` fields ( login, last_time ) values (0, 2021-01-14 08:08:49) on conditions username = 
08:08:49   UPDATING data to tables `log_login` fields ( logout_time ) values (2021-01-14:07:08:49) on conditions id =  AND username = 
08:44:55   UPDATING data to tables `time2vie_cirruscommon`.`login` fields ( login, last_time ) values (0, 2021-01-14 08:44:55) on conditions username = 
08:44:55   UPDATING data to tables `log_login` fields ( logout_time ) values (2021-01-14:07:44:55) on conditions id =  AND username = 
08:49:47   UPDATING data to tables `time2vie_cirruscommon`.`login` fields ( login, last_time ) values (0, 2021-01-14 08:49:47) on conditions username = 
08:49:47   UPDATING data to tables `log_login` fields ( logout_time ) values (2021-01-14:07:49:47) on conditions id =  AND username = 
08:54:56   UPDATING data to tables `time2vie_cirruscommon`.`login` fields ( login, last_time ) values (0, 2021-01-14 08:54:56) on conditions username = 
08:54:56   UPDATING data to tables `log_login` fields ( logout_time ) values (2021-01-14:07:54:56) on conditions id =  AND username = 
09:32:56   UPDATING data to tables `time2vie_cirruscommon`.`login` fields ( login, last_time ) values (0, 2021-01-14 09:32:56) on conditions username = 
09:32:56   UPDATING data to tables `log_login` fields ( logout_time ) values (2021-01-14:08:32:56) on conditions id =  AND username = 
09:33:31   UPDATING data to tables `time2vie_cirruscommon`.`login` fields ( login, last_time ) values (0, 2021-01-14 09:33:31) on conditions username = 
09:33:31   UPDATING data to tables `log_login` fields ( logout_time ) values (2021-01-14:08:33:31) on conditions id =  AND username = 
09:45:30   UPDATING data to tables `time2vie_cirruscommon`.`login` fields ( login, last_time ) values (0, 2021-01-14 09:45:30) on conditions username = 
09:45:30   UPDATING data to tables `log_login` fields ( logout_time ) values (2021-01-14:08:45:30) on conditions id =  AND username = 
09:51:06   UPDATING data to tables `time2vie_cirruscommon`.`login` fields ( login, last_time ) values (0, 2021-01-14 09:51:06) on conditions username = 
09:51:06   UPDATING data to tables `log_login` fields ( logout_time ) values (2021-01-14:08:51:06) on conditions id =  AND username = 
09:52:46   UPDATING data to tables `time2vie_cirruscommon`.`login` fields ( login, last_time ) values (0, 2021-01-14 09:52:46) on conditions username = 
09:52:46   UPDATING data to tables `log_login` fields ( logout_time ) values (2021-01-14:08:52:46) on conditions id =  AND username = 
10:00:49   UPDATING data to tables `time2vie_cirruscommon`.`login` fields ( login, last_time ) values (0, 2021-01-14 10:00:49) on conditions username = 
10:00:49   UPDATING data to tables `log_login` fields ( logout_time ) values (2021-01-14:09:00:49) on conditions id =  AND username = 
10:00:57 anma012  UPDATING data to tables `time2vie_cirruscommon`.`secondary_login` fields ( error ) values (1) on conditions username = anma012 AND company_id = 8
10:20:37   UPDATING data to tables `time2vie_cirruscommon`.`login` fields ( login, last_time ) values (0, 2021-01-14 10:20:37) on conditions username = 
10:20:37   UPDATING data to tables `log_login` fields ( logout_time ) values (2021-01-14:09:20:37) on conditions id =  AND username = 
10:44:18   UPDATING data to tables `time2vie_cirruscommon`.`login` fields ( login, last_time ) values (0, 2021-01-14 10:44:18) on conditions username = 
10:44:18   UPDATING data to tables `log_login` fields ( logout_time ) values (2021-01-14:09:44:18) on conditions id =  AND username = 
10:46:36   UPDATING data to tables `time2vie_cirruscommon`.`login` fields ( login, last_time ) values (0, 2021-01-14 10:46:36) on conditions username = 
10:46:36   UPDATING data to tables `log_login` fields ( logout_time ) values (2021-01-14:09:46:36) on conditions id =  AND username = 
10:49:53   UPDATING data to tables `time2vie_cirruscommon`.`login` fields ( login, last_time ) values (0, 2021-01-14 10:49:53) on conditions username = 
10:49:53   UPDATING data to tables `log_login` fields ( logout_time ) values (2021-01-14:09:49:53) on conditions id =  AND username = 
10:55:29   UPDATING data to tables `log_login` fields ( logout_time ) values (2021-01-14:09:55:29) on conditions id = 610868 AND username = solu003
10:56:34   UPDATING data to tables `time2vie_cirruscommon`.`login` fields ( login, last_time ) values (0, 2021-01-14 10:56:34) on conditions username = 
10:56:34   UPDATING data to tables `log_login` fields ( logout_time ) values (2021-01-14:09:56:34) on conditions id =  AND username = 
11:00:08   UPDATING data to tables `time2vie_cirruscommon`.`login` fields ( login, last_time ) values (0, 2021-01-14 11:00:08) on conditions username = 
11:00:08   UPDATING data to tables `log_login` fields ( logout_time ) values (2021-01-14:10:00:08) on conditions id =  AND username = 
11:00:50   UPDATING data to tables `time2vie_cirruscommon`.`login` fields ( login, last_time ) values (0, 2021-01-14 11:00:50) on conditions username = 
11:00:50   UPDATING data to tables `log_login` fields ( logout_time ) values (2021-01-14:10:00:50) on conditions id =  AND username = 
11:03:11   UPDATING data to tables `time2vie_cirruscommon`.`login` fields ( login, last_time ) values (0, 2021-01-14 11:03:11) on conditions username = 
11:03:11   UPDATING data to tables `log_login` fields ( logout_time ) values (2021-01-14:10:03:11) on conditions id =  AND username = 
11:03:19 mael002  UPDATING data to tables `time2vie_cirruscommon`.`secondary_login` fields ( error ) values (1) on conditions username = mael002 AND company_id = 7
11:03:31 mael002  UPDATING data to tables `time2vie_cirruscommon`.`secondary_login` fields ( error ) values (2) on conditions username = mael002 AND company_id = 7
11:03:42 mael002  UPDATING data to tables `time2vie_cirruscommon`.`secondary_login` fields ( error ) values (3) on conditions username = mael002 AND company_id = 7
11:30:31   UPDATING data to tables `time2vie_cirruscommon`.`login` fields ( login, last_time ) values (0, 2021-01-14 11:30:31) on conditions username = 
11:30:31   UPDATING data to tables `log_login` fields ( logout_time ) values (2021-01-14:10:30:31) on conditions id =  AND username = 
11:47:17   UPDATING data to tables `time2vie_cirruscommon`.`login` fields ( login, last_time ) values (0, 2021-01-14 11:47:17) on conditions username = 
11:47:17   UPDATING data to tables `log_login` fields ( logout_time ) values (2021-01-14:10:47:17) on conditions id =  AND username = 
11:48:49   UPDATING data to tables `time2vie_cirruscommon`.`login` fields ( login, last_time ) values (0, 2021-01-14 11:48:49) on conditions username = 
11:48:49   UPDATING data to tables `log_login` fields ( logout_time ) values (2021-01-14:10:48:49) on conditions id =  AND username = 
12:06:25   UPDATING data to tables `time2vie_cirruscommon`.`login` fields ( login, last_time ) values (0, 2021-01-14 12:06:25) on conditions username = 
12:06:25   UPDATING data to tables `log_login` fields ( logout_time ) values (2021-01-14:11:06:25) on conditions id =  AND username = 
12:25:29   UPDATING data to tables `time2vie_cirruscommon`.`login` fields ( login, last_time ) values (0, 2021-01-14 12:25:29) on conditions username = 
12:25:29   UPDATING data to tables `log_login` fields ( logout_time ) values (2021-01-14:11:25:29) on conditions id =  AND username = 
12:30:41   UPDATING data to tables `time2vie_cirruscommon`.`login` fields ( login, last_time ) values (0, 2021-01-14 12:30:41) on conditions username = 
12:30:41   UPDATING data to tables `log_login` fields ( logout_time ) values (2021-01-14:11:30:41) on conditions id =  AND username = 
13:10:20   UPDATING data to tables `time2vie_cirruscommon`.`login` fields ( login, last_time ) values (0, 2021-01-14 13:10:20) on conditions username = 
13:10:20   UPDATING data to tables `log_login` fields ( logout_time ) values (2021-01-14:12:10:20) on conditions id =  AND username = 
13:10:25 emse002  UPDATING data to tables `time2vie_cirruscommon`.`secondary_login` fields ( error ) values (1) on conditions username = emse002 AND company_id = 7
13:40:07   UPDATING data to tables `time2vie_cirruscommon`.`login` fields ( login, last_time ) values (0, 2021-01-14 13:40:07) on conditions username = 
13:40:07   UPDATING data to tables `log_login` fields ( logout_time ) values (2021-01-14:12:40:07) on conditions id =  AND username = 
14:23:57   UPDATING data to tables `time2vie_cirruscommon`.`login` fields ( login, last_time ) values (0, 2021-01-14 14:23:57) on conditions username = 
14:23:57   UPDATING data to tables `log_login` fields ( logout_time ) values (2021-01-14:13:23:57) on conditions id =  AND username = 
14:24:13   UPDATING data to tables `time2vie_cirruscommon`.`login` fields ( login, last_time ) values (0, 2021-01-14 14:24:13) on conditions username = 
14:24:13   UPDATING data to tables `log_login` fields ( logout_time ) values (2021-01-14:13:24:13) on conditions id =  AND username = 
14:32:19   UPDATING data to tables `time2vie_cirruscommon`.`login` fields ( login, last_time ) values (0, 2021-01-14 14:32:19) on conditions username = 
14:32:19   UPDATING data to tables `log_login` fields ( logout_time ) values (2021-01-14:13:32:19) on conditions id =  AND username = 
15:40:18   UPDATING data to tables `time2vie_cirruscommon`.`login` fields ( login, last_time ) values (0, 2021-01-14 15:40:18) on conditions username = 
15:40:18   UPDATING data to tables `log_login` fields ( logout_time ) values (2021-01-14:14:40:18) on conditions id =  AND username = 
15:41:17   UPDATING data to tables `time2vie_cirruscommon`.`login` fields ( login, last_time ) values (0, 2021-01-14 15:41:17) on conditions username = 
15:41:17   UPDATING data to tables `log_login` fields ( logout_time ) values (2021-01-14:14:41:17) on conditions id =  AND username = 
15:49:28   UPDATING data to tables `time2vie_cirruscommon`.`login` fields ( login, last_time ) values (0, 2021-01-14 15:49:28) on conditions username = 
15:49:28   UPDATING data to tables `log_login` fields ( logout_time ) values (2021-01-14:14:49:28) on conditions id =  AND username = 
15:50:58   UPDATING data to tables `time2vie_cirruscommon`.`login` fields ( login, last_time ) values (0, 2021-01-14 15:50:58) on conditions username = 
15:50:58   UPDATING data to tables `log_login` fields ( logout_time ) values (2021-01-14:14:50:58) on conditions id =  AND username = 
16:45:31   UPDATING data to tables `time2vie_cirruscommon`.`login` fields ( login, last_time ) values (0, 2021-01-14 16:45:31) on conditions username = 
16:45:31   UPDATING data to tables `log_login` fields ( logout_time ) values (2021-01-14:15:45:31) on conditions id =  AND username = 
17:44:37   UPDATING data to tables `time2vie_cirruscommon`.`login` fields ( login, last_time ) values (0, 2021-01-14 17:44:37) on conditions username = 
17:44:37   UPDATING data to tables `log_login` fields ( logout_time ) values (2021-01-14:16:44:37) on conditions id =  AND username = 
18:06:22 anel005  UPDATING data to tables `time2vie_cirruscommon`.`secondary_login` fields ( error ) values (1) on conditions username = anel005 AND company_id = 7
18:06:30 anel005  UPDATING data to tables `time2vie_cirruscommon`.`secondary_login` fields ( error ) values (2) on conditions username = anel005 AND company_id = 7
18:18:23   UPDATING data to tables `time2vie_cirruscommon`.`login` fields ( login, last_time ) values (0, 2021-01-14 18:18:23) on conditions username = 
18:18:23   UPDATING data to tables `log_login` fields ( logout_time ) values (2021-01-14:17:18:23) on conditions id =  AND username = 
18:26:18   UPDATING data to tables `time2vie_cirruscommon`.`login` fields ( login, last_time ) values (0, 2021-01-14 18:26:18) on conditions username = 
18:26:18   UPDATING data to tables `log_login` fields ( logout_time ) values (2021-01-14:17:26:18) on conditions id =  AND username = 
19:09:44   UPDATING data to tables `time2vie_cirruscommon`.`login` fields ( login, last_time ) values (0, 2021-01-14 19:09:44) on conditions username = 
19:09:44   UPDATING data to tables `log_login` fields ( logout_time ) values (2021-01-14:18:09:44) on conditions id =  AND username = 
19:11:08   UPDATING data to tables `time2vie_cirruscommon`.`login` fields ( login, last_time ) values (0, 2021-01-14 19:11:08) on conditions username = 
19:11:08   UPDATING data to tables `log_login` fields ( logout_time ) values (2021-01-14:18:11:08) on conditions id =  AND username = 
19:13:57   UPDATING data to tables `time2vie_cirruscommon`.`login` fields ( login, last_time ) values (0, 2021-01-14 19:13:57) on conditions username = 
19:13:57   UPDATING data to tables `log_login` fields ( logout_time ) values (2021-01-14:18:13:57) on conditions id =  AND username = 
19:16:15   UPDATING data to tables `time2vie_cirruscommon`.`login` fields ( login, last_time ) values (0, 2021-01-14 19:16:15) on conditions username = 
19:16:15   UPDATING data to tables `log_login` fields ( logout_time ) values (2021-01-14:18:16:15) on conditions id =  AND username = 
19:17:49   UPDATING data to tables `time2vie_cirruscommon`.`login` fields ( login, last_time ) values (0, 2021-01-14 19:17:49) on conditions username = 
19:17:49   UPDATING data to tables `log_login` fields ( logout_time ) values (2021-01-14:18:17:49) on conditions id =  AND username = 
19:36:48   UPDATING data to tables `time2vie_cirruscommon`.`login` fields ( login, last_time ) values (0, 2021-01-14 19:36:48) on conditions username = 
19:36:48   UPDATING data to tables `log_login` fields ( logout_time ) values (2021-01-14:18:36:48) on conditions id =  AND username = 
19:51:13   UPDATING data to tables `time2vie_cirruscommon`.`login` fields ( login, last_time ) values (0, 2021-01-14 19:51:13) on conditions username = 
19:51:13   UPDATING data to tables `log_login` fields ( logout_time ) values (2021-01-14:18:51:13) on conditions id =  AND username = 
19:51:25 lero002  UPDATING data to tables `time2vie_cirruscommon`.`secondary_login` fields ( error ) values (1) on conditions username = lero002 AND company_id = 4
19:51:44   UPDATING data to tables `time2vie_cirruscommon`.`login` fields ( login, last_time ) values (0, 2021-01-14 19:51:44) on conditions username = 
19:51:44   UPDATING data to tables `log_login` fields ( logout_time ) values (2021-01-14:18:51:44) on conditions id =  AND username = 
20:10:29   UPDATING data to tables `time2vie_cirruscommon`.`login` fields ( login, last_time ) values (0, 2021-01-14 20:10:29) on conditions username = 
20:10:29   UPDATING data to tables `log_login` fields ( logout_time ) values (2021-01-14:19:10:29) on conditions id =  AND username = 
20:12:55   UPDATING data to tables `time2vie_cirruscommon`.`login` fields ( login, last_time ) values (0, 2021-01-14 20:12:55) on conditions username = 
20:12:55   UPDATING data to tables `log_login` fields ( logout_time ) values (2021-01-14:19:12:55) on conditions id =  AND username = 
20:15:55   UPDATING data to tables `time2vie_cirruscommon`.`login` fields ( login, last_time ) values (0, 2021-01-14 20:15:55) on conditions username = 
20:15:55   UPDATING data to tables `log_login` fields ( logout_time ) values (2021-01-14:19:15:55) on conditions id =  AND username = 
20:20:55   UPDATING data to tables `time2vie_cirruscommon`.`login` fields ( login, last_time ) values (0, 2021-01-14 20:20:55) on conditions username = 
20:20:55   UPDATING data to tables `log_login` fields ( logout_time ) values (2021-01-14:19:20:55) on conditions id =  AND username = 
20:21:07 inla003  UPDATING data to tables `time2vie_cirruscommon`.`secondary_login` fields ( error ) values (1) on conditions username = inla003 AND company_id = 9
20:56:12   UPDATING data to tables `time2vie_cirruscommon`.`login` fields ( login, last_time ) values (0, 2021-01-14 20:56:12) on conditions username = 
20:56:12   UPDATING data to tables `log_login` fields ( logout_time ) values (2021-01-14:19:56:12) on conditions id =  AND username = 
20:56:23 jujo001  UPDATING data to tables `time2vie_cirruscommon`.`secondary_login` fields ( error ) values (1) on conditions username = jujo001 AND company_id = 9
22:04:54   UPDATING data to tables `time2vie_cirruscommon`.`login` fields ( login, last_time ) values (0, 2021-01-14 22:04:54) on conditions username = 
22:04:54   UPDATING data to tables `log_login` fields ( logout_time ) values (2021-01-14:21:04:54) on conditions id =  AND username = 
22:18:26   UPDATING data to tables `time2vie_cirruscommon`.`login` fields ( login, last_time ) values (0, 2021-01-14 22:18:26) on conditions username = 
22:18:26   UPDATING data to tables `log_login` fields ( logout_time ) values (2021-01-14:21:18:26) on conditions id =  AND username = 
22:20:48   UPDATING data to tables `time2vie_cirruscommon`.`login` fields ( login, last_time ) values (0, 2021-01-14 22:20:48) on conditions username = 
22:20:48   UPDATING data to tables `log_login` fields ( logout_time ) values (2021-01-14:21:20:48) on conditions id =  AND username = 
22:33:47   UPDATING data to tables `time2vie_cirruscommon`.`login` fields ( login, last_time ) values (0, 2021-01-14 22:33:47) on conditions username = 
22:33:47   UPDATING data to tables `log_login` fields ( logout_time ) values (2021-01-14:21:33:47) on conditions id =  AND username = 
22:37:30   UPDATING data to tables `time2vie_cirruscommon`.`login` fields ( login, last_time ) values (0, 2021-01-14 22:37:30) on conditions username = 
22:37:30   UPDATING data to tables `log_login` fields ( logout_time ) values (2021-01-14:21:37:30) on conditions id =  AND username = 
22:50:44   UPDATING data to tables `time2vie_cirruscommon`.`login` fields ( login, last_time ) values (0, 2021-01-14 22:50:44) on conditions username = 
22:50:44   UPDATING data to tables `log_login` fields ( logout_time ) values (2021-01-14:21:50:44) on conditions id =  AND username = 
23:26:09   UPDATING data to tables `time2vie_cirruscommon`.`login` fields ( login, last_time ) values (0, 2021-01-14 23:26:09) on conditions username = 
23:26:09   UPDATING data to tables `log_login` fields ( logout_time ) values (2021-01-14:22:26:09) on conditions id =  AND username = 
23:56:20   UPDATING data to tables `time2vie_cirruscommon`.`login` fields ( login, last_time ) values (0, 2021-01-14 23:56:20) on conditions username = 
23:56:20   UPDATING data to tables `log_login` fields ( logout_time ) values (2021-01-14:22:56:20) on conditions id =  AND username = 
00:28:18   UPDATING data to tables `time2vie_cirruscommon`.`login` fields ( login, last_time ) values (0, 2021-01-15 00:28:18) on conditions username = 
00:28:18   UPDATING data to tables `log_login` fields ( logout_time ) values (2021-01-14:23:28:18) on conditions id =  AND username = 
00:46:04   UPDATING data to tables `time2vie_cirruscommon`.`login` fields ( login, last_time ) values (0, 2021-01-15 00:46:04) on conditions username = 
00:46:04   UPDATING data to tables `log_login` fields ( logout_time ) values (2021-01-14:23:46:04) on conditions id =  AND username = 
00:46:29   UPDATING data to tables `log_login` fields ( logout_time ) values (2021-01-14:23:46:29) on conditions id = 25308 AND username = mave004
