07:02:15   UPDATING data to tables `time2vie_cirruscommon`.`login` fields ( login, last_time ) values (0, 2021-01-29 07:02:15) on conditions username = 
07:02:15   UPDATING data to tables `log_login` fields ( logout_time ) values (2021-01-29:06:02:15) on conditions id =  AND username = 
07:12:19   UPDATING data to tables `time2vie_cirruscommon`.`login` fields ( login, last_time ) values (0, 2021-01-29 07:12:19) on conditions username = 
07:12:19   UPDATING data to tables `log_login` fields ( logout_time ) values (2021-01-29:06:12:19) on conditions id =  AND username = 
07:13:23   UPDATING data to tables `time2vie_cirruscommon`.`login` fields ( login, last_time ) values (0, 2021-01-29 07:13:23) on conditions username = 
07:13:23   UPDATING data to tables `log_login` fields ( logout_time ) values (2021-01-29:06:13:23) on conditions id =  AND username = 
08:04:27   UPDATING data to tables `time2vie_cirruscommon`.`login` fields ( login, last_time ) values (0, 2021-01-29 08:04:27) on conditions username = 
08:04:27   UPDATING data to tables `log_login` fields ( logout_time ) values (2021-01-29:07:04:27) on conditions id =  AND username = 
08:20:52   UPDATING data to tables `time2vie_cirruscommon`.`login` fields ( login, last_time ) values (0, 2021-01-29 08:20:52) on conditions username = 
08:20:52   UPDATING data to tables `log_login` fields ( logout_time ) values (2021-01-29:07:20:52) on conditions id =  AND username = 
08:24:35   UPDATING data to tables `log_login` fields ( logout_time ) values (2021-01-29:07:24:35) on conditions id = 223577 AND username = anst014
08:24:50 anst014  UPDATING data to tables `time2vie_cirruscommon`.`secondary_login` fields ( error ) values (1) on conditions username = anst014 AND company_id = 8
08:55:38   UPDATING data to tables `time2vie_cirruscommon`.`login` fields ( login, last_time ) values (0, 2021-01-29 08:55:38) on conditions username = 
08:55:38   UPDATING data to tables `log_login` fields ( logout_time ) values (2021-01-29:07:55:38) on conditions id =  AND username = 
08:56:23   UPDATING data to tables `time2vie_cirruscommon`.`login` fields ( login, last_time ) values (0, 2021-01-29 08:56:23) on conditions username = 
08:56:23   UPDATING data to tables `log_login` fields ( logout_time ) values (2021-01-29:07:56:23) on conditions id =  AND username = 
09:02:13   UPDATING data to tables `time2vie_cirruscommon`.`login` fields ( login, last_time ) values (0, 2021-01-29 09:02:13) on conditions username = 
09:02:13   UPDATING data to tables `log_login` fields ( logout_time ) values (2021-01-29:08:02:13) on conditions id =  AND username = 
09:02:41   UPDATING data to tables `time2vie_cirruscommon`.`login` fields ( login, last_time ) values (0, 2021-01-29 09:02:41) on conditions username = 
09:02:41   UPDATING data to tables `log_login` fields ( logout_time ) values (2021-01-29:08:02:41) on conditions id =  AND username = 
09:03:14   UPDATING data to tables `time2vie_cirruscommon`.`login` fields ( login, last_time ) values (0, 2021-01-29 09:03:14) on conditions username = 
09:03:14   UPDATING data to tables `log_login` fields ( logout_time ) values (2021-01-29:08:03:14) on conditions id =  AND username = 
09:04:30   UPDATING data to tables `time2vie_cirruscommon`.`login` fields ( login, last_time ) values (0, 2021-01-29 09:04:30) on conditions username = 
09:04:30   UPDATING data to tables `log_login` fields ( logout_time ) values (2021-01-29:08:04:30) on conditions id =  AND username = 
09:07:34   UPDATING data to tables `time2vie_cirruscommon`.`login` fields ( login, last_time ) values (0, 2021-01-29 09:07:34) on conditions username = 
09:07:34   UPDATING data to tables `log_login` fields ( logout_time ) values (2021-01-29:08:07:34) on conditions id =  AND username = 
09:19:21   UPDATING data to tables `time2vie_cirruscommon`.`login` fields ( login, last_time ) values (0, 2021-01-29 09:19:21) on conditions username = 
09:19:21   UPDATING data to tables `log_login` fields ( logout_time ) values (2021-01-29:08:19:21) on conditions id =  AND username = 
09:20:25   UPDATING data to tables `time2vie_cirruscommon`.`login` fields ( login, last_time ) values (0, 2021-01-29 09:20:25) on conditions username = 
09:20:25   UPDATING data to tables `log_login` fields ( logout_time ) values (2021-01-29:08:20:25) on conditions id =  AND username = 
09:29:42   UPDATING data to tables `time2vie_cirruscommon`.`login` fields ( login, last_time ) values (0, 2021-01-29 09:29:42) on conditions username = 
09:29:42   UPDATING data to tables `log_login` fields ( logout_time ) values (2021-01-29:08:29:42) on conditions id =  AND username = 
09:32:35   UPDATING data to tables `log_login` fields ( logout_time ) values (2021-01-29:08:32:35) on conditions id = 43721 AND username = dasi003
09:34:29   UPDATING data to tables `time2vie_cirruscommon`.`login` fields ( login, last_time ) values (0, 2021-01-29 09:34:29) on conditions username = 
09:34:29   UPDATING data to tables `log_login` fields ( logout_time ) values (2021-01-29:08:34:29) on conditions id =  AND username = 
09:43:12   UPDATING data to tables `log_login` fields ( logout_time ) values (2021-01-29:08:43:11) on conditions id = 43725 AND username = dasi003
09:51:18   UPDATING data to tables `time2vie_cirruscommon`.`login` fields ( login, last_time ) values (0, 2021-01-29 09:51:18) on conditions username = 
09:51:18   UPDATING data to tables `log_login` fields ( logout_time ) values (2021-01-29:08:51:18) on conditions id =  AND username = 
10:00:24   UPDATING data to tables `log_login` fields ( logout_time ) values (2021-01-29:09:00:24) on conditions id = 291078 AND username = makv002
10:06:47   UPDATING data to tables `time2vie_cirruscommon`.`login` fields ( login, last_time ) values (0, 2021-01-29 10:06:47) on conditions username = 
10:06:47   UPDATING data to tables `log_login` fields ( logout_time ) values (2021-01-29:09:06:47) on conditions id =  AND username = 
10:09:23   UPDATING data to tables `time2vie_cirruscommon`.`login` fields ( login, last_time ) values (0, 2021-01-29 10:09:23) on conditions username = 
10:09:23   UPDATING data to tables `log_login` fields ( logout_time ) values (2021-01-29:09:09:23) on conditions id =  AND username = 
10:09:41 stsi002  UPDATING data to tables `time2vie_cirruscommon`.`secondary_login` fields ( error ) values (1) on conditions username = stsi002 AND company_id = 9
10:09:43 stsi002  UPDATING data to tables `time2vie_cirruscommon`.`secondary_login` fields ( error ) values (2) on conditions username = stsi002 AND company_id = 9
10:21:27   UPDATING data to tables `time2vie_cirruscommon`.`login` fields ( login, last_time ) values (0, 2021-01-29 10:21:27) on conditions username = 
10:21:27   UPDATING data to tables `log_login` fields ( logout_time ) values (2021-01-29:09:21:27) on conditions id =  AND username = 
10:24:32   UPDATING data to tables `time2vie_cirruscommon`.`login` fields ( login, last_time ) values (0, 2021-01-29 10:24:32) on conditions username = 
10:24:32   UPDATING data to tables `log_login` fields ( logout_time ) values (2021-01-29:09:24:32) on conditions id =  AND username = 
10:30:34   UPDATING data to tables `time2vie_cirruscommon`.`login` fields ( login, last_time ) values (0, 2021-01-29 10:30:34) on conditions username = 
10:30:34   UPDATING data to tables `log_login` fields ( logout_time ) values (2021-01-29:09:30:34) on conditions id =  AND username = 
10:32:21   UPDATING data to tables `time2vie_cirruscommon`.`login` fields ( login, last_time ) values (0, 2021-01-29 10:32:21) on conditions username = 
10:32:21   UPDATING data to tables `log_login` fields ( logout_time ) values (2021-01-29:09:32:21) on conditions id =  AND username = 
10:33:37   UPDATING data to tables `time2vie_cirruscommon`.`login` fields ( login, last_time ) values (0, 2021-01-29 10:33:37) on conditions username = 
10:33:37   UPDATING data to tables `log_login` fields ( logout_time ) values (2021-01-29:09:33:37) on conditions id =  AND username = 
10:44:35   UPDATING data to tables `time2vie_cirruscommon`.`login` fields ( login, last_time ) values (0, 2021-01-29 10:44:35) on conditions username = 
10:44:35   UPDATING data to tables `log_login` fields ( logout_time ) values (2021-01-29:09:44:35) on conditions id =  AND username = 
10:44:52 diga001  UPDATING data to tables `time2vie_cirruscommon`.`secondary_login` fields ( error ) values (4) on conditions username = diga001 AND company_id = 13
10:45:06 diga001  UPDATING data to tables `time2vie_cirruscommon`.`secondary_login` fields ( error ) values (5) on conditions username = diga001 AND company_id = 13
10:45:15 diga001  UPDATING data to tables `time2vie_cirruscommon`.`secondary_login` fields ( error ) values (6) on conditions username = diga001 AND company_id = 13
10:46:55   UPDATING data to tables `time2vie_cirruscommon`.`login` fields ( login, last_time ) values (0, 2021-01-29 10:46:55) on conditions username = 
10:46:55   UPDATING data to tables `log_login` fields ( logout_time ) values (2021-01-29:09:46:55) on conditions id =  AND username = 
10:50:12   UPDATING data to tables `time2vie_cirruscommon`.`login` fields ( login, last_time ) values (0, 2021-01-29 10:50:12) on conditions username = 
10:50:12   UPDATING data to tables `log_login` fields ( logout_time ) values (2021-01-29:09:50:12) on conditions id =  AND username = 
10:58:21   UPDATING data to tables `time2vie_cirruscommon`.`login` fields ( login, last_time ) values (0, 2021-01-29 10:58:21) on conditions username = 
10:58:21   UPDATING data to tables `log_login` fields ( logout_time ) values (2021-01-29:09:58:21) on conditions id =  AND username = 
11:04:08   UPDATING data to tables `time2vie_cirruscommon`.`login` fields ( login, last_time ) values (0, 2021-01-29 11:04:08) on conditions username = 
11:04:08   UPDATING data to tables `log_login` fields ( logout_time ) values (2021-01-29:10:04:08) on conditions id =  AND username = 
11:04:42   UPDATING data to tables `time2vie_cirruscommon`.`login` fields ( login, last_time ) values (0, 2021-01-29 11:04:42) on conditions username = 
11:04:42   UPDATING data to tables `log_login` fields ( logout_time ) values (2021-01-29:10:04:42) on conditions id =  AND username = 
11:14:04   UPDATING data to tables `time2vie_cirruscommon`.`login` fields ( login, last_time ) values (0, 2021-01-29 11:14:04) on conditions username = 
11:14:04   UPDATING data to tables `log_login` fields ( logout_time ) values (2021-01-29:10:14:04) on conditions id =  AND username = 
11:25:39   UPDATING data to tables `time2vie_cirruscommon`.`login` fields ( login, last_time ) values (0, 2021-01-29 11:25:39) on conditions username = 
11:25:39   UPDATING data to tables `log_login` fields ( logout_time ) values (2021-01-29:10:25:39) on conditions id =  AND username = 
11:35:13   UPDATING data to tables `log_login` fields ( logout_time ) values (2021-01-29:10:35:13) on conditions id = 291090 AND username = emle001
11:35:20 emle001  UPDATING data to tables `time2vie_cirruscommon`.`secondary_login` fields ( error ) values (1) on conditions username = emle001 AND company_id = 7
11:35:23 emle001  UPDATING data to tables `time2vie_cirruscommon`.`secondary_login` fields ( error ) values (2) on conditions username = emle001 AND company_id = 7
11:40:39   UPDATING data to tables `time2vie_cirruscommon`.`login` fields ( login, last_time ) values (0, 2021-01-29 11:40:39) on conditions username = 
11:40:39   UPDATING data to tables `log_login` fields ( logout_time ) values (2021-01-29:10:40:39) on conditions id =  AND username = 
11:55:33   UPDATING data to tables `time2vie_cirruscommon`.`login` fields ( login, last_time ) values (0, 2021-01-29 11:55:33) on conditions username = 
11:55:33   UPDATING data to tables `log_login` fields ( logout_time ) values (2021-01-29:10:55:33) on conditions id =  AND username = 
11:57:34   UPDATING data to tables `time2vie_cirruscommon`.`login` fields ( login, last_time ) values (0, 2021-01-29 11:57:34) on conditions username = 
11:57:34   UPDATING data to tables `log_login` fields ( logout_time ) values (2021-01-29:10:57:34) on conditions id =  AND username = 
12:07:21   UPDATING data to tables `time2vie_cirruscommon`.`login` fields ( login, last_time ) values (0, 2021-01-29 12:07:21) on conditions username = 
12:07:21   UPDATING data to tables `log_login` fields ( logout_time ) values (2021-01-29:11:07:21) on conditions id =  AND username = 
12:09:16   UPDATING data to tables `log_login` fields ( logout_time ) values (2021-01-29:11:09:16) on conditions id = 613391 AND username = mibe009
12:20:37   UPDATING data to tables `time2vie_cirruscommon`.`login` fields ( login, last_time ) values (0, 2021-01-29 12:20:37) on conditions username = 
12:20:37   UPDATING data to tables `log_login` fields ( logout_time ) values (2021-01-29:11:20:37) on conditions id =  AND username = 
12:27:26   UPDATING data to tables `time2vie_cirruscommon`.`login` fields ( login, last_time ) values (0, 2021-01-29 12:27:26) on conditions username = 
12:27:26   UPDATING data to tables `log_login` fields ( logout_time ) values (2021-01-29:11:27:26) on conditions id =  AND username = 
12:31:54   UPDATING data to tables `time2vie_cirruscommon`.`login` fields ( login, last_time ) values (0, 2021-01-29 12:31:54) on conditions username = 
12:31:54   UPDATING data to tables `log_login` fields ( logout_time ) values (2021-01-29:11:31:54) on conditions id =  AND username = 
12:37:38   UPDATING data to tables `time2vie_cirruscommon`.`login` fields ( login, last_time ) values (0, 2021-01-29 12:37:38) on conditions username = 
12:37:38   UPDATING data to tables `log_login` fields ( logout_time ) values (2021-01-29:11:37:38) on conditions id =  AND username = 
12:46:41   UPDATING data to tables `time2vie_cirruscommon`.`login` fields ( login, last_time ) values (0, 2021-01-29 12:46:41) on conditions username = 
12:46:41   UPDATING data to tables `log_login` fields ( logout_time ) values (2021-01-29:11:46:41) on conditions id =  AND username = 
12:55:05   UPDATING data to tables `time2vie_cirruscommon`.`login` fields ( login, last_time ) values (0, 2021-01-29 12:55:05) on conditions username = 
12:55:05   UPDATING data to tables `log_login` fields ( logout_time ) values (2021-01-29:11:55:05) on conditions id =  AND username = 
13:07:17   UPDATING data to tables `time2vie_cirruscommon`.`login` fields ( login, last_time ) values (0, 2021-01-29 13:07:17) on conditions username = 
13:07:17   UPDATING data to tables `log_login` fields ( logout_time ) values (2021-01-29:12:07:17) on conditions id =  AND username = 
13:07:56   UPDATING data to tables `time2vie_cirruscommon`.`login` fields ( login, last_time ) values (0, 2021-01-29 13:07:56) on conditions username = 
13:07:56   UPDATING data to tables `log_login` fields ( logout_time ) values (2021-01-29:12:07:56) on conditions id =  AND username = 
13:08:17 made003  UPDATING data to tables `time2vie_cirruscommon`.`secondary_login` fields ( error ) values (1) on conditions username = made003 AND company_id = 20
13:08:34 made003  UPDATING data to tables `time2vie_cirruscommon`.`secondary_login` fields ( error ) values (2) on conditions username = made003 AND company_id = 20
13:09:31   UPDATING data to tables `time2vie_cirruscommon`.`login` fields ( login, last_time ) values (0, 2021-01-29 13:09:31) on conditions username = 
13:09:31   UPDATING data to tables `log_login` fields ( logout_time ) values (2021-01-29:12:09:31) on conditions id =  AND username = 
13:24:45   UPDATING data to tables `time2vie_cirruscommon`.`login` fields ( login, last_time ) values (0, 2021-01-29 13:24:45) on conditions username = 
13:24:45   UPDATING data to tables `log_login` fields ( logout_time ) values (2021-01-29:12:24:45) on conditions id =  AND username = 
13:26:04   UPDATING data to tables `time2vie_cirruscommon`.`login` fields ( login, last_time ) values (0, 2021-01-29 13:26:04) on conditions username = 
13:26:04   UPDATING data to tables `log_login` fields ( logout_time ) values (2021-01-29:12:26:04) on conditions id =  AND username = 
14:04:32   UPDATING data to tables `time2vie_cirruscommon`.`login` fields ( login, last_time ) values (0, 2021-01-29 14:04:32) on conditions username = 
14:04:32   UPDATING data to tables `log_login` fields ( logout_time ) values (2021-01-29:13:04:32) on conditions id =  AND username = 
14:19:57   UPDATING data to tables `time2vie_cirruscommon`.`login` fields ( login, last_time ) values (0, 2021-01-29 14:19:57) on conditions username = 
14:19:57   UPDATING data to tables `log_login` fields ( logout_time ) values (2021-01-29:13:19:57) on conditions id =  AND username = 
14:43:14   UPDATING data to tables `time2vie_cirruscommon`.`login` fields ( login, last_time ) values (0, 2021-01-29 14:43:14) on conditions username = 
14:43:14   UPDATING data to tables `log_login` fields ( logout_time ) values (2021-01-29:13:43:14) on conditions id =  AND username = 
15:11:19   UPDATING data to tables `time2vie_cirruscommon`.`login` fields ( login, last_time ) values (0, 2021-01-29 15:11:19) on conditions username = 
15:11:19   UPDATING data to tables `log_login` fields ( logout_time ) values (2021-01-29:14:11:19) on conditions id =  AND username = 
15:18:21   UPDATING data to tables `time2vie_cirruscommon`.`login` fields ( login, last_time ) values (0, 2021-01-29 15:18:21) on conditions username = 
15:18:21   UPDATING data to tables `log_login` fields ( logout_time ) values (2021-01-29:14:18:21) on conditions id =  AND username = 
15:19:12   UPDATING data to tables `time2vie_cirruscommon`.`login` fields ( login, last_time ) values (0, 2021-01-29 15:19:12) on conditions username = 
15:19:12   UPDATING data to tables `log_login` fields ( logout_time ) values (2021-01-29:14:19:12) on conditions id =  AND username = 
15:33:03   UPDATING data to tables `time2vie_cirruscommon`.`login` fields ( login, last_time ) values (0, 2021-01-29 15:33:03) on conditions username = 
15:33:03   UPDATING data to tables `log_login` fields ( logout_time ) values (2021-01-29:14:33:03) on conditions id =  AND username = 
15:42:21   UPDATING data to tables `time2vie_cirruscommon`.`login` fields ( login, last_time ) values (0, 2021-01-29 15:42:21) on conditions username = 
15:42:21   UPDATING data to tables `log_login` fields ( logout_time ) values (2021-01-29:14:42:21) on conditions id =  AND username = 
15:47:34   UPDATING data to tables `time2vie_cirruscommon`.`login` fields ( login, last_time ) values (0, 2021-01-29 15:47:34) on conditions username = 
15:47:34   UPDATING data to tables `log_login` fields ( logout_time ) values (2021-01-29:14:47:34) on conditions id =  AND username = 
15:51:14   UPDATING data to tables `time2vie_cirruscommon`.`login` fields ( login, last_time ) values (0, 2021-01-29 15:51:14) on conditions username = 
15:51:14   UPDATING data to tables `log_login` fields ( logout_time ) values (2021-01-29:14:51:14) on conditions id =  AND username = 
16:30:38   UPDATING data to tables `time2vie_cirruscommon`.`login` fields ( login, last_time ) values (0, 2021-01-29 16:30:38) on conditions username = 
16:30:38   UPDATING data to tables `log_login` fields ( logout_time ) values (2021-01-29:15:30:38) on conditions id =  AND username = 
16:30:48 hesa001  UPDATING data to tables `time2vie_cirruscommon`.`secondary_login` fields ( error ) values (39) on conditions username = hesa001 AND company_id = 1
16:37:27   UPDATING data to tables `time2vie_cirruscommon`.`login` fields ( login, last_time ) values (0, 2021-01-29 16:37:27) on conditions username = 
16:37:27   UPDATING data to tables `log_login` fields ( logout_time ) values (2021-01-29:15:37:27) on conditions id =  AND username = 
16:48:59   UPDATING data to tables `time2vie_cirruscommon`.`login` fields ( login, last_time ) values (0, 2021-01-29 16:48:59) on conditions username = 
16:48:59   UPDATING data to tables `log_login` fields ( logout_time ) values (2021-01-29:15:48:59) on conditions id =  AND username = 
17:58:07   UPDATING data to tables `time2vie_cirruscommon`.`login` fields ( login, last_time ) values (0, 2021-01-29 17:58:07) on conditions username = 
17:58:07   UPDATING data to tables `log_login` fields ( logout_time ) values (2021-01-29:16:58:07) on conditions id =  AND username = 
17:58:25 labl001  UPDATING data to tables `time2vie_cirruscommon`.`secondary_login` fields ( error ) values (1) on conditions username = labl001 AND company_id = 7
18:12:20   UPDATING data to tables `time2vie_cirruscommon`.`login` fields ( login, last_time ) values (0, 2021-01-29 18:12:20) on conditions username = 
18:12:20   UPDATING data to tables `log_login` fields ( logout_time ) values (2021-01-29:17:12:20) on conditions id =  AND username = 
18:21:25   UPDATING data to tables `time2vie_cirruscommon`.`login` fields ( login, last_time ) values (0, 2021-01-29 18:21:25) on conditions username = 
18:21:25   UPDATING data to tables `log_login` fields ( logout_time ) values (2021-01-29:17:21:25) on conditions id =  AND username = 
18:22:02   UPDATING data to tables `time2vie_cirruscommon`.`login` fields ( login, last_time ) values (0, 2021-01-29 18:22:02) on conditions username = 
18:22:02   UPDATING data to tables `log_login` fields ( logout_time ) values (2021-01-29:17:22:02) on conditions id =  AND username = 
18:22:20 anmi002  UPDATING data to tables `time2vie_cirruscommon`.`secondary_login` fields ( error ) values (1) on conditions username = anmi002 AND company_id = 5
19:09:23   UPDATING data to tables `time2vie_cirruscommon`.`login` fields ( login, last_time ) values (0, 2021-01-29 19:09:23) on conditions username = 
19:09:23   UPDATING data to tables `log_login` fields ( logout_time ) values (2021-01-29:18:09:23) on conditions id =  AND username = 
19:23:33   UPDATING data to tables `time2vie_cirruscommon`.`login` fields ( login, last_time ) values (0, 2021-01-29 19:23:33) on conditions username = 
19:23:33   UPDATING data to tables `log_login` fields ( logout_time ) values (2021-01-29:18:23:33) on conditions id =  AND username = 
19:23:39 juju001  UPDATING data to tables `time2vie_cirruscommon`.`secondary_login` fields ( error ) values (1) on conditions username = juju001 AND company_id = 9
19:57:57   UPDATING data to tables `time2vie_cirruscommon`.`login` fields ( login, last_time ) values (0, 2021-01-29 19:57:57) on conditions username = 
19:57:57   UPDATING data to tables `log_login` fields ( logout_time ) values (2021-01-29:18:57:57) on conditions id =  AND username = 
20:26:28   UPDATING data to tables `time2vie_cirruscommon`.`login` fields ( login, last_time ) values (0, 2021-01-29 20:26:28) on conditions username = 
20:26:28   UPDATING data to tables `log_login` fields ( logout_time ) values (2021-01-29:19:26:28) on conditions id =  AND username = 
20:26:36 izje001  UPDATING data to tables `time2vie_cirruscommon`.`secondary_login` fields ( error ) values (1) on conditions username = izje001 AND company_id = 9
20:45:51   UPDATING data to tables `time2vie_cirruscommon`.`login` fields ( login, last_time ) values (0, 2021-01-29 20:45:51) on conditions username = 
20:45:51   UPDATING data to tables `log_login` fields ( logout_time ) values (2021-01-29:19:45:51) on conditions id =  AND username = 
21:03:27   UPDATING data to tables `time2vie_cirruscommon`.`login` fields ( login, last_time ) values (0, 2021-01-29 21:03:27) on conditions username = 
21:03:27   UPDATING data to tables `log_login` fields ( logout_time ) values (2021-01-29:20:03:27) on conditions id =  AND username = 
21:03:46 napo002  UPDATING data to tables `time2vie_cirruscommon`.`secondary_login` fields ( error ) values (1) on conditions username = napo002 AND company_id = 9
21:13:20   UPDATING data to tables `time2vie_cirruscommon`.`login` fields ( login, last_time ) values (0, 2021-01-29 21:13:20) on conditions username = 
21:13:20   UPDATING data to tables `log_login` fields ( logout_time ) values (2021-01-29:20:13:20) on conditions id =  AND username = 
21:17:47   UPDATING data to tables `time2vie_cirruscommon`.`login` fields ( login, last_time ) values (0, 2021-01-29 21:17:47) on conditions username = 
21:17:47   UPDATING data to tables `log_login` fields ( logout_time ) values (2021-01-29:20:17:47) on conditions id =  AND username = 
21:33:17   UPDATING data to tables `time2vie_cirruscommon`.`login` fields ( login, last_time ) values (0, 2021-01-29 21:33:17) on conditions username = 
21:33:17   UPDATING data to tables `log_login` fields ( logout_time ) values (2021-01-29:20:33:17) on conditions id =  AND username = 
21:44:02   UPDATING data to tables `time2vie_cirruscommon`.`login` fields ( login, last_time ) values (0, 2021-01-29 21:44:02) on conditions username = 
21:44:02   UPDATING data to tables `log_login` fields ( logout_time ) values (2021-01-29:20:44:02) on conditions id =  AND username = 
21:47:16   UPDATING data to tables `time2vie_cirruscommon`.`login` fields ( login, last_time ) values (0, 2021-01-29 21:47:16) on conditions username = 
21:47:16   UPDATING data to tables `log_login` fields ( logout_time ) values (2021-01-29:20:47:16) on conditions id =  AND username = 
22:02:38   UPDATING data to tables `time2vie_cirruscommon`.`login` fields ( login, last_time ) values (0, 2021-01-29 22:02:38) on conditions username = 
22:02:38   UPDATING data to tables `log_login` fields ( logout_time ) values (2021-01-29:21:02:38) on conditions id =  AND username = 
22:05:39   UPDATING data to tables `time2vie_cirruscommon`.`login` fields ( login, last_time ) values (0, 2021-01-29 22:05:39) on conditions username = 
22:05:39   UPDATING data to tables `log_login` fields ( logout_time ) values (2021-01-29:21:05:39) on conditions id =  AND username = 
22:09:42   UPDATING data to tables `time2vie_cirruscommon`.`login` fields ( login, last_time ) values (0, 2021-01-29 22:09:42) on conditions username = 
22:09:42   UPDATING data to tables `log_login` fields ( logout_time ) values (2021-01-29:21:09:42) on conditions id =  AND username = 
22:25:42   UPDATING data to tables `time2vie_cirruscommon`.`login` fields ( login, last_time ) values (0, 2021-01-29 22:25:42) on conditions username = 
22:25:42   UPDATING data to tables `log_login` fields ( logout_time ) values (2021-01-29:21:25:42) on conditions id =  AND username = 
22:26:19   UPDATING data to tables `log_login` fields ( logout_time ) values (2021-01-29:21:26:19) on conditions id = 22024 AND username = seon001
23:58:20   UPDATING data to tables `time2vie_cirruscommon`.`login` fields ( login, last_time ) values (0, 2021-01-29 23:58:20) on conditions username = 
23:58:20   UPDATING data to tables `log_login` fields ( logout_time ) values (2021-01-29:22:58:20) on conditions id =  AND username = 
00:44:28   UPDATING data to tables `time2vie_cirruscommon`.`login` fields ( login, last_time ) values (0, 2021-01-30 00:44:28) on conditions username = 
00:44:28   UPDATING data to tables `log_login` fields ( logout_time ) values (2021-01-29:23:44:28) on conditions id =  AND username = 
