01:42:13   UPDATING data to tables `time2vie_cirruscommon`.`login` fields ( login, last_time ) values (0, 2021-01-09 01:42:13) on conditions username = 
01:42:13   UPDATING data to tables `log_login` fields ( logout_time ) values (2021-01-09:00:42:13) on conditions id =  AND username = 
01:43:27   UPDATING data to tables `time2vie_cirruscommon`.`login` fields ( login, last_time ) values (0, 2021-01-09 01:43:27) on conditions username = 
01:43:27   UPDATING data to tables `log_login` fields ( logout_time ) values (2021-01-09:00:43:27) on conditions id =  AND username = 
05:26:49   UPDATING data to tables `time2vie_cirruscommon`.`login` fields ( login, last_time ) values (0, 2021-01-09 05:26:49) on conditions username = 
05:26:49   UPDATING data to tables `log_login` fields ( logout_time ) values (2021-01-09:04:26:49) on conditions id =  AND username = 
05:27:12 mala008  UPDATING data to tables `time2vie_cirruscommon`.`secondary_login` fields ( error ) values (1) on conditions username = mala008 AND company_id = 9
06:39:50   UPDATING data to tables `time2vie_cirruscommon`.`login` fields ( login, last_time ) values (0, 2021-01-09 06:39:50) on conditions username = 
06:39:50   UPDATING data to tables `log_login` fields ( logout_time ) values (2021-01-09:05:39:50) on conditions id =  AND username = 
07:00:24   UPDATING data to tables `time2vie_cirruscommon`.`login` fields ( login, last_time ) values (0, 2021-01-09 07:00:24) on conditions username = 
07:00:24   UPDATING data to tables `log_login` fields ( logout_time ) values (2021-01-09:06:00:24) on conditions id =  AND username = 
07:23:34   UPDATING data to tables `time2vie_cirruscommon`.`login` fields ( login, last_time ) values (0, 2021-01-09 07:23:34) on conditions username = 
07:23:34   UPDATING data to tables `log_login` fields ( logout_time ) values (2021-01-09:06:23:34) on conditions id =  AND username = 
07:41:56   UPDATING data to tables `time2vie_cirruscommon`.`login` fields ( login, last_time ) values (0, 2021-01-09 07:41:56) on conditions username = 
07:41:56   UPDATING data to tables `log_login` fields ( logout_time ) values (2021-01-09:06:41:56) on conditions id =  AND username = 
08:03:01   UPDATING data to tables `time2vie_cirruscommon`.`login` fields ( login, last_time ) values (0, 2021-01-09 08:03:01) on conditions username = 
08:03:01   UPDATING data to tables `log_login` fields ( logout_time ) values (2021-01-09:07:03:01) on conditions id =  AND username = 
08:26:01   UPDATING data to tables `time2vie_cirruscommon`.`login` fields ( login, last_time ) values (0, 2021-01-09 08:26:01) on conditions username = 
08:26:01   UPDATING data to tables `log_login` fields ( logout_time ) values (2021-01-09:07:26:01) on conditions id =  AND username = 
08:27:20   UPDATING data to tables `time2vie_cirruscommon`.`login` fields ( login, last_time ) values (0, 2021-01-09 08:27:20) on conditions username = 
08:27:20   UPDATING data to tables `log_login` fields ( logout_time ) values (2021-01-09:07:27:20) on conditions id =  AND username = 
09:09:37   UPDATING data to tables `time2vie_cirruscommon`.`login` fields ( login, last_time ) values (0, 2021-01-09 09:09:37) on conditions username = 
09:09:37   UPDATING data to tables `log_login` fields ( logout_time ) values (2021-01-09:08:09:37) on conditions id =  AND username = 
09:29:21   UPDATING data to tables `time2vie_cirruscommon`.`login` fields ( login, last_time ) values (0, 2021-01-09 09:29:21) on conditions username = 
09:29:21   UPDATING data to tables `log_login` fields ( logout_time ) values (2021-01-09:08:29:21) on conditions id =  AND username = 
09:34:23   UPDATING data to tables `time2vie_cirruscommon`.`login` fields ( login, last_time ) values (0, 2021-01-09 09:34:23) on conditions username = 
09:34:23   UPDATING data to tables `log_login` fields ( logout_time ) values (2021-01-09:08:34:23) on conditions id =  AND username = 
09:45:02   UPDATING data to tables `time2vie_cirruscommon`.`login` fields ( login, last_time ) values (0, 2021-01-09 09:45:02) on conditions username = 
09:45:02   UPDATING data to tables `log_login` fields ( logout_time ) values (2021-01-09:08:45:02) on conditions id =  AND username = 
09:45:47   UPDATING data to tables `time2vie_cirruscommon`.`login` fields ( login, last_time ) values (0, 2021-01-09 09:45:47) on conditions username = 
09:45:47   UPDATING data to tables `log_login` fields ( logout_time ) values (2021-01-09:08:45:47) on conditions id =  AND username = 
10:10:45   UPDATING data to tables `time2vie_cirruscommon`.`login` fields ( login, last_time ) values (0, 2021-01-09 10:10:45) on conditions username = 
10:10:45   UPDATING data to tables `log_login` fields ( logout_time ) values (2021-01-09:09:10:45) on conditions id =  AND username = 
10:12:54   UPDATING data to tables `time2vie_cirruscommon`.`login` fields ( login, last_time ) values (0, 2021-01-09 10:12:54) on conditions username = 
10:12:54   UPDATING data to tables `log_login` fields ( logout_time ) values (2021-01-09:09:12:54) on conditions id =  AND username = 
10:52:40   UPDATING data to tables `time2vie_cirruscommon`.`login` fields ( login, last_time ) values (0, 2021-01-09 10:52:40) on conditions username = 
10:52:40   UPDATING data to tables `log_login` fields ( logout_time ) values (2021-01-09:09:52:40) on conditions id =  AND username = 
10:57:22   UPDATING data to tables `time2vie_cirruscommon`.`login` fields ( login, last_time ) values (0, 2021-01-09 10:57:22) on conditions username = 
10:57:22   UPDATING data to tables `log_login` fields ( logout_time ) values (2021-01-09:09:57:22) on conditions id =  AND username = 
11:39:18   UPDATING data to tables `time2vie_cirruscommon`.`login` fields ( login, last_time ) values (0, 2021-01-09 11:39:18) on conditions username = 
11:39:18   UPDATING data to tables `log_login` fields ( logout_time ) values (2021-01-09:10:39:18) on conditions id =  AND username = 
11:51:03   UPDATING data to tables `time2vie_cirruscommon`.`login` fields ( login, last_time ) values (0, 2021-01-09 11:51:03) on conditions username = 
11:51:03   UPDATING data to tables `log_login` fields ( logout_time ) values (2021-01-09:10:51:03) on conditions id =  AND username = 
12:08:59   UPDATING data to tables `time2vie_cirruscommon`.`login` fields ( login, last_time ) values (0, 2021-01-09 12:08:59) on conditions username = 
12:08:59   UPDATING data to tables `log_login` fields ( logout_time ) values (2021-01-09:11:08:59) on conditions id =  AND username = 
12:25:40   UPDATING data to tables `time2vie_cirruscommon`.`login` fields ( login, last_time ) values (0, 2021-01-09 12:25:40) on conditions username = 
12:25:40   UPDATING data to tables `log_login` fields ( logout_time ) values (2021-01-09:11:25:40) on conditions id =  AND username = 
12:35:53   UPDATING data to tables `time2vie_cirruscommon`.`login` fields ( login, last_time ) values (0, 2021-01-09 12:35:53) on conditions username = 
12:35:53   UPDATING data to tables `log_login` fields ( logout_time ) values (2021-01-09:11:35:53) on conditions id =  AND username = 
12:47:12   UPDATING data to tables `log_login` fields ( logout_time ) values (2021-01-09:11:47:12) on conditions id = 610109 AND username = solu003
12:54:04   UPDATING data to tables `time2vie_cirruscommon`.`login` fields ( login, last_time ) values (0, 2021-01-09 12:54:04) on conditions username = 
12:54:04   UPDATING data to tables `log_login` fields ( logout_time ) values (2021-01-09:11:54:04) on conditions id =  AND username = 
12:56:02   UPDATING data to tables `time2vie_cirruscommon`.`login` fields ( login, last_time ) values (0, 2021-01-09 12:56:02) on conditions username = 
12:56:02   UPDATING data to tables `log_login` fields ( logout_time ) values (2021-01-09:11:56:02) on conditions id =  AND username = 
12:56:38   UPDATING data to tables `log_login` fields ( logout_time ) values (2021-01-09:11:56:38) on conditions id = 289089 AND username = johe004
13:05:48   UPDATING data to tables `log_login` fields ( logout_time ) values (2021-01-09:12:05:48) on conditions id = 610113 AND username = solu003
13:34:25   UPDATING data to tables `time2vie_cirruscommon`.`login` fields ( login, last_time ) values (0, 2021-01-09 13:34:25) on conditions username = 
13:34:25   UPDATING data to tables `log_login` fields ( logout_time ) values (2021-01-09:12:34:25) on conditions id =  AND username = 
13:38:15   UPDATING data to tables `time2vie_cirruscommon`.`login` fields ( login, last_time ) values (0, 2021-01-09 13:38:15) on conditions username = 
13:38:15   UPDATING data to tables `log_login` fields ( logout_time ) values (2021-01-09:12:38:15) on conditions id =  AND username = 
13:39:06   UPDATING data to tables `time2vie_cirruscommon`.`login` fields ( login, last_time ) values (0, 2021-01-09 13:39:06) on conditions username = 
13:39:06   UPDATING data to tables `log_login` fields ( logout_time ) values (2021-01-09:12:39:06) on conditions id =  AND username = 
13:39:11   UPDATING data to tables `time2vie_cirruscommon`.`login` fields ( login, last_time ) values (0, 2021-01-09 13:39:11) on conditions username = 
13:39:11   UPDATING data to tables `log_login` fields ( logout_time ) values (2021-01-09:12:39:11) on conditions id =  AND username = 
13:39:31 mibe008  UPDATING data to tables `time2vie_cirruscommon`.`secondary_login` fields ( error ) values (1) on conditions username = mibe008 AND company_id = 9
14:06:13   UPDATING data to tables `time2vie_cirruscommon`.`login` fields ( login, last_time ) values (0, 2021-01-09 14:06:13) on conditions username = 
14:06:13   UPDATING data to tables `log_login` fields ( logout_time ) values (2021-01-09:13:06:13) on conditions id =  AND username = 
14:21:31   UPDATING data to tables `time2vie_cirruscommon`.`login` fields ( login, last_time ) values (0, 2021-01-09 14:21:31) on conditions username = 
14:21:31   UPDATING data to tables `log_login` fields ( logout_time ) values (2021-01-09:13:21:31) on conditions id =  AND username = 
14:51:47   UPDATING data to tables `time2vie_cirruscommon`.`login` fields ( login, last_time ) values (0, 2021-01-09 14:51:47) on conditions username = 
14:51:47   UPDATING data to tables `log_login` fields ( logout_time ) values (2021-01-09:13:51:47) on conditions id =  AND username = 
16:00:06   UPDATING data to tables `time2vie_cirruscommon`.`login` fields ( login, last_time ) values (0, 2021-01-09 16:00:06) on conditions username = 
16:00:06   UPDATING data to tables `log_login` fields ( logout_time ) values (2021-01-09:15:00:06) on conditions id =  AND username = 
16:07:02   UPDATING data to tables `time2vie_cirruscommon`.`login` fields ( login, last_time ) values (0, 2021-01-09 16:07:02) on conditions username = 
16:07:02   UPDATING data to tables `log_login` fields ( logout_time ) values (2021-01-09:15:07:02) on conditions id =  AND username = 
16:24:58   UPDATING data to tables `time2vie_cirruscommon`.`login` fields ( login, last_time ) values (0, 2021-01-09 16:24:58) on conditions username = 
16:24:58   UPDATING data to tables `log_login` fields ( logout_time ) values (2021-01-09:15:24:58) on conditions id =  AND username = 
16:32:53   UPDATING data to tables `log_login` fields ( logout_time ) values (2021-01-09:15:32:53) on conditions id = 17135 AND username = hejo003
16:46:31   UPDATING data to tables `time2vie_cirruscommon`.`login` fields ( login, last_time ) values (0, 2021-01-09 16:46:31) on conditions username = 
16:46:31   UPDATING data to tables `log_login` fields ( logout_time ) values (2021-01-09:15:46:31) on conditions id =  AND username = 
16:51:31   UPDATING data to tables `time2vie_cirruscommon`.`login` fields ( login, last_time ) values (0, 2021-01-09 16:51:31) on conditions username = 
16:51:31   UPDATING data to tables `log_login` fields ( logout_time ) values (2021-01-09:15:51:31) on conditions id =  AND username = 
17:04:42   UPDATING data to tables `log_login` fields ( logout_time ) values (2021-01-09:16:04:42) on conditions id = 17136 AND username = hejo003
17:12:47   UPDATING data to tables `time2vie_cirruscommon`.`login` fields ( login, last_time ) values (0, 2021-01-09 17:12:47) on conditions username = 
17:12:47   UPDATING data to tables `log_login` fields ( logout_time ) values (2021-01-09:16:12:47) on conditions id =  AND username = 
17:16:55   UPDATING data to tables `time2vie_cirruscommon`.`login` fields ( login, last_time ) values (0, 2021-01-09 17:16:55) on conditions username = 
17:16:55   UPDATING data to tables `log_login` fields ( logout_time ) values (2021-01-09:16:16:55) on conditions id =  AND username = 
17:27:45   UPDATING data to tables `time2vie_cirruscommon`.`login` fields ( login, last_time ) values (0, 2021-01-09 17:27:45) on conditions username = 
17:27:45   UPDATING data to tables `log_login` fields ( logout_time ) values (2021-01-09:16:27:45) on conditions id =  AND username = 
17:42:25   UPDATING data to tables `time2vie_cirruscommon`.`login` fields ( login, last_time ) values (0, 2021-01-09 17:42:25) on conditions username = 
17:42:25   UPDATING data to tables `log_login` fields ( logout_time ) values (2021-01-09:16:42:25) on conditions id =  AND username = 
17:50:23   UPDATING data to tables `log_login` fields ( logout_time ) values (2021-01-09:16:50:23) on conditions id = 222264 AND username = nial004
17:54:02   UPDATING data to tables `time2vie_cirruscommon`.`login` fields ( login, last_time ) values (0, 2021-01-09 17:54:02) on conditions username = 
17:54:02   UPDATING data to tables `log_login` fields ( logout_time ) values (2021-01-09:16:54:02) on conditions id =  AND username = 
17:56:16   UPDATING data to tables `time2vie_cirruscommon`.`login` fields ( login, last_time ) values (0, 2021-01-09 17:56:16) on conditions username = 
17:56:16   UPDATING data to tables `log_login` fields ( logout_time ) values (2021-01-09:16:56:16) on conditions id =  AND username = 
18:17:29   UPDATING data to tables `time2vie_cirruscommon`.`login` fields ( login, last_time ) values (0, 2021-01-09 18:17:29) on conditions username = 
18:17:29   UPDATING data to tables `log_login` fields ( logout_time ) values (2021-01-09:17:17:29) on conditions id =  AND username = 
18:50:20   UPDATING data to tables `time2vie_cirruscommon`.`login` fields ( login, last_time ) values (0, 2021-01-09 18:50:20) on conditions username = 
18:50:20   UPDATING data to tables `log_login` fields ( logout_time ) values (2021-01-09:17:50:20) on conditions id =  AND username = 
19:05:13   UPDATING data to tables `time2vie_cirruscommon`.`login` fields ( login, last_time ) values (0, 2021-01-09 19:05:13) on conditions username = 
19:05:13   UPDATING data to tables `log_login` fields ( logout_time ) values (2021-01-09:18:05:13) on conditions id =  AND username = 
19:09:20   UPDATING data to tables `time2vie_cirruscommon`.`login` fields ( login, last_time ) values (0, 2021-01-09 19:09:20) on conditions username = 
19:09:20   UPDATING data to tables `log_login` fields ( logout_time ) values (2021-01-09:18:09:20) on conditions id =  AND username = 
20:44:47   UPDATING data to tables `time2vie_cirruscommon`.`login` fields ( login, last_time ) values (0, 2021-01-09 20:44:47) on conditions username = 
20:44:47   UPDATING data to tables `log_login` fields ( logout_time ) values (2021-01-09:19:44:47) on conditions id =  AND username = 
21:35:13   UPDATING data to tables `time2vie_cirruscommon`.`login` fields ( login, last_time ) values (0, 2021-01-09 21:35:13) on conditions username = 
21:35:13   UPDATING data to tables `log_login` fields ( logout_time ) values (2021-01-09:20:35:13) on conditions id =  AND username = 
21:37:35   UPDATING data to tables `time2vie_cirruscommon`.`login` fields ( login, last_time ) values (0, 2021-01-09 21:37:35) on conditions username = 
21:37:35   UPDATING data to tables `log_login` fields ( logout_time ) values (2021-01-09:20:37:35) on conditions id =  AND username = 
21:47:07   UPDATING data to tables `time2vie_cirruscommon`.`login` fields ( login, last_time ) values (0, 2021-01-09 21:47:07) on conditions username = 
21:47:07   UPDATING data to tables `log_login` fields ( logout_time ) values (2021-01-09:20:47:07) on conditions id =  AND username = 
21:47:10   UPDATING data to tables `time2vie_cirruscommon`.`login` fields ( login, last_time ) values (0, 2021-01-09 21:47:10) on conditions username = 
21:47:10   UPDATING data to tables `log_login` fields ( logout_time ) values (2021-01-09:20:47:10) on conditions id =  AND username = 
22:03:21   UPDATING data to tables `time2vie_cirruscommon`.`login` fields ( login, last_time ) values (0, 2021-01-09 22:03:21) on conditions username = 
22:03:21   UPDATING data to tables `log_login` fields ( logout_time ) values (2021-01-09:21:03:21) on conditions id =  AND username = 
22:23:19   UPDATING data to tables `log_login` fields ( logout_time ) values (2021-01-09:21:23:19) on conditions id = 17143 AND username = hejo003
22:35:17   UPDATING data to tables `time2vie_cirruscommon`.`login` fields ( login, last_time ) values (0, 2021-01-09 22:35:17) on conditions username = 
22:35:17   UPDATING data to tables `log_login` fields ( logout_time ) values (2021-01-09:21:35:17) on conditions id =  AND username = 
23:46:38   UPDATING data to tables `time2vie_cirruscommon`.`login` fields ( login, last_time ) values (0, 2021-01-09 23:46:38) on conditions username = 
23:46:38   UPDATING data to tables `log_login` fields ( logout_time ) values (2021-01-09:22:46:38) on conditions id =  AND username = 
