02:01:23   UPDATING data to tables `time2vie_cirruscommon`.`login` fields ( login, last_time ) values (0, 2021-01-03 02:01:23) on conditions username = 
02:01:23   UPDATING data to tables `log_login` fields ( logout_time ) values (2021-01-03:01:01:23) on conditions id =  AND username = 
02:01:46 frro001  UPDATING data to tables `time2vie_cirruscommon`.`secondary_login` fields ( error ) values (1) on conditions username = frro001 AND company_id = 7
05:30:47   UPDATING data to tables `time2vie_cirruscommon`.`login` fields ( login, last_time ) values (0, 2021-01-03 05:30:47) on conditions username = 
05:30:47   UPDATING data to tables `log_login` fields ( logout_time ) values (2021-01-03:04:30:47) on conditions id =  AND username = 
05:34:58   UPDATING data to tables `time2vie_cirruscommon`.`login` fields ( login, last_time ) values (0, 2021-01-03 05:34:58) on conditions username = 
05:34:58   UPDATING data to tables `log_login` fields ( logout_time ) values (2021-01-03:04:34:58) on conditions id =  AND username = 
07:06:51   UPDATING data to tables `time2vie_cirruscommon`.`login` fields ( login, last_time ) values (0, 2021-01-03 07:06:51) on conditions username = 
07:06:51   UPDATING data to tables `log_login` fields ( logout_time ) values (2021-01-03:06:06:51) on conditions id =  AND username = 
07:32:30   UPDATING data to tables `time2vie_cirruscommon`.`login` fields ( login, last_time ) values (0, 2021-01-03 07:32:30) on conditions username = 
07:32:30   UPDATING data to tables `log_login` fields ( logout_time ) values (2021-01-03:06:32:30) on conditions id =  AND username = 
08:12:15   UPDATING data to tables `time2vie_cirruscommon`.`login` fields ( login, last_time ) values (0, 2021-01-03 08:12:15) on conditions username = 
08:12:15   UPDATING data to tables `log_login` fields ( logout_time ) values (2021-01-03:07:12:15) on conditions id =  AND username = 
08:26:07   UPDATING data to tables `time2vie_cirruscommon`.`login` fields ( login, last_time ) values (0, 2021-01-03 08:26:07) on conditions username = 
08:26:07   UPDATING data to tables `log_login` fields ( logout_time ) values (2021-01-03:07:26:07) on conditions id =  AND username = 
08:26:42   UPDATING data to tables `time2vie_cirruscommon`.`login` fields ( login, last_time ) values (0, 2021-01-03 08:26:42) on conditions username = 
08:26:42   UPDATING data to tables `log_login` fields ( logout_time ) values (2021-01-03:07:26:42) on conditions id =  AND username = 
09:12:52   UPDATING data to tables `time2vie_cirruscommon`.`login` fields ( login, last_time ) values (0, 2021-01-03 09:12:52) on conditions username = 
09:12:52   UPDATING data to tables `log_login` fields ( logout_time ) values (2021-01-03:08:12:52) on conditions id =  AND username = 
09:27:09   UPDATING data to tables `time2vie_cirruscommon`.`login` fields ( login, last_time ) values (0, 2021-01-03 09:27:09) on conditions username = 
09:27:09   UPDATING data to tables `log_login` fields ( logout_time ) values (2021-01-03:08:27:09) on conditions id =  AND username = 
09:27:45   UPDATING data to tables `time2vie_cirruscommon`.`login` fields ( login, last_time ) values (0, 2021-01-03 09:27:45) on conditions username = 
09:27:45   UPDATING data to tables `log_login` fields ( logout_time ) values (2021-01-03:08:27:45) on conditions id =  AND username = 
09:29:57   UPDATING data to tables `time2vie_cirruscommon`.`login` fields ( login, last_time ) values (0, 2021-01-03 09:29:57) on conditions username = 
09:29:57   UPDATING data to tables `log_login` fields ( logout_time ) values (2021-01-03:08:29:57) on conditions id =  AND username = 
09:33:18   UPDATING data to tables `time2vie_cirruscommon`.`login` fields ( login, last_time ) values (0, 2021-01-03 09:33:18) on conditions username = 
09:33:18   UPDATING data to tables `log_login` fields ( logout_time ) values (2021-01-03:08:33:18) on conditions id =  AND username = 
09:47:51   UPDATING data to tables `time2vie_cirruscommon`.`login` fields ( login, last_time ) values (0, 2021-01-03 09:47:51) on conditions username = 
09:47:51   UPDATING data to tables `log_login` fields ( logout_time ) values (2021-01-03:08:47:51) on conditions id =  AND username = 
09:50:56   UPDATING data to tables `time2vie_cirruscommon`.`login` fields ( login, last_time ) values (0, 2021-01-03 09:50:56) on conditions username = 
09:50:56   UPDATING data to tables `log_login` fields ( logout_time ) values (2021-01-03:08:50:56) on conditions id =  AND username = 
09:52:33   UPDATING data to tables `time2vie_cirruscommon`.`login` fields ( login, last_time ) values (0, 2021-01-03 09:52:33) on conditions username = 
09:52:33   UPDATING data to tables `log_login` fields ( logout_time ) values (2021-01-03:08:52:33) on conditions id =  AND username = 
10:05:33   UPDATING data to tables `time2vie_cirruscommon`.`login` fields ( login, last_time ) values (0, 2021-01-03 10:05:33) on conditions username = 
10:05:33   UPDATING data to tables `log_login` fields ( logout_time ) values (2021-01-03:09:05:33) on conditions id =  AND username = 
10:14:36   UPDATING data to tables `time2vie_cirruscommon`.`login` fields ( login, last_time ) values (0, 2021-01-03 10:14:36) on conditions username = 
10:14:36   UPDATING data to tables `log_login` fields ( logout_time ) values (2021-01-03:09:14:36) on conditions id =  AND username = 
10:17:38   UPDATING data to tables `log_login` fields ( logout_time ) values (2021-01-03:09:17:38) on conditions id = 609185 AND username = beto001
10:24:57   UPDATING data to tables `time2vie_cirruscommon`.`login` fields ( login, last_time ) values (0, 2021-01-03 10:24:57) on conditions username = 
10:24:57   UPDATING data to tables `log_login` fields ( logout_time ) values (2021-01-03:09:24:57) on conditions id =  AND username = 
10:49:05   UPDATING data to tables `time2vie_cirruscommon`.`login` fields ( login, last_time ) values (0, 2021-01-03 10:49:05) on conditions username = 
10:49:05   UPDATING data to tables `log_login` fields ( logout_time ) values (2021-01-03:09:49:05) on conditions id =  AND username = 
10:49:34   UPDATING data to tables `time2vie_cirruscommon`.`login` fields ( login, last_time ) values (0, 2021-01-03 10:49:34) on conditions username = 
10:49:34   UPDATING data to tables `log_login` fields ( logout_time ) values (2021-01-03:09:49:34) on conditions id =  AND username = 
11:06:48   UPDATING data to tables `time2vie_cirruscommon`.`login` fields ( login, last_time ) values (0, 2021-01-03 11:06:48) on conditions username = 
11:06:48   UPDATING data to tables `log_login` fields ( logout_time ) values (2021-01-03:10:06:48) on conditions id =  AND username = 
11:08:03   UPDATING data to tables `time2vie_cirruscommon`.`login` fields ( login, last_time ) values (0, 2021-01-03 11:08:03) on conditions username = 
11:08:03   UPDATING data to tables `log_login` fields ( logout_time ) values (2021-01-03:10:08:03) on conditions id =  AND username = 
11:09:02   UPDATING data to tables `time2vie_cirruscommon`.`login` fields ( login, last_time ) values (0, 2021-01-03 11:09:02) on conditions username = 
11:09:02   UPDATING data to tables `log_login` fields ( logout_time ) values (2021-01-03:10:09:02) on conditions id =  AND username = 
11:11:33   UPDATING data to tables `time2vie_cirruscommon`.`login` fields ( login, last_time ) values (0, 2021-01-03 11:11:33) on conditions username = 
11:11:33   UPDATING data to tables `log_login` fields ( logout_time ) values (2021-01-03:10:11:33) on conditions id =  AND username = 
12:29:55   UPDATING data to tables `time2vie_cirruscommon`.`login` fields ( login, last_time ) values (0, 2021-01-03 12:29:55) on conditions username = 
12:29:55   UPDATING data to tables `log_login` fields ( logout_time ) values (2021-01-03:11:29:55) on conditions id =  AND username = 
12:30:27   UPDATING data to tables `time2vie_cirruscommon`.`login` fields ( login, last_time ) values (0, 2021-01-03 12:30:27) on conditions username = 
12:30:27   UPDATING data to tables `log_login` fields ( logout_time ) values (2021-01-03:11:30:27) on conditions id =  AND username = 
13:02:54   UPDATING data to tables `time2vie_cirruscommon`.`login` fields ( login, last_time ) values (0, 2021-01-03 13:02:54) on conditions username = 
13:02:54   UPDATING data to tables `log_login` fields ( logout_time ) values (2021-01-03:12:02:54) on conditions id =  AND username = 
13:07:10   UPDATING data to tables `time2vie_cirruscommon`.`login` fields ( login, last_time ) values (0, 2021-01-03 13:07:10) on conditions username = 
13:07:10   UPDATING data to tables `log_login` fields ( logout_time ) values (2021-01-03:12:07:10) on conditions id =  AND username = 
13:14:19   UPDATING data to tables `time2vie_cirruscommon`.`login` fields ( login, last_time ) values (0, 2021-01-03 13:14:19) on conditions username = 
13:14:19   UPDATING data to tables `log_login` fields ( logout_time ) values (2021-01-03:12:14:19) on conditions id =  AND username = 
13:14:45   UPDATING data to tables `time2vie_cirruscommon`.`login` fields ( login, last_time ) values (0, 2021-01-03 13:14:45) on conditions username = 
13:14:45   UPDATING data to tables `log_login` fields ( logout_time ) values (2021-01-03:12:14:45) on conditions id =  AND username = 
13:27:34   UPDATING data to tables `time2vie_cirruscommon`.`login` fields ( login, last_time ) values (0, 2021-01-03 13:27:34) on conditions username = 
13:27:34   UPDATING data to tables `log_login` fields ( logout_time ) values (2021-01-03:12:27:34) on conditions id =  AND username = 
13:28:03   UPDATING data to tables `time2vie_cirruscommon`.`login` fields ( login, last_time ) values (0, 2021-01-03 13:28:03) on conditions username = 
13:28:03   UPDATING data to tables `log_login` fields ( logout_time ) values (2021-01-03:12:28:03) on conditions id =  AND username = 
13:31:07   UPDATING data to tables `time2vie_cirruscommon`.`login` fields ( login, last_time ) values (0, 2021-01-03 13:31:07) on conditions username = 
13:31:07   UPDATING data to tables `log_login` fields ( logout_time ) values (2021-01-03:12:31:07) on conditions id =  AND username = 
13:32:31   UPDATING data to tables `time2vie_cirruscommon`.`login` fields ( login, last_time ) values (0, 2021-01-03 13:32:31) on conditions username = 
13:32:31   UPDATING data to tables `log_login` fields ( logout_time ) values (2021-01-03:12:32:31) on conditions id =  AND username = 
13:41:04   UPDATING data to tables `time2vie_cirruscommon`.`login` fields ( login, last_time ) values (0, 2021-01-03 13:41:04) on conditions username = 
13:41:04   UPDATING data to tables `log_login` fields ( logout_time ) values (2021-01-03:12:41:04) on conditions id =  AND username = 
13:45:20   UPDATING data to tables `time2vie_cirruscommon`.`login` fields ( login, last_time ) values (0, 2021-01-03 13:45:20) on conditions username = 
13:45:20   UPDATING data to tables `log_login` fields ( logout_time ) values (2021-01-03:12:45:20) on conditions id =  AND username = 
13:57:29   UPDATING data to tables `time2vie_cirruscommon`.`login` fields ( login, last_time ) values (0, 2021-01-03 13:57:29) on conditions username = 
13:57:29   UPDATING data to tables `log_login` fields ( logout_time ) values (2021-01-03:12:57:29) on conditions id =  AND username = 
14:08:15   UPDATING data to tables `time2vie_cirruscommon`.`login` fields ( login, last_time ) values (0, 2021-01-03 14:08:15) on conditions username = 
14:08:15   UPDATING data to tables `log_login` fields ( logout_time ) values (2021-01-03:13:08:15) on conditions id =  AND username = 
14:12:53   UPDATING data to tables `time2vie_cirruscommon`.`login` fields ( login, last_time ) values (0, 2021-01-03 14:12:53) on conditions username = 
14:12:53   UPDATING data to tables `log_login` fields ( logout_time ) values (2021-01-03:13:12:53) on conditions id =  AND username = 
14:19:12   UPDATING data to tables `time2vie_cirruscommon`.`login` fields ( login, last_time ) values (0, 2021-01-03 14:19:12) on conditions username = 
14:19:12   UPDATING data to tables `log_login` fields ( logout_time ) values (2021-01-03:13:19:12) on conditions id =  AND username = 
14:19:47   UPDATING data to tables `time2vie_cirruscommon`.`login` fields ( login, last_time ) values (0, 2021-01-03 14:19:47) on conditions username = 
14:19:47   UPDATING data to tables `log_login` fields ( logout_time ) values (2021-01-03:13:19:47) on conditions id =  AND username = 
14:37:44   UPDATING data to tables `time2vie_cirruscommon`.`login` fields ( login, last_time ) values (0, 2021-01-03 14:37:44) on conditions username = 
14:37:44   UPDATING data to tables `log_login` fields ( logout_time ) values (2021-01-03:13:37:44) on conditions id =  AND username = 
14:38:34   UPDATING data to tables `time2vie_cirruscommon`.`login` fields ( login, last_time ) values (0, 2021-01-03 14:38:34) on conditions username = 
14:38:34   UPDATING data to tables `log_login` fields ( logout_time ) values (2021-01-03:13:38:34) on conditions id =  AND username = 
14:43:12   UPDATING data to tables `time2vie_cirruscommon`.`login` fields ( login, last_time ) values (0, 2021-01-03 14:43:12) on conditions username = 
14:43:12   UPDATING data to tables `log_login` fields ( logout_time ) values (2021-01-03:13:43:12) on conditions id =  AND username = 
14:48:59   UPDATING data to tables `time2vie_cirruscommon`.`login` fields ( login, last_time ) values (0, 2021-01-03 14:48:59) on conditions username = 
14:48:59   UPDATING data to tables `log_login` fields ( logout_time ) values (2021-01-03:13:48:59) on conditions id =  AND username = 
14:57:47   UPDATING data to tables `time2vie_cirruscommon`.`login` fields ( login, last_time ) values (0, 2021-01-03 14:57:47) on conditions username = 
14:57:47   UPDATING data to tables `log_login` fields ( logout_time ) values (2021-01-03:13:57:47) on conditions id =  AND username = 
15:15:43   UPDATING data to tables `time2vie_cirruscommon`.`login` fields ( login, last_time ) values (0, 2021-01-03 15:15:43) on conditions username = 
15:15:43   UPDATING data to tables `log_login` fields ( logout_time ) values (2021-01-03:14:15:43) on conditions id =  AND username = 
15:21:33   UPDATING data to tables `time2vie_cirruscommon`.`login` fields ( login, last_time ) values (0, 2021-01-03 15:21:33) on conditions username = 
15:21:33   UPDATING data to tables `log_login` fields ( logout_time ) values (2021-01-03:14:21:33) on conditions id =  AND username = 
15:39:34   UPDATING data to tables `time2vie_cirruscommon`.`login` fields ( login, last_time ) values (0, 2021-01-03 15:39:34) on conditions username = 
15:39:34   UPDATING data to tables `log_login` fields ( logout_time ) values (2021-01-03:14:39:34) on conditions id =  AND username = 
15:40:00   UPDATING data to tables `time2vie_cirruscommon`.`login` fields ( login, last_time ) values (0, 2021-01-03 15:40:00) on conditions username = 
15:40:00   UPDATING data to tables `log_login` fields ( logout_time ) values (2021-01-03:14:40:00) on conditions id =  AND username = 
15:40:21   UPDATING data to tables `time2vie_cirruscommon`.`login` fields ( login, last_time ) values (0, 2021-01-03 15:40:21) on conditions username = 
15:40:21   UPDATING data to tables `log_login` fields ( logout_time ) values (2021-01-03:14:40:21) on conditions id =  AND username = 
15:40:48   UPDATING data to tables `time2vie_cirruscommon`.`login` fields ( login, last_time ) values (0, 2021-01-03 15:40:48) on conditions username = 
15:40:48   UPDATING data to tables `log_login` fields ( logout_time ) values (2021-01-03:14:40:48) on conditions id =  AND username = 
15:50:31   UPDATING data to tables `time2vie_cirruscommon`.`login` fields ( login, last_time ) values (0, 2021-01-03 15:50:31) on conditions username = 
15:50:31   UPDATING data to tables `log_login` fields ( logout_time ) values (2021-01-03:14:50:31) on conditions id =  AND username = 
15:51:15   UPDATING data to tables `time2vie_cirruscommon`.`login` fields ( login, last_time ) values (0, 2021-01-03 15:51:15) on conditions username = 
15:51:15   UPDATING data to tables `log_login` fields ( logout_time ) values (2021-01-03:14:51:15) on conditions id =  AND username = 
16:25:11   UPDATING data to tables `time2vie_cirruscommon`.`login` fields ( login, last_time ) values (0, 2021-01-03 16:25:11) on conditions username = 
16:25:11   UPDATING data to tables `log_login` fields ( logout_time ) values (2021-01-03:15:25:11) on conditions id =  AND username = 
16:29:02   UPDATING data to tables `time2vie_cirruscommon`.`login` fields ( login, last_time ) values (0, 2021-01-03 16:29:02) on conditions username = 
16:29:02   UPDATING data to tables `log_login` fields ( logout_time ) values (2021-01-03:15:29:02) on conditions id =  AND username = 
16:36:10   UPDATING data to tables `time2vie_cirruscommon`.`login` fields ( login, last_time ) values (0, 2021-01-03 16:36:10) on conditions username = 
16:36:10   UPDATING data to tables `log_login` fields ( logout_time ) values (2021-01-03:15:36:10) on conditions id =  AND username = 
16:46:32   UPDATING data to tables `time2vie_cirruscommon`.`login` fields ( login, last_time ) values (0, 2021-01-03 16:46:32) on conditions username = 
16:46:32   UPDATING data to tables `log_login` fields ( logout_time ) values (2021-01-03:15:46:32) on conditions id =  AND username = 
16:55:49   UPDATING data to tables `time2vie_cirruscommon`.`login` fields ( login, last_time ) values (0, 2021-01-03 16:55:49) on conditions username = 
16:55:49   UPDATING data to tables `log_login` fields ( logout_time ) values (2021-01-03:15:55:49) on conditions id =  AND username = 
16:56:09   UPDATING data to tables `time2vie_cirruscommon`.`login` fields ( login, last_time ) values (0, 2021-01-03 16:56:09) on conditions username = 
16:56:09   UPDATING data to tables `log_login` fields ( logout_time ) values (2021-01-03:15:56:09) on conditions id =  AND username = 
17:11:50   UPDATING data to tables `time2vie_cirruscommon`.`login` fields ( login, last_time ) values (0, 2021-01-03 17:11:50) on conditions username = 
17:11:50   UPDATING data to tables `log_login` fields ( logout_time ) values (2021-01-03:16:11:50) on conditions id =  AND username = 
17:11:56 pher001  UPDATING data to tables `time2vie_cirruscommon`.`secondary_login` fields ( error ) values (1) on conditions username = pher001 AND company_id = 7
17:16:45   UPDATING data to tables `time2vie_cirruscommon`.`login` fields ( login, last_time ) values (0, 2021-01-03 17:16:45) on conditions username = 
17:16:45   UPDATING data to tables `log_login` fields ( logout_time ) values (2021-01-03:16:16:45) on conditions id =  AND username = 
17:23:36   UPDATING data to tables `time2vie_cirruscommon`.`login` fields ( login, last_time ) values (0, 2021-01-03 17:23:36) on conditions username = 
17:23:36   UPDATING data to tables `log_login` fields ( logout_time ) values (2021-01-03:16:23:36) on conditions id =  AND username = 
17:25:10   UPDATING data to tables `time2vie_cirruscommon`.`login` fields ( login, last_time ) values (0, 2021-01-03 17:25:10) on conditions username = 
17:25:10   UPDATING data to tables `log_login` fields ( logout_time ) values (2021-01-03:16:25:10) on conditions id =  AND username = 
17:57:43   UPDATING data to tables `time2vie_cirruscommon`.`login` fields ( login, last_time ) values (0, 2021-01-03 17:57:43) on conditions username = 
17:57:43   UPDATING data to tables `log_login` fields ( logout_time ) values (2021-01-03:16:57:43) on conditions id =  AND username = 
17:59:32   UPDATING data to tables `time2vie_cirruscommon`.`login` fields ( login, last_time ) values (0, 2021-01-03 17:59:32) on conditions username = 
17:59:32   UPDATING data to tables `log_login` fields ( logout_time ) values (2021-01-03:16:59:32) on conditions id =  AND username = 
18:00:12   UPDATING data to tables `time2vie_cirruscommon`.`login` fields ( login, last_time ) values (0, 2021-01-03 18:00:12) on conditions username = 
18:00:12   UPDATING data to tables `log_login` fields ( logout_time ) values (2021-01-03:17:00:12) on conditions id =  AND username = 
18:00:27   UPDATING data to tables `time2vie_cirruscommon`.`login` fields ( login, last_time ) values (0, 2021-01-03 18:00:27) on conditions username = 
18:00:27   UPDATING data to tables `log_login` fields ( logout_time ) values (2021-01-03:17:00:27) on conditions id =  AND username = 
18:00:29   UPDATING data to tables `time2vie_cirruscommon`.`login` fields ( login, last_time ) values (0, 2021-01-03 18:00:29) on conditions username = 
18:00:29   UPDATING data to tables `log_login` fields ( logout_time ) values (2021-01-03:17:00:29) on conditions id =  AND username = 
18:00:58   UPDATING data to tables `time2vie_cirruscommon`.`login` fields ( login, last_time ) values (0, 2021-01-03 18:00:58) on conditions username = 
18:00:58   UPDATING data to tables `log_login` fields ( logout_time ) values (2021-01-03:17:00:58) on conditions id =  AND username = 
18:01:48   UPDATING data to tables `time2vie_cirruscommon`.`login` fields ( login, last_time ) values (0, 2021-01-03 18:01:48) on conditions username = 
18:01:48   UPDATING data to tables `log_login` fields ( logout_time ) values (2021-01-03:17:01:48) on conditions id =  AND username = 
18:12:35   UPDATING data to tables `time2vie_cirruscommon`.`login` fields ( login, last_time ) values (0, 2021-01-03 18:12:35) on conditions username = 
18:12:35   UPDATING data to tables `log_login` fields ( logout_time ) values (2021-01-03:17:12:35) on conditions id =  AND username = 
18:28:57   UPDATING data to tables `time2vie_cirruscommon`.`login` fields ( login, last_time ) values (0, 2021-01-03 18:28:57) on conditions username = 
18:28:57   UPDATING data to tables `log_login` fields ( logout_time ) values (2021-01-03:17:28:57) on conditions id =  AND username = 
18:54:41   UPDATING data to tables `time2vie_cirruscommon`.`login` fields ( login, last_time ) values (0, 2021-01-03 18:54:41) on conditions username = 
18:54:41   UPDATING data to tables `log_login` fields ( logout_time ) values (2021-01-03:17:54:41) on conditions id =  AND username = 
18:56:52   UPDATING data to tables `time2vie_cirruscommon`.`login` fields ( login, last_time ) values (0, 2021-01-03 18:56:52) on conditions username = 
18:56:52   UPDATING data to tables `log_login` fields ( logout_time ) values (2021-01-03:17:56:52) on conditions id =  AND username = 
18:59:52   UPDATING data to tables `log_login` fields ( logout_time ) values (2021-01-03:17:59:52) on conditions id = 288332 AND username = malu006
19:03:59   UPDATING data to tables `time2vie_cirruscommon`.`login` fields ( login, last_time ) values (0, 2021-01-03 19:03:59) on conditions username = 
19:03:59   UPDATING data to tables `log_login` fields ( logout_time ) values (2021-01-03:18:03:59) on conditions id =  AND username = 
19:05:49   UPDATING data to tables `time2vie_cirruscommon`.`login` fields ( login, last_time ) values (0, 2021-01-03 19:05:49) on conditions username = 
19:05:49   UPDATING data to tables `log_login` fields ( logout_time ) values (2021-01-03:18:05:49) on conditions id =  AND username = 
19:20:32   UPDATING data to tables `time2vie_cirruscommon`.`login` fields ( login, last_time ) values (0, 2021-01-03 19:20:32) on conditions username = 
19:20:32   UPDATING data to tables `log_login` fields ( logout_time ) values (2021-01-03:18:20:32) on conditions id =  AND username = 
19:35:13   UPDATING data to tables `time2vie_cirruscommon`.`login` fields ( login, last_time ) values (0, 2021-01-03 19:35:13) on conditions username = 
19:35:13   UPDATING data to tables `log_login` fields ( logout_time ) values (2021-01-03:18:35:13) on conditions id =  AND username = 
19:41:21   UPDATING data to tables `time2vie_cirruscommon`.`login` fields ( login, last_time ) values (0, 2021-01-03 19:41:21) on conditions username = 
19:41:21   UPDATING data to tables `log_login` fields ( logout_time ) values (2021-01-03:18:41:21) on conditions id =  AND username = 
19:41:55   UPDATING data to tables `time2vie_cirruscommon`.`login` fields ( login, last_time ) values (0, 2021-01-03 19:41:55) on conditions username = 
19:41:55   UPDATING data to tables `log_login` fields ( logout_time ) values (2021-01-03:18:41:55) on conditions id =  AND username = 
19:45:00   UPDATING data to tables `time2vie_cirruscommon`.`login` fields ( login, last_time ) values (0, 2021-01-03 19:45:00) on conditions username = 
19:45:00   UPDATING data to tables `log_login` fields ( logout_time ) values (2021-01-03:18:45:00) on conditions id =  AND username = 
19:45:58   UPDATING data to tables `time2vie_cirruscommon`.`login` fields ( login, last_time ) values (0, 2021-01-03 19:45:58) on conditions username = 
19:45:58   UPDATING data to tables `log_login` fields ( logout_time ) values (2021-01-03:18:45:58) on conditions id =  AND username = 
19:53:43   UPDATING data to tables `time2vie_cirruscommon`.`login` fields ( login, last_time ) values (0, 2021-01-03 19:53:43) on conditions username = 
19:53:43   UPDATING data to tables `log_login` fields ( logout_time ) values (2021-01-03:18:53:43) on conditions id =  AND username = 
20:00:28   UPDATING data to tables `time2vie_cirruscommon`.`login` fields ( login, last_time ) values (0, 2021-01-03 20:00:28) on conditions username = 
20:00:28   UPDATING data to tables `log_login` fields ( logout_time ) values (2021-01-03:19:00:28) on conditions id =  AND username = 
20:01:55   UPDATING data to tables `time2vie_cirruscommon`.`login` fields ( login, last_time ) values (0, 2021-01-03 20:01:55) on conditions username = 
20:01:55   UPDATING data to tables `log_login` fields ( logout_time ) values (2021-01-03:19:01:55) on conditions id =  AND username = 
20:04:28   UPDATING data to tables `time2vie_cirruscommon`.`login` fields ( login, last_time ) values (0, 2021-01-03 20:04:28) on conditions username = 
20:04:28   UPDATING data to tables `log_login` fields ( logout_time ) values (2021-01-03:19:04:28) on conditions id =  AND username = 
20:34:29   UPDATING data to tables `log_login` fields ( logout_time ) values (2021-01-03:19:34:29) on conditions id = 609272 AND username = mala008
20:36:04   UPDATING data to tables `log_login` fields ( logout_time ) values (2021-01-03:19:36:04) on conditions id = 609278 AND username = mala008
21:03:42   UPDATING data to tables `time2vie_cirruscommon`.`login` fields ( login, last_time ) values (0, 2021-01-03 21:03:42) on conditions username = 
21:03:42   UPDATING data to tables `log_login` fields ( logout_time ) values (2021-01-03:20:03:42) on conditions id =  AND username = 
21:10:06   UPDATING data to tables `time2vie_cirruscommon`.`login` fields ( login, last_time ) values (0, 2021-01-03 21:10:06) on conditions username = 
21:10:06   UPDATING data to tables `log_login` fields ( logout_time ) values (2021-01-03:20:10:06) on conditions id =  AND username = 
21:13:44   UPDATING data to tables `time2vie_cirruscommon`.`login` fields ( login, last_time ) values (0, 2021-01-03 21:13:44) on conditions username = 
21:13:44   UPDATING data to tables `log_login` fields ( logout_time ) values (2021-01-03:20:13:44) on conditions id =  AND username = 
21:25:58   UPDATING data to tables `time2vie_cirruscommon`.`login` fields ( login, last_time ) values (0, 2021-01-03 21:25:58) on conditions username = 
21:25:58   UPDATING data to tables `log_login` fields ( logout_time ) values (2021-01-03:20:25:58) on conditions id =  AND username = 
21:27:59   UPDATING data to tables `time2vie_cirruscommon`.`login` fields ( login, last_time ) values (0, 2021-01-03 21:27:59) on conditions username = 
21:27:59   UPDATING data to tables `log_login` fields ( logout_time ) values (2021-01-03:20:27:59) on conditions id =  AND username = 
21:41:13   UPDATING data to tables `time2vie_cirruscommon`.`login` fields ( login, last_time ) values (0, 2021-01-03 21:41:13) on conditions username = 
21:41:13   UPDATING data to tables `log_login` fields ( logout_time ) values (2021-01-03:20:41:13) on conditions id =  AND username = 
21:47:41   UPDATING data to tables `time2vie_cirruscommon`.`login` fields ( login, last_time ) values (0, 2021-01-03 21:47:41) on conditions username = 
21:47:41   UPDATING data to tables `log_login` fields ( logout_time ) values (2021-01-03:20:47:41) on conditions id =  AND username = 
21:50:11   UPDATING data to tables `time2vie_cirruscommon`.`login` fields ( login, last_time ) values (0, 2021-01-03 21:50:11) on conditions username = 
21:50:11   UPDATING data to tables `log_login` fields ( logout_time ) values (2021-01-03:20:50:11) on conditions id =  AND username = 
22:01:17   UPDATING data to tables `time2vie_cirruscommon`.`login` fields ( login, last_time ) values (0, 2021-01-03 22:01:17) on conditions username = 
22:01:17   UPDATING data to tables `log_login` fields ( logout_time ) values (2021-01-03:21:01:17) on conditions id =  AND username = 
22:19:35   UPDATING data to tables `log_login` fields ( logout_time ) values (2021-01-03:21:19:35) on conditions id = 609288 AND username = kaho001
22:29:51   UPDATING data to tables `time2vie_cirruscommon`.`login` fields ( login, last_time ) values (0, 2021-01-03 22:29:51) on conditions username = 
22:29:51   UPDATING data to tables `log_login` fields ( logout_time ) values (2021-01-03:21:29:51) on conditions id =  AND username = 
23:12:17   UPDATING data to tables `time2vie_cirruscommon`.`login` fields ( login, last_time ) values (0, 2021-01-03 23:12:17) on conditions username = 
23:12:17   UPDATING data to tables `log_login` fields ( logout_time ) values (2021-01-03:22:12:17) on conditions id =  AND username = 
23:14:02   UPDATING data to tables `time2vie_cirruscommon`.`login` fields ( login, last_time ) values (0, 2021-01-03 23:14:02) on conditions username = 
23:14:02   UPDATING data to tables `log_login` fields ( logout_time ) values (2021-01-03:22:14:02) on conditions id =  AND username = 
23:32:53   UPDATING data to tables `time2vie_cirruscommon`.`login` fields ( login, last_time ) values (0, 2021-01-03 23:32:53) on conditions username = 
23:32:53   UPDATING data to tables `log_login` fields ( logout_time ) values (2021-01-03:22:32:53) on conditions id =  AND username = 
23:33:26 hiad001  INSERTING data into tables `time2vie_cirruscommon`.`sms_otp` fields ( user_id, company_id, mobile, otp, purpose, date ) values ( hiad001, 9, 765940070, 614464, PASSWORD_RECOVERY, 2021-01-03 23:33:26 ) => {inserted_id = 1548}
23:33:26 hiad001  INSERTING data into tables `time2vie_cirrus9`.`log_sms` fields ( from_user, to_user, to_no, message, status ) values ( unknown, hiad001, 765940070, %0ADitt engångslösenord är 614464.%0AAnvändarnamn : hiad001%0AFöretag : Libra assistans AB%0ATänk på att lösenordet är en personlig värdehandling. Hälsningar Time2view CIRRUS, 1 ) => {inserted_id = 12889}
23:33:59 hiad001  INSERTING data into tables `time2vie_cirruscommon`.`sms_otp` fields ( user_id, company_id, mobile, otp, purpose, date ) values ( hiad001, 9, 765940070, 397029, PASSWORD_RECOVERY, 2021-01-03 23:33:59 ) => {inserted_id = 1549}
23:33:59 hiad001  INSERTING data into tables `time2vie_cirrus9`.`log_sms` fields ( from_user, to_user, to_no, message, status ) values ( unknown, hiad001, 765940070, %0ADitt engångslösenord är 397029.%0AAnvändarnamn : hiad001%0AFöretag : Libra assistans AB%0ATänk på att lösenordet är en personlig värdehandling. Hälsningar Time2view CIRRUS, 1 ) => {inserted_id = 12890}
23:34:17 hiad001  UPDATING data to tables `time2vie_cirruscommon`.`secondary_login` fields ( error ) values (5) on conditions username = hiad001 AND company_id = 9
23:34:37 hiad001  UPDATING data to tables `time2vie_cirruscommon`.`secondary_login` fields ( error ) values (6) on conditions username = hiad001 AND company_id = 9
23:35:52 hiad001  UPDATING data to tables `time2vie_cirruscommon`.`secondary_login` fields ( error ) values (7) on conditions username = hiad001 AND company_id = 9
23:36:15 hiad001  UPDATING data to tables `time2vie_cirruscommon`.`secondary_login` fields ( error ) values (8) on conditions username = hiad001 AND company_id = 9
23:36:30 hiad001  UPDATING data to tables `time2vie_cirruscommon`.`secondary_login` fields ( error ) values (9) on conditions username = hiad001 AND company_id = 9
