04:37:22   UPDATING data to tables `time2vie_cirruscommon`.`login` fields ( login, last_time ) values (0, 2021-02-18 04:37:22) on conditions username = 
04:37:22   UPDATING data to tables `log_login` fields ( logout_time ) values (2021-02-18:03:37:22) on conditions id =  AND username = 
06:43:47   UPDATING data to tables `time2vie_cirruscommon`.`login` fields ( login, last_time ) values (0, 2021-02-18 06:43:47) on conditions username = 
06:43:47   UPDATING data to tables `log_login` fields ( logout_time ) values (2021-02-18:05:43:47) on conditions id =  AND username = 
06:49:53   UPDATING data to tables `log_login` fields ( logout_time ) values (2021-02-18:05:49:53) on conditions id = 617539 AND username = beto001
06:50:08 beto001  UPDATING data to tables `time2vie_cirruscommon`.`secondary_login` fields ( error ) values (1) on conditions username = beto001 AND company_id = 9
07:05:23   UPDATING data to tables `time2vie_cirruscommon`.`login` fields ( login, last_time ) values (0, 2021-02-18 07:05:23) on conditions username = 
07:05:23   UPDATING data to tables `log_login` fields ( logout_time ) values (2021-02-18:06:05:23) on conditions id =  AND username = 
07:25:45   UPDATING data to tables `time2vie_cirruscommon`.`login` fields ( login, last_time ) values (0, 2021-02-18 07:25:45) on conditions username = 
07:25:45   UPDATING data to tables `log_login` fields ( logout_time ) values (2021-02-18:06:25:45) on conditions id =  AND username = 
07:29:23   UPDATING data to tables `time2vie_cirruscommon`.`login` fields ( login, last_time ) values (0, 2021-02-18 07:29:23) on conditions username = 
07:29:23   UPDATING data to tables `log_login` fields ( logout_time ) values (2021-02-18:06:29:23) on conditions id =  AND username = 
07:49:58   UPDATING data to tables `time2vie_cirruscommon`.`login` fields ( login, last_time ) values (0, 2021-02-18 07:49:58) on conditions username = 
07:49:58   UPDATING data to tables `log_login` fields ( logout_time ) values (2021-02-18:06:49:58) on conditions id =  AND username = 
07:50:59   UPDATING data to tables `time2vie_cirruscommon`.`login` fields ( login, last_time ) values (0, 2021-02-18 07:50:59) on conditions username = 
07:50:59   UPDATING data to tables `log_login` fields ( logout_time ) values (2021-02-18:06:50:59) on conditions id =  AND username = 
07:57:34   UPDATING data to tables `time2vie_cirruscommon`.`login` fields ( login, last_time ) values (0, 2021-02-18 07:57:34) on conditions username = 
07:57:34   UPDATING data to tables `log_login` fields ( logout_time ) values (2021-02-18:06:57:34) on conditions id =  AND username = 
08:13:46   UPDATING data to tables `time2vie_cirruscommon`.`login` fields ( login, last_time ) values (0, 2021-02-18 08:13:46) on conditions username = 
08:13:46   UPDATING data to tables `log_login` fields ( logout_time ) values (2021-02-18:07:13:46) on conditions id =  AND username = 
08:14:08   UPDATING data to tables `time2vie_cirruscommon`.`login` fields ( login, last_time ) values (0, 2021-02-18 08:14:08) on conditions username = 
08:14:08   UPDATING data to tables `log_login` fields ( logout_time ) values (2021-02-18:07:14:08) on conditions id =  AND username = 
08:19:04   UPDATING data to tables `time2vie_cirruscommon`.`login` fields ( login, last_time ) values (0, 2021-02-18 08:19:04) on conditions username = 
08:19:04   UPDATING data to tables `log_login` fields ( logout_time ) values (2021-02-18:07:19:04) on conditions id =  AND username = 
08:31:16   UPDATING data to tables `log_login` fields ( logout_time ) values (2021-02-18:07:31:16) on conditions id = 294435 AND username = lisa004
08:49:36   UPDATING data to tables `time2vie_cirruscommon`.`login` fields ( login, last_time ) values (0, 2021-02-18 08:49:36) on conditions username = 
08:49:36   UPDATING data to tables `log_login` fields ( logout_time ) values (2021-02-18:07:49:36) on conditions id =  AND username = 
08:51:29   UPDATING data to tables `time2vie_cirruscommon`.`login` fields ( login, last_time ) values (0, 2021-02-18 08:51:29) on conditions username = 
08:51:29   UPDATING data to tables `log_login` fields ( logout_time ) values (2021-02-18:07:51:29) on conditions id =  AND username = 
09:13:01   UPDATING data to tables `time2vie_cirruscommon`.`login` fields ( login, last_time ) values (0, 2021-02-18 09:13:01) on conditions username = 
09:13:01   UPDATING data to tables `log_login` fields ( logout_time ) values (2021-02-18:08:13:01) on conditions id =  AND username = 
09:15:44   UPDATING data to tables `time2vie_cirruscommon`.`login` fields ( login, last_time ) values (0, 2021-02-18 09:15:44) on conditions username = 
09:15:44   UPDATING data to tables `log_login` fields ( logout_time ) values (2021-02-18:08:15:44) on conditions id =  AND username = 
09:19:23   UPDATING data to tables `time2vie_cirruscommon`.`login` fields ( login, last_time ) values (0, 2021-02-18 09:19:23) on conditions username = 
09:19:23   UPDATING data to tables `log_login` fields ( logout_time ) values (2021-02-18:08:19:23) on conditions id =  AND username = 
09:22:04   UPDATING data to tables `time2vie_cirruscommon`.`login` fields ( login, last_time ) values (0, 2021-02-18 09:22:04) on conditions username = 
09:22:04   UPDATING data to tables `log_login` fields ( logout_time ) values (2021-02-18:08:22:04) on conditions id =  AND username = 
09:46:34   UPDATING data to tables `time2vie_cirruscommon`.`login` fields ( login, last_time ) values (0, 2021-02-18 09:46:34) on conditions username = 
09:46:34   UPDATING data to tables `log_login` fields ( logout_time ) values (2021-02-18:08:46:34) on conditions id =  AND username = 
10:05:38   UPDATING data to tables `time2vie_cirruscommon`.`login` fields ( login, last_time ) values (0, 2021-02-18 10:05:38) on conditions username = 
10:05:38   UPDATING data to tables `log_login` fields ( logout_time ) values (2021-02-18:09:05:38) on conditions id =  AND username = 
10:10:44   UPDATING data to tables `time2vie_cirruscommon`.`login` fields ( login, last_time ) values (0, 2021-02-18 10:10:44) on conditions username = 
10:10:44   UPDATING data to tables `log_login` fields ( logout_time ) values (2021-02-18:09:10:44) on conditions id =  AND username = 
10:18:24   UPDATING data to tables `time2vie_cirruscommon`.`login` fields ( login, last_time ) values (0, 2021-02-18 10:18:24) on conditions username = 
10:18:24   UPDATING data to tables `log_login` fields ( logout_time ) values (2021-02-18:09:18:24) on conditions id =  AND username = 
10:20:52   UPDATING data to tables `time2vie_cirruscommon`.`login` fields ( login, last_time ) values (0, 2021-02-18 10:20:52) on conditions username = 
10:20:52   UPDATING data to tables `log_login` fields ( logout_time ) values (2021-02-18:09:20:52) on conditions id =  AND username = 
10:23:09   UPDATING data to tables `time2vie_cirruscommon`.`login` fields ( login, last_time ) values (0, 2021-02-18 10:23:09) on conditions username = 
10:23:09   UPDATING data to tables `log_login` fields ( logout_time ) values (2021-02-18:09:23:09) on conditions id =  AND username = 
10:42:26   UPDATING data to tables `time2vie_cirruscommon`.`login` fields ( login, last_time ) values (0, 2021-02-18 10:42:26) on conditions username = 
10:42:26   UPDATING data to tables `log_login` fields ( logout_time ) values (2021-02-18:09:42:26) on conditions id =  AND username = 
10:47:54   UPDATING data to tables `log_login` fields ( logout_time ) values (2021-02-18:09:47:54) on conditions id = 18211 AND username = hejo003
10:49:37   UPDATING data to tables `time2vie_cirruscommon`.`login` fields ( login, last_time ) values (0, 2021-02-18 10:49:37) on conditions username = 
10:49:37   UPDATING data to tables `log_login` fields ( logout_time ) values (2021-02-18:09:49:37) on conditions id =  AND username = 
10:49:48   UPDATING data to tables `time2vie_cirruscommon`.`login` fields ( login, last_time ) values (0, 2021-02-18 10:49:48) on conditions username = 
10:49:48   UPDATING data to tables `log_login` fields ( logout_time ) values (2021-02-18:09:49:48) on conditions id =  AND username = 
10:49:55 ersa002  UPDATING data to tables `time2vie_cirruscommon`.`secondary_login` fields ( error ) values (1) on conditions username = ersa002 AND company_id = 7
10:50:00 ersa002  UPDATING data to tables `time2vie_cirruscommon`.`secondary_login` fields ( error ) values (2) on conditions username = ersa002 AND company_id = 7
10:50:08 ersa002  UPDATING data to tables `time2vie_cirruscommon`.`secondary_login` fields ( error ) values (3) on conditions username = ersa002 AND company_id = 7
10:50:13 ersa002  UPDATING data to tables `time2vie_cirruscommon`.`secondary_login` fields ( error ) values (4) on conditions username = ersa002 AND company_id = 7
10:56:56   UPDATING data to tables `time2vie_cirruscommon`.`login` fields ( login, last_time ) values (0, 2021-02-18 10:56:56) on conditions username = 
10:56:56   UPDATING data to tables `log_login` fields ( logout_time ) values (2021-02-18:09:56:56) on conditions id =  AND username = 
10:59:06   UPDATING data to tables `time2vie_cirruscommon`.`login` fields ( login, last_time ) values (0, 2021-02-18 10:59:06) on conditions username = 
10:59:06   UPDATING data to tables `log_login` fields ( logout_time ) values (2021-02-18:09:59:06) on conditions id =  AND username = 
11:14:10   UPDATING data to tables `time2vie_cirruscommon`.`login` fields ( login, last_time ) values (0, 2021-02-18 11:14:10) on conditions username = 
11:14:10   UPDATING data to tables `log_login` fields ( logout_time ) values (2021-02-18:10:14:10) on conditions id =  AND username = 
11:16:10   UPDATING data to tables `time2vie_cirruscommon`.`login` fields ( login, last_time ) values (0, 2021-02-18 11:16:10) on conditions username = 
11:16:10   UPDATING data to tables `log_login` fields ( logout_time ) values (2021-02-18:10:16:10) on conditions id =  AND username = 
11:19:48   UPDATING data to tables `time2vie_cirruscommon`.`login` fields ( login, last_time ) values (0, 2021-02-18 11:19:48) on conditions username = 
11:19:48   UPDATING data to tables `log_login` fields ( logout_time ) values (2021-02-18:10:19:48) on conditions id =  AND username = 
11:21:23   UPDATING data to tables `time2vie_cirruscommon`.`login` fields ( login, last_time ) values (0, 2021-02-18 11:21:23) on conditions username = 
11:21:23   UPDATING data to tables `log_login` fields ( logout_time ) values (2021-02-18:10:21:23) on conditions id =  AND username = 
11:49:47   UPDATING data to tables `time2vie_cirruscommon`.`login` fields ( login, last_time ) values (0, 2021-02-18 11:49:47) on conditions username = 
11:49:47   UPDATING data to tables `log_login` fields ( logout_time ) values (2021-02-18:10:49:47) on conditions id =  AND username = 
12:13:54   UPDATING data to tables `time2vie_cirruscommon`.`login` fields ( login, last_time ) values (0, 2021-02-18 12:13:54) on conditions username = 
12:13:54   UPDATING data to tables `log_login` fields ( logout_time ) values (2021-02-18:11:13:54) on conditions id =  AND username = 
12:26:00   UPDATING data to tables `time2vie_cirruscommon`.`login` fields ( login, last_time ) values (0, 2021-02-18 12:26:00) on conditions username = 
12:26:00   UPDATING data to tables `log_login` fields ( logout_time ) values (2021-02-18:11:26:00) on conditions id =  AND username = 
12:26:12 mala008  UPDATING data to tables `time2vie_cirruscommon`.`secondary_login` fields ( error ) values (1) on conditions username = mala008 AND company_id = 9
12:27:40   UPDATING data to tables `time2vie_cirruscommon`.`login` fields ( login, last_time ) values (0, 2021-02-18 12:27:40) on conditions username = 
12:27:40   UPDATING data to tables `log_login` fields ( logout_time ) values (2021-02-18:11:27:40) on conditions id =  AND username = 
12:33:05   UPDATING data to tables `log_login` fields ( logout_time ) values (2021-02-18:11:33:05) on conditions id = 18214 AND username = hejo003
12:49:13   UPDATING data to tables `time2vie_cirruscommon`.`login` fields ( login, last_time ) values (0, 2021-02-18 12:49:13) on conditions username = 
12:49:13   UPDATING data to tables `log_login` fields ( logout_time ) values (2021-02-18:11:49:13) on conditions id =  AND username = 
13:04:39   UPDATING data to tables `time2vie_cirruscommon`.`login` fields ( login, last_time ) values (0, 2021-02-18 13:04:39) on conditions username = 
13:04:39   UPDATING data to tables `log_login` fields ( logout_time ) values (2021-02-18:12:04:39) on conditions id =  AND username = 
13:05:40   UPDATING data to tables `time2vie_cirruscommon`.`login` fields ( login, last_time ) values (0, 2021-02-18 13:05:40) on conditions username = 
13:05:40   UPDATING data to tables `log_login` fields ( logout_time ) values (2021-02-18:12:05:40) on conditions id =  AND username = 
13:15:10   UPDATING data to tables `time2vie_cirruscommon`.`login` fields ( login, last_time ) values (0, 2021-02-18 13:15:10) on conditions username = 
13:15:10   UPDATING data to tables `log_login` fields ( logout_time ) values (2021-02-18:12:15:10) on conditions id =  AND username = 
13:15:20 krda003  UPDATING data to tables `time2vie_cirruscommon`.`secondary_login` fields ( error ) values (1) on conditions username = krda003 AND company_id = 7
13:33:27   UPDATING data to tables `time2vie_cirruscommon`.`login` fields ( login, last_time ) values (0, 2021-02-18 13:33:27) on conditions username = 
13:33:27   UPDATING data to tables `log_login` fields ( logout_time ) values (2021-02-18:12:33:27) on conditions id =  AND username = 
13:45:31   UPDATING data to tables `time2vie_cirruscommon`.`login` fields ( login, last_time ) values (0, 2021-02-18 13:45:31) on conditions username = 
13:45:31   UPDATING data to tables `log_login` fields ( logout_time ) values (2021-02-18:12:45:31) on conditions id =  AND username = 
13:51:13   UPDATING data to tables `log_login` fields ( logout_time ) values (2021-02-18:12:51:13) on conditions id = 617622 AND username = mala008
13:51:24   UPDATING data to tables `time2vie_cirruscommon`.`login` fields ( login, last_time ) values (0, 2021-02-18 13:51:24) on conditions username = 
13:51:24   UPDATING data to tables `log_login` fields ( logout_time ) values (2021-02-18:12:51:24) on conditions id =  AND username = 
13:51:52   UPDATING data to tables `time2vie_cirruscommon`.`login` fields ( login, last_time ) values (0, 2021-02-18 13:51:52) on conditions username = 
13:51:52   UPDATING data to tables `log_login` fields ( logout_time ) values (2021-02-18:12:51:52) on conditions id =  AND username = 
13:52:14   UPDATING data to tables `time2vie_cirruscommon`.`login` fields ( login, last_time ) values (0, 2021-02-18 13:52:14) on conditions username = 
13:52:14   UPDATING data to tables `log_login` fields ( logout_time ) values (2021-02-18:12:52:14) on conditions id =  AND username = 
14:02:21   UPDATING data to tables `time2vie_cirruscommon`.`login` fields ( login, last_time ) values (0, 2021-02-18 14:02:21) on conditions username = 
14:02:21   UPDATING data to tables `log_login` fields ( logout_time ) values (2021-02-18:13:02:21) on conditions id =  AND username = 
14:10:40   UPDATING data to tables `time2vie_cirruscommon`.`login` fields ( login, last_time ) values (0, 2021-02-18 14:10:40) on conditions username = 
14:10:40   UPDATING data to tables `log_login` fields ( logout_time ) values (2021-02-18:13:10:40) on conditions id =  AND username = 
14:23:12   UPDATING data to tables `time2vie_cirruscommon`.`login` fields ( login, last_time ) values (0, 2021-02-18 14:23:12) on conditions username = 
14:23:12   UPDATING data to tables `log_login` fields ( logout_time ) values (2021-02-18:13:23:12) on conditions id =  AND username = 
14:24:16   UPDATING data to tables `time2vie_cirruscommon`.`login` fields ( login, last_time ) values (0, 2021-02-18 14:24:16) on conditions username = 
14:24:16   UPDATING data to tables `log_login` fields ( logout_time ) values (2021-02-18:13:24:16) on conditions id =  AND username = 
14:30:46   UPDATING data to tables `log_login` fields ( logout_time ) values (2021-02-18:13:30:46) on conditions id = 617633 AND username = jouh001
14:32:52   UPDATING data to tables `time2vie_cirruscommon`.`login` fields ( login, last_time ) values (0, 2021-02-18 14:32:52) on conditions username = 
14:32:52   UPDATING data to tables `log_login` fields ( logout_time ) values (2021-02-18:13:32:52) on conditions id =  AND username = 
14:33:09   UPDATING data to tables `time2vie_cirruscommon`.`login` fields ( login, last_time ) values (0, 2021-02-18 14:33:09) on conditions username = 
14:33:09   UPDATING data to tables `log_login` fields ( logout_time ) values (2021-02-18:13:33:09) on conditions id =  AND username = 
14:33:43   UPDATING data to tables `log_login` fields ( logout_time ) values (2021-02-18:13:33:43) on conditions id = 617627 AND username = mala008
14:39:40   UPDATING data to tables `time2vie_cirruscommon`.`login` fields ( login, last_time ) values (0, 2021-02-18 14:39:40) on conditions username = 
14:39:40   UPDATING data to tables `log_login` fields ( logout_time ) values (2021-02-18:13:39:40) on conditions id =  AND username = 
15:15:07   UPDATING data to tables `time2vie_cirruscommon`.`login` fields ( login, last_time ) values (0, 2021-02-18 15:15:07) on conditions username = 
15:15:07   UPDATING data to tables `log_login` fields ( logout_time ) values (2021-02-18:14:15:07) on conditions id =  AND username = 
15:26:53   UPDATING data to tables `time2vie_cirruscommon`.`login` fields ( login, last_time ) values (0, 2021-02-18 15:26:53) on conditions username = 
15:26:53   UPDATING data to tables `log_login` fields ( logout_time ) values (2021-02-18:14:26:53) on conditions id =  AND username = 
15:32:57   UPDATING data to tables `time2vie_cirruscommon`.`login` fields ( login, last_time ) values (0, 2021-02-18 15:32:57) on conditions username = 
15:32:57   UPDATING data to tables `log_login` fields ( logout_time ) values (2021-02-18:14:32:57) on conditions id =  AND username = 
15:44:39   UPDATING data to tables `time2vie_cirruscommon`.`login` fields ( login, last_time ) values (0, 2021-02-18 15:44:39) on conditions username = 
15:44:39   UPDATING data to tables `log_login` fields ( logout_time ) values (2021-02-18:14:44:39) on conditions id =  AND username = 
15:48:17   UPDATING data to tables `time2vie_cirruscommon`.`login` fields ( login, last_time ) values (0, 2021-02-18 15:48:17) on conditions username = 
15:48:17   UPDATING data to tables `log_login` fields ( logout_time ) values (2021-02-18:14:48:17) on conditions id =  AND username = 
16:05:52   UPDATING data to tables `time2vie_cirruscommon`.`login` fields ( login, last_time ) values (0, 2021-02-18 16:05:52) on conditions username = 
16:05:52   UPDATING data to tables `log_login` fields ( logout_time ) values (2021-02-18:15:05:52) on conditions id =  AND username = 
16:27:07   UPDATING data to tables `time2vie_cirruscommon`.`login` fields ( login, last_time ) values (0, 2021-02-18 16:27:07) on conditions username = 
16:27:07   UPDATING data to tables `log_login` fields ( logout_time ) values (2021-02-18:15:27:07) on conditions id =  AND username = 
16:32:41   UPDATING data to tables `time2vie_cirruscommon`.`login` fields ( login, last_time ) values (0, 2021-02-18 16:32:41) on conditions username = 
16:32:41   UPDATING data to tables `log_login` fields ( logout_time ) values (2021-02-18:15:32:41) on conditions id =  AND username = 
16:55:31   UPDATING data to tables `time2vie_cirruscommon`.`login` fields ( login, last_time ) values (0, 2021-02-18 16:55:31) on conditions username = 
16:55:31   UPDATING data to tables `log_login` fields ( logout_time ) values (2021-02-18:15:55:31) on conditions id =  AND username = 
17:17:16   UPDATING data to tables `time2vie_cirruscommon`.`login` fields ( login, last_time ) values (0, 2021-02-18 17:17:16) on conditions username = 
17:17:16   UPDATING data to tables `log_login` fields ( logout_time ) values (2021-02-18:16:17:16) on conditions id =  AND username = 
17:43:45   UPDATING data to tables `log_login` fields ( logout_time ) values (2021-02-18:16:43:45) on conditions id = 617674 AND username = beto001
17:59:59   UPDATING data to tables `log_login` fields ( logout_time ) values (2021-02-18:16:59:59) on conditions id = 617680 AND username = beto001
18:21:20   UPDATING data to tables `time2vie_cirruscommon`.`login` fields ( login, last_time ) values (0, 2021-02-18 18:21:20) on conditions username = 
18:21:20   UPDATING data to tables `log_login` fields ( logout_time ) values (2021-02-18:17:21:20) on conditions id =  AND username = 
18:22:06   UPDATING data to tables `time2vie_cirruscommon`.`login` fields ( login, last_time ) values (0, 2021-02-18 18:22:06) on conditions username = 
18:22:06   UPDATING data to tables `log_login` fields ( logout_time ) values (2021-02-18:17:22:06) on conditions id =  AND username = 
18:29:03   UPDATING data to tables `time2vie_cirruscommon`.`login` fields ( login, last_time ) values (0, 2021-02-18 18:29:03) on conditions username = 
18:29:03   UPDATING data to tables `log_login` fields ( logout_time ) values (2021-02-18:17:29:03) on conditions id =  AND username = 
18:48:22   UPDATING data to tables `time2vie_cirruscommon`.`login` fields ( login, last_time ) values (0, 2021-02-18 18:48:22) on conditions username = 
18:48:22   UPDATING data to tables `log_login` fields ( logout_time ) values (2021-02-18:17:48:22) on conditions id =  AND username = 
18:53:03   UPDATING data to tables `time2vie_cirruscommon`.`login` fields ( login, last_time ) values (0, 2021-02-18 18:53:03) on conditions username = 
18:53:03   UPDATING data to tables `log_login` fields ( logout_time ) values (2021-02-18:17:53:03) on conditions id =  AND username = 
19:41:15   UPDATING data to tables `time2vie_cirruscommon`.`login` fields ( login, last_time ) values (0, 2021-02-18 19:41:15) on conditions username = 
19:41:15   UPDATING data to tables `log_login` fields ( logout_time ) values (2021-02-18:18:41:15) on conditions id =  AND username = 
19:43:39   UPDATING data to tables `time2vie_cirruscommon`.`login` fields ( login, last_time ) values (0, 2021-02-18 19:43:39) on conditions username = 
19:43:39   UPDATING data to tables `log_login` fields ( logout_time ) values (2021-02-18:18:43:39) on conditions id =  AND username = 
19:46:50   UPDATING data to tables `time2vie_cirruscommon`.`login` fields ( login, last_time ) values (0, 2021-02-18 19:46:50) on conditions username = 
19:46:50   UPDATING data to tables `log_login` fields ( logout_time ) values (2021-02-18:18:46:50) on conditions id =  AND username = 
19:53:24   UPDATING data to tables `time2vie_cirruscommon`.`login` fields ( login, last_time ) values (0, 2021-02-18 19:53:24) on conditions username = 
19:53:24   UPDATING data to tables `log_login` fields ( logout_time ) values (2021-02-18:18:53:24) on conditions id =  AND username = 
20:24:32   UPDATING data to tables `time2vie_cirruscommon`.`login` fields ( login, last_time ) values (0, 2021-02-18 20:24:32) on conditions username = 
20:24:32   UPDATING data to tables `log_login` fields ( logout_time ) values (2021-02-18:19:24:32) on conditions id =  AND username = 
20:28:27   UPDATING data to tables `time2vie_cirruscommon`.`login` fields ( login, last_time ) values (0, 2021-02-18 20:28:27) on conditions username = 
20:28:27   UPDATING data to tables `log_login` fields ( logout_time ) values (2021-02-18:19:28:27) on conditions id =  AND username = 
20:51:08   UPDATING data to tables `time2vie_cirruscommon`.`login` fields ( login, last_time ) values (0, 2021-02-18 20:51:08) on conditions username = 
20:51:08   UPDATING data to tables `log_login` fields ( logout_time ) values (2021-02-18:19:51:08) on conditions id =  AND username = 
21:14:22   UPDATING data to tables `time2vie_cirruscommon`.`login` fields ( login, last_time ) values (0, 2021-02-18 21:14:22) on conditions username = 
21:14:22   UPDATING data to tables `log_login` fields ( logout_time ) values (2021-02-18:20:14:22) on conditions id =  AND username = 
21:14:36 riry001  UPDATING data to tables `time2vie_cirruscommon`.`secondary_login` fields ( error ) values (1) on conditions username = riry001 AND company_id = 9
21:15:00   UPDATING data to tables `time2vie_cirruscommon`.`login` fields ( login, last_time ) values (0, 2021-02-18 21:15:00) on conditions username = 
21:15:00   UPDATING data to tables `log_login` fields ( logout_time ) values (2021-02-18:20:15:00) on conditions id =  AND username = 
21:21:37   UPDATING data to tables `time2vie_cirruscommon`.`login` fields ( login, last_time ) values (0, 2021-02-18 21:21:37) on conditions username = 
21:21:37   UPDATING data to tables `log_login` fields ( logout_time ) values (2021-02-18:20:21:37) on conditions id =  AND username = 
21:21:51 inla003  UPDATING data to tables `time2vie_cirruscommon`.`secondary_login` fields ( error ) values (1) on conditions username = inla003 AND company_id = 9
21:23:58   UPDATING data to tables `log_login` fields ( logout_time ) values (2021-02-18:20:23:58) on conditions id = 617715 AND username = inla003
21:25:02   UPDATING data to tables `time2vie_cirruscommon`.`login` fields ( login, last_time ) values (0, 2021-02-18 21:25:02) on conditions username = 
21:25:02   UPDATING data to tables `log_login` fields ( logout_time ) values (2021-02-18:20:25:02) on conditions id =  AND username = 
21:26:39   UPDATING data to tables `time2vie_cirruscommon`.`login` fields ( login, last_time ) values (0, 2021-02-18 21:26:39) on conditions username = 
21:26:39   UPDATING data to tables `log_login` fields ( logout_time ) values (2021-02-18:20:26:39) on conditions id =  AND username = 
21:32:21   UPDATING data to tables `time2vie_cirruscommon`.`login` fields ( login, last_time ) values (0, 2021-02-18 21:32:21) on conditions username = 
21:32:21   UPDATING data to tables `log_login` fields ( logout_time ) values (2021-02-18:20:32:21) on conditions id =  AND username = 
21:48:39   UPDATING data to tables `time2vie_cirruscommon`.`login` fields ( login, last_time ) values (0, 2021-02-18 21:48:39) on conditions username = 
21:48:39   UPDATING data to tables `log_login` fields ( logout_time ) values (2021-02-18:20:48:39) on conditions id =  AND username = 
21:48:55 lejo003  UPDATING data to tables `time2vie_cirruscommon`.`secondary_login` fields ( error ) values (1) on conditions username = lejo003 AND company_id = 9
21:49:02 lejo003  UPDATING data to tables `time2vie_cirruscommon`.`secondary_login` fields ( error ) values (2) on conditions username = lejo003 AND company_id = 9
22:04:09   UPDATING data to tables `time2vie_cirruscommon`.`login` fields ( login, last_time ) values (0, 2021-02-18 22:04:09) on conditions username = 
22:04:09   UPDATING data to tables `log_login` fields ( logout_time ) values (2021-02-18:21:04:09) on conditions id =  AND username = 
22:40:25   UPDATING data to tables `time2vie_cirruscommon`.`login` fields ( login, last_time ) values (0, 2021-02-18 22:40:25) on conditions username = 
22:40:25   UPDATING data to tables `log_login` fields ( logout_time ) values (2021-02-18:21:40:25) on conditions id =  AND username = 
23:01:04   UPDATING data to tables `time2vie_cirruscommon`.`login` fields ( login, last_time ) values (0, 2021-02-18 23:01:04) on conditions username = 
23:01:04   UPDATING data to tables `log_login` fields ( logout_time ) values (2021-02-18:22:01:04) on conditions id =  AND username = 
23:31:45   UPDATING data to tables `time2vie_cirruscommon`.`login` fields ( login, last_time ) values (0, 2021-02-18 23:31:45) on conditions username = 
23:31:45   UPDATING data to tables `log_login` fields ( logout_time ) values (2021-02-18:22:31:45) on conditions id =  AND username = 
23:31:59 kabj002  UPDATING data to tables `time2vie_cirruscommon`.`secondary_login` fields ( error ) values (1) on conditions username = kabj002 AND company_id = 9
23:32:15 kabj002  UPDATING data to tables `time2vie_cirruscommon`.`secondary_login` fields ( error ) values (2) on conditions username = kabj002 AND company_id = 9
23:32:30 kabj002  UPDATING data to tables `time2vie_cirruscommon`.`secondary_login` fields ( error ) values (3) on conditions username = kabj002 AND company_id = 9
23:32:43 kabj002  UPDATING data to tables `time2vie_cirruscommon`.`secondary_login` fields ( error ) values (4) on conditions username = kabj002 AND company_id = 9
23:32:56 kabj002  UPDATING data to tables `time2vie_cirruscommon`.`secondary_login` fields ( error ) values (5) on conditions username = kabj002 AND company_id = 9
23:32:58 kabj002  UPDATING data to tables `time2vie_cirruscommon`.`secondary_login` fields ( error ) values (6) on conditions username = kabj002 AND company_id = 9
