01:16:27   UPDATING data to tables `time2vie_cirruscommon`.`login` fields ( login, last_time ) values (0, 2021-01-27 01:16:27) on conditions username = 
01:16:27   UPDATING data to tables `log_login` fields ( logout_time ) values (2021-01-27:00:16:27) on conditions id =  AND username = 
01:19:08   UPDATING data to tables `time2vie_cirruscommon`.`login` fields ( login, last_time ) values (0, 2021-01-27 01:19:08) on conditions username = 
01:19:08   UPDATING data to tables `log_login` fields ( logout_time ) values (2021-01-27:00:19:08) on conditions id =  AND username = 
05:22:34   UPDATING data to tables `time2vie_cirruscommon`.`login` fields ( login, last_time ) values (0, 2021-01-27 05:22:34) on conditions username = 
05:22:34   UPDATING data to tables `log_login` fields ( logout_time ) values (2021-01-27:04:22:34) on conditions id =  AND username = 
05:25:00   UPDATING data to tables `time2vie_cirruscommon`.`login` fields ( login, last_time ) values (0, 2021-01-27 05:25:00) on conditions username = 
05:25:00   UPDATING data to tables `log_login` fields ( logout_time ) values (2021-01-27:04:25:00) on conditions id =  AND username = 
05:27:45   UPDATING data to tables `time2vie_cirruscommon`.`login` fields ( login, last_time ) values (0, 2021-01-27 05:27:45) on conditions username = 
05:27:45   UPDATING data to tables `log_login` fields ( logout_time ) values (2021-01-27:04:27:45) on conditions id =  AND username = 
05:29:00   UPDATING data to tables `time2vie_cirruscommon`.`login` fields ( login, last_time ) values (0, 2021-01-27 05:29:00) on conditions username = 
05:29:00   UPDATING data to tables `log_login` fields ( logout_time ) values (2021-01-27:04:29:00) on conditions id =  AND username = 
06:30:10   UPDATING data to tables `time2vie_cirruscommon`.`login` fields ( login, last_time ) values (0, 2021-01-27 06:30:10) on conditions username = 
06:30:10   UPDATING data to tables `log_login` fields ( logout_time ) values (2021-01-27:05:30:10) on conditions id =  AND username = 
06:50:29   UPDATING data to tables `time2vie_cirruscommon`.`login` fields ( login, last_time ) values (0, 2021-01-27 06:50:29) on conditions username = 
06:50:29   UPDATING data to tables `log_login` fields ( logout_time ) values (2021-01-27:05:50:29) on conditions id =  AND username = 
07:28:34   UPDATING data to tables `time2vie_cirruscommon`.`login` fields ( login, last_time ) values (0, 2021-01-27 07:28:34) on conditions username = 
07:28:34   UPDATING data to tables `log_login` fields ( logout_time ) values (2021-01-27:06:28:34) on conditions id =  AND username = 
07:28:54 lisa004  UPDATING data to tables `time2vie_cirruscommon`.`secondary_login` fields ( error ) values (1) on conditions username = lisa004 AND company_id = 7
07:39:35   UPDATING data to tables `time2vie_cirruscommon`.`login` fields ( login, last_time ) values (0, 2021-01-27 07:39:35) on conditions username = 
07:39:35   UPDATING data to tables `log_login` fields ( logout_time ) values (2021-01-27:06:39:35) on conditions id =  AND username = 
07:56:00   UPDATING data to tables `time2vie_cirruscommon`.`login` fields ( login, last_time ) values (0, 2021-01-27 07:56:00) on conditions username = 
07:56:00   UPDATING data to tables `log_login` fields ( logout_time ) values (2021-01-27:06:56:00) on conditions id =  AND username = 
08:14:53   UPDATING data to tables `time2vie_cirruscommon`.`login` fields ( login, last_time ) values (0, 2021-01-27 08:14:53) on conditions username = 
08:14:53   UPDATING data to tables `log_login` fields ( logout_time ) values (2021-01-27:07:14:53) on conditions id =  AND username = 
08:39:42   UPDATING data to tables `time2vie_cirruscommon`.`login` fields ( login, last_time ) values (0, 2021-01-27 08:39:42) on conditions username = 
08:39:42   UPDATING data to tables `log_login` fields ( logout_time ) values (2021-01-27:07:39:42) on conditions id =  AND username = 
09:18:00   UPDATING data to tables `time2vie_cirruscommon`.`login` fields ( login, last_time ) values (0, 2021-01-27 09:18:00) on conditions username = 
09:18:00   UPDATING data to tables `log_login` fields ( logout_time ) values (2021-01-27:08:18:00) on conditions id =  AND username = 
09:35:37   UPDATING data to tables `time2vie_cirruscommon`.`login` fields ( login, last_time ) values (0, 2021-01-27 09:35:37) on conditions username = 
09:35:37   UPDATING data to tables `log_login` fields ( logout_time ) values (2021-01-27:08:35:37) on conditions id =  AND username = 
09:59:00   UPDATING data to tables `time2vie_cirruscommon`.`login` fields ( login, last_time ) values (0, 2021-01-27 09:59:00) on conditions username = 
09:59:00   UPDATING data to tables `log_login` fields ( logout_time ) values (2021-01-27:08:59:00) on conditions id =  AND username = 
10:01:07   UPDATING data to tables `time2vie_cirruscommon`.`login` fields ( login, last_time ) values (0, 2021-01-27 10:01:07) on conditions username = 
10:01:07   UPDATING data to tables `log_login` fields ( logout_time ) values (2021-01-27:09:01:07) on conditions id =  AND username = 
10:14:29   UPDATING data to tables `time2vie_cirruscommon`.`login` fields ( login, last_time ) values (0, 2021-01-27 10:14:29) on conditions username = 
10:14:29   UPDATING data to tables `log_login` fields ( logout_time ) values (2021-01-27:09:14:29) on conditions id =  AND username = 
10:14:38 alba002  UPDATING data to tables `time2vie_cirruscommon`.`secondary_login` fields ( error ) values (1) on conditions username = alba002 AND company_id = 7
10:26:26   UPDATING data to tables `time2vie_cirruscommon`.`login` fields ( login, last_time ) values (0, 2021-01-27 10:26:26) on conditions username = 
10:26:26   UPDATING data to tables `log_login` fields ( logout_time ) values (2021-01-27:09:26:26) on conditions id =  AND username = 
10:28:04   UPDATING data to tables `time2vie_cirruscommon`.`login` fields ( login, last_time ) values (0, 2021-01-27 10:28:04) on conditions username = 
10:28:04   UPDATING data to tables `log_login` fields ( logout_time ) values (2021-01-27:09:28:04) on conditions id =  AND username = 
10:28:41 evma001  UPDATING data to tables `time2vie_cirruscommon`.`secondary_login` fields ( error ) values (1) on conditions username = evma001 AND company_id = 7
10:28:57 evma001  UPDATING data to tables `time2vie_cirruscommon`.`secondary_login` fields ( error ) values (2) on conditions username = evma001 AND company_id = 7
10:44:13   UPDATING data to tables `time2vie_cirruscommon`.`login` fields ( login, last_time ) values (0, 2021-01-27 10:44:13) on conditions username = 
10:44:13   UPDATING data to tables `log_login` fields ( logout_time ) values (2021-01-27:09:44:13) on conditions id =  AND username = 
10:44:50   UPDATING data to tables `time2vie_cirruscommon`.`login` fields ( login, last_time ) values (0, 2021-01-27 10:44:50) on conditions username = 
10:44:50   UPDATING data to tables `log_login` fields ( logout_time ) values (2021-01-27:09:44:50) on conditions id =  AND username = 
10:49:11   UPDATING data to tables `time2vie_cirruscommon`.`login` fields ( login, last_time ) values (0, 2021-01-27 10:49:11) on conditions username = 
10:49:11   UPDATING data to tables `log_login` fields ( logout_time ) values (2021-01-27:09:49:11) on conditions id =  AND username = 
10:49:52 amal005  UPDATING data to tables `time2vie_cirruscommon`.`secondary_login` fields ( error ) values (1) on conditions username = amal005 AND company_id = 8
10:50:16 amal005  UPDATING data to tables `time2vie_cirruscommon`.`secondary_login` fields ( error ) values (2) on conditions username = amal005 AND company_id = 8
10:50:18 amal005  UPDATING data to tables `time2vie_cirruscommon`.`secondary_login` fields ( error ) values (3) on conditions username = amal005 AND company_id = 8
10:50:34 amal005  UPDATING data to tables `time2vie_cirruscommon`.`secondary_login` fields ( error ) values (4) on conditions username = amal005 AND company_id = 8
10:50:49   UPDATING data to tables `time2vie_cirruscommon`.`login` fields ( login, last_time ) values (0, 2021-01-27 10:50:49) on conditions username = 
10:50:49   UPDATING data to tables `log_login` fields ( logout_time ) values (2021-01-27:09:50:49) on conditions id =  AND username = 
10:58:13   UPDATING data to tables `time2vie_cirruscommon`.`login` fields ( login, last_time ) values (0, 2021-01-27 10:58:13) on conditions username = 
10:58:13   UPDATING data to tables `log_login` fields ( logout_time ) values (2021-01-27:09:58:13) on conditions id =  AND username = 
10:58:32   UPDATING data to tables `time2vie_cirruscommon`.`login` fields ( login, last_time ) values (0, 2021-01-27 10:58:32) on conditions username = 
10:58:32   UPDATING data to tables `log_login` fields ( logout_time ) values (2021-01-27:09:58:32) on conditions id =  AND username = 
11:06:57   UPDATING data to tables `time2vie_cirruscommon`.`login` fields ( login, last_time ) values (0, 2021-01-27 11:06:57) on conditions username = 
11:06:57   UPDATING data to tables `log_login` fields ( logout_time ) values (2021-01-27:10:06:57) on conditions id =  AND username = 
11:10:33   UPDATING data to tables `time2vie_cirruscommon`.`login` fields ( login, last_time ) values (0, 2021-01-27 11:10:33) on conditions username = 
11:10:33   UPDATING data to tables `log_login` fields ( logout_time ) values (2021-01-27:10:10:33) on conditions id =  AND username = 
11:19:59   UPDATING data to tables `time2vie_cirruscommon`.`login` fields ( login, last_time ) values (0, 2021-01-27 11:19:59) on conditions username = 
11:19:59   UPDATING data to tables `log_login` fields ( logout_time ) values (2021-01-27:10:19:59) on conditions id =  AND username = 
11:20:23   UPDATING data to tables `time2vie_cirruscommon`.`login` fields ( login, last_time ) values (0, 2021-01-27 11:20:23) on conditions username = 
11:20:23   UPDATING data to tables `log_login` fields ( logout_time ) values (2021-01-27:10:20:23) on conditions id =  AND username = 
11:25:24   UPDATING data to tables `time2vie_cirruscommon`.`login` fields ( login, last_time ) values (0, 2021-01-27 11:25:24) on conditions username = 
11:25:24   UPDATING data to tables `log_login` fields ( logout_time ) values (2021-01-27:10:25:24) on conditions id =  AND username = 
11:36:01   UPDATING data to tables `time2vie_cirruscommon`.`login` fields ( login, last_time ) values (0, 2021-01-27 11:36:01) on conditions username = 
11:36:01   UPDATING data to tables `log_login` fields ( logout_time ) values (2021-01-27:10:36:01) on conditions id =  AND username = 
11:50:32   UPDATING data to tables `time2vie_cirruscommon`.`login` fields ( login, last_time ) values (0, 2021-01-27 11:50:32) on conditions username = 
11:50:32   UPDATING data to tables `log_login` fields ( logout_time ) values (2021-01-27:10:50:32) on conditions id =  AND username = 
12:00:27   UPDATING data to tables `time2vie_cirruscommon`.`login` fields ( login, last_time ) values (0, 2021-01-27 12:00:27) on conditions username = 
12:00:27   UPDATING data to tables `log_login` fields ( logout_time ) values (2021-01-27:11:00:27) on conditions id =  AND username = 
12:02:05   UPDATING data to tables `time2vie_cirruscommon`.`login` fields ( login, last_time ) values (0, 2021-01-27 12:02:05) on conditions username = 
12:02:05   UPDATING data to tables `log_login` fields ( logout_time ) values (2021-01-27:11:02:05) on conditions id =  AND username = 
12:04:59   UPDATING data to tables `time2vie_cirruscommon`.`login` fields ( login, last_time ) values (0, 2021-01-27 12:04:59) on conditions username = 
12:04:59   UPDATING data to tables `log_login` fields ( logout_time ) values (2021-01-27:11:04:59) on conditions id =  AND username = 
12:09:12   UPDATING data to tables `time2vie_cirruscommon`.`login` fields ( login, last_time ) values (0, 2021-01-27 12:09:12) on conditions username = 
12:09:12   UPDATING data to tables `log_login` fields ( logout_time ) values (2021-01-27:11:09:12) on conditions id =  AND username = 
12:20:23   UPDATING data to tables `time2vie_cirruscommon`.`login` fields ( login, last_time ) values (0, 2021-01-27 12:20:23) on conditions username = 
12:20:23   UPDATING data to tables `log_login` fields ( logout_time ) values (2021-01-27:11:20:23) on conditions id =  AND username = 
12:25:22   UPDATING data to tables `time2vie_cirruscommon`.`login` fields ( login, last_time ) values (0, 2021-01-27 12:25:22) on conditions username = 
12:25:22   UPDATING data to tables `log_login` fields ( logout_time ) values (2021-01-27:11:25:22) on conditions id =  AND username = 
12:26:14   UPDATING data to tables `time2vie_cirruscommon`.`login` fields ( login, last_time ) values (0, 2021-01-27 12:26:14) on conditions username = 
12:26:14   UPDATING data to tables `log_login` fields ( logout_time ) values (2021-01-27:11:26:14) on conditions id =  AND username = 
12:32:19   UPDATING data to tables `time2vie_cirruscommon`.`login` fields ( login, last_time ) values (0, 2021-01-27 12:32:19) on conditions username = 
12:32:19   UPDATING data to tables `log_login` fields ( logout_time ) values (2021-01-27:11:32:19) on conditions id =  AND username = 
12:36:23   UPDATING data to tables `time2vie_cirruscommon`.`login` fields ( login, last_time ) values (0, 2021-01-27 12:36:23) on conditions username = 
12:36:23   UPDATING data to tables `log_login` fields ( logout_time ) values (2021-01-27:11:36:23) on conditions id =  AND username = 
12:46:47   UPDATING data to tables `time2vie_cirruscommon`.`login` fields ( login, last_time ) values (0, 2021-01-27 12:46:47) on conditions username = 
12:46:47   UPDATING data to tables `log_login` fields ( logout_time ) values (2021-01-27:11:46:47) on conditions id =  AND username = 
13:27:26   UPDATING data to tables `time2vie_cirruscommon`.`login` fields ( login, last_time ) values (0, 2021-01-27 13:27:26) on conditions username = 
13:27:26   UPDATING data to tables `log_login` fields ( logout_time ) values (2021-01-27:12:27:26) on conditions id =  AND username = 
13:29:04   UPDATING data to tables `time2vie_cirruscommon`.`login` fields ( login, last_time ) values (0, 2021-01-27 13:29:04) on conditions username = 
13:29:04   UPDATING data to tables `log_login` fields ( logout_time ) values (2021-01-27:12:29:04) on conditions id =  AND username = 
13:33:22   UPDATING data to tables `time2vie_cirruscommon`.`login` fields ( login, last_time ) values (0, 2021-01-27 13:33:22) on conditions username = 
13:33:22   UPDATING data to tables `log_login` fields ( logout_time ) values (2021-01-27:12:33:22) on conditions id =  AND username = 
14:11:59   UPDATING data to tables `time2vie_cirruscommon`.`login` fields ( login, last_time ) values (0, 2021-01-27 14:11:59) on conditions username = 
14:11:59   UPDATING data to tables `log_login` fields ( logout_time ) values (2021-01-27:13:11:59) on conditions id =  AND username = 
14:38:28   UPDATING data to tables `time2vie_cirruscommon`.`login` fields ( login, last_time ) values (0, 2021-01-27 14:38:28) on conditions username = 
14:38:28   UPDATING data to tables `log_login` fields ( logout_time ) values (2021-01-27:13:38:28) on conditions id =  AND username = 
14:54:12   UPDATING data to tables `time2vie_cirruscommon`.`login` fields ( login, last_time ) values (0, 2021-01-27 14:54:12) on conditions username = 
14:54:12   UPDATING data to tables `log_login` fields ( logout_time ) values (2021-01-27:13:54:12) on conditions id =  AND username = 
14:54:57   UPDATING data to tables `time2vie_cirruscommon`.`login` fields ( login, last_time ) values (0, 2021-01-27 14:54:57) on conditions username = 
14:54:57   UPDATING data to tables `log_login` fields ( logout_time ) values (2021-01-27:13:54:57) on conditions id =  AND username = 
15:01:08   UPDATING data to tables `time2vie_cirruscommon`.`login` fields ( login, last_time ) values (0, 2021-01-27 15:01:08) on conditions username = 
15:01:08   UPDATING data to tables `log_login` fields ( logout_time ) values (2021-01-27:14:01:08) on conditions id =  AND username = 
15:11:11   UPDATING data to tables `time2vie_cirruscommon`.`login` fields ( login, last_time ) values (0, 2021-01-27 15:11:11) on conditions username = 
15:11:11   UPDATING data to tables `log_login` fields ( logout_time ) values (2021-01-27:14:11:11) on conditions id =  AND username = 
15:19:02   UPDATING data to tables `time2vie_cirruscommon`.`login` fields ( login, last_time ) values (0, 2021-01-27 15:19:02) on conditions username = 
15:19:02   UPDATING data to tables `log_login` fields ( logout_time ) values (2021-01-27:14:19:02) on conditions id =  AND username = 
15:21:44   UPDATING data to tables `time2vie_cirruscommon`.`login` fields ( login, last_time ) values (0, 2021-01-27 15:21:44) on conditions username = 
15:21:44   UPDATING data to tables `log_login` fields ( logout_time ) values (2021-01-27:14:21:44) on conditions id =  AND username = 
15:24:14   UPDATING data to tables `time2vie_cirruscommon`.`login` fields ( login, last_time ) values (0, 2021-01-27 15:24:14) on conditions username = 
15:24:14   UPDATING data to tables `log_login` fields ( logout_time ) values (2021-01-27:14:24:14) on conditions id =  AND username = 
15:58:57   UPDATING data to tables `time2vie_cirruscommon`.`login` fields ( login, last_time ) values (0, 2021-01-27 15:58:57) on conditions username = 
15:58:57   UPDATING data to tables `log_login` fields ( logout_time ) values (2021-01-27:14:58:57) on conditions id =  AND username = 
15:59:45   UPDATING data to tables `time2vie_cirruscommon`.`login` fields ( login, last_time ) values (0, 2021-01-27 15:59:45) on conditions username = 
15:59:45   UPDATING data to tables `log_login` fields ( logout_time ) values (2021-01-27:14:59:45) on conditions id =  AND username = 
16:09:23   UPDATING data to tables `time2vie_cirruscommon`.`login` fields ( login, last_time ) values (0, 2021-01-27 16:09:23) on conditions username = 
16:09:23   UPDATING data to tables `log_login` fields ( logout_time ) values (2021-01-27:15:09:23) on conditions id =  AND username = 
16:12:32   UPDATING data to tables `time2vie_cirruscommon`.`login` fields ( login, last_time ) values (0, 2021-01-27 16:12:32) on conditions username = 
16:12:32   UPDATING data to tables `log_login` fields ( logout_time ) values (2021-01-27:15:12:32) on conditions id =  AND username = 
16:13:19   UPDATING data to tables `time2vie_cirruscommon`.`login` fields ( login, last_time ) values (0, 2021-01-27 16:13:19) on conditions username = 
16:13:19   UPDATING data to tables `log_login` fields ( logout_time ) values (2021-01-27:15:13:19) on conditions id =  AND username = 
16:14:00   UPDATING data to tables `time2vie_cirruscommon`.`login` fields ( login, last_time ) values (0, 2021-01-27 16:14:00) on conditions username = 
16:14:00   UPDATING data to tables `log_login` fields ( logout_time ) values (2021-01-27:15:14:00) on conditions id =  AND username = 
17:09:51   UPDATING data to tables `time2vie_cirruscommon`.`login` fields ( login, last_time ) values (0, 2021-01-27 17:09:51) on conditions username = 
17:09:51   UPDATING data to tables `log_login` fields ( logout_time ) values (2021-01-27:16:09:51) on conditions id =  AND username = 
17:18:22   UPDATING data to tables `time2vie_cirruscommon`.`login` fields ( login, last_time ) values (0, 2021-01-27 17:18:22) on conditions username = 
17:18:22   UPDATING data to tables `log_login` fields ( logout_time ) values (2021-01-27:16:18:22) on conditions id =  AND username = 
17:31:20   UPDATING data to tables `time2vie_cirruscommon`.`login` fields ( login, last_time ) values (0, 2021-01-27 17:31:20) on conditions username = 
17:31:20   UPDATING data to tables `log_login` fields ( logout_time ) values (2021-01-27:16:31:20) on conditions id =  AND username = 
17:31:48   UPDATING data to tables `time2vie_cirruscommon`.`login` fields ( login, last_time ) values (0, 2021-01-27 17:31:48) on conditions username = 
17:31:48   UPDATING data to tables `log_login` fields ( logout_time ) values (2021-01-27:16:31:48) on conditions id =  AND username = 
17:31:55 alba002  UPDATING data to tables `time2vie_cirruscommon`.`secondary_login` fields ( error ) values (1) on conditions username = alba002 AND company_id = 7
17:32:47   UPDATING data to tables `time2vie_cirruscommon`.`login` fields ( login, last_time ) values (0, 2021-01-27 17:32:47) on conditions username = 
17:32:47   UPDATING data to tables `log_login` fields ( logout_time ) values (2021-01-27:16:32:47) on conditions id =  AND username = 
18:12:51   UPDATING data to tables `time2vie_cirruscommon`.`login` fields ( login, last_time ) values (0, 2021-01-27 18:12:51) on conditions username = 
18:12:51   UPDATING data to tables `log_login` fields ( logout_time ) values (2021-01-27:17:12:51) on conditions id =  AND username = 
18:53:53   UPDATING data to tables `time2vie_cirruscommon`.`login` fields ( login, last_time ) values (0, 2021-01-27 18:53:53) on conditions username = 
18:53:53   UPDATING data to tables `log_login` fields ( logout_time ) values (2021-01-27:17:53:53) on conditions id =  AND username = 
19:25:43   UPDATING data to tables `time2vie_cirruscommon`.`login` fields ( login, last_time ) values (0, 2021-01-27 19:25:43) on conditions username = 
19:25:43   UPDATING data to tables `log_login` fields ( logout_time ) values (2021-01-27:18:25:43) on conditions id =  AND username = 
19:25:57 beto001  UPDATING data to tables `time2vie_cirruscommon`.`secondary_login` fields ( error ) values (1) on conditions username = beto001 AND company_id = 9
19:40:04   UPDATING data to tables `time2vie_cirruscommon`.`login` fields ( login, last_time ) values (0, 2021-01-27 19:40:04) on conditions username = 
19:40:04   UPDATING data to tables `log_login` fields ( logout_time ) values (2021-01-27:18:40:04) on conditions id =  AND username = 
19:42:01   UPDATING data to tables `time2vie_cirruscommon`.`login` fields ( login, last_time ) values (0, 2021-01-27 19:42:01) on conditions username = 
19:42:01   UPDATING data to tables `log_login` fields ( logout_time ) values (2021-01-27:18:42:01) on conditions id =  AND username = 
20:00:41   UPDATING data to tables `time2vie_cirruscommon`.`login` fields ( login, last_time ) values (0, 2021-01-27 20:00:41) on conditions username = 
20:00:41   UPDATING data to tables `log_login` fields ( logout_time ) values (2021-01-27:19:00:41) on conditions id =  AND username = 
20:18:29   UPDATING data to tables `time2vie_cirruscommon`.`login` fields ( login, last_time ) values (0, 2021-01-27 20:18:29) on conditions username = 
20:18:29   UPDATING data to tables `log_login` fields ( logout_time ) values (2021-01-27:19:18:29) on conditions id =  AND username = 
20:20:06   UPDATING data to tables `time2vie_cirruscommon`.`login` fields ( login, last_time ) values (0, 2021-01-27 20:20:06) on conditions username = 
20:20:06   UPDATING data to tables `log_login` fields ( logout_time ) values (2021-01-27:19:20:06) on conditions id =  AND username = 
20:21:49   UPDATING data to tables `time2vie_cirruscommon`.`login` fields ( login, last_time ) values (0, 2021-01-27 20:21:49) on conditions username = 
20:21:49   UPDATING data to tables `log_login` fields ( logout_time ) values (2021-01-27:19:21:49) on conditions id =  AND username = 
20:22:11   UPDATING data to tables `time2vie_cirruscommon`.`login` fields ( login, last_time ) values (0, 2021-01-27 20:22:11) on conditions username = 
20:22:11   UPDATING data to tables `log_login` fields ( logout_time ) values (2021-01-27:19:22:11) on conditions id =  AND username = 
20:23:14   UPDATING data to tables `time2vie_cirruscommon`.`login` fields ( login, last_time ) values (0, 2021-01-27 20:23:14) on conditions username = 
20:23:14   UPDATING data to tables `log_login` fields ( logout_time ) values (2021-01-27:19:23:14) on conditions id =  AND username = 
20:24:37   UPDATING data to tables `time2vie_cirruscommon`.`login` fields ( login, last_time ) values (0, 2021-01-27 20:24:37) on conditions username = 
20:24:37   UPDATING data to tables `log_login` fields ( logout_time ) values (2021-01-27:19:24:37) on conditions id =  AND username = 
20:31:05   UPDATING data to tables `time2vie_cirruscommon`.`login` fields ( login, last_time ) values (0, 2021-01-27 20:31:05) on conditions username = 
20:31:05   UPDATING data to tables `log_login` fields ( logout_time ) values (2021-01-27:19:31:05) on conditions id =  AND username = 
20:47:13   UPDATING data to tables `time2vie_cirruscommon`.`login` fields ( login, last_time ) values (0, 2021-01-27 20:47:13) on conditions username = 
20:47:13   UPDATING data to tables `log_login` fields ( logout_time ) values (2021-01-27:19:47:13) on conditions id =  AND username = 
21:03:28   UPDATING data to tables `time2vie_cirruscommon`.`login` fields ( login, last_time ) values (0, 2021-01-27 21:03:28) on conditions username = 
21:03:28   UPDATING data to tables `log_login` fields ( logout_time ) values (2021-01-27:20:03:28) on conditions id =  AND username = 
21:09:43   UPDATING data to tables `time2vie_cirruscommon`.`login` fields ( login, last_time ) values (0, 2021-01-27 21:09:43) on conditions username = 
21:09:43   UPDATING data to tables `log_login` fields ( logout_time ) values (2021-01-27:20:09:43) on conditions id =  AND username = 
21:12:14   UPDATING data to tables `time2vie_cirruscommon`.`login` fields ( login, last_time ) values (0, 2021-01-27 21:12:14) on conditions username = 
21:12:14   UPDATING data to tables `log_login` fields ( logout_time ) values (2021-01-27:20:12:14) on conditions id =  AND username = 
21:59:22   UPDATING data to tables `time2vie_cirruscommon`.`login` fields ( login, last_time ) values (0, 2021-01-27 21:59:22) on conditions username = 
21:59:22   UPDATING data to tables `log_login` fields ( logout_time ) values (2021-01-27:20:59:22) on conditions id =  AND username = 
21:59:32 lisa004  UPDATING data to tables `time2vie_cirruscommon`.`secondary_login` fields ( error ) values (1) on conditions username = lisa004 AND company_id = 7
21:59:46 lisa004  UPDATING data to tables `time2vie_cirruscommon`.`secondary_login` fields ( error ) values (2) on conditions username = lisa004 AND company_id = 7
22:08:34   UPDATING data to tables `time2vie_cirruscommon`.`login` fields ( login, last_time ) values (0, 2021-01-27 22:08:34) on conditions username = 
22:08:34   UPDATING data to tables `log_login` fields ( logout_time ) values (2021-01-27:21:08:34) on conditions id =  AND username = 
22:09:17   UPDATING data to tables `time2vie_cirruscommon`.`login` fields ( login, last_time ) values (0, 2021-01-27 22:09:17) on conditions username = 
22:09:17   UPDATING data to tables `log_login` fields ( logout_time ) values (2021-01-27:21:09:17) on conditions id =  AND username = 
22:50:52   UPDATING data to tables `time2vie_cirruscommon`.`login` fields ( login, last_time ) values (0, 2021-01-27 22:50:52) on conditions username = 
22:50:52   UPDATING data to tables `log_login` fields ( logout_time ) values (2021-01-27:21:50:52) on conditions id =  AND username = 
22:51:26   UPDATING data to tables `time2vie_cirruscommon`.`login` fields ( login, last_time ) values (0, 2021-01-27 22:51:26) on conditions username = 
22:51:26   UPDATING data to tables `log_login` fields ( logout_time ) values (2021-01-27:21:51:26) on conditions id =  AND username = 
00:13:24   UPDATING data to tables `time2vie_cirruscommon`.`login` fields ( login, last_time ) values (0, 2021-01-28 00:13:24) on conditions username = 
00:13:24   UPDATING data to tables `log_login` fields ( logout_time ) values (2021-01-27:23:13:24) on conditions id =  AND username = 
00:19:34   UPDATING data to tables `time2vie_cirruscommon`.`login` fields ( login, last_time ) values (0, 2021-01-28 00:19:34) on conditions username = 
00:19:34   UPDATING data to tables `log_login` fields ( logout_time ) values (2021-01-27:23:19:34) on conditions id =  AND username = 
