07:23:08   UPDATING data to tables `time2vie_cirruscommon`.`login` fields ( login, last_time ) values (0, 2021-02-19 07:23:08) on conditions username = 
07:23:08   UPDATING data to tables `log_login` fields ( logout_time ) values (2021-02-19:06:23:08) on conditions id =  AND username = 
07:35:27   UPDATING data to tables `time2vie_cirruscommon`.`login` fields ( login, last_time ) values (0, 2021-02-19 07:35:27) on conditions username = 
07:35:27   UPDATING data to tables `log_login` fields ( logout_time ) values (2021-02-19:06:35:27) on conditions id =  AND username = 
07:35:43 hejo003  UPDATING data to tables `time2vie_cirruscommon`.`secondary_login` fields ( error ) values (1) on conditions username = hejo003 AND company_id = 20
07:47:42   UPDATING data to tables `time2vie_cirruscommon`.`login` fields ( login, last_time ) values (0, 2021-02-19 07:47:42) on conditions username = 
07:47:42   UPDATING data to tables `log_login` fields ( logout_time ) values (2021-02-19:06:47:42) on conditions id =  AND username = 
07:55:01   UPDATING data to tables `time2vie_cirruscommon`.`login` fields ( login, last_time ) values (0, 2021-02-19 07:55:01) on conditions username = 
07:55:01   UPDATING data to tables `log_login` fields ( logout_time ) values (2021-02-19:06:55:01) on conditions id =  AND username = 
08:44:07   UPDATING data to tables `time2vie_cirruscommon`.`login` fields ( login, last_time ) values (0, 2021-02-19 08:44:07) on conditions username = 
08:44:07   UPDATING data to tables `log_login` fields ( logout_time ) values (2021-02-19:07:44:07) on conditions id =  AND username = 
08:45:36   UPDATING data to tables `time2vie_cirruscommon`.`login` fields ( login, last_time ) values (0, 2021-02-19 08:45:36) on conditions username = 
08:45:36   UPDATING data to tables `log_login` fields ( logout_time ) values (2021-02-19:07:45:36) on conditions id =  AND username = 
08:46:14   UPDATING data to tables `time2vie_cirruscommon`.`login` fields ( login, last_time ) values (0, 2021-02-19 08:46:14) on conditions username = 
08:46:14   UPDATING data to tables `log_login` fields ( logout_time ) values (2021-02-19:07:46:14) on conditions id =  AND username = 
08:49:09   UPDATING data to tables `log_login` fields ( logout_time ) values (2021-02-19:07:49:09) on conditions id = 617753 AND username = mala008
09:13:37   UPDATING data to tables `time2vie_cirruscommon`.`login` fields ( login, last_time ) values (0, 2021-02-19 09:13:37) on conditions username = 
09:13:37   UPDATING data to tables `log_login` fields ( logout_time ) values (2021-02-19:08:13:37) on conditions id =  AND username = 
09:32:38   UPDATING data to tables `log_login` fields ( logout_time ) values (2021-02-19:08:32:38) on conditions id = 59746 AND username = erap001
09:32:59   UPDATING data to tables `time2vie_cirruscommon`.`login` fields ( login, last_time ) values (0, 2021-02-19 09:32:59) on conditions username = 
09:32:59   UPDATING data to tables `log_login` fields ( logout_time ) values (2021-02-19:08:32:59) on conditions id =  AND username = 
09:33:36   UPDATING data to tables `time2vie_cirruscommon`.`login` fields ( login, last_time ) values (0, 2021-02-19 09:33:36) on conditions username = 
09:33:36   UPDATING data to tables `log_login` fields ( logout_time ) values (2021-02-19:08:33:36) on conditions id =  AND username = 
09:33:56   UPDATING data to tables `time2vie_cirruscommon`.`login` fields ( login, last_time ) values (0, 2021-02-19 09:33:56) on conditions username = 
09:33:56   UPDATING data to tables `log_login` fields ( logout_time ) values (2021-02-19:08:33:56) on conditions id =  AND username = 
09:43:36   UPDATING data to tables `time2vie_cirruscommon`.`login` fields ( login, last_time ) values (0, 2021-02-19 09:43:36) on conditions username = 
09:43:36   UPDATING data to tables `log_login` fields ( logout_time ) values (2021-02-19:08:43:36) on conditions id =  AND username = 
10:33:10   UPDATING data to tables `time2vie_cirruscommon`.`login` fields ( login, last_time ) values (0, 2021-02-19 10:33:10) on conditions username = 
10:33:10   UPDATING data to tables `log_login` fields ( logout_time ) values (2021-02-19:09:33:10) on conditions id =  AND username = 
10:40:21   UPDATING data to tables `time2vie_cirruscommon`.`login` fields ( login, last_time ) values (0, 2021-02-19 10:40:21) on conditions username = 
10:40:21   UPDATING data to tables `log_login` fields ( logout_time ) values (2021-02-19:09:40:21) on conditions id =  AND username = 
10:41:56   UPDATING data to tables `time2vie_cirruscommon`.`login` fields ( login, last_time ) values (0, 2021-02-19 10:41:56) on conditions username = 
10:41:56   UPDATING data to tables `log_login` fields ( logout_time ) values (2021-02-19:09:41:56) on conditions id =  AND username = 
10:47:19   UPDATING data to tables `time2vie_cirruscommon`.`login` fields ( login, last_time ) values (0, 2021-02-19 10:47:19) on conditions username = 
10:47:19   UPDATING data to tables `log_login` fields ( logout_time ) values (2021-02-19:09:47:19) on conditions id =  AND username = 
10:47:46   UPDATING data to tables `time2vie_cirruscommon`.`login` fields ( login, last_time ) values (0, 2021-02-19 10:47:46) on conditions username = 
10:47:46   UPDATING data to tables `log_login` fields ( logout_time ) values (2021-02-19:09:47:46) on conditions id =  AND username = 
11:25:23   UPDATING data to tables `time2vie_cirruscommon`.`login` fields ( login, last_time ) values (0, 2021-02-19 11:25:23) on conditions username = 
11:25:23   UPDATING data to tables `log_login` fields ( logout_time ) values (2021-02-19:10:25:23) on conditions id =  AND username = 
11:25:40 mibe009  UPDATING data to tables `time2vie_cirruscommon`.`secondary_login` fields ( error ) values (1) on conditions username = mibe009 AND company_id = 9
11:25:47 mibe009  UPDATING data to tables `time2vie_cirruscommon`.`secondary_login` fields ( error ) values (2) on conditions username = mibe009 AND company_id = 9
11:27:37   UPDATING data to tables `log_login` fields ( logout_time ) values (2021-02-19:10:27:37) on conditions id = 617789 AND username = mibe009
11:27:49 mibe009  UPDATING data to tables `time2vie_cirruscommon`.`secondary_login` fields ( error ) values (1) on conditions username = mibe009 AND company_id = 7
11:28:54   UPDATING data to tables `time2vie_cirruscommon`.`login` fields ( login, last_time ) values (0, 2021-02-19 11:28:54) on conditions username = 
11:28:54   UPDATING data to tables `log_login` fields ( logout_time ) values (2021-02-19:10:28:54) on conditions id =  AND username = 
11:42:36   UPDATING data to tables `time2vie_cirruscommon`.`login` fields ( login, last_time ) values (0, 2021-02-19 11:42:36) on conditions username = 
11:42:36   UPDATING data to tables `log_login` fields ( logout_time ) values (2021-02-19:10:42:36) on conditions id =  AND username = 
11:44:47   UPDATING data to tables `time2vie_cirruscommon`.`login` fields ( login, last_time ) values (0, 2021-02-19 11:44:47) on conditions username = 
11:44:47   UPDATING data to tables `log_login` fields ( logout_time ) values (2021-02-19:10:44:47) on conditions id =  AND username = 
12:05:27   UPDATING data to tables `time2vie_cirruscommon`.`login` fields ( login, last_time ) values (0, 2021-02-19 12:05:27) on conditions username = 
12:05:27   UPDATING data to tables `log_login` fields ( logout_time ) values (2021-02-19:11:05:27) on conditions id =  AND username = 
12:13:47   UPDATING data to tables `time2vie_cirruscommon`.`login` fields ( login, last_time ) values (0, 2021-02-19 12:13:47) on conditions username = 
12:13:47   UPDATING data to tables `log_login` fields ( logout_time ) values (2021-02-19:11:13:47) on conditions id =  AND username = 
12:16:45   UPDATING data to tables `time2vie_cirruscommon`.`login` fields ( login, last_time ) values (0, 2021-02-19 12:16:45) on conditions username = 
12:16:45   UPDATING data to tables `log_login` fields ( logout_time ) values (2021-02-19:11:16:45) on conditions id =  AND username = 
12:27:48   UPDATING data to tables `time2vie_cirruscommon`.`login` fields ( login, last_time ) values (0, 2021-02-19 12:27:48) on conditions username = 
12:27:48   UPDATING data to tables `log_login` fields ( logout_time ) values (2021-02-19:11:27:48) on conditions id =  AND username = 
